12-15 22:27:11.888  5273  5273 I BatteryMgr:DataCollectionService: onStartCommand: begin
12-15 22:27:11.889  5273  5273 I BatteryMgr:DataCollectionService: onStartCommand: sampleRate => 1000
12-15 22:27:11.889  5273  5273 I BatteryMgr:DataCollectionService: onStartCommand: rawFields => Timestamp,BATTERY_PROPERTY_CURRENT_NOW,EXTRA_VOLTAGE
12-15 22:27:11.891  5273  5273 I BatteryMgr:DataCollectionService: onStartCommand: notification done
12-15 22:27:11.896  5273  5273 I BatteryMgr:DataCollectionService: started foreground
12-15 22:27:11.902  5273  6317 I BatteryMgr:DataCollectionService: collectData: begin
12-15 22:27:11.903  5273  6317 I BatteryMgr:DataCollectionService: stats => 1702675631903,-1894041,3682
12-15 22:27:12.906  5273  6317 I BatteryMgr:DataCollectionService: stats => 1702675632906,-1902342,3682
12-15 22:27:13.909  5273  6317 I BatteryMgr:DataCollectionService: stats => 1702675633909,-1925291,3682
12-15 22:27:14.912  5273  6317 I BatteryMgr:DataCollectionService: stats => 1702675634912,-1952147,3682
12-15 22:27:15.914  5273  6317 I BatteryMgr:DataCollectionService: stats => 1702675635914,-1886717,3682
12-15 22:27:16.916  5273  6317 I BatteryMgr:DataCollectionService: stats => 1702675636916,-1867674,3682
12-15 22:27:17.919  5273  6317 I BatteryMgr:DataCollectionService: stats => 1702675637919,-1872557,3681
12-15 22:27:18.922  5273  6317 I BatteryMgr:DataCollectionService: stats => 1702675638922,-1885741,3681
12-15 22:27:19.925  5273  6317 I BatteryMgr:DataCollectionService: stats => 1702675639925,-1887206,3681
12-15 22:27:20.927  5273  6317 I BatteryMgr:DataCollectionService: stats => 1702675640927,-1909666,3681
12-15 22:27:21.929  5273  6317 I BatteryMgr:DataCollectionService: stats => 1702675641929,-1889647,3681
12-15 22:27:22.931  5273  6317 I BatteryMgr:DataCollectionService: stats => 1702675642931,-1916502,3681
12-15 22:27:23.935  5273  6317 I BatteryMgr:DataCollectionService: stats => 1702675643935,-1920897,3681
12-15 22:27:24.937  5273  6317 I BatteryMgr:DataCollectionService: stats => 1702675644937,-1886229,3681
12-15 22:27:25.939  5273  6317 I BatteryMgr:DataCollectionService: stats => 1702675645939,-1881346,3681
12-15 22:27:26.941  5273  6317 I BatteryMgr:DataCollectionService: stats => 1702675646941,-1874999,3681
12-15 22:27:27.944  5273  6317 I BatteryMgr:DataCollectionService: stats => 1702675647944,-1899901,3679
12-15 22:27:28.948  5273  6317 I BatteryMgr:DataCollectionService: stats => 1702675648948,-1905272,3679
12-15 22:27:29.950  5273  6317 I BatteryMgr:DataCollectionService: stats => 1702675649950,-1890135,3679
12-15 22:27:30.953  5273  6317 I BatteryMgr:DataCollectionService: stats => 1702675650953,-1884764,3679
12-15 22:27:31.955  5273  6317 I BatteryMgr:DataCollectionService: stats => 1702675651955,-1864256,3679
12-15 22:27:32.958  5273  6317 I BatteryMgr:DataCollectionService: stats => 1702675652958,-1884276,3679
12-15 22:27:33.961  5273  6317 I BatteryMgr:DataCollectionService: stats => 1702675653961,-1923827,3679
12-15 22:27:34.965  5273  6317 I BatteryMgr:DataCollectionService: stats => 1702675654965,-1907225,3679
12-15 22:27:35.967  5273  6317 I BatteryMgr:DataCollectionService: stats => 1702675655967,-1509764,3679
12-15 22:27:36.969  5273  6317 I BatteryMgr:DataCollectionService: stats => 1702675656969,-1522460,3679
12-15 22:27:37.974  5273  6317 I BatteryMgr:DataCollectionService: stats => 1702675657974,-1549315,3698
12-15 22:27:38.977  5273  6317 I BatteryMgr:DataCollectionService: stats => 1702675658977,-1560546,3698
12-15 22:27:39.981  5273  6317 I BatteryMgr:DataCollectionService: stats => 1702675659981,-1533202,3698
12-15 22:27:40.984  5273  6317 I BatteryMgr:DataCollectionService: stats => 1702675660983,-1802245,3686
12-15 22:27:41.988  5273  6317 I BatteryMgr:DataCollectionService: stats => 1702675661988,-1595214,3686
12-15 22:27:42.990  5273  6317 I BatteryMgr:DataCollectionService: stats => 1702675662990,-1547362,3699
12-15 22:27:43.993  5273  6317 I BatteryMgr:DataCollectionService: stats => 1702675663993,-1487303,3699
12-15 22:27:44.995  5273  6317 I BatteryMgr:DataCollectionService: stats => 1702675664995,-1493163,3699
12-15 22:27:45.998  5273  6317 I BatteryMgr:DataCollectionService: stats => 1702675665998,-1511229,3699
12-15 22:27:47.001  5273  6317 I BatteryMgr:DataCollectionService: stats => 1702675667001,-1508300,3699
12-15 22:27:48.003  5273  6317 I BatteryMgr:DataCollectionService: stats => 1702675668003,-1520507,3701
12-15 22:27:49.006  5273  6317 I BatteryMgr:DataCollectionService: stats => 1702675669006,-1517577,3701
12-15 22:27:50.008  5273  6317 I BatteryMgr:DataCollectionService: stats => 1702675670008,-1505858,3701
12-15 22:27:51.012  5273  6317 I BatteryMgr:DataCollectionService: stats => 1702675671012,-1538085,3701
12-15 22:27:52.015  5273  6317 I BatteryMgr:DataCollectionService: stats => 1702675672015,-1511229,3701
12-15 22:27:53.018  5273  6317 I BatteryMgr:DataCollectionService: stats => 1702675673018,-1475585,3701
12-15 22:27:54.021  5273  6317 I BatteryMgr:DataCollectionService: stats => 1702675674021,-1503417,3701
12-15 22:27:55.023  5273  6317 I BatteryMgr:DataCollectionService: stats => 1702675675023,-1489745,3701
12-15 22:27:56.026  5273  6317 I BatteryMgr:DataCollectionService: stats => 1702675676026,-1520018,3701
12-15 22:27:57.028  5273  6317 I BatteryMgr:DataCollectionService: stats => 1702675677028,-1523436,3701
12-15 22:27:58.031  5273  6317 I BatteryMgr:DataCollectionService: stats => 1702675678031,-1528319,3701
12-15 22:27:59.033  5273  6317 I BatteryMgr:DataCollectionService: stats => 1702675679033,-1528319,3701
12-15 22:28:00.035  5273  6317 I BatteryMgr:DataCollectionService: stats => 1702675680035,-1519530,3701
12-15 22:28:01.037  5273  6317 I BatteryMgr:DataCollectionService: stats => 1702675681037,-1525878,3701
12-15 22:28:02.040  5273  6317 I BatteryMgr:DataCollectionService: stats => 1702675682040,-1496581,3701
12-15 22:28:03.043  5273  6317 I BatteryMgr:DataCollectionService: stats => 1702675683043,-1499022,3701
12-15 22:28:04.045  5273  6317 I BatteryMgr:DataCollectionService: stats => 1702675684045,-1509276,3701
12-15 22:28:05.048  5273  6317 I BatteryMgr:DataCollectionService: stats => 1702675685048,-1494139,3701
12-15 22:28:06.051  5273  6317 I BatteryMgr:DataCollectionService: stats => 1702675686051,-1499022,3701
12-15 22:28:07.053  5273  6317 I BatteryMgr:DataCollectionService: stats => 1702675687053,-1515135,3701
12-15 22:28:08.056  5273  6317 I BatteryMgr:DataCollectionService: stats => 1702675688056,-1506346,3703
12-15 22:28:09.058  5273  6317 I BatteryMgr:DataCollectionService: stats => 1702675689058,-1499999,3703
12-15 22:28:10.060  5273  6317 I BatteryMgr:DataCollectionService: stats => 1702675690060,-1519042,3703
12-15 22:28:11.063  5273  6317 I BatteryMgr:DataCollectionService: stats => 1702675691063,-1507811,3703
12-15 22:28:12.067  5273  6317 I BatteryMgr:DataCollectionService: stats => 1702675692067,-1496581,3703
12-15 22:28:13.069  5273  6317 I BatteryMgr:DataCollectionService: stats => 1702675693069,-1525878,3703
12-15 22:28:14.071  5273  6317 I BatteryMgr:DataCollectionService: stats => 1702675694071,-1483397,3703
12-15 22:28:15.074  5273  6317 I BatteryMgr:DataCollectionService: stats => 1702675695074,-1509276,3703
12-15 22:28:16.077  5273  6317 I BatteryMgr:DataCollectionService: stats => 1702675696077,-1512694,3703
12-15 22:28:17.080  5273  6317 I BatteryMgr:DataCollectionService: stats => 1702675697080,-1518065,3703
12-15 22:28:18.082  5273  6317 I BatteryMgr:DataCollectionService: stats => 1702675698082,-1514159,3703
12-15 22:28:19.084  5273  6317 I BatteryMgr:DataCollectionService: stats => 1702675699084,-1509276,3703
12-15 22:28:20.088  5273  6317 I BatteryMgr:DataCollectionService: stats => 1702675700088,-1538085,3703
12-15 22:28:21.092  5273  6317 I BatteryMgr:DataCollectionService: stats => 1702675701092,-1514159,3703
12-15 22:28:22.095  5273  6317 I BatteryMgr:DataCollectionService: stats => 1702675702095,-1498534,3703
12-15 22:28:23.097  5273  6317 I BatteryMgr:DataCollectionService: stats => 1702675703097,-1483397,3703
12-15 22:28:24.100  5273  6317 I BatteryMgr:DataCollectionService: stats => 1702675704100,-1519530,3703
12-15 22:28:25.102  5273  6317 I BatteryMgr:DataCollectionService: stats => 1702675705102,-1503417,3703
12-15 22:28:26.105  5273  6317 I BatteryMgr:DataCollectionService: stats => 1702675706105,-1517089,3703
12-15 22:28:27.108  5273  6317 I BatteryMgr:DataCollectionService: stats => 1702675707107,-1503905,3703
12-15 22:28:28.110  5273  6317 I BatteryMgr:DataCollectionService: stats => 1702675708110,-1565917,3703
12-15 22:28:29.112  5273  6317 I BatteryMgr:DataCollectionService: stats => 1702675709112,-1527342,3703
12-15 22:28:30.115  5273  6317 I BatteryMgr:DataCollectionService: stats => 1702675710115,-1508788,3703
12-15 22:28:31.119  5273  6317 I BatteryMgr:DataCollectionService: stats => 1702675711119,-1510253,3703
12-15 22:28:32.121  5273  6317 I BatteryMgr:DataCollectionService: stats => 1702675712121,-1502928,3703
12-15 22:28:33.123  5273  6317 I BatteryMgr:DataCollectionService: stats => 1702675713123,-1475096,3703
12-15 22:28:34.127  5273  6317 I BatteryMgr:DataCollectionService: stats => 1702675714127,-1478514,3703
12-15 22:28:35.129  5273  6317 I BatteryMgr:DataCollectionService: stats => 1702675715129,-1515624,3703
12-15 22:28:36.132  5273  6317 I BatteryMgr:DataCollectionService: stats => 1702675716132,-1522948,3703
12-15 22:28:37.135  5273  6317 I BatteryMgr:DataCollectionService: stats => 1702675717135,-1522460,3703
12-15 22:28:38.137  5273  6317 I BatteryMgr:DataCollectionService: stats => 1702675718137,-1537596,3703
12-15 22:28:39.140  5273  6317 I BatteryMgr:DataCollectionService: stats => 1702675719140,-1525389,3703
12-15 22:28:40.143  5273  6317 I BatteryMgr:DataCollectionService: stats => 1702675720143,-1495604,3703
12-15 22:28:41.145  5273  6317 I BatteryMgr:DataCollectionService: stats => 1702675721145,-1494628,3703
12-15 22:28:42.147  5273  6317 I BatteryMgr:DataCollectionService: stats => 1702675722147,-1488768,3703
12-15 22:28:43.149  5273  6317 I BatteryMgr:DataCollectionService: stats => 1702675723149,-1495604,3703
12-15 22:28:44.152  5273  6317 I BatteryMgr:DataCollectionService: stats => 1702675724152,-1507811,3703
12-15 22:28:45.154  5273  6317 I BatteryMgr:DataCollectionService: stats => 1702675725154,-1523436,3703
12-15 22:28:46.157  5273  6317 I BatteryMgr:DataCollectionService: stats => 1702675726157,-1483397,3703
12-15 22:28:47.159  5273  6317 I BatteryMgr:DataCollectionService: stats => 1702675727159,-1509764,3703
12-15 22:28:48.161  5273  6317 I BatteryMgr:DataCollectionService: stats => 1702675728161,-1454100,3706
12-15 22:28:49.164  5273  6317 I BatteryMgr:DataCollectionService: stats => 1702675729163,-1499510,3706
12-15 22:28:50.166  5273  6317 I BatteryMgr:DataCollectionService: stats => 1702675730166,-1487792,3706
12-15 22:28:51.169  5273  6317 I BatteryMgr:DataCollectionService: stats => 1702675731169,-1492675,3706
12-15 22:28:52.173  5273  6317 I BatteryMgr:DataCollectionService: stats => 1702675732173,-1527831,3706
12-15 22:28:53.176  5273  6317 I BatteryMgr:DataCollectionService: stats => 1702675733176,-1480956,3706
12-15 22:28:54.179  5273  6317 I BatteryMgr:DataCollectionService: stats => 1702675734179,-1476561,3705
12-15 22:28:55.182  5273  6317 I BatteryMgr:DataCollectionService: stats => 1702675735182,-1496581,3705
12-15 22:28:56.184  5273  6317 I BatteryMgr:DataCollectionService: stats => 1702675736184,-1513671,3705
12-15 22:28:57.187  5273  6317 I BatteryMgr:DataCollectionService: stats => 1702675737187,-1500487,3705
12-15 22:28:58.189  5273  6317 I BatteryMgr:DataCollectionService: stats => 1702675738189,-1482421,3705
12-15 22:28:59.192  5273  6317 I BatteryMgr:DataCollectionService: stats => 1702675739191,-1506835,3705
12-15 22:29:00.194  5273  6317 I BatteryMgr:DataCollectionService: stats => 1702675740194,-1476073,3705
12-15 22:29:01.196  5273  6317 I BatteryMgr:DataCollectionService: stats => 1702675741196,-1479003,3705
12-15 22:29:02.199  5273  6317 I BatteryMgr:DataCollectionService: stats => 1702675742199,-1498046,3705
12-15 22:29:03.202  5273  6317 I BatteryMgr:DataCollectionService: stats => 1702675743202,-1499999,3705
12-15 22:29:04.204  5273  6317 I BatteryMgr:DataCollectionService: stats => 1702675744204,-1472167,3705
12-15 22:29:05.208  5273  6317 I BatteryMgr:DataCollectionService: stats => 1702675745208,-1504393,3705
12-15 22:29:06.211  5273  6317 I BatteryMgr:DataCollectionService: stats => 1702675746211,-1521483,3705
12-15 22:29:07.214  5273  6317 I BatteryMgr:DataCollectionService: stats => 1702675747214,-1503905,3705
12-15 22:29:08.217  5273  6317 I BatteryMgr:DataCollectionService: stats => 1702675748217,-1516600,3703
12-15 22:29:09.219  5273  6317 I BatteryMgr:DataCollectionService: stats => 1702675749219,-1477050,3703
12-15 22:29:10.222  5273  6317 I BatteryMgr:DataCollectionService: stats => 1702675750222,-1458983,3703
12-15 22:29:11.226  5273  6317 I BatteryMgr:DataCollectionService: stats => 1702675751226,-1479003,3703
12-15 22:29:12.228  5273  6317 I BatteryMgr:DataCollectionService: stats => 1702675752228,-1494628,3703
12-15 22:29:13.231  5273  6317 I BatteryMgr:DataCollectionService: stats => 1702675753231,-1502928,3703
12-15 22:29:14.233  5273  6317 I BatteryMgr:DataCollectionService: stats => 1702675754233,-1490721,3703
12-15 22:29:15.235  5273  6317 I BatteryMgr:DataCollectionService: stats => 1702675755235,-1505370,3703
12-15 22:29:16.238  5273  6317 I BatteryMgr:DataCollectionService: stats => 1702675756238,-1484374,3703
12-15 22:29:17.241  5273  6317 I BatteryMgr:DataCollectionService: stats => 1702675757240,-1484862,3703
12-15 22:29:18.243  5273  6317 I BatteryMgr:DataCollectionService: stats => 1702675758243,-1494139,3704
12-15 22:29:19.245  5273  6317 I BatteryMgr:DataCollectionService: stats => 1702675759245,-1472167,3704
12-15 22:29:20.248  5273  6317 I BatteryMgr:DataCollectionService: stats => 1702675760248,-1492675,3704
12-15 22:29:21.251  5273  6317 I BatteryMgr:DataCollectionService: stats => 1702675761251,-1509276,3704
12-15 22:29:22.253  5273  6317 I BatteryMgr:DataCollectionService: stats => 1702675762253,-1486815,3704
12-15 22:29:23.256  5273  6317 I BatteryMgr:DataCollectionService: stats => 1702675763256,-1474608,3704
12-15 22:29:24.259  5273  6317 I BatteryMgr:DataCollectionService: stats => 1702675764259,-1468749,3704
12-15 22:29:25.261  5273  6317 I BatteryMgr:DataCollectionService: stats => 1702675765261,-1463866,3704
12-15 22:29:26.264  5273  6317 I BatteryMgr:DataCollectionService: stats => 1702675766264,-1465331,3704
12-15 22:29:27.266  5273  6317 I BatteryMgr:DataCollectionService: stats => 1702675767266,-1491698,3704
12-15 22:29:28.269  5273  6317 I BatteryMgr:DataCollectionService: stats => 1702675768269,-1469725,3704
12-15 22:29:29.271  5273  6317 I BatteryMgr:DataCollectionService: stats => 1702675769271,-1505370,3704
12-15 22:29:30.273  5273  6317 I BatteryMgr:DataCollectionService: stats => 1702675770273,-1482909,3704
12-15 22:29:31.276  5273  6317 I BatteryMgr:DataCollectionService: stats => 1702675771276,-1513671,3704
12-15 22:29:32.279  5273  6317 I BatteryMgr:DataCollectionService: stats => 1702675772279,-1532225,3704
12-15 22:29:33.283  5273  6317 I BatteryMgr:DataCollectionService: stats => 1702675773283,-1511717,3704
12-15 22:29:34.285  5273  6317 I BatteryMgr:DataCollectionService: stats => 1702675774285,-1518065,3704
12-15 22:29:35.289  5273  6317 I BatteryMgr:DataCollectionService: stats => 1702675775289,-1487792,3704
12-15 22:29:36.292  5273  6317 I BatteryMgr:DataCollectionService: stats => 1702675776292,-1489257,3704
12-15 22:29:37.295  5273  6317 I BatteryMgr:DataCollectionService: stats => 1702675777295,-1481444,3704
12-15 22:29:38.298  5273  6317 I BatteryMgr:DataCollectionService: stats => 1702675778298,-1474120,3704
12-15 22:29:39.301  5273  6317 I BatteryMgr:DataCollectionService: stats => 1702675779301,-1506835,3704
12-15 22:29:40.303  5273  6317 I BatteryMgr:DataCollectionService: stats => 1702675780303,-1482421,3704
12-15 22:29:41.306  5273  6317 I BatteryMgr:DataCollectionService: stats => 1702675781305,-1518553,3704
12-15 22:29:42.309  5273  6317 I BatteryMgr:DataCollectionService: stats => 1702675782308,-1511717,3704
12-15 22:29:43.311  5273  6317 I BatteryMgr:DataCollectionService: stats => 1702675783311,-1496092,3704
12-15 22:29:44.314  5273  6317 I BatteryMgr:DataCollectionService: stats => 1702675784314,-1525389,3704
12-15 22:29:45.317  5273  6317 I BatteryMgr:DataCollectionService: stats => 1702675785317,-1506346,3704
12-15 22:29:46.319  5273  6317 I BatteryMgr:DataCollectionService: stats => 1702675786319,-1512694,3704
12-15 22:29:47.322  5273  6317 I BatteryMgr:DataCollectionService: stats => 1702675787322,-1518553,3704
12-15 22:29:48.324  5273  6317 I BatteryMgr:DataCollectionService: stats => 1702675788324,-1515135,3702
12-15 22:29:49.326  5273  6317 I BatteryMgr:DataCollectionService: stats => 1702675789326,-1510741,3702
12-15 22:29:50.329  5273  6317 I BatteryMgr:DataCollectionService: stats => 1702675790329,-1532225,3702
12-15 22:29:51.331  5273  6317 I BatteryMgr:DataCollectionService: stats => 1702675791331,-1521971,3702
12-15 22:29:52.334  5273  6317 I BatteryMgr:DataCollectionService: stats => 1702675792334,-1520018,3702
12-15 22:29:53.336  5273  6317 I BatteryMgr:DataCollectionService: stats => 1702675793336,-1549315,3702
12-15 22:29:54.339  5273  6317 I BatteryMgr:DataCollectionService: stats => 1702675794339,-1511717,3702
12-15 22:29:55.343  5273  6317 I BatteryMgr:DataCollectionService: stats => 1702675795342,-1507323,3702
12-15 22:29:56.345  5273  6317 I BatteryMgr:DataCollectionService: stats => 1702675796345,-1547850,3702
12-15 22:29:57.347  5273  6317 I BatteryMgr:DataCollectionService: stats => 1702675797347,-1517089,3702
12-15 22:29:58.350  5273  6317 I BatteryMgr:DataCollectionService: stats => 1702675798350,-1507323,3702
12-15 22:29:59.352  5273  6317 I BatteryMgr:DataCollectionService: stats => 1702675799352,-1524901,3702
12-15 22:30:00.355  5273  6317 I BatteryMgr:DataCollectionService: stats => 1702675800355,-1538085,3702
12-15 22:30:01.358  5273  6317 I BatteryMgr:DataCollectionService: stats => 1702675801358,-1534178,3702
12-15 22:30:02.362  5273  6317 I BatteryMgr:DataCollectionService: stats => 1702675802362,-1502440,3702
12-15 22:30:03.364  5273  6317 I BatteryMgr:DataCollectionService: stats => 1702675803364,-1523925,3702
12-15 22:30:04.368  5273  6317 I BatteryMgr:DataCollectionService: stats => 1702675804368,-1494139,3702
12-15 22:30:05.371  5273  6317 I BatteryMgr:DataCollectionService: stats => 1702675805371,-1502928,3702
12-15 22:30:06.373  5273  6317 I BatteryMgr:DataCollectionService: stats => 1702675806373,-1466796,3702
12-15 22:30:07.376  5273  6317 I BatteryMgr:DataCollectionService: stats => 1702675807376,-1500487,3702
12-15 22:30:08.378  5273  6317 I BatteryMgr:DataCollectionService: stats => 1702675808378,-1547850,3702
12-15 22:30:09.380  5273  6317 I BatteryMgr:DataCollectionService: stats => 1702675809380,-1508788,3702
12-15 22:30:10.383  5273  6317 I BatteryMgr:DataCollectionService: stats => 1702675810383,-1528319,3702
12-15 22:30:11.385  5273  6317 I BatteryMgr:DataCollectionService: stats => 1702675811385,-1498046,3702
12-15 22:30:12.388  5273  6317 I BatteryMgr:DataCollectionService: stats => 1702675812387,-1480956,3702
12-15 22:30:13.390  5273  6317 I BatteryMgr:DataCollectionService: stats => 1702675813390,-1530272,3702
12-15 22:30:14.392  5273  6317 I BatteryMgr:DataCollectionService: stats => 1702675814392,-1508788,3702
12-15 22:30:15.396  5273  6317 I BatteryMgr:DataCollectionService: stats => 1702675815396,-1517577,3702
12-15 22:30:16.399  5273  6317 I BatteryMgr:DataCollectionService: stats => 1702675816399,-1505370,3702
12-15 22:30:17.402  5273  6317 I BatteryMgr:DataCollectionService: stats => 1702675817402,-1513671,3702
12-15 22:30:18.405  5273  6317 I BatteryMgr:DataCollectionService: stats => 1702675818404,-1543944,3701
12-15 22:30:19.407  5273  6317 I BatteryMgr:DataCollectionService: stats => 1702675819407,-1535155,3701
12-15 22:30:20.410  5273  6317 I BatteryMgr:DataCollectionService: stats => 1702675820410,-1483885,3701
12-15 22:30:21.413  5273  6317 I BatteryMgr:DataCollectionService: stats => 1702675821413,-1503905,3701
12-15 22:30:22.415  5273  6317 I BatteryMgr:DataCollectionService: stats => 1702675822415,-1501464,3701
12-15 22:30:23.417  5273  6317 I BatteryMgr:DataCollectionService: stats => 1702675823417,-1520995,3701
12-15 22:30:24.420  5273  6317 I BatteryMgr:DataCollectionService: stats => 1702675824420,-1523925,3701
12-15 22:30:25.422  5273  6317 I BatteryMgr:DataCollectionService: stats => 1702675825422,-1489745,3701
12-15 22:30:26.425  5273  6317 I BatteryMgr:DataCollectionService: stats => 1702675826425,-1509276,3701
12-15 22:30:27.427  5273  6317 I BatteryMgr:DataCollectionService: stats => 1702675827427,-1511229,3701
12-15 22:30:28.429  5273  6317 I BatteryMgr:DataCollectionService: stats => 1702675828429,-1519042,3701
12-15 22:30:29.432  5273  6317 I BatteryMgr:DataCollectionService: stats => 1702675829431,-1529784,3701
12-15 22:30:30.435  5273  6317 I BatteryMgr:DataCollectionService: stats => 1702675830434,-1527342,3701
12-15 22:30:31.437  5273  6317 I BatteryMgr:DataCollectionService: stats => 1702675831437,-1486815,3701
12-15 22:30:32.440  5273  6317 I BatteryMgr:DataCollectionService: stats => 1702675832440,-1502928,3701
12-15 22:30:33.443  5273  6317 I BatteryMgr:DataCollectionService: stats => 1702675833443,-1511717,3701
12-15 22:30:34.445  5273  6317 I BatteryMgr:DataCollectionService: stats => 1702675834445,-1489745,3701
12-15 22:30:35.450  5273  6317 I BatteryMgr:DataCollectionService: stats => 1702675835450,-1501464,3701
12-15 22:30:36.452  5273  6317 I BatteryMgr:DataCollectionService: stats => 1702675836452,-1494628,3701
12-15 22:30:37.454  5273  6317 I BatteryMgr:DataCollectionService: stats => 1702675837454,-1511717,3701
12-15 22:30:38.457  5273  6317 I BatteryMgr:DataCollectionService: stats => 1702675838456,-1537596,3700
12-15 22:30:39.458  5273  6317 I BatteryMgr:DataCollectionService: stats => 1702675839458,-1520018,3700
12-15 22:30:40.461  5273  6317 I BatteryMgr:DataCollectionService: stats => 1702675840461,-1514159,3700
12-15 22:30:41.463  5273  6317 I BatteryMgr:DataCollectionService: stats => 1702675841463,-1515135,3700
12-15 22:30:42.466  5273  6317 I BatteryMgr:DataCollectionService: stats => 1702675842466,-1505858,3700
12-15 22:30:43.469  5273  6317 I BatteryMgr:DataCollectionService: stats => 1702675843469,-1507811,3700
12-15 22:30:44.471  5273  6317 I BatteryMgr:DataCollectionService: stats => 1702675844471,-1516600,3700
12-15 22:30:45.474  5273  6317 I BatteryMgr:DataCollectionService: stats => 1702675845474,-1502928,3700
12-15 22:30:46.477  5273  6317 I BatteryMgr:DataCollectionService: stats => 1702675846477,-1493651,3700
12-15 22:30:47.480  5273  6317 I BatteryMgr:DataCollectionService: stats => 1702675847480,-1494628,3700
12-15 22:30:48.482  5273  6317 I BatteryMgr:DataCollectionService: stats => 1702675848482,-1494628,3701
12-15 22:30:49.485  5273  6317 I BatteryMgr:DataCollectionService: stats => 1702675849485,-1505370,3701
12-15 22:30:50.487  5273  6317 I BatteryMgr:DataCollectionService: stats => 1702675850487,-1527342,3701
12-15 22:30:51.490  5273  6317 I BatteryMgr:DataCollectionService: stats => 1702675851490,-1524901,3701
12-15 22:30:52.493  5273  6317 I BatteryMgr:DataCollectionService: stats => 1702675852492,-1484862,3701
12-15 22:30:53.495  5273  6317 I BatteryMgr:DataCollectionService: stats => 1702675853495,-1487792,3701
12-15 22:30:54.497  5273  6317 I BatteryMgr:DataCollectionService: stats => 1702675854497,-1496092,3701
12-15 22:30:55.501  5273  6317 I BatteryMgr:DataCollectionService: stats => 1702675855501,-1513671,3701
12-15 22:30:56.503  5273  6317 I BatteryMgr:DataCollectionService: stats => 1702675856503,-1489257,3701
12-15 22:30:57.506  5273  6317 I BatteryMgr:DataCollectionService: stats => 1702675857506,-1499510,3701
12-15 22:30:58.509  5273  6317 I BatteryMgr:DataCollectionService: stats => 1702675858508,-1493163,3701
12-15 22:30:59.511  5273  6317 I BatteryMgr:DataCollectionService: stats => 1702675859511,-1492186,3701
12-15 22:31:00.513  5273  6317 I BatteryMgr:DataCollectionService: stats => 1702675860513,-1503905,3701
12-15 22:31:01.515  5273  6317 I BatteryMgr:DataCollectionService: stats => 1702675861515,-1479003,3701
12-15 22:31:02.517  5273  6317 I BatteryMgr:DataCollectionService: stats => 1702675862517,-1483397,3702
12-15 22:31:03.520  5273  6317 I BatteryMgr:DataCollectionService: stats => 1702675863519,-1489257,3702
12-15 22:31:04.522  5273  6317 I BatteryMgr:DataCollectionService: stats => 1702675864522,-1504393,3702
12-15 22:31:05.525  5273  6317 I BatteryMgr:DataCollectionService: stats => 1702675865525,-1490233,3702
12-15 22:31:06.528  5273  6317 I BatteryMgr:DataCollectionService: stats => 1702675866528,-1472655,3702
12-15 22:31:07.531  5273  6317 I BatteryMgr:DataCollectionService: stats => 1702675867531,-1472167,3702
12-15 22:31:08.533  5273  6317 I BatteryMgr:DataCollectionService: stats => 1702675868533,-1477050,3702
12-15 22:31:09.535  5273  6317 I BatteryMgr:DataCollectionService: stats => 1702675869535,-1466307,3702
12-15 22:31:10.537  5273  6317 I BatteryMgr:DataCollectionService: stats => 1702675870537,-1505370,3702
12-15 22:31:11.540  5273  6317 I BatteryMgr:DataCollectionService: stats => 1702675871540,-1480956,3702
12-15 22:31:12.542  5273  6317 I BatteryMgr:DataCollectionService: stats => 1702675872542,-1467284,3702
12-15 22:31:13.545  5273  6317 I BatteryMgr:DataCollectionService: stats => 1702675873545,-1480467,3702
12-15 22:31:14.547  5273  6317 I BatteryMgr:DataCollectionService: stats => 1702675874547,-1907225,3702
12-15 22:31:15.549  5273  6317 I BatteryMgr:DataCollectionService: stats => 1702675875549,-1929198,3702
12-15 22:31:16.553  5273  6317 I BatteryMgr:DataCollectionService: stats => 1702675876553,-1916502,3702
12-15 22:31:17.556  5273  6317 I BatteryMgr:DataCollectionService: stats => 1702675877556,-1943358,3702
12-15 22:31:18.558  5273  6317 I BatteryMgr:DataCollectionService: stats => 1702675878558,-1916991,3677
12-15 22:31:19.562  5273  6317 I BatteryMgr:DataCollectionService: stats => 1702675879562,-1926756,3677
12-15 22:31:20.564  5273  6317 I BatteryMgr:DataCollectionService: stats => 1702675880564,-1921385,3677
12-15 22:31:21.568  5273  6317 I BatteryMgr:DataCollectionService: stats => 1702675881567,-1584960,3677
12-15 22:31:22.570  5273  6317 I BatteryMgr:DataCollectionService: stats => 1702675882570,-1857420,3677
12-15 22:31:23.572  5273  6317 I BatteryMgr:DataCollectionService: stats => 1702675883572,-1873045,3677
12-15 22:31:24.575  5273  6317 I BatteryMgr:DataCollectionService: stats => 1702675884575,-1884764,3677
12-15 22:31:25.578  5273  6317 I BatteryMgr:DataCollectionService: stats => 1702675885577,-1885741,3677
12-15 22:31:26.581  5273  6317 I BatteryMgr:DataCollectionService: stats => 1702675886580,-1871092,3677
12-15 22:31:27.583  5273  6317 I BatteryMgr:DataCollectionService: stats => 1702675887583,-1865233,3677
12-15 22:31:28.585  5273  6317 I BatteryMgr:DataCollectionService: stats => 1702675888585,-1873534,3678
12-15 22:31:29.588  5273  6317 I BatteryMgr:DataCollectionService: stats => 1702675889588,-1894041,3678
12-15 22:31:30.592  5273  6317 I BatteryMgr:DataCollectionService: stats => 1702675890592,-1924315,3678
12-15 22:31:31.594  5273  6317 I BatteryMgr:DataCollectionService: stats => 1702675891594,-1887694,3678
12-15 22:31:32.597  5273  6317 I BatteryMgr:DataCollectionService: stats => 1702675892597,-1904295,3678
12-15 22:31:33.600  5273  6317 I BatteryMgr:DataCollectionService: stats => 1702675893599,-1864745,3678
12-15 22:31:34.602  5273  6317 I BatteryMgr:DataCollectionService: stats => 1702675894602,-1894530,3678
12-15 22:31:35.606  5273  6317 I BatteryMgr:DataCollectionService: stats => 1702675895606,-1894041,3678
12-15 22:31:36.609  5273  6317 I BatteryMgr:DataCollectionService: stats => 1702675896609,-1900877,3678
12-15 22:31:37.612  5273  6317 I BatteryMgr:DataCollectionService: stats => 1702675897612,-1906737,3678
12-15 22:31:38.615  5273  6317 I BatteryMgr:DataCollectionService: stats => 1702675898615,-1882323,3674
12-15 22:31:39.617  5273  6317 I BatteryMgr:DataCollectionService: stats => 1702675899617,-1893553,3674
12-15 22:31:40.620  5273  6317 I BatteryMgr:DataCollectionService: stats => 1702675900620,-1872069,3674
12-15 22:31:41.622  5273  6317 I BatteryMgr:DataCollectionService: stats => 1702675901622,-1910643,3674
12-15 22:31:42.625  5273  6317 I BatteryMgr:DataCollectionService: stats => 1702675902625,-1879393,3674
12-15 22:31:43.627  5273  6317 I BatteryMgr:DataCollectionService: stats => 1702675903627,-1900877,3674
12-15 22:31:44.629  5273  6317 I BatteryMgr:DataCollectionService: stats => 1702675904629,-1906737,3674
12-15 22:31:45.633  5273  6317 I BatteryMgr:DataCollectionService: stats => 1702675905633,-1897948,3674
12-15 22:31:46.636  5273  6317 I BatteryMgr:DataCollectionService: stats => 1702675906636,-1892088,3674
12-15 22:31:47.638  5273  6317 I BatteryMgr:DataCollectionService: stats => 1702675907638,-1892088,3674
12-15 22:31:48.641  5273  6317 I BatteryMgr:DataCollectionService: stats => 1702675908641,-1888670,3674
12-15 22:31:49.643  5273  6317 I BatteryMgr:DataCollectionService: stats => 1702675909643,-1863768,3674
12-15 22:31:50.647  5273  6317 I BatteryMgr:DataCollectionService: stats => 1702675910647,-1898436,3674
