7.99 8.08 8.17 2/2599 3890
7.99 8.08 8.17 4/2599 3919
7.99 8.08 8.17 3/2600 3942
7.99 8.08 8.17 2/2600 3973
7.91 8.06 8.17 1/2601 3993
7.91 8.06 8.17 1/2601 4013
7.91 8.06 8.17 1/2605 4044
7.91 8.06 8.17 1/2605 4063
7.91 8.06 8.17 2/2605 4082
8.00 8.08 8.17 3/2605 4103
8.00 8.08 8.17 3/2605 4146
8.00 8.08 8.17 3/2605 4166
8.00 8.08 8.17 2/2605 4187
8.00 8.08 8.17 4/2605 4207
8.24 8.13 8.19 3/2605 4228
8.24 8.13 8.19 5/2606 4260
8.24 8.13 8.19 5/2607 4288
8.24 8.13 8.19 6/2607 4336
8.24 8.13 8.19 1/2606 4360
8.22 8.13 8.19 3/2606 4385
8.22 8.13 8.19 4/2606 4406
8.22 8.13 8.19 4/2606 4439
8.22 8.13 8.19 2/2609 4462
8.22 8.13 8.19 3/2609 4482
8.04 8.09 8.17 2/2609 4501
8.04 8.09 8.17 4/2609 4521
8.04 8.09 8.17 3/2609 4540
8.04 8.09 8.17 5/2610 4560
8.04 8.09 8.17 2/2610 4583
8.20 8.12 8.18 3/2610 4608
8.20 8.12 8.18 3/2610 4627
8.20 8.12 8.18 7/2610 4647
8.20 8.12 8.18 5/2610 4667
8.20 8.12 8.18 10/2610 4690
8.42 8.17 8.20 6/2610 4709
8.42 8.17 8.20 4/2610 4746
8.42 8.17 8.20 1/2610 4771
8.42 8.17 8.20 2/2610 4792
8.42 8.17 8.20 4/2611 4817
8.39 8.17 8.20 4/2611 4839
8.39 8.17 8.20 6/2611 4858
8.39 8.17 8.20 4/2611 4877
8.39 8.17 8.20 4/2611 4896
8.36 8.16 8.20 3/2611 4917
8.36 8.16 8.20 2/2609 4936
8.36 8.16 8.20 5/2607 4957
8.36 8.16 8.20 5/2607 4976
8.36 8.16 8.20 5/2607 4995
8.25 8.14 8.19 3/2607 5014
8.25 8.14 8.19 3/2607 5033
8.25 8.14 8.19 8/2607 5052
8.25 8.14 8.19 2/2607 5071
8.25 8.14 8.19 1/2607 5090
8.31 8.16 8.19 5/2607 5109
8.31 8.16 8.19 5/2606 5128
8.31 8.16 8.19 6/2606 5147
8.31 8.16 8.19 1/2606 5170
8.31 8.16 8.19 2/2606 5189
8.28 8.16 8.19 7/2606 5208
8.28 8.16 8.19 3/2606 5227
8.28 8.16 8.19 3/2606 5246
8.28 8.16 8.19 4/2606 5277
8.28 8.16 8.19 1/2606 5313
8.18 8.14 8.18 6/2605 5338
8.18 8.14 8.18 2/2605 5357
8.18 8.14 8.18 2/2605 5376
8.18 8.14 8.18 8/2605 5395
8.18 8.14 8.18 2/2605 5418
8.25 8.15 8.19 2/2605 5468
8.25 8.15 8.19 3/2605 5538
8.25 8.15 8.19 3/2605 5563
8.25 8.15 8.19 3/2605 5584
8.25 8.15 8.19 1/2605 5603
8.07 8.12 8.18 6/2605 5622
8.07 8.12 8.18 9/2605 5647
8.07 8.12 8.18 5/2605 5670
8.07 8.12 8.18 4/2605 5711
8.07 8.12 8.18 6/2605 5730
8.22 8.15 8.19 1/2605 5749
8.22 8.15 8.19 5/2609 5775
8.22 8.15 8.19 3/2612 5798
8.22 8.15 8.19 2/2612 5818
8.22 8.15 8.19 5/2612 5837
8.36 8.18 8.20 2/2616 5861
8.36 8.18 8.20 2/2616 5880
8.36 8.18 8.20 2/2616 5900
8.36 8.18 8.20 4/2615 5919
8.36 8.18 8.20 2/2615 5938
8.26 8.16 8.19 9/2615 5957
8.26 8.16 8.19 8/2615 5977
8.26 8.16 8.19 6/2615 5998
8.26 8.16 8.19 8/2615 6017
8.26 8.16 8.19 10/2615 6040
8.15 8.14 8.18 12/2615 6059
8.15 8.14 8.18 2/2615 6079
8.15 8.14 8.18 4/2615 6116
8.15 8.14 8.18 3/2615 6138
8.15 8.14 8.18 6/2615 6157
8.38 8.19 8.20 3/2615 6176
8.38 8.19 8.20 3/2615 6195
8.38 8.19 8.20 3/2615 6215
8.38 8.19 8.20 5/2615 6234
8.38 8.19 8.20 2/2615 6253
8.27 8.17 8.19 9/2615 6273
8.27 8.17 8.19 9/2615 6299
8.27 8.17 8.19 3/2615 6321
8.27 8.17 8.19 8/2615 6344
8.27 8.17 8.19 6/2616 6367
8.25 8.16 8.19 5/2616 6387
8.25 8.16 8.19 4/2616 6406
8.25 8.16 8.19 10/2617 6428
8.25 8.16 8.19 4/2616 6447
8.07 8.13 8.18 1/2616 6466
8.07 8.13 8.18 1/2616 6485
8.07 8.13 8.18 3/2616 6504
8.07 8.13 8.18 2/2616 6523
8.07 8.13 8.18 1/2616 6542
8.14 8.14 8.18 5/2616 6561
8.14 8.14 8.18 7/2616 6580
8.14 8.14 8.18 3/2616 6599
8.14 8.14 8.18 10/2616 6618
8.14 8.14 8.18 3/2616 6637
8.13 8.14 8.18 3/2616 6656
8.13 8.14 8.18 1/2616 6676
8.13 8.14 8.18 8/2616 6695
8.13 8.14 8.18 1/2616 6714
8.13 8.14 8.18 3/2616 6733
8.04 8.12 8.18 9/2616 6752
8.04 8.12 8.18 2/2616 6771
8.04 8.12 8.18 6/2616 6791
8.04 8.12 8.18 6/2616 6810
8.04 8.12 8.18 2/2616 6829
8.12 8.14 8.18 8/2616 6848
8.12 8.14 8.18 3/2616 6867
8.12 8.14 8.18 7/2616 6886
8.12 8.14 8.18 4/2616 6905
8.12 8.14 8.18 1/2616 6924
8.51 8.22 8.21 3/2616 6943
8.51 8.22 8.21 4/2616 6962
8.51 8.22 8.21 2/2616 6981
8.51 8.22 8.21 3/2616 7000
8.51 8.22 8.21 1/2616 7019
8.39 8.20 8.20 1/2616 7038
8.39 8.20 8.20 2/2616 7057
8.39 8.20 8.20 6/2616 7076
8.39 8.20 8.20 7/2616 7096
8.39 8.20 8.20 9/2616 7115
8.12 8.14 8.18 2/2616 7134
8.12 8.14 8.18 5/2616 7153
8.12 8.14 8.18 2/2617 7173
8.12 8.14 8.18 3/2617 7192
8.12 8.14 8.18 2/2617 7215
7.87 8.09 8.16 6/2617 7234
7.87 8.09 8.16 2/2617 7253
7.87 8.09 8.16 3/2617 7272
7.87 8.09 8.16 2/2617 7291
7.87 8.09 8.16 2/2617 7310
7.96 8.11 8.17 3/2617 7329
7.96 8.11 8.17 6/2617 7348
7.96 8.11 8.17 2/2617 7367
7.96 8.11 8.17 7/2617 7386
7.96 8.11 8.17 1/2617 7405
7.88 8.09 8.16 4/2617 7424
7.88 8.09 8.16 7/2617 7443
7.88 8.09 8.16 2/2617 7462
7.88 8.09 8.16 1/2617 7481
7.88 8.09 8.16 4/2617 7500
7.97 8.10 8.17 4/2617 7519
7.97 8.10 8.17 4/2617 7538
7.97 8.10 8.17 1/2617 7557
7.97 8.10 8.17 4/2617 7576
7.97 8.10 8.17 9/2617 7595
7.97 8.10 8.17 2/2617 7614
7.97 8.10 8.17 15/2617 7633
7.97 8.10 8.17 2/2617 7652
8.30 8.17 8.19 4/2617 7671
8.30 8.17 8.19 2/2617 7690
8.30 8.17 8.19 2/2617 7709
8.30 8.17 8.19 4/2617 7728
8.30 8.17 8.19 2/2617 7747
8.03 8.11 8.17 3/2617 7767
8.03 8.11 8.17 5/2617 7786
8.03 8.11 8.17 6/2617 7805
8.03 8.11 8.17 1/2617 7824
8.03 8.11 8.17 2/2617 7843
8.03 8.11 8.17 9/2617 7862
8.43 8.19 8.20 3/2617 7881
8.43 8.19 8.20 4/2617 7900
8.43 8.19 8.20 7/2617 7919
8.43 8.19 8.20 5/2617 7938
8.24 8.16 8.18 5/2617 7957
8.24 8.16 8.18 2/2617 7976
8.24 8.16 8.18 3/2617 7995
8.24 8.16 8.18 2/2617 8014
8.24 8.16 8.18 4/2617 8033
8.22 8.15 8.18 5/2617 8052
8.22 8.15 8.18 1/2617 8071
8.22 8.15 8.18 1/2617 8090
8.22 8.15 8.18 1/2617 8109
8.22 8.15 8.18 8/2617 8128
8.22 8.15 8.18 6/2617 8147
8.20 8.15 8.18 6/2617 8166
8.20 8.15 8.18 3/2617 8185
8.20 8.15 8.18 7/2617 8204
8.20 8.15 8.18 3/2617 8223
8.20 8.15 8.18 2/2617 8242
8.66 8.25 8.21 2/2617 8261
8.66 8.25 8.21 5/2617 8280
8.66 8.25 8.21 4/2617 8299
8.66 8.25 8.21 7/2617 8322
8.66 8.25 8.21 4/2617 8341
8.85 8.29 8.23 5/2617 8360
8.85 8.29 8.23 1/2617 8379
8.85 8.29 8.23 1/2617 8398
8.85 8.29 8.23 5/2617 8417
8.85 8.29 8.23 1/2616 8436
8.94 8.32 8.24 11/2616 8456
8.94 8.32 8.24 4/2616 8476
8.94 8.32 8.24 3/2616 8495
8.94 8.32 8.24 3/2616 8515
8.94 8.32 8.24 4/2616 8534
9.19 8.38 8.26 1/2616 8553
9.19 8.38 8.26 6/2616 8572
9.19 8.38 8.26 6/2616 8591
9.19 8.38 8.26 3/2616 8610
9.19 8.38 8.26 6/2616 8629
9.01 8.36 8.25 2/2616 8648
9.01 8.36 8.25 2/2616 8667
9.01 8.36 8.25 2/2616 8686
9.01 8.36 8.25 5/2616 8705
9.01 8.36 8.25 2/2616 8724
9.33 8.44 8.28 4/2616 8743
9.33 8.44 8.28 6/2616 8762
9.33 8.44 8.28 6/2616 8781
9.33 8.44 8.28 7/2616 8800
9.33 8.44 8.28 9/2616 8819
9.07 8.40 8.27 16/2616 8838
9.07 8.40 8.27 10/2616 8857
9.07 8.40 8.27 2/2616 8876
9.07 8.40 8.27 3/2616 8895
