4998.20 18931.11
4999.18 18933.68
5000.18 18935.54
5001.22 18938.44
5002.18 18941.54
5003.27 18945.52
5004.18 18948.65
5005.19 18951.69
5006.24 18954.36
5007.19 18956.90
5008.18 18960.07
5009.19 18963.29
5010.22 18966.43
5011.19 18969.52
5012.19 18972.63
5013.20 18975.78
5014.23 18978.76
5015.19 18981.49
5016.29 18984.86
5017.21 18987.74
5018.23 18990.95
5019.25 18994.11
5020.20 18997.09
5021.19 19000.14
5022.22 19003.34
5023.25 19006.57
5024.27 19009.72
5025.29 19012.93
5026.18 19015.67
5027.24 19018.97
5028.26 19022.16
5029.29 19025.36
5030.20 19028.16
5031.18 19031.30
5032.19 19034.44
5033.23 19037.65
5034.29 19041.10
5035.22 19044.00
5036.25 19046.83
5037.27 19049.95
5038.30 19053.23
5039.22 19056.17
5040.24 19059.39
5041.19 19062.42
5042.29 19065.89
5043.21 19068.81
5044.24 19071.96
5045.26 19075.12
5046.29 19078.21
5047.21 19081.05
5048.23 19084.22
5049.18 19087.16
5050.19 19090.33
5051.18 19093.28
5052.18 19096.37
5053.19 19099.49
5054.19 19102.34
5055.19 19105.26
5056.19 19108.08
5057.19 19110.66
5058.19 19113.22
5059.19 19116.07
5060.19 19118.85
5061.18 19121.64
5062.19 19124.47
5063.18 19127.30
5064.18 19129.95
5065.20 19132.79
5066.18 19135.47
5067.18 19138.31
5068.18 19141.14
5069.18 19143.96
5070.19 19146.83
5071.19 19149.79
5072.19 19152.55
5073.18 19155.27
5074.19 19158.07
5075.19 19160.86
5076.18 19163.58
5077.20 19166.47
5078.19 19169.12
5079.19 19171.44
5080.18 19174.13
5081.18 19176.94
5082.19 19179.76
5083.19 19182.64
5084.19 19185.49
5085.19 19188.38
5086.18 19191.17
5087.21 19194.04
5088.19 19196.88
5089.19 19199.70
5090.21 19202.72
5091.22 19205.68
5092.19 19208.32
5093.18 19211.00
5094.19 19213.75
5095.19 19216.48
5096.18 19219.08
5097.18 19222.00
5098.18 19224.81
5099.19 19227.67
5100.18 19230.07
5101.19 19232.27
5102.18 19234.85
5103.18 19237.40
5104.19 19239.96
5105.19 19242.73
5106.19 19245.44
5107.19 19248.16
5108.18 19250.90
5109.19 19253.75
5110.18 19256.40
5111.19 19259.20
5112.19 19261.96
5113.18 19264.62
5114.19 19267.39
5115.18 19270.09
5116.19 19272.99
5117.19 19275.97
5118.19 19278.91
5119.18 19281.77
5120.18 19284.73
5121.19 19287.09
5122.19 19289.19
5123.19 19291.78
5124.19 19294.39
5125.20 19297.06
5126.18 19299.55
5127.18 19302.20
5128.18 19304.89
5129.19 19307.76
5130.20 19310.47
5131.18 19313.19
5132.19 19316.05
5133.18 19318.94
5134.18 19321.64
5135.19 19324.43
5136.19 19327.30
5137.19 19330.19
5138.18 19333.03
5139.18 19335.85
5140.18 19338.64
5141.18 19341.36
5142.20 19343.97
5143.19 19346.15
5144.19 19348.38
5145.20 19351.01
5146.19 19353.11
5147.19 19355.90
5148.19 19358.70
5149.20 19361.37
5150.18 19364.06
5151.19 19366.69
5152.18 19369.40
5153.20 19372.22
5154.19 19374.80
5155.19 19377.52
5156.18 19380.28
5157.19 19383.26
5158.18 19386.00
5159.20 19388.90
5160.19 19391.59
5161.20 19394.42
5162.18 19397.17
5163.23 19400.14
5164.19 19402.51
5165.19 19404.62
5166.19 19407.24
5167.19 19410.01
5168.19 19412.81
5169.18 19415.57
5170.19 19418.49
5171.21 19421.36
5172.19 19424.24
5173.20 19427.07
5174.19 19429.84
5175.19 19432.72
5176.19 19435.55
5177.19 19438.36
5178.18 19441.20
5179.19 19444.09
5180.19 19447.01
5181.18 19449.86
5182.18 19452.80
5183.23 19455.88
5184.20 19458.51
5185.19 19461.30
5186.20 19463.42
5187.20 19465.94
5188.19 19468.65
5189.19 19471.44
5190.19 19474.13
5191.19 19476.87
5192.20 19479.52
5193.19 19482.14
5194.19 19484.90
5195.19 19487.72
5196.19 19490.56
5197.18 19493.38
5198.19 19496.28
5199.19 19499.15
5200.20 19502.01
5201.22 19504.80
5202.19 19507.42
5203.18 19510.09
5204.19 19512.82
5205.19 19515.64
5206.19 19518.41
5207.22 19520.82
5208.18 19523.08
5209.19 19525.77
5210.19 19528.55
5211.19 19531.33
5212.20 19534.20
5213.18 19536.77
5214.20 19539.37
5215.20 19542.06
5216.20 19544.62
5217.19 19547.19
5218.20 19550.00
5219.22 19552.77
5220.20 19555.45
5221.19 19558.17
5222.20 19561.06
5223.20 19563.92
5224.19 19566.64
5225.19 19569.49
5226.19 19572.32
5227.19 19575.16
5228.19 19577.88
5229.19 19580.40
5230.19 19583.12
5231.19 19586.10
5232.19 19589.09
5233.19 19592.09
5234.18 19594.91
5235.20 19597.75
5236.18 19600.56
5237.19 19603.54
5238.24 19606.66
5239.19 19609.45
5240.18 19612.38
5241.19 19615.36
5242.24 19618.46
5243.24 19621.38
5244.19 19624.32
5245.20 19627.30
5246.20 19630.34
5247.20 19633.39
5248.19 19636.31
5249.19 19639.18
5250.19 19641.86
5251.20 19644.53
5252.19 19647.45
5253.19 19650.41
5254.19 19653.28
5255.19 19656.08
5256.20 19658.83
5257.18 19661.60
5258.19 19664.35
5259.20 19667.24
5260.19 19670.01
5261.20 19672.71
5262.20 19675.51
5263.19 19678.27
5264.20 19681.06
5265.19 19683.73
5266.19 19686.51
5267.19 19689.42
5268.19 19692.27
5269.19 19695.07
5270.19 19697.88
5271.19 19700.65
5272.20 19703.03
5273.20 19705.63
5274.18 19708.34
5275.19 19711.26
5276.20 19714.30
5277.19 19717.00
5278.19 19719.88
5279.19 19722.58
5280.19 19725.31
5281.19 19728.14
5282.19 19730.98
5283.19 19733.72
5284.19 19736.44
5285.19 19739.32
5286.19 19742.27
5287.19 19745.27
5288.19 19748.17
5289.19 19751.03
5290.20 19753.99
5291.20 19757.10
5292.20 19760.11
5293.19 19762.78
5294.18 19765.25
5295.20 19768.00
5296.19 19770.61
5297.19 19773.40
5298.20 19776.18
5299.19 19778.95
5300.19 19781.67
5301.19 19784.36
5302.19 19787.20
5303.19 19789.98
5304.19 19792.67
5305.19 19795.40
5306.19 19798.04
5307.20 19800.84
5308.20 19803.59
5309.19 19806.30
5310.18 19808.98
5311.20 19811.55
5312.19 19814.29
5313.19 19816.94
5314.20 19819.32
5315.18 19821.46
5316.20 19824.22
5317.19 19826.92
5318.20 19829.65
5319.19 19832.52
5320.19 19835.46
5321.19 19838.43
5322.19 19841.35
5323.20 19844.27
5324.19 19847.01
5325.19 19849.81
5326.20 19852.83
5327.19 19855.70
5328.20 19858.56
5329.20 19861.24
5330.19 19863.99
5331.20 19866.69
5332.20 19869.28
5333.19 19872.02
5334.19 19874.69
5335.20 19877.38
5336.21 19879.85
5337.20 19882.36
5338.19 19885.22
5339.19 19888.14
5340.19 19890.98
5341.19 19893.81
5342.19 19896.57
5343.19 19899.45
5344.19 19902.33
5345.18 19905.25
5346.20 19908.22
5347.20 19911.02
5348.19 19913.79
5349.19 19916.61
5350.19 19919.57
5351.19 19922.57
5352.19 19925.53
5353.20 19928.46
5354.20 19931.03
5355.18 19933.69
5356.19 19936.47
5357.20 19938.75
5358.19 19940.84
5359.19 19943.40
5360.19 19946.03
5361.19 19948.51
5362.19 19951.15
5363.19 19953.62
5364.20 19955.27
5365.18 19958.10
5366.19 19960.85
5367.18 19963.39
5368.19 19966.09
5369.19 19968.67
5370.19 19971.29
5371.19 19974.00
5372.19 19976.60
5373.20 19979.14
5374.20 19981.62
5375.19 19984.18
5376.20 19986.94
5377.19 19989.73
5378.20 19992.35
5379.19 19994.27
5380.20 19996.68
5381.19 19999.21
5382.20 20001.81
5383.19 20004.38
5384.20 20007.08
5385.19 20009.77
5386.20 20012.53
5387.20 20015.32
5388.19 20018.05
5389.19 20020.80
5390.19 20023.62
5391.19 20026.25
5392.19 20029.02
5393.19 20031.66
5394.20 20034.21
5395.19 20036.94
5396.20 20039.95
5397.19 20042.64
5398.19 20045.46
5399.20 20048.31
5400.20 20050.63
5401.19 20052.82
5402.19 20055.49
5403.19 20058.23
5404.20 20061.09
5405.19 20063.30
5406.23 20066.19
5407.20 20068.76
5408.23 20071.59
5409.19 20074.25
5410.20 20077.04
5411.19 20079.75
5412.20 20082.61
5413.22 20085.47
5414.19 20088.10
5415.19 20090.97
5416.19 20093.83
5417.20 20096.75
5418.19 20099.27
5419.20 20101.88
5420.20 20104.67
5421.19 20107.28
5422.19 20109.67
5423.20 20112.45
5424.19 20115.11
5425.20 20117.93
5426.20 20120.64
5427.19 20123.38
5428.19 20126.27
5429.21 20129.19
5430.20 20131.99
5431.19 20134.65
5432.20 20137.40
5433.21 20140.12
5434.20 20142.76
5435.19 20145.46
5436.19 20148.42
5437.20 20151.11
5438.20 20153.76
5439.19 20156.35
5440.21 20158.78
5441.19 20161.35
5442.20 20163.93
5443.19 20166.32
5444.19 20168.80
5445.21 20171.69
5446.20 20174.54
5447.20 20177.38
5448.20 20180.12
5449.19 20182.86
5450.20 20185.72
5451.20 20188.64
5452.20 20191.57
5453.19 20194.27
5454.20 20196.95
5455.20 20199.72
5456.20 20202.58
5457.20 20205.29
5458.20 20208.19
5459.23 20211.13
5460.19 20213.78
5461.19 20216.56
5462.19 20219.38
5463.20 20222.33
5464.19 20224.88
5465.20 20227.20
5466.19 20229.96
5467.20 20232.79
5468.19 20235.85
5469.19 20238.73
5470.19 20241.62
5471.19 20244.44
5472.19 20247.40
5473.19 20250.29
5474.19 20253.10
5475.20 20255.70
5476.20 20258.28
5477.20 20260.94
5478.20 20263.78
5479.19 20266.67
5480.22 20269.63
5481.21 20272.22
5482.20 20274.84
5483.20 20277.56
5484.20 20280.10
5485.21 20282.81
5486.20 20284.92
5487.20 20287.24
5488.20 20289.88
5489.19 20292.83
5490.19 20295.78
5491.20 20298.71
5492.19 20301.56
5493.20 20304.31
5494.19 20307.13
5495.20 20310.21
5496.20 20313.03
5497.21 20315.73
5498.19 20318.56
5499.23 20321.60
5500.19 20324.46
5501.22 20327.46
5502.20 20330.20
5503.19 20333.05
5504.20 20335.96
5505.19 20338.85
5506.20 20341.76
5507.19 20344.50
5508.20 20346.74
5509.19 20349.37
5510.19 20352.18
5511.22 20355.10
5512.19 20358.04
5513.21 20360.84
5514.19 20363.46
5515.19 20366.44
5516.21 20369.32
5517.19 20371.75
5518.20 20374.52
5519.19 20377.16
5520.20 20379.78
5521.19 20382.28
5522.20 20384.85
5523.19 20387.35
5524.19 20390.05
5525.20 20392.75
5526.19 20395.49
5527.20 20398.26
5528.20 20400.90
5529.20 20403.19
5530.19 20405.67
5531.20 20408.47
5532.22 20411.12
5533.19 20413.88
5534.22 20416.73
5535.20 20419.55
5536.20 20422.20
5537.20 20424.92
5538.20 20427.70
5539.20 20430.34
5540.19 20433.07
5541.20 20435.95
5542.19 20438.82
5543.20 20441.91
5544.19 20444.81
5545.19 20447.83
5546.19 20450.85
5547.19 20453.63
5548.20 20456.39
5549.20 20459.10
5550.21 20461.50
5551.20 20463.92
5552.19 20466.66
5553.21 20469.45
5554.19 20472.19
5555.20 20475.10
5556.21 20478.00
5557.20 20480.67
5558.20 20483.48
5559.19 20486.28
5560.19 20489.15
5561.20 20491.95
5562.20 20494.79
5563.20 20497.63
5564.20 20500.43
5565.20 20503.29
5566.19 20506.12
5567.20 20509.09
5568.20 20512.02
5569.20 20515.06
5570.21 20518.07
5571.21 20520.57
5572.19 20522.87
5573.19 20525.52
5574.20 20528.17
5575.20 20530.79
5576.20 20533.63
5577.20 20536.52
5578.19 20539.46
5579.20 20542.38
5580.19 20545.36
5581.20 20548.26
5582.20 20551.15
5583.20 20553.91
5584.20 20556.62
5585.20 20559.30
5586.20 20562.08
5587.20 20564.72
5588.19 20567.43
5589.20 20570.22
5590.20 20573.02
5591.19 20575.85
5592.20 20578.78
5593.19 20581.44
5594.20 20584.01
5595.20 20587.02
5596.20 20589.93
5597.19 20592.76
5598.19 20595.81
5599.20 20598.79
5600.20 20601.76
5601.19 20604.64
5602.19 20607.57
5603.20 20610.68
5604.19 20613.68
5605.20 20616.80
5606.20 20619.83
5607.19 20622.86
5608.20 20625.98
5609.20 20628.86
5610.20 20631.68
5611.20 20634.19
5612.20 20636.72
5613.20 20639.19
5614.21 20641.69
5615.19 20644.26
5616.19 20647.10
5617.19 20649.96
5618.20 20652.91
5619.20 20655.85
5620.21 20658.68
5621.21 20661.62
5622.21 20664.61
5623.19 20667.49
5624.19 20670.42
5625.21 20673.51
5626.20 20676.52
5627.20 20679.52
5628.22 20682.60
5629.20 20685.44
5630.20 20688.38
5631.20 20691.35
5632.19 20694.23
5633.19 20697.04
5634.19 20699.88
5635.19 20702.92
5636.21 20705.38
5637.19 20707.76
5638.20 20710.55
5639.20 20713.43
5640.20 20716.40
5641.20 20719.42
5642.20 20722.43
5643.20 20725.46
5644.22 20728.29
5645.21 20731.16
5646.20 20734.09
5647.20 20737.16
5648.19 20740.18
5649.20 20743.22
5650.20 20746.11
5651.20 20748.99
5652.19 20751.87
5653.20 20754.82
5654.20 20757.58
5655.19 20760.37
5656.20 20763.20
5657.20 20765.92
5658.20 20768.51
5659.19 20771.28
5660.19 20774.14
5661.20 20777.03
5662.20 20779.83
5663.19 20782.52
5664.19 20785.41
5665.19 20788.23
5666.21 20791.06
5667.19 20793.83
5668.25 20796.45
5669.19 20798.77
5670.21 20801.32
5672.19 20806.35
5673.20 20809.08
5674.20 20811.84
5675.20 20814.64
5676.20 20817.30
5677.20 20820.03
5678.20 20822.86
5679.20 20825.15
5680.20 20827.56
5681.20 20830.17
5682.20 20832.63
5683.20 20835.11
5684.20 20837.78
5685.20 20840.61
5686.19 20843.31
5687.20 20846.15
5688.19 20849.01
5689.20 20851.86
5690.20 20854.74
5691.22 20857.60
5692.20 20860.32
5693.21 20863.16
5694.20 20865.85
5695.21 20868.68
5696.20 20871.42
5697.20 20874.13
5698.19 20876.86
5699.20 20879.66
5700.20 20882.19
5701.19 20884.51
5702.21 20887.43
5703.20 20890.29
5704.20 20893.11
5705.20 20895.95
5706.20 20898.69
5707.19 20901.49
5708.20 20904.36
5709.20 20907.10
5710.19 20909.91
5711.21 20912.88
5712.22 20915.70
5713.19 20918.48
5714.21 20921.30
5715.21 20924.25
5716.20 20927.15
5717.21 20930.21
5718.21 20933.07
5719.21 20935.76
5720.20 20938.77
5721.20 20941.68
5722.21 20944.16
5723.20 20946.74
5724.20 20949.48
5725.21 20952.03
5726.21 20954.94
5727.20 20957.83
5728.21 20960.86
5729.21 20963.81
5730.20 20966.63
5731.19 20969.57
5732.20 20972.59
5733.21 20975.23
5734.20 20977.94
5735.20 20980.77
5736.21 20983.61
5737.20 20986.48
5738.20 20989.25
5739.20 20991.98
5740.20 20994.66
5741.20 20997.47
5742.21 21000.29
5743.21 21002.68
5744.21 21005.03
5745.21 21007.84
5746.21 21010.41
5747.22 21013.20
5748.20 21015.81
5749.20 21018.61
5750.21 21021.39
5751.20 21024.13
5752.20 21026.86
5753.19 21029.67
5754.19 21032.50
5755.19 21035.35
5756.20 21038.28
5757.20 21041.01
5758.20 21043.87
5759.20 21046.69
5760.21 21049.68
5761.20 21052.52
5762.22 21055.56
5763.19 21058.39
5764.21 21061.14
5765.19 21063.53
5766.21 21066.23
5767.20 21069.11
5768.22 21072.02
5769.20 21074.88
5770.20 21077.79
5771.21 21080.70
5772.20 21083.69
5773.19 21086.63
5774.20 21089.61
5775.21 21092.76
5776.20 21095.68
5777.20 21098.51
5778.19 21101.23
5779.20 21103.81
5780.20 21106.54
5781.22 21109.19
5782.19 21111.56
5783.22 21114.12
5784.20 21116.54
5785.20 21119.11
5786.20 21121.34
5787.20 21123.83
5788.20 21126.51
5789.22 21129.20
5790.20 21131.92
5791.21 21134.81
5792.20 21137.61
5793.20 21140.46
5794.21 21143.34
5795.22 21146.23
5796.20 21149.04
5797.21 21151.93
5798.22 21154.74
5799.22 21157.66
5800.20 21160.35
5801.21 21163.18
5802.20 21165.96
5803.21 21168.98
5804.20 21172.00
5805.20 21174.76
5806.21 21177.65
5807.22 21180.41
5808.20 21182.82
5809.22 21185.59
5810.20 21188.43
5811.21 21191.40
5812.20 21194.34
5813.21 21197.34
5814.20 21200.21
5815.20 21203.10
5816.21 21206.08
5817.19 21209.01
5818.21 21211.81
5819.19 21214.61
5820.19 21217.50
5821.20 21220.32
5822.20 21223.28
5823.19 21226.15
5824.20 21228.99
5825.19 21231.91
5826.21 21234.94
5827.20 21238.04
5828.20 21241.04
5829.21 21243.59
5830.20 21246.16
5831.21 21248.88
5832.20 21251.76
5833.19 21254.71
5834.22 21257.63
5835.20 21260.46
5836.21 21263.32
5837.20 21266.04
5838.20 21268.92
5839.21 21271.95
5840.21 21274.79
5841.20 21277.42
5842.21 21280.36
5843.21 21283.26
5844.21 21286.27
5845.20 21289.22
5846.20 21292.08
5847.20 21294.98
5848.21 21297.90
5849.21 21300.75
5850.21 21303.34
5851.20 21305.74
5852.21 21308.48
5853.21 21311.24
5854.20 21314.02
5855.21 21316.81
5856.20 21319.61
5857.20 21322.42
5858.21 21325.09
5859.20 21327.63
5860.21 21330.44
5861.20 21333.18
5862.21 21335.80
5863.20 21338.50
5864.20 21341.29
5865.20 21344.22
5866.21 21347.23
5867.20 21350.22
5868.21 21353.05
5869.20 21355.84
5870.21 21358.43
5871.21 21361.07
5872.21 21363.31
5873.20 21365.61
5874.20 21368.42
5875.20 21371.23
5876.21 21373.90
5877.20 21376.53
5878.21 21379.10
5879.20 21381.73
5880.21 21384.41
5881.20 21386.97
5882.21 21389.64
5883.19 21392.26
5884.20 21395.07
5885.21 21397.64
5886.20 21400.22
5887.20 21402.95
5888.23 21405.84
5889.20 21408.46
5890.20 21411.31
5891.21 21414.09
5892.20 21416.92
5893.21 21419.46
5894.20 21421.57
5895.20 21424.28
5896.21 21427.02
5897.20 21429.74
5898.25 21432.66
5899.20 21435.28
5900.21 21437.99
5901.20 21440.75
5902.21 21443.62
5903.20 21446.46
5904.20 21449.12
5905.20 21451.85
5906.20 21454.52
5907.20 21457.26
5908.21 21459.92
5909.20 21462.60
5910.21 21465.23
5911.20 21467.85
5912.21 21470.63
5913.20 21473.48
5914.21 21476.09
5915.20 21478.22
5916.21 21480.74
5917.20 21483.26
5918.21 21485.94
5919.20 21488.57
5920.21 21491.34
5921.21 21494.13
5922.21 21496.71
5923.20 21499.40
5924.20 21502.25
5925.21 21504.95
5926.20 21507.83
5927.21 21510.56
5928.21 21513.14
5929.21 21515.86
5930.20 21518.48
5931.20 21521.15
5932.21 21523.91
5933.21 21526.48
5934.21 21529.26
5935.21 21531.83
5936.21 21534.02
5937.20 21536.28
5938.20 21538.81
5939.20 21541.52
5940.20 21544.38
5941.20 21547.30
5942.20 21550.23
5943.21 21552.96
5944.21 21555.72
5945.20 21558.33
5946.24 21561.12
5947.21 21563.75
5948.25 21566.56
5949.20 21569.15
5950.21 21571.93
5951.22 21574.56
5952.20 21577.12
5953.21 21579.84
5954.20 21582.39
5955.20 21584.98
5956.20 21587.66
5957.23 21590.19
5958.20 21592.36
