187.69 810.76
188.68 815.91
189.67 821.35
190.69 826.70
191.69 832.26
192.70 837.83
193.68 843.12
194.69 848.50
195.67 853.86
196.69 859.77
197.68 865.06
198.69 870.55
199.69 876.08
200.68 881.54
201.72 887.35
202.69 892.87
203.70 898.68
204.69 904.09
205.70 909.40
206.69 914.80
207.71 920.51
208.68 926.09
209.69 931.77
210.69 937.13
211.69 942.71
212.69 948.22
213.69 953.74
214.68 959.01
215.70 964.39
216.68 969.61
217.71 975.23
218.70 980.78
219.70 986.48
220.68 991.79
221.69 997.18
222.69 1002.61
223.70 1008.29
224.69 1013.59
225.70 1019.25
226.69 1024.46
227.69 1029.89
228.70 1035.73
229.70 1041.24
230.69 1046.69
231.70 1052.30
232.69 1057.62
233.70 1062.97
234.70 1068.31
235.69 1073.69
236.69 1079.28
237.68 1084.81
238.69 1090.11
239.68 1095.44
240.70 1100.93
241.73 1106.69
242.68 1112.20
243.70 1117.99
244.70 1123.62
245.69 1129.17
246.70 1134.65
247.71 1140.24
248.69 1145.84
249.69 1151.67
250.69 1157.23
251.70 1162.77
252.70 1168.10
253.69 1173.61
254.69 1179.36
255.69 1185.06
256.68 1190.75
257.69 1196.53
258.68 1202.45
259.70 1208.51
260.68 1214.49
261.69 1220.37
262.70 1226.46
263.70 1232.28
264.70 1238.40
265.68 1243.74
266.71 1249.58
267.69 1255.33
268.68 1261.49
269.70 1267.10
270.69 1272.75
271.70 1278.52
272.69 1284.16
273.68 1290.00
274.69 1295.75
275.71 1301.51
276.69 1306.84
277.71 1312.44
278.68 1318.22
279.69 1324.40
280.69 1330.35
281.69 1336.01
282.70 1341.59
283.72 1347.74
284.68 1353.39
285.69 1359.44
286.68 1365.34
287.68 1371.17
288.68 1377.22
289.69 1383.32
290.69 1389.05
291.69 1394.93
292.70 1400.60
293.68 1406.39
294.69 1412.31
295.69 1417.86
296.69 1423.07
297.69 1428.46
298.69 1434.10
299.70 1439.33
300.69 1444.34
301.69 1450.03
302.70 1455.91
303.69 1461.72
304.68 1467.42
305.68 1473.44
306.68 1478.94
307.70 1484.04
308.69 1489.61
309.70 1495.40
310.69 1500.92
311.70 1506.43
312.70 1511.91
313.70 1517.46
314.68 1523.03
315.68 1528.63
316.69 1534.02
317.68 1539.34
318.68 1544.92
319.68 1550.27
320.70 1555.92
321.69 1561.37
322.68 1566.87
323.70 1572.32
324.70 1577.84
325.69 1583.41
326.69 1588.76
327.70 1594.35
328.68 1599.94
329.68 1605.57
330.71 1611.15
331.71 1616.77
332.69 1622.25
333.68 1627.76
334.68 1633.46
335.69 1639.20
336.68 1645.11
337.69 1650.78
338.68 1656.64
339.70 1662.50
340.69 1668.22
341.68 1673.77
342.70 1679.53
343.68 1685.02
344.70 1690.71
345.68 1696.23
346.69 1701.77
347.68 1707.52
348.68 1713.40
349.69 1718.84
350.69 1724.26
351.68 1729.71
352.68 1735.42
353.68 1741.07
354.71 1746.91
355.69 1752.19
356.74 1757.29
357.69 1762.62
358.68 1768.34
359.69 1773.71
360.68 1779.26
361.68 1785.06
362.69 1791.11
363.68 1796.83
364.69 1802.68
365.70 1808.54
366.69 1814.21
367.69 1820.07
368.70 1825.84
369.68 1831.47
370.69 1837.16
371.69 1842.68
372.69 1848.21
373.71 1854.00
374.69 1859.67
375.69 1865.52
376.70 1871.26
377.72 1877.03
378.67 1882.49
379.70 1888.27
380.70 1894.10
381.69 1899.73
382.69 1905.57
383.68 1911.14
384.68 1916.91
385.70 1922.86
386.72 1928.54
387.69 1934.13
388.71 1940.14
389.69 1945.67
390.69 1951.23
391.71 1956.96
392.68 1962.36
393.69 1967.78
394.69 1973.56
395.70 1979.35
396.72 1985.35
397.69 1990.73
398.70 1996.17
399.69 2001.76
400.69 2007.42
401.70 2012.91
402.69 2018.21
403.69 2023.69
404.69 2029.22
405.68 2034.71
406.68 2040.18
407.70 2045.74
408.69 2051.07
409.70 2056.66
410.69 2062.16
411.69 2067.75
412.68 2073.56
413.68 2078.99
414.68 2084.79
415.71 2090.64
416.69 2096.24
417.68 2101.92
418.71 2107.72
419.70 2113.12
420.68 2118.55
421.68 2124.18
422.71 2130.16
423.69 2135.79
424.68 2141.59
425.69 2147.45
426.67 2152.37
427.68 2157.77
428.70 2163.10
429.70 2168.36
430.69 2173.39
431.68 2178.34
