timestamp,id,uuid,load,memoryUtil,memoryTotal,memoryFree,driver,name,serial,display_mode,display_active
1709133911.588909,0,GPU-a71d5fd4-b7db-93b7-1b7a-5a6e2a6a8c65,0.2,0.38994140625,10240.0,6247.0,472.12,NVIDIA GeForce RTX 3080,[N/A],Enabled,Enabled
1709133912.586574,0,GPU-a71d5fd4-b7db-93b7-1b7a-5a6e2a6a8c65,0.19,0.57607421875,10240.0,4341.0,472.12,NVIDIA GeForce RTX 3080,[N/A],Enabled,Enabled
1709133913.585947,0,GPU-a71d5fd4-b7db-93b7-1b7a-5a6e2a6a8c65,0.11,0.5173828125,10240.0,4942.0,472.12,NVIDIA GeForce RTX 3080,[N/A],Enabled,Enabled
1709133914.582908,0,GPU-a71d5fd4-b7db-93b7-1b7a-5a6e2a6a8c65,0.11,0.5173828125,10240.0,4942.0,472.12,NVIDIA GeForce RTX 3080,[N/A],Enabled,Enabled
1709133915.58711,0,GPU-a71d5fd4-b7db-93b7-1b7a-5a6e2a6a8c65,0.11,0.5173828125,10240.0,4942.0,472.12,NVIDIA GeForce RTX 3080,[N/A],Enabled,Enabled
1709133916.582293,0,GPU-a71d5fd4-b7db-93b7-1b7a-5a6e2a6a8c65,0.12,0.40498046875,10240.0,6093.0,472.12,NVIDIA GeForce RTX 3080,[N/A],Enabled,Enabled
1709133917.581934,0,GPU-a71d5fd4-b7db-93b7-1b7a-5a6e2a6a8c65,0.14,0.50908203125,10240.0,5027.0,472.12,NVIDIA GeForce RTX 3080,[N/A],Enabled,Enabled
1709133918.593259,0,GPU-a71d5fd4-b7db-93b7-1b7a-5a6e2a6a8c65,0.14,0.46982421875,10240.0,5429.0,472.12,NVIDIA GeForce RTX 3080,[N/A],Enabled,Enabled
1709133919.580284,0,GPU-a71d5fd4-b7db-93b7-1b7a-5a6e2a6a8c65,0.15,0.46982421875,10240.0,5429.0,472.12,NVIDIA GeForce RTX 3080,[N/A],Enabled,Enabled
1709133920.579603,0,GPU-a71d5fd4-b7db-93b7-1b7a-5a6e2a6a8c65,0.14,0.466015625,10240.0,5468.0,472.12,NVIDIA GeForce RTX 3080,[N/A],Enabled,Enabled
1709133921.593667,0,GPU-a71d5fd4-b7db-93b7-1b7a-5a6e2a6a8c65,0.16,0.4697265625,10240.0,5430.0,472.12,NVIDIA GeForce RTX 3080,[N/A],Enabled,Enabled
1709133922.593402,0,GPU-a71d5fd4-b7db-93b7-1b7a-5a6e2a6a8c65,0.1,0.462109375,10240.0,5508.0,472.12,NVIDIA GeForce RTX 3080,[N/A],Enabled,Enabled
1709133923.58375,0,GPU-a71d5fd4-b7db-93b7-1b7a-5a6e2a6a8c65,0.14,0.47080078125,10240.0,5419.0,472.12,NVIDIA GeForce RTX 3080,[N/A],Enabled,Enabled
1709133924.581087,0,GPU-a71d5fd4-b7db-93b7-1b7a-5a6e2a6a8c65,0.15,0.47080078125,10240.0,5419.0,472.12,NVIDIA GeForce RTX 3080,[N/A],Enabled,Enabled
1709133925.579818,0,GPU-a71d5fd4-b7db-93b7-1b7a-5a6e2a6a8c65,0.14,0.4669921875,10240.0,5458.0,472.12,NVIDIA GeForce RTX 3080,[N/A],Enabled,Enabled
1709133926.579984,0,GPU-a71d5fd4-b7db-93b7-1b7a-5a6e2a6a8c65,0.16,0.47080078125,10240.0,5419.0,472.12,NVIDIA GeForce RTX 3080,[N/A],Enabled,Enabled
1709133927.581937,0,GPU-a71d5fd4-b7db-93b7-1b7a-5a6e2a6a8c65,0.14,0.46708984375,10240.0,5457.0,472.12,NVIDIA GeForce RTX 3080,[N/A],Enabled,Enabled
1709133928.582432,0,GPU-a71d5fd4-b7db-93b7-1b7a-5a6e2a6a8c65,0.14,0.46708984375,10240.0,5457.0,472.12,NVIDIA GeForce RTX 3080,[N/A],Enabled,Enabled
1709133929.594247,0,GPU-a71d5fd4-b7db-93b7-1b7a-5a6e2a6a8c65,0.14,0.47080078125,10240.0,5419.0,472.12,NVIDIA GeForce RTX 3080,[N/A],Enabled,Enabled
1709133930.580981,0,GPU-a71d5fd4-b7db-93b7-1b7a-5a6e2a6a8c65,0.14,0.46708984375,10240.0,5457.0,472.12,NVIDIA GeForce RTX 3080,[N/A],Enabled,Enabled
1709133931.57985,0,GPU-a71d5fd4-b7db-93b7-1b7a-5a6e2a6a8c65,0.14,0.46708984375,10240.0,5457.0,472.12,NVIDIA GeForce RTX 3080,[N/A],Enabled,Enabled
1709133932.590253,0,GPU-a71d5fd4-b7db-93b7-1b7a-5a6e2a6a8c65,0.15,0.47080078125,10240.0,5419.0,472.12,NVIDIA GeForce RTX 3080,[N/A],Enabled,Enabled
1709133933.588808,0,GPU-a71d5fd4-b7db-93b7-1b7a-5a6e2a6a8c65,0.14,0.46708984375,10240.0,5457.0,472.12,NVIDIA GeForce RTX 3080,[N/A],Enabled,Enabled
1709133934.584737,0,GPU-a71d5fd4-b7db-93b7-1b7a-5a6e2a6a8c65,0.14,0.47080078125,10240.0,5419.0,472.12,NVIDIA GeForce RTX 3080,[N/A],Enabled,Enabled
1709133935.581751,0,GPU-a71d5fd4-b7db-93b7-1b7a-5a6e2a6a8c65,0.14,0.46708984375,10240.0,5457.0,472.12,NVIDIA GeForce RTX 3080,[N/A],Enabled,Enabled
1709133936.581088,0,GPU-a71d5fd4-b7db-93b7-1b7a-5a6e2a6a8c65,0.14,0.47080078125,10240.0,5419.0,472.12,NVIDIA GeForce RTX 3080,[N/A],Enabled,Enabled
1709133937.59335,0,GPU-a71d5fd4-b7db-93b7-1b7a-5a6e2a6a8c65,0.14,0.46708984375,10240.0,5457.0,472.12,NVIDIA GeForce RTX 3080,[N/A],Enabled,Enabled
1709133938.589732,0,GPU-a71d5fd4-b7db-93b7-1b7a-5a6e2a6a8c65,0.16,0.47080078125,10240.0,5419.0,472.12,NVIDIA GeForce RTX 3080,[N/A],Enabled,Enabled
1709133939.586513,0,GPU-a71d5fd4-b7db-93b7-1b7a-5a6e2a6a8c65,0.14,0.46708984375,10240.0,5457.0,472.12,NVIDIA GeForce RTX 3080,[N/A],Enabled,Enabled
1709133940.580608,0,GPU-a71d5fd4-b7db-93b7-1b7a-5a6e2a6a8c65,0.14,0.46708984375,10240.0,5457.0,472.12,NVIDIA GeForce RTX 3080,[N/A],Enabled,Enabled
1709133941.58068,0,GPU-a71d5fd4-b7db-93b7-1b7a-5a6e2a6a8c65,0.14,0.46708984375,10240.0,5457.0,472.12,NVIDIA GeForce RTX 3080,[N/A],Enabled,Enabled
1709133942.594489,0,GPU-a71d5fd4-b7db-93b7-1b7a-5a6e2a6a8c65,0.15,0.47080078125,10240.0,5419.0,472.12,NVIDIA GeForce RTX 3080,[N/A],Enabled,Enabled
1709133943.589835,0,GPU-a71d5fd4-b7db-93b7-1b7a-5a6e2a6a8c65,0.14,0.46708984375,10240.0,5457.0,472.12,NVIDIA GeForce RTX 3080,[N/A],Enabled,Enabled
1709133944.586975,0,GPU-a71d5fd4-b7db-93b7-1b7a-5a6e2a6a8c65,0.14,0.46708984375,10240.0,5457.0,472.12,NVIDIA GeForce RTX 3080,[N/A],Enabled,Enabled
1709133945.585378,0,GPU-a71d5fd4-b7db-93b7-1b7a-5a6e2a6a8c65,0.14,0.46708984375,10240.0,5457.0,472.12,NVIDIA GeForce RTX 3080,[N/A],Enabled,Enabled
1709133946.583295,0,GPU-a71d5fd4-b7db-93b7-1b7a-5a6e2a6a8c65,0.14,0.46708984375,10240.0,5457.0,472.12,NVIDIA GeForce RTX 3080,[N/A],Enabled,Enabled
1709133947.580572,0,GPU-a71d5fd4-b7db-93b7-1b7a-5a6e2a6a8c65,0.14,0.46943359375,10240.0,5433.0,472.12,NVIDIA GeForce RTX 3080,[N/A],Enabled,Enabled
1709133948.593729,0,GPU-a71d5fd4-b7db-93b7-1b7a-5a6e2a6a8c65,0.16,0.48017578125,10240.0,5323.0,472.12,NVIDIA GeForce RTX 3080,[N/A],Enabled,Enabled
1709133949.589562,0,GPU-a71d5fd4-b7db-93b7-1b7a-5a6e2a6a8c65,0.17,0.48017578125,10240.0,5323.0,472.12,NVIDIA GeForce RTX 3080,[N/A],Enabled,Enabled
1709133950.590007,0,GPU-a71d5fd4-b7db-93b7-1b7a-5a6e2a6a8c65,0.17,0.48017578125,10240.0,5323.0,472.12,NVIDIA GeForce RTX 3080,[N/A],Enabled,Enabled
1709133951.587109,0,GPU-a71d5fd4-b7db-93b7-1b7a-5a6e2a6a8c65,0.18,0.48017578125,10240.0,5323.0,472.12,NVIDIA GeForce RTX 3080,[N/A],Enabled,Enabled
1709133952.582569,0,GPU-a71d5fd4-b7db-93b7-1b7a-5a6e2a6a8c65,0.17,0.48017578125,10240.0,5323.0,472.12,NVIDIA GeForce RTX 3080,[N/A],Enabled,Enabled
1709133953.593908,0,GPU-a71d5fd4-b7db-93b7-1b7a-5a6e2a6a8c65,0.18,0.48017578125,10240.0,5323.0,472.12,NVIDIA GeForce RTX 3080,[N/A],Enabled,Enabled
1709133954.591931,0,GPU-a71d5fd4-b7db-93b7-1b7a-5a6e2a6a8c65,0.17,0.48017578125,10240.0,5323.0,472.12,NVIDIA GeForce RTX 3080,[N/A],Enabled,Enabled
1709133955.588966,0,GPU-a71d5fd4-b7db-93b7-1b7a-5a6e2a6a8c65,0.17,0.48017578125,10240.0,5323.0,472.12,NVIDIA GeForce RTX 3080,[N/A],Enabled,Enabled
1709133956.594911,0,GPU-a71d5fd4-b7db-93b7-1b7a-5a6e2a6a8c65,0.17,0.48017578125,10240.0,5323.0,472.12,NVIDIA GeForce RTX 3080,[N/A],Enabled,Enabled
1709133957.592879,0,GPU-a71d5fd4-b7db-93b7-1b7a-5a6e2a6a8c65,0.17,0.48017578125,10240.0,5323.0,472.12,NVIDIA GeForce RTX 3080,[N/A],Enabled,Enabled
1709133958.586468,0,GPU-a71d5fd4-b7db-93b7-1b7a-5a6e2a6a8c65,0.17,0.48017578125,10240.0,5323.0,472.12,NVIDIA GeForce RTX 3080,[N/A],Enabled,Enabled
1709133959.581504,0,GPU-a71d5fd4-b7db-93b7-1b7a-5a6e2a6a8c65,0.18,0.48017578125,10240.0,5323.0,472.12,NVIDIA GeForce RTX 3080,[N/A],Enabled,Enabled
1709133960.594646,0,GPU-a71d5fd4-b7db-93b7-1b7a-5a6e2a6a8c65,0.18,0.48017578125,10240.0,5323.0,472.12,NVIDIA GeForce RTX 3080,[N/A],Enabled,Enabled
1709133961.593782,0,GPU-a71d5fd4-b7db-93b7-1b7a-5a6e2a6a8c65,0.18,0.48017578125,10240.0,5323.0,472.12,NVIDIA GeForce RTX 3080,[N/A],Enabled,Enabled
1709133962.593367,0,GPU-a71d5fd4-b7db-93b7-1b7a-5a6e2a6a8c65,0.17,0.48017578125,10240.0,5323.0,472.12,NVIDIA GeForce RTX 3080,[N/A],Enabled,Enabled
1709133963.594526,0,GPU-a71d5fd4-b7db-93b7-1b7a-5a6e2a6a8c65,0.18,0.48017578125,10240.0,5323.0,472.12,NVIDIA GeForce RTX 3080,[N/A],Enabled,Enabled
1709133964.591951,0,GPU-a71d5fd4-b7db-93b7-1b7a-5a6e2a6a8c65,0.17,0.48017578125,10240.0,5323.0,472.12,NVIDIA GeForce RTX 3080,[N/A],Enabled,Enabled
1709133965.593693,0,GPU-a71d5fd4-b7db-93b7-1b7a-5a6e2a6a8c65,0.18,0.48017578125,10240.0,5323.0,472.12,NVIDIA GeForce RTX 3080,[N/A],Enabled,Enabled
1709133966.588604,0,GPU-a71d5fd4-b7db-93b7-1b7a-5a6e2a6a8c65,0.17,0.48017578125,10240.0,5323.0,472.12,NVIDIA GeForce RTX 3080,[N/A],Enabled,Enabled
1709133967.586544,0,GPU-a71d5fd4-b7db-93b7-1b7a-5a6e2a6a8c65,0.17,0.48017578125,10240.0,5323.0,472.12,NVIDIA GeForce RTX 3080,[N/A],Enabled,Enabled
1709133968.584835,0,GPU-a71d5fd4-b7db-93b7-1b7a-5a6e2a6a8c65,0.17,0.48017578125,10240.0,5323.0,472.12,NVIDIA GeForce RTX 3080,[N/A],Enabled,Enabled
1709133969.593395,0,GPU-a71d5fd4-b7db-93b7-1b7a-5a6e2a6a8c65,0.18,0.48017578125,10240.0,5323.0,472.12,NVIDIA GeForce RTX 3080,[N/A],Enabled,Enabled
1709133970.581051,0,GPU-a71d5fd4-b7db-93b7-1b7a-5a6e2a6a8c65,0.17,0.48017578125,10240.0,5323.0,472.12,NVIDIA GeForce RTX 3080,[N/A],Enabled,Enabled
1709133971.5922,0,GPU-a71d5fd4-b7db-93b7-1b7a-5a6e2a6a8c65,0.18,0.48017578125,10240.0,5323.0,472.12,NVIDIA GeForce RTX 3080,[N/A],Enabled,Enabled
1709133972.59215,0,GPU-a71d5fd4-b7db-93b7-1b7a-5a6e2a6a8c65,0.18,0.48017578125,10240.0,5323.0,472.12,NVIDIA GeForce RTX 3080,[N/A],Enabled,Enabled
1709133973.586562,0,GPU-a71d5fd4-b7db-93b7-1b7a-5a6e2a6a8c65,0.18,0.48017578125,10240.0,5323.0,472.12,NVIDIA GeForce RTX 3080,[N/A],Enabled,Enabled
1709133974.581506,0,GPU-a71d5fd4-b7db-93b7-1b7a-5a6e2a6a8c65,0.17,0.48017578125,10240.0,5323.0,472.12,NVIDIA GeForce RTX 3080,[N/A],Enabled,Enabled
1709133975.593306,0,GPU-a71d5fd4-b7db-93b7-1b7a-5a6e2a6a8c65,0.17,0.48017578125,10240.0,5323.0,472.12,NVIDIA GeForce RTX 3080,[N/A],Enabled,Enabled
1709133976.591787,0,GPU-a71d5fd4-b7db-93b7-1b7a-5a6e2a6a8c65,0.18,0.48017578125,10240.0,5323.0,472.12,NVIDIA GeForce RTX 3080,[N/A],Enabled,Enabled
1709133977.590774,0,GPU-a71d5fd4-b7db-93b7-1b7a-5a6e2a6a8c65,0.18,0.48017578125,10240.0,5323.0,472.12,NVIDIA GeForce RTX 3080,[N/A],Enabled,Enabled
1709133978.584574,0,GPU-a71d5fd4-b7db-93b7-1b7a-5a6e2a6a8c65,0.17,0.48017578125,10240.0,5323.0,472.12,NVIDIA GeForce RTX 3080,[N/A],Enabled,Enabled
1709133979.587916,0,GPU-a71d5fd4-b7db-93b7-1b7a-5a6e2a6a8c65,0.18,0.48017578125,10240.0,5323.0,472.12,NVIDIA GeForce RTX 3080,[N/A],Enabled,Enabled
1709133980.581744,0,GPU-a71d5fd4-b7db-93b7-1b7a-5a6e2a6a8c65,0.17,0.48017578125,10240.0,5323.0,472.12,NVIDIA GeForce RTX 3080,[N/A],Enabled,Enabled
1709133981.582618,0,GPU-a71d5fd4-b7db-93b7-1b7a-5a6e2a6a8c65,0.18,0.48017578125,10240.0,5323.0,472.12,NVIDIA GeForce RTX 3080,[N/A],Enabled,Enabled
1709133982.59484,0,GPU-a71d5fd4-b7db-93b7-1b7a-5a6e2a6a8c65,0.17,0.48017578125,10240.0,5323.0,472.12,NVIDIA GeForce RTX 3080,[N/A],Enabled,Enabled
1709133983.593335,0,GPU-a71d5fd4-b7db-93b7-1b7a-5a6e2a6a8c65,0.18,0.48017578125,10240.0,5323.0,472.12,NVIDIA GeForce RTX 3080,[N/A],Enabled,Enabled
1709133984.594007,0,GPU-a71d5fd4-b7db-93b7-1b7a-5a6e2a6a8c65,0.17,0.48017578125,10240.0,5323.0,472.12,NVIDIA GeForce RTX 3080,[N/A],Enabled,Enabled
1709133985.591761,0,GPU-a71d5fd4-b7db-93b7-1b7a-5a6e2a6a8c65,0.18,0.48017578125,10240.0,5323.0,472.12,NVIDIA GeForce RTX 3080,[N/A],Enabled,Enabled
1709133986.588538,0,GPU-a71d5fd4-b7db-93b7-1b7a-5a6e2a6a8c65,0.17,0.48017578125,10240.0,5323.0,472.12,NVIDIA GeForce RTX 3080,[N/A],Enabled,Enabled
1709133987.586491,0,GPU-a71d5fd4-b7db-93b7-1b7a-5a6e2a6a8c65,0.17,0.48017578125,10240.0,5323.0,472.12,NVIDIA GeForce RTX 3080,[N/A],Enabled,Enabled
1709133988.588834,0,GPU-a71d5fd4-b7db-93b7-1b7a-5a6e2a6a8c65,0.17,0.48017578125,10240.0,5323.0,472.12,NVIDIA GeForce RTX 3080,[N/A],Enabled,Enabled
1709133989.585893,0,GPU-a71d5fd4-b7db-93b7-1b7a-5a6e2a6a8c65,0.18,0.48017578125,10240.0,5323.0,472.12,NVIDIA GeForce RTX 3080,[N/A],Enabled,Enabled
1709133990.582735,0,GPU-a71d5fd4-b7db-93b7-1b7a-5a6e2a6a8c65,0.17,0.48017578125,10240.0,5323.0,472.12,NVIDIA GeForce RTX 3080,[N/A],Enabled,Enabled
1709133991.58189,0,GPU-a71d5fd4-b7db-93b7-1b7a-5a6e2a6a8c65,0.19,0.48017578125,10240.0,5323.0,472.12,NVIDIA GeForce RTX 3080,[N/A],Enabled,Enabled
1709133992.580533,0,GPU-a71d5fd4-b7db-93b7-1b7a-5a6e2a6a8c65,0.17,0.48017578125,10240.0,5323.0,472.12,NVIDIA GeForce RTX 3080,[N/A],Enabled,Enabled
1709133993.580778,0,GPU-a71d5fd4-b7db-93b7-1b7a-5a6e2a6a8c65,0.18,0.48017578125,10240.0,5323.0,472.12,NVIDIA GeForce RTX 3080,[N/A],Enabled,Enabled
1709133994.581347,0,GPU-a71d5fd4-b7db-93b7-1b7a-5a6e2a6a8c65,0.17,0.48017578125,10240.0,5323.0,472.12,NVIDIA GeForce RTX 3080,[N/A],Enabled,Enabled
1709133995.591791,0,GPU-a71d5fd4-b7db-93b7-1b7a-5a6e2a6a8c65,0.18,0.48017578125,10240.0,5323.0,472.12,NVIDIA GeForce RTX 3080,[N/A],Enabled,Enabled
1709133996.589749,0,GPU-a71d5fd4-b7db-93b7-1b7a-5a6e2a6a8c65,0.18,0.48017578125,10240.0,5323.0,472.12,NVIDIA GeForce RTX 3080,[N/A],Enabled,Enabled
1709133997.584429,0,GPU-a71d5fd4-b7db-93b7-1b7a-5a6e2a6a8c65,0.18,0.48017578125,10240.0,5323.0,472.12,NVIDIA GeForce RTX 3080,[N/A],Enabled,Enabled
1709133998.583593,0,GPU-a71d5fd4-b7db-93b7-1b7a-5a6e2a6a8c65,0.17,0.48017578125,10240.0,5323.0,472.12,NVIDIA GeForce RTX 3080,[N/A],Enabled,Enabled
1709133999.582858,0,GPU-a71d5fd4-b7db-93b7-1b7a-5a6e2a6a8c65,0.18,0.48017578125,10240.0,5323.0,472.12,NVIDIA GeForce RTX 3080,[N/A],Enabled,Enabled
1709134000.583521,0,GPU-a71d5fd4-b7db-93b7-1b7a-5a6e2a6a8c65,0.17,0.48017578125,10240.0,5323.0,472.12,NVIDIA GeForce RTX 3080,[N/A],Enabled,Enabled
1709134001.582953,0,GPU-a71d5fd4-b7db-93b7-1b7a-5a6e2a6a8c65,0.18,0.48017578125,10240.0,5323.0,472.12,NVIDIA GeForce RTX 3080,[N/A],Enabled,Enabled
1709134002.580953,0,GPU-a71d5fd4-b7db-93b7-1b7a-5a6e2a6a8c65,0.18,0.48017578125,10240.0,5323.0,472.12,NVIDIA GeForce RTX 3080,[N/A],Enabled,Enabled
1709134003.593342,0,GPU-a71d5fd4-b7db-93b7-1b7a-5a6e2a6a8c65,0.18,0.48017578125,10240.0,5323.0,472.12,NVIDIA GeForce RTX 3080,[N/A],Enabled,Enabled
1709134004.580603,0,GPU-a71d5fd4-b7db-93b7-1b7a-5a6e2a6a8c65,0.17,0.48017578125,10240.0,5323.0,472.12,NVIDIA GeForce RTX 3080,[N/A],Enabled,Enabled
1709134005.592276,0,GPU-a71d5fd4-b7db-93b7-1b7a-5a6e2a6a8c65,0.18,0.48017578125,10240.0,5323.0,472.12,NVIDIA GeForce RTX 3080,[N/A],Enabled,Enabled
1709134006.591013,0,GPU-a71d5fd4-b7db-93b7-1b7a-5a6e2a6a8c65,0.17,0.48017578125,10240.0,5323.0,472.12,NVIDIA GeForce RTX 3080,[N/A],Enabled,Enabled
1709134007.588606,0,GPU-a71d5fd4-b7db-93b7-1b7a-5a6e2a6a8c65,0.18,0.48017578125,10240.0,5323.0,472.12,NVIDIA GeForce RTX 3080,[N/A],Enabled,Enabled
1709134008.586494,0,GPU-a71d5fd4-b7db-93b7-1b7a-5a6e2a6a8c65,0.17,0.48017578125,10240.0,5323.0,472.12,NVIDIA GeForce RTX 3080,[N/A],Enabled,Enabled
1709134009.585726,0,GPU-a71d5fd4-b7db-93b7-1b7a-5a6e2a6a8c65,0.18,0.48017578125,10240.0,5323.0,472.12,NVIDIA GeForce RTX 3080,[N/A],Enabled,Enabled
1709134010.584837,0,GPU-a71d5fd4-b7db-93b7-1b7a-5a6e2a6a8c65,0.17,0.48017578125,10240.0,5323.0,472.12,NVIDIA GeForce RTX 3080,[N/A],Enabled,Enabled
1709134011.580768,0,GPU-a71d5fd4-b7db-93b7-1b7a-5a6e2a6a8c65,0.18,0.48017578125,10240.0,5323.0,472.12,NVIDIA GeForce RTX 3080,[N/A],Enabled,Enabled
1709134012.584501,0,GPU-a71d5fd4-b7db-93b7-1b7a-5a6e2a6a8c65,0.17,0.48017578125,10240.0,5323.0,472.12,NVIDIA GeForce RTX 3080,[N/A],Enabled,Enabled
1709134013.579654,0,GPU-a71d5fd4-b7db-93b7-1b7a-5a6e2a6a8c65,0.18,0.48017578125,10240.0,5323.0,472.12,NVIDIA GeForce RTX 3080,[N/A],Enabled,Enabled
1709134014.5921,0,GPU-a71d5fd4-b7db-93b7-1b7a-5a6e2a6a8c65,0.17,0.48017578125,10240.0,5323.0,472.12,NVIDIA GeForce RTX 3080,[N/A],Enabled,Enabled
1709134015.593655,0,GPU-a71d5fd4-b7db-93b7-1b7a-5a6e2a6a8c65,0.18,0.48017578125,10240.0,5323.0,472.12,NVIDIA GeForce RTX 3080,[N/A],Enabled,Enabled
1709134016.590984,0,GPU-a71d5fd4-b7db-93b7-1b7a-5a6e2a6a8c65,0.18,0.48017578125,10240.0,5323.0,472.12,NVIDIA GeForce RTX 3080,[N/A],Enabled,Enabled
1709134017.589564,0,GPU-a71d5fd4-b7db-93b7-1b7a-5a6e2a6a8c65,0.17,0.48017578125,10240.0,5323.0,472.12,NVIDIA GeForce RTX 3080,[N/A],Enabled,Enabled
1709134018.583576,0,GPU-a71d5fd4-b7db-93b7-1b7a-5a6e2a6a8c65,0.18,0.48017578125,10240.0,5323.0,472.12,NVIDIA GeForce RTX 3080,[N/A],Enabled,Enabled
1709134019.581772,0,GPU-a71d5fd4-b7db-93b7-1b7a-5a6e2a6a8c65,0.18,0.48017578125,10240.0,5323.0,472.12,NVIDIA GeForce RTX 3080,[N/A],Enabled,Enabled
1709134020.58197,0,GPU-a71d5fd4-b7db-93b7-1b7a-5a6e2a6a8c65,0.18,0.48017578125,10240.0,5323.0,472.12,NVIDIA GeForce RTX 3080,[N/A],Enabled,Enabled
1709134021.581906,0,GPU-a71d5fd4-b7db-93b7-1b7a-5a6e2a6a8c65,0.18,0.48017578125,10240.0,5323.0,472.12,NVIDIA GeForce RTX 3080,[N/A],Enabled,Enabled
1709134022.591836,0,GPU-a71d5fd4-b7db-93b7-1b7a-5a6e2a6a8c65,0.17,0.48017578125,10240.0,5323.0,472.12,NVIDIA GeForce RTX 3080,[N/A],Enabled,Enabled
1709134023.590068,0,GPU-a71d5fd4-b7db-93b7-1b7a-5a6e2a6a8c65,0.17,0.48017578125,10240.0,5323.0,472.12,NVIDIA GeForce RTX 3080,[N/A],Enabled,Enabled
1709134024.586854,0,GPU-a71d5fd4-b7db-93b7-1b7a-5a6e2a6a8c65,0.17,0.48017578125,10240.0,5323.0,472.12,NVIDIA GeForce RTX 3080,[N/A],Enabled,Enabled
1709134025.591174,0,GPU-a71d5fd4-b7db-93b7-1b7a-5a6e2a6a8c65,0.18,0.48017578125,10240.0,5323.0,472.12,NVIDIA GeForce RTX 3080,[N/A],Enabled,Enabled
1709134026.590172,0,GPU-a71d5fd4-b7db-93b7-1b7a-5a6e2a6a8c65,0.18,0.48017578125,10240.0,5323.0,472.12,NVIDIA GeForce RTX 3080,[N/A],Enabled,Enabled
1709134027.589715,0,GPU-a71d5fd4-b7db-93b7-1b7a-5a6e2a6a8c65,0.18,0.48017578125,10240.0,5323.0,472.12,NVIDIA GeForce RTX 3080,[N/A],Enabled,Enabled
1709134028.591921,0,GPU-a71d5fd4-b7db-93b7-1b7a-5a6e2a6a8c65,0.17,0.48017578125,10240.0,5323.0,472.12,NVIDIA GeForce RTX 3080,[N/A],Enabled,Enabled
1709134029.587821,0,GPU-a71d5fd4-b7db-93b7-1b7a-5a6e2a6a8c65,0.17,0.48017578125,10240.0,5323.0,472.12,NVIDIA GeForce RTX 3080,[N/A],Enabled,Enabled
1709134030.586602,0,GPU-a71d5fd4-b7db-93b7-1b7a-5a6e2a6a8c65,0.17,0.48017578125,10240.0,5323.0,472.12,NVIDIA GeForce RTX 3080,[N/A],Enabled,Enabled
1709134031.584771,0,GPU-a71d5fd4-b7db-93b7-1b7a-5a6e2a6a8c65,0.18,0.48017578125,10240.0,5323.0,472.12,NVIDIA GeForce RTX 3080,[N/A],Enabled,Enabled
1709134032.584538,0,GPU-a71d5fd4-b7db-93b7-1b7a-5a6e2a6a8c65,0.18,0.48017578125,10240.0,5323.0,472.12,NVIDIA GeForce RTX 3080,[N/A],Enabled,Enabled
1709134033.581866,0,GPU-a71d5fd4-b7db-93b7-1b7a-5a6e2a6a8c65,0.18,0.48017578125,10240.0,5323.0,472.12,NVIDIA GeForce RTX 3080,[N/A],Enabled,Enabled
1709134034.57972,0,GPU-a71d5fd4-b7db-93b7-1b7a-5a6e2a6a8c65,0.17,0.48017578125,10240.0,5323.0,472.12,NVIDIA GeForce RTX 3080,[N/A],Enabled,Enabled
1709134035.594593,0,GPU-a71d5fd4-b7db-93b7-1b7a-5a6e2a6a8c65,0.18,0.48017578125,10240.0,5323.0,472.12,NVIDIA GeForce RTX 3080,[N/A],Enabled,Enabled
1709134036.589804,0,GPU-a71d5fd4-b7db-93b7-1b7a-5a6e2a6a8c65,0.18,0.48017578125,10240.0,5323.0,472.12,NVIDIA GeForce RTX 3080,[N/A],Enabled,Enabled
1709134037.585921,0,GPU-a71d5fd4-b7db-93b7-1b7a-5a6e2a6a8c65,0.18,0.48017578125,10240.0,5323.0,472.12,NVIDIA GeForce RTX 3080,[N/A],Enabled,Enabled
1709134038.583628,0,GPU-a71d5fd4-b7db-93b7-1b7a-5a6e2a6a8c65,0.18,0.48017578125,10240.0,5323.0,472.12,NVIDIA GeForce RTX 3080,[N/A],Enabled,Enabled
1709134039.582902,0,GPU-a71d5fd4-b7db-93b7-1b7a-5a6e2a6a8c65,0.19,0.48017578125,10240.0,5323.0,472.12,NVIDIA GeForce RTX 3080,[N/A],Enabled,Enabled
1709134040.586903,0,GPU-a71d5fd4-b7db-93b7-1b7a-5a6e2a6a8c65,0.17,0.48017578125,10240.0,5323.0,472.12,NVIDIA GeForce RTX 3080,[N/A],Enabled,Enabled
1709134041.584888,0,GPU-a71d5fd4-b7db-93b7-1b7a-5a6e2a6a8c65,0.18,0.48017578125,10240.0,5323.0,472.12,NVIDIA GeForce RTX 3080,[N/A],Enabled,Enabled
1709134042.581791,0,GPU-a71d5fd4-b7db-93b7-1b7a-5a6e2a6a8c65,0.18,0.48017578125,10240.0,5323.0,472.12,NVIDIA GeForce RTX 3080,[N/A],Enabled,Enabled
1709134043.581898,0,GPU-a71d5fd4-b7db-93b7-1b7a-5a6e2a6a8c65,0.18,0.48017578125,10240.0,5323.0,472.12,NVIDIA GeForce RTX 3080,[N/A],Enabled,Enabled
1709134044.590589,0,GPU-a71d5fd4-b7db-93b7-1b7a-5a6e2a6a8c65,0.18,0.48017578125,10240.0,5323.0,472.12,NVIDIA GeForce RTX 3080,[N/A],Enabled,Enabled
1709134045.585628,0,GPU-a71d5fd4-b7db-93b7-1b7a-5a6e2a6a8c65,0.18,0.48017578125,10240.0,5323.0,472.12,NVIDIA GeForce RTX 3080,[N/A],Enabled,Enabled
1709134046.585821,0,GPU-a71d5fd4-b7db-93b7-1b7a-5a6e2a6a8c65,0.17,0.48017578125,10240.0,5323.0,472.12,NVIDIA GeForce RTX 3080,[N/A],Enabled,Enabled
1709134047.586729,0,GPU-a71d5fd4-b7db-93b7-1b7a-5a6e2a6a8c65,0.17,0.48017578125,10240.0,5323.0,472.12,NVIDIA GeForce RTX 3080,[N/A],Enabled,Enabled
1709134048.588966,0,GPU-a71d5fd4-b7db-93b7-1b7a-5a6e2a6a8c65,0.17,0.48017578125,10240.0,5323.0,472.12,NVIDIA GeForce RTX 3080,[N/A],Enabled,Enabled
1709134049.585476,0,GPU-a71d5fd4-b7db-93b7-1b7a-5a6e2a6a8c65,0.18,0.48017578125,10240.0,5323.0,472.12,NVIDIA GeForce RTX 3080,[N/A],Enabled,Enabled
1709134050.581569,0,GPU-a71d5fd4-b7db-93b7-1b7a-5a6e2a6a8c65,0.18,0.48017578125,10240.0,5323.0,472.12,NVIDIA GeForce RTX 3080,[N/A],Enabled,Enabled
1709134051.593043,0,GPU-a71d5fd4-b7db-93b7-1b7a-5a6e2a6a8c65,0.18,0.48017578125,10240.0,5323.0,472.12,NVIDIA GeForce RTX 3080,[N/A],Enabled,Enabled
1709134052.59289,0,GPU-a71d5fd4-b7db-93b7-1b7a-5a6e2a6a8c65,0.17,0.4802734375,10240.0,5322.0,472.12,NVIDIA GeForce RTX 3080,[N/A],Enabled,Enabled
1709134053.592012,0,GPU-a71d5fd4-b7db-93b7-1b7a-5a6e2a6a8c65,0.18,0.4802734375,10240.0,5322.0,472.12,NVIDIA GeForce RTX 3080,[N/A],Enabled,Enabled
1709134054.590978,0,GPU-a71d5fd4-b7db-93b7-1b7a-5a6e2a6a8c65,0.18,0.4802734375,10240.0,5322.0,472.12,NVIDIA GeForce RTX 3080,[N/A],Enabled,Enabled
1709134055.588968,0,GPU-a71d5fd4-b7db-93b7-1b7a-5a6e2a6a8c65,0.18,0.4802734375,10240.0,5322.0,472.12,NVIDIA GeForce RTX 3080,[N/A],Enabled,Enabled
1709134056.585828,0,GPU-a71d5fd4-b7db-93b7-1b7a-5a6e2a6a8c65,0.17,0.4802734375,10240.0,5322.0,472.12,NVIDIA GeForce RTX 3080,[N/A],Enabled,Enabled
1709134057.587873,0,GPU-a71d5fd4-b7db-93b7-1b7a-5a6e2a6a8c65,0.18,0.4802734375,10240.0,5322.0,472.12,NVIDIA GeForce RTX 3080,[N/A],Enabled,Enabled
1709134058.588763,0,GPU-a71d5fd4-b7db-93b7-1b7a-5a6e2a6a8c65,0.17,0.4802734375,10240.0,5322.0,472.12,NVIDIA GeForce RTX 3080,[N/A],Enabled,Enabled
1709134059.584476,0,GPU-a71d5fd4-b7db-93b7-1b7a-5a6e2a6a8c65,0.17,0.4802734375,10240.0,5322.0,472.12,NVIDIA GeForce RTX 3080,[N/A],Enabled,Enabled
1709134060.584908,0,GPU-a71d5fd4-b7db-93b7-1b7a-5a6e2a6a8c65,0.18,0.4802734375,10240.0,5322.0,472.12,NVIDIA GeForce RTX 3080,[N/A],Enabled,Enabled
1709134061.584469,0,GPU-a71d5fd4-b7db-93b7-1b7a-5a6e2a6a8c65,0.18,0.4802734375,10240.0,5322.0,472.12,NVIDIA GeForce RTX 3080,[N/A],Enabled,Enabled
1709134062.595037,0,GPU-a71d5fd4-b7db-93b7-1b7a-5a6e2a6a8c65,0.18,0.4802734375,10240.0,5322.0,472.12,NVIDIA GeForce RTX 3080,[N/A],Enabled,Enabled
1709134063.585562,0,GPU-a71d5fd4-b7db-93b7-1b7a-5a6e2a6a8c65,0.18,0.4802734375,10240.0,5322.0,472.12,NVIDIA GeForce RTX 3080,[N/A],Enabled,Enabled
1709134064.580565,0,GPU-a71d5fd4-b7db-93b7-1b7a-5a6e2a6a8c65,0.17,0.4802734375,10240.0,5322.0,472.12,NVIDIA GeForce RTX 3080,[N/A],Enabled,Enabled
1709134065.580205,0,GPU-a71d5fd4-b7db-93b7-1b7a-5a6e2a6a8c65,0.17,0.4802734375,10240.0,5322.0,472.12,NVIDIA GeForce RTX 3080,[N/A],Enabled,Enabled
1709134066.591167,0,GPU-a71d5fd4-b7db-93b7-1b7a-5a6e2a6a8c65,0.18,0.4802734375,10240.0,5322.0,472.12,NVIDIA GeForce RTX 3080,[N/A],Enabled,Enabled
1709134067.589117,0,GPU-a71d5fd4-b7db-93b7-1b7a-5a6e2a6a8c65,0.18,0.4802734375,10240.0,5322.0,472.12,NVIDIA GeForce RTX 3080,[N/A],Enabled,Enabled
1709134068.588692,0,GPU-a71d5fd4-b7db-93b7-1b7a-5a6e2a6a8c65,0.17,0.4802734375,10240.0,5322.0,472.12,NVIDIA GeForce RTX 3080,[N/A],Enabled,Enabled
1709134069.581713,0,GPU-a71d5fd4-b7db-93b7-1b7a-5a6e2a6a8c65,0.18,0.4802734375,10240.0,5322.0,472.12,NVIDIA GeForce RTX 3080,[N/A],Enabled,Enabled
1709134070.594721,0,GPU-a71d5fd4-b7db-93b7-1b7a-5a6e2a6a8c65,0.18,0.4802734375,10240.0,5322.0,472.12,NVIDIA GeForce RTX 3080,[N/A],Enabled,Enabled
1709134071.593293,0,GPU-a71d5fd4-b7db-93b7-1b7a-5a6e2a6a8c65,0.18,0.4802734375,10240.0,5322.0,472.12,NVIDIA GeForce RTX 3080,[N/A],Enabled,Enabled
1709134072.582168,0,GPU-a71d5fd4-b7db-93b7-1b7a-5a6e2a6a8c65,0.18,0.4802734375,10240.0,5322.0,472.12,NVIDIA GeForce RTX 3080,[N/A],Enabled,Enabled
1709134073.581741,0,GPU-a71d5fd4-b7db-93b7-1b7a-5a6e2a6a8c65,0.18,0.4802734375,10240.0,5322.0,472.12,NVIDIA GeForce RTX 3080,[N/A],Enabled,Enabled
1709134074.593593,0,GPU-a71d5fd4-b7db-93b7-1b7a-5a6e2a6a8c65,0.17,0.4802734375,10240.0,5322.0,472.12,NVIDIA GeForce RTX 3080,[N/A],Enabled,Enabled
1709134075.589738,0,GPU-a71d5fd4-b7db-93b7-1b7a-5a6e2a6a8c65,0.18,0.4802734375,10240.0,5322.0,472.12,NVIDIA GeForce RTX 3080,[N/A],Enabled,Enabled
1709134076.588851,0,GPU-a71d5fd4-b7db-93b7-1b7a-5a6e2a6a8c65,0.19,0.4802734375,10240.0,5322.0,472.12,NVIDIA GeForce RTX 3080,[N/A],Enabled,Enabled
1709134077.584486,0,GPU-a71d5fd4-b7db-93b7-1b7a-5a6e2a6a8c65,0.17,0.4802734375,10240.0,5322.0,472.12,NVIDIA GeForce RTX 3080,[N/A],Enabled,Enabled
1709134078.586649,0,GPU-a71d5fd4-b7db-93b7-1b7a-5a6e2a6a8c65,0.17,0.4802734375,10240.0,5322.0,472.12,NVIDIA GeForce RTX 3080,[N/A],Enabled,Enabled
1709134079.585123,0,GPU-a71d5fd4-b7db-93b7-1b7a-5a6e2a6a8c65,0.18,0.4802734375,10240.0,5322.0,472.12,NVIDIA GeForce RTX 3080,[N/A],Enabled,Enabled
1709134080.583471,0,GPU-a71d5fd4-b7db-93b7-1b7a-5a6e2a6a8c65,0.18,0.4802734375,10240.0,5322.0,472.12,NVIDIA GeForce RTX 3080,[N/A],Enabled,Enabled
1709134081.594673,0,GPU-a71d5fd4-b7db-93b7-1b7a-5a6e2a6a8c65,0.18,0.4802734375,10240.0,5322.0,472.12,NVIDIA GeForce RTX 3080,[N/A],Enabled,Enabled
1709134082.591365,0,GPU-a71d5fd4-b7db-93b7-1b7a-5a6e2a6a8c65,0.18,0.4802734375,10240.0,5322.0,472.12,NVIDIA GeForce RTX 3080,[N/A],Enabled,Enabled
1709134083.589968,0,GPU-a71d5fd4-b7db-93b7-1b7a-5a6e2a6a8c65,0.18,0.4802734375,10240.0,5322.0,472.12,NVIDIA GeForce RTX 3080,[N/A],Enabled,Enabled
1709134084.58463,0,GPU-a71d5fd4-b7db-93b7-1b7a-5a6e2a6a8c65,0.17,0.4802734375,10240.0,5322.0,472.12,NVIDIA GeForce RTX 3080,[N/A],Enabled,Enabled
1709134085.582425,0,GPU-a71d5fd4-b7db-93b7-1b7a-5a6e2a6a8c65,0.18,0.4802734375,10240.0,5322.0,472.12,NVIDIA GeForce RTX 3080,[N/A],Enabled,Enabled
1709134086.584276,0,GPU-a71d5fd4-b7db-93b7-1b7a-5a6e2a6a8c65,0.18,0.4802734375,10240.0,5322.0,472.12,NVIDIA GeForce RTX 3080,[N/A],Enabled,Enabled
1709134087.584622,0,GPU-a71d5fd4-b7db-93b7-1b7a-5a6e2a6a8c65,0.19,0.4802734375,10240.0,5322.0,472.12,NVIDIA GeForce RTX 3080,[N/A],Enabled,Enabled
1709134088.580751,0,GPU-a71d5fd4-b7db-93b7-1b7a-5a6e2a6a8c65,0.18,0.4802734375,10240.0,5322.0,472.12,NVIDIA GeForce RTX 3080,[N/A],Enabled,Enabled
1709134089.580983,0,GPU-a71d5fd4-b7db-93b7-1b7a-5a6e2a6a8c65,0.18,0.4802734375,10240.0,5322.0,472.12,NVIDIA GeForce RTX 3080,[N/A],Enabled,Enabled
1709134090.593527,0,GPU-a71d5fd4-b7db-93b7-1b7a-5a6e2a6a8c65,0.16,0.4802734375,10240.0,5322.0,472.12,NVIDIA GeForce RTX 3080,[N/A],Enabled,Enabled
1709134091.59109,0,GPU-a71d5fd4-b7db-93b7-1b7a-5a6e2a6a8c65,0.18,0.4802734375,10240.0,5322.0,472.12,NVIDIA GeForce RTX 3080,[N/A],Enabled,Enabled
1709134092.589887,0,GPU-a71d5fd4-b7db-93b7-1b7a-5a6e2a6a8c65,0.17,0.4802734375,10240.0,5322.0,472.12,NVIDIA GeForce RTX 3080,[N/A],Enabled,Enabled
1709134093.584434,0,GPU-a71d5fd4-b7db-93b7-1b7a-5a6e2a6a8c65,0.18,0.4802734375,10240.0,5322.0,472.12,NVIDIA GeForce RTX 3080,[N/A],Enabled,Enabled
1709134094.582029,0,GPU-a71d5fd4-b7db-93b7-1b7a-5a6e2a6a8c65,0.17,0.4802734375,10240.0,5322.0,472.12,NVIDIA GeForce RTX 3080,[N/A],Enabled,Enabled
1709134095.581727,0,GPU-a71d5fd4-b7db-93b7-1b7a-5a6e2a6a8c65,0.17,0.4802734375,10240.0,5322.0,472.12,NVIDIA GeForce RTX 3080,[N/A],Enabled,Enabled
1709134096.580104,0,GPU-a71d5fd4-b7db-93b7-1b7a-5a6e2a6a8c65,0.17,0.4802734375,10240.0,5322.0,472.12,NVIDIA GeForce RTX 3080,[N/A],Enabled,Enabled
1709134097.593687,0,GPU-a71d5fd4-b7db-93b7-1b7a-5a6e2a6a8c65,0.17,0.4802734375,10240.0,5322.0,472.12,NVIDIA GeForce RTX 3080,[N/A],Enabled,Enabled
1709134098.591643,0,GPU-a71d5fd4-b7db-93b7-1b7a-5a6e2a6a8c65,0.17,0.4802734375,10240.0,5322.0,472.12,NVIDIA GeForce RTX 3080,[N/A],Enabled,Enabled
1709134099.586843,0,GPU-a71d5fd4-b7db-93b7-1b7a-5a6e2a6a8c65,0.18,0.4802734375,10240.0,5322.0,472.12,NVIDIA GeForce RTX 3080,[N/A],Enabled,Enabled
1709134100.584751,0,GPU-a71d5fd4-b7db-93b7-1b7a-5a6e2a6a8c65,0.17,0.4802734375,10240.0,5322.0,472.12,NVIDIA GeForce RTX 3080,[N/A],Enabled,Enabled
1709134101.584484,0,GPU-a71d5fd4-b7db-93b7-1b7a-5a6e2a6a8c65,0.17,0.4802734375,10240.0,5322.0,472.12,NVIDIA GeForce RTX 3080,[N/A],Enabled,Enabled
1709134102.581711,0,GPU-a71d5fd4-b7db-93b7-1b7a-5a6e2a6a8c65,0.18,0.4802734375,10240.0,5322.0,472.12,NVIDIA GeForce RTX 3080,[N/A],Enabled,Enabled
1709134103.581635,0,GPU-a71d5fd4-b7db-93b7-1b7a-5a6e2a6a8c65,0.18,0.4802734375,10240.0,5322.0,472.12,NVIDIA GeForce RTX 3080,[N/A],Enabled,Enabled
1709134104.594441,0,GPU-a71d5fd4-b7db-93b7-1b7a-5a6e2a6a8c65,0.18,0.4802734375,10240.0,5322.0,472.12,NVIDIA GeForce RTX 3080,[N/A],Enabled,Enabled
1709134105.581067,0,GPU-a71d5fd4-b7db-93b7-1b7a-5a6e2a6a8c65,0.18,0.4802734375,10240.0,5322.0,472.12,NVIDIA GeForce RTX 3080,[N/A],Enabled,Enabled
1709134106.579957,0,GPU-a71d5fd4-b7db-93b7-1b7a-5a6e2a6a8c65,0.18,0.4802734375,10240.0,5322.0,472.12,NVIDIA GeForce RTX 3080,[N/A],Enabled,Enabled
1709134107.580957,0,GPU-a71d5fd4-b7db-93b7-1b7a-5a6e2a6a8c65,0.18,0.4802734375,10240.0,5322.0,472.12,NVIDIA GeForce RTX 3080,[N/A],Enabled,Enabled
1709134108.593238,0,GPU-a71d5fd4-b7db-93b7-1b7a-5a6e2a6a8c65,0.17,0.4802734375,10240.0,5322.0,472.12,NVIDIA GeForce RTX 3080,[N/A],Enabled,Enabled
1709134109.588766,0,GPU-a71d5fd4-b7db-93b7-1b7a-5a6e2a6a8c65,0.18,0.4802734375,10240.0,5322.0,472.12,NVIDIA GeForce RTX 3080,[N/A],Enabled,Enabled
1709134110.585591,0,GPU-a71d5fd4-b7db-93b7-1b7a-5a6e2a6a8c65,0.17,0.4802734375,10240.0,5322.0,472.12,NVIDIA GeForce RTX 3080,[N/A],Enabled,Enabled
1709134111.581736,0,GPU-a71d5fd4-b7db-93b7-1b7a-5a6e2a6a8c65,0.18,0.4802734375,10240.0,5322.0,472.12,NVIDIA GeForce RTX 3080,[N/A],Enabled,Enabled
1709134112.593524,0,GPU-a71d5fd4-b7db-93b7-1b7a-5a6e2a6a8c65,0.17,0.4802734375,10240.0,5322.0,472.12,NVIDIA GeForce RTX 3080,[N/A],Enabled,Enabled
1709134113.594289,0,GPU-a71d5fd4-b7db-93b7-1b7a-5a6e2a6a8c65,0.17,0.4802734375,10240.0,5322.0,472.12,NVIDIA GeForce RTX 3080,[N/A],Enabled,Enabled
1709134114.592756,0,GPU-a71d5fd4-b7db-93b7-1b7a-5a6e2a6a8c65,0.17,0.4802734375,10240.0,5322.0,472.12,NVIDIA GeForce RTX 3080,[N/A],Enabled,Enabled
1709134115.588595,0,GPU-a71d5fd4-b7db-93b7-1b7a-5a6e2a6a8c65,0.18,0.4802734375,10240.0,5322.0,472.12,NVIDIA GeForce RTX 3080,[N/A],Enabled,Enabled
1709134116.584512,0,GPU-a71d5fd4-b7db-93b7-1b7a-5a6e2a6a8c65,0.18,0.4802734375,10240.0,5322.0,472.12,NVIDIA GeForce RTX 3080,[N/A],Enabled,Enabled
1709134117.59348,0,GPU-a71d5fd4-b7db-93b7-1b7a-5a6e2a6a8c65,0.18,0.4802734375,10240.0,5322.0,472.12,NVIDIA GeForce RTX 3080,[N/A],Enabled,Enabled
1709134118.587812,0,GPU-a71d5fd4-b7db-93b7-1b7a-5a6e2a6a8c65,0.18,0.4802734375,10240.0,5322.0,472.12,NVIDIA GeForce RTX 3080,[N/A],Enabled,Enabled
1709134119.586409,0,GPU-a71d5fd4-b7db-93b7-1b7a-5a6e2a6a8c65,0.17,0.4802734375,10240.0,5322.0,472.12,NVIDIA GeForce RTX 3080,[N/A],Enabled,Enabled
1709134120.583499,0,GPU-a71d5fd4-b7db-93b7-1b7a-5a6e2a6a8c65,0.18,0.4802734375,10240.0,5322.0,472.12,NVIDIA GeForce RTX 3080,[N/A],Enabled,Enabled
1709134121.581913,0,GPU-a71d5fd4-b7db-93b7-1b7a-5a6e2a6a8c65,0.18,0.4802734375,10240.0,5322.0,472.12,NVIDIA GeForce RTX 3080,[N/A],Enabled,Enabled
1709134122.593083,0,GPU-a71d5fd4-b7db-93b7-1b7a-5a6e2a6a8c65,0.17,0.4802734375,10240.0,5322.0,472.12,NVIDIA GeForce RTX 3080,[N/A],Enabled,Enabled
1709134123.588562,0,GPU-a71d5fd4-b7db-93b7-1b7a-5a6e2a6a8c65,0.18,0.4802734375,10240.0,5322.0,472.12,NVIDIA GeForce RTX 3080,[N/A],Enabled,Enabled
1709134124.590019,0,GPU-a71d5fd4-b7db-93b7-1b7a-5a6e2a6a8c65,0.18,0.4802734375,10240.0,5322.0,472.12,NVIDIA GeForce RTX 3080,[N/A],Enabled,Enabled
1709134125.582941,0,GPU-a71d5fd4-b7db-93b7-1b7a-5a6e2a6a8c65,0.18,0.4802734375,10240.0,5322.0,472.12,NVIDIA GeForce RTX 3080,[N/A],Enabled,Enabled
1709134126.581812,0,GPU-a71d5fd4-b7db-93b7-1b7a-5a6e2a6a8c65,0.17,0.4802734375,10240.0,5322.0,472.12,NVIDIA GeForce RTX 3080,[N/A],Enabled,Enabled
1709134127.582827,0,GPU-a71d5fd4-b7db-93b7-1b7a-5a6e2a6a8c65,0.18,0.4802734375,10240.0,5322.0,472.12,NVIDIA GeForce RTX 3080,[N/A],Enabled,Enabled
1709134128.58167,0,GPU-a71d5fd4-b7db-93b7-1b7a-5a6e2a6a8c65,0.18,0.4802734375,10240.0,5322.0,472.12,NVIDIA GeForce RTX 3080,[N/A],Enabled,Enabled
1709134129.594848,0,GPU-a71d5fd4-b7db-93b7-1b7a-5a6e2a6a8c65,0.18,0.4802734375,10240.0,5322.0,472.12,NVIDIA GeForce RTX 3080,[N/A],Enabled,Enabled
1709134130.579912,0,GPU-a71d5fd4-b7db-93b7-1b7a-5a6e2a6a8c65,0.18,0.4802734375,10240.0,5322.0,472.12,NVIDIA GeForce RTX 3080,[N/A],Enabled,Enabled
1709134131.591904,0,GPU-a71d5fd4-b7db-93b7-1b7a-5a6e2a6a8c65,0.17,0.4802734375,10240.0,5322.0,472.12,NVIDIA GeForce RTX 3080,[N/A],Enabled,Enabled
1709134132.588887,0,GPU-a71d5fd4-b7db-93b7-1b7a-5a6e2a6a8c65,0.17,0.4802734375,10240.0,5322.0,472.12,NVIDIA GeForce RTX 3080,[N/A],Enabled,Enabled
1709134133.583877,0,GPU-a71d5fd4-b7db-93b7-1b7a-5a6e2a6a8c65,0.18,0.4802734375,10240.0,5322.0,472.12,NVIDIA GeForce RTX 3080,[N/A],Enabled,Enabled
1709134134.585802,0,GPU-a71d5fd4-b7db-93b7-1b7a-5a6e2a6a8c65,0.18,0.4802734375,10240.0,5322.0,472.12,NVIDIA GeForce RTX 3080,[N/A],Enabled,Enabled
1709134135.587021,0,GPU-a71d5fd4-b7db-93b7-1b7a-5a6e2a6a8c65,0.18,0.4802734375,10240.0,5322.0,472.12,NVIDIA GeForce RTX 3080,[N/A],Enabled,Enabled
1709134136.58381,0,GPU-a71d5fd4-b7db-93b7-1b7a-5a6e2a6a8c65,0.18,0.4802734375,10240.0,5322.0,472.12,NVIDIA GeForce RTX 3080,[N/A],Enabled,Enabled
1709134137.58283,0,GPU-a71d5fd4-b7db-93b7-1b7a-5a6e2a6a8c65,0.18,0.4802734375,10240.0,5322.0,472.12,NVIDIA GeForce RTX 3080,[N/A],Enabled,Enabled
1709134138.583804,0,GPU-a71d5fd4-b7db-93b7-1b7a-5a6e2a6a8c65,0.17,0.4802734375,10240.0,5322.0,472.12,NVIDIA GeForce RTX 3080,[N/A],Enabled,Enabled
1709134139.58568,0,GPU-a71d5fd4-b7db-93b7-1b7a-5a6e2a6a8c65,0.15,0.4716796875,10240.0,5410.0,472.12,NVIDIA GeForce RTX 3080,[N/A],Enabled,Enabled
1709134140.589621,0,GPU-a71d5fd4-b7db-93b7-1b7a-5a6e2a6a8c65,0.16,0.4716796875,10240.0,5410.0,472.12,NVIDIA GeForce RTX 3080,[N/A],Enabled,Enabled
1709134141.588496,0,GPU-a71d5fd4-b7db-93b7-1b7a-5a6e2a6a8c65,0.14,0.46787109375,10240.0,5449.0,472.12,NVIDIA GeForce RTX 3080,[N/A],Enabled,Enabled
1709134142.586325,0,GPU-a71d5fd4-b7db-93b7-1b7a-5a6e2a6a8c65,0.16,0.47158203125,10240.0,5411.0,472.12,NVIDIA GeForce RTX 3080,[N/A],Enabled,Enabled
1709134143.585991,0,GPU-a71d5fd4-b7db-93b7-1b7a-5a6e2a6a8c65,0.14,0.46787109375,10240.0,5449.0,472.12,NVIDIA GeForce RTX 3080,[N/A],Enabled,Enabled
1709134144.590894,0,GPU-a71d5fd4-b7db-93b7-1b7a-5a6e2a6a8c65,0.14,0.46787109375,10240.0,5449.0,472.12,NVIDIA GeForce RTX 3080,[N/A],Enabled,Enabled
1709134145.586719,0,GPU-a71d5fd4-b7db-93b7-1b7a-5a6e2a6a8c65,0.14,0.46787109375,10240.0,5449.0,472.12,NVIDIA GeForce RTX 3080,[N/A],Enabled,Enabled
1709134146.583376,0,GPU-a71d5fd4-b7db-93b7-1b7a-5a6e2a6a8c65,0.14,0.46787109375,10240.0,5449.0,472.12,NVIDIA GeForce RTX 3080,[N/A],Enabled,Enabled
1709134147.581796,0,GPU-a71d5fd4-b7db-93b7-1b7a-5a6e2a6a8c65,0.14,0.46787109375,10240.0,5449.0,472.12,NVIDIA GeForce RTX 3080,[N/A],Enabled,Enabled
1709134148.579912,0,GPU-a71d5fd4-b7db-93b7-1b7a-5a6e2a6a8c65,0.14,0.46787109375,10240.0,5449.0,472.12,NVIDIA GeForce RTX 3080,[N/A],Enabled,Enabled
1709134149.591745,0,GPU-a71d5fd4-b7db-93b7-1b7a-5a6e2a6a8c65,0.13,0.46787109375,10240.0,5449.0,472.12,NVIDIA GeForce RTX 3080,[N/A],Enabled,Enabled
