12-15 16:50:04.526  4829  4829 I BatteryMgr:DataCollectionService: onStartCommand: begin
12-15 16:50:04.527  4829  4829 I BatteryMgr:DataCollectionService: onStartCommand: sampleRate => 1000
12-15 16:50:04.527  4829  4829 I BatteryMgr:DataCollectionService: onStartCommand: rawFields => Timestamp,BATTERY_PROPERTY_CURRENT_NOW,EXTRA_VOLTAGE
12-15 16:50:04.527  4829  4829 I BatteryMgr:DataCollectionService: onStartCommand: notification done
12-15 16:50:04.529  4829  4829 I BatteryMgr:DataCollectionService: started foreground
12-15 16:50:04.534  4829  5498 I BatteryMgr:DataCollectionService: collectData: begin
12-15 16:50:04.537  4829  5498 I BatteryMgr:DataCollectionService: stats => 1702655404537,-1981444,3678
12-15 16:50:05.542  4829  5498 I BatteryMgr:DataCollectionService: stats => 1702655405542,-1943846,3678
12-15 16:50:06.545  4829  5498 I BatteryMgr:DataCollectionService: stats => 1702655406545,-1938963,3678
12-15 16:50:07.547  4829  5498 I BatteryMgr:DataCollectionService: stats => 1702655407547,-1942870,3678
12-15 16:50:08.551  4829  5498 I BatteryMgr:DataCollectionService: stats => 1702655408551,-1943358,3678
12-15 16:50:09.553  4829  5498 I BatteryMgr:DataCollectionService: stats => 1702655409553,-1947752,3678
12-15 16:50:10.555  4829  5498 I BatteryMgr:DataCollectionService: stats => 1702655410555,-1954588,3678
12-15 16:50:11.558  4829  5498 I BatteryMgr:DataCollectionService: stats => 1702655411558,-1979979,3678
12-15 16:50:12.561  4829  5498 I BatteryMgr:DataCollectionService: stats => 1702655412561,-1945799,3678
12-15 16:50:13.564  4829  5498 I BatteryMgr:DataCollectionService: stats => 1702655413564,-1963866,3678
12-15 16:50:14.566  4829  5498 I BatteryMgr:DataCollectionService: stats => 1702655414566,-1978514,3678
12-15 16:50:15.568  4829  5498 I BatteryMgr:DataCollectionService: stats => 1702655415568,-2004881,3678
12-15 16:50:16.571  4829  5498 I BatteryMgr:DataCollectionService: stats => 1702655416571,-1956053,3678
12-15 16:50:17.574  4829  5498 I BatteryMgr:DataCollectionService: stats => 1702655417574,-1947752,3678
12-15 16:50:18.579  4829  5498 I BatteryMgr:DataCollectionService: stats => 1702655418578,-1935545,3678
12-15 16:50:19.581  4829  5498 I BatteryMgr:DataCollectionService: stats => 1702655419581,-1941405,3678
12-15 16:50:20.584  4829  5498 I BatteryMgr:DataCollectionService: stats => 1702655420584,-1999022,3677
12-15 16:50:21.586  4829  5498 I BatteryMgr:DataCollectionService: stats => 1702655421586,-1936034,3677
12-15 16:50:22.590  4829  5498 I BatteryMgr:DataCollectionService: stats => 1702655422590,-1939452,3677
12-15 16:50:23.592  4829  5498 I BatteryMgr:DataCollectionService: stats => 1702655423592,-1926268,3677
12-15 16:50:24.594  4829  5498 I BatteryMgr:DataCollectionService: stats => 1702655424594,-1956541,3677
12-15 16:50:25.597  4829  5498 I BatteryMgr:DataCollectionService: stats => 1702655425597,-1935545,3677
12-15 16:50:26.599  4829  5498 I BatteryMgr:DataCollectionService: stats => 1702655426599,-1964354,3677
12-15 16:50:27.602  4829  5498 I BatteryMgr:DataCollectionService: stats => 1702655427602,-1941893,3677
12-15 16:50:28.604  4829  5498 I BatteryMgr:DataCollectionService: stats => 1702655428604,-1565917,3677
12-15 16:50:29.606  4829  5498 I BatteryMgr:DataCollectionService: stats => 1702655429606,-1558104,3677
12-15 16:50:30.609  4829  5498 I BatteryMgr:DataCollectionService: stats => 1702655430609,-1649413,3696
12-15 16:50:31.612  4829  5498 I BatteryMgr:DataCollectionService: stats => 1702655431612,-1600096,3696
12-15 16:50:32.615  4829  5498 I BatteryMgr:DataCollectionService: stats => 1702655432615,-1590819,3696
12-15 16:50:33.617  4829  5498 I BatteryMgr:DataCollectionService: stats => 1702655433617,-1968260,3696
12-15 16:50:34.619  4829  5498 I BatteryMgr:DataCollectionService: stats => 1702655434619,-1949706,3696
12-15 16:50:35.622  4829  5498 I BatteryMgr:DataCollectionService: stats => 1702655435622,-1704588,3696
12-15 16:50:36.625  4829  5498 I BatteryMgr:DataCollectionService: stats => 1702655436625,-1697753,3696
12-15 16:50:37.629  4829  5498 I BatteryMgr:DataCollectionService: stats => 1702655437629,-1788573,3696
12-15 16:50:38.631  4829  5498 I BatteryMgr:DataCollectionService: stats => 1702655438631,-1682616,3696
12-15 16:50:39.633  4829  5498 I BatteryMgr:DataCollectionService: stats => 1702655439633,-1793944,3696
12-15 16:50:40.635  4829  5498 I BatteryMgr:DataCollectionService: stats => 1702655440635,-1789549,3685
12-15 16:50:41.638  4829  5498 I BatteryMgr:DataCollectionService: stats => 1702655441638,-1710936,3685
12-15 16:50:42.640  4829  5498 I BatteryMgr:DataCollectionService: stats => 1702655442640,-1838377,3683
12-15 16:50:43.643  4829  5498 I BatteryMgr:DataCollectionService: stats => 1702655443642,-1833495,3683
12-15 16:50:44.644  4829  5498 I BatteryMgr:DataCollectionService: stats => 1702655444644,-1736327,3683
12-15 16:50:45.646  4829  5498 I BatteryMgr:DataCollectionService: stats => 1702655445646,-1728514,3683
12-15 16:50:46.649  4829  5498 I BatteryMgr:DataCollectionService: stats => 1702655446649,-1738768,3683
12-15 16:50:47.652  4829  5498 I BatteryMgr:DataCollectionService: stats => 1702655447652,-1727538,3683
12-15 16:50:48.655  4829  5498 I BatteryMgr:DataCollectionService: stats => 1702655448655,-1712889,3683
12-15 16:50:49.657  4829  5498 I BatteryMgr:DataCollectionService: stats => 1702655449657,-1731444,3683
12-15 16:50:50.659  4829  5498 I BatteryMgr:DataCollectionService: stats => 1702655450659,-1622557,3693
12-15 16:50:51.662  4829  5498 I BatteryMgr:DataCollectionService: stats => 1702655451661,-1699217,3689
12-15 16:50:52.664  4829  5498 I BatteryMgr:DataCollectionService: stats => 1702655452664,-1631346,3689
12-15 16:50:53.667  4829  5498 I BatteryMgr:DataCollectionService: stats => 1702655453666,-1649901,3689
12-15 16:50:54.670  4829  5498 I BatteryMgr:DataCollectionService: stats => 1702655454670,-1803221,3689
12-15 16:50:55.671  4829  5498 I BatteryMgr:DataCollectionService: stats => 1702655455671,-1741210,3689
12-15 16:50:56.674  4829  5498 I BatteryMgr:DataCollectionService: stats => 1702655456674,-1731932,3689
12-15 16:50:57.676  4829  5498 I BatteryMgr:DataCollectionService: stats => 1702655457675,-1696776,3689
12-15 16:50:58.678  4829  5498 I BatteryMgr:DataCollectionService: stats => 1702655458678,-1741698,3689
12-15 16:50:59.681  4829  5498 I BatteryMgr:DataCollectionService: stats => 1702655459681,-1694335,3689
12-15 16:51:00.683  4829  5498 I BatteryMgr:DataCollectionService: stats => 1702655460683,-1740721,3689
12-15 16:51:01.685  4829  5498 I BatteryMgr:DataCollectionService: stats => 1702655461685,-1738768,3689
12-15 16:51:02.687  4829  5498 I BatteryMgr:DataCollectionService: stats => 1702655462687,-1770018,3689
12-15 16:51:03.690  4829  5498 I BatteryMgr:DataCollectionService: stats => 1702655463690,-1728026,3689
12-15 16:51:04.694  4829  5498 I BatteryMgr:DataCollectionService: stats => 1702655464694,-1751463,3689
12-15 16:51:05.697  4829  5498 I BatteryMgr:DataCollectionService: stats => 1702655465697,-1721190,3689
12-15 16:51:06.700  4829  5498 I BatteryMgr:DataCollectionService: stats => 1702655466700,-1715819,3689
12-15 16:51:07.702  4829  5498 I BatteryMgr:DataCollectionService: stats => 1702655467702,-1678710,3689
12-15 16:51:08.705  4829  5498 I BatteryMgr:DataCollectionService: stats => 1702655468705,-1734862,3689
12-15 16:51:09.708  4829  5498 I BatteryMgr:DataCollectionService: stats => 1702655469708,-1720213,3689
12-15 16:51:10.709  4829  5498 I BatteryMgr:DataCollectionService: stats => 1702655470709,-1719237,3689
12-15 16:51:11.711  4829  5498 I BatteryMgr:DataCollectionService: stats => 1702655471711,-1763182,3689
12-15 16:51:12.713  4829  5498 I BatteryMgr:DataCollectionService: stats => 1702655472713,-1702147,3689
12-15 16:51:13.716  4829  5498 I BatteryMgr:DataCollectionService: stats => 1702655473716,-1725585,3689
12-15 16:51:14.718  4829  5498 I BatteryMgr:DataCollectionService: stats => 1702655474718,-1716307,3689
12-15 16:51:15.722  4829  5498 I BatteryMgr:DataCollectionService: stats => 1702655475722,-1757811,3689
12-15 16:51:16.723  4829  5498 I BatteryMgr:DataCollectionService: stats => 1702655476723,-1789549,3689
12-15 16:51:17.726  4829  5498 I BatteryMgr:DataCollectionService: stats => 1702655477726,-1707030,3689
12-15 16:51:18.729  4829  5498 I BatteryMgr:DataCollectionService: stats => 1702655478729,-1756835,3689
12-15 16:51:19.731  4829  5498 I BatteryMgr:DataCollectionService: stats => 1702655479731,-1738280,3689
12-15 16:51:20.735  4829  5498 I BatteryMgr:DataCollectionService: stats => 1702655480735,-1776854,3687
12-15 16:51:21.738  4829  5498 I BatteryMgr:DataCollectionService: stats => 1702655481738,-1731444,3687
12-15 16:51:22.740  4829  5498 I BatteryMgr:DataCollectionService: stats => 1702655482740,-1738768,3687
12-15 16:51:23.743  4829  5498 I BatteryMgr:DataCollectionService: stats => 1702655483743,-1732420,3687
12-15 16:51:24.745  4829  5498 I BatteryMgr:DataCollectionService: stats => 1702655484745,-1747557,3687
12-15 16:51:25.748  4829  5498 I BatteryMgr:DataCollectionService: stats => 1702655485748,-1732420,3687
12-15 16:51:26.750  4829  5498 I BatteryMgr:DataCollectionService: stats => 1702655486750,-1704100,3687
12-15 16:51:27.752  4829  5498 I BatteryMgr:DataCollectionService: stats => 1702655487752,-1739745,3687
12-15 16:51:28.755  4829  5498 I BatteryMgr:DataCollectionService: stats => 1702655488755,-1657713,3687
12-15 16:51:29.757  4829  5498 I BatteryMgr:DataCollectionService: stats => 1702655489757,-1809569,3687
12-15 16:51:30.760  4829  5498 I BatteryMgr:DataCollectionService: stats => 1702655490760,-1739256,3684
12-15 16:51:31.762  4829  5498 I BatteryMgr:DataCollectionService: stats => 1702655491762,-1726561,3684
12-15 16:51:32.765  4829  5498 I BatteryMgr:DataCollectionService: stats => 1702655492764,-1723143,3684
12-15 16:51:33.767  4829  5498 I BatteryMgr:DataCollectionService: stats => 1702655493767,-1723631,3684
12-15 16:51:34.769  4829  5498 I BatteryMgr:DataCollectionService: stats => 1702655494769,-1789549,3684
12-15 16:51:35.772  4829  5498 I BatteryMgr:DataCollectionService: stats => 1702655495772,-1760741,3684
12-15 16:51:36.775  4829  5498 I BatteryMgr:DataCollectionService: stats => 1702655496775,-1744628,3684
12-15 16:51:37.778  4829  5498 I BatteryMgr:DataCollectionService: stats => 1702655497778,-1721678,3684
12-15 16:51:38.781  4829  5498 I BatteryMgr:DataCollectionService: stats => 1702655498781,-1782713,3684
12-15 16:51:39.783  4829  5498 I BatteryMgr:DataCollectionService: stats => 1702655499783,-1764159,3684
12-15 16:51:40.786  4829  5498 I BatteryMgr:DataCollectionService: stats => 1702655500786,-1725585,3686
12-15 16:51:41.789  4829  5498 I BatteryMgr:DataCollectionService: stats => 1702655501789,-1788085,3686
12-15 16:51:42.792  4829  5498 I BatteryMgr:DataCollectionService: stats => 1702655502792,-1838377,3686
12-15 16:51:43.794  4829  5498 I BatteryMgr:DataCollectionService: stats => 1702655503794,-1855956,3686
12-15 16:51:44.796  4829  5498 I BatteryMgr:DataCollectionService: stats => 1702655504796,-1707030,3686
12-15 16:51:45.798  4829  5498 I BatteryMgr:DataCollectionService: stats => 1702655505798,-1765624,3686
12-15 16:51:46.800  4829  5498 I BatteryMgr:DataCollectionService: stats => 1702655506800,-1718749,3688
12-15 16:51:47.803  4829  5498 I BatteryMgr:DataCollectionService: stats => 1702655507802,-1726561,3688
12-15 16:51:48.806  4829  5498 I BatteryMgr:DataCollectionService: stats => 1702655508806,-1709471,3688
12-15 16:51:49.808  4829  5498 I BatteryMgr:DataCollectionService: stats => 1702655509808,-1720702,3688
12-15 16:51:50.810  4829  5498 I BatteryMgr:DataCollectionService: stats => 1702655510810,-1726561,3687
12-15 16:51:51.814  4829  5498 I BatteryMgr:DataCollectionService: stats => 1702655511813,-1771483,3687
12-15 16:51:52.816  4829  5498 I BatteryMgr:DataCollectionService: stats => 1702655512816,-1760741,3687
12-15 16:51:53.818  4829  5498 I BatteryMgr:DataCollectionService: stats => 1702655513818,-1739745,3687
12-15 16:51:54.821  4829  5498 I BatteryMgr:DataCollectionService: stats => 1702655514821,-1722655,3687
12-15 16:51:55.825  4829  5498 I BatteryMgr:DataCollectionService: stats => 1702655515824,-1726073,3687
12-15 16:51:56.827  4829  5498 I BatteryMgr:DataCollectionService: stats => 1702655516827,-1725585,3687
12-15 16:51:57.829  4829  5498 I BatteryMgr:DataCollectionService: stats => 1702655517829,-1853026,3687
12-15 16:51:58.833  4829  5498 I BatteryMgr:DataCollectionService: stats => 1702655518833,-1749510,3687
12-15 16:51:59.836  4829  5498 I BatteryMgr:DataCollectionService: stats => 1702655519836,-1772948,3687
12-15 16:52:00.839  4829  5498 I BatteryMgr:DataCollectionService: stats => 1702655520839,-1837401,3684
12-15 16:52:01.841  4829  5498 I BatteryMgr:DataCollectionService: stats => 1702655521841,-1781249,3684
12-15 16:52:02.844  4829  5498 I BatteryMgr:DataCollectionService: stats => 1702655522844,-1746092,3684
12-15 16:52:03.847  4829  5498 I BatteryMgr:DataCollectionService: stats => 1702655523847,-1804198,3684
12-15 16:52:04.853  4829  5498 I BatteryMgr:DataCollectionService: stats => 1702655524853,-1747069,3684
12-15 16:52:05.855  4829  5498 I BatteryMgr:DataCollectionService: stats => 1702655525855,-1806639,3684
12-15 16:52:06.858  4829  5498 I BatteryMgr:DataCollectionService: stats => 1702655526858,-1801756,3684
12-15 16:52:07.861  4829  5498 I BatteryMgr:DataCollectionService: stats => 1702655527861,-1807127,3684
12-15 16:52:08.864  4829  5498 I BatteryMgr:DataCollectionService: stats => 1702655528864,-1790526,3684
12-15 16:52:09.867  4829  5498 I BatteryMgr:DataCollectionService: stats => 1702655529867,-1777342,3684
12-15 16:52:10.869  4829  5498 I BatteryMgr:DataCollectionService: stats => 1702655530869,-1828612,3684
12-15 16:52:11.871  4829  5498 I BatteryMgr:DataCollectionService: stats => 1702655531871,-1736327,3684
12-15 16:52:12.874  4829  5498 I BatteryMgr:DataCollectionService: stats => 1702655532874,-1749510,3684
12-15 16:52:13.878  4829  5498 I BatteryMgr:DataCollectionService: stats => 1702655533878,-1769530,3684
12-15 16:52:14.880  4829  5498 I BatteryMgr:DataCollectionService: stats => 1702655534880,-1756835,3684
12-15 16:52:15.882  4829  5498 I BatteryMgr:DataCollectionService: stats => 1702655535882,-1758299,3684
12-15 16:52:16.885  4829  5498 I BatteryMgr:DataCollectionService: stats => 1702655536885,-1751463,3684
12-15 16:52:17.889  4829  5498 I BatteryMgr:DataCollectionService: stats => 1702655537889,-1748045,3684
12-15 16:52:18.893  4829  5498 I BatteryMgr:DataCollectionService: stats => 1702655538893,-1781737,3684
12-15 16:52:19.896  4829  5498 I BatteryMgr:DataCollectionService: stats => 1702655539896,-1852049,3684
12-15 16:52:20.898  4829  5498 I BatteryMgr:DataCollectionService: stats => 1702655540898,-1731444,3680
12-15 16:52:21.902  4829  5498 I BatteryMgr:DataCollectionService: stats => 1702655541902,-1720213,3680
12-15 16:52:22.905  4829  5498 I BatteryMgr:DataCollectionService: stats => 1702655542905,-1773924,3680
12-15 16:52:23.907  4829  5498 I BatteryMgr:DataCollectionService: stats => 1702655543907,-1705565,3680
12-15 16:52:24.910  4829  5498 I BatteryMgr:DataCollectionService: stats => 1702655544910,-1701659,3680
12-15 16:52:25.913  4829  5498 I BatteryMgr:DataCollectionService: stats => 1702655545913,-1678221,3680
12-15 16:52:26.918  4829  5498 I BatteryMgr:DataCollectionService: stats => 1702655546918,-1721678,3680
12-15 16:52:27.920  4829  5498 I BatteryMgr:DataCollectionService: stats => 1702655547920,-1741210,3680
12-15 16:52:28.924  4829  5498 I BatteryMgr:DataCollectionService: stats => 1702655548924,-1725096,3680
12-15 16:52:29.927  4829  5498 I BatteryMgr:DataCollectionService: stats => 1702655549926,-1778807,3680
12-15 16:52:30.933  4829  5498 I BatteryMgr:DataCollectionService: stats => 1702655550933,-1700682,3687
12-15 16:52:31.936  4829  5498 I BatteryMgr:DataCollectionService: stats => 1702655551935,-1716307,3687
12-15 16:52:32.938  4829  5498 I BatteryMgr:DataCollectionService: stats => 1702655552938,-1767577,3687
12-15 16:52:33.940  4829  5498 I BatteryMgr:DataCollectionService: stats => 1702655553940,-1728514,3687
12-15 16:52:34.944  4829  5498 I BatteryMgr:DataCollectionService: stats => 1702655554944,-1704100,3687
12-15 16:52:35.946  4829  5498 I BatteryMgr:DataCollectionService: stats => 1702655555946,-1735350,3687
12-15 16:52:36.949  4829  5498 I BatteryMgr:DataCollectionService: stats => 1702655556949,-1682128,3685
12-15 16:52:37.951  4829  5498 I BatteryMgr:DataCollectionService: stats => 1702655557951,-1711913,3685
12-15 16:52:38.953  4829  5498 I BatteryMgr:DataCollectionService: stats => 1702655558953,-1717772,3685
12-15 16:52:39.955  4829  5498 I BatteryMgr:DataCollectionService: stats => 1702655559955,-1761717,3685
12-15 16:52:40.958  4829  5498 I BatteryMgr:DataCollectionService: stats => 1702655560958,-1716307,3686
12-15 16:52:41.960  4829  5498 I BatteryMgr:DataCollectionService: stats => 1702655561960,-1826170,3686
12-15 16:52:42.963  4829  5498 I BatteryMgr:DataCollectionService: stats => 1702655562963,-1780272,3686
12-15 16:52:43.967  4829  5498 I BatteryMgr:DataCollectionService: stats => 1702655563967,-1660155,3686
12-15 16:52:44.969  4829  5498 I BatteryMgr:DataCollectionService: stats => 1702655564969,-1781737,3686
12-15 16:52:45.973  4829  5498 I BatteryMgr:DataCollectionService: stats => 1702655565973,-1826659,3686
12-15 16:52:46.980  4829  5498 I BatteryMgr:DataCollectionService: stats => 1702655566980,-1732909,3686
12-15 16:52:47.983  4829  5498 I BatteryMgr:DataCollectionService: stats => 1702655567983,-1796385,3686
12-15 16:52:48.987  4829  5498 I BatteryMgr:DataCollectionService: stats => 1702655568987,-1825194,3686
12-15 16:52:49.997  4829  5498 I BatteryMgr:DataCollectionService: stats => 1702655569997,-1663085,3687
12-15 16:52:51.002  4829  5498 I BatteryMgr:DataCollectionService: stats => 1702655571001,-1830077,3687
12-15 16:52:52.004  4829  5498 I BatteryMgr:DataCollectionService: stats => 1702655572004,-1776366,3687
12-15 16:52:53.007  4829  5498 I BatteryMgr:DataCollectionService: stats => 1702655573007,-1722655,3687
12-15 16:52:54.009  4829  5498 I BatteryMgr:DataCollectionService: stats => 1702655574009,-1728514,3687
12-15 16:52:55.015  4829  5498 I BatteryMgr:DataCollectionService: stats => 1702655575015,-1710448,3687
12-15 16:52:56.018  4829  5498 I BatteryMgr:DataCollectionService: stats => 1702655576018,-1760741,3687
12-15 16:52:57.020  4829  5498 I BatteryMgr:DataCollectionService: stats => 1702655577020,-1722655,3687
12-15 16:52:58.023  4829  5498 I BatteryMgr:DataCollectionService: stats => 1702655578023,-1790526,3687
12-15 16:52:59.026  4829  5498 I BatteryMgr:DataCollectionService: stats => 1702655579026,-1745604,3687
12-15 16:53:00.028  4829  5498 I BatteryMgr:DataCollectionService: stats => 1702655580028,-1770995,3682
12-15 16:53:01.031  4829  5498 I BatteryMgr:DataCollectionService: stats => 1702655581031,-1697753,3682
12-15 16:53:02.033  4829  5498 I BatteryMgr:DataCollectionService: stats => 1702655582033,-1754881,3682
12-15 16:53:03.036  4829  5498 I BatteryMgr:DataCollectionService: stats => 1702655583036,-1727538,3682
12-15 16:53:04.040  4829  5498 I BatteryMgr:DataCollectionService: stats => 1702655584040,-1786131,3682
12-15 16:53:05.043  4829  5498 I BatteryMgr:DataCollectionService: stats => 1702655585043,-1674803,3682
12-15 16:53:06.046  4829  5498 I BatteryMgr:DataCollectionService: stats => 1702655586046,-1651854,3682
12-15 16:53:07.048  4829  5498 I BatteryMgr:DataCollectionService: stats => 1702655587048,-1714354,3682
12-15 16:53:08.053  4829  5498 I BatteryMgr:DataCollectionService: stats => 1702655588053,-1713378,3682
12-15 16:53:09.055  4829  5498 I BatteryMgr:DataCollectionService: stats => 1702655589055,-1723631,3682
12-15 16:53:10.058  4829  5498 I BatteryMgr:DataCollectionService: stats => 1702655590058,-1701659,3685
12-15 16:53:11.060  4829  5498 I BatteryMgr:DataCollectionService: stats => 1702655591060,-1763182,3685
12-15 16:53:12.065  4829  5498 I BatteryMgr:DataCollectionService: stats => 1702655592065,-1750975,3685
12-15 16:53:13.067  4829  5498 I BatteryMgr:DataCollectionService: stats => 1702655593067,-1667479,3685
12-15 16:53:14.070  4829  5498 I BatteryMgr:DataCollectionService: stats => 1702655594070,-1773436,3685
12-15 16:53:15.072  4829  5498 I BatteryMgr:DataCollectionService: stats => 1702655595072,-1703124,3685
12-15 16:53:16.075  4829  5498 I BatteryMgr:DataCollectionService: stats => 1702655596075,-1671874,3685
12-15 16:53:17.080  4829  5498 I BatteryMgr:DataCollectionService: stats => 1702655597080,-1630858,3685
12-15 16:53:18.083  4829  5498 I BatteryMgr:DataCollectionService: stats => 1702655598083,-1772948,3685
12-15 16:53:19.086  4829  5498 I BatteryMgr:DataCollectionService: stats => 1702655599086,-1720702,3685
12-15 16:53:20.089  4829  5498 I BatteryMgr:DataCollectionService: stats => 1702655600089,-1750487,3683
12-15 16:53:21.094  4829  5498 I BatteryMgr:DataCollectionService: stats => 1702655601094,-1762694,3683
12-15 16:53:22.096  4829  5498 I BatteryMgr:DataCollectionService: stats => 1702655602096,-1756346,3683
12-15 16:53:23.100  4829  5498 I BatteryMgr:DataCollectionService: stats => 1702655603100,-1687987,3683
12-15 16:53:24.103  4829  5498 I BatteryMgr:DataCollectionService: stats => 1702655604103,-1720702,3683
12-15 16:53:25.106  4829  5498 I BatteryMgr:DataCollectionService: stats => 1702655605106,-1736815,3683
12-15 16:53:26.108  4829  5498 I BatteryMgr:DataCollectionService: stats => 1702655606108,-1725585,3683
12-15 16:53:27.110  4829  5498 I BatteryMgr:DataCollectionService: stats => 1702655607110,-1777831,3683
12-15 16:53:28.113  4829  5498 I BatteryMgr:DataCollectionService: stats => 1702655608113,-1721678,3683
12-15 16:53:29.117  4829  5498 I BatteryMgr:DataCollectionService: stats => 1702655609117,-1816405,3683
12-15 16:53:30.120  4829  5498 I BatteryMgr:DataCollectionService: stats => 1702655610120,-1753417,3682
12-15 16:53:31.123  4829  5498 I BatteryMgr:DataCollectionService: stats => 1702655611123,-1737303,3682
12-15 16:53:32.126  4829  5498 I BatteryMgr:DataCollectionService: stats => 1702655612126,-1732909,3682
12-15 16:53:33.128  4829  5498 I BatteryMgr:DataCollectionService: stats => 1702655613128,-1753417,3682
12-15 16:53:34.132  4829  5498 I BatteryMgr:DataCollectionService: stats => 1702655614132,-1766112,3682
12-15 16:53:35.135  4829  5498 I BatteryMgr:DataCollectionService: stats => 1702655615135,-1696776,3682
12-15 16:53:36.139  4829  5498 I BatteryMgr:DataCollectionService: stats => 1702655616139,-1714354,3682
12-15 16:53:37.142  4829  5498 I BatteryMgr:DataCollectionService: stats => 1702655617142,-1681151,3682
12-15 16:53:38.144  4829  5498 I BatteryMgr:DataCollectionService: stats => 1702655618144,-1787108,3680
12-15 16:53:39.147  4829  5498 I BatteryMgr:DataCollectionService: stats => 1702655619147,-1757323,3680
12-15 16:53:40.149  4829  5498 I BatteryMgr:DataCollectionService: stats => 1702655620149,-1765624,3682
12-15 16:53:41.152  4829  5498 I BatteryMgr:DataCollectionService: stats => 1702655621152,-1810545,3682
12-15 16:53:42.154  4829  5498 I BatteryMgr:DataCollectionService: stats => 1702655622154,-1707030,3682
12-15 16:53:43.159  4829  5498 I BatteryMgr:DataCollectionService: stats => 1702655623159,-1698241,3682
12-15 16:53:44.162  4829  5498 I BatteryMgr:DataCollectionService: stats => 1702655624162,-1727049,3682
12-15 16:53:45.165  4829  5498 I BatteryMgr:DataCollectionService: stats => 1702655625165,-1677245,3682
12-15 16:53:46.167  4829  5498 I BatteryMgr:DataCollectionService: stats => 1702655626167,-1743163,3682
12-15 16:53:47.175  4829  5498 I BatteryMgr:DataCollectionService: stats => 1702655627175,-1765135,3682
12-15 16:53:48.177  4829  5498 I BatteryMgr:DataCollectionService: stats => 1702655628177,-1741210,3682
12-15 16:53:49.182  4829  5498 I BatteryMgr:DataCollectionService: stats => 1702655629182,-1791991,3682
12-15 16:53:50.185  4829  5498 I BatteryMgr:DataCollectionService: stats => 1702655630185,-1740721,3682
12-15 16:53:51.187  4829  5498 I BatteryMgr:DataCollectionService: stats => 1702655631187,-1880370,3682
12-15 16:53:52.190  4829  5498 I BatteryMgr:DataCollectionService: stats => 1702655632190,-1796385,3682
12-15 16:53:53.193  4829  5498 I BatteryMgr:DataCollectionService: stats => 1702655633192,-1821288,3682
12-15 16:53:54.197  4829  5498 I BatteryMgr:DataCollectionService: stats => 1702655634197,-1734862,3682
12-15 16:53:55.200  4829  5498 I BatteryMgr:DataCollectionService: stats => 1702655635200,-1743163,3682
12-15 16:53:56.203  4829  5498 I BatteryMgr:DataCollectionService: stats => 1702655636202,-1733397,3682
12-15 16:53:57.205  4829  5498 I BatteryMgr:DataCollectionService: stats => 1702655637205,-1736327,3682
12-15 16:53:58.207  4829  5498 I BatteryMgr:DataCollectionService: stats => 1702655638207,-1744628,3682
12-15 16:53:59.212  4829  5498 I BatteryMgr:DataCollectionService: stats => 1702655639212,-1710448,3682
12-15 16:54:00.217  4829  5498 I BatteryMgr:DataCollectionService: stats => 1702655640217,-1642577,3686
12-15 16:54:01.219  4829  5498 I BatteryMgr:DataCollectionService: stats => 1702655641219,-1627928,3686
12-15 16:54:02.221  4829  5498 I BatteryMgr:DataCollectionService: stats => 1702655642221,-1717284,3686
12-15 16:54:03.225  4829  5498 I BatteryMgr:DataCollectionService: stats => 1702655643225,-1703124,3686
12-15 16:54:04.227  4829  5498 I BatteryMgr:DataCollectionService: stats => 1702655644227,-1709471,3686
12-15 16:54:05.229  4829  5498 I BatteryMgr:DataCollectionService: stats => 1702655645229,-1742186,3686
12-15 16:54:06.232  4829  5498 I BatteryMgr:DataCollectionService: stats => 1702655646232,-1873045,3686
12-15 16:54:07.236  4829  5498 I BatteryMgr:DataCollectionService: stats => 1702655647236,-2000487,3686
12-15 16:54:08.242  4829  5498 I BatteryMgr:DataCollectionService: stats => 1702655648242,-1975584,3686
12-15 16:54:09.246  4829  5498 I BatteryMgr:DataCollectionService: stats => 1702655649246,-2024413,3686
12-15 16:54:10.251  4829  5498 I BatteryMgr:DataCollectionService: stats => 1702655650251,-2031248,3668
12-15 16:54:11.255  4829  5498 I BatteryMgr:DataCollectionService: stats => 1702655651255,-1989745,3668
12-15 16:54:12.257  4829  5498 I BatteryMgr:DataCollectionService: stats => 1702655652257,-1965819,3668
12-15 16:54:13.260  4829  5498 I BatteryMgr:DataCollectionService: stats => 1702655653260,-2001952,3668
12-15 16:54:14.263  4829  5498 I BatteryMgr:DataCollectionService: stats => 1702655654263,-1994627,3668
12-15 16:54:15.266  4829  5498 I BatteryMgr:DataCollectionService: stats => 1702655655265,-1992674,3668
12-15 16:54:16.269  4829  5498 I BatteryMgr:DataCollectionService: stats => 1702655656269,-1998045,3668
12-15 16:54:17.272  4829  5498 I BatteryMgr:DataCollectionService: stats => 1702655657271,-1977538,3668
12-15 16:54:18.277  4829  5498 I BatteryMgr:DataCollectionService: stats => 1702655658276,-1989256,3668
12-15 16:54:19.279  4829  5498 I BatteryMgr:DataCollectionService: stats => 1702655659279,-1979002,3668
12-15 16:54:20.283  4829  5498 I BatteryMgr:DataCollectionService: stats => 1702655660282,-2019041,3668
12-15 16:54:21.285  4829  5498 I BatteryMgr:DataCollectionService: stats => 1702655661285,-2008788,3668
12-15 16:54:22.290  4829  5498 I BatteryMgr:DataCollectionService: stats => 1702655662290,-2011717,3668
12-15 16:54:23.293  4829  5498 I BatteryMgr:DataCollectionService: stats => 1702655663293,-2003416,3666
12-15 16:54:24.295  4829  5498 I BatteryMgr:DataCollectionService: stats => 1702655664295,-2032713,3666
12-15 16:54:25.297  4829  5498 I BatteryMgr:DataCollectionService: stats => 1702655665297,-2026366,3666
12-15 16:54:26.299  4829  5498 I BatteryMgr:DataCollectionService: stats => 1702655666299,-1999510,3666
12-15 16:54:27.303  4829  5498 I BatteryMgr:DataCollectionService: stats => 1702655667302,-1992186,3666
12-15 16:54:28.305  4829  5498 I BatteryMgr:DataCollectionService: stats => 1702655668305,-1975584,3666
12-15 16:54:29.309  4829  5498 I BatteryMgr:DataCollectionService: stats => 1702655669308,-1984862,3666
12-15 16:54:30.312  4829  5498 I BatteryMgr:DataCollectionService: stats => 1702655670312,-2004393,3665
12-15 16:54:31.317  4829  5498 I BatteryMgr:DataCollectionService: stats => 1702655671317,-2026366,3665
