194.14 1074.90
195.14 1080.76
196.14 1087.07
197.14 1093.24
198.14 1099.45
199.14 1105.60
200.13 1111.70
201.13 1117.94
202.13 1123.89
203.14 1130.04
204.13 1136.13
205.13 1142.00
206.13 1148.08
207.13 1154.03
208.14 1160.08
209.43 1167.89
210.14 1172.27
211.13 1178.03
212.15 1183.78
213.14 1189.49
214.13 1195.15
215.13 1200.63
216.13 1206.05
217.13 1211.61
218.13 1217.00
219.14 1222.41
220.13 1227.94
221.13 1233.03
222.13 1238.45
223.13 1244.10
224.13 1249.57
225.14 1255.07
226.13 1261.01
227.13 1266.95
228.14 1273.02
230.14 1284.79
231.14 1290.84
233.14 1302.17
234.13 1308.01
235.13 1313.50
236.13 1319.49
237.13 1325.36
238.13 1331.28
239.13 1336.99
240.13 1342.76
241.13 1348.71
242.18 1354.96
243.14 1360.54
244.14 1366.64
245.13 1372.14
246.13 1377.88
247.13 1383.64
248.13 1389.58
249.14 1395.60
250.14 1401.52
251.18 1407.50
252.14 1413.34
253.14 1419.34
254.13 1425.24
255.13 1431.00
256.13 1437.17
257.14 1443.29
258.14 1449.39
259.13 1455.48
260.13 1461.45
261.13 1467.33
262.13 1473.46
263.13 1479.51
264.13 1485.77
265.13 1491.80
266.13 1497.94
268.14 1510.06
269.13 1515.99
270.13 1522.11
271.14 1528.25
272.14 1534.09
273.15 1540.04
274.14 1545.90
275.16 1551.73
276.13 1557.55
277.13 1563.60
278.14 1569.72
279.13 1575.63
280.14 1581.50
282.14 1593.13
283.18 1599.23
284.13 1604.89
285.14 1610.69
286.14 1616.33
287.13 1622.01
288.13 1627.78
289.12 1633.61
290.14 1639.60
291.17 1645.74
292.14 1650.97
293.14 1656.59
294.13 1662.03
295.14 1667.62
296.15 1673.57
298.13 1684.93
300.13 1696.34
301.14 1701.92
302.14 1707.69
303.14 1713.47
304.13 1719.00
305.13 1724.59
306.13 1730.35
307.14 1736.12
308.14 1741.56
309.14 1747.41
310.13 1752.69
311.13 1758.43
312.12 1763.83
313.13 1769.37
314.13 1774.85
315.13 1780.37
316.14 1785.97
317.13 1791.54
318.13 1797.38
319.13 1802.95
320.13 1808.55
321.13 1814.02
322.13 1819.57
323.13 1825.17
325.12 1836.33
326.14 1841.91
327.13 1847.24
329.16 1858.78
330.13 1864.19
331.13 1869.80
332.14 1875.54
333.14 1881.14
334.14 1886.67
335.14 1892.13
336.12 1897.41
337.15 1903.26
338.13 1908.82
339.13 1914.48
340.13 1920.45
341.12 1926.40
342.13 1932.84
343.14 1939.22
344.14 1945.65
345.14 1951.80
346.13 1958.01
347.13 1964.36
348.13 1970.69
349.13 1977.07
350.13 1983.51
351.13 1989.78
352.19 1996.15
353.44 2003.87
354.13 2008.02
355.14 2014.34
356.19 2020.93
357.13 2026.87
358.13 2033.44
359.14 2039.44
360.13 2045.83
361.14 2052.13
362.14 2058.39
363.13 2064.56
364.12 2070.74
365.16 2077.05
366.14 2083.05
367.14 2089.18
368.12 2095.04
369.14 2101.23
370.12 2107.08
371.13 2113.31
372.14 2119.23
373.14 2125.37
374.14 2131.61
375.13 2137.57
376.14 2143.66
377.12 2149.67
378.14 2155.90
379.13 2162.05
380.13 2168.29
381.13 2174.73
382.13 2180.80
383.12 2186.70
384.14 2193.02
385.14 2199.19
386.13 2205.50
387.18 2211.92
388.13 2217.46
389.13 2223.69
390.13 2229.70
391.13 2235.93
392.13 2241.99
393.13 2248.26
394.12 2254.29
395.13 2260.32
396.12 2266.39
397.13 2272.82
398.13 2278.79
399.13 2284.93
400.14 2290.82
401.14 2296.98
402.14 2303.11
403.13 2309.32
404.13 2315.15
405.14 2321.34
406.12 2327.21
407.12 2333.38
408.14 2339.35
409.12 2345.06
410.13 2351.15
411.13 2357.04
412.14 2362.95
413.13 2368.84
414.14 2374.77
415.13 2380.75
416.13 2386.63
418.13 2399.05
419.14 2405.12
420.13 2411.17
421.13 2417.29
422.13 2423.31
423.13 2429.57
424.13 2435.56
425.13 2441.43
426.13 2447.37
427.12 2453.22
428.13 2459.24
429.13 2465.22
430.16 2470.99
431.12 2476.48
432.15 2482.70
433.13 2488.42
434.13 2494.53
436.14 2506.22
437.44 2514.07
438.13 2518.04
439.12 2523.98
440.13 2529.62
441.14 2535.54
443.14 2547.68
444.13 2553.58
445.12 2559.31
446.13 2565.06
447.12 2570.60
