12-16 21:03:56.613  5101  5101 I BatteryMgr:DataCollectionService: onStartCommand: begin
12-16 21:03:56.615  5101  5101 I BatteryMgr:DataCollectionService: onStartCommand: sampleRate => 1000
12-16 21:03:56.615  5101  5101 I BatteryMgr:DataCollectionService: onStartCommand: rawFields => Timestamp,BATTERY_PROPERTY_CURRENT_NOW,EXTRA_VOLTAGE
12-16 21:03:56.616  5101  5101 I BatteryMgr:DataCollectionService: onStartCommand: notification done
12-16 21:03:56.618  5101  5101 I BatteryMgr:DataCollectionService: started foreground
12-16 21:03:56.622  5101  5612 I BatteryMgr:DataCollectionService: collectData: begin
12-16 21:03:56.624  5101  5612 I BatteryMgr:DataCollectionService: stats => 1702757036624,-1742674,3979
12-16 21:03:57.627  5101  5612 I BatteryMgr:DataCollectionService: stats => 1702757037627,-1819335,3979
12-16 21:03:58.630  5101  5612 I BatteryMgr:DataCollectionService: stats => 1702757038630,-1754881,3979
12-16 21:03:59.633  5101  5612 I BatteryMgr:DataCollectionService: stats => 1702757039633,-1761717,3979
12-16 21:04:00.635  5101  5612 I BatteryMgr:DataCollectionService: stats => 1702757040635,-1750975,3979
12-16 21:04:01.637  5101  5612 I BatteryMgr:DataCollectionService: stats => 1702757041637,-1755370,3979
12-16 21:04:02.640  5101  5612 I BatteryMgr:DataCollectionService: stats => 1702757042639,-1753417,3979
12-16 21:04:03.643  5101  5612 I BatteryMgr:DataCollectionService: stats => 1702757043643,-1775877,3979
12-16 21:04:04.645  5101  5612 I BatteryMgr:DataCollectionService: stats => 1702757044645,-1792479,3976
12-16 21:04:05.648  5101  5612 I BatteryMgr:DataCollectionService: stats => 1702757045648,-1748534,3976
12-16 21:04:06.652  5101  5612 I BatteryMgr:DataCollectionService: stats => 1702757046652,-1795897,3976
12-16 21:04:07.656  5101  5612 I BatteryMgr:DataCollectionService: stats => 1702757047656,-1805174,3976
12-16 21:04:08.658  5101  5612 I BatteryMgr:DataCollectionService: stats => 1702757048658,-1777831,3976
12-16 21:04:09.661  5101  5612 I BatteryMgr:DataCollectionService: stats => 1702757049661,-1789061,3976
12-16 21:04:10.664  5101  5612 I BatteryMgr:DataCollectionService: stats => 1702757050664,-1813963,3976
12-16 21:04:11.667  5101  5612 I BatteryMgr:DataCollectionService: stats => 1702757051667,-1770506,3976
12-16 21:04:12.670  5101  5612 I BatteryMgr:DataCollectionService: stats => 1702757052670,-1809081,3976
12-16 21:04:13.672  5101  5612 I BatteryMgr:DataCollectionService: stats => 1702757053672,-1807127,3974
12-16 21:04:14.675  5101  5612 I BatteryMgr:DataCollectionService: stats => 1702757054675,-1784178,3974
12-16 21:04:15.677  5101  5612 I BatteryMgr:DataCollectionService: stats => 1702757055677,-1796874,3974
12-16 21:04:16.680  5101  5612 I BatteryMgr:DataCollectionService: stats => 1702757056679,-1808104,3974
12-16 21:04:17.682  5101  5612 I BatteryMgr:DataCollectionService: stats => 1702757057682,-1770018,3974
12-16 21:04:18.684  5101  5612 I BatteryMgr:DataCollectionService: stats => 1702757058684,-1790038,3974
12-16 21:04:19.687  5101  5612 I BatteryMgr:DataCollectionService: stats => 1702757059687,-1438964,3974
12-16 21:04:20.689  5101  5612 I BatteryMgr:DataCollectionService: stats => 1702757060689,-1404296,3974
12-16 21:04:21.692  5101  5612 I BatteryMgr:DataCollectionService: stats => 1702757061691,-1453124,3974
12-16 21:04:22.696  5101  5612 I BatteryMgr:DataCollectionService: stats => 1702757062696,-1455565,3974
12-16 21:04:23.698  5101  5612 I BatteryMgr:DataCollectionService: stats => 1702757063698,-1417479,3974
12-16 21:04:24.701  5101  5612 I BatteryMgr:DataCollectionService: stats => 1702757064701,-1722167,3992
12-16 21:04:25.705  5101  5612 I BatteryMgr:DataCollectionService: stats => 1702757065704,-1636717,3992
12-16 21:04:26.708  5101  5612 I BatteryMgr:DataCollectionService: stats => 1702757066707,-1451659,3992
12-16 21:04:27.710  5101  5612 I BatteryMgr:DataCollectionService: stats => 1702757067710,-1483397,3992
12-16 21:04:28.712  5101  5612 I BatteryMgr:DataCollectionService: stats => 1702757068712,-1488768,3992
12-16 21:04:29.715  5101  5612 I BatteryMgr:DataCollectionService: stats => 1702757069715,-1423339,3992
12-16 21:04:30.717  5101  5612 I BatteryMgr:DataCollectionService: stats => 1702757070717,-1458495,3992
12-16 21:04:31.719  5101  5612 I BatteryMgr:DataCollectionService: stats => 1702757071719,-1461425,3992
12-16 21:04:32.722  5101  5612 I BatteryMgr:DataCollectionService: stats => 1702757072722,-1427245,3992
12-16 21:04:33.724  5101  5612 I BatteryMgr:DataCollectionService: stats => 1702757073724,-1462401,3992
12-16 21:04:34.727  5101  5612 I BatteryMgr:DataCollectionService: stats => 1702757074727,-1471190,3990
12-16 21:04:35.731  5101  5612 I BatteryMgr:DataCollectionService: stats => 1702757075730,-1486327,3990
12-16 21:04:36.733  5101  5612 I BatteryMgr:DataCollectionService: stats => 1702757076733,-1500487,3990
12-16 21:04:37.737  5101  5612 I BatteryMgr:DataCollectionService: stats => 1702757077737,-1460448,3990
12-16 21:04:38.741  5101  5612 I BatteryMgr:DataCollectionService: stats => 1702757078741,-1467772,3990
12-16 21:04:39.743  5101  5612 I BatteryMgr:DataCollectionService: stats => 1702757079743,-1486815,3990
12-16 21:04:40.746  5101  5612 I BatteryMgr:DataCollectionService: stats => 1702757080746,-1613768,3990
12-16 21:04:41.749  5101  5612 I BatteryMgr:DataCollectionService: stats => 1702757081749,-1535643,3990
12-16 21:04:42.751  5101  5612 I BatteryMgr:DataCollectionService: stats => 1702757082751,-1430175,3990
12-16 21:04:43.754  5101  5612 I BatteryMgr:DataCollectionService: stats => 1702757083754,-1444823,3990
12-16 21:04:44.756  5101  5612 I BatteryMgr:DataCollectionService: stats => 1702757084756,-1466796,3991
12-16 21:04:45.758  5101  5612 I BatteryMgr:DataCollectionService: stats => 1702757085758,-1405272,3991
12-16 21:04:46.761  5101  5612 I BatteryMgr:DataCollectionService: stats => 1702757086761,-1464843,3991
12-16 21:04:47.763  5101  5612 I BatteryMgr:DataCollectionService: stats => 1702757087763,-1449218,3991
12-16 21:04:48.766  5101  5612 I BatteryMgr:DataCollectionService: stats => 1702757088766,-1445800,3991
12-16 21:04:49.770  5101  5612 I BatteryMgr:DataCollectionService: stats => 1702757089770,-1476073,3991
12-16 21:04:50.772  5101  5612 I BatteryMgr:DataCollectionService: stats => 1702757090772,-1464354,3991
12-16 21:04:51.777  5101  5612 I BatteryMgr:DataCollectionService: stats => 1702757091777,-1441893,3991
12-16 21:04:52.780  5101  5612 I BatteryMgr:DataCollectionService: stats => 1702757092780,-1453124,3991
12-16 21:04:53.783  5101  5612 I BatteryMgr:DataCollectionService: stats => 1702757093783,-1460936,3991
12-16 21:04:54.785  5101  5612 I BatteryMgr:DataCollectionService: stats => 1702757094785,-1460936,3991
12-16 21:04:55.788  5101  5612 I BatteryMgr:DataCollectionService: stats => 1702757095788,-1430663,3991
12-16 21:04:56.791  5101  5612 I BatteryMgr:DataCollectionService: stats => 1702757096791,-1431151,3991
12-16 21:04:57.793  5101  5612 I BatteryMgr:DataCollectionService: stats => 1702757097793,-1485839,3991
12-16 21:04:58.796  5101  5612 I BatteryMgr:DataCollectionService: stats => 1702757098796,-1403319,3991
12-16 21:04:59.798  5101  5612 I BatteryMgr:DataCollectionService: stats => 1702757099798,-1392089,3991
12-16 21:05:00.801  5101  5612 I BatteryMgr:DataCollectionService: stats => 1702757100801,-1432616,3991
12-16 21:05:01.803  5101  5612 I BatteryMgr:DataCollectionService: stats => 1702757101803,-1447264,3991
12-16 21:05:02.806  5101  5612 I BatteryMgr:DataCollectionService: stats => 1702757102806,-1479491,3991
12-16 21:05:03.810  5101  5612 I BatteryMgr:DataCollectionService: stats => 1702757103810,-1447753,3991
12-16 21:05:04.812  5101  5612 I BatteryMgr:DataCollectionService: stats => 1702757104812,-1395507,3991
12-16 21:05:05.816  5101  5612 I BatteryMgr:DataCollectionService: stats => 1702757105816,-1386718,3991
12-16 21:05:06.819  5101  5612 I BatteryMgr:DataCollectionService: stats => 1702757106819,-1420409,3993
12-16 21:05:07.822  5101  5612 I BatteryMgr:DataCollectionService: stats => 1702757107821,-1397948,3993
12-16 21:05:08.824  5101  5612 I BatteryMgr:DataCollectionService: stats => 1702757108824,-1442382,3993
12-16 21:05:09.826  5101  5612 I BatteryMgr:DataCollectionService: stats => 1702757109826,-1318846,3993
12-16 21:05:10.829  5101  5612 I BatteryMgr:DataCollectionService: stats => 1702757110829,-1425780,3993
12-16 21:05:11.831  5101  5612 I BatteryMgr:DataCollectionService: stats => 1702757111831,-1404296,3993
12-16 21:05:12.834  5101  5612 I BatteryMgr:DataCollectionService: stats => 1702757112833,-1403319,3993
12-16 21:05:13.836  5101  5612 I BatteryMgr:DataCollectionService: stats => 1702757113836,-1410155,3993
12-16 21:05:14.838  5101  5612 I BatteryMgr:DataCollectionService: stats => 1702757114838,-1410155,3993
12-16 21:05:15.841  5101  5612 I BatteryMgr:DataCollectionService: stats => 1702757115841,-1381835,3993
12-16 21:05:16.843  5101  5612 I BatteryMgr:DataCollectionService: stats => 1702757116843,-1396483,3993
12-16 21:05:17.847  5101  5612 I BatteryMgr:DataCollectionService: stats => 1702757117847,-1440917,3993
12-16 21:05:18.849  5101  5612 I BatteryMgr:DataCollectionService: stats => 1702757118849,-1476561,3993
12-16 21:05:19.851  5101  5612 I BatteryMgr:DataCollectionService: stats => 1702757119851,-1461425,3993
12-16 21:05:20.854  5101  5612 I BatteryMgr:DataCollectionService: stats => 1702757120854,-1445311,3993
12-16 21:05:21.857  5101  5612 I BatteryMgr:DataCollectionService: stats => 1702757121857,-1405272,3993
12-16 21:05:22.861  5101  5612 I BatteryMgr:DataCollectionService: stats => 1702757122861,-1465331,3993
12-16 21:05:23.863  5101  5612 I BatteryMgr:DataCollectionService: stats => 1702757123863,-1408690,3993
12-16 21:05:24.865  5101  5612 I BatteryMgr:DataCollectionService: stats => 1702757124865,-1456542,3992
12-16 21:05:25.868  5101  5612 I BatteryMgr:DataCollectionService: stats => 1702757125868,-1393553,3992
12-16 21:05:26.871  5101  5612 I BatteryMgr:DataCollectionService: stats => 1702757126871,-1444335,3992
12-16 21:05:27.873  5101  5612 I BatteryMgr:DataCollectionService: stats => 1702757127873,-1459471,3992
12-16 21:05:28.875  5101  5612 I BatteryMgr:DataCollectionService: stats => 1702757128875,-1445800,3992
12-16 21:05:29.877  5101  5612 I BatteryMgr:DataCollectionService: stats => 1702757129877,-1464843,3992
12-16 21:05:30.880  5101  5612 I BatteryMgr:DataCollectionService: stats => 1702757130880,-1387694,3992
12-16 21:05:31.882  5101  5612 I BatteryMgr:DataCollectionService: stats => 1702757131882,-1423827,3992
12-16 21:05:32.886  5101  5612 I BatteryMgr:DataCollectionService: stats => 1702757132886,-1489745,3992
12-16 21:05:33.888  5101  5612 I BatteryMgr:DataCollectionService: stats => 1702757133888,-1461425,3992
12-16 21:05:34.891  5101  5612 I BatteryMgr:DataCollectionService: stats => 1702757134891,-1416503,3989
12-16 21:05:35.894  5101  5612 I BatteryMgr:DataCollectionService: stats => 1702757135894,-1380370,3989
12-16 21:05:36.897  5101  5612 I BatteryMgr:DataCollectionService: stats => 1702757136897,-1395507,3989
12-16 21:05:37.900  5101  5612 I BatteryMgr:DataCollectionService: stats => 1702757137900,-1443358,3989
12-16 21:05:38.903  5101  5612 I BatteryMgr:DataCollectionService: stats => 1702757138903,-1395995,3989
12-16 21:05:39.906  5101  5612 I BatteryMgr:DataCollectionService: stats => 1702757139906,-1420409,3989
12-16 21:05:40.909  5101  5612 I BatteryMgr:DataCollectionService: stats => 1702757140909,-1514159,3989
12-16 21:05:41.912  5101  5612 I BatteryMgr:DataCollectionService: stats => 1702757141912,-1426757,3989
12-16 21:05:42.915  5101  5612 I BatteryMgr:DataCollectionService: stats => 1702757142915,-1414061,3989
12-16 21:05:43.918  5101  5612 I BatteryMgr:DataCollectionService: stats => 1702757143918,-1442870,3989
12-16 21:05:44.921  5101  5612 I BatteryMgr:DataCollectionService: stats => 1702757144921,-1385253,3989
12-16 21:05:45.924  5101  5612 I BatteryMgr:DataCollectionService: stats => 1702757145924,-1420409,3989
12-16 21:05:46.927  5101  5612 I BatteryMgr:DataCollectionService: stats => 1702757146927,-1430663,3989
12-16 21:05:47.930  5101  5612 I BatteryMgr:DataCollectionService: stats => 1702757147930,-1404296,3989
12-16 21:05:48.936  5101  5612 I BatteryMgr:DataCollectionService: stats => 1702757148934,-1423827,3989
12-16 21:05:49.940  5101  5612 I BatteryMgr:DataCollectionService: stats => 1702757149940,-1425780,3989
12-16 21:05:50.942  5101  5612 I BatteryMgr:DataCollectionService: stats => 1702757150942,-1439940,3989
12-16 21:05:51.944  5101  5612 I BatteryMgr:DataCollectionService: stats => 1702757151944,-1433593,3989
12-16 21:05:52.947  5101  5612 I BatteryMgr:DataCollectionService: stats => 1702757152947,-1445800,3989
12-16 21:05:53.950  5101  5612 I BatteryMgr:DataCollectionService: stats => 1702757153950,-1448729,3988
12-16 21:05:54.953  5101  5612 I BatteryMgr:DataCollectionService: stats => 1702757154953,-1482909,3988
12-16 21:05:55.955  5101  5612 I BatteryMgr:DataCollectionService: stats => 1702757155955,-1395507,3988
12-16 21:05:56.958  5101  5612 I BatteryMgr:DataCollectionService: stats => 1702757156958,-1445311,3988
12-16 21:05:57.961  5101  5612 I BatteryMgr:DataCollectionService: stats => 1702757157961,-1459960,3988
12-16 21:05:58.964  5101  5612 I BatteryMgr:DataCollectionService: stats => 1702757158964,-1408690,3988
12-16 21:05:59.967  5101  5612 I BatteryMgr:DataCollectionService: stats => 1702757159967,-1407714,3988
12-16 21:06:00.970  5101  5612 I BatteryMgr:DataCollectionService: stats => 1702757160969,-1455565,3988
12-16 21:06:01.974  5101  5612 I BatteryMgr:DataCollectionService: stats => 1702757161974,-1433593,3988
12-16 21:06:02.977  5101  5612 I BatteryMgr:DataCollectionService: stats => 1702757162977,-1313475,3988
12-16 21:06:03.980  5101  5612 I BatteryMgr:DataCollectionService: stats => 1702757163980,-1420897,3989
12-16 21:06:04.982  5101  5612 I BatteryMgr:DataCollectionService: stats => 1702757164982,-1435546,3989
12-16 21:06:05.984  5101  5612 I BatteryMgr:DataCollectionService: stats => 1702757165984,-1392089,3989
12-16 21:06:06.987  5101  5612 I BatteryMgr:DataCollectionService: stats => 1702757166987,-1407714,3989
12-16 21:06:07.989  5101  5612 I BatteryMgr:DataCollectionService: stats => 1702757167989,-1447753,3989
12-16 21:06:08.992  5101  5612 I BatteryMgr:DataCollectionService: stats => 1702757168992,-1453124,3989
12-16 21:06:09.994  5101  5612 I BatteryMgr:DataCollectionService: stats => 1702757169994,-1489257,3989
12-16 21:06:10.997  5101  5612 I BatteryMgr:DataCollectionService: stats => 1702757170997,-1461425,3989
12-16 21:06:12.000  5101  5612 I BatteryMgr:DataCollectionService: stats => 1702757172000,-1489745,3989
12-16 21:06:13.003  5101  5612 I BatteryMgr:DataCollectionService: stats => 1702757173003,-1491210,3989
12-16 21:06:14.006  5101  5612 I BatteryMgr:DataCollectionService: stats => 1702757174006,-1450682,3987
12-16 21:06:15.008  5101  5612 I BatteryMgr:DataCollectionService: stats => 1702757175008,-1470214,3987
12-16 21:06:16.012  5101  5612 I BatteryMgr:DataCollectionService: stats => 1702757176010,-1438475,3987
12-16 21:06:17.014  5101  5612 I BatteryMgr:DataCollectionService: stats => 1702757177014,-1445800,3987
12-16 21:06:18.018  5101  5612 I BatteryMgr:DataCollectionService: stats => 1702757178018,-1463866,3987
12-16 21:06:19.020  5101  5612 I BatteryMgr:DataCollectionService: stats => 1702757179020,-1488768,3987
12-16 21:06:20.023  5101  5612 I BatteryMgr:DataCollectionService: stats => 1702757180022,-1450682,3987
12-16 21:06:21.025  5101  5612 I BatteryMgr:DataCollectionService: stats => 1702757181025,-1412596,3987
12-16 21:06:22.027  5101  5612 I BatteryMgr:DataCollectionService: stats => 1702757182027,-1400878,3987
12-16 21:06:23.030  5101  5612 I BatteryMgr:DataCollectionService: stats => 1702757183029,-1444335,3987
12-16 21:06:24.032  5101  5612 I BatteryMgr:DataCollectionService: stats => 1702757184032,-1479979,3985
12-16 21:06:25.035  5101  5612 I BatteryMgr:DataCollectionService: stats => 1702757185035,-1477050,3985
12-16 21:06:26.038  5101  5612 I BatteryMgr:DataCollectionService: stats => 1702757186038,-1494139,3985
12-16 21:06:27.041  5101  5612 I BatteryMgr:DataCollectionService: stats => 1702757187041,-1454100,3985
12-16 21:06:28.044  5101  5612 I BatteryMgr:DataCollectionService: stats => 1702757188044,-1484862,3985
12-16 21:06:29.047  5101  5612 I BatteryMgr:DataCollectionService: stats => 1702757189047,-1446776,3985
12-16 21:06:30.049  5101  5612 I BatteryMgr:DataCollectionService: stats => 1702757190049,-1446776,3985
12-16 21:06:31.054  5101  5612 I BatteryMgr:DataCollectionService: stats => 1702757191054,-1450682,3985
12-16 21:06:32.057  5101  5612 I BatteryMgr:DataCollectionService: stats => 1702757192057,-1446776,3985
12-16 21:06:33.059  5101  5612 I BatteryMgr:DataCollectionService: stats => 1702757193059,-1468749,3985
12-16 21:06:34.061  5101  5612 I BatteryMgr:DataCollectionService: stats => 1702757194061,-1439940,3986
12-16 21:06:35.065  5101  5612 I BatteryMgr:DataCollectionService: stats => 1702757195065,-1479491,3986
12-16 21:06:36.067  5101  5612 I BatteryMgr:DataCollectionService: stats => 1702757196067,-1446776,3986
12-16 21:06:37.069  5101  5612 I BatteryMgr:DataCollectionService: stats => 1702757197069,-1476073,3986
12-16 21:06:38.071  5101  5612 I BatteryMgr:DataCollectionService: stats => 1702757198071,-1449218,3986
12-16 21:06:39.074  5101  5612 I BatteryMgr:DataCollectionService: stats => 1702757199074,-1509276,3986
12-16 21:06:40.078  5101  5612 I BatteryMgr:DataCollectionService: stats => 1702757200077,-1526366,3986
12-16 21:06:41.083  5101  5612 I BatteryMgr:DataCollectionService: stats => 1702757201083,-1598143,3986
12-16 21:06:42.087  5101  5612 I BatteryMgr:DataCollectionService: stats => 1702757202087,-1471190,3986
12-16 21:06:43.089  5101  5612 I BatteryMgr:DataCollectionService: stats => 1702757203089,-1476561,3986
12-16 21:06:44.093  5101  5612 I BatteryMgr:DataCollectionService: stats => 1702757204093,-1509276,3982
12-16 21:06:45.096  5101  5612 I BatteryMgr:DataCollectionService: stats => 1702757205095,-1427245,3982
12-16 21:06:46.098  5101  5612 I BatteryMgr:DataCollectionService: stats => 1702757206098,-1482421,3982
12-16 21:06:47.100  5101  5612 I BatteryMgr:DataCollectionService: stats => 1702757207100,-1504393,3982
12-16 21:06:48.103  5101  5612 I BatteryMgr:DataCollectionService: stats => 1702757208103,-1468749,3982
12-16 21:06:49.106  5101  5612 I BatteryMgr:DataCollectionService: stats => 1702757209106,-1488768,3982
12-16 21:06:50.108  5101  5612 I BatteryMgr:DataCollectionService: stats => 1702757210108,-1485839,3982
12-16 21:06:51.111  5101  5612 I BatteryMgr:DataCollectionService: stats => 1702757211111,-1475096,3982
12-16 21:06:52.113  5101  5612 I BatteryMgr:DataCollectionService: stats => 1702757212113,-1467772,3982
12-16 21:06:53.115  5101  5612 I BatteryMgr:DataCollectionService: stats => 1702757213115,-1456053,3982
12-16 21:06:54.120  5101  5612 I BatteryMgr:DataCollectionService: stats => 1702757214120,-1431151,3985
12-16 21:06:55.123  5101  5612 I BatteryMgr:DataCollectionService: stats => 1702757215123,-1440917,3985
12-16 21:06:56.127  5101  5612 I BatteryMgr:DataCollectionService: stats => 1702757216127,-1447753,3985
12-16 21:06:57.129  5101  5612 I BatteryMgr:DataCollectionService: stats => 1702757217129,-1452147,3985
12-16 21:06:58.133  5101  5612 I BatteryMgr:DataCollectionService: stats => 1702757218133,-1387206,3985
12-16 21:06:59.135  5101  5612 I BatteryMgr:DataCollectionService: stats => 1702757219135,-1420897,3985
12-16 21:07:00.138  5101  5612 I BatteryMgr:DataCollectionService: stats => 1702757220138,-1459960,3985
12-16 21:07:01.141  5101  5612 I BatteryMgr:DataCollectionService: stats => 1702757221141,-1411620,3985
12-16 21:07:02.143  5101  5612 I BatteryMgr:DataCollectionService: stats => 1702757222143,-1406737,3985
12-16 21:07:03.145  5101  5612 I BatteryMgr:DataCollectionService: stats => 1702757223145,-1445311,3985
12-16 21:07:04.148  5101  5612 I BatteryMgr:DataCollectionService: stats => 1702757224148,-1417968,3985
12-16 21:07:05.150  5101  5612 I BatteryMgr:DataCollectionService: stats => 1702757225150,-1449218,3985
12-16 21:07:06.152  5101  5612 I BatteryMgr:DataCollectionService: stats => 1702757226152,-1441405,3985
12-16 21:07:07.155  5101  5612 I BatteryMgr:DataCollectionService: stats => 1702757227155,-1463866,3985
12-16 21:07:08.159  5101  5612 I BatteryMgr:DataCollectionService: stats => 1702757228159,-1449706,3985
12-16 21:07:09.162  5101  5612 I BatteryMgr:DataCollectionService: stats => 1702757229162,-1413085,3985
12-16 21:07:10.166  5101  5612 I BatteryMgr:DataCollectionService: stats => 1702757230166,-1432616,3985
12-16 21:07:11.169  5101  5612 I BatteryMgr:DataCollectionService: stats => 1702757231169,-1401854,3985
12-16 21:07:12.173  5101  5612 I BatteryMgr:DataCollectionService: stats => 1702757232173,-1376952,3985
12-16 21:07:13.176  5101  5612 I BatteryMgr:DataCollectionService: stats => 1702757233176,-1413085,3985
12-16 21:07:14.178  5101  5612 I BatteryMgr:DataCollectionService: stats => 1702757234178,-1472655,3985
12-16 21:07:15.181  5101  5612 I BatteryMgr:DataCollectionService: stats => 1702757235181,-1430175,3985
12-16 21:07:16.183  5101  5612 I BatteryMgr:DataCollectionService: stats => 1702757236183,-1411132,3985
12-16 21:07:17.185  5101  5612 I BatteryMgr:DataCollectionService: stats => 1702757237185,-1382323,3985
12-16 21:07:18.188  5101  5612 I BatteryMgr:DataCollectionService: stats => 1702757238188,-1438475,3985
12-16 21:07:19.190  5101  5612 I BatteryMgr:DataCollectionService: stats => 1702757239190,-1460448,3983
12-16 21:07:20.192  5101  5612 I BatteryMgr:DataCollectionService: stats => 1702757240192,-1448729,3983
12-16 21:07:21.197  5101  5612 I BatteryMgr:DataCollectionService: stats => 1702757241195,-1447753,3983
12-16 21:07:22.199  5101  5612 I BatteryMgr:DataCollectionService: stats => 1702757242199,-1445800,3983
12-16 21:07:23.202  5101  5612 I BatteryMgr:DataCollectionService: stats => 1702757243202,-1457518,3983
12-16 21:07:24.204  5101  5612 I BatteryMgr:DataCollectionService: stats => 1702757244204,-1480956,3981
12-16 21:07:25.207  5101  5612 I BatteryMgr:DataCollectionService: stats => 1702757245207,-1417968,3981
12-16 21:07:26.210  5101  5612 I BatteryMgr:DataCollectionService: stats => 1702757246210,-1390624,3981
12-16 21:07:27.213  5101  5612 I BatteryMgr:DataCollectionService: stats => 1702757247213,-1400878,3981
12-16 21:07:28.216  5101  5612 I BatteryMgr:DataCollectionService: stats => 1702757248216,-1388182,3981
12-16 21:07:29.218  5101  5612 I BatteryMgr:DataCollectionService: stats => 1702757249218,-1421385,3981
12-16 21:07:30.220  5101  5612 I BatteryMgr:DataCollectionService: stats => 1702757250220,-1434081,3981
12-16 21:07:31.223  5101  5612 I BatteryMgr:DataCollectionService: stats => 1702757251223,-1431151,3981
12-16 21:07:32.225  5101  5612 I BatteryMgr:DataCollectionService: stats => 1702757252225,-1453124,3981
12-16 21:07:33.228  5101  5612 I BatteryMgr:DataCollectionService: stats => 1702757253228,-1420409,3981
12-16 21:07:34.230  5101  5612 I BatteryMgr:DataCollectionService: stats => 1702757254230,-1420409,3982
12-16 21:07:35.232  5101  5612 I BatteryMgr:DataCollectionService: stats => 1702757255232,-1452635,3982
12-16 21:07:36.236  5101  5612 I BatteryMgr:DataCollectionService: stats => 1702757256236,-1454100,3982
12-16 21:07:37.240  5101  5612 I BatteryMgr:DataCollectionService: stats => 1702757257240,-1407714,3982
12-16 21:07:38.243  5101  5612 I BatteryMgr:DataCollectionService: stats => 1702757258243,-1430175,3982
12-16 21:07:39.246  5101  5612 I BatteryMgr:DataCollectionService: stats => 1702757259246,-1409178,3982
12-16 21:07:40.251  5101  5612 I BatteryMgr:DataCollectionService: stats => 1702757260251,-1527342,3982
12-16 21:07:41.254  5101  5612 I BatteryMgr:DataCollectionService: stats => 1702757261253,-1543944,3976
12-16 21:07:42.256  5101  5612 I BatteryMgr:DataCollectionService: stats => 1702757262256,-1401366,3976
12-16 21:07:43.258  5101  5612 I BatteryMgr:DataCollectionService: stats => 1702757263258,-1432128,3976
12-16 21:07:44.261  5101  5612 I BatteryMgr:DataCollectionService: stats => 1702757264261,-1410155,3982
12-16 21:07:45.264  5101  5612 I BatteryMgr:DataCollectionService: stats => 1702757265264,-1458007,3982
12-16 21:07:46.266  5101  5612 I BatteryMgr:DataCollectionService: stats => 1702757266266,-1435546,3982
12-16 21:07:47.268  5101  5612 I BatteryMgr:DataCollectionService: stats => 1702757267268,-1472167,3982
12-16 21:07:48.271  5101  5612 I BatteryMgr:DataCollectionService: stats => 1702757268271,-1423339,3982
12-16 21:07:49.274  5101  5612 I BatteryMgr:DataCollectionService: stats => 1702757269274,-1494628,3982
12-16 21:07:50.278  5101  5612 I BatteryMgr:DataCollectionService: stats => 1702757270277,-1419432,3982
12-16 21:07:51.281  5101  5612 I BatteryMgr:DataCollectionService: stats => 1702757271280,-1419432,3982
12-16 21:07:52.283  5101  5612 I BatteryMgr:DataCollectionService: stats => 1702757272283,-1420897,3982
12-16 21:07:53.286  5101  5612 I BatteryMgr:DataCollectionService: stats => 1702757273286,-1443846,3982
12-16 21:07:54.291  5101  5612 I BatteryMgr:DataCollectionService: stats => 1702757274290,-1388182,3982
12-16 21:07:55.293  5101  5612 I BatteryMgr:DataCollectionService: stats => 1702757275293,-1395507,3982
12-16 21:07:56.295  5101  5612 I BatteryMgr:DataCollectionService: stats => 1702757276295,-1470702,3982
12-16 21:07:57.298  5101  5612 I BatteryMgr:DataCollectionService: stats => 1702757277298,-1418944,3982
12-16 21:07:58.301  5101  5612 I BatteryMgr:DataCollectionService: stats => 1702757278301,-1404784,3982
12-16 21:07:59.305  5101  5612 I BatteryMgr:DataCollectionService: stats => 1702757279305,-1815428,3982
12-16 21:08:00.307  5101  5612 I BatteryMgr:DataCollectionService: stats => 1702757280307,-1791502,3982
12-16 21:08:01.309  5101  5612 I BatteryMgr:DataCollectionService: stats => 1702757281309,-1810545,3982
12-16 21:08:02.313  5101  5612 I BatteryMgr:DataCollectionService: stats => 1702757282313,-1790038,3982
12-16 21:08:03.317  5101  5612 I BatteryMgr:DataCollectionService: stats => 1702757283317,-1794920,3982
12-16 21:08:04.320  5101  5612 I BatteryMgr:DataCollectionService: stats => 1702757284320,-1795409,3960
12-16 21:08:05.323  5101  5612 I BatteryMgr:DataCollectionService: stats => 1702757285323,-1775389,3960
12-16 21:08:06.326  5101  5612 I BatteryMgr:DataCollectionService: stats => 1702757286326,-1798338,3960
12-16 21:08:07.329  5101  5612 I BatteryMgr:DataCollectionService: stats => 1702757287329,-1589354,3960
12-16 21:08:08.331  5101  5612 I BatteryMgr:DataCollectionService: stats => 1702757288331,-1780272,3960
12-16 21:08:09.333  5101  5612 I BatteryMgr:DataCollectionService: stats => 1702757289333,-1749999,3960
12-16 21:08:10.336  5101  5612 I BatteryMgr:DataCollectionService: stats => 1702757290336,-1766600,3960
12-16 21:08:11.338  5101  5612 I BatteryMgr:DataCollectionService: stats => 1702757291338,-1781737,3960
12-16 21:08:12.340  5101  5612 I BatteryMgr:DataCollectionService: stats => 1702757292340,-1782713,3960
12-16 21:08:13.342  5101  5612 I BatteryMgr:DataCollectionService: stats => 1702757293342,-1773924,3960
12-16 21:08:14.344  5101  5612 I BatteryMgr:DataCollectionService: stats => 1702757294344,-1765135,3959
12-16 21:08:15.346  5101  5612 I BatteryMgr:DataCollectionService: stats => 1702757295346,-1817870,3959
12-16 21:08:16.348  5101  5612 I BatteryMgr:DataCollectionService: stats => 1702757296348,-1788573,3959
12-16 21:08:17.351  5101  5612 I BatteryMgr:DataCollectionService: stats => 1702757297351,-1808104,3959
12-16 21:08:18.355  5101  5612 I BatteryMgr:DataCollectionService: stats => 1702757298355,-1777831,3959
12-16 21:08:19.358  5101  5612 I BatteryMgr:DataCollectionService: stats => 1702757299357,-1787596,3959
12-16 21:08:20.361  5101  5612 I BatteryMgr:DataCollectionService: stats => 1702757300361,-1785155,3959
12-16 21:08:21.364  5101  5612 I BatteryMgr:DataCollectionService: stats => 1702757301364,-1785155,3959
12-16 21:08:22.367  5101  5612 I BatteryMgr:DataCollectionService: stats => 1702757302367,-1814940,3959
12-16 21:08:23.370  5101  5612 I BatteryMgr:DataCollectionService: stats => 1702757303370,-1774901,3959
12-16 21:08:24.372  5101  5612 I BatteryMgr:DataCollectionService: stats => 1702757304372,-1801268,3955
