12-15 15:23:22.352  6606  6606 I BatteryMgr:DataCollectionService: onStartCommand: begin
12-15 15:23:22.353  6606  6606 I BatteryMgr:DataCollectionService: onStartCommand: sampleRate => 1000
12-15 15:23:22.353  6606  6606 I BatteryMgr:DataCollectionService: onStartCommand: rawFields => Timestamp,BATTERY_PROPERTY_CURRENT_NOW,EXTRA_VOLTAGE
12-15 15:23:22.354  6606  6606 I BatteryMgr:DataCollectionService: onStartCommand: notification done
12-15 15:23:22.356  6606  6606 I BatteryMgr:DataCollectionService: started foreground
12-15 15:23:22.361  6606  7840 I BatteryMgr:DataCollectionService: collectData: begin
12-15 15:23:22.364  6606  7840 I BatteryMgr:DataCollectionService: stats => 1702650202364,-1469725,4050
12-15 15:23:23.367  6606  7840 I BatteryMgr:DataCollectionService: stats => 1702650203367,-1482421,4049
12-15 15:23:24.371  6606  7840 I BatteryMgr:DataCollectionService: stats => 1702650204371,-1472167,4049
12-15 15:23:25.375  6606  7840 I BatteryMgr:DataCollectionService: stats => 1702650205375,-1455565,4049
12-15 15:23:26.379  6606  7840 I BatteryMgr:DataCollectionService: stats => 1702650206379,-1473632,4049
12-15 15:23:27.383  6606  7840 I BatteryMgr:DataCollectionService: stats => 1702650207383,-1488280,4049
12-15 15:23:28.387  6606  7840 I BatteryMgr:DataCollectionService: stats => 1702650208387,-1497069,4049
12-15 15:23:29.391  6606  7840 I BatteryMgr:DataCollectionService: stats => 1702650209391,-1477050,4049
12-15 15:23:30.394  6606  7840 I BatteryMgr:DataCollectionService: stats => 1702650210394,-1468749,4049
12-15 15:23:31.399  6606  7840 I BatteryMgr:DataCollectionService: stats => 1702650211399,-1458983,4049
12-15 15:23:32.403  6606  7840 I BatteryMgr:DataCollectionService: stats => 1702650212403,-1489745,4049
12-15 15:23:33.406  6606  7840 I BatteryMgr:DataCollectionService: stats => 1702650213406,-1500487,4046
12-15 15:23:34.410  6606  7840 I BatteryMgr:DataCollectionService: stats => 1702650214410,-1484374,4046
12-15 15:23:35.414  6606  7840 I BatteryMgr:DataCollectionService: stats => 1702650215414,-1487792,4046
12-15 15:23:36.418  6606  7840 I BatteryMgr:DataCollectionService: stats => 1702650216418,-1486815,4046
12-15 15:23:37.423  6606  7840 I BatteryMgr:DataCollectionService: stats => 1702650217423,-1473632,4046
12-15 15:23:38.427  6606  7840 I BatteryMgr:DataCollectionService: stats => 1702650218427,-1448241,4046
12-15 15:23:39.430  6606  7840 I BatteryMgr:DataCollectionService: stats => 1702650219430,-1483885,4046
12-15 15:23:40.434  6606  7840 I BatteryMgr:DataCollectionService: stats => 1702650220434,-1474120,4046
12-15 15:23:41.438  6606  7840 I BatteryMgr:DataCollectionService: stats => 1702650221438,-1474608,4046
12-15 15:23:42.443  6606  7840 I BatteryMgr:DataCollectionService: stats => 1702650222443,-1454100,4046
12-15 15:23:43.447  6606  7840 I BatteryMgr:DataCollectionService: stats => 1702650223446,-1453124,4048
12-15 15:23:44.450  6606  7840 I BatteryMgr:DataCollectionService: stats => 1702650224450,-1462889,4048
12-15 15:23:45.453  6606  7840 I BatteryMgr:DataCollectionService: stats => 1702650225453,-1393553,4048
12-15 15:23:46.457  6606  7840 I BatteryMgr:DataCollectionService: stats => 1702650226457,-1399413,4048
12-15 15:23:47.463  6606  7840 I BatteryMgr:DataCollectionService: stats => 1702650227463,-1403807,4048
12-15 15:23:48.467  6606  7840 I BatteryMgr:DataCollectionService: stats => 1702650228467,-1432128,4048
12-15 15:23:49.470  6606  7840 I BatteryMgr:DataCollectionService: stats => 1702650229470,-1394530,4048
12-15 15:23:50.474  6606  7840 I BatteryMgr:DataCollectionService: stats => 1702650230474,-1473632,4046
12-15 15:23:51.477  6606  7840 I BatteryMgr:DataCollectionService: stats => 1702650231477,-1490233,4046
12-15 15:23:52.482  6606  7840 I BatteryMgr:DataCollectionService: stats => 1702650232482,-1523436,4046
12-15 15:23:53.485  6606  7840 I BatteryMgr:DataCollectionService: stats => 1702650233485,-1413573,4050
12-15 15:23:54.490  6606  7840 I BatteryMgr:DataCollectionService: stats => 1702650234490,-1532714,4050
12-15 15:23:55.495  6606  7840 I BatteryMgr:DataCollectionService: stats => 1702650235495,-1519530,4050
12-15 15:23:56.500  6606  7840 I BatteryMgr:DataCollectionService: stats => 1702650236500,-1520995,4050
12-15 15:23:57.504  6606  7840 I BatteryMgr:DataCollectionService: stats => 1702650237504,-1522460,4050
12-15 15:23:58.508  6606  7840 I BatteryMgr:DataCollectionService: stats => 1702650238507,-1554686,4050
12-15 15:23:59.511  6606  7840 I BatteryMgr:DataCollectionService: stats => 1702650239511,-1520995,4050
12-15 15:24:00.519  6606  7840 I BatteryMgr:DataCollectionService: stats => 1702650240519,-1525389,4050
12-15 15:24:01.525  6606  7840 I BatteryMgr:DataCollectionService: stats => 1702650241525,-1591796,4050
12-15 15:24:02.529  6606  7840 I BatteryMgr:DataCollectionService: stats => 1702650242529,-1564940,4050
12-15 15:24:03.532  6606  7840 I BatteryMgr:DataCollectionService: stats => 1702650243532,-1547362,4039
12-15 15:24:04.536  6606  7840 I BatteryMgr:DataCollectionService: stats => 1702650244536,-1532225,4039
12-15 15:24:05.542  6606  7840 I BatteryMgr:DataCollectionService: stats => 1702650245542,-1517577,4039
12-15 15:24:06.546  6606  7840 I BatteryMgr:DataCollectionService: stats => 1702650246545,-1547850,4039
12-15 15:24:07.549  6606  7840 I BatteryMgr:DataCollectionService: stats => 1702650247549,-1525878,4039
12-15 15:24:08.553  6606  7840 I BatteryMgr:DataCollectionService: stats => 1702650248553,-1525389,4039
12-15 15:24:09.556  6606  7840 I BatteryMgr:DataCollectionService: stats => 1702650249556,-1442870,4039
12-15 15:24:10.560  6606  7840 I BatteryMgr:DataCollectionService: stats => 1702650250560,-1558104,4039
12-15 15:24:11.565  6606  7840 I BatteryMgr:DataCollectionService: stats => 1702650251565,-1541014,4039
12-15 15:24:12.569  6606  7840 I BatteryMgr:DataCollectionService: stats => 1702650252569,-1551757,4039
12-15 15:24:13.572  6606  7840 I BatteryMgr:DataCollectionService: stats => 1702650253572,-1589354,4036
12-15 15:24:14.576  6606  7840 I BatteryMgr:DataCollectionService: stats => 1702650254575,-1602049,4036
12-15 15:24:15.580  6606  7840 I BatteryMgr:DataCollectionService: stats => 1702650255580,-1549315,4036
12-15 15:24:16.584  6606  7840 I BatteryMgr:DataCollectionService: stats => 1702650256584,-1532225,4036
12-15 15:24:17.587  6606  7840 I BatteryMgr:DataCollectionService: stats => 1702650257587,-1528319,4036
12-15 15:24:18.591  6606  7840 I BatteryMgr:DataCollectionService: stats => 1702650258591,-1568358,4036
12-15 15:24:19.595  6606  7840 I BatteryMgr:DataCollectionService: stats => 1702650259595,-1541503,4036
12-15 15:24:20.598  6606  7840 I BatteryMgr:DataCollectionService: stats => 1702650260598,-1528807,4036
12-15 15:24:21.602  6606  7840 I BatteryMgr:DataCollectionService: stats => 1702650261602,-1562987,4036
12-15 15:24:22.607  6606  7840 I BatteryMgr:DataCollectionService: stats => 1702650262607,-1556639,4036
12-15 15:24:23.610  6606  7840 I BatteryMgr:DataCollectionService: stats => 1702650263610,-1593260,4034
12-15 15:24:24.614  6606  7840 I BatteryMgr:DataCollectionService: stats => 1702650264614,-1565428,4034
12-15 15:24:25.618  6606  7840 I BatteryMgr:DataCollectionService: stats => 1702650265618,-1555174,4034
12-15 15:24:26.624  6606  7840 I BatteryMgr:DataCollectionService: stats => 1702650266624,-1535643,4034
12-15 15:24:27.627  6606  7840 I BatteryMgr:DataCollectionService: stats => 1702650267627,-1540526,4034
12-15 15:24:28.631  6606  7840 I BatteryMgr:DataCollectionService: stats => 1702650268631,-1547850,4034
12-15 15:24:29.635  6606  7840 I BatteryMgr:DataCollectionService: stats => 1702650269635,-1585448,4034
12-15 15:24:30.638  6606  7840 I BatteryMgr:DataCollectionService: stats => 1702650270638,-1587889,4034
12-15 15:24:31.642  6606  7840 I BatteryMgr:DataCollectionService: stats => 1702650271642,-1555663,4034
12-15 15:24:32.647  6606  7840 I BatteryMgr:DataCollectionService: stats => 1702650272646,-1549803,4034
12-15 15:24:33.652  6606  7840 I BatteryMgr:DataCollectionService: stats => 1702650273651,-1583495,4033
12-15 15:24:34.655  6606  7840 I BatteryMgr:DataCollectionService: stats => 1702650274655,-1602049,4033
12-15 15:24:35.662  6606  7840 I BatteryMgr:DataCollectionService: stats => 1702650275662,-1567870,4033
12-15 15:24:36.666  6606  7840 I BatteryMgr:DataCollectionService: stats => 1702650276665,-1549803,4033
12-15 15:24:37.669  6606  7840 I BatteryMgr:DataCollectionService: stats => 1702650277669,-1588378,4033
12-15 15:24:38.673  6606  7840 I BatteryMgr:DataCollectionService: stats => 1702650278673,-1621092,4033
12-15 15:24:39.677  6606  7840 I BatteryMgr:DataCollectionService: stats => 1702650279677,-1612303,4033
12-15 15:24:40.680  6606  7840 I BatteryMgr:DataCollectionService: stats => 1702650280680,-1525878,4033
12-15 15:24:41.685  6606  7840 I BatteryMgr:DataCollectionService: stats => 1702650281685,-1554198,4033
12-15 15:24:42.689  6606  7840 I BatteryMgr:DataCollectionService: stats => 1702650282688,-1557616,4033
12-15 15:24:43.692  6606  7840 I BatteryMgr:DataCollectionService: stats => 1702650283692,-1588378,4031
12-15 15:24:44.696  6606  7840 I BatteryMgr:DataCollectionService: stats => 1702650284696,-1586913,4031
12-15 15:24:45.700  6606  7840 I BatteryMgr:DataCollectionService: stats => 1702650285700,-1549315,4031
12-15 15:24:46.705  6606  7840 I BatteryMgr:DataCollectionService: stats => 1702650286704,-1550780,4031
12-15 15:24:47.708  6606  7840 I BatteryMgr:DataCollectionService: stats => 1702650287708,-1538573,4031
12-15 15:24:48.712  6606  7840 I BatteryMgr:DataCollectionService: stats => 1702650288711,-1562987,4031
12-15 15:24:49.715  6606  7840 I BatteryMgr:DataCollectionService: stats => 1702650289715,-1576171,4031
12-15 15:24:50.718  6606  7840 I BatteryMgr:DataCollectionService: stats => 1702650290718,-1567382,4031
12-15 15:24:51.723  6606  7840 I BatteryMgr:DataCollectionService: stats => 1702650291723,-1577147,4031
12-15 15:24:52.727  6606  7840 I BatteryMgr:DataCollectionService: stats => 1702650292727,-1541014,4031
12-15 15:24:53.732  6606  7840 I BatteryMgr:DataCollectionService: stats => 1702650293731,-1553710,4030
12-15 15:24:54.735  6606  7840 I BatteryMgr:DataCollectionService: stats => 1702650294735,-1569823,4030
12-15 15:24:55.740  6606  7840 I BatteryMgr:DataCollectionService: stats => 1702650295740,-1572753,4030
12-15 15:24:56.744  6606  7840 I BatteryMgr:DataCollectionService: stats => 1702650296743,-1562499,4030
12-15 15:24:57.748  6606  7840 I BatteryMgr:DataCollectionService: stats => 1702650297748,-1555663,4030
12-15 15:24:58.751  6606  7840 I BatteryMgr:DataCollectionService: stats => 1702650298751,-1543944,4030
12-15 15:24:59.754  6606  7840 I BatteryMgr:DataCollectionService: stats => 1702650299754,-1617674,4030
12-15 15:25:00.759  6606  7840 I BatteryMgr:DataCollectionService: stats => 1702650300759,-1555174,4030
12-15 15:25:01.764  6606  7840 I BatteryMgr:DataCollectionService: stats => 1702650301764,-1598143,4030
12-15 15:25:02.768  6606  7840 I BatteryMgr:DataCollectionService: stats => 1702650302768,-1575682,4030
12-15 15:25:03.771  6606  7840 I BatteryMgr:DataCollectionService: stats => 1702650303771,-1603514,4025
12-15 15:25:04.777  6606  7840 I BatteryMgr:DataCollectionService: stats => 1702650304777,-1590331,4025
12-15 15:25:05.781  6606  7840 I BatteryMgr:DataCollectionService: stats => 1702650305781,-1581542,4025
12-15 15:25:06.789  6606  7840 I BatteryMgr:DataCollectionService: stats => 1702650306789,-1607909,4025
12-15 15:25:07.793  6606  7840 I BatteryMgr:DataCollectionService: stats => 1702650307793,-1610350,4024
12-15 15:25:08.797  6606  7840 I BatteryMgr:DataCollectionService: stats => 1702650308797,-1606444,4024
12-15 15:25:09.802  6606  7840 I BatteryMgr:DataCollectionService: stats => 1702650309802,-1622557,4024
12-15 15:25:10.807  6606  7840 I BatteryMgr:DataCollectionService: stats => 1702650310807,-1614256,4024
12-15 15:25:11.811  6606  7840 I BatteryMgr:DataCollectionService: stats => 1702650311811,-1588378,4024
12-15 15:25:12.817  6606  7840 I BatteryMgr:DataCollectionService: stats => 1702650312817,-1606932,4024
12-15 15:25:13.823  6606  7840 I BatteryMgr:DataCollectionService: stats => 1702650313823,-1615721,4022
12-15 15:25:14.829  6606  7840 I BatteryMgr:DataCollectionService: stats => 1702650314828,-1612792,4022
12-15 15:25:15.832  6606  7840 I BatteryMgr:DataCollectionService: stats => 1702650315832,-1573729,4022
12-15 15:25:16.835  6606  7840 I BatteryMgr:DataCollectionService: stats => 1702650316835,-1593260,4022
12-15 15:25:17.840  6606  7840 I BatteryMgr:DataCollectionService: stats => 1702650317840,-1601561,4022
12-15 15:25:18.845  6606  7840 I BatteryMgr:DataCollectionService: stats => 1702650318845,-1589842,4022
12-15 15:25:19.848  6606  7840 I BatteryMgr:DataCollectionService: stats => 1702650319848,-1587401,4022
12-15 15:25:20.855  6606  7840 I BatteryMgr:DataCollectionService: stats => 1702650320855,-1626952,4022
12-15 15:25:21.858  6606  7840 I BatteryMgr:DataCollectionService: stats => 1702650321858,-1610350,4022
12-15 15:25:22.863  6606  7840 I BatteryMgr:DataCollectionService: stats => 1702650322863,-1604979,4022
12-15 15:25:23.868  6606  7840 I BatteryMgr:DataCollectionService: stats => 1702650323868,-1601561,4022
12-15 15:25:24.871  6606  7840 I BatteryMgr:DataCollectionService: stats => 1702650324871,-1608885,4022
12-15 15:25:25.875  6606  7840 I BatteryMgr:DataCollectionService: stats => 1702650325875,-1617186,4022
12-15 15:25:26.879  6606  7840 I BatteryMgr:DataCollectionService: stats => 1702650326879,-1675292,4022
12-15 15:25:27.886  6606  7840 I BatteryMgr:DataCollectionService: stats => 1702650327886,-1616210,4022
12-15 15:25:28.890  6606  7840 I BatteryMgr:DataCollectionService: stats => 1702650328890,-1594725,4022
12-15 15:25:29.893  6606  7840 I BatteryMgr:DataCollectionService: stats => 1702650329893,-1582030,4022
12-15 15:25:30.897  6606  7840 I BatteryMgr:DataCollectionService: stats => 1702650330897,-1579589,4022
12-15 15:25:31.903  6606  7840 I BatteryMgr:DataCollectionService: stats => 1702650331902,-1584471,4022
12-15 15:25:32.911  6606  7840 I BatteryMgr:DataCollectionService: stats => 1702650332911,-1580077,4022
12-15 15:25:33.915  6606  7840 I BatteryMgr:DataCollectionService: stats => 1702650333915,-1622557,4019
12-15 15:25:34.919  6606  7840 I BatteryMgr:DataCollectionService: stats => 1702650334919,-1592284,4019
12-15 15:25:35.922  6606  7840 I BatteryMgr:DataCollectionService: stats => 1702650335922,-1629393,4019
12-15 15:25:36.926  6606  7840 I BatteryMgr:DataCollectionService: stats => 1702650336926,-1625487,4019
12-15 15:25:37.931  6606  7840 I BatteryMgr:DataCollectionService: stats => 1702650337931,-1636229,4019
12-15 15:25:38.935  6606  7840 I BatteryMgr:DataCollectionService: stats => 1702650338934,-1605467,4019
12-15 15:25:39.938  6606  7840 I BatteryMgr:DataCollectionService: stats => 1702650339938,-1583495,4019
12-15 15:25:40.945  6606  7840 I BatteryMgr:DataCollectionService: stats => 1702650340945,-1606932,4019
12-15 15:25:41.949  6606  7840 I BatteryMgr:DataCollectionService: stats => 1702650341949,-1605956,4019
12-15 15:25:42.953  6606  7840 I BatteryMgr:DataCollectionService: stats => 1702650342953,-1604003,4019
12-15 15:25:43.959  6606  7840 I BatteryMgr:DataCollectionService: stats => 1702650343959,-1602049,4019
12-15 15:25:44.964  6606  7840 I BatteryMgr:DataCollectionService: stats => 1702650344963,-1598143,4019
12-15 15:25:45.970  6606  7840 I BatteryMgr:DataCollectionService: stats => 1702650345970,-1602049,4018
12-15 15:25:46.973  6606  7840 I BatteryMgr:DataCollectionService: stats => 1702650346973,-1597167,4018
12-15 15:25:47.977  6606  7840 I BatteryMgr:DataCollectionService: stats => 1702650347976,-1628905,4018
12-15 15:25:48.984  6606  7840 I BatteryMgr:DataCollectionService: stats => 1702650348984,-1636229,4018
12-15 15:25:49.988  6606  7840 I BatteryMgr:DataCollectionService: stats => 1702650349988,-1604979,4018
12-15 15:25:50.991  6606  7840 I BatteryMgr:DataCollectionService: stats => 1702650350991,-1599608,4018
12-15 15:25:51.996  6606  7840 I BatteryMgr:DataCollectionService: stats => 1702650351996,-1667967,4018
12-15 15:25:53.000  6606  7840 I BatteryMgr:DataCollectionService: stats => 1702650353000,-1610350,4018
12-15 15:25:54.004  6606  7840 I BatteryMgr:DataCollectionService: stats => 1702650354004,-1587401,4019
12-15 15:25:55.010  6606  7840 I BatteryMgr:DataCollectionService: stats => 1702650355010,-1594725,4019
12-15 15:25:56.015  6606  7840 I BatteryMgr:DataCollectionService: stats => 1702650356014,-1568846,4019
12-15 15:25:57.018  6606  7840 I BatteryMgr:DataCollectionService: stats => 1702650357018,-1594725,4019
12-15 15:25:58.024  6606  7840 I BatteryMgr:DataCollectionService: stats => 1702650358024,-1607909,4019
12-15 15:25:59.028  6606  7840 I BatteryMgr:DataCollectionService: stats => 1702650359028,-1614256,4019
12-15 15:26:00.031  6606  7840 I BatteryMgr:DataCollectionService: stats => 1702650360031,-1606932,4019
12-15 15:26:01.035  6606  7840 I BatteryMgr:DataCollectionService: stats => 1702650361035,-1640624,4019
12-15 15:26:02.038  6606  7840 I BatteryMgr:DataCollectionService: stats => 1702650362038,-1624022,4019
12-15 15:26:03.041  6606  7840 I BatteryMgr:DataCollectionService: stats => 1702650363041,-1612792,4019
12-15 15:26:04.046  6606  7840 I BatteryMgr:DataCollectionService: stats => 1702650364046,-1597167,4016
12-15 15:26:05.051  6606  7840 I BatteryMgr:DataCollectionService: stats => 1702650365050,-1630858,4016
12-15 15:26:06.054  6606  7840 I BatteryMgr:DataCollectionService: stats => 1702650366054,-1614256,4016
12-15 15:26:07.058  6606  7840 I BatteryMgr:DataCollectionService: stats => 1702650367057,-1620604,4016
12-15 15:26:08.065  6606  7840 I BatteryMgr:DataCollectionService: stats => 1702650368065,-1614256,4016
12-15 15:26:09.068  6606  7840 I BatteryMgr:DataCollectionService: stats => 1702650369068,-1631346,4016
12-15 15:26:10.072  6606  7840 I BatteryMgr:DataCollectionService: stats => 1702650370072,-1617674,4016
12-15 15:26:11.075  6606  7840 I BatteryMgr:DataCollectionService: stats => 1702650371075,-1632811,4016
12-15 15:26:12.079  6606  7840 I BatteryMgr:DataCollectionService: stats => 1702650372079,-1611327,4016
12-15 15:26:13.082  6606  7840 I BatteryMgr:DataCollectionService: stats => 1702650373082,-1628417,4016
12-15 15:26:14.088  6606  7840 I BatteryMgr:DataCollectionService: stats => 1702650374088,-1604979,4014
12-15 15:26:15.091  6606  7840 I BatteryMgr:DataCollectionService: stats => 1702650375091,-1624999,4014
12-15 15:26:16.095  6606  7840 I BatteryMgr:DataCollectionService: stats => 1702650376095,-1614256,4014
12-15 15:26:17.099  6606  7840 I BatteryMgr:DataCollectionService: stats => 1702650377099,-1629881,4014
12-15 15:26:18.103  6606  7840 I BatteryMgr:DataCollectionService: stats => 1702650378103,-1661131,4014
12-15 15:26:19.108  6606  7840 I BatteryMgr:DataCollectionService: stats => 1702650379108,-1600585,4014
12-15 15:26:20.112  6606  7840 I BatteryMgr:DataCollectionService: stats => 1702650380112,-1632323,4014
12-15 15:26:21.116  6606  7840 I BatteryMgr:DataCollectionService: stats => 1702650381116,-1645506,4014
12-15 15:26:22.119  6606  7840 I BatteryMgr:DataCollectionService: stats => 1702650382119,-1631835,4011
12-15 15:26:23.123  6606  7840 I BatteryMgr:DataCollectionService: stats => 1702650383122,-1663573,4011
12-15 15:26:24.127  6606  7840 I BatteryMgr:DataCollectionService: stats => 1702650384127,-1655760,4010
12-15 15:26:25.131  6606  7840 I BatteryMgr:DataCollectionService: stats => 1702650385131,-1657713,4010
12-15 15:26:26.134  6606  7840 I BatteryMgr:DataCollectionService: stats => 1702650386134,-1632811,4010
12-15 15:26:27.139  6606  7840 I BatteryMgr:DataCollectionService: stats => 1702650387139,-1641112,4010
12-15 15:26:28.144  6606  7840 I BatteryMgr:DataCollectionService: stats => 1702650388144,-1621092,4010
12-15 15:26:29.148  6606  7840 I BatteryMgr:DataCollectionService: stats => 1702650389148,-1584471,4010
12-15 15:26:30.152  6606  7840 I BatteryMgr:DataCollectionService: stats => 1702650390152,-1588378,4010
12-15 15:26:31.156  6606  7840 I BatteryMgr:DataCollectionService: stats => 1702650391156,-1668944,4014
12-15 15:26:32.158  6606  7840 I BatteryMgr:DataCollectionService: stats => 1702650392158,-1636229,4014
12-15 15:26:33.163  6606  7840 I BatteryMgr:DataCollectionService: stats => 1702650393163,-1654296,4014
12-15 15:26:34.168  6606  7840 I BatteryMgr:DataCollectionService: stats => 1702650394168,-1635741,4009
12-15 15:26:35.171  6606  7840 I BatteryMgr:DataCollectionService: stats => 1702650395171,-1642089,4009
12-15 15:26:36.180  6606  7840 I BatteryMgr:DataCollectionService: stats => 1702650396180,-1645995,4009
12-15 15:26:37.184  6606  7840 I BatteryMgr:DataCollectionService: stats => 1702650397184,-1651366,4009
12-15 15:26:38.189  6606  7840 I BatteryMgr:DataCollectionService: stats => 1702650398189,-1635253,4009
12-15 15:26:39.192  6606  7840 I BatteryMgr:DataCollectionService: stats => 1702650399192,-1665526,4009
12-15 15:26:40.195  6606  7840 I BatteryMgr:DataCollectionService: stats => 1702650400195,-1613768,4009
12-15 15:26:41.199  6606  7840 I BatteryMgr:DataCollectionService: stats => 1702650401199,-1630858,4009
12-15 15:26:42.203  6606  7840 I BatteryMgr:DataCollectionService: stats => 1702650402203,-1639159,4009
12-15 15:26:43.207  6606  7840 I BatteryMgr:DataCollectionService: stats => 1702650403207,-1659178,4009
12-15 15:26:44.210  6606  7840 I BatteryMgr:DataCollectionService: stats => 1702650404210,-1652831,4007
12-15 15:26:45.215  6606  7840 I BatteryMgr:DataCollectionService: stats => 1702650405215,-1658690,4007
12-15 15:26:46.219  6606  7840 I BatteryMgr:DataCollectionService: stats => 1702650406218,-1638671,4007
12-15 15:26:47.223  6606  7840 I BatteryMgr:DataCollectionService: stats => 1702650407222,-1666503,4007
12-15 15:26:48.228  6606  7840 I BatteryMgr:DataCollectionService: stats => 1702650408228,-1691893,4007
12-15 15:26:49.233  6606  7840 I BatteryMgr:DataCollectionService: stats => 1702650409232,-1638182,4007
12-15 15:26:50.236  6606  7840 I BatteryMgr:DataCollectionService: stats => 1702650410236,-1681151,4007
12-15 15:26:51.239  6606  7840 I BatteryMgr:DataCollectionService: stats => 1702650411239,-1640624,4007
12-15 15:26:52.242  6606  7840 I BatteryMgr:DataCollectionService: stats => 1702650412242,-1642089,4007
12-15 15:26:53.247  6606  7840 I BatteryMgr:DataCollectionService: stats => 1702650413247,-1632811,4007
12-15 15:26:54.250  6606  7840 I BatteryMgr:DataCollectionService: stats => 1702650414250,-1674803,4008
12-15 15:26:55.254  6606  7840 I BatteryMgr:DataCollectionService: stats => 1702650415254,-1634764,4008
12-15 15:26:56.257  6606  7840 I BatteryMgr:DataCollectionService: stats => 1702650416257,-1642089,4008
12-15 15:26:57.260  6606  7840 I BatteryMgr:DataCollectionService: stats => 1702650417260,-1673827,4008
12-15 15:26:58.268  6606  7840 I BatteryMgr:DataCollectionService: stats => 1702650418268,-1693358,4008
12-15 15:26:59.271  6606  7840 I BatteryMgr:DataCollectionService: stats => 1702650419271,-1671385,4008
12-15 15:27:00.274  6606  7840 I BatteryMgr:DataCollectionService: stats => 1702650420274,-1668944,4004
12-15 15:27:01.277  6606  7840 I BatteryMgr:DataCollectionService: stats => 1702650421277,-1644530,4004
12-15 15:27:02.281  6606  7840 I BatteryMgr:DataCollectionService: stats => 1702650422281,-1648436,4004
12-15 15:27:03.286  6606  7840 I BatteryMgr:DataCollectionService: stats => 1702650423285,-1660155,4004
12-15 15:27:04.289  6606  7840 I BatteryMgr:DataCollectionService: stats => 1702650424289,-1691893,4004
12-15 15:27:05.293  6606  7840 I BatteryMgr:DataCollectionService: stats => 1702650425293,-1678710,4004
12-15 15:27:06.296  6606  7840 I BatteryMgr:DataCollectionService: stats => 1702650426296,-1647948,4004
12-15 15:27:07.299  6606  7840 I BatteryMgr:DataCollectionService: stats => 1702650427299,-1667479,4004
12-15 15:27:08.304  6606  7840 I BatteryMgr:DataCollectionService: stats => 1702650428302,-1678710,4004
12-15 15:27:09.312  6606  7840 I BatteryMgr:DataCollectionService: stats => 1702650429312,-1641112,4004
12-15 15:27:10.315  6606  7840 I BatteryMgr:DataCollectionService: stats => 1702650430315,-1680174,4004
12-15 15:27:11.319  6606  7840 I BatteryMgr:DataCollectionService: stats => 1702650431319,-1689940,4004
12-15 15:27:12.322  6606  7840 I BatteryMgr:DataCollectionService: stats => 1702650432322,-1700682,4004
12-15 15:27:13.325  6606  7840 I BatteryMgr:DataCollectionService: stats => 1702650433325,-1699706,4004
12-15 15:27:14.332  6606  7840 I BatteryMgr:DataCollectionService: stats => 1702650434332,-1663085,4000
12-15 15:27:15.335  6606  7840 I BatteryMgr:DataCollectionService: stats => 1702650435335,-1653319,4000
12-15 15:27:16.339  6606  7840 I BatteryMgr:DataCollectionService: stats => 1702650436339,-1659178,4000
12-15 15:27:17.347  6606  7840 I BatteryMgr:DataCollectionService: stats => 1702650437347,-1665526,4000
12-15 15:27:18.351  6606  7840 I BatteryMgr:DataCollectionService: stats => 1702650438351,-1658202,4000
12-15 15:27:19.354  6606  7840 I BatteryMgr:DataCollectionService: stats => 1702650439354,-1671874,4000
12-15 15:27:20.358  6606  7840 I BatteryMgr:DataCollectionService: stats => 1702650440358,-1534178,4000
12-15 15:27:21.362  6606  7840 I BatteryMgr:DataCollectionService: stats => 1702650441362,-1635741,4000
12-15 15:27:22.364  6606  7840 I BatteryMgr:DataCollectionService: stats => 1702650442364,-1653807,4000
12-15 15:27:23.370  6606  7840 I BatteryMgr:DataCollectionService: stats => 1702650443370,-1668456,4000
12-15 15:27:24.373  6606  7840 I BatteryMgr:DataCollectionService: stats => 1702650444373,-1645995,4001
12-15 15:27:25.377  6606  7840 I BatteryMgr:DataCollectionService: stats => 1702650445377,-1666503,4001
12-15 15:27:26.380  6606  7840 I BatteryMgr:DataCollectionService: stats => 1702650446380,-1650878,4001
12-15 15:27:27.384  6606  7840 I BatteryMgr:DataCollectionService: stats => 1702650447384,-1611327,4001
12-15 15:27:28.388  6606  7840 I BatteryMgr:DataCollectionService: stats => 1702650448388,-1591307,4001
12-15 15:27:29.391  6606  7840 I BatteryMgr:DataCollectionService: stats => 1702650449391,-1641600,4001
12-15 15:27:30.395  6606  7840 I BatteryMgr:DataCollectionService: stats => 1702650450395,-1604491,4001
12-15 15:27:31.398  6606  7840 I BatteryMgr:DataCollectionService: stats => 1702650451398,-1631346,4001
12-15 15:27:32.401  6606  7840 I BatteryMgr:DataCollectionService: stats => 1702650452401,-1585936,4001
12-15 15:27:33.404  6606  7840 I BatteryMgr:DataCollectionService: stats => 1702650453404,-1616698,4001
12-15 15:27:34.408  6606  7840 I BatteryMgr:DataCollectionService: stats => 1702650454408,-1604491,4004
12-15 15:27:35.411  6606  7840 I BatteryMgr:DataCollectionService: stats => 1702650455411,-1420897,4004
12-15 15:27:36.414  6606  7840 I BatteryMgr:DataCollectionService: stats => 1702650456414,-1511717,4004
12-15 15:27:37.418  6606  7840 I BatteryMgr:DataCollectionService: stats => 1702650457418,-1509276,4004
12-15 15:27:38.421  6606  7840 I BatteryMgr:DataCollectionService: stats => 1702650458421,-1490721,4004
12-15 15:27:39.425  6606  7840 I BatteryMgr:DataCollectionService: stats => 1702650459425,-1555174,4009
12-15 15:27:40.429  6606  7840 I BatteryMgr:DataCollectionService: stats => 1702650460429,-1325682,4009
