1200.58 6969.90
1201.57 6976.07
1202.57 6982.35
1203.59 6988.79
1204.58 6995.19
1205.58 7001.27
1206.58 7007.49
1207.57 7013.80
1208.57 7019.74
1209.57 7026.01
1210.58 7032.24
1211.59 7038.46
1212.58 7044.50
1213.57 7050.31
1214.58 7055.68
1215.58 7060.59
1216.58 7066.09
1217.57 7071.33
1218.58 7076.70
1219.58 7082.71
1220.57 7088.59
1221.58 7094.88
1222.59 7100.94
1223.58 7106.71
1224.57 7112.92
1225.58 7119.07
1226.57 7125.07
1227.59 7131.31
1228.57 7137.38
1229.58 7143.42
1230.58 7149.74
1231.58 7155.83
1232.58 7161.52
1233.57 7167.17
1234.58 7173.01
1235.58 7178.62
1236.59 7184.33
1237.58 7189.67
1238.57 7195.17
1239.59 7201.11
1240.58 7206.54
1241.59 7212.14
1242.58 7218.00
1243.58 7223.89
1244.58 7229.84
1245.58 7234.93
1246.58 7240.58
1247.57 7246.07
1248.57 7251.60
1249.57 7257.24
1250.57 7263.01
1251.58 7269.20
1252.58 7274.90
1253.58 7280.96
1254.57 7286.86
1255.57 7292.88
1256.58 7299.07
1257.58 7305.23
1258.58 7311.39
1259.57 7317.40
1260.58 7323.54
1261.58 7329.70
1262.58 7335.73
1263.58 7341.69
1264.58 7347.64
1265.57 7353.41
1266.58 7359.40
1267.58 7365.01
1268.58 7370.83
1269.57 7376.62
1270.58 7382.57
1271.58 7388.46
1272.58 7394.36
1273.58 7400.40
1274.58 7406.48
1275.58 7412.61
1276.58 7418.73
1277.58 7424.14
1278.58 7428.93
1279.59 7434.88
1280.59 7440.51
1281.58 7446.42
1282.60 7452.56
1283.58 7458.39
1284.58 7464.33
1285.58 7470.55
1286.58 7476.78
1287.58 7482.97
1288.58 7489.05
1289.57 7494.89
1290.58 7501.01
1291.58 7507.30
1292.58 7513.29
1293.57 7519.51
1294.58 7525.57
1295.60 7531.80
1296.59 7537.69
1297.58 7543.49
1298.58 7549.55
1299.58 7555.60
1300.59 7561.85
1301.58 7567.67
1302.58 7574.09
1303.58 7580.24
1304.58 7586.27
1305.58 7592.46
1306.59 7598.76
1307.59 7605.07
1308.58 7610.91
1309.59 7616.92
1310.58 7622.66
1311.59 7628.18
1312.59 7633.89
1313.59 7639.93
1314.57 7645.88
1315.59 7651.97
1316.58 7658.08
1317.58 7664.03
1318.58 7670.36
1319.58 7676.59
1320.58 7682.46
1321.58 7688.45
1322.58 7694.34
1323.58 7700.44
1324.57 7706.43
1325.59 7712.79
1326.58 7718.91
1327.58 7724.67
1328.59 7730.54
1329.59 7736.65
1330.58 7742.76
1331.59 7748.76
1332.58 7754.84
1333.58 7760.95
1334.57 7767.02
1335.60 7773.00
1336.58 7778.79
1337.59 7784.57
1338.58 7790.26
1339.59 7796.27
1340.58 7802.09
1341.58 7807.08
1342.58 7812.76
1343.59 7818.15
1344.58 7823.48
1345.57 7829.38
1346.58 7835.52
1347.57 7841.46
1348.58 7847.70
1349.57 7853.71
1350.58 7859.62
1351.58 7865.67
1352.58 7871.60
1353.58 7877.80
1354.57 7884.02
1355.59 7890.16
1356.58 7895.99
1357.58 7901.72
1358.57 7907.38
1359.57 7913.28
1360.60 7918.93
1361.58 7924.54
1362.58 7930.23
1363.58 7935.80
1364.58 7941.67
1365.57 7947.22
1366.58 7953.02
1367.58 7958.65
1368.59 7964.51
1369.58 7970.13
1370.58 7976.15
1371.58 7981.42
1372.58 7986.90
1373.58 7992.07
1374.58 7997.16
1375.57 8002.83
1376.59 8008.75
1377.58 8014.47
1378.58 8020.56
1379.59 8026.62
1380.58 8032.64
1381.58 8038.82
1382.59 8045.05
1383.58 8050.96
1384.59 8057.17
1385.59 8063.09
1386.58 8069.32
1387.59 8075.58
1388.59 8081.68
1389.59 8087.66
1390.59 8093.81
1391.59 8099.97
1392.59 8106.02
1393.60 8112.00
1394.58 8118.03
1395.58 8124.03
1396.58 8129.98
1397.58 8135.98
1398.60 8142.16
1399.58 8147.89
1400.58 8153.67
1401.57 8159.47
1402.58 8165.52
1403.58 8171.20
1404.59 8176.55
1405.59 8182.17
1406.58 8187.71
1407.58 8193.31
1408.59 8199.17
1409.58 8204.92
1410.59 8210.89
1411.58 8216.86
1412.58 8223.06
1413.58 8229.33
1414.59 8235.44
1415.58 8241.39
1416.59 8247.63
1417.59 8253.78
1418.58 8260.12
1419.59 8266.40
1420.57 8272.65
1421.59 8278.98
1422.58 8284.91
1423.58 8290.97
1424.59 8297.12
1425.58 8303.09
1426.59 8309.14
1427.59 8315.16
1428.59 8321.20
1429.57 8327.37
1430.58 8333.58
1431.58 8339.77
1432.58 8345.87
