1430.30 7149.29
1431.30 7154.61
1432.29 7159.99
1433.30 7165.17
1434.31 7170.03
1435.29 7174.72
1436.30 7179.56
1437.31 7184.49
1438.31 7189.19
1439.31 7193.65
1440.30 7198.50
1441.29 7203.28
1442.30 7208.46
1443.31 7213.26
1444.31 7217.95
1445.30 7222.92
1446.30 7227.91
1447.30 7232.86
1448.30 7237.72
1449.30 7242.57
1450.30 7247.68
1451.31 7252.82
1452.30 7257.82
1453.30 7262.65
1454.30 7267.69
1455.30 7272.79
1456.30 7277.93
1457.30 7283.28
1458.31 7288.36
1459.30 7293.09
1460.31 7298.35
1461.30 7303.29
1462.31 7308.35
1463.31 7313.51
1464.30 7318.21
1465.31 7323.03
1466.31 7328.09
1467.30 7333.09
1468.30 7338.18
1469.30 7343.33
1470.31 7348.31
1471.30 7353.23
1472.30 7358.18
1473.30 7363.12
1474.30 7368.45
1475.30 7373.69
1476.30 7378.79
1477.30 7383.73
1478.29 7388.75
1479.31 7394.05
1480.30 7399.00
1481.30 7404.10
1482.30 7409.33
1483.30 7414.45
1484.31 7419.60
1485.30 7424.48
1486.30 7429.58
1487.30 7434.32
1488.31 7439.50
1489.31 7444.37
1490.30 7449.43
1491.30 7454.57
1492.31 7459.54
1493.31 7464.87
1494.31 7470.33
1495.31 7475.47
1496.30 7480.52
1497.32 7485.90
1498.30 7490.89
1499.31 7496.04
1500.31 7501.03
1501.30 7506.00
1502.30 7511.04
1503.31 7516.20
1504.31 7521.30
1505.31 7526.37
1506.30 7531.19
1507.30 7536.42
1508.30 7541.66
1509.30 7547.01
1510.31 7552.16
1511.31 7557.24
1512.31 7562.36
1513.30 7567.14
1514.31 7572.08
1515.31 7577.32
1516.30 7582.38
1517.30 7587.08
1518.31 7592.25
1519.31 7597.20
1520.31 7602.14
1521.31 7607.31
1522.31 7612.41
1523.30 7617.83
1524.30 7623.27
1525.31 7628.60
1526.30 7633.63
1527.30 7638.92
1528.30 7644.05
1529.30 7649.66
1530.31 7655.00
1531.30 7660.12
1532.29 7665.52
1533.30 7670.58
1534.31 7675.71
1535.31 7681.02
1536.30 7686.42
1537.30 7691.85
1538.30 7697.37
1539.29 7702.48
1540.30 7707.95
1541.31 7713.53
1542.30 7718.72
1543.30 7723.74
1544.29 7728.97
1545.31 7734.53
1546.31 7739.96
1547.31 7745.48
1548.31 7750.69
1549.30 7756.30
1550.30 7761.87
1551.30 7767.35
1552.29 7772.64
1553.31 7778.29
1554.36 7783.79
1555.30 7788.40
1556.30 7793.50
1557.34 7798.68
1558.29 7803.53
1559.31 7808.47
1560.30 7813.53
1561.30 7818.61
1562.31 7823.87
1563.30 7829.02
1564.30 7834.21
1565.30 7839.71
1566.30 7845.03
1567.30 7850.41
1568.30 7855.67
1569.30 7860.92
1570.30 7866.19
1571.30 7871.31
1572.30 7876.53
1573.31 7881.56
1574.30 7887.00
1575.30 7892.26
1576.31 7897.19
1577.30 7902.73
1578.30 7908.11
1579.30 7913.39
1580.30 7918.29
1581.30 7923.61
1582.30 7929.03
1583.31 7934.21
1584.30 7939.63
1585.30 7945.15
1586.30 7950.39
1587.31 7955.92
1588.31 7961.20
1589.31 7966.33
1590.31 7971.51
1591.32 7976.89
1592.30 7982.11
1593.30 7987.57
1594.30 7993.12
1595.31 7998.85
1596.31 8004.57
1597.31 8010.29
1598.31 8015.70
1599.30 8021.15
1600.30 8026.71
1601.30 8032.10
1602.30 8037.48
1603.31 8042.79
1604.30 8047.87
1605.30 8053.09
1606.30 8058.16
1607.30 8063.43
1608.30 8069.04
1609.31 8074.44
1610.30 8079.74
1611.29 8085.14
1612.29 8090.41
1613.31 8096.03
1614.30 8101.54
1615.31 8107.04
1616.30 8112.49
1617.30 8117.95
1618.31 8123.34
1619.30 8128.86
1620.31 8134.41
1621.30 8139.65
1622.30 8144.92
1623.30 8150.52
1624.31 8155.95
1625.31 8161.21
1626.30 8166.56
1627.30 8172.05
1628.31 8177.48
1629.30 8182.82
1630.30 8188.04
1631.31 8193.37
1632.30 8198.47
1633.30 8203.56
1634.30 8208.68
1635.30 8214.00
1636.30 8219.24
1637.31 8224.63
1638.31 8229.90
1639.31 8235.04
1640.30 8240.14
1641.29 8245.39
1642.30 8250.81
1643.30 8256.24
1644.30 8261.19
1645.31 8266.37
1646.31 8271.29
1647.30 8276.67
1648.30 8281.81
1649.30 8287.18
1650.30 8292.40
1651.30 8297.73
1652.30 8302.87
1653.30 8307.98
1654.30 8313.27
1655.29 8318.22
1656.31 8323.38
1657.31 8328.68
1658.30 8333.93
1659.31 8339.08
1660.30 8344.25
1661.31 8349.43
1662.30 8354.63
1663.31 8359.99
1664.30 8365.30
1665.31 8370.72
1666.30 8376.05
1667.30 8381.51
1668.31 8386.99
1669.31 8392.37
1670.30 8397.94
1671.30 8403.24
1672.30 8408.95
1673.29 8414.35
1674.30 8420.02
1675.30 8425.56
1676.30 8430.91
1677.30 8436.44
1678.31 8441.99
1679.31 8447.03
1680.30 8452.28
1681.30 8457.36
1682.30 8462.44
1683.30 8467.60
1684.30 8472.60
1685.31 8477.76
1686.31 8482.72
1687.30 8487.99
1688.30 8493.24
1689.31 8498.56
1690.31 8503.71
1691.31 8508.87
1692.30 8514.20
1693.31 8519.61
1694.31 8524.74
1695.31 8530.19
1696.30 8535.41
1697.31 8540.70
1698.30 8546.28
1699.30 8551.57
1700.31 8556.92
1701.31 8562.21
1702.30 8567.57
1703.30 8573.03
1704.31 8578.21
1705.30 8583.28
1706.30 8588.27
1707.31 8593.73
1708.30 8599.15
1709.30 8604.28
1710.30 8609.33
1711.31 8614.63
1712.30 8619.95
1713.31 8625.57
1714.30 8630.76
1715.30 8636.15
1716.31 8641.47
1717.30 8646.93
1718.30 8652.32
1719.31 8658.03
1720.31 8663.48
1721.30 8668.77
1722.30 8674.10
1723.30 8679.64
1724.30 8684.95
1725.30 8690.22
1726.30 8695.80
1727.31 8701.26
1728.31 8706.85
1729.30 8712.28
1730.30 8717.72
1731.31 8723.20
1732.31 8728.55
1733.30 8734.11
1734.30 8739.64
1735.30 8745.12
1736.30 8750.38
1737.31 8755.81
1738.31 8761.15
1739.30 8766.32
1740.30 8771.65
1741.30 8777.03
1742.32 8782.77
1743.30 8788.12
1744.31 8793.78
1745.30 8798.98
1746.31 8804.43
1747.31 8809.92
1748.30 8815.20
1749.31 8820.75
1750.31 8826.00
1751.31 8831.19
1752.30 8836.52
1753.30 8841.82
1754.31 8846.90
1755.31 8852.33
1756.31 8857.56
1757.30 8862.98
1758.30 8868.20
1759.31 8873.66
1760.31 8878.70
1761.30 8883.96
1762.31 8889.56
1763.31 8895.12
1764.31 8900.37
1765.31 8905.72
1766.31 8910.88
1767.31 8916.13
1768.30 8921.56
1769.30 8926.85
1770.31 8932.28
1771.30 8937.58
1772.31 8943.37
1773.31 8948.91
1774.30 8954.18
1775.31 8959.74
1776.31 8965.07
1777.31 8970.51
1778.30 8975.92
1779.30 8981.20
1780.30 8986.71
1781.31 8992.17
1782.31 8997.48
1783.31 9002.80
1784.30 9008.02
1785.31 9013.17
1786.30 9018.26
1787.30 9023.43
1788.30 9028.68
1789.31 9034.11
1790.31 9039.64
1791.31 9044.95
1792.30 9050.26
1793.30 9055.94
1794.31 9061.47
1795.31 9067.05
1796.31 9072.57
1797.30 9077.95
1798.30 9083.38
1799.31 9088.95
1800.31 9094.31
1801.31 9099.82
1802.31 9105.51
1803.31 9111.15
1804.31 9116.58
1805.31 9122.01
1806.31 9127.33
1807.30 9132.58
1808.31 9137.95
1809.31 9143.04
1810.30 9148.16
1811.30 9153.08
1812.29 9157.72
1813.30 9162.13
1814.31 9166.95
1815.31 9171.94
1816.31 9176.74
1817.31 9181.81
1818.30 9186.83
1819.31 9192.08
1820.31 9196.92
1821.31 9201.97
1822.31 9207.13
1823.31 9212.44
1824.31 9217.61
1825.31 9222.42
1826.31 9226.97
1827.31 9232.27
1828.30 9237.62
1829.30 9243.01
1830.36 9247.16
1831.31 9252.18
1832.30 9257.48
1833.30 9262.81
1834.30 9268.14
1835.31 9273.53
1836.31 9278.87
1837.31 9284.22
1838.30 9289.71
1839.30 9295.21
1840.29 9300.66
1841.32 9306.12
1842.31 9310.70
1843.30 9315.66
1844.30 9321.15
1845.31 9326.81
1846.31 9332.26
1847.30 9337.68
1848.31 9343.16
1849.31 9348.59
1850.30 9353.93
1851.30 9359.32
1852.30 9364.61
1853.31 9370.10
1854.31 9375.59
1855.30 9380.98
1856.31 9386.58
1857.31 9392.04
1858.31 9397.62
1859.31 9403.12
1860.30 9408.58
1861.30 9414.07
1862.30 9419.30
1863.31 9424.79
1864.31 9430.31
1865.30 9435.64
1866.30 9441.00
1867.31 9446.47
1868.31 9452.14
1869.30 9457.82
1870.31 9463.57
1871.30 9468.87
1872.30 9474.24
1873.31 9478.76
1874.31 9483.25
1875.32 9487.71
1876.30 9492.72
1877.30 9498.09
1878.31 9503.64
1879.31 9509.36
1880.30 9514.62
1881.32 9518.91
1882.31 9523.37
1883.31 9528.21
