Current Battery Service state:
  AC powered: false
  USB powered: false
  Wireless powered: false
  Max charging current: 0
  Max charging voltage: 0
  Charge counter: 5002016
  status: 3
  health: 2
  present: true
  level: 87
  scale: 100
  voltage: 3992
  temperature: 247
  technology: Li-ion
Current Battery Service state:
  AC powered: false
  USB powered: false
  Wireless powered: false
  Max charging current: 0
  Max charging voltage: 0
  Charge counter: 5002016
  status: 3
  health: 2
  present: true
  level: 87
  scale: 100
  voltage: 3992
  temperature: 247
  technology: Li-ion
Current Battery Service state:
  AC powered: false
  USB powered: false
  Wireless powered: false
  Max charging current: 0
  Max charging voltage: 0
  Charge counter: 5002016
  status: 3
  health: 2
  present: true
  level: 87
  scale: 100
  voltage: 3992
  temperature: 247
  technology: Li-ion
Current Battery Service state:
  AC powered: false
  USB powered: false
  Wireless powered: false
  Max charging current: 0
  Max charging voltage: 0
  Charge counter: 5002016
  status: 3
  health: 2
  present: true
  level: 87
  scale: 100
  voltage: 3992
  temperature: 247
  technology: Li-ion
Current Battery Service state:
  AC powered: false
  USB powered: false
  Wireless powered: false
  Max charging current: 0
  Max charging voltage: 0
  Charge counter: 5002016
  status: 3
  health: 2
  present: true
  level: 87
  scale: 100
  voltage: 3992
  temperature: 247
  technology: Li-ion
Current Battery Service state:
  AC powered: false
  USB powered: false
  Wireless powered: false
  Max charging current: 0
  Max charging voltage: 0
  Charge counter: 4996893
  status: 3
  health: 2
  present: true
  level: 87
  scale: 100
  voltage: 3989
  temperature: 252
  technology: Li-ion
Current Battery Service state:
  AC powered: false
  USB powered: false
  Wireless powered: false
  Max charging current: 0
  Max charging voltage: 0
  Charge counter: 4996893
  status: 3
  health: 2
  present: true
  level: 87
  scale: 100
  voltage: 3989
  temperature: 252
  technology: Li-ion
Current Battery Service state:
  AC powered: false
  USB powered: false
  Wireless powered: false
  Max charging current: 0
  Max charging voltage: 0
  Charge counter: 4996893
  status: 3
  health: 2
  present: true
  level: 87
  scale: 100
  voltage: 3989
  temperature: 252
  technology: Li-ion
Current Battery Service state:
  AC powered: false
  USB powered: false
  Wireless powered: false
  Max charging current: 0
  Max charging voltage: 0
  Charge counter: 4996893
  status: 3
  health: 2
  present: true
  level: 87
  scale: 100
  voltage: 3989
  temperature: 252
  technology: Li-ion
Current Battery Service state:
  AC powered: false
  USB powered: false
  Wireless powered: false
  Max charging current: 0
  Max charging voltage: 0
  Charge counter: 4996893
  status: 3
  health: 2
  present: true
  level: 87
  scale: 100
  voltage: 3989
  temperature: 252
  technology: Li-ion
Current Battery Service state:
  AC powered: false
  USB powered: false
  Wireless powered: false
  Max charging current: 0
  Max charging voltage: 0
  Charge counter: 4996893
  status: 3
  health: 2
  present: true
  level: 87
  scale: 100
  voltage: 3989
  temperature: 252
  technology: Li-ion
Current Battery Service state:
  AC powered: false
  USB powered: false
  Wireless powered: false
  Max charging current: 0
  Max charging voltage: 0
  Charge counter: 4996893
  status: 3
  health: 2
  present: true
  level: 87
  scale: 100
  voltage: 3989
  temperature: 252
  technology: Li-ion
Current Battery Service state:
  AC powered: false
  USB powered: false
  Wireless powered: false
  Max charging current: 0
  Max charging voltage: 0
  Charge counter: 4996893
  status: 3
  health: 2
  present: true
  level: 87
  scale: 100
  voltage: 3989
  temperature: 252
  technology: Li-ion
Current Battery Service state:
  AC powered: false
  USB powered: false
  Wireless powered: false
  Max charging current: 0
  Max charging voltage: 0
  Charge counter: 4992502
  status: 3
  health: 2
  present: true
  level: 87
  scale: 100
  voltage: 3951
  temperature: 250
  technology: Li-ion
Current Battery Service state:
  AC powered: false
  USB powered: false
  Wireless powered: false
  Max charging current: 0
  Max charging voltage: 0
  Charge counter: 4992502
  status: 3
  health: 2
  present: true
  level: 87
  scale: 100
  voltage: 3951
  temperature: 250
  technology: Li-ion
Current Battery Service state:
  AC powered: false
  USB powered: false
  Wireless powered: false
  Max charging current: 0
  Max charging voltage: 0
  Charge counter: 4991388
  status: 3
  health: 2
  present: true
  level: 87
  scale: 100
  voltage: 3983
  temperature: 250
  technology: Li-ion
Current Battery Service state:
  AC powered: false
  USB powered: false
  Wireless powered: false
  Max charging current: 0
  Max charging voltage: 0
  Charge counter: 4991388
  status: 3
  health: 2
  present: true
  level: 87
  scale: 100
  voltage: 3983
  temperature: 250
  technology: Li-ion
Current Battery Service state:
  AC powered: false
  USB powered: false
  Wireless powered: false
  Max charging current: 0
  Max charging voltage: 0
  Charge counter: 4991388
  status: 3
  health: 2
  present: true
  level: 87
  scale: 100
  voltage: 3983
  temperature: 250
  technology: Li-ion
Current Battery Service state:
  AC powered: false
  USB powered: false
  Wireless powered: false
  Max charging current: 0
  Max charging voltage: 0
  Charge counter: 4991388
  status: 3
  health: 2
  present: true
  level: 87
  scale: 100
  voltage: 3983
  temperature: 250
  technology: Li-ion
Current Battery Service state:
  AC powered: false
  USB powered: false
  Wireless powered: false
  Max charging current: 0
  Max charging voltage: 0
  Charge counter: 4991388
  status: 3
  health: 2
  present: true
  level: 87
  scale: 100
  voltage: 3983
  temperature: 250
  technology: Li-ion
Current Battery Service state:
  AC powered: false
  USB powered: false
  Wireless powered: false
  Max charging current: 0
  Max charging voltage: 0
  Charge counter: 4991388
  status: 3
  health: 2
  present: true
  level: 87
  scale: 100
  voltage: 3983
  temperature: 250
  technology: Li-ion
Current Battery Service state:
  AC powered: false
  USB powered: false
  Wireless powered: false
  Max charging current: 0
  Max charging voltage: 0
  Charge counter: 4991388
  status: 3
  health: 2
  present: true
  level: 87
  scale: 100
  voltage: 3983
  temperature: 250
  technology: Li-ion
Current Battery Service state:
  AC powered: false
  USB powered: false
  Wireless powered: false
  Max charging current: 0
  Max charging voltage: 0
  Charge counter: 4991388
  status: 3
  health: 2
  present: true
  level: 87
  scale: 100
  voltage: 3983
  temperature: 250
  technology: Li-ion
Current Battery Service state:
  AC powered: false
  USB powered: false
  Wireless powered: false
  Max charging current: 0
  Max charging voltage: 0
  Charge counter: 4991388
  status: 3
  health: 2
  present: true
  level: 87
  scale: 100
  voltage: 3983
  temperature: 250
  technology: Li-ion
Current Battery Service state:
  AC powered: false
  USB powered: false
  Wireless powered: false
  Max charging current: 0
  Max charging voltage: 0
  Charge counter: 4991388
  status: 3
  health: 2
  present: true
  level: 87
  scale: 100
  voltage: 3983
  temperature: 250
  technology: Li-ion
Current Battery Service state:
  AC powered: false
  USB powered: false
  Wireless powered: false
  Max charging current: 0
  Max charging voltage: 0
  Charge counter: 4986184
  status: 3
  health: 2
  present: true
  level: 86
  scale: 100
  voltage: 3982
  temperature: 252
  technology: Li-ion
Current Battery Service state:
  AC powered: false
  USB powered: false
  Wireless powered: false
  Max charging current: 0
  Max charging voltage: 0
  Charge counter: 4986184
  status: 3
  health: 2
  present: true
  level: 86
  scale: 100
  voltage: 3982
  temperature: 252
  technology: Li-ion
Current Battery Service state:
  AC powered: false
  USB powered: false
  Wireless powered: false
  Max charging current: 0
  Max charging voltage: 0
  Charge counter: 4986184
  status: 3
  health: 2
  present: true
  level: 86
  scale: 100
  voltage: 3982
  temperature: 252
  technology: Li-ion
Current Battery Service state:
  AC powered: false
  USB powered: false
  Wireless powered: false
  Max charging current: 0
  Max charging voltage: 0
  Charge counter: 4986184
  status: 3
  health: 2
  present: true
  level: 86
  scale: 100
  voltage: 3982
  temperature: 252
  technology: Li-ion
Current Battery Service state:
  AC powered: false
  USB powered: false
  Wireless powered: false
  Max charging current: 0
  Max charging voltage: 0
  Charge counter: 4986184
  status: 3
  health: 2
  present: true
  level: 86
  scale: 100
  voltage: 3982
  temperature: 252
  technology: Li-ion
Current Battery Service state:
  AC powered: false
  USB powered: false
  Wireless powered: false
  Max charging current: 0
  Max charging voltage: 0
  Charge counter: 4986184
  status: 3
  health: 2
  present: true
  level: 86
  scale: 100
  voltage: 3982
  temperature: 252
  technology: Li-ion
Current Battery Service state:
  AC powered: false
  USB powered: false
  Wireless powered: false
  Max charging current: 0
  Max charging voltage: 0
  Charge counter: 4986184
  status: 3
  health: 2
  present: true
  level: 86
  scale: 100
  voltage: 3982
  temperature: 252
  technology: Li-ion
Current Battery Service state:
  AC powered: false
  USB powered: false
  Wireless powered: false
  Max charging current: 0
  Max charging voltage: 0
  Charge counter: 4986184
  status: 3
  health: 2
  present: true
  level: 86
  scale: 100
  voltage: 3982
  temperature: 252
  technology: Li-ion
Current Battery Service state:
  AC powered: false
  USB powered: false
  Wireless powered: false
  Max charging current: 0
  Max charging voltage: 0
  Charge counter: 4986184
  status: 3
  health: 2
  present: true
  level: 86
  scale: 100
  voltage: 3982
  temperature: 252
  technology: Li-ion
Current Battery Service state:
  AC powered: false
  USB powered: false
  Wireless powered: false
  Max charging current: 0
  Max charging voltage: 0
  Charge counter: 4986184
  status: 3
  health: 2
  present: true
  level: 86
  scale: 100
  voltage: 3982
  temperature: 252
  technology: Li-ion
Current Battery Service state:
  AC powered: false
  USB powered: false
  Wireless powered: false
  Max charging current: 0
  Max charging voltage: 0
  Charge counter: 4981182
  status: 3
  health: 2
  present: true
  level: 86
  scale: 100
  voltage: 3990
  temperature: 247
  technology: Li-ion
Current Battery Service state:
  AC powered: false
  USB powered: false
  Wireless powered: false
  Max charging current: 0
  Max charging voltage: 0
  Charge counter: 4981182
  status: 3
  health: 2
  present: true
  level: 86
  scale: 100
  voltage: 3990
  temperature: 247
  technology: Li-ion
Current Battery Service state:
  AC powered: false
  USB powered: false
  Wireless powered: false
  Max charging current: 0
  Max charging voltage: 0
  Charge counter: 4981182
  status: 3
  health: 2
  present: true
  level: 86
  scale: 100
  voltage: 3990
  temperature: 247
  technology: Li-ion
Current Battery Service state:
  AC powered: false
  USB powered: false
  Wireless powered: false
  Max charging current: 0
  Max charging voltage: 0
  Charge counter: 4981182
  status: 3
  health: 2
  present: true
  level: 86
  scale: 100
  voltage: 3990
  temperature: 247
  technology: Li-ion
Current Battery Service state:
  AC powered: false
  USB powered: false
  Wireless powered: false
  Max charging current: 0
  Max charging voltage: 0
  Charge counter: 4981182
  status: 3
  health: 2
  present: true
  level: 86
  scale: 100
  voltage: 3990
  temperature: 247
  technology: Li-ion
Current Battery Service state:
  AC powered: false
  USB powered: false
  Wireless powered: false
  Max charging current: 0
  Max charging voltage: 0
  Charge counter: 4981182
  status: 3
  health: 2
  present: true
  level: 86
  scale: 100
  voltage: 3990
  temperature: 247
  technology: Li-ion
Current Battery Service state:
  AC powered: false
  USB powered: false
  Wireless powered: false
  Max charging current: 0
  Max charging voltage: 0
  Charge counter: 4977986
  status: 3
  health: 2
  present: true
  level: 86
  scale: 100
  voltage: 3983
  temperature: 247
  technology: Li-ion
Current Battery Service state:
  AC powered: false
  USB powered: false
  Wireless powered: false
  Max charging current: 0
  Max charging voltage: 0
  Charge counter: 4977986
  status: 3
  health: 2
  present: true
  level: 86
  scale: 100
  voltage: 3983
  temperature: 247
  technology: Li-ion
Current Battery Service state:
  AC powered: false
  USB powered: false
  Wireless powered: false
  Max charging current: 0
  Max charging voltage: 0
  Charge counter: 4977986
  status: 3
  health: 2
  present: true
  level: 86
  scale: 100
  voltage: 3983
  temperature: 247
  technology: Li-ion
Current Battery Service state:
  AC powered: false
  USB powered: false
  Wireless powered: false
  Max charging current: 0
  Max charging voltage: 0
  Charge counter: 4977986
  status: 3
  health: 2
  present: true
  level: 86
  scale: 100
  voltage: 3983
  temperature: 247
  technology: Li-ion
Current Battery Service state:
  AC powered: false
  USB powered: false
  Wireless powered: false
  Max charging current: 0
  Max charging voltage: 0
  Charge counter: 4976286
  status: 3
  health: 2
  present: true
  level: 86
  scale: 100
  voltage: 3971
  temperature: 250
  technology: Li-ion
Current Battery Service state:
  AC powered: false
  USB powered: false
  Wireless powered: false
  Max charging current: 0
  Max charging voltage: 0
  Charge counter: 4976286
  status: 3
  health: 2
  present: true
  level: 86
  scale: 100
  voltage: 3971
  temperature: 250
  technology: Li-ion
Current Battery Service state:
  AC powered: false
  USB powered: false
  Wireless powered: false
  Max charging current: 0
  Max charging voltage: 0
  Charge counter: 4976286
  status: 3
  health: 2
  present: true
  level: 86
  scale: 100
  voltage: 3971
  temperature: 250
  technology: Li-ion
Current Battery Service state:
  AC powered: false
  USB powered: false
  Wireless powered: false
  Max charging current: 0
  Max charging voltage: 0
  Charge counter: 4976286
  status: 3
  health: 2
  present: true
  level: 86
  scale: 100
  voltage: 3971
  temperature: 250
  technology: Li-ion
Current Battery Service state:
  AC powered: false
  USB powered: false
  Wireless powered: false
  Max charging current: 0
  Max charging voltage: 0
  Charge counter: 4976286
  status: 3
  health: 2
  present: true
  level: 86
  scale: 100
  voltage: 3971
  temperature: 250
  technology: Li-ion
Current Battery Service state:
  AC powered: false
  USB powered: false
  Wireless powered: false
  Max charging current: 0
  Max charging voltage: 0
  Charge counter: 4976286
  status: 3
  health: 2
  present: true
  level: 86
  scale: 100
  voltage: 3971
  temperature: 250
  technology: Li-ion
Current Battery Service state:
  AC powered: false
  USB powered: false
  Wireless powered: false
  Max charging current: 0
  Max charging voltage: 0
  Charge counter: 4976286
  status: 3
  health: 2
  present: true
  level: 86
  scale: 100
  voltage: 3971
  temperature: 250
  technology: Li-ion
Current Battery Service state:
  AC powered: false
  USB powered: false
  Wireless powered: false
  Max charging current: 0
  Max charging voltage: 0
  Charge counter: 4976286
  status: 3
  health: 2
  present: true
  level: 86
  scale: 100
  voltage: 3971
  temperature: 250
  technology: Li-ion
Current Battery Service state:
  AC powered: false
  USB powered: false
  Wireless powered: false
  Max charging current: 0
  Max charging voltage: 0
  Charge counter: 4976286
  status: 3
  health: 2
  present: true
  level: 86
  scale: 100
  voltage: 3971
  temperature: 250
  technology: Li-ion
Current Battery Service state:
  AC powered: false
  USB powered: false
  Wireless powered: false
  Max charging current: 0
  Max charging voltage: 0
  Charge counter: 4976286
  status: 3
  health: 2
  present: true
  level: 86
  scale: 100
  voltage: 3971
  temperature: 250
  technology: Li-ion
Current Battery Service state:
  AC powered: false
  USB powered: false
  Wireless powered: false
  Max charging current: 0
  Max charging voltage: 0
  Charge counter: 4971140
  status: 3
  health: 2
  present: true
  level: 86
  scale: 100
  voltage: 3980
  temperature: 250
  technology: Li-ion
Current Battery Service state:
  AC powered: false
  USB powered: false
  Wireless powered: false
  Max charging current: 0
  Max charging voltage: 0
  Charge counter: 4971140
  status: 3
  health: 2
  present: true
  level: 86
  scale: 100
  voltage: 3980
  temperature: 250
  technology: Li-ion
Current Battery Service state:
  AC powered: false
  USB powered: false
  Wireless powered: false
  Max charging current: 0
  Max charging voltage: 0
  Charge counter: 4971140
  status: 3
  health: 2
  present: true
  level: 86
  scale: 100
  voltage: 3980
  temperature: 250
  technology: Li-ion
Current Battery Service state:
  AC powered: false
  USB powered: false
  Wireless powered: false
  Max charging current: 0
  Max charging voltage: 0
  Charge counter: 4971140
  status: 3
  health: 2
  present: true
  level: 86
  scale: 100
  voltage: 3980
  temperature: 250
  technology: Li-ion
Current Battery Service state:
  AC powered: false
  USB powered: false
  Wireless powered: false
  Max charging current: 0
  Max charging voltage: 0
  Charge counter: 4971140
  status: 3
  health: 2
  present: true
  level: 86
  scale: 100
  voltage: 3980
  temperature: 250
  technology: Li-ion
Current Battery Service state:
  AC powered: false
  USB powered: false
  Wireless powered: false
  Max charging current: 0
  Max charging voltage: 0
  Charge counter: 4971140
  status: 3
  health: 2
  present: true
  level: 86
  scale: 100
  voltage: 3980
  temperature: 250
  technology: Li-ion
Current Battery Service state:
  AC powered: false
  USB powered: false
  Wireless powered: false
  Max charging current: 0
  Max charging voltage: 0
  Charge counter: 4971140
  status: 3
  health: 2
  present: true
  level: 86
  scale: 100
  voltage: 3980
  temperature: 250
  technology: Li-ion
Current Battery Service state:
  AC powered: false
  USB powered: false
  Wireless powered: false
  Max charging current: 0
  Max charging voltage: 0
  Charge counter: 4971140
  status: 3
  health: 2
  present: true
  level: 86
  scale: 100
  voltage: 3980
  temperature: 250
  technology: Li-ion
Current Battery Service state:
  AC powered: false
  USB powered: false
  Wireless powered: false
  Max charging current: 0
  Max charging voltage: 0
  Charge counter: 4971140
  status: 3
  health: 2
  present: true
  level: 86
  scale: 100
  voltage: 3980
  temperature: 250
  technology: Li-ion
Current Battery Service state:
  AC powered: false
  USB powered: false
  Wireless powered: false
  Max charging current: 0
  Max charging voltage: 0
  Charge counter: 4971140
  status: 3
  health: 2
  present: true
  level: 86
  scale: 100
  voltage: 3980
  temperature: 250
  technology: Li-ion
Current Battery Service state:
  AC powered: false
  USB powered: false
  Wireless powered: false
  Max charging current: 0
  Max charging voltage: 0
  Charge counter: 4966046
  status: 3
  health: 2
  present: true
  level: 86
  scale: 100
  voltage: 3981
  temperature: 252
  technology: Li-ion
Current Battery Service state:
  AC powered: false
  USB powered: false
  Wireless powered: false
  Max charging current: 0
  Max charging voltage: 0
  Charge counter: 4966046
  status: 3
  health: 2
  present: true
  level: 86
  scale: 100
  voltage: 3981
  temperature: 252
  technology: Li-ion
Current Battery Service state:
  AC powered: false
  USB powered: false
  Wireless powered: false
  Max charging current: 0
  Max charging voltage: 0
  Charge counter: 4966046
  status: 3
  health: 2
  present: true
  level: 86
  scale: 100
  voltage: 3981
  temperature: 252
  technology: Li-ion
Current Battery Service state:
  AC powered: false
  USB powered: false
  Wireless powered: false
  Max charging current: 0
  Max charging voltage: 0
  Charge counter: 4966046
  status: 3
  health: 2
  present: true
  level: 86
  scale: 100
  voltage: 3981
  temperature: 252
  technology: Li-ion
Current Battery Service state:
  AC powered: false
  USB powered: false
  Wireless powered: false
  Max charging current: 0
  Max charging voltage: 0
  Charge counter: 4966046
  status: 3
  health: 2
  present: true
  level: 86
  scale: 100
  voltage: 3981
  temperature: 252
  technology: Li-ion
Current Battery Service state:
  AC powered: false
  USB powered: false
  Wireless powered: false
  Max charging current: 0
  Max charging voltage: 0
  Charge counter: 4966046
  status: 3
  health: 2
  present: true
  level: 86
  scale: 100
  voltage: 3981
  temperature: 252
  technology: Li-ion
Current Battery Service state:
  AC powered: false
  USB powered: false
  Wireless powered: false
  Max charging current: 0
  Max charging voltage: 0
  Charge counter: 4966046
  status: 3
  health: 2
  present: true
  level: 86
  scale: 100
  voltage: 3981
  temperature: 252
  technology: Li-ion
Current Battery Service state:
  AC powered: false
  USB powered: false
  Wireless powered: false
  Max charging current: 0
  Max charging voltage: 0
  Charge counter: 4966046
  status: 3
  health: 2
  present: true
  level: 86
  scale: 100
  voltage: 3981
  temperature: 252
  technology: Li-ion
Current Battery Service state:
  AC powered: false
  USB powered: false
  Wireless powered: false
  Max charging current: 0
  Max charging voltage: 0
  Charge counter: 4966046
  status: 3
  health: 2
  present: true
  level: 86
  scale: 100
  voltage: 3981
  temperature: 252
  technology: Li-ion
Current Battery Service state:
  AC powered: false
  USB powered: false
  Wireless powered: false
  Max charging current: 0
  Max charging voltage: 0
  Charge counter: 4966046
  status: 3
  health: 2
  present: true
  level: 86
  scale: 100
  voltage: 3981
  temperature: 252
  technology: Li-ion
Current Battery Service state:
  AC powered: false
  USB powered: false
  Wireless powered: false
  Max charging current: 0
  Max charging voltage: 0
  Charge counter: 4961008
  status: 3
  health: 2
  present: true
  level: 86
  scale: 100
  voltage: 3974
  temperature: 255
  technology: Li-ion
Current Battery Service state:
  AC powered: false
  USB powered: false
  Wireless powered: false
  Max charging current: 0
  Max charging voltage: 0
  Charge counter: 4961008
  status: 3
  health: 2
  present: true
  level: 86
  scale: 100
  voltage: 3974
  temperature: 255
  technology: Li-ion
Current Battery Service state:
  AC powered: false
  USB powered: false
  Wireless powered: false
  Max charging current: 0
  Max charging voltage: 0
  Charge counter: 4961008
  status: 3
  health: 2
  present: true
  level: 86
  scale: 100
  voltage: 3974
  temperature: 255
  technology: Li-ion
Current Battery Service state:
  AC powered: false
  USB powered: false
  Wireless powered: false
  Max charging current: 0
  Max charging voltage: 0
  Charge counter: 4961008
  status: 3
  health: 2
  present: true
  level: 86
  scale: 100
  voltage: 3974
  temperature: 255
  technology: Li-ion
Current Battery Service state:
  AC powered: false
  USB powered: false
  Wireless powered: false
  Max charging current: 0
  Max charging voltage: 0
  Charge counter: 4961008
  status: 3
  health: 2
  present: true
  level: 86
  scale: 100
  voltage: 3974
  temperature: 255
  technology: Li-ion
Current Battery Service state:
  AC powered: false
  USB powered: false
  Wireless powered: false
  Max charging current: 0
  Max charging voltage: 0
  Charge counter: 4961008
  status: 3
  health: 2
  present: true
  level: 86
  scale: 100
  voltage: 3974
  temperature: 255
  technology: Li-ion
Current Battery Service state:
  AC powered: false
  USB powered: false
  Wireless powered: false
  Max charging current: 0
  Max charging voltage: 0
  Charge counter: 4961008
  status: 3
  health: 2
  present: true
  level: 86
  scale: 100
  voltage: 3974
  temperature: 255
  technology: Li-ion
Current Battery Service state:
  AC powered: false
  USB powered: false
  Wireless powered: false
  Max charging current: 0
  Max charging voltage: 0
  Charge counter: 4961008
  status: 3
  health: 2
  present: true
  level: 86
  scale: 100
  voltage: 3974
  temperature: 255
  technology: Li-ion
Current Battery Service state:
  AC powered: false
  USB powered: false
  Wireless powered: false
  Max charging current: 0
  Max charging voltage: 0
  Charge counter: 4961008
  status: 3
  health: 2
  present: true
  level: 86
  scale: 100
  voltage: 3974
  temperature: 255
  technology: Li-ion
Current Battery Service state:
  AC powered: false
  USB powered: false
  Wireless powered: false
  Max charging current: 0
  Max charging voltage: 0
  Charge counter: 4961008
  status: 3
  health: 2
  present: true
  level: 86
  scale: 100
  voltage: 3974
  temperature: 255
  technology: Li-ion
Current Battery Service state:
  AC powered: false
  USB powered: false
  Wireless powered: false
  Max charging current: 0
  Max charging voltage: 0
  Charge counter: 4955405
  status: 3
  health: 2
  present: true
  level: 86
  scale: 100
  voltage: 3968
  temperature: 257
  technology: Li-ion
Current Battery Service state:
  AC powered: false
  USB powered: false
  Wireless powered: false
  Max charging current: 0
  Max charging voltage: 0
  Charge counter: 4955405
  status: 3
  health: 2
  present: true
  level: 86
  scale: 100
  voltage: 3968
  temperature: 257
  technology: Li-ion
Current Battery Service state:
  AC powered: false
  USB powered: false
  Wireless powered: false
  Max charging current: 0
  Max charging voltage: 0
  Charge counter: 4955405
  status: 3
  health: 2
  present: true
  level: 86
  scale: 100
  voltage: 3968
  temperature: 257
  technology: Li-ion
Current Battery Service state:
  AC powered: false
  USB powered: false
  Wireless powered: false
  Max charging current: 0
  Max charging voltage: 0
  Charge counter: 4955405
  status: 3
  health: 2
  present: true
  level: 86
  scale: 100
  voltage: 3968
  temperature: 257
  technology: Li-ion
Current Battery Service state:
  AC powered: false
  USB powered: false
  Wireless powered: false
  Max charging current: 0
  Max charging voltage: 0
  Charge counter: 4955405
  status: 3
  health: 2
  present: true
  level: 86
  scale: 100
  voltage: 3968
  temperature: 257
  technology: Li-ion
Current Battery Service state:
  AC powered: false
  USB powered: false
  Wireless powered: false
  Max charging current: 0
  Max charging voltage: 0
  Charge counter: 4955405
  status: 3
  health: 2
  present: true
  level: 86
  scale: 100
  voltage: 3968
  temperature: 257
  technology: Li-ion
Current Battery Service state:
  AC powered: false
  USB powered: false
  Wireless powered: false
  Max charging current: 0
  Max charging voltage: 0
  Charge counter: 4951669
  status: 3
  health: 2
  present: true
  level: 86
  scale: 100
  voltage: 3975
  temperature: 252
  technology: Li-ion
Current Battery Service state:
  AC powered: false
  USB powered: false
  Wireless powered: false
  Max charging current: 0
  Max charging voltage: 0
  Charge counter: 4951669
  status: 3
  health: 2
  present: true
  level: 86
  scale: 100
  voltage: 3975
  temperature: 252
  technology: Li-ion
Current Battery Service state:
  AC powered: false
  USB powered: false
  Wireless powered: false
  Max charging current: 0
  Max charging voltage: 0
  Charge counter: 4951669
  status: 3
  health: 2
  present: true
  level: 86
  scale: 100
  voltage: 3975
  temperature: 252
  technology: Li-ion
Current Battery Service state:
  AC powered: false
  USB powered: false
  Wireless powered: false
  Max charging current: 0
  Max charging voltage: 0
  Charge counter: 4951669
  status: 3
  health: 2
  present: true
  level: 86
  scale: 100
  voltage: 3975
  temperature: 252
  technology: Li-ion
Current Battery Service state:
  AC powered: false
  USB powered: false
  Wireless powered: false
  Max charging current: 0
  Max charging voltage: 0
  Charge counter: 4950122
  status: 3
  health: 2
  present: true
  level: 86
  scale: 100
  voltage: 3973
  temperature: 252
  technology: Li-ion
Current Battery Service state:
  AC powered: false
  USB powered: false
  Wireless powered: false
  Max charging current: 0
  Max charging voltage: 0
  Charge counter: 4950122
  status: 3
  health: 2
  present: true
  level: 86
  scale: 100
  voltage: 3973
  temperature: 252
  technology: Li-ion
Current Battery Service state:
  AC powered: false
  USB powered: false
  Wireless powered: false
  Max charging current: 0
  Max charging voltage: 0
  Charge counter: 4950122
  status: 3
  health: 2
  present: true
  level: 86
  scale: 100
  voltage: 3973
  temperature: 252
  technology: Li-ion
Current Battery Service state:
  AC powered: false
  USB powered: false
  Wireless powered: false
  Max charging current: 0
  Max charging voltage: 0
  Charge counter: 4950122
  status: 3
  health: 2
  present: true
  level: 86
  scale: 100
  voltage: 3973
  temperature: 252
  technology: Li-ion
Current Battery Service state:
  AC powered: false
  USB powered: false
  Wireless powered: false
  Max charging current: 0
  Max charging voltage: 0
  Charge counter: 4950122
  status: 3
  health: 2
  present: true
  level: 86
  scale: 100
  voltage: 3973
  temperature: 252
  technology: Li-ion
Current Battery Service state:
  AC powered: false
  USB powered: false
  Wireless powered: false
  Max charging current: 0
  Max charging voltage: 0
  Charge counter: 4950122
  status: 3
  health: 2
  present: true
  level: 86
  scale: 100
  voltage: 3973
  temperature: 252
  technology: Li-ion
Current Battery Service state:
  AC powered: false
  USB powered: false
  Wireless powered: false
  Max charging current: 0
  Max charging voltage: 0
  Charge counter: 4950122
  status: 3
  health: 2
  present: true
  level: 86
  scale: 100
  voltage: 3973
  temperature: 252
  technology: Li-ion
Current Battery Service state:
  AC powered: false
  USB powered: false
  Wireless powered: false
  Max charging current: 0
  Max charging voltage: 0
  Charge counter: 4950122
  status: 3
  health: 2
  present: true
  level: 86
  scale: 100
  voltage: 3973
  temperature: 252
  technology: Li-ion
Current Battery Service state:
  AC powered: false
  USB powered: false
  Wireless powered: false
  Max charging current: 0
  Max charging voltage: 0
  Charge counter: 4950122
  status: 3
  health: 2
  present: true
  level: 86
  scale: 100
  voltage: 3973
  temperature: 252
  technology: Li-ion
Current Battery Service state:
  AC powered: false
  USB powered: false
  Wireless powered: false
  Max charging current: 0
  Max charging voltage: 0
  Charge counter: 4950122
  status: 3
  health: 2
  present: true
  level: 86
  scale: 100
  voltage: 3973
  temperature: 252
  technology: Li-ion
Current Battery Service state:
  AC powered: false
  USB powered: false
  Wireless powered: false
  Max charging current: 0
  Max charging voltage: 0
  Charge counter: 4944851
  status: 3
  health: 2
  present: true
  level: 85
  scale: 100
  voltage: 3965
  temperature: 250
  technology: Li-ion
Current Battery Service state:
  AC powered: false
  USB powered: false
  Wireless powered: false
  Max charging current: 0
  Max charging voltage: 0
  Charge counter: 4944851
  status: 3
  health: 2
  present: true
  level: 85
  scale: 100
  voltage: 3965
  temperature: 250
  technology: Li-ion
Current Battery Service state:
  AC powered: false
  USB powered: false
  Wireless powered: false
  Max charging current: 0
  Max charging voltage: 0
  Charge counter: 4944851
  status: 3
  health: 2
  present: true
  level: 85
  scale: 100
  voltage: 3965
  temperature: 250
  technology: Li-ion
Current Battery Service state:
  AC powered: false
  USB powered: false
  Wireless powered: false
  Max charging current: 0
  Max charging voltage: 0
  Charge counter: 4943217
  status: 3
  health: 2
  present: true
  level: 85
  scale: 100
  voltage: 3969
  temperature: 252
  technology: Li-ion
Current Battery Service state:
  AC powered: false
  USB powered: false
  Wireless powered: false
  Max charging current: 0
  Max charging voltage: 0
  Charge counter: 4943217
  status: 3
  health: 2
  present: true
  level: 85
  scale: 100
  voltage: 3969
  temperature: 252
  technology: Li-ion
Current Battery Service state:
  AC powered: false
  USB powered: false
  Wireless powered: false
  Max charging current: 0
  Max charging voltage: 0
  Charge counter: 4943217
  status: 3
  health: 2
  present: true
  level: 85
  scale: 100
  voltage: 3969
  temperature: 252
  technology: Li-ion
Current Battery Service state:
  AC powered: false
  USB powered: false
  Wireless powered: false
  Max charging current: 0
  Max charging voltage: 0
  Charge counter: 4943217
  status: 3
  health: 2
  present: true
  level: 85
  scale: 100
  voltage: 3969
  temperature: 252
  technology: Li-ion
Current Battery Service state:
  AC powered: false
  USB powered: false
  Wireless powered: false
  Max charging current: 0
  Max charging voltage: 0
  Charge counter: 4943217
  status: 3
  health: 2
  present: true
  level: 85
  scale: 100
  voltage: 3969
  temperature: 252
  technology: Li-ion
Current Battery Service state:
  AC powered: false
  USB powered: false
  Wireless powered: false
  Max charging current: 0
  Max charging voltage: 0
  Charge counter: 4943217
  status: 3
  health: 2
  present: true
  level: 85
  scale: 100
  voltage: 3969
  temperature: 252
  technology: Li-ion
Current Battery Service state:
  AC powered: false
  USB powered: false
  Wireless powered: false
  Max charging current: 0
  Max charging voltage: 0
  Charge counter: 4943217
  status: 3
  health: 2
  present: true
  level: 85
  scale: 100
  voltage: 3969
  temperature: 252
  technology: Li-ion
Current Battery Service state:
  AC powered: false
  USB powered: false
  Wireless powered: false
  Max charging current: 0
  Max charging voltage: 0
  Charge counter: 4939242
  status: 3
  health: 2
  present: true
  level: 85
  scale: 100
  voltage: 3958
  temperature: 255
  technology: Li-ion
Current Battery Service state:
  AC powered: false
  USB powered: false
  Wireless powered: false
  Max charging current: 0
  Max charging voltage: 0
  Charge counter: 4939242
  status: 3
  health: 2
  present: true
  level: 85
  scale: 100
  voltage: 3958
  temperature: 255
  technology: Li-ion
Current Battery Service state:
  AC powered: false
  USB powered: false
  Wireless powered: false
  Max charging current: 0
  Max charging voltage: 0
  Charge counter: 4939242
  status: 3
  health: 2
  present: true
  level: 85
  scale: 100
  voltage: 3958
  temperature: 255
  technology: Li-ion
Current Battery Service state:
  AC powered: false
  USB powered: false
  Wireless powered: false
  Max charging current: 0
  Max charging voltage: 0
  Charge counter: 4939242
  status: 3
  health: 2
  present: true
  level: 85
  scale: 100
  voltage: 3958
  temperature: 255
  technology: Li-ion
Current Battery Service state:
  AC powered: false
  USB powered: false
  Wireless powered: false
  Max charging current: 0
  Max charging voltage: 0
  Charge counter: 4939242
  status: 3
  health: 2
  present: true
  level: 85
  scale: 100
  voltage: 3958
  temperature: 255
  technology: Li-ion
