9.08 8.07 5.84 3/3363 10549
9.08 8.07 5.84 26/3381 10636
9.08 8.07 5.84 14/3387 10691
9.48 8.17 5.88 5/3386 10719
9.48 8.17 5.88 5/3384 10740
9.48 8.17 5.88 4/3380 10759
9.48 8.17 5.88 8/3399 10802
9.48 8.17 5.88 6/3414 10854
9.36 8.17 5.89 9/3414 10877
9.36 8.17 5.89 1/3417 10911
9.36 8.17 5.89 3/3414 10938
9.36 8.17 5.89 9/3417 10968
9.36 8.17 5.89 8/3415 10991
9.49 8.21 5.92 3/3414 11016
9.49 8.21 5.92 6/3414 11037
9.49 8.21 5.92 5/3411 11060
9.49 8.21 5.92 5/3415 11088
9.49 8.21 5.92 6/3417 11112
9.53 8.24 5.94 4/3417 11133
9.53 8.24 5.94 1/3419 11155
9.53 8.24 5.94 3/3419 11174
9.53 8.24 5.94 3/3413 11194
9.53 8.24 5.94 4/3413 11213
9.65 8.29 5.97 1/3413 11232
9.65 8.29 5.97 2/3413 11251
9.65 8.29 5.97 3/3412 11271
9.65 8.29 5.97 2/3412 11290
9.65 8.29 5.97 5/3412 11309
9.44 8.27 5.98 8/3412 11328
9.44 8.27 5.98 5/3412 11347
9.44 8.27 5.98 2/3412 11366
9.44 8.27 5.98 2/3412 11385
9.44 8.27 5.98 4/3412 11405
9.64 8.33 6.01 6/3412 11424
9.64 8.33 6.01 2/3412 11443
9.64 8.33 6.01 8/3412 11462
9.64 8.33 6.01 2/3412 11482
9.64 8.33 6.01 3/3412 11501
9.64 8.33 6.01 2/3412 11520
9.59 8.34 6.03 7/3413 11545
9.59 8.34 6.03 2/3414 11569
9.59 8.34 6.03 2/3425 11603
9.59 8.34 6.03 6/3425 11622
9.94 8.43 6.07 3/3425 11642
9.94 8.43 6.07 7/3424 11661
9.94 8.43 6.07 6/3425 11681
9.94 8.43 6.07 4/3424 11700
9.94 8.43 6.07 3/3424 11719
10.19 8.51 6.11 1/3424 11738
10.19 8.51 6.11 2/3424 11774
10.19 8.51 6.11 3/3424 11793
10.19 8.51 6.11 3/3424 11812
10.19 8.51 6.11 2/3422 11831
10.09 8.52 6.12 7/3417 11851
10.09 8.52 6.12 4/3417 11870
10.09 8.52 6.12 4/3417 11889
10.09 8.52 6.12 5/3416 11908
10.09 8.52 6.12 3/3410 11927
9.93 8.51 6.13 5/3402 11946
9.93 8.51 6.13 4/3402 11965
9.93 8.51 6.13 3/3401 11984
9.93 8.51 6.13 3/3401 12003
9.93 8.51 6.13 6/3396 12026
9.93 8.51 6.13 3/3389 12049
9.85 8.52 6.15 4/3389 12068
9.85 8.52 6.15 4/3389 12088
9.85 8.52 6.15 3/3389 12111
9.85 8.52 6.15 2/3366 12130
9.85 8.52 6.15 1/3366 12149
9.94 8.56 6.18 4/3366 12168
9.94 8.56 6.18 7/3366 12187
9.94 8.56 6.18 8/3366 12206
9.94 8.56 6.18 4/3364 12225
9.94 8.56 6.18 5/3364 12244
9.79 8.55 6.19 7/3364 12263
9.79 8.55 6.19 3/3364 12282
9.79 8.55 6.19 5/3362 12302
9.79 8.55 6.19 5/3362 12321
9.79 8.55 6.19 7/3362 12340
9.56 8.52 6.19 3/3362 12359
9.56 8.52 6.19 5/3361 12378
9.56 8.52 6.19 3/3359 12398
9.56 8.52 6.19 14/3359 12417
9.56 8.52 6.19 6/3359 12436
9.52 8.53 6.20 6/3359 12455
9.52 8.53 6.20 5/3359 12474
9.52 8.53 6.20 7/3359 12493
9.52 8.53 6.20 7/3359 12514
9.52 8.53 6.20 6/3359 12534
9.72 8.59 6.24 3/3359 12554
9.72 8.59 6.24 2/3359 12574
9.72 8.59 6.24 9/3359 12595
9.72 8.59 6.24 1/3359 12617
9.72 8.59 6.24 11/3359 12636
9.58 8.58 6.25 7/3359 12656
9.58 8.58 6.25 3/3359 12675
9.58 8.58 6.25 7/3359 12695
9.58 8.58 6.25 8/3359 12716
9.58 8.58 6.25 4/3359 12736
9.61 8.60 6.27 9/3359 12755
9.61 8.60 6.27 3/3359 12776
9.61 8.60 6.27 6/3359 12797
9.61 8.60 6.27 2/3359 12817
9.61 8.60 6.27 3/3359 12837
9.56 8.61 6.28 6/3359 12857
9.56 8.61 6.28 6/3359 12877
9.56 8.61 6.28 2/3359 12896
9.56 8.61 6.28 2/3359 12915
9.56 8.61 6.28 1/3359 12935
9.44 8.60 6.29 3/3359 12954
9.44 8.60 6.29 6/3359 12973
9.44 8.60 6.29 9/3359 12992
9.44 8.60 6.29 3/3359 13011
9.44 8.60 6.29 9/3360 13031
9.96 8.72 6.34 2/3360 13050
9.96 8.72 6.34 8/3360 13069
9.96 8.72 6.34 2/3360 13096
9.96 8.72 6.34 13/3379 13138
9.96 8.72 6.34 9/3382 13160
10.13 8.78 6.37 3/3376 13180
