7.88 8.37 7.25 3/2916 13170
7.88 8.37 7.25 12/2959 13263
7.88 8.37 7.25 43/2957 13305
7.89 8.36 7.25 29/3013 13412
7.89 8.36 7.25 7/3030 13481
7.89 8.36 7.25 5/3029 13516
7.89 8.36 7.25 4/3025 13543
7.89 8.36 7.25 4/3024 13571
7.82 8.34 7.25 4/3019 13599
7.82 8.34 7.25 8/3019 13626
7.82 8.34 7.25 3/3017 13657
7.82 8.34 7.25 2/3017 13685
7.82 8.34 7.25 5/3017 13712
8.00 8.37 7.27 6/3017 13744
8.00 8.37 7.27 3/3017 13779
8.00 8.37 7.27 5/3017 13807
8.00 8.37 7.27 1/3017 13834
8.00 8.37 7.27 3/3017 13861
8.40 8.44 7.30 3/3017 13888
8.40 8.44 7.30 5/3016 13915
8.40 8.44 7.30 4/3016 13942
8.40 8.44 7.30 2/3015 13969
8.40 8.44 7.30 8/3015 13996
8.29 8.42 7.30 4/3015 14023
8.29 8.42 7.30 7/3015 14051
8.29 8.42 7.30 6/3015 14078
8.29 8.42 7.30 4/3015 14105
8.29 8.42 7.30 1/3015 14132
8.18 8.39 7.30 3/3015 14159
8.18 8.39 7.30 9/3015 14186
8.18 8.39 7.30 2/3015 14213
8.18 8.39 7.30 3/3015 14240
8.18 8.39 7.30 3/3015 14267
8.09 8.37 7.29 2/3015 14294
8.09 8.37 7.29 4/3015 14321
8.09 8.37 7.29 3/3015 14348
8.09 8.37 7.29 3/3015 14376
8.09 8.37 7.29 3/3017 14408
8.08 8.36 7.30 14/3017 14435
8.08 8.36 7.30 8/3017 14462
8.08 8.36 7.30 2/3017 14489
8.08 8.36 7.30 7/3017 14516
8.08 8.36 7.30 13/3017 14543
7.91 8.33 7.29 3/3017 14573
7.91 8.33 7.29 6/3017 14600
7.91 8.33 7.29 3/3023 14636
7.91 8.33 7.29 1/3023 14665
7.91 8.33 7.29 1/3023 14693
7.92 8.32 7.29 6/3022 14720
7.92 8.32 7.29 3/3022 14747
7.92 8.32 7.29 4/3022 14774
7.92 8.32 7.29 3/3022 14801
7.92 8.32 7.29 1/2977 14829
7.93 8.31 7.30 2/2977 14857
7.93 8.31 7.30 1/2977 14884
7.93 8.31 7.30 5/2977 14911
7.93 8.31 7.30 3/2977 14941
7.93 8.31 7.30 5/2976 14973
8.09 8.34 7.31 1/2975 15009
8.09 8.34 7.31 8/2975 15036
8.09 8.34 7.31 6/2975 15063
8.09 8.34 7.31 4/2976 15104
8.09 8.34 7.31 3/2975 15132
8.17 8.35 7.32 7/2972 15159
8.17 8.35 7.32 7/2968 15186
8.17 8.35 7.32 19/2963 15213
8.17 8.35 7.32 4/2963 15240
8.17 8.35 7.32 5/2963 15267
8.07 8.33 7.32 9/2962 15294
8.07 8.33 7.32 4/2956 15322
8.07 8.33 7.32 5/2940 15350
8.07 8.33 7.32 3/2940 15377
8.07 8.33 7.32 4/2940 15404
7.83 8.27 7.31 8/2938 15431
7.83 8.27 7.31 4/2938 15458
7.83 8.27 7.31 2/2938 15485
7.83 8.27 7.31 8/2938 15512
7.83 8.27 7.31 8/2938 15539
7.92 8.29 7.32 4/2938 15566
7.92 8.29 7.32 2/2938 15593
7.92 8.29 7.32 8/2972 15655
7.92 8.29 7.32 16/2999 15709
7.92 8.29 7.32 12/3000 15737
7.93 8.28 7.32 8/3000 15764
7.93 8.28 7.32 4/3000 15791
7.93 8.28 7.32 1/3000 15818
7.93 8.28 7.32 3/2999 15845
7.93 8.28 7.32 5/2999 15872
7.93 8.28 7.32 3/2999 15899
7.93 8.28 7.32 1/2999 15928
7.93 8.28 7.32 6/2999 15960
7.93 8.28 7.32 12/2999 15989
7.93 8.28 7.32 6/2999 16019
7.86 8.26 7.32 4/2999 16046
7.86 8.26 7.32 7/2999 16073
7.86 8.26 7.32 5/2999 16100
7.86 8.26 7.32 3/2999 16127
7.86 8.26 7.32 2/2999 16154
7.71 8.22 7.31 5/2999 16181
7.71 8.22 7.31 6/2999 16216
7.71 8.22 7.31 6/2999 16243
7.71 8.22 7.31 3/2999 16270
7.71 8.22 7.31 3/2999 16297
7.65 8.20 7.31 1/2999 16325
7.65 8.20 7.31 2/2999 16352
7.65 8.20 7.31 1/2996 16380
7.65 8.20 7.31 4/2996 16407
7.65 8.20 7.31 4/2991 16435
7.76 8.21 7.32 4/2990 16463
7.76 8.21 7.32 3/2990 16492
7.76 8.21 7.32 7/2988 16519
7.76 8.21 7.32 4/2988 16546
7.76 8.21 7.32 7/2988 16573
7.78 8.21 7.33 15/2988 16600
7.78 8.21 7.33 5/2988 16628
7.78 8.21 7.33 1/2988 16655
7.78 8.21 7.33 4/2988 16682
7.78 8.21 7.33 1/2988 16709
7.96 8.24 7.34 9/2988 16744
7.96 8.24 7.34 1/2988 16771
7.96 8.24 7.34 3/2966 16798
7.96 8.24 7.34 8/2966 16825
7.96 8.24 7.34 3/2965 16852
7.96 8.23 7.34 9/2965 16879
7.96 8.23 7.34 7/2970 16913
7.96 8.23 7.34 7/2972 16943
7.96 8.23 7.34 4/2972 16970
7.96 8.23 7.34 4/2972 16997
7.88 8.21 7.34 10/2972 17024
7.88 8.21 7.34 3/2972 17051
7.88 8.21 7.34 3/2972 17078
7.88 8.21 7.34 5/2972 17105
7.88 8.21 7.34 8/2972 17132
7.65 8.16 7.33 4/2972 17159
7.65 8.16 7.33 8/2972 17186
7.65 8.16 7.33 3/2972 17213
7.65 8.16 7.33 12/2972 17240
7.65 8.16 7.33 4/2972 17268
7.60 8.14 7.33 1/2972 17295
7.60 8.14 7.33 2/2972 17322
7.60 8.14 7.33 20/2972 17349
7.60 8.14 7.33 7/2972 17376
7.60 8.14 7.33 7/2972 17403
7.63 8.14 7.33 5/2972 17430
7.63 8.14 7.33 1/2972 17457
7.63 8.14 7.33 6/2972 17484
7.63 8.14 7.33 2/2972 17511
7.63 8.14 7.33 4/2972 17538
7.82 8.17 7.35 9/2972 17566
7.82 8.17 7.35 5/2972 17593
7.82 8.17 7.35 3/2972 17620
7.82 8.17 7.35 12/2972 17647
7.82 8.17 7.35 8/2972 17674
7.84 8.16 7.35 7/2972 17701
7.84 8.16 7.35 8/2972 17728
7.84 8.16 7.35 5/2972 17755
7.84 8.16 7.35 5/2972 17782
7.84 8.16 7.35 2/2972 17809
7.61 8.11 7.34 3/2972 17836
7.61 8.11 7.34 6/2972 17864
7.61 8.11 7.34 5/2972 17892
7.61 8.11 7.34 6/2972 17919
7.61 8.11 7.34 3/2972 17946
7.56 8.09 7.34 8/2972 17973
7.56 8.09 7.34 6/2972 18000
7.56 8.09 7.34 6/2972 18027
7.56 8.09 7.34 9/2972 18054
7.56 8.09 7.34 3/2972 18081
7.60 8.09 7.34 6/2972 18108
7.60 8.09 7.34 2/2972 18135
7.60 8.09 7.34 8/2972 18163
7.60 8.09 7.34 5/2972 18190
7.60 8.09 7.34 3/2972 18217
7.55 8.07 7.34 6/2972 18244
7.55 8.07 7.34 7/2972 18271
7.55 8.07 7.34 4/2972 18298
7.55 8.07 7.34 3/2972 18325
7.55 8.07 7.34 9/2972 18352
7.58 8.07 7.34 13/2972 18387
7.58 8.07 7.34 5/2972 18414
7.58 8.07 7.34 6/2972 18441
7.58 8.07 7.34 8/2972 18469
7.58 8.07 7.34 4/2972 18496
7.54 8.05 7.34 8/2972 18523
7.54 8.05 7.34 2/2969 18550
7.54 8.05 7.34 5/2967 18577
7.54 8.05 7.34 2/2967 18604
7.54 8.05 7.34 1/2967 18631
7.66 8.07 7.35 3/2967 18658
7.66 8.07 7.35 2/2965 18685
7.66 8.07 7.35 8/2965 18712
7.66 8.07 7.35 9/2965 18739
7.66 8.07 7.35 9/2965 18766
7.44 8.02 7.34 3/2965 18794
7.44 8.02 7.34 10/2966 18822
7.44 8.02 7.34 4/2966 18849
7.44 8.02 7.34 5/2966 18876
7.44 8.02 7.34 2/2966 18903
7.41 8.00 7.33 3/2966 18930
7.41 8.00 7.33 3/2966 18957
7.41 8.00 7.33 10/2966 18984
7.41 8.00 7.33 3/2974 19021
7.41 8.00 7.33 6/2974 19048
7.61 8.03 7.35 2/2974 19075
7.61 8.03 7.35 3/2974 19103
7.61 8.03 7.35 6/2974 19130
7.61 8.03 7.35 10/2974 19157
7.61 8.03 7.35 6/2974 19184
7.57 8.02 7.35 4/2974 19211
7.57 8.02 7.35 4/2974 19238
7.57 8.02 7.35 12/2974 19266
7.57 8.02 7.35 11/2974 19293
7.57 8.02 7.35 4/2974 19320
7.52 8.00 7.35 5/2973 19347
7.52 8.00 7.35 3/2973 19374
7.52 8.00 7.35 3/2973 19402
7.52 8.00 7.35 4/2973 19431
7.52 8.00 7.35 3/2973 19458
7.40 7.97 7.34 7/2973 19485
7.40 7.97 7.34 10/2973 19512
7.40 7.97 7.34 6/2973 19539
7.40 7.97 7.34 3/2973 19566
7.40 7.97 7.34 13/2973 19593
8.65 8.22 7.42 5/3078 19728
8.65 8.22 7.42 10/3076 19756
8.65 8.22 7.42 9/3076 19783
8.65 8.22 7.42 1/3076 19811
8.65 8.22 7.42 13/3076 19839
8.92 8.28 7.45 3/3075 19866
8.92 8.28 7.45 9/3075 19893
8.92 8.28 7.45 5/3075 19920
8.92 8.28 7.45 6/3075 19947
8.92 8.28 7.45 2/3075 19974
8.92 8.29 7.46 4/3075 20001
8.92 8.29 7.46 2/3075 20028
8.92 8.29 7.46 3/3075 20055
8.92 8.29 7.46 5/3077 20085
8.92 8.29 7.46 4/3076 20113
8.85 8.29 7.46 5/3076 20148
8.85 8.29 7.46 2/3072 20175
8.85 8.29 7.46 4/3072 20202
8.85 8.29 7.46 4/3072 20229
8.85 8.29 7.46 6/3072 20256
8.78 8.28 7.46 9/3072 20283
8.78 8.28 7.46 2/3077 20317
8.78 8.28 7.46 2/3077 20344
8.78 8.28 7.46 7/3077 20371
8.78 8.28 7.46 2/3077 20398
8.72 8.28 7.46 1/3077 20426
8.72 8.28 7.46 7/3077 20453
8.72 8.28 7.46 7/3077 20480
8.72 8.28 7.46 1/3077 20507
8.72 8.28 7.46 5/3077 20534
8.66 8.27 7.47 7/3077 20561
8.66 8.27 7.47 2/3077 20588
8.66 8.27 7.47 8/3076 20616
8.66 8.27 7.47 3/3076 20643
8.66 8.27 7.47 8/3076 20670
8.61 8.27 7.47 8/3076 20697
8.61 8.27 7.47 7/3076 20725
8.61 8.27 7.47 4/3075 20752
8.61 8.27 7.47 7/3073 20779
8.61 8.27 7.47 8/3073 20806
8.56 8.26 7.47 2/3073 20833
8.56 8.26 7.47 4/3073 20860
8.56 8.26 7.47 4/3073 20887
8.56 8.26 7.47 4/3071 20914
8.56 8.26 7.47 5/3071 20941
9.15 8.39 7.52 5/3071 20968
9.15 8.39 7.52 4/3071 20995
9.15 8.39 7.52 12/3071 21023
9.15 8.39 7.52 5/3071 21050
9.15 8.39 7.52 2/3071 21077
8.98 8.37 7.52 4/3071 21104
8.98 8.37 7.52 7/3071 21131
8.98 8.37 7.52 6/3070 21158
8.98 8.37 7.52 8/3070 21185
8.98 8.37 7.52 7/3070 21212
8.74 8.33 7.51 2/3070 21239
8.74 8.33 7.51 9/3070 21266
8.74 8.33 7.51 8/3069 21293
8.74 8.33 7.51 2/3068 21322
8.74 8.33 7.51 7/3068 21349
8.68 8.32 7.51 3/3069 21377
8.68 8.32 7.51 6/3069 21404
8.68 8.32 7.51 4/3069 21431
8.68 8.32 7.51 13/3069 21458
8.68 8.32 7.51 8/3069 21485
9.03 8.40 7.54 4/3069 21512
9.03 8.40 7.54 5/3069 21539
9.03 8.40 7.54 3/3069 21566
9.03 8.40 7.54 6/3069 21593
9.03 8.40 7.54 1/3069 21621
9.03 8.40 7.54 7/3069 21648
8.95 8.39 7.54 5/3069 21675
8.95 8.39 7.54 1/3070 21703
8.95 8.39 7.54 1/3066 21730
8.95 8.39 7.54 1/3066 21757
8.95 8.39 7.54 8/3066 21793
8.95 8.40 7.55 3/3068 21822
8.95 8.40 7.55 3/3068 21849
8.95 8.40 7.55 5/3068 21876
8.95 8.40 7.55 7/3068 21903
8.95 8.40 7.55 5/3068 21931
8.79 8.38 7.55 7/3065 21958
8.79 8.38 7.55 5/3064 21985
8.79 8.38 7.55 3/3064 22012
8.79 8.38 7.55 6/3064 22039
8.79 8.38 7.55 4/3064 22066
8.73 8.37 7.55 6/3062 22093
8.73 8.37 7.55 15/3063 22122
8.73 8.37 7.55 3/3073 22163
8.73 8.37 7.55 13/3073 22191
8.59 8.35 7.55 14/3074 22219
8.59 8.35 7.55 7/3074 22246
8.59 8.35 7.55 5/3074 22274
8.59 8.35 7.55 5/3069 22301
8.59 8.35 7.55 3/3069 22328
8.54 8.35 7.55 5/3069 22355
8.54 8.35 7.55 4/3069 22382
8.54 8.35 7.55 4/3069 22409
8.54 8.35 7.55 5/3069 22436
8.54 8.35 7.55 4/3069 22463
8.54 8.35 7.55 4/3069 22490
8.42 8.32 7.55 2/3069 22517
8.42 8.32 7.55 3/3068 22544
8.42 8.32 7.55 3/3068 22572
8.42 8.32 7.55 2/3068 22599
8.42 8.32 7.55 9/3068 22626
8.47 8.33 7.55 6/3068 22653
8.47 8.33 7.55 7/3068 22680
8.47 8.33 7.55 3/3068 22707
8.47 8.33 7.55 1/3068 22734
8.47 8.33 7.55 6/3068 22761
8.51 8.35 7.56 3/3068 22805
8.51 8.35 7.56 4/3068 22833
8.51 8.35 7.56 3/3068 22860
8.51 8.35 7.56 8/3068 22887
8.51 8.35 7.56 4/3068 22915
8.47 8.34 7.56 3/3068 22942
8.47 8.34 7.56 9/3068 22969
8.47 8.34 7.56 7/3068 22996
8.47 8.34 7.56 5/3068 23023
8.47 8.34 7.56 10/3032 23050
8.35 8.32 7.56 4/3027 23077
8.35 8.32 7.56 8/3027 23104
8.35 8.32 7.56 3/3027 23131
8.35 8.32 7.56 2/3027 23158
8.35 8.32 7.56 7/3027 23186
8.40 8.33 7.57 9/3027 23213
8.40 8.33 7.57 12/3027 23240
8.40 8.33 7.57 4/3027 23267
8.40 8.33 7.57 4/3028 23295
8.40 8.33 7.57 7/3028 23322
8.37 8.32 7.57 11/3028 23349
8.37 8.32 7.57 18/3028 23376
8.37 8.32 7.57 10/3027 23403
8.37 8.32 7.57 2/3026 23430
8.37 8.32 7.57 6/3025 23469
8.58 8.37 7.59 5/3025 23496
8.58 8.37 7.59 10/3025 23524
8.58 8.37 7.59 2/3025 23551
8.58 8.37 7.59 4/3023 23578
8.58 8.37 7.59 1/3023 23605
8.62 8.38 7.60 4/3028 23639
8.62 8.38 7.60 2/3026 23666
8.62 8.38 7.60 3/3026 23693
8.62 8.38 7.60 5/3026 23720
8.62 8.38 7.60 2/3026 23747
8.57 8.37 7.60 4/3027 23775
8.57 8.37 7.60 5/3027 23802
8.57 8.37 7.60 2/3025 23830
8.57 8.37 7.60 12/3024 23857
8.57 8.37 7.60 5/3024 23884
8.60 8.38 7.61 9/3024 23911
8.60 8.38 7.61 5/3024 23938
8.60 8.38 7.61 1/3024 23965
8.60 8.38 7.61 5/3022 23992
8.60 8.38 7.61 1/3022 24019
8.63 8.39 7.62 3/3022 24046
8.63 8.39 7.62 9/3022 24073
8.63 8.39 7.62 5/3022 24100
8.63 8.39 7.62 7/3022 24128
8.63 8.39 7.62 4/3022 24155
8.58 8.39 7.62 9/3022 24182
8.58 8.39 7.62 14/3022 24209
8.58 8.39 7.62 5/3022 24236
8.58 8.39 7.62 4/3022 24263
8.58 8.39 7.62 1/3022 24290
8.70 8.41 7.63 3/3022 24317
8.70 8.41 7.63 9/3022 24344
8.70 8.41 7.63 7/3022 24371
8.70 8.41 7.63 4/3022 24398
8.70 8.41 7.63 4/3022 24426
8.64 8.41 7.63 2/3022 24453
8.64 8.41 7.63 2/3022 24480
8.64 8.41 7.63 3/3022 24507
8.64 8.41 7.63 5/3022 24534
8.64 8.41 7.63 1/3022 24561
8.51 8.38 7.63 3/3022 24588
8.51 8.38 7.63 3/3022 24616
8.51 8.38 7.63 10/3022 24643
8.51 8.38 7.63 4/3022 24670
8.51 8.38 7.63 5/3022 24700
8.87 8.46 7.66 4/3022 24727
8.87 8.46 7.66 12/3021 24755
8.87 8.46 7.66 10/3021 24782
8.87 8.46 7.66 3/3021 24809
8.87 8.46 7.66 8/3022 24837
8.80 8.45 7.66 4/3022 24864
8.80 8.45 7.66 5/3022 24891
8.80 8.45 7.66 4/3022 24918
8.80 8.45 7.66 8/3022 24945
8.80 8.45 7.66 15/3022 24972
8.73 8.44 7.66 9/3022 24999
8.73 8.44 7.66 6/3022 25027
8.73 8.44 7.66 8/3022 25054
8.73 8.44 7.66 3/3022 25081
8.73 8.44 7.66 5/3022 25116
8.60 8.42 7.66 4/3022 25143
8.60 8.42 7.66 1/3022 25170
8.60 8.42 7.66 7/3022 25197
8.60 8.42 7.66 3/3022 25224
8.60 8.42 7.66 4/3022 25251
8.71 8.45 7.67 1/3019 25278
8.71 8.45 7.67 9/3019 25305
8.71 8.45 7.67 3/3019 25333
8.71 8.45 7.67 4/3019 25360
8.71 8.45 7.67 7/3019 25387
8.89 8.49 7.69 9/3017 25414
8.89 8.49 7.69 8/3017 25441
8.89 8.49 7.69 4/3017 25468
8.89 8.49 7.69 4/3017 25495
8.89 8.49 7.69 1/3017 25522
8.74 8.46 7.69 2/3017 25549
8.74 8.46 7.69 4/3017 25576
8.74 8.46 7.69 4/3018 25604
8.74 8.46 7.69 6/3018 25631
8.74 8.46 7.69 8/3018 25659
8.68 8.46 7.69 5/3018 25686
8.68 8.46 7.69 6/3017 25713
8.68 8.46 7.69 6/3017 25740
8.68 8.46 7.69 3/3017 25767
8.68 8.46 7.69 7/3017 25794
8.63 8.45 7.69 8/3017 25821
8.63 8.45 7.69 6/3017 25848
8.63 8.45 7.69 5/3017 25875
8.63 8.45 7.69 2/3017 25902
8.63 8.45 7.69 5/3017 25929
8.66 8.46 7.70 6/3017 25957
8.66 8.46 7.70 9/3017 25984
8.66 8.46 7.70 5/3017 26011
8.66 8.46 7.70 8/3017 26038
8.66 8.46 7.70 4/3017 26065
8.76 8.48 7.71 9/3017 26092
8.76 8.48 7.71 5/3017 26119
8.76 8.48 7.71 11/3017 26146
8.76 8.48 7.71 1/3017 26173
8.76 8.48 7.71 1/3017 26200
8.62 8.46 7.71 5/3017 26227
8.62 8.46 7.71 5/3017 26255
8.62 8.46 7.71 3/3017 26283
8.62 8.46 7.71 4/3018 26311
8.62 8.46 7.71 4/3018 26338
8.41 8.42 7.70 1/3018 26366
8.41 8.42 7.70 4/3018 26393
8.41 8.42 7.70 1/3018 26420
8.41 8.42 7.70 6/3017 26447
8.41 8.42 7.70 9/3017 26474
8.38 8.41 7.70 8/3017 26501
8.38 8.41 7.70 5/3017 26528
8.38 8.41 7.70 1/3017 26556
8.38 8.41 7.70 14/3017 26583
8.38 8.41 7.70 4/3017 26610
8.19 8.37 7.69 5/3017 26637
8.19 8.37 7.69 1/3017 26664
8.19 8.37 7.69 2/3017 26691
8.19 8.37 7.69 15/3017 26718
8.19 8.37 7.69 3/3017 26753
8.17 8.36 7.69 10/3017 26780
8.17 8.36 7.69 5/3017 26807
8.17 8.36 7.69 5/3017 26834
8.17 8.36 7.69 8/3017 26862
8.17 8.36 7.69 3/3017 26889
8.24 8.37 7.70 2/3022 26923
8.24 8.37 7.70 6/3022 26950
8.24 8.37 7.70 5/3022 26977
8.24 8.37 7.70 3/3022 27004
8.24 8.37 7.70 1/3022 27031
8.14 8.35 7.70 1/3022 27058
8.14 8.35 7.70 2/3022 27085
8.14 8.35 7.70 4/3022 27112
8.14 8.35 7.70 1/3022 27139
8.14 8.35 7.70 13/3022 27167
8.13 8.35 7.70 2/3022 27194
8.13 8.35 7.70 7/3020 27221
8.13 8.35 7.70 1/3020 27248
8.13 8.35 7.70 5/3020 27275
8.13 8.35 7.70 4/3021 27303
8.12 8.34 7.70 2/3021 27330
8.12 8.34 7.70 13/3021 27357
8.12 8.34 7.70 5/3021 27384
8.12 8.34 7.70 5/3021 27411
8.12 8.34 7.70 5/3021 27438
8.03 8.32 7.70 6/3021 27465
8.03 8.32 7.70 3/3020 27493
8.03 8.32 7.70 4/3020 27520
8.03 8.32 7.70 4/3020 27547
8.03 8.32 7.70 4/3020 27574
8.75 8.46 7.75 7/3021 27602
8.75 8.46 7.75 5/3021 27629
8.75 8.46 7.75 5/3021 27656
8.75 8.46 7.75 3/3021 27683
8.75 8.46 7.75 8/3021 27710
8.93 8.50 7.76 6/3021 27737
8.93 8.50 7.76 2/3021 27764
8.93 8.50 7.76 4/3021 27792
8.93 8.50 7.76 3/3021 27819
8.93 8.50 7.76 5/3021 27846
8.61 8.45 7.75 16/3021 27873
8.61 8.45 7.75 9/3021 27900
8.61 8.45 7.75 2/3021 27927
8.61 8.45 7.75 2/3021 27954
8.61 8.45 7.75 3/3021 27981
8.32 8.39 7.73 4/3021 28008
8.32 8.39 7.73 9/3021 28035
8.32 8.39 7.73 3/2869 28062
8.32 8.39 7.73 4/2868 28090
8.32 8.39 7.73 2/2869 28118
8.06 8.33 7.72 7/2869 28145
8.06 8.33 7.72 4/2868 28172
8.06 8.33 7.72 3/2868 28199
8.06 8.33 7.72 4/2868 28226
8.06 8.33 7.72 3/2868 28253
8.13 8.34 7.73 3/2868 28280
8.13 8.34 7.73 6/2868 28307
8.13 8.34 7.73 6/2868 28334
8.13 8.34 7.73 7/2867 28361
8.13 8.34 7.73 4/2867 28397
8.36 8.39 7.74 3/2867 28424
8.36 8.39 7.74 3/2867 28451
8.36 8.39 7.74 1/2867 28478
8.36 8.39 7.74 3/2867 28505
8.36 8.39 7.74 5/2867 28532
8.25 8.36 7.74 5/2864 28559
8.25 8.36 7.74 3/2866 28589
8.25 8.36 7.74 9/2866 28616
8.25 8.36 7.74 7/2866 28643
8.25 8.36 7.74 4/2866 28670
8.15 8.34 7.73 3/2864 28698
8.15 8.34 7.73 10/2864 28725
8.15 8.34 7.73 1/2864 28752
8.15 8.34 7.73 5/2864 28779
8.15 8.34 7.73 2/2864 28806
7.98 8.30 7.72 12/2864 28833
7.98 8.30 7.72 2/2864 28860
7.98 8.30 7.72 7/2864 28887
7.98 8.30 7.72 6/2865 28916
7.98 8.30 7.72 5/2865 28943
7.82 8.26 7.72 5/2865 28970
7.82 8.26 7.72 6/2865 28998
7.82 8.26 7.72 9/2863 29025
7.82 8.26 7.72 5/2863 29052
7.82 8.26 7.72 3/2863 29079
7.84 8.26 7.72 7/2863 29106
7.84 8.26 7.72 6/2863 29133
7.84 8.26 7.72 5/2863 29160
7.84 8.26 7.72 3/2863 29187
7.84 8.26 7.72 2/2863 29214
7.77 8.24 7.71 8/2863 29241
7.77 8.24 7.71 1/2863 29268
7.77 8.24 7.71 1/2863 29296
7.77 8.24 7.71 1/2863 29323
7.77 8.24 7.71 1/2863 29350
7.63 8.20 7.70 14/2863 29377
7.63 8.20 7.70 1/2863 29404
7.63 8.20 7.70 13/2863 29431
7.63 8.20 7.70 2/2863 29458
7.63 8.20 7.70 2/2863 29485
7.50 8.16 7.70 3/2863 29512
7.50 8.16 7.70 8/2863 29539
7.50 8.16 7.70 4/2863 29566
7.50 8.16 7.70 10/2863 29594
7.50 8.16 7.70 8/2863 29625
7.30 8.11 7.68 5/2863 29652
7.30 8.11 7.68 3/2863 29679
7.30 8.11 7.68 3/2863 29706
7.30 8.11 7.68 2/2863 29733
7.30 8.11 7.68 2/2863 29760
7.35 8.11 7.68 5/2863 29787
7.35 8.11 7.68 5/2863 29814
7.35 8.11 7.68 7/2863 29841
7.35 8.11 7.68 4/2863 29868
7.35 8.11 7.68 4/2863 29896
7.40 8.11 7.68 5/2863 29923
7.40 8.11 7.68 7/2863 29950
7.40 8.11 7.68 5/2863 29977
7.40 8.11 7.68 5/2863 30004
7.40 8.11 7.68 4/2862 30039
7.37 8.09 7.68 5/2861 30066
7.37 8.09 7.68 1/2861 30093
7.37 8.09 7.68 1/2861 30120
7.37 8.09 7.68 1/2861 30147
7.37 8.09 7.68 4/2861 30174
7.18 8.04 7.67 6/2866 30209
7.18 8.04 7.67 4/2868 30238
7.18 8.04 7.67 3/2868 30265
7.18 8.04 7.67 6/2868 30292
7.18 8.04 7.67 3/2868 30319
7.09 8.00 7.66 11/2868 30346
7.09 8.00 7.66 1/2868 30373
7.09 8.00 7.66 2/2868 30401
7.09 8.00 7.66 5/2868 30428
7.09 8.00 7.66 10/2868 30455
7.48 8.07 7.68 3/2868 30483
7.48 8.07 7.68 11/2868 30511
7.48 8.07 7.68 2/2868 30538
7.48 8.07 7.68 15/2868 30565
7.48 8.07 7.68 6/2815 30592
7.44 8.05 7.68 3/2815 30620
7.44 8.05 7.68 5/2815 30647
7.44 8.05 7.68 7/2815 30674
7.44 8.05 7.68 6/2815 30701
7.44 8.05 7.68 5/2815 30728
7.57 8.07 7.68 10/2815 30755
7.57 8.07 7.68 5/2815 30782
7.57 8.07 7.68 5/2815 30809
7.57 8.07 7.68 4/2815 30837
7.57 8.07 7.68 3/2815 30864
7.76 8.10 7.70 9/2815 30891
7.76 8.10 7.70 10/2815 30918
7.76 8.10 7.70 12/2815 30945
7.76 8.10 7.70 5/2815 30972
7.76 8.10 7.70 11/2815 30999
7.62 8.06 7.69 4/2815 31026
7.62 8.06 7.69 5/2815 31053
7.62 8.06 7.69 5/2815 31080
7.62 8.06 7.69 5/2815 31108
7.62 8.06 7.69 8/2815 31135
7.41 8.01 7.67 10/2815 31162
7.41 8.01 7.67 8/2815 31189
7.41 8.01 7.67 8/2815 31216
7.41 8.01 7.67 6/2815 31243
7.41 8.01 7.67 2/2815 31270
7.30 7.98 7.66 7/2815 31297
7.30 7.98 7.66 3/2821 31332
7.30 7.98 7.66 4/2821 31359
7.30 7.98 7.66 3/2821 31386
7.30 7.98 7.66 3/2821 31413
7.27 7.96 7.66 8/2821 31441
7.27 7.96 7.66 3/2823 31470
7.27 7.96 7.66 3/2823 31497
7.27 7.96 7.66 7/2823 31524
7.27 7.96 7.66 3/2823 31551
7.65 8.03 7.68 5/2823 31578
7.65 8.03 7.68 2/2823 31605
7.65 8.03 7.68 2/2823 31632
7.65 8.03 7.68 14/2848 31686
7.65 8.03 7.68 10/2851 31725
7.76 8.05 7.69 4/2851 31752
7.76 8.05 7.69 5/2851 31780
7.76 8.05 7.69 1/2851 31807
7.76 8.05 7.69 3/2851 31834
7.76 8.05 7.69 4/2851 31861
7.62 8.01 7.68 4/2848 31888
7.62 8.01 7.68 3/2848 31915
7.62 8.01 7.68 3/2848 31942
7.62 8.01 7.68 9/2848 31969
7.62 8.01 7.68 1/2848 31996
7.41 7.96 7.67 4/2844 32023
7.41 7.96 7.67 9/2844 32050
7.41 7.96 7.67 6/2844 32078
7.41 7.96 7.67 7/2845 32107
7.41 7.96 7.67 8/2845 32134
7.38 7.95 7.66 5/2845 32162
7.38 7.95 7.66 11/2845 32189
7.38 7.95 7.66 6/2845 32216
7.38 7.95 7.66 3/2845 32243
7.38 7.95 7.66 8/2845 32270
7.35 7.93 7.66 3/2845 32297
7.35 7.93 7.66 4/2845 32324
7.35 7.93 7.66 4/2845 32351
7.35 7.93 7.66 4/2845 32379
7.35 7.93 7.66 2/2845 32406
7.32 7.91 7.65 13/2845 32433
7.32 7.91 7.65 4/2845 32460
7.32 7.91 7.65 10/2845 32487
7.32 7.91 7.65 4/2845 32514
7.32 7.91 7.65 6/2845 32541
7.45 7.93 7.66 5/2845 32568
7.45 7.93 7.66 5/2845 32595
7.45 7.93 7.66 3/2845 32623
7.45 7.93 7.66 2/2845 32650
7.45 7.93 7.66 5/2845 32678
7.58 7.95 7.67 2/2845 32705
7.58 7.95 7.67 6/2845 32732
7.58 7.95 7.67 8/2845 32759
7.58 7.95 7.67 6/2845 339
7.58 7.95 7.67 6/2845 519
7.37 7.90 7.65 2/2845 603
7.37 7.90 7.65 4/2845 652
7.37 7.90 7.65 6/2845 681
7.37 7.90 7.65 4/2845 713
7.37 7.90 7.65 3/2845 746
7.74 7.97 7.68 5/2845 844
7.74 7.97 7.68 6/2844 960
7.74 7.97 7.68 6/2843 1018
7.74 7.97 7.68 3/2843 1077
7.74 7.97 7.68 7/2843 1133
7.68 7.95 7.67 6/2843 1211
7.68 7.95 7.67 1/2841 1311
7.68 7.95 7.67 1/2841 1377
7.68 7.95 7.67 5/2841 1416
7.68 7.95 7.67 12/2841 1464
7.63 7.94 7.67 6/2841 1495
7.63 7.94 7.67 6/2841 1528
7.63 7.94 7.67 6/2841 1579
7.63 7.94 7.67 7/2836 1663
7.63 7.94 7.67 5/2834 1748
7.66 7.94 7.67 4/2834 1806
7.66 7.94 7.67 4/2834 1872
7.66 7.94 7.67 7/2833 1915
7.66 7.94 7.67 5/2823 1950
7.66 7.94 7.67 4/2821 1994
7.44 7.89 7.66 4/2822 2060
7.44 7.89 7.66 3/2826 2128
7.44 7.89 7.66 12/2826 2209
7.44 7.89 7.66 7/2826 2258
7.44 7.89 7.66 6/2825 2298
7.33 7.86 7.65 8/2825 2362
7.33 7.86 7.65 2/2825 2405
7.33 7.86 7.65 11/2825 2450
7.33 7.86 7.65 5/2825 2483
7.33 7.86 7.65 5/2825 2515
7.54 7.89 7.66 9/2825 2564
7.54 7.89 7.66 2/2825 2604
7.54 7.89 7.66 1/2826 2657
7.54 7.89 7.66 2/2826 2760
7.54 7.89 7.66 16/2826 2855
7.58 7.89 7.66 2/2826 2911
7.58 7.89 7.66 4/2826 2944
7.58 7.89 7.66 4/2826 2981
7.58 7.89 7.66 4/2826 3073
7.58 7.89 7.66 5/2826 3169
7.45 7.86 7.65 6/2826 3208
7.45 7.86 7.65 1/2826 3243
7.45 7.86 7.65 7/2826 3299
7.45 7.86 7.65 5/2826 3356
7.45 7.86 7.65 7/2826 3411
7.58 7.88 7.66 1/2826 3468
7.58 7.88 7.66 10/2826 3510
7.58 7.88 7.66 9/2827 3555
7.58 7.88 7.66 4/2827 3612
7.58 7.88 7.66 1/2827 3702
7.45 7.85 7.65 5/2827 3782
7.45 7.85 7.65 3/2827 3859
7.45 7.85 7.65 4/2827 3892
7.45 7.85 7.65 3/2827 3937
7.45 7.85 7.65 4/2827 3989
7.25 7.80 7.64 6/2827 4050
7.25 7.80 7.64 6/2827 4101
7.25 7.80 7.64 5/2827 4141
7.25 7.80 7.64 4/2827 4181
7.25 7.80 7.64 7/2827 4236
7.55 7.86 7.65 4/2827 4268
7.55 7.86 7.65 4/2827 4300
7.55 7.86 7.65 1/2827 4334
7.55 7.86 7.65 6/2827 4384
7.55 7.86 7.65 2/2827 4417
7.43 7.83 7.65 2/2827 4454
7.43 7.83 7.65 7/2827 4483
7.43 7.83 7.65 1/2827 4511
7.43 7.83 7.65 3/2827 4539
7.43 7.83 7.65 20/2827 4568
7.64 7.86 7.66 6/2827 4596
7.64 7.86 7.66 3/2827 4626
7.64 7.86 7.66 6/2827 4656
7.64 7.86 7.66 2/2827 4709
7.64 7.86 7.66 4/2827 4744
7.67 7.86 7.66 10/2827 4774
7.67 7.86 7.66 7/2827 4803
7.67 7.86 7.66 2/2827 4831
7.67 7.86 7.66 7/2827 4858
7.67 7.86 7.66 3/2827 4885
7.45 7.82 7.65 2/2825 4912
7.45 7.82 7.65 8/2824 4939
7.45 7.82 7.65 3/2824 4966
7.45 7.82 7.65 3/2824 4994
7.45 7.82 7.65 8/2824 5033
7.50 7.82 7.65 7/2824 5065
7.50 7.82 7.65 4/2822 5098
7.50 7.82 7.65 12/2822 5125
7.50 7.82 7.65 3/2822 5159
7.50 7.82 7.65 4/2822 5190
7.38 7.79 7.64 2/2822 5217
7.38 7.79 7.64 9/2822 5249
7.38 7.79 7.64 6/2822 5278
7.38 7.79 7.64 9/2822 5307
7.38 7.79 7.64 3/2822 5340
7.27 7.76 7.63 7/2822 5372
7.27 7.76 7.63 3/2822 5399
7.27 7.76 7.63 4/2822 5428
7.27 7.76 7.63 3/2822 5479
7.27 7.76 7.63 4/2822 5507
7.24 7.75 7.63 5/2822 5534
7.24 7.75 7.63 7/2822 5561
7.24 7.75 7.63 3/2822 5589
7.24 7.75 7.63 3/2822 5617
7.24 7.75 7.63 4/2822 5645
7.24 7.75 7.63 4/2821 5672
7.54 7.80 7.64 4/2821 5700
7.54 7.80 7.64 6/2821 5728
7.54 7.80 7.64 2/2821 5756
7.54 7.80 7.64 4/2821 5783
7.54 7.80 7.64 5/2821 5817
7.50 7.79 7.64 4/2821 5850
7.50 7.79 7.64 5/2821 5877
7.50 7.79 7.64 4/2821 5907
7.50 7.79 7.64 4/2821 5934
7.50 7.79 7.64 7/2821 5963
7.38 7.76 7.63 7/2821 5990
7.38 7.76 7.63 6/2821 6017
7.38 7.76 7.63 2/2821 6044
7.38 7.76 7.63 4/2821 6071
7.38 7.76 7.63 2/2821 6098
8.07 7.89 7.68 8/2821 6125
8.07 7.89 7.68 4/2821 6153
8.07 7.89 7.68 4/2821 6184
8.07 7.89 7.68 5/2820 6213
8.07 7.89 7.68 4/2820 6240
8.15 7.91 7.68 3/2820 6267
8.15 7.91 7.68 5/2820 6295
8.15 7.91 7.68 4/2821 6323
8.15 7.91 7.68 4/2821 6351
8.15 7.91 7.68 4/2821 6383
8.21 7.93 7.69 8/2821 6410
8.21 7.93 7.69 3/2821 6439
8.21 7.93 7.69 3/2821 6471
8.21 7.93 7.69 3/2821 6506
8.21 7.93 7.69 3/2821 6541
8.20 7.93 7.69 4/2821 6572
8.20 7.93 7.69 2/2821 6600
8.20 7.93 7.69 4/2821 6627
8.20 7.93 7.69 4/2821 6654
8.20 7.93 7.69 5/2821 6682
7.94 7.88 7.68 11/2826 6718
7.94 7.88 7.68 5/2826 6745
7.94 7.88 7.68 5/2826 6779
7.94 7.88 7.68 6/2826 6828
7.94 7.88 7.68 5/2825 6873
7.70 7.84 7.66 4/2825 6904
7.70 7.84 7.66 5/2825 6931
7.70 7.84 7.66 6/2825 6958
7.70 7.84 7.66 8/2825 6985
7.70 7.84 7.66 2/2825 7012
7.73 7.84 7.67 7/2825 7039
7.73 7.84 7.67 5/2825 7066
7.73 7.84 7.67 4/2824 7093
7.73 7.84 7.67 1/2825 7121
7.73 7.84 7.67 14/2825 7149
7.75 7.84 7.67 7/2825 7176
7.75 7.84 7.67 1/2825 7203
7.75 7.84 7.67 5/2826 7231
7.75 7.84 7.67 6/2826 7262
7.75 7.84 7.67 6/2826 7289
7.77 7.84 7.67 1/2826 7316
7.77 7.84 7.67 9/2826 7343
7.77 7.84 7.67 13/2826 7370
7.77 7.84 7.67 6/2826 7397
7.77 7.84 7.67 1/2826 7424
8.03 7.90 7.69 10/2826 7452
8.03 7.90 7.69 4/2826 7479
8.03 7.90 7.69 2/2826 7506
8.03 7.90 7.69 5/2826 7533
8.03 7.90 7.69 5/2826 7560
7.95 7.88 7.68 4/2826 7587
7.95 7.88 7.68 3/2826 7614
7.95 7.88 7.68 3/2826 7641
7.95 7.88 7.68 10/2826 7668
7.95 7.88 7.68 21/2826 7695
7.79 7.85 7.67 4/2826 7722
7.79 7.85 7.67 10/2826 7750
7.79 7.85 7.67 5/2826 7777
7.79 7.85 7.67 2/2826 7804
7.79 7.85 7.67 4/2826 7831
8.13 7.92 7.70 4/2826 7858
8.13 7.92 7.70 4/2826 7885
8.13 7.92 7.70 3/2826 7912
8.13 7.92 7.70 3/2826 7939
8.13 7.92 7.70 2/2826 7966
8.12 7.92 7.70 13/2826 7993
8.12 7.92 7.70 3/2826 8020
8.12 7.92 7.70 1/2826 8048
8.12 7.92 7.70 4/2826 8075
8.12 7.92 7.70 2/2826 8102
8.43 7.99 7.72 4/2826 8129
8.43 7.99 7.72 4/2826 8156
8.43 7.99 7.72 7/2826 8183
8.43 7.99 7.72 2/2826 8218
8.43 7.99 7.72 1/2826 8245
8.63 8.04 7.74 5/2826 8272
8.63 8.04 7.74 5/2826 8299
8.63 8.04 7.74 6/2826 8326
8.63 8.04 7.74 8/2826 8354
8.63 8.04 7.74 1/2826 8381
8.74 8.07 7.75 2/2823 8408
8.74 8.07 7.75 8/2823 8435
8.74 8.07 7.75 5/2823 8462
8.74 8.07 7.75 4/2823 8489
8.74 8.07 7.75 11/2823 8516
8.44 8.02 7.74 2/2821 8543
8.44 8.02 7.74 4/2821 8570
8.44 8.02 7.74 7/2821 8597
8.44 8.02 7.74 4/2821 8624
8.44 8.02 7.74 3/2821 8652
8.41 8.02 7.74 7/2821 8679
8.41 8.02 7.74 5/2821 8706
8.41 8.02 7.74 7/2821 8733
8.41 8.02 7.74 3/2821 8760
8.41 8.02 7.74 7/2821 8787
8.38 8.02 7.74 5/2821 8814
8.38 8.02 7.74 7/2821 8842
8.38 8.02 7.74 12/2821 8869
8.38 8.02 7.74 3/2821 8896
8.38 8.02 7.74 3/2821 8924
8.27 8.00 7.74 5/2821 8951
8.27 8.00 7.74 5/2821 8978
8.27 8.00 7.74 11/2821 9005
8.27 8.00 7.74 2/2821 9032
8.27 8.00 7.74 7/2821 9059
8.16 7.99 7.73 6/2819 9086
8.16 7.99 7.73 3/2819 9113
8.16 7.99 7.73 4/2819 9140
8.16 7.99 7.73 4/2819 9167
8.16 7.99 7.73 6/2819 9194
8.15 7.99 7.73 4/2819 9222
8.15 7.99 7.73 6/2819 9249
8.15 7.99 7.73 3/2819 9276
8.15 7.99 7.73 9/2819 9303
8.15 7.99 7.73 5/2819 9330
8.14 7.99 7.74 7/2819 9357
8.14 7.99 7.74 7/2819 9384
8.14 7.99 7.74 2/2819 9411
8.14 7.99 7.74 3/2819 9441
8.14 7.99 7.74 1/2819 9468
8.77 8.12 7.78 3/2819 9495
8.77 8.12 7.78 5/2819 9522
8.77 8.12 7.78 6/2819 9550
8.77 8.12 7.78 1/2819 9577
8.77 8.12 7.78 4/2819 9604
8.79 8.14 7.79 3/2819 9631
8.79 8.14 7.79 10/2816 9658
8.79 8.14 7.79 2/2816 9685
8.79 8.14 7.79 6/2816 9712
8.79 8.14 7.79 4/2816 9739
8.80 8.15 7.79 5/2816 9766
8.80 8.15 7.79 4/2816 9793
8.80 8.15 7.79 10/2817 9821
8.80 8.15 7.79 7/2817 9857
8.80 8.15 7.79 7/2817 9884
8.82 8.16 7.80 4/2817 9911
