11.57 9.65 5.34 3/3045 13339
11.57 9.65 5.34 2/3046 13367
11.57 9.65 5.34 3/3042 13394
11.61 9.69 5.37 4/3046 13427
11.61 9.69 5.37 2/3046 13454
11.61 9.69 5.37 9/3045 13487
11.61 9.69 5.37 5/3045 13514
11.61 9.69 5.37 7/3045 13541
11.16 9.63 5.38 6/3041 13569
11.16 9.63 5.38 4/3045 13602
11.16 9.63 5.38 9/3044 13629
11.16 9.63 5.38 16/3044 13656
11.16 9.63 5.38 4/3042 13683
10.82 9.59 5.39 6/3044 13716
10.82 9.59 5.39 3/3044 13743
10.82 9.59 5.39 6/3044 13770
10.82 9.59 5.39 4/3044 13797
10.82 9.59 5.39 4/3044 13824
10.68 9.58 5.41 9/3044 13852
10.68 9.58 5.41 7/3044 13879
10.68 9.58 5.41 1/3044 13906
10.68 9.58 5.41 5/3044 13933
10.68 9.58 5.41 15/3044 13960
10.30 9.52 5.41 5/3043 13999
10.30 9.52 5.41 9/3043 14026
10.30 9.52 5.41 8/3042 14053
10.30 9.52 5.41 5/3042 14080
10.30 9.52 5.41 6/3042 14107
10.92 9.66 5.48 4/3042 14134
10.92 9.66 5.48 7/3042 14162
10.92 9.66 5.48 3/3042 14189
10.92 9.66 5.48 7/3042 14216
10.92 9.66 5.48 1/3042 14243
11.41 9.78 5.54 4/3042 14271
11.41 9.78 5.54 6/3039 14298
11.41 9.78 5.54 12/3039 14325
11.41 9.78 5.54 2/3039 14352
11.41 9.78 5.54 3/3039 14379
11.77 9.88 5.60 1/3038 14406
11.77 9.88 5.60 7/3036 14433
11.77 9.88 5.60 8/3035 14461
11.77 9.88 5.60 9/3035 14494
11.77 9.88 5.60 20/3035 14521
12.67 10.10 5.69 6/3034 14558
12.67 10.10 5.69 15/3034 14593
12.67 10.10 5.69 12/3034 14620
12.67 10.10 5.69 14/3033 14648
12.67 10.10 5.69 4/3033 14675
12.46 10.10 5.71 11/3032 14702
12.46 10.10 5.71 8/3032 14729
12.46 10.10 5.71 5/3030 14757
12.46 10.10 5.71 5/3030 14785
12.46 10.10 5.71 5/3030 14818
12.34 10.11 5.74 14/3030 14845
12.34 10.11 5.74 11/3030 14872
12.34 10.11 5.74 16/3030 14899
12.34 10.11 5.74 15/3030 14926
12.34 10.11 5.74 2/3029 14953
12.23 10.13 5.77 6/3029 14986
12.23 10.13 5.77 6/3029 15013
12.23 10.13 5.77 4/3029 15040
12.23 10.13 5.77 3/3029 15068
12.23 10.13 5.77 7/3029 15101
11.97 10.11 5.79 5/3029 15128
11.97 10.11 5.79 3/3029 15155
11.97 10.11 5.79 3/3028 15182
11.97 10.11 5.79 10/3028 15209
11.97 10.11 5.79 2/3028 15236
11.98 10.14 5.82 7/3028 15263
11.98 10.14 5.82 6/3026 15290
11.98 10.14 5.82 7/3026 15317
11.98 10.14 5.82 10/3026 15345
11.98 10.14 5.82 9/3026 15372
12.22 10.22 5.87 11/3026 15399
12.22 10.22 5.87 8/3026 15426
12.22 10.22 5.87 4/3026 15453
12.22 10.22 5.87 6/3026 15486
12.22 10.22 5.87 11/3026 15513
12.28 10.27 5.91 5/3026 15540
12.28 10.27 5.91 8/3026 15567
12.28 10.27 5.91 1/3026 15594
12.28 10.27 5.91 9/3026 15621
12.28 10.27 5.91 17/3026 15649
12.18 10.28 5.94 3/3026 15676
12.18 10.28 5.94 7/3026 15703
12.18 10.28 5.94 13/3027 15731
12.18 10.28 5.94 5/3027 15758
12.18 10.28 5.94 4/3027 15785
12.08 10.29 5.96 4/3027 15812
12.08 10.29 5.96 14/3027 15839
12.08 10.29 5.96 2/3027 15866
12.08 10.29 5.96 6/3027 15893
12.08 10.29 5.96 6/3027 15921
12.24 10.36 6.01 5/3028 15949
12.24 10.36 6.01 6/3028 15976
12.24 10.36 6.01 5/3028 16003
12.24 10.36 6.01 12/3028 16030
12.24 10.36 6.01 3/3028 16057
12.06 10.35 6.03 5/3028 16084
12.06 10.35 6.03 4/3028 16111
12.06 10.35 6.03 4/3028 16138
12.06 10.35 6.03 3/3028 16165
12.06 10.35 6.03 3/3028 16192
12.37 10.44 6.08 6/3028 16224
12.37 10.44 6.08 8/3028 16263
12.37 10.44 6.08 18/3028 16290
12.37 10.44 6.08 12/3028 16317
12.37 10.44 6.08 14/3028 16344
12.37 10.44 6.08 5/3028 16377
12.18 10.44 6.10 5/3028 16404
12.18 10.44 6.10 9/3028 16431
12.18 10.44 6.10 12/3028 16462
12.18 10.44 6.10 13/3028 16489
12.41 10.51 6.15 10/3028 16516
12.41 10.51 6.15 4/3028 16550
12.41 10.51 6.15 9/3028 16577
12.41 10.51 6.15 2/3028 16604
12.41 10.51 6.15 10/3029 16632
12.41 10.51 6.15 6/3029 16659
12.14 10.49 6.17 10/3029 16686
12.14 10.49 6.17 8/3029 16713
12.14 10.49 6.17 11/3029 16740
12.14 10.49 6.17 8/3029 16767
12.14 10.49 6.17 5/3029 16800
12.29 10.55 6.21 3/3029 16834
12.29 10.55 6.21 15/3029 16861
12.29 10.55 6.21 14/3025 16888
12.29 10.55 6.21 7/3029 16921
12.29 10.55 6.21 3/3029 16948
11.86 10.49 6.21 5/3025 16975
11.86 10.49 6.21 8/3029 17008
11.86 10.49 6.21 17/3029 17035
11.86 10.49 6.21 6/3029 17062
11.86 10.49 6.21 6/3029 17089
11.55 10.44 6.22 3/3025 17122
11.55 10.44 6.22 10/3029 17156
11.55 10.44 6.22 6/3030 17184
11.55 10.44 6.22 11/3030 17211
11.55 10.44 6.22 6/3030 17238
11.59 10.47 6.26 7/3030 17265
11.59 10.47 6.26 14/3030 17292
11.59 10.47 6.26 3/3030 17325
11.59 10.47 6.26 1/3030 17352
11.59 10.47 6.26 13/3030 17379
11.46 10.46 6.28 6/3030 17406
11.46 10.46 6.28 7/3030 17434
11.46 10.46 6.28 3/3030 17461
11.46 10.46 6.28 4/3030 17488
11.46 10.46 6.28 8/3030 17521
11.83 10.55 6.33 12/3030 17548
11.83 10.55 6.33 20/3030 17575
11.83 10.55 6.33 9/3030 17602
11.83 10.55 6.33 12/3030 17629
11.83 10.55 6.33 14/3030 17656
12.32 10.68 6.39 9/3030 17683
12.32 10.68 6.39 1/3030 17710
12.32 10.68 6.39 10/3031 17739
12.32 10.68 6.39 5/3030 17766
12.32 10.68 6.39 4/3035 17803
12.13 10.67 6.41 10/3035 17830
12.13 10.67 6.41 11/3035 17857
12.13 10.67 6.41 5/3035 17884
12.13 10.67 6.41 6/3035 17911
12.13 10.67 6.41 4/3035 17938
12.36 10.74 6.46 4/3035 17969
12.36 10.74 6.46 5/3035 17996
12.36 10.74 6.46 19/3035 18023
12.36 10.74 6.46 4/3035 18063
12.36 10.74 6.46 8/3035 18090
13.06 10.91 6.54 1/3036 18118
13.06 10.91 6.54 19/3036 18145
13.06 10.91 6.54 5/3036 18173
13.06 10.91 6.54 18/3036 18206
13.06 10.91 6.54 11/3036 18233
12.57 10.84 6.54 2/3036 18260
12.57 10.84 6.54 6/3036 18293
12.57 10.84 6.54 20/3036 18320
12.57 10.84 6.54 2/3036 18348
12.57 10.84 6.54 7/3036 18375
12.04 10.76 6.54 5/3036 18408
12.04 10.76 6.54 12/3036 18435
12.04 10.76 6.54 12/3036 18462
12.04 10.76 6.54 8/3036 18489
12.04 10.76 6.54 6/3036 18516
12.52 10.88 6.60 4/3036 18543
12.52 10.88 6.60 6/3038 18576
12.52 10.88 6.60 4/3036 18603
12.52 10.88 6.60 4/3036 18630
12.52 10.88 6.60 10/3036 18658
12.56 10.92 6.63 3/3036 18685
12.56 10.92 6.63 2/3036 18718
12.56 10.92 6.63 7/3036 18745
12.56 10.92 6.63 3/3036 18772
12.56 10.92 6.63 10/3036 18799
12.68 10.97 6.67 5/3036 18826
12.68 10.97 6.67 6/3036 18853
12.68 10.97 6.67 10/3036 18880
12.68 10.97 6.67 4/3036 18907
12.68 10.97 6.67 12/3036 18935
12.30 10.92 6.68 12/3036 18962
12.30 10.92 6.68 8/3036 18989
12.30 10.92 6.68 9/3036 19016
12.30 10.92 6.68 2/3036 19043
12.30 10.92 6.68 11/3036 19070
12.52 10.99 6.72 7/3036 19097
12.52 10.99 6.72 9/3036 19124
12.52 10.99 6.72 2/3036 19151
12.52 10.99 6.72 7/3037 19179
12.52 10.99 6.72 5/3037 19206
12.48 11.01 6.75 11/3037 19234
12.48 11.01 6.75 6/3037 19261
12.48 11.01 6.75 8/3037 19294
12.48 11.01 6.75 4/3037 19321
12.48 11.01 6.75 8/3037 19348
12.20 10.97 6.77 2/3037 19375
12.20 10.97 6.77 4/3037 19402
12.20 10.97 6.77 8/3037 19429
12.20 10.97 6.77 7/3037 19456
12.20 10.97 6.77 8/3034 19483
12.26 11.01 6.80 8/3034 19510
12.26 11.01 6.80 4/3034 19538
12.26 11.01 6.80 7/3034 19565
12.26 11.01 6.80 9/3034 19592
12.26 11.01 6.80 5/3032 19619
12.64 11.11 6.85 7/3032 19658
12.64 11.11 6.85 11/3032 19689
12.64 11.11 6.85 5/3032 19716
12.64 11.11 6.85 7/3032 19744
12.64 11.11 6.85 2/3032 19771
12.83 11.17 6.90 3/3032 19804
12.83 11.17 6.90 6/3031 19832
12.83 11.17 6.90 23/3031 19860
12.83 11.17 6.90 5/3031 19887
12.83 11.17 6.90 17/3031 19914
12.60 11.15 6.91 3/3031 19941
12.60 11.15 6.91 2/3032 19975
12.60 11.15 6.91 6/3032 20002
12.60 11.15 6.91 6/3032 20029
12.60 11.15 6.91 3/3032 20056
12.39 11.13 6.93 8/3032 20083
12.39 11.13 6.93 5/3032 20110
12.39 11.13 6.93 6/3032 20138
