cpu  805839 11760 535208 4133396 1907 107989 169979 0 0 0
cpu0 134205 2260 101362 441051 49 33285 12154 0 0 0
cpu1 123281 1893 116749 434339 58 24861 47272 0 0 0
cpu2 129943 2585 87628 434627 67 17186 47328 0 0 0
cpu3 116467 2649 59491 457094 59 22587 61044 0 0 0
cpu4 50656 680 29520 635840 411 2060 275 0 0 0
cpu5 52510 707 35154 628224 509 2095 252 0 0 0
cpu6 50847 632 33535 628522 499 2059 245 0 0 0
cpu7 147925 351 71765 473695 252 3854 1405 0 0 0
intr 186355686 0 0 0 33171457 0 0 0 0 0 0 0 6 6 0 0 0 15577 49613 3641 0 0 111478 4611044 0 0 207160 12 0 0 66 1 0 0 0 3 0 992 0 17 0 0 0 0 0 0 0 0 0 0 0 0 0 0 0 0 0 0 0 0 0 0 0 0 0 0 0 0 0 0 0 0 0 0 0 6934485 0 0 0 0 0 0 0 0 0 0 0 0 0 0 0 0 0 0 0 0 0 0 0 0 0 0 0 0 0 0 0 0 0 0 0 0 0 0 0 983 0 0 0 0 0 0 0 0 0 0 0 0 0 0 0 0 0 0 0 0 0 0 0 0 0 0 0 0 0 0 0 0 0 0 0 0 0 0 0 0 0 0 0 0 0 0 0 0 0 0 0 0 0 0 0 0 0 0 0 0 0 0 0 0 0 0 0 0 0 0 0 0 0 0 0 0 0 0 0 0 0 0 0 0 0 0 0 0 0 0 0 0 0 0 0 0 0 0 0 0 0 0 0 0 0 7 0 0 1599543 0 0 0 0 0 0 1 0 0 35 0 2 126 333574 106 7173 17 1242923 17 1426599 16 1425619 17 1372944 38922 0 0 931 673 7074328 531540 0 3802 0 175418 7939 531540 299 884222 51 0 0 12 2 6504194 0 0 0 0 0 0 0 0 0 0 0 0 156357 1 0 0 0 0 0 12 0 0 0 0 0 3 0 0 0 0 0 0 0 0 0 0 383822 0 0 0 0 0 0 0 0 0 0 0 57080 0 0 0 0 0 18 3 0 4 2 1 0 1 0 1 0 1 0 0 1 0 587 0 2 1 9 0 0 0 119 1 0 0 0 0 0 6 0 0 6 0 0 0 0 0 72626 4 32 38 531540 531540 0 2 531540 6952 0 0 6 0 0 0 0 0 0 0 0 0 0 0 4 0 0 0 0 0 0 0 28 2 2 0 2 0 1 54 0 2 0 2 0 2 2 1 0 3 0 0 2 0 0 60 3 0 51 4 0 0 1 576087 575071 66 0 1025281 3610820 0 0 44
ctxt 279183719
btime 1702672319
processes 41013
procs_running 5
procs_blocked 0
softirq 55123740 2925433 2355126 325901 7597708 97181 0 36908903 2835742 2530 2075216
cpu  806580 11779 535916 4139031 1908 108113 170095 0 0 0
cpu0 134350 2263 101513 441625 49 33322 12176 0 0 0
cpu1 123405 1897 116914 434933 58 24892 47308 0 0 0
cpu2 130071 2588 87759 435253 68 17206 47351 0 0 0
cpu3 116582 2656 59594 457724 59 22611 61077 0 0 0
cpu4 50684 680 29547 636690 412 2062 276 0 0 0
cpu5 52540 708 35181 629078 509 2097 252 0 0 0
cpu6 50881 633 33559 629371 499 2061 245 0 0 0
cpu7 148064 351 71845 474354 252 3859 1407 0 0 0
intr 186570977 0 0 0 33207766 0 0 0 0 0 0 0 6 6 0 0 0 15595 49699 3641 0 0 111523 4616847 0 0 207535 12 0 0 66 1 0 0 0 3 0 992 0 17 0 0 0 0 0 0 0 0 0 0 0 0 0 0 0 0 0 0 0 0 0 0 0 0 0 0 0 0 0 0 0 0 0 0 0 6941135 0 0 0 0 0 0 0 0 0 0 0 0 0 0 0 0 0 0 0 0 0 0 0 0 0 0 0 0 0 0 0 0 0 0 0 0 0 0 0 983 0 0 0 0 0 0 0 0 0 0 0 0 0 0 0 0 0 0 0 0 0 0 0 0 0 0 0 0 0 0 0 0 0 0 0 0 0 0 0 0 0 0 0 0 0 0 0 0 0 0 0 0 0 0 0 0 0 0 0 0 0 0 0 0 0 0 0 0 0 0 0 0 0 0 0 0 0 0 0 0 0 0 0 0 0 0 0 0 0 0 0 0 0 0 0 0 0 0 0 0 0 0 0 0 0 7 0 0 1601546 0 0 0 0 0 0 1 0 0 35 0 2 126 333574 106 7173 17 1244318 17 1428431 16 1427457 17 1374776 38922 0 0 931 675 7083364 532205 0 3802 0 175545 7944 532205 299 885453 51 0 0 12 2 6512022 0 0 0 0 0 0 0 0 0 0 0 0 156562 1 0 0 0 0 0 12 0 0 0 0 0 3 0 0 0 0 0 0 0 0 0 0 384322 0 0 0 0 0 0 0 0 0 0 0 57155 0 0 0 0 0 18 3 0 4 2 1 0 1 0 1 0 1 0 0 1 0 587 0 2 1 9 0 0 0 120 1 0 0 0 0 0 6 0 0 6 0 0 0 0 0 72736 4 32 38 532205 532205 0 2 532205 6961 0 0 6 0 0 0 0 0 0 0 0 0 0 0 4 0 0 0 0 0 0 0 28 2 2 0 2 0 1 54 0 2 0 2 0 2 2 1 0 3 0 0 2 0 0 60 3 0 51 4 0 0 1 576840 575819 66 0 1026475 3615434 0 0 44
ctxt 279492284
btime 1702672319
processes 41035
procs_running 4
procs_blocked 0
softirq 55159379 2928909 2357759 326283 7604092 97216 0 36925883 2838885 2885 2077467
cpu  807019 11782 536265 4142199 1909 108181 170165 0 0 0
cpu0 134437 2263 101588 441950 49 33343 12194 0 0 0
cpu1 123469 1898 116995 435270 58 24909 47326 0 0 0
cpu2 130145 2590 87821 435607 68 17218 47364 0 0 0
cpu3 116640 2656 59646 458082 59 22624 61097 0 0 0
cpu4 50711 680 29555 637167 412 2063 276 0 0 0
cpu5 52560 708 35189 629557 509 2098 252 0 0 0
cpu6 50900 633 33575 629845 499 2063 246 0 0 0
cpu7 148154 351 71893 474718 252 3861 1408 0 0 0
intr 186690827 0 0 0 33227910 0 0 0 0 0 0 0 6 6 0 0 0 15598 49746 3641 0 0 111547 4620034 0 0 207717 12 0 0 66 1 0 0 0 3 0 992 0 17 0 0 0 0 0 0 0 0 0 0 0 0 0 0 0 0 0 0 0 0 0 0 0 0 0 0 0 0 0 0 0 0 0 0 0 6944447 0 0 0 0 0 0 0 0 0 0 0 0 0 0 0 0 0 0 0 0 0 0 0 0 0 0 0 0 0 0 0 0 0 0 0 0 0 0 0 983 0 0 0 0 0 0 0 0 0 0 0 0 0 0 0 0 0 0 0 0 0 0 0 0 0 0 0 0 0 0 0 0 0 0 0 0 0 0 0 0 0 0 0 0 0 0 0 0 0 0 0 0 0 0 0 0 0 0 0 0 0 0 0 0 0 0 0 0 0 0 0 0 0 0 0 0 0 0 0 0 0 0 0 0 0 0 0 0 0 0 0 0 0 0 0 0 0 0 0 0 0 0 0 0 0 7 0 0 1602665 0 0 0 0 0 0 1 0 0 35 0 2 126 333574 106 7173 17 1245099 17 1429450 16 1428482 17 1375797 38922 0 0 931 675 7088421 532576 0 3802 0 175672 7944 532576 299 886090 51 0 0 12 2 6516376 0 0 0 0 0 0 0 0 0 0 0 0 156679 1 0 0 0 0 0 12 0 0 0 0 0 3 0 0 0 0 0 0 0 0 0 0 384605 0 0 0 0 0 0 0 0 0 0 0 57198 0 0 0 0 0 18 3 0 4 2 1 0 1 0 1 0 1 0 0 1 0 587 0 2 1 9 0 0 0 120 1 0 0 0 0 0 6 0 0 6 0 0 0 0 0 72791 4 32 38 532576 532576 0 2 532576 6966 0 0 6 0 0 0 0 0 0 0 0 0 0 0 4 0 0 0 0 0 0 0 28 2 2 0 2 0 1 54 0 2 0 2 0 2 2 1 0 3 0 0 2 0 0 60 3 0 51 4 0 0 1 577261 576237 66 0 1027139 3618014 0 0 44
ctxt 279663627
btime 1702672319
processes 41054
procs_running 3
procs_blocked 0
softirq 55177710 2930871 2359173 326503 7607316 97234 0 36934352 2840569 3042 2078650
cpu  807680 11790 536848 4146832 1910 108285 170263 0 0 0
cpu0 134568 2263 101726 442420 49 33374 12211 0 0 0
cpu1 123572 1900 117133 435763 58 24935 47358 0 0 0
cpu2 130249 2592 87941 436126 68 17235 47381 0 0 0
cpu3 116742 2656 59709 458597 59 22643 61126 0 0 0
cpu4 50727 681 29582 637866 412 2065 276 0 0 0
cpu5 52591 709 35205 630259 510 2100 252 0 0 0
cpu6 50944 633 33594 630538 500 2065 246 0 0 0
cpu7 148285 351 71954 475260 252 3865 1410 0 0 0
intr 186874025 0 0 0 33258088 0 0 0 0 0 0 0 6 6 0 0 0 15603 49809 3641 0 0 111571 4624795 0 0 207992 12 0 0 66 1 0 0 0 3 0 992 0 17 0 0 0 0 0 0 0 0 0 0 0 0 0 0 0 0 0 0 0 0 0 0 0 0 0 0 0 0 0 0 0 0 0 0 0 6949254 0 0 0 0 0 0 0 0 0 0 0 0 0 0 0 0 0 0 0 0 0 0 0 0 0 0 0 0 0 0 0 0 0 0 0 0 0 0 0 983 0 0 0 0 0 0 0 0 0 0 0 0 0 0 0 0 0 0 0 0 0 0 0 0 0 0 0 0 0 0 0 0 0 0 0 0 0 0 0 0 0 0 0 0 0 0 0 0 0 0 0 0 0 0 0 0 0 0 0 0 0 0 0 0 0 0 0 0 0 0 0 0 0 0 0 0 0 0 0 0 0 0 0 0 0 0 0 0 0 0 0 0 0 0 0 0 0 0 0 0 0 0 0 0 0 7 0 0 1604316 0 0 0 0 0 0 1 0 0 35 0 2 126 333574 106 7173 17 1246254 17 1430934 16 1429966 17 1377295 38922 0 0 931 675 7095866 533124 0 3802 0 175926 7944 533124 299 887760 51 0 0 12 2 6523040 0 0 0 0 0 0 0 0 0 0 0 0 156843 1 0 0 0 0 0 12 0 0 0 0 0 3 0 0 0 0 0 0 0 0 0 0 385010 0 0 0 0 0 0 0 0 0 0 0 57257 0 0 0 0 0 18 3 0 4 2 1 0 1 0 1 0 1 0 0 1 0 587 0 2 1 9 0 0 0 120 1 0 0 0 0 0 6 0 0 6 0 0 0 0 0 72864 4 32 38 533124 533124 0 2 533124 6974 0 0 6 0 0 0 0 0 0 0 0 0 0 0 4 0 0 0 0 0 0 0 28 2 2 0 2 0 1 54 0 2 0 2 0 2 2 1 0 3 0 0 2 0 0 60 3 0 51 4 0 0 1 577882 576853 66 0 1028119 3621816 0 0 44
ctxt 279927821
btime 1702672319
processes 41075
procs_running 2
procs_blocked 0
softirq 55205436 2933700 2361483 326811 7611977 97252 0 36946893 2843340 3330 2080650
cpu  808516 11805 537582 4153196 1911 108426 170396 0 0 0
cpu0 134723 2264 101882 443075 49 33416 12243 0 0 0
cpu1 123708 1905 117298 436438 58 24969 47395 0 0 0
cpu2 130382 2597 88090 436827 68 17259 47410 0 0 0
cpu3 116878 2661 59804 459303 59 22670 61159 0 0 0
cpu4 50766 681 29606 638832 413 2067 276 0 0 0
cpu5 52629 709 35236 631215 510 2102 252 0 0 0
cpu6 50992 633 33621 631496 500 2068 246 0 0 0
cpu7 148435 351 72043 476006 252 3871 1412 0 0 0
intr 187122908 0 0 0 33299404 0 0 0 0 0 0 0 6 6 0 0 0 15623 49896 3641 0 0 111641 4631357 0 0 208392 12 0 0 66 1 0 0 0 3 0 992 0 17 0 0 0 0 0 0 0 0 0 0 0 0 0 0 0 0 0 0 0 0 0 0 0 0 0 0 0 0 0 0 0 0 0 0 0 6956668 0 0 0 0 0 0 0 0 0 0 0 0 0 0 0 0 0 0 0 0 0 0 0 0 0 0 0 0 0 0 0 0 0 0 0 0 0 0 0 983 0 0 0 0 0 0 0 0 0 0 0 0 0 0 0 0 0 0 0 0 0 0 0 0 0 0 0 0 0 0 0 0 0 0 0 0 0 0 0 0 0 0 0 0 0 0 0 0 0 0 0 0 0 0 0 0 0 0 0 0 0 0 0 0 0 0 0 0 0 0 0 0 0 0 0 0 0 0 0 0 0 0 0 0 0 0 0 0 0 0 0 0 0 0 0 0 0 0 0 0 0 0 0 0 0 7 0 0 1606583 0 0 0 0 0 0 1 0 0 35 0 2 126 333574 106 7173 17 1247838 17 1433002 16 1432045 17 1379363 38922 0 0 931 675 7106102 533876 0 3802 0 176180 7944 533876 299 889770 51 0 0 12 2 6532365 0 0 0 0 0 0 0 0 0 0 0 0 157070 1 0 0 0 0 0 12 0 0 0 0 0 3 0 0 0 0 0 0 0 0 0 0 385565 0 0 0 0 0 0 0 0 0 0 0 57340 0 0 0 0 0 18 3 0 4 2 1 0 1 0 1 0 1 0 0 1 0 587 0 2 1 9 0 0 0 120 1 0 0 0 0 0 6 0 0 6 0 0 0 0 0 72959 4 32 38 533876 533876 0 2 533876 6984 0 0 6 0 0 0 0 0 0 0 0 0 0 0 4 0 0 0 0 0 0 0 28 2 2 0 2 0 1 54 0 2 0 2 0 2 2 1 0 3 0 0 2 0 0 60 3 0 51 4 0 0 1 578735 577699 66 0 1029469 3627040 0 0 44
ctxt 280284167
btime 1702672319
processes 41103
procs_running 1
procs_blocked 0
softirq 55247612 2937658 2364369 327259 7619214 97311 0 36968155 2846763 3809 2083074
cpu  809514 11821 538285 4159006 1913 108556 170534 0 0 0
cpu0 134910 2267 102049 443668 49 33455 12272 0 0 0
cpu1 123900 1906 117450 437055 58 25001 47433 0 0 0
cpu2 130560 2599 88225 437469 68 17280 47438 0 0 0
cpu3 117069 2662 59884 459946 59 22696 61199 0 0 0
cpu4 50794 683 29637 639708 414 2070 276 0 0 0
cpu5 52658 709 35266 632090 511 2104 253 0 0 0
cpu6 51034 638 33642 632372 500 2071 246 0 0 0
cpu7 148586 353 72129 476695 253 3875 1413 0 0 0
intr 187352570 0 0 0 33337801 0 0 0 0 0 0 0 6 6 0 0 0 15632 49975 3641 0 0 111691 4637343 0 0 208741 12 0 0 66 1 0 0 0 3 0 992 0 17 0 0 0 0 0 0 0 0 0 0 0 0 0 0 0 0 0 0 0 0 0 0 0 0 0 0 0 0 0 0 0 0 0 0 0 6964604 0 0 0 0 0 0 0 0 0 0 0 0 0 0 0 0 0 0 0 0 0 0 0 0 0 0 0 0 0 0 0 0 0 0 0 0 0 0 0 983 0 0 0 0 0 0 0 0 0 0 0 0 0 0 0 0 0 0 0 0 0 0 0 0 0 0 0 0 0 0 0 0 0 0 0 0 0 0 0 0 0 0 0 0 0 0 0 0 0 0 0 0 0 0 0 0 0 0 0 0 0 0 0 0 0 0 0 0 0 0 0 0 0 0 0 0 0 0 0 0 0 0 0 0 0 0 0 0 0 0 0 0 0 0 0 0 0 0 0 0 0 0 0 0 0 7 0 0 1608655 0 0 0 0 0 0 1 0 0 35 0 2 126 333574 106 7173 17 1249281 17 1434897 16 1433941 17 1381255 38922 0 0 931 675 7115454 534564 0 3802 0 176434 7944 534564 299 891656 51 0 0 12 2 6540129 0 0 0 0 0 0 0 0 0 0 0 0 157275 1 0 0 0 0 0 12 0 0 0 0 0 3 0 0 0 0 0 0 0 0 0 0 386067 0 0 0 0 0 0 0 0 0 0 0 57415 0 0 0 0 0 18 3 0 4 2 1 0 1 0 1 0 1 0 0 1 0 587 0 2 1 9 0 0 0 120 1 0 0 0 0 0 6 0 0 6 0 0 0 0 0 73049 4 32 38 534564 534564 0 2 534564 6993 0 0 6 0 0 0 0 0 0 0 0 0 0 0 4 0 0 0 0 0 0 0 28 2 2 0 2 0 1 54 0 2 0 2 0 2 2 1 0 3 0 0 2 0 0 60 3 0 51 4 0 0 1 579514 578473 66 0 1030701 3631814 0 0 44
ctxt 280609921
btime 1702672319
processes 41135
procs_running 1
procs_blocked 0
softirq 55307479 2941295 2367509 327714 7627169 97349 0 37005210 2850553 4834 2085846
cpu  810275 11829 538848 4163650 1914 108658 170641 0 0 0
cpu0 135062 2268 102196 444146 49 33485 12286 0 0 0
cpu1 124049 1907 117563 437547 58 25026 47463 0 0 0
cpu2 130710 2601 88328 437983 68 17297 47458 0 0 0
cpu3 117205 2664 59957 460460 59 22717 61240 0 0 0
cpu4 50812 683 29652 640411 414 2071 277 0 0 0
cpu5 52684 710 35293 632788 511 2106 253 0 0 0
cpu6 51062 638 33653 633072 500 2073 246 0 0 0
cpu7 148689 354 72203 477240 253 3879 1415 0 0 0
intr 187531636 0 0 0 33367762 0 0 0 0 0 0 0 6 6 0 0 0 15650 50037 3641 0 0 111715 4642094 0 0 209043 12 0 0 66 1 0 0 0 3 0 992 0 17 0 0 0 0 0 0 0 0 0 0 0 0 0 0 0 0 0 0 0 0 0 0 0 0 0 0 0 0 0 0 0 0 0 0 0 6970984 0 0 0 0 0 0 0 0 0 0 0 0 0 0 0 0 0 0 0 0 0 0 0 0 0 0 0 0 0 0 0 0 0 0 0 0 0 0 0 983 0 0 0 0 0 0 0 0 0 0 0 0 0 0 0 0 0 0 0 0 0 0 0 0 0 0 0 0 0 0 0 0 0 0 0 0 0 0 0 0 0 0 0 0 0 0 0 0 0 0 0 0 0 0 0 0 0 0 0 0 0 0 0 0 0 0 0 0 0 0 0 0 0 0 0 0 0 0 0 0 0 0 0 0 0 0 0 0 0 0 0 0 0 0 0 0 0 0 0 0 0 0 0 0 0 7 0 0 1610299 0 0 0 0 0 0 1 0 0 35 0 2 126 333574 106 7173 17 1250429 17 1436398 16 1435448 17 1382755 38922 0 0 931 675 7122879 535110 0 3802 0 176561 7944 535110 299 892581 51 0 0 12 2 6546420 0 0 0 0 0 0 0 0 0 0 0 0 157434 1 0 0 0 0 0 12 0 0 0 0 0 3 0 0 0 0 0 0 0 0 0 0 386460 0 0 0 0 0 0 0 0 0 0 0 57473 0 0 0 0 0 18 3 0 4 2 1 0 1 0 1 0 1 0 0 1 0 587 0 2 1 9 0 0 0 120 1 0 0 0 0 0 6 0 0 6 0 0 0 0 0 73105 4 32 38 535110 535110 0 2 535109 7000 0 0 6 0 0 0 0 0 0 0 0 0 0 0 4 0 0 0 0 0 0 0 28 2 2 0 2 0 1 54 0 2 0 2 0 2 2 1 0 3 0 0 2 0 0 60 3 0 51 4 0 0 1 580131 579086 66 0 1031679 3635604 0 0 44
ctxt 280865240
btime 1702672319
processes 41154
procs_running 1
procs_blocked 0
softirq 55351784 2944199 2369743 328067 7633484 97367 0 37032643 2853234 5302 2087745
cpu  810941 11841 539340 4167871 1915 108753 170758 0 0 0
cpu0 135194 2272 102304 444574 49 33513 12312 0 0 0
cpu1 124173 1909 117680 437985 58 25049 47491 0 0 0
cpu2 130834 2603 88426 438440 68 17312 47484 0 0 0
cpu3 117312 2667 60018 460922 59 22737 61275 0 0 0
cpu4 50834 684 29667 641058 414 2073 277 0 0 0
cpu5 52716 710 35316 633428 512 2108 253 0 0 0
cpu6 51088 638 33667 633722 501 2075 246 0 0 0
cpu7 148785 354 72260 477740 253 3883 1416 0 0 0
intr 187700753 0 0 0 33395609 0 0 0 0 0 0 0 6 6 0 0 0 15663 50107 3641 0 0 111787 4646472 0 0 209305 12 0 0 66 1 0 0 0 3 0 992 0 17 0 0 0 0 0 0 0 0 0 0 0 0 0 0 0 0 0 0 0 0 0 0 0 0 0 0 0 0 0 0 0 0 0 0 0 6976725 0 0 0 0 0 0 0 0 0 0 0 0 0 0 0 0 0 0 0 0 0 0 0 0 0 0 0 0 0 0 0 0 0 0 0 0 0 0 0 983 0 0 0 0 0 0 0 0 0 0 0 0 0 0 0 0 0 0 0 0 0 0 0 0 0 0 0 0 0 0 0 0 0 0 0 0 0 0 0 0 0 0 0 0 0 0 0 0 0 0 0 0 0 0 0 0 0 0 0 0 0 0 0 0 0 0 0 0 0 0 0 0 0 0 0 0 0 0 0 0 0 0 0 0 0 0 0 0 0 0 0 0 0 0 0 0 0 0 0 0 0 0 0 0 0 7 0 0 1611822 0 0 0 0 0 0 1 0 0 35 0 2 126 333574 106 7173 17 1251493 17 1437780 16 1436844 17 1384143 38922 0 0 931 675 7129750 535615 0 3802 0 176688 7944 535615 299 893807 51 0 0 12 2 6552423 0 0 0 0 0 0 0 0 0 0 0 0 157591 1 0 0 0 0 0 12 0 0 0 0 0 3 0 0 0 0 0 0 0 0 0 0 386839 0 0 0 0 0 0 0 0 0 0 0 57530 0 0 0 0 0 18 3 0 4 2 1 0 1 0 1 0 1 0 0 1 0 587 0 2 1 9 0 0 0 120 1 0 0 0 0 0 6 0 0 6 0 0 0 0 0 73176 4 32 38 535615 535615 0 2 535615 7007 0 0 6 0 0 0 0 0 0 0 0 0 0 0 4 0 0 0 0 0 0 0 28 2 2 0 2 0 1 54 0 2 0 2 0 2 2 1 0 3 0 0 2 0 0 60 3 0 51 4 0 0 1 580703 579654 66 0 1032585 3639112 0 0 44
ctxt 281109545
btime 1702672319
processes 41173
procs_running 2
procs_blocked 0
softirq 55394187 2946861 2371816 328386 7639037 97431 0 37059651 2855737 5767 2089501
cpu  811963 11855 540121 4174545 1917 108902 170930 0 0 0
cpu0 135414 2277 102468 445256 49 33557 12352 0 0 0
cpu1 124365 1912 117857 438685 58 25085 47534 0 0 0
cpu2 130991 2607 88585 439176 68 17337 47523 0 0 0
cpu3 117479 2667 60108 461662 59 22767 61322 0 0 0
cpu4 50867 685 29706 642062 415 2076 277 0 0 0
cpu5 52755 711 35349 634437 512 2111 253 0 0 0
cpu6 51138 639 33690 634733 501 2077 246 0 0 0
cpu7 148951 354 72355 478531 253 3888 1419 0 0 0
intr 187963251 0 0 0 33439257 0 0 0 0 0 0 0 6 6 0 0 0 15681 50216 3641 0 0 111837 4653316 0 0 209734 12 0 0 66 1 0 0 0 3 0 992 0 17 0 0 0 0 0 0 0 0 0 0 0 0 0 0 0 0 0 0 0 0 0 0 0 0 0 0 0 0 0 0 0 0 0 0 0 6986057 0 0 0 0 0 0 0 0 0 0 0 0 0 0 0 0 0 0 0 0 0 0 0 0 0 0 0 0 0 0 0 0 0 0 0 0 0 0 0 983 0 0 0 0 0 0 0 0 0 0 0 0 0 0 0 0 0 0 0 0 0 0 0 0 0 0 0 0 0 0 0 0 0 0 0 0 0 0 0 0 0 0 0 0 0 0 0 0 0 0 0 0 0 0 0 0 0 0 0 0 0 0 0 0 0 0 0 0 0 0 0 0 0 0 0 0 0 0 0 0 0 0 0 0 0 0 0 0 0 0 0 0 0 0 0 0 0 0 0 0 0 0 0 0 0 7 0 0 1614200 0 0 0 0 0 0 1 0 0 35 0 2 126 333574 106 7173 17 1253160 17 1439944 16 1439025 17 1386317 38922 0 0 931 675 7140491 536404 0 3802 0 176942 7944 536404 299 895559 51 0 0 12 2 6561982 0 0 0 0 0 0 0 0 0 0 0 0 157822 1 0 0 0 0 0 12 0 0 0 0 0 3 0 0 0 0 0 0 0 0 0 0 387408 0 0 0 0 0 0 0 0 0 0 0 57615 0 0 0 0 0 18 3 0 4 2 1 0 1 0 1 0 1 0 0 1 0 587 0 2 1 9 0 0 0 120 1 0 0 0 0 0 6 0 0 6 0 0 0 0 0 73271 4 32 38 536404 536404 0 2 536404 7017 0 0 6 0 0 0 0 0 0 0 0 0 0 0 4 0 0 0 0 0 0 0 28 2 2 0 2 0 1 54 0 2 0 2 0 2 2 1 0 3 0 0 2 0 0 60 3 0 51 4 0 0 1 581596 580541 66 0 1034001 3644592 0 0 44
ctxt 281486895
btime 1702672319
processes 41202
procs_running 3
procs_blocked 0
softirq 55459053 2951030 2375030 328885 7648205 97464 0 37099886 2859634 6665 2092254
cpu  812822 11857 540742 4180343 1919 109028 171059 0 0 0
cpu0 135561 2277 102612 445859 49 33595 12379 0 0 0
cpu1 124533 1912 117998 439300 58 25115 47569 0 0 0
cpu2 131153 2608 88689 439822 68 17357 47546 0 0 0
cpu3 117623 2667 60177 462310 59 22793 61365 0 0 0
cpu4 50905 685 29736 642927 416 2078 277 0 0 0
cpu5 52789 712 35378 635301 513 2113 253 0 0 0
cpu6 51179 639 33709 635609 502 2079 246 0 0 0
cpu7 149076 354 72440 479211 253 3893 1420 0 0 0
intr 188188784 0 0 0 33476427 0 0 0 0 0 0 0 6 6 0 0 0 15693 50305 3641 0 0 111875 4659222 0 0 210107 12 0 0 66 1 0 0 0 3 0 992 0 17 0 0 0 0 0 0 0 0 0 0 0 0 0 0 0 0 0 0 0 0 0 0 0 0 0 0 0 0 0 0 0 0 0 0 0 6993685 0 0 0 0 0 0 0 0 0 0 0 0 0 0 0 0 0 0 0 0 0 0 0 0 0 0 0 0 0 0 0 0 0 0 0 0 0 0 0 983 0 0 0 0 0 0 0 0 0 0 0 0 0 0 0 0 0 0 0 0 0 0 0 0 0 0 0 0 0 0 0 0 0 0 0 0 0 0 0 0 0 0 0 0 0 0 0 0 0 0 0 0 0 0 0 0 0 0 0 0 0 0 0 0 0 0 0 0 0 0 0 0 0 0 0 0 0 0 0 0 0 0 0 0 0 0 0 0 0 0 0 0 0 0 0 0 0 0 0 0 0 0 0 0 0 7 0 0 1616247 0 0 0 0 0 0 1 0 0 35 0 2 126 333574 106 7173 17 1254592 17 1441786 16 1440861 17 1388180 38922 0 0 931 675 7149726 537083 0 3802 0 177196 7944 537083 299 896945 51 0 0 12 2 6570134 0 0 0 0 0 0 0 0 0 0 0 0 158030 1 0 0 0 0 0 12 0 0 0 0 0 3 0 0 0 0 0 0 0 0 0 0 387912 0 0 0 0 0 0 0 0 0 0 0 57690 0 0 0 0 0 18 3 0 4 2 1 0 1 0 1 0 1 0 0 1 0 587 0 2 1 9 0 0 0 120 1 0 0 0 0 0 6 0 0 6 0 0 0 0 0 73360 4 32 38 537083 537083 0 2 537083 7027 0 0 6 0 0 0 0 0 0 0 0 0 0 0 4 0 0 0 0 0 0 0 28 2 2 0 2 0 1 54 0 2 0 2 0 2 2 1 0 3 0 0 2 0 0 60 3 0 51 4 0 0 1 582364 581304 66 0 1035219 3649306 0 0 44
ctxt 281807573
btime 1702672319
processes 41221
procs_running 2
procs_blocked 0
softirq 55517153 2954623 2377647 329273 7655751 97494 0 37137696 2862780 7319 2094570
cpu  813575 11860 541327 4185582 1921 109142 171167 0 0 0
cpu0 135695 2277 102750 446399 49 33629 12396 0 0 0
cpu1 124673 1912 118130 439854 58 25142 47599 0 0 0
cpu2 131275 2610 88797 440404 68 17375 47571 0 0 0
cpu3 117737 2667 60245 462896 59 22817 61398 0 0 0
cpu4 50942 685 29758 643713 416 2080 277 0 0 0
cpu5 52815 713 35408 636081 513 2115 253 0 0 0
cpu6 51217 639 33724 636405 502 2081 246 0 0 0
cpu7 149218 354 72510 479826 253 3898 1422 0 0 0
intr 188393199 0 0 0 33510103 0 0 0 0 0 0 0 6 6 0 0 0 15701 50373 3641 0 0 111912 4664579 0 0 210437 12 0 0 66 1 0 0 0 3 0 992 0 17 0 0 0 0 0 0 0 0 0 0 0 0 0 0 0 0 0 0 0 0 0 0 0 0 0 0 0 0 0 0 0 0 0 0 0 7000697 0 0 0 0 0 0 0 0 0 0 0 0 0 0 0 0 0 0 0 0 0 0 0 0 0 0 0 0 0 0 0 0 0 0 0 0 0 0 0 983 0 0 0 0 0 0 0 0 0 0 0 0 0 0 0 0 0 0 0 0 0 0 0 0 0 0 0 0 0 0 0 0 0 0 0 0 0 0 0 0 0 0 0 0 0 0 0 0 0 0 0 0 0 0 0 0 0 0 0 0 0 0 0 0 0 0 0 0 0 0 0 0 0 0 0 0 0 0 0 0 0 0 0 0 0 0 0 0 0 0 0 0 0 0 0 0 0 0 0 0 0 0 0 0 0 7 0 0 1618101 0 0 0 0 0 0 1 0 0 35 0 2 126 333574 106 7173 17 1255887 17 1443473 16 1442561 17 1389877 38922 0 0 931 675 7158098 537698 0 3802 0 177450 7944 537698 299 898161 51 0 0 12 2 6577398 0 0 0 0 0 0 0 0 0 0 0 0 158213 1 0 0 0 0 0 12 0 0 0 0 0 3 0 0 0 0 0 0 0 0 0 0 388367 0 0 0 0 0 0 0 0 0 0 0 57757 0 0 0 0 0 18 3 0 4 2 1 0 1 0 1 0 1 0 0 1 0 587 0 2 1 9 0 0 0 120 1 0 0 0 0 0 6 0 0 6 0 0 0 0 0 73439 4 32 38 537699 537699 0 2 537698 7035 0 0 6 0 0 0 0 0 0 0 0 0 0 0 4 0 0 0 0 0 0 0 28 2 2 0 2 0 1 54 0 2 0 2 0 2 2 1 0 3 0 0 2 0 0 60 3 0 51 4 0 0 1 583060 581995 66 0 1036317 3653578 0 0 44
ctxt 282100727
btime 1702672319
processes 41241
procs_running 4
procs_blocked 0
softirq 55566395 2957885 2380005 329638 7662669 97523 0 37168611 2865586 7933 2096545
cpu  813866 11863 541581 4187665 1921 109187 171212 0 0 0
cpu0 135749 2278 102801 446615 49 33643 12407 0 0 0
cpu1 124724 1913 118193 440073 58 25153 47612 0 0 0
cpu2 131314 2610 88852 440636 68 17382 47581 0 0 0
cpu3 117785 2668 60270 463132 59 22827 61409 0 0 0
cpu4 50958 685 29771 644024 416 2081 277 0 0 0
cpu5 52826 713 35420 636396 513 2116 253 0 0 0
cpu6 51236 639 33731 636722 502 2082 246 0 0 0
cpu7 149269 354 72539 480064 253 3899 1423 0 0 0
intr 188474006 0 0 0 33523559 0 0 0 0 0 0 0 6 6 0 0 0 15711 50402 3641 0 0 111920 4666725 0 0 210568 12 0 0 66 1 0 0 0 3 0 992 0 17 0 0 0 0 0 0 0 0 0 0 0 0 0 0 0 0 0 0 0 0 0 0 0 0 0 0 0 0 0 0 0 0 0 0 0 7003363 0 0 0 0 0 0 0 0 0 0 0 0 0 0 0 0 0 0 0 0 0 0 0 0 0 0 0 0 0 0 0 0 0 0 0 0 0 0 0 983 0 0 0 0 0 0 0 0 0 0 0 0 0 0 0 0 0 0 0 0 0 0 0 0 0 0 0 0 0 0 0 0 0 0 0 0 0 0 0 0 0 0 0 0 0 0 0 0 0 0 0 0 0 0 0 0 0 0 0 0 0 0 0 0 0 0 0 0 0 0 0 0 0 0 0 0 0 0 0 0 0 0 0 0 0 0 0 0 0 0 0 0 0 0 0 0 0 0 0 0 0 0 0 0 0 7 0 0 1618840 0 0 0 0 0 0 1 0 0 35 0 2 126 333574 106 7173 17 1256404 17 1444152 16 1443243 17 1390551 38922 0 0 931 675 7161438 537944 0 3802 0 177481 7944 537944 299 898629 51 0 0 12 2 6580254 0 0 0 0 0 0 0 0 0 0 0 0 158283 1 0 0 0 0 0 12 0 0 0 0 0 3 0 0 0 0 0 0 0 0 0 0 388543 0 0 0 0 0 0 0 0 0 0 0 57781 0 0 0 0 0 18 3 0 4 2 1 0 1 0 1 0 1 0 0 1 0 587 0 2 1 9 0 0 0 120 1 0 0 0 0 0 6 0 0 6 0 0 0 0 0 73466 4 32 38 537944 537944 0 2 537944 7038 0 0 6 0 0 0 0 0 0 0 0 0 0 0 4 0 0 0 0 0 0 0 28 2 2 0 2 0 1 54 0 2 0 2 0 2 2 1 0 3 0 0 2 0 0 60 3 0 51 4 0 0 1 583338 582271 66 0 1036759 3655284 0 0 44
ctxt 282216473
btime 1702672319
processes 41260
procs_running 1
procs_blocked 0
softirq 55584564 2959187 2380983 329783 7665265 97529 0 37179517 2866757 8156 2097387
cpu  814378 11869 542020 4191251 1922 109267 171303 0 0 0
cpu0 135854 2280 102888 446979 49 33667 12431 0 0 0
cpu1 124816 1914 118290 440456 58 25172 47638 0 0 0
cpu2 131399 2611 88929 441033 68 17395 47598 0 0 0
cpu3 117859 2670 60346 463531 59 22843 61432 0 0 0
cpu4 50982 685 29787 644564 416 2083 277 0 0 0
cpu5 52846 713 35442 636933 514 2118 253 0 0 0
cpu6 51257 639 33747 637270 502 2083 247 0 0 0
cpu7 149363 354 72587 480481 253 3903 1424 0 0 0
intr 188614594 0 0 0 33547129 0 0 0 0 0 0 0 6 6 0 0 0 15715 50455 3641 0 0 111975 4670430 0 0 210790 12 0 0 66 1 0 0 0 3 0 992 0 17 0 0 0 0 0 0 0 0 0 0 0 0 0 0 0 0 0 0 0 0 0 0 0 0 0 0 0 0 0 0 0 0 0 0 0 7007949 0 0 0 0 0 0 0 0 0 0 0 0 0 0 0 0 0 0 0 0 0 0 0 0 0 0 0 0 0 0 0 0 0 0 0 0 0 0 0 983 0 0 0 0 0 0 0 0 0 0 0 0 0 0 0 0 0 0 0 0 0 0 0 0 0 0 0 0 0 0 0 0 0 0 0 0 0 0 0 0 0 0 0 0 0 0 0 0 0 0 0 0 0 0 0 0 0 0 0 0 0 0 0 0 0 0 0 0 0 0 0 0 0 0 0 0 0 0 0 0 0 0 0 0 0 0 0 0 0 0 0 0 0 0 0 0 0 0 0 0 0 0 0 0 0 7 0 0 1620120 0 0 0 0 0 0 1 0 0 35 0 2 126 333574 106 7173 17 1257298 17 1445316 16 1444411 17 1391719 38922 0 0 931 675 7167216 538368 0 3802 0 177704 7949 538368 299 899559 51 0 0 12 2 6585366 0 0 0 0 0 0 0 0 0 0 0 0 158418 1 0 0 0 0 0 12 0 0 0 0 0 3 0 0 0 0 0 0 0 0 0 0 388868 0 0 0 0 0 0 0 0 0 0 0 57832 0 0 0 0 0 18 3 0 4 2 1 0 1 0 1 0 1 0 0 1 0 587 0 2 1 9 0 0 0 121 1 0 0 0 0 0 6 0 0 6 0 0 0 0 0 73549 4 32 38 538369 538369 0 2 538368 7044 0 0 6 0 0 0 0 0 0 0 0 0 0 0 4 0 0 0 0 0 0 0 28 2 2 0 2 0 1 54 0 2 0 2 0 2 2 1 0 3 0 0 2 0 0 60 3 0 51 4 0 0 1 583818 582747 66 0 1037523 3658232 0 0 44
ctxt 282416595
btime 1702672319
processes 41282
procs_running 1
procs_blocked 0
softirq 55615850 2961420 2382786 330035 7669860 97569 0 37197564 2868923 8643 2099050
cpu  815123 11879 542682 4196788 1924 109386 171420 0 0 0
cpu0 135992 2283 103021 447548 49 33703 12451 0 0 0
cpu1 124934 1916 118462 441049 58 25201 47669 0 0 0
cpu2 131522 2612 89061 441652 68 17414 47622 0 0 0
cpu3 117984 2671 60420 464154 59 22868 61472 0 0 0
cpu4 51010 686 29811 645396 417 2085 278 0 0 0
cpu5 52879 713 35470 637762 514 2120 253 0 0 0
cpu6 51290 640 33764 638103 503 2086 247 0 0 0
cpu7 149510 354 72671 481120 253 3907 1426 0 0 0
intr 188827081 0 0 0 33582643 0 0 0 0 0 0 0 6 6 0 0 0 15731 50530 3641 0 0 112025 4676068 0 0 211172 12 0 0 66 1 0 0 0 3 0 992 0 17 0 0 0 0 0 0 0 0 0 0 0 0 0 0 0 0 0 0 0 0 0 0 0 0 0 0 0 0 0 0 0 0 0 0 0 7015086 0 0 0 0 0 0 0 0 0 0 0 0 0 0 0 0 0 0 0 0 0 0 0 0 0 0 0 0 0 0 0 0 0 0 0 0 0 0 0 983 0 0 0 0 0 0 0 0 0 0 0 0 0 0 0 0 0 0 0 0 0 0 0 0 0 0 0 0 0 0 0 0 0 0 0 0 0 0 0 0 0 0 0 0 0 0 0 0 0 0 0 0 0 0 0 0 0 0 0 0 0 0 0 0 0 0 0 0 0 0 0 0 0 0 0 0 0 0 0 0 0 0 0 0 0 0 0 0 0 0 0 0 0 0 0 0 0 0 0 0 0 0 0 0 0 7 0 0 1622075 0 0 0 0 0 0 1 0 0 35 0 2 126 333574 106 7173 17 1258660 17 1447095 16 1446200 17 1393500 38922 0 0 931 675 7176045 539017 0 3802 0 177849 7949 539017 299 900734 51 0 0 12 2 6593117 0 0 0 0 0 0 0 0 0 0 0 0 158620 1 0 0 0 0 0 12 0 0 0 0 0 3 0 0 0 0 0 0 0 0 0 0 389354 0 0 0 0 0 0 0 0 0 0 0 57907 0 0 0 0 0 18 3 0 4 2 1 0 1 0 1 0 1 0 0 1 0 587 0 2 1 9 0 0 0 121 1 0 0 0 0 0 6 0 0 6 0 0 0 0 0 73650 4 32 38 539018 539018 0 2 539017 7052 0 0 6 0 0 0 0 0 0 0 0 0 0 0 4 0 0 0 0 0 0 0 28 2 2 0 2 0 1 54 0 2 0 2 0 2 2 1 0 3 0 0 2 0 0 60 3 0 51 4 0 0 1 584551 583474 66 0 1038683 3662738 0 0 44
ctxt 282719110
btime 1702672319
processes 41301
procs_running 4
procs_blocked 0
softirq 55664582 2964850 2385269 330414 7676789 97602 0 37227359 2871909 9250 2101140
cpu  815709 11888 543161 4201130 1924 109481 171517 0 0 0
cpu0 136089 2284 103124 447990 49 33731 12474 0 0 0
cpu1 125042 1918 118596 441507 58 25223 47696 0 0 0
cpu2 131616 2614 89146 442132 68 17430 47644 0 0 0
cpu3 118086 2674 60473 464637 59 22888 61494 0 0 0
cpu4 51033 686 29830 646057 418 2087 278 0 0 0
cpu5 52901 713 35495 638419 515 2121 253 0 0 0
cpu6 51323 640 33776 638753 503 2087 247 0 0 0
cpu7 149617 354 72718 481631 253 3911 1427 0 0 0
intr 188995487 0 0 0 33610583 0 0 0 0 0 0 0 6 6 0 0 0 15739 50588 3641 0 0 112049 4680515 0 0 211439 12 0 0 66 1 0 0 0 3 0 992 0 17 0 0 0 0 0 0 0 0 0 0 0 0 0 0 0 0 0 0 0 0 0 0 0 0 0 0 0 0 0 0 0 0 0 0 0 7020832 0 0 0 0 0 0 0 0 0 0 0 0 0 0 0 0 0 0 0 0 0 0 0 0 0 0 0 0 0 0 0 0 0 0 0 0 0 0 0 983 0 0 0 0 0 0 0 0 0 0 0 0 0 0 0 0 0 0 0 0 0 0 0 0 0 0 0 0 0 0 0 0 0 0 0 0 0 0 0 0 0 0 0 0 0 0 0 0 0 0 0 0 0 0 0 0 0 0 0 0 0 0 0 0 0 0 0 0 0 0 0 0 0 0 0 0 0 0 0 0 0 0 0 0 0 0 0 0 0 0 0 0 0 0 0 0 0 0 0 0 0 0 0 0 0 7 0 0 1623618 0 0 0 0 0 0 1 0 0 35 0 2 126 333574 106 7173 17 1259735 17 1448506 16 1447614 17 1394904 38922 0 0 931 675 7183011 539529 0 3802 0 178103 7949 539529 299 901651 51 0 0 12 2 6599108 0 0 0 0 0 0 0 0 0 0 0 0 158760 1 0 0 0 0 0 12 0 0 0 0 0 3 0 0 0 0 0 0 0 0 0 0 389708 0 0 0 0 0 0 0 0 0 0 0 57957 0 0 0 0 0 18 3 0 4 2 1 0 1 0 1 0 1 0 0 1 0 587 0 2 1 9 0 0 0 121 1 0 0 0 0 0 6 0 0 6 0 0 0 0 0 73700 4 32 38 539530 539530 0 2 539529 7059 0 0 6 0 0 0 0 0 0 0 0 0 0 0 4 0 0 0 0 0 0 0 28 2 2 0 2 0 1 54 0 2 0 2 0 2 2 1 0 3 0 0 2 0 0 60 3 0 51 4 0 0 1 585130 584048 66 0 1039601 3666292 0 0 44
ctxt 282960241
btime 1702672319
processes 41320
procs_running 2
procs_blocked 0
softirq 55705378 2967560 2387212 330731 7682428 97620 0 37253102 2874239 9696 2102790
cpu  816475 11892 543744 4206143 1925 109594 171647 0 0 0
cpu0 136231 2286 103265 448493 49 33764 12499 0 0 0
cpu1 125173 1919 118731 442029 58 25250 47733 0 0 0
cpu2 131744 2616 89264 442677 68 17448 47672 0 0 0
cpu3 118219 2674 60536 465183 59 22912 61532 0 0 0
cpu4 51066 686 29846 646825 418 2089 278 0 0 0
cpu5 52929 713 35514 639185 515 2123 253 0 0 0
cpu6 51357 640 33796 639521 503 2090 247 0 0 0
cpu7 149753 354 72788 482226 253 3915 1429 0 0 0
intr 189195975 0 0 0 33643344 0 0 0 0 0 0 0 6 6 0 0 0 15755 50667 3641 0 0 112077 4685735 0 0 211774 12 0 0 66 1 0 0 0 3 0 992 0 17 0 0 0 0 0 0 0 0 0 0 0 0 0 0 0 0 0 0 0 0 0 0 0 0 0 0 0 0 0 0 0 0 0 0 0 7028342 0 0 0 0 0 0 0 0 0 0 0 0 0 0 0 0 0 0 0 0 0 0 0 0 0 0 0 0 0 0 0 0 0 0 0 0 0 0 0 983 0 0 0 0 0 0 0 0 0 0 0 0 0 0 0 0 0 0 0 0 0 0 0 0 0 0 0 0 0 0 0 0 0 0 0 0 0 0 0 0 0 0 0 0 0 0 0 0 0 0 0 0 0 0 0 0 0 0 0 0 0 0 0 0 0 0 0 0 0 0 0 0 0 0 0 0 0 0 0 0 0 0 0 0 0 0 0 0 0 0 0 0 0 0 0 0 0 0 0 0 0 0 0 0 0 7 0 0 1625422 0 0 0 0 0 0 1 0 0 35 0 2 126 333574 106 7173 17 1260997 17 1450151 16 1449271 17 1396556 38922 0 0 931 675 7191157 540128 0 3802 0 178230 7949 540128 299 902836 51 0 0 12 2 6606213 0 0 0 0 0 0 0 0 0 0 0 0 158943 1 0 0 0 0 0 12 0 0 0 0 0 3 0 0 0 0 0 0 0 0 0 0 390154 0 0 0 0 0 0 0 0 0 0 0 58024 0 0 0 0 0 18 3 0 4 2 1 0 1 0 1 0 1 0 0 1 0 587 0 2 1 9 0 0 0 121 1 0 0 0 0 0 6 0 0 6 0 0 0 0 0 73779 4 32 38 540128 540128 0 2 540128 7067 0 0 6 0 0 0 0 0 0 0 0 0 0 0 4 0 0 0 0 0 0 0 28 2 2 0 2 0 1 54 0 2 0 2 0 2 2 1 0 3 0 0 2 0 0 60 3 0 51 4 0 0 1 585806 584718 66 0 1040675 3670450 0 0 44
ctxt 283249859
btime 1702672319
processes 41343
procs_running 3
procs_blocked 0
softirq 55759305 2970722 2389555 331169 7689489 97641 0 37288699 2877103 10159 2104768
cpu  817645 11914 544719 4214825 1927 109786 171840 0 0 0
cpu0 136459 2293 103485 449377 49 33820 12534 0 0 0
cpu1 125364 1922 118958 442943 58 25295 47786 0 0 0
cpu2 131940 2623 89443 443641 68 17479 47720 0 0 0
cpu3 118416 2679 60652 466142 59 22953 61587 0 0 0
cpu4 51107 686 29887 648140 418 2092 278 0 0 0
cpu5 52983 713 35548 640494 516 2127 254 0 0 0
cpu6 51406 641 33834 640829 504 2093 247 0 0 0
cpu7 149967 354 72909 483255 253 3923 1431 0 0 0
intr 189537817 0 0 0 33699850 0 0 0 0 0 0 0 6 6 0 0 0 15769 50785 3641 0 0 112191 4694631 0 0 212307 12 0 0 66 1 0 0 0 3 0 992 0 17 0 0 0 0 0 0 0 0 0 0 0 0 0 0 0 0 0 0 0 0 0 0 0 0 0 0 0 0 0 0 0 0 0 0 0 7040266 0 0 0 0 0 0 0 0 0 0 0 0 0 0 0 0 0 0 0 0 0 0 0 0 0 0 0 0 0 0 0 0 0 0 0 0 0 0 0 983 0 0 0 0 0 0 0 0 0 0 0 0 0 0 0 0 0 0 0 0 0 0 0 0 0 0 0 0 0 0 0 0 0 0 0 0 0 0 0 0 0 0 0 0 0 0 0 0 0 0 0 0 0 0 0 0 0 0 0 0 0 0 0 0 0 0 0 0 0 0 0 0 0 0 0 0 0 0 0 0 0 0 0 0 0 0 0 0 0 0 0 0 0 0 0 0 0 0 0 0 0 0 0 0 0 7 0 0 1628511 0 0 0 0 0 0 1 0 0 35 0 2 126 333574 106 7173 17 1263159 17 1452949 16 1452073 17 1399375 38922 0 0 931 675 7205102 541153 0 3802 0 178611 7949 541153 299 905464 51 0 0 12 2 6617650 0 0 0 0 0 0 0 0 0 0 0 0 159260 1 0 0 0 0 0 12 0 0 0 0 0 3 0 0 0 0 0 0 0 0 0 0 390925 0 0 0 0 0 0 0 0 0 0 0 58140 0 0 0 0 0 18 3 0 4 2 1 0 1 0 1 0 1 0 0 1 0 587 0 2 1 9 0 0 0 121 1 0 0 0 0 0 6 0 0 6 0 0 0 0 0 73924 4 32 38 541153 541153 0 2 541153 7081 0 0 6 0 0 0 0 0 0 0 0 0 0 0 4 0 0 0 0 0 0 0 28 2 2 0 2 0 1 54 0 2 0 2 0 2 2 1 0 3 0 0 2 0 0 60 3 0 51 4 0 0 1 586964 585866 66 0 1042511 3677568 0 0 44
ctxt 283739440
btime 1702672319
processes 41363
procs_running 3
procs_blocked 0
softirq 55845709 2976086 2393479 331861 7701287 97728 0 37343899 2881830 11462 2108077
cpu  818012 11917 545033 4217643 1928 109848 171899 0 0 0
cpu0 136531 2293 103545 449668 49 33838 12542 0 0 0
cpu1 125424 1922 119030 443238 58 25310 47804 0 0 0
cpu2 131998 2625 89511 443953 68 17490 47738 0 0 0
cpu3 118483 2679 60690 466456 59 22966 61601 0 0 0
cpu4 51125 686 29901 648568 418 2093 278 0 0 0
cpu5 52997 713 35562 640919 516 2128 254 0 0 0
cpu6 51415 641 33847 641255 504 2095 247 0 0 0
cpu7 150035 354 72943 483582 253 3925 1432 0 0 0
intr 189647035 0 0 0 33718098 0 0 0 0 0 0 0 6 6 0 0 0 15770 50824 3641 0 0 112217 4697528 0 0 212454 12 0 0 66 1 0 0 0 3 0 992 0 17 0 0 0 0 0 0 0 0 0 0 0 0 0 0 0 0 0 0 0 0 0 0 0 0 0 0 0 0 0 0 0 0 0 0 0 7044326 0 0 0 0 0 0 0 0 0 0 0 0 0 0 0 0 0 0 0 0 0 0 0 0 0 0 0 0 0 0 0 0 0 0 0 0 0 0 0 983 0 0 0 0 0 0 0 0 0 0 0 0 0 0 0 0 0 0 0 0 0 0 0 0 0 0 0 0 0 0 0 0 0 0 0 0 0 0 0 0 0 0 0 0 0 0 0 0 0 0 0 0 0 0 0 0 0 0 0 0 0 0 0 0 0 0 0 0 0 0 0 0 0 0 0 0 0 0 0 0 0 0 0 0 0 0 0 0 0 0 0 0 0 0 0 0 0 0 0 0 0 0 0 0 0 7 0 0 1629512 0 0 0 0 0 0 1 0 0 35 0 2 126 333574 106 7173 17 1263860 17 1453859 16 1452986 17 1400289 38922 0 0 931 675 7209623 541486 0 3802 0 178738 7949 541486 299 906388 51 0 0 12 2 6621150 0 0 0 0 0 0 0 0 0 0 0 0 159353 1 0 0 0 0 0 12 0 0 0 0 0 3 0 0 0 0 0 0 0 0 0 0 391156 0 0 0 0 0 0 0 0 0 0 0 58174 0 0 0 0 0 18 3 0 4 2 1 0 1 0 1 0 1 0 0 1 0 587 0 2 1 9 0 0 0 121 1 0 0 0 0 0 6 0 0 6 0 0 0 0 0 73956 4 32 38 541486 541486 0 2 541485 7085 0 0 6 0 0 0 0 0 0 0 0 0 0 0 4 0 0 0 0 0 0 0 28 2 2 0 2 0 1 54 0 2 0 2 0 2 2 1 0 3 0 0 2 0 0 60 3 0 51 4 0 0 1 587338 586238 66 0 1043107 3679874 0 0 44
ctxt 283895694
btime 1702672319
processes 41382
procs_running 2
procs_blocked 0
softirq 55877522 2977839 2394807 332110 7705366 97743 0 37365057 2883414 11918 2109268
cpu  818567 11923 545474 4221083 1929 109930 171997 0 0 0
cpu0 136638 2293 103631 450009 49 33862 12555 0 0 0
cpu1 125509 1923 119142 443593 58 25329 47834 0 0 0
cpu2 132106 2625 89600 444315 68 17503 47758 0 0 0
cpu3 118570 2679 60745 466817 59 22984 61634 0 0 0
cpu4 51151 687 29920 649105 419 2095 278 0 0 0
cpu5 53019 714 35577 641458 517 2129 254 0 0 0
cpu6 51444 644 33858 641788 504 2096 247 0 0 0
cpu7 150126 354 72997 483995 253 3928 1433 0 0 0
intr 189791826 0 0 0 33741573 0 0 0 0 0 0 0 6 6 0 0 0 15788 50870 3641 0 0 112241 4701247 0 0 212669 12 0 0 66 1 0 0 0 3 0 992 0 17 0 0 0 0 0 0 0 0 0 0 0 0 0 0 0 0 0 0 0 0 0 0 0 0 0 0 0 0 0 0 0 0 0 0 0 7050099 0 0 0 0 0 0 0 0 0 0 0 0 0 0 0 0 0 0 0 0 0 0 0 0 0 0 0 0 0 0 0 0 0 0 0 0 0 0 0 983 0 0 0 0 0 0 0 0 0 0 0 0 0 0 0 0 0 0 0 0 0 0 0 0 0 0 0 0 0 0 0 0 0 0 0 0 0 0 0 0 0 0 0 0 0 0 0 0 0 0 0 0 0 0 0 0 0 0 0 0 0 0 0 0 0 0 0 0 0 0 0 0 0 0 0 0 0 0 0 0 0 0 0 0 0 0 0 0 0 0 0 0 0 0 0 0 0 0 0 0 0 0 0 0 0 7 0 0 1630782 0 0 0 0 0 0 1 0 0 35 0 2 126 333574 106 7173 17 1264775 17 1455022 16 1454146 17 1401445 38922 0 0 931 675 7215352 541907 0 3802 0 178865 7949 541907 299 907439 51 0 0 12 2 6626110 0 0 0 0 0 0 0 0 0 0 0 0 159488 1 0 0 0 0 0 12 0 0 0 0 0 3 0 0 0 0 0 0 0 0 0 0 391478 0 0 0 0 0 0 0 0 0 0 0 58223 0 0 0 0 0 18 3 0 4 2 1 0 1 0 1 0 1 0 0 1 0 587 0 2 1 9 0 0 0 121 1 0 0 0 0 0 6 0 0 6 0 0 0 0 0 74019 4 32 38 541907 541907 0 2 541907 7091 0 0 6 0 0 0 0 0 0 0 0 0 0 0 4 0 0 0 0 0 0 0 28 2 2 0 2 0 1 54 0 2 0 2 0 2 2 1 0 3 0 0 2 0 0 60 3 0 51 4 0 0 1 587814 586710 66 0 1043909 3682800 0 0 44
ctxt 284105861
btime 1702672319
processes 41404
procs_running 2
procs_blocked 0
softirq 55919162 2980096 2396752 332512 7710510 97761 0 37392435 2885797 12268 2111031
cpu  819045 11931 545819 4224332 1930 110001 172066 0 0 0
cpu0 136737 2295 103717 450340 49 33883 12565 0 0 0
cpu1 125590 1925 119218 443935 58 25346 47855 0 0 0
cpu2 132188 2626 89660 444675 68 17515 47778 0 0 0
cpu3 118642 2681 60788 467180 59 22999 61650 0 0 0
cpu4 51167 687 29940 649595 419 2097 279 0 0 0
cpu5 53041 715 35589 641951 517 2130 254 0 0 0
cpu6 51465 644 33867 642278 505 2098 247 0 0 0
cpu7 150210 354 73035 484375 253 3931 1434 0 0 0
intr 189918033 0 0 0 33762744 0 0 0 0 0 0 0 6 6 0 0 0 15799 50923 3641 0 0 112269 4704612 0 0 212889 12 0 0 66 1 0 0 0 3 0 992 0 17 0 0 0 0 0 0 0 0 0 0 0 0 0 0 0 0 0 0 0 0 0 0 0 0 0 0 0 0 0 0 0 0 0 0 0 7054438 0 0 0 0 0 0 0 0 0 0 0 0 0 0 0 0 0 0 0 0 0 0 0 0 0 0 0 0 0 0 0 0 0 0 0 0 0 0 0 983 0 0 0 0 0 0 0 0 0 0 0 0 0 0 0 0 0 0 0 0 0 0 0 0 0 0 0 0 0 0 0 0 0 0 0 0 0 0 0 0 0 0 0 0 0 0 0 0 0 0 0 0 0 0 0 0 0 0 0 0 0 0 0 0 0 0 0 0 0 0 0 0 0 0 0 0 0 0 0 0 0 0 0 0 0 0 0 0 0 0 0 0 0 0 0 0 0 0 0 0 0 0 0 0 0 7 0 0 1631941 0 0 0 0 0 0 1 0 0 35 0 2 126 333574 106 7173 17 1265677 17 1456075 16 1455200 17 1402502 38922 0 0 931 675 7220582 542291 0 3802 0 178992 7949 542291 299 908218 51 0 0 12 2 6630685 0 0 0 0 0 0 0 0 0 0 0 0 159602 1 0 0 0 0 0 12 0 0 0 0 0 3 0 0 0 0 0 0 0 0 0 0 391761 0 0 0 0 0 0 0 0 0 0 0 58265 0 0 0 0 0 18 3 0 4 2 1 0 1 0 1 0 1 0 0 1 0 587 0 2 1 9 0 0 0 121 1 0 0 0 0 0 6 0 0 6 0 0 0 0 0 74059 4 32 38 542291 542291 0 2 542291 7096 0 0 6 0 0 0 0 0 0 0 0 0 0 0 4 0 0 0 0 0 0 0 28 2 2 0 2 0 1 54 0 2 0 2 0 2 2 1 0 3 0 0 2 0 0 60 3 0 51 4 0 0 1 588249 587143 66 0 1044619 3685470 0 0 44
ctxt 284285505
btime 1702672319
processes 41424
procs_running 3
procs_blocked 0
softirq 55944647 2982178 2398316 332758 7714847 97778 0 37406121 2887641 12640 2112368
cpu  819691 11936 546341 4228255 1931 110095 172160 0 0 0
cpu0 136856 2296 103854 450734 49 33910 12578 0 0 0
cpu1 125690 1925 119323 444342 58 25369 47884 0 0 0
cpu2 132321 2629 89748 445096 68 17530 47798 0 0 0
cpu3 118743 2683 60863 467605 59 23019 61681 0 0 0
cpu4 51193 687 29958 650203 419 2099 279 0 0 0
cpu5 53069 715 35612 642561 517 2132 254 0 0 0
cpu6 51489 644 33875 642894 505 2099 247 0 0 0
cpu7 150326 354 73105 484815 254 3934 1436 0 0 0
intr 190079930 0 0 0 33789404 0 0 0 0 0 0 0 6 6 0 0 0 15834 50997 3641 0 0 112330 4708965 0 0 213189 12 0 0 66 1 0 0 0 3 0 992 0 17 0 0 0 0 0 0 0 0 0 0 0 0 0 0 0 0 0 0 0 0 0 0 0 0 0 0 0 0 0 0 0 0 0 0 0 7060007 0 0 0 0 0 0 0 0 0 0 0 0 0 0 0 0 0 0 0 0 0 0 0 0 0 0 0 0 0 0 0 0 0 0 0 0 0 0 0 983 0 0 0 0 0 0 0 0 0 0 0 0 0 0 0 0 0 0 0 0 0 0 0 0 0 0 0 0 0 0 0 0 0 0 0 0 0 0 0 0 0 0 0 0 0 0 0 0 0 0 0 0 0 0 0 0 0 0 0 0 0 0 0 0 0 0 0 0 0 0 0 0 0 0 0 0 0 0 0 0 0 0 0 0 0 0 0 0 0 0 0 0 0 0 0 0 0 0 0 0 0 0 0 0 0 7 0 0 1633383 0 0 0 0 0 0 1 0 0 37 0 2 131 334043 106 7173 17 1266762 17 1457385 16 1456511 17 1403809 38983 0 0 941 675 7227101 542770 0 3802 0 179119 7949 542770 299 909107 54 0 0 12 2 6636652 0 0 0 0 0 0 0 0 0 0 0 0 159741 1 0 0 0 0 0 12 0 0 0 0 0 3 0 0 0 0 0 0 0 0 0 0 392102 0 0 0 0 0 0 0 0 0 0 0 58316 0 0 0 0 0 18 3 0 4 2 1 0 1 0 1 0 1 0 0 1 0 587 0 2 1 9 0 0 0 121 1 0 0 0 0 0 6 0 0 6 0 0 0 0 0 74125 4 32 38 542770 542770 0 2 542770 7102 0 0 6 0 0 0 0 0 0 0 0 0 0 0 4 0 0 0 0 0 0 0 28 2 2 0 2 0 1 54 0 2 0 2 0 2 2 1 0 3 0 0 2 0 0 60 3 0 51 4 0 0 1 588790 587681 66 0 1045684 3688794 0 0 44
ctxt 284515125
btime 1702672319
processes 41459
procs_running 3
procs_blocked 0
softirq 55982746 2985001 2400359 333115 7720289 97809 0 37428769 2890112 13102 2114190
cpu  820381 11953 546865 4232714 1933 110198 172249 0 0 0
cpu0 136987 2301 103959 451183 49 33941 12595 0 0 0
cpu1 125816 1929 119437 444808 58 25394 47910 0 0 0
cpu2 132433 2634 89839 445577 68 17546 47820 0 0 0
cpu3 118864 2684 60938 468081 59 23040 61702 0 0 0
cpu4 51225 687 29996 650887 419 2101 279 0 0 0
cpu5 53096 716 35633 643247 518 2134 254 0 0 0
cpu6 51515 644 33892 643584 506 2101 247 0 0 0
cpu7 150441 354 73168 485344 254 3938 1437 0 0 0
intr 190257749 0 0 0 33818891 0 0 0 0 0 0 0 6 6 0 0 0 15866 51066 3641 0 0 112374 4713779 0 0 213669 12 0 0 66 1 0 0 0 3 0 992 0 17 0 0 0 0 0 0 0 0 0 0 0 0 0 0 0 0 0 0 0 0 0 0 0 0 0 0 0 0 0 0 0 0 0 0 0 7065606 0 0 0 0 0 0 0 0 0 0 0 0 0 0 0 0 0 0 0 0 0 0 0 0 0 0 0 0 0 0 0 0 0 0 0 0 0 0 0 983 0 0 0 0 0 0 0 0 0 0 0 0 0 0 0 0 0 0 0 0 0 0 0 0 0 0 0 0 0 0 0 0 0 0 0 0 0 0 0 0 0 0 0 0 0 0 0 0 0 0 0 0 0 0 0 0 0 0 0 0 0 0 0 0 0 0 0 0 0 0 0 0 0 0 0 0 0 0 0 0 0 0 0 0 0 0 0 0 0 0 0 0 0 0 0 0 0 0 0 0 0 0 0 0 0 7 0 0 1635004 0 0 0 0 0 0 1 0 0 37 0 2 134 334200 106 7173 17 1267998 17 1458863 16 1457990 17 1405282 39006 0 0 950 675 7234413 543308 0 3802 0 179373 7954 543308 299 910099 56 0 0 12 2 6642978 0 0 0 0 0 0 0 0 0 0 0 0 159905 1 0 0 0 0 0 12 0 0 0 0 0 3 0 0 0 0 0 0 0 0 0 0 392507 0 0 0 0 0 0 0 0 0 0 0 58375 0 0 0 0 0 18 3 0 4 2 1 0 1 0 1 0 1 0 0 1 0 587 0 2 1 9 0 0 0 122 1 0 0 0 0 0 6 0 0 6 0 0 0 0 0 74221 4 32 38 543308 543308 0 2 543308 7110 0 0 6 0 0 0 0 0 0 0 0 0 0 0 4 0 0 0 0 0 0 0 28 2 2 0 2 0 1 54 0 2 0 2 0 2 2 1 0 3 0 0 2 0 0 60 3 0 51 4 0 0 1 589391 588282 66 0 1046807 3692528 0 0 44
ctxt 284767195
btime 1702672319
processes 41482
procs_running 1
procs_blocked 0
softirq 56017433 2988009 2402529 333427 7725615 97836 0 37447774 2892732 13442 2116069
cpu  820899 11957 547288 4236486 1934 110282 172334 0 0 0
cpu0 137078 2301 104054 451567 49 33966 12615 0 0 0
cpu1 125922 1930 119531 445205 58 25415 47932 0 0 0
cpu2 132512 2635 89917 445991 68 17560 47837 0 0 0
cpu3 118957 2686 60985 468493 59 23057 61727 0 0 0
cpu4 51248 687 30009 651458 420 2102 279 0 0 0
cpu5 53118 716 35652 643821 518 2135 254 0 0 0
cpu6 51529 645 33916 644159 506 2103 247 0 0 0
cpu7 150533 354 73221 485788 254 3941 1439 0 0 0
intr 190405945 0 0 0 33843763 0 0 0 0 0 0 0 6 6 0 0 0 15881 51126 3641 0 0 112443 4717704 0 0 213953 12 0 0 66 1 0 0 0 3 0 992 0 17 0 0 0 0 0 0 0 0 0 0 0 0 0 0 0 0 0 0 0 0 0 0 0 0 0 0 0 0 0 0 0 0 0 0 0 7070099 0 0 0 0 0 0 0 0 0 0 0 0 0 0 0 0 0 0 0 0 0 0 0 0 0 0 0 0 0 0 0 0 0 0 0 0 0 0 0 983 0 0 0 0 0 0 0 0 0 0 0 0 0 0 0 0 0 0 0 0 0 0 0 0 0 0 0 0 0 0 0 0 0 0 0 0 0 0 0 0 0 0 0 0 0 0 0 0 0 0 0 0 0 0 0 0 0 0 0 0 0 0 0 0 0 0 0 0 0 0 0 0 0 0 0 0 0 0 0 0 0 0 0 0 0 0 0 0 0 0 0 0 0 0 0 0 0 0 0 0 0 0 0 0 0 7 0 0 1636362 0 0 0 0 0 0 1 0 0 37 0 2 134 334200 106 7173 17 1269101 17 1460100 16 1459227 17 1406517 39006 0 0 950 675 7240545 543758 0 3802 0 179500 7954 543758 299 911183 56 0 0 12 2 6648582 0 0 0 0 0 0 0 0 0 0 0 0 160037 1 0 0 0 0 0 12 0 0 0 0 0 3 0 0 0 0 0 0 0 0 0 0 392833 0 0 0 0 0 0 0 0 0 0 0 58423 0 0 0 0 0 18 3 0 4 2 1 0 1 0 1 0 1 0 0 1 0 587 0 2 1 9 0 0 0 122 1 0 0 0 0 0 6 0 0 6 0 0 0 0 0 74269 4 32 38 543758 543758 0 2 543758 7116 0 0 6 0 0 0 0 0 0 0 0 0 0 0 4 0 0 0 0 0 0 0 28 2 2 0 2 0 1 54 0 2 0 2 0 2 2 1 0 3 0 0 2 0 0 60 3 0 51 4 0 0 1 589895 588786 66 0 1047613 3695656 0 0 44
ctxt 284980228
btime 1702672319
processes 41501
procs_running 5
procs_blocked 0
softirq 56040219 2990500 2404417 333709 7730175 97885 0 37457043 2895014 13754 2117722
cpu  821395 11959 547644 4239265 1935 110344 172389 0 0 0
cpu0 137170 2301 104144 451847 49 33985 12623 0 0 0
cpu1 126021 1930 119609 445495 58 25430 47948 0 0 0
cpu2 132605 2635 89979 446295 68 17570 47850 0 0 0
cpu3 119043 2688 61035 468797 59 23069 61744 0 0 0
cpu4 51262 687 30028 651886 420 2103 279 0 0 0
cpu5 53134 716 35662 644245 519 2136 254 0 0 0
cpu6 51554 645 33925 644583 506 2104 248 0 0 0
cpu7 150603 354 73258 486113 254 3944 1440 0 0 0
intr 190515041 0 0 0 33861990 0 0 0 0 0 0 0 6 6 0 0 0 15889 51156 3641 0 0 112470 4720587 0 0 214135 12 0 0 66 1 0 0 0 3 0 992 0 17 0 0 0 0 0 0 0 0 0 0 0 0 0 0 0 0 0 0 0 0 0 0 0 0 0 0 0 0 0 0 0 0 0 0 0 7073329 0 0 0 0 0 0 0 0 0 0 0 0 0 0 0 0 0 0 0 0 0 0 0 0 0 0 0 0 0 0 0 0 0 0 0 0 0 0 0 983 0 0 0 0 0 0 0 0 0 0 0 0 0 0 0 0 0 0 0 0 0 0 0 0 0 0 0 0 0 0 0 0 0 0 0 0 0 0 0 0 0 0 0 0 0 0 0 0 0 0 0 0 0 0 0 0 0 0 0 0 0 0 0 0 0 0 0 0 0 0 0 0 0 0 0 0 0 0 0 0 0 0 0 0 0 0 0 0 0 0 0 0 0 0 0 0 0 0 0 0 0 0 0 0 0 7 0 0 1637360 0 0 0 0 0 0 1 0 0 37 0 2 134 334200 106 7173 17 1269908 17 1461013 16 1460146 17 1407432 39006 0 0 950 675 7245055 544090 0 3802 0 179627 7954 544090 299 911701 56 0 0 12 2 6652386 0 0 0 0 0 0 0 0 0 0 0 0 160137 1 0 0 0 0 0 12 0 0 0 0 0 3 0 0 0 0 0 0 0 0 0 0 393076 0 0 0 0 0 0 0 0 0 0 0 58460 0 0 0 0 0 18 3 0 4 2 1 0 1 0 1 0 1 0 0 1 0 587 0 2 1 9 0 0 0 122 1 0 0 0 0 0 6 0 0 6 0 0 0 0 0 74316 4 32 38 544090 544090 0 2 544090 7120 0 0 6 0 0 0 0 0 0 0 0 0 0 0 4 0 0 0 0 0 0 0 28 2 2 0 2 0 1 54 0 2 0 2 0 2 2 1 0 3 0 0 2 0 0 60 3 0 51 4 0 0 1 590266 589158 66 0 1048211 3697958 0 0 44
ctxt 285136553
btime 1702672319
processes 41520
procs_running 1
procs_blocked 0
softirq 56062714 2992331 2405863 333903 7733357 97906 0 37469674 2896768 13953 2118959
cpu  822467 11978 548320 4244469 1936 110465 172522 0 0 0
cpu0 137397 2303 104269 452369 49 34021 12651 0 0 0
cpu1 126226 1934 119769 446038 58 25458 47982 0 0 0
cpu2 132794 2641 90126 446857 68 17590 47878 0 0 0
cpu3 119224 2693 61127 469365 59 23095 61784 0 0 0
cpu4 51300 688 30051 652684 421 2105 279 0 0 0
cpu5 53170 716 35687 645044 519 2138 254 0 0 0
cpu6 51590 645 33947 645374 507 2106 248 0 0 0
cpu7 150763 355 73340 486734 254 3948 1441 0 0 0
intr 190727453 0 0 0 33896781 0 0 0 0 0 0 0 6 6 0 0 0 15897 51244 3641 0 0 112502 4726003 0 0 214484 12 0 0 66 1 0 0 0 3 0 992 0 17 0 0 0 0 0 0 0 0 0 0 0 0 0 0 0 0 0 0 0 0 0 0 0 0 0 0 0 0 0 0 0 0 0 0 0 7081155 0 0 0 0 0 0 0 0 0 0 0 0 0 0 0 0 0 0 0 0 0 0 0 0 0 0 0 0 0 0 0 0 0 0 0 0 0 0 0 983 0 0 0 0 0 0 0 0 0 0 0 0 0 0 0 0 0 0 0 0 0 0 0 0 0 0 0 0 0 0 0 0 0 0 0 0 0 0 0 0 0 0 0 0 0 0 0 0 0 0 0 0 0 0 0 0 0 0 0 0 0 0 0 0 0 0 0 0 0 0 0 0 0 0 0 0 0 0 0 0 0 0 0 0 0 0 0 0 0 0 0 0 0 0 0 0 0 0 0 0 0 0 0 0 0 7 0 0 1639244 0 0 0 0 0 0 1 0 0 37 0 2 134 334200 106 7173 17 1271429 17 1462737 16 1461841 17 1409149 39006 0 0 950 675 7253562 544715 0 3802 0 179754 7954 544715 299 913159 56 0 0 12 2 6660039 0 0 0 0 0 0 0 0 0 0 0 0 160334 1 0 0 0 0 0 12 0 0 0 0 0 3 0 0 0 0 0 0 0 0 0 0 393549 0 0 0 0 0 0 0 0 0 0 0 58533 0 0 0 0 0 18 3 0 4 2 1 0 1 0 1 0 1 0 0 1 0 587 0 2 1 9 0 0 0 122 1 0 0 0 0 0 6 0 0 6 0 0 0 0 0 74401 4 32 38 544715 544715 0 2 544715 7128 0 0 6 0 0 0 0 0 0 0 0 0 0 0 4 0 0 0 0 0 0 0 28 2 2 0 2 0 1 54 0 2 0 2 0 2 2 1 0 3 0 0 2 0 0 60 3 0 51 4 0 0 1 590965 589858 66 0 1049332 3702300 0 0 44
ctxt 285437901
btime 1702672319
processes 41548
procs_running 2
procs_blocked 0
softirq 56110733 2995754 2408640 334343 7741246 97930 0 37496663 2900179 14614 2121364
cpu  823138 11983 548829 4248188 1937 110553 172621 0 0 0
cpu0 137522 2303 104387 452736 49 34046 12674 0 0 0
cpu1 126356 1934 119870 446417 58 25479 48010 0 0 0
cpu2 132896 2643 90247 447253 68 17604 47897 0 0 0
cpu3 119344 2695 61192 469757 59 23113 61812 0 0 0
cpu4 51328 689 30062 653270 421 2107 280 0 0 0
cpu5 53199 716 35706 645619 519 2140 254 0 0 0
cpu6 51612 645 33967 645954 507 2108 248 0 0 0
cpu7 150879 355 73395 487178 254 3952 1443 0 0 0
intr 190878443 0 0 0 33921785 0 0 0 0 0 0 0 6 6 0 0 0 15914 51305 3641 0 0 112539 4730035 0 0 214741 12 0 0 66 1 0 0 0 3 0 992 0 17 0 0 0 0 0 0 0 0 0 0 0 0 0 0 0 0 0 0 0 0 0 0 0 0 0 0 0 0 0 0 0 0 0 0 0 7086404 0 0 0 0 0 0 0 0 0 0 0 0 0 0 0 0 0 0 0 0 0 0 0 0 0 0 0 0 0 0 0 0 0 0 0 0 0 0 0 983 0 0 0 0 0 0 0 0 0 0 0 0 0 0 0 0 0 0 0 0 0 0 0 0 0 0 0 0 0 0 0 0 0 0 0 0 0 0 0 0 0 0 0 0 0 0 0 0 0 0 0 0 0 0 0 0 0 0 0 0 0 0 0 0 0 0 0 0 0 0 0 0 0 0 0 0 0 0 0 0 0 0 0 0 0 0 0 0 0 0 0 0 0 0 0 0 0 0 0 0 0 0 0 0 0 7 0 0 1640613 0 0 0 0 0 0 1 0 0 37 0 2 134 334200 106 7173 17 1272430 17 1463966 16 1463090 17 1410394 39006 0 0 950 675 7259738 545169 0 3802 0 180008 7954 545169 299 914015 56 0 0 12 2 6665405 0 0 0 0 0 0 0 0 0 0 0 0 160466 1 0 0 0 0 0 12 0 0 0 0 0 3 0 0 0 0 0 0 0 0 0 0 393876 0 0 0 0 0 0 0 0 0 0 0 58581 0 0 0 0 0 18 3 0 4 2 1 0 1 0 1 0 1 0 0 1 0 587 0 2 1 9 0 0 0 122 1 0 0 0 0 0 6 0 0 6 0 0 0 0 0 74449 4 32 38 545169 545169 0 2 545169 7134 0 0 6 0 0 0 0 0 0 0 0 0 0 0 4 0 0 0 0 0 0 0 28 2 2 0 2 0 1 54 0 2 0 2 0 2 2 1 0 3 0 0 2 0 0 60 3 0 51 4 0 0 1 591476 590368 66 0 1050225 3705452 0 0 44
ctxt 285654928
btime 1702672319
processes 41567
procs_running 6
procs_blocked 0
softirq 56140817 2998210 2410596 334701 7746127 97959 0 37512692 2902585 14890 2123057
cpu  823895 11993 549381 4253085 1938 110659 172733 0 0 0
cpu0 137664 2304 104517 453240 49 34078 12697 0 0 0
cpu1 126492 1937 119988 446934 58 25504 48043 0 0 0
cpu2 133020 2644 90351 447795 68 17621 47920 0 0 0
cpu3 119462 2698 61259 470301 59 23135 61844 0 0 0
cpu4 51361 689 30085 654014 421 2109 280 0 0 0
cpu5 53244 716 35716 646357 520 2142 255 0 0 0
cpu6 51630 645 33991 646699 507 2110 248 0 0 0
cpu7 151018 356 73472 487741 254 3956 1444 0 0 0
intr 191065795 0 0 0 33953384 0 0 0 0 0 0 0 6 6 0 0 0 15926 51364 3641 0 0 112571 4735088 0 0 215028 12 0 0 66 1 0 0 0 3 0 992 0 17 0 0 0 0 0 0 0 0 0 0 0 0 0 0 0 0 0 0 0 0 0 0 0 0 0 0 0 0 0 0 0 0 0 0 0 7093117 0 0 0 0 0 0 0 0 0 0 0 0 0 0 0 0 0 0 0 0 0 0 0 0 0 0 0 0 0 0 0 0 0 0 0 0 0 0 0 983 0 0 0 0 0 0 0 0 0 0 0 0 0 0 0 0 0 0 0 0 0 0 0 0 0 0 0 0 0 0 0 0 0 0 0 0 0 0 0 0 0 0 0 0 0 0 0 0 0 0 0 0 0 0 0 0 0 0 0 0 0 0 0 0 0 0 0 0 0 0 0 0 0 0 0 0 0 0 0 0 0 0 0 0 0 0 0 0 0 0 0 0 0 0 0 0 0 0 0 0 0 0 0 0 0 7 0 0 1642356 0 0 0 0 0 0 1 0 0 37 0 2 134 334200 106 7173 17 1273816 17 1465557 16 1464685 17 1411987 39006 0 0 950 675 7267611 545748 0 3802 0 180135 7954 545748 299 915030 56 0 0 12 2 6672128 0 0 0 0 0 0 0 0 0 0 0 0 160635 1 0 0 0 0 0 12 0 0 0 0 0 3 0 0 0 0 0 0 0 0 0 0 394295 0 0 0 0 0 0 0 0 0 0 0 58642 0 0 0 0 0 18 3 0 4 2 1 0 1 0 1 0 1 0 0 1 0 587 0 2 1 9 0 0 0 122 1 0 0 0 0 0 6 0 0 6 0 0 0 0 0 74522 4 32 38 545748 545748 0 2 545748 7142 0 0 6 0 0 0 0 0 0 0 0 0 0 0 4 0 0 0 0 0 0 0 28 2 2 0 2 0 1 54 0 2 0 2 0 2 2 1 0 3 0 0 2 0 0 60 3 0 51 4 0 0 1 592132 591020 66 0 1051271 3709470 0 0 44
ctxt 285926715
btime 1702672319
processes 41586
procs_running 4
procs_blocked 0
softirq 56190809 3001373 2412888 335071 7752472 97983 0 37545315 2905376 15308 2125023
cpu  824437 11994 549790 4256569 1939 110737 172805 0 0 0
cpu0 137778 2305 104598 453595 49 34101 12711 0 0 0
cpu1 126582 1937 120083 447306 58 25523 48063 0 0 0
cpu2 133104 2644 90427 448180 68 17633 47937 0 0 0
cpu3 119568 2698 61316 470688 59 23152 61862 0 0 0
cpu4 51385 689 30100 654538 422 2110 280 0 0 0
cpu5 53262 716 35738 646878 520 2144 255 0 0 0
cpu6 51652 645 34001 647232 507 2111 248 0 0 0
cpu7 151103 356 73524 488149 254 3959 1445 0 0 0
intr 191203166 0 0 0 33976117 0 0 0 0 0 0 0 6 6 0 0 0 15931 51412 3641 0 0 112635 4738676 0 0 215250 12 0 0 66 1 0 0 0 3 0 992 0 17 0 0 0 0 0 0 0 0 0 0 0 0 0 0 0 0 0 0 0 0 0 0 0 0 0 0 0 0 0 0 0 0 0 0 0 7097728 0 0 0 0 0 0 0 0 0 0 0 0 0 0 0 0 0 0 0 0 0 0 0 0 0 0 0 0 0 0 0 0 0 0 0 0 0 0 0 983 0 0 0 0 0 0 0 0 0 0 0 0 0 0 0 0 0 0 0 0 0 0 0 0 0 0 0 0 0 0 0 0 0 0 0 0 0 0 0 0 0 0 0 0 0 0 0 0 0 0 0 0 0 0 0 0 0 0 0 0 0 0 0 0 0 0 0 0 0 0 0 0 0 0 0 0 0 0 0 0 0 0 0 0 0 0 0 0 0 0 0 0 0 0 0 0 0 0 0 0 0 0 0 0 0 7 0 0 1643600 0 0 0 0 0 0 1 0 0 37 0 2 134 334200 106 7173 17 1274819 17 1466690 16 1465826 17 1413123 39006 0 0 950 675 7273221 546160 0 3802 0 180262 7954 546160 299 916047 56 0 0 12 2 6677180 0 0 0 0 0 0 0 0 0 0 0 0 160769 1 0 0 0 0 0 12 0 0 0 0 0 3 0 0 0 0 0 0 0 0 0 0 394617 0 0 0 0 0 0 0 0 0 0 0 58691 0 0 0 0 0 18 3 0 4 2 1 0 1 0 1 0 1 0 0 1 0 587 0 2 1 9 0 0 0 122 1 0 0 0 0 0 6 0 0 6 0 0 0 0 0 74585 4 32 38 546160 546160 0 2 546160 7148 0 0 6 0 0 0 0 0 0 0 0 0 0 0 4 0 0 0 0 0 0 0 28 2 2 0 2 0 1 54 0 2 0 2 0 2 2 1 0 3 0 0 2 0 0 60 3 0 51 4 0 0 1 592599 591483 66 0 1052007 3712334 0 0 44
ctxt 286122652
btime 1702672319
processes 41605
procs_running 3
procs_blocked 0
softirq 56224949 3003650 2414560 335317 7757062 98041 0 37566737 2907397 15733 2126452
cpu  825007 12004 550219 4260382 1939 110821 172883 0 0 0
cpu0 137903 2306 104703 453984 49 34126 12725 0 0 0
cpu1 126702 1940 120162 447709 58 25543 48087 0 0 0
cpu2 133188 2646 90515 448600 68 17647 47954 0 0 0
cpu3 119658 2700 61368 471113 59 23169 61884 0 0 0
cpu4 51397 689 30118 655118 422 2112 280 0 0 0
cpu5 53294 716 35759 647449 520 2146 255 0 0 0
cpu6 51673 645 34015 647809 507 2113 248 0 0 0
cpu7 151189 358 73576 488597 254 3962 1446 0 0 0
intr 191351341 0 0 0 34000757 0 0 0 0 0 0 0 6 6 0 0 0 15937 51469 3641 0 0 112662 4742600 0 0 215491 12 0 0 66 1 0 0 0 3 0 992 0 17 0 0 0 0 0 0 0 0 0 0 0 0 0 0 0 0 0 0 0 0 0 0 0 0 0 0 0 0 0 0 0 0 0 0 0 7102907 0 0 0 0 0 0 0 0 0 0 0 0 0 0 0 0 0 0 0 0 0 0 0 0 0 0 0 0 0 0 0 0 0 0 0 0 0 0 0 983 0 0 0 0 0 0 0 0 0 0 0 0 0 0 0 0 0 0 0 0 0 0 0 0 0 0 0 0 0 0 0 0 0 0 0 0 0 0 0 0 0 0 0 0 0 0 0 0 0 0 0 0 0 0 0 0 0 0 0 0 0 0 0 0 0 0 0 0 0 0 0 0 0 0 0 0 0 0 0 0 0 0 0 0 0 0 0 0 0 0 0 0 0 0 0 0 0 0 0 0 0 0 0 0 0 7 0 0 1644956 0 0 0 0 0 0 1 0 0 37 0 2 134 334200 106 7173 17 1275917 17 1467936 16 1467075 17 1414366 39006 0 0 950 675 7279343 546610 0 3802 0 180389 7954 546610 299 916927 56 0 0 12 2 6682479 0 0 0 0 0 0 0 0 0 0 0 0 160901 1 0 0 0 0 0 12 0 0 0 0 0 3 0 0 0 0 0 0 0 0 0 0 394943 0 0 0 0 0 0 0 0 0 0 0 58739 0 0 0 0 0 18 3 0 4 2 1 0 1 0 1 0 1 0 0 1 0 587 0 2 1 9 0 0 0 122 1 0 0 0 0 0 6 0 0 6 0 0 0 0 0 74633 4 32 38 546610 546610 0 2 546610 7154 0 0 6 0 0 0 0 0 0 0 0 0 0 0 4 0 0 0 0 0 0 0 28 2 2 0 2 0 1 54 0 2 0 2 0 2 2 1 0 3 0 0 2 0 0 60 3 0 51 4 0 0 1 593107 591985 66 0 1052818 3715458 0 0 44
ctxt 286333829
btime 1702672319
processes 41624
procs_running 3
procs_blocked 0
softirq 56262414 3006139 2416336 335624 7762263 98062 0 37590333 2909540 16159 2127958
cpu  825845 12012 550784 4265706 1940 110937 172984 0 0 0
cpu0 138074 2306 104838 454536 49 34161 12740 0 0 0
cpu1 126860 1942 120305 448267 58 25571 48117 0 0 0
cpu2 133312 2651 90607 449187 68 17666 47983 0 0 0
cpu3 119804 2700 61436 471704 59 23193 61910 0 0 0
cpu4 51422 689 30142 655916 422 2114 280 0 0 0
cpu5 53337 716 35776 648250 520 2148 255 0 0 0
cpu6 51703 645 34029 648618 507 2115 248 0 0 0
cpu7 151329 359 73647 489224 254 3967 1448 0 0 0
intr 191558035 0 0 0 34035202 0 0 0 0 0 0 0 6 6 0 0 0 15940 51534 3641 0 0 112689 4748039 0 0 215794 12 0 0 66 1 0 0 0 3 0 992 0 17 0 0 0 0 0 0 0 0 0 0 0 0 0 0 0 0 0 0 0 0 0 0 0 0 0 0 0 0 0 0 0 0 0 0 0 7109789 0 0 0 0 0 0 0 0 0 0 0 0 0 0 0 0 0 0 0 0 0 0 0 0 0 0 0 0 0 0 0 0 0 0 0 0 0 0 0 983 0 0 0 0 0 0 0 0 0 0 0 0 0 0 0 0 0 0 0 0 0 0 0 0 0 0 0 0 0 0 0 0 0 0 0 0 0 0 0 0 0 0 0 0 0 0 0 0 0 0 0 0 0 0 0 0 0 0 0 0 0 0 0 0 0 0 0 0 0 0 0 0 0 0 0 0 0 0 0 0 0 0 0 0 0 0 0 0 0 0 0 0 0 0 0 0 0 0 0 0 0 0 0 0 0 7 0 0 1646847 0 0 0 0 0 0 1 0 0 37 0 2 134 334200 106 7173 17 1277446 17 1469664 16 1468808 17 1416086 39006 0 0 950 675 7287887 547238 0 3802 0 180643 7954 547238 299 918250 56 0 0 12 2 6690008 0 0 0 0 0 0 0 0 0 0 0 0 161089 1 0 0 0 0 0 12 0 0 0 0 0 3 0 0 0 0 0 0 0 0 0 0 395402 0 0 0 0 0 0 0 0 0 0 0 58808 0 0 0 0 0 18 3 0 4 2 1 0 1 0 1 0 1 0 0 1 0 587 0 2 1 9 0 0 0 122 1 0 0 0 0 0 6 0 0 6 0 0 0 0 0 74715 4 32 38 547238 547238 0 2 547238 7162 0 0 6 0 0 0 0 0 0 0 0 0 0 0 4 0 0 0 0 0 0 0 28 2 2 0 2 0 1 54 0 2 0 2 0 2 2 1 0 3 0 0 2 0 0 60 3 0 51 4 0 0 1 593816 592686 66 0 1053942 3719818 0 0 44
ctxt 286628290
btime 1702672319
processes 41645
procs_running 4
procs_blocked 0
softirq 56310364 3009614 2418764 335979 7769056 98081 0 37619608 2912463 16727 2130072
cpu  826518 12023 551318 4270386 1941 111038 173080 0 0 0
cpu0 138217 2307 104959 455017 49 34191 12759 0 0 0
cpu1 126972 1944 120413 448764 58 25596 48143 0 0 0
cpu2 133418 2652 90712 449705 68 17682 48008 0 0 0
cpu3 119918 2701 61500 472224 59 23213 61935 0 0 0
cpu4 51452 691 30164 656616 422 2116 280 0 0 0
cpu5 53360 718 35801 648953 521 2150 255 0 0 0
cpu6 51734 646 34045 649331 508 2116 248 0 0 0
cpu7 151442 360 73719 489772 254 3971 1449 0 0 0
intr 191737358 0 0 0 34065370 0 0 0 0 0 0 0 6 6 0 0 0 15961 51591 3641 0 0 112731 4752847 0 0 216090 12 0 0 66 1 0 0 0 3 0 992 0 17 0 0 0 0 0 0 0 0 0 0 0 0 0 0 0 0 0 0 0 0 0 0 0 0 0 0 0 0 0 0 0 0 0 0 0 7115111 0 0 0 0 0 0 0 0 0 0 0 0 0 0 0 0 0 0 0 0 0 0 0 0 0 0 0 0 0 0 0 0 0 0 0 0 0 0 0 983 0 0 0 0 0 0 0 0 0 0 0 0 0 0 0 0 0 0 0 0 0 0 0 0 0 0 0 0 0 0 0 0 0 0 0 0 0 0 0 0 0 0 0 0 0 0 0 0 0 0 0 0 0 0 0 0 0 0 0 0 0 0 0 0 0 0 0 0 0 0 0 0 0 0 0 0 0 0 0 0 0 0 0 0 0 0 0 0 0 0 0 0 0 0 0 0 0 0 0 0 0 0 0 0 0 7 0 0 1648506 0 0 0 0 0 0 1 0 0 37 0 2 134 334200 106 7173 17 1278770 17 1471180 16 1470330 17 1417604 39006 0 0 950 675 7295379 547789 0 3802 0 180788 7959 547789 299 919343 56 0 0 12 2 6696453 0 0 0 0 0 0 0 0 0 0 0 0 161250 1 0 0 0 0 0 12 0 0 0 0 0 3 0 0 0 0 0 0 0 0 0 0 395799 0 0 0 0 0 0 0 0 0 0 0 58867 0 0 0 0 0 18 3 0 4 2 1 0 1 0 1 0 1 0 0 1 0 587 0 2 1 9 0 0 0 123 1 0 0 0 0 0 6 0 0 6 0 0 0 0 0 74822 4 32 38 547789 547789 0 2 547789 7169 0 0 6 0 0 0 0 0 0 0 0 0 0 0 4 0 0 0 0 0 0 0 28 2 2 0 2 0 1 54 0 2 0 2 0 2 2 1 0 3 0 0 2 0 0 60 3 0 51 4 0 0 1 594437 593302 66 0 1054927 3723642 0 0 44
ctxt 286884408
btime 1702672319
processes 41665
procs_running 1
procs_blocked 0
softirq 56346398 3012639 2420913 336273 7774260 98113 0 37640196 2915031 17065 2131908
cpu  827215 12040 551902 4275237 1942 111146 173183 0 0 0
cpu0 138347 2312 105081 455520 49 34223 12778 0 0 0
cpu1 127089 1946 120558 449281 58 25621 48174 0 0 0
cpu2 133542 2657 90815 450240 68 17700 48028 0 0 0
cpu3 120020 2704 61580 472762 59 23236 61965 0 0 0
cpu4 51486 693 30177 657347 422 2118 280 0 0 0
cpu5 53396 718 35826 649682 521 2152 255 0 0 0
cpu6 51765 646 34061 650072 508 2118 248 0 0 0
cpu7 151566 360 73800 490329 254 3975 1451 0 0 0
intr 191926093 0 0 0 34096920 0 0 0 0 0 0 0 6 6 0 0 0 15971 51660 3641 0 0 112797 4757806 0 0 216396 12 0 0 66 1 0 0 0 3 0 992 0 17 0 0 0 0 0 0 0 0 0 0 0 0 0 0 0 0 0 0 0 0 0 0 0 0 0 0 0 0 0 0 0 0 0 0 0 7121366 0 0 0 0 0 0 0 0 0 0 0 0 0 0 0 0 0 0 0 0 0 0 0 0 0 0 0 0 0 0 0 0 0 0 0 0 0 0 0 983 0 0 0 0 0 0 0 0 0 0 0 0 0 0 0 0 0 0 0 0 0 0 0 0 0 0 0 0 0 0 0 0 0 0 0 0 0 0 0 0 0 0 0 0 0 0 0 0 0 0 0 0 0 0 0 0 0 0 0 0 0 0 0 0 0 0 0 0 0 0 0 0 0 0 0 0 0 0 0 0 0 0 0 0 0 0 0 0 0 0 0 0 0 0 0 0 0 0 0 0 0 0 0 0 0 7 0 0 1650236 0 0 0 0 0 0 1 0 0 37 0 2 134 334200 106 7173 17 1280170 17 1472756 16 1471904 17 1419177 39006 0 0 950 675 7303192 548363 0 3802 0 181042 7959 548363 299 920537 56 0 0 12 2 6703318 0 0 0 0 0 0 0 0 0 0 0 0 161433 1 0 0 0 0 0 12 0 0 0 0 0 3 0 0 0 0 0 0 0 0 0 0 396241 0 0 0 0 0 0 0 0 0 0 0 58934 0 0 0 0 0 18 3 0 4 2 1 0 1 0 1 0 1 0 0 1 0 587 0 2 1 9 0 0 0 123 1 0 0 0 0 0 6 0 0 6 0 0 0 0 0 74904 4 32 38 548363 548363 0 2 548363 7177 0 0 6 0 0 0 0 0 0 0 0 0 0 0 4 0 0 0 0 0 0 0 28 2 2 0 2 0 1 54 0 2 0 2 0 2 2 1 0 3 0 0 2 0 0 60 3 0 51 4 0 0 1 595084 593946 66 0 1055957 3727628 0 0 44
ctxt 287153893
btime 1702672319
processes 41685
procs_running 1
procs_blocked 0
softirq 56387556 3015786 2423185 336603 7780460 98167 0 37664093 2917754 17558 2133950
