Current Battery Service state:
  AC powered: false
  USB powered: false
  Wireless powered: false
  Max charging current: 0
  Max charging voltage: 0
  Charge counter: 3312953
  status: 3
  health: 2
  present: true
  level: 53
  scale: 100
  voltage: 3610
  temperature: 290
  technology: Li-ion
Current Battery Service state:
  AC powered: false
  USB powered: false
  Wireless powered: false
  Max charging current: 0
  Max charging voltage: 0
  Charge counter: 3312953
  status: 3
  health: 2
  present: true
  level: 53
  scale: 100
  voltage: 3610
  temperature: 290
  technology: Li-ion
Current Battery Service state:
  AC powered: false
  USB powered: false
  Wireless powered: false
  Max charging current: 0
  Max charging voltage: 0
  Charge counter: 3312953
  status: 3
  health: 2
  present: true
  level: 53
  scale: 100
  voltage: 3610
  temperature: 290
  technology: Li-ion
Current Battery Service state:
  AC powered: false
  USB powered: false
  Wireless powered: false
  Max charging current: 0
  Max charging voltage: 0
  Charge counter: 3312953
  status: 3
  health: 2
  present: true
  level: 53
  scale: 100
  voltage: 3610
  temperature: 290
  technology: Li-ion
Current Battery Service state:
  AC powered: false
  USB powered: false
  Wireless powered: false
  Max charging current: 0
  Max charging voltage: 0
  Charge counter: 3305968
  status: 3
  health: 2
  present: true
  level: 53
  scale: 100
  voltage: 3627
  temperature: 287
  technology: Li-ion
Current Battery Service state:
  AC powered: false
  USB powered: false
  Wireless powered: false
  Max charging current: 0
  Max charging voltage: 0
  Charge counter: 3305968
  status: 3
  health: 2
  present: true
  level: 53
  scale: 100
  voltage: 3627
  temperature: 287
  technology: Li-ion
Current Battery Service state:
  AC powered: false
  USB powered: false
  Wireless powered: false
  Max charging current: 0
  Max charging voltage: 0
  Charge counter: 3305968
  status: 3
  health: 2
  present: true
  level: 53
  scale: 100
  voltage: 3627
  temperature: 287
  technology: Li-ion
Current Battery Service state:
  AC powered: false
  USB powered: false
  Wireless powered: false
  Max charging current: 0
  Max charging voltage: 0
  Charge counter: 3305968
  status: 3
  health: 2
  present: true
  level: 53
  scale: 100
  voltage: 3627
  temperature: 287
  technology: Li-ion
Current Battery Service state:
  AC powered: false
  USB powered: false
  Wireless powered: false
  Max charging current: 0
  Max charging voltage: 0
  Charge counter: 3305968
  status: 3
  health: 2
  present: true
  level: 53
  scale: 100
  voltage: 3627
  temperature: 287
  technology: Li-ion
Current Battery Service state:
  AC powered: false
  USB powered: false
  Wireless powered: false
  Max charging current: 0
  Max charging voltage: 0
  Charge counter: 3305968
  status: 3
  health: 2
  present: true
  level: 53
  scale: 100
  voltage: 3627
  temperature: 287
  technology: Li-ion
Current Battery Service state:
  AC powered: false
  USB powered: false
  Wireless powered: false
  Max charging current: 0
  Max charging voltage: 0
  Charge counter: 3305968
  status: 3
  health: 2
  present: true
  level: 53
  scale: 100
  voltage: 3627
  temperature: 287
  technology: Li-ion
Current Battery Service state:
  AC powered: false
  USB powered: false
  Wireless powered: false
  Max charging current: 0
  Max charging voltage: 0
  Charge counter: 3305968
  status: 3
  health: 2
  present: true
  level: 53
  scale: 100
  voltage: 3627
  temperature: 287
  technology: Li-ion
Current Battery Service state:
  AC powered: false
  USB powered: false
  Wireless powered: false
  Max charging current: 0
  Max charging voltage: 0
  Charge counter: 3305968
  status: 3
  health: 2
  present: true
  level: 53
  scale: 100
  voltage: 3627
  temperature: 287
  technology: Li-ion
Current Battery Service state:
  AC powered: false
  USB powered: false
  Wireless powered: false
  Max charging current: 0
  Max charging voltage: 0
  Charge counter: 3305968
  status: 3
  health: 2
  present: true
  level: 53
  scale: 100
  voltage: 3627
  temperature: 287
  technology: Li-ion
Current Battery Service state:
  AC powered: false
  USB powered: false
  Wireless powered: false
  Max charging current: 0
  Max charging voltage: 0
  Charge counter: 3299066
  status: 3
  health: 2
  present: true
  level: 53
  scale: 100
  voltage: 3629
  temperature: 290
  technology: Li-ion
Current Battery Service state:
  AC powered: false
  USB powered: false
  Wireless powered: false
  Max charging current: 0
  Max charging voltage: 0
  Charge counter: 3299066
  status: 3
  health: 2
  present: true
  level: 53
  scale: 100
  voltage: 3629
  temperature: 290
  technology: Li-ion
Current Battery Service state:
  AC powered: false
  USB powered: false
  Wireless powered: false
  Max charging current: 0
  Max charging voltage: 0
  Charge counter: 3299066
  status: 3
  health: 2
  present: true
  level: 53
  scale: 100
  voltage: 3629
  temperature: 290
  technology: Li-ion
Current Battery Service state:
  AC powered: false
  USB powered: false
  Wireless powered: false
  Max charging current: 0
  Max charging voltage: 0
  Charge counter: 3299066
  status: 3
  health: 2
  present: true
  level: 53
  scale: 100
  voltage: 3629
  temperature: 290
  technology: Li-ion
Current Battery Service state:
  AC powered: false
  USB powered: false
  Wireless powered: false
  Max charging current: 0
  Max charging voltage: 0
  Charge counter: 3299066
  status: 3
  health: 2
  present: true
  level: 53
  scale: 100
  voltage: 3629
  temperature: 290
  technology: Li-ion
Current Battery Service state:
  AC powered: false
  USB powered: false
  Wireless powered: false
  Max charging current: 0
  Max charging voltage: 0
  Charge counter: 3299066
  status: 3
  health: 2
  present: true
  level: 53
  scale: 100
  voltage: 3629
  temperature: 290
  technology: Li-ion
Current Battery Service state:
  AC powered: false
  USB powered: false
  Wireless powered: false
  Max charging current: 0
  Max charging voltage: 0
  Charge counter: 3299066
  status: 3
  health: 2
  present: true
  level: 53
  scale: 100
  voltage: 3629
  temperature: 290
  technology: Li-ion
Current Battery Service state:
  AC powered: false
  USB powered: false
  Wireless powered: false
  Max charging current: 0
  Max charging voltage: 0
  Charge counter: 3299066
  status: 3
  health: 2
  present: true
  level: 53
  scale: 100
  voltage: 3629
  temperature: 290
  technology: Li-ion
Current Battery Service state:
  AC powered: false
  USB powered: false
  Wireless powered: false
  Max charging current: 0
  Max charging voltage: 0
  Charge counter: 3299066
  status: 3
  health: 2
  present: true
  level: 53
  scale: 100
  voltage: 3629
  temperature: 290
  technology: Li-ion
Current Battery Service state:
  AC powered: false
  USB powered: false
  Wireless powered: false
  Max charging current: 0
  Max charging voltage: 0
  Charge counter: 3292333
  status: 3
  health: 2
  present: true
  level: 53
  scale: 100
  voltage: 3601
  temperature: 290
  technology: Li-ion
Current Battery Service state:
  AC powered: false
  USB powered: false
  Wireless powered: false
  Max charging current: 0
  Max charging voltage: 0
  Charge counter: 3291587
  status: 3
  health: 2
  present: true
  level: 53
  scale: 100
  voltage: 3601
  temperature: 290
  technology: Li-ion
Current Battery Service state:
  AC powered: false
  USB powered: false
  Wireless powered: false
  Max charging current: 0
  Max charging voltage: 0
  Charge counter: 3291587
  status: 3
  health: 2
  present: true
  level: 53
  scale: 100
  voltage: 3601
  temperature: 290
  technology: Li-ion
Current Battery Service state:
  AC powered: false
  USB powered: false
  Wireless powered: false
  Max charging current: 0
  Max charging voltage: 0
  Charge counter: 3291587
  status: 3
  health: 2
  present: true
  level: 53
  scale: 100
  voltage: 3601
  temperature: 290
  technology: Li-ion
Current Battery Service state:
  AC powered: false
  USB powered: false
  Wireless powered: false
  Max charging current: 0
  Max charging voltage: 0
  Charge counter: 3291587
  status: 3
  health: 2
  present: true
  level: 53
  scale: 100
  voltage: 3601
  temperature: 290
  technology: Li-ion
Current Battery Service state:
  AC powered: false
  USB powered: false
  Wireless powered: false
  Max charging current: 0
  Max charging voltage: 0
  Charge counter: 3291587
  status: 3
  health: 2
  present: true
  level: 53
  scale: 100
  voltage: 3601
  temperature: 290
  technology: Li-ion
Current Battery Service state:
  AC powered: false
  USB powered: false
  Wireless powered: false
  Max charging current: 0
  Max charging voltage: 0
  Charge counter: 3291587
  status: 3
  health: 2
  present: true
  level: 53
  scale: 100
  voltage: 3601
  temperature: 290
  technology: Li-ion
Current Battery Service state:
  AC powered: false
  USB powered: false
  Wireless powered: false
  Max charging current: 0
  Max charging voltage: 0
  Charge counter: 3291587
  status: 3
  health: 2
  present: true
  level: 53
  scale: 100
  voltage: 3601
  temperature: 290
  technology: Li-ion
Current Battery Service state:
  AC powered: false
  USB powered: false
  Wireless powered: false
  Max charging current: 0
  Max charging voltage: 0
  Charge counter: 3291587
  status: 3
  health: 2
  present: true
  level: 53
  scale: 100
  voltage: 3601
  temperature: 290
  technology: Li-ion
Current Battery Service state:
  AC powered: false
  USB powered: false
  Wireless powered: false
  Max charging current: 0
  Max charging voltage: 0
  Charge counter: 3291587
  status: 3
  health: 2
  present: true
  level: 53
  scale: 100
  voltage: 3601
  temperature: 290
  technology: Li-ion
Current Battery Service state:
  AC powered: false
  USB powered: false
  Wireless powered: false
  Max charging current: 0
  Max charging voltage: 0
  Charge counter: 3291587
  status: 3
  health: 2
  present: true
  level: 53
  scale: 100
  voltage: 3601
  temperature: 290
  technology: Li-ion
Current Battery Service state:
  AC powered: false
  USB powered: false
  Wireless powered: false
  Max charging current: 0
  Max charging voltage: 0
  Charge counter: 3284177
  status: 3
  health: 2
  present: true
  level: 53
  scale: 100
  voltage: 3622
  temperature: 292
  technology: Li-ion
Current Battery Service state:
  AC powered: false
  USB powered: false
  Wireless powered: false
  Max charging current: 0
  Max charging voltage: 0
  Charge counter: 3284177
  status: 3
  health: 2
  present: true
  level: 53
  scale: 100
  voltage: 3622
  temperature: 292
  technology: Li-ion
Current Battery Service state:
  AC powered: false
  USB powered: false
  Wireless powered: false
  Max charging current: 0
  Max charging voltage: 0
  Charge counter: 3284177
  status: 3
  health: 2
  present: true
  level: 53
  scale: 100
  voltage: 3622
  temperature: 292
  technology: Li-ion
Current Battery Service state:
  AC powered: false
  USB powered: false
  Wireless powered: false
  Max charging current: 0
  Max charging voltage: 0
  Charge counter: 3284177
  status: 3
  health: 2
  present: true
  level: 53
  scale: 100
  voltage: 3622
  temperature: 292
  technology: Li-ion
Current Battery Service state:
  AC powered: false
  USB powered: false
  Wireless powered: false
  Max charging current: 0
  Max charging voltage: 0
  Charge counter: 3284177
  status: 3
  health: 2
  present: true
  level: 53
  scale: 100
  voltage: 3622
  temperature: 292
  technology: Li-ion
Current Battery Service state:
  AC powered: false
  USB powered: false
  Wireless powered: false
  Max charging current: 0
  Max charging voltage: 0
  Charge counter: 3284177
  status: 3
  health: 2
  present: true
  level: 53
  scale: 100
  voltage: 3622
  temperature: 292
  technology: Li-ion
Current Battery Service state:
  AC powered: false
  USB powered: false
  Wireless powered: false
  Max charging current: 0
  Max charging voltage: 0
  Charge counter: 3284177
  status: 3
  health: 2
  present: true
  level: 53
  scale: 100
  voltage: 3622
  temperature: 292
  technology: Li-ion
Current Battery Service state:
  AC powered: false
  USB powered: false
  Wireless powered: false
  Max charging current: 0
  Max charging voltage: 0
  Charge counter: 3284177
  status: 3
  health: 2
  present: true
  level: 53
  scale: 100
  voltage: 3622
  temperature: 292
  technology: Li-ion
Current Battery Service state:
  AC powered: false
  USB powered: false
  Wireless powered: false
  Max charging current: 0
  Max charging voltage: 0
  Charge counter: 3284177
  status: 3
  health: 2
  present: true
  level: 53
  scale: 100
  voltage: 3622
  temperature: 292
  technology: Li-ion
Current Battery Service state:
  AC powered: false
  USB powered: false
  Wireless powered: false
  Max charging current: 0
  Max charging voltage: 0
  Charge counter: 3284177
  status: 3
  health: 2
  present: true
  level: 53
  scale: 100
  voltage: 3622
  temperature: 292
  technology: Li-ion
Current Battery Service state:
  AC powered: false
  USB powered: false
  Wireless powered: false
  Max charging current: 0
  Max charging voltage: 0
  Charge counter: 3276654
  status: 3
  health: 2
  present: true
  level: 53
  scale: 100
  voltage: 3596
  temperature: 290
  technology: Li-ion
Current Battery Service state:
  AC powered: false
  USB powered: false
  Wireless powered: false
  Max charging current: 0
  Max charging voltage: 0
  Charge counter: 3275899
  status: 3
  health: 2
  present: true
  level: 53
  scale: 100
  voltage: 3598
  temperature: 290
  technology: Li-ion
Current Battery Service state:
  AC powered: false
  USB powered: false
  Wireless powered: false
  Max charging current: 0
  Max charging voltage: 0
  Charge counter: 3275899
  status: 3
  health: 2
  present: true
  level: 53
  scale: 100
  voltage: 3598
  temperature: 290
  technology: Li-ion
Current Battery Service state:
  AC powered: false
  USB powered: false
  Wireless powered: false
  Max charging current: 0
  Max charging voltage: 0
  Charge counter: 3275899
  status: 3
  health: 2
  present: true
  level: 53
  scale: 100
  voltage: 3598
  temperature: 290
  technology: Li-ion
Current Battery Service state:
  AC powered: false
  USB powered: false
  Wireless powered: false
  Max charging current: 0
  Max charging voltage: 0
  Charge counter: 3275899
  status: 3
  health: 2
  present: true
  level: 53
  scale: 100
  voltage: 3598
  temperature: 290
  technology: Li-ion
Current Battery Service state:
  AC powered: false
  USB powered: false
  Wireless powered: false
  Max charging current: 0
  Max charging voltage: 0
  Charge counter: 3275899
  status: 3
  health: 2
  present: true
  level: 53
  scale: 100
  voltage: 3598
  temperature: 290
  technology: Li-ion
Current Battery Service state:
  AC powered: false
  USB powered: false
  Wireless powered: false
  Max charging current: 0
  Max charging voltage: 0
  Charge counter: 3275899
  status: 3
  health: 2
  present: true
  level: 53
  scale: 100
  voltage: 3598
  temperature: 290
  technology: Li-ion
Current Battery Service state:
  AC powered: false
  USB powered: false
  Wireless powered: false
  Max charging current: 0
  Max charging voltage: 0
  Charge counter: 3275899
  status: 3
  health: 2
  present: true
  level: 53
  scale: 100
  voltage: 3598
  temperature: 290
  technology: Li-ion
Current Battery Service state:
  AC powered: false
  USB powered: false
  Wireless powered: false
  Max charging current: 0
  Max charging voltage: 0
  Charge counter: 3275899
  status: 3
  health: 2
  present: true
  level: 53
  scale: 100
  voltage: 3598
  temperature: 290
  technology: Li-ion
Current Battery Service state:
  AC powered: false
  USB powered: false
  Wireless powered: false
  Max charging current: 0
  Max charging voltage: 0
  Charge counter: 3275899
  status: 3
  health: 2
  present: true
  level: 53
  scale: 100
  voltage: 3598
  temperature: 290
  technology: Li-ion
Current Battery Service state:
  AC powered: false
  USB powered: false
  Wireless powered: false
  Max charging current: 0
  Max charging voltage: 0
  Charge counter: 3269060
  status: 3
  health: 2
  present: true
  level: 53
  scale: 100
  voltage: 3595
  temperature: 292
  technology: Li-ion
Current Battery Service state:
  AC powered: false
  USB powered: false
  Wireless powered: false
  Max charging current: 0
  Max charging voltage: 0
  Charge counter: 3269060
  status: 3
  health: 2
  present: true
  level: 53
  scale: 100
  voltage: 3595
  temperature: 292
  technology: Li-ion
Current Battery Service state:
  AC powered: false
  USB powered: false
  Wireless powered: false
  Max charging current: 0
  Max charging voltage: 0
  Charge counter: 3269060
  status: 3
  health: 2
  present: true
  level: 53
  scale: 100
  voltage: 3595
  temperature: 292
  technology: Li-ion
Current Battery Service state:
  AC powered: false
  USB powered: false
  Wireless powered: false
  Max charging current: 0
  Max charging voltage: 0
  Charge counter: 3269060
  status: 3
  health: 2
  present: true
  level: 53
  scale: 100
  voltage: 3595
  temperature: 292
  technology: Li-ion
Current Battery Service state:
  AC powered: false
  USB powered: false
  Wireless powered: false
  Max charging current: 0
  Max charging voltage: 0
  Charge counter: 3269060
  status: 3
  health: 2
  present: true
  level: 53
  scale: 100
  voltage: 3595
  temperature: 292
  technology: Li-ion
Current Battery Service state:
  AC powered: false
  USB powered: false
  Wireless powered: false
  Max charging current: 0
  Max charging voltage: 0
  Charge counter: 3265286
  status: 3
  health: 2
  present: true
  level: 53
  scale: 100
  voltage: 3597
  temperature: 292
  technology: Li-ion
Current Battery Service state:
  AC powered: false
  USB powered: false
  Wireless powered: false
  Max charging current: 0
  Max charging voltage: 0
  Charge counter: 3265286
  status: 3
  health: 2
  present: true
  level: 53
  scale: 100
  voltage: 3597
  temperature: 292
  technology: Li-ion
Current Battery Service state:
  AC powered: false
  USB powered: false
  Wireless powered: false
  Max charging current: 0
  Max charging voltage: 0
  Charge counter: 3265286
  status: 3
  health: 2
  present: true
  level: 53
  scale: 100
  voltage: 3597
  temperature: 292
  technology: Li-ion
Current Battery Service state:
  AC powered: false
  USB powered: false
  Wireless powered: false
  Max charging current: 0
  Max charging voltage: 0
  Charge counter: 3265286
  status: 3
  health: 2
  present: true
  level: 53
  scale: 100
  voltage: 3597
  temperature: 292
  technology: Li-ion
Current Battery Service state:
  AC powered: false
  USB powered: false
  Wireless powered: false
  Max charging current: 0
  Max charging voltage: 0
  Charge counter: 3265286
  status: 3
  health: 2
  present: true
  level: 53
  scale: 100
  voltage: 3597
  temperature: 292
  technology: Li-ion
Current Battery Service state:
  AC powered: false
  USB powered: false
  Wireless powered: false
  Max charging current: 0
  Max charging voltage: 0
  Charge counter: 3261533
  status: 3
  health: 2
  present: true
  level: 53
  scale: 100
  voltage: 3597
  temperature: 292
  technology: Li-ion
Current Battery Service state:
  AC powered: false
  USB powered: false
  Wireless powered: false
  Max charging current: 0
  Max charging voltage: 0
  Charge counter: 3261533
  status: 3
  health: 2
  present: true
  level: 53
  scale: 100
  voltage: 3597
  temperature: 292
  technology: Li-ion
Current Battery Service state:
  AC powered: false
  USB powered: false
  Wireless powered: false
  Max charging current: 0
  Max charging voltage: 0
  Charge counter: 3261533
  status: 3
  health: 2
  present: true
  level: 53
  scale: 100
  voltage: 3597
  temperature: 292
  technology: Li-ion
Current Battery Service state:
  AC powered: false
  USB powered: false
  Wireless powered: false
  Max charging current: 0
  Max charging voltage: 0
  Charge counter: 3261533
  status: 3
  health: 2
  present: true
  level: 53
  scale: 100
  voltage: 3597
  temperature: 292
  technology: Li-ion
Current Battery Service state:
  AC powered: false
  USB powered: false
  Wireless powered: false
  Max charging current: 0
  Max charging voltage: 0
  Charge counter: 3261533
  status: 3
  health: 2
  present: true
  level: 53
  scale: 100
  voltage: 3597
  temperature: 292
  technology: Li-ion
Current Battery Service state:
  AC powered: false
  USB powered: false
  Wireless powered: false
  Max charging current: 0
  Max charging voltage: 0
  Charge counter: 3261533
  status: 3
  health: 2
  present: true
  level: 53
  scale: 100
  voltage: 3597
  temperature: 292
  technology: Li-ion
Current Battery Service state:
  AC powered: false
  USB powered: false
  Wireless powered: false
  Max charging current: 0
  Max charging voltage: 0
  Charge counter: 3261533
  status: 3
  health: 2
  present: true
  level: 53
  scale: 100
  voltage: 3597
  temperature: 292
  technology: Li-ion
Current Battery Service state:
  AC powered: false
  USB powered: false
  Wireless powered: false
  Max charging current: 0
  Max charging voltage: 0
  Charge counter: 3261533
  status: 3
  health: 2
  present: true
  level: 53
  scale: 100
  voltage: 3597
  temperature: 292
  technology: Li-ion
Current Battery Service state:
  AC powered: false
  USB powered: false
  Wireless powered: false
  Max charging current: 0
  Max charging voltage: 0
  Charge counter: 3261533
  status: 3
  health: 2
  present: true
  level: 53
  scale: 100
  voltage: 3597
  temperature: 292
  technology: Li-ion
Current Battery Service state:
  AC powered: false
  USB powered: false
  Wireless powered: false
  Max charging current: 0
  Max charging voltage: 0
  Charge counter: 3261533
  status: 3
  health: 2
  present: true
  level: 53
  scale: 100
  voltage: 3597
  temperature: 292
  technology: Li-ion
Current Battery Service state:
  AC powered: false
  USB powered: false
  Wireless powered: false
  Max charging current: 0
  Max charging voltage: 0
  Charge counter: 3253947
  status: 3
  health: 2
  present: true
  level: 52
  scale: 100
  voltage: 3595
  temperature: 292
  technology: Li-ion
Current Battery Service state:
  AC powered: false
  USB powered: false
  Wireless powered: false
  Max charging current: 0
  Max charging voltage: 0
  Charge counter: 3253947
  status: 3
  health: 2
  present: true
  level: 52
  scale: 100
  voltage: 3595
  temperature: 292
  technology: Li-ion
Current Battery Service state:
  AC powered: false
  USB powered: false
  Wireless powered: false
  Max charging current: 0
  Max charging voltage: 0
  Charge counter: 3253947
  status: 3
  health: 2
  present: true
  level: 52
  scale: 100
  voltage: 3595
  temperature: 292
  technology: Li-ion
Current Battery Service state:
  AC powered: false
  USB powered: false
  Wireless powered: false
  Max charging current: 0
  Max charging voltage: 0
  Charge counter: 3253947
  status: 3
  health: 2
  present: true
  level: 52
  scale: 100
  voltage: 3595
  temperature: 292
  technology: Li-ion
Current Battery Service state:
  AC powered: false
  USB powered: false
  Wireless powered: false
  Max charging current: 0
  Max charging voltage: 0
  Charge counter: 3253947
  status: 3
  health: 2
  present: true
  level: 52
  scale: 100
  voltage: 3595
  temperature: 292
  technology: Li-ion
Current Battery Service state:
  AC powered: false
  USB powered: false
  Wireless powered: false
  Max charging current: 0
  Max charging voltage: 0
  Charge counter: 3253947
  status: 3
  health: 2
  present: true
  level: 52
  scale: 100
  voltage: 3595
  temperature: 292
  technology: Li-ion
Current Battery Service state:
  AC powered: false
  USB powered: false
  Wireless powered: false
  Max charging current: 0
  Max charging voltage: 0
  Charge counter: 3253947
  status: 3
  health: 2
  present: true
  level: 52
  scale: 100
  voltage: 3595
  temperature: 292
  technology: Li-ion
Current Battery Service state:
  AC powered: false
  USB powered: false
  Wireless powered: false
  Max charging current: 0
  Max charging voltage: 0
  Charge counter: 3253947
  status: 3
  health: 2
  present: true
  level: 52
  scale: 100
  voltage: 3595
  temperature: 292
  technology: Li-ion
Current Battery Service state:
  AC powered: false
  USB powered: false
  Wireless powered: false
  Max charging current: 0
  Max charging voltage: 0
  Charge counter: 3253947
  status: 3
  health: 2
  present: true
  level: 52
  scale: 100
  voltage: 3595
  temperature: 292
  technology: Li-ion
Current Battery Service state:
  AC powered: false
  USB powered: false
  Wireless powered: false
  Max charging current: 0
  Max charging voltage: 0
  Charge counter: 3253947
  status: 3
  health: 2
  present: true
  level: 52
  scale: 100
  voltage: 3595
  temperature: 292
  technology: Li-ion
Current Battery Service state:
  AC powered: false
  USB powered: false
  Wireless powered: false
  Max charging current: 0
  Max charging voltage: 0
  Charge counter: 3246377
  status: 3
  health: 2
  present: true
  level: 52
  scale: 100
  voltage: 3593
  temperature: 290
  technology: Li-ion
Current Battery Service state:
  AC powered: false
  USB powered: false
  Wireless powered: false
  Max charging current: 0
  Max charging voltage: 0
  Charge counter: 3246377
  status: 3
  health: 2
  present: true
  level: 52
  scale: 100
  voltage: 3593
  temperature: 290
  technology: Li-ion
Current Battery Service state:
  AC powered: false
  USB powered: false
  Wireless powered: false
  Max charging current: 0
  Max charging voltage: 0
  Charge counter: 3246377
  status: 3
  health: 2
  present: true
  level: 52
  scale: 100
  voltage: 3593
  temperature: 290
  technology: Li-ion
Current Battery Service state:
  AC powered: false
  USB powered: false
  Wireless powered: false
  Max charging current: 0
  Max charging voltage: 0
  Charge counter: 3246377
  status: 3
  health: 2
  present: true
  level: 52
  scale: 100
  voltage: 3593
  temperature: 290
  technology: Li-ion
Current Battery Service state:
  AC powered: false
  USB powered: false
  Wireless powered: false
  Max charging current: 0
  Max charging voltage: 0
  Charge counter: 3246377
  status: 3
  health: 2
  present: true
  level: 52
  scale: 100
  voltage: 3593
  temperature: 290
  technology: Li-ion
Current Battery Service state:
  AC powered: false
  USB powered: false
  Wireless powered: false
  Max charging current: 0
  Max charging voltage: 0
  Charge counter: 3246377
  status: 3
  health: 2
  present: true
  level: 52
  scale: 100
  voltage: 3593
  temperature: 290
  technology: Li-ion
Current Battery Service state:
  AC powered: false
  USB powered: false
  Wireless powered: false
  Max charging current: 0
  Max charging voltage: 0
  Charge counter: 3246377
  status: 3
  health: 2
  present: true
  level: 52
  scale: 100
  voltage: 3593
  temperature: 290
  technology: Li-ion
Current Battery Service state:
  AC powered: false
  USB powered: false
  Wireless powered: false
  Max charging current: 0
  Max charging voltage: 0
  Charge counter: 3246377
  status: 3
  health: 2
  present: true
  level: 52
  scale: 100
  voltage: 3593
  temperature: 290
  technology: Li-ion
Current Battery Service state:
  AC powered: false
  USB powered: false
  Wireless powered: false
  Max charging current: 0
  Max charging voltage: 0
  Charge counter: 3246377
  status: 3
  health: 2
  present: true
  level: 52
  scale: 100
  voltage: 3593
  temperature: 290
  technology: Li-ion
Current Battery Service state:
  AC powered: false
  USB powered: false
  Wireless powered: false
  Max charging current: 0
  Max charging voltage: 0
  Charge counter: 3246377
  status: 3
  health: 2
  present: true
  level: 52
  scale: 100
  voltage: 3593
  temperature: 290
  technology: Li-ion
Current Battery Service state:
  AC powered: false
  USB powered: false
  Wireless powered: false
  Max charging current: 0
  Max charging voltage: 0
  Charge counter: 3238774
  status: 3
  health: 2
  present: true
  level: 52
  scale: 100
  voltage: 3592
  temperature: 292
  technology: Li-ion
Current Battery Service state:
  AC powered: false
  USB powered: false
  Wireless powered: false
  Max charging current: 0
  Max charging voltage: 0
  Charge counter: 3238774
  status: 3
  health: 2
  present: true
  level: 52
  scale: 100
  voltage: 3592
  temperature: 292
  technology: Li-ion
Current Battery Service state:
  AC powered: false
  USB powered: false
  Wireless powered: false
  Max charging current: 0
  Max charging voltage: 0
  Charge counter: 3237010
  status: 3
  health: 2
  present: true
  level: 52
  scale: 100
  voltage: 3594
  temperature: 292
  technology: Li-ion
Current Battery Service state:
  AC powered: false
  USB powered: false
  Wireless powered: false
  Max charging current: 0
  Max charging voltage: 0
  Charge counter: 3237010
  status: 3
  health: 2
  present: true
  level: 52
  scale: 100
  voltage: 3594
  temperature: 292
  technology: Li-ion
Current Battery Service state:
  AC powered: false
  USB powered: false
  Wireless powered: false
  Max charging current: 0
  Max charging voltage: 0
  Charge counter: 3237010
  status: 3
  health: 2
  present: true
  level: 52
  scale: 100
  voltage: 3594
  temperature: 292
  technology: Li-ion
Current Battery Service state:
  AC powered: false
  USB powered: false
  Wireless powered: false
  Max charging current: 0
  Max charging voltage: 0
  Charge counter: 3237010
  status: 3
  health: 2
  present: true
  level: 52
  scale: 100
  voltage: 3594
  temperature: 292
  technology: Li-ion
Current Battery Service state:
  AC powered: false
  USB powered: false
  Wireless powered: false
  Max charging current: 0
  Max charging voltage: 0
  Charge counter: 3237010
  status: 3
  health: 2
  present: true
  level: 52
  scale: 100
  voltage: 3594
  temperature: 292
  technology: Li-ion
Current Battery Service state:
  AC powered: false
  USB powered: false
  Wireless powered: false
  Max charging current: 0
  Max charging voltage: 0
  Charge counter: 3237010
  status: 3
  health: 2
  present: true
  level: 52
  scale: 100
  voltage: 3594
  temperature: 292
  technology: Li-ion
Current Battery Service state:
  AC powered: false
  USB powered: false
  Wireless powered: false
  Max charging current: 0
  Max charging voltage: 0
  Charge counter: 3237010
  status: 3
  health: 2
  present: true
  level: 52
  scale: 100
  voltage: 3594
  temperature: 292
  technology: Li-ion
Current Battery Service state:
  AC powered: false
  USB powered: false
  Wireless powered: false
  Max charging current: 0
  Max charging voltage: 0
  Charge counter: 3237010
  status: 3
  health: 2
  present: true
  level: 52
  scale: 100
  voltage: 3594
  temperature: 292
  technology: Li-ion
Current Battery Service state:
  AC powered: false
  USB powered: false
  Wireless powered: false
  Max charging current: 0
  Max charging voltage: 0
  Charge counter: 3230909
  status: 3
  health: 2
  present: true
  level: 52
  scale: 100
  voltage: 3591
  temperature: 292
  technology: Li-ion
Current Battery Service state:
  AC powered: false
  USB powered: false
  Wireless powered: false
  Max charging current: 0
  Max charging voltage: 0
  Charge counter: 3230909
  status: 3
  health: 2
  present: true
  level: 52
  scale: 100
  voltage: 3591
  temperature: 292
  technology: Li-ion
Current Battery Service state:
  AC powered: false
  USB powered: false
  Wireless powered: false
  Max charging current: 0
  Max charging voltage: 0
  Charge counter: 3230909
  status: 3
  health: 2
  present: true
  level: 52
  scale: 100
  voltage: 3591
  temperature: 292
  technology: Li-ion
Current Battery Service state:
  AC powered: false
  USB powered: false
  Wireless powered: false
  Max charging current: 0
  Max charging voltage: 0
  Charge counter: 3230909
  status: 3
  health: 2
  present: true
  level: 52
  scale: 100
  voltage: 3591
  temperature: 292
  technology: Li-ion
Current Battery Service state:
  AC powered: false
  USB powered: false
  Wireless powered: false
  Max charging current: 0
  Max charging voltage: 0
  Charge counter: 3230909
  status: 3
  health: 2
  present: true
  level: 52
  scale: 100
  voltage: 3591
  temperature: 292
  technology: Li-ion
Current Battery Service state:
  AC powered: false
  USB powered: false
  Wireless powered: false
  Max charging current: 0
  Max charging voltage: 0
  Charge counter: 3227128
  status: 3
  health: 2
  present: true
  level: 52
  scale: 100
  voltage: 3592
  temperature: 292
  technology: Li-ion
Current Battery Service state:
  AC powered: false
  USB powered: false
  Wireless powered: false
  Max charging current: 0
  Max charging voltage: 0
  Charge counter: 3227128
  status: 3
  health: 2
  present: true
  level: 52
  scale: 100
  voltage: 3592
  temperature: 292
  technology: Li-ion
Current Battery Service state:
  AC powered: false
  USB powered: false
  Wireless powered: false
  Max charging current: 0
  Max charging voltage: 0
  Charge counter: 3227128
  status: 3
  health: 2
  present: true
  level: 52
  scale: 100
  voltage: 3592
  temperature: 292
  technology: Li-ion
Current Battery Service state:
  AC powered: false
  USB powered: false
  Wireless powered: false
  Max charging current: 0
  Max charging voltage: 0
  Charge counter: 3227128
  status: 3
  health: 2
  present: true
  level: 52
  scale: 100
  voltage: 3592
  temperature: 292
  technology: Li-ion
Current Battery Service state:
  AC powered: false
  USB powered: false
  Wireless powered: false
  Max charging current: 0
  Max charging voltage: 0
  Charge counter: 3227128
  status: 3
  health: 2
  present: true
  level: 52
  scale: 100
  voltage: 3592
  temperature: 292
  technology: Li-ion
Current Battery Service state:
  AC powered: false
  USB powered: false
  Wireless powered: false
  Max charging current: 0
  Max charging voltage: 0
  Charge counter: 3223327
  status: 3
  health: 2
  present: true
  level: 52
  scale: 100
  voltage: 3592
  temperature: 295
  technology: Li-ion
Current Battery Service state:
  AC powered: false
  USB powered: false
  Wireless powered: false
  Max charging current: 0
  Max charging voltage: 0
  Charge counter: 3223327
  status: 3
  health: 2
  present: true
  level: 52
  scale: 100
  voltage: 3592
  temperature: 295
  technology: Li-ion
Current Battery Service state:
  AC powered: false
  USB powered: false
  Wireless powered: false
  Max charging current: 0
  Max charging voltage: 0
  Charge counter: 3223327
  status: 3
  health: 2
  present: true
  level: 52
  scale: 100
  voltage: 3592
  temperature: 295
  technology: Li-ion
Current Battery Service state:
  AC powered: false
  USB powered: false
  Wireless powered: false
  Max charging current: 0
  Max charging voltage: 0
  Charge counter: 3223327
  status: 3
  health: 2
  present: true
  level: 52
  scale: 100
  voltage: 3592
  temperature: 295
  technology: Li-ion
Current Battery Service state:
  AC powered: false
  USB powered: false
  Wireless powered: false
  Max charging current: 0
  Max charging voltage: 0
  Charge counter: 3223327
  status: 3
  health: 2
  present: true
  level: 52
  scale: 100
  voltage: 3592
  temperature: 295
  technology: Li-ion
Current Battery Service state:
  AC powered: false
  USB powered: false
  Wireless powered: false
  Max charging current: 0
  Max charging voltage: 0
  Charge counter: 3223327
  status: 3
  health: 2
  present: true
  level: 52
  scale: 100
  voltage: 3592
  temperature: 295
  technology: Li-ion
Current Battery Service state:
  AC powered: false
  USB powered: false
  Wireless powered: false
  Max charging current: 0
  Max charging voltage: 0
  Charge counter: 3223327
  status: 3
  health: 2
  present: true
  level: 52
  scale: 100
  voltage: 3592
  temperature: 295
  technology: Li-ion
Current Battery Service state:
  AC powered: false
  USB powered: false
  Wireless powered: false
  Max charging current: 0
  Max charging voltage: 0
  Charge counter: 3223327
  status: 3
  health: 2
  present: true
  level: 52
  scale: 100
  voltage: 3592
  temperature: 295
  technology: Li-ion
Current Battery Service state:
  AC powered: false
  USB powered: false
  Wireless powered: false
  Max charging current: 0
  Max charging voltage: 0
  Charge counter: 3223327
  status: 3
  health: 2
  present: true
  level: 52
  scale: 100
  voltage: 3592
  temperature: 295
  technology: Li-ion
Current Battery Service state:
  AC powered: false
  USB powered: false
  Wireless powered: false
  Max charging current: 0
  Max charging voltage: 0
  Charge counter: 3223327
  status: 3
  health: 2
  present: true
  level: 52
  scale: 100
  voltage: 3592
  temperature: 295
  technology: Li-ion
Current Battery Service state:
  AC powered: false
  USB powered: false
  Wireless powered: false
  Max charging current: 0
  Max charging voltage: 0
  Charge counter: 3215726
  status: 3
  health: 2
  present: true
  level: 52
  scale: 100
  voltage: 3591
  temperature: 292
  technology: Li-ion
Current Battery Service state:
  AC powered: false
  USB powered: false
  Wireless powered: false
  Max charging current: 0
  Max charging voltage: 0
  Charge counter: 3215726
  status: 3
  health: 2
  present: true
  level: 52
  scale: 100
  voltage: 3591
  temperature: 292
  technology: Li-ion
Current Battery Service state:
  AC powered: false
  USB powered: false
  Wireless powered: false
  Max charging current: 0
  Max charging voltage: 0
  Charge counter: 3215726
  status: 3
  health: 2
  present: true
  level: 52
  scale: 100
  voltage: 3591
  temperature: 292
  technology: Li-ion
Current Battery Service state:
  AC powered: false
  USB powered: false
  Wireless powered: false
  Max charging current: 0
  Max charging voltage: 0
  Charge counter: 3215726
  status: 3
  health: 2
  present: true
  level: 52
  scale: 100
  voltage: 3591
  temperature: 292
  technology: Li-ion
Current Battery Service state:
  AC powered: false
  USB powered: false
  Wireless powered: false
  Max charging current: 0
  Max charging voltage: 0
  Charge counter: 3215726
  status: 3
  health: 2
  present: true
  level: 52
  scale: 100
  voltage: 3591
  temperature: 292
  technology: Li-ion
Current Battery Service state:
  AC powered: false
  USB powered: false
  Wireless powered: false
  Max charging current: 0
  Max charging voltage: 0
  Charge counter: 3215726
  status: 3
  health: 2
  present: true
  level: 52
  scale: 100
  voltage: 3591
  temperature: 292
  technology: Li-ion
Current Battery Service state:
  AC powered: false
  USB powered: false
  Wireless powered: false
  Max charging current: 0
  Max charging voltage: 0
  Charge counter: 3215726
  status: 3
  health: 2
  present: true
  level: 52
  scale: 100
  voltage: 3591
  temperature: 292
  technology: Li-ion
Current Battery Service state:
  AC powered: false
  USB powered: false
  Wireless powered: false
  Max charging current: 0
  Max charging voltage: 0
  Charge counter: 3215726
  status: 3
  health: 2
  present: true
  level: 52
  scale: 100
  voltage: 3591
  temperature: 292
  technology: Li-ion
Current Battery Service state:
  AC powered: false
  USB powered: false
  Wireless powered: false
  Max charging current: 0
  Max charging voltage: 0
  Charge counter: 3215726
  status: 3
  health: 2
  present: true
  level: 52
  scale: 100
  voltage: 3591
  temperature: 292
  technology: Li-ion
Current Battery Service state:
  AC powered: false
  USB powered: false
  Wireless powered: false
  Max charging current: 0
  Max charging voltage: 0
  Charge counter: 3208119
  status: 3
  health: 2
  present: true
  level: 51
  scale: 100
  voltage: 3588
  temperature: 292
  technology: Li-ion
Current Battery Service state:
  AC powered: false
  USB powered: false
  Wireless powered: false
  Max charging current: 0
  Max charging voltage: 0
  Charge counter: 3208119
  status: 3
  health: 2
  present: true
  level: 51
  scale: 100
  voltage: 3588
  temperature: 292
  technology: Li-ion
Current Battery Service state:
  AC powered: false
  USB powered: false
  Wireless powered: false
  Max charging current: 0
  Max charging voltage: 0
  Charge counter: 3208119
  status: 3
  health: 2
  present: true
  level: 51
  scale: 100
  voltage: 3588
  temperature: 292
  technology: Li-ion
Current Battery Service state:
  AC powered: false
  USB powered: false
  Wireless powered: false
  Max charging current: 0
  Max charging voltage: 0
  Charge counter: 3208119
  status: 3
  health: 2
  present: true
  level: 51
  scale: 100
  voltage: 3588
  temperature: 292
  technology: Li-ion
Current Battery Service state:
  AC powered: false
  USB powered: false
  Wireless powered: false
  Max charging current: 0
  Max charging voltage: 0
  Charge counter: 3208119
  status: 3
  health: 2
  present: true
  level: 51
  scale: 100
  voltage: 3588
  temperature: 292
  technology: Li-ion
Current Battery Service state:
  AC powered: false
  USB powered: false
  Wireless powered: false
  Max charging current: 0
  Max charging voltage: 0
  Charge counter: 3208119
  status: 3
  health: 2
  present: true
  level: 51
  scale: 100
  voltage: 3588
  temperature: 292
  technology: Li-ion
Current Battery Service state:
  AC powered: false
  USB powered: false
  Wireless powered: false
  Max charging current: 0
  Max charging voltage: 0
  Charge counter: 3208119
  status: 3
  health: 2
  present: true
  level: 51
  scale: 100
  voltage: 3588
  temperature: 292
  technology: Li-ion
Current Battery Service state:
  AC powered: false
  USB powered: false
  Wireless powered: false
  Max charging current: 0
  Max charging voltage: 0
  Charge counter: 3208119
  status: 3
  health: 2
  present: true
  level: 51
  scale: 100
  voltage: 3588
  temperature: 292
  technology: Li-ion
Current Battery Service state:
  AC powered: false
  USB powered: false
  Wireless powered: false
  Max charging current: 0
  Max charging voltage: 0
  Charge counter: 3208119
  status: 3
  health: 2
  present: true
  level: 51
  scale: 100
  voltage: 3588
  temperature: 292
  technology: Li-ion
Current Battery Service state:
  AC powered: false
  USB powered: false
  Wireless powered: false
  Max charging current: 0
  Max charging voltage: 0
  Charge counter: 3208119
  status: 3
  health: 2
  present: true
  level: 51
  scale: 100
  voltage: 3588
  temperature: 292
  technology: Li-ion
Current Battery Service state:
  AC powered: false
  USB powered: false
  Wireless powered: false
  Max charging current: 0
  Max charging voltage: 0
  Charge counter: 3208119
  status: 3
  health: 2
  present: true
  level: 51
  scale: 100
  voltage: 3588
  temperature: 292
  technology: Li-ion
Current Battery Service state:
  AC powered: false
  USB powered: false
  Wireless powered: false
  Max charging current: 0
  Max charging voltage: 0
  Charge counter: 3200466
  status: 3
  health: 2
  present: true
  level: 51
  scale: 100
  voltage: 3587
  temperature: 295
  technology: Li-ion
Current Battery Service state:
  AC powered: false
  USB powered: false
  Wireless powered: false
  Max charging current: 0
  Max charging voltage: 0
  Charge counter: 3200466
  status: 3
  health: 2
  present: true
  level: 51
  scale: 100
  voltage: 3587
  temperature: 295
  technology: Li-ion
Current Battery Service state:
  AC powered: false
  USB powered: false
  Wireless powered: false
  Max charging current: 0
  Max charging voltage: 0
  Charge counter: 3200466
  status: 3
  health: 2
  present: true
  level: 51
  scale: 100
  voltage: 3587
  temperature: 295
  technology: Li-ion
Current Battery Service state:
  AC powered: false
  USB powered: false
  Wireless powered: false
  Max charging current: 0
  Max charging voltage: 0
  Charge counter: 3200466
  status: 3
  health: 2
  present: true
  level: 51
  scale: 100
  voltage: 3587
  temperature: 295
  technology: Li-ion
Current Battery Service state:
  AC powered: false
  USB powered: false
  Wireless powered: false
  Max charging current: 0
  Max charging voltage: 0
  Charge counter: 3200466
  status: 3
  health: 2
  present: true
  level: 51
  scale: 100
  voltage: 3587
  temperature: 295
  technology: Li-ion
Current Battery Service state:
  AC powered: false
  USB powered: false
  Wireless powered: false
  Max charging current: 0
  Max charging voltage: 0
  Charge counter: 3200466
  status: 3
  health: 2
  present: true
  level: 51
  scale: 100
  voltage: 3587
  temperature: 295
  technology: Li-ion
Current Battery Service state:
  AC powered: false
  USB powered: false
  Wireless powered: false
  Max charging current: 0
  Max charging voltage: 0
  Charge counter: 3200466
  status: 3
  health: 2
  present: true
  level: 51
  scale: 100
  voltage: 3587
  temperature: 295
  technology: Li-ion
Current Battery Service state:
  AC powered: false
  USB powered: false
  Wireless powered: false
  Max charging current: 0
  Max charging voltage: 0
  Charge counter: 3200466
  status: 3
  health: 2
  present: true
  level: 51
  scale: 100
  voltage: 3587
  temperature: 295
  technology: Li-ion
Current Battery Service state:
  AC powered: false
  USB powered: false
  Wireless powered: false
  Max charging current: 0
  Max charging voltage: 0
  Charge counter: 3200466
  status: 3
  health: 2
  present: true
  level: 51
  scale: 100
  voltage: 3587
  temperature: 295
  technology: Li-ion
Current Battery Service state:
  AC powered: false
  USB powered: false
  Wireless powered: false
  Max charging current: 0
  Max charging voltage: 0
  Charge counter: 3200466
  status: 3
  health: 2
  present: true
  level: 51
  scale: 100
  voltage: 3587
  temperature: 295
  technology: Li-ion
Current Battery Service state:
  AC powered: false
  USB powered: false
  Wireless powered: false
  Max charging current: 0
  Max charging voltage: 0
  Charge counter: 3192799
  status: 3
  health: 2
  present: true
  level: 51
  scale: 100
  voltage: 3588
  temperature: 295
  technology: Li-ion
Current Battery Service state:
  AC powered: false
  USB powered: false
  Wireless powered: false
  Max charging current: 0
  Max charging voltage: 0
  Charge counter: 3191522
  status: 3
  health: 2
  present: true
  level: 51
  scale: 100
  voltage: 3586
  temperature: 297
  technology: Li-ion
Current Battery Service state:
  AC powered: false
  USB powered: false
  Wireless powered: false
  Max charging current: 0
  Max charging voltage: 0
  Charge counter: 3191522
  status: 3
  health: 2
  present: true
  level: 51
  scale: 100
  voltage: 3586
  temperature: 297
  technology: Li-ion
Current Battery Service state:
  AC powered: false
  USB powered: false
  Wireless powered: false
  Max charging current: 0
  Max charging voltage: 0
  Charge counter: 3191522
  status: 3
  health: 2
  present: true
  level: 51
  scale: 100
  voltage: 3586
  temperature: 297
  technology: Li-ion
Current Battery Service state:
  AC powered: false
  USB powered: false
  Wireless powered: false
  Max charging current: 0
  Max charging voltage: 0
  Charge counter: 3191522
  status: 3
  health: 2
  present: true
  level: 51
  scale: 100
  voltage: 3586
  temperature: 297
  technology: Li-ion
Current Battery Service state:
  AC powered: false
  USB powered: false
  Wireless powered: false
  Max charging current: 0
  Max charging voltage: 0
  Charge counter: 3191522
  status: 3
  health: 2
  present: true
  level: 51
  scale: 100
  voltage: 3586
  temperature: 297
  technology: Li-ion
Current Battery Service state:
  AC powered: false
  USB powered: false
  Wireless powered: false
  Max charging current: 0
  Max charging voltage: 0
  Charge counter: 3191522
  status: 3
  health: 2
  present: true
  level: 51
  scale: 100
  voltage: 3586
  temperature: 297
  technology: Li-ion
Current Battery Service state:
  AC powered: false
  USB powered: false
  Wireless powered: false
  Max charging current: 0
  Max charging voltage: 0
  Charge counter: 3191522
  status: 3
  health: 2
  present: true
  level: 51
  scale: 100
  voltage: 3586
  temperature: 297
  technology: Li-ion
Current Battery Service state:
  AC powered: false
  USB powered: false
  Wireless powered: false
  Max charging current: 0
  Max charging voltage: 0
  Charge counter: 3191522
  status: 3
  health: 2
  present: true
  level: 51
  scale: 100
  voltage: 3586
  temperature: 297
  technology: Li-ion
Current Battery Service state:
  AC powered: false
  USB powered: false
  Wireless powered: false
  Max charging current: 0
  Max charging voltage: 0
  Charge counter: 3191522
  status: 3
  health: 2
  present: true
  level: 51
  scale: 100
  voltage: 3586
  temperature: 297
  technology: Li-ion
Current Battery Service state:
  AC powered: false
  USB powered: false
  Wireless powered: false
  Max charging current: 0
  Max charging voltage: 0
  Charge counter: 3184760
  status: 3
  health: 2
  present: true
  level: 51
  scale: 100
  voltage: 3586
  temperature: 295
  technology: Li-ion
Current Battery Service state:
  AC powered: false
  USB powered: false
  Wireless powered: false
  Max charging current: 0
  Max charging voltage: 0
  Charge counter: 3184760
  status: 3
  health: 2
  present: true
  level: 51
  scale: 100
  voltage: 3586
  temperature: 295
  technology: Li-ion
Current Battery Service state:
  AC powered: false
  USB powered: false
  Wireless powered: false
  Max charging current: 0
  Max charging voltage: 0
  Charge counter: 3184760
  status: 3
  health: 2
  present: true
  level: 51
  scale: 100
  voltage: 3586
  temperature: 295
  technology: Li-ion
Current Battery Service state:
  AC powered: false
  USB powered: false
  Wireless powered: false
  Max charging current: 0
  Max charging voltage: 0
  Charge counter: 3184760
  status: 3
  health: 2
  present: true
  level: 51
  scale: 100
  voltage: 3586
  temperature: 295
  technology: Li-ion
Current Battery Service state:
  AC powered: false
  USB powered: false
  Wireless powered: false
  Max charging current: 0
  Max charging voltage: 0
  Charge counter: 3184760
  status: 3
  health: 2
  present: true
  level: 51
  scale: 100
  voltage: 3586
  temperature: 295
  technology: Li-ion
Current Battery Service state:
  AC powered: false
  USB powered: false
  Wireless powered: false
  Max charging current: 0
  Max charging voltage: 0
  Charge counter: 3184760
  status: 3
  health: 2
  present: true
  level: 51
  scale: 100
  voltage: 3586
  temperature: 295
  technology: Li-ion
Current Battery Service state:
  AC powered: false
  USB powered: false
  Wireless powered: false
  Max charging current: 0
  Max charging voltage: 0
  Charge counter: 3184760
  status: 3
  health: 2
  present: true
  level: 51
  scale: 100
  voltage: 3586
  temperature: 295
  technology: Li-ion
Current Battery Service state:
  AC powered: false
  USB powered: false
  Wireless powered: false
  Max charging current: 0
  Max charging voltage: 0
  Charge counter: 3179228
  status: 3
  health: 2
  present: true
  level: 51
  scale: 100
  voltage: 3586
  temperature: 295
  technology: Li-ion
Current Battery Service state:
  AC powered: false
  USB powered: false
  Wireless powered: false
  Max charging current: 0
  Max charging voltage: 0
  Charge counter: 3179228
  status: 3
  health: 2
  present: true
  level: 51
  scale: 100
  voltage: 3586
  temperature: 295
  technology: Li-ion
Current Battery Service state:
  AC powered: false
  USB powered: false
  Wireless powered: false
  Max charging current: 0
  Max charging voltage: 0
  Charge counter: 3178475
  status: 3
  health: 2
  present: true
  level: 51
  scale: 100
  voltage: 3588
  temperature: 295
  technology: Li-ion
Current Battery Service state:
  AC powered: false
  USB powered: false
  Wireless powered: false
  Max charging current: 0
  Max charging voltage: 0
  Charge counter: 3176949
  status: 3
  health: 2
  present: true
  level: 51
  scale: 100
  voltage: 3586
  temperature: 295
  technology: Li-ion
Current Battery Service state:
  AC powered: false
  USB powered: false
  Wireless powered: false
  Max charging current: 0
  Max charging voltage: 0
  Charge counter: 3176949
  status: 3
  health: 2
  present: true
  level: 51
  scale: 100
  voltage: 3586
  temperature: 295
  technology: Li-ion
Current Battery Service state:
  AC powered: false
  USB powered: false
  Wireless powered: false
  Max charging current: 0
  Max charging voltage: 0
  Charge counter: 3176949
  status: 3
  health: 2
  present: true
  level: 51
  scale: 100
  voltage: 3586
  temperature: 295
  technology: Li-ion
Current Battery Service state:
  AC powered: false
  USB powered: false
  Wireless powered: false
  Max charging current: 0
  Max charging voltage: 0
  Charge counter: 3176949
  status: 3
  health: 2
  present: true
  level: 51
  scale: 100
  voltage: 3586
  temperature: 295
  technology: Li-ion
Current Battery Service state:
  AC powered: false
  USB powered: false
  Wireless powered: false
  Max charging current: 0
  Max charging voltage: 0
  Charge counter: 3176949
  status: 3
  health: 2
  present: true
  level: 51
  scale: 100
  voltage: 3586
  temperature: 295
  technology: Li-ion
Current Battery Service state:
  AC powered: false
  USB powered: false
  Wireless powered: false
  Max charging current: 0
  Max charging voltage: 0
  Charge counter: 3176949
  status: 3
  health: 2
  present: true
  level: 51
  scale: 100
  voltage: 3586
  temperature: 295
  technology: Li-ion
Current Battery Service state:
  AC powered: false
  USB powered: false
  Wireless powered: false
  Max charging current: 0
  Max charging voltage: 0
  Charge counter: 3176949
  status: 3
  health: 2
  present: true
  level: 51
  scale: 100
  voltage: 3586
  temperature: 295
  technology: Li-ion
Current Battery Service state:
  AC powered: false
  USB powered: false
  Wireless powered: false
  Max charging current: 0
  Max charging voltage: 0
  Charge counter: 3176949
  status: 3
  health: 2
  present: true
  level: 51
  scale: 100
  voltage: 3586
  temperature: 295
  technology: Li-ion
Current Battery Service state:
  AC powered: false
  USB powered: false
  Wireless powered: false
  Max charging current: 0
  Max charging voltage: 0
  Charge counter: 3176949
  status: 3
  health: 2
  present: true
  level: 51
  scale: 100
  voltage: 3586
  temperature: 295
  technology: Li-ion
Current Battery Service state:
  AC powered: false
  USB powered: false
  Wireless powered: false
  Max charging current: 0
  Max charging voltage: 0
  Charge counter: 3176949
  status: 3
  health: 2
  present: true
  level: 51
  scale: 100
  voltage: 3586
  temperature: 295
  technology: Li-ion
Current Battery Service state:
  AC powered: false
  USB powered: false
  Wireless powered: false
  Max charging current: 0
  Max charging voltage: 0
  Charge counter: 3169349
  status: 3
  health: 2
  present: true
  level: 51
  scale: 100
  voltage: 3585
  temperature: 292
  technology: Li-ion
Current Battery Service state:
  AC powered: false
  USB powered: false
  Wireless powered: false
  Max charging current: 0
  Max charging voltage: 0
  Charge counter: 3169349
  status: 3
  health: 2
  present: true
  level: 51
  scale: 100
  voltage: 3585
  temperature: 292
  technology: Li-ion
Current Battery Service state:
  AC powered: false
  USB powered: false
  Wireless powered: false
  Max charging current: 0
  Max charging voltage: 0
  Charge counter: 3169349
  status: 3
  health: 2
  present: true
  level: 51
  scale: 100
  voltage: 3585
  temperature: 292
  technology: Li-ion
Current Battery Service state:
  AC powered: false
  USB powered: false
  Wireless powered: false
  Max charging current: 0
  Max charging voltage: 0
  Charge counter: 3169349
  status: 3
  health: 2
  present: true
  level: 51
  scale: 100
  voltage: 3585
  temperature: 292
  technology: Li-ion
Current Battery Service state:
  AC powered: false
  USB powered: false
  Wireless powered: false
  Max charging current: 0
  Max charging voltage: 0
  Charge counter: 3169349
  status: 3
  health: 2
  present: true
  level: 51
  scale: 100
  voltage: 3585
  temperature: 292
  technology: Li-ion
Current Battery Service state:
  AC powered: false
  USB powered: false
  Wireless powered: false
  Max charging current: 0
  Max charging voltage: 0
  Charge counter: 3169349
  status: 3
  health: 2
  present: true
  level: 51
  scale: 100
  voltage: 3585
  temperature: 292
  technology: Li-ion
Current Battery Service state:
  AC powered: false
  USB powered: false
  Wireless powered: false
  Max charging current: 0
  Max charging voltage: 0
  Charge counter: 3169349
  status: 3
  health: 2
  present: true
  level: 51
  scale: 100
  voltage: 3585
  temperature: 292
  technology: Li-ion
Current Battery Service state:
  AC powered: false
  USB powered: false
  Wireless powered: false
  Max charging current: 0
  Max charging voltage: 0
  Charge counter: 3169349
  status: 3
  health: 2
  present: true
  level: 51
  scale: 100
  voltage: 3585
  temperature: 292
  technology: Li-ion
Current Battery Service state:
  AC powered: false
  USB powered: false
  Wireless powered: false
  Max charging current: 0
  Max charging voltage: 0
  Charge counter: 3169349
  status: 3
  health: 2
  present: true
  level: 51
  scale: 100
  voltage: 3585
  temperature: 292
  technology: Li-ion
Current Battery Service state:
  AC powered: false
  USB powered: false
  Wireless powered: false
  Max charging current: 0
  Max charging voltage: 0
  Charge counter: 3169349
  status: 3
  health: 2
  present: true
  level: 51
  scale: 100
  voltage: 3585
  temperature: 292
  technology: Li-ion
Current Battery Service state:
  AC powered: false
  USB powered: false
  Wireless powered: false
  Max charging current: 0
  Max charging voltage: 0
  Charge counter: 3161740
  status: 3
  health: 2
  present: true
  level: 51
  scale: 100
  voltage: 3582
  temperature: 295
  technology: Li-ion
Current Battery Service state:
  AC powered: false
  USB powered: false
  Wireless powered: false
  Max charging current: 0
  Max charging voltage: 0
  Charge counter: 3161740
  status: 3
  health: 2
  present: true
  level: 51
  scale: 100
  voltage: 3582
  temperature: 295
  technology: Li-ion
Current Battery Service state:
  AC powered: false
  USB powered: false
  Wireless powered: false
  Max charging current: 0
  Max charging voltage: 0
  Charge counter: 3161740
  status: 3
  health: 2
  present: true
  level: 51
  scale: 100
  voltage: 3582
  temperature: 295
  technology: Li-ion
Current Battery Service state:
  AC powered: false
  USB powered: false
  Wireless powered: false
  Max charging current: 0
  Max charging voltage: 0
  Charge counter: 3161740
  status: 3
  health: 2
  present: true
  level: 51
  scale: 100
  voltage: 3582
  temperature: 295
  technology: Li-ion
Current Battery Service state:
  AC powered: false
  USB powered: false
  Wireless powered: false
  Max charging current: 0
  Max charging voltage: 0
  Charge counter: 3161740
  status: 3
  health: 2
  present: true
  level: 51
  scale: 100
  voltage: 3582
  temperature: 295
  technology: Li-ion
Current Battery Service state:
  AC powered: false
  USB powered: false
  Wireless powered: false
  Max charging current: 0
  Max charging voltage: 0
  Charge counter: 3161740
  status: 3
  health: 2
  present: true
  level: 51
  scale: 100
  voltage: 3582
  temperature: 295
  technology: Li-ion
Current Battery Service state:
  AC powered: false
  USB powered: false
  Wireless powered: false
  Max charging current: 0
  Max charging voltage: 0
  Charge counter: 3161740
  status: 3
  health: 2
  present: true
  level: 51
  scale: 100
  voltage: 3582
  temperature: 295
  technology: Li-ion
Current Battery Service state:
  AC powered: false
  USB powered: false
  Wireless powered: false
  Max charging current: 0
  Max charging voltage: 0
  Charge counter: 3161740
  status: 3
  health: 2
  present: true
  level: 51
  scale: 100
  voltage: 3582
  temperature: 295
  technology: Li-ion
Current Battery Service state:
  AC powered: false
  USB powered: false
  Wireless powered: false
  Max charging current: 0
  Max charging voltage: 0
  Charge counter: 3161740
  status: 3
  health: 2
  present: true
  level: 51
  scale: 100
  voltage: 3582
  temperature: 295
  technology: Li-ion
Current Battery Service state:
  AC powered: false
  USB powered: false
  Wireless powered: false
  Max charging current: 0
  Max charging voltage: 0
  Charge counter: 3161740
  status: 3
  health: 2
  present: true
  level: 51
  scale: 100
  voltage: 3582
  temperature: 295
  technology: Li-ion
Current Battery Service state:
  AC powered: false
  USB powered: false
  Wireless powered: false
  Max charging current: 0
  Max charging voltage: 0
  Charge counter: 3154105
  status: 3
  health: 2
  present: true
  level: 51
  scale: 100
  voltage: 3582
  temperature: 295
  technology: Li-ion
Current Battery Service state:
  AC powered: false
  USB powered: false
  Wireless powered: false
  Max charging current: 0
  Max charging voltage: 0
  Charge counter: 3154105
  status: 3
  health: 2
  present: true
  level: 51
  scale: 100
  voltage: 3582
  temperature: 295
  technology: Li-ion
Current Battery Service state:
  AC powered: false
  USB powered: false
  Wireless powered: false
  Max charging current: 0
  Max charging voltage: 0
  Charge counter: 3154105
  status: 3
  health: 2
  present: true
  level: 51
  scale: 100
  voltage: 3582
  temperature: 295
  technology: Li-ion
Current Battery Service state:
  AC powered: false
  USB powered: false
  Wireless powered: false
  Max charging current: 0
  Max charging voltage: 0
  Charge counter: 3154105
  status: 3
  health: 2
  present: true
  level: 51
  scale: 100
  voltage: 3582
  temperature: 295
  technology: Li-ion
Current Battery Service state:
  AC powered: false
  USB powered: false
  Wireless powered: false
  Max charging current: 0
  Max charging voltage: 0
  Charge counter: 3150952
  status: 3
  health: 2
  present: true
  level: 51
  scale: 100
  voltage: 3583
  temperature: 295
  technology: Li-ion
Current Battery Service state:
  AC powered: false
  USB powered: false
  Wireless powered: false
  Max charging current: 0
  Max charging voltage: 0
  Charge counter: 3150952
  status: 3
  health: 2
  present: true
  level: 51
  scale: 100
  voltage: 3583
  temperature: 295
  technology: Li-ion
Current Battery Service state:
  AC powered: false
  USB powered: false
  Wireless powered: false
  Max charging current: 0
  Max charging voltage: 0
  Charge counter: 3150952
  status: 3
  health: 2
  present: true
  level: 51
  scale: 100
  voltage: 3583
  temperature: 295
  technology: Li-ion
Current Battery Service state:
  AC powered: false
  USB powered: false
  Wireless powered: false
  Max charging current: 0
  Max charging voltage: 0
  Charge counter: 3150952
  status: 3
  health: 2
  present: true
  level: 51
  scale: 100
  voltage: 3583
  temperature: 295
  technology: Li-ion
Current Battery Service state:
  AC powered: false
  USB powered: false
  Wireless powered: false
  Max charging current: 0
  Max charging voltage: 0
  Charge counter: 3150952
  status: 3
  health: 2
  present: true
  level: 51
  scale: 100
  voltage: 3583
  temperature: 295
  technology: Li-ion
Current Battery Service state:
  AC powered: false
  USB powered: false
  Wireless powered: false
  Max charging current: 0
  Max charging voltage: 0
  Charge counter: 3150952
  status: 3
  health: 2
  present: true
  level: 51
  scale: 100
  voltage: 3583
  temperature: 295
  technology: Li-ion
Current Battery Service state:
  AC powered: false
  USB powered: false
  Wireless powered: false
  Max charging current: 0
  Max charging voltage: 0
  Charge counter: 3146348
  status: 3
  health: 2
  present: true
  level: 51
  scale: 100
  voltage: 3581
  temperature: 295
  technology: Li-ion
Current Battery Service state:
  AC powered: false
  USB powered: false
  Wireless powered: false
  Max charging current: 0
  Max charging voltage: 0
  Charge counter: 3146348
  status: 3
  health: 2
  present: true
  level: 51
  scale: 100
  voltage: 3581
  temperature: 295
  technology: Li-ion
Current Battery Service state:
  AC powered: false
  USB powered: false
  Wireless powered: false
  Max charging current: 0
  Max charging voltage: 0
  Charge counter: 3146348
  status: 3
  health: 2
  present: true
  level: 51
  scale: 100
  voltage: 3581
  temperature: 295
  technology: Li-ion
Current Battery Service state:
  AC powered: false
  USB powered: false
  Wireless powered: false
  Max charging current: 0
  Max charging voltage: 0
  Charge counter: 3146348
  status: 3
  health: 2
  present: true
  level: 51
  scale: 100
  voltage: 3581
  temperature: 295
  technology: Li-ion
Current Battery Service state:
  AC powered: false
  USB powered: false
  Wireless powered: false
  Max charging current: 0
  Max charging voltage: 0
  Charge counter: 3146348
  status: 3
  health: 2
  present: true
  level: 51
  scale: 100
  voltage: 3581
  temperature: 295
  technology: Li-ion
Current Battery Service state:
  AC powered: false
  USB powered: false
  Wireless powered: false
  Max charging current: 0
  Max charging voltage: 0
  Charge counter: 3146348
  status: 3
  health: 2
  present: true
  level: 51
  scale: 100
  voltage: 3581
  temperature: 295
  technology: Li-ion
Current Battery Service state:
  AC powered: false
  USB powered: false
  Wireless powered: false
  Max charging current: 0
  Max charging voltage: 0
  Charge counter: 3146348
  status: 3
  health: 2
  present: true
  level: 51
  scale: 100
  voltage: 3581
  temperature: 295
  technology: Li-ion
Current Battery Service state:
  AC powered: false
  USB powered: false
  Wireless powered: false
  Max charging current: 0
  Max charging voltage: 0
  Charge counter: 3146348
  status: 3
  health: 2
  present: true
  level: 51
  scale: 100
  voltage: 3581
  temperature: 295
  technology: Li-ion
Current Battery Service state:
  AC powered: false
  USB powered: false
  Wireless powered: false
  Max charging current: 0
  Max charging voltage: 0
  Charge counter: 3146348
  status: 3
  health: 2
  present: true
  level: 51
  scale: 100
  voltage: 3581
  temperature: 295
  technology: Li-ion
Current Battery Service state:
  AC powered: false
  USB powered: false
  Wireless powered: false
  Max charging current: 0
  Max charging voltage: 0
  Charge counter: 3146348
  status: 3
  health: 2
  present: true
  level: 51
  scale: 100
  voltage: 3581
  temperature: 295
  technology: Li-ion
Current Battery Service state:
  AC powered: false
  USB powered: false
  Wireless powered: false
  Max charging current: 0
  Max charging voltage: 0
  Charge counter: 3138750
  status: 3
  health: 2
  present: true
  level: 50
  scale: 100
  voltage: 3589
  temperature: 295
  technology: Li-ion
Current Battery Service state:
  AC powered: false
  USB powered: false
  Wireless powered: false
  Max charging current: 0
  Max charging voltage: 0
  Charge counter: 3138750
  status: 3
  health: 2
  present: true
  level: 50
  scale: 100
  voltage: 3589
  temperature: 295
  technology: Li-ion
Current Battery Service state:
  AC powered: false
  USB powered: false
  Wireless powered: false
  Max charging current: 0
  Max charging voltage: 0
  Charge counter: 3138750
  status: 3
  health: 2
  present: true
  level: 50
  scale: 100
  voltage: 3589
  temperature: 295
  technology: Li-ion
Current Battery Service state:
  AC powered: false
  USB powered: false
  Wireless powered: false
  Max charging current: 0
  Max charging voltage: 0
  Charge counter: 3138750
  status: 3
  health: 2
  present: true
  level: 50
  scale: 100
  voltage: 3589
  temperature: 295
  technology: Li-ion
Current Battery Service state:
  AC powered: false
  USB powered: false
  Wireless powered: false
  Max charging current: 0
  Max charging voltage: 0
  Charge counter: 3138750
  status: 3
  health: 2
  present: true
  level: 50
  scale: 100
  voltage: 3589
  temperature: 295
  technology: Li-ion
Current Battery Service state:
  AC powered: false
  USB powered: false
  Wireless powered: false
  Max charging current: 0
  Max charging voltage: 0
  Charge counter: 3138750
  status: 3
  health: 2
  present: true
  level: 50
  scale: 100
  voltage: 3589
  temperature: 295
  technology: Li-ion
Current Battery Service state:
  AC powered: false
  USB powered: false
  Wireless powered: false
  Max charging current: 0
  Max charging voltage: 0
  Charge counter: 3138750
  status: 3
  health: 2
  present: true
  level: 50
  scale: 100
  voltage: 3589
  temperature: 295
  technology: Li-ion
Current Battery Service state:
  AC powered: false
  USB powered: false
  Wireless powered: false
  Max charging current: 0
  Max charging voltage: 0
  Charge counter: 3138750
  status: 3
  health: 2
  present: true
  level: 50
  scale: 100
  voltage: 3589
  temperature: 295
  technology: Li-ion
Current Battery Service state:
  AC powered: false
  USB powered: false
  Wireless powered: false
  Max charging current: 0
  Max charging voltage: 0
  Charge counter: 3138750
  status: 3
  health: 2
  present: true
  level: 50
  scale: 100
  voltage: 3589
  temperature: 295
  technology: Li-ion
Current Battery Service state:
  AC powered: false
  USB powered: false
  Wireless powered: false
  Max charging current: 0
  Max charging voltage: 0
  Charge counter: 3138750
  status: 3
  health: 2
  present: true
  level: 50
  scale: 100
  voltage: 3589
  temperature: 295
  technology: Li-ion
Current Battery Service state:
  AC powered: false
  USB powered: false
  Wireless powered: false
  Max charging current: 0
  Max charging voltage: 0
  Charge counter: 3131291
  status: 3
  health: 2
  present: true
  level: 50
  scale: 100
  voltage: 3585
  temperature: 295
  technology: Li-ion
Current Battery Service state:
  AC powered: false
  USB powered: false
  Wireless powered: false
  Max charging current: 0
  Max charging voltage: 0
  Charge counter: 3131291
  status: 3
  health: 2
  present: true
  level: 50
  scale: 100
  voltage: 3585
  temperature: 295
  technology: Li-ion
Current Battery Service state:
  AC powered: false
  USB powered: false
  Wireless powered: false
  Max charging current: 0
  Max charging voltage: 0
  Charge counter: 3131291
  status: 3
  health: 2
  present: true
  level: 50
  scale: 100
  voltage: 3585
  temperature: 295
  technology: Li-ion
Current Battery Service state:
  AC powered: false
  USB powered: false
  Wireless powered: false
  Max charging current: 0
  Max charging voltage: 0
  Charge counter: 3131291
  status: 3
  health: 2
  present: true
  level: 50
  scale: 100
  voltage: 3585
  temperature: 295
  technology: Li-ion
Current Battery Service state:
  AC powered: false
  USB powered: false
  Wireless powered: false
  Max charging current: 0
  Max charging voltage: 0
  Charge counter: 3131291
  status: 3
  health: 2
  present: true
  level: 50
  scale: 100
  voltage: 3585
  temperature: 295
  technology: Li-ion
Current Battery Service state:
  AC powered: false
  USB powered: false
  Wireless powered: false
  Max charging current: 0
  Max charging voltage: 0
  Charge counter: 3131291
  status: 3
  health: 2
  present: true
  level: 50
  scale: 100
  voltage: 3585
  temperature: 295
  technology: Li-ion
