02-28 13:24:49.773  5649  5649 I BatteryMgr:DataCollectionService: onStartCommand: begin
02-28 13:24:49.774  5649  5649 I BatteryMgr:DataCollectionService: onStartCommand: sampleRate => 1000
02-28 13:24:49.774  5649  5649 I BatteryMgr:DataCollectionService: onStartCommand: rawFields => Timestamp,BATTERY_PROPERTY_CURRENT_NOW,EXTRA_VOLTAGE
02-28 13:24:49.774  5649  5649 I BatteryMgr:DataCollectionService: onStartCommand: notification done
02-28 13:24:49.778  5649  5649 I BatteryMgr:DataCollectionService: started foreground
02-28 13:24:49.786  5649  6439 I BatteryMgr:DataCollectionService: collectData: begin
02-28 13:24:49.787  5649  6439 I BatteryMgr:DataCollectionService: stats => 1709123089787,-2604002,3610
02-28 13:24:50.790  5649  6439 I BatteryMgr:DataCollectionService: stats => 1709123090790,-2626951,3610
02-28 13:24:51.793  5649  6439 I BatteryMgr:DataCollectionService: stats => 1709123091793,-2594236,3610
02-28 13:24:52.797  5649  6439 I BatteryMgr:DataCollectionService: stats => 1709123092797,-2236815,3610
02-28 13:24:53.800  5649  6439 I BatteryMgr:DataCollectionService: stats => 1709123093799,-2212401,3610
02-28 13:24:54.812  5649  6439 I BatteryMgr:DataCollectionService: stats => 1709123094812,-2263670,3610
02-28 13:24:55.815  5649  6439 I BatteryMgr:DataCollectionService: stats => 1709123095814,-2227049,3627
02-28 13:24:56.817  5649  6439 I BatteryMgr:DataCollectionService: stats => 1709123096817,-2194334,3627
02-28 13:24:57.822  5649  6439 I BatteryMgr:DataCollectionService: stats => 1709123097822,-2230955,3627
02-28 13:24:58.826  5649  6439 I BatteryMgr:DataCollectionService: stats => 1709123098826,-2605467,3627
02-28 13:24:59.834  5649  6439 I BatteryMgr:DataCollectionService: stats => 1709123099834,-2694334,3627
02-28 13:25:00.838  5649  6439 I BatteryMgr:DataCollectionService: stats => 1709123100838,-2680662,3627
02-28 13:25:01.841  5649  6439 I BatteryMgr:DataCollectionService: stats => 1709123101841,-2713865,3627
02-28 13:25:02.844  5649  6439 I BatteryMgr:DataCollectionService: stats => 1709123102844,-2640135,3627
02-28 13:25:03.848  5649  6439 I BatteryMgr:DataCollectionService: stats => 1709123103847,-2651365,3627
02-28 13:25:04.856  5649  6439 I BatteryMgr:DataCollectionService: stats => 1709123104856,-2214354,3629
02-28 13:25:05.858  5649  6439 I BatteryMgr:DataCollectionService: stats => 1709123105858,-2720213,3629
02-28 13:25:06.863  5649  6439 I BatteryMgr:DataCollectionService: stats => 1709123106863,-2735838,3629
02-28 13:25:07.871  5649  6439 I BatteryMgr:DataCollectionService: stats => 1709123107871,-2703123,3629
02-28 13:25:08.875  5649  6439 I BatteryMgr:DataCollectionService: stats => 1709123108874,-2713377,3629
02-28 13:25:09.879  5649  6439 I BatteryMgr:DataCollectionService: stats => 1709123109878,-2744627,3629
02-28 13:25:10.882  5649  6439 I BatteryMgr:DataCollectionService: stats => 1709123110882,-2739256,3629
02-28 13:25:11.887  5649  6439 I BatteryMgr:DataCollectionService: stats => 1709123111887,-2722654,3629
02-28 13:25:12.893  5649  6439 I BatteryMgr:DataCollectionService: stats => 1709123112893,-2684568,3629
02-28 13:25:13.904  5649  6439 I BatteryMgr:DataCollectionService: stats => 1709123113904,-2698729,3601
02-28 13:25:14.908  5649  6439 I BatteryMgr:DataCollectionService: stats => 1709123114908,-2684568,3601
02-28 13:25:15.911  5649  6439 I BatteryMgr:DataCollectionService: stats => 1709123115911,-2731932,3601
02-28 13:25:16.915  5649  6439 I BatteryMgr:DataCollectionService: stats => 1709123116914,-2722166,3601
02-28 13:25:17.918  5649  6439 I BatteryMgr:DataCollectionService: stats => 1709123117918,-2727537,3601
02-28 13:25:18.921  5649  6439 I BatteryMgr:DataCollectionService: stats => 1709123118921,-2742186,3601
02-28 13:25:19.933  5649  6439 I BatteryMgr:DataCollectionService: stats => 1709123119933,-2692381,3601
02-28 13:25:20.936  5649  6439 I BatteryMgr:DataCollectionService: stats => 1709123120936,-2682127,3601
02-28 13:25:21.939  5649  6439 I BatteryMgr:DataCollectionService: stats => 1709123121939,-2699217,3601
02-28 13:25:22.943  5649  6439 I BatteryMgr:DataCollectionService: stats => 1709123122943,-2687986,3601
02-28 13:25:23.947  5649  6439 I BatteryMgr:DataCollectionService: stats => 1709123123947,-2683592,3601
02-28 13:25:24.949  5649  6439 I BatteryMgr:DataCollectionService: stats => 1709123124949,-2314451,3622
02-28 13:25:25.951  5649  6439 I BatteryMgr:DataCollectionService: stats => 1709123125951,-2660154,3622
02-28 13:25:26.953  5649  6439 I BatteryMgr:DataCollectionService: stats => 1709123126953,-2685545,3622
02-28 13:25:27.956  5649  6439 I BatteryMgr:DataCollectionService: stats => 1709123127956,-2675779,3622
02-28 13:25:28.958  5649  6439 I BatteryMgr:DataCollectionService: stats => 1709123128958,-2749022,3622
02-28 13:25:29.968  5649  6439 I BatteryMgr:DataCollectionService: stats => 1709123129968,-2656736,3622
02-28 13:25:30.973  5649  6439 I BatteryMgr:DataCollectionService: stats => 1709123130972,-2708494,3622
02-28 13:25:31.976  5649  6439 I BatteryMgr:DataCollectionService: stats => 1709123131976,-2752439,3622
02-28 13:25:32.981  5649  6439 I BatteryMgr:DataCollectionService: stats => 1709123132981,-2718748,3622
02-28 13:25:33.986  5649  6439 I BatteryMgr:DataCollectionService: stats => 1709123133985,-2723631,3622
02-28 13:25:34.989  5649  6439 I BatteryMgr:DataCollectionService: stats => 1709123134989,-2759764,3596
02-28 13:25:35.992  5649  6439 I BatteryMgr:DataCollectionService: stats => 1709123135992,-2717283,3596
02-28 13:25:36.994  5649  6439 I BatteryMgr:DataCollectionService: stats => 1709123136994,-2750486,3598
02-28 13:25:37.998  5649  6439 I BatteryMgr:DataCollectionService: stats => 1709123137998,-2730955,3598
02-28 13:25:39.002  5649  6439 I BatteryMgr:DataCollectionService: stats => 1709123139002,-2723631,3598
02-28 13:25:40.007  5649  6439 I BatteryMgr:DataCollectionService: stats => 1709123140007,-2732420,3598
02-28 13:25:41.013  5649  6439 I BatteryMgr:DataCollectionService: stats => 1709123141013,-2736815,3598
02-28 13:25:42.016  5649  6439 I BatteryMgr:DataCollectionService: stats => 1709123142016,-2693357,3598
02-28 13:25:43.020  5649  6439 I BatteryMgr:DataCollectionService: stats => 1709123143020,-2731443,3598
02-28 13:25:44.025  5649  6439 I BatteryMgr:DataCollectionService: stats => 1709123144025,-2779295,3598
02-28 13:25:45.029  5649  6439 I BatteryMgr:DataCollectionService: stats => 1709123145029,-2751463,3595
02-28 13:25:46.032  5649  6439 I BatteryMgr:DataCollectionService: stats => 1709123146032,-2712400,3595
02-28 13:25:47.036  5649  6439 I BatteryMgr:DataCollectionService: stats => 1709123147035,-2771482,3595
02-28 13:25:48.038  5649  6439 I BatteryMgr:DataCollectionService: stats => 1709123148038,-2735350,3595
02-28 13:25:49.042  5649  6439 I BatteryMgr:DataCollectionService: stats => 1709123149042,-2682127,3595
02-28 13:25:50.048  5649  6439 I BatteryMgr:DataCollectionService: stats => 1709123150048,-2702635,3597
02-28 13:25:51.054  5649  6439 I BatteryMgr:DataCollectionService: stats => 1709123151054,-2682127,3597
02-28 13:25:52.061  5649  6439 I BatteryMgr:DataCollectionService: stats => 1709123152061,-2704100,3597
02-28 13:25:53.065  5649  6439 I BatteryMgr:DataCollectionService: stats => 1709123153065,-2673338,3597
02-28 13:25:54.067  5649  6439 I BatteryMgr:DataCollectionService: stats => 1709123154067,-2749022,3597
02-28 13:25:55.072  5649  6439 I BatteryMgr:DataCollectionService: stats => 1709123155071,-2703123,3597
02-28 13:25:56.074  5649  6439 I BatteryMgr:DataCollectionService: stats => 1709123156074,-2746092,3597
02-28 13:25:57.083  5649  6439 I BatteryMgr:DataCollectionService: stats => 1709123157082,-2767576,3597
02-28 13:25:58.086  5649  6439 I BatteryMgr:DataCollectionService: stats => 1709123158086,-2723631,3597
02-28 13:25:59.089  5649  6439 I BatteryMgr:DataCollectionService: stats => 1709123159088,-2715330,3597
02-28 13:26:00.093  5649  6439 I BatteryMgr:DataCollectionService: stats => 1709123160093,-2728514,3597
02-28 13:26:01.095  5649  6439 I BatteryMgr:DataCollectionService: stats => 1709123161095,-2790037,3597
02-28 13:26:02.099  5649  6439 I BatteryMgr:DataCollectionService: stats => 1709123162099,-2727049,3597
02-28 13:26:03.104  5649  6439 I BatteryMgr:DataCollectionService: stats => 1709123163104,-2705565,3597
02-28 13:26:04.107  5649  6439 I BatteryMgr:DataCollectionService: stats => 1709123164106,-2694334,3597
02-28 13:26:05.109  5649  6439 I BatteryMgr:DataCollectionService: stats => 1709123165109,-2718748,3595
02-28 13:26:06.113  5649  6439 I BatteryMgr:DataCollectionService: stats => 1709123166113,-2705076,3595
02-28 13:26:07.122  5649  6439 I BatteryMgr:DataCollectionService: stats => 1709123167122,-2726072,3595
02-28 13:26:08.142  5649  6439 I BatteryMgr:DataCollectionService: stats => 1709123168142,-2729002,3595
02-28 13:26:09.146  5649  6439 I BatteryMgr:DataCollectionService: stats => 1709123169146,-2715330,3595
02-28 13:26:10.149  5649  6439 I BatteryMgr:DataCollectionService: stats => 1709123170149,-2694334,3595
02-28 13:26:11.152  5649  6439 I BatteryMgr:DataCollectionService: stats => 1709123171152,-2791014,3595
02-28 13:26:12.155  5649  6439 I BatteryMgr:DataCollectionService: stats => 1709123172155,-2767088,3595
02-28 13:26:13.167  5649  6439 I BatteryMgr:DataCollectionService: stats => 1709123173167,-2644529,3595
02-28 13:26:14.171  5649  6439 I BatteryMgr:DataCollectionService: stats => 1709123174171,-2757811,3595
02-28 13:26:15.176  5649  6439 I BatteryMgr:DataCollectionService: stats => 1709123175176,-2745604,3593
02-28 13:26:16.180  5649  6439 I BatteryMgr:DataCollectionService: stats => 1709123176180,-2717772,3593
02-28 13:26:17.185  5649  6439 I BatteryMgr:DataCollectionService: stats => 1709123177184,-2727537,3593
02-28 13:26:18.187  5649  6439 I BatteryMgr:DataCollectionService: stats => 1709123178187,-2768064,3593
02-28 13:26:19.195  5649  6439 I BatteryMgr:DataCollectionService: stats => 1709123179195,-2756346,3593
02-28 13:26:20.203  5649  6439 I BatteryMgr:DataCollectionService: stats => 1709123180203,-2723631,3593
02-28 13:26:21.209  5649  6439 I BatteryMgr:DataCollectionService: stats => 1709123181209,-2722166,3593
02-28 13:26:22.217  5649  6439 I BatteryMgr:DataCollectionService: stats => 1709123182217,-2782225,3593
02-28 13:26:23.225  5649  6439 I BatteryMgr:DataCollectionService: stats => 1709123183225,-2707518,3593
02-28 13:26:24.229  5649  6439 I BatteryMgr:DataCollectionService: stats => 1709123184229,-2727537,3593
02-28 13:26:25.232  5649  6439 I BatteryMgr:DataCollectionService: stats => 1709123185232,-2738279,3592
02-28 13:26:26.238  5649  6439 I BatteryMgr:DataCollectionService: stats => 1709123186236,-2703123,3594
02-28 13:26:27.245  5649  6439 I BatteryMgr:DataCollectionService: stats => 1709123187245,-2765135,3594
02-28 13:26:28.250  5649  6439 I BatteryMgr:DataCollectionService: stats => 1709123188250,-2787107,3594
02-28 13:26:29.255  5649  6439 I BatteryMgr:DataCollectionService: stats => 1709123189255,-2740232,3594
02-28 13:26:30.258  5649  6439 I BatteryMgr:DataCollectionService: stats => 1709123190258,-2804197,3594
02-28 13:26:31.264  5649  6439 I BatteryMgr:DataCollectionService: stats => 1709123191264,-2740721,3594
02-28 13:26:32.273  5649  6439 I BatteryMgr:DataCollectionService: stats => 1709123192272,-2719236,3594
02-28 13:26:33.278  5649  6439 I BatteryMgr:DataCollectionService: stats => 1709123193278,-2674315,3594
02-28 13:26:34.290  5649  6439 I BatteryMgr:DataCollectionService: stats => 1709123194290,-2739256,3594
02-28 13:26:35.295  5649  6439 I BatteryMgr:DataCollectionService: stats => 1709123195295,-2695799,3591
02-28 13:26:36.298  5649  6439 I BatteryMgr:DataCollectionService: stats => 1709123196298,-2709959,3591
02-28 13:26:37.301  5649  6439 I BatteryMgr:DataCollectionService: stats => 1709123197301,-2722166,3591
02-28 13:26:38.304  5649  6439 I BatteryMgr:DataCollectionService: stats => 1709123198304,-2762693,3591
02-28 13:26:39.308  5649  6439 I BatteryMgr:DataCollectionService: stats => 1709123199308,-2725096,3591
02-28 13:26:40.311  5649  6439 I BatteryMgr:DataCollectionService: stats => 1709123200311,-2776854,3592
02-28 13:26:41.315  5649  6439 I BatteryMgr:DataCollectionService: stats => 1709123201315,-2717283,3592
02-28 13:26:42.318  5649  6439 I BatteryMgr:DataCollectionService: stats => 1709123202318,-2755369,3592
02-28 13:26:43.324  5649  6439 I BatteryMgr:DataCollectionService: stats => 1709123203324,-2717283,3592
02-28 13:26:44.328  5649  6439 I BatteryMgr:DataCollectionService: stats => 1709123204327,-2718748,3592
02-28 13:26:45.332  5649  6439 I BatteryMgr:DataCollectionService: stats => 1709123205332,-2767576,3592
02-28 13:26:46.337  5649  6439 I BatteryMgr:DataCollectionService: stats => 1709123206337,-2728514,3592
02-28 13:26:47.339  5649  6439 I BatteryMgr:DataCollectionService: stats => 1709123207338,-2749510,3592
02-28 13:26:48.341  5649  6439 I BatteryMgr:DataCollectionService: stats => 1709123208341,-2751951,3592
02-28 13:26:49.344  5649  6439 I BatteryMgr:DataCollectionService: stats => 1709123209344,-2715330,3592
02-28 13:26:50.348  5649  6439 I BatteryMgr:DataCollectionService: stats => 1709123210348,-2739744,3592
02-28 13:26:51.352  5649  6439 I BatteryMgr:DataCollectionService: stats => 1709123211351,-2736326,3592
02-28 13:26:52.362  5649  6439 I BatteryMgr:DataCollectionService: stats => 1709123212362,-2697264,3592
02-28 13:26:53.366  5649  6439 I BatteryMgr:DataCollectionService: stats => 1709123213366,-2762693,3592
02-28 13:26:54.370  5649  6439 I BatteryMgr:DataCollectionService: stats => 1709123214370,-2722654,3592
02-28 13:26:55.376  5649  6439 I BatteryMgr:DataCollectionService: stats => 1709123215376,-2827635,3591
02-28 13:26:56.379  5649  6439 I BatteryMgr:DataCollectionService: stats => 1709123216379,-2717283,3591
02-28 13:26:57.384  5649  6439 I BatteryMgr:DataCollectionService: stats => 1709123217384,-2759764,3591
02-28 13:26:58.388  5649  6439 I BatteryMgr:DataCollectionService: stats => 1709123218387,-2708494,3591
02-28 13:26:59.391  5649  6439 I BatteryMgr:DataCollectionService: stats => 1709123219391,-2709959,3591
02-28 13:27:00.396  5649  6439 I BatteryMgr:DataCollectionService: stats => 1709123220396,-2759275,3591
02-28 13:27:01.422  5649  6439 I BatteryMgr:DataCollectionService: stats => 1709123221422,-2772459,3591
02-28 13:27:02.426  5649  6439 I BatteryMgr:DataCollectionService: stats => 1709123222426,-2758787,3591
02-28 13:27:03.431  5649  6439 I BatteryMgr:DataCollectionService: stats => 1709123223431,-2769529,3591
02-28 13:27:04.438  5649  6439 I BatteryMgr:DataCollectionService: stats => 1709123224437,-2759275,3588
02-28 13:27:05.444  5649  6439 I BatteryMgr:DataCollectionService: stats => 1709123225444,-2754881,3588
02-28 13:27:06.449  5649  6439 I BatteryMgr:DataCollectionService: stats => 1709123226449,-2775389,3588
02-28 13:27:07.461  5649  6439 I BatteryMgr:DataCollectionService: stats => 1709123227461,-2770994,3588
02-28 13:27:08.464  5649  6439 I BatteryMgr:DataCollectionService: stats => 1709123228464,-2731932,3588
02-28 13:27:09.467  5649  6439 I BatteryMgr:DataCollectionService: stats => 1709123229467,-2777342,3588
02-28 13:27:10.472  5649  6439 I BatteryMgr:DataCollectionService: stats => 1709123230472,-2760252,3588
02-28 13:27:11.475  5649  6439 I BatteryMgr:DataCollectionService: stats => 1709123231475,-2722654,3588
02-28 13:27:12.486  5649  6439 I BatteryMgr:DataCollectionService: stats => 1709123232486,-2738279,3588
02-28 13:27:13.493  5649  6439 I BatteryMgr:DataCollectionService: stats => 1709123233493,-2765623,3588
02-28 13:27:14.496  5649  6439 I BatteryMgr:DataCollectionService: stats => 1709123234496,-2759275,3588
02-28 13:27:15.499  5649  6439 I BatteryMgr:DataCollectionService: stats => 1709123235499,-2803221,3587
02-28 13:27:16.504  5649  6439 I BatteryMgr:DataCollectionService: stats => 1709123236504,-2737791,3587
02-28 13:27:17.507  5649  6439 I BatteryMgr:DataCollectionService: stats => 1709123237507,-2791014,3587
02-28 13:27:18.510  5649  6439 I BatteryMgr:DataCollectionService: stats => 1709123238510,-2774900,3587
02-28 13:27:19.515  5649  6439 I BatteryMgr:DataCollectionService: stats => 1709123239515,-2750486,3587
02-28 13:27:20.523  5649  6439 I BatteryMgr:DataCollectionService: stats => 1709123240523,-2779295,3587
02-28 13:27:21.526  5649  6439 I BatteryMgr:DataCollectionService: stats => 1709123241526,-2747557,3587
02-28 13:27:22.530  5649  6439 I BatteryMgr:DataCollectionService: stats => 1709123242530,-2747068,3587
02-28 13:27:23.534  5649  6439 I BatteryMgr:DataCollectionService: stats => 1709123243534,-2737303,3587
02-28 13:27:24.537  5649  6439 I BatteryMgr:DataCollectionService: stats => 1709123244537,-2739256,3587
02-28 13:27:25.540  5649  6439 I BatteryMgr:DataCollectionService: stats => 1709123245539,-2767576,3588
02-28 13:27:26.543  5649  6439 I BatteryMgr:DataCollectionService: stats => 1709123246543,-2758299,3586
02-28 13:27:27.545  5649  6439 I BatteryMgr:DataCollectionService: stats => 1709123247545,-2755369,3586
02-28 13:27:28.549  5649  6439 I BatteryMgr:DataCollectionService: stats => 1709123248549,-2744139,3586
02-28 13:27:29.554  5649  6439 I BatteryMgr:DataCollectionService: stats => 1709123249554,-2687010,3586
02-28 13:27:30.562  5649  6439 I BatteryMgr:DataCollectionService: stats => 1709123250562,-2766600,3586
02-28 13:27:31.566  5649  6439 I BatteryMgr:DataCollectionService: stats => 1709123251566,-2786131,3586
02-28 13:27:32.568  5649  6439 I BatteryMgr:DataCollectionService: stats => 1709123252568,-2765135,3586
02-28 13:27:33.577  5649  6439 I BatteryMgr:DataCollectionService: stats => 1709123253577,-2696775,3586
02-28 13:27:34.584  5649  6439 I BatteryMgr:DataCollectionService: stats => 1709123254584,-2751951,3586
02-28 13:27:35.588  5649  6439 I BatteryMgr:DataCollectionService: stats => 1709123255588,-2756346,3586
02-28 13:27:36.595  5649  6439 I BatteryMgr:DataCollectionService: stats => 1709123256595,-2785154,3586
02-28 13:27:37.600  5649  6439 I BatteryMgr:DataCollectionService: stats => 1709123257600,-2709959,3586
02-28 13:27:38.603  5649  6439 I BatteryMgr:DataCollectionService: stats => 1709123258603,-2756346,3586
02-28 13:27:39.606  5649  6439 I BatteryMgr:DataCollectionService: stats => 1709123259606,-2763182,3586
02-28 13:27:40.615  5649  6439 I BatteryMgr:DataCollectionService: stats => 1709123260615,-2727049,3586
02-28 13:27:41.618  5649  6439 I BatteryMgr:DataCollectionService: stats => 1709123261617,-2789549,3586
02-28 13:27:42.620  5649  6439 I BatteryMgr:DataCollectionService: stats => 1709123262620,-2742674,3586
02-28 13:27:43.626  5649  6439 I BatteryMgr:DataCollectionService: stats => 1709123263626,-2712889,3588
02-28 13:27:44.628  5649  6439 I BatteryMgr:DataCollectionService: stats => 1709123264628,-2730955,3588
02-28 13:27:45.631  5649  6439 I BatteryMgr:DataCollectionService: stats => 1709123265631,-2764158,3586
02-28 13:27:46.643  5649  6439 I BatteryMgr:DataCollectionService: stats => 1709123266643,-2710447,3586
02-28 13:27:47.649  5649  6439 I BatteryMgr:DataCollectionService: stats => 1709123267649,-2744627,3586
02-28 13:27:48.656  5649  6439 I BatteryMgr:DataCollectionService: stats => 1709123268656,-2739256,3586
02-28 13:27:49.658  5649  6439 I BatteryMgr:DataCollectionService: stats => 1709123269658,-2734373,3586
02-28 13:27:50.662  5649  6439 I BatteryMgr:DataCollectionService: stats => 1709123270662,-2710936,3586
02-28 13:27:51.666  5649  6439 I BatteryMgr:DataCollectionService: stats => 1709123271666,-2716795,3586
02-28 13:27:52.674  5649  6439 I BatteryMgr:DataCollectionService: stats => 1709123272671,-2739256,3586
02-28 13:27:53.678  5649  6439 I BatteryMgr:DataCollectionService: stats => 1709123273678,-2755369,3586
02-28 13:27:54.690  5649  6439 I BatteryMgr:DataCollectionService: stats => 1709123274690,-2752928,3586
02-28 13:27:55.694  5649  6439 I BatteryMgr:DataCollectionService: stats => 1709123275694,-2761229,3585
02-28 13:27:56.697  5649  6439 I BatteryMgr:DataCollectionService: stats => 1709123276697,-2727049,3585
02-28 13:27:57.700  5649  6439 I BatteryMgr:DataCollectionService: stats => 1709123277700,-2772459,3585
02-28 13:27:58.706  5649  6439 I BatteryMgr:DataCollectionService: stats => 1709123278706,-2712400,3585
02-28 13:27:59.712  5649  6439 I BatteryMgr:DataCollectionService: stats => 1709123279712,-2745115,3585
02-28 13:28:00.717  5649  6439 I BatteryMgr:DataCollectionService: stats => 1709123280716,-2779783,3585
02-28 13:28:01.721  5649  6439 I BatteryMgr:DataCollectionService: stats => 1709123281721,-2732420,3585
02-28 13:28:02.726  5649  6439 I BatteryMgr:DataCollectionService: stats => 1709123282725,-2701658,3585
02-28 13:28:03.729  5649  6439 I BatteryMgr:DataCollectionService: stats => 1709123283729,-2726561,3585
02-28 13:28:04.736  5649  6439 I BatteryMgr:DataCollectionService: stats => 1709123284735,-2705565,3585
02-28 13:28:05.740  5649  6439 I BatteryMgr:DataCollectionService: stats => 1709123285740,-2795408,3582
02-28 13:28:06.743  5649  6439 I BatteryMgr:DataCollectionService: stats => 1709123286743,-2728514,3582
02-28 13:28:07.748  5649  6439 I BatteryMgr:DataCollectionService: stats => 1709123287748,-2739744,3582
02-28 13:28:08.754  5649  6439 I BatteryMgr:DataCollectionService: stats => 1709123288754,-2744627,3582
02-28 13:28:09.757  5649  6439 I BatteryMgr:DataCollectionService: stats => 1709123289757,-2766111,3582
02-28 13:28:10.770  5649  6439 I BatteryMgr:DataCollectionService: stats => 1709123290770,-2782225,3582
02-28 13:28:11.778  5649  6439 I BatteryMgr:DataCollectionService: stats => 1709123291778,-2759275,3582
02-28 13:28:12.781  5649  6439 I BatteryMgr:DataCollectionService: stats => 1709123292781,-2746580,3582
02-28 13:28:13.784  5649  6439 I BatteryMgr:DataCollectionService: stats => 1709123293784,-2688475,3582
02-28 13:28:14.791  5649  6439 I BatteryMgr:DataCollectionService: stats => 1709123294790,-2762693,3582
02-28 13:28:15.798  5649  6439 I BatteryMgr:DataCollectionService: stats => 1709123295798,-2775877,3582
02-28 13:28:16.801  5649  6439 I BatteryMgr:DataCollectionService: stats => 1709123296801,-2731443,3582
02-28 13:28:17.807  5649  6439 I BatteryMgr:DataCollectionService: stats => 1709123297807,-2748533,3582
02-28 13:28:18.809  5649  6439 I BatteryMgr:DataCollectionService: stats => 1709123298809,-2708982,3582
02-28 13:28:19.811  5649  6439 I BatteryMgr:DataCollectionService: stats => 1709123299811,-2777342,3583
02-28 13:28:20.817  5649  6439 I BatteryMgr:DataCollectionService: stats => 1709123300815,-2778318,3583
02-28 13:28:21.821  5649  6439 I BatteryMgr:DataCollectionService: stats => 1709123301821,-2699217,3583
02-28 13:28:22.825  5649  6439 I BatteryMgr:DataCollectionService: stats => 1709123302825,-2723631,3583
02-28 13:28:23.842  5649  6439 I BatteryMgr:DataCollectionService: stats => 1709123303842,-2816893,3583
02-28 13:28:24.845  5649  6439 I BatteryMgr:DataCollectionService: stats => 1709123304845,-2807615,3583
02-28 13:28:25.855  5649  6439 I BatteryMgr:DataCollectionService: stats => 1709123305855,-2778318,3581
02-28 13:28:26.859  5649  6439 I BatteryMgr:DataCollectionService: stats => 1709123306859,-2736815,3581
02-28 13:28:27.862  5649  6439 I BatteryMgr:DataCollectionService: stats => 1709123307862,-2730955,3581
02-28 13:28:28.870  5649  6439 I BatteryMgr:DataCollectionService: stats => 1709123308870,-2738279,3581
02-28 13:28:29.876  5649  6439 I BatteryMgr:DataCollectionService: stats => 1709123309876,-2742186,3581
02-28 13:28:30.879  5649  6439 I BatteryMgr:DataCollectionService: stats => 1709123310879,-2749510,3581
02-28 13:28:31.885  5649  6439 I BatteryMgr:DataCollectionService: stats => 1709123311885,-2775877,3581
02-28 13:28:32.889  5649  6439 I BatteryMgr:DataCollectionService: stats => 1709123312889,-2729002,3581
02-28 13:28:33.893  5649  6439 I BatteryMgr:DataCollectionService: stats => 1709123313893,-2725584,3581
02-28 13:28:34.897  5649  6439 I BatteryMgr:DataCollectionService: stats => 1709123314897,-2654295,3581
02-28 13:28:35.900  5649  6439 I BatteryMgr:DataCollectionService: stats => 1709123315900,-2398924,3589
02-28 13:28:36.903  5649  6439 I BatteryMgr:DataCollectionService: stats => 1709123316903,-2717772,3589
02-28 13:28:37.906  5649  6439 I BatteryMgr:DataCollectionService: stats => 1709123317906,-2749022,3589
02-28 13:28:38.917  5649  6439 I BatteryMgr:DataCollectionService: stats => 1709123318917,-2691404,3589
02-28 13:28:39.919  5649  6439 I BatteryMgr:DataCollectionService: stats => 1709123319919,-2722654,3589
02-28 13:28:40.925  5649  6439 I BatteryMgr:DataCollectionService: stats => 1709123320925,-2744627,3589
02-28 13:28:41.930  5649  6439 I BatteryMgr:DataCollectionService: stats => 1709123321929,-2709471,3589
02-28 13:28:42.933  5649  6439 I BatteryMgr:DataCollectionService: stats => 1709123322932,-2707029,3589
02-28 13:28:43.936  5649  6439 I BatteryMgr:DataCollectionService: stats => 1709123323936,-2717772,3589
02-28 13:28:44.939  5649  6439 I BatteryMgr:DataCollectionService: stats => 1709123324939,-2700682,3589
02-28 13:28:45.942  5649  6439 I BatteryMgr:DataCollectionService: stats => 1709123325941,-2676268,3585
02-28 13:28:46.950  5649  6439 I BatteryMgr:DataCollectionService: stats => 1709123326950,-2716307,3585
02-28 13:28:47.964  5649  6439 I BatteryMgr:DataCollectionService: stats => 1709123327964,-2757322,3585
02-28 13:28:48.969  5649  6439 I BatteryMgr:DataCollectionService: stats => 1709123328969,-2666014,3585
02-28 13:28:49.973  5649  6439 I BatteryMgr:DataCollectionService: stats => 1709123329973,-2668943,3585
