13.84 13.01 11.73 8/2941 28833
13.84 13.01 11.73 4/2941 28860
13.84 13.01 11.73 10/2941 28888
13.84 13.01 11.73 5/2941 28916
13.84 13.01 11.73 15/2941 28943
13.53 12.96 11.72 11/2941 28970
13.53 12.96 11.72 13/2941 28997
13.53 12.96 11.72 7/2941 29024
13.53 12.96 11.72 4/2941 29051
13.53 12.96 11.72 4/2915 29079
13.33 12.93 11.71 13/2920 29114
13.33 12.93 11.71 11/2920 29143
13.33 12.93 11.71 19/2920 29170
13.33 12.93 11.71 9/2920 29197
13.33 12.93 11.71 5/2920 29224
13.62 12.99 11.74 2/2920 29251
13.62 12.99 11.74 4/2920 29279
13.62 12.99 11.74 13/2920 29306
13.62 12.99 11.74 6/2920 29333
13.62 12.99 11.74 8/2920 29360
13.33 12.94 11.73 7/2924 29397
13.33 12.94 11.73 7/2920 29438
13.33 12.94 11.73 13/2920 29469
13.33 12.94 11.73 6/2920 29496
13.33 12.94 11.73 5/2920 29523
12.90 12.86 11.71 15/2920 29550
12.90 12.86 11.71 7/2919 29578
12.90 12.86 11.71 14/2919 29606
12.90 12.86 11.71 7/2919 29633
12.90 12.86 11.71 5/2919 29660
12.67 12.81 11.70 15/2919 29687
12.67 12.81 11.70 6/2919 29714
12.67 12.81 11.70 5/2919 29741
12.67 12.81 11.70 5/2919 29768
12.67 12.81 11.70 8/2919 29795
12.46 12.77 11.69 3/2918 29822
12.46 12.77 11.69 6/2918 29849
12.46 12.77 11.69 6/2918 29888
12.46 12.77 11.69 10/2918 29915
12.46 12.77 11.69 4/2918 29942
12.18 12.70 11.68 6/2914 29969
12.18 12.70 11.68 7/2917 30002
12.18 12.70 11.68 5/2917 30029
12.18 12.70 11.68 4/2917 30056
12.18 12.70 11.68 6/2917 30084
11.77 12.61 11.65 7/2917 30111
11.77 12.61 11.65 6/2915 30138
11.77 12.61 11.65 6/2915 30165
11.77 12.61 11.65 7/2915 30192
11.77 12.61 11.65 3/2915 30220
12.75 12.80 11.72 9/2915 30253
12.75 12.80 11.72 7/2915 30280
12.75 12.80 11.72 3/2915 30313
12.75 12.80 11.72 5/2911 30340
12.75 12.80 11.72 10/2915 30373
12.44 12.74 11.71 6/2911 30400
12.44 12.74 11.71 6/2915 30433
12.44 12.74 11.71 4/2915 30461
12.44 12.74 11.71 4/2915 30488
12.44 12.74 11.71 4/2915 30515
12.41 12.72 11.71 2/2915 30542
12.41 12.72 11.71 12/2915 30575
12.41 12.72 11.71 7/2913 30602
12.41 12.72 11.71 7/2913 30635
12.41 12.72 11.71 3/2913 30662
12.38 12.71 11.71 9/2913 30689
12.38 12.71 11.71 15/2913 30716
12.38 12.71 11.71 3/2913 30750
12.38 12.71 11.71 6/2913 30777
12.38 12.71 11.71 4/2911 30804
12.51 12.73 11.72 16/2910 30831
12.51 12.73 11.72 16/2908 30858
12.51 12.73 11.72 22/2908 30885
12.51 12.73 11.72 4/2908 30912
12.51 12.73 11.72 16/2909 30941
12.39 12.70 11.72 7/2907 30968
12.39 12.70 11.72 9/2907 30995
12.39 12.70 11.72 3/2907 31022
12.39 12.70 11.72 10/2907 31056
12.39 12.70 11.72 14/2907 31083
12.43 12.71 11.73 11/2907 31110
12.43 12.71 11.73 7/2907 31141
12.43 12.71 11.73 4/2907 31168
12.43 12.71 11.73 7/2907 31195
12.43 12.71 11.73 5/2907 31228
12.64 12.75 11.74 11/2907 31259
12.64 12.75 11.74 17/2907 31301
12.64 12.75 11.74 8/2907 31328
12.64 12.75 11.74 12/2907 31355
12.64 12.75 11.74 7/2907 31383
12.59 12.73 11.75 2/2907 31410
12.59 12.73 11.75 7/2906 31437
12.59 12.73 11.75 2/2907 31468
12.59 12.73 11.75 6/2907 31495
12.59 12.73 11.75 8/2907 31522
13.02 12.82 11.78 5/2907 31549
13.02 12.82 11.78 6/2907 31576
13.02 12.82 11.78 8/2907 31603
13.02 12.82 11.78 7/2907 31636
13.02 12.82 11.78 7/2907 31664
12.78 12.77 11.77 9/2907 31691
12.78 12.77 11.77 13/2907 31718
12.78 12.77 11.77 10/2907 31745
12.78 12.77 11.77 15/2907 31778
12.78 12.77 11.77 15/2907 31805
12.48 12.71 11.75 3/2907 31838
12.48 12.71 11.75 8/2907 31865
12.48 12.71 11.75 10/2908 31893
12.48 12.71 11.75 12/2909 31921
12.48 12.71 11.75 16/2909 31954
12.68 12.75 11.77 6/2909 31982
12.68 12.75 11.77 8/2909 32015
12.68 12.75 11.77 4/2909 32042
12.68 12.75 11.77 5/2909 32069
12.68 12.75 11.77 14/2909 32096
12.46 12.70 11.76 5/2909 32123
12.46 12.70 11.76 3/2909 32150
12.46 12.70 11.76 8/2909 32177
12.46 12.70 11.76 6/2909 32204
12.46 12.70 11.76 10/2909 32231
12.27 12.66 11.75 8/2909 32265
12.27 12.66 11.75 8/2909 32292
12.27 12.66 11.75 22/2909 32319
12.27 12.66 11.75 5/2909 32352
12.27 12.66 11.75 6/2909 32379
12.17 12.63 11.75 13/2909 32406
12.17 12.63 11.75 1/2909 32433
12.17 12.63 11.75 11/2909 32460
12.17 12.63 11.75 18/2909 32487
12.17 12.63 11.75 9/2909 32520
12.31 12.65 11.76 20/2906 32556
12.31 12.65 11.76 11/2915 32595
12.31 12.65 11.76 2/2915 32622
12.31 12.65 11.76 5/2909 32649
12.31 12.65 11.76 15/2913 32683
12.69 12.73 11.79 1/2909 32710
12.69 12.73 11.79 1/2909 32743
12.69 12.73 11.79 13/2913 308
12.69 12.73 11.79 10/2913 468
12.69 12.73 11.79 4/2913 563
12.71 12.73 11.80 18/2913 636
12.71 12.73 11.80 14/2913 687
12.71 12.73 11.80 15/2913 767
12.71 12.73 11.80 14/2913 800
12.71 12.73 11.80 5/2913 886
12.82 12.75 11.81 13/2913 968
12.82 12.75 11.81 13/2913 1033
12.82 12.75 11.81 4/2913 1097
12.82 12.75 11.81 9/2913 1161
12.82 12.75 11.81 17/2913 1268
12.83 12.76 11.81 16/2913 1333
12.83 12.76 11.81 5/2913 1395
12.83 12.76 11.81 29/2913 1456
12.83 12.76 11.81 7/2913 1501
12.83 12.76 11.81 10/2913 1529
12.77 12.74 11.82 16/2913 1564
12.77 12.74 11.82 3/2913 1608
12.77 12.74 11.82 10/2913 1669
12.77 12.74 11.82 7/2913 1717
12.77 12.74 11.82 12/2913 1770
12.70 12.73 11.82 13/2913 1845
12.70 12.73 11.82 16/2913 1904
12.70 12.73 11.82 9/2917 1951
12.70 12.73 11.82 10/2913 1992
12.70 12.73 11.82 12/2913 2044
13.13 12.82 11.85 11/2913 2077
13.13 12.82 11.85 5/2913 2164
13.13 12.82 11.85 11/2914 2208
13.13 12.82 11.85 7/2914 2291
13.13 12.82 11.85 8/2914 2350
13.44 12.89 11.88 16/2914 2423
13.44 12.89 11.88 6/2914 2476
13.44 12.89 11.88 8/2914 2510
13.44 12.89 11.88 13/2914 2544
13.44 12.89 11.88 17/2914 2581
13.32 12.87 11.88 8/2914 2615
13.32 12.87 11.88 15/2914 2667
13.32 12.87 11.88 3/2914 2777
13.32 12.87 11.88 14/2914 2813
13.32 12.87 11.88 15/2914 2865
12.66 12.74 11.84 9/2914 2893
12.66 12.74 11.84 8/2914 2947
12.66 12.74 11.84 11/2914 3009
12.66 12.74 11.84 7/2914 3043
12.66 12.74 11.84 21/2913 3100
13.08 12.83 11.88 11/2913 3138
13.08 12.83 11.88 7/2913 3213
13.08 12.83 11.88 10/2913 3278
13.08 12.83 11.88 18/2913 3329
13.08 12.83 11.88 10/2913 3384
13.08 12.83 11.88 6/2913 3439
13.08 12.83 11.88 36/2910 3542
13.08 12.83 11.88 3/2910 3573
13.08 12.83 11.88 10/2910 3602
13.08 12.83 11.88 18/2910 3635
12.83 12.79 11.87 12/2910 3667
12.83 12.79 11.87 2/2908 3708
12.83 12.79 11.87 5/2908 3778
12.83 12.79 11.87 8/2908 3874
12.83 12.79 11.87 3/2908 3949
12.84 12.79 11.88 6/2907 3995
12.84 12.79 11.88 9/2907 4051
12.84 12.79 11.88 6/2907 4098
12.84 12.79 11.88 10/2907 4139
12.84 12.79 11.88 6/2907 4174
13.26 12.88 11.91 8/2907 4232
13.26 12.88 11.91 18/2907 4303
13.26 12.88 11.91 6/2907 4363
13.26 12.88 11.91 7/2908 4402
13.26 12.88 11.91 6/2908 4449
12.68 12.76 11.88 2/2908 4486
12.68 12.76 11.88 5/2908 4522
12.68 12.76 11.88 16/2908 4562
12.68 12.76 11.88 7/2908 4597
12.68 12.76 11.88 7/2908 4624
12.54 12.73 11.87 9/2907 4655
12.54 12.73 11.87 5/2907 4703
12.54 12.73 11.87 10/2907 4752
12.54 12.73 11.87 6/2907 4814
12.54 12.73 11.87 8/2907 4858
13.06 12.84 11.91 8/2907 4895
13.06 12.84 11.91 10/2907 4923
13.06 12.84 11.91 6/2907 4955
13.06 12.84 11.91 4/2907 4987
13.06 12.84 11.91 10/2907 5022
12.97 12.82 11.91 2/2907 5056
12.97 12.82 11.91 7/2907 5092
12.97 12.82 11.91 18/2907 5121
12.97 12.82 11.91 4/2907 5160
12.97 12.82 11.91 10/2907 5204
13.06 12.84 11.92 8/2907 5233
13.06 12.84 11.92 6/2907 5262
13.06 12.84 11.92 5/2907 5295
13.06 12.84 11.92 15/2907 5326
13.06 12.84 11.92 8/2907 5364
12.73 12.78 11.91 4/2907 5391
12.73 12.78 11.91 18/2903 5421
12.73 12.78 11.91 7/2907 5455
12.73 12.78 11.91 3/2903 5482
12.73 12.78 11.91 4/2907 5515
