8.40 8.38 8.22 8/2617 29700
8.61 8.42 8.23 1/2617 29719
8.61 8.42 8.23 4/2617 29738
8.61 8.42 8.23 9/2617 29757
8.61 8.42 8.23 1/2617 29776
8.61 8.42 8.23 3/2617 29795
8.48 8.40 8.22 2/2615 29814
8.48 8.40 8.22 3/2615 29833
8.48 8.40 8.22 5/2615 29852
8.48 8.40 8.22 4/2615 29871
8.48 8.40 8.22 2/2615 29890
8.36 8.37 8.22 4/2615 29910
8.36 8.37 8.22 1/2615 29929
8.36 8.37 8.22 8/2615 29948
8.36 8.37 8.22 2/2615 29967
8.36 8.37 8.22 11/2615 29986
8.65 8.44 8.24 6/2614 30005
8.65 8.44 8.24 1/2614 30024
8.65 8.44 8.24 7/2614 30043
8.65 8.44 8.24 2/2614 30062
8.65 8.44 8.24 3/2614 30081
8.44 8.39 8.23 2/2614 30104
8.44 8.39 8.23 10/2615 30124
8.44 8.39 8.23 7/2615 30143
8.44 8.39 8.23 3/2617 30164
8.44 8.39 8.23 2/2617 30183
8.16 8.34 8.21 3/2617 30202
8.16 8.34 8.21 6/2617 30221
8.16 8.34 8.21 7/2617 30240
8.16 8.34 8.21 5/2617 30259
8.16 8.34 8.21 5/2617 30278
8.47 8.40 8.23 5/2618 30298
8.47 8.40 8.23 3/2618 30317
8.47 8.40 8.23 4/2618 30336
8.47 8.40 8.23 2/2618 30355
8.47 8.40 8.23 5/2618 30374
8.59 8.43 8.24 3/2618 30393
8.59 8.43 8.24 5/2618 30412
8.59 8.43 8.24 10/2618 30431
8.59 8.43 8.24 2/2618 30450
8.59 8.43 8.24 7/2619 30472
8.47 8.40 8.23 7/2618 30491
8.47 8.40 8.23 2/2618 30510
8.47 8.40 8.23 3/2618 30529
8.47 8.40 8.23 5/2618 30548
8.47 8.40 8.23 2/2618 30567
8.27 8.36 8.22 2/2618 30586
8.27 8.36 8.22 7/2618 30605
8.27 8.36 8.22 6/2618 30624
8.27 8.36 8.22 2/2618 30643
8.27 8.36 8.22 4/2618 30662
8.17 8.34 8.21 1/2618 30681
8.17 8.34 8.21 4/2618 30700
8.17 8.34 8.21 5/2618 30719
8.17 8.34 8.21 1/2618 30738
8.17 8.34 8.21 2/2618 30757
8.17 8.34 8.21 4/2618 30776
8.15 8.33 8.21 4/2618 30795
8.15 8.33 8.21 2/2618 30814
8.15 8.33 8.21 9/2618 30833
8.15 8.33 8.21 5/2618 30852
8.86 8.48 8.26 3/2618 30871
8.86 8.48 8.26 13/2618 30890
8.86 8.48 8.26 4/2618 30909
8.86 8.48 8.26 1/2617 30928
8.86 8.48 8.26 13/2617 30947
8.86 8.48 8.26 2/2617 30966
9.19 8.55 8.28 2/2617 30985
9.19 8.55 8.28 2/2617 31004
9.19 8.55 8.28 4/2617 31023
9.19 8.55 8.28 3/2617 31042
9.26 8.58 8.29 4/2618 31062
9.26 8.58 8.29 3/2618 31081
9.26 8.58 8.29 5/2618 31100
9.26 8.58 8.29 7/2618 31119
9.26 8.58 8.29 9/2618 31138
9.24 8.58 8.30 1/2618 31157
9.24 8.58 8.30 2/2618 31176
9.24 8.58 8.30 3/2618 31195
9.24 8.58 8.30 5/2618 31214
9.24 8.58 8.30 2/2618 31233
9.30 8.61 8.31 5/2618 31256
9.30 8.61 8.31 4/2618 31275
9.30 8.61 8.31 5/2618 31294
9.30 8.61 8.31 2/2618 31313
9.30 8.61 8.31 5/2618 31332
8.95 8.55 8.29 4/2618 31351
8.95 8.55 8.29 1/2618 31370
8.95 8.55 8.29 3/2618 31389
8.95 8.55 8.29 1/2618 31408
8.95 8.55 8.29 8/2618 31427
8.95 8.55 8.29 1/2618 31446
9.04 8.57 8.30 3/2617 31465
9.04 8.57 8.30 8/2617 31484
9.04 8.57 8.30 2/2617 31503
9.04 8.57 8.30 1/2617 31522
8.87 8.55 8.29 11/2617 31541
8.87 8.55 8.29 6/2617 31560
8.87 8.55 8.29 7/2617 31580
8.87 8.55 8.29 3/2617 31599
8.87 8.55 8.29 3/2617 31618
8.96 8.57 8.30 2/2617 31637
8.96 8.57 8.30 3/2617 31656
8.96 8.57 8.30 3/2616 31675
8.96 8.57 8.30 5/2616 31694
8.96 8.57 8.30 5/2616 31713
8.96 8.57 8.30 6/2616 31732
9.05 8.59 8.31 3/2616 31751
9.05 8.59 8.31 7/2616 31770
9.05 8.59 8.31 2/2616 31789
9.05 8.59 8.31 2/2616 31808
9.05 8.59 8.31 1/2616 31827
9.04 8.60 8.31 7/2617 31847
9.04 8.60 8.31 2/2617 31866
9.04 8.60 8.31 2/2617 31885
9.04 8.60 8.31 3/2617 31904
8.88 8.57 8.31 1/2617 31923
8.88 8.57 8.31 6/2618 31943
8.88 8.57 8.31 4/2618 31962
8.88 8.57 8.31 11/2618 31981
8.88 8.57 8.31 5/2618 32000
8.88 8.57 8.31 4/2618 32019
8.57 8.52 8.29 3/2618 32038
8.57 8.52 8.29 2/2618 32057
8.57 8.52 8.29 8/2618 32076
8.57 8.52 8.29 4/2618 32095
8.57 8.52 8.29 3/2618 32114
8.84 8.57 8.31 9/2618 32133
8.84 8.57 8.31 2/2618 32152
8.84 8.57 8.31 7/2618 32171
8.84 8.57 8.31 7/2618 32190
8.84 8.57 8.31 9/2618 32209
8.54 8.51 8.29 9/2618 32228
8.54 8.51 8.29 4/2618 32247
8.54 8.51 8.29 4/2618 32266
8.54 8.51 8.29 2/2618 32285
8.54 8.51 8.29 2/2618 32304
8.57 8.52 8.29 6/2618 32323
8.57 8.52 8.29 12/2618 32342
8.57 8.52 8.29 8/2618 32361
8.57 8.52 8.29 2/2618 32380
8.57 8.52 8.29 4/2618 32403
8.53 8.51 8.29 2/2618 32422
8.53 8.51 8.29 5/2618 32441
8.53 8.51 8.29 1/2618 32460
8.53 8.51 8.29 4/2618 32479
8.53 8.51 8.29 4/2618 32498
8.72 8.55 8.31 8/2618 32517
8.72 8.55 8.31 2/2618 32536
8.72 8.55 8.31 9/2618 32555
8.72 8.55 8.31 3/2618 32574
8.72 8.55 8.31 3/2618 32593
8.59 8.53 8.30 4/2618 32612
8.59 8.53 8.30 4/2618 32631
8.59 8.53 8.30 7/2618 32650
8.59 8.53 8.30 1/2618 32669
8.59 8.53 8.30 4/2618 32688
8.46 8.50 8.29 4/2618 32707
8.46 8.50 8.29 4/2618 32726
8.46 8.50 8.29 3/2618 32745
8.46 8.50 8.29 6/2618 32764
8.46 8.50 8.29 1/2618 335
8.26 8.46 8.28 6/2618 479
8.26 8.46 8.28 7/2624 564
8.26 8.46 8.28 1/2624 623
8.26 8.46 8.28 4/2624 655
8.26 8.46 8.28 4/2624 679
8.00 8.40 8.26 8/2624 706
8.00 8.40 8.26 1/2624 761
8.00 8.40 8.26 9/2624 783
8.00 8.40 8.26 7/2624 802
8.00 8.40 8.26 5/2624 855
8.32 8.46 8.28 4/2624 905
8.32 8.46 8.28 4/2624 978
8.32 8.46 8.28 1/2624 1035
8.32 8.46 8.28 2/2624 1069
8.32 8.46 8.28 1/2624 1108
8.54 8.51 8.30 3/2624 1187
8.54 8.51 8.30 1/2624 1235
8.54 8.51 8.30 4/2624 1282
8.54 8.51 8.30 2/2624 1335
8.54 8.51 8.30 1/2624 1374
8.33 8.46 8.28 2/2624 1421
8.33 8.46 8.28 5/2625 1464
8.33 8.46 8.28 4/2625 1510
8.33 8.46 8.28 2/2624 1534
8.33 8.46 8.28 6/2624 1559
8.47 8.49 8.29 4/2624 1591
8.47 8.49 8.29 7/2624 1617
8.47 8.49 8.29 6/2624 1650
8.47 8.49 8.29 5/2624 1691
8.47 8.49 8.29 3/2624 1749
8.83 8.57 8.32 1/2624 1778
8.83 8.57 8.32 2/2624 1830
8.83 8.57 8.32 2/2624 1857
8.83 8.57 8.32 12/2624 1884
8.83 8.57 8.32 2/2624 1925
8.76 8.56 8.32 4/2624 1951
8.76 8.56 8.32 5/2624 1978
8.76 8.56 8.32 3/2624 1998
8.76 8.56 8.32 2/2624 2021
8.76 8.56 8.32 1/2624 2060
8.62 8.53 8.31 8/2624 2106
8.62 8.53 8.31 1/2624 2162
8.62 8.53 8.31 2/2624 2215
8.62 8.53 8.31 4/2623 2253
8.62 8.53 8.31 7/2623 2284
8.57 8.52 8.31 4/2623 2323
8.57 8.52 8.31 2/2623 2367
8.57 8.52 8.31 11/2623 2404
8.57 8.52 8.31 4/2623 2430
8.57 8.52 8.31 5/2623 2451
8.53 8.51 8.31 6/2623 2470
8.53 8.51 8.31 2/2623 2499
8.53 8.51 8.31 2/2624 2527
8.53 8.51 8.31 2/2624 2547
8.53 8.51 8.31 5/2624 2580
8.56 8.52 8.31 5/2624 2630
8.56 8.52 8.31 5/2624 2656
8.56 8.52 8.31 4/2624 2719
8.56 8.52 8.31 4/2624 2743
8.56 8.52 8.31 4/2624 2836
8.36 8.48 8.30 3/2624 2930
8.36 8.48 8.30 1/2623 2977
8.36 8.48 8.30 5/2621 3012
8.36 8.48 8.30 3/2621 3051
8.36 8.48 8.30 3/2621 3080
8.49 8.50 8.31 3/2621 3139
8.49 8.50 8.31 1/2619 3233
8.49 8.50 8.31 2/2619 3277
8.49 8.50 8.31 1/2619 3331
8.49 8.50 8.31 9/2619 3362
8.61 8.53 8.31 1/2619 3422
8.61 8.53 8.31 1/2619 3444
8.61 8.53 8.31 4/2619 3466
8.61 8.53 8.31 4/2619 3496
8.61 8.53 8.31 3/2619 3536
8.80 8.57 8.33 6/2619 3579
8.80 8.57 8.33 11/2619 3636
8.80 8.57 8.33 7/2619 3677
8.80 8.57 8.33 1/2619 3711
8.80 8.57 8.33 2/2617 3752
8.50 8.51 8.31 3/2617 3784
