816.24 4120.47
817.25 4125.43
818.28 4130.41
819.25 4131.96
820.25 4134.01
821.23 4137.56
822.24 4139.27
823.24 4144.24
824.25 4149.43
825.25 4154.42
826.24 4159.21
827.25 4164.37
828.25 4169.50
829.24 4174.65
830.25 4180.15
831.24 4185.35
832.25 4190.89
833.25 4196.09
834.25 4201.69
835.24 4207.02
836.24 4212.31
837.24 4217.83
838.24 4222.52
839.24 4227.36
840.34 4232.62
841.24 4236.83
842.25 4242.40
843.24 4247.54
844.25 4252.28
845.25 4256.88
846.24 4261.31
847.25 4266.09
848.25 4270.69
849.25 4275.81
850.25 4281.13
851.24 4286.31
852.24 4291.09
853.25 4296.31
854.25 4301.81
855.25 4307.35
856.24 4312.68
857.25 4317.97
858.25 4323.40
859.25 4328.51
860.25 4333.92
861.26 4339.06
862.25 4344.63
863.25 4350.13
864.25 4355.41
865.25 4360.92
866.24 4366.48
867.24 4372.14
868.25 4377.90
869.26 4383.40
870.25 4388.83
871.25 4394.14
872.25 4399.60
873.25 4405.17
874.26 4410.55
875.25 4415.93
876.24 4421.19
877.25 4426.67
878.25 4432.15
879.26 4437.26
880.26 4442.30
881.24 4446.65
882.25 4451.69
883.25 4456.68
884.26 4461.84
885.25 4467.11
886.24 4472.03
887.25 4477.05
888.25 4481.95
889.26 4487.03
890.25 4491.97
891.24 4496.86
892.25 4501.95
893.25 4507.24
894.26 4512.37
895.25 4517.49
896.25 4522.83
897.25 4528.12
898.25 4533.51
899.26 4538.72
900.26 4544.14
901.25 4549.59
902.25 4555.11
903.25 4560.41
904.26 4565.99
905.25 4571.12
906.25 4575.53
907.25 4581.09
908.25 4586.11
909.26 4591.58
910.26 4596.73
911.25 4601.48
912.25 4606.39
913.25 4611.34
914.26 4616.35
915.25 4621.34
916.24 4626.30
917.25 4631.54
918.25 4636.60
919.26 4642.04
920.26 4647.32
921.24 4652.27
922.25 4657.56
923.25 4662.94
924.26 4668.08
925.25 4673.35
926.24 4678.50
927.25 4683.62
928.25 4688.87
929.26 4694.08
930.26 4699.53
931.24 4704.62
932.25 4709.99
933.26 4715.54
934.27 4720.42
935.26 4725.23
