timestamp,id,uuid,load,memoryUtil,memoryTotal,memoryFree,driver,name,serial,display_mode,display_active
1709092508.980195,0,GPU-a71d5fd4-b7db-93b7-1b7a-5a6e2a6a8c65,0.24,0.39638671875,10240.0,6181.0,472.12,NVIDIA GeForce RTX 3080,[N/A],Enabled,Enabled
1709092509.981688,0,GPU-a71d5fd4-b7db-93b7-1b7a-5a6e2a6a8c65,0.33,0.557421875,10240.0,4532.0,472.12,NVIDIA GeForce RTX 3080,[N/A],Enabled,Enabled
1709092510.97701,0,GPU-a71d5fd4-b7db-93b7-1b7a-5a6e2a6a8c65,0.11,0.498828125,10240.0,5132.0,472.12,NVIDIA GeForce RTX 3080,[N/A],Enabled,Enabled
1709092511.985176,0,GPU-a71d5fd4-b7db-93b7-1b7a-5a6e2a6a8c65,0.1,0.498828125,10240.0,5132.0,472.12,NVIDIA GeForce RTX 3080,[N/A],Enabled,Enabled
1709092512.980068,0,GPU-a71d5fd4-b7db-93b7-1b7a-5a6e2a6a8c65,0.11,0.498828125,10240.0,5132.0,472.12,NVIDIA GeForce RTX 3080,[N/A],Enabled,Enabled
1709092513.977079,0,GPU-a71d5fd4-b7db-93b7-1b7a-5a6e2a6a8c65,0.09,0.386328125,10240.0,6284.0,472.12,NVIDIA GeForce RTX 3080,[N/A],Enabled,Enabled
1709092514.974765,0,GPU-a71d5fd4-b7db-93b7-1b7a-5a6e2a6a8c65,0.2,0.5193359375,10240.0,4922.0,472.12,NVIDIA GeForce RTX 3080,[N/A],Enabled,Enabled
1709092515.98179,0,GPU-a71d5fd4-b7db-93b7-1b7a-5a6e2a6a8c65,0.15,0.451171875,10240.0,5620.0,472.12,NVIDIA GeForce RTX 3080,[N/A],Enabled,Enabled
1709092516.976758,0,GPU-a71d5fd4-b7db-93b7-1b7a-5a6e2a6a8c65,0.15,0.45126953125,10240.0,5619.0,472.12,NVIDIA GeForce RTX 3080,[N/A],Enabled,Enabled
1709092517.972869,0,GPU-a71d5fd4-b7db-93b7-1b7a-5a6e2a6a8c65,0.14,0.44736328125,10240.0,5659.0,472.12,NVIDIA GeForce RTX 3080,[N/A],Enabled,Enabled
1709092518.982984,0,GPU-a71d5fd4-b7db-93b7-1b7a-5a6e2a6a8c65,0.14,0.49072265625,10240.0,5215.0,472.12,NVIDIA GeForce RTX 3080,[N/A],Enabled,Enabled
1709092519.979266,0,GPU-a71d5fd4-b7db-93b7-1b7a-5a6e2a6a8c65,0.18,0.4521484375,10240.0,5610.0,472.12,NVIDIA GeForce RTX 3080,[N/A],Enabled,Enabled
1709092520.975137,0,GPU-a71d5fd4-b7db-93b7-1b7a-5a6e2a6a8c65,0.15,0.4521484375,10240.0,5610.0,472.12,NVIDIA GeForce RTX 3080,[N/A],Enabled,Enabled
1709092521.985927,0,GPU-a71d5fd4-b7db-93b7-1b7a-5a6e2a6a8c65,0.14,0.4521484375,10240.0,5610.0,472.12,NVIDIA GeForce RTX 3080,[N/A],Enabled,Enabled
1709092522.983782,0,GPU-a71d5fd4-b7db-93b7-1b7a-5a6e2a6a8c65,0.14,0.4484375,10240.0,5648.0,472.12,NVIDIA GeForce RTX 3080,[N/A],Enabled,Enabled
1709092523.979033,0,GPU-a71d5fd4-b7db-93b7-1b7a-5a6e2a6a8c65,0.16,0.4521484375,10240.0,5610.0,472.12,NVIDIA GeForce RTX 3080,[N/A],Enabled,Enabled
1709092524.983844,0,GPU-a71d5fd4-b7db-93b7-1b7a-5a6e2a6a8c65,0.14,0.4484375,10240.0,5648.0,472.12,NVIDIA GeForce RTX 3080,[N/A],Enabled,Enabled
1709092525.975006,0,GPU-a71d5fd4-b7db-93b7-1b7a-5a6e2a6a8c65,0.14,0.4521484375,10240.0,5610.0,472.12,NVIDIA GeForce RTX 3080,[N/A],Enabled,Enabled
1709092526.985081,0,GPU-a71d5fd4-b7db-93b7-1b7a-5a6e2a6a8c65,0.14,0.4484375,10240.0,5648.0,472.12,NVIDIA GeForce RTX 3080,[N/A],Enabled,Enabled
1709092527.978199,0,GPU-a71d5fd4-b7db-93b7-1b7a-5a6e2a6a8c65,0.14,0.44853515625,10240.0,5647.0,472.12,NVIDIA GeForce RTX 3080,[N/A],Enabled,Enabled
1709092528.972898,0,GPU-a71d5fd4-b7db-93b7-1b7a-5a6e2a6a8c65,0.14,0.4484375,10240.0,5648.0,472.12,NVIDIA GeForce RTX 3080,[N/A],Enabled,Enabled
1709092529.981795,0,GPU-a71d5fd4-b7db-93b7-1b7a-5a6e2a6a8c65,0.16,0.45224609375,10240.0,5609.0,472.12,NVIDIA GeForce RTX 3080,[N/A],Enabled,Enabled
1709092530.976166,0,GPU-a71d5fd4-b7db-93b7-1b7a-5a6e2a6a8c65,0.14,0.4484375,10240.0,5648.0,472.12,NVIDIA GeForce RTX 3080,[N/A],Enabled,Enabled
1709092531.973958,0,GPU-a71d5fd4-b7db-93b7-1b7a-5a6e2a6a8c65,0.14,0.4484375,10240.0,5648.0,472.12,NVIDIA GeForce RTX 3080,[N/A],Enabled,Enabled
1709092532.981695,0,GPU-a71d5fd4-b7db-93b7-1b7a-5a6e2a6a8c65,0.14,0.4484375,10240.0,5648.0,472.12,NVIDIA GeForce RTX 3080,[N/A],Enabled,Enabled
1709092533.980183,0,GPU-a71d5fd4-b7db-93b7-1b7a-5a6e2a6a8c65,0.14,0.4484375,10240.0,5648.0,472.12,NVIDIA GeForce RTX 3080,[N/A],Enabled,Enabled
1709092534.974676,0,GPU-a71d5fd4-b7db-93b7-1b7a-5a6e2a6a8c65,0.14,0.4521484375,10240.0,5610.0,472.12,NVIDIA GeForce RTX 3080,[N/A],Enabled,Enabled
1709092535.985718,0,GPU-a71d5fd4-b7db-93b7-1b7a-5a6e2a6a8c65,0.14,0.44853515625,10240.0,5647.0,472.12,NVIDIA GeForce RTX 3080,[N/A],Enabled,Enabled
1709092536.976943,0,GPU-a71d5fd4-b7db-93b7-1b7a-5a6e2a6a8c65,0.14,0.44853515625,10240.0,5647.0,472.12,NVIDIA GeForce RTX 3080,[N/A],Enabled,Enabled
1709092537.973158,0,GPU-a71d5fd4-b7db-93b7-1b7a-5a6e2a6a8c65,0.15,0.45224609375,10240.0,5609.0,472.12,NVIDIA GeForce RTX 3080,[N/A],Enabled,Enabled
1709092538.983031,0,GPU-a71d5fd4-b7db-93b7-1b7a-5a6e2a6a8c65,0.14,0.45087890625,10240.0,5623.0,472.12,NVIDIA GeForce RTX 3080,[N/A],Enabled,Enabled
1709092539.976851,0,GPU-a71d5fd4-b7db-93b7-1b7a-5a6e2a6a8c65,0.18,0.46162109375,10240.0,5513.0,472.12,NVIDIA GeForce RTX 3080,[N/A],Enabled,Enabled
1709092540.98587,0,GPU-a71d5fd4-b7db-93b7-1b7a-5a6e2a6a8c65,0.2,0.46162109375,10240.0,5513.0,472.12,NVIDIA GeForce RTX 3080,[N/A],Enabled,Enabled
1709092541.975955,0,GPU-a71d5fd4-b7db-93b7-1b7a-5a6e2a6a8c65,0.18,0.46162109375,10240.0,5513.0,472.12,NVIDIA GeForce RTX 3080,[N/A],Enabled,Enabled
1709092542.983904,0,GPU-a71d5fd4-b7db-93b7-1b7a-5a6e2a6a8c65,0.18,0.46162109375,10240.0,5513.0,472.12,NVIDIA GeForce RTX 3080,[N/A],Enabled,Enabled
1709092543.974706,0,GPU-a71d5fd4-b7db-93b7-1b7a-5a6e2a6a8c65,0.19,0.46162109375,10240.0,5513.0,472.12,NVIDIA GeForce RTX 3080,[N/A],Enabled,Enabled
1709092544.985115,0,GPU-a71d5fd4-b7db-93b7-1b7a-5a6e2a6a8c65,0.18,0.46162109375,10240.0,5513.0,472.12,NVIDIA GeForce RTX 3080,[N/A],Enabled,Enabled
1709092545.980223,0,GPU-a71d5fd4-b7db-93b7-1b7a-5a6e2a6a8c65,0.18,0.46162109375,10240.0,5513.0,472.12,NVIDIA GeForce RTX 3080,[N/A],Enabled,Enabled
1709092546.973072,0,GPU-a71d5fd4-b7db-93b7-1b7a-5a6e2a6a8c65,0.19,0.46162109375,10240.0,5513.0,472.12,NVIDIA GeForce RTX 3080,[N/A],Enabled,Enabled
1709092547.971973,0,GPU-a71d5fd4-b7db-93b7-1b7a-5a6e2a6a8c65,0.19,0.46162109375,10240.0,5513.0,472.12,NVIDIA GeForce RTX 3080,[N/A],Enabled,Enabled
1709092548.981953,0,GPU-a71d5fd4-b7db-93b7-1b7a-5a6e2a6a8c65,0.19,0.46162109375,10240.0,5513.0,472.12,NVIDIA GeForce RTX 3080,[N/A],Enabled,Enabled
1709092549.978992,0,GPU-a71d5fd4-b7db-93b7-1b7a-5a6e2a6a8c65,0.18,0.46162109375,10240.0,5513.0,472.12,NVIDIA GeForce RTX 3080,[N/A],Enabled,Enabled
1709092550.975845,0,GPU-a71d5fd4-b7db-93b7-1b7a-5a6e2a6a8c65,0.19,0.46162109375,10240.0,5513.0,472.12,NVIDIA GeForce RTX 3080,[N/A],Enabled,Enabled
1709092551.986193,0,GPU-a71d5fd4-b7db-93b7-1b7a-5a6e2a6a8c65,0.19,0.46162109375,10240.0,5513.0,472.12,NVIDIA GeForce RTX 3080,[N/A],Enabled,Enabled
1709092552.980557,0,GPU-a71d5fd4-b7db-93b7-1b7a-5a6e2a6a8c65,0.19,0.46162109375,10240.0,5513.0,472.12,NVIDIA GeForce RTX 3080,[N/A],Enabled,Enabled
1709092553.974729,0,GPU-a71d5fd4-b7db-93b7-1b7a-5a6e2a6a8c65,0.19,0.46162109375,10240.0,5513.0,472.12,NVIDIA GeForce RTX 3080,[N/A],Enabled,Enabled
1709092554.986026,0,GPU-a71d5fd4-b7db-93b7-1b7a-5a6e2a6a8c65,0.19,0.46162109375,10240.0,5513.0,472.12,NVIDIA GeForce RTX 3080,[N/A],Enabled,Enabled
1709092555.979248,0,GPU-a71d5fd4-b7db-93b7-1b7a-5a6e2a6a8c65,0.19,0.46162109375,10240.0,5513.0,472.12,NVIDIA GeForce RTX 3080,[N/A],Enabled,Enabled
1709092556.975963,0,GPU-a71d5fd4-b7db-93b7-1b7a-5a6e2a6a8c65,0.19,0.46162109375,10240.0,5513.0,472.12,NVIDIA GeForce RTX 3080,[N/A],Enabled,Enabled
1709092557.972679,0,GPU-a71d5fd4-b7db-93b7-1b7a-5a6e2a6a8c65,0.18,0.46162109375,10240.0,5513.0,472.12,NVIDIA GeForce RTX 3080,[N/A],Enabled,Enabled
1709092558.984906,0,GPU-a71d5fd4-b7db-93b7-1b7a-5a6e2a6a8c65,0.19,0.46162109375,10240.0,5513.0,472.12,NVIDIA GeForce RTX 3080,[N/A],Enabled,Enabled
1709092559.980672,0,GPU-a71d5fd4-b7db-93b7-1b7a-5a6e2a6a8c65,0.18,0.46162109375,10240.0,5513.0,472.12,NVIDIA GeForce RTX 3080,[N/A],Enabled,Enabled
1709092560.977503,0,GPU-a71d5fd4-b7db-93b7-1b7a-5a6e2a6a8c65,0.18,0.46162109375,10240.0,5513.0,472.12,NVIDIA GeForce RTX 3080,[N/A],Enabled,Enabled
1709092561.975156,0,GPU-a71d5fd4-b7db-93b7-1b7a-5a6e2a6a8c65,0.19,0.46162109375,10240.0,5513.0,472.12,NVIDIA GeForce RTX 3080,[N/A],Enabled,Enabled
1709092562.985038,0,GPU-a71d5fd4-b7db-93b7-1b7a-5a6e2a6a8c65,0.19,0.46162109375,10240.0,5513.0,472.12,NVIDIA GeForce RTX 3080,[N/A],Enabled,Enabled
1709092563.980486,0,GPU-a71d5fd4-b7db-93b7-1b7a-5a6e2a6a8c65,0.19,0.46162109375,10240.0,5513.0,472.12,NVIDIA GeForce RTX 3080,[N/A],Enabled,Enabled
1709092564.976725,0,GPU-a71d5fd4-b7db-93b7-1b7a-5a6e2a6a8c65,0.19,0.46162109375,10240.0,5513.0,472.12,NVIDIA GeForce RTX 3080,[N/A],Enabled,Enabled
1709092565.97604,0,GPU-a71d5fd4-b7db-93b7-1b7a-5a6e2a6a8c65,0.18,0.46162109375,10240.0,5513.0,472.12,NVIDIA GeForce RTX 3080,[N/A],Enabled,Enabled
1709092566.982774,0,GPU-a71d5fd4-b7db-93b7-1b7a-5a6e2a6a8c65,0.19,0.46162109375,10240.0,5513.0,472.12,NVIDIA GeForce RTX 3080,[N/A],Enabled,Enabled
1709092567.980397,0,GPU-a71d5fd4-b7db-93b7-1b7a-5a6e2a6a8c65,0.19,0.46162109375,10240.0,5513.0,472.12,NVIDIA GeForce RTX 3080,[N/A],Enabled,Enabled
1709092568.977961,0,GPU-a71d5fd4-b7db-93b7-1b7a-5a6e2a6a8c65,0.19,0.46162109375,10240.0,5513.0,472.12,NVIDIA GeForce RTX 3080,[N/A],Enabled,Enabled
1709092569.973906,0,GPU-a71d5fd4-b7db-93b7-1b7a-5a6e2a6a8c65,0.19,0.46162109375,10240.0,5513.0,472.12,NVIDIA GeForce RTX 3080,[N/A],Enabled,Enabled
1709092570.971896,0,GPU-a71d5fd4-b7db-93b7-1b7a-5a6e2a6a8c65,0.18,0.46162109375,10240.0,5513.0,472.12,NVIDIA GeForce RTX 3080,[N/A],Enabled,Enabled
1709092571.981651,0,GPU-a71d5fd4-b7db-93b7-1b7a-5a6e2a6a8c65,0.19,0.46162109375,10240.0,5513.0,472.12,NVIDIA GeForce RTX 3080,[N/A],Enabled,Enabled
1709092572.975906,0,GPU-a71d5fd4-b7db-93b7-1b7a-5a6e2a6a8c65,0.19,0.46162109375,10240.0,5513.0,472.12,NVIDIA GeForce RTX 3080,[N/A],Enabled,Enabled
1709092573.986155,0,GPU-a71d5fd4-b7db-93b7-1b7a-5a6e2a6a8c65,0.19,0.46162109375,10240.0,5513.0,472.12,NVIDIA GeForce RTX 3080,[N/A],Enabled,Enabled
1709092574.983223,0,GPU-a71d5fd4-b7db-93b7-1b7a-5a6e2a6a8c65,0.18,0.46162109375,10240.0,5513.0,472.12,NVIDIA GeForce RTX 3080,[N/A],Enabled,Enabled
1709092575.979156,0,GPU-a71d5fd4-b7db-93b7-1b7a-5a6e2a6a8c65,0.18,0.46162109375,10240.0,5513.0,472.12,NVIDIA GeForce RTX 3080,[N/A],Enabled,Enabled
1709092576.977139,0,GPU-a71d5fd4-b7db-93b7-1b7a-5a6e2a6a8c65,0.19,0.46162109375,10240.0,5513.0,472.12,NVIDIA GeForce RTX 3080,[N/A],Enabled,Enabled
1709092577.98724,0,GPU-a71d5fd4-b7db-93b7-1b7a-5a6e2a6a8c65,0.18,0.46162109375,10240.0,5513.0,472.12,NVIDIA GeForce RTX 3080,[N/A],Enabled,Enabled
1709092578.980031,0,GPU-a71d5fd4-b7db-93b7-1b7a-5a6e2a6a8c65,0.19,0.46162109375,10240.0,5513.0,472.12,NVIDIA GeForce RTX 3080,[N/A],Enabled,Enabled
1709092579.979843,0,GPU-a71d5fd4-b7db-93b7-1b7a-5a6e2a6a8c65,0.18,0.46162109375,10240.0,5513.0,472.12,NVIDIA GeForce RTX 3080,[N/A],Enabled,Enabled
1709092580.972194,0,GPU-a71d5fd4-b7db-93b7-1b7a-5a6e2a6a8c65,0.18,0.46162109375,10240.0,5513.0,472.12,NVIDIA GeForce RTX 3080,[N/A],Enabled,Enabled
1709092581.98288,0,GPU-a71d5fd4-b7db-93b7-1b7a-5a6e2a6a8c65,0.19,0.46162109375,10240.0,5513.0,472.12,NVIDIA GeForce RTX 3080,[N/A],Enabled,Enabled
1709092582.975826,0,GPU-a71d5fd4-b7db-93b7-1b7a-5a6e2a6a8c65,0.19,0.46162109375,10240.0,5513.0,472.12,NVIDIA GeForce RTX 3080,[N/A],Enabled,Enabled
1709092583.971871,0,GPU-a71d5fd4-b7db-93b7-1b7a-5a6e2a6a8c65,0.19,0.46162109375,10240.0,5513.0,472.12,NVIDIA GeForce RTX 3080,[N/A],Enabled,Enabled
1709092584.980456,0,GPU-a71d5fd4-b7db-93b7-1b7a-5a6e2a6a8c65,0.18,0.46162109375,10240.0,5513.0,472.12,NVIDIA GeForce RTX 3080,[N/A],Enabled,Enabled
1709092585.972845,0,GPU-a71d5fd4-b7db-93b7-1b7a-5a6e2a6a8c65,0.18,0.46162109375,10240.0,5513.0,472.12,NVIDIA GeForce RTX 3080,[N/A],Enabled,Enabled
1709092586.984005,0,GPU-a71d5fd4-b7db-93b7-1b7a-5a6e2a6a8c65,0.19,0.46162109375,10240.0,5513.0,472.12,NVIDIA GeForce RTX 3080,[N/A],Enabled,Enabled
1709092587.983059,0,GPU-a71d5fd4-b7db-93b7-1b7a-5a6e2a6a8c65,0.19,0.46162109375,10240.0,5513.0,472.12,NVIDIA GeForce RTX 3080,[N/A],Enabled,Enabled
1709092588.977714,0,GPU-a71d5fd4-b7db-93b7-1b7a-5a6e2a6a8c65,0.19,0.46162109375,10240.0,5513.0,472.12,NVIDIA GeForce RTX 3080,[N/A],Enabled,Enabled
1709092589.973038,0,GPU-a71d5fd4-b7db-93b7-1b7a-5a6e2a6a8c65,0.18,0.46162109375,10240.0,5513.0,472.12,NVIDIA GeForce RTX 3080,[N/A],Enabled,Enabled
1709092590.980843,0,GPU-a71d5fd4-b7db-93b7-1b7a-5a6e2a6a8c65,0.18,0.46162109375,10240.0,5513.0,472.12,NVIDIA GeForce RTX 3080,[N/A],Enabled,Enabled
1709092591.975818,0,GPU-a71d5fd4-b7db-93b7-1b7a-5a6e2a6a8c65,0.18,0.46162109375,10240.0,5513.0,472.12,NVIDIA GeForce RTX 3080,[N/A],Enabled,Enabled
1709092592.973836,0,GPU-a71d5fd4-b7db-93b7-1b7a-5a6e2a6a8c65,0.19,0.46162109375,10240.0,5513.0,472.12,NVIDIA GeForce RTX 3080,[N/A],Enabled,Enabled
1709092593.985775,0,GPU-a71d5fd4-b7db-93b7-1b7a-5a6e2a6a8c65,0.18,0.46162109375,10240.0,5513.0,472.12,NVIDIA GeForce RTX 3080,[N/A],Enabled,Enabled
1709092594.978975,0,GPU-a71d5fd4-b7db-93b7-1b7a-5a6e2a6a8c65,0.19,0.46162109375,10240.0,5513.0,472.12,NVIDIA GeForce RTX 3080,[N/A],Enabled,Enabled
1709092595.9737,0,GPU-a71d5fd4-b7db-93b7-1b7a-5a6e2a6a8c65,0.17,0.46162109375,10240.0,5513.0,472.12,NVIDIA GeForce RTX 3080,[N/A],Enabled,Enabled
1709092596.982699,0,GPU-a71d5fd4-b7db-93b7-1b7a-5a6e2a6a8c65,0.18,0.46162109375,10240.0,5513.0,472.12,NVIDIA GeForce RTX 3080,[N/A],Enabled,Enabled
1709092597.977089,0,GPU-a71d5fd4-b7db-93b7-1b7a-5a6e2a6a8c65,0.19,0.46162109375,10240.0,5513.0,472.12,NVIDIA GeForce RTX 3080,[N/A],Enabled,Enabled
1709092598.972911,0,GPU-a71d5fd4-b7db-93b7-1b7a-5a6e2a6a8c65,0.19,0.46162109375,10240.0,5513.0,472.12,NVIDIA GeForce RTX 3080,[N/A],Enabled,Enabled
1709092599.980388,0,GPU-a71d5fd4-b7db-93b7-1b7a-5a6e2a6a8c65,0.19,0.46162109375,10240.0,5513.0,472.12,NVIDIA GeForce RTX 3080,[N/A],Enabled,Enabled
1709092600.974174,0,GPU-a71d5fd4-b7db-93b7-1b7a-5a6e2a6a8c65,0.18,0.46162109375,10240.0,5513.0,472.12,NVIDIA GeForce RTX 3080,[N/A],Enabled,Enabled
1709092601.986846,0,GPU-a71d5fd4-b7db-93b7-1b7a-5a6e2a6a8c65,0.18,0.46162109375,10240.0,5513.0,472.12,NVIDIA GeForce RTX 3080,[N/A],Enabled,Enabled
1709092602.979064,0,GPU-a71d5fd4-b7db-93b7-1b7a-5a6e2a6a8c65,0.19,0.46162109375,10240.0,5513.0,472.12,NVIDIA GeForce RTX 3080,[N/A],Enabled,Enabled
1709092603.977311,0,GPU-a71d5fd4-b7db-93b7-1b7a-5a6e2a6a8c65,0.19,0.46162109375,10240.0,5513.0,472.12,NVIDIA GeForce RTX 3080,[N/A],Enabled,Enabled
1709092604.971326,0,GPU-a71d5fd4-b7db-93b7-1b7a-5a6e2a6a8c65,0.19,0.46162109375,10240.0,5513.0,472.12,NVIDIA GeForce RTX 3080,[N/A],Enabled,Enabled
1709092605.982804,0,GPU-a71d5fd4-b7db-93b7-1b7a-5a6e2a6a8c65,0.18,0.46162109375,10240.0,5513.0,472.12,NVIDIA GeForce RTX 3080,[N/A],Enabled,Enabled
1709092606.975809,0,GPU-a71d5fd4-b7db-93b7-1b7a-5a6e2a6a8c65,0.19,0.46162109375,10240.0,5513.0,472.12,NVIDIA GeForce RTX 3080,[N/A],Enabled,Enabled
1709092607.984861,0,GPU-a71d5fd4-b7db-93b7-1b7a-5a6e2a6a8c65,0.19,0.46162109375,10240.0,5513.0,472.12,NVIDIA GeForce RTX 3080,[N/A],Enabled,Enabled
1709092608.98053,0,GPU-a71d5fd4-b7db-93b7-1b7a-5a6e2a6a8c65,0.18,0.46162109375,10240.0,5513.0,472.12,NVIDIA GeForce RTX 3080,[N/A],Enabled,Enabled
1709092609.975365,0,GPU-a71d5fd4-b7db-93b7-1b7a-5a6e2a6a8c65,0.19,0.46162109375,10240.0,5513.0,472.12,NVIDIA GeForce RTX 3080,[N/A],Enabled,Enabled
1709092610.983902,0,GPU-a71d5fd4-b7db-93b7-1b7a-5a6e2a6a8c65,0.19,0.46162109375,10240.0,5513.0,472.12,NVIDIA GeForce RTX 3080,[N/A],Enabled,Enabled
1709092611.97569,0,GPU-a71d5fd4-b7db-93b7-1b7a-5a6e2a6a8c65,0.19,0.46162109375,10240.0,5513.0,472.12,NVIDIA GeForce RTX 3080,[N/A],Enabled,Enabled
1709092612.98401,0,GPU-a71d5fd4-b7db-93b7-1b7a-5a6e2a6a8c65,0.19,0.46162109375,10240.0,5513.0,472.12,NVIDIA GeForce RTX 3080,[N/A],Enabled,Enabled
1709092613.980129,0,GPU-a71d5fd4-b7db-93b7-1b7a-5a6e2a6a8c65,0.18,0.46162109375,10240.0,5513.0,472.12,NVIDIA GeForce RTX 3080,[N/A],Enabled,Enabled
1709092614.97621,0,GPU-a71d5fd4-b7db-93b7-1b7a-5a6e2a6a8c65,0.19,0.46162109375,10240.0,5513.0,472.12,NVIDIA GeForce RTX 3080,[N/A],Enabled,Enabled
1709092615.977063,0,GPU-a71d5fd4-b7db-93b7-1b7a-5a6e2a6a8c65,0.19,0.46162109375,10240.0,5513.0,472.12,NVIDIA GeForce RTX 3080,[N/A],Enabled,Enabled
1709092616.973134,0,GPU-a71d5fd4-b7db-93b7-1b7a-5a6e2a6a8c65,0.19,0.46162109375,10240.0,5513.0,472.12,NVIDIA GeForce RTX 3080,[N/A],Enabled,Enabled
1709092617.985918,0,GPU-a71d5fd4-b7db-93b7-1b7a-5a6e2a6a8c65,0.18,0.46162109375,10240.0,5513.0,472.12,NVIDIA GeForce RTX 3080,[N/A],Enabled,Enabled
1709092618.983099,0,GPU-a71d5fd4-b7db-93b7-1b7a-5a6e2a6a8c65,0.19,0.46162109375,10240.0,5513.0,472.12,NVIDIA GeForce RTX 3080,[N/A],Enabled,Enabled
1709092619.977956,0,GPU-a71d5fd4-b7db-93b7-1b7a-5a6e2a6a8c65,0.18,0.46162109375,10240.0,5513.0,472.12,NVIDIA GeForce RTX 3080,[N/A],Enabled,Enabled
1709092620.972004,0,GPU-a71d5fd4-b7db-93b7-1b7a-5a6e2a6a8c65,0.18,0.46162109375,10240.0,5513.0,472.12,NVIDIA GeForce RTX 3080,[N/A],Enabled,Enabled
1709092621.979803,0,GPU-a71d5fd4-b7db-93b7-1b7a-5a6e2a6a8c65,0.18,0.46162109375,10240.0,5513.0,472.12,NVIDIA GeForce RTX 3080,[N/A],Enabled,Enabled
1709092622.986085,0,GPU-a71d5fd4-b7db-93b7-1b7a-5a6e2a6a8c65,0.19,0.46162109375,10240.0,5513.0,472.12,NVIDIA GeForce RTX 3080,[N/A],Enabled,Enabled
1709092623.974709,0,GPU-a71d5fd4-b7db-93b7-1b7a-5a6e2a6a8c65,0.19,0.46162109375,10240.0,5513.0,472.12,NVIDIA GeForce RTX 3080,[N/A],Enabled,Enabled
1709092624.972132,0,GPU-a71d5fd4-b7db-93b7-1b7a-5a6e2a6a8c65,0.19,0.46162109375,10240.0,5513.0,472.12,NVIDIA GeForce RTX 3080,[N/A],Enabled,Enabled
1709092625.982362,0,GPU-a71d5fd4-b7db-93b7-1b7a-5a6e2a6a8c65,0.18,0.46162109375,10240.0,5513.0,472.12,NVIDIA GeForce RTX 3080,[N/A],Enabled,Enabled
1709092626.980026,0,GPU-a71d5fd4-b7db-93b7-1b7a-5a6e2a6a8c65,0.19,0.46162109375,10240.0,5513.0,472.12,NVIDIA GeForce RTX 3080,[N/A],Enabled,Enabled
1709092627.975878,0,GPU-a71d5fd4-b7db-93b7-1b7a-5a6e2a6a8c65,0.17,0.46162109375,10240.0,5513.0,472.12,NVIDIA GeForce RTX 3080,[N/A],Enabled,Enabled
1709092628.985016,0,GPU-a71d5fd4-b7db-93b7-1b7a-5a6e2a6a8c65,0.19,0.46162109375,10240.0,5513.0,472.12,NVIDIA GeForce RTX 3080,[N/A],Enabled,Enabled
1709092629.979923,0,GPU-a71d5fd4-b7db-93b7-1b7a-5a6e2a6a8c65,0.18,0.46162109375,10240.0,5513.0,472.12,NVIDIA GeForce RTX 3080,[N/A],Enabled,Enabled
1709092630.985783,0,GPU-a71d5fd4-b7db-93b7-1b7a-5a6e2a6a8c65,0.19,0.46162109375,10240.0,5513.0,472.12,NVIDIA GeForce RTX 3080,[N/A],Enabled,Enabled
1709092631.976919,0,GPU-a71d5fd4-b7db-93b7-1b7a-5a6e2a6a8c65,0.19,0.46162109375,10240.0,5513.0,472.12,NVIDIA GeForce RTX 3080,[N/A],Enabled,Enabled
1709092632.984272,0,GPU-a71d5fd4-b7db-93b7-1b7a-5a6e2a6a8c65,0.19,0.46162109375,10240.0,5513.0,472.12,NVIDIA GeForce RTX 3080,[N/A],Enabled,Enabled
1709092633.980083,0,GPU-a71d5fd4-b7db-93b7-1b7a-5a6e2a6a8c65,0.19,0.46162109375,10240.0,5513.0,472.12,NVIDIA GeForce RTX 3080,[N/A],Enabled,Enabled
1709092634.976021,0,GPU-a71d5fd4-b7db-93b7-1b7a-5a6e2a6a8c65,0.18,0.46162109375,10240.0,5513.0,472.12,NVIDIA GeForce RTX 3080,[N/A],Enabled,Enabled
1709092635.98521,0,GPU-a71d5fd4-b7db-93b7-1b7a-5a6e2a6a8c65,0.18,0.46162109375,10240.0,5513.0,472.12,NVIDIA GeForce RTX 3080,[N/A],Enabled,Enabled
1709092636.977297,0,GPU-a71d5fd4-b7db-93b7-1b7a-5a6e2a6a8c65,0.19,0.46162109375,10240.0,5513.0,472.12,NVIDIA GeForce RTX 3080,[N/A],Enabled,Enabled
1709092637.972159,0,GPU-a71d5fd4-b7db-93b7-1b7a-5a6e2a6a8c65,0.19,0.46162109375,10240.0,5513.0,472.12,NVIDIA GeForce RTX 3080,[N/A],Enabled,Enabled
1709092638.982883,0,GPU-a71d5fd4-b7db-93b7-1b7a-5a6e2a6a8c65,0.19,0.46162109375,10240.0,5513.0,472.12,NVIDIA GeForce RTX 3080,[N/A],Enabled,Enabled
1709092639.976746,0,GPU-a71d5fd4-b7db-93b7-1b7a-5a6e2a6a8c65,0.18,0.46162109375,10240.0,5513.0,472.12,NVIDIA GeForce RTX 3080,[N/A],Enabled,Enabled
1709092640.985991,0,GPU-a71d5fd4-b7db-93b7-1b7a-5a6e2a6a8c65,0.19,0.46162109375,10240.0,5513.0,472.12,NVIDIA GeForce RTX 3080,[N/A],Enabled,Enabled
1709092641.98296,0,GPU-a71d5fd4-b7db-93b7-1b7a-5a6e2a6a8c65,0.19,0.46162109375,10240.0,5513.0,472.12,NVIDIA GeForce RTX 3080,[N/A],Enabled,Enabled
1709092642.977043,0,GPU-a71d5fd4-b7db-93b7-1b7a-5a6e2a6a8c65,0.19,0.46162109375,10240.0,5513.0,472.12,NVIDIA GeForce RTX 3080,[N/A],Enabled,Enabled
1709092643.98491,0,GPU-a71d5fd4-b7db-93b7-1b7a-5a6e2a6a8c65,0.19,0.46162109375,10240.0,5513.0,472.12,NVIDIA GeForce RTX 3080,[N/A],Enabled,Enabled
1709092644.980101,0,GPU-a71d5fd4-b7db-93b7-1b7a-5a6e2a6a8c65,0.19,0.46162109375,10240.0,5513.0,472.12,NVIDIA GeForce RTX 3080,[N/A],Enabled,Enabled
1709092645.976909,0,GPU-a71d5fd4-b7db-93b7-1b7a-5a6e2a6a8c65,0.18,0.46162109375,10240.0,5513.0,472.12,NVIDIA GeForce RTX 3080,[N/A],Enabled,Enabled
1709092646.971325,0,GPU-a71d5fd4-b7db-93b7-1b7a-5a6e2a6a8c65,0.18,0.46162109375,10240.0,5513.0,472.12,NVIDIA GeForce RTX 3080,[N/A],Enabled,Enabled
1709092647.982651,0,GPU-a71d5fd4-b7db-93b7-1b7a-5a6e2a6a8c65,0.19,0.46162109375,10240.0,5513.0,472.12,NVIDIA GeForce RTX 3080,[N/A],Enabled,Enabled
1709092648.975923,0,GPU-a71d5fd4-b7db-93b7-1b7a-5a6e2a6a8c65,0.17,0.46162109375,10240.0,5513.0,472.12,NVIDIA GeForce RTX 3080,[N/A],Enabled,Enabled
1709092649.985777,0,GPU-a71d5fd4-b7db-93b7-1b7a-5a6e2a6a8c65,0.18,0.46162109375,10240.0,5513.0,472.12,NVIDIA GeForce RTX 3080,[N/A],Enabled,Enabled
1709092650.980605,0,GPU-a71d5fd4-b7db-93b7-1b7a-5a6e2a6a8c65,0.18,0.46162109375,10240.0,5513.0,472.12,NVIDIA GeForce RTX 3080,[N/A],Enabled,Enabled
1709092651.977771,0,GPU-a71d5fd4-b7db-93b7-1b7a-5a6e2a6a8c65,0.2,0.46162109375,10240.0,5513.0,472.12,NVIDIA GeForce RTX 3080,[N/A],Enabled,Enabled
1709092652.985169,0,GPU-a71d5fd4-b7db-93b7-1b7a-5a6e2a6a8c65,0.18,0.46162109375,10240.0,5513.0,472.12,NVIDIA GeForce RTX 3080,[N/A],Enabled,Enabled
1709092653.976715,0,GPU-a71d5fd4-b7db-93b7-1b7a-5a6e2a6a8c65,0.19,0.46162109375,10240.0,5513.0,472.12,NVIDIA GeForce RTX 3080,[N/A],Enabled,Enabled
1709092654.972094,0,GPU-a71d5fd4-b7db-93b7-1b7a-5a6e2a6a8c65,0.18,0.46162109375,10240.0,5513.0,472.12,NVIDIA GeForce RTX 3080,[N/A],Enabled,Enabled
1709092655.982685,0,GPU-a71d5fd4-b7db-93b7-1b7a-5a6e2a6a8c65,0.18,0.46162109375,10240.0,5513.0,472.12,NVIDIA GeForce RTX 3080,[N/A],Enabled,Enabled
1709092656.973858,0,GPU-a71d5fd4-b7db-93b7-1b7a-5a6e2a6a8c65,0.19,0.46162109375,10240.0,5513.0,472.12,NVIDIA GeForce RTX 3080,[N/A],Enabled,Enabled
1709092657.98613,0,GPU-a71d5fd4-b7db-93b7-1b7a-5a6e2a6a8c65,0.19,0.46162109375,10240.0,5513.0,472.12,NVIDIA GeForce RTX 3080,[N/A],Enabled,Enabled
1709092658.979859,0,GPU-a71d5fd4-b7db-93b7-1b7a-5a6e2a6a8c65,0.19,0.46162109375,10240.0,5513.0,472.12,NVIDIA GeForce RTX 3080,[N/A],Enabled,Enabled
1709092659.972913,0,GPU-a71d5fd4-b7db-93b7-1b7a-5a6e2a6a8c65,0.18,0.46162109375,10240.0,5513.0,472.12,NVIDIA GeForce RTX 3080,[N/A],Enabled,Enabled
1709092660.980451,0,GPU-a71d5fd4-b7db-93b7-1b7a-5a6e2a6a8c65,0.19,0.46162109375,10240.0,5513.0,472.12,NVIDIA GeForce RTX 3080,[N/A],Enabled,Enabled
1709092661.976895,0,GPU-a71d5fd4-b7db-93b7-1b7a-5a6e2a6a8c65,0.18,0.46162109375,10240.0,5513.0,472.12,NVIDIA GeForce RTX 3080,[N/A],Enabled,Enabled
1709092662.984036,0,GPU-a71d5fd4-b7db-93b7-1b7a-5a6e2a6a8c65,0.19,0.46162109375,10240.0,5513.0,472.12,NVIDIA GeForce RTX 3080,[N/A],Enabled,Enabled
1709092663.978769,0,GPU-a71d5fd4-b7db-93b7-1b7a-5a6e2a6a8c65,0.19,0.46162109375,10240.0,5513.0,472.12,NVIDIA GeForce RTX 3080,[N/A],Enabled,Enabled
1709092664.974895,0,GPU-a71d5fd4-b7db-93b7-1b7a-5a6e2a6a8c65,0.18,0.46162109375,10240.0,5513.0,472.12,NVIDIA GeForce RTX 3080,[N/A],Enabled,Enabled
1709092665.985909,0,GPU-a71d5fd4-b7db-93b7-1b7a-5a6e2a6a8c65,0.18,0.46162109375,10240.0,5513.0,472.12,NVIDIA GeForce RTX 3080,[N/A],Enabled,Enabled
1709092666.976551,0,GPU-a71d5fd4-b7db-93b7-1b7a-5a6e2a6a8c65,0.19,0.46162109375,10240.0,5513.0,472.12,NVIDIA GeForce RTX 3080,[N/A],Enabled,Enabled
1709092667.987006,0,GPU-a71d5fd4-b7db-93b7-1b7a-5a6e2a6a8c65,0.19,0.46162109375,10240.0,5513.0,472.12,NVIDIA GeForce RTX 3080,[N/A],Enabled,Enabled
1709092668.982008,0,GPU-a71d5fd4-b7db-93b7-1b7a-5a6e2a6a8c65,0.18,0.46162109375,10240.0,5513.0,472.12,NVIDIA GeForce RTX 3080,[N/A],Enabled,Enabled
1709092669.978965,0,GPU-a71d5fd4-b7db-93b7-1b7a-5a6e2a6a8c65,0.18,0.46162109375,10240.0,5513.0,472.12,NVIDIA GeForce RTX 3080,[N/A],Enabled,Enabled
1709092670.984815,0,GPU-a71d5fd4-b7db-93b7-1b7a-5a6e2a6a8c65,0.19,0.46162109375,10240.0,5513.0,472.12,NVIDIA GeForce RTX 3080,[N/A],Enabled,Enabled
1709092671.97815,0,GPU-a71d5fd4-b7db-93b7-1b7a-5a6e2a6a8c65,0.19,0.46162109375,10240.0,5513.0,472.12,NVIDIA GeForce RTX 3080,[N/A],Enabled,Enabled
1709092672.974028,0,GPU-a71d5fd4-b7db-93b7-1b7a-5a6e2a6a8c65,0.19,0.46162109375,10240.0,5513.0,472.12,NVIDIA GeForce RTX 3080,[N/A],Enabled,Enabled
1709092673.982133,0,GPU-a71d5fd4-b7db-93b7-1b7a-5a6e2a6a8c65,0.18,0.46162109375,10240.0,5513.0,472.12,NVIDIA GeForce RTX 3080,[N/A],Enabled,Enabled
1709092674.978143,0,GPU-a71d5fd4-b7db-93b7-1b7a-5a6e2a6a8c65,0.19,0.46162109375,10240.0,5513.0,472.12,NVIDIA GeForce RTX 3080,[N/A],Enabled,Enabled
1709092675.972106,0,GPU-a71d5fd4-b7db-93b7-1b7a-5a6e2a6a8c65,0.18,0.46162109375,10240.0,5513.0,472.12,NVIDIA GeForce RTX 3080,[N/A],Enabled,Enabled
1709092676.980963,0,GPU-a71d5fd4-b7db-93b7-1b7a-5a6e2a6a8c65,0.18,0.46162109375,10240.0,5513.0,472.12,NVIDIA GeForce RTX 3080,[N/A],Enabled,Enabled
1709092677.976084,0,GPU-a71d5fd4-b7db-93b7-1b7a-5a6e2a6a8c65,0.19,0.46162109375,10240.0,5513.0,472.12,NVIDIA GeForce RTX 3080,[N/A],Enabled,Enabled
1709092678.972666,0,GPU-a71d5fd4-b7db-93b7-1b7a-5a6e2a6a8c65,0.19,0.46162109375,10240.0,5513.0,472.12,NVIDIA GeForce RTX 3080,[N/A],Enabled,Enabled
1709092679.98702,0,GPU-a71d5fd4-b7db-93b7-1b7a-5a6e2a6a8c65,0.18,0.46162109375,10240.0,5513.0,472.12,NVIDIA GeForce RTX 3080,[N/A],Enabled,Enabled
1709092680.984826,0,GPU-a71d5fd4-b7db-93b7-1b7a-5a6e2a6a8c65,0.18,0.46162109375,10240.0,5513.0,472.12,NVIDIA GeForce RTX 3080,[N/A],Enabled,Enabled
1709092681.979017,0,GPU-a71d5fd4-b7db-93b7-1b7a-5a6e2a6a8c65,0.18,0.46162109375,10240.0,5513.0,472.12,NVIDIA GeForce RTX 3080,[N/A],Enabled,Enabled
1709092682.97396,0,GPU-a71d5fd4-b7db-93b7-1b7a-5a6e2a6a8c65,0.18,0.46162109375,10240.0,5513.0,472.12,NVIDIA GeForce RTX 3080,[N/A],Enabled,Enabled
1709092683.986914,0,GPU-a71d5fd4-b7db-93b7-1b7a-5a6e2a6a8c65,0.18,0.46162109375,10240.0,5513.0,472.12,NVIDIA GeForce RTX 3080,[N/A],Enabled,Enabled
1709092684.981971,0,GPU-a71d5fd4-b7db-93b7-1b7a-5a6e2a6a8c65,0.18,0.46162109375,10240.0,5513.0,472.12,NVIDIA GeForce RTX 3080,[N/A],Enabled,Enabled
1709092685.97899,0,GPU-a71d5fd4-b7db-93b7-1b7a-5a6e2a6a8c65,0.17,0.46162109375,10240.0,5513.0,472.12,NVIDIA GeForce RTX 3080,[N/A],Enabled,Enabled
1709092686.985321,0,GPU-a71d5fd4-b7db-93b7-1b7a-5a6e2a6a8c65,0.18,0.46162109375,10240.0,5513.0,472.12,NVIDIA GeForce RTX 3080,[N/A],Enabled,Enabled
1709092687.981249,0,GPU-a71d5fd4-b7db-93b7-1b7a-5a6e2a6a8c65,0.19,0.46162109375,10240.0,5513.0,472.12,NVIDIA GeForce RTX 3080,[N/A],Enabled,Enabled
1709092688.976136,0,GPU-a71d5fd4-b7db-93b7-1b7a-5a6e2a6a8c65,0.19,0.46162109375,10240.0,5513.0,472.12,NVIDIA GeForce RTX 3080,[N/A],Enabled,Enabled
1709092689.973152,0,GPU-a71d5fd4-b7db-93b7-1b7a-5a6e2a6a8c65,0.17,0.46162109375,10240.0,5513.0,472.12,NVIDIA GeForce RTX 3080,[N/A],Enabled,Enabled
1709092690.980895,0,GPU-a71d5fd4-b7db-93b7-1b7a-5a6e2a6a8c65,0.19,0.46162109375,10240.0,5513.0,472.12,NVIDIA GeForce RTX 3080,[N/A],Enabled,Enabled
1709092691.974717,0,GPU-a71d5fd4-b7db-93b7-1b7a-5a6e2a6a8c65,0.18,0.46162109375,10240.0,5513.0,472.12,NVIDIA GeForce RTX 3080,[N/A],Enabled,Enabled
1709092692.984894,0,GPU-a71d5fd4-b7db-93b7-1b7a-5a6e2a6a8c65,0.19,0.46162109375,10240.0,5513.0,472.12,NVIDIA GeForce RTX 3080,[N/A],Enabled,Enabled
1709092693.977916,0,GPU-a71d5fd4-b7db-93b7-1b7a-5a6e2a6a8c65,0.19,0.46162109375,10240.0,5513.0,472.12,NVIDIA GeForce RTX 3080,[N/A],Enabled,Enabled
1709092694.97408,0,GPU-a71d5fd4-b7db-93b7-1b7a-5a6e2a6a8c65,0.19,0.46162109375,10240.0,5513.0,472.12,NVIDIA GeForce RTX 3080,[N/A],Enabled,Enabled
1709092695.972689,0,GPU-a71d5fd4-b7db-93b7-1b7a-5a6e2a6a8c65,0.19,0.46162109375,10240.0,5513.0,472.12,NVIDIA GeForce RTX 3080,[N/A],Enabled,Enabled
1709092696.984165,0,GPU-a71d5fd4-b7db-93b7-1b7a-5a6e2a6a8c65,0.19,0.46162109375,10240.0,5513.0,472.12,NVIDIA GeForce RTX 3080,[N/A],Enabled,Enabled
1709092697.978763,0,GPU-a71d5fd4-b7db-93b7-1b7a-5a6e2a6a8c65,0.18,0.46162109375,10240.0,5513.0,472.12,NVIDIA GeForce RTX 3080,[N/A],Enabled,Enabled
1709092698.972757,0,GPU-a71d5fd4-b7db-93b7-1b7a-5a6e2a6a8c65,0.19,0.46162109375,10240.0,5513.0,472.12,NVIDIA GeForce RTX 3080,[N/A],Enabled,Enabled
1709092699.979937,0,GPU-a71d5fd4-b7db-93b7-1b7a-5a6e2a6a8c65,0.19,0.46162109375,10240.0,5513.0,472.12,NVIDIA GeForce RTX 3080,[N/A],Enabled,Enabled
1709092700.974688,0,GPU-a71d5fd4-b7db-93b7-1b7a-5a6e2a6a8c65,0.2,0.46162109375,10240.0,5513.0,472.12,NVIDIA GeForce RTX 3080,[N/A],Enabled,Enabled
1709092701.984226,0,GPU-a71d5fd4-b7db-93b7-1b7a-5a6e2a6a8c65,0.17,0.46162109375,10240.0,5513.0,472.12,NVIDIA GeForce RTX 3080,[N/A],Enabled,Enabled
1709092702.980024,0,GPU-a71d5fd4-b7db-93b7-1b7a-5a6e2a6a8c65,0.18,0.46162109375,10240.0,5513.0,472.12,NVIDIA GeForce RTX 3080,[N/A],Enabled,Enabled
1709092703.975548,0,GPU-a71d5fd4-b7db-93b7-1b7a-5a6e2a6a8c65,0.18,0.46162109375,10240.0,5513.0,472.12,NVIDIA GeForce RTX 3080,[N/A],Enabled,Enabled
1709092704.984839,0,GPU-a71d5fd4-b7db-93b7-1b7a-5a6e2a6a8c65,0.19,0.46162109375,10240.0,5513.0,472.12,NVIDIA GeForce RTX 3080,[N/A],Enabled,Enabled
1709092705.981639,0,GPU-a71d5fd4-b7db-93b7-1b7a-5a6e2a6a8c65,0.19,0.46162109375,10240.0,5513.0,472.12,NVIDIA GeForce RTX 3080,[N/A],Enabled,Enabled
1709092706.973745,0,GPU-a71d5fd4-b7db-93b7-1b7a-5a6e2a6a8c65,0.18,0.46162109375,10240.0,5513.0,472.12,NVIDIA GeForce RTX 3080,[N/A],Enabled,Enabled
1709092707.985107,0,GPU-a71d5fd4-b7db-93b7-1b7a-5a6e2a6a8c65,0.19,0.46162109375,10240.0,5513.0,472.12,NVIDIA GeForce RTX 3080,[N/A],Enabled,Enabled
1709092708.978903,0,GPU-a71d5fd4-b7db-93b7-1b7a-5a6e2a6a8c65,0.19,0.46162109375,10240.0,5513.0,472.12,NVIDIA GeForce RTX 3080,[N/A],Enabled,Enabled
1709092709.975178,0,GPU-a71d5fd4-b7db-93b7-1b7a-5a6e2a6a8c65,0.18,0.46162109375,10240.0,5513.0,472.12,NVIDIA GeForce RTX 3080,[N/A],Enabled,Enabled
1709092710.98538,0,GPU-a71d5fd4-b7db-93b7-1b7a-5a6e2a6a8c65,0.19,0.46162109375,10240.0,5513.0,472.12,NVIDIA GeForce RTX 3080,[N/A],Enabled,Enabled
1709092711.977832,0,GPU-a71d5fd4-b7db-93b7-1b7a-5a6e2a6a8c65,0.18,0.46162109375,10240.0,5513.0,472.12,NVIDIA GeForce RTX 3080,[N/A],Enabled,Enabled
1709092712.971945,0,GPU-a71d5fd4-b7db-93b7-1b7a-5a6e2a6a8c65,0.18,0.46162109375,10240.0,5513.0,472.12,NVIDIA GeForce RTX 3080,[N/A],Enabled,Enabled
1709092713.982693,0,GPU-a71d5fd4-b7db-93b7-1b7a-5a6e2a6a8c65,0.19,0.46162109375,10240.0,5513.0,472.12,NVIDIA GeForce RTX 3080,[N/A],Enabled,Enabled
1709092714.97843,0,GPU-a71d5fd4-b7db-93b7-1b7a-5a6e2a6a8c65,0.19,0.46162109375,10240.0,5513.0,472.12,NVIDIA GeForce RTX 3080,[N/A],Enabled,Enabled
1709092715.978072,0,GPU-a71d5fd4-b7db-93b7-1b7a-5a6e2a6a8c65,0.19,0.46162109375,10240.0,5513.0,472.12,NVIDIA GeForce RTX 3080,[N/A],Enabled,Enabled
1709092716.974904,0,GPU-a71d5fd4-b7db-93b7-1b7a-5a6e2a6a8c65,0.19,0.46162109375,10240.0,5513.0,472.12,NVIDIA GeForce RTX 3080,[N/A],Enabled,Enabled
1709092717.985803,0,GPU-a71d5fd4-b7db-93b7-1b7a-5a6e2a6a8c65,0.18,0.46162109375,10240.0,5513.0,472.12,NVIDIA GeForce RTX 3080,[N/A],Enabled,Enabled
1709092718.980522,0,GPU-a71d5fd4-b7db-93b7-1b7a-5a6e2a6a8c65,0.19,0.46162109375,10240.0,5513.0,472.12,NVIDIA GeForce RTX 3080,[N/A],Enabled,Enabled
1709092719.97822,0,GPU-a71d5fd4-b7db-93b7-1b7a-5a6e2a6a8c65,0.18,0.46162109375,10240.0,5513.0,472.12,NVIDIA GeForce RTX 3080,[N/A],Enabled,Enabled
1709092720.984123,0,GPU-a71d5fd4-b7db-93b7-1b7a-5a6e2a6a8c65,0.19,0.46162109375,10240.0,5513.0,472.12,NVIDIA GeForce RTX 3080,[N/A],Enabled,Enabled
1709092721.977818,0,GPU-a71d5fd4-b7db-93b7-1b7a-5a6e2a6a8c65,0.18,0.46162109375,10240.0,5513.0,472.12,NVIDIA GeForce RTX 3080,[N/A],Enabled,Enabled
1709092722.974048,0,GPU-a71d5fd4-b7db-93b7-1b7a-5a6e2a6a8c65,0.19,0.46162109375,10240.0,5513.0,472.12,NVIDIA GeForce RTX 3080,[N/A],Enabled,Enabled
1709092723.981998,0,GPU-a71d5fd4-b7db-93b7-1b7a-5a6e2a6a8c65,0.18,0.46162109375,10240.0,5513.0,472.12,NVIDIA GeForce RTX 3080,[N/A],Enabled,Enabled
1709092724.974084,0,GPU-a71d5fd4-b7db-93b7-1b7a-5a6e2a6a8c65,0.18,0.46162109375,10240.0,5513.0,472.12,NVIDIA GeForce RTX 3080,[N/A],Enabled,Enabled
1709092725.986548,0,GPU-a71d5fd4-b7db-93b7-1b7a-5a6e2a6a8c65,0.18,0.46162109375,10240.0,5513.0,472.12,NVIDIA GeForce RTX 3080,[N/A],Enabled,Enabled
1709092726.978832,0,GPU-a71d5fd4-b7db-93b7-1b7a-5a6e2a6a8c65,0.19,0.46162109375,10240.0,5513.0,472.12,NVIDIA GeForce RTX 3080,[N/A],Enabled,Enabled
1709092727.976729,0,GPU-a71d5fd4-b7db-93b7-1b7a-5a6e2a6a8c65,0.17,0.46162109375,10240.0,5513.0,472.12,NVIDIA GeForce RTX 3080,[N/A],Enabled,Enabled
1709092728.985148,0,GPU-a71d5fd4-b7db-93b7-1b7a-5a6e2a6a8c65,0.18,0.46162109375,10240.0,5513.0,472.12,NVIDIA GeForce RTX 3080,[N/A],Enabled,Enabled
1709092729.982692,0,GPU-a71d5fd4-b7db-93b7-1b7a-5a6e2a6a8c65,0.14,0.45302734375,10240.0,5601.0,472.12,NVIDIA GeForce RTX 3080,[N/A],Enabled,Enabled
1709092730.974965,0,GPU-a71d5fd4-b7db-93b7-1b7a-5a6e2a6a8c65,0.15,0.45302734375,10240.0,5601.0,472.12,NVIDIA GeForce RTX 3080,[N/A],Enabled,Enabled
1709092731.974853,0,GPU-a71d5fd4-b7db-93b7-1b7a-5a6e2a6a8c65,0.15,0.45302734375,10240.0,5601.0,472.12,NVIDIA GeForce RTX 3080,[N/A],Enabled,Enabled
1709092732.973873,0,GPU-a71d5fd4-b7db-93b7-1b7a-5a6e2a6a8c65,0.14,0.44931640625,10240.0,5639.0,472.12,NVIDIA GeForce RTX 3080,[N/A],Enabled,Enabled
1709092733.985736,0,GPU-a71d5fd4-b7db-93b7-1b7a-5a6e2a6a8c65,0.14,0.44931640625,10240.0,5639.0,472.12,NVIDIA GeForce RTX 3080,[N/A],Enabled,Enabled
1709092734.978246,0,GPU-a71d5fd4-b7db-93b7-1b7a-5a6e2a6a8c65,0.13,0.44931640625,10240.0,5639.0,472.12,NVIDIA GeForce RTX 3080,[N/A],Enabled,Enabled
1709092735.986038,0,GPU-a71d5fd4-b7db-93b7-1b7a-5a6e2a6a8c65,0.14,0.44931640625,10240.0,5639.0,472.12,NVIDIA GeForce RTX 3080,[N/A],Enabled,Enabled
1709092736.979965,0,GPU-a71d5fd4-b7db-93b7-1b7a-5a6e2a6a8c65,0.21,0.38876953125,10240.0,6259.0,472.12,NVIDIA GeForce RTX 3080,[N/A],Enabled,Enabled
1709092737.973996,0,GPU-a71d5fd4-b7db-93b7-1b7a-5a6e2a6a8c65,0.16,0.39130859375,10240.0,6233.0,472.12,NVIDIA GeForce RTX 3080,[N/A],Enabled,Enabled
1709092738.973994,0,GPU-a71d5fd4-b7db-93b7-1b7a-5a6e2a6a8c65,0.15,0.39130859375,10240.0,6233.0,472.12,NVIDIA GeForce RTX 3080,[N/A],Enabled,Enabled
1709092739.984094,0,GPU-a71d5fd4-b7db-93b7-1b7a-5a6e2a6a8c65,0.15,0.39130859375,10240.0,6233.0,472.12,NVIDIA GeForce RTX 3080,[N/A],Enabled,Enabled
1709092740.980221,0,GPU-a71d5fd4-b7db-93b7-1b7a-5a6e2a6a8c65,0.14,0.39130859375,10240.0,6233.0,472.12,NVIDIA GeForce RTX 3080,[N/A],Enabled,Enabled
1709092741.986882,0,GPU-a71d5fd4-b7db-93b7-1b7a-5a6e2a6a8c65,0.14,0.39130859375,10240.0,6233.0,472.12,NVIDIA GeForce RTX 3080,[N/A],Enabled,Enabled
1709092742.985065,0,GPU-a71d5fd4-b7db-93b7-1b7a-5a6e2a6a8c65,0.14,0.39130859375,10240.0,6233.0,472.12,NVIDIA GeForce RTX 3080,[N/A],Enabled,Enabled
