7.89 8.32 8.45 1/2895 11389
7.89 8.32 8.45 3/2895 11417
7.66 8.27 8.43 2/2896 11446
7.66 8.27 8.43 5/2896 11473
7.66 8.27 8.43 7/2896 11500
7.66 8.27 8.43 2/2896 11527
7.66 8.27 8.43 5/2896 11555
7.61 8.25 8.42 2/2896 11582
7.61 8.25 8.42 3/2896 11609
7.61 8.25 8.42 5/2896 11636
7.61 8.25 8.42 2/2896 11663
7.61 8.25 8.42 5/2894 11690
7.64 8.24 8.42 1/2894 11718
7.64 8.24 8.42 8/2894 11745
7.64 8.24 8.42 5/2894 11772
7.64 8.24 8.42 3/2894 11799
7.64 8.24 8.42 4/2894 11826
7.75 8.25 8.42 2/2894 11853
7.75 8.25 8.42 5/2894 11880
7.75 8.25 8.42 2/2894 11907
7.75 8.25 8.42 5/2894 11934
7.75 8.25 8.42 7/2894 11965
8.17 8.33 8.45 5/2895 12005
8.17 8.33 8.45 6/2895 12033
8.17 8.33 8.45 9/2895 12060
8.17 8.33 8.45 4/2895 12087
8.17 8.33 8.45 6/2900 12121
7.99 8.29 8.44 1/2900 12149
7.99 8.29 8.44 8/2900 12176
7.99 8.29 8.44 4/2900 12203
7.99 8.29 8.44 5/2900 12230
7.99 8.29 8.44 3/2900 12257
8.23 8.34 8.45 2/2900 12284
8.23 8.34 8.45 4/2900 12311
8.23 8.34 8.45 3/2900 12339
8.23 8.34 8.45 2/2900 12366
8.23 8.34 8.45 5/2899 12393
8.14 8.32 8.44 5/2899 12420
8.14 8.32 8.44 2/2899 12447
8.14 8.32 8.44 4/2899 12474
8.14 8.32 8.44 2/2899 12501
8.14 8.32 8.44 3/2902 12531
7.88 8.26 8.42 2/2902 12558
7.88 8.26 8.42 6/2902 12585
7.88 8.26 8.42 1/2902 12612
7.88 8.26 8.42 3/2902 12639
7.88 8.26 8.42 4/2902 12667
7.65 8.21 8.41 4/2901 12694
7.65 8.21 8.41 4/2901 12721
7.65 8.21 8.41 4/2901 12748
7.65 8.21 8.41 6/2901 12775
7.65 8.21 8.41 4/2900 12802
7.44 8.15 8.39 1/2900 12829
7.44 8.15 8.39 2/2900 12856
7.44 8.15 8.39 5/2897 12883
7.44 8.15 8.39 5/2897 12910
7.44 8.15 8.39 3/2897 12937
7.32 8.12 8.37 2/2897 12965
7.32 8.12 8.37 4/2897 12992
7.32 8.12 8.37 2/2895 13019
7.32 8.12 8.37 4/2895 13046
7.32 8.12 8.37 2/2894 13073
7.14 8.07 8.35 5/2894 13100
7.14 8.07 8.35 7/2894 13127
7.14 8.07 8.35 1/2894 13154
7.14 8.07 8.35 3/2894 13181
7.14 8.07 8.35 9/2893 13209
7.21 8.06 8.35 5/2893 13236
7.21 8.06 8.35 3/2893 13264
7.21 8.06 8.35 1/2892 13291
7.21 8.06 8.35 3/2892 13318
7.21 8.06 8.35 6/2892 13345
7.03 8.01 8.33 7/2892 13372
7.03 8.01 8.33 1/2892 13399
7.03 8.01 8.33 2/2892 13427
7.03 8.01 8.33 6/2892 13454
7.03 8.01 8.33 5/2892 13481
7.11 8.01 8.33 3/2892 13508
7.11 8.01 8.33 2/2892 13535
7.11 8.01 8.33 1/2892 13562
7.11 8.01 8.33 4/2892 13590
7.11 8.01 8.33 6/2896 13621
7.58 8.10 8.36 3/2892 13655
7.58 8.10 8.36 1/2892 13682
7.58 8.10 8.36 5/2892 13709
7.58 8.10 8.36 5/2892 13736
7.58 8.10 8.36 4/2888 13763
7.69 8.11 8.36 4/2888 13791
7.69 8.11 8.36 1/2888 13818
7.69 8.11 8.36 2/2888 13845
7.69 8.11 8.36 5/2888 13872
7.69 8.11 8.36 2/2886 13900
7.64 8.09 8.35 4/2886 13927
7.64 8.09 8.35 2/2886 13954
7.64 8.09 8.35 3/2886 13981
7.64 8.09 8.35 2/2886 14008
7.64 8.09 8.35 3/2886 14035
7.51 8.06 8.34 5/2886 14062
7.51 8.06 8.34 2/2886 14089
7.51 8.06 8.34 5/2886 14116
7.51 8.06 8.34 1/2886 14143
7.51 8.06 8.34 3/2886 14170
7.87 8.12 8.36 4/2886 14198
7.87 8.12 8.36 3/2886 14225
7.87 8.12 8.36 11/2886 14252
7.87 8.12 8.36 9/2886 14279
7.87 8.12 8.36 5/2886 14306
8.12 8.17 8.38 1/2886 14333
8.12 8.17 8.38 5/2886 14360
8.12 8.17 8.38 1/2886 14387
8.12 8.17 8.38 6/2886 14414
8.12 8.17 8.38 5/2886 14441
8.03 8.15 8.37 2/2886 14468
8.03 8.15 8.37 1/2886 14496
8.03 8.15 8.37 3/2886 14523
8.03 8.15 8.37 1/2886 14550
8.03 8.15 8.37 2/2886 14577
7.87 8.11 8.36 1/2886 14604
7.87 8.11 8.36 7/2886 14631
7.87 8.11 8.36 4/2886 14658
7.87 8.11 8.36 7/2886 14685
7.87 8.11 8.36 4/2886 14712
8.12 8.16 8.37 9/2886 14739
8.12 8.16 8.37 1/2886 14766
8.12 8.16 8.37 17/2886 14794
8.12 8.16 8.37 5/2886 14822
8.12 8.16 8.37 2/2886 14849
8.51 8.24 8.40 1/2886 14876
8.51 8.24 8.40 8/2886 14903
8.51 8.24 8.40 2/2886 14930
8.51 8.24 8.40 4/2886 14957
8.51 8.24 8.40 4/2886 14984
8.47 8.24 8.39 6/2886 15011
8.47 8.24 8.39 6/2886 15038
8.47 8.24 8.39 1/2886 15065
8.47 8.24 8.39 3/2886 15092
8.47 8.24 8.39 4/2886 15120
8.35 8.22 8.39 3/2886 15147
8.35 8.22 8.39 8/2886 15174
8.35 8.22 8.39 9/2886 15202
8.35 8.22 8.39 3/2886 15230
8.35 8.22 8.39 4/2886 15257
8.16 8.18 8.37 4/2886 15292
8.16 8.18 8.37 11/2886 15319
8.16 8.18 8.37 4/2886 15346
8.16 8.18 8.37 6/2886 15373
8.16 8.18 8.37 2/2892 15408
7.91 8.13 8.35 3/2892 15437
7.91 8.13 8.35 4/2892 15464
7.91 8.13 8.35 4/2892 15491
7.91 8.13 8.35 3/2892 15518
7.91 8.13 8.35 1/2892 15545
8.08 8.16 8.36 7/2892 15572
8.08 8.16 8.36 4/2892 15599
8.08 8.16 8.36 5/2892 15626
8.08 8.16 8.36 1/2892 15653
8.08 8.16 8.36 3/2892 15680
7.99 8.14 8.36 1/2892 15707
7.99 8.14 8.36 3/2892 15734
7.99 8.14 8.36 1/2892 15762
7.99 8.14 8.36 5/2892 15789
7.99 8.14 8.36 7/2892 15816
7.83 8.10 8.34 4/2892 15843
7.83 8.10 8.34 1/2892 15870
7.83 8.10 8.34 6/2892 15897
7.83 8.10 8.34 3/2892 15924
7.83 8.10 8.34 4/2892 15951
8.08 8.15 8.36 3/2892 15978
8.08 8.15 8.36 5/2892 16005
8.08 8.15 8.36 5/2892 16032
8.08 8.15 8.36 6/2892 16060
8.08 8.15 8.36 3/2892 16087
8.08 8.15 8.36 5/2892 16114
8.08 8.15 8.36 3/2892 16141
8.08 8.15 8.36 2/2892 16168
8.08 8.15 8.36 1/2892 16195
8.08 8.15 8.36 7/2892 16222
7.99 8.13 8.35 4/2892 16249
7.99 8.13 8.35 5/2892 16276
7.99 8.13 8.35 3/2892 16303
7.99 8.13 8.35 3/2892 16330
7.99 8.13 8.35 3/2892 16358
7.83 8.09 8.34 4/2892 16385
7.83 8.09 8.34 2/2891 16412
7.83 8.09 8.34 4/2891 16439
7.83 8.09 8.34 5/2891 16466
7.83 8.09 8.34 2/2891 16493
7.68 8.06 8.32 4/2891 16520
7.68 8.06 8.32 2/2892 16548
7.68 8.06 8.32 1/2892 16575
7.68 8.06 8.32 4/2892 16602
7.68 8.06 8.32 2/2892 16629
7.55 8.02 8.31 1/2892 16657
7.55 8.02 8.31 1/2892 16685
7.55 8.02 8.31 1/2892 16713
7.55 8.02 8.31 3/2892 16740
7.55 8.02 8.31 5/2892 16767
7.75 8.06 8.32 2/2892 16794
7.75 8.06 8.32 6/2892 16821
7.75 8.06 8.32 5/2892 16848
7.75 8.06 8.32 1/2892 16875
7.75 8.06 8.32 4/2892 16903
7.60 8.02 8.31 3/2892 16939
7.60 8.02 8.31 4/2892 16966
7.60 8.02 8.31 7/2892 16994
7.60 8.02 8.31 2/2892 17021
7.60 8.02 8.31 7/2888 17048
7.48 7.99 8.29 3/2888 17076
7.48 7.99 8.29 1/2895 17112
7.48 7.99 8.29 1/2895 17139
7.48 7.99 8.29 3/2895 17167
7.48 7.99 8.29 3/2893 17194
7.52 7.99 8.29 6/2893 17221
7.52 7.99 8.29 2/2893 17248
7.52 7.99 8.29 3/2893 17275
7.52 7.99 8.29 2/2893 17303
7.52 7.99 8.29 2/2893 17330
7.64 8.01 8.30 4/2893 17357
7.64 8.01 8.30 3/2893 17384
7.64 8.01 8.30 1/2893 17411
7.64 8.01 8.30 3/2892 17438
7.64 8.01 8.30 3/2892 17465
7.99 8.07 8.32 1/2892 17492
7.99 8.07 8.32 3/2892 17519
7.99 8.07 8.32 2/2892 17546
7.99 8.07 8.32 1/2892 17573
7.99 8.07 8.32 6/2892 17601
8.07 8.09 8.32 1/2892 17628
8.07 8.09 8.32 3/2892 17655
8.07 8.09 8.32 6/2892 17682
8.07 8.09 8.32 2/2892 17709
8.07 8.09 8.32 7/2892 17736
8.06 8.09 8.32 5/2892 17763
8.06 8.09 8.32 3/2892 17787
8.06 8.09 8.32 3/2891 17814
