12-17 22:19:56.236  4889  4889 I BatteryMgr:DataCollectionService: onStartCommand: begin
12-17 22:19:56.236  4889  4889 I BatteryMgr:DataCollectionService: onStartCommand: sampleRate => 1000
12-17 22:19:56.236  4889  4889 I BatteryMgr:DataCollectionService: onStartCommand: rawFields => Timestamp,BATTERY_PROPERTY_CURRENT_NOW,EXTRA_VOLTAGE
12-17 22:19:56.237  4889  4889 I BatteryMgr:DataCollectionService: onStartCommand: notification done
12-17 22:19:56.240  4889  4889 I BatteryMgr:DataCollectionService: started foreground
12-17 22:19:56.243  4889  5283 I BatteryMgr:DataCollectionService: collectData: begin
12-17 22:19:56.245  4889  5283 I BatteryMgr:DataCollectionService: stats => 1702847996245,-1955565,3625
12-17 22:19:57.248  4889  5283 I BatteryMgr:DataCollectionService: stats => 1702847997248,-1955565,3625
12-17 22:19:58.250  4889  5283 I BatteryMgr:DataCollectionService: stats => 1702847998250,-1964354,3625
12-17 22:19:59.252  4889  5283 I BatteryMgr:DataCollectionService: stats => 1702847999252,-1960936,3625
12-17 22:20:00.255  4889  5283 I BatteryMgr:DataCollectionService: stats => 1702848000255,-1969237,3625
12-17 22:20:01.257  4889  5283 I BatteryMgr:DataCollectionService: stats => 1702848001257,-1976073,3625
12-17 22:20:02.260  4889  5283 I BatteryMgr:DataCollectionService: stats => 1702848002260,-1992674,3625
12-17 22:20:03.262  4889  5283 I BatteryMgr:DataCollectionService: stats => 1702848003262,-1961913,3625
12-17 22:20:04.265  4889  5283 I BatteryMgr:DataCollectionService: stats => 1702848004265,-1963377,3625
12-17 22:20:05.268  4889  5283 I BatteryMgr:DataCollectionService: stats => 1702848005268,-1971678,3625
12-17 22:20:06.270  4889  5283 I BatteryMgr:DataCollectionService: stats => 1702848006270,-1965819,3625
12-17 22:20:07.274  4889  5283 I BatteryMgr:DataCollectionService: stats => 1702848007274,-1981444,3623
12-17 22:20:08.277  4889  5283 I BatteryMgr:DataCollectionService: stats => 1702848008277,-1950682,3623
12-17 22:20:09.280  4889  5283 I BatteryMgr:DataCollectionService: stats => 1702848009280,-1965331,3623
12-17 22:20:10.282  4889  5283 I BatteryMgr:DataCollectionService: stats => 1702848010282,-1971678,3623
12-17 22:20:11.285  4889  5283 I BatteryMgr:DataCollectionService: stats => 1702848011285,-1972655,3623
12-17 22:20:12.287  4889  5283 I BatteryMgr:DataCollectionService: stats => 1702848012287,-1953612,3623
12-17 22:20:13.290  4889  5283 I BatteryMgr:DataCollectionService: stats => 1702848013290,-1977049,3623
12-17 22:20:14.292  4889  5283 I BatteryMgr:DataCollectionService: stats => 1702848014292,-1975096,3623
12-17 22:20:15.295  4889  5283 I BatteryMgr:DataCollectionService: stats => 1702848015295,-1962401,3623
12-17 22:20:16.298  4889  5283 I BatteryMgr:DataCollectionService: stats => 1702848016298,-1964354,3623
12-17 22:20:17.300  4889  5283 I BatteryMgr:DataCollectionService: stats => 1702848017300,-1941405,3624
12-17 22:20:18.303  4889  5283 I BatteryMgr:DataCollectionService: stats => 1702848018302,-1978026,3624
12-17 22:20:19.305  4889  5283 I BatteryMgr:DataCollectionService: stats => 1702848019305,-1979002,3624
12-17 22:20:20.307  4889  5283 I BatteryMgr:DataCollectionService: stats => 1702848020307,-1646971,3624
12-17 22:20:21.310  4889  5283 I BatteryMgr:DataCollectionService: stats => 1702848021310,-1625975,3624
12-17 22:20:22.313  4889  5283 I BatteryMgr:DataCollectionService: stats => 1702848022313,-1616698,3624
12-17 22:20:23.316  4889  5283 I BatteryMgr:DataCollectionService: stats => 1702848023316,-1588378,3624
12-17 22:20:24.320  4889  5283 I BatteryMgr:DataCollectionService: stats => 1702848024319,-1559569,3648
12-17 22:20:25.322  4889  5283 I BatteryMgr:DataCollectionService: stats => 1702848025322,-1940428,3648
12-17 22:20:26.325  4889  5283 I BatteryMgr:DataCollectionService: stats => 1702848026325,-1898924,3648
12-17 22:20:27.328  4889  5283 I BatteryMgr:DataCollectionService: stats => 1702848027328,-1666503,3642
12-17 22:20:28.330  4889  5283 I BatteryMgr:DataCollectionService: stats => 1702848028330,-1882323,3642
12-17 22:20:29.332  4889  5283 I BatteryMgr:DataCollectionService: stats => 1702848029332,-1917479,3642
12-17 22:20:30.335  4889  5283 I BatteryMgr:DataCollectionService: stats => 1702848030335,-1835936,3642
12-17 22:20:31.337  4889  5283 I BatteryMgr:DataCollectionService: stats => 1702848031337,-1787596,3642
12-17 22:20:32.340  4889  5283 I BatteryMgr:DataCollectionService: stats => 1702848032340,-1915526,3642
12-17 22:20:33.342  4889  5283 I BatteryMgr:DataCollectionService: stats => 1702848033342,-1937499,3642
12-17 22:20:34.344  4889  5283 I BatteryMgr:DataCollectionService: stats => 1702848034344,-1970213,3642
12-17 22:20:35.347  4889  5283 I BatteryMgr:DataCollectionService: stats => 1702848035347,-2016600,3642
12-17 22:20:36.349  4889  5283 I BatteryMgr:DataCollectionService: stats => 1702848036349,-1988280,3642
12-17 22:20:37.352  4889  5283 I BatteryMgr:DataCollectionService: stats => 1702848037352,-2009764,3622
12-17 22:20:38.355  4889  5283 I BatteryMgr:DataCollectionService: stats => 1702848038354,-1982909,3622
12-17 22:20:39.358  4889  5283 I BatteryMgr:DataCollectionService: stats => 1702848039358,-1979491,3622
12-17 22:20:40.360  4889  5283 I BatteryMgr:DataCollectionService: stats => 1702848040360,-1997557,3622
12-17 22:20:41.362  4889  5283 I BatteryMgr:DataCollectionService: stats => 1702848041362,-1982909,3622
12-17 22:20:42.366  4889  5283 I BatteryMgr:DataCollectionService: stats => 1702848042366,-2015135,3622
12-17 22:20:43.368  4889  5283 I BatteryMgr:DataCollectionService: stats => 1702848043368,-1993651,3622
12-17 22:20:44.371  4889  5283 I BatteryMgr:DataCollectionService: stats => 1702848044371,-2014159,3622
12-17 22:20:45.373  4889  5283 I BatteryMgr:DataCollectionService: stats => 1702848045373,-2029295,3622
12-17 22:20:46.375  4889  5283 I BatteryMgr:DataCollectionService: stats => 1702848046375,-2015623,3622
12-17 22:20:47.379  4889  5283 I BatteryMgr:DataCollectionService: stats => 1702848047379,-1952635,3620
12-17 22:20:48.381  4889  5283 I BatteryMgr:DataCollectionService: stats => 1702848048381,-1971678,3622
12-17 22:20:49.383  4889  5283 I BatteryMgr:DataCollectionService: stats => 1702848049383,-1986327,3622
12-17 22:20:50.386  4889  5283 I BatteryMgr:DataCollectionService: stats => 1702848050386,-1994139,3622
12-17 22:20:51.388  4889  5283 I BatteryMgr:DataCollectionService: stats => 1702848051388,-1621092,3622
12-17 22:20:52.390  4889  5283 I BatteryMgr:DataCollectionService: stats => 1702848052390,-1976561,3622
12-17 22:20:53.394  4889  5283 I BatteryMgr:DataCollectionService: stats => 1702848053393,-2039061,3622
12-17 22:20:54.397  4889  5283 I BatteryMgr:DataCollectionService: stats => 1702848054397,-1981932,3622
12-17 22:20:55.399  4889  5283 I BatteryMgr:DataCollectionService: stats => 1702848055399,-1976073,3622
12-17 22:20:56.402  4889  5283 I BatteryMgr:DataCollectionService: stats => 1702848056402,-2009276,3622
12-17 22:20:57.404  4889  5283 I BatteryMgr:DataCollectionService: stats => 1702848057404,-2020018,3619
12-17 22:20:58.407  4889  5283 I BatteryMgr:DataCollectionService: stats => 1702848058407,-1994139,3619
12-17 22:20:59.410  4889  5283 I BatteryMgr:DataCollectionService: stats => 1702848059410,-2012206,3619
12-17 22:21:00.412  4889  5283 I BatteryMgr:DataCollectionService: stats => 1702848060412,-2027830,3619
12-17 22:21:01.415  4889  5283 I BatteryMgr:DataCollectionService: stats => 1702848061415,-1978026,3619
12-17 22:21:02.418  4889  5283 I BatteryMgr:DataCollectionService: stats => 1702848062418,-1982909,3619
12-17 22:21:03.420  4889  5283 I BatteryMgr:DataCollectionService: stats => 1702848063420,-2013182,3619
12-17 22:21:04.423  4889  5283 I BatteryMgr:DataCollectionService: stats => 1702848064423,-1979979,3619
12-17 22:21:05.426  4889  5283 I BatteryMgr:DataCollectionService: stats => 1702848065426,-2042479,3619
12-17 22:21:06.428  4889  5283 I BatteryMgr:DataCollectionService: stats => 1702848066428,-2058592,3619
12-17 22:21:07.432  4889  5283 I BatteryMgr:DataCollectionService: stats => 1702848067431,-2031248,3618
12-17 22:21:08.435  4889  5283 I BatteryMgr:DataCollectionService: stats => 1702848068435,-1997557,3618
12-17 22:21:09.438  4889  5283 I BatteryMgr:DataCollectionService: stats => 1702848069438,-2012206,3618
12-17 22:21:10.440  4889  5283 I BatteryMgr:DataCollectionService: stats => 1702848070440,-2086424,3618
12-17 22:21:11.443  4889  5283 I BatteryMgr:DataCollectionService: stats => 1702848071443,-2075682,3618
12-17 22:21:12.446  4889  5283 I BatteryMgr:DataCollectionService: stats => 1702848072446,-2050291,3618
12-17 22:21:13.450  4889  5283 I BatteryMgr:DataCollectionService: stats => 1702848073450,-2008299,3618
12-17 22:21:14.452  4889  5283 I BatteryMgr:DataCollectionService: stats => 1702848074452,-2044920,3618
12-17 22:21:15.454  4889  5283 I BatteryMgr:DataCollectionService: stats => 1702848075454,-2004881,3618
12-17 22:21:16.457  4889  5283 I BatteryMgr:DataCollectionService: stats => 1702848076457,-2024413,3618
12-17 22:21:17.462  4889  5283 I BatteryMgr:DataCollectionService: stats => 1702848077462,-2041014,3617
12-17 22:21:18.464  4889  5283 I BatteryMgr:DataCollectionService: stats => 1702848078464,-2043455,3617
12-17 22:21:19.466  4889  5283 I BatteryMgr:DataCollectionService: stats => 1702848079466,-2043455,3617
12-17 22:21:20.468  4889  5283 I BatteryMgr:DataCollectionService: stats => 1702848080468,-2048827,3617
12-17 22:21:21.472  4889  5283 I BatteryMgr:DataCollectionService: stats => 1702848081472,-2004881,3617
12-17 22:21:22.476  4889  5283 I BatteryMgr:DataCollectionService: stats => 1702848082476,-1987303,3617
12-17 22:21:23.478  4889  5283 I BatteryMgr:DataCollectionService: stats => 1702848083478,-2053709,3617
12-17 22:21:24.480  4889  5283 I BatteryMgr:DataCollectionService: stats => 1702848084480,-2041014,3617
12-17 22:21:25.483  4889  5283 I BatteryMgr:DataCollectionService: stats => 1702848085482,-2000975,3617
12-17 22:21:26.488  4889  5283 I BatteryMgr:DataCollectionService: stats => 1702848086488,-2080077,3617
12-17 22:21:27.490  4889  5283 I BatteryMgr:DataCollectionService: stats => 1702848087490,-2015623,3618
12-17 22:21:28.492  4889  5283 I BatteryMgr:DataCollectionService: stats => 1702848088492,-2039061,3618
12-17 22:21:29.495  4889  5283 I BatteryMgr:DataCollectionService: stats => 1702848089495,-2011717,3618
12-17 22:21:30.498  4889  5283 I BatteryMgr:DataCollectionService: stats => 1702848090498,-2009764,3618
12-17 22:21:31.500  4889  5283 I BatteryMgr:DataCollectionService: stats => 1702848091500,-2029295,3618
12-17 22:21:32.502  4889  5283 I BatteryMgr:DataCollectionService: stats => 1702848092502,-2007323,3618
12-17 22:21:33.505  4889  5283 I BatteryMgr:DataCollectionService: stats => 1702848093505,-2014647,3618
12-17 22:21:34.507  4889  5283 I BatteryMgr:DataCollectionService: stats => 1702848094507,-1998045,3619
12-17 22:21:35.509  4889  5283 I BatteryMgr:DataCollectionService: stats => 1702848095509,-2016600,3619
12-17 22:21:36.512  4889  5283 I BatteryMgr:DataCollectionService: stats => 1702848096512,-1997557,3619
12-17 22:21:37.515  4889  5283 I BatteryMgr:DataCollectionService: stats => 1702848097515,-2028807,3617
12-17 22:21:38.518  4889  5283 I BatteryMgr:DataCollectionService: stats => 1702848098518,-1989745,3617
12-17 22:21:39.520  4889  5283 I BatteryMgr:DataCollectionService: stats => 1702848099520,-1999998,3617
12-17 22:21:40.524  4889  5283 I BatteryMgr:DataCollectionService: stats => 1702848100524,-1989745,3617
12-17 22:21:41.527  4889  5283 I BatteryMgr:DataCollectionService: stats => 1702848101527,-1982909,3617
12-17 22:21:42.529  4889  5283 I BatteryMgr:DataCollectionService: stats => 1702848102529,-2031248,3617
12-17 22:21:43.532  4889  5283 I BatteryMgr:DataCollectionService: stats => 1702848103532,-1999510,3617
12-17 22:21:44.534  4889  5283 I BatteryMgr:DataCollectionService: stats => 1702848104534,-2055663,3617
12-17 22:21:45.537  4889  5283 I BatteryMgr:DataCollectionService: stats => 1702848105537,-2002440,3617
12-17 22:21:46.540  4889  5283 I BatteryMgr:DataCollectionService: stats => 1702848106540,-2021971,3617
12-17 22:21:47.542  4889  5283 I BatteryMgr:DataCollectionService: stats => 1702848107542,-2023924,3616
12-17 22:21:48.545  4889  5283 I BatteryMgr:DataCollectionService: stats => 1702848108545,-1987303,3616
12-17 22:21:49.547  4889  5283 I BatteryMgr:DataCollectionService: stats => 1702848109547,-1988768,3616
12-17 22:21:50.551  4889  5283 I BatteryMgr:DataCollectionService: stats => 1702848110550,-2018065,3616
12-17 22:21:51.553  4889  5283 I BatteryMgr:DataCollectionService: stats => 1702848111553,-2045409,3616
12-17 22:21:52.555  4889  5283 I BatteryMgr:DataCollectionService: stats => 1702848112555,-2034178,3616
12-17 22:21:53.557  4889  5283 I BatteryMgr:DataCollectionService: stats => 1702848113557,-2031737,3616
12-17 22:21:54.560  4889  5283 I BatteryMgr:DataCollectionService: stats => 1702848114560,-2051268,3616
12-17 22:21:55.564  4889  5283 I BatteryMgr:DataCollectionService: stats => 1702848115564,-2024413,3616
12-17 22:21:56.567  4889  5283 I BatteryMgr:DataCollectionService: stats => 1702848116567,-2041014,3616
12-17 22:21:57.569  4889  5283 I BatteryMgr:DataCollectionService: stats => 1702848117569,-1999510,3617
12-17 22:21:58.573  4889  5283 I BatteryMgr:DataCollectionService: stats => 1702848118573,-1975584,3617
12-17 22:21:59.575  4889  5283 I BatteryMgr:DataCollectionService: stats => 1702848119575,-2026854,3615
12-17 22:22:00.578  4889  5283 I BatteryMgr:DataCollectionService: stats => 1702848120578,-2047362,3615
12-17 22:22:01.581  4889  5283 I BatteryMgr:DataCollectionService: stats => 1702848121581,-1984862,3615
12-17 22:22:02.584  4889  5283 I BatteryMgr:DataCollectionService: stats => 1702848122584,-2031737,3615
12-17 22:22:03.586  4889  5283 I BatteryMgr:DataCollectionService: stats => 1702848123586,-2005858,3615
12-17 22:22:04.590  4889  5283 I BatteryMgr:DataCollectionService: stats => 1702848124590,-2037596,3615
12-17 22:22:05.593  4889  5283 I BatteryMgr:DataCollectionService: stats => 1702848125592,-2027830,3615
12-17 22:22:06.595  4889  5283 I BatteryMgr:DataCollectionService: stats => 1702848126595,-1980467,3615
12-17 22:22:07.598  4889  5283 I BatteryMgr:DataCollectionService: stats => 1702848127598,-2019041,3617
12-17 22:22:08.600  4889  5283 I BatteryMgr:DataCollectionService: stats => 1702848128600,-2008788,3617
12-17 22:22:09.604  4889  5283 I BatteryMgr:DataCollectionService: stats => 1702848129604,-2019530,3617
12-17 22:22:10.608  4889  5283 I BatteryMgr:DataCollectionService: stats => 1702848130608,-2027342,3617
12-17 22:22:11.610  4889  5283 I BatteryMgr:DataCollectionService: stats => 1702848131610,-1945799,3617
12-17 22:22:12.612  4889  5283 I BatteryMgr:DataCollectionService: stats => 1702848132612,-1926756,3617
12-17 22:22:13.614  4889  5283 I BatteryMgr:DataCollectionService: stats => 1702848133614,-2012694,3617
12-17 22:22:14.616  4889  5283 I BatteryMgr:DataCollectionService: stats => 1702848134616,-1941893,3617
12-17 22:22:15.619  4889  5283 I BatteryMgr:DataCollectionService: stats => 1702848135619,-1987791,3617
12-17 22:22:16.620  4889  5283 I BatteryMgr:DataCollectionService: stats => 1702848136620,-2035643,3617
12-17 22:22:17.623  4889  5283 I BatteryMgr:DataCollectionService: stats => 1702848137623,-1943358,3614
12-17 22:22:18.625  4889  5283 I BatteryMgr:DataCollectionService: stats => 1702848138625,-1970213,3614
12-17 22:22:19.630  4889  5283 I BatteryMgr:DataCollectionService: stats => 1702848139630,-2038573,3614
12-17 22:22:20.634  4889  5283 I BatteryMgr:DataCollectionService: stats => 1702848140634,-1995604,3614
12-17 22:22:21.636  4889  5283 I BatteryMgr:DataCollectionService: stats => 1702848141636,-1976561,3614
12-17 22:22:22.639  4889  5283 I BatteryMgr:DataCollectionService: stats => 1702848142639,-1960448,3618
12-17 22:22:23.642  4889  5283 I BatteryMgr:DataCollectionService: stats => 1702848143642,-2059569,3618
12-17 22:22:24.646  4889  5283 I BatteryMgr:DataCollectionService: stats => 1702848144646,-2027830,3618
12-17 22:22:25.648  4889  5283 I BatteryMgr:DataCollectionService: stats => 1702848145648,-1996581,3618
12-17 22:22:26.651  4889  5283 I BatteryMgr:DataCollectionService: stats => 1702848146651,-2016112,3618
12-17 22:22:27.655  4889  5283 I BatteryMgr:DataCollectionService: stats => 1702848147655,-1999510,3615
12-17 22:22:28.657  4889  5283 I BatteryMgr:DataCollectionService: stats => 1702848148657,-1983885,3615
12-17 22:22:29.660  4889  5283 I BatteryMgr:DataCollectionService: stats => 1702848149660,-1963377,3615
12-17 22:22:30.662  4889  5283 I BatteryMgr:DataCollectionService: stats => 1702848150662,-2004393,3615
12-17 22:22:31.664  4889  5283 I BatteryMgr:DataCollectionService: stats => 1702848151664,-1999998,3615
12-17 22:22:32.668  4889  5283 I BatteryMgr:DataCollectionService: stats => 1702848152668,-1959471,3615
12-17 22:22:33.671  4889  5283 I BatteryMgr:DataCollectionService: stats => 1702848153671,-2058104,3615
12-17 22:22:34.674  4889  5283 I BatteryMgr:DataCollectionService: stats => 1702848154674,-1938963,3615
12-17 22:22:35.676  4889  5283 I BatteryMgr:DataCollectionService: stats => 1702848155676,-1989256,3615
12-17 22:22:36.679  4889  5283 I BatteryMgr:DataCollectionService: stats => 1702848156679,-2018553,3615
12-17 22:22:37.684  4889  5283 I BatteryMgr:DataCollectionService: stats => 1702848157684,-1992674,3614
12-17 22:22:38.687  4889  5283 I BatteryMgr:DataCollectionService: stats => 1702848158687,-1947752,3614
12-17 22:22:39.689  4889  5283 I BatteryMgr:DataCollectionService: stats => 1702848159689,-1959471,3614
12-17 22:22:40.692  4889  5283 I BatteryMgr:DataCollectionService: stats => 1702848160692,-2049315,3614
12-17 22:22:41.695  4889  5283 I BatteryMgr:DataCollectionService: stats => 1702848161695,-2011229,3614
12-17 22:22:42.698  4889  5283 I BatteryMgr:DataCollectionService: stats => 1702848162698,-2017577,3614
12-17 22:22:43.700  4889  5283 I BatteryMgr:DataCollectionService: stats => 1702848163700,-2055663,3614
12-17 22:22:44.702  4889  5283 I BatteryMgr:DataCollectionService: stats => 1702848164702,-2002440,3614
12-17 22:22:45.704  4889  5283 I BatteryMgr:DataCollectionService: stats => 1702848165704,-1972166,3614
12-17 22:22:46.709  4889  5283 I BatteryMgr:DataCollectionService: stats => 1702848166709,-2026854,3614
12-17 22:22:47.712  4889  5283 I BatteryMgr:DataCollectionService: stats => 1702848167712,-2054198,3611
12-17 22:22:48.714  4889  5283 I BatteryMgr:DataCollectionService: stats => 1702848168714,-1955077,3611
12-17 22:22:49.716  4889  5283 I BatteryMgr:DataCollectionService: stats => 1702848169716,-1972166,3611
12-17 22:22:50.720  4889  5283 I BatteryMgr:DataCollectionService: stats => 1702848170720,-2029295,3611
12-17 22:22:51.723  4889  5283 I BatteryMgr:DataCollectionService: stats => 1702848171723,-2070799,3611
12-17 22:22:52.726  4889  5283 I BatteryMgr:DataCollectionService: stats => 1702848172726,-2072752,3611
12-17 22:22:53.729  4889  5283 I BatteryMgr:DataCollectionService: stats => 1702848173729,-2077635,3611
12-17 22:22:54.731  4889  5283 I BatteryMgr:DataCollectionService: stats => 1702848174731,-2036620,3611
12-17 22:22:55.734  4889  5283 I BatteryMgr:DataCollectionService: stats => 1702848175734,-2035155,3611
12-17 22:22:56.738  4889  5283 I BatteryMgr:DataCollectionService: stats => 1702848176737,-2093748,3611
12-17 22:22:57.740  4889  5283 I BatteryMgr:DataCollectionService: stats => 1702848177740,-2062498,3610
12-17 22:22:58.742  4889  5283 I BatteryMgr:DataCollectionService: stats => 1702848178742,-2065428,3610
12-17 22:22:59.744  4889  5283 I BatteryMgr:DataCollectionService: stats => 1702848179744,-2023436,3610
12-17 22:23:00.748  4889  5283 I BatteryMgr:DataCollectionService: stats => 1702848180748,-2056151,3610
12-17 22:23:01.752  4889  5283 I BatteryMgr:DataCollectionService: stats => 1702848181752,-2049315,3610
12-17 22:23:02.754  4889  5283 I BatteryMgr:DataCollectionService: stats => 1702848182754,-2086424,3610
12-17 22:23:03.756  4889  5283 I BatteryMgr:DataCollectionService: stats => 1702848183756,-2078612,3610
12-17 22:23:04.759  4889  5283 I BatteryMgr:DataCollectionService: stats => 1702848184759,-2059569,3610
12-17 22:23:05.762  4889  5283 I BatteryMgr:DataCollectionService: stats => 1702848185762,-2013670,3610
12-17 22:23:06.764  4889  5283 I BatteryMgr:DataCollectionService: stats => 1702848186764,-2022948,3610
12-17 22:23:07.766  4889  5283 I BatteryMgr:DataCollectionService: stats => 1702848187766,-2060545,3610
12-17 22:23:08.769  4889  5283 I BatteryMgr:DataCollectionService: stats => 1702848188768,-2096190,3610
12-17 22:23:09.771  4889  5283 I BatteryMgr:DataCollectionService: stats => 1702848189771,-2062010,3610
12-17 22:23:10.775  4889  5283 I BatteryMgr:DataCollectionService: stats => 1702848190774,-2097166,3610
12-17 22:23:11.777  4889  5283 I BatteryMgr:DataCollectionService: stats => 1702848191777,-2078612,3610
12-17 22:23:12.779  4889  5283 I BatteryMgr:DataCollectionService: stats => 1702848192779,-2026366,3610
12-17 22:23:13.782  4889  5283 I BatteryMgr:DataCollectionService: stats => 1702848193782,-2041991,3610
12-17 22:23:14.787  4889  5283 I BatteryMgr:DataCollectionService: stats => 1702848194787,-2034178,3610
12-17 22:23:15.790  4889  5283 I BatteryMgr:DataCollectionService: stats => 1702848195790,-1995116,3610
12-17 22:23:16.791  4889  5283 I BatteryMgr:DataCollectionService: stats => 1702848196791,-2032713,3610
12-17 22:23:17.794  4889  5283 I BatteryMgr:DataCollectionService: stats => 1702848197794,-2018065,3613
12-17 22:23:18.796  4889  5283 I BatteryMgr:DataCollectionService: stats => 1702848198796,-2025389,3613
12-17 22:23:19.799  4889  5283 I BatteryMgr:DataCollectionService: stats => 1702848199799,-2022459,3613
12-17 22:23:20.802  4889  5283 I BatteryMgr:DataCollectionService: stats => 1702848200802,-2055663,3613
12-17 22:23:21.804  4889  5283 I BatteryMgr:DataCollectionService: stats => 1702848201804,-2032225,3613
12-17 22:23:22.806  4889  5283 I BatteryMgr:DataCollectionService: stats => 1702848202806,-2000487,3613
12-17 22:23:23.808  4889  5283 I BatteryMgr:DataCollectionService: stats => 1702848203808,-1989745,3613
12-17 22:23:24.810  4889  5283 I BatteryMgr:DataCollectionService: stats => 1702848204810,-2000975,3613
12-17 22:23:25.813  4889  5283 I BatteryMgr:DataCollectionService: stats => 1702848205813,-2041502,3613
12-17 22:23:26.815  4889  5283 I BatteryMgr:DataCollectionService: stats => 1702848206815,-2014159,3613
12-17 22:23:27.817  4889  5283 I BatteryMgr:DataCollectionService: stats => 1702848207817,-2094725,3608
12-17 22:23:28.820  4889  5283 I BatteryMgr:DataCollectionService: stats => 1702848208819,-2015623,3612
12-17 22:23:29.822  4889  5283 I BatteryMgr:DataCollectionService: stats => 1702848209822,-2060057,3612
12-17 22:23:30.824  4889  5283 I BatteryMgr:DataCollectionService: stats => 1702848210824,-2046385,3612
12-17 22:23:31.829  4889  5283 I BatteryMgr:DataCollectionService: stats => 1702848211829,-2036620,3612
12-17 22:23:32.831  4889  5283 I BatteryMgr:DataCollectionService: stats => 1702848212831,-2109862,3612
12-17 22:23:33.834  4889  5283 I BatteryMgr:DataCollectionService: stats => 1702848213834,-2026854,3612
12-17 22:23:34.837  4889  5283 I BatteryMgr:DataCollectionService: stats => 1702848214837,-2094237,3612
12-17 22:23:35.842  4889  5283 I BatteryMgr:DataCollectionService: stats => 1702848215842,-2056151,3612
12-17 22:23:36.844  4889  5283 I BatteryMgr:DataCollectionService: stats => 1702848216844,-2079588,3612
12-17 22:23:37.846  4889  5283 I BatteryMgr:DataCollectionService: stats => 1702848217846,-2085448,3607
12-17 22:23:38.849  4889  5283 I BatteryMgr:DataCollectionService: stats => 1702848218849,-2118162,3607
12-17 22:23:39.852  4889  5283 I BatteryMgr:DataCollectionService: stats => 1702848219852,-2100096,3607
12-17 22:23:40.854  4889  5283 I BatteryMgr:DataCollectionService: stats => 1702848220854,-1997557,3607
12-17 22:23:41.857  4889  5283 I BatteryMgr:DataCollectionService: stats => 1702848221857,-2088866,3607
12-17 22:23:42.860  4889  5283 I BatteryMgr:DataCollectionService: stats => 1702848222860,-1954100,3607
12-17 22:23:43.863  4889  5283 I BatteryMgr:DataCollectionService: stats => 1702848223863,-2002440,3607
12-17 22:23:44.867  4889  5283 I BatteryMgr:DataCollectionService: stats => 1702848224867,-2076170,3607
12-17 22:23:45.870  4889  5283 I BatteryMgr:DataCollectionService: stats => 1702848225870,-2066893,3607
12-17 22:23:46.872  4889  5283 I BatteryMgr:DataCollectionService: stats => 1702848226872,-2074705,3607
12-17 22:23:47.875  4889  5283 I BatteryMgr:DataCollectionService: stats => 1702848227875,-2061034,3607
12-17 22:23:48.880  4889  5283 I BatteryMgr:DataCollectionService: stats => 1702848228879,-2025389,3607
12-17 22:23:49.882  4889  5283 I BatteryMgr:DataCollectionService: stats => 1702848229882,-2039549,3607
12-17 22:23:50.884  4889  5283 I BatteryMgr:DataCollectionService: stats => 1702848230884,-1997557,3607
12-17 22:23:51.887  4889  5283 I BatteryMgr:DataCollectionService: stats => 1702848231887,-2064940,3607
12-17 22:23:52.889  4889  5283 I BatteryMgr:DataCollectionService: stats => 1702848232889,-2033690,3607
12-17 22:23:53.892  4889  5283 I BatteryMgr:DataCollectionService: stats => 1702848233892,-2081053,3607
12-17 22:23:54.894  4889  5283 I BatteryMgr:DataCollectionService: stats => 1702848234894,-1999998,3607
12-17 22:23:55.897  4889  5283 I BatteryMgr:DataCollectionService: stats => 1702848235897,-2034178,3609
12-17 22:23:56.899  4889  5283 I BatteryMgr:DataCollectionService: stats => 1702848236899,-2058592,3609
12-17 22:23:57.904  4889  5283 I BatteryMgr:DataCollectionService: stats => 1702848237903,-2035643,3607
12-17 22:23:58.906  4889  5283 I BatteryMgr:DataCollectionService: stats => 1702848238906,-2001952,3607
12-17 22:23:59.909  4889  5283 I BatteryMgr:DataCollectionService: stats => 1702848239909,-1925291,3607
12-17 22:24:00.911  4889  5283 I BatteryMgr:DataCollectionService: stats => 1702848240911,-2017577,3607
12-17 22:24:01.913  4889  5283 I BatteryMgr:DataCollectionService: stats => 1702848241913,-1747557,3607
12-17 22:24:02.916  4889  5283 I BatteryMgr:DataCollectionService: stats => 1702848242916,-1962889,3607
12-17 22:24:03.920  4889  5283 I BatteryMgr:DataCollectionService: stats => 1702848243920,-1943846,3607
12-17 22:24:04.922  4889  5283 I BatteryMgr:DataCollectionService: stats => 1702848244922,-1995604,3607
12-17 22:24:05.925  4889  5283 I BatteryMgr:DataCollectionService: stats => 1702848245924,-2000975,3607
12-17 22:24:06.927  4889  5283 I BatteryMgr:DataCollectionService: stats => 1702848246927,-2008299,3607
12-17 22:24:07.929  4889  5283 I BatteryMgr:DataCollectionService: stats => 1702848247929,-2030760,3610
12-17 22:24:08.932  4889  5283 I BatteryMgr:DataCollectionService: stats => 1702848248932,-2014647,3610
12-17 22:24:09.934  4889  5283 I BatteryMgr:DataCollectionService: stats => 1702848249934,-2036620,3610
12-17 22:24:10.937  4889  5283 I BatteryMgr:DataCollectionService: stats => 1702848250937,-2043455,3610
12-17 22:24:11.940  4889  5283 I BatteryMgr:DataCollectionService: stats => 1702848251940,-2044432,3610
12-17 22:24:12.942  4889  5283 I BatteryMgr:DataCollectionService: stats => 1702848252942,-2039061,3610
12-17 22:24:13.946  4889  5283 I BatteryMgr:DataCollectionService: stats => 1702848253946,-2029295,3610
12-17 22:24:14.948  4889  5283 I BatteryMgr:DataCollectionService: stats => 1702848254948,-2052245,3610
12-17 22:24:15.950  4889  5283 I BatteryMgr:DataCollectionService: stats => 1702848255950,-2020506,3610
12-17 22:24:16.952  4889  5283 I BatteryMgr:DataCollectionService: stats => 1702848256952,-2055663,3610
12-17 22:24:17.955  4889  5283 I BatteryMgr:DataCollectionService: stats => 1702848257955,-2037108,3607
12-17 22:24:18.959  4889  5283 I BatteryMgr:DataCollectionService: stats => 1702848258959,-2058104,3607
12-17 22:24:19.961  4889  5283 I BatteryMgr:DataCollectionService: stats => 1702848259961,-2032713,3607
12-17 22:24:20.963  4889  5283 I BatteryMgr:DataCollectionService: stats => 1702848260963,-2035643,3607
12-17 22:24:21.966  4889  5283 I BatteryMgr:DataCollectionService: stats => 1702848261966,-2034178,3607
12-17 22:24:22.971  4889  5283 I BatteryMgr:DataCollectionService: stats => 1702848262971,-2044920,3607
12-17 22:24:23.973  4889  5283 I BatteryMgr:DataCollectionService: stats => 1702848263973,-2047850,3607
12-17 22:24:24.976  4889  5283 I BatteryMgr:DataCollectionService: stats => 1702848264976,-2026854,3607
12-17 22:24:25.979  4889  5283 I BatteryMgr:DataCollectionService: stats => 1702848265979,-2042967,3607
12-17 22:24:26.982  4889  5283 I BatteryMgr:DataCollectionService: stats => 1702848266982,-2026366,3607
12-17 22:24:27.985  4889  5283 I BatteryMgr:DataCollectionService: stats => 1702848267985,-2047362,3608
12-17 22:24:28.988  4889  5283 I BatteryMgr:DataCollectionService: stats => 1702848268988,-2023924,3608
12-17 22:24:29.991  4889  5283 I BatteryMgr:DataCollectionService: stats => 1702848269991,-2015135,3608
12-17 22:24:30.993  4889  5283 I BatteryMgr:DataCollectionService: stats => 1702848270993,-2034178,3608
12-17 22:24:31.999  4889  5283 I BatteryMgr:DataCollectionService: stats => 1702848271999,-2022459,3608
12-17 22:24:33.001  4889  5283 I BatteryMgr:DataCollectionService: stats => 1702848273001,-2058592,3608
12-17 22:24:34.004  4889  5283 I BatteryMgr:DataCollectionService: stats => 1702848274004,-2030272,3608
12-17 22:24:35.006  4889  5283 I BatteryMgr:DataCollectionService: stats => 1702848275006,-2043455,3608
12-17 22:24:36.008  4889  5283 I BatteryMgr:DataCollectionService: stats => 1702848276008,-2025877,3608
12-17 22:24:37.011  4889  5283 I BatteryMgr:DataCollectionService: stats => 1702848277011,-2046385,3608
12-17 22:24:38.014  4889  5283 I BatteryMgr:DataCollectionService: stats => 1702848278014,-2051268,3607
12-17 22:24:39.016  4889  5283 I BatteryMgr:DataCollectionService: stats => 1702848279016,-2076659,3607
12-17 22:24:40.019  4889  5283 I BatteryMgr:DataCollectionService: stats => 1702848280019,-2042479,3607
12-17 22:24:41.022  4889  5283 I BatteryMgr:DataCollectionService: stats => 1702848281022,-2022948,3607
12-17 22:24:42.026  4889  5283 I BatteryMgr:DataCollectionService: stats => 1702848282026,-2046385,3607
12-17 22:24:43.030  4889  5283 I BatteryMgr:DataCollectionService: stats => 1702848283030,-2042479,3607
12-17 22:24:44.033  4889  5283 I BatteryMgr:DataCollectionService: stats => 1702848284032,-2043455,3607
12-17 22:24:45.035  4889  5283 I BatteryMgr:DataCollectionService: stats => 1702848285035,-2051268,3606
12-17 22:24:46.039  4889  5283 I BatteryMgr:DataCollectionService: stats => 1702848286039,-2043455,3606
12-17 22:24:47.041  4889  5283 I BatteryMgr:DataCollectionService: stats => 1702848287041,-2043455,3606
12-17 22:24:48.044  4889  5283 I BatteryMgr:DataCollectionService: stats => 1702848288044,-2034666,3607
12-17 22:24:49.046  4889  5283 I BatteryMgr:DataCollectionService: stats => 1702848289046,-2044920,3607
12-17 22:24:50.049  4889  5283 I BatteryMgr:DataCollectionService: stats => 1702848290048,-2041991,3607
12-17 22:24:51.053  4889  5283 I BatteryMgr:DataCollectionService: stats => 1702848291053,-2053221,3607
12-17 22:24:52.056  4889  5283 I BatteryMgr:DataCollectionService: stats => 1702848292056,-2031248,3607
12-17 22:24:53.059  4889  5283 I BatteryMgr:DataCollectionService: stats => 1702848293059,-2057127,3607
12-17 22:24:54.062  4889  5283 I BatteryMgr:DataCollectionService: stats => 1702848294062,-2048338,3607
12-17 22:24:55.065  4889  5283 I BatteryMgr:DataCollectionService: stats => 1702848295064,-2053221,3607
12-17 22:24:56.066  4889  5283 I BatteryMgr:DataCollectionService: stats => 1702848296066,-2040038,3607
12-17 22:24:57.070  4889  5283 I BatteryMgr:DataCollectionService: stats => 1702848297069,-2050780,3607
12-17 22:24:58.073  4889  5283 I BatteryMgr:DataCollectionService: stats => 1702848298072,-2042967,3605
12-17 22:24:59.077  4889  5283 I BatteryMgr:DataCollectionService: stats => 1702848299077,-2030272,3606
12-17 22:25:00.079  4889  5283 I BatteryMgr:DataCollectionService: stats => 1702848300079,-2070799,3606
12-17 22:25:01.082  4889  5283 I BatteryMgr:DataCollectionService: stats => 1702848301082,-2062498,3606
12-17 22:25:02.085  4889  5283 I BatteryMgr:DataCollectionService: stats => 1702848302085,-2086424,3606
12-17 22:25:03.090  4889  5283 I BatteryMgr:DataCollectionService: stats => 1702848303090,-2096190,3606
12-17 22:25:04.092  4889  5283 I BatteryMgr:DataCollectionService: stats => 1702848304092,-2086912,3606
12-17 22:25:05.095  4889  5283 I BatteryMgr:DataCollectionService: stats => 1702848305095,-2084959,3606
12-17 22:25:06.097  4889  5283 I BatteryMgr:DataCollectionService: stats => 1702848306097,-2068358,3606
12-17 22:25:07.100  4889  5283 I BatteryMgr:DataCollectionService: stats => 1702848307100,-2066893,3606
12-17 22:25:08.103  4889  5283 I BatteryMgr:DataCollectionService: stats => 1702848308103,-2060545,3604
12-17 22:25:09.106  4889  5283 I BatteryMgr:DataCollectionService: stats => 1702848309106,-2119139,3604
12-17 22:25:10.109  4889  5283 I BatteryMgr:DataCollectionService: stats => 1702848310109,-2068846,3604
12-17 22:25:11.112  4889  5283 I BatteryMgr:DataCollectionService: stats => 1702848311112,-2105955,3604
12-17 22:25:12.114  4889  5283 I BatteryMgr:DataCollectionService: stats => 1702848312114,-2083983,3604
12-17 22:25:13.117  4889  5283 I BatteryMgr:DataCollectionService: stats => 1702848313117,-2082030,3604
12-17 22:25:14.119  4889  5283 I BatteryMgr:DataCollectionService: stats => 1702848314119,-2079588,3604
12-17 22:25:15.122  4889  5283 I BatteryMgr:DataCollectionService: stats => 1702848315122,-2080077,3604
12-17 22:25:16.125  4889  5283 I BatteryMgr:DataCollectionService: stats => 1702848316125,-2064452,3604
12-17 22:25:17.127  4889  5283 I BatteryMgr:DataCollectionService: stats => 1702848317127,-2078123,3604
12-17 22:25:18.130  4889  5283 I BatteryMgr:DataCollectionService: stats => 1702848318130,-2085448,3603
12-17 22:25:19.132  4889  5283 I BatteryMgr:DataCollectionService: stats => 1702848319132,-2097166,3603
12-17 22:25:20.136  4889  5283 I BatteryMgr:DataCollectionService: stats => 1702848320136,-2074217,3603
12-17 22:25:21.139  4889  5283 I BatteryMgr:DataCollectionService: stats => 1702848321139,-2065916,3603
12-17 22:25:22.143  4889  5283 I BatteryMgr:DataCollectionService: stats => 1702848322143,-2079588,3603
12-17 22:25:23.145  4889  5283 I BatteryMgr:DataCollectionService: stats => 1702848323145,-2055663,3603
12-17 22:25:24.147  4889  5283 I BatteryMgr:DataCollectionService: stats => 1702848324147,-2078123,3603
12-17 22:25:25.150  4889  5283 I BatteryMgr:DataCollectionService: stats => 1702848325150,-2070799,3603
12-17 22:25:26.153  4889  5283 I BatteryMgr:DataCollectionService: stats => 1702848326153,-2073241,3603
12-17 22:25:27.155  4889  5283 I BatteryMgr:DataCollectionService: stats => 1702848327155,-2068846,3603
12-17 22:25:28.158  4889  5283 I BatteryMgr:DataCollectionService: stats => 1702848328158,-2083983,3603
12-17 22:25:29.160  4889  5283 I BatteryMgr:DataCollectionService: stats => 1702848329160,-2076659,3603
12-17 22:25:30.162  4889  5283 I BatteryMgr:DataCollectionService: stats => 1702848330162,-2069334,3603
12-17 22:25:31.164  4889  5283 I BatteryMgr:DataCollectionService: stats => 1702848331164,-2074217,3603
12-17 22:25:32.167  4889  5283 I BatteryMgr:DataCollectionService: stats => 1702848332167,-2074705,3603
12-17 22:25:33.170  4889  5283 I BatteryMgr:DataCollectionService: stats => 1702848333170,-2089842,3603
12-17 22:25:34.172  4889  5283 I BatteryMgr:DataCollectionService: stats => 1702848334172,-2066405,3603
12-17 22:25:35.176  4889  5283 I BatteryMgr:DataCollectionService: stats => 1702848335176,-2089842,3603
12-17 22:25:36.178  4889  5283 I BatteryMgr:DataCollectionService: stats => 1702848336178,-2079588,3603
12-17 22:25:37.180  4889  5283 I BatteryMgr:DataCollectionService: stats => 1702848337180,-2075194,3603
12-17 22:25:38.183  4889  5283 I BatteryMgr:DataCollectionService: stats => 1702848338183,-2094725,3603
12-17 22:25:39.186  4889  5283 I BatteryMgr:DataCollectionService: stats => 1702848339186,-2061522,3603
12-17 22:25:40.188  4889  5283 I BatteryMgr:DataCollectionService: stats => 1702848340188,-2082518,3603
12-17 22:25:41.191  4889  5283 I BatteryMgr:DataCollectionService: stats => 1702848341191,-2055663,3603
12-17 22:25:42.193  4889  5283 I BatteryMgr:DataCollectionService: stats => 1702848342193,-2092772,3603
12-17 22:25:43.196  4889  5283 I BatteryMgr:DataCollectionService: stats => 1702848343196,-2053709,3603
12-17 22:25:44.198  4889  5283 I BatteryMgr:DataCollectionService: stats => 1702848344198,-2064940,3603
12-17 22:25:45.200  4889  5283 I BatteryMgr:DataCollectionService: stats => 1702848345200,-2061034,3603
12-17 22:25:46.202  4889  5283 I BatteryMgr:DataCollectionService: stats => 1702848346202,-2082518,3603
12-17 22:25:47.205  4889  5283 I BatteryMgr:DataCollectionService: stats => 1702848347205,-2059569,3603
12-17 22:25:48.208  4889  5283 I BatteryMgr:DataCollectionService: stats => 1702848348208,-2055663,3603
12-17 22:25:49.210  4889  5283 I BatteryMgr:DataCollectionService: stats => 1702848349210,-2067870,3603
12-17 22:25:50.213  4889  5283 I BatteryMgr:DataCollectionService: stats => 1702848350213,-2071776,3603
12-17 22:25:51.215  4889  5283 I BatteryMgr:DataCollectionService: stats => 1702848351215,-2067381,3603
12-17 22:25:52.218  4889  5283 I BatteryMgr:DataCollectionService: stats => 1702848352217,-2051268,3603
12-17 22:25:53.220  4889  5283 I BatteryMgr:DataCollectionService: stats => 1702848353220,-2057127,3603
12-17 22:25:54.223  4889  5283 I BatteryMgr:DataCollectionService: stats => 1702848354223,-2082518,3603
12-17 22:25:55.226  4889  5283 I BatteryMgr:DataCollectionService: stats => 1702848355226,-2049803,3603
12-17 22:25:56.230  4889  5283 I BatteryMgr:DataCollectionService: stats => 1702848356230,-2075682,3603
12-17 22:25:57.232  4889  5283 I BatteryMgr:DataCollectionService: stats => 1702848357232,-2035643,3603
12-17 22:25:58.236  4889  5283 I BatteryMgr:DataCollectionService: stats => 1702848358236,-2058104,3604
12-17 22:25:59.239  4889  5283 I BatteryMgr:DataCollectionService: stats => 1702848359239,-2030272,3604
12-17 22:26:00.242  4889  5283 I BatteryMgr:DataCollectionService: stats => 1702848360242,-2043455,3604
12-17 22:26:01.244  4889  5283 I BatteryMgr:DataCollectionService: stats => 1702848361244,-2038573,3604
12-17 22:26:02.246  4889  5283 I BatteryMgr:DataCollectionService: stats => 1702848362246,-2021483,3604
12-17 22:26:03.250  4889  5283 I BatteryMgr:DataCollectionService: stats => 1702848363250,-2026854,3604
12-17 22:26:04.254  4889  5283 I BatteryMgr:DataCollectionService: stats => 1702848364254,-2012206,3604
12-17 22:26:05.256  4889  5283 I BatteryMgr:DataCollectionService: stats => 1702848365256,-2027830,3604
12-17 22:26:06.258  4889  5283 I BatteryMgr:DataCollectionService: stats => 1702848366258,-2006346,3604
12-17 22:26:07.262  4889  5283 I BatteryMgr:DataCollectionService: stats => 1702848367262,-2025877,3604
12-17 22:26:08.266  4889  5283 I BatteryMgr:DataCollectionService: stats => 1702848368266,-2020018,3603
12-17 22:26:09.269  4889  5283 I BatteryMgr:DataCollectionService: stats => 1702848369269,-2025389,3603
12-17 22:26:10.271  4889  5283 I BatteryMgr:DataCollectionService: stats => 1702848370271,-2021971,3603
12-17 22:26:11.274  4889  5283 I BatteryMgr:DataCollectionService: stats => 1702848371274,-2006834,3603
12-17 22:26:12.276  4889  5283 I BatteryMgr:DataCollectionService: stats => 1702848372276,-2026366,3603
12-17 22:26:13.278  4889  5283 I BatteryMgr:DataCollectionService: stats => 1702848373278,-2038573,3603
12-17 22:26:14.281  4889  5283 I BatteryMgr:DataCollectionService: stats => 1702848374281,-2033690,3603
12-17 22:26:15.283  4889  5283 I BatteryMgr:DataCollectionService: stats => 1702848375283,-2027830,3603
12-17 22:26:16.285  4889  5283 I BatteryMgr:DataCollectionService: stats => 1702848376285,-2030760,3603
12-17 22:26:17.288  4889  5283 I BatteryMgr:DataCollectionService: stats => 1702848377288,-2026854,3603
12-17 22:26:18.290  4889  5283 I BatteryMgr:DataCollectionService: stats => 1702848378290,-2055174,3603
12-17 22:26:19.293  4889  5283 I BatteryMgr:DataCollectionService: stats => 1702848379293,-2023924,3603
12-17 22:26:20.296  4889  5283 I BatteryMgr:DataCollectionService: stats => 1702848380296,-1998045,3603
12-17 22:26:21.300  4889  5283 I BatteryMgr:DataCollectionService: stats => 1702848381299,-2027830,3603
12-17 22:26:22.305  4889  5283 I BatteryMgr:DataCollectionService: stats => 1702848382305,-2012206,3603
12-17 22:26:23.308  4889  5283 I BatteryMgr:DataCollectionService: stats => 1702848383308,-2042967,3603
12-17 22:26:24.310  4889  5283 I BatteryMgr:DataCollectionService: stats => 1702848384310,-2028319,3603
12-17 22:26:25.312  4889  5283 I BatteryMgr:DataCollectionService: stats => 1702848385312,-2042479,3603
12-17 22:26:26.315  4889  5283 I BatteryMgr:DataCollectionService: stats => 1702848386315,-2032225,3603
12-17 22:26:27.317  4889  5283 I BatteryMgr:DataCollectionService: stats => 1702848387317,-2027342,3603
12-17 22:26:28.319  4889  5283 I BatteryMgr:DataCollectionService: stats => 1702848388319,-2032713,3603
12-17 22:26:29.321  4889  5283 I BatteryMgr:DataCollectionService: stats => 1702848389321,-2020506,3603
12-17 22:26:30.323  4889  5283 I BatteryMgr:DataCollectionService: stats => 1702848390323,-2024413,3603
12-17 22:26:31.326  4889  5283 I BatteryMgr:DataCollectionService: stats => 1702848391326,-2042479,3603
12-17 22:26:32.329  4889  5283 I BatteryMgr:DataCollectionService: stats => 1702848392329,-2041014,3603
12-17 22:26:33.332  4889  5283 I BatteryMgr:DataCollectionService: stats => 1702848393332,-2051756,3603
12-17 22:26:34.334  4889  5283 I BatteryMgr:DataCollectionService: stats => 1702848394334,-2023924,3603
12-17 22:26:35.336  4889  5283 I BatteryMgr:DataCollectionService: stats => 1702848395336,-2057127,3603
12-17 22:26:36.338  4889  5283 I BatteryMgr:DataCollectionService: stats => 1702848396338,-2031248,3603
12-17 22:26:37.342  4889  5283 I BatteryMgr:DataCollectionService: stats => 1702848397342,-2039549,3603
12-17 22:26:38.344  4889  5283 I BatteryMgr:DataCollectionService: stats => 1702848398344,-2036131,3602
12-17 22:26:39.347  4889  5283 I BatteryMgr:DataCollectionService: stats => 1702848399347,-2049803,3602
12-17 22:26:40.349  4889  5283 I BatteryMgr:DataCollectionService: stats => 1702848400349,-2050780,3602
12-17 22:26:41.353  4889  5283 I BatteryMgr:DataCollectionService: stats => 1702848401352,-2050780,3602
12-17 22:26:42.355  4889  5283 I BatteryMgr:DataCollectionService: stats => 1702848402355,-2031248,3602
12-17 22:26:43.358  4889  5283 I BatteryMgr:DataCollectionService: stats => 1702848403357,-2030272,3602
12-17 22:26:44.359  4889  5283 I BatteryMgr:DataCollectionService: stats => 1702848404359,-2053709,3602
12-17 22:26:45.362  4889  5283 I BatteryMgr:DataCollectionService: stats => 1702848405362,-2044920,3602
12-17 22:26:46.364  4889  5283 I BatteryMgr:DataCollectionService: stats => 1702848406364,-2039061,3602
12-17 22:26:47.367  4889  5283 I BatteryMgr:DataCollectionService: stats => 1702848407367,-2066893,3602
12-17 22:26:48.369  4889  5283 I BatteryMgr:DataCollectionService: stats => 1702848408369,-2028807,3601
12-17 22:26:49.371  4889  5283 I BatteryMgr:DataCollectionService: stats => 1702848409371,-2021971,3601
12-17 22:26:50.373  4889  5283 I BatteryMgr:DataCollectionService: stats => 1702848410373,-2032713,3601
12-17 22:26:51.375  4889  5283 I BatteryMgr:DataCollectionService: stats => 1702848411375,-2022948,3601
12-17 22:26:52.379  4889  5283 I BatteryMgr:DataCollectionService: stats => 1702848412379,-2035155,3601
12-17 22:26:53.382  4889  5283 I BatteryMgr:DataCollectionService: stats => 1702848413382,-2023436,3601
12-17 22:26:54.384  4889  5283 I BatteryMgr:DataCollectionService: stats => 1702848414384,-2053221,3601
12-17 22:26:55.388  4889  5283 I BatteryMgr:DataCollectionService: stats => 1702848415388,-2034666,3601
12-17 22:26:56.390  4889  5283 I BatteryMgr:DataCollectionService: stats => 1702848416390,-2012206,3601
12-17 22:26:57.392  4889  5283 I BatteryMgr:DataCollectionService: stats => 1702848417392,-2049315,3601
12-17 22:26:58.395  4889  5283 I BatteryMgr:DataCollectionService: stats => 1702848418395,-2009764,3601
12-17 22:26:59.397  4889  5283 I BatteryMgr:DataCollectionService: stats => 1702848419397,-2036131,3601
12-17 22:27:00.399  4889  5283 I BatteryMgr:DataCollectionService: stats => 1702848420399,-2032713,3601
12-17 22:27:01.401  4889  5283 I BatteryMgr:DataCollectionService: stats => 1702848421401,-2035643,3601
12-17 22:27:02.403  4889  5283 I BatteryMgr:DataCollectionService: stats => 1702848422403,-2043944,3601
12-17 22:27:03.407  4889  5283 I BatteryMgr:DataCollectionService: stats => 1702848423407,-2053709,3601
12-17 22:27:04.410  4889  5283 I BatteryMgr:DataCollectionService: stats => 1702848424410,-2042967,3601
12-17 22:27:05.412  4889  5283 I BatteryMgr:DataCollectionService: stats => 1702848425412,-2031248,3601
12-17 22:27:06.414  4889  5283 I BatteryMgr:DataCollectionService: stats => 1702848426414,-2032713,3601
12-17 22:27:07.417  4889  5283 I BatteryMgr:DataCollectionService: stats => 1702848427417,-2037596,3601
12-17 22:27:08.420  4889  5283 I BatteryMgr:DataCollectionService: stats => 1702848428420,-2061034,3600
12-17 22:27:09.423  4889  5283 I BatteryMgr:DataCollectionService: stats => 1702848429422,-2070799,3600
12-17 22:27:10.424  4889  5283 I BatteryMgr:DataCollectionService: stats => 1702848430424,-2071776,3600
12-17 22:27:11.427  4889  5283 I BatteryMgr:DataCollectionService: stats => 1702848431427,-2049803,3600
12-17 22:27:12.430  4889  5283 I BatteryMgr:DataCollectionService: stats => 1702848432430,-2061034,3600
12-17 22:27:13.432  4889  5283 I BatteryMgr:DataCollectionService: stats => 1702848433432,-2081541,3600
12-17 22:27:14.434  4889  5283 I BatteryMgr:DataCollectionService: stats => 1702848434434,-2075682,3600
12-17 22:27:15.436  4889  5283 I BatteryMgr:DataCollectionService: stats => 1702848435436,-2079588,3600
12-17 22:27:16.438  4889  5283 I BatteryMgr:DataCollectionService: stats => 1702848436438,-2066405,3600
12-17 22:27:17.441  4889  5283 I BatteryMgr:DataCollectionService: stats => 1702848437441,-2086424,3600
12-17 22:27:18.443  4889  5283 I BatteryMgr:DataCollectionService: stats => 1702848438443,-2076170,3598
12-17 22:27:19.447  4889  5283 I BatteryMgr:DataCollectionService: stats => 1702848439447,-2092772,3598
12-17 22:27:20.450  4889  5283 I BatteryMgr:DataCollectionService: stats => 1702848440450,-2084959,3598
12-17 22:27:21.452  4889  5283 I BatteryMgr:DataCollectionService: stats => 1702848441452,-2088866,3598
12-17 22:27:22.455  4889  5283 I BatteryMgr:DataCollectionService: stats => 1702848442454,-2067870,3598
12-17 22:27:23.457  4889  5283 I BatteryMgr:DataCollectionService: stats => 1702848443457,-2072752,3598
12-17 22:27:24.463  4889  5283 I BatteryMgr:DataCollectionService: stats => 1702848444463,-2102049,3598
12-17 22:27:25.465  4889  5283 I BatteryMgr:DataCollectionService: stats => 1702848445465,-2079100,3598
12-17 22:27:26.467  4889  5283 I BatteryMgr:DataCollectionService: stats => 1702848446467,-2084959,3598
12-17 22:27:27.470  4889  5283 I BatteryMgr:DataCollectionService: stats => 1702848447469,-2073241,3598
12-17 22:27:28.473  4889  5283 I BatteryMgr:DataCollectionService: stats => 1702848448473,-2087889,3598
12-17 22:27:29.475  4889  5283 I BatteryMgr:DataCollectionService: stats => 1702848449475,-2074217,3598
12-17 22:27:30.478  4889  5283 I BatteryMgr:DataCollectionService: stats => 1702848450478,-2096190,3598
12-17 22:27:31.480  4889  5283 I BatteryMgr:DataCollectionService: stats => 1702848451480,-2082518,3598
12-17 22:27:32.483  4889  5283 I BatteryMgr:DataCollectionService: stats => 1702848452483,-2080077,3598
12-17 22:27:33.487  4889  5283 I BatteryMgr:DataCollectionService: stats => 1702848453487,-2083006,3598
12-17 22:27:34.489  4889  5283 I BatteryMgr:DataCollectionService: stats => 1702848454489,-2058104,3598
12-17 22:27:35.492  4889  5283 I BatteryMgr:DataCollectionService: stats => 1702848455492,-2074217,3598
12-17 22:27:36.494  4889  5283 I BatteryMgr:DataCollectionService: stats => 1702848456494,-2052733,3598
12-17 22:27:37.496  4889  5283 I BatteryMgr:DataCollectionService: stats => 1702848457496,-2070311,3598
12-17 22:27:38.499  4889  5283 I BatteryMgr:DataCollectionService: stats => 1702848458499,-2076659,3598
12-17 22:27:39.503  4889  5283 I BatteryMgr:DataCollectionService: stats => 1702848459503,-2068846,3598
12-17 22:27:40.506  4889  5283 I BatteryMgr:DataCollectionService: stats => 1702848460506,-2053709,3598
12-17 22:27:41.508  4889  5283 I BatteryMgr:DataCollectionService: stats => 1702848461508,-2058104,3598
12-17 22:27:42.511  4889  5283 I BatteryMgr:DataCollectionService: stats => 1702848462511,-2099608,3598
12-17 22:27:43.514  4889  5283 I BatteryMgr:DataCollectionService: stats => 1702848463513,-2075682,3598
12-17 22:27:44.516  4889  5283 I BatteryMgr:DataCollectionService: stats => 1702848464516,-2086424,3598
12-17 22:27:45.519  4889  5283 I BatteryMgr:DataCollectionService: stats => 1702848465519,-2075682,3598
12-17 22:27:46.522  4889  5283 I BatteryMgr:DataCollectionService: stats => 1702848466522,-2058592,3598
12-17 22:27:47.525  4889  5283 I BatteryMgr:DataCollectionService: stats => 1702848467525,-2053709,3598
12-17 22:27:48.528  4889  5283 I BatteryMgr:DataCollectionService: stats => 1702848468528,-2048338,3599
12-17 22:27:49.531  4889  5283 I BatteryMgr:DataCollectionService: stats => 1702848469531,-2066893,3599
12-17 22:27:50.533  4889  5283 I BatteryMgr:DataCollectionService: stats => 1702848470533,-2067870,3598
12-17 22:27:51.535  4889  5283 I BatteryMgr:DataCollectionService: stats => 1702848471535,-2083006,3598
12-17 22:27:52.539  4889  5283 I BatteryMgr:DataCollectionService: stats => 1702848472539,-2085936,3598
12-17 22:27:53.543  4889  5283 I BatteryMgr:DataCollectionService: stats => 1702848473543,-2053709,3598
12-17 22:27:54.546  4889  5283 I BatteryMgr:DataCollectionService: stats => 1702848474546,-2093748,3598
12-17 22:27:55.548  4889  5283 I BatteryMgr:DataCollectionService: stats => 1702848475548,-2060545,3598
12-17 22:27:56.552  4889  5283 I BatteryMgr:DataCollectionService: stats => 1702848476552,-2059569,3598
12-17 22:27:57.554  4889  5283 I BatteryMgr:DataCollectionService: stats => 1702848477554,-2043944,3598
12-17 22:27:58.556  4889  5283 I BatteryMgr:DataCollectionService: stats => 1702848478556,-2042479,3599
12-17 22:27:59.559  4889  5283 I BatteryMgr:DataCollectionService: stats => 1702848479559,-2047362,3599
12-17 22:28:00.563  4889  5283 I BatteryMgr:DataCollectionService: stats => 1702848480562,-2066893,3599
12-17 22:28:01.567  4889  5283 I BatteryMgr:DataCollectionService: stats => 1702848481567,-2050780,3599
12-17 22:28:02.570  4889  5283 I BatteryMgr:DataCollectionService: stats => 1702848482570,-2049315,3599
12-17 22:28:03.572  4889  5283 I BatteryMgr:DataCollectionService: stats => 1702848483572,-2062498,3599
12-17 22:28:04.574  4889  5283 I BatteryMgr:DataCollectionService: stats => 1702848484574,-2029295,3598
12-17 22:28:05.578  4889  5283 I BatteryMgr:DataCollectionService: stats => 1702848485578,-2031737,3598
12-17 22:28:06.580  4889  5283 I BatteryMgr:DataCollectionService: stats => 1702848486580,-2025389,3598
12-17 22:28:07.583  4889  5283 I BatteryMgr:DataCollectionService: stats => 1702848487583,-2028807,3598
12-17 22:28:08.586  4889  5283 I BatteryMgr:DataCollectionService: stats => 1702848488586,-2035155,3599
12-17 22:28:09.588  4889  5283 I BatteryMgr:DataCollectionService: stats => 1702848489588,-2061522,3599
12-17 22:28:10.591  4889  5283 I BatteryMgr:DataCollectionService: stats => 1702848490591,-2040526,3599
12-17 22:28:11.594  4889  5283 I BatteryMgr:DataCollectionService: stats => 1702848491594,-2039549,3599
12-17 22:28:12.598  4889  5283 I BatteryMgr:DataCollectionService: stats => 1702848492598,-2010252,3599
12-17 22:28:13.600  4889  5283 I BatteryMgr:DataCollectionService: stats => 1702848493600,-2021971,3599
12-17 22:28:14.602  4889  5283 I BatteryMgr:DataCollectionService: stats => 1702848494602,-2063963,3599
12-17 22:28:15.606  4889  5283 I BatteryMgr:DataCollectionService: stats => 1702848495606,-2009764,3599
12-17 22:28:16.608  4889  5283 I BatteryMgr:DataCollectionService: stats => 1702848496608,-2039061,3599
12-17 22:28:17.610  4889  5283 I BatteryMgr:DataCollectionService: stats => 1702848497610,-2030272,3599
12-17 22:28:18.612  4889  5283 I BatteryMgr:DataCollectionService: stats => 1702848498612,-2071776,3599
12-17 22:28:19.614  4889  5283 I BatteryMgr:DataCollectionService: stats => 1702848499614,-2053221,3599
12-17 22:28:20.618  4889  5283 I BatteryMgr:DataCollectionService: stats => 1702848500618,-2053221,3599
12-17 22:28:21.620  4889  5283 I BatteryMgr:DataCollectionService: stats => 1702848501620,-2040038,3599
12-17 22:28:22.623  4889  5283 I BatteryMgr:DataCollectionService: stats => 1702848502623,-2041014,3599
12-17 22:28:23.625  4889  5283 I BatteryMgr:DataCollectionService: stats => 1702848503625,-2002440,3599
12-17 22:28:24.628  4889  5283 I BatteryMgr:DataCollectionService: stats => 1702848504628,-2053709,3599
12-17 22:28:25.631  4889  5283 I BatteryMgr:DataCollectionService: stats => 1702848505631,-2049803,3599
12-17 22:28:26.634  4889  5283 I BatteryMgr:DataCollectionService: stats => 1702848506634,-2062010,3599
12-17 22:28:27.637  4889  5283 I BatteryMgr:DataCollectionService: stats => 1702848507637,-2046385,3598
12-17 22:28:28.639  4889  5283 I BatteryMgr:DataCollectionService: stats => 1702848508639,-2047362,3598
12-17 22:28:29.641  4889  5283 I BatteryMgr:DataCollectionService: stats => 1702848509641,-2050291,3598
12-17 22:28:30.646  4889  5283 I BatteryMgr:DataCollectionService: stats => 1702848510646,-2046873,3598
12-17 22:28:31.649  4889  5283 I BatteryMgr:DataCollectionService: stats => 1702848511648,-2044920,3598
12-17 22:28:32.652  4889  5283 I BatteryMgr:DataCollectionService: stats => 1702848512652,-2033690,3598
12-17 22:28:33.659  4889  5283 I BatteryMgr:DataCollectionService: stats => 1702848513659,-2041014,3598
12-17 22:28:34.661  4889  5283 I BatteryMgr:DataCollectionService: stats => 1702848514661,-2024901,3598
12-17 22:28:35.663  4889  5283 I BatteryMgr:DataCollectionService: stats => 1702848515663,-2048338,3598
12-17 22:28:36.665  4889  5283 I BatteryMgr:DataCollectionService: stats => 1702848516665,-2038573,3598
12-17 22:28:37.668  4889  5283 I BatteryMgr:DataCollectionService: stats => 1702848517668,-2044920,3597
12-17 22:28:38.672  4889  5283 I BatteryMgr:DataCollectionService: stats => 1702848518672,-2048338,3597
12-17 22:28:39.674  4889  5283 I BatteryMgr:DataCollectionService: stats => 1702848519674,-2027830,3597
12-17 22:28:40.676  4889  5283 I BatteryMgr:DataCollectionService: stats => 1702848520676,-2047362,3597
12-17 22:28:41.678  4889  5283 I BatteryMgr:DataCollectionService: stats => 1702848521678,-2030760,3597
12-17 22:28:42.681  4889  5283 I BatteryMgr:DataCollectionService: stats => 1702848522681,-2054198,3597
12-17 22:28:43.684  4889  5283 I BatteryMgr:DataCollectionService: stats => 1702848523684,-2062498,3597
12-17 22:28:44.687  4889  5283 I BatteryMgr:DataCollectionService: stats => 1702848524687,-2044920,3597
12-17 22:28:45.689  4889  5283 I BatteryMgr:DataCollectionService: stats => 1702848525689,-2053709,3597
12-17 22:28:46.692  4889  5283 I BatteryMgr:DataCollectionService: stats => 1702848526692,-2040526,3597
12-17 22:28:47.696  4889  5283 I BatteryMgr:DataCollectionService: stats => 1702848527696,-2042967,3597
12-17 22:28:48.698  4889  5283 I BatteryMgr:DataCollectionService: stats => 1702848528698,-2029295,3597
12-17 22:28:49.702  4889  5283 I BatteryMgr:DataCollectionService: stats => 1702848529702,-2055663,3597
12-17 22:28:50.704  4889  5283 I BatteryMgr:DataCollectionService: stats => 1702848530704,-2050780,3597
12-17 22:28:51.707  4889  5283 I BatteryMgr:DataCollectionService: stats => 1702848531706,-2048827,3597
12-17 22:28:52.709  4889  5283 I BatteryMgr:DataCollectionService: stats => 1702848532709,-2053709,3597
12-17 22:28:53.712  4889  5283 I BatteryMgr:DataCollectionService: stats => 1702848533712,-2056151,3597
12-17 22:28:54.715  4889  5283 I BatteryMgr:DataCollectionService: stats => 1702848534715,-2041502,3597
12-17 22:28:55.717  4889  5283 I BatteryMgr:DataCollectionService: stats => 1702848535717,-2059569,3597
12-17 22:28:56.720  4889  5283 I BatteryMgr:DataCollectionService: stats => 1702848536720,-2028807,3597
12-17 22:28:57.723  4889  5283 I BatteryMgr:DataCollectionService: stats => 1702848537723,-2020506,3597
12-17 22:28:58.725  4889  5283 I BatteryMgr:DataCollectionService: stats => 1702848538725,-2038084,3597
12-17 22:28:59.728  4889  5283 I BatteryMgr:DataCollectionService: stats => 1702848539728,-2036620,3597
12-17 22:29:00.730  4889  5283 I BatteryMgr:DataCollectionService: stats => 1702848540730,-2076659,3597
12-17 22:29:01.732  4889  5283 I BatteryMgr:DataCollectionService: stats => 1702848541732,-2079100,3597
12-17 22:29:02.734  4889  5283 I BatteryMgr:DataCollectionService: stats => 1702848542734,-2044920,3597
12-17 22:29:03.739  4889  5283 I BatteryMgr:DataCollectionService: stats => 1702848543738,-2034178,3597
12-17 22:29:04.740  4889  5283 I BatteryMgr:DataCollectionService: stats => 1702848544740,-2039549,3597
12-17 22:29:05.743  4889  5283 I BatteryMgr:DataCollectionService: stats => 1702848545743,-2042479,3597
12-17 22:29:06.745  4889  5283 I BatteryMgr:DataCollectionService: stats => 1702848546745,-2044920,3597
12-17 22:29:07.749  4889  5283 I BatteryMgr:DataCollectionService: stats => 1702848547749,-2066405,3594
12-17 22:29:08.751  4889  5283 I BatteryMgr:DataCollectionService: stats => 1702848548751,-2034666,3594
12-17 22:29:09.753  4889  5283 I BatteryMgr:DataCollectionService: stats => 1702848549753,-2059569,3594
12-17 22:29:10.756  4889  5283 I BatteryMgr:DataCollectionService: stats => 1702848550756,-2048827,3594
12-17 22:29:11.758  4889  5283 I BatteryMgr:DataCollectionService: stats => 1702848551758,-2077635,3594
12-17 22:29:12.765  4889  5283 I BatteryMgr:DataCollectionService: stats => 1702848552765,-2072752,3594
12-17 22:29:13.768  4889  5283 I BatteryMgr:DataCollectionService: stats => 1702848553768,-2090330,3594
12-17 22:29:14.770  4889  5283 I BatteryMgr:DataCollectionService: stats => 1702848554770,-2074217,3594
12-17 22:29:15.772  4889  5283 I BatteryMgr:DataCollectionService: stats => 1702848555772,-2078123,3594
12-17 22:29:16.777  4889  5283 I BatteryMgr:DataCollectionService: stats => 1702848556777,-2080565,3594
12-17 22:29:17.780  4889  5283 I BatteryMgr:DataCollectionService: stats => 1702848557780,-2066405,3594
12-17 22:29:18.782  4889  5283 I BatteryMgr:DataCollectionService: stats => 1702848558782,-2079100,3594
12-17 22:29:19.784  4889  5283 I BatteryMgr:DataCollectionService: stats => 1702848559784,-2062987,3594
12-17 22:29:20.787  4889  5283 I BatteryMgr:DataCollectionService: stats => 1702848560787,-2103514,3594
12-17 22:29:21.790  4889  5283 I BatteryMgr:DataCollectionService: stats => 1702848561790,-2089354,3594
12-17 22:29:22.792  4889  5283 I BatteryMgr:DataCollectionService: stats => 1702848562792,-2104002,3594
12-17 22:29:23.795  4889  5283 I BatteryMgr:DataCollectionService: stats => 1702848563795,-2082518,3594
12-17 22:29:24.798  4889  5283 I BatteryMgr:DataCollectionService: stats => 1702848564797,-2078612,3593
12-17 22:29:25.800  4889  5283 I BatteryMgr:DataCollectionService: stats => 1702848565800,-2083006,3593
12-17 22:29:26.804  4889  5283 I BatteryMgr:DataCollectionService: stats => 1702848566804,-2079100,3593
12-17 22:29:27.807  4889  5283 I BatteryMgr:DataCollectionService: stats => 1702848567807,-2091307,3593
12-17 22:29:28.809  4889  5283 I BatteryMgr:DataCollectionService: stats => 1702848568809,-2083006,3593
12-17 22:29:29.812  4889  5283 I BatteryMgr:DataCollectionService: stats => 1702848569812,-2097655,3593
12-17 22:29:30.814  4889  5283 I BatteryMgr:DataCollectionService: stats => 1702848570814,-2112303,3593
12-17 22:29:31.817  4889  5283 I BatteryMgr:DataCollectionService: stats => 1702848571816,-2104002,3593
12-17 22:29:32.819  4889  5283 I BatteryMgr:DataCollectionService: stats => 1702848572819,-2074217,3593
12-17 22:29:33.821  4889  5283 I BatteryMgr:DataCollectionService: stats => 1702848573821,-2067870,3593
12-17 22:29:34.823  4889  5283 I BatteryMgr:DataCollectionService: stats => 1702848574823,-2099120,3593
12-17 22:29:35.825  4889  5283 I BatteryMgr:DataCollectionService: stats => 1702848575825,-2078612,3593
12-17 22:29:36.828  4889  5283 I BatteryMgr:DataCollectionService: stats => 1702848576828,-2126463,3593
12-17 22:29:37.831  4889  5283 I BatteryMgr:DataCollectionService: stats => 1702848577830,-2090330,3593
12-17 22:29:38.833  4889  5283 I BatteryMgr:DataCollectionService: stats => 1702848578833,-2101073,3593
12-17 22:29:39.835  4889  5283 I BatteryMgr:DataCollectionService: stats => 1702848579835,-2090330,3593
12-17 22:29:40.839  4889  5283 I BatteryMgr:DataCollectionService: stats => 1702848580839,-2096190,3593
12-17 22:29:41.841  4889  5283 I BatteryMgr:DataCollectionService: stats => 1702848581841,-2095702,3593
12-17 22:29:42.845  4889  5283 I BatteryMgr:DataCollectionService: stats => 1702848582844,-2109862,3593
12-17 22:29:43.847  4889  5283 I BatteryMgr:DataCollectionService: stats => 1702848583847,-2085448,3593
12-17 22:29:44.850  4889  5283 I BatteryMgr:DataCollectionService: stats => 1702848584850,-2086912,3593
12-17 22:29:45.852  4889  5283 I BatteryMgr:DataCollectionService: stats => 1702848585852,-2092284,3593
12-17 22:29:46.857  4889  5283 I BatteryMgr:DataCollectionService: stats => 1702848586857,-2085936,3593
12-17 22:29:47.860  4889  5283 I BatteryMgr:DataCollectionService: stats => 1702848587860,-2095213,3592
12-17 22:29:48.862  4889  5283 I BatteryMgr:DataCollectionService: stats => 1702848588862,-2098631,3592
12-17 22:29:49.864  4889  5283 I BatteryMgr:DataCollectionService: stats => 1702848589864,-2105467,3592
12-17 22:29:50.867  4889  5283 I BatteryMgr:DataCollectionService: stats => 1702848590867,-2093260,3592
12-17 22:29:51.870  4889  5283 I BatteryMgr:DataCollectionService: stats => 1702848591870,-2082030,3592
12-17 22:29:52.872  4889  5283 I BatteryMgr:DataCollectionService: stats => 1702848592872,-1631346,3592
12-17 22:29:53.876  4889  5283 I BatteryMgr:DataCollectionService: stats => 1702848593876,-1989745,3592
12-17 22:29:54.879  4889  5283 I BatteryMgr:DataCollectionService: stats => 1702848594879,-1956053,3592
12-17 22:29:55.882  4889  5283 I BatteryMgr:DataCollectionService: stats => 1702848595882,-2014647,3592
12-17 22:29:56.884  4889  5283 I BatteryMgr:DataCollectionService: stats => 1702848596884,-2033690,3592
12-17 22:29:57.887  4889  5283 I BatteryMgr:DataCollectionService: stats => 1702848597886,-2054686,3595
12-17 22:29:58.889  4889  5283 I BatteryMgr:DataCollectionService: stats => 1702848598889,-2008299,3595
12-17 22:29:59.892  4889  5283 I BatteryMgr:DataCollectionService: stats => 1702848599892,-2037596,3595
12-17 22:30:00.895  4889  5283 I BatteryMgr:DataCollectionService: stats => 1702848600895,-2014647,3595
12-17 22:30:01.897  4889  5283 I BatteryMgr:DataCollectionService: stats => 1702848601897,-2016600,3595
12-17 22:30:02.899  4889  5283 I BatteryMgr:DataCollectionService: stats => 1702848602899,-2028319,3595
12-17 22:30:03.902  4889  5283 I BatteryMgr:DataCollectionService: stats => 1702848603902,-2007811,3595
12-17 22:30:04.904  4889  5283 I BatteryMgr:DataCollectionService: stats => 1702848604904,-2044432,3595
12-17 22:30:05.907  4889  5283 I BatteryMgr:DataCollectionService: stats => 1702848605907,-2031737,3595
12-17 22:30:06.909  4889  5283 I BatteryMgr:DataCollectionService: stats => 1702848606909,-2029295,3595
12-17 22:30:07.911  4889  5283 I BatteryMgr:DataCollectionService: stats => 1702848607911,-2032713,3595
12-17 22:30:08.914  4889  5283 I BatteryMgr:DataCollectionService: stats => 1702848608914,-1996092,3595
12-17 22:30:09.917  4889  5283 I BatteryMgr:DataCollectionService: stats => 1702848609917,-2187987,3595
12-17 22:30:10.925  4889  5283 I BatteryMgr:DataCollectionService: stats => 1702848610925,-2230467,3595
12-17 22:30:11.927  4889  5283 I BatteryMgr:DataCollectionService: stats => 1702848611927,-2171873,3585
12-17 22:30:12.931  4889  5283 I BatteryMgr:DataCollectionService: stats => 1702848612930,-2168455,3585
