1696.55 9928.64
1697.56 9934.91
1698.55 9941.15
1699.55 9947.44
1700.54 9953.61
1701.56 9959.90
1702.54 9965.73
1703.55 9972.02
1704.54 9978.04
1705.56 9984.19
1706.55 9990.06
1707.55 9995.99
1708.56 10002.10
1709.55 10008.30
1710.55 10014.42
1711.56 10020.17
1712.55 10025.78
1713.56 10031.53
1714.55 10036.47
1715.56 10042.15
1716.55 10047.52
1717.56 10053.25
1718.55 10059.13
1719.54 10065.27
1720.56 10071.33
1721.55 10077.17
1722.55 10083.37
1723.55 10089.62
1724.56 10095.41
1725.55 10101.35
1726.54 10107.18
1727.56 10112.86
1728.55 10118.34
1729.54 10123.95
1730.55 10129.39
1731.54 10134.83
1732.56 10140.37
1733.55 10145.60
1734.55 10151.35
1735.55 10156.99
1736.55 10162.45
1737.55 10168.09
1738.55 10173.71
1739.56 10179.22
1740.55 10184.98
1741.54 10190.80
1742.55 10196.79
1743.54 10202.67
1744.55 10207.99
1745.55 10213.55
1746.54 10218.80
1747.55 10224.23
1748.55 10229.68
1749.55 10235.52
1750.55 10241.52
1751.55 10247.57
1752.55 10253.44
1753.55 10259.43
1754.55 10265.45
1755.55 10271.53
1756.55 10277.47
1757.56 10283.08
1758.55 10288.76
1759.55 10294.51
1760.54 10300.20
1761.55 10306.13
1762.55 10311.80
1763.55 10317.58
1764.55 10323.33
1765.54 10329.14
1766.55 10334.92
1767.55 10340.75
1768.55 10346.33
1769.55 10352.17
1770.55 10357.90
1771.55 10364.10
1772.56 10370.21
1773.55 10376.21
1774.56 10382.28
1775.55 10388.23
1776.55 10393.93
1777.56 10399.14
1778.54 10404.48
1779.56 10410.04
1780.55 10415.82
1781.54 10421.83
1782.55 10428.16
1783.54 10434.14
1784.56 10440.35
1785.55 10446.07
1786.55 10451.95
1787.56 10458.21
1788.55 10464.26
1789.56 10470.27
1790.55 10476.47
1791.55 10482.41
1792.55 10488.37
1793.56 10494.42
1794.55 10500.41
1795.55 10506.45
1796.55 10512.50
1797.55 10518.80
1798.55 10524.85
1799.56 10531.01
1800.55 10536.84
1801.56 10543.09
1802.55 10549.35
1803.55 10555.39
1804.56 10561.27
1805.55 10567.08
1806.56 10573.36
1807.54 10578.57
1808.55 10584.14
1809.56 10589.75
1810.55 10594.96
1811.55 10600.65
1812.56 10606.62
1813.55 10612.31
1814.55 10618.13
1815.55 10624.03
1816.55 10629.60
1817.55 10635.37
1818.55 10641.50
1819.57 10647.63
1820.55 10653.38
1821.56 10659.48
1822.55 10665.30
1823.55 10670.88
1824.56 10677.01
1825.55 10683.04
1826.57 10689.01
1827.55 10694.93
1828.55 10700.74
1829.55 10706.66
1830.55 10712.54
1831.55 10718.40
1832.56 10724.41
1833.55 10730.22
1834.55 10736.38
1835.55 10742.37
1836.54 10748.19
1837.56 10754.04
1838.54 10759.65
1839.56 10765.41
1840.55 10770.65
1841.54 10776.17
1842.54 10781.66
1843.55 10787.30
1844.55 10793.38
1845.55 10799.61
1846.54 10805.76
1847.56 10811.96
1848.55 10818.05
1849.55 10824.19
1850.54 10829.78
1851.55 10835.49
1852.55 10841.34
1853.56 10847.34
1854.54 10852.97
1855.55 10858.59
1856.55 10864.23
1857.55 10869.99
1858.55 10875.95
1859.56 10881.82
1860.55 10887.62
1861.54 10893.42
1862.55 10899.70
1863.55 10905.34
1864.56 10911.45
1865.55 10917.26
1866.56 10923.04
1867.56 10928.89
1868.55 10934.62
1869.58 10940.86
1870.55 10946.17
1871.56 10951.78
1872.55 10957.34
1873.55 10962.78
1874.55 10968.47
1875.56 10974.25
1876.55 10980.24
1877.56 10986.10
1878.56 10992.06
1879.55 10997.98
1880.56 11004.02
1881.55 11010.08
1882.56 11016.45
1883.55 11022.25
1884.55 11028.13
1885.55 11034.32
1886.55 11040.22
1887.56 11046.45
1888.56 11052.56
1889.55 11058.26
1890.55 11064.35
1891.55 11070.34
1892.55 11076.68
1893.55 11082.69
1894.56 11088.67
1895.55 11094.68
1896.55 11100.30
1897.56 11106.34
1898.55 11112.21
1899.54 11118.21
1900.55 11124.25
1901.56 11130.40
1902.56 11135.85
1903.56 11140.82
1904.55 11146.50
1905.55 11151.83
1906.56 11157.54
1907.55 11163.77
1908.55 11170.02
1909.56 11176.25
1910.55 11182.32
1911.56 11188.40
1912.55 11194.41
1913.56 11200.57
1914.55 11206.66
1915.55 11213.05
1916.55 11219.25
1917.55 11225.41
1918.56 11231.91
1919.55 11238.12
1920.55 11244.18
1921.54 11250.36
1922.56 11256.66
1923.55 11262.70
1924.56 11268.63
1925.56 11274.56
1926.55 11280.53
1927.56 11286.62
1928.56 11292.71
