8.51 8.65 8.74 4/2962 1071
8.51 8.65 8.74 4/2962 1139
8.31 8.60 8.73 4/2959 1230
8.31 8.60 8.73 5/2959 1304
8.31 8.60 8.73 3/2959 1379
8.31 8.60 8.73 1/2959 1414
8.31 8.60 8.73 5/2959 1482
8.20 8.58 8.72 1/2956 1511
8.20 8.58 8.72 2/2956 1545
8.20 8.58 8.72 4/2956 1582
8.20 8.58 8.72 3/2956 1634
8.20 8.58 8.72 5/2956 1683
8.20 8.58 8.72 9/2956 1726
8.35 8.60 8.73 3/2956 1786
8.35 8.60 8.73 2/2956 1825
8.35 8.60 8.73 2/2955 1907
8.35 8.60 8.73 7/2955 1959
8.35 8.60 8.73 6/2955 2014
8.48 8.62 8.73 2/2955 2059
8.48 8.62 8.73 2/2955 2095
8.48 8.62 8.73 1/2955 2144
8.48 8.62 8.73 1/2955 2242
8.48 8.62 8.73 8/2953 2332
9.00 8.73 8.77 7/2953 2431
9.00 8.73 8.77 5/2953 2496
9.00 8.73 8.77 4/2954 2537
9.00 8.73 8.77 10/2954 2573
9.00 8.73 8.77 6/2954 2602
8.92 8.72 8.76 5/2954 2640
8.92 8.72 8.76 2/2956 2687
8.92 8.72 8.76 4/2956 2722
8.92 8.72 8.76 2/2956 2784
8.92 8.72 8.76 5/2956 2827
8.77 8.69 8.75 4/2956 2859
8.77 8.69 8.75 6/2956 2922
8.77 8.69 8.75 3/2956 2972
8.77 8.69 8.75 7/2956 3099
8.77 8.69 8.75 3/2956 3133
8.55 8.64 8.74 9/2955 3185
8.55 8.64 8.74 4/2955 3214
8.55 8.64 8.74 4/2955 3268
8.55 8.64 8.74 4/2955 3366
8.74 8.68 8.75 1/2955 3438
8.74 8.68 8.75 3/2955 3505
8.74 8.68 8.75 6/2955 3546
8.74 8.68 8.75 4/2955 3575
8.74 8.68 8.75 8/2955 3640
8.74 8.68 8.75 1/2955 3680
8.68 8.67 8.75 2/2952 3710
8.68 8.67 8.75 4/2952 3738
8.68 8.67 8.75 1/2951 3777
8.68 8.67 8.75 1/2952 3811
8.68 8.67 8.75 3/2951 3838
8.47 8.63 8.73 7/2948 3868
8.47 8.63 8.73 3/2946 3904
8.47 8.63 8.73 3/2944 3943
8.47 8.63 8.73 3/2944 3974
8.47 8.63 8.73 6/2944 4006
8.83 8.70 8.75 1/2944 4035
8.83 8.70 8.75 7/2944 4085
8.83 8.70 8.75 5/2945 4167
8.83 8.70 8.75 2/2945 4224
8.83 8.70 8.75 3/2950 4309
9.16 8.77 8.78 3/2950 4352
9.16 8.77 8.78 6/2950 4383
9.16 8.77 8.78 9/2950 4437
9.16 8.77 8.78 6/2950 4506
9.16 8.77 8.78 1/2950 4549
9.07 8.76 8.77 13/2950 4610
9.07 8.76 8.77 7/2949 4658
9.07 8.76 8.77 9/2949 4707
9.07 8.76 8.77 8/2949 4748
9.07 8.76 8.77 1/2949 4790
9.07 8.76 8.77 8/2947 4829
9.07 8.76 8.77 8/2947 4859
9.07 8.76 8.77 3/2947 4907
9.07 8.76 8.77 3/2947 4939
9.07 8.76 8.77 2/2947 4995
8.82 8.72 8.76 2/2947 5035
8.82 8.72 8.76 5/2947 5066
8.82 8.72 8.76 7/2947 5104
8.82 8.72 8.76 1/2947 5142
8.82 8.72 8.76 4/2947 5173
8.83 8.72 8.76 2/2947 5211
8.83 8.72 8.76 7/2947 5242
8.83 8.72 8.76 5/2947 5270
8.83 8.72 8.76 4/2947 5298
8.83 8.72 8.76 13/2947 5333
8.85 8.73 8.76 3/2947 5361
8.85 8.73 8.76 3/2947 5388
8.85 8.73 8.76 4/2947 5416
8.85 8.73 8.76 3/2947 5444
8.85 8.73 8.76 2/2947 5473
8.86 8.73 8.76 7/2947 5500
8.86 8.73 8.76 5/2947 5528
8.86 8.73 8.76 3/2947 5564
8.86 8.73 8.76 4/2948 5593
8.86 8.73 8.76 2/2948 5627
8.55 8.67 8.74 3/2948 5660
8.55 8.67 8.74 7/2948 5687
8.55 8.67 8.74 5/2948 5743
8.55 8.67 8.74 5/2948 5775
8.55 8.67 8.74 1/2948 5802
8.59 8.68 8.74 4/2948 5833
8.59 8.68 8.74 1/2948 5860
8.59 8.68 8.74 10/2948 5887
8.59 8.68 8.74 7/2948 5914
8.59 8.68 8.74 7/2948 5943
8.62 8.68 8.75 4/2948 5970
8.62 8.68 8.75 6/2948 5997
8.62 8.68 8.75 10/2948 6024
8.62 8.68 8.75 3/2948 6051
8.62 8.68 8.75 9/2948 6078
8.81 8.72 8.76 5/2948 6105
8.81 8.72 8.76 1/2948 6133
8.81 8.72 8.76 14/2950 6162
8.81 8.72 8.76 8/2950 6189
8.81 8.72 8.76 3/2950 6217
8.67 8.69 8.75 8/2950 6244
8.67 8.69 8.75 5/2950 6271
8.67 8.69 8.75 2/2950 6299
8.67 8.69 8.75 4/2950 6326
8.67 8.69 8.75 1/2946 6353
8.61 8.68 8.74 3/2946 6380
8.61 8.68 8.74 5/2946 6407
8.61 8.68 8.74 2/2946 6434
8.61 8.68 8.74 4/2946 6461
8.61 8.68 8.74 14/2944 6496
8.64 8.68 8.75 9/2944 6566
8.64 8.68 8.75 11/2944 6594
8.64 8.68 8.75 11/2944 6625
8.64 8.68 8.75 8/2944 6659
8.64 8.68 8.75 3/2944 6703
8.59 8.67 8.74 21/2944 6768
8.59 8.67 8.74 5/2944 6835
8.59 8.67 8.74 4/2942 6863
8.59 8.67 8.74 2/2942 6891
8.59 8.67 8.74 2/2942 6920
8.46 8.64 8.73 1/2942 6950
8.46 8.64 8.73 4/2942 6977
8.46 8.64 8.73 4/2938 7004
8.46 8.64 8.73 3/2938 7031
8.46 8.64 8.73 3/2938 7058
8.59 8.67 8.74 2/2938 7085
8.59 8.67 8.74 14/2938 7128
8.59 8.67 8.74 4/2938 7156
8.59 8.67 8.74 1/2938 7183
8.59 8.67 8.74 2/2939 7213
8.62 8.67 8.74 2/2939 7240
8.62 8.67 8.74 4/2939 7269
8.62 8.67 8.74 3/2939 7296
8.62 8.67 8.74 4/2939 7325
8.62 8.67 8.74 2/2939 7352
8.73 8.70 8.75 10/2939 7379
8.73 8.70 8.75 1/2939 7406
8.73 8.70 8.75 11/2940 7438
8.73 8.70 8.75 3/2938 7468
8.73 8.70 8.75 6/2938 7495
8.99 8.75 8.76 6/2938 7522
8.99 8.75 8.76 11/2938 7550
8.99 8.75 8.76 12/2937 7578
8.99 8.75 8.76 5/2937 7605
8.99 8.75 8.76 9/2937 7632
8.67 8.69 8.74 3/2937 7659
8.67 8.69 8.74 3/2937 7686
8.67 8.69 8.74 5/2937 7713
8.67 8.69 8.74 3/2937 7740
8.67 8.69 8.74 7/2937 7768
8.70 8.69 8.75 6/2937 7795
8.70 8.69 8.75 4/2937 7822
8.70 8.69 8.75 2/2937 7851
8.70 8.69 8.75 10/2937 7878
8.70 8.69 8.75 1/2937 7905
8.48 8.65 8.73 5/2937 7932
8.48 8.65 8.73 3/2937 7959
8.48 8.65 8.73 8/2937 7986
8.48 8.65 8.73 10/2937 8013
8.48 8.65 8.73 4/2937 8040
8.44 8.64 8.73 2/2937 8067
8.44 8.64 8.73 5/2937 8094
8.44 8.64 8.73 4/2937 8121
8.44 8.64 8.73 3/2937 8149
8.44 8.64 8.73 4/2943 8184
8.97 8.74 8.76 6/2943 8211
8.97 8.74 8.76 5/2943 8238
8.97 8.74 8.76 3/2943 8265
8.97 8.74 8.76 6/2943 8292
8.97 8.74 8.76 2/2943 8319
8.89 8.73 8.76 3/2943 8346
8.89 8.73 8.76 6/2943 8373
8.89 8.73 8.76 7/2943 8400
8.89 8.73 8.76 5/2943 8428
8.89 8.73 8.76 8/2943 8455
9.06 8.77 8.77 9/2943 8482
9.06 8.77 8.77 5/2943 8509
9.06 8.77 8.77 2/2943 8536
9.06 8.77 8.77 5/2943 8564
9.06 8.77 8.77 5/2943 8591
9.38 8.84 8.79 5/2943 8618
9.38 8.84 8.79 4/2943 8645
9.38 8.84 8.79 5/2943 8672
9.38 8.84 8.79 3/2943 8699
9.38 8.84 8.79 1/2943 8727
9.27 8.83 8.79 4/2943 8754
9.27 8.83 8.79 5/2943 8781
9.27 8.83 8.79 1/2943 8808
9.27 8.83 8.79 2/2948 8845
9.27 8.83 8.79 4/2945 8872
9.24 8.83 8.79 2/2946 8900
9.24 8.83 8.79 6/2946 8927
9.24 8.83 8.79 3/2946 8954
9.24 8.83 8.79 6/2946 8981
9.24 8.83 8.79 7/2946 9009
9.31 8.85 8.79 5/2946 9036
9.31 8.85 8.79 4/2946 9063
9.31 8.85 8.79 3/2946 9094
9.31 8.85 8.79 2/2946 9125
9.31 8.85 8.79 3/2946 9152
9.52 8.90 8.81 6/2946 9179
9.52 8.90 8.81 4/2946 9206
9.52 8.90 8.81 6/2946 9233
9.52 8.90 8.81 6/2946 9260
9.52 8.90 8.81 5/2946 9287
9.48 8.90 8.81 2/2946 9315
9.48 8.90 8.81 1/2946 9342
9.48 8.90 8.81 6/2946 9369
9.48 8.90 8.81 8/2946 9396
9.48 8.90 8.81 2/2946 9424
9.12 8.84 8.79 2/2946 9451
9.12 8.84 8.79 2/2946 9478
9.12 8.84 8.79 3/2946 9505
9.12 8.84 8.79 5/2946 9532
9.12 8.84 8.79 9/2946 9562
9.11 8.84 8.79 2/2946 9589
