Current Battery Service state:
  AC powered: false
  USB powered: false
  Wireless powered: false
  Max charging current: 0
  Max charging voltage: 0
  Charge counter: 5291507
  status: 3
  health: 2
  present: true
  level: 87
  scale: 100
  voltage: 3971
  temperature: 227
  technology: Li-ion
Current Battery Service state:
  AC powered: false
  USB powered: false
  Wireless powered: false
  Max charging current: 0
  Max charging voltage: 0
  Charge counter: 5291507
  status: 3
  health: 2
  present: true
  level: 87
  scale: 100
  voltage: 3971
  temperature: 227
  technology: Li-ion
Current Battery Service state:
  AC powered: false
  USB powered: false
  Wireless powered: false
  Max charging current: 0
  Max charging voltage: 0
  Charge counter: 5291507
  status: 3
  health: 2
  present: true
  level: 87
  scale: 100
  voltage: 3971
  temperature: 227
  technology: Li-ion
Current Battery Service state:
  AC powered: false
  USB powered: false
  Wireless powered: false
  Max charging current: 0
  Max charging voltage: 0
  Charge counter: 5286558
  status: 3
  health: 2
  present: true
  level: 87
  scale: 100
  voltage: 3999
  temperature: 227
  technology: Li-ion
Current Battery Service state:
  AC powered: false
  USB powered: false
  Wireless powered: false
  Max charging current: 0
  Max charging voltage: 0
  Charge counter: 5286558
  status: 3
  health: 2
  present: true
  level: 87
  scale: 100
  voltage: 3999
  temperature: 227
  technology: Li-ion
Current Battery Service state:
  AC powered: false
  USB powered: false
  Wireless powered: false
  Max charging current: 0
  Max charging voltage: 0
  Charge counter: 5286558
  status: 3
  health: 2
  present: true
  level: 87
  scale: 100
  voltage: 3999
  temperature: 227
  technology: Li-ion
Current Battery Service state:
  AC powered: false
  USB powered: false
  Wireless powered: false
  Max charging current: 0
  Max charging voltage: 0
  Charge counter: 5286558
  status: 3
  health: 2
  present: true
  level: 87
  scale: 100
  voltage: 3999
  temperature: 227
  technology: Li-ion
Current Battery Service state:
  AC powered: false
  USB powered: false
  Wireless powered: false
  Max charging current: 0
  Max charging voltage: 0
  Charge counter: 5286558
  status: 3
  health: 2
  present: true
  level: 87
  scale: 100
  voltage: 3999
  temperature: 227
  technology: Li-ion
Current Battery Service state:
  AC powered: false
  USB powered: false
  Wireless powered: false
  Max charging current: 0
  Max charging voltage: 0
  Charge counter: 5286558
  status: 3
  health: 2
  present: true
  level: 87
  scale: 100
  voltage: 3999
  temperature: 227
  technology: Li-ion
Current Battery Service state:
  AC powered: false
  USB powered: false
  Wireless powered: false
  Max charging current: 0
  Max charging voltage: 0
  Charge counter: 5286558
  status: 3
  health: 2
  present: true
  level: 87
  scale: 100
  voltage: 3999
  temperature: 227
  technology: Li-ion
Current Battery Service state:
  AC powered: false
  USB powered: false
  Wireless powered: false
  Max charging current: 0
  Max charging voltage: 0
  Charge counter: 5286558
  status: 3
  health: 2
  present: true
  level: 87
  scale: 100
  voltage: 3999
  temperature: 227
  technology: Li-ion
Current Battery Service state:
  AC powered: false
  USB powered: false
  Wireless powered: false
  Max charging current: 0
  Max charging voltage: 0
  Charge counter: 5286558
  status: 3
  health: 2
  present: true
  level: 87
  scale: 100
  voltage: 3999
  temperature: 227
  technology: Li-ion
Current Battery Service state:
  AC powered: false
  USB powered: false
  Wireless powered: false
  Max charging current: 0
  Max charging voltage: 0
  Charge counter: 5286558
  status: 3
  health: 2
  present: true
  level: 87
  scale: 100
  voltage: 3999
  temperature: 227
  technology: Li-ion
Current Battery Service state:
  AC powered: false
  USB powered: false
  Wireless powered: false
  Max charging current: 0
  Max charging voltage: 0
  Charge counter: 5282174
  status: 3
  health: 2
  present: true
  level: 87
  scale: 100
  voltage: 3976
  temperature: 230
  technology: Li-ion
Current Battery Service state:
  AC powered: false
  USB powered: false
  Wireless powered: false
  Max charging current: 0
  Max charging voltage: 0
  Charge counter: 5282174
  status: 3
  health: 2
  present: true
  level: 87
  scale: 100
  voltage: 3976
  temperature: 230
  technology: Li-ion
Current Battery Service state:
  AC powered: false
  USB powered: false
  Wireless powered: false
  Max charging current: 0
  Max charging voltage: 0
  Charge counter: 5282174
  status: 3
  health: 2
  present: true
  level: 87
  scale: 100
  voltage: 3976
  temperature: 230
  technology: Li-ion
Current Battery Service state:
  AC powered: false
  USB powered: false
  Wireless powered: false
  Max charging current: 0
  Max charging voltage: 0
  Charge counter: 5282174
  status: 3
  health: 2
  present: true
  level: 87
  scale: 100
  voltage: 3976
  temperature: 230
  technology: Li-ion
Current Battery Service state:
  AC powered: false
  USB powered: false
  Wireless powered: false
  Max charging current: 0
  Max charging voltage: 0
  Charge counter: 5282174
  status: 3
  health: 2
  present: true
  level: 87
  scale: 100
  voltage: 3976
  temperature: 230
  technology: Li-ion
Current Battery Service state:
  AC powered: false
  USB powered: false
  Wireless powered: false
  Max charging current: 0
  Max charging voltage: 0
  Charge counter: 5282174
  status: 3
  health: 2
  present: true
  level: 87
  scale: 100
  voltage: 3976
  temperature: 230
  technology: Li-ion
Current Battery Service state:
  AC powered: false
  USB powered: false
  Wireless powered: false
  Max charging current: 0
  Max charging voltage: 0
  Charge counter: 5282174
  status: 3
  health: 2
  present: true
  level: 87
  scale: 100
  voltage: 3976
  temperature: 230
  technology: Li-ion
Current Battery Service state:
  AC powered: false
  USB powered: false
  Wireless powered: false
  Max charging current: 0
  Max charging voltage: 0
  Charge counter: 5282174
  status: 3
  health: 2
  present: true
  level: 87
  scale: 100
  voltage: 3976
  temperature: 230
  technology: Li-ion
Current Battery Service state:
  AC powered: false
  USB powered: false
  Wireless powered: false
  Max charging current: 0
  Max charging voltage: 0
  Charge counter: 5277814
  status: 3
  health: 2
  present: true
  level: 87
  scale: 100
  voltage: 3973
  temperature: 230
  technology: Li-ion
Current Battery Service state:
  AC powered: false
  USB powered: false
  Wireless powered: false
  Max charging current: 0
  Max charging voltage: 0
  Charge counter: 5277304
  status: 3
  health: 2
  present: true
  level: 87
  scale: 100
  voltage: 3974
  temperature: 230
  technology: Li-ion
Current Battery Service state:
  AC powered: false
  USB powered: false
  Wireless powered: false
  Max charging current: 0
  Max charging voltage: 0
  Charge counter: 5277304
  status: 3
  health: 2
  present: true
  level: 87
  scale: 100
  voltage: 3974
  temperature: 230
  technology: Li-ion
Current Battery Service state:
  AC powered: false
  USB powered: false
  Wireless powered: false
  Max charging current: 0
  Max charging voltage: 0
  Charge counter: 5277304
  status: 3
  health: 2
  present: true
  level: 87
  scale: 100
  voltage: 3974
  temperature: 230
  technology: Li-ion
Current Battery Service state:
  AC powered: false
  USB powered: false
  Wireless powered: false
  Max charging current: 0
  Max charging voltage: 0
  Charge counter: 5277304
  status: 3
  health: 2
  present: true
  level: 87
  scale: 100
  voltage: 3974
  temperature: 230
  technology: Li-ion
Current Battery Service state:
  AC powered: false
  USB powered: false
  Wireless powered: false
  Max charging current: 0
  Max charging voltage: 0
  Charge counter: 5277304
  status: 3
  health: 2
  present: true
  level: 87
  scale: 100
  voltage: 3974
  temperature: 230
  technology: Li-ion
Current Battery Service state:
  AC powered: false
  USB powered: false
  Wireless powered: false
  Max charging current: 0
  Max charging voltage: 0
  Charge counter: 5277304
  status: 3
  health: 2
  present: true
  level: 87
  scale: 100
  voltage: 3974
  temperature: 230
  technology: Li-ion
Current Battery Service state:
  AC powered: false
  USB powered: false
  Wireless powered: false
  Max charging current: 0
  Max charging voltage: 0
  Charge counter: 5277304
  status: 3
  health: 2
  present: true
  level: 87
  scale: 100
  voltage: 3974
  temperature: 230
  technology: Li-ion
Current Battery Service state:
  AC powered: false
  USB powered: false
  Wireless powered: false
  Max charging current: 0
  Max charging voltage: 0
  Charge counter: 5277304
  status: 3
  health: 2
  present: true
  level: 87
  scale: 100
  voltage: 3974
  temperature: 230
  technology: Li-ion
Current Battery Service state:
  AC powered: false
  USB powered: false
  Wireless powered: false
  Max charging current: 0
  Max charging voltage: 0
  Charge counter: 5277304
  status: 3
  health: 2
  present: true
  level: 87
  scale: 100
  voltage: 3974
  temperature: 230
  technology: Li-ion
Current Battery Service state:
  AC powered: false
  USB powered: false
  Wireless powered: false
  Max charging current: 0
  Max charging voltage: 0
  Charge counter: 5277304
  status: 3
  health: 2
  present: true
  level: 87
  scale: 100
  voltage: 3974
  temperature: 230
  technology: Li-ion
Current Battery Service state:
  AC powered: false
  USB powered: false
  Wireless powered: false
  Max charging current: 0
  Max charging voltage: 0
  Charge counter: 5277304
  status: 3
  health: 2
  present: true
  level: 87
  scale: 100
  voltage: 3974
  temperature: 230
  technology: Li-ion
Current Battery Service state:
  AC powered: false
  USB powered: false
  Wireless powered: false
  Max charging current: 0
  Max charging voltage: 0
  Charge counter: 5272381
  status: 3
  health: 2
  present: true
  level: 87
  scale: 100
  voltage: 3967
  temperature: 230
  technology: Li-ion
Current Battery Service state:
  AC powered: false
  USB powered: false
  Wireless powered: false
  Max charging current: 0
  Max charging voltage: 0
  Charge counter: 5272381
  status: 3
  health: 2
  present: true
  level: 87
  scale: 100
  voltage: 3967
  temperature: 230
  technology: Li-ion
Current Battery Service state:
  AC powered: false
  USB powered: false
  Wireless powered: false
  Max charging current: 0
  Max charging voltage: 0
  Charge counter: 5272381
  status: 3
  health: 2
  present: true
  level: 87
  scale: 100
  voltage: 3967
  temperature: 230
  technology: Li-ion
Current Battery Service state:
  AC powered: false
  USB powered: false
  Wireless powered: false
  Max charging current: 0
  Max charging voltage: 0
  Charge counter: 5272381
  status: 3
  health: 2
  present: true
  level: 87
  scale: 100
  voltage: 3967
  temperature: 230
  technology: Li-ion
Current Battery Service state:
  AC powered: false
  USB powered: false
  Wireless powered: false
  Max charging current: 0
  Max charging voltage: 0
  Charge counter: 5272381
  status: 3
  health: 2
  present: true
  level: 87
  scale: 100
  voltage: 3967
  temperature: 230
  technology: Li-ion
Current Battery Service state:
  AC powered: false
  USB powered: false
  Wireless powered: false
  Max charging current: 0
  Max charging voltage: 0
  Charge counter: 5272381
  status: 3
  health: 2
  present: true
  level: 87
  scale: 100
  voltage: 3967
  temperature: 230
  technology: Li-ion
Current Battery Service state:
  AC powered: false
  USB powered: false
  Wireless powered: false
  Max charging current: 0
  Max charging voltage: 0
  Charge counter: 5272381
  status: 3
  health: 2
  present: true
  level: 87
  scale: 100
  voltage: 3967
  temperature: 230
  technology: Li-ion
Current Battery Service state:
  AC powered: false
  USB powered: false
  Wireless powered: false
  Max charging current: 0
  Max charging voltage: 0
  Charge counter: 5272381
  status: 3
  health: 2
  present: true
  level: 87
  scale: 100
  voltage: 3967
  temperature: 230
  technology: Li-ion
Current Battery Service state:
  AC powered: false
  USB powered: false
  Wireless powered: false
  Max charging current: 0
  Max charging voltage: 0
  Charge counter: 5272381
  status: 3
  health: 2
  present: true
  level: 87
  scale: 100
  voltage: 3967
  temperature: 230
  technology: Li-ion
Current Battery Service state:
  AC powered: false
  USB powered: false
  Wireless powered: false
  Max charging current: 0
  Max charging voltage: 0
  Charge counter: 5272381
  status: 3
  health: 2
  present: true
  level: 87
  scale: 100
  voltage: 3967
  temperature: 230
  technology: Li-ion
Current Battery Service state:
  AC powered: false
  USB powered: false
  Wireless powered: false
  Max charging current: 0
  Max charging voltage: 0
  Charge counter: 5267083
  status: 3
  health: 2
  present: true
  level: 87
  scale: 100
  voltage: 3968
  temperature: 230
  technology: Li-ion
Current Battery Service state:
  AC powered: false
  USB powered: false
  Wireless powered: false
  Max charging current: 0
  Max charging voltage: 0
  Charge counter: 5267083
  status: 3
  health: 2
  present: true
  level: 87
  scale: 100
  voltage: 3968
  temperature: 230
  technology: Li-ion
Current Battery Service state:
  AC powered: false
  USB powered: false
  Wireless powered: false
  Max charging current: 0
  Max charging voltage: 0
  Charge counter: 5267083
  status: 3
  health: 2
  present: true
  level: 87
  scale: 100
  voltage: 3968
  temperature: 230
  technology: Li-ion
Current Battery Service state:
  AC powered: false
  USB powered: false
  Wireless powered: false
  Max charging current: 0
  Max charging voltage: 0
  Charge counter: 5267083
  status: 3
  health: 2
  present: true
  level: 87
  scale: 100
  voltage: 3968
  temperature: 230
  technology: Li-ion
Current Battery Service state:
  AC powered: false
  USB powered: false
  Wireless powered: false
  Max charging current: 0
  Max charging voltage: 0
  Charge counter: 5267083
  status: 3
  health: 2
  present: true
  level: 87
  scale: 100
  voltage: 3968
  temperature: 230
  technology: Li-ion
Current Battery Service state:
  AC powered: false
  USB powered: false
  Wireless powered: false
  Max charging current: 0
  Max charging voltage: 0
  Charge counter: 5267083
  status: 3
  health: 2
  present: true
  level: 87
  scale: 100
  voltage: 3968
  temperature: 230
  technology: Li-ion
Current Battery Service state:
  AC powered: false
  USB powered: false
  Wireless powered: false
  Max charging current: 0
  Max charging voltage: 0
  Charge counter: 5267083
  status: 3
  health: 2
  present: true
  level: 87
  scale: 100
  voltage: 3968
  temperature: 230
  technology: Li-ion
Current Battery Service state:
  AC powered: false
  USB powered: false
  Wireless powered: false
  Max charging current: 0
  Max charging voltage: 0
  Charge counter: 5267083
  status: 3
  health: 2
  present: true
  level: 87
  scale: 100
  voltage: 3968
  temperature: 230
  technology: Li-ion
Current Battery Service state:
  AC powered: false
  USB powered: false
  Wireless powered: false
  Max charging current: 0
  Max charging voltage: 0
  Charge counter: 5267083
  status: 3
  health: 2
  present: true
  level: 87
  scale: 100
  voltage: 3968
  temperature: 230
  technology: Li-ion
Current Battery Service state:
  AC powered: false
  USB powered: false
  Wireless powered: false
  Max charging current: 0
  Max charging voltage: 0
  Charge counter: 5267083
  status: 3
  health: 2
  present: true
  level: 87
  scale: 100
  voltage: 3968
  temperature: 230
  technology: Li-ion
Current Battery Service state:
  AC powered: false
  USB powered: false
  Wireless powered: false
  Max charging current: 0
  Max charging voltage: 0
  Charge counter: 5261941
  status: 3
  health: 2
  present: true
  level: 87
  scale: 100
  voltage: 3968
  temperature: 232
  technology: Li-ion
Current Battery Service state:
  AC powered: false
  USB powered: false
  Wireless powered: false
  Max charging current: 0
  Max charging voltage: 0
  Charge counter: 5261941
  status: 3
  health: 2
  present: true
  level: 87
  scale: 100
  voltage: 3968
  temperature: 232
  technology: Li-ion
Current Battery Service state:
  AC powered: false
  USB powered: false
  Wireless powered: false
  Max charging current: 0
  Max charging voltage: 0
  Charge counter: 5261941
  status: 3
  health: 2
  present: true
  level: 87
  scale: 100
  voltage: 3968
  temperature: 232
  technology: Li-ion
Current Battery Service state:
  AC powered: false
  USB powered: false
  Wireless powered: false
  Max charging current: 0
  Max charging voltage: 0
  Charge counter: 5261941
  status: 3
  health: 2
  present: true
  level: 87
  scale: 100
  voltage: 3968
  temperature: 232
  technology: Li-ion
Current Battery Service state:
  AC powered: false
  USB powered: false
  Wireless powered: false
  Max charging current: 0
  Max charging voltage: 0
  Charge counter: 5261941
  status: 3
  health: 2
  present: true
  level: 87
  scale: 100
  voltage: 3968
  temperature: 232
  technology: Li-ion
Current Battery Service state:
  AC powered: false
  USB powered: false
  Wireless powered: false
  Max charging current: 0
  Max charging voltage: 0
  Charge counter: 5261941
  status: 3
  health: 2
  present: true
  level: 87
  scale: 100
  voltage: 3968
  temperature: 232
  technology: Li-ion
Current Battery Service state:
  AC powered: false
  USB powered: false
  Wireless powered: false
  Max charging current: 0
  Max charging voltage: 0
  Charge counter: 5261941
  status: 3
  health: 2
  present: true
  level: 87
  scale: 100
  voltage: 3968
  temperature: 232
  technology: Li-ion
Current Battery Service state:
  AC powered: false
  USB powered: false
  Wireless powered: false
  Max charging current: 0
  Max charging voltage: 0
  Charge counter: 5261941
  status: 3
  health: 2
  present: true
  level: 87
  scale: 100
  voltage: 3968
  temperature: 232
  technology: Li-ion
Current Battery Service state:
  AC powered: false
  USB powered: false
  Wireless powered: false
  Max charging current: 0
  Max charging voltage: 0
  Charge counter: 5261941
  status: 3
  health: 2
  present: true
  level: 87
  scale: 100
  voltage: 3968
  temperature: 232
  technology: Li-ion
Current Battery Service state:
  AC powered: false
  USB powered: false
  Wireless powered: false
  Max charging current: 0
  Max charging voltage: 0
  Charge counter: 5261941
  status: 3
  health: 2
  present: true
  level: 87
  scale: 100
  voltage: 3968
  temperature: 232
  technology: Li-ion
Current Battery Service state:
  AC powered: false
  USB powered: false
  Wireless powered: false
  Max charging current: 0
  Max charging voltage: 0
  Charge counter: 5256293
  status: 3
  health: 2
  present: true
  level: 87
  scale: 100
  voltage: 3968
  temperature: 232
  technology: Li-ion
Current Battery Service state:
  AC powered: false
  USB powered: false
  Wireless powered: false
  Max charging current: 0
  Max charging voltage: 0
  Charge counter: 5256293
  status: 3
  health: 2
  present: true
  level: 87
  scale: 100
  voltage: 3968
  temperature: 232
  technology: Li-ion
Current Battery Service state:
  AC powered: false
  USB powered: false
  Wireless powered: false
  Max charging current: 0
  Max charging voltage: 0
  Charge counter: 5256293
  status: 3
  health: 2
  present: true
  level: 87
  scale: 100
  voltage: 3968
  temperature: 232
  technology: Li-ion
Current Battery Service state:
  AC powered: false
  USB powered: false
  Wireless powered: false
  Max charging current: 0
  Max charging voltage: 0
  Charge counter: 5256293
  status: 3
  health: 2
  present: true
  level: 87
  scale: 100
  voltage: 3968
  temperature: 232
  technology: Li-ion
Current Battery Service state:
  AC powered: false
  USB powered: false
  Wireless powered: false
  Max charging current: 0
  Max charging voltage: 0
  Charge counter: 5256293
  status: 3
  health: 2
  present: true
  level: 87
  scale: 100
  voltage: 3968
  temperature: 232
  technology: Li-ion
Current Battery Service state:
  AC powered: false
  USB powered: false
  Wireless powered: false
  Max charging current: 0
  Max charging voltage: 0
  Charge counter: 5256293
  status: 3
  health: 2
  present: true
  level: 87
  scale: 100
  voltage: 3968
  temperature: 232
  technology: Li-ion
Current Battery Service state:
  AC powered: false
  USB powered: false
  Wireless powered: false
  Max charging current: 0
  Max charging voltage: 0
  Charge counter: 5256293
  status: 3
  health: 2
  present: true
  level: 87
  scale: 100
  voltage: 3968
  temperature: 232
  technology: Li-ion
Current Battery Service state:
  AC powered: false
  USB powered: false
  Wireless powered: false
  Max charging current: 0
  Max charging voltage: 0
  Charge counter: 5256293
  status: 3
  health: 2
  present: true
  level: 87
  scale: 100
  voltage: 3968
  temperature: 232
  technology: Li-ion
Current Battery Service state:
  AC powered: false
  USB powered: false
  Wireless powered: false
  Max charging current: 0
  Max charging voltage: 0
  Charge counter: 5256293
  status: 3
  health: 2
  present: true
  level: 87
  scale: 100
  voltage: 3968
  temperature: 232
  technology: Li-ion
Current Battery Service state:
  AC powered: false
  USB powered: false
  Wireless powered: false
  Max charging current: 0
  Max charging voltage: 0
  Charge counter: 5256293
  status: 3
  health: 2
  present: true
  level: 87
  scale: 100
  voltage: 3968
  temperature: 232
  technology: Li-ion
Current Battery Service state:
  AC powered: false
  USB powered: false
  Wireless powered: false
  Max charging current: 0
  Max charging voltage: 0
  Charge counter: 5250949
  status: 3
  health: 2
  present: true
  level: 87
  scale: 100
  voltage: 3964
  temperature: 232
  technology: Li-ion
Current Battery Service state:
  AC powered: false
  USB powered: false
  Wireless powered: false
  Max charging current: 0
  Max charging voltage: 0
  Charge counter: 5250152
  status: 3
  health: 2
  present: true
  level: 87
  scale: 100
  voltage: 3964
  temperature: 232
  technology: Li-ion
Current Battery Service state:
  AC powered: false
  USB powered: false
  Wireless powered: false
  Max charging current: 0
  Max charging voltage: 0
  Charge counter: 5250152
  status: 3
  health: 2
  present: true
  level: 87
  scale: 100
  voltage: 3964
  temperature: 232
  technology: Li-ion
Current Battery Service state:
  AC powered: false
  USB powered: false
  Wireless powered: false
  Max charging current: 0
  Max charging voltage: 0
  Charge counter: 5250152
  status: 3
  health: 2
  present: true
  level: 87
  scale: 100
  voltage: 3964
  temperature: 232
  technology: Li-ion
Current Battery Service state:
  AC powered: false
  USB powered: false
  Wireless powered: false
  Max charging current: 0
  Max charging voltage: 0
  Charge counter: 5250152
  status: 3
  health: 2
  present: true
  level: 87
  scale: 100
  voltage: 3964
  temperature: 232
  technology: Li-ion
Current Battery Service state:
  AC powered: false
  USB powered: false
  Wireless powered: false
  Max charging current: 0
  Max charging voltage: 0
  Charge counter: 5250152
  status: 3
  health: 2
  present: true
  level: 87
  scale: 100
  voltage: 3964
  temperature: 232
  technology: Li-ion
Current Battery Service state:
  AC powered: false
  USB powered: false
  Wireless powered: false
  Max charging current: 0
  Max charging voltage: 0
  Charge counter: 5250152
  status: 3
  health: 2
  present: true
  level: 87
  scale: 100
  voltage: 3964
  temperature: 232
  technology: Li-ion
Current Battery Service state:
  AC powered: false
  USB powered: false
  Wireless powered: false
  Max charging current: 0
  Max charging voltage: 0
  Charge counter: 5250152
  status: 3
  health: 2
  present: true
  level: 87
  scale: 100
  voltage: 3964
  temperature: 232
  technology: Li-ion
Current Battery Service state:
  AC powered: false
  USB powered: false
  Wireless powered: false
  Max charging current: 0
  Max charging voltage: 0
  Charge counter: 5250152
  status: 3
  health: 2
  present: true
  level: 87
  scale: 100
  voltage: 3964
  temperature: 232
  technology: Li-ion
Current Battery Service state:
  AC powered: false
  USB powered: false
  Wireless powered: false
  Max charging current: 0
  Max charging voltage: 0
  Charge counter: 5250152
  status: 3
  health: 2
  present: true
  level: 87
  scale: 100
  voltage: 3964
  temperature: 232
  technology: Li-ion
Current Battery Service state:
  AC powered: false
  USB powered: false
  Wireless powered: false
  Max charging current: 0
  Max charging voltage: 0
  Charge counter: 5245521
  status: 3
  health: 2
  present: true
  level: 87
  scale: 100
  voltage: 3964
  temperature: 230
  technology: Li-ion
Current Battery Service state:
  AC powered: false
  USB powered: false
  Wireless powered: false
  Max charging current: 0
  Max charging voltage: 0
  Charge counter: 5245521
  status: 3
  health: 2
  present: true
  level: 87
  scale: 100
  voltage: 3964
  temperature: 230
  technology: Li-ion
Current Battery Service state:
  AC powered: false
  USB powered: false
  Wireless powered: false
  Max charging current: 0
  Max charging voltage: 0
  Charge counter: 5245521
  status: 3
  health: 2
  present: true
  level: 87
  scale: 100
  voltage: 3964
  temperature: 230
  technology: Li-ion
Current Battery Service state:
  AC powered: false
  USB powered: false
  Wireless powered: false
  Max charging current: 0
  Max charging voltage: 0
  Charge counter: 5245521
  status: 3
  health: 2
  present: true
  level: 87
  scale: 100
  voltage: 3964
  temperature: 230
  technology: Li-ion
Current Battery Service state:
  AC powered: false
  USB powered: false
  Wireless powered: false
  Max charging current: 0
  Max charging voltage: 0
  Charge counter: 5245521
  status: 3
  health: 2
  present: true
  level: 87
  scale: 100
  voltage: 3964
  temperature: 230
  technology: Li-ion
Current Battery Service state:
  AC powered: false
  USB powered: false
  Wireless powered: false
  Max charging current: 0
  Max charging voltage: 0
  Charge counter: 5245521
  status: 3
  health: 2
  present: true
  level: 87
  scale: 100
  voltage: 3964
  temperature: 230
  technology: Li-ion
Current Battery Service state:
  AC powered: false
  USB powered: false
  Wireless powered: false
  Max charging current: 0
  Max charging voltage: 0
  Charge counter: 5245521
  status: 3
  health: 2
  present: true
  level: 87
  scale: 100
  voltage: 3964
  temperature: 230
  technology: Li-ion
Current Battery Service state:
  AC powered: false
  USB powered: false
  Wireless powered: false
  Max charging current: 0
  Max charging voltage: 0
  Charge counter: 5245521
  status: 3
  health: 2
  present: true
  level: 87
  scale: 100
  voltage: 3964
  temperature: 230
  technology: Li-ion
Current Battery Service state:
  AC powered: false
  USB powered: false
  Wireless powered: false
  Max charging current: 0
  Max charging voltage: 0
  Charge counter: 5245521
  status: 3
  health: 2
  present: true
  level: 87
  scale: 100
  voltage: 3964
  temperature: 230
  technology: Li-ion
Current Battery Service state:
  AC powered: false
  USB powered: false
  Wireless powered: false
  Max charging current: 0
  Max charging voltage: 0
  Charge counter: 5245521
  status: 3
  health: 2
  present: true
  level: 87
  scale: 100
  voltage: 3964
  temperature: 230
  technology: Li-ion
Current Battery Service state:
  AC powered: false
  USB powered: false
  Wireless powered: false
  Max charging current: 0
  Max charging voltage: 0
  Charge counter: 5240362
  status: 3
  health: 2
  present: true
  level: 87
  scale: 100
  voltage: 3962
  temperature: 232
  technology: Li-ion
Current Battery Service state:
  AC powered: false
  USB powered: false
  Wireless powered: false
  Max charging current: 0
  Max charging voltage: 0
  Charge counter: 5240362
  status: 3
  health: 2
  present: true
  level: 87
  scale: 100
  voltage: 3962
  temperature: 232
  technology: Li-ion
Current Battery Service state:
  AC powered: false
  USB powered: false
  Wireless powered: false
  Max charging current: 0
  Max charging voltage: 0
  Charge counter: 5240362
  status: 3
  health: 2
  present: true
  level: 87
  scale: 100
  voltage: 3962
  temperature: 232
  technology: Li-ion
Current Battery Service state:
  AC powered: false
  USB powered: false
  Wireless powered: false
  Max charging current: 0
  Max charging voltage: 0
  Charge counter: 5240362
  status: 3
  health: 2
  present: true
  level: 87
  scale: 100
  voltage: 3962
  temperature: 232
  technology: Li-ion
Current Battery Service state:
  AC powered: false
  USB powered: false
  Wireless powered: false
  Max charging current: 0
  Max charging voltage: 0
  Charge counter: 5240362
  status: 3
  health: 2
  present: true
  level: 87
  scale: 100
  voltage: 3962
  temperature: 232
  technology: Li-ion
Current Battery Service state:
  AC powered: false
  USB powered: false
  Wireless powered: false
  Max charging current: 0
  Max charging voltage: 0
  Charge counter: 5240362
  status: 3
  health: 2
  present: true
  level: 87
  scale: 100
  voltage: 3962
  temperature: 232
  technology: Li-ion
Current Battery Service state:
  AC powered: false
  USB powered: false
  Wireless powered: false
  Max charging current: 0
  Max charging voltage: 0
  Charge counter: 5240362
  status: 3
  health: 2
  present: true
  level: 87
  scale: 100
  voltage: 3962
  temperature: 232
  technology: Li-ion
Current Battery Service state:
  AC powered: false
  USB powered: false
  Wireless powered: false
  Max charging current: 0
  Max charging voltage: 0
  Charge counter: 5240362
  status: 3
  health: 2
  present: true
  level: 87
  scale: 100
  voltage: 3962
  temperature: 232
  technology: Li-ion
Current Battery Service state:
  AC powered: false
  USB powered: false
  Wireless powered: false
  Max charging current: 0
  Max charging voltage: 0
  Charge counter: 5240362
  status: 3
  health: 2
  present: true
  level: 87
  scale: 100
  voltage: 3962
  temperature: 232
  technology: Li-ion
Current Battery Service state:
  AC powered: false
  USB powered: false
  Wireless powered: false
  Max charging current: 0
  Max charging voltage: 0
  Charge counter: 5240362
  status: 3
  health: 2
  present: true
  level: 87
  scale: 100
  voltage: 3962
  temperature: 232
  technology: Li-ion
Current Battery Service state:
  AC powered: false
  USB powered: false
  Wireless powered: false
  Max charging current: 0
  Max charging voltage: 0
  Charge counter: 5235033
  status: 3
  health: 2
  present: true
  level: 87
  scale: 100
  voltage: 3961
  temperature: 232
  technology: Li-ion
Current Battery Service state:
  AC powered: false
  USB powered: false
  Wireless powered: false
  Max charging current: 0
  Max charging voltage: 0
  Charge counter: 5235033
  status: 3
  health: 2
  present: true
  level: 87
  scale: 100
  voltage: 3961
  temperature: 232
  technology: Li-ion
Current Battery Service state:
  AC powered: false
  USB powered: false
  Wireless powered: false
  Max charging current: 0
  Max charging voltage: 0
  Charge counter: 5235033
  status: 3
  health: 2
  present: true
  level: 87
  scale: 100
  voltage: 3961
  temperature: 232
  technology: Li-ion
Current Battery Service state:
  AC powered: false
  USB powered: false
  Wireless powered: false
  Max charging current: 0
  Max charging voltage: 0
  Charge counter: 5235033
  status: 3
  health: 2
  present: true
  level: 87
  scale: 100
  voltage: 3961
  temperature: 232
  technology: Li-ion
Current Battery Service state:
  AC powered: false
  USB powered: false
  Wireless powered: false
  Max charging current: 0
  Max charging voltage: 0
  Charge counter: 5235033
  status: 3
  health: 2
  present: true
  level: 87
  scale: 100
  voltage: 3961
  temperature: 232
  technology: Li-ion
Current Battery Service state:
  AC powered: false
  USB powered: false
  Wireless powered: false
  Max charging current: 0
  Max charging voltage: 0
  Charge counter: 5235033
  status: 3
  health: 2
  present: true
  level: 87
  scale: 100
  voltage: 3961
  temperature: 232
  technology: Li-ion
Current Battery Service state:
  AC powered: false
  USB powered: false
  Wireless powered: false
  Max charging current: 0
  Max charging voltage: 0
  Charge counter: 5235033
  status: 3
  health: 2
  present: true
  level: 87
  scale: 100
  voltage: 3961
  temperature: 232
  technology: Li-ion
Current Battery Service state:
  AC powered: false
  USB powered: false
  Wireless powered: false
  Max charging current: 0
  Max charging voltage: 0
  Charge counter: 5235033
  status: 3
  health: 2
  present: true
  level: 87
  scale: 100
  voltage: 3961
  temperature: 232
  technology: Li-ion
Current Battery Service state:
  AC powered: false
  USB powered: false
  Wireless powered: false
  Max charging current: 0
  Max charging voltage: 0
  Charge counter: 5235033
  status: 3
  health: 2
  present: true
  level: 87
  scale: 100
  voltage: 3961
  temperature: 232
  technology: Li-ion
Current Battery Service state:
  AC powered: false
  USB powered: false
  Wireless powered: false
  Max charging current: 0
  Max charging voltage: 0
  Charge counter: 5235033
  status: 3
  health: 2
  present: true
  level: 87
  scale: 100
  voltage: 3961
  temperature: 232
  technology: Li-ion
Current Battery Service state:
  AC powered: false
  USB powered: false
  Wireless powered: false
  Max charging current: 0
  Max charging voltage: 0
  Charge counter: 5229880
  status: 3
  health: 2
  present: true
  level: 86
  scale: 100
  voltage: 3960
  temperature: 235
  technology: Li-ion
Current Battery Service state:
  AC powered: false
  USB powered: false
  Wireless powered: false
  Max charging current: 0
  Max charging voltage: 0
  Charge counter: 5229880
  status: 3
  health: 2
  present: true
  level: 86
  scale: 100
  voltage: 3960
  temperature: 235
  technology: Li-ion
Current Battery Service state:
  AC powered: false
  USB powered: false
  Wireless powered: false
  Max charging current: 0
  Max charging voltage: 0
  Charge counter: 5229880
  status: 3
  health: 2
  present: true
  level: 86
  scale: 100
  voltage: 3960
  temperature: 235
  technology: Li-ion
Current Battery Service state:
  AC powered: false
  USB powered: false
  Wireless powered: false
  Max charging current: 0
  Max charging voltage: 0
  Charge counter: 5229880
  status: 3
  health: 2
  present: true
  level: 86
  scale: 100
  voltage: 3960
  temperature: 235
  technology: Li-ion
Current Battery Service state:
  AC powered: false
  USB powered: false
  Wireless powered: false
  Max charging current: 0
  Max charging voltage: 0
  Charge counter: 5227821
  status: 3
  health: 2
  present: true
  level: 86
  scale: 100
  voltage: 3960
  temperature: 232
  technology: Li-ion
Current Battery Service state:
  AC powered: false
  USB powered: false
  Wireless powered: false
  Max charging current: 0
  Max charging voltage: 0
  Charge counter: 5227821
  status: 3
  health: 2
  present: true
  level: 86
  scale: 100
  voltage: 3960
  temperature: 232
  technology: Li-ion
Current Battery Service state:
  AC powered: false
  USB powered: false
  Wireless powered: false
  Max charging current: 0
  Max charging voltage: 0
  Charge counter: 5227821
  status: 3
  health: 2
  present: true
  level: 86
  scale: 100
  voltage: 3960
  temperature: 232
  technology: Li-ion
Current Battery Service state:
  AC powered: false
  USB powered: false
  Wireless powered: false
  Max charging current: 0
  Max charging voltage: 0
  Charge counter: 5227821
  status: 3
  health: 2
  present: true
  level: 86
  scale: 100
  voltage: 3960
  temperature: 232
  technology: Li-ion
Current Battery Service state:
  AC powered: false
  USB powered: false
  Wireless powered: false
  Max charging current: 0
  Max charging voltage: 0
  Charge counter: 5227821
  status: 3
  health: 2
  present: true
  level: 86
  scale: 100
  voltage: 3960
  temperature: 232
  technology: Li-ion
Current Battery Service state:
  AC powered: false
  USB powered: false
  Wireless powered: false
  Max charging current: 0
  Max charging voltage: 0
  Charge counter: 5227821
  status: 3
  health: 2
  present: true
  level: 86
  scale: 100
  voltage: 3960
  temperature: 232
  technology: Li-ion
Current Battery Service state:
  AC powered: false
  USB powered: false
  Wireless powered: false
  Max charging current: 0
  Max charging voltage: 0
  Charge counter: 5224719
  status: 3
  health: 2
  present: true
  level: 86
  scale: 100
  voltage: 3959
  temperature: 232
  technology: Li-ion
Current Battery Service state:
  AC powered: false
  USB powered: false
  Wireless powered: false
  Max charging current: 0
  Max charging voltage: 0
  Charge counter: 5224719
  status: 3
  health: 2
  present: true
  level: 86
  scale: 100
  voltage: 3959
  temperature: 232
  technology: Li-ion
Current Battery Service state:
  AC powered: false
  USB powered: false
  Wireless powered: false
  Max charging current: 0
  Max charging voltage: 0
  Charge counter: 5224719
  status: 3
  health: 2
  present: true
  level: 86
  scale: 100
  voltage: 3959
  temperature: 232
  technology: Li-ion
Current Battery Service state:
  AC powered: false
  USB powered: false
  Wireless powered: false
  Max charging current: 0
  Max charging voltage: 0
  Charge counter: 5224719
  status: 3
  health: 2
  present: true
  level: 86
  scale: 100
  voltage: 3959
  temperature: 232
  technology: Li-ion
Current Battery Service state:
  AC powered: false
  USB powered: false
  Wireless powered: false
  Max charging current: 0
  Max charging voltage: 0
  Charge counter: 5224719
  status: 3
  health: 2
  present: true
  level: 86
  scale: 100
  voltage: 3959
  temperature: 232
  technology: Li-ion
Current Battery Service state:
  AC powered: false
  USB powered: false
  Wireless powered: false
  Max charging current: 0
  Max charging voltage: 0
  Charge counter: 5222491
  status: 3
  health: 2
  present: true
  level: 86
  scale: 100
  voltage: 3958
  temperature: 232
  technology: Li-ion
Current Battery Service state:
  AC powered: false
  USB powered: false
  Wireless powered: false
  Max charging current: 0
  Max charging voltage: 0
  Charge counter: 5222491
  status: 3
  health: 2
  present: true
  level: 86
  scale: 100
  voltage: 3958
  temperature: 232
  technology: Li-ion
Current Battery Service state:
  AC powered: false
  USB powered: false
  Wireless powered: false
  Max charging current: 0
  Max charging voltage: 0
  Charge counter: 5222491
  status: 3
  health: 2
  present: true
  level: 86
  scale: 100
  voltage: 3958
  temperature: 232
  technology: Li-ion
Current Battery Service state:
  AC powered: false
  USB powered: false
  Wireless powered: false
  Max charging current: 0
  Max charging voltage: 0
  Charge counter: 5222491
  status: 3
  health: 2
  present: true
  level: 86
  scale: 100
  voltage: 3958
  temperature: 232
  technology: Li-ion
Current Battery Service state:
  AC powered: false
  USB powered: false
  Wireless powered: false
  Max charging current: 0
  Max charging voltage: 0
  Charge counter: 5222491
  status: 3
  health: 2
  present: true
  level: 86
  scale: 100
  voltage: 3958
  temperature: 232
  technology: Li-ion
Current Battery Service state:
  AC powered: false
  USB powered: false
  Wireless powered: false
  Max charging current: 0
  Max charging voltage: 0
  Charge counter: 5219735
  status: 3
  health: 2
  present: true
  level: 86
  scale: 100
  voltage: 3960
  temperature: 232
  technology: Li-ion
Current Battery Service state:
  AC powered: false
  USB powered: false
  Wireless powered: false
  Max charging current: 0
  Max charging voltage: 0
  Charge counter: 5219735
  status: 3
  health: 2
  present: true
  level: 86
  scale: 100
  voltage: 3960
  temperature: 232
  technology: Li-ion
Current Battery Service state:
  AC powered: false
  USB powered: false
  Wireless powered: false
  Max charging current: 0
  Max charging voltage: 0
  Charge counter: 5219735
  status: 3
  health: 2
  present: true
  level: 86
  scale: 100
  voltage: 3960
  temperature: 232
  technology: Li-ion
Current Battery Service state:
  AC powered: false
  USB powered: false
  Wireless powered: false
  Max charging current: 0
  Max charging voltage: 0
  Charge counter: 5219735
  status: 3
  health: 2
  present: true
  level: 86
  scale: 100
  voltage: 3960
  temperature: 232
  technology: Li-ion
Current Battery Service state:
  AC powered: false
  USB powered: false
  Wireless powered: false
  Max charging current: 0
  Max charging voltage: 0
  Charge counter: 5219735
  status: 3
  health: 2
  present: true
  level: 86
  scale: 100
  voltage: 3960
  temperature: 232
  technology: Li-ion
Current Battery Service state:
  AC powered: false
  USB powered: false
  Wireless powered: false
  Max charging current: 0
  Max charging voltage: 0
  Charge counter: 5219735
  status: 3
  health: 2
  present: true
  level: 86
  scale: 100
  voltage: 3960
  temperature: 232
  technology: Li-ion
Current Battery Service state:
  AC powered: false
  USB powered: false
  Wireless powered: false
  Max charging current: 0
  Max charging voltage: 0
  Charge counter: 5219735
  status: 3
  health: 2
  present: true
  level: 86
  scale: 100
  voltage: 3960
  temperature: 232
  technology: Li-ion
Current Battery Service state:
  AC powered: false
  USB powered: false
  Wireless powered: false
  Max charging current: 0
  Max charging voltage: 0
  Charge counter: 5219735
  status: 3
  health: 2
  present: true
  level: 86
  scale: 100
  voltage: 3960
  temperature: 232
  technology: Li-ion
Current Battery Service state:
  AC powered: false
  USB powered: false
  Wireless powered: false
  Max charging current: 0
  Max charging voltage: 0
  Charge counter: 5219735
  status: 3
  health: 2
  present: true
  level: 86
  scale: 100
  voltage: 3960
  temperature: 232
  technology: Li-ion
Current Battery Service state:
  AC powered: false
  USB powered: false
  Wireless powered: false
  Max charging current: 0
  Max charging voltage: 0
  Charge counter: 5219735
  status: 3
  health: 2
  present: true
  level: 86
  scale: 100
  voltage: 3960
  temperature: 232
  technology: Li-ion
Current Battery Service state:
  AC powered: false
  USB powered: false
  Wireless powered: false
  Max charging current: 0
  Max charging voltage: 0
  Charge counter: 5214592
  status: 3
  health: 2
  present: true
  level: 86
  scale: 100
  voltage: 3958
  temperature: 235
  technology: Li-ion
Current Battery Service state:
  AC powered: false
  USB powered: false
  Wireless powered: false
  Max charging current: 0
  Max charging voltage: 0
  Charge counter: 5214592
  status: 3
  health: 2
  present: true
  level: 86
  scale: 100
  voltage: 3958
  temperature: 235
  technology: Li-ion
Current Battery Service state:
  AC powered: false
  USB powered: false
  Wireless powered: false
  Max charging current: 0
  Max charging voltage: 0
  Charge counter: 5214592
  status: 3
  health: 2
  present: true
  level: 86
  scale: 100
  voltage: 3958
  temperature: 235
  technology: Li-ion
Current Battery Service state:
  AC powered: false
  USB powered: false
  Wireless powered: false
  Max charging current: 0
  Max charging voltage: 0
  Charge counter: 5214592
  status: 3
  health: 2
  present: true
  level: 86
  scale: 100
  voltage: 3958
  temperature: 235
  technology: Li-ion
Current Battery Service state:
  AC powered: false
  USB powered: false
  Wireless powered: false
  Max charging current: 0
  Max charging voltage: 0
  Charge counter: 5214592
  status: 3
  health: 2
  present: true
  level: 86
  scale: 100
  voltage: 3958
  temperature: 235
  technology: Li-ion
Current Battery Service state:
  AC powered: false
  USB powered: false
  Wireless powered: false
  Max charging current: 0
  Max charging voltage: 0
  Charge counter: 5214592
  status: 3
  health: 2
  present: true
  level: 86
  scale: 100
  voltage: 3958
  temperature: 235
  technology: Li-ion
Current Battery Service state:
  AC powered: false
  USB powered: false
  Wireless powered: false
  Max charging current: 0
  Max charging voltage: 0
  Charge counter: 5214592
  status: 3
  health: 2
  present: true
  level: 86
  scale: 100
  voltage: 3958
  temperature: 235
  technology: Li-ion
Current Battery Service state:
  AC powered: false
  USB powered: false
  Wireless powered: false
  Max charging current: 0
  Max charging voltage: 0
  Charge counter: 5214592
  status: 3
  health: 2
  present: true
  level: 86
  scale: 100
  voltage: 3958
  temperature: 235
  technology: Li-ion
Current Battery Service state:
  AC powered: false
  USB powered: false
  Wireless powered: false
  Max charging current: 0
  Max charging voltage: 0
  Charge counter: 5214592
  status: 3
  health: 2
  present: true
  level: 86
  scale: 100
  voltage: 3958
  temperature: 235
  technology: Li-ion
Current Battery Service state:
  AC powered: false
  USB powered: false
  Wireless powered: false
  Max charging current: 0
  Max charging voltage: 0
  Charge counter: 5214592
  status: 3
  health: 2
  present: true
  level: 86
  scale: 100
  voltage: 3958
  temperature: 235
  technology: Li-ion
Current Battery Service state:
  AC powered: false
  USB powered: false
  Wireless powered: false
  Max charging current: 0
  Max charging voltage: 0
  Charge counter: 5209403
  status: 3
  health: 2
  present: true
  level: 86
  scale: 100
  voltage: 3957
  temperature: 232
  technology: Li-ion
Current Battery Service state:
  AC powered: false
  USB powered: false
  Wireless powered: false
  Max charging current: 0
  Max charging voltage: 0
  Charge counter: 5209403
  status: 3
  health: 2
  present: true
  level: 86
  scale: 100
  voltage: 3957
  temperature: 232
  technology: Li-ion
Current Battery Service state:
  AC powered: false
  USB powered: false
  Wireless powered: false
  Max charging current: 0
  Max charging voltage: 0
  Charge counter: 5209403
  status: 3
  health: 2
  present: true
  level: 86
  scale: 100
  voltage: 3957
  temperature: 232
  technology: Li-ion
Current Battery Service state:
  AC powered: false
  USB powered: false
  Wireless powered: false
  Max charging current: 0
  Max charging voltage: 0
  Charge counter: 5209403
  status: 3
  health: 2
  present: true
  level: 86
  scale: 100
  voltage: 3957
  temperature: 232
  technology: Li-ion
Current Battery Service state:
  AC powered: false
  USB powered: false
  Wireless powered: false
  Max charging current: 0
  Max charging voltage: 0
  Charge counter: 5209403
  status: 3
  health: 2
  present: true
  level: 86
  scale: 100
  voltage: 3957
  temperature: 232
  technology: Li-ion
Current Battery Service state:
  AC powered: false
  USB powered: false
  Wireless powered: false
  Max charging current: 0
  Max charging voltage: 0
  Charge counter: 5209403
  status: 3
  health: 2
  present: true
  level: 86
  scale: 100
  voltage: 3957
  temperature: 232
  technology: Li-ion
Current Battery Service state:
  AC powered: false
  USB powered: false
  Wireless powered: false
  Max charging current: 0
  Max charging voltage: 0
  Charge counter: 5209403
  status: 3
  health: 2
  present: true
  level: 86
  scale: 100
  voltage: 3957
  temperature: 232
  technology: Li-ion
Current Battery Service state:
  AC powered: false
  USB powered: false
  Wireless powered: false
  Max charging current: 0
  Max charging voltage: 0
  Charge counter: 5209403
  status: 3
  health: 2
  present: true
  level: 86
  scale: 100
  voltage: 3957
  temperature: 232
  technology: Li-ion
Current Battery Service state:
  AC powered: false
  USB powered: false
  Wireless powered: false
  Max charging current: 0
  Max charging voltage: 0
  Charge counter: 5209403
  status: 3
  health: 2
  present: true
  level: 86
  scale: 100
  voltage: 3957
  temperature: 232
  technology: Li-ion
Current Battery Service state:
  AC powered: false
  USB powered: false
  Wireless powered: false
  Max charging current: 0
  Max charging voltage: 0
  Charge counter: 5209403
  status: 3
  health: 2
  present: true
  level: 86
  scale: 100
  voltage: 3957
  temperature: 232
  technology: Li-ion
Current Battery Service state:
  AC powered: false
  USB powered: false
  Wireless powered: false
  Max charging current: 0
  Max charging voltage: 0
  Charge counter: 5204050
  status: 3
  health: 2
  present: true
  level: 86
  scale: 100
  voltage: 3946
  temperature: 235
  technology: Li-ion
Current Battery Service state:
  AC powered: false
  USB powered: false
  Wireless powered: false
  Max charging current: 0
  Max charging voltage: 0
  Charge counter: 5204050
  status: 3
  health: 2
  present: true
  level: 86
  scale: 100
  voltage: 3946
  temperature: 235
  technology: Li-ion
Current Battery Service state:
  AC powered: false
  USB powered: false
  Wireless powered: false
  Max charging current: 0
  Max charging voltage: 0
  Charge counter: 5204050
  status: 3
  health: 2
  present: true
  level: 86
  scale: 100
  voltage: 3946
  temperature: 235
  technology: Li-ion
Current Battery Service state:
  AC powered: false
  USB powered: false
  Wireless powered: false
  Max charging current: 0
  Max charging voltage: 0
  Charge counter: 5204050
  status: 3
  health: 2
  present: true
  level: 86
  scale: 100
  voltage: 3946
  temperature: 235
  technology: Li-ion
Current Battery Service state:
  AC powered: false
  USB powered: false
  Wireless powered: false
  Max charging current: 0
  Max charging voltage: 0
  Charge counter: 5204050
  status: 3
  health: 2
  present: true
  level: 86
  scale: 100
  voltage: 3946
  temperature: 235
  technology: Li-ion
Current Battery Service state:
  AC powered: false
  USB powered: false
  Wireless powered: false
  Max charging current: 0
  Max charging voltage: 0
  Charge counter: 5204050
  status: 3
  health: 2
  present: true
  level: 86
  scale: 100
  voltage: 3946
  temperature: 235
  technology: Li-ion
Current Battery Service state:
  AC powered: false
  USB powered: false
  Wireless powered: false
  Max charging current: 0
  Max charging voltage: 0
  Charge counter: 5204050
  status: 3
  health: 2
  present: true
  level: 86
  scale: 100
  voltage: 3946
  temperature: 235
  technology: Li-ion
Current Battery Service state:
  AC powered: false
  USB powered: false
  Wireless powered: false
  Max charging current: 0
  Max charging voltage: 0
  Charge counter: 5204050
  status: 3
  health: 2
  present: true
  level: 86
  scale: 100
  voltage: 3946
  temperature: 235
  technology: Li-ion
Current Battery Service state:
  AC powered: false
  USB powered: false
  Wireless powered: false
  Max charging current: 0
  Max charging voltage: 0
  Charge counter: 5204050
  status: 3
  health: 2
  present: true
  level: 86
  scale: 100
  voltage: 3946
  temperature: 235
  technology: Li-ion
Current Battery Service state:
  AC powered: false
  USB powered: false
  Wireless powered: false
  Max charging current: 0
  Max charging voltage: 0
  Charge counter: 5204050
  status: 3
  health: 2
  present: true
  level: 86
  scale: 100
  voltage: 3946
  temperature: 235
  technology: Li-ion
Current Battery Service state:
  AC powered: false
  USB powered: false
  Wireless powered: false
  Max charging current: 0
  Max charging voltage: 0
  Charge counter: 5198837
  status: 3
  health: 2
  present: true
  level: 86
  scale: 100
  voltage: 3955
  temperature: 235
  technology: Li-ion
Current Battery Service state:
  AC powered: false
  USB powered: false
  Wireless powered: false
  Max charging current: 0
  Max charging voltage: 0
  Charge counter: 5198837
  status: 3
  health: 2
  present: true
  level: 86
  scale: 100
  voltage: 3955
  temperature: 235
  technology: Li-ion
Current Battery Service state:
  AC powered: false
  USB powered: false
  Wireless powered: false
  Max charging current: 0
  Max charging voltage: 0
  Charge counter: 5198837
  status: 3
  health: 2
  present: true
  level: 86
  scale: 100
  voltage: 3955
  temperature: 235
  technology: Li-ion
Current Battery Service state:
  AC powered: false
  USB powered: false
  Wireless powered: false
  Max charging current: 0
  Max charging voltage: 0
  Charge counter: 5198837
  status: 3
  health: 2
  present: true
  level: 86
  scale: 100
  voltage: 3955
  temperature: 235
  technology: Li-ion
Current Battery Service state:
  AC powered: false
  USB powered: false
  Wireless powered: false
  Max charging current: 0
  Max charging voltage: 0
  Charge counter: 5198837
  status: 3
  health: 2
  present: true
  level: 86
  scale: 100
  voltage: 3955
  temperature: 235
  technology: Li-ion
Current Battery Service state:
  AC powered: false
  USB powered: false
  Wireless powered: false
  Max charging current: 0
  Max charging voltage: 0
  Charge counter: 5198837
  status: 3
  health: 2
  present: true
  level: 86
  scale: 100
  voltage: 3955
  temperature: 235
  technology: Li-ion
Current Battery Service state:
  AC powered: false
  USB powered: false
  Wireless powered: false
  Max charging current: 0
  Max charging voltage: 0
  Charge counter: 5198837
  status: 3
  health: 2
  present: true
  level: 86
  scale: 100
  voltage: 3955
  temperature: 235
  technology: Li-ion
Current Battery Service state:
  AC powered: false
  USB powered: false
  Wireless powered: false
  Max charging current: 0
  Max charging voltage: 0
  Charge counter: 5198837
  status: 3
  health: 2
  present: true
  level: 86
  scale: 100
  voltage: 3955
  temperature: 235
  technology: Li-ion
Current Battery Service state:
  AC powered: false
  USB powered: false
  Wireless powered: false
  Max charging current: 0
  Max charging voltage: 0
  Charge counter: 5194214
  status: 3
  health: 2
  present: true
  level: 86
  scale: 100
  voltage: 3954
  temperature: 235
  technology: Li-ion
Current Battery Service state:
  AC powered: false
  USB powered: false
  Wireless powered: false
  Max charging current: 0
  Max charging voltage: 0
  Charge counter: 5194214
  status: 3
  health: 2
  present: true
  level: 86
  scale: 100
  voltage: 3954
  temperature: 235
  technology: Li-ion
Current Battery Service state:
  AC powered: false
  USB powered: false
  Wireless powered: false
  Max charging current: 0
  Max charging voltage: 0
  Charge counter: 5193179
  status: 3
  health: 2
  present: true
  level: 86
  scale: 100
  voltage: 3954
  temperature: 235
  technology: Li-ion
Current Battery Service state:
  AC powered: false
  USB powered: false
  Wireless powered: false
  Max charging current: 0
  Max charging voltage: 0
  Charge counter: 5193179
  status: 3
  health: 2
  present: true
  level: 86
  scale: 100
  voltage: 3954
  temperature: 235
  technology: Li-ion
Current Battery Service state:
  AC powered: false
  USB powered: false
  Wireless powered: false
  Max charging current: 0
  Max charging voltage: 0
  Charge counter: 5193179
  status: 3
  health: 2
  present: true
  level: 86
  scale: 100
  voltage: 3954
  temperature: 235
  technology: Li-ion
Current Battery Service state:
  AC powered: false
  USB powered: false
  Wireless powered: false
  Max charging current: 0
  Max charging voltage: 0
  Charge counter: 5193179
  status: 3
  health: 2
  present: true
  level: 86
  scale: 100
  voltage: 3954
  temperature: 235
  technology: Li-ion
Current Battery Service state:
  AC powered: false
  USB powered: false
  Wireless powered: false
  Max charging current: 0
  Max charging voltage: 0
  Charge counter: 5193179
  status: 3
  health: 2
  present: true
  level: 86
  scale: 100
  voltage: 3954
  temperature: 235
  technology: Li-ion
Current Battery Service state:
  AC powered: false
  USB powered: false
  Wireless powered: false
  Max charging current: 0
  Max charging voltage: 0
  Charge counter: 5193179
  status: 3
  health: 2
  present: true
  level: 86
  scale: 100
  voltage: 3954
  temperature: 235
  technology: Li-ion
Current Battery Service state:
  AC powered: false
  USB powered: false
  Wireless powered: false
  Max charging current: 0
  Max charging voltage: 0
  Charge counter: 5193179
  status: 3
  health: 2
  present: true
  level: 86
  scale: 100
  voltage: 3954
  temperature: 235
  technology: Li-ion
Current Battery Service state:
  AC powered: false
  USB powered: false
  Wireless powered: false
  Max charging current: 0
  Max charging voltage: 0
  Charge counter: 5193179
  status: 3
  health: 2
  present: true
  level: 86
  scale: 100
  voltage: 3954
  temperature: 235
  technology: Li-ion
Current Battery Service state:
  AC powered: false
  USB powered: false
  Wireless powered: false
  Max charging current: 0
  Max charging voltage: 0
  Charge counter: 5193179
  status: 3
  health: 2
  present: true
  level: 86
  scale: 100
  voltage: 3954
  temperature: 235
  technology: Li-ion
Current Battery Service state:
  AC powered: false
  USB powered: false
  Wireless powered: false
  Max charging current: 0
  Max charging voltage: 0
  Charge counter: 5193179
  status: 3
  health: 2
  present: true
  level: 86
  scale: 100
  voltage: 3954
  temperature: 235
  technology: Li-ion
Current Battery Service state:
  AC powered: false
  USB powered: false
  Wireless powered: false
  Max charging current: 0
  Max charging voltage: 0
  Charge counter: 5187879
  status: 3
  health: 2
  present: true
  level: 86
  scale: 100
  voltage: 3940
  temperature: 235
  technology: Li-ion
Current Battery Service state:
  AC powered: false
  USB powered: false
  Wireless powered: false
  Max charging current: 0
  Max charging voltage: 0
  Charge counter: 5187879
  status: 3
  health: 2
  present: true
  level: 86
  scale: 100
  voltage: 3940
  temperature: 235
  technology: Li-ion
Current Battery Service state:
  AC powered: false
  USB powered: false
  Wireless powered: false
  Max charging current: 0
  Max charging voltage: 0
  Charge counter: 5187879
  status: 3
  health: 2
  present: true
  level: 86
  scale: 100
  voltage: 3940
  temperature: 235
  technology: Li-ion
Current Battery Service state:
  AC powered: false
  USB powered: false
  Wireless powered: false
  Max charging current: 0
  Max charging voltage: 0
  Charge counter: 5187879
  status: 3
  health: 2
  present: true
  level: 86
  scale: 100
  voltage: 3940
  temperature: 235
  technology: Li-ion
Current Battery Service state:
  AC powered: false
  USB powered: false
  Wireless powered: false
  Max charging current: 0
  Max charging voltage: 0
  Charge counter: 5187879
  status: 3
  health: 2
  present: true
  level: 86
  scale: 100
  voltage: 3940
  temperature: 235
  technology: Li-ion
Current Battery Service state:
  AC powered: false
  USB powered: false
  Wireless powered: false
  Max charging current: 0
  Max charging voltage: 0
  Charge counter: 5187879
  status: 3
  health: 2
  present: true
  level: 86
  scale: 100
  voltage: 3940
  temperature: 235
  technology: Li-ion
Current Battery Service state:
  AC powered: false
  USB powered: false
  Wireless powered: false
  Max charging current: 0
  Max charging voltage: 0
  Charge counter: 5187879
  status: 3
  health: 2
  present: true
  level: 86
  scale: 100
  voltage: 3940
  temperature: 235
  technology: Li-ion
Current Battery Service state:
  AC powered: false
  USB powered: false
  Wireless powered: false
  Max charging current: 0
  Max charging voltage: 0
  Charge counter: 5187879
  status: 3
  health: 2
  present: true
  level: 86
  scale: 100
  voltage: 3940
  temperature: 235
  technology: Li-ion
Current Battery Service state:
  AC powered: false
  USB powered: false
  Wireless powered: false
  Max charging current: 0
  Max charging voltage: 0
  Charge counter: 5187879
  status: 3
  health: 2
  present: true
  level: 86
  scale: 100
  voltage: 3940
  temperature: 235
  technology: Li-ion
Current Battery Service state:
  AC powered: false
  USB powered: false
  Wireless powered: false
  Max charging current: 0
  Max charging voltage: 0
  Charge counter: 5187879
  status: 3
  health: 2
  present: true
  level: 86
  scale: 100
  voltage: 3940
  temperature: 235
  technology: Li-ion
Current Battery Service state:
  AC powered: false
  USB powered: false
  Wireless powered: false
  Max charging current: 0
  Max charging voltage: 0
  Charge counter: 5182510
  status: 3
  health: 2
  present: true
  level: 85
  scale: 100
  voltage: 3950
  temperature: 235
  technology: Li-ion
Current Battery Service state:
  AC powered: false
  USB powered: false
  Wireless powered: false
  Max charging current: 0
  Max charging voltage: 0
  Charge counter: 5182510
  status: 3
  health: 2
  present: true
  level: 85
  scale: 100
  voltage: 3950
  temperature: 235
  technology: Li-ion
Current Battery Service state:
  AC powered: false
  USB powered: false
  Wireless powered: false
  Max charging current: 0
  Max charging voltage: 0
  Charge counter: 5182510
  status: 3
  health: 2
  present: true
  level: 85
  scale: 100
  voltage: 3950
  temperature: 235
  technology: Li-ion
Current Battery Service state:
  AC powered: false
  USB powered: false
  Wireless powered: false
  Max charging current: 0
  Max charging voltage: 0
  Charge counter: 5182510
  status: 3
  health: 2
  present: true
  level: 85
  scale: 100
  voltage: 3950
  temperature: 235
  technology: Li-ion
Current Battery Service state:
  AC powered: false
  USB powered: false
  Wireless powered: false
  Max charging current: 0
  Max charging voltage: 0
  Charge counter: 5180401
  status: 3
  health: 2
  present: true
  level: 85
  scale: 100
  voltage: 3950
  temperature: 235
  technology: Li-ion
Current Battery Service state:
  AC powered: false
  USB powered: false
  Wireless powered: false
  Max charging current: 0
  Max charging voltage: 0
  Charge counter: 5180401
  status: 3
  health: 2
  present: true
  level: 85
  scale: 100
  voltage: 3950
  temperature: 235
  technology: Li-ion
Current Battery Service state:
  AC powered: false
  USB powered: false
  Wireless powered: false
  Max charging current: 0
  Max charging voltage: 0
  Charge counter: 5180401
  status: 3
  health: 2
  present: true
  level: 85
  scale: 100
  voltage: 3950
  temperature: 235
  technology: Li-ion
Current Battery Service state:
  AC powered: false
  USB powered: false
  Wireless powered: false
  Max charging current: 0
  Max charging voltage: 0
  Charge counter: 5180401
  status: 3
  health: 2
  present: true
  level: 85
  scale: 100
  voltage: 3950
  temperature: 235
  technology: Li-ion
Current Battery Service state:
  AC powered: false
  USB powered: false
  Wireless powered: false
  Max charging current: 0
  Max charging voltage: 0
  Charge counter: 5180401
  status: 3
  health: 2
  present: true
  level: 85
  scale: 100
  voltage: 3950
  temperature: 235
  technology: Li-ion
Current Battery Service state:
  AC powered: false
  USB powered: false
  Wireless powered: false
  Max charging current: 0
  Max charging voltage: 0
  Charge counter: 5180401
  status: 3
  health: 2
  present: true
  level: 85
  scale: 100
  voltage: 3950
  temperature: 235
  technology: Li-ion
Current Battery Service state:
  AC powered: false
  USB powered: false
  Wireless powered: false
  Max charging current: 0
  Max charging voltage: 0
  Charge counter: 5177248
  status: 3
  health: 2
  present: true
  level: 85
  scale: 100
  voltage: 3949
  temperature: 235
  technology: Li-ion
Current Battery Service state:
  AC powered: false
  USB powered: false
  Wireless powered: false
  Max charging current: 0
  Max charging voltage: 0
  Charge counter: 5177248
  status: 3
  health: 2
  present: true
  level: 85
  scale: 100
  voltage: 3949
  temperature: 235
  technology: Li-ion
Current Battery Service state:
  AC powered: false
  USB powered: false
  Wireless powered: false
  Max charging current: 0
  Max charging voltage: 0
  Charge counter: 5177248
  status: 3
  health: 2
  present: true
  level: 85
  scale: 100
  voltage: 3949
  temperature: 235
  technology: Li-ion
Current Battery Service state:
  AC powered: false
  USB powered: false
  Wireless powered: false
  Max charging current: 0
  Max charging voltage: 0
  Charge counter: 5177248
  status: 3
  health: 2
  present: true
  level: 85
  scale: 100
  voltage: 3949
  temperature: 235
  technology: Li-ion
Current Battery Service state:
  AC powered: false
  USB powered: false
  Wireless powered: false
  Max charging current: 0
  Max charging voltage: 0
  Charge counter: 5177248
  status: 3
  health: 2
  present: true
  level: 85
  scale: 100
  voltage: 3949
  temperature: 235
  technology: Li-ion
Current Battery Service state:
  AC powered: false
  USB powered: false
  Wireless powered: false
  Max charging current: 0
  Max charging voltage: 0
  Charge counter: 5177248
  status: 3
  health: 2
  present: true
  level: 85
  scale: 100
  voltage: 3949
  temperature: 235
  technology: Li-ion
Current Battery Service state:
  AC powered: false
  USB powered: false
  Wireless powered: false
  Max charging current: 0
  Max charging voltage: 0
  Charge counter: 5177248
  status: 3
  health: 2
  present: true
  level: 85
  scale: 100
  voltage: 3949
  temperature: 235
  technology: Li-ion
Current Battery Service state:
  AC powered: false
  USB powered: false
  Wireless powered: false
  Max charging current: 0
  Max charging voltage: 0
  Charge counter: 5177248
  status: 3
  health: 2
  present: true
  level: 85
  scale: 100
  voltage: 3949
  temperature: 235
  technology: Li-ion
Current Battery Service state:
  AC powered: false
  USB powered: false
  Wireless powered: false
  Max charging current: 0
  Max charging voltage: 0
  Charge counter: 5177248
  status: 3
  health: 2
  present: true
  level: 85
  scale: 100
  voltage: 3949
  temperature: 235
  technology: Li-ion
Current Battery Service state:
  AC powered: false
  USB powered: false
  Wireless powered: false
  Max charging current: 0
  Max charging voltage: 0
  Charge counter: 5177248
  status: 3
  health: 2
  present: true
  level: 85
  scale: 100
  voltage: 3949
  temperature: 235
  technology: Li-ion
Current Battery Service state:
  AC powered: false
  USB powered: false
  Wireless powered: false
  Max charging current: 0
  Max charging voltage: 0
  Charge counter: 5172097
  status: 3
  health: 2
  present: true
  level: 85
  scale: 100
  voltage: 3941
  temperature: 235
  technology: Li-ion
Current Battery Service state:
  AC powered: false
  USB powered: false
  Wireless powered: false
  Max charging current: 0
  Max charging voltage: 0
  Charge counter: 5172097
  status: 3
  health: 2
  present: true
  level: 85
  scale: 100
  voltage: 3941
  temperature: 235
  technology: Li-ion
Current Battery Service state:
  AC powered: false
  USB powered: false
  Wireless powered: false
  Max charging current: 0
  Max charging voltage: 0
  Charge counter: 5172097
  status: 3
  health: 2
  present: true
  level: 85
  scale: 100
  voltage: 3941
  temperature: 235
  technology: Li-ion
Current Battery Service state:
  AC powered: false
  USB powered: false
  Wireless powered: false
  Max charging current: 0
  Max charging voltage: 0
  Charge counter: 5172097
  status: 3
  health: 2
  present: true
  level: 85
  scale: 100
  voltage: 3941
  temperature: 235
  technology: Li-ion
Current Battery Service state:
  AC powered: false
  USB powered: false
  Wireless powered: false
  Max charging current: 0
  Max charging voltage: 0
  Charge counter: 5172097
  status: 3
  health: 2
  present: true
  level: 85
  scale: 100
  voltage: 3941
  temperature: 235
  technology: Li-ion
Current Battery Service state:
  AC powered: false
  USB powered: false
  Wireless powered: false
  Max charging current: 0
  Max charging voltage: 0
  Charge counter: 5172097
  status: 3
  health: 2
  present: true
  level: 85
  scale: 100
  voltage: 3941
  temperature: 235
  technology: Li-ion
Current Battery Service state:
  AC powered: false
  USB powered: false
  Wireless powered: false
  Max charging current: 0
  Max charging voltage: 0
  Charge counter: 5172097
  status: 3
  health: 2
  present: true
  level: 85
  scale: 100
  voltage: 3941
  temperature: 235
  technology: Li-ion
Current Battery Service state:
  AC powered: false
  USB powered: false
  Wireless powered: false
  Max charging current: 0
  Max charging voltage: 0
  Charge counter: 5172097
  status: 3
  health: 2
  present: true
  level: 85
  scale: 100
  voltage: 3941
  temperature: 235
  technology: Li-ion
Current Battery Service state:
  AC powered: false
  USB powered: false
  Wireless powered: false
  Max charging current: 0
  Max charging voltage: 0
  Charge counter: 5172097
  status: 3
  health: 2
  present: true
  level: 85
  scale: 100
  voltage: 3941
  temperature: 235
  technology: Li-ion
