timestamp,id,uuid,load,memoryUtil,memoryTotal,memoryFree,driver,name,serial,display_mode,display_active
1709090447.945043,0,GPU-a71d5fd4-b7db-93b7-1b7a-5a6e2a6a8c65,0.19,0.397265625,10240.0,6172.0,472.12,NVIDIA GeForce RTX 3080,[N/A],Enabled,Enabled
1709090448.950767,0,GPU-a71d5fd4-b7db-93b7-1b7a-5a6e2a6a8c65,0.17,0.55986328125,10240.0,4507.0,472.12,NVIDIA GeForce RTX 3080,[N/A],Enabled,Enabled
1709090449.945091,0,GPU-a71d5fd4-b7db-93b7-1b7a-5a6e2a6a8c65,0.11,0.50498046875,10240.0,5069.0,472.12,NVIDIA GeForce RTX 3080,[N/A],Enabled,Enabled
1709090450.939768,0,GPU-a71d5fd4-b7db-93b7-1b7a-5a6e2a6a8c65,0.1,0.5048828125,10240.0,5070.0,472.12,NVIDIA GeForce RTX 3080,[N/A],Enabled,Enabled
1709090451.950551,0,GPU-a71d5fd4-b7db-93b7-1b7a-5a6e2a6a8c65,0.11,0.5048828125,10240.0,5070.0,472.12,NVIDIA GeForce RTX 3080,[N/A],Enabled,Enabled
1709090452.947227,0,GPU-a71d5fd4-b7db-93b7-1b7a-5a6e2a6a8c65,0.11,0.39248046875,10240.0,6221.0,472.12,NVIDIA GeForce RTX 3080,[N/A],Enabled,Enabled
1709090453.948002,0,GPU-a71d5fd4-b7db-93b7-1b7a-5a6e2a6a8c65,0.2,0.52548828125,10240.0,4859.0,472.12,NVIDIA GeForce RTX 3080,[N/A],Enabled,Enabled
1709090454.943084,0,GPU-a71d5fd4-b7db-93b7-1b7a-5a6e2a6a8c65,0.15,0.45732421875,10240.0,5557.0,472.12,NVIDIA GeForce RTX 3080,[N/A],Enabled,Enabled
1709090455.940137,0,GPU-a71d5fd4-b7db-93b7-1b7a-5a6e2a6a8c65,0.15,0.45732421875,10240.0,5557.0,472.12,NVIDIA GeForce RTX 3080,[N/A],Enabled,Enabled
1709090456.951261,0,GPU-a71d5fd4-b7db-93b7-1b7a-5a6e2a6a8c65,0.15,0.4572265625,10240.0,5558.0,472.12,NVIDIA GeForce RTX 3080,[N/A],Enabled,Enabled
1709090457.947415,0,GPU-a71d5fd4-b7db-93b7-1b7a-5a6e2a6a8c65,0.13,0.5017578125,10240.0,5102.0,472.12,NVIDIA GeForce RTX 3080,[N/A],Enabled,Enabled
1709090458.943447,0,GPU-a71d5fd4-b7db-93b7-1b7a-5a6e2a6a8c65,0.15,0.45830078125,10240.0,5547.0,472.12,NVIDIA GeForce RTX 3080,[N/A],Enabled,Enabled
1709090459.950217,0,GPU-a71d5fd4-b7db-93b7-1b7a-5a6e2a6a8c65,0.15,0.45830078125,10240.0,5547.0,472.12,NVIDIA GeForce RTX 3080,[N/A],Enabled,Enabled
1709090460.947095,0,GPU-a71d5fd4-b7db-93b7-1b7a-5a6e2a6a8c65,0.14,0.45830078125,10240.0,5547.0,472.12,NVIDIA GeForce RTX 3080,[N/A],Enabled,Enabled
1709090461.945004,0,GPU-a71d5fd4-b7db-93b7-1b7a-5a6e2a6a8c65,0.14,0.45458984375,10240.0,5585.0,472.12,NVIDIA GeForce RTX 3080,[N/A],Enabled,Enabled
1709090462.938771,0,GPU-a71d5fd4-b7db-93b7-1b7a-5a6e2a6a8c65,0.15,0.45830078125,10240.0,5547.0,472.12,NVIDIA GeForce RTX 3080,[N/A],Enabled,Enabled
1709090463.947204,0,GPU-a71d5fd4-b7db-93b7-1b7a-5a6e2a6a8c65,0.14,0.45830078125,10240.0,5547.0,472.12,NVIDIA GeForce RTX 3080,[N/A],Enabled,Enabled
1709090464.94392,0,GPU-a71d5fd4-b7db-93b7-1b7a-5a6e2a6a8c65,0.14,0.45458984375,10240.0,5585.0,472.12,NVIDIA GeForce RTX 3080,[N/A],Enabled,Enabled
1709090465.940057,0,GPU-a71d5fd4-b7db-93b7-1b7a-5a6e2a6a8c65,0.15,0.45830078125,10240.0,5547.0,472.12,NVIDIA GeForce RTX 3080,[N/A],Enabled,Enabled
1709090466.946092,0,GPU-a71d5fd4-b7db-93b7-1b7a-5a6e2a6a8c65,0.14,0.45830078125,10240.0,5547.0,472.12,NVIDIA GeForce RTX 3080,[N/A],Enabled,Enabled
1709090467.94289,0,GPU-a71d5fd4-b7db-93b7-1b7a-5a6e2a6a8c65,0.14,0.45458984375,10240.0,5585.0,472.12,NVIDIA GeForce RTX 3080,[N/A],Enabled,Enabled
1709090468.951762,0,GPU-a71d5fd4-b7db-93b7-1b7a-5a6e2a6a8c65,0.13,0.45458984375,10240.0,5585.0,472.12,NVIDIA GeForce RTX 3080,[N/A],Enabled,Enabled
1709090469.938073,0,GPU-a71d5fd4-b7db-93b7-1b7a-5a6e2a6a8c65,0.15,0.45830078125,10240.0,5547.0,472.12,NVIDIA GeForce RTX 3080,[N/A],Enabled,Enabled
1709090470.95184,0,GPU-a71d5fd4-b7db-93b7-1b7a-5a6e2a6a8c65,0.14,0.45458984375,10240.0,5585.0,472.12,NVIDIA GeForce RTX 3080,[N/A],Enabled,Enabled
1709090471.947012,0,GPU-a71d5fd4-b7db-93b7-1b7a-5a6e2a6a8c65,0.15,0.45830078125,10240.0,5547.0,472.12,NVIDIA GeForce RTX 3080,[N/A],Enabled,Enabled
1709090472.940753,0,GPU-a71d5fd4-b7db-93b7-1b7a-5a6e2a6a8c65,0.13,0.45703125,10240.0,5560.0,472.12,NVIDIA GeForce RTX 3080,[N/A],Enabled,Enabled
1709090473.952052,0,GPU-a71d5fd4-b7db-93b7-1b7a-5a6e2a6a8c65,0.18,0.46767578125,10240.0,5451.0,472.12,NVIDIA GeForce RTX 3080,[N/A],Enabled,Enabled
1709090474.945902,0,GPU-a71d5fd4-b7db-93b7-1b7a-5a6e2a6a8c65,0.19,0.46767578125,10240.0,5451.0,472.12,NVIDIA GeForce RTX 3080,[N/A],Enabled,Enabled
1709090475.941028,0,GPU-a71d5fd4-b7db-93b7-1b7a-5a6e2a6a8c65,0.18,0.46767578125,10240.0,5451.0,472.12,NVIDIA GeForce RTX 3080,[N/A],Enabled,Enabled
1709090476.95005,0,GPU-a71d5fd4-b7db-93b7-1b7a-5a6e2a6a8c65,0.18,0.46767578125,10240.0,5451.0,472.12,NVIDIA GeForce RTX 3080,[N/A],Enabled,Enabled
1709090477.941871,0,GPU-a71d5fd4-b7db-93b7-1b7a-5a6e2a6a8c65,0.18,0.46767578125,10240.0,5451.0,472.12,NVIDIA GeForce RTX 3080,[N/A],Enabled,Enabled
1709090478.951655,0,GPU-a71d5fd4-b7db-93b7-1b7a-5a6e2a6a8c65,0.18,0.46767578125,10240.0,5451.0,472.12,NVIDIA GeForce RTX 3080,[N/A],Enabled,Enabled
1709090479.945333,0,GPU-a71d5fd4-b7db-93b7-1b7a-5a6e2a6a8c65,0.18,0.46767578125,10240.0,5451.0,472.12,NVIDIA GeForce RTX 3080,[N/A],Enabled,Enabled
1709090480.93822,0,GPU-a71d5fd4-b7db-93b7-1b7a-5a6e2a6a8c65,0.18,0.46767578125,10240.0,5451.0,472.12,NVIDIA GeForce RTX 3080,[N/A],Enabled,Enabled
1709090481.948118,0,GPU-a71d5fd4-b7db-93b7-1b7a-5a6e2a6a8c65,0.18,0.46767578125,10240.0,5451.0,472.12,NVIDIA GeForce RTX 3080,[N/A],Enabled,Enabled
1709090482.943029,0,GPU-a71d5fd4-b7db-93b7-1b7a-5a6e2a6a8c65,0.18,0.46767578125,10240.0,5451.0,472.12,NVIDIA GeForce RTX 3080,[N/A],Enabled,Enabled
1709090483.949952,0,GPU-a71d5fd4-b7db-93b7-1b7a-5a6e2a6a8c65,0.19,0.46767578125,10240.0,5451.0,472.12,NVIDIA GeForce RTX 3080,[N/A],Enabled,Enabled
1709090484.946788,0,GPU-a71d5fd4-b7db-93b7-1b7a-5a6e2a6a8c65,0.18,0.46767578125,10240.0,5451.0,472.12,NVIDIA GeForce RTX 3080,[N/A],Enabled,Enabled
1709090485.942763,0,GPU-a71d5fd4-b7db-93b7-1b7a-5a6e2a6a8c65,0.17,0.46767578125,10240.0,5451.0,472.12,NVIDIA GeForce RTX 3080,[N/A],Enabled,Enabled
1709090486.940543,0,GPU-a71d5fd4-b7db-93b7-1b7a-5a6e2a6a8c65,0.18,0.46767578125,10240.0,5451.0,472.12,NVIDIA GeForce RTX 3080,[N/A],Enabled,Enabled
1709090487.951884,0,GPU-a71d5fd4-b7db-93b7-1b7a-5a6e2a6a8c65,0.18,0.46767578125,10240.0,5451.0,472.12,NVIDIA GeForce RTX 3080,[N/A],Enabled,Enabled
1709090488.946881,0,GPU-a71d5fd4-b7db-93b7-1b7a-5a6e2a6a8c65,0.19,0.46767578125,10240.0,5451.0,472.12,NVIDIA GeForce RTX 3080,[N/A],Enabled,Enabled
1709090489.940579,0,GPU-a71d5fd4-b7db-93b7-1b7a-5a6e2a6a8c65,0.18,0.46767578125,10240.0,5451.0,472.12,NVIDIA GeForce RTX 3080,[N/A],Enabled,Enabled
1709090490.952086,0,GPU-a71d5fd4-b7db-93b7-1b7a-5a6e2a6a8c65,0.18,0.46767578125,10240.0,5451.0,472.12,NVIDIA GeForce RTX 3080,[N/A],Enabled,Enabled
1709090491.946929,0,GPU-a71d5fd4-b7db-93b7-1b7a-5a6e2a6a8c65,0.17,0.46767578125,10240.0,5451.0,472.12,NVIDIA GeForce RTX 3080,[N/A],Enabled,Enabled
1709090492.943827,0,GPU-a71d5fd4-b7db-93b7-1b7a-5a6e2a6a8c65,0.18,0.46767578125,10240.0,5451.0,472.12,NVIDIA GeForce RTX 3080,[N/A],Enabled,Enabled
1709090493.939806,0,GPU-a71d5fd4-b7db-93b7-1b7a-5a6e2a6a8c65,0.18,0.46767578125,10240.0,5451.0,472.12,NVIDIA GeForce RTX 3080,[N/A],Enabled,Enabled
1709090494.950001,0,GPU-a71d5fd4-b7db-93b7-1b7a-5a6e2a6a8c65,0.18,0.46767578125,10240.0,5451.0,472.12,NVIDIA GeForce RTX 3080,[N/A],Enabled,Enabled
1709090495.943263,0,GPU-a71d5fd4-b7db-93b7-1b7a-5a6e2a6a8c65,0.18,0.4677734375,10240.0,5450.0,472.12,NVIDIA GeForce RTX 3080,[N/A],Enabled,Enabled
1709090496.937806,0,GPU-a71d5fd4-b7db-93b7-1b7a-5a6e2a6a8c65,0.18,0.4677734375,10240.0,5450.0,472.12,NVIDIA GeForce RTX 3080,[N/A],Enabled,Enabled
1709090497.946198,0,GPU-a71d5fd4-b7db-93b7-1b7a-5a6e2a6a8c65,0.17,0.4677734375,10240.0,5450.0,472.12,NVIDIA GeForce RTX 3080,[N/A],Enabled,Enabled
1709090498.939751,0,GPU-a71d5fd4-b7db-93b7-1b7a-5a6e2a6a8c65,0.18,0.4677734375,10240.0,5450.0,472.12,NVIDIA GeForce RTX 3080,[N/A],Enabled,Enabled
1709090499.948799,0,GPU-a71d5fd4-b7db-93b7-1b7a-5a6e2a6a8c65,0.18,0.4677734375,10240.0,5450.0,472.12,NVIDIA GeForce RTX 3080,[N/A],Enabled,Enabled
1709090500.945878,0,GPU-a71d5fd4-b7db-93b7-1b7a-5a6e2a6a8c65,0.18,0.4677734375,10240.0,5450.0,472.12,NVIDIA GeForce RTX 3080,[N/A],Enabled,Enabled
1709090501.944665,0,GPU-a71d5fd4-b7db-93b7-1b7a-5a6e2a6a8c65,0.18,0.4677734375,10240.0,5450.0,472.12,NVIDIA GeForce RTX 3080,[N/A],Enabled,Enabled
1709090502.942901,0,GPU-a71d5fd4-b7db-93b7-1b7a-5a6e2a6a8c65,0.18,0.4677734375,10240.0,5450.0,472.12,NVIDIA GeForce RTX 3080,[N/A],Enabled,Enabled
1709090503.93818,0,GPU-a71d5fd4-b7db-93b7-1b7a-5a6e2a6a8c65,0.17,0.4677734375,10240.0,5450.0,472.12,NVIDIA GeForce RTX 3080,[N/A],Enabled,Enabled
1709090504.94805,0,GPU-a71d5fd4-b7db-93b7-1b7a-5a6e2a6a8c65,0.18,0.4677734375,10240.0,5450.0,472.12,NVIDIA GeForce RTX 3080,[N/A],Enabled,Enabled
1709090505.940469,0,GPU-a71d5fd4-b7db-93b7-1b7a-5a6e2a6a8c65,0.18,0.4677734375,10240.0,5450.0,472.12,NVIDIA GeForce RTX 3080,[N/A],Enabled,Enabled
1709090506.95112,0,GPU-a71d5fd4-b7db-93b7-1b7a-5a6e2a6a8c65,0.18,0.4677734375,10240.0,5450.0,472.12,NVIDIA GeForce RTX 3080,[N/A],Enabled,Enabled
1709090507.946267,0,GPU-a71d5fd4-b7db-93b7-1b7a-5a6e2a6a8c65,0.18,0.4677734375,10240.0,5450.0,472.12,NVIDIA GeForce RTX 3080,[N/A],Enabled,Enabled
1709090508.940557,0,GPU-a71d5fd4-b7db-93b7-1b7a-5a6e2a6a8c65,0.18,0.4677734375,10240.0,5450.0,472.12,NVIDIA GeForce RTX 3080,[N/A],Enabled,Enabled
1709090509.951994,0,GPU-a71d5fd4-b7db-93b7-1b7a-5a6e2a6a8c65,0.19,0.4677734375,10240.0,5450.0,472.12,NVIDIA GeForce RTX 3080,[N/A],Enabled,Enabled
1709090510.947304,0,GPU-a71d5fd4-b7db-93b7-1b7a-5a6e2a6a8c65,0.18,0.4677734375,10240.0,5450.0,472.12,NVIDIA GeForce RTX 3080,[N/A],Enabled,Enabled
1709090511.939973,0,GPU-a71d5fd4-b7db-93b7-1b7a-5a6e2a6a8c65,0.18,0.4677734375,10240.0,5450.0,472.12,NVIDIA GeForce RTX 3080,[N/A],Enabled,Enabled
1709090512.952079,0,GPU-a71d5fd4-b7db-93b7-1b7a-5a6e2a6a8c65,0.19,0.4677734375,10240.0,5450.0,472.12,NVIDIA GeForce RTX 3080,[N/A],Enabled,Enabled
1709090513.946802,0,GPU-a71d5fd4-b7db-93b7-1b7a-5a6e2a6a8c65,0.18,0.4677734375,10240.0,5450.0,472.12,NVIDIA GeForce RTX 3080,[N/A],Enabled,Enabled
1709090514.939969,0,GPU-a71d5fd4-b7db-93b7-1b7a-5a6e2a6a8c65,0.18,0.4677734375,10240.0,5450.0,472.12,NVIDIA GeForce RTX 3080,[N/A],Enabled,Enabled
1709090515.950436,0,GPU-a71d5fd4-b7db-93b7-1b7a-5a6e2a6a8c65,0.19,0.4677734375,10240.0,5450.0,472.12,NVIDIA GeForce RTX 3080,[N/A],Enabled,Enabled
1709090516.944275,0,GPU-a71d5fd4-b7db-93b7-1b7a-5a6e2a6a8c65,0.19,0.4677734375,10240.0,5450.0,472.12,NVIDIA GeForce RTX 3080,[N/A],Enabled,Enabled
1709090517.950584,0,GPU-a71d5fd4-b7db-93b7-1b7a-5a6e2a6a8c65,0.18,0.4677734375,10240.0,5450.0,472.12,NVIDIA GeForce RTX 3080,[N/A],Enabled,Enabled
1709090518.945784,0,GPU-a71d5fd4-b7db-93b7-1b7a-5a6e2a6a8c65,0.19,0.4677734375,10240.0,5450.0,472.12,NVIDIA GeForce RTX 3080,[N/A],Enabled,Enabled
1709090519.939933,0,GPU-a71d5fd4-b7db-93b7-1b7a-5a6e2a6a8c65,0.19,0.4677734375,10240.0,5450.0,472.12,NVIDIA GeForce RTX 3080,[N/A],Enabled,Enabled
1709090520.947915,0,GPU-a71d5fd4-b7db-93b7-1b7a-5a6e2a6a8c65,0.18,0.4677734375,10240.0,5450.0,472.12,NVIDIA GeForce RTX 3080,[N/A],Enabled,Enabled
1709090521.940833,0,GPU-a71d5fd4-b7db-93b7-1b7a-5a6e2a6a8c65,0.18,0.4677734375,10240.0,5450.0,472.12,NVIDIA GeForce RTX 3080,[N/A],Enabled,Enabled
1709090522.949796,0,GPU-a71d5fd4-b7db-93b7-1b7a-5a6e2a6a8c65,0.19,0.4677734375,10240.0,5450.0,472.12,NVIDIA GeForce RTX 3080,[N/A],Enabled,Enabled
1709090523.940682,0,GPU-a71d5fd4-b7db-93b7-1b7a-5a6e2a6a8c65,0.19,0.4677734375,10240.0,5450.0,472.12,NVIDIA GeForce RTX 3080,[N/A],Enabled,Enabled
1709090524.950533,0,GPU-a71d5fd4-b7db-93b7-1b7a-5a6e2a6a8c65,0.19,0.4677734375,10240.0,5450.0,472.12,NVIDIA GeForce RTX 3080,[N/A],Enabled,Enabled
1709090525.944816,0,GPU-a71d5fd4-b7db-93b7-1b7a-5a6e2a6a8c65,0.18,0.4677734375,10240.0,5450.0,472.12,NVIDIA GeForce RTX 3080,[N/A],Enabled,Enabled
1709090526.939939,0,GPU-a71d5fd4-b7db-93b7-1b7a-5a6e2a6a8c65,0.19,0.4677734375,10240.0,5450.0,472.12,NVIDIA GeForce RTX 3080,[N/A],Enabled,Enabled
1709090527.938977,0,GPU-a71d5fd4-b7db-93b7-1b7a-5a6e2a6a8c65,0.19,0.4677734375,10240.0,5450.0,472.12,NVIDIA GeForce RTX 3080,[N/A],Enabled,Enabled
1709090528.949094,0,GPU-a71d5fd4-b7db-93b7-1b7a-5a6e2a6a8c65,0.18,0.4677734375,10240.0,5450.0,472.12,NVIDIA GeForce RTX 3080,[N/A],Enabled,Enabled
1709090529.945209,0,GPU-a71d5fd4-b7db-93b7-1b7a-5a6e2a6a8c65,0.18,0.4677734375,10240.0,5450.0,472.12,NVIDIA GeForce RTX 3080,[N/A],Enabled,Enabled
1709090530.937802,0,GPU-a71d5fd4-b7db-93b7-1b7a-5a6e2a6a8c65,0.18,0.4677734375,10240.0,5450.0,472.12,NVIDIA GeForce RTX 3080,[N/A],Enabled,Enabled
1709090531.93878,0,GPU-a71d5fd4-b7db-93b7-1b7a-5a6e2a6a8c65,0.18,0.4677734375,10240.0,5450.0,472.12,NVIDIA GeForce RTX 3080,[N/A],Enabled,Enabled
1709090532.950086,0,GPU-a71d5fd4-b7db-93b7-1b7a-5a6e2a6a8c65,0.19,0.4677734375,10240.0,5450.0,472.12,NVIDIA GeForce RTX 3080,[N/A],Enabled,Enabled
1709090533.940083,0,GPU-a71d5fd4-b7db-93b7-1b7a-5a6e2a6a8c65,0.19,0.4677734375,10240.0,5450.0,472.12,NVIDIA GeForce RTX 3080,[N/A],Enabled,Enabled
1709090534.945074,0,GPU-a71d5fd4-b7db-93b7-1b7a-5a6e2a6a8c65,0.19,0.4677734375,10240.0,5450.0,472.12,NVIDIA GeForce RTX 3080,[N/A],Enabled,Enabled
1709090535.942651,0,GPU-a71d5fd4-b7db-93b7-1b7a-5a6e2a6a8c65,0.18,0.4677734375,10240.0,5450.0,472.12,NVIDIA GeForce RTX 3080,[N/A],Enabled,Enabled
1709090536.952037,0,GPU-a71d5fd4-b7db-93b7-1b7a-5a6e2a6a8c65,0.18,0.4677734375,10240.0,5450.0,472.12,NVIDIA GeForce RTX 3080,[N/A],Enabled,Enabled
1709090537.950197,0,GPU-a71d5fd4-b7db-93b7-1b7a-5a6e2a6a8c65,0.18,0.4677734375,10240.0,5450.0,472.12,NVIDIA GeForce RTX 3080,[N/A],Enabled,Enabled
1709090538.946065,0,GPU-a71d5fd4-b7db-93b7-1b7a-5a6e2a6a8c65,0.19,0.4677734375,10240.0,5450.0,472.12,NVIDIA GeForce RTX 3080,[N/A],Enabled,Enabled
1709090539.938139,0,GPU-a71d5fd4-b7db-93b7-1b7a-5a6e2a6a8c65,0.18,0.4677734375,10240.0,5450.0,472.12,NVIDIA GeForce RTX 3080,[N/A],Enabled,Enabled
1709090540.947052,0,GPU-a71d5fd4-b7db-93b7-1b7a-5a6e2a6a8c65,0.19,0.4677734375,10240.0,5450.0,472.12,NVIDIA GeForce RTX 3080,[N/A],Enabled,Enabled
1709090541.942671,0,GPU-a71d5fd4-b7db-93b7-1b7a-5a6e2a6a8c65,0.19,0.4677734375,10240.0,5450.0,472.12,NVIDIA GeForce RTX 3080,[N/A],Enabled,Enabled
1709090542.938166,0,GPU-a71d5fd4-b7db-93b7-1b7a-5a6e2a6a8c65,0.18,0.4677734375,10240.0,5450.0,472.12,NVIDIA GeForce RTX 3080,[N/A],Enabled,Enabled
1709090543.949117,0,GPU-a71d5fd4-b7db-93b7-1b7a-5a6e2a6a8c65,0.19,0.4677734375,10240.0,5450.0,472.12,NVIDIA GeForce RTX 3080,[N/A],Enabled,Enabled
1709090544.945858,0,GPU-a71d5fd4-b7db-93b7-1b7a-5a6e2a6a8c65,0.18,0.4677734375,10240.0,5450.0,472.12,NVIDIA GeForce RTX 3080,[N/A],Enabled,Enabled
1709090545.950806,0,GPU-a71d5fd4-b7db-93b7-1b7a-5a6e2a6a8c65,0.19,0.4677734375,10240.0,5450.0,472.12,NVIDIA GeForce RTX 3080,[N/A],Enabled,Enabled
1709090546.947967,0,GPU-a71d5fd4-b7db-93b7-1b7a-5a6e2a6a8c65,0.19,0.4677734375,10240.0,5450.0,472.12,NVIDIA GeForce RTX 3080,[N/A],Enabled,Enabled
1709090547.941774,0,GPU-a71d5fd4-b7db-93b7-1b7a-5a6e2a6a8c65,0.18,0.4677734375,10240.0,5450.0,472.12,NVIDIA GeForce RTX 3080,[N/A],Enabled,Enabled
1709090548.950389,0,GPU-a71d5fd4-b7db-93b7-1b7a-5a6e2a6a8c65,0.19,0.4677734375,10240.0,5450.0,472.12,NVIDIA GeForce RTX 3080,[N/A],Enabled,Enabled
1709090549.94517,0,GPU-a71d5fd4-b7db-93b7-1b7a-5a6e2a6a8c65,0.18,0.4677734375,10240.0,5450.0,472.12,NVIDIA GeForce RTX 3080,[N/A],Enabled,Enabled
1709090550.940048,0,GPU-a71d5fd4-b7db-93b7-1b7a-5a6e2a6a8c65,0.18,0.4677734375,10240.0,5450.0,472.12,NVIDIA GeForce RTX 3080,[N/A],Enabled,Enabled
1709090551.948075,0,GPU-a71d5fd4-b7db-93b7-1b7a-5a6e2a6a8c65,0.18,0.4677734375,10240.0,5450.0,472.12,NVIDIA GeForce RTX 3080,[N/A],Enabled,Enabled
1709090552.944105,0,GPU-a71d5fd4-b7db-93b7-1b7a-5a6e2a6a8c65,0.19,0.4677734375,10240.0,5450.0,472.12,NVIDIA GeForce RTX 3080,[N/A],Enabled,Enabled
1709090553.938802,0,GPU-a71d5fd4-b7db-93b7-1b7a-5a6e2a6a8c65,0.18,0.4677734375,10240.0,5450.0,472.12,NVIDIA GeForce RTX 3080,[N/A],Enabled,Enabled
1709090554.953169,0,GPU-a71d5fd4-b7db-93b7-1b7a-5a6e2a6a8c65,0.18,0.4677734375,10240.0,5450.0,472.12,NVIDIA GeForce RTX 3080,[N/A],Enabled,Enabled
1709090555.941126,0,GPU-a71d5fd4-b7db-93b7-1b7a-5a6e2a6a8c65,0.18,0.4677734375,10240.0,5450.0,472.12,NVIDIA GeForce RTX 3080,[N/A],Enabled,Enabled
1709090556.946688,0,GPU-a71d5fd4-b7db-93b7-1b7a-5a6e2a6a8c65,0.19,0.4677734375,10240.0,5450.0,472.12,NVIDIA GeForce RTX 3080,[N/A],Enabled,Enabled
1709090557.938965,0,GPU-a71d5fd4-b7db-93b7-1b7a-5a6e2a6a8c65,0.18,0.4677734375,10240.0,5450.0,472.12,NVIDIA GeForce RTX 3080,[N/A],Enabled,Enabled
1709090558.951115,0,GPU-a71d5fd4-b7db-93b7-1b7a-5a6e2a6a8c65,0.19,0.4677734375,10240.0,5450.0,472.12,NVIDIA GeForce RTX 3080,[N/A],Enabled,Enabled
1709090559.943924,0,GPU-a71d5fd4-b7db-93b7-1b7a-5a6e2a6a8c65,0.18,0.4677734375,10240.0,5450.0,472.12,NVIDIA GeForce RTX 3080,[N/A],Enabled,Enabled
1709090560.939944,0,GPU-a71d5fd4-b7db-93b7-1b7a-5a6e2a6a8c65,0.19,0.4677734375,10240.0,5450.0,472.12,NVIDIA GeForce RTX 3080,[N/A],Enabled,Enabled
1709090561.95017,0,GPU-a71d5fd4-b7db-93b7-1b7a-5a6e2a6a8c65,0.18,0.4677734375,10240.0,5450.0,472.12,NVIDIA GeForce RTX 3080,[N/A],Enabled,Enabled
1709090562.940839,0,GPU-a71d5fd4-b7db-93b7-1b7a-5a6e2a6a8c65,0.19,0.4677734375,10240.0,5450.0,472.12,NVIDIA GeForce RTX 3080,[N/A],Enabled,Enabled
1709090563.948747,0,GPU-a71d5fd4-b7db-93b7-1b7a-5a6e2a6a8c65,0.18,0.4677734375,10240.0,5450.0,472.12,NVIDIA GeForce RTX 3080,[N/A],Enabled,Enabled
1709090564.946801,0,GPU-a71d5fd4-b7db-93b7-1b7a-5a6e2a6a8c65,0.19,0.4677734375,10240.0,5450.0,472.12,NVIDIA GeForce RTX 3080,[N/A],Enabled,Enabled
1709090565.943984,0,GPU-a71d5fd4-b7db-93b7-1b7a-5a6e2a6a8c65,0.18,0.4677734375,10240.0,5450.0,472.12,NVIDIA GeForce RTX 3080,[N/A],Enabled,Enabled
1709090566.951891,0,GPU-a71d5fd4-b7db-93b7-1b7a-5a6e2a6a8c65,0.18,0.4677734375,10240.0,5450.0,472.12,NVIDIA GeForce RTX 3080,[N/A],Enabled,Enabled
1709090567.950016,0,GPU-a71d5fd4-b7db-93b7-1b7a-5a6e2a6a8c65,0.18,0.4677734375,10240.0,5450.0,472.12,NVIDIA GeForce RTX 3080,[N/A],Enabled,Enabled
1709090568.943853,0,GPU-a71d5fd4-b7db-93b7-1b7a-5a6e2a6a8c65,0.18,0.4677734375,10240.0,5450.0,472.12,NVIDIA GeForce RTX 3080,[N/A],Enabled,Enabled
1709090569.938172,0,GPU-a71d5fd4-b7db-93b7-1b7a-5a6e2a6a8c65,0.18,0.4677734375,10240.0,5450.0,472.12,NVIDIA GeForce RTX 3080,[N/A],Enabled,Enabled
1709090570.946083,0,GPU-a71d5fd4-b7db-93b7-1b7a-5a6e2a6a8c65,0.19,0.4677734375,10240.0,5450.0,472.12,NVIDIA GeForce RTX 3080,[N/A],Enabled,Enabled
1709090571.940527,0,GPU-a71d5fd4-b7db-93b7-1b7a-5a6e2a6a8c65,0.19,0.4677734375,10240.0,5450.0,472.12,NVIDIA GeForce RTX 3080,[N/A],Enabled,Enabled
1709090572.948196,0,GPU-a71d5fd4-b7db-93b7-1b7a-5a6e2a6a8c65,0.18,0.4677734375,10240.0,5450.0,472.12,NVIDIA GeForce RTX 3080,[N/A],Enabled,Enabled
1709090573.941804,0,GPU-a71d5fd4-b7db-93b7-1b7a-5a6e2a6a8c65,0.18,0.4677734375,10240.0,5450.0,472.12,NVIDIA GeForce RTX 3080,[N/A],Enabled,Enabled
1709090574.948851,0,GPU-a71d5fd4-b7db-93b7-1b7a-5a6e2a6a8c65,0.19,0.4677734375,10240.0,5450.0,472.12,NVIDIA GeForce RTX 3080,[N/A],Enabled,Enabled
1709090575.942814,0,GPU-a71d5fd4-b7db-93b7-1b7a-5a6e2a6a8c65,0.18,0.4677734375,10240.0,5450.0,472.12,NVIDIA GeForce RTX 3080,[N/A],Enabled,Enabled
1709090576.938249,0,GPU-a71d5fd4-b7db-93b7-1b7a-5a6e2a6a8c65,0.19,0.4677734375,10240.0,5450.0,472.12,NVIDIA GeForce RTX 3080,[N/A],Enabled,Enabled
1709090577.950567,0,GPU-a71d5fd4-b7db-93b7-1b7a-5a6e2a6a8c65,0.18,0.4677734375,10240.0,5450.0,472.12,NVIDIA GeForce RTX 3080,[N/A],Enabled,Enabled
1709090578.943838,0,GPU-a71d5fd4-b7db-93b7-1b7a-5a6e2a6a8c65,0.18,0.4677734375,10240.0,5450.0,472.12,NVIDIA GeForce RTX 3080,[N/A],Enabled,Enabled
1709090579.951513,0,GPU-a71d5fd4-b7db-93b7-1b7a-5a6e2a6a8c65,0.18,0.4677734375,10240.0,5450.0,472.12,NVIDIA GeForce RTX 3080,[N/A],Enabled,Enabled
1709090580.947114,0,GPU-a71d5fd4-b7db-93b7-1b7a-5a6e2a6a8c65,0.18,0.4677734375,10240.0,5450.0,472.12,NVIDIA GeForce RTX 3080,[N/A],Enabled,Enabled
1709090581.945116,0,GPU-a71d5fd4-b7db-93b7-1b7a-5a6e2a6a8c65,0.18,0.4677734375,10240.0,5450.0,472.12,NVIDIA GeForce RTX 3080,[N/A],Enabled,Enabled
1709090582.939749,0,GPU-a71d5fd4-b7db-93b7-1b7a-5a6e2a6a8c65,0.18,0.4677734375,10240.0,5450.0,472.12,NVIDIA GeForce RTX 3080,[N/A],Enabled,Enabled
1709090583.950039,0,GPU-a71d5fd4-b7db-93b7-1b7a-5a6e2a6a8c65,0.18,0.4677734375,10240.0,5450.0,472.12,NVIDIA GeForce RTX 3080,[N/A],Enabled,Enabled
1709090584.945764,0,GPU-a71d5fd4-b7db-93b7-1b7a-5a6e2a6a8c65,0.18,0.4677734375,10240.0,5450.0,472.12,NVIDIA GeForce RTX 3080,[N/A],Enabled,Enabled
1709090585.941035,0,GPU-a71d5fd4-b7db-93b7-1b7a-5a6e2a6a8c65,0.18,0.4677734375,10240.0,5450.0,472.12,NVIDIA GeForce RTX 3080,[N/A],Enabled,Enabled
1709090586.950792,0,GPU-a71d5fd4-b7db-93b7-1b7a-5a6e2a6a8c65,0.18,0.4677734375,10240.0,5450.0,472.12,NVIDIA GeForce RTX 3080,[N/A],Enabled,Enabled
1709090587.944996,0,GPU-a71d5fd4-b7db-93b7-1b7a-5a6e2a6a8c65,0.19,0.4677734375,10240.0,5450.0,472.12,NVIDIA GeForce RTX 3080,[N/A],Enabled,Enabled
1709090588.940239,0,GPU-a71d5fd4-b7db-93b7-1b7a-5a6e2a6a8c65,0.18,0.4677734375,10240.0,5450.0,472.12,NVIDIA GeForce RTX 3080,[N/A],Enabled,Enabled
1709090589.938151,0,GPU-a71d5fd4-b7db-93b7-1b7a-5a6e2a6a8c65,0.19,0.4677734375,10240.0,5450.0,472.12,NVIDIA GeForce RTX 3080,[N/A],Enabled,Enabled
1709090590.94803,0,GPU-a71d5fd4-b7db-93b7-1b7a-5a6e2a6a8c65,0.18,0.4677734375,10240.0,5450.0,472.12,NVIDIA GeForce RTX 3080,[N/A],Enabled,Enabled
1709090591.944774,0,GPU-a71d5fd4-b7db-93b7-1b7a-5a6e2a6a8c65,0.19,0.4677734375,10240.0,5450.0,472.12,NVIDIA GeForce RTX 3080,[N/A],Enabled,Enabled
1709090592.937827,0,GPU-a71d5fd4-b7db-93b7-1b7a-5a6e2a6a8c65,0.19,0.4677734375,10240.0,5450.0,472.12,NVIDIA GeForce RTX 3080,[N/A],Enabled,Enabled
1709090593.947056,0,GPU-a71d5fd4-b7db-93b7-1b7a-5a6e2a6a8c65,0.18,0.4677734375,10240.0,5450.0,472.12,NVIDIA GeForce RTX 3080,[N/A],Enabled,Enabled
1709090594.94073,0,GPU-a71d5fd4-b7db-93b7-1b7a-5a6e2a6a8c65,0.19,0.4677734375,10240.0,5450.0,472.12,NVIDIA GeForce RTX 3080,[N/A],Enabled,Enabled
1709090595.938983,0,GPU-a71d5fd4-b7db-93b7-1b7a-5a6e2a6a8c65,0.18,0.4677734375,10240.0,5450.0,472.12,NVIDIA GeForce RTX 3080,[N/A],Enabled,Enabled
1709090596.945173,0,GPU-a71d5fd4-b7db-93b7-1b7a-5a6e2a6a8c65,0.18,0.4677734375,10240.0,5450.0,472.12,NVIDIA GeForce RTX 3080,[N/A],Enabled,Enabled
1709090597.94019,0,GPU-a71d5fd4-b7db-93b7-1b7a-5a6e2a6a8c65,0.19,0.4677734375,10240.0,5450.0,472.12,NVIDIA GeForce RTX 3080,[N/A],Enabled,Enabled
1709090598.949359,0,GPU-a71d5fd4-b7db-93b7-1b7a-5a6e2a6a8c65,0.19,0.4677734375,10240.0,5450.0,472.12,NVIDIA GeForce RTX 3080,[N/A],Enabled,Enabled
1709090599.946101,0,GPU-a71d5fd4-b7db-93b7-1b7a-5a6e2a6a8c65,0.19,0.4677734375,10240.0,5450.0,472.12,NVIDIA GeForce RTX 3080,[N/A],Enabled,Enabled
1709090600.938742,0,GPU-a71d5fd4-b7db-93b7-1b7a-5a6e2a6a8c65,0.19,0.4677734375,10240.0,5450.0,472.12,NVIDIA GeForce RTX 3080,[N/A],Enabled,Enabled
1709090601.949147,0,GPU-a71d5fd4-b7db-93b7-1b7a-5a6e2a6a8c65,0.18,0.4677734375,10240.0,5450.0,472.12,NVIDIA GeForce RTX 3080,[N/A],Enabled,Enabled
1709090602.942771,0,GPU-a71d5fd4-b7db-93b7-1b7a-5a6e2a6a8c65,0.18,0.4677734375,10240.0,5450.0,472.12,NVIDIA GeForce RTX 3080,[N/A],Enabled,Enabled
1709090603.950237,0,GPU-a71d5fd4-b7db-93b7-1b7a-5a6e2a6a8c65,0.18,0.4677734375,10240.0,5450.0,472.12,NVIDIA GeForce RTX 3080,[N/A],Enabled,Enabled
1709090604.946933,0,GPU-a71d5fd4-b7db-93b7-1b7a-5a6e2a6a8c65,0.19,0.4677734375,10240.0,5450.0,472.12,NVIDIA GeForce RTX 3080,[N/A],Enabled,Enabled
1709090605.940078,0,GPU-a71d5fd4-b7db-93b7-1b7a-5a6e2a6a8c65,0.18,0.4677734375,10240.0,5450.0,472.12,NVIDIA GeForce RTX 3080,[N/A],Enabled,Enabled
1709090606.94977,0,GPU-a71d5fd4-b7db-93b7-1b7a-5a6e2a6a8c65,0.18,0.4677734375,10240.0,5450.0,472.12,NVIDIA GeForce RTX 3080,[N/A],Enabled,Enabled
1709090607.943182,0,GPU-a71d5fd4-b7db-93b7-1b7a-5a6e2a6a8c65,0.18,0.4677734375,10240.0,5450.0,472.12,NVIDIA GeForce RTX 3080,[N/A],Enabled,Enabled
1709090608.937716,0,GPU-a71d5fd4-b7db-93b7-1b7a-5a6e2a6a8c65,0.18,0.4677734375,10240.0,5450.0,472.12,NVIDIA GeForce RTX 3080,[N/A],Enabled,Enabled
1709090609.945999,0,GPU-a71d5fd4-b7db-93b7-1b7a-5a6e2a6a8c65,0.18,0.4677734375,10240.0,5450.0,472.12,NVIDIA GeForce RTX 3080,[N/A],Enabled,Enabled
1709090610.941876,0,GPU-a71d5fd4-b7db-93b7-1b7a-5a6e2a6a8c65,0.19,0.4677734375,10240.0,5450.0,472.12,NVIDIA GeForce RTX 3080,[N/A],Enabled,Enabled
1709090611.951794,0,GPU-a71d5fd4-b7db-93b7-1b7a-5a6e2a6a8c65,0.19,0.4677734375,10240.0,5450.0,472.12,NVIDIA GeForce RTX 3080,[N/A],Enabled,Enabled
1709090612.947103,0,GPU-a71d5fd4-b7db-93b7-1b7a-5a6e2a6a8c65,0.19,0.4677734375,10240.0,5450.0,472.12,NVIDIA GeForce RTX 3080,[N/A],Enabled,Enabled
1709090613.947056,0,GPU-a71d5fd4-b7db-93b7-1b7a-5a6e2a6a8c65,0.18,0.4677734375,10240.0,5450.0,472.12,NVIDIA GeForce RTX 3080,[N/A],Enabled,Enabled
1709090614.944757,0,GPU-a71d5fd4-b7db-93b7-1b7a-5a6e2a6a8c65,0.18,0.4677734375,10240.0,5450.0,472.12,NVIDIA GeForce RTX 3080,[N/A],Enabled,Enabled
1709090615.938939,0,GPU-a71d5fd4-b7db-93b7-1b7a-5a6e2a6a8c65,0.19,0.4677734375,10240.0,5450.0,472.12,NVIDIA GeForce RTX 3080,[N/A],Enabled,Enabled
1709090616.939149,0,GPU-a71d5fd4-b7db-93b7-1b7a-5a6e2a6a8c65,0.18,0.4677734375,10240.0,5450.0,472.12,NVIDIA GeForce RTX 3080,[N/A],Enabled,Enabled
1709090617.945736,0,GPU-a71d5fd4-b7db-93b7-1b7a-5a6e2a6a8c65,0.18,0.4677734375,10240.0,5450.0,472.12,NVIDIA GeForce RTX 3080,[N/A],Enabled,Enabled
1709090618.95201,0,GPU-a71d5fd4-b7db-93b7-1b7a-5a6e2a6a8c65,0.18,0.4677734375,10240.0,5450.0,472.12,NVIDIA GeForce RTX 3080,[N/A],Enabled,Enabled
1709090619.950139,0,GPU-a71d5fd4-b7db-93b7-1b7a-5a6e2a6a8c65,0.17,0.4677734375,10240.0,5450.0,472.12,NVIDIA GeForce RTX 3080,[N/A],Enabled,Enabled
1709090620.94074,0,GPU-a71d5fd4-b7db-93b7-1b7a-5a6e2a6a8c65,0.18,0.4677734375,10240.0,5450.0,472.12,NVIDIA GeForce RTX 3080,[N/A],Enabled,Enabled
1709090621.951713,0,GPU-a71d5fd4-b7db-93b7-1b7a-5a6e2a6a8c65,0.18,0.4677734375,10240.0,5450.0,472.12,NVIDIA GeForce RTX 3080,[N/A],Enabled,Enabled
1709090622.946064,0,GPU-a71d5fd4-b7db-93b7-1b7a-5a6e2a6a8c65,0.18,0.4677734375,10240.0,5450.0,472.12,NVIDIA GeForce RTX 3080,[N/A],Enabled,Enabled
1709090623.940904,0,GPU-a71d5fd4-b7db-93b7-1b7a-5a6e2a6a8c65,0.17,0.4677734375,10240.0,5450.0,472.12,NVIDIA GeForce RTX 3080,[N/A],Enabled,Enabled
1709090624.948746,0,GPU-a71d5fd4-b7db-93b7-1b7a-5a6e2a6a8c65,0.18,0.4677734375,10240.0,5450.0,472.12,NVIDIA GeForce RTX 3080,[N/A],Enabled,Enabled
1709090625.945919,0,GPU-a71d5fd4-b7db-93b7-1b7a-5a6e2a6a8c65,0.18,0.4677734375,10240.0,5450.0,472.12,NVIDIA GeForce RTX 3080,[N/A],Enabled,Enabled
1709090626.940765,0,GPU-a71d5fd4-b7db-93b7-1b7a-5a6e2a6a8c65,0.19,0.4677734375,10240.0,5450.0,472.12,NVIDIA GeForce RTX 3080,[N/A],Enabled,Enabled
1709090627.950662,0,GPU-a71d5fd4-b7db-93b7-1b7a-5a6e2a6a8c65,0.19,0.4677734375,10240.0,5450.0,472.12,NVIDIA GeForce RTX 3080,[N/A],Enabled,Enabled
1709090628.94526,0,GPU-a71d5fd4-b7db-93b7-1b7a-5a6e2a6a8c65,0.19,0.4677734375,10240.0,5450.0,472.12,NVIDIA GeForce RTX 3080,[N/A],Enabled,Enabled
1709090629.950893,0,GPU-a71d5fd4-b7db-93b7-1b7a-5a6e2a6a8c65,0.18,0.4677734375,10240.0,5450.0,472.12,NVIDIA GeForce RTX 3080,[N/A],Enabled,Enabled
1709090630.945514,0,GPU-a71d5fd4-b7db-93b7-1b7a-5a6e2a6a8c65,0.18,0.4677734375,10240.0,5450.0,472.12,NVIDIA GeForce RTX 3080,[N/A],Enabled,Enabled
1709090631.939383,0,GPU-a71d5fd4-b7db-93b7-1b7a-5a6e2a6a8c65,0.19,0.4677734375,10240.0,5450.0,472.12,NVIDIA GeForce RTX 3080,[N/A],Enabled,Enabled
1709090632.947402,0,GPU-a71d5fd4-b7db-93b7-1b7a-5a6e2a6a8c65,0.19,0.4677734375,10240.0,5450.0,472.12,NVIDIA GeForce RTX 3080,[N/A],Enabled,Enabled
1709090633.940854,0,GPU-a71d5fd4-b7db-93b7-1b7a-5a6e2a6a8c65,0.19,0.4677734375,10240.0,5450.0,472.12,NVIDIA GeForce RTX 3080,[N/A],Enabled,Enabled
1709090634.949747,0,GPU-a71d5fd4-b7db-93b7-1b7a-5a6e2a6a8c65,0.19,0.4677734375,10240.0,5450.0,472.12,NVIDIA GeForce RTX 3080,[N/A],Enabled,Enabled
1709090635.946897,0,GPU-a71d5fd4-b7db-93b7-1b7a-5a6e2a6a8c65,0.18,0.4677734375,10240.0,5450.0,472.12,NVIDIA GeForce RTX 3080,[N/A],Enabled,Enabled
1709090636.942981,0,GPU-a71d5fd4-b7db-93b7-1b7a-5a6e2a6a8c65,0.18,0.4677734375,10240.0,5450.0,472.12,NVIDIA GeForce RTX 3080,[N/A],Enabled,Enabled
1709090637.938661,0,GPU-a71d5fd4-b7db-93b7-1b7a-5a6e2a6a8c65,0.18,0.4677734375,10240.0,5450.0,472.12,NVIDIA GeForce RTX 3080,[N/A],Enabled,Enabled
1709090638.950838,0,GPU-a71d5fd4-b7db-93b7-1b7a-5a6e2a6a8c65,0.19,0.4677734375,10240.0,5450.0,472.12,NVIDIA GeForce RTX 3080,[N/A],Enabled,Enabled
1709090639.945345,0,GPU-a71d5fd4-b7db-93b7-1b7a-5a6e2a6a8c65,0.19,0.4677734375,10240.0,5450.0,472.12,NVIDIA GeForce RTX 3080,[N/A],Enabled,Enabled
1709090640.941884,0,GPU-a71d5fd4-b7db-93b7-1b7a-5a6e2a6a8c65,0.18,0.4677734375,10240.0,5450.0,472.12,NVIDIA GeForce RTX 3080,[N/A],Enabled,Enabled
1709090641.937902,0,GPU-a71d5fd4-b7db-93b7-1b7a-5a6e2a6a8c65,0.18,0.4677734375,10240.0,5450.0,472.12,NVIDIA GeForce RTX 3080,[N/A],Enabled,Enabled
1709090642.948199,0,GPU-a71d5fd4-b7db-93b7-1b7a-5a6e2a6a8c65,0.18,0.4677734375,10240.0,5450.0,472.12,NVIDIA GeForce RTX 3080,[N/A],Enabled,Enabled
1709090643.942661,0,GPU-a71d5fd4-b7db-93b7-1b7a-5a6e2a6a8c65,0.18,0.4677734375,10240.0,5450.0,472.12,NVIDIA GeForce RTX 3080,[N/A],Enabled,Enabled
1709090644.940126,0,GPU-a71d5fd4-b7db-93b7-1b7a-5a6e2a6a8c65,0.19,0.4677734375,10240.0,5450.0,472.12,NVIDIA GeForce RTX 3080,[N/A],Enabled,Enabled
1709090645.950385,0,GPU-a71d5fd4-b7db-93b7-1b7a-5a6e2a6a8c65,0.19,0.4677734375,10240.0,5450.0,472.12,NVIDIA GeForce RTX 3080,[N/A],Enabled,Enabled
1709090646.946545,0,GPU-a71d5fd4-b7db-93b7-1b7a-5a6e2a6a8c65,0.19,0.4677734375,10240.0,5450.0,472.12,NVIDIA GeForce RTX 3080,[N/A],Enabled,Enabled
1709090647.940153,0,GPU-a71d5fd4-b7db-93b7-1b7a-5a6e2a6a8c65,0.18,0.4677734375,10240.0,5450.0,472.12,NVIDIA GeForce RTX 3080,[N/A],Enabled,Enabled
1709090648.949446,0,GPU-a71d5fd4-b7db-93b7-1b7a-5a6e2a6a8c65,0.19,0.4677734375,10240.0,5450.0,472.12,NVIDIA GeForce RTX 3080,[N/A],Enabled,Enabled
1709090649.942798,0,GPU-a71d5fd4-b7db-93b7-1b7a-5a6e2a6a8c65,0.18,0.4677734375,10240.0,5450.0,472.12,NVIDIA GeForce RTX 3080,[N/A],Enabled,Enabled
1709090650.937163,0,GPU-a71d5fd4-b7db-93b7-1b7a-5a6e2a6a8c65,0.19,0.4677734375,10240.0,5450.0,472.12,NVIDIA GeForce RTX 3080,[N/A],Enabled,Enabled
1709090651.948684,0,GPU-a71d5fd4-b7db-93b7-1b7a-5a6e2a6a8c65,0.19,0.4677734375,10240.0,5450.0,472.12,NVIDIA GeForce RTX 3080,[N/A],Enabled,Enabled
1709090652.94089,0,GPU-a71d5fd4-b7db-93b7-1b7a-5a6e2a6a8c65,0.19,0.4677734375,10240.0,5450.0,472.12,NVIDIA GeForce RTX 3080,[N/A],Enabled,Enabled
1709090653.950883,0,GPU-a71d5fd4-b7db-93b7-1b7a-5a6e2a6a8c65,0.18,0.4677734375,10240.0,5450.0,472.12,NVIDIA GeForce RTX 3080,[N/A],Enabled,Enabled
1709090654.943933,0,GPU-a71d5fd4-b7db-93b7-1b7a-5a6e2a6a8c65,0.18,0.4677734375,10240.0,5450.0,472.12,NVIDIA GeForce RTX 3080,[N/A],Enabled,Enabled
1709090655.940379,0,GPU-a71d5fd4-b7db-93b7-1b7a-5a6e2a6a8c65,0.18,0.4677734375,10240.0,5450.0,472.12,NVIDIA GeForce RTX 3080,[N/A],Enabled,Enabled
1709090656.950265,0,GPU-a71d5fd4-b7db-93b7-1b7a-5a6e2a6a8c65,0.19,0.4677734375,10240.0,5450.0,472.12,NVIDIA GeForce RTX 3080,[N/A],Enabled,Enabled
1709090657.94052,0,GPU-a71d5fd4-b7db-93b7-1b7a-5a6e2a6a8c65,0.18,0.4677734375,10240.0,5450.0,472.12,NVIDIA GeForce RTX 3080,[N/A],Enabled,Enabled
1709090658.948067,0,GPU-a71d5fd4-b7db-93b7-1b7a-5a6e2a6a8c65,0.19,0.4677734375,10240.0,5450.0,472.12,NVIDIA GeForce RTX 3080,[N/A],Enabled,Enabled
1709090659.942747,0,GPU-a71d5fd4-b7db-93b7-1b7a-5a6e2a6a8c65,0.18,0.4677734375,10240.0,5450.0,472.12,NVIDIA GeForce RTX 3080,[N/A],Enabled,Enabled
1709090660.939369,0,GPU-a71d5fd4-b7db-93b7-1b7a-5a6e2a6a8c65,0.19,0.4677734375,10240.0,5450.0,472.12,NVIDIA GeForce RTX 3080,[N/A],Enabled,Enabled
1709090661.950178,0,GPU-a71d5fd4-b7db-93b7-1b7a-5a6e2a6a8c65,0.18,0.4677734375,10240.0,5450.0,472.12,NVIDIA GeForce RTX 3080,[N/A],Enabled,Enabled
1709090662.946879,0,GPU-a71d5fd4-b7db-93b7-1b7a-5a6e2a6a8c65,0.18,0.4677734375,10240.0,5450.0,472.12,NVIDIA GeForce RTX 3080,[N/A],Enabled,Enabled
1709090663.94091,0,GPU-a71d5fd4-b7db-93b7-1b7a-5a6e2a6a8c65,0.13,0.4591796875,10240.0,5538.0,472.12,NVIDIA GeForce RTX 3080,[N/A],Enabled,Enabled
1709090664.938125,0,GPU-a71d5fd4-b7db-93b7-1b7a-5a6e2a6a8c65,0.16,0.4591796875,10240.0,5538.0,472.12,NVIDIA GeForce RTX 3080,[N/A],Enabled,Enabled
1709090665.945788,0,GPU-a71d5fd4-b7db-93b7-1b7a-5a6e2a6a8c65,0.15,0.4591796875,10240.0,5538.0,472.12,NVIDIA GeForce RTX 3080,[N/A],Enabled,Enabled
1709090666.944324,0,GPU-a71d5fd4-b7db-93b7-1b7a-5a6e2a6a8c65,0.14,0.45546875,10240.0,5576.0,472.12,NVIDIA GeForce RTX 3080,[N/A],Enabled,Enabled
1709090667.951517,0,GPU-a71d5fd4-b7db-93b7-1b7a-5a6e2a6a8c65,0.14,0.4591796875,10240.0,5538.0,472.12,NVIDIA GeForce RTX 3080,[N/A],Enabled,Enabled
1709090668.950436,0,GPU-a71d5fd4-b7db-93b7-1b7a-5a6e2a6a8c65,0.14,0.45546875,10240.0,5576.0,472.12,NVIDIA GeForce RTX 3080,[N/A],Enabled,Enabled
1709090669.947959,0,GPU-a71d5fd4-b7db-93b7-1b7a-5a6e2a6a8c65,0.14,0.45546875,10240.0,5576.0,472.12,NVIDIA GeForce RTX 3080,[N/A],Enabled,Enabled
1709090670.942737,0,GPU-a71d5fd4-b7db-93b7-1b7a-5a6e2a6a8c65,0.17,0.39365234375,10240.0,6209.0,472.12,NVIDIA GeForce RTX 3080,[N/A],Enabled,Enabled
1709090671.950219,0,GPU-a71d5fd4-b7db-93b7-1b7a-5a6e2a6a8c65,0.16,0.39365234375,10240.0,6209.0,472.12,NVIDIA GeForce RTX 3080,[N/A],Enabled,Enabled
1709090672.941132,0,GPU-a71d5fd4-b7db-93b7-1b7a-5a6e2a6a8c65,0.15,0.39365234375,10240.0,6209.0,472.12,NVIDIA GeForce RTX 3080,[N/A],Enabled,Enabled
1709090673.94974,0,GPU-a71d5fd4-b7db-93b7-1b7a-5a6e2a6a8c65,0.15,0.39365234375,10240.0,6209.0,472.12,NVIDIA GeForce RTX 3080,[N/A],Enabled,Enabled
1709090674.941794,0,GPU-a71d5fd4-b7db-93b7-1b7a-5a6e2a6a8c65,0.15,0.39365234375,10240.0,6209.0,472.12,NVIDIA GeForce RTX 3080,[N/A],Enabled,Enabled
1709090675.948123,0,GPU-a71d5fd4-b7db-93b7-1b7a-5a6e2a6a8c65,0.14,0.39365234375,10240.0,6209.0,472.12,NVIDIA GeForce RTX 3080,[N/A],Enabled,Enabled
1709090676.940458,0,GPU-a71d5fd4-b7db-93b7-1b7a-5a6e2a6a8c65,0.14,0.39365234375,10240.0,6209.0,472.12,NVIDIA GeForce RTX 3080,[N/A],Enabled,Enabled
1709090677.950812,0,GPU-a71d5fd4-b7db-93b7-1b7a-5a6e2a6a8c65,0.15,0.39365234375,10240.0,6209.0,472.12,NVIDIA GeForce RTX 3080,[N/A],Enabled,Enabled
1709090678.942023,0,GPU-a71d5fd4-b7db-93b7-1b7a-5a6e2a6a8c65,0.14,0.39365234375,10240.0,6209.0,472.12,NVIDIA GeForce RTX 3080,[N/A],Enabled,Enabled
