02-28 13:44:08.743  5649  5649 I BatteryMgr:DataCollectionService: onStartCommand: begin
02-28 13:44:08.743  5649  5649 I BatteryMgr:DataCollectionService: onStartCommand: sampleRate => 1000
02-28 13:44:08.743  5649  5649 I BatteryMgr:DataCollectionService: onStartCommand: rawFields => Timestamp,BATTERY_PROPERTY_CURRENT_NOW,EXTRA_VOLTAGE
02-28 13:44:08.744  5649  5649 I BatteryMgr:DataCollectionService: onStartCommand: notification done
02-28 13:44:08.746  5649  5649 I BatteryMgr:DataCollectionService: started foreground
02-28 13:44:08.749  5649  6439 I BatteryMgr:DataCollectionService: collectData: begin
02-28 13:44:08.750  5649  6439 I BatteryMgr:DataCollectionService: stats => 1709124248750,-1979979,3594
02-28 13:44:09.753  5649  6439 I BatteryMgr:DataCollectionService: stats => 1709124249753,-1937499,3594
02-28 13:44:10.755  5649  6439 I BatteryMgr:DataCollectionService: stats => 1709124250755,-1984862,3594
02-28 13:44:11.757  5649  6439 I BatteryMgr:DataCollectionService: stats => 1709124251757,-1519530,3629
02-28 13:44:12.760  5649  6439 I BatteryMgr:DataCollectionService: stats => 1709124252760,-1517577,3629
02-28 13:44:13.762  5649  6439 I BatteryMgr:DataCollectionService: stats => 1709124253762,-1513671,3629
02-28 13:44:14.764  5649  6439 I BatteryMgr:DataCollectionService: stats => 1709124254764,-1517577,3629
02-28 13:44:15.766  5649  6439 I BatteryMgr:DataCollectionService: stats => 1709124255766,-1516600,3629
02-28 13:44:16.768  5649  6439 I BatteryMgr:DataCollectionService: stats => 1709124256768,-1491698,3631
02-28 13:44:17.770  5649  6439 I BatteryMgr:DataCollectionService: stats => 1709124257770,-1961913,3631
02-28 13:44:18.773  5649  6439 I BatteryMgr:DataCollectionService: stats => 1709124258773,-2041991,3631
02-28 13:44:19.775  5649  6439 I BatteryMgr:DataCollectionService: stats => 1709124259775,-2036131,3631
02-28 13:44:20.777  5649  6439 I BatteryMgr:DataCollectionService: stats => 1709124260777,-2021483,3603
02-28 13:44:21.779  5649  6439 I BatteryMgr:DataCollectionService: stats => 1709124261779,-2020995,3603
02-28 13:44:22.781  5649  6439 I BatteryMgr:DataCollectionService: stats => 1709124262781,-1961913,3603
02-28 13:44:23.783  5649  6439 I BatteryMgr:DataCollectionService: stats => 1709124263783,-1506835,3603
02-28 13:44:24.785  5649  6439 I BatteryMgr:DataCollectionService: stats => 1709124264785,-2026366,3603
02-28 13:44:25.788  5649  6439 I BatteryMgr:DataCollectionService: stats => 1709124265788,-2030760,3603
02-28 13:44:26.791  5649  6439 I BatteryMgr:DataCollectionService: stats => 1709124266791,-2022948,3603
02-28 13:44:27.793  5649  6439 I BatteryMgr:DataCollectionService: stats => 1709124267793,-2032713,3603
02-28 13:44:28.795  5649  6439 I BatteryMgr:DataCollectionService: stats => 1709124268795,-2031248,3603
02-28 13:44:29.798  5649  6439 I BatteryMgr:DataCollectionService: stats => 1709124269798,-2012206,3603
02-28 13:44:30.800  5649  6439 I BatteryMgr:DataCollectionService: stats => 1709124270800,-2025389,3603
02-28 13:44:31.802  5649  6439 I BatteryMgr:DataCollectionService: stats => 1709124271802,-2049315,3602
02-28 13:44:32.805  5649  6439 I BatteryMgr:DataCollectionService: stats => 1709124272805,-2019530,3602
02-28 13:44:33.808  5649  6439 I BatteryMgr:DataCollectionService: stats => 1709124273808,-2018553,3602
02-28 13:44:34.810  5649  6439 I BatteryMgr:DataCollectionService: stats => 1709124274810,-2037596,3602
02-28 13:44:35.812  5649  6439 I BatteryMgr:DataCollectionService: stats => 1709124275812,-2091307,3602
02-28 13:44:36.814  5649  6439 I BatteryMgr:DataCollectionService: stats => 1709124276814,-2145506,3598
02-28 13:44:37.816  5649  6439 I BatteryMgr:DataCollectionService: stats => 1709124277816,-2173338,3598
02-28 13:44:38.819  5649  6439 I BatteryMgr:DataCollectionService: stats => 1709124278818,-2143065,3598
02-28 13:44:39.820  5649  6439 I BatteryMgr:DataCollectionService: stats => 1709124279820,-2219725,3598
02-28 13:44:40.822  5649  6439 I BatteryMgr:DataCollectionService: stats => 1709124280822,-2178221,3598
02-28 13:44:41.825  5649  6439 I BatteryMgr:DataCollectionService: stats => 1709124281825,-2035155,3598
02-28 13:44:42.827  5649  6439 I BatteryMgr:DataCollectionService: stats => 1709124282827,-2014647,3598
02-28 13:44:43.830  5649  6439 I BatteryMgr:DataCollectionService: stats => 1709124283830,-1510253,3598
02-28 13:44:44.832  5649  6439 I BatteryMgr:DataCollectionService: stats => 1709124284832,-1987791,3598
02-28 13:44:45.834  5649  6439 I BatteryMgr:DataCollectionService: stats => 1709124285834,-2055663,3598
02-28 13:44:46.836  5649  6439 I BatteryMgr:DataCollectionService: stats => 1709124286836,-2065916,3600
02-28 13:44:47.838  5649  6439 I BatteryMgr:DataCollectionService: stats => 1709124287838,-2080565,3600
02-28 13:44:48.841  5649  6439 I BatteryMgr:DataCollectionService: stats => 1709124288841,-2057127,3600
02-28 13:44:49.843  5649  6439 I BatteryMgr:DataCollectionService: stats => 1709124289843,-2065428,3600
02-28 13:44:50.845  5649  6439 I BatteryMgr:DataCollectionService: stats => 1709124290845,-2052245,3600
02-28 13:44:51.847  5649  6439 I BatteryMgr:DataCollectionService: stats => 1709124291847,-2092772,3600
02-28 13:44:52.849  5649  6439 I BatteryMgr:DataCollectionService: stats => 1709124292849,-2036131,3600
02-28 13:44:53.851  5649  6439 I BatteryMgr:DataCollectionService: stats => 1709124293851,-2062010,3600
02-28 13:44:54.853  5649  6439 I BatteryMgr:DataCollectionService: stats => 1709124294853,-2067381,3600
02-28 13:44:55.855  5649  6439 I BatteryMgr:DataCollectionService: stats => 1709124295855,-2070799,3600
02-28 13:44:56.857  5649  6439 I BatteryMgr:DataCollectionService: stats => 1709124296857,-2041014,3598
02-28 13:44:57.860  5649  6439 I BatteryMgr:DataCollectionService: stats => 1709124297860,-2111815,3595
02-28 13:44:58.862  5649  6439 I BatteryMgr:DataCollectionService: stats => 1709124298862,-2071288,3595
02-28 13:44:59.864  5649  6439 I BatteryMgr:DataCollectionService: stats => 1709124299864,-2069823,3595
02-28 13:45:00.866  5649  6439 I BatteryMgr:DataCollectionService: stats => 1709124300866,-2049315,3595
02-28 13:45:01.868  5649  6439 I BatteryMgr:DataCollectionService: stats => 1709124301868,-2092772,3595
02-28 13:45:02.871  5649  6439 I BatteryMgr:DataCollectionService: stats => 1709124302871,-2041991,3595
02-28 13:45:03.873  5649  6439 I BatteryMgr:DataCollectionService: stats => 1709124303873,-2065428,3595
02-28 13:45:04.875  5649  6439 I BatteryMgr:DataCollectionService: stats => 1709124304875,-2094725,3595
02-28 13:45:05.878  5649  6439 I BatteryMgr:DataCollectionService: stats => 1709124305878,-2071776,3595
02-28 13:45:06.880  5649  6439 I BatteryMgr:DataCollectionService: stats => 1709124306880,-2038084,3597
02-28 13:45:07.882  5649  6439 I BatteryMgr:DataCollectionService: stats => 1709124307882,-2098143,3597
02-28 13:45:08.886  5649  6439 I BatteryMgr:DataCollectionService: stats => 1709124308886,-2139159,3597
02-28 13:45:09.888  5649  6439 I BatteryMgr:DataCollectionService: stats => 1709124309888,-2231444,3597
02-28 13:45:10.890  5649  6439 I BatteryMgr:DataCollectionService: stats => 1709124310890,-2255858,3597
02-28 13:45:11.893  5649  6439 I BatteryMgr:DataCollectionService: stats => 1709124311893,-2335448,3597
02-28 13:45:12.895  5649  6439 I BatteryMgr:DataCollectionService: stats => 1709124312895,-2146483,3597
02-28 13:45:13.897  5649  6439 I BatteryMgr:DataCollectionService: stats => 1709124313897,-2063475,3597
02-28 13:45:14.900  5649  6439 I BatteryMgr:DataCollectionService: stats => 1709124314900,-2070311,3597
02-28 13:45:15.902  5649  6439 I BatteryMgr:DataCollectionService: stats => 1709124315902,-2075194,3597
02-28 13:45:16.905  5649  6439 I BatteryMgr:DataCollectionService: stats => 1709124316905,-2031248,3595
02-28 13:45:17.907  5649  6439 I BatteryMgr:DataCollectionService: stats => 1709124317907,-2093748,3595
02-28 13:45:18.910  5649  6439 I BatteryMgr:DataCollectionService: stats => 1709124318910,-2097166,3595
02-28 13:45:19.912  5649  6439 I BatteryMgr:DataCollectionService: stats => 1709124319912,-2070799,3595
02-28 13:45:20.914  5649  6439 I BatteryMgr:DataCollectionService: stats => 1709124320914,-2069823,3595
02-28 13:45:21.917  5649  6439 I BatteryMgr:DataCollectionService: stats => 1709124321916,-2101073,3595
02-28 13:45:22.919  5649  6439 I BatteryMgr:DataCollectionService: stats => 1709124322919,-2052245,3595
02-28 13:45:23.921  5649  6439 I BatteryMgr:DataCollectionService: stats => 1709124323921,-2059080,3595
02-28 13:45:24.923  5649  6439 I BatteryMgr:DataCollectionService: stats => 1709124324923,-2081541,3595
02-28 13:45:25.926  5649  6439 I BatteryMgr:DataCollectionService: stats => 1709124325926,-2066405,3595
02-28 13:45:26.928  5649  6439 I BatteryMgr:DataCollectionService: stats => 1709124326928,-2093748,3596
02-28 13:45:27.930  5649  6439 I BatteryMgr:DataCollectionService: stats => 1709124327930,-2047850,3596
02-28 13:45:28.932  5649  6439 I BatteryMgr:DataCollectionService: stats => 1709124328932,-2053221,3596
02-28 13:45:29.935  5649  6439 I BatteryMgr:DataCollectionService: stats => 1709124329935,-2043944,3596
02-28 13:45:30.937  5649  6439 I BatteryMgr:DataCollectionService: stats => 1709124330937,-2082030,3596
02-28 13:45:31.939  5649  6439 I BatteryMgr:DataCollectionService: stats => 1709124331939,-2153319,3596
02-28 13:45:32.941  5649  6439 I BatteryMgr:DataCollectionService: stats => 1709124332941,-2087889,3596
02-28 13:45:33.944  5649  6439 I BatteryMgr:DataCollectionService: stats => 1709124333944,-2114256,3596
02-28 13:45:34.946  5649  6439 I BatteryMgr:DataCollectionService: stats => 1709124334946,-2098631,3596
02-28 13:45:35.948  5649  6439 I BatteryMgr:DataCollectionService: stats => 1709124335948,-2100096,3596
02-28 13:45:36.950  5649  6439 I BatteryMgr:DataCollectionService: stats => 1709124336950,-2106932,3593
02-28 13:45:37.953  5649  6439 I BatteryMgr:DataCollectionService: stats => 1709124337953,-2119627,3593
02-28 13:45:38.955  5649  6439 I BatteryMgr:DataCollectionService: stats => 1709124338955,-2089354,3593
02-28 13:45:39.958  5649  6439 I BatteryMgr:DataCollectionService: stats => 1709124339958,-2226073,3593
02-28 13:45:40.960  5649  6439 I BatteryMgr:DataCollectionService: stats => 1709124340960,-2231932,3593
02-28 13:45:41.962  5649  6439 I BatteryMgr:DataCollectionService: stats => 1709124341962,-2111815,3593
02-28 13:45:42.964  5649  6439 I BatteryMgr:DataCollectionService: stats => 1709124342964,-2259276,3593
02-28 13:45:43.966  5649  6439 I BatteryMgr:DataCollectionService: stats => 1709124343966,-2237791,3593
02-28 13:45:44.969  5649  6439 I BatteryMgr:DataCollectionService: stats => 1709124344969,-2168455,3589
02-28 13:45:45.971  5649  6439 I BatteryMgr:DataCollectionService: stats => 1709124345971,-2138182,3589
02-28 13:45:46.974  5649  6439 I BatteryMgr:DataCollectionService: stats => 1709124346974,-2121092,3590
02-28 13:45:47.976  5649  6439 I BatteryMgr:DataCollectionService: stats => 1709124347976,-2080565,3590
02-28 13:45:48.978  5649  6439 I BatteryMgr:DataCollectionService: stats => 1709124348978,-2083983,3590
02-28 13:45:49.981  5649  6439 I BatteryMgr:DataCollectionService: stats => 1709124349981,-2098631,3590
02-28 13:45:50.984  5649  6439 I BatteryMgr:DataCollectionService: stats => 1709124350984,-2106932,3590
02-28 13:45:51.986  5649  6439 I BatteryMgr:DataCollectionService: stats => 1709124351986,-2145994,3590
02-28 13:45:52.989  5649  6439 I BatteryMgr:DataCollectionService: stats => 1709124352989,-2090330,3590
02-28 13:45:53.991  5649  6439 I BatteryMgr:DataCollectionService: stats => 1709124353991,-2136717,3590
02-28 13:45:54.993  5649  6439 I BatteryMgr:DataCollectionService: stats => 1709124354993,-2090330,3590
02-28 13:45:55.995  5649  6439 I BatteryMgr:DataCollectionService: stats => 1709124355995,-2077635,3593
02-28 13:45:56.997  5649  6439 I BatteryMgr:DataCollectionService: stats => 1709124356997,-2124510,3593
02-28 13:45:58.000  5649  6439 I BatteryMgr:DataCollectionService: stats => 1709124357999,-2101073,3593
02-28 13:45:59.002  5649  6439 I BatteryMgr:DataCollectionService: stats => 1709124359002,-2118651,3593
02-28 13:46:00.004  5649  6439 I BatteryMgr:DataCollectionService: stats => 1709124360004,-2089842,3593
02-28 13:46:01.006  5649  6439 I BatteryMgr:DataCollectionService: stats => 1709124361006,-2112303,3593
02-28 13:46:02.009  5649  6439 I BatteryMgr:DataCollectionService: stats => 1709124362009,-2118162,3593
02-28 13:46:03.011  5649  6439 I BatteryMgr:DataCollectionService: stats => 1709124363011,-2116209,3593
02-28 13:46:04.013  5649  6439 I BatteryMgr:DataCollectionService: stats => 1709124364013,-2115233,3593
02-28 13:46:05.015  5649  6439 I BatteryMgr:DataCollectionService: stats => 1709124365015,-2123045,3593
02-28 13:46:06.017  5649  6439 I BatteryMgr:DataCollectionService: stats => 1709124366017,-2097166,3593
02-28 13:46:07.021  5649  6439 I BatteryMgr:DataCollectionService: stats => 1709124367021,-2134764,3592
02-28 13:46:08.023  5649  6439 I BatteryMgr:DataCollectionService: stats => 1709124368023,-2111815,3592
02-28 13:46:09.025  5649  6439 I BatteryMgr:DataCollectionService: stats => 1709124369025,-2060545,3592
02-28 13:46:10.027  5649  6439 I BatteryMgr:DataCollectionService: stats => 1709124370027,-2119139,3592
02-28 13:46:11.030  5649  6439 I BatteryMgr:DataCollectionService: stats => 1709124371030,-2124510,3592
02-28 13:46:12.032  5649  6439 I BatteryMgr:DataCollectionService: stats => 1709124372032,-2134764,3592
02-28 13:46:13.035  5649  6439 I BatteryMgr:DataCollectionService: stats => 1709124373035,-2336424,3592
02-28 13:46:14.037  5649  6439 I BatteryMgr:DataCollectionService: stats => 1709124374037,-2302733,3592
02-28 13:46:15.040  5649  6439 I BatteryMgr:DataCollectionService: stats => 1709124375039,-2264158,3592
02-28 13:46:16.042  5649  6439 I BatteryMgr:DataCollectionService: stats => 1709124376042,-2225096,3592
02-28 13:46:17.044  5649  6439 I BatteryMgr:DataCollectionService: stats => 1709124377044,-2128416,3583
02-28 13:46:18.046  5649  6439 I BatteryMgr:DataCollectionService: stats => 1709124378046,-2095213,3583
02-28 13:46:19.048  5649  6439 I BatteryMgr:DataCollectionService: stats => 1709124379048,-2058592,3583
02-28 13:46:20.050  5649  6439 I BatteryMgr:DataCollectionService: stats => 1709124380050,-2108885,3583
02-28 13:46:21.052  5649  6439 I BatteryMgr:DataCollectionService: stats => 1709124381052,-2087401,3583
02-28 13:46:22.054  5649  6439 I BatteryMgr:DataCollectionService: stats => 1709124382054,-2089842,3583
02-28 13:46:23.056  5649  6439 I BatteryMgr:DataCollectionService: stats => 1709124383056,-2097655,3583
02-28 13:46:24.058  5649  6439 I BatteryMgr:DataCollectionService: stats => 1709124384058,-2075194,3583
02-28 13:46:25.061  5649  6439 I BatteryMgr:DataCollectionService: stats => 1709124385061,-2094237,3583
02-28 13:46:26.064  5649  6439 I BatteryMgr:DataCollectionService: stats => 1709124386064,-2076659,3583
02-28 13:46:27.066  5649  6439 I BatteryMgr:DataCollectionService: stats => 1709124387066,-2079100,3592
02-28 13:46:28.068  5649  6439 I BatteryMgr:DataCollectionService: stats => 1709124388068,-2055663,3592
02-28 13:46:29.070  5649  6439 I BatteryMgr:DataCollectionService: stats => 1709124389070,-2102537,3592
02-28 13:46:30.073  5649  6439 I BatteryMgr:DataCollectionService: stats => 1709124390073,-2119627,3592
02-28 13:46:31.075  5649  6439 I BatteryMgr:DataCollectionService: stats => 1709124391074,-2098631,3592
02-28 13:46:32.077  5649  6439 I BatteryMgr:DataCollectionService: stats => 1709124392077,-2089842,3592
02-28 13:46:33.080  5649  6439 I BatteryMgr:DataCollectionService: stats => 1709124393079,-2112303,3592
02-28 13:46:34.082  5649  6439 I BatteryMgr:DataCollectionService: stats => 1709124394082,-2085448,3592
02-28 13:46:35.084  5649  6439 I BatteryMgr:DataCollectionService: stats => 1709124395084,-2093260,3591
02-28 13:46:36.086  5649  6439 I BatteryMgr:DataCollectionService: stats => 1709124396086,-2127928,3591
02-28 13:46:37.088  5649  6439 I BatteryMgr:DataCollectionService: stats => 1709124397088,-2104002,3590
02-28 13:46:38.090  5649  6439 I BatteryMgr:DataCollectionService: stats => 1709124398090,-2117186,3590
02-28 13:46:39.092  5649  6439 I BatteryMgr:DataCollectionService: stats => 1709124399092,-2088377,3590
02-28 13:46:40.095  5649  6439 I BatteryMgr:DataCollectionService: stats => 1709124400095,-2060545,3590
02-28 13:46:41.097  5649  6439 I BatteryMgr:DataCollectionService: stats => 1709124401097,-2098143,3590
02-28 13:46:42.100  5649  6439 I BatteryMgr:DataCollectionService: stats => 1709124402100,-2084471,3590
02-28 13:46:43.102  5649  6439 I BatteryMgr:DataCollectionService: stats => 1709124403102,-2137205,3590
02-28 13:46:44.104  5649  6439 I BatteryMgr:DataCollectionService: stats => 1709124404104,-2248534,3590
02-28 13:46:45.107  5649  6439 I BatteryMgr:DataCollectionService: stats => 1709124405107,-2153319,3590
02-28 13:46:46.110  5649  6439 I BatteryMgr:DataCollectionService: stats => 1709124406110,-2228026,3590
02-28 13:46:47.112  5649  6439 I BatteryMgr:DataCollectionService: stats => 1709124407112,-2229002,3582
02-28 13:46:48.114  5649  6439 I BatteryMgr:DataCollectionService: stats => 1709124408114,-2064452,3582
02-28 13:46:49.116  5649  6439 I BatteryMgr:DataCollectionService: stats => 1709124409116,-2104979,3582
02-28 13:46:50.118  5649  6439 I BatteryMgr:DataCollectionService: stats => 1709124410118,-2107909,3582
02-28 13:46:51.121  5649  6439 I BatteryMgr:DataCollectionService: stats => 1709124411121,-2119139,3582
02-28 13:46:52.123  5649  6439 I BatteryMgr:DataCollectionService: stats => 1709124412123,-2067381,3582
02-28 13:46:53.126  5649  6439 I BatteryMgr:DataCollectionService: stats => 1709124413126,-2097655,3582
02-28 13:46:54.128  5649  6439 I BatteryMgr:DataCollectionService: stats => 1709124414128,-2114745,3582
02-28 13:46:55.130  5649  6439 I BatteryMgr:DataCollectionService: stats => 1709124415130,-2090330,3582
02-28 13:46:56.133  5649  6439 I BatteryMgr:DataCollectionService: stats => 1709124416133,-2092772,3582
02-28 13:46:57.135  5649  6439 I BatteryMgr:DataCollectionService: stats => 1709124417135,-2153319,3590
02-28 13:46:58.138  5649  6439 I BatteryMgr:DataCollectionService: stats => 1709124418138,-2094725,3590
02-28 13:46:59.140  5649  6439 I BatteryMgr:DataCollectionService: stats => 1709124419140,-2097166,3590
02-28 13:47:00.142  5649  6439 I BatteryMgr:DataCollectionService: stats => 1709124420142,-2158202,3590
02-28 13:47:01.145  5649  6439 I BatteryMgr:DataCollectionService: stats => 1709124421145,-2124022,3590
02-28 13:47:02.147  5649  6439 I BatteryMgr:DataCollectionService: stats => 1709124422147,-2118162,3590
02-28 13:47:03.150  5649  6439 I BatteryMgr:DataCollectionService: stats => 1709124423150,-2144530,3590
02-28 13:47:04.153  5649  6439 I BatteryMgr:DataCollectionService: stats => 1709124424153,-2104002,3590
02-28 13:47:05.156  5649  6439 I BatteryMgr:DataCollectionService: stats => 1709124425156,-2101073,3590
02-28 13:47:06.162  5649  6439 I BatteryMgr:DataCollectionService: stats => 1709124426162,-2109862,3590
02-28 13:47:07.165  5649  6439 I BatteryMgr:DataCollectionService: stats => 1709124427164,-2092772,3589
02-28 13:47:08.167  5649  6439 I BatteryMgr:DataCollectionService: stats => 1709124428167,-2062987,3589
02-28 13:47:09.169  5649  6439 I BatteryMgr:DataCollectionService: stats => 1709124429169,-2095702,3589
02-28 13:47:10.171  5649  6439 I BatteryMgr:DataCollectionService: stats => 1709124430171,-2080565,3589
02-28 13:47:11.174  5649  6439 I BatteryMgr:DataCollectionService: stats => 1709124431174,-2081541,3589
02-28 13:47:12.177  5649  6439 I BatteryMgr:DataCollectionService: stats => 1709124432177,-2143553,3589
02-28 13:47:13.180  5649  6439 I BatteryMgr:DataCollectionService: stats => 1709124433180,-2092284,3589
02-28 13:47:14.183  5649  6439 I BatteryMgr:DataCollectionService: stats => 1709124434183,-2078612,3589
02-28 13:47:15.185  5649  6439 I BatteryMgr:DataCollectionService: stats => 1709124435185,-2289061,3589
02-28 13:47:16.187  5649  6439 I BatteryMgr:DataCollectionService: stats => 1709124436187,-2286131,3578
02-28 13:47:17.190  5649  6439 I BatteryMgr:DataCollectionService: stats => 1709124437190,-2295897,3578
02-28 13:47:18.192  5649  6439 I BatteryMgr:DataCollectionService: stats => 1709124438192,-2250975,3578
02-28 13:47:19.195  5649  6439 I BatteryMgr:DataCollectionService: stats => 1709124439195,-2091307,3578
02-28 13:47:20.198  5649  6439 I BatteryMgr:DataCollectionService: stats => 1709124440198,-2092284,3589
02-28 13:47:21.200  5649  6439 I BatteryMgr:DataCollectionService: stats => 1709124441200,-2116209,3589
02-28 13:47:22.202  5649  6439 I BatteryMgr:DataCollectionService: stats => 1709124442202,-2089842,3589
02-28 13:47:23.205  5649  6439 I BatteryMgr:DataCollectionService: stats => 1709124443205,-2075682,3589
02-28 13:47:24.207  5649  6439 I BatteryMgr:DataCollectionService: stats => 1709124444207,-2096190,3589
02-28 13:47:25.209  5649  6439 I BatteryMgr:DataCollectionService: stats => 1709124445208,-2086424,3589
02-28 13:47:26.211  5649  6439 I BatteryMgr:DataCollectionService: stats => 1709124446211,-2086424,3589
02-28 13:47:27.213  5649  6439 I BatteryMgr:DataCollectionService: stats => 1709124447213,-2064452,3589
02-28 13:47:28.216  5649  6439 I BatteryMgr:DataCollectionService: stats => 1709124448216,-2080565,3589
02-28 13:47:29.218  5649  6439 I BatteryMgr:DataCollectionService: stats => 1709124449218,-2060545,3589
02-28 13:47:30.220  5649  6439 I BatteryMgr:DataCollectionService: stats => 1709124450220,-2097655,3589
02-28 13:47:31.223  5649  6439 I BatteryMgr:DataCollectionService: stats => 1709124451223,-2100096,3589
02-28 13:47:32.226  5649  6439 I BatteryMgr:DataCollectionService: stats => 1709124452226,-2099120,3589
02-28 13:47:33.228  5649  6439 I BatteryMgr:DataCollectionService: stats => 1709124453228,-2132811,3589
02-28 13:47:34.230  5649  6439 I BatteryMgr:DataCollectionService: stats => 1709124454230,-2128905,3589
02-28 13:47:35.232  5649  6439 I BatteryMgr:DataCollectionService: stats => 1709124455232,-2083006,3589
02-28 13:47:36.234  5649  6439 I BatteryMgr:DataCollectionService: stats => 1709124456234,-2068358,3590
02-28 13:47:37.237  5649  6439 I BatteryMgr:DataCollectionService: stats => 1709124457236,-2114256,3590
02-28 13:47:38.239  5649  6439 I BatteryMgr:DataCollectionService: stats => 1709124458239,-2125975,3590
02-28 13:47:39.241  5649  6439 I BatteryMgr:DataCollectionService: stats => 1709124459241,-2116698,3590
02-28 13:47:40.243  5649  6439 I BatteryMgr:DataCollectionService: stats => 1709124460243,-2084471,3590
02-28 13:47:41.245  5649  6439 I BatteryMgr:DataCollectionService: stats => 1709124461245,-2089842,3590
02-28 13:47:42.248  5649  6439 I BatteryMgr:DataCollectionService: stats => 1709124462248,-2052245,3590
02-28 13:47:43.250  5649  6439 I BatteryMgr:DataCollectionService: stats => 1709124463250,-2119627,3590
02-28 13:47:44.252  5649  6439 I BatteryMgr:DataCollectionService: stats => 1709124464252,-2086424,3590
02-28 13:47:45.254  5649  6439 I BatteryMgr:DataCollectionService: stats => 1709124465254,-2155760,3590
02-28 13:47:46.257  5649  6439 I BatteryMgr:DataCollectionService: stats => 1709124466257,-2216307,3582
02-28 13:47:47.259  5649  6439 I BatteryMgr:DataCollectionService: stats => 1709124467259,-2221190,3582
02-28 13:47:48.261  5649  6439 I BatteryMgr:DataCollectionService: stats => 1709124468261,-2205076,3582
02-28 13:47:49.264  5649  6439 I BatteryMgr:DataCollectionService: stats => 1709124469264,-2251463,3582
02-28 13:47:50.267  5649  6439 I BatteryMgr:DataCollectionService: stats => 1709124470267,-2248045,3582
02-28 13:47:51.270  5649  6439 I BatteryMgr:DataCollectionService: stats => 1709124471270,-2123045,3582
02-28 13:47:52.272  5649  6439 I BatteryMgr:DataCollectionService: stats => 1709124472272,-2062010,3582
02-28 13:47:53.274  5649  6439 I BatteryMgr:DataCollectionService: stats => 1709124473274,-2076659,3582
02-28 13:47:54.276  5649  6439 I BatteryMgr:DataCollectionService: stats => 1709124474276,-2007323,3582
02-28 13:47:55.278  5649  6439 I BatteryMgr:DataCollectionService: stats => 1709124475278,-1927733,3582
02-28 13:47:56.281  5649  6439 I BatteryMgr:DataCollectionService: stats => 1709124476281,-2067381,3590
02-28 13:47:57.283  5649  6439 I BatteryMgr:DataCollectionService: stats => 1709124477283,-2111327,3590
02-28 13:47:58.285  5649  6439 I BatteryMgr:DataCollectionService: stats => 1709124478285,-2073729,3590
02-28 13:47:59.288  5649  6439 I BatteryMgr:DataCollectionService: stats => 1709124479287,-2091307,3590
02-28 13:48:00.290  5649  6439 I BatteryMgr:DataCollectionService: stats => 1709124480290,-2058592,3590
02-28 13:48:01.292  5649  6439 I BatteryMgr:DataCollectionService: stats => 1709124481292,-2049803,3590
02-28 13:48:02.294  5649  6439 I BatteryMgr:DataCollectionService: stats => 1709124482294,-2051268,3590
02-28 13:48:03.296  5649  6439 I BatteryMgr:DataCollectionService: stats => 1709124483296,-2080077,3590
02-28 13:48:04.300  5649  6439 I BatteryMgr:DataCollectionService: stats => 1709124484300,-2089354,3590
02-28 13:48:05.302  5649  6439 I BatteryMgr:DataCollectionService: stats => 1709124485302,-2067870,3590
02-28 13:48:06.304  5649  6439 I BatteryMgr:DataCollectionService: stats => 1709124486304,-2084959,3589
02-28 13:48:07.307  5649  6439 I BatteryMgr:DataCollectionService: stats => 1709124487306,-2062010,3589
02-28 13:48:08.309  5649  6439 I BatteryMgr:DataCollectionService: stats => 1709124488309,-2053709,3589
02-28 13:48:09.311  5649  6439 I BatteryMgr:DataCollectionService: stats => 1709124489311,-2072752,3589
