8.09 8.64 9.96 5/2875 21562
8.09 8.64 9.96 3/2875 21589
8.09 8.64 9.96 7/2877 21630
8.08 8.63 9.95 3/2877 21657
8.08 8.63 9.95 3/2877 21690
8.08 8.63 9.95 2/2877 21718
8.08 8.63 9.95 2/2873 21751
8.08 8.63 9.95 1/2877 21784
8.15 8.64 9.94 6/2877 21813
8.15 8.64 9.94 2/2877 21840
8.15 8.64 9.94 2/2877 21867
8.15 8.64 9.94 6/2877 21894
8.15 8.64 9.94 5/2877 21921
8.38 8.68 9.95 2/2877 21948
8.38 8.68 9.95 8/2876 21975
8.38 8.68 9.95 6/2877 22006
8.38 8.68 9.95 3/2877 22033
8.38 8.68 9.95 4/2877 22072
8.43 8.68 9.94 3/2877 22100
8.43 8.68 9.94 1/2876 22127
8.43 8.68 9.94 5/2876 22154
8.43 8.68 9.94 3/2876 22181
8.43 8.68 9.94 1/2876 22208
8.32 8.65 9.93 1/2876 22235
8.32 8.65 9.93 1/2876 22262
8.32 8.65 9.93 3/2876 22295
8.32 8.65 9.93 6/2876 22322
8.32 8.65 9.93 1/2876 22349
8.29 8.64 9.92 4/2876 22376
8.29 8.64 9.92 6/2876 22404
8.29 8.64 9.92 4/2876 22437
8.29 8.64 9.92 5/2876 22464
8.29 8.64 9.92 6/2876 22491
8.03 8.58 9.89 3/2876 22518
8.03 8.58 9.89 3/2876 22545
8.03 8.58 9.89 4/2876 22572
8.03 8.58 9.89 5/2876 22599
8.03 8.58 9.89 5/2876 22627
7.95 8.56 9.87 6/2876 22660
7.95 8.56 9.87 6/2876 22693
7.95 8.56 9.87 3/2876 22721
7.95 8.56 9.87 5/2876 22748
7.95 8.56 9.87 1/2876 22775
8.03 8.56 9.87 6/2876 22802
8.03 8.56 9.87 2/2876 22829
8.03 8.56 9.87 2/2876 22856
8.03 8.56 9.87 1/2876 22883
8.03 8.56 9.87 3/2876 22910
8.03 8.55 9.86 2/2877 22938
8.03 8.55 9.86 2/2877 22965
8.03 8.55 9.86 5/2877 22993
8.03 8.55 9.86 5/2877 23020
8.03 8.55 9.86 8/2882 23058
8.19 8.58 9.86 3/2882 23085
8.19 8.58 9.86 7/2882 23112
8.19 8.58 9.86 6/2882 23145
8.19 8.58 9.86 1/2882 23178
8.19 8.58 9.86 2/2882 23205
8.49 8.64 9.87 2/2882 23232
8.49 8.64 9.87 6/2882 23259
8.49 8.64 9.87 4/2882 23286
8.49 8.64 9.87 4/2882 23313
8.49 8.64 9.87 2/2882 23354
8.53 8.64 9.87 5/2882 23381
8.53 8.64 9.87 5/2882 23412
8.53 8.64 9.87 10/2882 23439
8.53 8.64 9.87 7/2882 23466
8.53 8.64 9.87 2/2882 23493
8.41 8.61 9.85 6/2882 23521
8.41 8.61 9.85 4/2880 23555
8.41 8.61 9.85 5/2873 23588
8.41 8.61 9.85 4/2869 23615
8.41 8.61 9.85 3/2873 23648
8.22 8.57 9.83 6/2873 23675
8.22 8.57 9.83 1/2873 23703
8.22 8.57 9.83 1/2873 23736
8.22 8.57 9.83 2/2869 23763
8.22 8.57 9.83 3/2873 23796
7.96 8.51 9.80 4/2873 23823
7.96 8.51 9.80 4/2873 23850
7.96 8.51 9.80 1/2873 23878
7.96 8.51 9.80 5/2873 23905
7.96 8.51 9.80 6/2875 23940
7.96 8.50 9.79 1/2875 23967
7.96 8.50 9.79 4/2875 24000
7.96 8.50 9.79 2/2875 24027
7.96 8.50 9.79 4/2875 24054
7.96 8.50 9.79 1/2875 24087
7.88 8.48 9.78 3/2875 24114
7.88 8.48 9.78 11/2875 24141
7.88 8.48 9.78 4/2872 24173
7.88 8.48 9.78 3/2872 24203
7.88 8.48 9.78 7/2868 24230
7.73 8.44 9.76 2/2872 24263
7.73 8.44 9.76 3/2868 24290
7.73 8.44 9.76 5/2872 24323
7.73 8.44 9.76 7/2868 24350
7.73 8.44 9.76 6/2872 24383
8.08 8.50 9.77 2/2868 24410
8.08 8.50 9.77 4/2872 24443
8.08 8.50 9.77 4/2868 24470
8.08 8.50 9.77 6/2872 24504
8.08 8.50 9.77 2/2872 24531
8.07 8.49 9.76 6/2872 24558
8.07 8.49 9.76 4/2872 24585
8.07 8.49 9.76 4/2872 24618
8.07 8.49 9.76 3/2872 24645
8.07 8.49 9.76 3/2872 24672
8.30 8.53 9.77 1/2872 24699
8.30 8.53 9.77 5/2872 24726
8.30 8.53 9.77 1/2872 24759
8.30 8.53 9.77 2/2872 24787
8.30 8.53 9.77 3/2869 24814
8.60 8.59 9.78 3/2869 24841
8.60 8.59 9.78 2/2869 24868
8.60 8.59 9.78 4/2869 24895
8.60 8.59 9.78 3/2869 24922
8.60 8.59 9.78 4/2867 24950
8.39 8.54 9.76 6/2867 24977
8.39 8.54 9.76 5/2867 25004
8.39 8.54 9.76 5/2867 25031
8.39 8.54 9.76 8/2867 25058
8.39 8.54 9.76 2/2867 25098
8.76 8.62 9.78 3/2867 25125
8.76 8.62 9.78 2/2867 25152
8.76 8.62 9.78 4/2867 25179
8.76 8.62 9.78 4/2867 25206
8.76 8.62 9.78 5/2867 25233
8.70 8.61 9.77 2/2867 25261
8.70 8.61 9.77 1/2867 25288
8.70 8.61 9.77 2/2867 25315
8.70 8.61 9.77 2/2867 25342
8.70 8.61 9.77 15/2867 25370
8.40 8.55 9.74 3/2867 25397
8.40 8.55 9.74 4/2867 25424
8.40 8.55 9.74 3/2867 25457
8.40 8.55 9.74 1/2867 25490
8.40 8.55 9.74 2/2867 25517
8.21 8.50 9.72 1/2867 25544
8.21 8.50 9.72 1/2867 25571
8.21 8.50 9.72 9/2867 25598
8.21 8.50 9.72 2/2867 25625
8.21 8.50 9.72 5/2867 25652
7.95 8.45 9.69 1/2867 25692
7.95 8.45 9.69 1/2868 25720
7.95 8.45 9.69 2/2864 25747
7.95 8.45 9.69 4/2868 25780
7.95 8.45 9.69 2/2868 25807
7.88 8.42 9.68 8/2868 25834
7.88 8.42 9.68 3/2868 25867
7.88 8.42 9.68 6/2864 25894
7.88 8.42 9.68 3/2868 25927
7.88 8.42 9.68 6/2868 25954
7.89 8.41 9.67 5/2868 25982
7.89 8.41 9.67 3/2868 26009
7.89 8.41 9.67 2/2868 26036
7.89 8.41 9.67 4/2868 26063
7.89 8.41 9.67 6/2868 26096
7.74 8.37 9.65 5/2868 26123
7.74 8.37 9.65 2/2868 26150
7.74 8.37 9.65 2/2868 26183
7.74 8.37 9.65 1/2868 26213
7.74 8.37 9.65 4/2868 26240
7.76 8.37 9.64 1/2868 26267
7.76 8.37 9.64 6/2869 26296
7.76 8.37 9.64 4/2869 26323
7.76 8.37 9.64 5/2869 26350
7.76 8.37 9.64 3/2869 26377
7.94 8.39 9.64 3/2869 26405
7.94 8.39 9.64 4/2869 26432
7.94 8.39 9.64 4/2869 26459
7.94 8.39 9.64 1/2869 26486
7.94 8.39 9.64 7/2875 26521
7.94 8.39 9.63 2/2875 26548
7.94 8.39 9.63 4/2875 26581
7.94 8.39 9.63 4/2875 26609
7.94 8.39 9.63 1/2875 26642
7.94 8.39 9.63 6/2875 26669
7.95 8.38 9.62 2/2875 26696
7.95 8.38 9.62 5/2875 26723
7.95 8.38 9.62 6/2875 26750
7.95 8.38 9.62 4/2875 26783
7.95 8.38 9.62 6/2877 26826
8.11 8.41 9.63 5/2877 26854
8.11 8.41 9.63 10/2876 26881
8.11 8.41 9.63 5/2877 26910
8.11 8.41 9.63 1/2884 26946
8.11 8.41 9.63 3/2884 26973
8.26 8.44 9.63 3/2884 27001
8.26 8.44 9.63 1/2883 27028
8.26 8.44 9.63 10/2883 27055
8.26 8.44 9.63 4/2883 27082
8.26 8.44 9.63 1/2883 27109
8.16 8.41 9.62 3/2883 27136
8.16 8.41 9.62 3/2883 27163
8.16 8.41 9.62 2/2883 27193
8.16 8.41 9.62 5/2883 27221
8.16 8.41 9.62 3/2883 27248
8.15 8.40 9.61 6/2882 27275
8.15 8.40 9.61 3/2882 27302
8.15 8.40 9.61 4/2882 27329
8.15 8.40 9.61 1/2882 27356
8.15 8.40 9.61 2/2882 27383
7.98 8.36 9.59 2/2882 27410
7.98 8.36 9.59 8/2882 27437
7.98 8.36 9.59 3/2882 27470
7.98 8.36 9.59 3/2882 27498
7.98 8.36 9.59 6/2882 27525
7.74 8.31 9.56 2/2882 27552
7.74 8.31 9.56 6/2882 27579
7.74 8.31 9.56 3/2882 27606
7.74 8.31 9.56 4/2882 27633
7.74 8.31 9.56 4/2881 27660
7.52 8.25 9.54 5/2882 27688
7.52 8.25 9.54 7/2882 27715
7.52 8.25 9.54 2/2882 27748
7.52 8.25 9.54 6/2882 27775
7.52 8.25 9.54 7/2882 27803
7.32 8.20 9.51 4/2882 27830
7.32 8.20 9.51 8/2882 27857
7.32 8.20 9.51 5/2882 27890
7.32 8.20 9.51 2/2882 27917
7.32 8.20 9.51 2/2882 27944
7.53 8.23 9.52 4/2882 27971
7.53 8.23 9.52 5/2882 27998
7.53 8.23 9.52 2/2882 28031
7.53 8.23 9.52 7/2882 28058
7.53 8.23 9.52 3/2882 28087
8.45 8.41 9.57 4/2882 28121
8.45 8.41 9.57 6/2878 28148
8.45 8.41 9.57 5/2882 28181
8.45 8.41 9.57 2/2882 28208
8.45 8.41 9.57 6/2879 28247
8.97 8.52 9.60 3/2875 28275
8.97 8.52 9.60 9/2879 28308
8.97 8.52 9.60 3/2879 28335
8.97 8.52 9.60 1/2879 28362
8.97 8.52 9.60 7/2877 28389
9.46 8.63 9.63 4/2877 28417
9.46 8.63 9.63 2/2877 28444
