8.69 8.33 7.55 10/2689 27775
8.69 8.33 7.55 2/2688 27794
8.69 8.33 7.55 1/2680 27814
8.69 8.33 7.55 1/2680 27833
8.69 8.33 7.55 2/2680 27857
8.47 8.29 7.54 4/2680 27876
8.47 8.29 7.54 5/2680 27895
8.47 8.29 7.54 2/2680 27914
8.47 8.29 7.54 2/2680 27933
8.47 8.29 7.54 7/2680 27952
8.52 8.30 7.55 2/2682 27973
8.52 8.30 7.55 2/2682 27992
8.52 8.30 7.55 1/2682 28011
8.52 8.30 7.55 2/2682 28030
8.52 8.30 7.55 4/2682 28049
8.56 8.32 7.56 2/2682 28068
8.56 8.32 7.56 4/2683 28088
8.56 8.32 7.56 1/2683 28107
8.56 8.32 7.56 2/2683 28126
8.56 8.32 7.56 1/2683 28145
8.99 8.41 7.59 3/2683 28164
8.99 8.41 7.59 1/2683 28183
8.99 8.41 7.59 3/2683 28203
8.99 8.41 7.59 8/2685 28224
8.99 8.41 7.59 5/2685 28243
8.99 8.42 7.60 5/2685 28262
8.99 8.42 7.60 3/2685 28281
8.99 8.42 7.60 5/2686 28301
8.99 8.42 7.60 3/2686 28320
8.99 8.42 7.60 6/2686 28339
8.99 8.42 7.60 4/2686 28358
8.75 8.38 7.59 4/2686 28377
8.75 8.38 7.59 7/2686 28396
8.75 8.38 7.59 2/2686 28415
8.75 8.38 7.59 2/2685 28434
8.75 8.38 7.59 4/2685 28453
8.85 8.41 7.60 2/2684 28472
8.85 8.41 7.60 2/2684 28491
8.85 8.41 7.60 2/2684 28510
8.85 8.41 7.60 4/2684 28529
8.62 8.37 7.60 3/2684 28548
8.62 8.37 7.60 1/2684 28567
8.62 8.37 7.60 5/2684 28586
8.62 8.37 7.60 2/2684 28605
8.62 8.37 7.60 3/2684 28624
8.62 8.37 7.60 4/2684 28643
8.41 8.33 7.59 5/2684 28666
8.41 8.33 7.59 6/2684 28685
8.41 8.33 7.59 3/2684 28704
8.41 8.33 7.59 2/2684 28723
8.14 8.27 7.57 3/2684 28742
8.14 8.27 7.57 1/2684 28761
8.14 8.27 7.57 3/2682 28780
8.14 8.27 7.57 7/2682 28799
8.14 8.27 7.57 3/2682 28818
8.14 8.27 7.57 2/2681 28837
7.97 8.23 7.56 4/2681 28856
7.97 8.23 7.56 5/2681 28875
7.97 8.23 7.56 5/2681 28894
7.97 8.23 7.56 3/2681 28913
7.97 8.23 7.56 2/2681 28932
7.89 8.21 7.56 5/2682 28952
7.89 8.21 7.56 6/2681 28971
7.89 8.21 7.56 2/2681 28990
7.89 8.21 7.56 2/2681 29009
7.89 8.21 7.56 2/2681 29028
8.30 8.29 7.59 6/2681 29047
8.30 8.29 7.59 2/2681 29066
8.30 8.29 7.59 3/2681 29085
8.30 8.29 7.59 7/2681 29104
8.30 8.29 7.59 7/2681 29123
8.36 8.31 7.60 4/2681 29142
8.36 8.31 7.60 6/2681 29161
8.36 8.31 7.60 5/2681 29180
8.36 8.31 7.60 5/2681 29201
8.36 8.31 7.60 3/2681 29220
8.41 8.32 7.61 4/2681 29240
8.41 8.32 7.61 2/2681 29259
8.41 8.32 7.61 2/2680 29278
8.41 8.32 7.61 4/2680 29297
8.41 8.32 7.61 4/2680 29316
8.30 8.30 7.60 2/2680 29335
8.30 8.30 7.60 4/2680 29354
8.30 8.30 7.60 7/2680 29373
8.30 8.30 7.60 4/2680 29392
8.30 8.30 7.60 6/2680 29411
8.35 8.31 7.61 8/2680 29430
8.35 8.31 7.61 3/2679 29449
8.35 8.31 7.61 2/2679 29468
8.35 8.31 7.61 6/2679 29487
8.35 8.31 7.61 4/2679 29506
8.56 8.35 7.63 4/2679 29525
8.56 8.35 7.63 4/2679 29544
8.56 8.35 7.63 3/2679 29563
8.56 8.35 7.63 6/2679 29582
8.56 8.35 7.63 8/2679 29601
9.08 8.46 7.67 1/2679 29620
9.08 8.46 7.67 7/2679 29639
9.08 8.46 7.67 1/2679 29658
9.08 8.46 7.67 3/2679 29677
9.08 8.46 7.67 6/2679 29696
8.75 8.41 7.65 3/2678 29715
8.75 8.41 7.65 2/2678 29734
8.75 8.41 7.65 7/2678 29753
8.75 8.41 7.65 2/2677 29772
8.75 8.41 7.65 7/2677 29791
8.85 8.43 7.67 2/2677 29810
8.85 8.43 7.67 4/2677 29833
8.85 8.43 7.67 5/2677 29852
8.85 8.43 7.67 4/2676 29871
8.85 8.43 7.67 5/2676 29890
9.19 8.51 7.70 1/2676 29909
9.19 8.51 7.70 10/2676 29928
9.19 8.51 7.70 4/2677 29948
9.19 8.51 7.70 3/2677 29967
9.19 8.51 7.70 3/2677 29986
9.25 8.53 7.71 5/2677 30005
9.25 8.53 7.71 4/2677 30024
9.25 8.53 7.71 1/2677 30043
9.25 8.53 7.71 4/2676 30062
9.25 8.53 7.71 4/2676 30081
8.99 8.49 7.70 1/2677 30101
8.99 8.49 7.70 4/2677 30120
8.99 8.49 7.70 4/2677 30139
8.99 8.49 7.70 5/2677 30158
8.99 8.49 7.70 3/2677 30177
8.99 8.50 7.71 1/2677 30196
8.99 8.50 7.71 5/2677 30215
8.99 8.50 7.71 3/2677 30234
8.99 8.50 7.71 4/2677 30253
8.99 8.50 7.71 2/2677 30272
8.91 8.49 7.71 11/2677 30291
8.91 8.49 7.71 8/2677 30310
8.91 8.49 7.71 5/2677 30329
8.91 8.49 7.71 1/2677 30348
8.91 8.49 7.71 4/2677 30367
8.76 8.47 7.70 3/2677 30386
8.76 8.47 7.70 2/2677 30405
8.76 8.47 7.70 4/2677 30424
8.76 8.47 7.70 4/2677 30443
8.76 8.47 7.70 1/2677 30462
8.70 8.46 7.71 3/2677 30481
8.70 8.46 7.71 4/2677 30500
8.70 8.46 7.71 2/2676 30519
8.70 8.46 7.71 2/2676 30538
8.70 8.46 7.71 1/2675 30557
8.80 8.48 7.72 3/2675 30576
8.80 8.48 7.72 6/2675 30595
8.80 8.48 7.72 3/2675 30614
8.80 8.48 7.72 7/2674 30633
8.80 8.48 7.72 1/2674 30652
9.06 8.54 7.74 2/2674 30671
9.06 8.54 7.74 8/2674 30690
9.06 8.54 7.74 2/2674 30709
9.06 8.54 7.74 3/2675 30729
9.06 8.54 7.74 4/2674 30748
8.81 8.50 7.73 4/2675 30768
8.81 8.50 7.73 5/2675 30787
8.81 8.50 7.73 3/2675 30806
8.81 8.50 7.73 3/2675 30825
8.81 8.50 7.73 9/2675 30844
9.23 8.59 7.77 2/2675 30863
9.23 8.59 7.77 1/2675 30882
9.23 8.59 7.77 5/2675 30901
9.23 8.59 7.77 2/2676 30921
9.23 8.59 7.77 5/2676 30940
9.29 8.62 7.78 4/2676 30959
9.29 8.62 7.78 1/2674 30982
9.29 8.62 7.78 6/2674 31001
9.29 8.62 7.78 2/2674 31020
9.29 8.62 7.78 1/2675 31040
9.11 8.59 7.77 3/2675 31059
9.11 8.59 7.77 8/2675 31078
9.11 8.59 7.77 2/2675 31097
9.11 8.59 7.77 1/2675 31116
9.11 8.59 7.77 5/2675 31135
9.10 8.60 7.78 6/2675 31154
9.10 8.60 7.78 3/2675 31173
9.10 8.60 7.78 1/2675 31192
9.10 8.60 7.78 4/2675 31211
9.10 8.60 7.78 3/2675 31230
9.17 8.62 7.79 7/2675 31252
9.17 8.62 7.79 5/2675 31271
9.17 8.62 7.79 5/2675 31290
9.17 8.62 7.79 2/2675 31309
9.17 8.62 7.79 3/2675 31328
9.08 8.61 7.79 4/2674 31347
9.08 8.61 7.79 3/2674 31366
9.08 8.61 7.79 4/2674 31385
9.08 8.61 7.79 2/2674 31404
9.08 8.61 7.79 3/2674 31423
8.75 8.55 7.78 3/2674 31442
8.75 8.55 7.78 5/2674 31461
8.75 8.55 7.78 5/2674 31480
8.75 8.55 7.78 2/2675 31500
8.75 8.55 7.78 3/2675 31519
8.69 8.54 7.78 3/2675 31538
8.69 8.54 7.78 6/2675 31558
8.69 8.54 7.78 7/2675 31577
8.69 8.54 7.78 3/2676 31597
8.69 8.54 7.78 7/2676 31616
8.63 8.53 7.78 5/2676 31635
8.63 8.53 7.78 5/2676 31654
8.63 8.53 7.78 1/2676 31674
8.63 8.53 7.78 4/2676 31693
8.63 8.53 7.78 2/2676 31712
8.50 8.50 7.78 3/2676 31731
8.50 8.50 7.78 3/2676 31750
8.50 8.50 7.78 2/2676 31769
8.50 8.50 7.78 6/2676 31788
8.50 8.50 7.78 3/2677 31808
8.46 8.50 7.78 4/2677 31827
8.46 8.50 7.78 5/2677 31846
8.46 8.50 7.78 8/2677 31865
8.46 8.50 7.78 2/2677 31884
8.46 8.50 7.78 2/2677 31903
8.27 8.45 7.77 2/2677 31922
8.27 8.45 7.77 8/2677 31941
8.27 8.45 7.77 5/2677 31960
8.27 8.45 7.77 7/2677 31979
8.27 8.45 7.77 7/2677 31998
8.24 8.45 7.77 4/2677 32017
8.24 8.45 7.77 5/2677 32036
8.24 8.45 7.77 4/2677 32055
8.24 8.45 7.77 1/2676 32074
8.24 8.45 7.77 7/2676 32093
8.06 8.40 7.76 4/2676 32112
8.06 8.40 7.76 7/2676 32135
8.06 8.40 7.76 3/2676 32154
8.06 8.40 7.76 4/2676 32173
8.06 8.40 7.76 2/2676 32192
7.82 8.35 7.75 10/2676 32211
7.82 8.35 7.75 3/2676 32230
7.82 8.35 7.75 3/2676 32249
7.82 8.35 7.75 2/2676 32268
7.82 8.35 7.75 11/2676 32287
7.75 8.33 7.74 6/2676 32306
7.75 8.33 7.74 2/2676 32325
7.75 8.33 7.74 5/2676 32344
7.75 8.33 7.74 1/2676 32363
7.75 8.33 7.74 8/2676 32382
7.77 8.32 7.74 6/2676 32401
7.77 8.32 7.74 6/2676 32420
7.77 8.32 7.74 4/2676 32439
7.77 8.32 7.74 5/2676 32458
7.77 8.32 7.74 8/2690 32491
8.11 8.38 7.77 39/2691 32524
8.11 8.38 7.77 2/2692 32545
8.11 8.38 7.77 2/2692 32564
8.11 8.38 7.77 3/2692 32583
8.11 8.38 7.77 6/2692 32602
