Current Battery Service state:
  AC powered: false
  USB powered: false
  Wireless powered: false
  Max charging current: 0
  Max charging voltage: 0
  Charge counter: 2176382
  status: 3
  health: 2
  present: true
  level: 34
  scale: 100
  voltage: 3591
  temperature: 262
  technology: Li-ion
Current Battery Service state:
  AC powered: false
  USB powered: false
  Wireless powered: false
  Max charging current: 0
  Max charging voltage: 0
  Charge counter: 2176382
  status: 3
  health: 2
  present: true
  level: 34
  scale: 100
  voltage: 3591
  temperature: 262
  technology: Li-ion
Current Battery Service state:
  AC powered: false
  USB powered: false
  Wireless powered: false
  Max charging current: 0
  Max charging voltage: 0
  Charge counter: 2176382
  status: 3
  health: 2
  present: true
  level: 34
  scale: 100
  voltage: 3591
  temperature: 262
  technology: Li-ion
Current Battery Service state:
  AC powered: false
  USB powered: false
  Wireless powered: false
  Max charging current: 0
  Max charging voltage: 0
  Charge counter: 2176382
  status: 3
  health: 2
  present: true
  level: 34
  scale: 100
  voltage: 3591
  temperature: 262
  technology: Li-ion
Current Battery Service state:
  AC powered: false
  USB powered: false
  Wireless powered: false
  Max charging current: 0
  Max charging voltage: 0
  Charge counter: 2176382
  status: 3
  health: 2
  present: true
  level: 34
  scale: 100
  voltage: 3591
  temperature: 262
  technology: Li-ion
Current Battery Service state:
  AC powered: false
  USB powered: false
  Wireless powered: false
  Max charging current: 0
  Max charging voltage: 0
  Charge counter: 2176382
  status: 3
  health: 2
  present: true
  level: 34
  scale: 100
  voltage: 3591
  temperature: 262
  technology: Li-ion
Current Battery Service state:
  AC powered: false
  USB powered: false
  Wireless powered: false
  Max charging current: 0
  Max charging voltage: 0
  Charge counter: 2176382
  status: 3
  health: 2
  present: true
  level: 34
  scale: 100
  voltage: 3591
  temperature: 262
  technology: Li-ion
Current Battery Service state:
  AC powered: false
  USB powered: false
  Wireless powered: false
  Max charging current: 0
  Max charging voltage: 0
  Charge counter: 2176382
  status: 3
  health: 2
  present: true
  level: 34
  scale: 100
  voltage: 3591
  temperature: 262
  technology: Li-ion
Current Battery Service state:
  AC powered: false
  USB powered: false
  Wireless powered: false
  Max charging current: 0
  Max charging voltage: 0
  Charge counter: 2176382
  status: 3
  health: 2
  present: true
  level: 34
  scale: 100
  voltage: 3591
  temperature: 262
  technology: Li-ion
Current Battery Service state:
  AC powered: false
  USB powered: false
  Wireless powered: false
  Max charging current: 0
  Max charging voltage: 0
  Charge counter: 2176382
  status: 3
  health: 2
  present: true
  level: 34
  scale: 100
  voltage: 3591
  temperature: 262
  technology: Li-ion
Current Battery Service state:
  AC powered: false
  USB powered: false
  Wireless powered: false
  Max charging current: 0
  Max charging voltage: 0
  Charge counter: 2171564
  status: 3
  health: 2
  present: true
  level: 34
  scale: 100
  voltage: 3587
  temperature: 262
  technology: Li-ion
Current Battery Service state:
  AC powered: false
  USB powered: false
  Wireless powered: false
  Max charging current: 0
  Max charging voltage: 0
  Charge counter: 2171564
  status: 3
  health: 2
  present: true
  level: 34
  scale: 100
  voltage: 3587
  temperature: 262
  technology: Li-ion
Current Battery Service state:
  AC powered: false
  USB powered: false
  Wireless powered: false
  Max charging current: 0
  Max charging voltage: 0
  Charge counter: 2171564
  status: 3
  health: 2
  present: true
  level: 34
  scale: 100
  voltage: 3587
  temperature: 262
  technology: Li-ion
Current Battery Service state:
  AC powered: false
  USB powered: false
  Wireless powered: false
  Max charging current: 0
  Max charging voltage: 0
  Charge counter: 2171564
  status: 3
  health: 2
  present: true
  level: 34
  scale: 100
  voltage: 3587
  temperature: 262
  technology: Li-ion
Current Battery Service state:
  AC powered: false
  USB powered: false
  Wireless powered: false
  Max charging current: 0
  Max charging voltage: 0
  Charge counter: 2171564
  status: 3
  health: 2
  present: true
  level: 34
  scale: 100
  voltage: 3587
  temperature: 262
  technology: Li-ion
Current Battery Service state:
  AC powered: false
  USB powered: false
  Wireless powered: false
  Max charging current: 0
  Max charging voltage: 0
  Charge counter: 2171564
  status: 3
  health: 2
  present: true
  level: 34
  scale: 100
  voltage: 3587
  temperature: 262
  technology: Li-ion
Current Battery Service state:
  AC powered: false
  USB powered: false
  Wireless powered: false
  Max charging current: 0
  Max charging voltage: 0
  Charge counter: 2171564
  status: 3
  health: 2
  present: true
  level: 34
  scale: 100
  voltage: 3587
  temperature: 262
  technology: Li-ion
Current Battery Service state:
  AC powered: false
  USB powered: false
  Wireless powered: false
  Max charging current: 0
  Max charging voltage: 0
  Charge counter: 2171564
  status: 3
  health: 2
  present: true
  level: 34
  scale: 100
  voltage: 3587
  temperature: 262
  technology: Li-ion
Current Battery Service state:
  AC powered: false
  USB powered: false
  Wireless powered: false
  Max charging current: 0
  Max charging voltage: 0
  Charge counter: 2171564
  status: 3
  health: 2
  present: true
  level: 34
  scale: 100
  voltage: 3587
  temperature: 262
  technology: Li-ion
Current Battery Service state:
  AC powered: false
  USB powered: false
  Wireless powered: false
  Max charging current: 0
  Max charging voltage: 0
  Charge counter: 2171564
  status: 3
  health: 2
  present: true
  level: 34
  scale: 100
  voltage: 3587
  temperature: 262
  technology: Li-ion
Current Battery Service state:
  AC powered: false
  USB powered: false
  Wireless powered: false
  Max charging current: 0
  Max charging voltage: 0
  Charge counter: 2165801
  status: 3
  health: 2
  present: true
  level: 34
  scale: 100
  voltage: 3570
  temperature: 265
  technology: Li-ion
Current Battery Service state:
  AC powered: false
  USB powered: false
  Wireless powered: false
  Max charging current: 0
  Max charging voltage: 0
  Charge counter: 2165801
  status: 3
  health: 2
  present: true
  level: 34
  scale: 100
  voltage: 3570
  temperature: 265
  technology: Li-ion
Current Battery Service state:
  AC powered: false
  USB powered: false
  Wireless powered: false
  Max charging current: 0
  Max charging voltage: 0
  Charge counter: 2165801
  status: 3
  health: 2
  present: true
  level: 34
  scale: 100
  voltage: 3570
  temperature: 265
  technology: Li-ion
Current Battery Service state:
  AC powered: false
  USB powered: false
  Wireless powered: false
  Max charging current: 0
  Max charging voltage: 0
  Charge counter: 2165801
  status: 3
  health: 2
  present: true
  level: 34
  scale: 100
  voltage: 3570
  temperature: 265
  technology: Li-ion
Current Battery Service state:
  AC powered: false
  USB powered: false
  Wireless powered: false
  Max charging current: 0
  Max charging voltage: 0
  Charge counter: 2165801
  status: 3
  health: 2
  present: true
  level: 34
  scale: 100
  voltage: 3570
  temperature: 265
  technology: Li-ion
Current Battery Service state:
  AC powered: false
  USB powered: false
  Wireless powered: false
  Max charging current: 0
  Max charging voltage: 0
  Charge counter: 2165801
  status: 3
  health: 2
  present: true
  level: 34
  scale: 100
  voltage: 3570
  temperature: 265
  technology: Li-ion
Current Battery Service state:
  AC powered: false
  USB powered: false
  Wireless powered: false
  Max charging current: 0
  Max charging voltage: 0
  Charge counter: 2165801
  status: 3
  health: 2
  present: true
  level: 34
  scale: 100
  voltage: 3570
  temperature: 265
  technology: Li-ion
Current Battery Service state:
  AC powered: false
  USB powered: false
  Wireless powered: false
  Max charging current: 0
  Max charging voltage: 0
  Charge counter: 2160670
  status: 3
  health: 2
  present: true
  level: 34
  scale: 100
  voltage: 3573
  temperature: 262
  technology: Li-ion
Current Battery Service state:
  AC powered: false
  USB powered: false
  Wireless powered: false
  Max charging current: 0
  Max charging voltage: 0
  Charge counter: 2160670
  status: 3
  health: 2
  present: true
  level: 34
  scale: 100
  voltage: 3573
  temperature: 262
  technology: Li-ion
Current Battery Service state:
  AC powered: false
  USB powered: false
  Wireless powered: false
  Max charging current: 0
  Max charging voltage: 0
  Charge counter: 2160670
  status: 3
  health: 2
  present: true
  level: 34
  scale: 100
  voltage: 3573
  temperature: 262
  technology: Li-ion
Current Battery Service state:
  AC powered: false
  USB powered: false
  Wireless powered: false
  Max charging current: 0
  Max charging voltage: 0
  Charge counter: 2159448
  status: 3
  health: 2
  present: true
  level: 34
  scale: 100
  voltage: 3572
  temperature: 262
  technology: Li-ion
Current Battery Service state:
  AC powered: false
  USB powered: false
  Wireless powered: false
  Max charging current: 0
  Max charging voltage: 0
  Charge counter: 2159448
  status: 3
  health: 2
  present: true
  level: 34
  scale: 100
  voltage: 3572
  temperature: 262
  technology: Li-ion
Current Battery Service state:
  AC powered: false
  USB powered: false
  Wireless powered: false
  Max charging current: 0
  Max charging voltage: 0
  Charge counter: 2159448
  status: 3
  health: 2
  present: true
  level: 34
  scale: 100
  voltage: 3572
  temperature: 262
  technology: Li-ion
Current Battery Service state:
  AC powered: false
  USB powered: false
  Wireless powered: false
  Max charging current: 0
  Max charging voltage: 0
  Charge counter: 2159448
  status: 3
  health: 2
  present: true
  level: 34
  scale: 100
  voltage: 3572
  temperature: 262
  technology: Li-ion
Current Battery Service state:
  AC powered: false
  USB powered: false
  Wireless powered: false
  Max charging current: 0
  Max charging voltage: 0
  Charge counter: 2159448
  status: 3
  health: 2
  present: true
  level: 34
  scale: 100
  voltage: 3572
  temperature: 262
  technology: Li-ion
Current Battery Service state:
  AC powered: false
  USB powered: false
  Wireless powered: false
  Max charging current: 0
  Max charging voltage: 0
  Charge counter: 2159448
  status: 3
  health: 2
  present: true
  level: 34
  scale: 100
  voltage: 3572
  temperature: 262
  technology: Li-ion
Current Battery Service state:
  AC powered: false
  USB powered: false
  Wireless powered: false
  Max charging current: 0
  Max charging voltage: 0
  Charge counter: 2159448
  status: 3
  health: 2
  present: true
  level: 34
  scale: 100
  voltage: 3572
  temperature: 262
  technology: Li-ion
Current Battery Service state:
  AC powered: false
  USB powered: false
  Wireless powered: false
  Max charging current: 0
  Max charging voltage: 0
  Charge counter: 2159448
  status: 3
  health: 2
  present: true
  level: 34
  scale: 100
  voltage: 3572
  temperature: 262
  technology: Li-ion
Current Battery Service state:
  AC powered: false
  USB powered: false
  Wireless powered: false
  Max charging current: 0
  Max charging voltage: 0
  Charge counter: 2159448
  status: 3
  health: 2
  present: true
  level: 34
  scale: 100
  voltage: 3572
  temperature: 262
  technology: Li-ion
Current Battery Service state:
  AC powered: false
  USB powered: false
  Wireless powered: false
  Max charging current: 0
  Max charging voltage: 0
  Charge counter: 2159448
  status: 3
  health: 2
  present: true
  level: 34
  scale: 100
  voltage: 3572
  temperature: 262
  technology: Li-ion
Current Battery Service state:
  AC powered: false
  USB powered: false
  Wireless powered: false
  Max charging current: 0
  Max charging voltage: 0
  Charge counter: 2153355
  status: 3
  health: 2
  present: true
  level: 34
  scale: 100
  voltage: 3571
  temperature: 267
  technology: Li-ion
Current Battery Service state:
  AC powered: false
  USB powered: false
  Wireless powered: false
  Max charging current: 0
  Max charging voltage: 0
  Charge counter: 2153355
  status: 3
  health: 2
  present: true
  level: 34
  scale: 100
  voltage: 3571
  temperature: 267
  technology: Li-ion
Current Battery Service state:
  AC powered: false
  USB powered: false
  Wireless powered: false
  Max charging current: 0
  Max charging voltage: 0
  Charge counter: 2153355
  status: 3
  health: 2
  present: true
  level: 34
  scale: 100
  voltage: 3571
  temperature: 267
  technology: Li-ion
Current Battery Service state:
  AC powered: false
  USB powered: false
  Wireless powered: false
  Max charging current: 0
  Max charging voltage: 0
  Charge counter: 2153355
  status: 3
  health: 2
  present: true
  level: 34
  scale: 100
  voltage: 3571
  temperature: 267
  technology: Li-ion
Current Battery Service state:
  AC powered: false
  USB powered: false
  Wireless powered: false
  Max charging current: 0
  Max charging voltage: 0
  Charge counter: 2153355
  status: 3
  health: 2
  present: true
  level: 34
  scale: 100
  voltage: 3571
  temperature: 267
  technology: Li-ion
Current Battery Service state:
  AC powered: false
  USB powered: false
  Wireless powered: false
  Max charging current: 0
  Max charging voltage: 0
  Charge counter: 2153355
  status: 3
  health: 2
  present: true
  level: 34
  scale: 100
  voltage: 3571
  temperature: 267
  technology: Li-ion
Current Battery Service state:
  AC powered: false
  USB powered: false
  Wireless powered: false
  Max charging current: 0
  Max charging voltage: 0
  Charge counter: 2153355
  status: 3
  health: 2
  present: true
  level: 34
  scale: 100
  voltage: 3571
  temperature: 267
  technology: Li-ion
Current Battery Service state:
  AC powered: false
  USB powered: false
  Wireless powered: false
  Max charging current: 0
  Max charging voltage: 0
  Charge counter: 2153355
  status: 3
  health: 2
  present: true
  level: 34
  scale: 100
  voltage: 3571
  temperature: 267
  technology: Li-ion
Current Battery Service state:
  AC powered: false
  USB powered: false
  Wireless powered: false
  Max charging current: 0
  Max charging voltage: 0
  Charge counter: 2153355
  status: 3
  health: 2
  present: true
  level: 34
  scale: 100
  voltage: 3571
  temperature: 267
  technology: Li-ion
Current Battery Service state:
  AC powered: false
  USB powered: false
  Wireless powered: false
  Max charging current: 0
  Max charging voltage: 0
  Charge counter: 2153355
  status: 3
  health: 2
  present: true
  level: 34
  scale: 100
  voltage: 3571
  temperature: 267
  technology: Li-ion
Current Battery Service state:
  AC powered: false
  USB powered: false
  Wireless powered: false
  Max charging current: 0
  Max charging voltage: 0
  Charge counter: 2147507
  status: 3
  health: 2
  present: true
  level: 34
  scale: 100
  voltage: 3567
  temperature: 267
  technology: Li-ion
Current Battery Service state:
  AC powered: false
  USB powered: false
  Wireless powered: false
  Max charging current: 0
  Max charging voltage: 0
  Charge counter: 2147507
  status: 3
  health: 2
  present: true
  level: 34
  scale: 100
  voltage: 3567
  temperature: 267
  technology: Li-ion
Current Battery Service state:
  AC powered: false
  USB powered: false
  Wireless powered: false
  Max charging current: 0
  Max charging voltage: 0
  Charge counter: 2147507
  status: 3
  health: 2
  present: true
  level: 34
  scale: 100
  voltage: 3567
  temperature: 267
  technology: Li-ion
Current Battery Service state:
  AC powered: false
  USB powered: false
  Wireless powered: false
  Max charging current: 0
  Max charging voltage: 0
  Charge counter: 2147507
  status: 3
  health: 2
  present: true
  level: 34
  scale: 100
  voltage: 3567
  temperature: 267
  technology: Li-ion
Current Battery Service state:
  AC powered: false
  USB powered: false
  Wireless powered: false
  Max charging current: 0
  Max charging voltage: 0
  Charge counter: 2147507
  status: 3
  health: 2
  present: true
  level: 34
  scale: 100
  voltage: 3567
  temperature: 267
  technology: Li-ion
Current Battery Service state:
  AC powered: false
  USB powered: false
  Wireless powered: false
  Max charging current: 0
  Max charging voltage: 0
  Charge counter: 2147507
  status: 3
  health: 2
  present: true
  level: 34
  scale: 100
  voltage: 3567
  temperature: 267
  technology: Li-ion
Current Battery Service state:
  AC powered: false
  USB powered: false
  Wireless powered: false
  Max charging current: 0
  Max charging voltage: 0
  Charge counter: 2147507
  status: 3
  health: 2
  present: true
  level: 34
  scale: 100
  voltage: 3567
  temperature: 267
  technology: Li-ion
Current Battery Service state:
  AC powered: false
  USB powered: false
  Wireless powered: false
  Max charging current: 0
  Max charging voltage: 0
  Charge counter: 2147507
  status: 3
  health: 2
  present: true
  level: 34
  scale: 100
  voltage: 3567
  temperature: 267
  technology: Li-ion
Current Battery Service state:
  AC powered: false
  USB powered: false
  Wireless powered: false
  Max charging current: 0
  Max charging voltage: 0
  Charge counter: 2147507
  status: 3
  health: 2
  present: true
  level: 34
  scale: 100
  voltage: 3567
  temperature: 267
  technology: Li-ion
Current Battery Service state:
  AC powered: false
  USB powered: false
  Wireless powered: false
  Max charging current: 0
  Max charging voltage: 0
  Charge counter: 2147507
  status: 3
  health: 2
  present: true
  level: 34
  scale: 100
  voltage: 3567
  temperature: 267
  technology: Li-ion
Current Battery Service state:
  AC powered: false
  USB powered: false
  Wireless powered: false
  Max charging current: 0
  Max charging voltage: 0
  Charge counter: 2141210
  status: 3
  health: 2
  present: true
  level: 34
  scale: 100
  voltage: 3566
  temperature: 265
  technology: Li-ion
Current Battery Service state:
  AC powered: false
  USB powered: false
  Wireless powered: false
  Max charging current: 0
  Max charging voltage: 0
  Charge counter: 2141210
  status: 3
  health: 2
  present: true
  level: 34
  scale: 100
  voltage: 3566
  temperature: 265
  technology: Li-ion
Current Battery Service state:
  AC powered: false
  USB powered: false
  Wireless powered: false
  Max charging current: 0
  Max charging voltage: 0
  Charge counter: 2141210
  status: 3
  health: 2
  present: true
  level: 34
  scale: 100
  voltage: 3566
  temperature: 265
  technology: Li-ion
Current Battery Service state:
  AC powered: false
  USB powered: false
  Wireless powered: false
  Max charging current: 0
  Max charging voltage: 0
  Charge counter: 2138541
  status: 3
  health: 2
  present: true
  level: 34
  scale: 100
  voltage: 3565
  temperature: 270
  technology: Li-ion
Current Battery Service state:
  AC powered: false
  USB powered: false
  Wireless powered: false
  Max charging current: 0
  Max charging voltage: 0
  Charge counter: 2138541
  status: 3
  health: 2
  present: true
  level: 34
  scale: 100
  voltage: 3565
  temperature: 270
  technology: Li-ion
Current Battery Service state:
  AC powered: false
  USB powered: false
  Wireless powered: false
  Max charging current: 0
  Max charging voltage: 0
  Charge counter: 2138541
  status: 3
  health: 2
  present: true
  level: 34
  scale: 100
  voltage: 3565
  temperature: 270
  technology: Li-ion
Current Battery Service state:
  AC powered: false
  USB powered: false
  Wireless powered: false
  Max charging current: 0
  Max charging voltage: 0
  Charge counter: 2138541
  status: 3
  health: 2
  present: true
  level: 34
  scale: 100
  voltage: 3565
  temperature: 270
  technology: Li-ion
Current Battery Service state:
  AC powered: false
  USB powered: false
  Wireless powered: false
  Max charging current: 0
  Max charging voltage: 0
  Charge counter: 2138541
  status: 3
  health: 2
  present: true
  level: 34
  scale: 100
  voltage: 3565
  temperature: 270
  technology: Li-ion
Current Battery Service state:
  AC powered: false
  USB powered: false
  Wireless powered: false
  Max charging current: 0
  Max charging voltage: 0
  Charge counter: 2138541
  status: 3
  health: 2
  present: true
  level: 34
  scale: 100
  voltage: 3565
  temperature: 270
  technology: Li-ion
Current Battery Service state:
  AC powered: false
  USB powered: false
  Wireless powered: false
  Max charging current: 0
  Max charging voltage: 0
  Charge counter: 2138541
  status: 3
  health: 2
  present: true
  level: 34
  scale: 100
  voltage: 3565
  temperature: 270
  technology: Li-ion
Current Battery Service state:
  AC powered: false
  USB powered: false
  Wireless powered: false
  Max charging current: 0
  Max charging voltage: 0
  Charge counter: 2134755
  status: 3
  health: 2
  present: true
  level: 34
  scale: 100
  voltage: 3563
  temperature: 270
  technology: Li-ion
Current Battery Service state:
  AC powered: false
  USB powered: false
  Wireless powered: false
  Max charging current: 0
  Max charging voltage: 0
  Charge counter: 2134755
  status: 3
  health: 2
  present: true
  level: 34
  scale: 100
  voltage: 3563
  temperature: 270
  technology: Li-ion
Current Battery Service state:
  AC powered: false
  USB powered: false
  Wireless powered: false
  Max charging current: 0
  Max charging voltage: 0
  Charge counter: 2134755
  status: 3
  health: 2
  present: true
  level: 34
  scale: 100
  voltage: 3563
  temperature: 270
  technology: Li-ion
Current Battery Service state:
  AC powered: false
  USB powered: false
  Wireless powered: false
  Max charging current: 0
  Max charging voltage: 0
  Charge counter: 2134755
  status: 3
  health: 2
  present: true
  level: 34
  scale: 100
  voltage: 3563
  temperature: 270
  technology: Li-ion
Current Battery Service state:
  AC powered: false
  USB powered: false
  Wireless powered: false
  Max charging current: 0
  Max charging voltage: 0
  Charge counter: 2134755
  status: 3
  health: 2
  present: true
  level: 34
  scale: 100
  voltage: 3563
  temperature: 270
  technology: Li-ion
Current Battery Service state:
  AC powered: false
  USB powered: false
  Wireless powered: false
  Max charging current: 0
  Max charging voltage: 0
  Charge counter: 2134755
  status: 3
  health: 2
  present: true
  level: 34
  scale: 100
  voltage: 3563
  temperature: 270
  technology: Li-ion
Current Battery Service state:
  AC powered: false
  USB powered: false
  Wireless powered: false
  Max charging current: 0
  Max charging voltage: 0
  Charge counter: 2134755
  status: 3
  health: 2
  present: true
  level: 34
  scale: 100
  voltage: 3563
  temperature: 270
  technology: Li-ion
Current Battery Service state:
  AC powered: false
  USB powered: false
  Wireless powered: false
  Max charging current: 0
  Max charging voltage: 0
  Charge counter: 2134755
  status: 3
  health: 2
  present: true
  level: 34
  scale: 100
  voltage: 3563
  temperature: 270
  technology: Li-ion
Current Battery Service state:
  AC powered: false
  USB powered: false
  Wireless powered: false
  Max charging current: 0
  Max charging voltage: 0
  Charge counter: 2134755
  status: 3
  health: 2
  present: true
  level: 34
  scale: 100
  voltage: 3563
  temperature: 270
  technology: Li-ion
Current Battery Service state:
  AC powered: false
  USB powered: false
  Wireless powered: false
  Max charging current: 0
  Max charging voltage: 0
  Charge counter: 2134755
  status: 3
  health: 2
  present: true
  level: 34
  scale: 100
  voltage: 3563
  temperature: 270
  technology: Li-ion
Current Battery Service state:
  AC powered: false
  USB powered: false
  Wireless powered: false
  Max charging current: 0
  Max charging voltage: 0
  Charge counter: 2128519
  status: 3
  health: 2
  present: true
  level: 33
  scale: 100
  voltage: 3561
  temperature: 270
  technology: Li-ion
Current Battery Service state:
  AC powered: false
  USB powered: false
  Wireless powered: false
  Max charging current: 0
  Max charging voltage: 0
  Charge counter: 2128519
  status: 3
  health: 2
  present: true
  level: 33
  scale: 100
  voltage: 3561
  temperature: 270
  technology: Li-ion
Current Battery Service state:
  AC powered: false
  USB powered: false
  Wireless powered: false
  Max charging current: 0
  Max charging voltage: 0
  Charge counter: 2128519
  status: 3
  health: 2
  present: true
  level: 33
  scale: 100
  voltage: 3561
  temperature: 270
  technology: Li-ion
Current Battery Service state:
  AC powered: false
  USB powered: false
  Wireless powered: false
  Max charging current: 0
  Max charging voltage: 0
  Charge counter: 2128519
  status: 3
  health: 2
  present: true
  level: 33
  scale: 100
  voltage: 3561
  temperature: 270
  technology: Li-ion
Current Battery Service state:
  AC powered: false
  USB powered: false
  Wireless powered: false
  Max charging current: 0
  Max charging voltage: 0
  Charge counter: 2128519
  status: 3
  health: 2
  present: true
  level: 33
  scale: 100
  voltage: 3561
  temperature: 270
  technology: Li-ion
Current Battery Service state:
  AC powered: false
  USB powered: false
  Wireless powered: false
  Max charging current: 0
  Max charging voltage: 0
  Charge counter: 2125248
  status: 3
  health: 2
  present: true
  level: 33
  scale: 100
  voltage: 3561
  temperature: 270
  technology: Li-ion
Current Battery Service state:
  AC powered: false
  USB powered: false
  Wireless powered: false
  Max charging current: 0
  Max charging voltage: 0
  Charge counter: 2125248
  status: 3
  health: 2
  present: true
  level: 33
  scale: 100
  voltage: 3561
  temperature: 270
  technology: Li-ion
Current Battery Service state:
  AC powered: false
  USB powered: false
  Wireless powered: false
  Max charging current: 0
  Max charging voltage: 0
  Charge counter: 2125248
  status: 3
  health: 2
  present: true
  level: 33
  scale: 100
  voltage: 3561
  temperature: 270
  technology: Li-ion
Current Battery Service state:
  AC powered: false
  USB powered: false
  Wireless powered: false
  Max charging current: 0
  Max charging voltage: 0
  Charge counter: 2125248
  status: 3
  health: 2
  present: true
  level: 33
  scale: 100
  voltage: 3561
  temperature: 270
  technology: Li-ion
Current Battery Service state:
  AC powered: false
  USB powered: false
  Wireless powered: false
  Max charging current: 0
  Max charging voltage: 0
  Charge counter: 2125248
  status: 3
  health: 2
  present: true
  level: 33
  scale: 100
  voltage: 3561
  temperature: 270
  technology: Li-ion
Current Battery Service state:
  AC powered: false
  USB powered: false
  Wireless powered: false
  Max charging current: 0
  Max charging voltage: 0
  Charge counter: 2122036
  status: 3
  health: 2
  present: true
  level: 33
  scale: 100
  voltage: 3558
  temperature: 272
  technology: Li-ion
Current Battery Service state:
  AC powered: false
  USB powered: false
  Wireless powered: false
  Max charging current: 0
  Max charging voltage: 0
  Charge counter: 2122036
  status: 3
  health: 2
  present: true
  level: 33
  scale: 100
  voltage: 3558
  temperature: 272
  technology: Li-ion
Current Battery Service state:
  AC powered: false
  USB powered: false
  Wireless powered: false
  Max charging current: 0
  Max charging voltage: 0
  Charge counter: 2122036
  status: 3
  health: 2
  present: true
  level: 33
  scale: 100
  voltage: 3558
  temperature: 272
  technology: Li-ion
Current Battery Service state:
  AC powered: false
  USB powered: false
  Wireless powered: false
  Max charging current: 0
  Max charging voltage: 0
  Charge counter: 2122036
  status: 3
  health: 2
  present: true
  level: 33
  scale: 100
  voltage: 3558
  temperature: 272
  technology: Li-ion
Current Battery Service state:
  AC powered: false
  USB powered: false
  Wireless powered: false
  Max charging current: 0
  Max charging voltage: 0
  Charge counter: 2122036
  status: 3
  health: 2
  present: true
  level: 33
  scale: 100
  voltage: 3558
  temperature: 272
  technology: Li-ion
Current Battery Service state:
  AC powered: false
  USB powered: false
  Wireless powered: false
  Max charging current: 0
  Max charging voltage: 0
  Charge counter: 2122036
  status: 3
  health: 2
  present: true
  level: 33
  scale: 100
  voltage: 3558
  temperature: 272
  technology: Li-ion
Current Battery Service state:
  AC powered: false
  USB powered: false
  Wireless powered: false
  Max charging current: 0
  Max charging voltage: 0
  Charge counter: 2122036
  status: 3
  health: 2
  present: true
  level: 33
  scale: 100
  voltage: 3558
  temperature: 272
  technology: Li-ion
Current Battery Service state:
  AC powered: false
  USB powered: false
  Wireless powered: false
  Max charging current: 0
  Max charging voltage: 0
  Charge counter: 2122036
  status: 3
  health: 2
  present: true
  level: 33
  scale: 100
  voltage: 3558
  temperature: 272
  technology: Li-ion
Current Battery Service state:
  AC powered: false
  USB powered: false
  Wireless powered: false
  Max charging current: 0
  Max charging voltage: 0
  Charge counter: 2122036
  status: 3
  health: 2
  present: true
  level: 33
  scale: 100
  voltage: 3558
  temperature: 272
  technology: Li-ion
Current Battery Service state:
  AC powered: false
  USB powered: false
  Wireless powered: false
  Max charging current: 0
  Max charging voltage: 0
  Charge counter: 2122036
  status: 3
  health: 2
  present: true
  level: 33
  scale: 100
  voltage: 3558
  temperature: 272
  technology: Li-ion
Current Battery Service state:
  AC powered: false
  USB powered: false
  Wireless powered: false
  Max charging current: 0
  Max charging voltage: 0
  Charge counter: 2115603
  status: 3
  health: 2
  present: true
  level: 33
  scale: 100
  voltage: 3554
  temperature: 272
  technology: Li-ion
Current Battery Service state:
  AC powered: false
  USB powered: false
  Wireless powered: false
  Max charging current: 0
  Max charging voltage: 0
  Charge counter: 2114567
  status: 3
  health: 2
  present: true
  level: 33
  scale: 100
  voltage: 3552
  temperature: 272
  technology: Li-ion
Current Battery Service state:
  AC powered: false
  USB powered: false
  Wireless powered: false
  Max charging current: 0
  Max charging voltage: 0
  Charge counter: 2114567
  status: 3
  health: 2
  present: true
  level: 33
  scale: 100
  voltage: 3552
  temperature: 272
  technology: Li-ion
Current Battery Service state:
  AC powered: false
  USB powered: false
  Wireless powered: false
  Max charging current: 0
  Max charging voltage: 0
  Charge counter: 2114567
  status: 3
  health: 2
  present: true
  level: 33
  scale: 100
  voltage: 3552
  temperature: 272
  technology: Li-ion
Current Battery Service state:
  AC powered: false
  USB powered: false
  Wireless powered: false
  Max charging current: 0
  Max charging voltage: 0
  Charge counter: 2114567
  status: 3
  health: 2
  present: true
  level: 33
  scale: 100
  voltage: 3552
  temperature: 272
  technology: Li-ion
Current Battery Service state:
  AC powered: false
  USB powered: false
  Wireless powered: false
  Max charging current: 0
  Max charging voltage: 0
  Charge counter: 2114567
  status: 3
  health: 2
  present: true
  level: 33
  scale: 100
  voltage: 3552
  temperature: 272
  technology: Li-ion
Current Battery Service state:
  AC powered: false
  USB powered: false
  Wireless powered: false
  Max charging current: 0
  Max charging voltage: 0
  Charge counter: 2114567
  status: 3
  health: 2
  present: true
  level: 33
  scale: 100
  voltage: 3552
  temperature: 272
  technology: Li-ion
Current Battery Service state:
  AC powered: false
  USB powered: false
  Wireless powered: false
  Max charging current: 0
  Max charging voltage: 0
  Charge counter: 2114567
  status: 3
  health: 2
  present: true
  level: 33
  scale: 100
  voltage: 3552
  temperature: 272
  technology: Li-ion
Current Battery Service state:
  AC powered: false
  USB powered: false
  Wireless powered: false
  Max charging current: 0
  Max charging voltage: 0
  Charge counter: 2114567
  status: 3
  health: 2
  present: true
  level: 33
  scale: 100
  voltage: 3552
  temperature: 272
  technology: Li-ion
Current Battery Service state:
  AC powered: false
  USB powered: false
  Wireless powered: false
  Max charging current: 0
  Max charging voltage: 0
  Charge counter: 2114567
  status: 3
  health: 2
  present: true
  level: 33
  scale: 100
  voltage: 3552
  temperature: 272
  technology: Li-ion
Current Battery Service state:
  AC powered: false
  USB powered: false
  Wireless powered: false
  Max charging current: 0
  Max charging voltage: 0
  Charge counter: 2109304
  status: 3
  health: 2
  present: true
  level: 33
  scale: 100
  voltage: 3554
  temperature: 270
  technology: Li-ion
Current Battery Service state:
  AC powered: false
  USB powered: false
  Wireless powered: false
  Max charging current: 0
  Max charging voltage: 0
  Charge counter: 2109304
  status: 3
  health: 2
  present: true
  level: 33
  scale: 100
  voltage: 3554
  temperature: 270
  technology: Li-ion
Current Battery Service state:
  AC powered: false
  USB powered: false
  Wireless powered: false
  Max charging current: 0
  Max charging voltage: 0
  Charge counter: 2109304
  status: 3
  health: 2
  present: true
  level: 33
  scale: 100
  voltage: 3554
  temperature: 270
  technology: Li-ion
Current Battery Service state:
  AC powered: false
  USB powered: false
  Wireless powered: false
  Max charging current: 0
  Max charging voltage: 0
  Charge counter: 2109304
  status: 3
  health: 2
  present: true
  level: 33
  scale: 100
  voltage: 3554
  temperature: 270
  technology: Li-ion
Current Battery Service state:
  AC powered: false
  USB powered: false
  Wireless powered: false
  Max charging current: 0
  Max charging voltage: 0
  Charge counter: 2109304
  status: 3
  health: 2
  present: true
  level: 33
  scale: 100
  voltage: 3554
  temperature: 270
  technology: Li-ion
Current Battery Service state:
  AC powered: false
  USB powered: false
  Wireless powered: false
  Max charging current: 0
  Max charging voltage: 0
  Charge counter: 2109304
  status: 3
  health: 2
  present: true
  level: 33
  scale: 100
  voltage: 3554
  temperature: 270
  technology: Li-ion
Current Battery Service state:
  AC powered: false
  USB powered: false
  Wireless powered: false
  Max charging current: 0
  Max charging voltage: 0
  Charge counter: 2109304
  status: 3
  health: 2
  present: true
  level: 33
  scale: 100
  voltage: 3554
  temperature: 270
  technology: Li-ion
Current Battery Service state:
  AC powered: false
  USB powered: false
  Wireless powered: false
  Max charging current: 0
  Max charging voltage: 0
  Charge counter: 2109304
  status: 3
  health: 2
  present: true
  level: 33
  scale: 100
  voltage: 3554
  temperature: 270
  technology: Li-ion
Current Battery Service state:
  AC powered: false
  USB powered: false
  Wireless powered: false
  Max charging current: 0
  Max charging voltage: 0
  Charge counter: 2109304
  status: 3
  health: 2
  present: true
  level: 33
  scale: 100
  voltage: 3554
  temperature: 270
  technology: Li-ion
Current Battery Service state:
  AC powered: false
  USB powered: false
  Wireless powered: false
  Max charging current: 0
  Max charging voltage: 0
  Charge counter: 2109304
  status: 3
  health: 2
  present: true
  level: 33
  scale: 100
  voltage: 3554
  temperature: 270
  technology: Li-ion
Current Battery Service state:
  AC powered: false
  USB powered: false
  Wireless powered: false
  Max charging current: 0
  Max charging voltage: 0
  Charge counter: 2102838
  status: 3
  health: 2
  present: true
  level: 33
  scale: 100
  voltage: 3551
  temperature: 272
  technology: Li-ion
Current Battery Service state:
  AC powered: false
  USB powered: false
  Wireless powered: false
  Max charging current: 0
  Max charging voltage: 0
  Charge counter: 2102838
  status: 3
  health: 2
  present: true
  level: 33
  scale: 100
  voltage: 3551
  temperature: 272
  technology: Li-ion
Current Battery Service state:
  AC powered: false
  USB powered: false
  Wireless powered: false
  Max charging current: 0
  Max charging voltage: 0
  Charge counter: 2102838
  status: 3
  health: 2
  present: true
  level: 33
  scale: 100
  voltage: 3551
  temperature: 272
  technology: Li-ion
Current Battery Service state:
  AC powered: false
  USB powered: false
  Wireless powered: false
  Max charging current: 0
  Max charging voltage: 0
  Charge counter: 2102838
  status: 3
  health: 2
  present: true
  level: 33
  scale: 100
  voltage: 3551
  temperature: 272
  technology: Li-ion
Current Battery Service state:
  AC powered: false
  USB powered: false
  Wireless powered: false
  Max charging current: 0
  Max charging voltage: 0
  Charge counter: 2102838
  status: 3
  health: 2
  present: true
  level: 33
  scale: 100
  voltage: 3551
  temperature: 272
  technology: Li-ion
Current Battery Service state:
  AC powered: false
  USB powered: false
  Wireless powered: false
  Max charging current: 0
  Max charging voltage: 0
  Charge counter: 2102838
  status: 3
  health: 2
  present: true
  level: 33
  scale: 100
  voltage: 3551
  temperature: 272
  technology: Li-ion
Current Battery Service state:
  AC powered: false
  USB powered: false
  Wireless powered: false
  Max charging current: 0
  Max charging voltage: 0
  Charge counter: 2102838
  status: 3
  health: 2
  present: true
  level: 33
  scale: 100
  voltage: 3551
  temperature: 272
  technology: Li-ion
Current Battery Service state:
  AC powered: false
  USB powered: false
  Wireless powered: false
  Max charging current: 0
  Max charging voltage: 0
  Charge counter: 2102838
  status: 3
  health: 2
  present: true
  level: 33
  scale: 100
  voltage: 3551
  temperature: 272
  technology: Li-ion
Current Battery Service state:
  AC powered: false
  USB powered: false
  Wireless powered: false
  Max charging current: 0
  Max charging voltage: 0
  Charge counter: 2102838
  status: 3
  health: 2
  present: true
  level: 33
  scale: 100
  voltage: 3551
  temperature: 272
  technology: Li-ion
Current Battery Service state:
  AC powered: false
  USB powered: false
  Wireless powered: false
  Max charging current: 0
  Max charging voltage: 0
  Charge counter: 2102838
  status: 3
  health: 2
  present: true
  level: 33
  scale: 100
  voltage: 3551
  temperature: 272
  technology: Li-ion
Current Battery Service state:
  AC powered: false
  USB powered: false
  Wireless powered: false
  Max charging current: 0
  Max charging voltage: 0
  Charge counter: 2096467
  status: 3
  health: 2
  present: true
  level: 33
  scale: 100
  voltage: 3554
  temperature: 275
  technology: Li-ion
Current Battery Service state:
  AC powered: false
  USB powered: false
  Wireless powered: false
  Max charging current: 0
  Max charging voltage: 0
  Charge counter: 2096467
  status: 3
  health: 2
  present: true
  level: 33
  scale: 100
  voltage: 3554
  temperature: 275
  technology: Li-ion
Current Battery Service state:
  AC powered: false
  USB powered: false
  Wireless powered: false
  Max charging current: 0
  Max charging voltage: 0
  Charge counter: 2096467
  status: 3
  health: 2
  present: true
  level: 33
  scale: 100
  voltage: 3554
  temperature: 275
  technology: Li-ion
Current Battery Service state:
  AC powered: false
  USB powered: false
  Wireless powered: false
  Max charging current: 0
  Max charging voltage: 0
  Charge counter: 2096467
  status: 3
  health: 2
  present: true
  level: 33
  scale: 100
  voltage: 3554
  temperature: 275
  technology: Li-ion
Current Battery Service state:
  AC powered: false
  USB powered: false
  Wireless powered: false
  Max charging current: 0
  Max charging voltage: 0
  Charge counter: 2096467
  status: 3
  health: 2
  present: true
  level: 33
  scale: 100
  voltage: 3554
  temperature: 275
  technology: Li-ion
Current Battery Service state:
  AC powered: false
  USB powered: false
  Wireless powered: false
  Max charging current: 0
  Max charging voltage: 0
  Charge counter: 2096467
  status: 3
  health: 2
  present: true
  level: 33
  scale: 100
  voltage: 3554
  temperature: 275
  technology: Li-ion
Current Battery Service state:
  AC powered: false
  USB powered: false
  Wireless powered: false
  Max charging current: 0
  Max charging voltage: 0
  Charge counter: 2096467
  status: 3
  health: 2
  present: true
  level: 33
  scale: 100
  voltage: 3554
  temperature: 275
  technology: Li-ion
Current Battery Service state:
  AC powered: false
  USB powered: false
  Wireless powered: false
  Max charging current: 0
  Max charging voltage: 0
  Charge counter: 2096467
  status: 3
  health: 2
  present: true
  level: 33
  scale: 100
  voltage: 3554
  temperature: 275
  technology: Li-ion
Current Battery Service state:
  AC powered: false
  USB powered: false
  Wireless powered: false
  Max charging current: 0
  Max charging voltage: 0
  Charge counter: 2096467
  status: 3
  health: 2
  present: true
  level: 33
  scale: 100
  voltage: 3554
  temperature: 275
  technology: Li-ion
Current Battery Service state:
  AC powered: false
  USB powered: false
  Wireless powered: false
  Max charging current: 0
  Max charging voltage: 0
  Charge counter: 2096467
  status: 3
  health: 2
  present: true
  level: 33
  scale: 100
  voltage: 3554
  temperature: 275
  technology: Li-ion
Current Battery Service state:
  AC powered: false
  USB powered: false
  Wireless powered: false
  Max charging current: 0
  Max charging voltage: 0
  Charge counter: 2090116
  status: 3
  health: 2
  present: true
  level: 32
  scale: 100
  voltage: 3554
  temperature: 267
  technology: Li-ion
Current Battery Service state:
  AC powered: false
  USB powered: false
  Wireless powered: false
  Max charging current: 0
  Max charging voltage: 0
  Charge counter: 2088750
  status: 3
  health: 2
  present: true
  level: 32
  scale: 100
  voltage: 3555
  temperature: 267
  technology: Li-ion
Current Battery Service state:
  AC powered: false
  USB powered: false
  Wireless powered: false
  Max charging current: 0
  Max charging voltage: 0
  Charge counter: 2088750
  status: 3
  health: 2
  present: true
  level: 32
  scale: 100
  voltage: 3555
  temperature: 267
  technology: Li-ion
Current Battery Service state:
  AC powered: false
  USB powered: false
  Wireless powered: false
  Max charging current: 0
  Max charging voltage: 0
  Charge counter: 2088750
  status: 3
  health: 2
  present: true
  level: 32
  scale: 100
  voltage: 3555
  temperature: 267
  technology: Li-ion
Current Battery Service state:
  AC powered: false
  USB powered: false
  Wireless powered: false
  Max charging current: 0
  Max charging voltage: 0
  Charge counter: 2088750
  status: 3
  health: 2
  present: true
  level: 32
  scale: 100
  voltage: 3555
  temperature: 267
  technology: Li-ion
Current Battery Service state:
  AC powered: false
  USB powered: false
  Wireless powered: false
  Max charging current: 0
  Max charging voltage: 0
  Charge counter: 2088750
  status: 3
  health: 2
  present: true
  level: 32
  scale: 100
  voltage: 3555
  temperature: 267
  technology: Li-ion
Current Battery Service state:
  AC powered: false
  USB powered: false
  Wireless powered: false
  Max charging current: 0
  Max charging voltage: 0
  Charge counter: 2088750
  status: 3
  health: 2
  present: true
  level: 32
  scale: 100
  voltage: 3555
  temperature: 267
  technology: Li-ion
Current Battery Service state:
  AC powered: false
  USB powered: false
  Wireless powered: false
  Max charging current: 0
  Max charging voltage: 0
  Charge counter: 2088750
  status: 3
  health: 2
  present: true
  level: 32
  scale: 100
  voltage: 3555
  temperature: 267
  technology: Li-ion
Current Battery Service state:
  AC powered: false
  USB powered: false
  Wireless powered: false
  Max charging current: 0
  Max charging voltage: 0
  Charge counter: 2088750
  status: 3
  health: 2
  present: true
  level: 32
  scale: 100
  voltage: 3555
  temperature: 267
  technology: Li-ion
Current Battery Service state:
  AC powered: false
  USB powered: false
  Wireless powered: false
  Max charging current: 0
  Max charging voltage: 0
  Charge counter: 2088750
  status: 3
  health: 2
  present: true
  level: 32
  scale: 100
  voltage: 3555
  temperature: 267
  technology: Li-ion
Current Battery Service state:
  AC powered: false
  USB powered: false
  Wireless powered: false
  Max charging current: 0
  Max charging voltage: 0
  Charge counter: 2083665
  status: 3
  health: 2
  present: true
  level: 32
  scale: 100
  voltage: 3549
  temperature: 272
  technology: Li-ion
Current Battery Service state:
  AC powered: false
  USB powered: false
  Wireless powered: false
  Max charging current: 0
  Max charging voltage: 0
  Charge counter: 2083665
  status: 3
  health: 2
  present: true
  level: 32
  scale: 100
  voltage: 3549
  temperature: 272
  technology: Li-ion
Current Battery Service state:
  AC powered: false
  USB powered: false
  Wireless powered: false
  Max charging current: 0
  Max charging voltage: 0
  Charge counter: 2083665
  status: 3
  health: 2
  present: true
  level: 32
  scale: 100
  voltage: 3549
  temperature: 272
  technology: Li-ion
Current Battery Service state:
  AC powered: false
  USB powered: false
  Wireless powered: false
  Max charging current: 0
  Max charging voltage: 0
  Charge counter: 2083665
  status: 3
  health: 2
  present: true
  level: 32
  scale: 100
  voltage: 3549
  temperature: 272
  technology: Li-ion
Current Battery Service state:
  AC powered: false
  USB powered: false
  Wireless powered: false
  Max charging current: 0
  Max charging voltage: 0
  Charge counter: 2083665
  status: 3
  health: 2
  present: true
  level: 32
  scale: 100
  voltage: 3549
  temperature: 272
  technology: Li-ion
Current Battery Service state:
  AC powered: false
  USB powered: false
  Wireless powered: false
  Max charging current: 0
  Max charging voltage: 0
  Charge counter: 2083665
  status: 3
  health: 2
  present: true
  level: 32
  scale: 100
  voltage: 3549
  temperature: 272
  technology: Li-ion
Current Battery Service state:
  AC powered: false
  USB powered: false
  Wireless powered: false
  Max charging current: 0
  Max charging voltage: 0
  Charge counter: 2083665
  status: 3
  health: 2
  present: true
  level: 32
  scale: 100
  voltage: 3549
  temperature: 272
  technology: Li-ion
Current Battery Service state:
  AC powered: false
  USB powered: false
  Wireless powered: false
  Max charging current: 0
  Max charging voltage: 0
  Charge counter: 2083665
  status: 3
  health: 2
  present: true
  level: 32
  scale: 100
  voltage: 3549
  temperature: 272
  technology: Li-ion
Current Battery Service state:
  AC powered: false
  USB powered: false
  Wireless powered: false
  Max charging current: 0
  Max charging voltage: 0
  Charge counter: 2083665
  status: 3
  health: 2
  present: true
  level: 32
  scale: 100
  voltage: 3549
  temperature: 272
  technology: Li-ion
Current Battery Service state:
  AC powered: false
  USB powered: false
  Wireless powered: false
  Max charging current: 0
  Max charging voltage: 0
  Charge counter: 2083665
  status: 3
  health: 2
  present: true
  level: 32
  scale: 100
  voltage: 3549
  temperature: 272
  technology: Li-ion
Current Battery Service state:
  AC powered: false
  USB powered: false
  Wireless powered: false
  Max charging current: 0
  Max charging voltage: 0
  Charge counter: 2077366
  status: 3
  health: 2
  present: true
  level: 32
  scale: 100
  voltage: 3556
  temperature: 275
  technology: Li-ion
Current Battery Service state:
  AC powered: false
  USB powered: false
  Wireless powered: false
  Max charging current: 0
  Max charging voltage: 0
  Charge counter: 2077366
  status: 3
  health: 2
  present: true
  level: 32
  scale: 100
  voltage: 3556
  temperature: 275
  technology: Li-ion
Current Battery Service state:
  AC powered: false
  USB powered: false
  Wireless powered: false
  Max charging current: 0
  Max charging voltage: 0
  Charge counter: 2077366
  status: 3
  health: 2
  present: true
  level: 32
  scale: 100
  voltage: 3556
  temperature: 275
  technology: Li-ion
Current Battery Service state:
  AC powered: false
  USB powered: false
  Wireless powered: false
  Max charging current: 0
  Max charging voltage: 0
  Charge counter: 2077366
  status: 3
  health: 2
  present: true
  level: 32
  scale: 100
  voltage: 3556
  temperature: 275
  technology: Li-ion
Current Battery Service state:
  AC powered: false
  USB powered: false
  Wireless powered: false
  Max charging current: 0
  Max charging voltage: 0
  Charge counter: 2074842
  status: 3
  health: 2
  present: true
  level: 32
  scale: 100
  voltage: 3553
  temperature: 270
  technology: Li-ion
Current Battery Service state:
  AC powered: false
  USB powered: false
  Wireless powered: false
  Max charging current: 0
  Max charging voltage: 0
  Charge counter: 2074842
  status: 3
  health: 2
  present: true
  level: 32
  scale: 100
  voltage: 3553
  temperature: 270
  technology: Li-ion
Current Battery Service state:
  AC powered: false
  USB powered: false
  Wireless powered: false
  Max charging current: 0
  Max charging voltage: 0
  Charge counter: 2074842
  status: 3
  health: 2
  present: true
  level: 32
  scale: 100
  voltage: 3553
  temperature: 270
  technology: Li-ion
Current Battery Service state:
  AC powered: false
  USB powered: false
  Wireless powered: false
  Max charging current: 0
  Max charging voltage: 0
  Charge counter: 2074842
  status: 3
  health: 2
  present: true
  level: 32
  scale: 100
  voltage: 3553
  temperature: 270
  technology: Li-ion
Current Battery Service state:
  AC powered: false
  USB powered: false
  Wireless powered: false
  Max charging current: 0
  Max charging voltage: 0
  Charge counter: 2074842
  status: 3
  health: 2
  present: true
  level: 32
  scale: 100
  voltage: 3553
  temperature: 270
  technology: Li-ion
Current Battery Service state:
  AC powered: false
  USB powered: false
  Wireless powered: false
  Max charging current: 0
  Max charging voltage: 0
  Charge counter: 2074842
  status: 3
  health: 2
  present: true
  level: 32
  scale: 100
  voltage: 3553
  temperature: 270
  technology: Li-ion
Current Battery Service state:
  AC powered: false
  USB powered: false
  Wireless powered: false
  Max charging current: 0
  Max charging voltage: 0
  Charge counter: 2071040
  status: 3
  health: 2
  present: true
  level: 32
  scale: 100
  voltage: 3554
  temperature: 272
  technology: Li-ion
Current Battery Service state:
  AC powered: false
  USB powered: false
  Wireless powered: false
  Max charging current: 0
  Max charging voltage: 0
  Charge counter: 2071040
  status: 3
  health: 2
  present: true
  level: 32
  scale: 100
  voltage: 3554
  temperature: 272
  technology: Li-ion
Current Battery Service state:
  AC powered: false
  USB powered: false
  Wireless powered: false
  Max charging current: 0
  Max charging voltage: 0
  Charge counter: 2071040
  status: 3
  health: 2
  present: true
  level: 32
  scale: 100
  voltage: 3554
  temperature: 272
  technology: Li-ion
Current Battery Service state:
  AC powered: false
  USB powered: false
  Wireless powered: false
  Max charging current: 0
  Max charging voltage: 0
  Charge counter: 2071040
  status: 3
  health: 2
  present: true
  level: 32
  scale: 100
  voltage: 3554
  temperature: 272
  technology: Li-ion
Current Battery Service state:
  AC powered: false
  USB powered: false
  Wireless powered: false
  Max charging current: 0
  Max charging voltage: 0
  Charge counter: 2071040
  status: 3
  health: 2
  present: true
  level: 32
  scale: 100
  voltage: 3554
  temperature: 272
  technology: Li-ion
Current Battery Service state:
  AC powered: false
  USB powered: false
  Wireless powered: false
  Max charging current: 0
  Max charging voltage: 0
  Charge counter: 2071040
  status: 3
  health: 2
  present: true
  level: 32
  scale: 100
  voltage: 3554
  temperature: 272
  technology: Li-ion
Current Battery Service state:
  AC powered: false
  USB powered: false
  Wireless powered: false
  Max charging current: 0
  Max charging voltage: 0
  Charge counter: 2071040
  status: 3
  health: 2
  present: true
  level: 32
  scale: 100
  voltage: 3554
  temperature: 272
  technology: Li-ion
Current Battery Service state:
  AC powered: false
  USB powered: false
  Wireless powered: false
  Max charging current: 0
  Max charging voltage: 0
  Charge counter: 2071040
  status: 3
  health: 2
  present: true
  level: 32
  scale: 100
  voltage: 3554
  temperature: 272
  technology: Li-ion
Current Battery Service state:
  AC powered: false
  USB powered: false
  Wireless powered: false
  Max charging current: 0
  Max charging voltage: 0
  Charge counter: 2071040
  status: 3
  health: 2
  present: true
  level: 32
  scale: 100
  voltage: 3554
  temperature: 272
  technology: Li-ion
Current Battery Service state:
  AC powered: false
  USB powered: false
  Wireless powered: false
  Max charging current: 0
  Max charging voltage: 0
  Charge counter: 2071040
  status: 3
  health: 2
  present: true
  level: 32
  scale: 100
  voltage: 3554
  temperature: 272
  technology: Li-ion
Current Battery Service state:
  AC powered: false
  USB powered: false
  Wireless powered: false
  Max charging current: 0
  Max charging voltage: 0
  Charge counter: 2064728
  status: 3
  health: 2
  present: true
  level: 32
  scale: 100
  voltage: 3550
  temperature: 272
  technology: Li-ion
Current Battery Service state:
  AC powered: false
  USB powered: false
  Wireless powered: false
  Max charging current: 0
  Max charging voltage: 0
  Charge counter: 2064728
  status: 3
  health: 2
  present: true
  level: 32
  scale: 100
  voltage: 3550
  temperature: 272
  technology: Li-ion
Current Battery Service state:
  AC powered: false
  USB powered: false
  Wireless powered: false
  Max charging current: 0
  Max charging voltage: 0
  Charge counter: 2064728
  status: 3
  health: 2
  present: true
  level: 32
  scale: 100
  voltage: 3550
  temperature: 272
  technology: Li-ion
Current Battery Service state:
  AC powered: false
  USB powered: false
  Wireless powered: false
  Max charging current: 0
  Max charging voltage: 0
  Charge counter: 2064728
  status: 3
  health: 2
  present: true
  level: 32
  scale: 100
  voltage: 3550
  temperature: 272
  technology: Li-ion
Current Battery Service state:
  AC powered: false
  USB powered: false
  Wireless powered: false
  Max charging current: 0
  Max charging voltage: 0
  Charge counter: 2061703
  status: 3
  health: 2
  present: true
  level: 32
  scale: 100
  voltage: 3555
  temperature: 272
  technology: Li-ion
Current Battery Service state:
  AC powered: false
  USB powered: false
  Wireless powered: false
  Max charging current: 0
  Max charging voltage: 0
  Charge counter: 2061703
  status: 3
  health: 2
  present: true
  level: 32
  scale: 100
  voltage: 3555
  temperature: 272
  technology: Li-ion
Current Battery Service state:
  AC powered: false
  USB powered: false
  Wireless powered: false
  Max charging current: 0
  Max charging voltage: 0
  Charge counter: 2061703
  status: 3
  health: 2
  present: true
  level: 32
  scale: 100
  voltage: 3555
  temperature: 272
  technology: Li-ion
Current Battery Service state:
  AC powered: false
  USB powered: false
  Wireless powered: false
  Max charging current: 0
  Max charging voltage: 0
  Charge counter: 2061703
  status: 3
  health: 2
  present: true
  level: 32
  scale: 100
  voltage: 3555
  temperature: 272
  technology: Li-ion
Current Battery Service state:
  AC powered: false
  USB powered: false
  Wireless powered: false
  Max charging current: 0
  Max charging voltage: 0
  Charge counter: 2061703
  status: 3
  health: 2
  present: true
  level: 32
  scale: 100
  voltage: 3555
  temperature: 272
  technology: Li-ion
Current Battery Service state:
  AC powered: false
  USB powered: false
  Wireless powered: false
  Max charging current: 0
  Max charging voltage: 0
  Charge counter: 2061703
  status: 3
  health: 2
  present: true
  level: 32
  scale: 100
  voltage: 3555
  temperature: 272
  technology: Li-ion
Current Battery Service state:
  AC powered: false
  USB powered: false
  Wireless powered: false
  Max charging current: 0
  Max charging voltage: 0
  Charge counter: 2058563
  status: 3
  health: 2
  present: true
  level: 32
  scale: 100
  voltage: 3551
  temperature: 272
  technology: Li-ion
Current Battery Service state:
  AC powered: false
  USB powered: false
  Wireless powered: false
  Max charging current: 0
  Max charging voltage: 0
  Charge counter: 2058563
  status: 3
  health: 2
  present: true
  level: 32
  scale: 100
  voltage: 3551
  temperature: 272
  technology: Li-ion
Current Battery Service state:
  AC powered: false
  USB powered: false
  Wireless powered: false
  Max charging current: 0
  Max charging voltage: 0
  Charge counter: 2058563
  status: 3
  health: 2
  present: true
  level: 32
  scale: 100
  voltage: 3551
  temperature: 272
  technology: Li-ion
Current Battery Service state:
  AC powered: false
  USB powered: false
  Wireless powered: false
  Max charging current: 0
  Max charging voltage: 0
  Charge counter: 2058563
  status: 3
  health: 2
  present: true
  level: 32
  scale: 100
  voltage: 3551
  temperature: 272
  technology: Li-ion
Current Battery Service state:
  AC powered: false
  USB powered: false
  Wireless powered: false
  Max charging current: 0
  Max charging voltage: 0
  Charge counter: 2058563
  status: 3
  health: 2
  present: true
  level: 32
  scale: 100
  voltage: 3551
  temperature: 272
  technology: Li-ion
Current Battery Service state:
  AC powered: false
  USB powered: false
  Wireless powered: false
  Max charging current: 0
  Max charging voltage: 0
  Charge counter: 2058563
  status: 3
  health: 2
  present: true
  level: 32
  scale: 100
  voltage: 3551
  temperature: 272
  technology: Li-ion
Current Battery Service state:
  AC powered: false
  USB powered: false
  Wireless powered: false
  Max charging current: 0
  Max charging voltage: 0
  Charge counter: 2058563
  status: 3
  health: 2
  present: true
  level: 32
  scale: 100
  voltage: 3551
  temperature: 272
  technology: Li-ion
Current Battery Service state:
  AC powered: false
  USB powered: false
  Wireless powered: false
  Max charging current: 0
  Max charging voltage: 0
  Charge counter: 2058563
  status: 3
  health: 2
  present: true
  level: 32
  scale: 100
  voltage: 3551
  temperature: 272
  technology: Li-ion
Current Battery Service state:
  AC powered: false
  USB powered: false
  Wireless powered: false
  Max charging current: 0
  Max charging voltage: 0
  Charge counter: 2058563
  status: 3
  health: 2
  present: true
  level: 32
  scale: 100
  voltage: 3551
  temperature: 272
  technology: Li-ion
Current Battery Service state:
  AC powered: false
  USB powered: false
  Wireless powered: false
  Max charging current: 0
  Max charging voltage: 0
  Charge counter: 2058563
  status: 3
  health: 2
  present: true
  level: 32
  scale: 100
  voltage: 3551
  temperature: 272
  technology: Li-ion
Current Battery Service state:
  AC powered: false
  USB powered: false
  Wireless powered: false
  Max charging current: 0
  Max charging voltage: 0
  Charge counter: 2052287
  status: 3
  health: 2
  present: true
  level: 32
  scale: 100
  voltage: 3552
  temperature: 272
  technology: Li-ion
Current Battery Service state:
  AC powered: false
  USB powered: false
  Wireless powered: false
  Max charging current: 0
  Max charging voltage: 0
  Charge counter: 2052287
  status: 3
  health: 2
  present: true
  level: 32
  scale: 100
  voltage: 3552
  temperature: 272
  technology: Li-ion
Current Battery Service state:
  AC powered: false
  USB powered: false
  Wireless powered: false
  Max charging current: 0
  Max charging voltage: 0
  Charge counter: 2052287
  status: 3
  health: 2
  present: true
  level: 32
  scale: 100
  voltage: 3552
  temperature: 272
  technology: Li-ion
Current Battery Service state:
  AC powered: false
  USB powered: false
  Wireless powered: false
  Max charging current: 0
  Max charging voltage: 0
  Charge counter: 2052287
  status: 3
  health: 2
  present: true
  level: 32
  scale: 100
  voltage: 3552
  temperature: 272
  technology: Li-ion
Current Battery Service state:
  AC powered: false
  USB powered: false
  Wireless powered: false
  Max charging current: 0
  Max charging voltage: 0
  Charge counter: 2052287
  status: 3
  health: 2
  present: true
  level: 32
  scale: 100
  voltage: 3552
  temperature: 272
  technology: Li-ion
Current Battery Service state:
  AC powered: false
  USB powered: false
  Wireless powered: false
  Max charging current: 0
  Max charging voltage: 0
  Charge counter: 2052287
  status: 3
  health: 2
  present: true
  level: 32
  scale: 100
  voltage: 3552
  temperature: 272
  technology: Li-ion
Current Battery Service state:
  AC powered: false
  USB powered: false
  Wireless powered: false
  Max charging current: 0
  Max charging voltage: 0
  Charge counter: 2052287
  status: 3
  health: 2
  present: true
  level: 32
  scale: 100
  voltage: 3552
  temperature: 272
  technology: Li-ion
Current Battery Service state:
  AC powered: false
  USB powered: false
  Wireless powered: false
  Max charging current: 0
  Max charging voltage: 0
  Charge counter: 2052287
  status: 3
  health: 2
  present: true
  level: 32
  scale: 100
  voltage: 3552
  temperature: 272
  technology: Li-ion
Current Battery Service state:
  AC powered: false
  USB powered: false
  Wireless powered: false
  Max charging current: 0
  Max charging voltage: 0
  Charge counter: 2052287
  status: 3
  health: 2
  present: true
  level: 32
  scale: 100
  voltage: 3552
  temperature: 272
  technology: Li-ion
Current Battery Service state:
  AC powered: false
  USB powered: false
  Wireless powered: false
  Max charging current: 0
  Max charging voltage: 0
  Charge counter: 2052287
  status: 3
  health: 2
  present: true
  level: 32
  scale: 100
  voltage: 3552
  temperature: 272
  technology: Li-ion
Current Battery Service state:
  AC powered: false
  USB powered: false
  Wireless powered: false
  Max charging current: 0
  Max charging voltage: 0
  Charge counter: 2045998
  status: 3
  health: 2
  present: true
  level: 32
  scale: 100
  voltage: 3548
  temperature: 275
  technology: Li-ion
Current Battery Service state:
  AC powered: false
  USB powered: false
  Wireless powered: false
  Max charging current: 0
  Max charging voltage: 0
  Charge counter: 2045998
  status: 3
  health: 2
  present: true
  level: 32
  scale: 100
  voltage: 3548
  temperature: 275
  technology: Li-ion
Current Battery Service state:
  AC powered: false
  USB powered: false
  Wireless powered: false
  Max charging current: 0
  Max charging voltage: 0
  Charge counter: 2045998
  status: 3
  health: 2
  present: true
  level: 32
  scale: 100
  voltage: 3548
  temperature: 275
  technology: Li-ion
Current Battery Service state:
  AC powered: false
  USB powered: false
  Wireless powered: false
  Max charging current: 0
  Max charging voltage: 0
  Charge counter: 2045998
  status: 3
  health: 2
  present: true
  level: 32
  scale: 100
  voltage: 3548
  temperature: 275
  technology: Li-ion
Current Battery Service state:
  AC powered: false
  USB powered: false
  Wireless powered: false
  Max charging current: 0
  Max charging voltage: 0
  Charge counter: 2045998
  status: 3
  health: 2
  present: true
  level: 32
  scale: 100
  voltage: 3548
  temperature: 275
  technology: Li-ion
Current Battery Service state:
  AC powered: false
  USB powered: false
  Wireless powered: false
  Max charging current: 0
  Max charging voltage: 0
  Charge counter: 2045998
  status: 3
  health: 2
  present: true
  level: 32
  scale: 100
  voltage: 3548
  temperature: 275
  technology: Li-ion
Current Battery Service state:
  AC powered: false
  USB powered: false
  Wireless powered: false
  Max charging current: 0
  Max charging voltage: 0
  Charge counter: 2045998
  status: 3
  health: 2
  present: true
  level: 32
  scale: 100
  voltage: 3548
  temperature: 275
  technology: Li-ion
Current Battery Service state:
  AC powered: false
  USB powered: false
  Wireless powered: false
  Max charging current: 0
  Max charging voltage: 0
  Charge counter: 2045998
  status: 3
  health: 2
  present: true
  level: 32
  scale: 100
  voltage: 3548
  temperature: 275
  technology: Li-ion
Current Battery Service state:
  AC powered: false
  USB powered: false
  Wireless powered: false
  Max charging current: 0
  Max charging voltage: 0
  Charge counter: 2045998
  status: 3
  health: 2
  present: true
  level: 32
  scale: 100
  voltage: 3548
  temperature: 275
  technology: Li-ion
Current Battery Service state:
  AC powered: false
  USB powered: false
  Wireless powered: false
  Max charging current: 0
  Max charging voltage: 0
  Charge counter: 2045998
  status: 3
  health: 2
  present: true
  level: 32
  scale: 100
  voltage: 3548
  temperature: 275
  technology: Li-ion
Current Battery Service state:
  AC powered: false
  USB powered: false
  Wireless powered: false
  Max charging current: 0
  Max charging voltage: 0
  Charge counter: 2039074
  status: 3
  health: 2
  present: true
  level: 32
  scale: 100
  voltage: 3550
  temperature: 275
  technology: Li-ion
Current Battery Service state:
  AC powered: false
  USB powered: false
  Wireless powered: false
  Max charging current: 0
  Max charging voltage: 0
  Charge counter: 2039074
  status: 3
  health: 2
  present: true
  level: 32
  scale: 100
  voltage: 3550
  temperature: 275
  technology: Li-ion
Current Battery Service state:
  AC powered: false
  USB powered: false
  Wireless powered: false
  Max charging current: 0
  Max charging voltage: 0
  Charge counter: 2039074
  status: 3
  health: 2
  present: true
  level: 32
  scale: 100
  voltage: 3550
  temperature: 275
  technology: Li-ion
Current Battery Service state:
  AC powered: false
  USB powered: false
  Wireless powered: false
  Max charging current: 0
  Max charging voltage: 0
  Charge counter: 2039074
  status: 3
  health: 2
  present: true
  level: 32
  scale: 100
  voltage: 3550
  temperature: 275
  technology: Li-ion
Current Battery Service state:
  AC powered: false
  USB powered: false
  Wireless powered: false
  Max charging current: 0
  Max charging voltage: 0
  Charge counter: 2039074
  status: 3
  health: 2
  present: true
  level: 32
  scale: 100
  voltage: 3550
  temperature: 275
  technology: Li-ion
Current Battery Service state:
  AC powered: false
  USB powered: false
  Wireless powered: false
  Max charging current: 0
  Max charging voltage: 0
  Charge counter: 2039074
  status: 3
  health: 2
  present: true
  level: 32
  scale: 100
  voltage: 3550
  temperature: 275
  technology: Li-ion
Current Battery Service state:
  AC powered: false
  USB powered: false
  Wireless powered: false
  Max charging current: 0
  Max charging voltage: 0
  Charge counter: 2035271
  status: 3
  health: 2
  present: true
  level: 32
  scale: 100
  voltage: 3549
  temperature: 272
  technology: Li-ion
Current Battery Service state:
  AC powered: false
  USB powered: false
  Wireless powered: false
  Max charging current: 0
  Max charging voltage: 0
  Charge counter: 2035271
  status: 3
  health: 2
  present: true
  level: 32
  scale: 100
  voltage: 3549
  temperature: 272
  technology: Li-ion
Current Battery Service state:
  AC powered: false
  USB powered: false
  Wireless powered: false
  Max charging current: 0
  Max charging voltage: 0
  Charge counter: 2035271
  status: 3
  health: 2
  present: true
  level: 32
  scale: 100
  voltage: 3549
  temperature: 272
  technology: Li-ion
Current Battery Service state:
  AC powered: false
  USB powered: false
  Wireless powered: false
  Max charging current: 0
  Max charging voltage: 0
  Charge counter: 2035271
  status: 3
  health: 2
  present: true
  level: 32
  scale: 100
  voltage: 3549
  temperature: 272
  technology: Li-ion
Current Battery Service state:
  AC powered: false
  USB powered: false
  Wireless powered: false
  Max charging current: 0
  Max charging voltage: 0
  Charge counter: 2032739
  status: 3
  health: 2
  present: true
  level: 32
  scale: 100
  voltage: 3547
  temperature: 272
  technology: Li-ion
Current Battery Service state:
  AC powered: false
  USB powered: false
  Wireless powered: false
  Max charging current: 0
  Max charging voltage: 0
  Charge counter: 2032739
  status: 3
  health: 2
  present: true
  level: 32
  scale: 100
  voltage: 3547
  temperature: 272
  technology: Li-ion
Current Battery Service state:
  AC powered: false
  USB powered: false
  Wireless powered: false
  Max charging current: 0
  Max charging voltage: 0
  Charge counter: 2032739
  status: 3
  health: 2
  present: true
  level: 32
  scale: 100
  voltage: 3547
  temperature: 272
  technology: Li-ion
Current Battery Service state:
  AC powered: false
  USB powered: false
  Wireless powered: false
  Max charging current: 0
  Max charging voltage: 0
  Charge counter: 2032739
  status: 3
  health: 2
  present: true
  level: 32
  scale: 100
  voltage: 3547
  temperature: 272
  technology: Li-ion
Current Battery Service state:
  AC powered: false
  USB powered: false
  Wireless powered: false
  Max charging current: 0
  Max charging voltage: 0
  Charge counter: 2032739
  status: 3
  health: 2
  present: true
  level: 32
  scale: 100
  voltage: 3547
  temperature: 272
  technology: Li-ion
Current Battery Service state:
  AC powered: false
  USB powered: false
  Wireless powered: false
  Max charging current: 0
  Max charging voltage: 0
  Charge counter: 2032739
  status: 3
  health: 2
  present: true
  level: 32
  scale: 100
  voltage: 3547
  temperature: 272
  technology: Li-ion
Current Battery Service state:
  AC powered: false
  USB powered: false
  Wireless powered: false
  Max charging current: 0
  Max charging voltage: 0
  Charge counter: 2032739
  status: 3
  health: 2
  present: true
  level: 32
  scale: 100
  voltage: 3547
  temperature: 272
  technology: Li-ion
Current Battery Service state:
  AC powered: false
  USB powered: false
  Wireless powered: false
  Max charging current: 0
  Max charging voltage: 0
  Charge counter: 2032739
  status: 3
  health: 2
  present: true
  level: 32
  scale: 100
  voltage: 3547
  temperature: 272
  technology: Li-ion
Current Battery Service state:
  AC powered: false
  USB powered: false
  Wireless powered: false
  Max charging current: 0
  Max charging voltage: 0
  Charge counter: 2032739
  status: 3
  health: 2
  present: true
  level: 32
  scale: 100
  voltage: 3547
  temperature: 272
  technology: Li-ion
Current Battery Service state:
  AC powered: false
  USB powered: false
  Wireless powered: false
  Max charging current: 0
  Max charging voltage: 0
  Charge counter: 2032739
  status: 3
  health: 2
  present: true
  level: 32
  scale: 100
  voltage: 3547
  temperature: 272
  technology: Li-ion
Current Battery Service state:
  AC powered: false
  USB powered: false
  Wireless powered: false
  Max charging current: 0
  Max charging voltage: 0
  Charge counter: 2026633
  status: 3
  health: 2
  present: true
  level: 31
  scale: 100
  voltage: 3550
  temperature: 272
  technology: Li-ion
Current Battery Service state:
  AC powered: false
  USB powered: false
  Wireless powered: false
  Max charging current: 0
  Max charging voltage: 0
  Charge counter: 2026633
  status: 3
  health: 2
  present: true
  level: 31
  scale: 100
  voltage: 3550
  temperature: 272
  technology: Li-ion
