
ControllerGlue Status
  Paired device: e2257c80093959fc, Type:  Right, Firmware: 1.9.0, ImuModel: ICM42686, Battery:  50%, Status: Active, ExternalStatus: CONNECTED_INACTIVE, TrackingStatus: POSITION, BrightnessLevel: GOOD
        Disabled:  1 times,    last from    6.816 to    6.818 (0.002s)
       Searching:  1 times,    last from    6.818 to   21.850 (15.032s)
          Active:  1 times, current from   21.850 (4268.638s)
         Blocked: never entered
      Connecting: never entered
  Paired device: 7feddd23f612a3d0, Type:   Left, Firmware: 1.9.0, ImuModel: ICM42686, Battery:  60%, Status: Active, ExternalStatus: CONNECTED_INACTIVE, TrackingStatus: POSITION, BrightnessLevel: GOOD
        Disabled:  1 times,    last from    6.816 to    6.818 (0.002s)
       Searching:  1 times,    last from    6.818 to  101.256 (94.438s)
          Active:  1 times, current from  101.256 (4189.232s)
         Blocked: never entered
      Connecting: never entered

ControllerGlue history
  6.818s (4283.670s ago) - [controller] STANDBY -> RUNNING
  6.817s (4283.671s ago) - [controller] SLEEP -> STANDBY


Pairing history


ControllerGlue Status
  Paired device: e2257c80093959fc, Type:  Right, Firmware: 1.9.0, ImuModel: ICM42686, Battery:  50%, Status: Active, ExternalStatus: CONNECTED_INACTIVE, TrackingStatus: POSITION, BrightnessLevel: GOOD
        Disabled:  1 times,    last from    6.816 to    6.818 (0.002s)
       Searching:  1 times,    last from    6.818 to   21.850 (15.032s)
          Active:  1 times, current from   21.850 (4273.920s)
         Blocked: never entered
      Connecting: never entered
  Paired device: 7feddd23f612a3d0, Type:   Left, Firmware: 1.9.0, ImuModel: ICM42686, Battery:  60%, Status: Active, ExternalStatus: CONNECTED_INACTIVE, TrackingStatus: POSITION, BrightnessLevel: GOOD
        Disabled:  1 times,    last from    6.816 to    6.818 (0.002s)
       Searching:  1 times,    last from    6.818 to  101.256 (94.438s)
          Active:  1 times, current from  101.256 (4194.514s)
         Blocked: never entered
      Connecting: never entered

ControllerGlue history
  6.818s (4288.952s ago) - [controller] STANDBY -> RUNNING
  6.817s (4288.953s ago) - [controller] SLEEP -> STANDBY


Pairing history


ControllerGlue Status
  Paired device: e2257c80093959fc, Type:  Right, Firmware: 1.9.0, ImuModel: ICM42686, Battery:  50%, Status: Active, ExternalStatus: CONNECTED_INACTIVE, TrackingStatus: POSITION, BrightnessLevel: GOOD
        Disabled:  1 times,    last from    6.816 to    6.818 (0.002s)
       Searching:  1 times,    last from    6.818 to   21.850 (15.032s)
          Active:  1 times, current from   21.850 (4280.091s)
         Blocked: never entered
      Connecting: never entered
  Paired device: 7feddd23f612a3d0, Type:   Left, Firmware: 1.9.0, ImuModel: ICM42686, Battery:  60%, Status: Active, ExternalStatus: CONNECTED_INACTIVE, TrackingStatus: POSITION, BrightnessLevel: GOOD
        Disabled:  1 times,    last from    6.816 to    6.818 (0.002s)
       Searching:  1 times,    last from    6.818 to  101.256 (94.438s)
          Active:  1 times, current from  101.256 (4200.685s)
         Blocked: never entered
      Connecting: never entered

ControllerGlue history
  6.818s (4295.123s ago) - [controller] STANDBY -> RUNNING
  6.817s (4295.123s ago) - [controller] SLEEP -> STANDBY


Pairing history


ControllerGlue Status
  Paired device: e2257c80093959fc, Type:  Right, Firmware: 1.9.0, ImuModel: ICM42686, Battery:  50%, Status: Active, ExternalStatus: CONNECTED_INACTIVE, TrackingStatus: POSITION, BrightnessLevel: GOOD
        Disabled:  1 times,    last from    6.816 to    6.818 (0.002s)
       Searching:  1 times,    last from    6.818 to   21.850 (15.032s)
          Active:  1 times, current from   21.850 (4288.697s)
         Blocked: never entered
      Connecting: never entered
  Paired device: 7feddd23f612a3d0, Type:   Left, Firmware: 1.9.0, ImuModel: ICM42686, Battery:  60%, Status: Active, ExternalStatus: CONNECTED_INACTIVE, TrackingStatus: POSITION, BrightnessLevel: GOOD
        Disabled:  1 times,    last from    6.816 to    6.818 (0.002s)
       Searching:  1 times,    last from    6.818 to  101.256 (94.438s)
          Active:  1 times, current from  101.256 (4209.291s)
         Blocked: never entered
      Connecting: never entered

ControllerGlue history
  6.818s (4303.729s ago) - [controller] STANDBY -> RUNNING
  6.817s (4303.730s ago) - [controller] SLEEP -> STANDBY


Pairing history


ControllerGlue Status
  Paired device: e2257c80093959fc, Type:  Right, Firmware: 1.9.0, ImuModel: ICM42686, Battery:  50%, Status: Active, ExternalStatus: CONNECTED_INACTIVE, TrackingStatus: POSITION, BrightnessLevel: GOOD
        Disabled:  1 times,    last from    6.816 to    6.818 (0.002s)
       Searching:  1 times,    last from    6.818 to   21.850 (15.032s)
          Active:  1 times, current from   21.850 (4301.091s)
         Blocked: never entered
      Connecting: never entered
  Paired device: 7feddd23f612a3d0, Type:   Left, Firmware: 1.9.0, ImuModel: ICM42686, Battery:  60%, Status: Active, ExternalStatus: CONNECTED_INACTIVE, TrackingStatus: POSITION, BrightnessLevel: GOOD
        Disabled:  1 times,    last from    6.816 to    6.818 (0.002s)
       Searching:  1 times,    last from    6.818 to  101.256 (94.438s)
          Active:  1 times, current from  101.256 (4221.685s)
         Blocked: never entered
      Connecting: never entered

ControllerGlue history
  6.818s (4316.123s ago) - [controller] STANDBY -> RUNNING
  6.817s (4316.123s ago) - [controller] SLEEP -> STANDBY


Pairing history


ControllerGlue Status
  Paired device: e2257c80093959fc, Type:  Right, Firmware: 1.9.0, ImuModel: ICM42686, Battery:  50%, Status: Active, ExternalStatus: CONNECTED_INACTIVE, TrackingStatus: POSITION, BrightnessLevel: GOOD
        Disabled:  1 times,    last from    6.816 to    6.818 (0.002s)
       Searching:  1 times,    last from    6.818 to   21.850 (15.032s)
          Active:  1 times, current from   21.850 (4307.564s)
         Blocked: never entered
      Connecting: never entered
  Paired device: 7feddd23f612a3d0, Type:   Left, Firmware: 1.9.0, ImuModel: ICM42686, Battery:  60%, Status: Active, ExternalStatus: CONNECTED_INACTIVE, TrackingStatus: POSITION, BrightnessLevel: GOOD
        Disabled:  1 times,    last from    6.816 to    6.818 (0.002s)
       Searching:  1 times,    last from    6.818 to  101.256 (94.438s)
          Active:  1 times, current from  101.256 (4228.158s)
         Blocked: never entered
      Connecting: never entered

ControllerGlue history
  6.818s (4322.596s ago) - [controller] STANDBY -> RUNNING
  6.817s (4322.597s ago) - [controller] SLEEP -> STANDBY


Pairing history


ControllerGlue Status
  Paired device: e2257c80093959fc, Type:  Right, Firmware: 1.9.0, ImuModel: ICM42686, Battery:  50%, Status: Active, ExternalStatus: CONNECTED_INACTIVE, TrackingStatus: POSITION, BrightnessLevel: GOOD
        Disabled:  1 times,    last from    6.816 to    6.818 (0.002s)
       Searching:  1 times,    last from    6.818 to   21.850 (15.032s)
          Active:  1 times, current from   21.850 (4313.891s)
         Blocked: never entered
      Connecting: never entered
  Paired device: 7feddd23f612a3d0, Type:   Left, Firmware: 1.9.0, ImuModel: ICM42686, Battery:  60%, Status: Active, ExternalStatus: CONNECTED_INACTIVE, TrackingStatus: POSITION, BrightnessLevel: GOOD
        Disabled:  1 times,    last from    6.816 to    6.818 (0.002s)
       Searching:  1 times,    last from    6.818 to  101.256 (94.438s)
          Active:  1 times, current from  101.256 (4234.485s)
         Blocked: never entered
      Connecting: never entered

ControllerGlue history
  6.818s (4328.923s ago) - [controller] STANDBY -> RUNNING
  6.817s (4328.924s ago) - [controller] SLEEP -> STANDBY


Pairing history


ControllerGlue Status
  Paired device: e2257c80093959fc, Type:  Right, Firmware: 1.9.0, ImuModel: ICM42686, Battery:  50%, Status: Active, ExternalStatus: CONNECTED_INACTIVE, TrackingStatus: POSITION, BrightnessLevel: GOOD
        Disabled:  1 times,    last from    6.816 to    6.818 (0.002s)
       Searching:  1 times,    last from    6.818 to   21.850 (15.032s)
          Active:  1 times, current from   21.850 (4324.026s)
         Blocked: never entered
      Connecting: never entered
  Paired device: 7feddd23f612a3d0, Type:   Left, Firmware: 1.9.0, ImuModel: ICM42686, Battery:  60%, Status: Active, ExternalStatus: CONNECTED_INACTIVE, TrackingStatus: POSITION, BrightnessLevel: GOOD
        Disabled:  1 times,    last from    6.816 to    6.818 (0.002s)
       Searching:  1 times,    last from    6.818 to  101.256 (94.438s)
          Active:  1 times, current from  101.256 (4244.620s)
         Blocked: never entered
      Connecting: never entered

ControllerGlue history
  6.818s (4339.058s ago) - [controller] STANDBY -> RUNNING
  6.817s (4339.059s ago) - [controller] SLEEP -> STANDBY


Pairing history

