12-16 17:14:07.018  4787  4787 I BatteryMgr:DataCollectionService: onStartCommand: begin
12-16 17:14:07.020  4787  4787 I BatteryMgr:DataCollectionService: onStartCommand: sampleRate => 1000
12-16 17:14:07.020  4787  4787 I BatteryMgr:DataCollectionService: onStartCommand: rawFields => Timestamp,BATTERY_PROPERTY_CURRENT_NOW,EXTRA_VOLTAGE
12-16 17:14:07.021  4787  4787 I BatteryMgr:DataCollectionService: onStartCommand: notification done
12-16 17:14:07.023  4787  4787 I BatteryMgr:DataCollectionService: started foreground
12-16 17:14:07.026  4787  6014 I BatteryMgr:DataCollectionService: collectData: begin
12-16 17:14:07.027  4787  6014 I BatteryMgr:DataCollectionService: stats => 1702743247027,-2081541,3610
12-16 17:14:08.029  4787  6014 I BatteryMgr:DataCollectionService: stats => 1702743248029,-1904295,3610
12-16 17:14:09.031  4787  6014 I BatteryMgr:DataCollectionService: stats => 1702743249031,-1893553,3610
12-16 17:14:10.035  4787  6014 I BatteryMgr:DataCollectionService: stats => 1702743250035,-2042479,3610
12-16 17:14:11.037  4787  6014 I BatteryMgr:DataCollectionService: stats => 1702743251037,-1906737,3610
12-16 17:14:12.040  4787  6014 I BatteryMgr:DataCollectionService: stats => 1702743252039,-1899901,3610
12-16 17:14:13.042  4787  6014 I BatteryMgr:DataCollectionService: stats => 1702743253042,-2071776,3610
12-16 17:14:14.044  4787  6014 I BatteryMgr:DataCollectionService: stats => 1702743254044,-1968748,3610
12-16 17:14:15.047  4787  6014 I BatteryMgr:DataCollectionService: stats => 1702743255047,-1950194,3610
12-16 17:14:16.049  4787  6014 I BatteryMgr:DataCollectionService: stats => 1702743256049,-1939940,3610
12-16 17:14:17.051  4787  6014 I BatteryMgr:DataCollectionService: stats => 1702743257051,-2090330,3610
12-16 17:14:18.053  4787  6014 I BatteryMgr:DataCollectionService: stats => 1702743258053,-1958495,3610
12-16 17:14:19.055  4787  6014 I BatteryMgr:DataCollectionService: stats => 1702743259055,-1960936,3610
12-16 17:14:20.059  4787  6014 I BatteryMgr:DataCollectionService: stats => 1702743260059,-1958495,3610
12-16 17:14:21.061  4787  6014 I BatteryMgr:DataCollectionService: stats => 1702743261061,-1949217,3610
12-16 17:14:22.064  4787  6014 I BatteryMgr:DataCollectionService: stats => 1702743262064,-1953612,3610
12-16 17:14:23.067  4787  6014 I BatteryMgr:DataCollectionService: stats => 1702743263067,-1948729,3610
12-16 17:14:24.069  4787  6014 I BatteryMgr:DataCollectionService: stats => 1702743264069,-1936522,3610
12-16 17:14:25.073  4787  6014 I BatteryMgr:DataCollectionService: stats => 1702743265073,-1940916,3610
12-16 17:14:26.075  4787  6014 I BatteryMgr:DataCollectionService: stats => 1702743266075,-1928709,3610
12-16 17:14:27.077  4787  6014 I BatteryMgr:DataCollectionService: stats => 1702743267077,-1952147,3610
12-16 17:14:28.081  4787  6014 I BatteryMgr:DataCollectionService: stats => 1702743268081,-1953612,3610
12-16 17:14:29.084  4787  6014 I BatteryMgr:DataCollectionService: stats => 1702743269084,-1951170,3610
12-16 17:14:30.086  4787  6014 I BatteryMgr:DataCollectionService: stats => 1702743270086,-1693358,3610
12-16 17:14:31.089  4787  6014 I BatteryMgr:DataCollectionService: stats => 1702743271089,-1488280,3610
12-16 17:14:32.091  4787  6014 I BatteryMgr:DataCollectionService: stats => 1702743272091,-1445311,3610
12-16 17:14:33.094  4787  6014 I BatteryMgr:DataCollectionService: stats => 1702743273093,-1427733,3610
12-16 17:14:34.096  4787  6014 I BatteryMgr:DataCollectionService: stats => 1702743274096,-1396483,3610
12-16 17:14:35.099  4787  6014 I BatteryMgr:DataCollectionService: stats => 1702743275099,-1433104,3610
12-16 17:14:36.101  4787  6014 I BatteryMgr:DataCollectionService: stats => 1702743276101,-1458007,3636
12-16 17:14:37.103  4787  6014 I BatteryMgr:DataCollectionService: stats => 1702743277103,-1744139,3636
12-16 17:14:38.105  4787  6014 I BatteryMgr:DataCollectionService: stats => 1702743278105,-1720702,3636
12-16 17:14:39.108  4787  6014 I BatteryMgr:DataCollectionService: stats => 1702743279108,-1479003,3636
12-16 17:14:40.112  4787  6014 I BatteryMgr:DataCollectionService: stats => 1702743280112,-1857909,3636
12-16 17:14:41.115  4787  6014 I BatteryMgr:DataCollectionService: stats => 1702743281115,-1914061,3636
12-16 17:14:42.117  4787  6014 I BatteryMgr:DataCollectionService: stats => 1702743282117,-1902831,3636
12-16 17:14:43.119  4787  6014 I BatteryMgr:DataCollectionService: stats => 1702743283119,-1875487,3636
12-16 17:14:44.121  4787  6014 I BatteryMgr:DataCollectionService: stats => 1702743284121,-1853514,3636
12-16 17:14:45.124  4787  6014 I BatteryMgr:DataCollectionService: stats => 1702743285124,-1873045,3636
12-16 17:14:46.126  4787  6014 I BatteryMgr:DataCollectionService: stats => 1702743286126,-1862792,3615
12-16 17:14:47.129  4787  6014 I BatteryMgr:DataCollectionService: stats => 1702743287129,-1823729,3615
12-16 17:14:48.131  4787  6014 I BatteryMgr:DataCollectionService: stats => 1702743288131,-1821776,3615
12-16 17:14:49.133  4787  6014 I BatteryMgr:DataCollectionService: stats => 1702743289133,-1772460,3615
12-16 17:14:50.135  4787  6014 I BatteryMgr:DataCollectionService: stats => 1702743290135,-1799803,3615
12-16 17:14:51.139  4787  6014 I BatteryMgr:DataCollectionService: stats => 1702743291139,-1824706,3615
12-16 17:14:52.141  4787  6014 I BatteryMgr:DataCollectionService: stats => 1702743292141,-1758299,3615
12-16 17:14:53.143  4787  6014 I BatteryMgr:DataCollectionService: stats => 1702743293143,-1743163,3615
12-16 17:14:54.145  4787  6014 I BatteryMgr:DataCollectionService: stats => 1702743294145,-1832518,3615
12-16 17:14:55.148  4787  6014 I BatteryMgr:DataCollectionService: stats => 1702743295148,-1783690,3615
12-16 17:14:56.151  4787  6014 I BatteryMgr:DataCollectionService: stats => 1702743296151,-1851561,3619
12-16 17:14:57.153  4787  6014 I BatteryMgr:DataCollectionService: stats => 1702743297153,-1812499,3619
12-16 17:14:58.155  4787  6014 I BatteryMgr:DataCollectionService: stats => 1702743298155,-1830077,3619
12-16 17:14:59.157  4787  6014 I BatteryMgr:DataCollectionService: stats => 1702743299157,-1812987,3619
12-16 17:15:00.161  4787  6014 I BatteryMgr:DataCollectionService: stats => 1702743300161,-1837889,3619
12-16 17:15:01.164  4787  6014 I BatteryMgr:DataCollectionService: stats => 1702743301164,-1812987,3619
12-16 17:15:02.166  4787  6014 I BatteryMgr:DataCollectionService: stats => 1702743302166,-1807127,3619
12-16 17:15:03.169  4787  6014 I BatteryMgr:DataCollectionService: stats => 1702743303169,-1836424,3619
12-16 17:15:04.171  4787  6014 I BatteryMgr:DataCollectionService: stats => 1702743304171,-1819335,3619
12-16 17:15:05.175  4787  6014 I BatteryMgr:DataCollectionService: stats => 1702743305174,-1812499,3619
12-16 17:15:06.178  4787  6014 I BatteryMgr:DataCollectionService: stats => 1702743306178,-1797362,3618
12-16 17:15:07.181  4787  6014 I BatteryMgr:DataCollectionService: stats => 1702743307181,-1847167,3618
12-16 17:15:08.183  4787  6014 I BatteryMgr:DataCollectionService: stats => 1702743308183,-1829100,3618
12-16 17:15:09.185  4787  6014 I BatteryMgr:DataCollectionService: stats => 1702743309185,-1831053,3618
12-16 17:15:10.189  4787  6014 I BatteryMgr:DataCollectionService: stats => 1702743310188,-1863280,3618
12-16 17:15:11.191  4787  6014 I BatteryMgr:DataCollectionService: stats => 1702743311191,-1831542,3618
12-16 17:15:12.193  4787  6014 I BatteryMgr:DataCollectionService: stats => 1702743312193,-1859374,3618
12-16 17:15:13.196  4787  6014 I BatteryMgr:DataCollectionService: stats => 1702743313196,-1812499,3618
12-16 17:15:14.198  4787  6014 I BatteryMgr:DataCollectionService: stats => 1702743314198,-1920409,3618
12-16 17:15:15.200  4787  6014 I BatteryMgr:DataCollectionService: stats => 1702743315200,-1813963,3618
12-16 17:15:16.202  4787  6014 I BatteryMgr:DataCollectionService: stats => 1702743316202,-1822264,3616
12-16 17:15:17.204  4787  6014 I BatteryMgr:DataCollectionService: stats => 1702743317204,-1890135,3616
12-16 17:15:18.206  4787  6014 I BatteryMgr:DataCollectionService: stats => 1702743318206,-1874999,3616
12-16 17:15:19.209  4787  6014 I BatteryMgr:DataCollectionService: stats => 1702743319209,-1854491,3616
12-16 17:15:20.212  4787  6014 I BatteryMgr:DataCollectionService: stats => 1702743320212,-1805174,3616
12-16 17:15:21.215  4787  6014 I BatteryMgr:DataCollectionService: stats => 1702743321215,-1997069,3616
12-16 17:15:22.217  4787  6014 I BatteryMgr:DataCollectionService: stats => 1702743322217,-1950682,3616
12-16 17:15:23.220  4787  6014 I BatteryMgr:DataCollectionService: stats => 1702743323220,-1844725,3616
12-16 17:15:24.222  4787  6014 I BatteryMgr:DataCollectionService: stats => 1702743324222,-1828612,3616
12-16 17:15:25.225  4787  6014 I BatteryMgr:DataCollectionService: stats => 1702743325225,-1860838,3616
12-16 17:15:26.227  4787  6014 I BatteryMgr:DataCollectionService: stats => 1702743326227,-1854491,3615
12-16 17:15:27.230  4787  6014 I BatteryMgr:DataCollectionService: stats => 1702743327230,-1857909,3615
12-16 17:15:28.232  4787  6014 I BatteryMgr:DataCollectionService: stats => 1702743328232,-1858397,3615
12-16 17:15:29.235  4787  6014 I BatteryMgr:DataCollectionService: stats => 1702743329235,-1878905,3615
12-16 17:15:30.237  4787  6014 I BatteryMgr:DataCollectionService: stats => 1702743330237,-1838866,3615
12-16 17:15:31.239  4787  6014 I BatteryMgr:DataCollectionService: stats => 1702743331239,-1836424,3615
12-16 17:15:32.242  4787  6014 I BatteryMgr:DataCollectionService: stats => 1702743332242,-1848631,3615
12-16 17:15:33.244  4787  6014 I BatteryMgr:DataCollectionService: stats => 1702743333244,-1863768,3615
12-16 17:15:34.246  4787  6014 I BatteryMgr:DataCollectionService: stats => 1702743334246,-1925780,3615
12-16 17:15:35.249  4787  6014 I BatteryMgr:DataCollectionService: stats => 1702743335249,-1863768,3615
12-16 17:15:36.251  4787  6014 I BatteryMgr:DataCollectionService: stats => 1702743336251,-1902831,3614
12-16 17:15:37.253  4787  6014 I BatteryMgr:DataCollectionService: stats => 1702743337253,-1836913,3614
12-16 17:15:38.257  4787  6014 I BatteryMgr:DataCollectionService: stats => 1702743338257,-1945311,3614
12-16 17:15:39.259  4787  6014 I BatteryMgr:DataCollectionService: stats => 1702743339259,-1912108,3614
12-16 17:15:40.261  4787  6014 I BatteryMgr:DataCollectionService: stats => 1702743340261,-1699706,3614
12-16 17:15:41.264  4787  6014 I BatteryMgr:DataCollectionService: stats => 1702743341264,-1897948,3614
12-16 17:15:42.266  4787  6014 I BatteryMgr:DataCollectionService: stats => 1702743342266,-1864256,3614
12-16 17:15:43.268  4787  6014 I BatteryMgr:DataCollectionService: stats => 1702743343268,-1889647,3614
12-16 17:15:44.270  4787  6014 I BatteryMgr:DataCollectionService: stats => 1702743344270,-1864256,3614
12-16 17:15:45.272  4787  6014 I BatteryMgr:DataCollectionService: stats => 1702743345272,-1844237,3614
12-16 17:15:46.275  4787  6014 I BatteryMgr:DataCollectionService: stats => 1702743346275,-1904295,3614
12-16 17:15:47.277  4787  6014 I BatteryMgr:DataCollectionService: stats => 1702743347277,-1879881,3614
12-16 17:15:48.279  4787  6014 I BatteryMgr:DataCollectionService: stats => 1702743348279,-1882323,3614
12-16 17:15:49.281  4787  6014 I BatteryMgr:DataCollectionService: stats => 1702743349281,-1883788,3614
12-16 17:15:50.283  4787  6014 I BatteryMgr:DataCollectionService: stats => 1702743350283,-1885741,3614
12-16 17:15:51.286  4787  6014 I BatteryMgr:DataCollectionService: stats => 1702743351286,-1878417,3614
12-16 17:15:52.288  4787  6014 I BatteryMgr:DataCollectionService: stats => 1702743352288,-1894530,3614
12-16 17:15:53.290  4787  6014 I BatteryMgr:DataCollectionService: stats => 1702743353290,-1871581,3614
12-16 17:15:54.292  4787  6014 I BatteryMgr:DataCollectionService: stats => 1702743354292,-1852049,3614
12-16 17:15:55.296  4787  6014 I BatteryMgr:DataCollectionService: stats => 1702743355296,-1900877,3611
12-16 17:15:56.299  4787  6014 I BatteryMgr:DataCollectionService: stats => 1702743356299,-1876463,3611
12-16 17:15:57.301  4787  6014 I BatteryMgr:DataCollectionService: stats => 1702743357301,-1886229,3611
12-16 17:15:58.303  4787  6014 I BatteryMgr:DataCollectionService: stats => 1702743358303,-1850584,3611
12-16 17:15:59.305  4787  6014 I BatteryMgr:DataCollectionService: stats => 1702743359305,-1967772,3611
12-16 17:16:00.307  4787  6014 I BatteryMgr:DataCollectionService: stats => 1702743360307,-1943358,3611
12-16 17:16:01.309  4787  6014 I BatteryMgr:DataCollectionService: stats => 1702743361309,-1972655,3611
12-16 17:16:02.311  4787  6014 I BatteryMgr:DataCollectionService: stats => 1702743362311,-1899413,3611
12-16 17:16:03.314  4787  6014 I BatteryMgr:DataCollectionService: stats => 1702743363314,-1889159,3611
12-16 17:16:04.316  4787  6014 I BatteryMgr:DataCollectionService: stats => 1702743364316,-1836424,3611
12-16 17:16:05.319  4787  6014 I BatteryMgr:DataCollectionService: stats => 1702743365319,-1866698,3611
12-16 17:16:06.321  4787  6014 I BatteryMgr:DataCollectionService: stats => 1702743366321,-1862792,3612
12-16 17:16:07.323  4787  6014 I BatteryMgr:DataCollectionService: stats => 1702743367323,-1909178,3612
12-16 17:16:08.326  4787  6014 I BatteryMgr:DataCollectionService: stats => 1702743368326,-1955565,3612
12-16 17:16:09.328  4787  6014 I BatteryMgr:DataCollectionService: stats => 1702743369328,-1892088,3612
12-16 17:16:10.331  4787  6014 I BatteryMgr:DataCollectionService: stats => 1702743370331,-1869139,3612
12-16 17:16:11.333  4787  6014 I BatteryMgr:DataCollectionService: stats => 1702743371333,-1865721,3612
12-16 17:16:12.336  4787  6014 I BatteryMgr:DataCollectionService: stats => 1702743372336,-1876952,3612
12-16 17:16:13.338  4787  6014 I BatteryMgr:DataCollectionService: stats => 1702743373338,-1748534,3612
12-16 17:16:14.340  4787  6014 I BatteryMgr:DataCollectionService: stats => 1702743374340,-1892088,3612
12-16 17:16:15.342  4787  6014 I BatteryMgr:DataCollectionService: stats => 1702743375342,-1875975,3612
12-16 17:16:16.344  4787  6014 I BatteryMgr:DataCollectionService: stats => 1702743376344,-1912108,3612
12-16 17:16:17.347  4787  6014 I BatteryMgr:DataCollectionService: stats => 1702743377347,-1877440,3612
12-16 17:16:18.349  4787  6014 I BatteryMgr:DataCollectionService: stats => 1702743378349,-1862303,3612
12-16 17:16:19.351  4787  6014 I BatteryMgr:DataCollectionService: stats => 1702743379351,-1885252,3612
12-16 17:16:20.353  4787  6014 I BatteryMgr:DataCollectionService: stats => 1702743380353,-1917967,3612
12-16 17:16:21.356  4787  6014 I BatteryMgr:DataCollectionService: stats => 1702743381356,-1881346,3612
12-16 17:16:22.358  4787  6014 I BatteryMgr:DataCollectionService: stats => 1702743382358,-1837401,3612
12-16 17:16:23.361  4787  6014 I BatteryMgr:DataCollectionService: stats => 1702743383361,-1987791,3612
12-16 17:16:24.363  4787  6014 I BatteryMgr:DataCollectionService: stats => 1702743384363,-1935057,3612
12-16 17:16:25.366  4787  6014 I BatteryMgr:DataCollectionService: stats => 1702743385366,-1876463,3612
12-16 17:16:26.368  4787  6014 I BatteryMgr:DataCollectionService: stats => 1702743386368,-1957518,3611
12-16 17:16:27.370  4787  6014 I BatteryMgr:DataCollectionService: stats => 1702743387370,-1888670,3611
12-16 17:16:28.373  4787  6014 I BatteryMgr:DataCollectionService: stats => 1702743388373,-1921874,3611
12-16 17:16:29.375  4787  6014 I BatteryMgr:DataCollectionService: stats => 1702743389375,-1876463,3611
12-16 17:16:30.378  4787  6014 I BatteryMgr:DataCollectionService: stats => 1702743390378,-1892088,3611
12-16 17:16:31.380  4787  6014 I BatteryMgr:DataCollectionService: stats => 1702743391380,-1864745,3611
12-16 17:16:32.383  4787  6014 I BatteryMgr:DataCollectionService: stats => 1702743392383,-1828124,3611
12-16 17:16:33.385  4787  6014 I BatteryMgr:DataCollectionService: stats => 1702743393385,-1896483,3611
12-16 17:16:34.387  4787  6014 I BatteryMgr:DataCollectionService: stats => 1702743394387,-1885252,3611
12-16 17:16:35.389  4787  6014 I BatteryMgr:DataCollectionService: stats => 1702743395389,-1891600,3611
12-16 17:16:36.392  4787  6014 I BatteryMgr:DataCollectionService: stats => 1702743396392,-1859374,3610
12-16 17:16:37.393  4787  6014 I BatteryMgr:DataCollectionService: stats => 1702743397393,-1844725,3610
12-16 17:16:38.395  4787  6014 I BatteryMgr:DataCollectionService: stats => 1702743398395,-1884764,3610
12-16 17:16:39.397  4787  6014 I BatteryMgr:DataCollectionService: stats => 1702743399397,-1829100,3610
12-16 17:16:40.400  4787  6014 I BatteryMgr:DataCollectionService: stats => 1702743400399,-1639647,3610
12-16 17:16:41.402  4787  6014 I BatteryMgr:DataCollectionService: stats => 1702743401402,-1898436,3610
12-16 17:16:42.404  4787  6014 I BatteryMgr:DataCollectionService: stats => 1702743402404,-1843260,3610
12-16 17:16:43.406  4787  6014 I BatteryMgr:DataCollectionService: stats => 1702743403406,-1838866,3610
12-16 17:16:44.408  4787  6014 I BatteryMgr:DataCollectionService: stats => 1702743404408,-1875487,3610
12-16 17:16:45.411  4787  6014 I BatteryMgr:DataCollectionService: stats => 1702743405411,-1811522,3610
12-16 17:16:46.414  4787  6014 I BatteryMgr:DataCollectionService: stats => 1702743406414,-2040038,3603
12-16 17:16:47.416  4787  6014 I BatteryMgr:DataCollectionService: stats => 1702743407416,-1809081,3603
12-16 17:16:48.419  4787  6014 I BatteryMgr:DataCollectionService: stats => 1702743408419,-1821288,3603
12-16 17:16:49.421  4787  6014 I BatteryMgr:DataCollectionService: stats => 1702743409421,-1861815,3603
12-16 17:16:50.424  4787  6014 I BatteryMgr:DataCollectionService: stats => 1702743410424,-1931639,3603
12-16 17:16:51.427  4787  6014 I BatteryMgr:DataCollectionService: stats => 1702743411427,-1834471,3603
12-16 17:16:52.429  4787  6014 I BatteryMgr:DataCollectionService: stats => 1702743412429,-1778807,3603
12-16 17:16:53.431  4787  6014 I BatteryMgr:DataCollectionService: stats => 1702743413431,-1919432,3603
12-16 17:16:54.434  4787  6014 I BatteryMgr:DataCollectionService: stats => 1702743414434,-1818846,3603
12-16 17:16:55.436  4787  6014 I BatteryMgr:DataCollectionService: stats => 1702743415436,-2082518,3603
12-16 17:16:56.438  4787  6014 I BatteryMgr:DataCollectionService: stats => 1702743416438,-1876952,3601
12-16 17:16:57.440  4787  6014 I BatteryMgr:DataCollectionService: stats => 1702743417440,-1820311,3601
12-16 17:16:58.443  4787  6014 I BatteryMgr:DataCollectionService: stats => 1702743418443,-1820799,3601
12-16 17:16:59.445  4787  6014 I BatteryMgr:DataCollectionService: stats => 1702743419445,-1809081,3601
12-16 17:17:00.447  4787  6014 I BatteryMgr:DataCollectionService: stats => 1702743420447,-1809081,3601
12-16 17:17:01.450  4787  6014 I BatteryMgr:DataCollectionService: stats => 1702743421450,-1838866,3601
12-16 17:17:02.453  4787  6014 I BatteryMgr:DataCollectionService: stats => 1702743422453,-1877440,3601
12-16 17:17:03.455  4787  6014 I BatteryMgr:DataCollectionService: stats => 1702743423455,-1819335,3601
12-16 17:17:04.457  4787  6014 I BatteryMgr:DataCollectionService: stats => 1702743424457,-1919432,3601
12-16 17:17:05.460  4787  6014 I BatteryMgr:DataCollectionService: stats => 1702743425459,-1856932,3601
12-16 17:17:06.462  4787  6014 I BatteryMgr:DataCollectionService: stats => 1702743426461,-1879393,3610
12-16 17:17:07.463  4787  6014 I BatteryMgr:DataCollectionService: stats => 1702743427463,-1788573,3610
12-16 17:17:08.466  4787  6014 I BatteryMgr:DataCollectionService: stats => 1702743428466,-1747069,3610
12-16 17:17:09.469  4787  6014 I BatteryMgr:DataCollectionService: stats => 1702743429469,-1864256,3610
12-16 17:17:10.471  4787  6014 I BatteryMgr:DataCollectionService: stats => 1702743430471,-1850584,3610
12-16 17:17:11.473  4787  6014 I BatteryMgr:DataCollectionService: stats => 1702743431473,-1807616,3610
12-16 17:17:12.475  4787  6014 I BatteryMgr:DataCollectionService: stats => 1702743432475,-1564940,3610
12-16 17:17:13.478  4787  6014 I BatteryMgr:DataCollectionService: stats => 1702743433478,-1799315,3610
12-16 17:17:14.480  4787  6014 I BatteryMgr:DataCollectionService: stats => 1702743434480,-1848631,3610
12-16 17:17:15.483  4787  6014 I BatteryMgr:DataCollectionService: stats => 1702743435483,-1774901,3610
12-16 17:17:16.485  4787  6014 I BatteryMgr:DataCollectionService: stats => 1702743436485,-1775389,3616
12-16 17:17:17.488  4787  6014 I BatteryMgr:DataCollectionService: stats => 1702743437488,-1793456,3616
12-16 17:17:18.492  4787  6014 I BatteryMgr:DataCollectionService: stats => 1702743438492,-1825682,3616
12-16 17:17:19.494  4787  6014 I BatteryMgr:DataCollectionService: stats => 1702743439494,-1578612,3616
12-16 17:17:20.497  4787  6014 I BatteryMgr:DataCollectionService: stats => 1702743440497,-1772460,3616
12-16 17:17:21.499  4787  6014 I BatteryMgr:DataCollectionService: stats => 1702743441499,-1870116,3616
12-16 17:17:22.501  4787  6014 I BatteryMgr:DataCollectionService: stats => 1702743442501,-1860838,3616
12-16 17:17:23.504  4787  6014 I BatteryMgr:DataCollectionService: stats => 1702743443504,-1832518,3616
12-16 17:17:24.506  4787  6014 I BatteryMgr:DataCollectionService: stats => 1702743444506,-1854491,3616
12-16 17:17:25.510  4787  6014 I BatteryMgr:DataCollectionService: stats => 1702743445510,-1810057,3616
12-16 17:17:26.512  4787  6014 I BatteryMgr:DataCollectionService: stats => 1702743446512,-1999998,3613
12-16 17:17:27.514  4787  6014 I BatteryMgr:DataCollectionService: stats => 1702743447514,-1831053,3613
12-16 17:17:28.515  4787  6014 I BatteryMgr:DataCollectionService: stats => 1702743448515,-1900389,3613
12-16 17:17:29.518  4787  6014 I BatteryMgr:DataCollectionService: stats => 1702743449518,-1859862,3613
12-16 17:17:30.522  4787  6014 I BatteryMgr:DataCollectionService: stats => 1702743450522,-1864256,3613
12-16 17:17:31.524  4787  6014 I BatteryMgr:DataCollectionService: stats => 1702743451524,-1907225,3613
12-16 17:17:32.526  4787  6014 I BatteryMgr:DataCollectionService: stats => 1702743452526,-1872069,3613
12-16 17:17:33.528  4787  6014 I BatteryMgr:DataCollectionService: stats => 1702743453528,-1862792,3613
12-16 17:17:34.531  4787  6014 I BatteryMgr:DataCollectionService: stats => 1702743454531,-1918456,3613
12-16 17:17:35.533  4787  6014 I BatteryMgr:DataCollectionService: stats => 1702743455533,-1909666,3613
12-16 17:17:36.535  4787  6014 I BatteryMgr:DataCollectionService: stats => 1702743456535,-1862792,3608
12-16 17:17:37.539  4787  6014 I BatteryMgr:DataCollectionService: stats => 1702743457539,-1905272,3608
12-16 17:17:38.541  4787  6014 I BatteryMgr:DataCollectionService: stats => 1702743458541,-1873045,3608
12-16 17:17:39.544  4787  6014 I BatteryMgr:DataCollectionService: stats => 1702743459544,-1864256,3608
12-16 17:17:40.546  4787  6014 I BatteryMgr:DataCollectionService: stats => 1702743460546,-1890624,3608
12-16 17:17:41.548  4787  6014 I BatteryMgr:DataCollectionService: stats => 1702743461548,-1925291,3608
12-16 17:17:42.550  4787  6014 I BatteryMgr:DataCollectionService: stats => 1702743462550,-1873534,3608
12-16 17:17:43.552  4787  6014 I BatteryMgr:DataCollectionService: stats => 1702743463552,-1872557,3608
12-16 17:17:44.554  4787  6014 I BatteryMgr:DataCollectionService: stats => 1702743464554,-1882323,3608
12-16 17:17:45.556  4787  6014 I BatteryMgr:DataCollectionService: stats => 1702743465556,-1838866,3608
12-16 17:17:46.559  4787  6014 I BatteryMgr:DataCollectionService: stats => 1702743466559,-1932127,3611
12-16 17:17:47.561  4787  6014 I BatteryMgr:DataCollectionService: stats => 1702743467560,-1750487,3611
12-16 17:17:48.564  4787  6014 I BatteryMgr:DataCollectionService: stats => 1702743468564,-1895018,3608
12-16 17:17:49.566  4787  6014 I BatteryMgr:DataCollectionService: stats => 1702743469566,-1842284,3608
12-16 17:17:50.570  4787  6014 I BatteryMgr:DataCollectionService: stats => 1702743470570,-1885252,3608
12-16 17:17:51.574  4787  6014 I BatteryMgr:DataCollectionService: stats => 1702743471573,-1842284,3608
12-16 17:17:52.576  4787  6014 I BatteryMgr:DataCollectionService: stats => 1702743472576,-1912596,3608
12-16 17:17:53.578  4787  6014 I BatteryMgr:DataCollectionService: stats => 1702743473578,-1913084,3608
12-16 17:17:54.580  4787  6014 I BatteryMgr:DataCollectionService: stats => 1702743474580,-1985350,3608
12-16 17:17:55.584  4787  6014 I BatteryMgr:DataCollectionService: stats => 1702743475584,-1919432,3608
12-16 17:17:56.586  4787  6014 I BatteryMgr:DataCollectionService: stats => 1702743476586,-1869139,3606
12-16 17:17:57.588  4787  6014 I BatteryMgr:DataCollectionService: stats => 1702743477588,-2030272,3606
12-16 17:17:58.590  4787  6014 I BatteryMgr:DataCollectionService: stats => 1702743478590,-1895018,3606
12-16 17:17:59.593  4787  6014 I BatteryMgr:DataCollectionService: stats => 1702743479592,-2001952,3606
12-16 17:18:00.595  4787  6014 I BatteryMgr:DataCollectionService: stats => 1702743480595,-1887694,3606
12-16 17:18:01.598  4787  6014 I BatteryMgr:DataCollectionService: stats => 1702743481597,-1688475,3606
12-16 17:18:02.601  4787  6014 I BatteryMgr:DataCollectionService: stats => 1702743482601,-1716307,3606
12-16 17:18:03.606  4787  6014 I BatteryMgr:DataCollectionService: stats => 1702743483606,-1623046,3606
12-16 17:18:04.608  4787  6014 I BatteryMgr:DataCollectionService: stats => 1702743484608,-1875487,3606
12-16 17:18:05.612  4787  6014 I BatteryMgr:DataCollectionService: stats => 1702743485611,-1936522,3606
12-16 17:18:06.613  4787  6014 I BatteryMgr:DataCollectionService: stats => 1702743486613,-1998534,3605
12-16 17:18:07.615  4787  6014 I BatteryMgr:DataCollectionService: stats => 1702743487615,-2010741,3605
12-16 17:18:08.618  4787  6014 I BatteryMgr:DataCollectionService: stats => 1702743488618,-1906737,3605
12-16 17:18:09.620  4787  6014 I BatteryMgr:DataCollectionService: stats => 1702743489620,-2055663,3605
12-16 17:18:10.622  4787  6014 I BatteryMgr:DataCollectionService: stats => 1702743490622,-2089842,3605
12-16 17:18:11.624  4787  6014 I BatteryMgr:DataCollectionService: stats => 1702743491624,-2001463,3605
12-16 17:18:12.626  4787  6014 I BatteryMgr:DataCollectionService: stats => 1702743492626,-1978026,3605
12-16 17:18:13.628  4787  6014 I BatteryMgr:DataCollectionService: stats => 1702743493628,-2017088,3605
12-16 17:18:14.630  4787  6014 I BatteryMgr:DataCollectionService: stats => 1702743494630,-2027830,3605
12-16 17:18:15.633  4787  6014 I BatteryMgr:DataCollectionService: stats => 1702743495633,-2031737,3605
12-16 17:18:16.636  4787  6014 I BatteryMgr:DataCollectionService: stats => 1702743496636,-2015135,3600
12-16 17:18:17.639  4787  6014 I BatteryMgr:DataCollectionService: stats => 1702743497639,-1739745,3600
12-16 17:18:18.641  4787  6014 I BatteryMgr:DataCollectionService: stats => 1702743498641,-1908202,3600
12-16 17:18:19.644  4787  6014 I BatteryMgr:DataCollectionService: stats => 1702743499644,-1883788,3600
12-16 17:18:20.652  4787  6014 I BatteryMgr:DataCollectionService: stats => 1702743500652,-1920897,3600
12-16 17:18:21.655  4787  6014 I BatteryMgr:DataCollectionService: stats => 1702743501655,-1917967,3600
12-16 17:18:22.657  4787  6014 I BatteryMgr:DataCollectionService: stats => 1702743502657,-1929198,3600
12-16 17:18:23.659  4787  6014 I BatteryMgr:DataCollectionService: stats => 1702743503659,-1951170,3600
12-16 17:18:24.663  4787  6014 I BatteryMgr:DataCollectionService: stats => 1702743504663,-1944823,3600
12-16 17:18:25.665  4787  6014 I BatteryMgr:DataCollectionService: stats => 1702743505665,-1947264,3603
12-16 17:18:26.668  4787  6014 I BatteryMgr:DataCollectionService: stats => 1702743506668,-2025389,3603
12-16 17:18:27.670  4787  6014 I BatteryMgr:DataCollectionService: stats => 1702743507669,-1926756,3603
12-16 17:18:28.672  4787  6014 I BatteryMgr:DataCollectionService: stats => 1702743508672,-1887694,3606
12-16 17:18:29.675  4787  6014 I BatteryMgr:DataCollectionService: stats => 1702743509675,-1917967,3606
12-16 17:18:30.678  4787  6014 I BatteryMgr:DataCollectionService: stats => 1702743510678,-1901854,3606
