Current Battery Service state:
  AC powered: false
  USB powered: false
  Wireless powered: false
  Max charging current: 0
  Max charging voltage: 0
  Charge counter: 2463344
  status: 3
  health: 2
  present: true
  level: 67
  scale: 100
  voltage: 3868
  temperature: 410
  technology: Li-ion
Current Battery Service state:
  AC powered: false
  USB powered: false
  Wireless powered: false
  Max charging current: 0
  Max charging voltage: 0
  Charge counter: 2463344
  status: 3
  health: 2
  present: true
  level: 67
  scale: 100
  voltage: 3868
  temperature: 410
  technology: Li-ion
Current Battery Service state:
  AC powered: false
  USB powered: false
  Wireless powered: false
  Max charging current: 0
  Max charging voltage: 0
  Charge counter: 2463344
  status: 3
  health: 2
  present: true
  level: 67
  scale: 100
  voltage: 3868
  temperature: 410
  technology: Li-ion
Current Battery Service state:
  AC powered: false
  USB powered: false
  Wireless powered: false
  Max charging current: 0
  Max charging voltage: 0
  Charge counter: 2463344
  status: 3
  health: 2
  present: true
  level: 67
  scale: 100
  voltage: 3868
  temperature: 410
  technology: Li-ion
Current Battery Service state:
  AC powered: false
  USB powered: false
  Wireless powered: false
  Max charging current: 0
  Max charging voltage: 0
  Charge counter: 2463344
  status: 3
  health: 2
  present: true
  level: 67
  scale: 100
  voltage: 3868
  temperature: 410
  technology: Li-ion
Current Battery Service state:
  AC powered: false
  USB powered: false
  Wireless powered: false
  Max charging current: 0
  Max charging voltage: 0
  Charge counter: 2458953
  status: 3
  health: 2
  present: true
  level: 66
  scale: 100
  voltage: 3864
  temperature: 410
  technology: Li-ion
Current Battery Service state:
  AC powered: false
  USB powered: false
  Wireless powered: false
  Max charging current: 0
  Max charging voltage: 0
  Charge counter: 2458953
  status: 3
  health: 2
  present: true
  level: 66
  scale: 100
  voltage: 3864
  temperature: 410
  technology: Li-ion
Current Battery Service state:
  AC powered: false
  USB powered: false
  Wireless powered: false
  Max charging current: 0
  Max charging voltage: 0
  Charge counter: 2458953
  status: 3
  health: 2
  present: true
  level: 66
  scale: 100
  voltage: 3864
  temperature: 410
  technology: Li-ion
Current Battery Service state:
  AC powered: false
  USB powered: false
  Wireless powered: false
  Max charging current: 0
  Max charging voltage: 0
  Charge counter: 2458953
  status: 3
  health: 2
  present: true
  level: 66
  scale: 100
  voltage: 3864
  temperature: 410
  technology: Li-ion
Current Battery Service state:
  AC powered: false
  USB powered: false
  Wireless powered: false
  Max charging current: 0
  Max charging voltage: 0
  Charge counter: 2458953
  status: 3
  health: 2
  present: true
  level: 66
  scale: 100
  voltage: 3864
  temperature: 410
  technology: Li-ion
Current Battery Service state:
  AC powered: false
  USB powered: false
  Wireless powered: false
  Max charging current: 0
  Max charging voltage: 0
  Charge counter: 2458953
  status: 3
  health: 2
  present: true
  level: 66
  scale: 100
  voltage: 3864
  temperature: 410
  technology: Li-ion
Current Battery Service state:
  AC powered: false
  USB powered: false
  Wireless powered: false
  Max charging current: 0
  Max charging voltage: 0
  Charge counter: 2458953
  status: 3
  health: 2
  present: true
  level: 66
  scale: 100
  voltage: 3864
  temperature: 410
  technology: Li-ion
Current Battery Service state:
  AC powered: false
  USB powered: false
  Wireless powered: false
  Max charging current: 0
  Max charging voltage: 0
  Charge counter: 2458953
  status: 3
  health: 2
  present: true
  level: 66
  scale: 100
  voltage: 3864
  temperature: 410
  technology: Li-ion
Current Battery Service state:
  AC powered: false
  USB powered: false
  Wireless powered: false
  Max charging current: 0
  Max charging voltage: 0
  Charge counter: 2458953
  status: 3
  health: 2
  present: true
  level: 66
  scale: 100
  voltage: 3864
  temperature: 410
  technology: Li-ion
Current Battery Service state:
  AC powered: false
  USB powered: false
  Wireless powered: false
  Max charging current: 0
  Max charging voltage: 0
  Charge counter: 2458953
  status: 3
  health: 2
  present: true
  level: 66
  scale: 100
  voltage: 3864
  temperature: 410
  technology: Li-ion
Current Battery Service state:
  AC powered: false
  USB powered: false
  Wireless powered: false
  Max charging current: 0
  Max charging voltage: 0
  Charge counter: 2454596
  status: 3
  health: 2
  present: true
  level: 66
  scale: 100
  voltage: 3864
  temperature: 412
  technology: Li-ion
Current Battery Service state:
  AC powered: false
  USB powered: false
  Wireless powered: false
  Max charging current: 0
  Max charging voltage: 0
  Charge counter: 2454596
  status: 3
  health: 2
  present: true
  level: 66
  scale: 100
  voltage: 3864
  temperature: 412
  technology: Li-ion
Current Battery Service state:
  AC powered: false
  USB powered: false
  Wireless powered: false
  Max charging current: 0
  Max charging voltage: 0
  Charge counter: 2454596
  status: 3
  health: 2
  present: true
  level: 66
  scale: 100
  voltage: 3864
  temperature: 412
  technology: Li-ion
Current Battery Service state:
  AC powered: false
  USB powered: false
  Wireless powered: false
  Max charging current: 0
  Max charging voltage: 0
  Charge counter: 2454596
  status: 3
  health: 2
  present: true
  level: 66
  scale: 100
  voltage: 3864
  temperature: 412
  technology: Li-ion
Current Battery Service state:
  AC powered: false
  USB powered: false
  Wireless powered: false
  Max charging current: 0
  Max charging voltage: 0
  Charge counter: 2454596
  status: 3
  health: 2
  present: true
  level: 66
  scale: 100
  voltage: 3864
  temperature: 412
  technology: Li-ion
Current Battery Service state:
  AC powered: false
  USB powered: false
  Wireless powered: false
  Max charging current: 0
  Max charging voltage: 0
  Charge counter: 2454596
  status: 3
  health: 2
  present: true
  level: 66
  scale: 100
  voltage: 3864
  temperature: 412
  technology: Li-ion
Current Battery Service state:
  AC powered: false
  USB powered: false
  Wireless powered: false
  Max charging current: 0
  Max charging voltage: 0
  Charge counter: 2454596
  status: 3
  health: 2
  present: true
  level: 66
  scale: 100
  voltage: 3864
  temperature: 412
  technology: Li-ion
Current Battery Service state:
  AC powered: false
  USB powered: false
  Wireless powered: false
  Max charging current: 0
  Max charging voltage: 0
  Charge counter: 2454596
  status: 3
  health: 2
  present: true
  level: 66
  scale: 100
  voltage: 3864
  temperature: 412
  technology: Li-ion
Current Battery Service state:
  AC powered: false
  USB powered: false
  Wireless powered: false
  Max charging current: 0
  Max charging voltage: 0
  Charge counter: 2454596
  status: 3
  health: 2
  present: true
  level: 66
  scale: 100
  voltage: 3864
  temperature: 412
  technology: Li-ion
Current Battery Service state:
  AC powered: false
  USB powered: false
  Wireless powered: false
  Max charging current: 0
  Max charging voltage: 0
  Charge counter: 2454596
  status: 3
  health: 2
  present: true
  level: 66
  scale: 100
  voltage: 3864
  temperature: 412
  technology: Li-ion
Current Battery Service state:
  AC powered: false
  USB powered: false
  Wireless powered: false
  Max charging current: 0
  Max charging voltage: 0
  Charge counter: 2450313
  status: 3
  health: 2
  present: true
  level: 66
  scale: 100
  voltage: 3862
  temperature: 410
  technology: Li-ion
Current Battery Service state:
  AC powered: false
  USB powered: false
  Wireless powered: false
  Max charging current: 0
  Max charging voltage: 0
  Charge counter: 2450313
  status: 3
  health: 2
  present: true
  level: 66
  scale: 100
  voltage: 3862
  temperature: 410
  technology: Li-ion
Current Battery Service state:
  AC powered: false
  USB powered: false
  Wireless powered: false
  Max charging current: 0
  Max charging voltage: 0
  Charge counter: 2450313
  status: 3
  health: 2
  present: true
  level: 66
  scale: 100
  voltage: 3862
  temperature: 410
  technology: Li-ion
Current Battery Service state:
  AC powered: false
  USB powered: false
  Wireless powered: false
  Max charging current: 0
  Max charging voltage: 0
  Charge counter: 2450313
  status: 3
  health: 2
  present: true
  level: 66
  scale: 100
  voltage: 3862
  temperature: 410
  technology: Li-ion
Current Battery Service state:
  AC powered: false
  USB powered: false
  Wireless powered: false
  Max charging current: 0
  Max charging voltage: 0
  Charge counter: 2448474
  status: 3
  health: 2
  present: true
  level: 66
  scale: 100
  voltage: 3864
  temperature: 412
  technology: Li-ion
Current Battery Service state:
  AC powered: false
  USB powered: false
  Wireless powered: false
  Max charging current: 0
  Max charging voltage: 0
  Charge counter: 2448474
  status: 3
  health: 2
  present: true
  level: 66
  scale: 100
  voltage: 3864
  temperature: 412
  technology: Li-ion
Current Battery Service state:
  AC powered: false
  USB powered: false
  Wireless powered: false
  Max charging current: 0
  Max charging voltage: 0
  Charge counter: 2448474
  status: 3
  health: 2
  present: true
  level: 66
  scale: 100
  voltage: 3864
  temperature: 412
  technology: Li-ion
Current Battery Service state:
  AC powered: false
  USB powered: false
  Wireless powered: false
  Max charging current: 0
  Max charging voltage: 0
  Charge counter: 2448474
  status: 3
  health: 2
  present: true
  level: 66
  scale: 100
  voltage: 3864
  temperature: 412
  technology: Li-ion
Current Battery Service state:
  AC powered: false
  USB powered: false
  Wireless powered: false
  Max charging current: 0
  Max charging voltage: 0
  Charge counter: 2448474
  status: 3
  health: 2
  present: true
  level: 66
  scale: 100
  voltage: 3864
  temperature: 412
  technology: Li-ion
Current Battery Service state:
  AC powered: false
  USB powered: false
  Wireless powered: false
  Max charging current: 0
  Max charging voltage: 0
  Charge counter: 2448474
  status: 3
  health: 2
  present: true
  level: 66
  scale: 100
  voltage: 3864
  temperature: 412
  technology: Li-ion
Current Battery Service state:
  AC powered: false
  USB powered: false
  Wireless powered: false
  Max charging current: 0
  Max charging voltage: 0
  Charge counter: 2445777
  status: 3
  health: 2
  present: true
  level: 66
  scale: 100
  voltage: 3861
  temperature: 412
  technology: Li-ion
Current Battery Service state:
  AC powered: false
  USB powered: false
  Wireless powered: false
  Max charging current: 0
  Max charging voltage: 0
  Charge counter: 2445777
  status: 3
  health: 2
  present: true
  level: 66
  scale: 100
  voltage: 3861
  temperature: 412
  technology: Li-ion
Current Battery Service state:
  AC powered: false
  USB powered: false
  Wireless powered: false
  Max charging current: 0
  Max charging voltage: 0
  Charge counter: 2445777
  status: 3
  health: 2
  present: true
  level: 66
  scale: 100
  voltage: 3861
  temperature: 412
  technology: Li-ion
Current Battery Service state:
  AC powered: false
  USB powered: false
  Wireless powered: false
  Max charging current: 0
  Max charging voltage: 0
  Charge counter: 2445777
  status: 3
  health: 2
  present: true
  level: 66
  scale: 100
  voltage: 3861
  temperature: 412
  technology: Li-ion
Current Battery Service state:
  AC powered: false
  USB powered: false
  Wireless powered: false
  Max charging current: 0
  Max charging voltage: 0
  Charge counter: 2445777
  status: 3
  health: 2
  present: true
  level: 66
  scale: 100
  voltage: 3861
  temperature: 412
  technology: Li-ion
Current Battery Service state:
  AC powered: false
  USB powered: false
  Wireless powered: false
  Max charging current: 0
  Max charging voltage: 0
  Charge counter: 2445777
  status: 3
  health: 2
  present: true
  level: 66
  scale: 100
  voltage: 3861
  temperature: 412
  technology: Li-ion
Current Battery Service state:
  AC powered: false
  USB powered: false
  Wireless powered: false
  Max charging current: 0
  Max charging voltage: 0
  Charge counter: 2445777
  status: 3
  health: 2
  present: true
  level: 66
  scale: 100
  voltage: 3861
  temperature: 412
  technology: Li-ion
Current Battery Service state:
  AC powered: false
  USB powered: false
  Wireless powered: false
  Max charging current: 0
  Max charging voltage: 0
  Charge counter: 2445777
  status: 3
  health: 2
  present: true
  level: 66
  scale: 100
  voltage: 3861
  temperature: 412
  technology: Li-ion
Current Battery Service state:
  AC powered: false
  USB powered: false
  Wireless powered: false
  Max charging current: 0
  Max charging voltage: 0
  Charge counter: 2445777
  status: 3
  health: 2
  present: true
  level: 66
  scale: 100
  voltage: 3861
  temperature: 412
  technology: Li-ion
Current Battery Service state:
  AC powered: false
  USB powered: false
  Wireless powered: false
  Max charging current: 0
  Max charging voltage: 0
  Charge counter: 2445777
  status: 3
  health: 2
  present: true
  level: 66
  scale: 100
  voltage: 3861
  temperature: 412
  technology: Li-ion
Current Battery Service state:
  AC powered: false
  USB powered: false
  Wireless powered: false
  Max charging current: 0
  Max charging voltage: 0
  Charge counter: 2441310
  status: 3
  health: 2
  present: true
  level: 66
  scale: 100
  voltage: 3857
  temperature: 415
  technology: Li-ion
Current Battery Service state:
  AC powered: false
  USB powered: false
  Wireless powered: false
  Max charging current: 0
  Max charging voltage: 0
  Charge counter: 2441310
  status: 3
  health: 2
  present: true
  level: 66
  scale: 100
  voltage: 3857
  temperature: 415
  technology: Li-ion
Current Battery Service state:
  AC powered: false
  USB powered: false
  Wireless powered: false
  Max charging current: 0
  Max charging voltage: 0
  Charge counter: 2441310
  status: 3
  health: 2
  present: true
  level: 66
  scale: 100
  voltage: 3857
  temperature: 415
  technology: Li-ion
Current Battery Service state:
  AC powered: false
  USB powered: false
  Wireless powered: false
  Max charging current: 0
  Max charging voltage: 0
  Charge counter: 2441310
  status: 3
  health: 2
  present: true
  level: 66
  scale: 100
  voltage: 3857
  temperature: 415
  technology: Li-ion
Current Battery Service state:
  AC powered: false
  USB powered: false
  Wireless powered: false
  Max charging current: 0
  Max charging voltage: 0
  Charge counter: 2441310
  status: 3
  health: 2
  present: true
  level: 66
  scale: 100
  voltage: 3857
  temperature: 415
  technology: Li-ion
Current Battery Service state:
  AC powered: false
  USB powered: false
  Wireless powered: false
  Max charging current: 0
  Max charging voltage: 0
  Charge counter: 2441310
  status: 3
  health: 2
  present: true
  level: 66
  scale: 100
  voltage: 3857
  temperature: 415
  technology: Li-ion
Current Battery Service state:
  AC powered: false
  USB powered: false
  Wireless powered: false
  Max charging current: 0
  Max charging voltage: 0
  Charge counter: 2441310
  status: 3
  health: 2
  present: true
  level: 66
  scale: 100
  voltage: 3857
  temperature: 415
  technology: Li-ion
Current Battery Service state:
  AC powered: false
  USB powered: false
  Wireless powered: false
  Max charging current: 0
  Max charging voltage: 0
  Charge counter: 2441310
  status: 3
  health: 2
  present: true
  level: 66
  scale: 100
  voltage: 3857
  temperature: 415
  technology: Li-ion
Current Battery Service state:
  AC powered: false
  USB powered: false
  Wireless powered: false
  Max charging current: 0
  Max charging voltage: 0
  Charge counter: 2441310
  status: 3
  health: 2
  present: true
  level: 66
  scale: 100
  voltage: 3857
  temperature: 415
  technology: Li-ion
Current Battery Service state:
  AC powered: false
  USB powered: false
  Wireless powered: false
  Max charging current: 0
  Max charging voltage: 0
  Charge counter: 2441310
  status: 3
  health: 2
  present: true
  level: 66
  scale: 100
  voltage: 3857
  temperature: 415
  technology: Li-ion
Current Battery Service state:
  AC powered: false
  USB powered: false
  Wireless powered: false
  Max charging current: 0
  Max charging voltage: 0
  Charge counter: 2436813
  status: 3
  health: 2
  present: true
  level: 66
  scale: 100
  voltage: 3856
  temperature: 412
  technology: Li-ion
Current Battery Service state:
  AC powered: false
  USB powered: false
  Wireless powered: false
  Max charging current: 0
  Max charging voltage: 0
  Charge counter: 2436813
  status: 3
  health: 2
  present: true
  level: 66
  scale: 100
  voltage: 3856
  temperature: 412
  technology: Li-ion
Current Battery Service state:
  AC powered: false
  USB powered: false
  Wireless powered: false
  Max charging current: 0
  Max charging voltage: 0
  Charge counter: 2436813
  status: 3
  health: 2
  present: true
  level: 66
  scale: 100
  voltage: 3856
  temperature: 412
  technology: Li-ion
Current Battery Service state:
  AC powered: false
  USB powered: false
  Wireless powered: false
  Max charging current: 0
  Max charging voltage: 0
  Charge counter: 2436813
  status: 3
  health: 2
  present: true
  level: 66
  scale: 100
  voltage: 3856
  temperature: 412
  technology: Li-ion
Current Battery Service state:
  AC powered: false
  USB powered: false
  Wireless powered: false
  Max charging current: 0
  Max charging voltage: 0
  Charge counter: 2436813
  status: 3
  health: 2
  present: true
  level: 66
  scale: 100
  voltage: 3856
  temperature: 412
  technology: Li-ion
Current Battery Service state:
  AC powered: false
  USB powered: false
  Wireless powered: false
  Max charging current: 0
  Max charging voltage: 0
  Charge counter: 2436813
  status: 3
  health: 2
  present: true
  level: 66
  scale: 100
  voltage: 3856
  temperature: 412
  technology: Li-ion
Current Battery Service state:
  AC powered: false
  USB powered: false
  Wireless powered: false
  Max charging current: 0
  Max charging voltage: 0
  Charge counter: 2436813
  status: 3
  health: 2
  present: true
  level: 66
  scale: 100
  voltage: 3856
  temperature: 412
  technology: Li-ion
Current Battery Service state:
  AC powered: false
  USB powered: false
  Wireless powered: false
  Max charging current: 0
  Max charging voltage: 0
  Charge counter: 2436813
  status: 3
  health: 2
  present: true
  level: 66
  scale: 100
  voltage: 3856
  temperature: 412
  technology: Li-ion
Current Battery Service state:
  AC powered: false
  USB powered: false
  Wireless powered: false
  Max charging current: 0
  Max charging voltage: 0
  Charge counter: 2436813
  status: 3
  health: 2
  present: true
  level: 66
  scale: 100
  voltage: 3856
  temperature: 412
  technology: Li-ion
Current Battery Service state:
  AC powered: false
  USB powered: false
  Wireless powered: false
  Max charging current: 0
  Max charging voltage: 0
  Charge counter: 2436813
  status: 3
  health: 2
  present: true
  level: 66
  scale: 100
  voltage: 3856
  temperature: 412
  technology: Li-ion
Current Battery Service state:
  AC powered: false
  USB powered: false
  Wireless powered: false
  Max charging current: 0
  Max charging voltage: 0
  Charge counter: 2432267
  status: 3
  health: 2
  present: true
  level: 66
  scale: 100
  voltage: 3853
  temperature: 415
  technology: Li-ion
Current Battery Service state:
  AC powered: false
  USB powered: false
  Wireless powered: false
  Max charging current: 0
  Max charging voltage: 0
  Charge counter: 2432267
  status: 3
  health: 2
  present: true
  level: 66
  scale: 100
  voltage: 3853
  temperature: 415
  technology: Li-ion
Current Battery Service state:
  AC powered: false
  USB powered: false
  Wireless powered: false
  Max charging current: 0
  Max charging voltage: 0
  Charge counter: 2431676
  status: 3
  health: 2
  present: true
  level: 66
  scale: 100
  voltage: 3857
  temperature: 415
  technology: Li-ion
Current Battery Service state:
  AC powered: false
  USB powered: false
  Wireless powered: false
  Max charging current: 0
  Max charging voltage: 0
  Charge counter: 2431676
  status: 3
  health: 2
  present: true
  level: 66
  scale: 100
  voltage: 3857
  temperature: 415
  technology: Li-ion
Current Battery Service state:
  AC powered: false
  USB powered: false
  Wireless powered: false
  Max charging current: 0
  Max charging voltage: 0
  Charge counter: 2431676
  status: 3
  health: 2
  present: true
  level: 66
  scale: 100
  voltage: 3857
  temperature: 415
  technology: Li-ion
Current Battery Service state:
  AC powered: false
  USB powered: false
  Wireless powered: false
  Max charging current: 0
  Max charging voltage: 0
  Charge counter: 2431676
  status: 3
  health: 2
  present: true
  level: 66
  scale: 100
  voltage: 3857
  temperature: 415
  technology: Li-ion
Current Battery Service state:
  AC powered: false
  USB powered: false
  Wireless powered: false
  Max charging current: 0
  Max charging voltage: 0
  Charge counter: 2431676
  status: 3
  health: 2
  present: true
  level: 66
  scale: 100
  voltage: 3857
  temperature: 415
  technology: Li-ion
Current Battery Service state:
  AC powered: false
  USB powered: false
  Wireless powered: false
  Max charging current: 0
  Max charging voltage: 0
  Charge counter: 2431676
  status: 3
  health: 2
  present: true
  level: 66
  scale: 100
  voltage: 3857
  temperature: 415
  technology: Li-ion
Current Battery Service state:
  AC powered: false
  USB powered: false
  Wireless powered: false
  Max charging current: 0
  Max charging voltage: 0
  Charge counter: 2431676
  status: 3
  health: 2
  present: true
  level: 66
  scale: 100
  voltage: 3857
  temperature: 415
  technology: Li-ion
Current Battery Service state:
  AC powered: false
  USB powered: false
  Wireless powered: false
  Max charging current: 0
  Max charging voltage: 0
  Charge counter: 2431676
  status: 3
  health: 2
  present: true
  level: 66
  scale: 100
  voltage: 3857
  temperature: 415
  technology: Li-ion
Current Battery Service state:
  AC powered: false
  USB powered: false
  Wireless powered: false
  Max charging current: 0
  Max charging voltage: 0
  Charge counter: 2428088
  status: 3
  health: 2
  present: true
  level: 66
  scale: 100
  voltage: 3855
  temperature: 415
  technology: Li-ion
Current Battery Service state:
  AC powered: false
  USB powered: false
  Wireless powered: false
  Max charging current: 0
  Max charging voltage: 0
  Charge counter: 2428088
  status: 3
  health: 2
  present: true
  level: 66
  scale: 100
  voltage: 3855
  temperature: 415
  technology: Li-ion
Current Battery Service state:
  AC powered: false
  USB powered: false
  Wireless powered: false
  Max charging current: 0
  Max charging voltage: 0
  Charge counter: 2428088
  status: 3
  health: 2
  present: true
  level: 66
  scale: 100
  voltage: 3855
  temperature: 415
  technology: Li-ion
Current Battery Service state:
  AC powered: false
  USB powered: false
  Wireless powered: false
  Max charging current: 0
  Max charging voltage: 0
  Charge counter: 2428088
  status: 3
  health: 2
  present: true
  level: 66
  scale: 100
  voltage: 3855
  temperature: 415
  technology: Li-ion
Current Battery Service state:
  AC powered: false
  USB powered: false
  Wireless powered: false
  Max charging current: 0
  Max charging voltage: 0
  Charge counter: 2428088
  status: 3
  health: 2
  present: true
  level: 66
  scale: 100
  voltage: 3855
  temperature: 415
  technology: Li-ion
Current Battery Service state:
  AC powered: false
  USB powered: false
  Wireless powered: false
  Max charging current: 0
  Max charging voltage: 0
  Charge counter: 2428088
  status: 3
  health: 2
  present: true
  level: 66
  scale: 100
  voltage: 3855
  temperature: 415
  technology: Li-ion
Current Battery Service state:
  AC powered: false
  USB powered: false
  Wireless powered: false
  Max charging current: 0
  Max charging voltage: 0
  Charge counter: 2428088
  status: 3
  health: 2
  present: true
  level: 66
  scale: 100
  voltage: 3855
  temperature: 415
  technology: Li-ion
Current Battery Service state:
  AC powered: false
  USB powered: false
  Wireless powered: false
  Max charging current: 0
  Max charging voltage: 0
  Charge counter: 2428088
  status: 3
  health: 2
  present: true
  level: 66
  scale: 100
  voltage: 3855
  temperature: 415
  technology: Li-ion
Current Battery Service state:
  AC powered: false
  USB powered: false
  Wireless powered: false
  Max charging current: 0
  Max charging voltage: 0
  Charge counter: 2428088
  status: 3
  health: 2
  present: true
  level: 66
  scale: 100
  voltage: 3855
  temperature: 415
  technology: Li-ion
Current Battery Service state:
  AC powered: false
  USB powered: false
  Wireless powered: false
  Max charging current: 0
  Max charging voltage: 0
  Charge counter: 2428088
  status: 3
  health: 2
  present: true
  level: 66
  scale: 100
  voltage: 3855
  temperature: 415
  technology: Li-ion
Current Battery Service state:
  AC powered: false
  USB powered: false
  Wireless powered: false
  Max charging current: 0
  Max charging voltage: 0
  Charge counter: 2423574
  status: 3
  health: 2
  present: true
  level: 66
  scale: 100
  voltage: 3854
  temperature: 417
  technology: Li-ion
Current Battery Service state:
  AC powered: false
  USB powered: false
  Wireless powered: false
  Max charging current: 0
  Max charging voltage: 0
  Charge counter: 2423574
  status: 3
  health: 2
  present: true
  level: 66
  scale: 100
  voltage: 3854
  temperature: 417
  technology: Li-ion
Current Battery Service state:
  AC powered: false
  USB powered: false
  Wireless powered: false
  Max charging current: 0
  Max charging voltage: 0
  Charge counter: 2423574
  status: 3
  health: 2
  present: true
  level: 66
  scale: 100
  voltage: 3854
  temperature: 417
  technology: Li-ion
Current Battery Service state:
  AC powered: false
  USB powered: false
  Wireless powered: false
  Max charging current: 0
  Max charging voltage: 0
  Charge counter: 2423574
  status: 3
  health: 2
  present: true
  level: 66
  scale: 100
  voltage: 3854
  temperature: 417
  technology: Li-ion
Current Battery Service state:
  AC powered: false
  USB powered: false
  Wireless powered: false
  Max charging current: 0
  Max charging voltage: 0
  Charge counter: 2423574
  status: 3
  health: 2
  present: true
  level: 66
  scale: 100
  voltage: 3854
  temperature: 417
  technology: Li-ion
Current Battery Service state:
  AC powered: false
  USB powered: false
  Wireless powered: false
  Max charging current: 0
  Max charging voltage: 0
  Charge counter: 2423574
  status: 3
  health: 2
  present: true
  level: 66
  scale: 100
  voltage: 3854
  temperature: 417
  technology: Li-ion
Current Battery Service state:
  AC powered: false
  USB powered: false
  Wireless powered: false
  Max charging current: 0
  Max charging voltage: 0
  Charge counter: 2423574
  status: 3
  health: 2
  present: true
  level: 66
  scale: 100
  voltage: 3854
  temperature: 417
  technology: Li-ion
Current Battery Service state:
  AC powered: false
  USB powered: false
  Wireless powered: false
  Max charging current: 0
  Max charging voltage: 0
  Charge counter: 2423574
  status: 3
  health: 2
  present: true
  level: 66
  scale: 100
  voltage: 3854
  temperature: 417
  technology: Li-ion
Current Battery Service state:
  AC powered: false
  USB powered: false
  Wireless powered: false
  Max charging current: 0
  Max charging voltage: 0
  Charge counter: 2423574
  status: 3
  health: 2
  present: true
  level: 66
  scale: 100
  voltage: 3854
  temperature: 417
  technology: Li-ion
Current Battery Service state:
  AC powered: false
  USB powered: false
  Wireless powered: false
  Max charging current: 0
  Max charging voltage: 0
  Charge counter: 2423574
  status: 3
  health: 2
  present: true
  level: 66
  scale: 100
  voltage: 3854
  temperature: 417
  technology: Li-ion
Current Battery Service state:
  AC powered: false
  USB powered: false
  Wireless powered: false
  Max charging current: 0
  Max charging voltage: 0
  Charge counter: 2418995
  status: 3
  health: 2
  present: true
  level: 65
  scale: 100
  voltage: 3851
  temperature: 415
  technology: Li-ion
Current Battery Service state:
  AC powered: false
  USB powered: false
  Wireless powered: false
  Max charging current: 0
  Max charging voltage: 0
  Charge counter: 2418995
  status: 3
  health: 2
  present: true
  level: 65
  scale: 100
  voltage: 3851
  temperature: 415
  technology: Li-ion
Current Battery Service state:
  AC powered: false
  USB powered: false
  Wireless powered: false
  Max charging current: 0
  Max charging voltage: 0
  Charge counter: 2418995
  status: 3
  health: 2
  present: true
  level: 65
  scale: 100
  voltage: 3851
  temperature: 415
  technology: Li-ion
Current Battery Service state:
  AC powered: false
  USB powered: false
  Wireless powered: false
  Max charging current: 0
  Max charging voltage: 0
  Charge counter: 2418995
  status: 3
  health: 2
  present: true
  level: 65
  scale: 100
  voltage: 3851
  temperature: 415
  technology: Li-ion
Current Battery Service state:
  AC powered: false
  USB powered: false
  Wireless powered: false
  Max charging current: 0
  Max charging voltage: 0
  Charge counter: 2418995
  status: 3
  health: 2
  present: true
  level: 65
  scale: 100
  voltage: 3851
  temperature: 415
  technology: Li-ion
Current Battery Service state:
  AC powered: false
  USB powered: false
  Wireless powered: false
  Max charging current: 0
  Max charging voltage: 0
  Charge counter: 2418995
  status: 3
  health: 2
  present: true
  level: 65
  scale: 100
  voltage: 3851
  temperature: 415
  technology: Li-ion
Current Battery Service state:
  AC powered: false
  USB powered: false
  Wireless powered: false
  Max charging current: 0
  Max charging voltage: 0
  Charge counter: 2418995
  status: 3
  health: 2
  present: true
  level: 65
  scale: 100
  voltage: 3851
  temperature: 415
  technology: Li-ion
Current Battery Service state:
  AC powered: false
  USB powered: false
  Wireless powered: false
  Max charging current: 0
  Max charging voltage: 0
  Charge counter: 2418995
  status: 3
  health: 2
  present: true
  level: 65
  scale: 100
  voltage: 3851
  temperature: 415
  technology: Li-ion
Current Battery Service state:
  AC powered: false
  USB powered: false
  Wireless powered: false
  Max charging current: 0
  Max charging voltage: 0
  Charge counter: 2418995
  status: 3
  health: 2
  present: true
  level: 65
  scale: 100
  voltage: 3851
  temperature: 415
  technology: Li-ion
Current Battery Service state:
  AC powered: false
  USB powered: false
  Wireless powered: false
  Max charging current: 0
  Max charging voltage: 0
  Charge counter: 2414504
  status: 3
  health: 2
  present: true
  level: 65
  scale: 100
  voltage: 3846
  temperature: 417
  technology: Li-ion
Current Battery Service state:
  AC powered: false
  USB powered: false
  Wireless powered: false
  Max charging current: 0
  Max charging voltage: 0
  Charge counter: 2414040
  status: 3
  health: 2
  present: true
  level: 65
  scale: 100
  voltage: 3847
  temperature: 417
  technology: Li-ion
Current Battery Service state:
  AC powered: false
  USB powered: false
  Wireless powered: false
  Max charging current: 0
  Max charging voltage: 0
  Charge counter: 2414040
  status: 3
  health: 2
  present: true
  level: 65
  scale: 100
  voltage: 3847
  temperature: 417
  technology: Li-ion
Current Battery Service state:
  AC powered: false
  USB powered: false
  Wireless powered: false
  Max charging current: 0
  Max charging voltage: 0
  Charge counter: 2414040
  status: 3
  health: 2
  present: true
  level: 65
  scale: 100
  voltage: 3847
  temperature: 417
  technology: Li-ion
Current Battery Service state:
  AC powered: false
  USB powered: false
  Wireless powered: false
  Max charging current: 0
  Max charging voltage: 0
  Charge counter: 2414040
  status: 3
  health: 2
  present: true
  level: 65
  scale: 100
  voltage: 3847
  temperature: 417
  technology: Li-ion
Current Battery Service state:
  AC powered: false
  USB powered: false
  Wireless powered: false
  Max charging current: 0
  Max charging voltage: 0
  Charge counter: 2414040
  status: 3
  health: 2
  present: true
  level: 65
  scale: 100
  voltage: 3847
  temperature: 417
  technology: Li-ion
Current Battery Service state:
  AC powered: false
  USB powered: false
  Wireless powered: false
  Max charging current: 0
  Max charging voltage: 0
  Charge counter: 2414040
  status: 3
  health: 2
  present: true
  level: 65
  scale: 100
  voltage: 3847
  temperature: 417
  technology: Li-ion
Current Battery Service state:
  AC powered: false
  USB powered: false
  Wireless powered: false
  Max charging current: 0
  Max charging voltage: 0
  Charge counter: 2414040
  status: 3
  health: 2
  present: true
  level: 65
  scale: 100
  voltage: 3847
  temperature: 417
  technology: Li-ion
Current Battery Service state:
  AC powered: false
  USB powered: false
  Wireless powered: false
  Max charging current: 0
  Max charging voltage: 0
  Charge counter: 2414040
  status: 3
  health: 2
  present: true
  level: 65
  scale: 100
  voltage: 3847
  temperature: 417
  technology: Li-ion
Current Battery Service state:
  AC powered: false
  USB powered: false
  Wireless powered: false
  Max charging current: 0
  Max charging voltage: 0
  Charge counter: 2414040
  status: 3
  health: 2
  present: true
  level: 65
  scale: 100
  voltage: 3847
  temperature: 417
  technology: Li-ion
Current Battery Service state:
  AC powered: false
  USB powered: false
  Wireless powered: false
  Max charging current: 0
  Max charging voltage: 0
  Charge counter: 2414040
  status: 3
  health: 2
  present: true
  level: 65
  scale: 100
  voltage: 3847
  temperature: 417
  technology: Li-ion
Current Battery Service state:
  AC powered: false
  USB powered: false
  Wireless powered: false
  Max charging current: 0
  Max charging voltage: 0
  Charge counter: 2409408
  status: 3
  health: 2
  present: true
  level: 65
  scale: 100
  voltage: 3847
  temperature: 417
  technology: Li-ion
Current Battery Service state:
  AC powered: false
  USB powered: false
  Wireless powered: false
  Max charging current: 0
  Max charging voltage: 0
  Charge counter: 2409408
  status: 3
  health: 2
  present: true
  level: 65
  scale: 100
  voltage: 3847
  temperature: 417
  technology: Li-ion
Current Battery Service state:
  AC powered: false
  USB powered: false
  Wireless powered: false
  Max charging current: 0
  Max charging voltage: 0
  Charge counter: 2409408
  status: 3
  health: 2
  present: true
  level: 65
  scale: 100
  voltage: 3847
  temperature: 417
  technology: Li-ion
Current Battery Service state:
  AC powered: false
  USB powered: false
  Wireless powered: false
  Max charging current: 0
  Max charging voltage: 0
  Charge counter: 2409408
  status: 3
  health: 2
  present: true
  level: 65
  scale: 100
  voltage: 3847
  temperature: 417
  technology: Li-ion
Current Battery Service state:
  AC powered: false
  USB powered: false
  Wireless powered: false
  Max charging current: 0
  Max charging voltage: 0
  Charge counter: 2409408
  status: 3
  health: 2
  present: true
  level: 65
  scale: 100
  voltage: 3847
  temperature: 417
  technology: Li-ion
Current Battery Service state:
  AC powered: false
  USB powered: false
  Wireless powered: false
  Max charging current: 0
  Max charging voltage: 0
  Charge counter: 2409408
  status: 3
  health: 2
  present: true
  level: 65
  scale: 100
  voltage: 3847
  temperature: 417
  technology: Li-ion
Current Battery Service state:
  AC powered: false
  USB powered: false
  Wireless powered: false
  Max charging current: 0
  Max charging voltage: 0
  Charge counter: 2409408
  status: 3
  health: 2
  present: true
  level: 65
  scale: 100
  voltage: 3847
  temperature: 417
  technology: Li-ion
Current Battery Service state:
  AC powered: false
  USB powered: false
  Wireless powered: false
  Max charging current: 0
  Max charging voltage: 0
  Charge counter: 2409408
  status: 3
  health: 2
  present: true
  level: 65
  scale: 100
  voltage: 3847
  temperature: 417
  technology: Li-ion
Current Battery Service state:
  AC powered: false
  USB powered: false
  Wireless powered: false
  Max charging current: 0
  Max charging voltage: 0
  Charge counter: 2409408
  status: 3
  health: 2
  present: true
  level: 65
  scale: 100
  voltage: 3847
  temperature: 417
  technology: Li-ion
Current Battery Service state:
  AC powered: false
  USB powered: false
  Wireless powered: false
  Max charging current: 0
  Max charging voltage: 0
  Charge counter: 2409408
  status: 3
  health: 2
  present: true
  level: 65
  scale: 100
  voltage: 3847
  temperature: 417
  technology: Li-ion
Current Battery Service state:
  AC powered: false
  USB powered: false
  Wireless powered: false
  Max charging current: 0
  Max charging voltage: 0
  Charge counter: 2404734
  status: 3
  health: 2
  present: true
  level: 65
  scale: 100
  voltage: 3843
  temperature: 417
  technology: Li-ion
Current Battery Service state:
  AC powered: false
  USB powered: false
  Wireless powered: false
  Max charging current: 0
  Max charging voltage: 0
  Charge counter: 2404734
  status: 3
  health: 2
  present: true
  level: 65
  scale: 100
  voltage: 3843
  temperature: 417
  technology: Li-ion
Current Battery Service state:
  AC powered: false
  USB powered: false
  Wireless powered: false
  Max charging current: 0
  Max charging voltage: 0
  Charge counter: 2404734
  status: 3
  health: 2
  present: true
  level: 65
  scale: 100
  voltage: 3843
  temperature: 417
  technology: Li-ion
Current Battery Service state:
  AC powered: false
  USB powered: false
  Wireless powered: false
  Max charging current: 0
  Max charging voltage: 0
  Charge counter: 2404734
  status: 3
  health: 2
  present: true
  level: 65
  scale: 100
  voltage: 3843
  temperature: 417
  technology: Li-ion
Current Battery Service state:
  AC powered: false
  USB powered: false
  Wireless powered: false
  Max charging current: 0
  Max charging voltage: 0
  Charge counter: 2404734
  status: 3
  health: 2
  present: true
  level: 65
  scale: 100
  voltage: 3843
  temperature: 417
  technology: Li-ion
Current Battery Service state:
  AC powered: false
  USB powered: false
  Wireless powered: false
  Max charging current: 0
  Max charging voltage: 0
  Charge counter: 2404734
  status: 3
  health: 2
  present: true
  level: 65
  scale: 100
  voltage: 3843
  temperature: 417
  technology: Li-ion
Current Battery Service state:
  AC powered: false
  USB powered: false
  Wireless powered: false
  Max charging current: 0
  Max charging voltage: 0
  Charge counter: 2404734
  status: 3
  health: 2
  present: true
  level: 65
  scale: 100
  voltage: 3843
  temperature: 417
  technology: Li-ion
Current Battery Service state:
  AC powered: false
  USB powered: false
  Wireless powered: false
  Max charging current: 0
  Max charging voltage: 0
  Charge counter: 2404734
  status: 3
  health: 2
  present: true
  level: 65
  scale: 100
  voltage: 3843
  temperature: 417
  technology: Li-ion
Current Battery Service state:
  AC powered: false
  USB powered: false
  Wireless powered: false
  Max charging current: 0
  Max charging voltage: 0
  Charge counter: 2404734
  status: 3
  health: 2
  present: true
  level: 65
  scale: 100
  voltage: 3843
  temperature: 417
  technology: Li-ion
Current Battery Service state:
  AC powered: false
  USB powered: false
  Wireless powered: false
  Max charging current: 0
  Max charging voltage: 0
  Charge counter: 2404734
  status: 3
  health: 2
  present: true
  level: 65
  scale: 100
  voltage: 3843
  temperature: 417
  technology: Li-ion
Current Battery Service state:
  AC powered: false
  USB powered: false
  Wireless powered: false
  Max charging current: 0
  Max charging voltage: 0
  Charge counter: 2400048
  status: 3
  health: 2
  present: true
  level: 65
  scale: 100
  voltage: 3842
  temperature: 415
  technology: Li-ion
Current Battery Service state:
  AC powered: false
  USB powered: false
  Wireless powered: false
  Max charging current: 0
  Max charging voltage: 0
  Charge counter: 2400048
  status: 3
  health: 2
  present: true
  level: 65
  scale: 100
  voltage: 3842
  temperature: 415
  technology: Li-ion
Current Battery Service state:
  AC powered: false
  USB powered: false
  Wireless powered: false
  Max charging current: 0
  Max charging voltage: 0
  Charge counter: 2400048
  status: 3
  health: 2
  present: true
  level: 65
  scale: 100
  voltage: 3842
  temperature: 415
  technology: Li-ion
Current Battery Service state:
  AC powered: false
  USB powered: false
  Wireless powered: false
  Max charging current: 0
  Max charging voltage: 0
  Charge counter: 2400048
  status: 3
  health: 2
  present: true
  level: 65
  scale: 100
  voltage: 3842
  temperature: 415
  technology: Li-ion
Current Battery Service state:
  AC powered: false
  USB powered: false
  Wireless powered: false
  Max charging current: 0
  Max charging voltage: 0
  Charge counter: 2400048
  status: 3
  health: 2
  present: true
  level: 65
  scale: 100
  voltage: 3842
  temperature: 415
  technology: Li-ion
Current Battery Service state:
  AC powered: false
  USB powered: false
  Wireless powered: false
  Max charging current: 0
  Max charging voltage: 0
  Charge counter: 2397705
  status: 3
  health: 2
  present: true
  level: 65
  scale: 100
  voltage: 3842
  temperature: 417
  technology: Li-ion
Current Battery Service state:
  AC powered: false
  USB powered: false
  Wireless powered: false
  Max charging current: 0
  Max charging voltage: 0
  Charge counter: 2397705
  status: 3
  health: 2
  present: true
  level: 65
  scale: 100
  voltage: 3842
  temperature: 417
  technology: Li-ion
Current Battery Service state:
  AC powered: false
  USB powered: false
  Wireless powered: false
  Max charging current: 0
  Max charging voltage: 0
  Charge counter: 2397705
  status: 3
  health: 2
  present: true
  level: 65
  scale: 100
  voltage: 3842
  temperature: 417
  technology: Li-ion
Current Battery Service state:
  AC powered: false
  USB powered: false
  Wireless powered: false
  Max charging current: 0
  Max charging voltage: 0
  Charge counter: 2397705
  status: 3
  health: 2
  present: true
  level: 65
  scale: 100
  voltage: 3842
  temperature: 417
  technology: Li-ion
Current Battery Service state:
  AC powered: false
  USB powered: false
  Wireless powered: false
  Max charging current: 0
  Max charging voltage: 0
  Charge counter: 2397705
  status: 3
  health: 2
  present: true
  level: 65
  scale: 100
  voltage: 3842
  temperature: 417
  technology: Li-ion
Current Battery Service state:
  AC powered: false
  USB powered: false
  Wireless powered: false
  Max charging current: 0
  Max charging voltage: 0
  Charge counter: 2395349
  status: 3
  health: 2
  present: true
  level: 65
  scale: 100
  voltage: 3841
  temperature: 417
  technology: Li-ion
Current Battery Service state:
  AC powered: false
  USB powered: false
  Wireless powered: false
  Max charging current: 0
  Max charging voltage: 0
  Charge counter: 2395349
  status: 3
  health: 2
  present: true
  level: 65
  scale: 100
  voltage: 3841
  temperature: 417
  technology: Li-ion
Current Battery Service state:
  AC powered: false
  USB powered: false
  Wireless powered: false
  Max charging current: 0
  Max charging voltage: 0
  Charge counter: 2395349
  status: 3
  health: 2
  present: true
  level: 65
  scale: 100
  voltage: 3841
  temperature: 417
  technology: Li-ion
Current Battery Service state:
  AC powered: false
  USB powered: false
  Wireless powered: false
  Max charging current: 0
  Max charging voltage: 0
  Charge counter: 2395349
  status: 3
  health: 2
  present: true
  level: 65
  scale: 100
  voltage: 3841
  temperature: 417
  technology: Li-ion
Current Battery Service state:
  AC powered: false
  USB powered: false
  Wireless powered: false
  Max charging current: 0
  Max charging voltage: 0
  Charge counter: 2395349
  status: 3
  health: 2
  present: true
  level: 65
  scale: 100
  voltage: 3841
  temperature: 417
  technology: Li-ion
Current Battery Service state:
  AC powered: false
  USB powered: false
  Wireless powered: false
  Max charging current: 0
  Max charging voltage: 0
  Charge counter: 2395349
  status: 3
  health: 2
  present: true
  level: 65
  scale: 100
  voltage: 3841
  temperature: 417
  technology: Li-ion
Current Battery Service state:
  AC powered: false
  USB powered: false
  Wireless powered: false
  Max charging current: 0
  Max charging voltage: 0
  Charge counter: 2395349
  status: 3
  health: 2
  present: true
  level: 65
  scale: 100
  voltage: 3841
  temperature: 417
  technology: Li-ion
Current Battery Service state:
  AC powered: false
  USB powered: false
  Wireless powered: false
  Max charging current: 0
  Max charging voltage: 0
  Charge counter: 2395349
  status: 3
  health: 2
  present: true
  level: 65
  scale: 100
  voltage: 3841
  temperature: 417
  technology: Li-ion
Current Battery Service state:
  AC powered: false
  USB powered: false
  Wireless powered: false
  Max charging current: 0
  Max charging voltage: 0
  Charge counter: 2395349
  status: 3
  health: 2
  present: true
  level: 65
  scale: 100
  voltage: 3841
  temperature: 417
  technology: Li-ion
Current Battery Service state:
  AC powered: false
  USB powered: false
  Wireless powered: false
  Max charging current: 0
  Max charging voltage: 0
  Charge counter: 2395349
  status: 3
  health: 2
  present: true
  level: 65
  scale: 100
  voltage: 3841
  temperature: 417
  technology: Li-ion
Current Battery Service state:
  AC powered: false
  USB powered: false
  Wireless powered: false
  Max charging current: 0
  Max charging voltage: 0
  Charge counter: 2390626
  status: 3
  health: 2
  present: true
  level: 65
  scale: 100
  voltage: 3840
  temperature: 420
  technology: Li-ion
Current Battery Service state:
  AC powered: false
  USB powered: false
  Wireless powered: false
  Max charging current: 0
  Max charging voltage: 0
  Charge counter: 2390626
  status: 3
  health: 2
  present: true
  level: 65
  scale: 100
  voltage: 3840
  temperature: 420
  technology: Li-ion
Current Battery Service state:
  AC powered: false
  USB powered: false
  Wireless powered: false
  Max charging current: 0
  Max charging voltage: 0
  Charge counter: 2390626
  status: 3
  health: 2
  present: true
  level: 65
  scale: 100
  voltage: 3840
  temperature: 420
  technology: Li-ion
Current Battery Service state:
  AC powered: false
  USB powered: false
  Wireless powered: false
  Max charging current: 0
  Max charging voltage: 0
  Charge counter: 2390626
  status: 3
  health: 2
  present: true
  level: 65
  scale: 100
  voltage: 3840
  temperature: 420
  technology: Li-ion
Current Battery Service state:
  AC powered: false
  USB powered: false
  Wireless powered: false
  Max charging current: 0
  Max charging voltage: 0
  Charge counter: 2390626
  status: 3
  health: 2
  present: true
  level: 65
  scale: 100
  voltage: 3840
  temperature: 420
  technology: Li-ion
Current Battery Service state:
  AC powered: false
  USB powered: false
  Wireless powered: false
  Max charging current: 0
  Max charging voltage: 0
  Charge counter: 2390626
  status: 3
  health: 2
  present: true
  level: 65
  scale: 100
  voltage: 3840
  temperature: 420
  technology: Li-ion
Current Battery Service state:
  AC powered: false
  USB powered: false
  Wireless powered: false
  Max charging current: 0
  Max charging voltage: 0
  Charge counter: 2390626
  status: 3
  health: 2
  present: true
  level: 65
  scale: 100
  voltage: 3840
  temperature: 420
  technology: Li-ion
Current Battery Service state:
  AC powered: false
  USB powered: false
  Wireless powered: false
  Max charging current: 0
  Max charging voltage: 0
  Charge counter: 2390626
  status: 3
  health: 2
  present: true
  level: 65
  scale: 100
  voltage: 3840
  temperature: 420
  technology: Li-ion
Current Battery Service state:
  AC powered: false
  USB powered: false
  Wireless powered: false
  Max charging current: 0
  Max charging voltage: 0
  Charge counter: 2390626
  status: 3
  health: 2
  present: true
  level: 65
  scale: 100
  voltage: 3840
  temperature: 420
  technology: Li-ion
Current Battery Service state:
  AC powered: false
  USB powered: false
  Wireless powered: false
  Max charging current: 0
  Max charging voltage: 0
  Charge counter: 2390626
  status: 3
  health: 2
  present: true
  level: 65
  scale: 100
  voltage: 3840
  temperature: 420
  technology: Li-ion
Current Battery Service state:
  AC powered: false
  USB powered: false
  Wireless powered: false
  Max charging current: 0
  Max charging voltage: 0
  Charge counter: 2385948
  status: 3
  health: 2
  present: true
  level: 65
  scale: 100
  voltage: 3834
  temperature: 417
  technology: Li-ion
Current Battery Service state:
  AC powered: false
  USB powered: false
  Wireless powered: false
  Max charging current: 0
  Max charging voltage: 0
  Charge counter: 2385948
  status: 3
  health: 2
  present: true
  level: 65
  scale: 100
  voltage: 3834
  temperature: 417
  technology: Li-ion
Current Battery Service state:
  AC powered: false
  USB powered: false
  Wireless powered: false
  Max charging current: 0
  Max charging voltage: 0
  Charge counter: 2385948
  status: 3
  health: 2
  present: true
  level: 65
  scale: 100
  voltage: 3834
  temperature: 417
  technology: Li-ion
Current Battery Service state:
  AC powered: false
  USB powered: false
  Wireless powered: false
  Max charging current: 0
  Max charging voltage: 0
  Charge counter: 2385948
  status: 3
  health: 2
  present: true
  level: 65
  scale: 100
  voltage: 3834
  temperature: 417
  technology: Li-ion
Current Battery Service state:
  AC powered: false
  USB powered: false
  Wireless powered: false
  Max charging current: 0
  Max charging voltage: 0
  Charge counter: 2385948
  status: 3
  health: 2
  present: true
  level: 65
  scale: 100
  voltage: 3834
  temperature: 417
  technology: Li-ion
Current Battery Service state:
  AC powered: false
  USB powered: false
  Wireless powered: false
  Max charging current: 0
  Max charging voltage: 0
  Charge counter: 2385948
  status: 3
  health: 2
  present: true
  level: 65
  scale: 100
  voltage: 3834
  temperature: 417
  technology: Li-ion
Current Battery Service state:
  AC powered: false
  USB powered: false
  Wireless powered: false
  Max charging current: 0
  Max charging voltage: 0
  Charge counter: 2385948
  status: 3
  health: 2
  present: true
  level: 65
  scale: 100
  voltage: 3834
  temperature: 417
  technology: Li-ion
Current Battery Service state:
  AC powered: false
  USB powered: false
  Wireless powered: false
  Max charging current: 0
  Max charging voltage: 0
  Charge counter: 2385948
  status: 3
  health: 2
  present: true
  level: 65
  scale: 100
  voltage: 3834
  temperature: 417
  technology: Li-ion
Current Battery Service state:
  AC powered: false
  USB powered: false
  Wireless powered: false
  Max charging current: 0
  Max charging voltage: 0
  Charge counter: 2385948
  status: 3
  health: 2
  present: true
  level: 65
  scale: 100
  voltage: 3834
  temperature: 417
  technology: Li-ion
Current Battery Service state:
  AC powered: false
  USB powered: false
  Wireless powered: false
  Max charging current: 0
  Max charging voltage: 0
  Charge counter: 2385948
  status: 3
  health: 2
  present: true
  level: 65
  scale: 100
  voltage: 3834
  temperature: 417
  technology: Li-ion
Current Battery Service state:
  AC powered: false
  USB powered: false
  Wireless powered: false
  Max charging current: 0
  Max charging voltage: 0
  Charge counter: 2381252
  status: 3
  health: 2
  present: true
  level: 65
  scale: 100
  voltage: 3840
  temperature: 417
  technology: Li-ion
Current Battery Service state:
  AC powered: false
  USB powered: false
  Wireless powered: false
  Max charging current: 0
  Max charging voltage: 0
  Charge counter: 2381252
  status: 3
  health: 2
  present: true
  level: 65
  scale: 100
  voltage: 3840
  temperature: 417
  technology: Li-ion
Current Battery Service state:
  AC powered: false
  USB powered: false
  Wireless powered: false
  Max charging current: 0
  Max charging voltage: 0
  Charge counter: 2380534
  status: 3
  health: 2
  present: true
  level: 65
  scale: 100
  voltage: 3835
  temperature: 417
  technology: Li-ion
Current Battery Service state:
  AC powered: false
  USB powered: false
  Wireless powered: false
  Max charging current: 0
  Max charging voltage: 0
  Charge counter: 2380534
  status: 3
  health: 2
  present: true
  level: 65
  scale: 100
  voltage: 3835
  temperature: 417
  technology: Li-ion
Current Battery Service state:
  AC powered: false
  USB powered: false
  Wireless powered: false
  Max charging current: 0
  Max charging voltage: 0
  Charge counter: 2380534
  status: 3
  health: 2
  present: true
  level: 65
  scale: 100
  voltage: 3835
  temperature: 417
  technology: Li-ion
Current Battery Service state:
  AC powered: false
  USB powered: false
  Wireless powered: false
  Max charging current: 0
  Max charging voltage: 0
  Charge counter: 2380534
  status: 3
  health: 2
  present: true
  level: 65
  scale: 100
  voltage: 3835
  temperature: 417
  technology: Li-ion
Current Battery Service state:
  AC powered: false
  USB powered: false
  Wireless powered: false
  Max charging current: 0
  Max charging voltage: 0
  Charge counter: 2380534
  status: 3
  health: 2
  present: true
  level: 65
  scale: 100
  voltage: 3835
  temperature: 417
  technology: Li-ion
Current Battery Service state:
  AC powered: false
  USB powered: false
  Wireless powered: false
  Max charging current: 0
  Max charging voltage: 0
  Charge counter: 2380534
  status: 3
  health: 2
  present: true
  level: 65
  scale: 100
  voltage: 3835
  temperature: 417
  technology: Li-ion
Current Battery Service state:
  AC powered: false
  USB powered: false
  Wireless powered: false
  Max charging current: 0
  Max charging voltage: 0
  Charge counter: 2380534
  status: 3
  health: 2
  present: true
  level: 65
  scale: 100
  voltage: 3835
  temperature: 417
  technology: Li-ion
Current Battery Service state:
  AC powered: false
  USB powered: false
  Wireless powered: false
  Max charging current: 0
  Max charging voltage: 0
  Charge counter: 2380534
  status: 3
  health: 2
  present: true
  level: 65
  scale: 100
  voltage: 3835
  temperature: 417
  technology: Li-ion
Current Battery Service state:
  AC powered: false
  USB powered: false
  Wireless powered: false
  Max charging current: 0
  Max charging voltage: 0
  Charge counter: 2376736
  status: 3
  health: 2
  present: true
  level: 64
  scale: 100
  voltage: 3836
  temperature: 420
  technology: Li-ion
Current Battery Service state:
  AC powered: false
  USB powered: false
  Wireless powered: false
  Max charging current: 0
  Max charging voltage: 0
  Charge counter: 2376736
  status: 3
  health: 2
  present: true
  level: 64
  scale: 100
  voltage: 3836
  temperature: 420
  technology: Li-ion
Current Battery Service state:
  AC powered: false
  USB powered: false
  Wireless powered: false
  Max charging current: 0
  Max charging voltage: 0
  Charge counter: 2376736
  status: 3
  health: 2
  present: true
  level: 64
  scale: 100
  voltage: 3836
  temperature: 420
  technology: Li-ion
Current Battery Service state:
  AC powered: false
  USB powered: false
  Wireless powered: false
  Max charging current: 0
  Max charging voltage: 0
  Charge counter: 2376736
  status: 3
  health: 2
  present: true
  level: 64
  scale: 100
  voltage: 3836
  temperature: 420
  technology: Li-ion
Current Battery Service state:
  AC powered: false
  USB powered: false
  Wireless powered: false
  Max charging current: 0
  Max charging voltage: 0
  Charge counter: 2376736
  status: 3
  health: 2
  present: true
  level: 64
  scale: 100
  voltage: 3836
  temperature: 420
  technology: Li-ion
Current Battery Service state:
  AC powered: false
  USB powered: false
  Wireless powered: false
  Max charging current: 0
  Max charging voltage: 0
  Charge counter: 2376736
  status: 3
  health: 2
  present: true
  level: 64
  scale: 100
  voltage: 3836
  temperature: 420
  technology: Li-ion
Current Battery Service state:
  AC powered: false
  USB powered: false
  Wireless powered: false
  Max charging current: 0
  Max charging voltage: 0
  Charge counter: 2376736
  status: 3
  health: 2
  present: true
  level: 64
  scale: 100
  voltage: 3836
  temperature: 420
  technology: Li-ion
Current Battery Service state:
  AC powered: false
  USB powered: false
  Wireless powered: false
  Max charging current: 0
  Max charging voltage: 0
  Charge counter: 2376736
  status: 3
  health: 2
  present: true
  level: 64
  scale: 100
  voltage: 3836
  temperature: 420
  technology: Li-ion
Current Battery Service state:
  AC powered: false
  USB powered: false
  Wireless powered: false
  Max charging current: 0
  Max charging voltage: 0
  Charge counter: 2376736
  status: 3
  health: 2
  present: true
  level: 64
  scale: 100
  voltage: 3836
  temperature: 420
  technology: Li-ion
Current Battery Service state:
  AC powered: false
  USB powered: false
  Wireless powered: false
  Max charging current: 0
  Max charging voltage: 0
  Charge counter: 2376736
  status: 3
  health: 2
  present: true
  level: 64
  scale: 100
  voltage: 3836
  temperature: 420
  technology: Li-ion
Current Battery Service state:
  AC powered: false
  USB powered: false
  Wireless powered: false
  Max charging current: 0
  Max charging voltage: 0
  Charge counter: 2371940
  status: 3
  health: 2
  present: true
  level: 64
  scale: 100
  voltage: 3836
  temperature: 420
  technology: Li-ion
Current Battery Service state:
  AC powered: false
  USB powered: false
  Wireless powered: false
  Max charging current: 0
  Max charging voltage: 0
  Charge counter: 2371940
  status: 3
  health: 2
  present: true
  level: 64
  scale: 100
  voltage: 3836
  temperature: 420
  technology: Li-ion
Current Battery Service state:
  AC powered: false
  USB powered: false
  Wireless powered: false
  Max charging current: 0
  Max charging voltage: 0
  Charge counter: 2371940
  status: 3
  health: 2
  present: true
  level: 64
  scale: 100
  voltage: 3836
  temperature: 420
  technology: Li-ion
Current Battery Service state:
  AC powered: false
  USB powered: false
  Wireless powered: false
  Max charging current: 0
  Max charging voltage: 0
  Charge counter: 2371940
  status: 3
  health: 2
  present: true
  level: 64
  scale: 100
  voltage: 3836
  temperature: 420
  technology: Li-ion
Current Battery Service state:
  AC powered: false
  USB powered: false
  Wireless powered: false
  Max charging current: 0
  Max charging voltage: 0
  Charge counter: 2371940
  status: 3
  health: 2
  present: true
  level: 64
  scale: 100
  voltage: 3836
  temperature: 420
  technology: Li-ion
Current Battery Service state:
  AC powered: false
  USB powered: false
  Wireless powered: false
  Max charging current: 0
  Max charging voltage: 0
  Charge counter: 2371940
  status: 3
  health: 2
  present: true
  level: 64
  scale: 100
  voltage: 3836
  temperature: 420
  technology: Li-ion
Current Battery Service state:
  AC powered: false
  USB powered: false
  Wireless powered: false
  Max charging current: 0
  Max charging voltage: 0
  Charge counter: 2371940
  status: 3
  health: 2
  present: true
  level: 64
  scale: 100
  voltage: 3836
  temperature: 420
  technology: Li-ion
Current Battery Service state:
  AC powered: false
  USB powered: false
  Wireless powered: false
  Max charging current: 0
  Max charging voltage: 0
  Charge counter: 2371940
  status: 3
  health: 2
  present: true
  level: 64
  scale: 100
  voltage: 3836
  temperature: 420
  technology: Li-ion
Current Battery Service state:
  AC powered: false
  USB powered: false
  Wireless powered: false
  Max charging current: 0
  Max charging voltage: 0
  Charge counter: 2371940
  status: 3
  health: 2
  present: true
  level: 64
  scale: 100
  voltage: 3836
  temperature: 420
  technology: Li-ion
Current Battery Service state:
  AC powered: false
  USB powered: false
  Wireless powered: false
  Max charging current: 0
  Max charging voltage: 0
  Charge counter: 2371940
  status: 3
  health: 2
  present: true
  level: 64
  scale: 100
  voltage: 3836
  temperature: 420
  technology: Li-ion
Current Battery Service state:
  AC powered: false
  USB powered: false
  Wireless powered: false
  Max charging current: 0
  Max charging voltage: 0
  Charge counter: 2367227
  status: 3
  health: 2
  present: true
  level: 64
  scale: 100
  voltage: 3836
  temperature: 420
  technology: Li-ion
Current Battery Service state:
  AC powered: false
  USB powered: false
  Wireless powered: false
  Max charging current: 0
  Max charging voltage: 0
  Charge counter: 2367227
  status: 3
  health: 2
  present: true
  level: 64
  scale: 100
  voltage: 3836
  temperature: 420
  technology: Li-ion
Current Battery Service state:
  AC powered: false
  USB powered: false
  Wireless powered: false
  Max charging current: 0
  Max charging voltage: 0
  Charge counter: 2367227
  status: 3
  health: 2
  present: true
  level: 64
  scale: 100
  voltage: 3836
  temperature: 420
  technology: Li-ion
Current Battery Service state:
  AC powered: false
  USB powered: false
  Wireless powered: false
  Max charging current: 0
  Max charging voltage: 0
  Charge counter: 2367227
  status: 3
  health: 2
  present: true
  level: 64
  scale: 100
  voltage: 3836
  temperature: 420
  technology: Li-ion
Current Battery Service state:
  AC powered: false
  USB powered: false
  Wireless powered: false
  Max charging current: 0
  Max charging voltage: 0
  Charge counter: 2367227
  status: 3
  health: 2
  present: true
  level: 64
  scale: 100
  voltage: 3836
  temperature: 420
  technology: Li-ion
Current Battery Service state:
  AC powered: false
  USB powered: false
  Wireless powered: false
  Max charging current: 0
  Max charging voltage: 0
  Charge counter: 2367227
  status: 3
  health: 2
  present: true
  level: 64
  scale: 100
  voltage: 3836
  temperature: 420
  technology: Li-ion
Current Battery Service state:
  AC powered: false
  USB powered: false
  Wireless powered: false
  Max charging current: 0
  Max charging voltage: 0
  Charge counter: 2367227
  status: 3
  health: 2
  present: true
  level: 64
  scale: 100
  voltage: 3836
  temperature: 420
  technology: Li-ion
Current Battery Service state:
  AC powered: false
  USB powered: false
  Wireless powered: false
  Max charging current: 0
  Max charging voltage: 0
  Charge counter: 2363362
  status: 3
  health: 2
  present: true
  level: 64
  scale: 100
  voltage: 3833
  temperature: 420
  technology: Li-ion
Current Battery Service state:
  AC powered: false
  USB powered: false
  Wireless powered: false
  Max charging current: 0
  Max charging voltage: 0
  Charge counter: 2363362
  status: 3
  health: 2
  present: true
  level: 64
  scale: 100
  voltage: 3833
  temperature: 420
  technology: Li-ion
Current Battery Service state:
  AC powered: false
  USB powered: false
  Wireless powered: false
  Max charging current: 0
  Max charging voltage: 0
  Charge counter: 2363362
  status: 3
  health: 2
  present: true
  level: 64
  scale: 100
  voltage: 3833
  temperature: 420
  technology: Li-ion
Current Battery Service state:
  AC powered: false
  USB powered: false
  Wireless powered: false
  Max charging current: 0
  Max charging voltage: 0
  Charge counter: 2362430
  status: 3
  health: 2
  present: true
  level: 64
  scale: 100
  voltage: 3833
  temperature: 420
  technology: Li-ion
Current Battery Service state:
  AC powered: false
  USB powered: false
  Wireless powered: false
  Max charging current: 0
  Max charging voltage: 0
  Charge counter: 2362430
  status: 3
  health: 2
  present: true
  level: 64
  scale: 100
  voltage: 3833
  temperature: 420
  technology: Li-ion
Current Battery Service state:
  AC powered: false
  USB powered: false
  Wireless powered: false
  Max charging current: 0
  Max charging voltage: 0
  Charge counter: 2362430
  status: 3
  health: 2
  present: true
  level: 64
  scale: 100
  voltage: 3833
  temperature: 420
  technology: Li-ion
Current Battery Service state:
  AC powered: false
  USB powered: false
  Wireless powered: false
  Max charging current: 0
  Max charging voltage: 0
  Charge counter: 2362430
  status: 3
  health: 2
  present: true
  level: 64
  scale: 100
  voltage: 3833
  temperature: 420
  technology: Li-ion
Current Battery Service state:
  AC powered: false
  USB powered: false
  Wireless powered: false
  Max charging current: 0
  Max charging voltage: 0
  Charge counter: 2362430
  status: 3
  health: 2
  present: true
  level: 64
  scale: 100
  voltage: 3833
  temperature: 420
  technology: Li-ion
Current Battery Service state:
  AC powered: false
  USB powered: false
  Wireless powered: false
  Max charging current: 0
  Max charging voltage: 0
  Charge counter: 2362430
  status: 3
  health: 2
  present: true
  level: 64
  scale: 100
  voltage: 3833
  temperature: 420
  technology: Li-ion
Current Battery Service state:
  AC powered: false
  USB powered: false
  Wireless powered: false
  Max charging current: 0
  Max charging voltage: 0
  Charge counter: 2362430
  status: 3
  health: 2
  present: true
  level: 64
  scale: 100
  voltage: 3833
  temperature: 420
  technology: Li-ion
Current Battery Service state:
  AC powered: false
  USB powered: false
  Wireless powered: false
  Max charging current: 0
  Max charging voltage: 0
  Charge counter: 2362430
  status: 3
  health: 2
  present: true
  level: 64
  scale: 100
  voltage: 3833
  temperature: 420
  technology: Li-ion
Current Battery Service state:
  AC powered: false
  USB powered: false
  Wireless powered: false
  Max charging current: 0
  Max charging voltage: 0
  Charge counter: 2362430
  status: 3
  health: 2
  present: true
  level: 64
  scale: 100
  voltage: 3833
  temperature: 420
  technology: Li-ion
Current Battery Service state:
  AC powered: false
  USB powered: false
  Wireless powered: false
  Max charging current: 0
  Max charging voltage: 0
  Charge counter: 2362430
  status: 3
  health: 2
  present: true
  level: 64
  scale: 100
  voltage: 3833
  temperature: 420
  technology: Li-ion
Current Battery Service state:
  AC powered: false
  USB powered: false
  Wireless powered: false
  Max charging current: 0
  Max charging voltage: 0
  Charge counter: 2357787
  status: 3
  health: 2
  present: true
  level: 64
  scale: 100
  voltage: 3833
  temperature: 420
  technology: Li-ion
Current Battery Service state:
  AC powered: false
  USB powered: false
  Wireless powered: false
  Max charging current: 0
  Max charging voltage: 0
  Charge counter: 2357787
  status: 3
  health: 2
  present: true
  level: 64
  scale: 100
  voltage: 3833
  temperature: 420
  technology: Li-ion
Current Battery Service state:
  AC powered: false
  USB powered: false
  Wireless powered: false
  Max charging current: 0
  Max charging voltage: 0
  Charge counter: 2357787
  status: 3
  health: 2
  present: true
  level: 64
  scale: 100
  voltage: 3833
  temperature: 420
  technology: Li-ion
Current Battery Service state:
  AC powered: false
  USB powered: false
  Wireless powered: false
  Max charging current: 0
  Max charging voltage: 0
  Charge counter: 2357787
  status: 3
  health: 2
  present: true
  level: 64
  scale: 100
  voltage: 3833
  temperature: 420
  technology: Li-ion
Current Battery Service state:
  AC powered: false
  USB powered: false
  Wireless powered: false
  Max charging current: 0
  Max charging voltage: 0
  Charge counter: 2357787
  status: 3
  health: 2
  present: true
  level: 64
  scale: 100
  voltage: 3833
  temperature: 420
  technology: Li-ion
Current Battery Service state:
  AC powered: false
  USB powered: false
  Wireless powered: false
  Max charging current: 0
  Max charging voltage: 0
  Charge counter: 2357787
  status: 3
  health: 2
  present: true
  level: 64
  scale: 100
  voltage: 3833
  temperature: 420
  technology: Li-ion
Current Battery Service state:
  AC powered: false
  USB powered: false
  Wireless powered: false
  Max charging current: 0
  Max charging voltage: 0
  Charge counter: 2357787
  status: 3
  health: 2
  present: true
  level: 64
  scale: 100
  voltage: 3833
  temperature: 420
  technology: Li-ion
Current Battery Service state:
  AC powered: false
  USB powered: false
  Wireless powered: false
  Max charging current: 0
  Max charging voltage: 0
  Charge counter: 2357787
  status: 3
  health: 2
  present: true
  level: 64
  scale: 100
  voltage: 3833
  temperature: 420
  technology: Li-ion
Current Battery Service state:
  AC powered: false
  USB powered: false
  Wireless powered: false
  Max charging current: 0
  Max charging voltage: 0
  Charge counter: 2357787
  status: 3
  health: 2
  present: true
  level: 64
  scale: 100
  voltage: 3833
  temperature: 420
  technology: Li-ion
Current Battery Service state:
  AC powered: false
  USB powered: false
  Wireless powered: false
  Max charging current: 0
  Max charging voltage: 0
  Charge counter: 2357787
  status: 3
  health: 2
  present: true
  level: 64
  scale: 100
  voltage: 3833
  temperature: 420
  technology: Li-ion
Current Battery Service state:
  AC powered: false
  USB powered: false
  Wireless powered: false
  Max charging current: 0
  Max charging voltage: 0
  Charge counter: 2352747
  status: 3
  health: 2
  present: true
  level: 64
  scale: 100
  voltage: 3833
  temperature: 420
  technology: Li-ion
Current Battery Service state:
  AC powered: false
  USB powered: false
  Wireless powered: false
  Max charging current: 0
  Max charging voltage: 0
  Charge counter: 2352747
  status: 3
  health: 2
  present: true
  level: 64
  scale: 100
  voltage: 3833
  temperature: 420
  technology: Li-ion
Current Battery Service state:
  AC powered: false
  USB powered: false
  Wireless powered: false
  Max charging current: 0
  Max charging voltage: 0
  Charge counter: 2352747
  status: 3
  health: 2
  present: true
  level: 64
  scale: 100
  voltage: 3833
  temperature: 420
  technology: Li-ion
Current Battery Service state:
  AC powered: false
  USB powered: false
  Wireless powered: false
  Max charging current: 0
  Max charging voltage: 0
  Charge counter: 2352747
  status: 3
  health: 2
  present: true
  level: 64
  scale: 100
  voltage: 3833
  temperature: 420
  technology: Li-ion
Current Battery Service state:
  AC powered: false
  USB powered: false
  Wireless powered: false
  Max charging current: 0
  Max charging voltage: 0
  Charge counter: 2352747
  status: 3
  health: 2
  present: true
  level: 64
  scale: 100
  voltage: 3833
  temperature: 420
  technology: Li-ion
Current Battery Service state:
  AC powered: false
  USB powered: false
  Wireless powered: false
  Max charging current: 0
  Max charging voltage: 0
  Charge counter: 2352747
  status: 3
  health: 2
  present: true
  level: 64
  scale: 100
  voltage: 3833
  temperature: 420
  technology: Li-ion
Current Battery Service state:
  AC powered: false
  USB powered: false
  Wireless powered: false
  Max charging current: 0
  Max charging voltage: 0
  Charge counter: 2352747
  status: 3
  health: 2
  present: true
  level: 64
  scale: 100
  voltage: 3833
  temperature: 420
  technology: Li-ion
Current Battery Service state:
  AC powered: false
  USB powered: false
  Wireless powered: false
  Max charging current: 0
  Max charging voltage: 0
  Charge counter: 2352747
  status: 3
  health: 2
  present: true
  level: 64
  scale: 100
  voltage: 3833
  temperature: 420
  technology: Li-ion
Current Battery Service state:
  AC powered: false
  USB powered: false
  Wireless powered: false
  Max charging current: 0
  Max charging voltage: 0
  Charge counter: 2352747
  status: 3
  health: 2
  present: true
  level: 64
  scale: 100
  voltage: 3833
  temperature: 420
  technology: Li-ion
Current Battery Service state:
  AC powered: false
  USB powered: false
  Wireless powered: false
  Max charging current: 0
  Max charging voltage: 0
  Charge counter: 2352747
  status: 3
  health: 2
  present: true
  level: 64
  scale: 100
  voltage: 3833
  temperature: 420
  technology: Li-ion
Current Battery Service state:
  AC powered: false
  USB powered: false
  Wireless powered: false
  Max charging current: 0
  Max charging voltage: 0
  Charge counter: 2348254
  status: 3
  health: 2
  present: true
  level: 63
  scale: 100
  voltage: 3833
  temperature: 420
  technology: Li-ion
Current Battery Service state:
  AC powered: false
  USB powered: false
  Wireless powered: false
  Max charging current: 0
  Max charging voltage: 0
  Charge counter: 2348254
  status: 3
  health: 2
  present: true
  level: 63
  scale: 100
  voltage: 3833
  temperature: 420
  technology: Li-ion
Current Battery Service state:
  AC powered: false
  USB powered: false
  Wireless powered: false
  Max charging current: 0
  Max charging voltage: 0
  Charge counter: 2348254
  status: 3
  health: 2
  present: true
  level: 63
  scale: 100
  voltage: 3833
  temperature: 420
  technology: Li-ion
Current Battery Service state:
  AC powered: false
  USB powered: false
  Wireless powered: false
  Max charging current: 0
  Max charging voltage: 0
  Charge counter: 2348254
  status: 3
  health: 2
  present: true
  level: 63
  scale: 100
  voltage: 3833
  temperature: 420
  technology: Li-ion
Current Battery Service state:
  AC powered: false
  USB powered: false
  Wireless powered: false
  Max charging current: 0
  Max charging voltage: 0
  Charge counter: 2348254
  status: 3
  health: 2
  present: true
  level: 63
  scale: 100
  voltage: 3833
  temperature: 420
  technology: Li-ion
Current Battery Service state:
  AC powered: false
  USB powered: false
  Wireless powered: false
  Max charging current: 0
  Max charging voltage: 0
  Charge counter: 2348254
  status: 3
  health: 2
  present: true
  level: 63
  scale: 100
  voltage: 3833
  temperature: 420
  technology: Li-ion
Current Battery Service state:
  AC powered: false
  USB powered: false
  Wireless powered: false
  Max charging current: 0
  Max charging voltage: 0
  Charge counter: 2345443
  status: 3
  health: 2
  present: true
  level: 63
  scale: 100
  voltage: 3831
  temperature: 420
  technology: Li-ion
Current Battery Service state:
  AC powered: false
  USB powered: false
  Wireless powered: false
  Max charging current: 0
  Max charging voltage: 0
  Charge counter: 2345443
  status: 3
  health: 2
  present: true
  level: 63
  scale: 100
  voltage: 3831
  temperature: 420
  technology: Li-ion
