12.61 11.22 7.01 3/3034 20210
12.61 11.22 7.01 6/3034 20243
12.61 11.22 7.01 6/3034 20271
12.61 11.22 7.01 5/3034 20304
12.61 11.22 7.01 6/3030 20331
12.96 11.32 7.06 4/3034 20364
12.96 11.32 7.06 8/3034 20391
12.96 11.32 7.06 3/3034 20418
12.96 11.32 7.06 3/3034 20445
12.96 11.32 7.06 6/3034 20478
12.56 11.27 7.07 3/3034 20505
12.56 11.27 7.07 4/3034 20532
12.56 11.27 7.07 10/3034 20559
12.56 11.27 7.07 9/3034 20593
12.56 11.27 7.07 3/3034 20620
12.84 11.34 7.12 6/3034 20647
12.84 11.34 7.12 12/3034 20674
12.84 11.34 7.12 10/3034 20701
12.84 11.34 7.12 12/3034 20728
12.84 11.34 7.12 4/3034 20755
13.17 11.44 7.17 6/3034 20782
13.17 11.44 7.17 8/3034 20809
13.17 11.44 7.17 21/3034 20836
13.17 11.44 7.17 5/3034 20864
13.17 11.44 7.17 4/3034 20891
13.00 11.43 7.19 9/3034 20918
13.00 11.43 7.19 5/3034 20945
13.00 11.43 7.19 5/3034 20972
13.00 11.43 7.19 10/3034 20999
13.00 11.43 7.19 7/3034 21026
12.92 11.44 7.22 14/3034 21053
12.92 11.44 7.22 5/3034 21086
12.92 11.44 7.22 8/3032 21119
12.92 11.44 7.22 2/3032 21146
12.92 11.44 7.22 5/3032 21174
12.52 11.38 7.22 13/3032 21209
12.52 11.38 7.22 6/3032 21240
12.52 11.38 7.22 12/3031 21267
12.52 11.38 7.22 12/3031 21294
12.52 11.38 7.22 8/3031 21321
12.72 11.44 7.26 10/3058 21378
12.72 11.44 7.26 4/3043 21417
12.72 11.44 7.26 14/3043 21448
12.72 11.44 7.26 4/3043 21476
12.72 11.44 7.26 3/3043 21504
12.42 11.40 7.27 3/3043 21537
12.42 11.40 7.27 4/3043 21564
12.42 11.40 7.27 10/3043 21591
12.42 11.40 7.27 6/3043 21622
12.42 11.40 7.27 7/3043 21655
12.95 11.53 7.33 9/3046 21685
12.95 11.53 7.33 3/3045 21712
12.95 11.53 7.33 28/3044 21740
12.95 11.53 7.33 4/3045 21768
12.95 11.53 7.33 5/3045 21795
12.71 11.50 7.35 3/3045 21823
12.71 11.50 7.35 3/3045 21850
12.71 11.50 7.35 9/3045 21877
12.71 11.50 7.35 3/3045 21904
12.71 11.50 7.35 8/3045 21931
12.34 11.45 7.35 4/3045 21958
12.34 11.45 7.35 11/3045 21991
12.34 11.45 7.35 7/3045 22018
12.34 11.45 7.35 5/3045 22045
12.34 11.45 7.35 4/3045 22072
12.07 11.40 7.36 5/3045 22105
12.07 11.40 7.36 12/3044 22133
12.07 11.40 7.36 8/3044 22160
12.07 11.40 7.36 10/3044 22193
12.07 11.40 7.36 12/3042 22220
12.30 11.46 7.40 12/3043 22248
12.30 11.46 7.40 4/3043 22275
12.30 11.46 7.40 10/3043 22302
12.30 11.46 7.40 7/3043 22329
12.30 11.46 7.40 5/3043 22356
12.28 11.47 7.43 9/3043 22383
12.28 11.47 7.43 4/3043 22411
12.28 11.47 7.43 9/3043 22438
12.28 11.47 7.43 4/3043 22466
12.28 11.47 7.43 5/3043 22493
11.94 11.42 7.43 6/3043 22520
11.94 11.42 7.43 13/3043 22547
11.94 11.42 7.43 18/3043 22574
11.94 11.42 7.43 2/3043 22601
11.94 11.42 7.43 5/3043 22628
11.46 11.33 7.42 12/3042 22655
11.46 11.33 7.42 6/3042 22682
11.46 11.33 7.42 6/3042 22710
11.46 11.33 7.42 10/3042 22743
11.46 11.33 7.42 12/3041 22770
11.99 11.44 7.48 4/3041 22803
11.99 11.44 7.48 3/3041 22830
11.99 11.44 7.48 5/3041 22857
11.99 11.44 7.48 2/3041 22884
11.99 11.44 7.48 3/3041 22911
11.67 11.38 7.48 14/3043 22946
11.67 11.38 7.48 12/3041 22977
11.67 11.38 7.48 11/3041 23005
11.67 11.38 7.48 10/3041 23033
11.67 11.38 7.48 10/3041 23060
11.69 11.39 7.51 11/3039 23087
11.69 11.39 7.51 10/3038 23114
11.69 11.39 7.51 15/3038 23142
11.69 11.39 7.51 3/3038 23169
11.69 11.39 7.51 7/3038 23196
11.16 11.28 7.50 4/3036 23223
11.16 11.28 7.50 8/3036 23250
11.16 11.28 7.50 6/3036 23277
11.16 11.28 7.50 7/3036 23305
11.16 11.28 7.50 11/3036 23332
11.30 11.31 7.53 8/3036 23359
11.30 11.31 7.53 3/3036 23386
11.30 11.31 7.53 5/3036 23413
11.30 11.31 7.53 10/3036 23446
11.30 11.31 7.53 6/3037 23474
11.04 11.26 7.53 14/3037 23501
11.04 11.26 7.53 7/3037 23528
11.04 11.26 7.53 9/3037 23555
11.04 11.26 7.53 2/3037 23583
11.04 11.26 7.53 4/3038 23611
11.68 11.39 7.59 12/3038 23638
11.68 11.39 7.59 2/3038 23671
11.68 11.39 7.59 15/3038 23698
11.68 11.39 7.59 7/3038 23731
11.68 11.39 7.59 6/3038 23758
11.38 11.33 7.59 7/3034 23785
11.38 11.33 7.59 4/3038 23818
11.38 11.33 7.59 6/3038 23845
11.38 11.33 7.59 7/3038 23872
11.38 11.33 7.59 9/3038 23900
11.03 11.26 7.59 12/3038 23927
11.03 11.26 7.59 15/3038 23954
11.03 11.26 7.59 1/3038 23981
11.03 11.26 7.59 9/3038 24008
11.03 11.26 7.59 3/3038 24035
11.03 11.25 7.61 8/3038 24068
11.03 11.25 7.61 7/3038 24095
11.03 11.25 7.61 3/3038 24122
11.03 11.25 7.61 17/3038 24149
11.03 11.25 7.61 5/3038 24177
11.59 11.36 7.66 6/3037 24204
11.59 11.36 7.66 8/3037 24231
11.59 11.36 7.66 13/3037 24258
11.59 11.36 7.66 26/3037 24285
11.59 11.36 7.66 4/3037 24312
11.54 11.36 7.68 4/3037 24339
11.54 11.36 7.68 5/3037 24366
11.54 11.36 7.68 7/3037 24399
11.54 11.36 7.68 16/3037 24426
11.54 11.36 7.68 8/3037 24453
11.66 11.39 7.71 6/3037 24481
11.66 11.39 7.71 5/3037 24508
11.66 11.39 7.71 13/3037 24535
11.66 11.39 7.71 8/3037 24562
11.66 11.39 7.71 6/3037 24589
11.52 11.36 7.72 9/3037 24620
11.52 11.36 7.72 8/3037 24659
11.52 11.36 7.72 10/3037 24686
11.52 11.36 7.72 4/3038 24714
11.52 11.36 7.72 9/3038 24741
11.24 11.31 7.73 13/3038 24768
11.24 11.31 7.73 3/3038 24796
11.24 11.31 7.73 13/3038 24824
11.24 11.31 7.73 3/3038 24851
11.24 11.31 7.73 8/3038 24878
11.54 11.37 7.77 11/3039 24906
11.54 11.37 7.77 5/3039 24933
11.54 11.37 7.77 5/3039 24960
11.54 11.37 7.77 11/3039 24987
11.54 11.37 7.77 4/3039 25014
11.74 11.41 7.80 5/3039 25041
11.74 11.41 7.80 6/3039 25069
11.74 11.41 7.80 2/3039 25102
11.74 11.41 7.80 3/3039 25129
11.74 11.41 7.80 7/3039 25156
11.52 11.37 7.81 3/3039 25189
11.52 11.37 7.81 16/3039 25216
11.52 11.37 7.81 5/3039 25243
11.52 11.37 7.81 17/3041 25273
11.52 11.37 7.81 6/3041 25300
11.40 11.35 7.82 7/3041 25333
11.40 11.35 7.82 2/3041 25360
11.40 11.35 7.82 8/3041 25388
11.40 11.35 7.82 6/3041 25415
11.40 11.35 7.82 3/3041 25442
11.13 11.29 7.82 5/3041 25469
11.13 11.29 7.82 6/3041 25496
11.13 11.29 7.82 4/3041 25523
11.13 11.29 7.82 8/3041 25550
11.13 11.29 7.82 11/3041 25583
10.87 11.24 7.82 4/3041 25610
10.87 11.24 7.82 3/3041 25637
10.87 11.24 7.82 5/3041 25665
10.87 11.24 7.82 11/3041 25692
10.87 11.24 7.82 9/3041 25725
10.80 11.22 7.83 1/3041 25752
10.80 11.22 7.83 11/3041 25779
10.80 11.22 7.83 7/3041 25806
10.80 11.22 7.83 6/3041 25833
10.80 11.22 7.83 6/3041 25860
10.98 11.25 7.86 9/3041 25887
10.98 11.25 7.86 10/3041 25914
10.98 11.25 7.86 6/3041 25941
10.98 11.25 7.86 3/3041 25969
10.98 11.25 7.86 3/3041 25996
11.06 11.26 7.88 6/3041 26023
11.06 11.26 7.88 12/3041 26050
11.06 11.26 7.88 6/3046 26091
11.06 11.26 7.88 7/3046 26120
11.06 11.26 7.88 4/3046 26147
10.82 11.21 7.88 8/3046 26174
10.82 11.21 7.88 6/3047 26202
10.82 11.21 7.88 9/3047 26229
10.82 11.21 7.88 18/3047 26256
10.82 11.21 7.88 9/3047 26290
10.75 11.19 7.89 9/3047 26327
10.75 11.19 7.89 9/3047 26366
10.75 11.19 7.89 2/3044 26394
10.75 11.19 7.89 4/3048 26427
10.75 11.19 7.89 7/3048 26454
10.61 11.15 7.90 5/3048 26481
10.61 11.15 7.90 11/3048 26508
10.61 11.15 7.90 15/3048 26536
10.61 11.15 7.90 6/3048 26566
10.61 11.15 7.90 6/3048 26594
10.80 11.18 7.93 2/3048 26621
10.80 11.18 7.93 7/3048 26648
10.80 11.18 7.93 6/3048 26675
10.80 11.18 7.93 1/3048 26708
10.80 11.18 7.93 8/3048 26735
10.98 11.21 7.96 10/3048 26762
10.98 11.21 7.96 3/3048 26789
10.98 11.21 7.96 4/3048 26822
10.98 11.21 7.96 7/3048 26849
10.98 11.21 7.96 4/3048 26876
10.66 11.14 7.95 3/3048 26904
10.66 11.14 7.95 12/3048 26931
10.66 11.14 7.95 3/3048 26958
10.66 11.14 7.95 7/3048 26991
10.66 11.14 7.95 8/3048 27018
