12-16 17:21:48.427  4787  4787 I BatteryMgr:DataCollectionService: onStartCommand: begin
12-16 17:21:48.428  4787  4787 I BatteryMgr:DataCollectionService: onStartCommand: sampleRate => 1000
12-16 17:21:48.428  4787  4787 I BatteryMgr:DataCollectionService: onStartCommand: rawFields => Timestamp,BATTERY_PROPERTY_CURRENT_NOW,EXTRA_VOLTAGE
12-16 17:21:48.429  4787  4787 I BatteryMgr:DataCollectionService: onStartCommand: notification done
12-16 17:21:48.431  4787  4787 I BatteryMgr:DataCollectionService: started foreground
12-16 17:21:48.434  4787  6014 I BatteryMgr:DataCollectionService: collectData: begin
12-16 17:21:48.436  4787  6014 I BatteryMgr:DataCollectionService: stats => 1702743708436,-1982909,3593
12-16 17:21:49.439  4787  6014 I BatteryMgr:DataCollectionService: stats => 1702743709439,-1878905,3593
12-16 17:21:50.442  4787  6014 I BatteryMgr:DataCollectionService: stats => 1702743710442,-1929686,3593
12-16 17:21:51.444  4787  6014 I BatteryMgr:DataCollectionService: stats => 1702743711444,-1922850,3593
12-16 17:21:52.446  4787  6014 I BatteryMgr:DataCollectionService: stats => 1702743712446,-1930174,3593
12-16 17:21:53.448  4787  6014 I BatteryMgr:DataCollectionService: stats => 1702743713448,-1922362,3593
12-16 17:21:54.451  4787  6014 I BatteryMgr:DataCollectionService: stats => 1702743714451,-1949706,3593
12-16 17:21:55.453  4787  6014 I BatteryMgr:DataCollectionService: stats => 1702743715453,-1929686,3593
12-16 17:21:56.455  4787  6014 I BatteryMgr:DataCollectionService: stats => 1702743716455,-1951170,3595
12-16 17:21:57.457  4787  6014 I BatteryMgr:DataCollectionService: stats => 1702743717457,-1940428,3595
12-16 17:21:58.459  4787  6014 I BatteryMgr:DataCollectionService: stats => 1702743718459,-1934081,3595
12-16 17:21:59.462  4787  6014 I BatteryMgr:DataCollectionService: stats => 1702743719462,-1953124,3595
12-16 17:22:00.465  4787  6014 I BatteryMgr:DataCollectionService: stats => 1702743720465,-1958983,3595
12-16 17:22:01.467  4787  6014 I BatteryMgr:DataCollectionService: stats => 1702743721467,-1957030,3595
12-16 17:22:02.469  4787  6014 I BatteryMgr:DataCollectionService: stats => 1702743722469,-1925291,3595
12-16 17:22:03.471  4787  6014 I BatteryMgr:DataCollectionService: stats => 1702743723471,-1943358,3595
12-16 17:22:04.473  4787  6014 I BatteryMgr:DataCollectionService: stats => 1702743724473,-1926268,3595
12-16 17:22:05.475  4787  6014 I BatteryMgr:DataCollectionService: stats => 1702743725475,-1931151,3595
12-16 17:22:06.478  4787  6014 I BatteryMgr:DataCollectionService: stats => 1702743726478,-1948241,3595
12-16 17:22:07.482  4787  6014 I BatteryMgr:DataCollectionService: stats => 1702743727482,-1931639,3595
12-16 17:22:08.484  4787  6014 I BatteryMgr:DataCollectionService: stats => 1702743728484,-1965819,3595
12-16 17:22:09.486  4787  6014 I BatteryMgr:DataCollectionService: stats => 1702743729486,-1938475,3595
12-16 17:22:10.489  4787  6014 I BatteryMgr:DataCollectionService: stats => 1702743730489,-1932127,3595
12-16 17:22:11.492  4787  6014 I BatteryMgr:DataCollectionService: stats => 1702743731491,-1840331,3595
12-16 17:22:12.493  4787  6014 I BatteryMgr:DataCollectionService: stats => 1702743732493,-1405760,3595
12-16 17:22:13.495  4787  6014 I BatteryMgr:DataCollectionService: stats => 1702743733495,-1466307,3595
12-16 17:22:14.498  4787  6014 I BatteryMgr:DataCollectionService: stats => 1702743734498,-1472655,3595
12-16 17:22:15.501  4787  6014 I BatteryMgr:DataCollectionService: stats => 1702743735501,-1459960,3595
12-16 17:22:16.503  4787  6014 I BatteryMgr:DataCollectionService: stats => 1702743736503,-1507811,3619
12-16 17:22:17.506  4787  6014 I BatteryMgr:DataCollectionService: stats => 1702743737505,-1484862,3619
12-16 17:22:18.509  4787  6014 I BatteryMgr:DataCollectionService: stats => 1702743738508,-1692381,3619
12-16 17:22:19.511  4787  6014 I BatteryMgr:DataCollectionService: stats => 1702743739511,-1755370,3619
12-16 17:22:20.514  4787  6014 I BatteryMgr:DataCollectionService: stats => 1702743740514,-1470214,3619
12-16 17:22:21.517  4787  6014 I BatteryMgr:DataCollectionService: stats => 1702743741517,-1852049,3619
12-16 17:22:22.520  4787  6014 I BatteryMgr:DataCollectionService: stats => 1702743742520,-1880370,3619
12-16 17:22:23.522  4787  6014 I BatteryMgr:DataCollectionService: stats => 1702743743522,-1865233,3619
12-16 17:22:24.524  4787  6014 I BatteryMgr:DataCollectionService: stats => 1702743744524,-1866698,3619
12-16 17:22:25.526  4787  6014 I BatteryMgr:DataCollectionService: stats => 1702743745526,-1864256,3619
12-16 17:22:26.530  4787  6014 I BatteryMgr:DataCollectionService: stats => 1702743746530,-1871581,3600
12-16 17:22:27.532  4787  6014 I BatteryMgr:DataCollectionService: stats => 1702743747532,-1811034,3600
12-16 17:22:28.534  4787  6014 I BatteryMgr:DataCollectionService: stats => 1702743748534,-1823729,3600
12-16 17:22:29.536  4787  6014 I BatteryMgr:DataCollectionService: stats => 1702743749536,-1790038,3600
12-16 17:22:30.539  4787  6014 I BatteryMgr:DataCollectionService: stats => 1702743750539,-1801756,3600
12-16 17:22:31.541  4787  6014 I BatteryMgr:DataCollectionService: stats => 1702743751541,-1826659,3600
12-16 17:22:32.544  4787  6014 I BatteryMgr:DataCollectionService: stats => 1702743752544,-1806639,3600
12-16 17:22:33.546  4787  6014 I BatteryMgr:DataCollectionService: stats => 1702743753546,-1817870,3600
12-16 17:22:34.549  4787  6014 I BatteryMgr:DataCollectionService: stats => 1702743754549,-1834471,3600
12-16 17:22:35.551  4787  6014 I BatteryMgr:DataCollectionService: stats => 1702743755551,-1816405,3600
12-16 17:22:36.555  4787  6014 I BatteryMgr:DataCollectionService: stats => 1702743756555,-1764159,3604
12-16 17:22:37.557  4787  6014 I BatteryMgr:DataCollectionService: stats => 1702743757557,-1848143,3604
12-16 17:22:38.560  4787  6014 I BatteryMgr:DataCollectionService: stats => 1702743758560,-1826170,3604
12-16 17:22:39.562  4787  6014 I BatteryMgr:DataCollectionService: stats => 1702743759562,-1832518,3604
12-16 17:22:40.564  4787  6014 I BatteryMgr:DataCollectionService: stats => 1702743760564,-1851561,3604
12-16 17:22:41.567  4787  6014 I BatteryMgr:DataCollectionService: stats => 1702743761567,-1890135,3604
12-16 17:22:42.569  4787  6014 I BatteryMgr:DataCollectionService: stats => 1702743762569,-1966795,3604
12-16 17:22:43.571  4787  6014 I BatteryMgr:DataCollectionService: stats => 1702743763571,-1858397,3598
12-16 17:22:44.573  4787  6014 I BatteryMgr:DataCollectionService: stats => 1702743764573,-1848143,3600
12-16 17:22:45.576  4787  6014 I BatteryMgr:DataCollectionService: stats => 1702743765576,-1835448,3600
12-16 17:22:46.578  4787  6014 I BatteryMgr:DataCollectionService: stats => 1702743766578,-1844725,3599
12-16 17:22:47.582  4787  6014 I BatteryMgr:DataCollectionService: stats => 1702743767582,-1859862,3599
12-16 17:22:48.584  4787  6014 I BatteryMgr:DataCollectionService: stats => 1702743768584,-1911620,3599
12-16 17:22:49.587  4787  6014 I BatteryMgr:DataCollectionService: stats => 1702743769587,-1913084,3599
12-16 17:22:50.590  4787  6014 I BatteryMgr:DataCollectionService: stats => 1702743770590,-1889159,3599
12-16 17:22:51.592  4787  6014 I BatteryMgr:DataCollectionService: stats => 1702743771592,-1895018,3599
12-16 17:22:52.595  4787  6014 I BatteryMgr:DataCollectionService: stats => 1702743772595,-1897459,3599
12-16 17:22:53.597  4787  6014 I BatteryMgr:DataCollectionService: stats => 1702743773597,-1878417,3599
12-16 17:22:54.599  4787  6014 I BatteryMgr:DataCollectionService: stats => 1702743774599,-1858397,3599
12-16 17:22:55.601  4787  6014 I BatteryMgr:DataCollectionService: stats => 1702743775601,-1883299,3599
12-16 17:22:56.603  4787  6014 I BatteryMgr:DataCollectionService: stats => 1702743776603,-1899901,3596
12-16 17:22:57.607  4787  6014 I BatteryMgr:DataCollectionService: stats => 1702743777607,-1899413,3596
12-16 17:22:58.609  4787  6014 I BatteryMgr:DataCollectionService: stats => 1702743778609,-1934081,3596
12-16 17:22:59.611  4787  6014 I BatteryMgr:DataCollectionService: stats => 1702743779611,-1942381,3596
12-16 17:23:00.614  4787  6014 I BatteryMgr:DataCollectionService: stats => 1702743780614,-1890135,3596
12-16 17:23:01.616  4787  6014 I BatteryMgr:DataCollectionService: stats => 1702743781616,-1845702,3596
12-16 17:23:02.619  4787  6014 I BatteryMgr:DataCollectionService: stats => 1702743782619,-1905760,3596
12-16 17:23:03.622  4787  6014 I BatteryMgr:DataCollectionService: stats => 1702743783622,-1931151,3596
12-16 17:23:04.624  4787  6014 I BatteryMgr:DataCollectionService: stats => 1702743784624,-1913573,3596
12-16 17:23:05.626  4787  6014 I BatteryMgr:DataCollectionService: stats => 1702743785626,-1946288,3596
12-16 17:23:06.629  4787  6014 I BatteryMgr:DataCollectionService: stats => 1702743786629,-1903319,3594
12-16 17:23:07.631  4787  6014 I BatteryMgr:DataCollectionService: stats => 1702743787631,-1925291,3594
12-16 17:23:08.634  4787  6014 I BatteryMgr:DataCollectionService: stats => 1702743788634,-1885252,3594
12-16 17:23:09.636  4787  6014 I BatteryMgr:DataCollectionService: stats => 1702743789636,-1888182,3594
12-16 17:23:10.638  4787  6014 I BatteryMgr:DataCollectionService: stats => 1702743790638,-1927733,3594
12-16 17:23:11.640  4787  6014 I BatteryMgr:DataCollectionService: stats => 1702743791640,-1897948,3594
12-16 17:23:12.642  4787  6014 I BatteryMgr:DataCollectionService: stats => 1702743792642,-1840331,3594
12-16 17:23:13.644  4787  6014 I BatteryMgr:DataCollectionService: stats => 1702743793644,-1887206,3594
12-16 17:23:14.647  4787  6014 I BatteryMgr:DataCollectionService: stats => 1702743794647,-1842772,3594
12-16 17:23:15.649  4787  6014 I BatteryMgr:DataCollectionService: stats => 1702743795649,-1912108,3594
12-16 17:23:16.651  4787  6014 I BatteryMgr:DataCollectionService: stats => 1702743796651,-1891600,3595
12-16 17:23:17.654  4787  6014 I BatteryMgr:DataCollectionService: stats => 1702743797654,-1902342,3595
12-16 17:23:18.656  4787  6014 I BatteryMgr:DataCollectionService: stats => 1702743798656,-1899413,3595
12-16 17:23:19.658  4787  6014 I BatteryMgr:DataCollectionService: stats => 1702743799658,-1959471,3595
12-16 17:23:20.661  4787  6014 I BatteryMgr:DataCollectionService: stats => 1702743800661,-1917967,3595
12-16 17:23:21.664  4787  6014 I BatteryMgr:DataCollectionService: stats => 1702743801664,-1885741,3595
12-16 17:23:22.666  4787  6014 I BatteryMgr:DataCollectionService: stats => 1702743802666,-1927733,3595
12-16 17:23:23.668  4787  6014 I BatteryMgr:DataCollectionService: stats => 1702743803668,-1916502,3595
12-16 17:23:24.671  4787  6014 I BatteryMgr:DataCollectionService: stats => 1702743804671,-1926756,3595
12-16 17:23:25.673  4787  6014 I BatteryMgr:DataCollectionService: stats => 1702743805673,-1909178,3595
12-16 17:23:26.676  4787  6014 I BatteryMgr:DataCollectionService: stats => 1702743806675,-1909666,3595
12-16 17:23:27.678  4787  6014 I BatteryMgr:DataCollectionService: stats => 1702743807678,-1921874,3595
12-16 17:23:28.680  4787  6014 I BatteryMgr:DataCollectionService: stats => 1702743808680,-1890135,3595
12-16 17:23:29.682  4787  6014 I BatteryMgr:DataCollectionService: stats => 1702743809682,-1888182,3595
12-16 17:23:30.684  4787  6014 I BatteryMgr:DataCollectionService: stats => 1702743810684,-2023924,3595
12-16 17:23:31.688  4787  6014 I BatteryMgr:DataCollectionService: stats => 1702743811688,-1935057,3594
12-16 17:23:32.690  4787  6014 I BatteryMgr:DataCollectionService: stats => 1702743812690,-1909178,3594
12-16 17:23:33.693  4787  6014 I BatteryMgr:DataCollectionService: stats => 1702743813693,-2015623,3594
12-16 17:23:34.696  4787  6014 I BatteryMgr:DataCollectionService: stats => 1702743814696,-1887694,3594
12-16 17:23:35.699  4787  6014 I BatteryMgr:DataCollectionService: stats => 1702743815699,-1882323,3594
12-16 17:23:36.702  4787  6014 I BatteryMgr:DataCollectionService: stats => 1702743816702,-1887694,3595
12-16 17:23:37.705  4787  6014 I BatteryMgr:DataCollectionService: stats => 1702743817705,-1929198,3595
12-16 17:23:38.708  4787  6014 I BatteryMgr:DataCollectionService: stats => 1702743818708,-1893553,3595
12-16 17:23:39.710  4787  6014 I BatteryMgr:DataCollectionService: stats => 1702743819710,-1872557,3595
12-16 17:23:40.713  4787  6014 I BatteryMgr:DataCollectionService: stats => 1702743820713,-1930174,3595
12-16 17:23:41.716  4787  6014 I BatteryMgr:DataCollectionService: stats => 1702743821716,-1980467,3595
12-16 17:23:42.718  4787  6014 I BatteryMgr:DataCollectionService: stats => 1702743822718,-2091307,3595
12-16 17:23:43.720  4787  6014 I BatteryMgr:DataCollectionService: stats => 1702743823720,-1869627,3595
12-16 17:23:44.722  4787  6014 I BatteryMgr:DataCollectionService: stats => 1702743824722,-1892577,3595
12-16 17:23:45.725  4787  6014 I BatteryMgr:DataCollectionService: stats => 1702743825725,-1908202,3595
12-16 17:23:46.728  4787  6014 I BatteryMgr:DataCollectionService: stats => 1702743826728,-1914061,3594
12-16 17:23:47.731  4787  6014 I BatteryMgr:DataCollectionService: stats => 1702743827731,-1881346,3594
12-16 17:23:48.734  4787  6014 I BatteryMgr:DataCollectionService: stats => 1702743828734,-1910155,3594
12-16 17:23:49.736  4787  6014 I BatteryMgr:DataCollectionService: stats => 1702743829736,-1927733,3594
12-16 17:23:50.740  4787  6014 I BatteryMgr:DataCollectionService: stats => 1702743830740,-1876952,3594
12-16 17:23:51.742  4787  6014 I BatteryMgr:DataCollectionService: stats => 1702743831742,-1895506,3594
12-16 17:23:52.744  4787  6014 I BatteryMgr:DataCollectionService: stats => 1702743832744,-1865721,3594
12-16 17:23:53.747  4787  6014 I BatteryMgr:DataCollectionService: stats => 1702743833747,-1891112,3594
12-16 17:23:54.749  4787  6014 I BatteryMgr:DataCollectionService: stats => 1702743834749,-1797850,3594
12-16 17:23:55.752  4787  6014 I BatteryMgr:DataCollectionService: stats => 1702743835752,-1916014,3594
12-16 17:23:56.754  4787  6014 I BatteryMgr:DataCollectionService: stats => 1702743836754,-1860838,3593
12-16 17:23:57.756  4787  6014 I BatteryMgr:DataCollectionService: stats => 1702743837756,-1930663,3593
12-16 17:23:58.758  4787  6014 I BatteryMgr:DataCollectionService: stats => 1702743838758,-1853026,3593
12-16 17:23:59.760  4787  6014 I BatteryMgr:DataCollectionService: stats => 1702743839760,-1854491,3593
12-16 17:24:00.763  4787  6014 I BatteryMgr:DataCollectionService: stats => 1702743840762,-1916991,3593
12-16 17:24:01.766  4787  6014 I BatteryMgr:DataCollectionService: stats => 1702743841766,-1872557,3593
12-16 17:24:02.769  4787  6014 I BatteryMgr:DataCollectionService: stats => 1702743842769,-1880858,3593
12-16 17:24:03.772  4787  6014 I BatteryMgr:DataCollectionService: stats => 1702743843772,-1796385,3593
12-16 17:24:04.774  4787  6014 I BatteryMgr:DataCollectionService: stats => 1702743844774,-1932127,3593
12-16 17:24:05.776  4787  6014 I BatteryMgr:DataCollectionService: stats => 1702743845776,-1926268,3593
12-16 17:24:06.780  4787  6014 I BatteryMgr:DataCollectionService: stats => 1702743846780,-1861815,3592
12-16 17:24:07.782  4787  6014 I BatteryMgr:DataCollectionService: stats => 1702743847782,-1922850,3592
12-16 17:24:08.786  4787  6014 I BatteryMgr:DataCollectionService: stats => 1702743848786,-1862792,3592
12-16 17:24:09.788  4787  6014 I BatteryMgr:DataCollectionService: stats => 1702743849788,-1881834,3592
12-16 17:24:10.791  4787  6014 I BatteryMgr:DataCollectionService: stats => 1702743850790,-1875975,3592
12-16 17:24:11.793  4787  6014 I BatteryMgr:DataCollectionService: stats => 1702743851793,-1881346,3592
12-16 17:24:12.795  4787  6014 I BatteryMgr:DataCollectionService: stats => 1702743852795,-1884764,3592
12-16 17:24:13.797  4787  6014 I BatteryMgr:DataCollectionService: stats => 1702743853797,-1850584,3592
12-16 17:24:14.799  4787  6014 I BatteryMgr:DataCollectionService: stats => 1702743854799,-1736327,3592
12-16 17:24:15.802  4787  6014 I BatteryMgr:DataCollectionService: stats => 1702743855802,-1851073,3592
12-16 17:24:16.804  4787  6014 I BatteryMgr:DataCollectionService: stats => 1702743856804,-1902831,3596
12-16 17:24:17.806  4787  6014 I BatteryMgr:DataCollectionService: stats => 1702743857806,-1849608,3596
12-16 17:24:18.808  4787  6014 I BatteryMgr:DataCollectionService: stats => 1702743858808,-1864256,3596
12-16 17:24:19.811  4787  6014 I BatteryMgr:DataCollectionService: stats => 1702743859811,-1846678,3596
12-16 17:24:20.814  4787  6014 I BatteryMgr:DataCollectionService: stats => 1702743860814,-1842772,3596
12-16 17:24:21.818  4787  6014 I BatteryMgr:DataCollectionService: stats => 1702743861818,-1634276,3596
12-16 17:24:22.820  4787  6014 I BatteryMgr:DataCollectionService: stats => 1702743862820,-1903319,3596
12-16 17:24:23.823  4787  6014 I BatteryMgr:DataCollectionService: stats => 1702743863823,-1856444,3596
12-16 17:24:24.825  4787  6014 I BatteryMgr:DataCollectionService: stats => 1702743864825,-1844725,3596
12-16 17:24:25.828  4787  6014 I BatteryMgr:DataCollectionService: stats => 1702743865828,-1916014,3596
12-16 17:24:26.830  4787  6014 I BatteryMgr:DataCollectionService: stats => 1702743866830,-1853514,3595
12-16 17:24:27.832  4787  6014 I BatteryMgr:DataCollectionService: stats => 1702743867832,-1909666,3595
12-16 17:24:28.835  4787  6014 I BatteryMgr:DataCollectionService: stats => 1702743868835,-1822752,3595
12-16 17:24:29.837  4787  6014 I BatteryMgr:DataCollectionService: stats => 1702743869837,-1855956,3595
12-16 17:24:30.839  4787  6014 I BatteryMgr:DataCollectionService: stats => 1702743870839,-1924315,3595
12-16 17:24:31.841  4787  6014 I BatteryMgr:DataCollectionService: stats => 1702743871841,-1870116,3595
12-16 17:24:32.844  4787  6014 I BatteryMgr:DataCollectionService: stats => 1702743872844,-1882811,3595
12-16 17:24:33.846  4787  6014 I BatteryMgr:DataCollectionService: stats => 1702743873846,-1880370,3595
12-16 17:24:34.849  4787  6014 I BatteryMgr:DataCollectionService: stats => 1702743874849,-2081541,3595
12-16 17:24:35.852  4787  6014 I BatteryMgr:DataCollectionService: stats => 1702743875852,-1924315,3595
12-16 17:24:36.854  4787  6014 I BatteryMgr:DataCollectionService: stats => 1702743876854,-1898436,3592
12-16 17:24:37.857  4787  6014 I BatteryMgr:DataCollectionService: stats => 1702743877857,-1903319,3592
12-16 17:24:38.859  4787  6014 I BatteryMgr:DataCollectionService: stats => 1702743878859,-1886717,3592
12-16 17:24:39.863  4787  6014 I BatteryMgr:DataCollectionService: stats => 1702743879863,-1871581,3592
12-16 17:24:40.866  4787  6014 I BatteryMgr:DataCollectionService: stats => 1702743880866,-1860838,3592
12-16 17:24:41.870  4787  6014 I BatteryMgr:DataCollectionService: stats => 1702743881870,-2038084,3592
12-16 17:24:42.872  4787  6014 I BatteryMgr:DataCollectionService: stats => 1702743882872,-1884764,3592
12-16 17:24:43.874  4787  6014 I BatteryMgr:DataCollectionService: stats => 1702743883874,-1829588,3592
12-16 17:24:44.876  4787  6014 I BatteryMgr:DataCollectionService: stats => 1702743884876,-1943358,3592
12-16 17:24:45.879  4787  6014 I BatteryMgr:DataCollectionService: stats => 1702743885879,-1880370,3592
12-16 17:24:46.881  4787  6014 I BatteryMgr:DataCollectionService: stats => 1702743886881,-1899901,3593
12-16 17:24:47.884  4787  6014 I BatteryMgr:DataCollectionService: stats => 1702743887884,-1837401,3593
12-16 17:24:48.886  4787  6014 I BatteryMgr:DataCollectionService: stats => 1702743888886,-1830565,3593
12-16 17:24:49.889  4787  6014 I BatteryMgr:DataCollectionService: stats => 1702743889889,-1763182,3593
12-16 17:24:50.891  4787  6014 I BatteryMgr:DataCollectionService: stats => 1702743890891,-1917967,3593
12-16 17:24:51.894  4787  6014 I BatteryMgr:DataCollectionService: stats => 1702743891894,-1853514,3593
12-16 17:24:52.897  4787  6014 I BatteryMgr:DataCollectionService: stats => 1702743892897,-1755858,3593
12-16 17:24:53.899  4787  6014 I BatteryMgr:DataCollectionService: stats => 1702743893899,-1627928,3593
12-16 17:24:54.901  4787  6014 I BatteryMgr:DataCollectionService: stats => 1702743894901,-1838866,3593
12-16 17:24:55.904  4787  6014 I BatteryMgr:DataCollectionService: stats => 1702743895904,-1830077,3593
12-16 17:24:56.906  4787  6014 I BatteryMgr:DataCollectionService: stats => 1702743896906,-1707030,3596
12-16 17:24:57.908  4787  6014 I BatteryMgr:DataCollectionService: stats => 1702743897908,-1783690,3596
12-16 17:24:58.911  4787  6014 I BatteryMgr:DataCollectionService: stats => 1702743898911,-1848631,3596
12-16 17:24:59.914  4787  6014 I BatteryMgr:DataCollectionService: stats => 1702743899913,-1860838,3596
12-16 17:25:00.916  4787  6014 I BatteryMgr:DataCollectionService: stats => 1702743900916,-1662596,3596
12-16 17:25:01.918  4787  6014 I BatteryMgr:DataCollectionService: stats => 1702743901918,-1888670,3596
12-16 17:25:02.920  4787  6014 I BatteryMgr:DataCollectionService: stats => 1702743902920,-1929198,3596
12-16 17:25:03.922  4787  6014 I BatteryMgr:DataCollectionService: stats => 1702743903922,-1882811,3596
12-16 17:25:04.924  4787  6014 I BatteryMgr:DataCollectionService: stats => 1702743904924,-1849608,3596
12-16 17:25:05.927  4787  6014 I BatteryMgr:DataCollectionService: stats => 1702743905927,-1875975,3596
12-16 17:25:06.929  4787  6014 I BatteryMgr:DataCollectionService: stats => 1702743906929,-1926756,3593
12-16 17:25:07.931  4787  6014 I BatteryMgr:DataCollectionService: stats => 1702743907931,-1877440,3593
12-16 17:25:08.933  4787  6014 I BatteryMgr:DataCollectionService: stats => 1702743908933,-1893553,3593
12-16 17:25:09.937  4787  6014 I BatteryMgr:DataCollectionService: stats => 1702743909937,-1889647,3593
12-16 17:25:10.940  4787  6014 I BatteryMgr:DataCollectionService: stats => 1702743910940,-1895995,3593
12-16 17:25:11.942  4787  6014 I BatteryMgr:DataCollectionService: stats => 1702743911942,-1913573,3593
12-16 17:25:12.944  4787  6014 I BatteryMgr:DataCollectionService: stats => 1702743912944,-1906737,3593
12-16 17:25:13.946  4787  6014 I BatteryMgr:DataCollectionService: stats => 1702743913946,-1877928,3593
12-16 17:25:14.949  4787  6014 I BatteryMgr:DataCollectionService: stats => 1702743914949,-1874510,3593
12-16 17:25:15.952  4787  6014 I BatteryMgr:DataCollectionService: stats => 1702743915952,-1874999,3593
12-16 17:25:16.955  4787  6014 I BatteryMgr:DataCollectionService: stats => 1702743916955,-1916502,3590
12-16 17:25:17.957  4787  6014 I BatteryMgr:DataCollectionService: stats => 1702743917957,-1904295,3590
12-16 17:25:18.959  4787  6014 I BatteryMgr:DataCollectionService: stats => 1702743918959,-1957030,3590
12-16 17:25:19.962  4787  6014 I BatteryMgr:DataCollectionService: stats => 1702743919962,-1904784,3590
12-16 17:25:20.964  4787  6014 I BatteryMgr:DataCollectionService: stats => 1702743920964,-1895995,3590
12-16 17:25:21.968  4787  6014 I BatteryMgr:DataCollectionService: stats => 1702743921968,-1929198,3590
12-16 17:25:22.970  4787  6014 I BatteryMgr:DataCollectionService: stats => 1702743922970,-1923338,3590
12-16 17:25:23.972  4787  6014 I BatteryMgr:DataCollectionService: stats => 1702743923972,-1916014,3590
12-16 17:25:24.975  4787  6014 I BatteryMgr:DataCollectionService: stats => 1702743924975,-1893553,3590
12-16 17:25:25.977  4787  6014 I BatteryMgr:DataCollectionService: stats => 1702743925977,-1883788,3590
12-16 17:25:26.981  4787  6014 I BatteryMgr:DataCollectionService: stats => 1702743926981,-1923827,3591
12-16 17:25:27.984  4787  6014 I BatteryMgr:DataCollectionService: stats => 1702743927984,-1919432,3591
12-16 17:25:28.986  4787  6014 I BatteryMgr:DataCollectionService: stats => 1702743928986,-1973143,3591
12-16 17:25:29.988  4787  6014 I BatteryMgr:DataCollectionService: stats => 1702743929988,-1965331,3591
12-16 17:25:30.990  4787  6014 I BatteryMgr:DataCollectionService: stats => 1702743930990,-1921385,3591
12-16 17:25:31.994  4787  6014 I BatteryMgr:DataCollectionService: stats => 1702743931994,-1941405,3591
12-16 17:25:32.996  4787  6014 I BatteryMgr:DataCollectionService: stats => 1702743932996,-1754881,3591
12-16 17:25:33.999  4787  6014 I BatteryMgr:DataCollectionService: stats => 1702743933999,-2044432,3591
12-16 17:25:35.001  4787  6014 I BatteryMgr:DataCollectionService: stats => 1702743935001,-1894041,3591
12-16 17:25:36.004  4787  6014 I BatteryMgr:DataCollectionService: stats => 1702743936004,-1979002,3591
12-16 17:25:37.008  4787  6014 I BatteryMgr:DataCollectionService: stats => 1702743937008,-1875975,3586
12-16 17:25:38.010  4787  6014 I BatteryMgr:DataCollectionService: stats => 1702743938010,-1912596,3586
12-16 17:25:39.015  4787  6014 I BatteryMgr:DataCollectionService: stats => 1702743939015,-1948241,3586
12-16 17:25:40.017  4787  6014 I BatteryMgr:DataCollectionService: stats => 1702743940017,-1909178,3586
12-16 17:25:41.022  4787  6014 I BatteryMgr:DataCollectionService: stats => 1702743941022,-1962889,3586
12-16 17:25:42.024  4787  6014 I BatteryMgr:DataCollectionService: stats => 1702743942024,-1916502,3586
12-16 17:25:43.026  4787  6014 I BatteryMgr:DataCollectionService: stats => 1702743943026,-1900877,3586
12-16 17:25:44.029  4787  6014 I BatteryMgr:DataCollectionService: stats => 1702743944029,-1709960,3586
12-16 17:25:45.031  4787  6014 I BatteryMgr:DataCollectionService: stats => 1702743945031,-1557616,3586
12-16 17:25:46.033  4787  6014 I BatteryMgr:DataCollectionService: stats => 1702743946033,-1883788,3586
12-16 17:25:47.035  4787  6014 I BatteryMgr:DataCollectionService: stats => 1702743947035,-1906737,3590
12-16 17:25:48.037  4787  6014 I BatteryMgr:DataCollectionService: stats => 1702743948037,-1946776,3590
12-16 17:25:49.039  4787  6014 I BatteryMgr:DataCollectionService: stats => 1702743949039,-1986327,3590
12-16 17:25:50.042  4787  6014 I BatteryMgr:DataCollectionService: stats => 1702743950042,-1925291,3590
12-16 17:25:51.045  4787  6014 I BatteryMgr:DataCollectionService: stats => 1702743951045,-2039061,3590
12-16 17:25:52.047  4787  6014 I BatteryMgr:DataCollectionService: stats => 1702743952047,-2045409,3590
12-16 17:25:53.049  4787  6014 I BatteryMgr:DataCollectionService: stats => 1702743953049,-2044432,3590
12-16 17:25:54.051  4787  6014 I BatteryMgr:DataCollectionService: stats => 1702743954051,-2022948,3590
12-16 17:25:55.054  4787  6014 I BatteryMgr:DataCollectionService: stats => 1702743955054,-2048338,3590
12-16 17:25:56.056  4787  6014 I BatteryMgr:DataCollectionService: stats => 1702743956056,-2015623,3590
12-16 17:25:57.059  4787  6014 I BatteryMgr:DataCollectionService: stats => 1702743957059,-2078123,3582
12-16 17:25:58.061  4787  6014 I BatteryMgr:DataCollectionService: stats => 1702743958061,-2007323,3582
12-16 17:25:59.063  4787  6014 I BatteryMgr:DataCollectionService: stats => 1702743959063,-1549315,3582
12-16 17:26:00.065  4787  6014 I BatteryMgr:DataCollectionService: stats => 1702743960065,-1930663,3582
12-16 17:26:01.068  4787  6014 I BatteryMgr:DataCollectionService: stats => 1702743961068,-1963866,3582
12-16 17:26:02.069  4787  6014 I BatteryMgr:DataCollectionService: stats => 1702743962069,-1955565,3582
12-16 17:26:03.071  4787  6014 I BatteryMgr:DataCollectionService: stats => 1702743963071,-1940428,3582
12-16 17:26:04.073  4787  6014 I BatteryMgr:DataCollectionService: stats => 1702743964073,-1973631,3582
12-16 17:26:05.075  4787  6014 I BatteryMgr:DataCollectionService: stats => 1702743965075,-1951659,3585
12-16 17:26:06.077  4787  6014 I BatteryMgr:DataCollectionService: stats => 1702743966077,-1984862,3585
12-16 17:26:07.079  4787  6014 I BatteryMgr:DataCollectionService: stats => 1702743967079,-1986327,3583
12-16 17:26:08.082  4787  6014 I BatteryMgr:DataCollectionService: stats => 1702743968082,-1960448,3583
12-16 17:26:09.085  4787  6014 I BatteryMgr:DataCollectionService: stats => 1702743969085,-1969237,3583
12-16 17:26:10.087  4787  6014 I BatteryMgr:DataCollectionService: stats => 1702743970087,-1951659,3583
12-16 17:26:11.089  4787  6014 I BatteryMgr:DataCollectionService: stats => 1702743971089,-1982420,3583
12-16 17:26:12.091  4787  6014 I BatteryMgr:DataCollectionService: stats => 1702743972091,-1959471,3583
12-16 17:26:13.095  4787  6014 I BatteryMgr:DataCollectionService: stats => 1702743973095,-1980956,3583
12-16 17:26:14.097  4787  6014 I BatteryMgr:DataCollectionService: stats => 1702743974097,-1997069,3583
12-16 17:26:15.099  4787  6014 I BatteryMgr:DataCollectionService: stats => 1702743975099,-1967772,3583
