12.49 11.88 10.77 9/2925 30245
12.49 11.88 10.77 4/2925 30272
12.37 11.86 10.78 8/2925 30305
12.37 11.86 10.78 5/2925 30332
12.37 11.86 10.78 5/2925 30359
12.37 11.86 10.78 6/2925 30386
12.37 11.86 10.78 2/2925 30413
12.58 11.91 10.80 5/2925 30440
12.58 11.91 10.80 4/2925 30467
12.58 11.91 10.80 4/2925 30494
12.58 11.91 10.80 6/2925 30522
12.58 11.91 10.80 7/2925 30549
12.22 11.85 10.78 1/2925 30576
12.22 11.85 10.78 18/2925 30603
12.22 11.85 10.78 4/2925 30630
12.22 11.85 10.78 5/2925 30657
12.22 11.85 10.78 10/2925 30684
11.96 11.80 10.77 5/2925 30711
11.96 11.80 10.77 2/2925 30739
11.96 11.80 10.77 4/2925 30766
11.96 11.80 10.77 5/2925 30794
11.96 11.80 10.77 8/2925 30821
11.56 11.72 10.75 8/2925 30848
11.56 11.72 10.75 11/2925 30875
11.56 11.72 10.75 9/2925 30902
11.56 11.72 10.75 12/2925 30929
11.56 11.72 10.75 4/2925 30963
11.60 11.73 10.76 3/2925 30990
11.60 11.73 10.76 13/2925 31017
11.60 11.73 10.76 7/2925 31044
11.60 11.73 10.76 10/2925 31071
11.60 11.73 10.76 18/2925 31099
11.55 11.71 10.76 7/2925 31126
11.55 11.71 10.76 9/2925 31153
11.55 11.71 10.76 6/2925 31180
11.55 11.71 10.76 7/2925 31207
11.55 11.71 10.76 8/2925 31234
11.50 11.70 10.76 10/2922 31261
11.50 11.70 10.76 8/2922 31294
11.50 11.70 10.76 8/2922 31321
11.50 11.70 10.76 6/2922 31348
11.50 11.70 10.76 2/2922 31376
11.22 11.64 10.75 5/2920 31403
11.22 11.64 10.75 10/2920 31430
11.22 11.64 10.75 6/2920 31457
11.22 11.64 10.75 11/2920 31490
11.22 11.64 10.75 6/2920 31529
12.01 11.80 10.80 15/2920 31556
12.01 11.80 10.80 8/2920 31583
12.01 11.80 10.80 13/2920 31611
12.01 11.80 10.80 3/2920 31638
12.01 11.80 10.80 4/2920 31665
11.85 11.77 10.80 3/2920 31694
11.85 11.77 10.80 8/2920 31733
11.85 11.77 10.80 7/2919 31760
11.85 11.77 10.80 11/2920 31791
11.85 11.77 10.80 7/2920 31818
12.42 11.89 10.84 9/2920 31846
12.42 11.89 10.84 10/2920 31873
12.42 11.89 10.84 17/2920 31900
12.42 11.89 10.84 6/2920 31927
12.42 11.89 10.84 11/2920 31954
12.06 11.82 10.83 13/2920 31982
12.06 11.82 10.83 11/2920 32009
12.06 11.82 10.83 6/2920 32042
12.06 11.82 10.83 7/2921 32075
12.06 11.82 10.83 6/2920 32103
12.46 11.91 10.86 8/2916 32130
12.46 11.91 10.86 4/2916 32163
12.46 11.91 10.86 9/2918 32196
12.46 11.91 10.86 15/2918 32223
12.46 11.91 10.86 14/2918 32250
12.42 11.91 10.87 4/2918 32277
12.42 11.91 10.87 1/2918 32305
12.42 11.91 10.87 10/2918 32332
12.42 11.91 10.87 2/2918 32359
12.42 11.91 10.87 6/2918 32386
12.07 11.84 10.85 4/2918 32419
12.07 11.84 10.85 4/2918 32446
12.07 11.84 10.85 7/2918 32479
12.07 11.84 10.85 2/2918 32506
12.07 11.84 10.85 1/2918 32533
11.82 11.80 10.84 8/2918 32560
11.82 11.80 10.84 4/2918 32587
11.82 11.80 10.84 7/2918 32615
11.82 11.80 10.84 5/2919 32643
11.82 11.80 10.84 12/2919 32670
11.84 11.80 10.85 11/2919 32697
11.84 11.80 10.85 10/2919 32724
11.84 11.80 10.85 9/2919 32757
11.84 11.80 10.85 7/2919 380
11.84 11.80 10.85 12/2919 521
12.49 11.94 10.90 10/2919 580
12.49 11.94 10.90 8/2919 655
12.49 11.94 10.90 1/2919 689
12.49 11.94 10.90 10/2925 769
12.49 11.94 10.90 5/2925 798
12.61 11.97 10.91 12/2925 879
12.61 11.97 10.91 7/2925 953
12.61 11.97 10.91 7/2925 1027
12.61 11.97 10.91 6/2925 1103
12.61 11.97 10.91 11/2925 1192
13.28 12.12 10.97 3/2925 1276
13.28 12.12 10.97 7/2925 1340
13.28 12.12 10.97 5/2925 1400
13.28 12.12 10.97 11/2925 1472
13.28 12.12 10.97 5/2925 1519
13.10 12.10 10.97 6/2925 1560
13.10 12.10 10.97 4/2925 1595
13.10 12.10 10.97 4/2925 1664
13.10 12.10 10.97 5/2925 1698
13.10 12.10 10.97 4/2926 1754
13.09 12.12 10.98 12/2926 1832
13.09 12.12 10.98 10/2926 1899
13.09 12.12 10.98 3/2926 1940
13.09 12.12 10.98 4/2926 1977
13.09 12.12 10.98 3/2926 2042
13.17 12.15 11.00 11/2926 2076
13.17 12.15 11.00 6/2926 2163
13.17 12.15 11.00 7/2926 2224
13.17 12.15 11.00 3/2926 2307
13.17 12.15 11.00 8/2926 2354
13.55 12.25 11.03 3/2926 2442
13.55 12.25 11.03 5/2926 2496
13.55 12.25 11.03 3/2926 2529
13.55 12.25 11.03 13/2926 2567
13.55 12.25 11.03 3/2926 2600
13.59 12.28 11.05 8/2926 2650
13.59 12.28 11.05 5/2926 2734
13.59 12.28 11.05 1/2926 2798
13.59 12.28 11.05 9/2926 2847
13.59 12.28 11.05 2/2926 2879
13.30 12.24 11.04 8/2926 2927
13.30 12.24 11.04 6/2926 2968
13.30 12.24 11.04 7/2926 3029
13.30 12.24 11.04 5/2926 3084
13.30 12.24 11.04 10/2926 3124
13.04 12.20 11.04 4/2926 3187
13.04 12.20 11.04 5/2926 3276
13.04 12.20 11.04 3/2926 3328
13.04 12.20 11.04 3/2922 3383
13.04 12.20 11.04 10/2922 3491
13.35 12.28 11.07 3/2926 3554
13.35 12.28 11.07 2/2926 3586
13.35 12.28 11.07 9/2926 3613
13.35 12.28 11.07 7/2926 3641
13.35 12.28 11.07 14/2922 3671
13.41 12.31 11.09 12/2927 3742
13.41 12.31 11.09 6/2927 3801
13.41 12.31 11.09 3/2927 3895
13.41 12.31 11.09 8/2927 3956
13.41 12.31 11.09 2/2927 4012
12.89 12.22 11.06 11/2927 4046
12.89 12.22 11.06 4/2927 4126
12.89 12.22 11.06 13/2923 4163
12.89 12.22 11.06 11/2926 4250
12.89 12.22 11.06 1/2920 4317
12.90 12.23 11.08 7/2924 4379
12.90 12.23 11.08 12/2924 4417
12.90 12.23 11.08 1/2924 4460
12.90 12.23 11.08 8/2922 4497
12.90 12.23 11.08 6/2922 4529
12.75 12.21 11.08 14/2922 4560
12.75 12.21 11.08 5/2922 4596
12.75 12.21 11.08 8/2922 4623
12.75 12.21 11.08 5/2922 4654
12.75 12.21 11.08 5/2922 4718
12.77 12.23 11.09 13/2922 4791
12.77 12.23 11.09 2/2922 4829
12.77 12.23 11.09 8/2922 4868
12.77 12.23 11.09 6/2922 4918
12.77 12.23 11.09 3/2918 4948
12.47 12.17 11.07 5/2922 4989
12.47 12.17 11.07 9/2922 5024
12.47 12.17 11.07 14/2922 5057
12.47 12.17 11.07 10/2922 5092
12.47 12.17 11.07 13/2922 5121
12.03 12.09 11.05 6/2922 5151
12.03 12.09 11.05 18/2922 5196
12.03 12.09 11.05 8/2922 5229
12.03 12.09 11.05 2/2922 5258
12.03 12.09 11.05 10/2922 5285
12.27 12.14 11.07 9/2922 5316
12.27 12.14 11.07 6/2922 5354
12.27 12.14 11.07 5/2922 5395
12.27 12.14 11.07 7/2922 5425
12.27 12.14 11.07 4/2922 5452
12.41 12.17 11.09 14/2922 5479
12.41 12.17 11.09 6/2922 5506
12.41 12.17 11.09 11/2920 5535
12.41 12.17 11.09 10/2920 5573
12.41 12.17 11.09 3/2920 5609
11.81 12.05 11.06 6/2920 5652
11.81 12.05 11.06 4/2920 5697
11.81 12.05 11.06 6/2920 5724
11.81 12.05 11.06 6/2920 5751
11.81 12.05 11.06 5/2920 5778
11.81 12.05 11.06 8/2920 5805
11.67 12.01 11.05 5/2920 5832
11.67 12.01 11.05 5/2920 5859
11.67 12.01 11.05 5/2920 5887
11.67 12.01 11.05 6/2920 5914
11.67 12.01 11.05 4/2920 5941
11.61 12.00 11.05 10/2920 5972
11.61 12.00 11.05 6/2920 6044
11.61 12.00 11.05 3/2920 6071
11.61 12.00 11.05 11/2920 6098
11.61 12.00 11.05 4/2920 6135
11.48 11.96 11.05 8/2920 6191
11.48 11.96 11.05 6/2920 6270
11.48 11.96 11.05 7/2921 6317
11.48 11.96 11.05 5/2921 6366
11.48 11.96 11.05 5/2921 6403
11.61 11.98 11.06 5/2921 6430
11.61 11.98 11.06 4/2921 6460
11.61 11.98 11.06 6/2921 6490
11.61 11.98 11.06 8/2921 6523
11.61 11.98 11.06 5/2922 6551
12.04 12.06 11.09 7/2922 6578
12.04 12.06 11.09 10/2922 6605
12.04 12.06 11.09 8/2921 6632
12.04 12.06 11.09 4/2921 6660
12.04 12.06 11.09 7/2921 6689
12.04 12.06 11.09 9/2921 6719
12.04 12.06 11.09 6/2921 6752
12.04 12.06 11.09 4/2920 6779
12.04 12.06 11.09 6/2920 6814
12.04 12.06 11.09 10/2920 6849
12.19 12.09 11.11 8/2920 6876
12.19 12.09 11.11 10/2920 6903
12.19 12.09 11.11 6/2920 6930
12.19 12.09 11.11 6/2920 6957
12.19 12.09 11.11 13/2920 6986
