timestamp,id,uuid,load,memoryUtil,memoryTotal,memoryFree,driver,name,serial,display_mode,display_active
1709042381.508812,0,GPU-a71d5fd4-b7db-93b7-1b7a-5a6e2a6a8c65,0.18,0.38896484375,10240.0,6257.0,472.12,NVIDIA GeForce RTX 3080,[N/A],Enabled,Enabled
1709042382.516468,0,GPU-a71d5fd4-b7db-93b7-1b7a-5a6e2a6a8c65,0.16,0.55029296875,10240.0,4605.0,472.12,NVIDIA GeForce RTX 3080,[N/A],Enabled,Enabled
1709042383.513326,0,GPU-a71d5fd4-b7db-93b7-1b7a-5a6e2a6a8c65,0.11,0.49541015625,10240.0,5167.0,472.12,NVIDIA GeForce RTX 3080,[N/A],Enabled,Enabled
1709042384.513741,0,GPU-a71d5fd4-b7db-93b7-1b7a-5a6e2a6a8c65,0.11,0.49541015625,10240.0,5167.0,472.12,NVIDIA GeForce RTX 3080,[N/A],Enabled,Enabled
1709042385.511569,0,GPU-a71d5fd4-b7db-93b7-1b7a-5a6e2a6a8c65,0.11,0.49541015625,10240.0,5167.0,472.12,NVIDIA GeForce RTX 3080,[N/A],Enabled,Enabled
1709042386.51055,0,GPU-a71d5fd4-b7db-93b7-1b7a-5a6e2a6a8c65,0.13,0.38291015625,10240.0,6319.0,472.12,NVIDIA GeForce RTX 3080,[N/A],Enabled,Enabled
1709042387.512389,0,GPU-a71d5fd4-b7db-93b7-1b7a-5a6e2a6a8c65,0.22,0.516015625,10240.0,4956.0,472.12,NVIDIA GeForce RTX 3080,[N/A],Enabled,Enabled
1709042388.509395,0,GPU-a71d5fd4-b7db-93b7-1b7a-5a6e2a6a8c65,0.14,0.4478515625,10240.0,5654.0,472.12,NVIDIA GeForce RTX 3080,[N/A],Enabled,Enabled
1709042389.50746,0,GPU-a71d5fd4-b7db-93b7-1b7a-5a6e2a6a8c65,0.15,0.4478515625,10240.0,5654.0,472.12,NVIDIA GeForce RTX 3080,[N/A],Enabled,Enabled
1709042390.516686,0,GPU-a71d5fd4-b7db-93b7-1b7a-5a6e2a6a8c65,0.13,0.44404296875,10240.0,5693.0,472.12,NVIDIA GeForce RTX 3080,[N/A],Enabled,Enabled
1709042391.516386,0,GPU-a71d5fd4-b7db-93b7-1b7a-5a6e2a6a8c65,0.15,0.44775390625,10240.0,5655.0,472.12,NVIDIA GeForce RTX 3080,[N/A],Enabled,Enabled
1709042392.501829,0,GPU-a71d5fd4-b7db-93b7-1b7a-5a6e2a6a8c65,0.12,0.44013671875,10240.0,5733.0,472.12,NVIDIA GeForce RTX 3080,[N/A],Enabled,Enabled
1709042393.515337,0,GPU-a71d5fd4-b7db-93b7-1b7a-5a6e2a6a8c65,0.15,0.44873046875,10240.0,5645.0,472.12,NVIDIA GeForce RTX 3080,[N/A],Enabled,Enabled
1709042394.511375,0,GPU-a71d5fd4-b7db-93b7-1b7a-5a6e2a6a8c65,0.15,0.44873046875,10240.0,5645.0,472.12,NVIDIA GeForce RTX 3080,[N/A],Enabled,Enabled
1709042395.508823,0,GPU-a71d5fd4-b7db-93b7-1b7a-5a6e2a6a8c65,0.14,0.44501953125,10240.0,5683.0,472.12,NVIDIA GeForce RTX 3080,[N/A],Enabled,Enabled
1709042396.504621,0,GPU-a71d5fd4-b7db-93b7-1b7a-5a6e2a6a8c65,0.15,0.44873046875,10240.0,5645.0,472.12,NVIDIA GeForce RTX 3080,[N/A],Enabled,Enabled
1709042397.502369,0,GPU-a71d5fd4-b7db-93b7-1b7a-5a6e2a6a8c65,0.14,0.44501953125,10240.0,5683.0,472.12,NVIDIA GeForce RTX 3080,[N/A],Enabled,Enabled
1709042398.516289,0,GPU-a71d5fd4-b7db-93b7-1b7a-5a6e2a6a8c65,0.14,0.44501953125,10240.0,5683.0,472.12,NVIDIA GeForce RTX 3080,[N/A],Enabled,Enabled
1709042399.50448,0,GPU-a71d5fd4-b7db-93b7-1b7a-5a6e2a6a8c65,0.14,0.44873046875,10240.0,5645.0,472.12,NVIDIA GeForce RTX 3080,[N/A],Enabled,Enabled
1709042400.516527,0,GPU-a71d5fd4-b7db-93b7-1b7a-5a6e2a6a8c65,0.14,0.44501953125,10240.0,5683.0,472.12,NVIDIA GeForce RTX 3080,[N/A],Enabled,Enabled
1709042401.51364,0,GPU-a71d5fd4-b7db-93b7-1b7a-5a6e2a6a8c65,0.14,0.44501953125,10240.0,5683.0,472.12,NVIDIA GeForce RTX 3080,[N/A],Enabled,Enabled
1709042402.511599,0,GPU-a71d5fd4-b7db-93b7-1b7a-5a6e2a6a8c65,0.15,0.448828125,10240.0,5644.0,472.12,NVIDIA GeForce RTX 3080,[N/A],Enabled,Enabled
1709042403.510802,0,GPU-a71d5fd4-b7db-93b7-1b7a-5a6e2a6a8c65,0.14,0.4451171875,10240.0,5682.0,472.12,NVIDIA GeForce RTX 3080,[N/A],Enabled,Enabled
1709042404.511703,0,GPU-a71d5fd4-b7db-93b7-1b7a-5a6e2a6a8c65,0.14,0.448828125,10240.0,5644.0,472.12,NVIDIA GeForce RTX 3080,[N/A],Enabled,Enabled
1709042405.510549,0,GPU-a71d5fd4-b7db-93b7-1b7a-5a6e2a6a8c65,0.14,0.4451171875,10240.0,5682.0,472.12,NVIDIA GeForce RTX 3080,[N/A],Enabled,Enabled
1709042406.50736,0,GPU-a71d5fd4-b7db-93b7-1b7a-5a6e2a6a8c65,0.14,0.448828125,10240.0,5644.0,472.12,NVIDIA GeForce RTX 3080,[N/A],Enabled,Enabled
1709042407.510463,0,GPU-a71d5fd4-b7db-93b7-1b7a-5a6e2a6a8c65,0.14,0.4451171875,10240.0,5682.0,472.12,NVIDIA GeForce RTX 3080,[N/A],Enabled,Enabled
1709042408.508432,0,GPU-a71d5fd4-b7db-93b7-1b7a-5a6e2a6a8c65,0.15,0.448828125,10240.0,5644.0,472.12,NVIDIA GeForce RTX 3080,[N/A],Enabled,Enabled
1709042409.505479,0,GPU-a71d5fd4-b7db-93b7-1b7a-5a6e2a6a8c65,0.14,0.4451171875,10240.0,5682.0,472.12,NVIDIA GeForce RTX 3080,[N/A],Enabled,Enabled
1709042410.502772,0,GPU-a71d5fd4-b7db-93b7-1b7a-5a6e2a6a8c65,0.13,0.4451171875,10240.0,5682.0,472.12,NVIDIA GeForce RTX 3080,[N/A],Enabled,Enabled
1709042411.505747,0,GPU-a71d5fd4-b7db-93b7-1b7a-5a6e2a6a8c65,0.14,0.4451171875,10240.0,5682.0,472.12,NVIDIA GeForce RTX 3080,[N/A],Enabled,Enabled
1709042412.503441,0,GPU-a71d5fd4-b7db-93b7-1b7a-5a6e2a6a8c65,0.16,0.448828125,10240.0,5644.0,472.12,NVIDIA GeForce RTX 3080,[N/A],Enabled,Enabled
1709042413.513518,0,GPU-a71d5fd4-b7db-93b7-1b7a-5a6e2a6a8c65,0.14,0.4451171875,10240.0,5682.0,472.12,NVIDIA GeForce RTX 3080,[N/A],Enabled,Enabled
1709042414.510827,0,GPU-a71d5fd4-b7db-93b7-1b7a-5a6e2a6a8c65,0.14,0.4451171875,10240.0,5682.0,472.12,NVIDIA GeForce RTX 3080,[N/A],Enabled,Enabled
1709042415.50756,0,GPU-a71d5fd4-b7db-93b7-1b7a-5a6e2a6a8c65,0.13,0.4451171875,10240.0,5682.0,472.12,NVIDIA GeForce RTX 3080,[N/A],Enabled,Enabled
1709042416.510464,0,GPU-a71d5fd4-b7db-93b7-1b7a-5a6e2a6a8c65,0.14,0.4451171875,10240.0,5682.0,472.12,NVIDIA GeForce RTX 3080,[N/A],Enabled,Enabled
1709042417.506753,0,GPU-a71d5fd4-b7db-93b7-1b7a-5a6e2a6a8c65,0.15,0.4474609375,10240.0,5658.0,472.12,NVIDIA GeForce RTX 3080,[N/A],Enabled,Enabled
1709042418.503501,0,GPU-a71d5fd4-b7db-93b7-1b7a-5a6e2a6a8c65,0.16,0.458203125,10240.0,5548.0,472.12,NVIDIA GeForce RTX 3080,[N/A],Enabled,Enabled
1709042419.50248,0,GPU-a71d5fd4-b7db-93b7-1b7a-5a6e2a6a8c65,0.17,0.458203125,10240.0,5548.0,472.12,NVIDIA GeForce RTX 3080,[N/A],Enabled,Enabled
1709042420.514415,0,GPU-a71d5fd4-b7db-93b7-1b7a-5a6e2a6a8c65,0.17,0.458203125,10240.0,5548.0,472.12,NVIDIA GeForce RTX 3080,[N/A],Enabled,Enabled
1709042421.506505,0,GPU-a71d5fd4-b7db-93b7-1b7a-5a6e2a6a8c65,0.17,0.458203125,10240.0,5548.0,472.12,NVIDIA GeForce RTX 3080,[N/A],Enabled,Enabled
1709042422.507368,0,GPU-a71d5fd4-b7db-93b7-1b7a-5a6e2a6a8c65,0.17,0.458203125,10240.0,5548.0,472.12,NVIDIA GeForce RTX 3080,[N/A],Enabled,Enabled
1709042423.503486,0,GPU-a71d5fd4-b7db-93b7-1b7a-5a6e2a6a8c65,0.17,0.458203125,10240.0,5548.0,472.12,NVIDIA GeForce RTX 3080,[N/A],Enabled,Enabled
1709042424.502894,0,GPU-a71d5fd4-b7db-93b7-1b7a-5a6e2a6a8c65,0.17,0.458203125,10240.0,5548.0,472.12,NVIDIA GeForce RTX 3080,[N/A],Enabled,Enabled
1709042425.501944,0,GPU-a71d5fd4-b7db-93b7-1b7a-5a6e2a6a8c65,0.17,0.458203125,10240.0,5548.0,472.12,NVIDIA GeForce RTX 3080,[N/A],Enabled,Enabled
1709042426.504406,0,GPU-a71d5fd4-b7db-93b7-1b7a-5a6e2a6a8c65,0.15,0.458203125,10240.0,5548.0,472.12,NVIDIA GeForce RTX 3080,[N/A],Enabled,Enabled
1709042427.515334,0,GPU-a71d5fd4-b7db-93b7-1b7a-5a6e2a6a8c65,0.16,0.458203125,10240.0,5548.0,472.12,NVIDIA GeForce RTX 3080,[N/A],Enabled,Enabled
1709042428.513058,0,GPU-a71d5fd4-b7db-93b7-1b7a-5a6e2a6a8c65,0.17,0.458203125,10240.0,5548.0,472.12,NVIDIA GeForce RTX 3080,[N/A],Enabled,Enabled
1709042429.512663,0,GPU-a71d5fd4-b7db-93b7-1b7a-5a6e2a6a8c65,0.17,0.458203125,10240.0,5548.0,472.12,NVIDIA GeForce RTX 3080,[N/A],Enabled,Enabled
1709042430.514881,0,GPU-a71d5fd4-b7db-93b7-1b7a-5a6e2a6a8c65,0.17,0.458203125,10240.0,5548.0,472.12,NVIDIA GeForce RTX 3080,[N/A],Enabled,Enabled
1709042431.51452,0,GPU-a71d5fd4-b7db-93b7-1b7a-5a6e2a6a8c65,0.17,0.458203125,10240.0,5548.0,472.12,NVIDIA GeForce RTX 3080,[N/A],Enabled,Enabled
1709042432.513913,0,GPU-a71d5fd4-b7db-93b7-1b7a-5a6e2a6a8c65,0.17,0.458203125,10240.0,5548.0,472.12,NVIDIA GeForce RTX 3080,[N/A],Enabled,Enabled
1709042433.51312,0,GPU-a71d5fd4-b7db-93b7-1b7a-5a6e2a6a8c65,0.17,0.458203125,10240.0,5548.0,472.12,NVIDIA GeForce RTX 3080,[N/A],Enabled,Enabled
1709042434.505474,0,GPU-a71d5fd4-b7db-93b7-1b7a-5a6e2a6a8c65,0.17,0.458203125,10240.0,5548.0,472.12,NVIDIA GeForce RTX 3080,[N/A],Enabled,Enabled
1709042435.50536,0,GPU-a71d5fd4-b7db-93b7-1b7a-5a6e2a6a8c65,0.18,0.458203125,10240.0,5548.0,472.12,NVIDIA GeForce RTX 3080,[N/A],Enabled,Enabled
1709042436.506324,0,GPU-a71d5fd4-b7db-93b7-1b7a-5a6e2a6a8c65,0.17,0.458203125,10240.0,5548.0,472.12,NVIDIA GeForce RTX 3080,[N/A],Enabled,Enabled
1709042437.507728,0,GPU-a71d5fd4-b7db-93b7-1b7a-5a6e2a6a8c65,0.18,0.458203125,10240.0,5548.0,472.12,NVIDIA GeForce RTX 3080,[N/A],Enabled,Enabled
1709042438.503675,0,GPU-a71d5fd4-b7db-93b7-1b7a-5a6e2a6a8c65,0.17,0.458203125,10240.0,5548.0,472.12,NVIDIA GeForce RTX 3080,[N/A],Enabled,Enabled
1709042439.502641,0,GPU-a71d5fd4-b7db-93b7-1b7a-5a6e2a6a8c65,0.17,0.458203125,10240.0,5548.0,472.12,NVIDIA GeForce RTX 3080,[N/A],Enabled,Enabled
1709042440.515511,0,GPU-a71d5fd4-b7db-93b7-1b7a-5a6e2a6a8c65,0.17,0.458203125,10240.0,5548.0,472.12,NVIDIA GeForce RTX 3080,[N/A],Enabled,Enabled
1709042441.51344,0,GPU-a71d5fd4-b7db-93b7-1b7a-5a6e2a6a8c65,0.18,0.458203125,10240.0,5548.0,472.12,NVIDIA GeForce RTX 3080,[N/A],Enabled,Enabled
1709042442.51046,0,GPU-a71d5fd4-b7db-93b7-1b7a-5a6e2a6a8c65,0.17,0.458203125,10240.0,5548.0,472.12,NVIDIA GeForce RTX 3080,[N/A],Enabled,Enabled
1709042443.50755,0,GPU-a71d5fd4-b7db-93b7-1b7a-5a6e2a6a8c65,0.18,0.458203125,10240.0,5548.0,472.12,NVIDIA GeForce RTX 3080,[N/A],Enabled,Enabled
1709042444.508292,0,GPU-a71d5fd4-b7db-93b7-1b7a-5a6e2a6a8c65,0.17,0.458203125,10240.0,5548.0,472.12,NVIDIA GeForce RTX 3080,[N/A],Enabled,Enabled
1709042445.503565,0,GPU-a71d5fd4-b7db-93b7-1b7a-5a6e2a6a8c65,0.17,0.458203125,10240.0,5548.0,472.12,NVIDIA GeForce RTX 3080,[N/A],Enabled,Enabled
1709042446.503613,0,GPU-a71d5fd4-b7db-93b7-1b7a-5a6e2a6a8c65,0.17,0.458203125,10240.0,5548.0,472.12,NVIDIA GeForce RTX 3080,[N/A],Enabled,Enabled
1709042447.51543,0,GPU-a71d5fd4-b7db-93b7-1b7a-5a6e2a6a8c65,0.17,0.458203125,10240.0,5548.0,472.12,NVIDIA GeForce RTX 3080,[N/A],Enabled,Enabled
1709042448.513687,0,GPU-a71d5fd4-b7db-93b7-1b7a-5a6e2a6a8c65,0.17,0.458203125,10240.0,5548.0,472.12,NVIDIA GeForce RTX 3080,[N/A],Enabled,Enabled
1709042449.510583,0,GPU-a71d5fd4-b7db-93b7-1b7a-5a6e2a6a8c65,0.18,0.458203125,10240.0,5548.0,472.12,NVIDIA GeForce RTX 3080,[N/A],Enabled,Enabled
1709042450.512755,0,GPU-a71d5fd4-b7db-93b7-1b7a-5a6e2a6a8c65,0.17,0.458203125,10240.0,5548.0,472.12,NVIDIA GeForce RTX 3080,[N/A],Enabled,Enabled
1709042451.516757,0,GPU-a71d5fd4-b7db-93b7-1b7a-5a6e2a6a8c65,0.17,0.458203125,10240.0,5548.0,472.12,NVIDIA GeForce RTX 3080,[N/A],Enabled,Enabled
1709042452.511608,0,GPU-a71d5fd4-b7db-93b7-1b7a-5a6e2a6a8c65,0.16,0.458203125,10240.0,5548.0,472.12,NVIDIA GeForce RTX 3080,[N/A],Enabled,Enabled
1709042453.513572,0,GPU-a71d5fd4-b7db-93b7-1b7a-5a6e2a6a8c65,0.17,0.458203125,10240.0,5548.0,472.12,NVIDIA GeForce RTX 3080,[N/A],Enabled,Enabled
1709042454.510799,0,GPU-a71d5fd4-b7db-93b7-1b7a-5a6e2a6a8c65,0.17,0.458203125,10240.0,5548.0,472.12,NVIDIA GeForce RTX 3080,[N/A],Enabled,Enabled
1709042455.515206,0,GPU-a71d5fd4-b7db-93b7-1b7a-5a6e2a6a8c65,0.18,0.458203125,10240.0,5548.0,472.12,NVIDIA GeForce RTX 3080,[N/A],Enabled,Enabled
1709042456.51503,0,GPU-a71d5fd4-b7db-93b7-1b7a-5a6e2a6a8c65,0.17,0.458203125,10240.0,5548.0,472.12,NVIDIA GeForce RTX 3080,[N/A],Enabled,Enabled
1709042457.516707,0,GPU-a71d5fd4-b7db-93b7-1b7a-5a6e2a6a8c65,0.17,0.458203125,10240.0,5548.0,472.12,NVIDIA GeForce RTX 3080,[N/A],Enabled,Enabled
1709042458.515165,0,GPU-a71d5fd4-b7db-93b7-1b7a-5a6e2a6a8c65,0.17,0.458203125,10240.0,5548.0,472.12,NVIDIA GeForce RTX 3080,[N/A],Enabled,Enabled
1709042459.512803,0,GPU-a71d5fd4-b7db-93b7-1b7a-5a6e2a6a8c65,0.17,0.458203125,10240.0,5548.0,472.12,NVIDIA GeForce RTX 3080,[N/A],Enabled,Enabled
1709042460.511618,0,GPU-a71d5fd4-b7db-93b7-1b7a-5a6e2a6a8c65,0.17,0.458203125,10240.0,5548.0,472.12,NVIDIA GeForce RTX 3080,[N/A],Enabled,Enabled
1709042461.506764,0,GPU-a71d5fd4-b7db-93b7-1b7a-5a6e2a6a8c65,0.17,0.458203125,10240.0,5548.0,472.12,NVIDIA GeForce RTX 3080,[N/A],Enabled,Enabled
1709042462.504663,0,GPU-a71d5fd4-b7db-93b7-1b7a-5a6e2a6a8c65,0.17,0.458203125,10240.0,5548.0,472.12,NVIDIA GeForce RTX 3080,[N/A],Enabled,Enabled
1709042463.505585,0,GPU-a71d5fd4-b7db-93b7-1b7a-5a6e2a6a8c65,0.18,0.458203125,10240.0,5548.0,472.12,NVIDIA GeForce RTX 3080,[N/A],Enabled,Enabled
1709042464.505174,0,GPU-a71d5fd4-b7db-93b7-1b7a-5a6e2a6a8c65,0.17,0.458203125,10240.0,5548.0,472.12,NVIDIA GeForce RTX 3080,[N/A],Enabled,Enabled
1709042465.51683,0,GPU-a71d5fd4-b7db-93b7-1b7a-5a6e2a6a8c65,0.18,0.458203125,10240.0,5548.0,472.12,NVIDIA GeForce RTX 3080,[N/A],Enabled,Enabled
1709042466.50362,0,GPU-a71d5fd4-b7db-93b7-1b7a-5a6e2a6a8c65,0.17,0.458203125,10240.0,5548.0,472.12,NVIDIA GeForce RTX 3080,[N/A],Enabled,Enabled
1709042467.502762,0,GPU-a71d5fd4-b7db-93b7-1b7a-5a6e2a6a8c65,0.18,0.458203125,10240.0,5548.0,472.12,NVIDIA GeForce RTX 3080,[N/A],Enabled,Enabled
1709042468.512752,0,GPU-a71d5fd4-b7db-93b7-1b7a-5a6e2a6a8c65,0.17,0.458203125,10240.0,5548.0,472.12,NVIDIA GeForce RTX 3080,[N/A],Enabled,Enabled
1709042469.51201,0,GPU-a71d5fd4-b7db-93b7-1b7a-5a6e2a6a8c65,0.17,0.458203125,10240.0,5548.0,472.12,NVIDIA GeForce RTX 3080,[N/A],Enabled,Enabled
1709042470.511418,0,GPU-a71d5fd4-b7db-93b7-1b7a-5a6e2a6a8c65,0.17,0.458203125,10240.0,5548.0,472.12,NVIDIA GeForce RTX 3080,[N/A],Enabled,Enabled
1709042471.510783,0,GPU-a71d5fd4-b7db-93b7-1b7a-5a6e2a6a8c65,0.17,0.458203125,10240.0,5548.0,472.12,NVIDIA GeForce RTX 3080,[N/A],Enabled,Enabled
1709042472.510526,0,GPU-a71d5fd4-b7db-93b7-1b7a-5a6e2a6a8c65,0.17,0.458203125,10240.0,5548.0,472.12,NVIDIA GeForce RTX 3080,[N/A],Enabled,Enabled
1709042473.511798,0,GPU-a71d5fd4-b7db-93b7-1b7a-5a6e2a6a8c65,0.18,0.458203125,10240.0,5548.0,472.12,NVIDIA GeForce RTX 3080,[N/A],Enabled,Enabled
1709042474.513596,0,GPU-a71d5fd4-b7db-93b7-1b7a-5a6e2a6a8c65,0.17,0.458203125,10240.0,5548.0,472.12,NVIDIA GeForce RTX 3080,[N/A],Enabled,Enabled
1709042475.515603,0,GPU-a71d5fd4-b7db-93b7-1b7a-5a6e2a6a8c65,0.17,0.458203125,10240.0,5548.0,472.12,NVIDIA GeForce RTX 3080,[N/A],Enabled,Enabled
1709042476.513423,0,GPU-a71d5fd4-b7db-93b7-1b7a-5a6e2a6a8c65,0.17,0.458203125,10240.0,5548.0,472.12,NVIDIA GeForce RTX 3080,[N/A],Enabled,Enabled
1709042477.512131,0,GPU-a71d5fd4-b7db-93b7-1b7a-5a6e2a6a8c65,0.17,0.458203125,10240.0,5548.0,472.12,NVIDIA GeForce RTX 3080,[N/A],Enabled,Enabled
1709042478.508185,0,GPU-a71d5fd4-b7db-93b7-1b7a-5a6e2a6a8c65,0.17,0.458203125,10240.0,5548.0,472.12,NVIDIA GeForce RTX 3080,[N/A],Enabled,Enabled
1709042479.50649,0,GPU-a71d5fd4-b7db-93b7-1b7a-5a6e2a6a8c65,0.17,0.458203125,10240.0,5548.0,472.12,NVIDIA GeForce RTX 3080,[N/A],Enabled,Enabled
1709042480.517412,0,GPU-a71d5fd4-b7db-93b7-1b7a-5a6e2a6a8c65,0.17,0.458203125,10240.0,5548.0,472.12,NVIDIA GeForce RTX 3080,[N/A],Enabled,Enabled
1709042481.515374,0,GPU-a71d5fd4-b7db-93b7-1b7a-5a6e2a6a8c65,0.17,0.458203125,10240.0,5548.0,472.12,NVIDIA GeForce RTX 3080,[N/A],Enabled,Enabled
1709042482.513202,0,GPU-a71d5fd4-b7db-93b7-1b7a-5a6e2a6a8c65,0.17,0.458203125,10240.0,5548.0,472.12,NVIDIA GeForce RTX 3080,[N/A],Enabled,Enabled
1709042483.511611,0,GPU-a71d5fd4-b7db-93b7-1b7a-5a6e2a6a8c65,0.17,0.458203125,10240.0,5548.0,472.12,NVIDIA GeForce RTX 3080,[N/A],Enabled,Enabled
1709042484.507696,0,GPU-a71d5fd4-b7db-93b7-1b7a-5a6e2a6a8c65,0.17,0.458203125,10240.0,5548.0,472.12,NVIDIA GeForce RTX 3080,[N/A],Enabled,Enabled
1709042485.508337,0,GPU-a71d5fd4-b7db-93b7-1b7a-5a6e2a6a8c65,0.17,0.458203125,10240.0,5548.0,472.12,NVIDIA GeForce RTX 3080,[N/A],Enabled,Enabled
1709042486.511757,0,GPU-a71d5fd4-b7db-93b7-1b7a-5a6e2a6a8c65,0.18,0.458203125,10240.0,5548.0,472.12,NVIDIA GeForce RTX 3080,[N/A],Enabled,Enabled
1709042487.511659,0,GPU-a71d5fd4-b7db-93b7-1b7a-5a6e2a6a8c65,0.18,0.458203125,10240.0,5548.0,472.12,NVIDIA GeForce RTX 3080,[N/A],Enabled,Enabled
1709042488.514778,0,GPU-a71d5fd4-b7db-93b7-1b7a-5a6e2a6a8c65,0.17,0.458203125,10240.0,5548.0,472.12,NVIDIA GeForce RTX 3080,[N/A],Enabled,Enabled
1709042489.50366,0,GPU-a71d5fd4-b7db-93b7-1b7a-5a6e2a6a8c65,0.17,0.458203125,10240.0,5548.0,472.12,NVIDIA GeForce RTX 3080,[N/A],Enabled,Enabled
1709042490.507572,0,GPU-a71d5fd4-b7db-93b7-1b7a-5a6e2a6a8c65,0.17,0.458203125,10240.0,5548.0,472.12,NVIDIA GeForce RTX 3080,[N/A],Enabled,Enabled
1709042491.512714,0,GPU-a71d5fd4-b7db-93b7-1b7a-5a6e2a6a8c65,0.17,0.458203125,10240.0,5548.0,472.12,NVIDIA GeForce RTX 3080,[N/A],Enabled,Enabled
1709042492.513547,0,GPU-a71d5fd4-b7db-93b7-1b7a-5a6e2a6a8c65,0.17,0.458203125,10240.0,5548.0,472.12,NVIDIA GeForce RTX 3080,[N/A],Enabled,Enabled
1709042493.515692,0,GPU-a71d5fd4-b7db-93b7-1b7a-5a6e2a6a8c65,0.17,0.458203125,10240.0,5548.0,472.12,NVIDIA GeForce RTX 3080,[N/A],Enabled,Enabled
1709042494.513687,0,GPU-a71d5fd4-b7db-93b7-1b7a-5a6e2a6a8c65,0.17,0.458203125,10240.0,5548.0,472.12,NVIDIA GeForce RTX 3080,[N/A],Enabled,Enabled
1709042495.513645,0,GPU-a71d5fd4-b7db-93b7-1b7a-5a6e2a6a8c65,0.18,0.458203125,10240.0,5548.0,472.12,NVIDIA GeForce RTX 3080,[N/A],Enabled,Enabled
1709042496.511458,0,GPU-a71d5fd4-b7db-93b7-1b7a-5a6e2a6a8c65,0.17,0.458203125,10240.0,5548.0,472.12,NVIDIA GeForce RTX 3080,[N/A],Enabled,Enabled
1709042497.510937,0,GPU-a71d5fd4-b7db-93b7-1b7a-5a6e2a6a8c65,0.18,0.458203125,10240.0,5548.0,472.12,NVIDIA GeForce RTX 3080,[N/A],Enabled,Enabled
1709042498.508705,0,GPU-a71d5fd4-b7db-93b7-1b7a-5a6e2a6a8c65,0.17,0.458203125,10240.0,5548.0,472.12,NVIDIA GeForce RTX 3080,[N/A],Enabled,Enabled
1709042499.508001,0,GPU-a71d5fd4-b7db-93b7-1b7a-5a6e2a6a8c65,0.17,0.458203125,10240.0,5548.0,472.12,NVIDIA GeForce RTX 3080,[N/A],Enabled,Enabled
1709042500.503828,0,GPU-a71d5fd4-b7db-93b7-1b7a-5a6e2a6a8c65,0.17,0.458203125,10240.0,5548.0,472.12,NVIDIA GeForce RTX 3080,[N/A],Enabled,Enabled
1709042501.506597,0,GPU-a71d5fd4-b7db-93b7-1b7a-5a6e2a6a8c65,0.18,0.458203125,10240.0,5548.0,472.12,NVIDIA GeForce RTX 3080,[N/A],Enabled,Enabled
1709042502.506631,0,GPU-a71d5fd4-b7db-93b7-1b7a-5a6e2a6a8c65,0.18,0.458203125,10240.0,5548.0,472.12,NVIDIA GeForce RTX 3080,[N/A],Enabled,Enabled
1709042503.506739,0,GPU-a71d5fd4-b7db-93b7-1b7a-5a6e2a6a8c65,0.17,0.458203125,10240.0,5548.0,472.12,NVIDIA GeForce RTX 3080,[N/A],Enabled,Enabled
1709042504.505756,0,GPU-a71d5fd4-b7db-93b7-1b7a-5a6e2a6a8c65,0.16,0.458203125,10240.0,5548.0,472.12,NVIDIA GeForce RTX 3080,[N/A],Enabled,Enabled
1709042505.502557,0,GPU-a71d5fd4-b7db-93b7-1b7a-5a6e2a6a8c65,0.17,0.458203125,10240.0,5548.0,472.12,NVIDIA GeForce RTX 3080,[N/A],Enabled,Enabled
1709042506.51371,0,GPU-a71d5fd4-b7db-93b7-1b7a-5a6e2a6a8c65,0.17,0.458203125,10240.0,5548.0,472.12,NVIDIA GeForce RTX 3080,[N/A],Enabled,Enabled
1709042507.508437,0,GPU-a71d5fd4-b7db-93b7-1b7a-5a6e2a6a8c65,0.18,0.458203125,10240.0,5548.0,472.12,NVIDIA GeForce RTX 3080,[N/A],Enabled,Enabled
1709042508.511636,0,GPU-a71d5fd4-b7db-93b7-1b7a-5a6e2a6a8c65,0.17,0.458203125,10240.0,5548.0,472.12,NVIDIA GeForce RTX 3080,[N/A],Enabled,Enabled
1709042509.511557,0,GPU-a71d5fd4-b7db-93b7-1b7a-5a6e2a6a8c65,0.17,0.458203125,10240.0,5548.0,472.12,NVIDIA GeForce RTX 3080,[N/A],Enabled,Enabled
1709042510.50633,0,GPU-a71d5fd4-b7db-93b7-1b7a-5a6e2a6a8c65,0.17,0.458203125,10240.0,5548.0,472.12,NVIDIA GeForce RTX 3080,[N/A],Enabled,Enabled
1709042511.517555,0,GPU-a71d5fd4-b7db-93b7-1b7a-5a6e2a6a8c65,0.18,0.458203125,10240.0,5548.0,472.12,NVIDIA GeForce RTX 3080,[N/A],Enabled,Enabled
1709042512.515001,0,GPU-a71d5fd4-b7db-93b7-1b7a-5a6e2a6a8c65,0.17,0.458203125,10240.0,5548.0,472.12,NVIDIA GeForce RTX 3080,[N/A],Enabled,Enabled
1709042513.511628,0,GPU-a71d5fd4-b7db-93b7-1b7a-5a6e2a6a8c65,0.18,0.458203125,10240.0,5548.0,472.12,NVIDIA GeForce RTX 3080,[N/A],Enabled,Enabled
1709042514.511166,0,GPU-a71d5fd4-b7db-93b7-1b7a-5a6e2a6a8c65,0.18,0.458203125,10240.0,5548.0,472.12,NVIDIA GeForce RTX 3080,[N/A],Enabled,Enabled
1709042515.512197,0,GPU-a71d5fd4-b7db-93b7-1b7a-5a6e2a6a8c65,0.18,0.458203125,10240.0,5548.0,472.12,NVIDIA GeForce RTX 3080,[N/A],Enabled,Enabled
1709042516.508582,0,GPU-a71d5fd4-b7db-93b7-1b7a-5a6e2a6a8c65,0.17,0.458203125,10240.0,5548.0,472.12,NVIDIA GeForce RTX 3080,[N/A],Enabled,Enabled
1709042517.50646,0,GPU-a71d5fd4-b7db-93b7-1b7a-5a6e2a6a8c65,0.18,0.458203125,10240.0,5548.0,472.12,NVIDIA GeForce RTX 3080,[N/A],Enabled,Enabled
1709042518.506466,0,GPU-a71d5fd4-b7db-93b7-1b7a-5a6e2a6a8c65,0.17,0.458203125,10240.0,5548.0,472.12,NVIDIA GeForce RTX 3080,[N/A],Enabled,Enabled
1709042519.506741,0,GPU-a71d5fd4-b7db-93b7-1b7a-5a6e2a6a8c65,0.18,0.458203125,10240.0,5548.0,472.12,NVIDIA GeForce RTX 3080,[N/A],Enabled,Enabled
1709042520.508663,0,GPU-a71d5fd4-b7db-93b7-1b7a-5a6e2a6a8c65,0.17,0.458203125,10240.0,5548.0,472.12,NVIDIA GeForce RTX 3080,[N/A],Enabled,Enabled
1709042521.507887,0,GPU-a71d5fd4-b7db-93b7-1b7a-5a6e2a6a8c65,0.18,0.458203125,10240.0,5548.0,472.12,NVIDIA GeForce RTX 3080,[N/A],Enabled,Enabled
1709042522.507461,0,GPU-a71d5fd4-b7db-93b7-1b7a-5a6e2a6a8c65,0.17,0.458203125,10240.0,5548.0,472.12,NVIDIA GeForce RTX 3080,[N/A],Enabled,Enabled
1709042523.506904,0,GPU-a71d5fd4-b7db-93b7-1b7a-5a6e2a6a8c65,0.18,0.458203125,10240.0,5548.0,472.12,NVIDIA GeForce RTX 3080,[N/A],Enabled,Enabled
1709042524.510535,0,GPU-a71d5fd4-b7db-93b7-1b7a-5a6e2a6a8c65,0.18,0.458203125,10240.0,5548.0,472.12,NVIDIA GeForce RTX 3080,[N/A],Enabled,Enabled
1709042525.505385,0,GPU-a71d5fd4-b7db-93b7-1b7a-5a6e2a6a8c65,0.17,0.458203125,10240.0,5548.0,472.12,NVIDIA GeForce RTX 3080,[N/A],Enabled,Enabled
1709042526.503455,0,GPU-a71d5fd4-b7db-93b7-1b7a-5a6e2a6a8c65,0.17,0.458203125,10240.0,5548.0,472.12,NVIDIA GeForce RTX 3080,[N/A],Enabled,Enabled
1709042527.504307,0,GPU-a71d5fd4-b7db-93b7-1b7a-5a6e2a6a8c65,0.18,0.458203125,10240.0,5548.0,472.12,NVIDIA GeForce RTX 3080,[N/A],Enabled,Enabled
1709042528.503514,0,GPU-a71d5fd4-b7db-93b7-1b7a-5a6e2a6a8c65,0.17,0.458203125,10240.0,5548.0,472.12,NVIDIA GeForce RTX 3080,[N/A],Enabled,Enabled
1709042529.516386,0,GPU-a71d5fd4-b7db-93b7-1b7a-5a6e2a6a8c65,0.17,0.458203125,10240.0,5548.0,472.12,NVIDIA GeForce RTX 3080,[N/A],Enabled,Enabled
1709042530.516639,0,GPU-a71d5fd4-b7db-93b7-1b7a-5a6e2a6a8c65,0.17,0.458203125,10240.0,5548.0,472.12,NVIDIA GeForce RTX 3080,[N/A],Enabled,Enabled
1709042531.507876,0,GPU-a71d5fd4-b7db-93b7-1b7a-5a6e2a6a8c65,0.18,0.458203125,10240.0,5548.0,472.12,NVIDIA GeForce RTX 3080,[N/A],Enabled,Enabled
1709042532.507561,0,GPU-a71d5fd4-b7db-93b7-1b7a-5a6e2a6a8c65,0.18,0.458203125,10240.0,5548.0,472.12,NVIDIA GeForce RTX 3080,[N/A],Enabled,Enabled
1709042533.503737,0,GPU-a71d5fd4-b7db-93b7-1b7a-5a6e2a6a8c65,0.17,0.458203125,10240.0,5548.0,472.12,NVIDIA GeForce RTX 3080,[N/A],Enabled,Enabled
1709042534.505884,0,GPU-a71d5fd4-b7db-93b7-1b7a-5a6e2a6a8c65,0.16,0.458203125,10240.0,5548.0,472.12,NVIDIA GeForce RTX 3080,[N/A],Enabled,Enabled
1709042535.503483,0,GPU-a71d5fd4-b7db-93b7-1b7a-5a6e2a6a8c65,0.17,0.458203125,10240.0,5548.0,472.12,NVIDIA GeForce RTX 3080,[N/A],Enabled,Enabled
1709042536.515166,0,GPU-a71d5fd4-b7db-93b7-1b7a-5a6e2a6a8c65,0.17,0.458203125,10240.0,5548.0,472.12,NVIDIA GeForce RTX 3080,[N/A],Enabled,Enabled
1709042537.513813,0,GPU-a71d5fd4-b7db-93b7-1b7a-5a6e2a6a8c65,0.18,0.458203125,10240.0,5548.0,472.12,NVIDIA GeForce RTX 3080,[N/A],Enabled,Enabled
1709042538.515136,0,GPU-a71d5fd4-b7db-93b7-1b7a-5a6e2a6a8c65,0.17,0.458203125,10240.0,5548.0,472.12,NVIDIA GeForce RTX 3080,[N/A],Enabled,Enabled
1709042539.51099,0,GPU-a71d5fd4-b7db-93b7-1b7a-5a6e2a6a8c65,0.17,0.458203125,10240.0,5548.0,472.12,NVIDIA GeForce RTX 3080,[N/A],Enabled,Enabled
1709042540.507411,0,GPU-a71d5fd4-b7db-93b7-1b7a-5a6e2a6a8c65,0.16,0.458203125,10240.0,5548.0,472.12,NVIDIA GeForce RTX 3080,[N/A],Enabled,Enabled
1709042541.508633,0,GPU-a71d5fd4-b7db-93b7-1b7a-5a6e2a6a8c65,0.18,0.458203125,10240.0,5548.0,472.12,NVIDIA GeForce RTX 3080,[N/A],Enabled,Enabled
1709042542.509322,0,GPU-a71d5fd4-b7db-93b7-1b7a-5a6e2a6a8c65,0.17,0.458203125,10240.0,5548.0,472.12,NVIDIA GeForce RTX 3080,[N/A],Enabled,Enabled
1709042543.514448,0,GPU-a71d5fd4-b7db-93b7-1b7a-5a6e2a6a8c65,0.17,0.458203125,10240.0,5548.0,472.12,NVIDIA GeForce RTX 3080,[N/A],Enabled,Enabled
1709042544.50247,0,GPU-a71d5fd4-b7db-93b7-1b7a-5a6e2a6a8c65,0.17,0.458203125,10240.0,5548.0,472.12,NVIDIA GeForce RTX 3080,[N/A],Enabled,Enabled
1709042545.502838,0,GPU-a71d5fd4-b7db-93b7-1b7a-5a6e2a6a8c65,0.18,0.458203125,10240.0,5548.0,472.12,NVIDIA GeForce RTX 3080,[N/A],Enabled,Enabled
1709042546.5138,0,GPU-a71d5fd4-b7db-93b7-1b7a-5a6e2a6a8c65,0.17,0.458203125,10240.0,5548.0,472.12,NVIDIA GeForce RTX 3080,[N/A],Enabled,Enabled
1709042547.515514,0,GPU-a71d5fd4-b7db-93b7-1b7a-5a6e2a6a8c65,0.18,0.458203125,10240.0,5548.0,472.12,NVIDIA GeForce RTX 3080,[N/A],Enabled,Enabled
1709042548.514643,0,GPU-a71d5fd4-b7db-93b7-1b7a-5a6e2a6a8c65,0.18,0.458203125,10240.0,5548.0,472.12,NVIDIA GeForce RTX 3080,[N/A],Enabled,Enabled
1709042549.511655,0,GPU-a71d5fd4-b7db-93b7-1b7a-5a6e2a6a8c65,0.18,0.458203125,10240.0,5548.0,472.12,NVIDIA GeForce RTX 3080,[N/A],Enabled,Enabled
1709042550.508718,0,GPU-a71d5fd4-b7db-93b7-1b7a-5a6e2a6a8c65,0.17,0.458203125,10240.0,5548.0,472.12,NVIDIA GeForce RTX 3080,[N/A],Enabled,Enabled
1709042551.505306,0,GPU-a71d5fd4-b7db-93b7-1b7a-5a6e2a6a8c65,0.17,0.458203125,10240.0,5548.0,472.12,NVIDIA GeForce RTX 3080,[N/A],Enabled,Enabled
1709042552.506685,0,GPU-a71d5fd4-b7db-93b7-1b7a-5a6e2a6a8c65,0.17,0.458203125,10240.0,5548.0,472.12,NVIDIA GeForce RTX 3080,[N/A],Enabled,Enabled
1709042553.514818,0,GPU-a71d5fd4-b7db-93b7-1b7a-5a6e2a6a8c65,0.17,0.458203125,10240.0,5548.0,472.12,NVIDIA GeForce RTX 3080,[N/A],Enabled,Enabled
1709042554.513896,0,GPU-a71d5fd4-b7db-93b7-1b7a-5a6e2a6a8c65,0.17,0.458203125,10240.0,5548.0,472.12,NVIDIA GeForce RTX 3080,[N/A],Enabled,Enabled
1709042555.511617,0,GPU-a71d5fd4-b7db-93b7-1b7a-5a6e2a6a8c65,0.17,0.458203125,10240.0,5548.0,472.12,NVIDIA GeForce RTX 3080,[N/A],Enabled,Enabled
1709042556.513412,0,GPU-a71d5fd4-b7db-93b7-1b7a-5a6e2a6a8c65,0.17,0.458203125,10240.0,5548.0,472.12,NVIDIA GeForce RTX 3080,[N/A],Enabled,Enabled
1709042557.512464,0,GPU-a71d5fd4-b7db-93b7-1b7a-5a6e2a6a8c65,0.17,0.458203125,10240.0,5548.0,472.12,NVIDIA GeForce RTX 3080,[N/A],Enabled,Enabled
1709042558.513676,0,GPU-a71d5fd4-b7db-93b7-1b7a-5a6e2a6a8c65,0.17,0.458203125,10240.0,5548.0,472.12,NVIDIA GeForce RTX 3080,[N/A],Enabled,Enabled
1709042559.512454,0,GPU-a71d5fd4-b7db-93b7-1b7a-5a6e2a6a8c65,0.17,0.458203125,10240.0,5548.0,472.12,NVIDIA GeForce RTX 3080,[N/A],Enabled,Enabled
1709042560.512608,0,GPU-a71d5fd4-b7db-93b7-1b7a-5a6e2a6a8c65,0.17,0.458203125,10240.0,5548.0,472.12,NVIDIA GeForce RTX 3080,[N/A],Enabled,Enabled
1709042561.514644,0,GPU-a71d5fd4-b7db-93b7-1b7a-5a6e2a6a8c65,0.17,0.458203125,10240.0,5548.0,472.12,NVIDIA GeForce RTX 3080,[N/A],Enabled,Enabled
1709042562.512965,0,GPU-a71d5fd4-b7db-93b7-1b7a-5a6e2a6a8c65,0.17,0.458203125,10240.0,5548.0,472.12,NVIDIA GeForce RTX 3080,[N/A],Enabled,Enabled
1709042563.510837,0,GPU-a71d5fd4-b7db-93b7-1b7a-5a6e2a6a8c65,0.17,0.458203125,10240.0,5548.0,472.12,NVIDIA GeForce RTX 3080,[N/A],Enabled,Enabled
1709042564.506359,0,GPU-a71d5fd4-b7db-93b7-1b7a-5a6e2a6a8c65,0.17,0.458203125,10240.0,5548.0,472.12,NVIDIA GeForce RTX 3080,[N/A],Enabled,Enabled
1709042565.505309,0,GPU-a71d5fd4-b7db-93b7-1b7a-5a6e2a6a8c65,0.17,0.458203125,10240.0,5548.0,472.12,NVIDIA GeForce RTX 3080,[N/A],Enabled,Enabled
1709042566.506676,0,GPU-a71d5fd4-b7db-93b7-1b7a-5a6e2a6a8c65,0.16,0.458203125,10240.0,5548.0,472.12,NVIDIA GeForce RTX 3080,[N/A],Enabled,Enabled
1709042567.505551,0,GPU-a71d5fd4-b7db-93b7-1b7a-5a6e2a6a8c65,0.17,0.458203125,10240.0,5548.0,472.12,NVIDIA GeForce RTX 3080,[N/A],Enabled,Enabled
1709042568.517659,0,GPU-a71d5fd4-b7db-93b7-1b7a-5a6e2a6a8c65,0.17,0.458203125,10240.0,5548.0,472.12,NVIDIA GeForce RTX 3080,[N/A],Enabled,Enabled
1709042569.505259,0,GPU-a71d5fd4-b7db-93b7-1b7a-5a6e2a6a8c65,0.17,0.458203125,10240.0,5548.0,472.12,NVIDIA GeForce RTX 3080,[N/A],Enabled,Enabled
1709042570.504599,0,GPU-a71d5fd4-b7db-93b7-1b7a-5a6e2a6a8c65,0.17,0.458203125,10240.0,5548.0,472.12,NVIDIA GeForce RTX 3080,[N/A],Enabled,Enabled
1709042571.50384,0,GPU-a71d5fd4-b7db-93b7-1b7a-5a6e2a6a8c65,0.17,0.458203125,10240.0,5548.0,472.12,NVIDIA GeForce RTX 3080,[N/A],Enabled,Enabled
1709042572.516702,0,GPU-a71d5fd4-b7db-93b7-1b7a-5a6e2a6a8c65,0.17,0.458203125,10240.0,5548.0,472.12,NVIDIA GeForce RTX 3080,[N/A],Enabled,Enabled
1709042573.516056,0,GPU-a71d5fd4-b7db-93b7-1b7a-5a6e2a6a8c65,0.17,0.458203125,10240.0,5548.0,472.12,NVIDIA GeForce RTX 3080,[N/A],Enabled,Enabled
1709042574.510805,0,GPU-a71d5fd4-b7db-93b7-1b7a-5a6e2a6a8c65,0.17,0.458203125,10240.0,5548.0,472.12,NVIDIA GeForce RTX 3080,[N/A],Enabled,Enabled
1709042575.510608,0,GPU-a71d5fd4-b7db-93b7-1b7a-5a6e2a6a8c65,0.17,0.458203125,10240.0,5548.0,472.12,NVIDIA GeForce RTX 3080,[N/A],Enabled,Enabled
1709042576.514877,0,GPU-a71d5fd4-b7db-93b7-1b7a-5a6e2a6a8c65,0.17,0.458203125,10240.0,5548.0,472.12,NVIDIA GeForce RTX 3080,[N/A],Enabled,Enabled
1709042577.513381,0,GPU-a71d5fd4-b7db-93b7-1b7a-5a6e2a6a8c65,0.18,0.458203125,10240.0,5548.0,472.12,NVIDIA GeForce RTX 3080,[N/A],Enabled,Enabled
1709042578.512533,0,GPU-a71d5fd4-b7db-93b7-1b7a-5a6e2a6a8c65,0.18,0.458203125,10240.0,5548.0,472.12,NVIDIA GeForce RTX 3080,[N/A],Enabled,Enabled
1709042579.512755,0,GPU-a71d5fd4-b7db-93b7-1b7a-5a6e2a6a8c65,0.18,0.458203125,10240.0,5548.0,472.12,NVIDIA GeForce RTX 3080,[N/A],Enabled,Enabled
1709042580.516575,0,GPU-a71d5fd4-b7db-93b7-1b7a-5a6e2a6a8c65,0.17,0.458203125,10240.0,5548.0,472.12,NVIDIA GeForce RTX 3080,[N/A],Enabled,Enabled
1709042581.512698,0,GPU-a71d5fd4-b7db-93b7-1b7a-5a6e2a6a8c65,0.17,0.458203125,10240.0,5548.0,472.12,NVIDIA GeForce RTX 3080,[N/A],Enabled,Enabled
1709042582.511484,0,GPU-a71d5fd4-b7db-93b7-1b7a-5a6e2a6a8c65,0.16,0.458203125,10240.0,5548.0,472.12,NVIDIA GeForce RTX 3080,[N/A],Enabled,Enabled
1709042583.511428,0,GPU-a71d5fd4-b7db-93b7-1b7a-5a6e2a6a8c65,0.17,0.458203125,10240.0,5548.0,472.12,NVIDIA GeForce RTX 3080,[N/A],Enabled,Enabled
1709042584.508516,0,GPU-a71d5fd4-b7db-93b7-1b7a-5a6e2a6a8c65,0.18,0.458203125,10240.0,5548.0,472.12,NVIDIA GeForce RTX 3080,[N/A],Enabled,Enabled
1709042585.503541,0,GPU-a71d5fd4-b7db-93b7-1b7a-5a6e2a6a8c65,0.18,0.458203125,10240.0,5548.0,472.12,NVIDIA GeForce RTX 3080,[N/A],Enabled,Enabled
1709042586.515688,0,GPU-a71d5fd4-b7db-93b7-1b7a-5a6e2a6a8c65,0.17,0.458203125,10240.0,5548.0,472.12,NVIDIA GeForce RTX 3080,[N/A],Enabled,Enabled
1709042587.506064,0,GPU-a71d5fd4-b7db-93b7-1b7a-5a6e2a6a8c65,0.17,0.458203125,10240.0,5548.0,472.12,NVIDIA GeForce RTX 3080,[N/A],Enabled,Enabled
1709042588.516916,0,GPU-a71d5fd4-b7db-93b7-1b7a-5a6e2a6a8c65,0.17,0.458203125,10240.0,5548.0,472.12,NVIDIA GeForce RTX 3080,[N/A],Enabled,Enabled
1709042589.516196,0,GPU-a71d5fd4-b7db-93b7-1b7a-5a6e2a6a8c65,0.18,0.458203125,10240.0,5548.0,472.12,NVIDIA GeForce RTX 3080,[N/A],Enabled,Enabled
1709042590.517627,0,GPU-a71d5fd4-b7db-93b7-1b7a-5a6e2a6a8c65,0.18,0.458203125,10240.0,5548.0,472.12,NVIDIA GeForce RTX 3080,[N/A],Enabled,Enabled
1709042591.515328,0,GPU-a71d5fd4-b7db-93b7-1b7a-5a6e2a6a8c65,0.18,0.458203125,10240.0,5548.0,472.12,NVIDIA GeForce RTX 3080,[N/A],Enabled,Enabled
1709042592.516451,0,GPU-a71d5fd4-b7db-93b7-1b7a-5a6e2a6a8c65,0.16,0.458203125,10240.0,5548.0,472.12,NVIDIA GeForce RTX 3080,[N/A],Enabled,Enabled
1709042593.502776,0,GPU-a71d5fd4-b7db-93b7-1b7a-5a6e2a6a8c65,0.18,0.458203125,10240.0,5548.0,472.12,NVIDIA GeForce RTX 3080,[N/A],Enabled,Enabled
1709042594.514507,0,GPU-a71d5fd4-b7db-93b7-1b7a-5a6e2a6a8c65,0.17,0.458203125,10240.0,5548.0,472.12,NVIDIA GeForce RTX 3080,[N/A],Enabled,Enabled
1709042595.512443,0,GPU-a71d5fd4-b7db-93b7-1b7a-5a6e2a6a8c65,0.17,0.458203125,10240.0,5548.0,472.12,NVIDIA GeForce RTX 3080,[N/A],Enabled,Enabled
1709042596.508735,0,GPU-a71d5fd4-b7db-93b7-1b7a-5a6e2a6a8c65,0.18,0.458203125,10240.0,5548.0,472.12,NVIDIA GeForce RTX 3080,[N/A],Enabled,Enabled
1709042597.507393,0,GPU-a71d5fd4-b7db-93b7-1b7a-5a6e2a6a8c65,0.17,0.458203125,10240.0,5548.0,472.12,NVIDIA GeForce RTX 3080,[N/A],Enabled,Enabled
1709042598.506284,0,GPU-a71d5fd4-b7db-93b7-1b7a-5a6e2a6a8c65,0.17,0.458203125,10240.0,5548.0,472.12,NVIDIA GeForce RTX 3080,[N/A],Enabled,Enabled
1709042599.503801,0,GPU-a71d5fd4-b7db-93b7-1b7a-5a6e2a6a8c65,0.17,0.458203125,10240.0,5548.0,472.12,NVIDIA GeForce RTX 3080,[N/A],Enabled,Enabled
1709042600.504541,0,GPU-a71d5fd4-b7db-93b7-1b7a-5a6e2a6a8c65,0.17,0.458203125,10240.0,5548.0,472.12,NVIDIA GeForce RTX 3080,[N/A],Enabled,Enabled
1709042601.502676,0,GPU-a71d5fd4-b7db-93b7-1b7a-5a6e2a6a8c65,0.17,0.458203125,10240.0,5548.0,472.12,NVIDIA GeForce RTX 3080,[N/A],Enabled,Enabled
1709042602.503889,0,GPU-a71d5fd4-b7db-93b7-1b7a-5a6e2a6a8c65,0.17,0.458203125,10240.0,5548.0,472.12,NVIDIA GeForce RTX 3080,[N/A],Enabled,Enabled
1709042603.516356,0,GPU-a71d5fd4-b7db-93b7-1b7a-5a6e2a6a8c65,0.18,0.458203125,10240.0,5548.0,472.12,NVIDIA GeForce RTX 3080,[N/A],Enabled,Enabled
1709042604.502602,0,GPU-a71d5fd4-b7db-93b7-1b7a-5a6e2a6a8c65,0.17,0.458203125,10240.0,5548.0,472.12,NVIDIA GeForce RTX 3080,[N/A],Enabled,Enabled
1709042605.516849,0,GPU-a71d5fd4-b7db-93b7-1b7a-5a6e2a6a8c65,0.17,0.458203125,10240.0,5548.0,472.12,NVIDIA GeForce RTX 3080,[N/A],Enabled,Enabled
1709042606.516906,0,GPU-a71d5fd4-b7db-93b7-1b7a-5a6e2a6a8c65,0.17,0.458203125,10240.0,5548.0,472.12,NVIDIA GeForce RTX 3080,[N/A],Enabled,Enabled
1709042607.501798,0,GPU-a71d5fd4-b7db-93b7-1b7a-5a6e2a6a8c65,0.17,0.458203125,10240.0,5548.0,472.12,NVIDIA GeForce RTX 3080,[N/A],Enabled,Enabled
1709042608.502452,0,GPU-a71d5fd4-b7db-93b7-1b7a-5a6e2a6a8c65,0.16,0.458203125,10240.0,5548.0,472.12,NVIDIA GeForce RTX 3080,[N/A],Enabled,Enabled
1709042609.51562,0,GPU-a71d5fd4-b7db-93b7-1b7a-5a6e2a6a8c65,0.15,0.449609375,10240.0,5636.0,472.12,NVIDIA GeForce RTX 3080,[N/A],Enabled,Enabled
1709042610.515298,0,GPU-a71d5fd4-b7db-93b7-1b7a-5a6e2a6a8c65,0.16,0.44970703125,10240.0,5635.0,472.12,NVIDIA GeForce RTX 3080,[N/A],Enabled,Enabled
1709042611.51349,0,GPU-a71d5fd4-b7db-93b7-1b7a-5a6e2a6a8c65,0.14,0.4458984375,10240.0,5674.0,472.12,NVIDIA GeForce RTX 3080,[N/A],Enabled,Enabled
1709042612.511604,0,GPU-a71d5fd4-b7db-93b7-1b7a-5a6e2a6a8c65,0.16,0.449609375,10240.0,5636.0,472.12,NVIDIA GeForce RTX 3080,[N/A],Enabled,Enabled
1709042613.508661,0,GPU-a71d5fd4-b7db-93b7-1b7a-5a6e2a6a8c65,0.14,0.4458984375,10240.0,5674.0,472.12,NVIDIA GeForce RTX 3080,[N/A],Enabled,Enabled
1709042614.514656,0,GPU-a71d5fd4-b7db-93b7-1b7a-5a6e2a6a8c65,0.14,0.4458984375,10240.0,5674.0,472.12,NVIDIA GeForce RTX 3080,[N/A],Enabled,Enabled
1709042615.512882,0,GPU-a71d5fd4-b7db-93b7-1b7a-5a6e2a6a8c65,0.14,0.4458984375,10240.0,5674.0,472.12,NVIDIA GeForce RTX 3080,[N/A],Enabled,Enabled
1709042616.510618,0,GPU-a71d5fd4-b7db-93b7-1b7a-5a6e2a6a8c65,0.14,0.4458984375,10240.0,5674.0,472.12,NVIDIA GeForce RTX 3080,[N/A],Enabled,Enabled
1709042617.510874,0,GPU-a71d5fd4-b7db-93b7-1b7a-5a6e2a6a8c65,0.14,0.4458984375,10240.0,5674.0,472.12,NVIDIA GeForce RTX 3080,[N/A],Enabled,Enabled
1709042618.508688,0,GPU-a71d5fd4-b7db-93b7-1b7a-5a6e2a6a8c65,0.13,0.4458984375,10240.0,5674.0,472.12,NVIDIA GeForce RTX 3080,[N/A],Enabled,Enabled
1709042619.507814,0,GPU-a71d5fd4-b7db-93b7-1b7a-5a6e2a6a8c65,0.14,0.4458984375,10240.0,5674.0,472.12,NVIDIA GeForce RTX 3080,[N/A],Enabled,Enabled
