10.14 9.15 9.14 9/2974 19936
9.89 9.11 9.12 9/2974 19963
9.89 9.11 9.12 7/2974 19990
9.89 9.11 9.12 5/2974 20017
9.89 9.11 9.12 8/2974 20044
9.89 9.11 9.12 14/2974 20071
9.82 9.11 9.12 5/2974 20100
9.82 9.11 9.12 5/2974 20127
9.82 9.11 9.12 17/2974 20154
9.82 9.11 9.12 7/2975 20182
9.82 9.11 9.12 7/2975 20209
10.39 9.24 9.17 11/2975 20237
10.39 9.24 9.17 15/2975 20264
10.39 9.24 9.17 22/2975 20291
10.39 9.24 9.17 4/2975 20319
10.39 9.24 9.17 6/2976 20347
10.92 9.37 9.21 14/2976 20376
10.92 9.37 9.21 16/2975 20403
10.92 9.37 9.21 10/2975 20431
10.92 9.37 9.21 8/2975 20458
10.92 9.37 9.21 8/2975 20485
10.77 9.36 9.21 11/2975 20512
10.77 9.36 9.21 15/2980 20549
10.77 9.36 9.21 6/2979 20576
10.77 9.36 9.21 11/2979 20603
10.77 9.36 9.21 3/2979 20630
10.38 9.31 9.19 5/2979 20657
10.38 9.31 9.19 8/2977 20685
10.38 9.31 9.19 23/2977 20713
10.38 9.31 9.19 9/2977 20741
10.38 9.31 9.19 19/2977 20768
10.83 9.42 9.23 2/2976 20808
10.83 9.42 9.23 3/2979 20838
10.83 9.42 9.23 6/2979 20865
10.83 9.42 9.23 7/2979 20893
10.83 9.42 9.23 2/2978 20921
11.33 9.54 9.27 6/2978 20948
11.33 9.54 9.27 12/2978 20975
11.33 9.54 9.27 22/2978 21003
11.33 9.54 9.27 6/2978 21030
11.33 9.54 9.27 9/2979 21060
11.54 9.62 9.29 5/2978 21087
11.54 9.62 9.29 2/2978 21115
11.54 9.62 9.29 8/2978 21142
11.54 9.62 9.29 2/2978 21169
11.54 9.62 9.29 19/2978 21196
11.26 9.59 9.29 2/2978 21223
11.26 9.59 9.29 3/2978 21250
11.26 9.59 9.29 1/2978 21279
11.26 9.59 9.29 4/2978 21306
11.26 9.59 9.29 4/2978 21333
11.16 9.60 9.29 6/2976 21361
11.16 9.60 9.29 10/2976 21388
11.16 9.60 9.29 10/2976 21415
11.16 9.60 9.29 8/2976 21442
11.16 9.60 9.29 10/2976 21469
11.55 9.70 9.33 9/2978 21505
11.55 9.70 9.33 6/2979 21533
11.55 9.70 9.33 8/2979 21560
11.55 9.70 9.33 11/2979 21589
11.55 9.70 9.33 6/2979 21616
11.66 9.76 9.35 10/2979 21643
11.66 9.76 9.35 8/2979 21670
11.66 9.76 9.35 5/2979 21698
11.66 9.76 9.35 10/2979 21725
11.66 9.76 9.35 9/2979 21752
11.77 9.81 9.37 10/2978 21779
11.77 9.81 9.37 7/2978 21806
11.77 9.81 9.37 3/2978 21834
11.77 9.81 9.37 2/2978 21862
11.77 9.81 9.37 6/2978 21889
11.55 9.80 9.36 2/2978 21916
11.55 9.80 9.36 6/2978 21943
11.55 9.80 9.36 8/2978 21971
11.55 9.80 9.36 4/2978 21998
11.55 9.80 9.36 6/2978 22025
12.47 10.02 9.44 9/2978 22052
12.47 10.02 9.44 9/2978 22079
12.47 10.02 9.44 6/2978 22107
12.47 10.02 9.44 5/2978 22134
12.47 10.02 9.44 13/2978 22162
12.59 10.08 9.46 9/2978 22189
12.59 10.08 9.46 3/2975 22216
12.59 10.08 9.46 3/2975 22244
12.59 10.08 9.46 7/2974 22271
12.59 10.08 9.46 6/2974 22298
12.38 10.08 9.46 8/2975 22326
12.38 10.08 9.46 9/2973 22353
12.38 10.08 9.46 11/2973 22381
12.38 10.08 9.46 11/2973 22408
12.38 10.08 9.46 8/2973 22435
12.75 10.20 9.51 10/2972 22475
12.75 10.20 9.51 9/2972 22510
12.75 10.20 9.51 4/2972 22546
12.75 10.20 9.51 15/2972 22577
12.75 10.20 9.51 7/2972 22604
12.37 10.16 9.50 3/2972 22631
12.37 10.16 9.50 6/2972 22658
12.37 10.16 9.50 21/2972 22686
12.37 10.16 9.50 4/2972 22713
12.37 10.16 9.50 3/2972 22740
12.26 10.18 9.51 9/2972 22768
12.26 10.18 9.51 8/2972 22796
12.26 10.18 9.51 17/2972 22825
12.26 10.18 9.51 9/2972 22852
12.26 10.18 9.51 10/2972 22879
12.80 10.32 9.56 18/2972 22906
12.80 10.32 9.56 13/2972 22933
12.80 10.32 9.56 3/2972 22961
12.80 10.32 9.56 16/2972 22988
12.80 10.32 9.56 4/2972 23015
12.74 10.35 9.57 8/2977 23049
12.74 10.35 9.57 13/2977 23078
12.74 10.35 9.57 3/2977 23105
12.74 10.35 9.57 10/2977 23135
12.74 10.35 9.57 10/2977 23162
12.76 10.40 9.59 3/2977 23190
12.76 10.40 9.59 2/2977 23218
12.76 10.40 9.59 5/2977 23245
12.76 10.40 9.59 3/2977 23272
12.76 10.40 9.59 13/2977 23299
12.94 10.47 9.62 4/2977 23326
12.94 10.47 9.62 2/2977 23354
12.94 10.47 9.62 9/2977 23382
12.94 10.47 9.62 4/2977 23409
12.94 10.47 9.62 6/2977 23436
12.78 10.48 9.63 5/2977 23463
12.78 10.48 9.63 10/2977 23491
12.78 10.48 9.63 9/2977 23518
12.78 10.48 9.63 10/2977 23551
12.78 10.48 9.63 10/2977 23582
12.40 10.44 9.62 4/2977 23609
12.40 10.44 9.62 8/2977 23637
12.40 10.44 9.62 8/2977 23665
12.40 10.44 9.62 4/2977 23692
12.40 10.44 9.62 9/2977 23719
12.13 10.42 9.61 8/2977 23746
12.13 10.42 9.61 8/2977 23774
12.13 10.42 9.61 4/2977 23801
12.13 10.42 9.61 6/2977 23828
12.13 10.42 9.61 7/2977 23855
11.72 10.36 9.60 1/2977 23882
11.72 10.36 9.60 4/2977 23910
11.72 10.36 9.60 6/2977 23937
11.72 10.36 9.60 7/2977 23965
11.72 10.36 9.60 6/2977 23992
11.50 10.34 9.60 3/2977 24019
11.50 10.34 9.60 13/2977 24047
11.50 10.34 9.60 16/2977 24074
11.50 10.34 9.60 2/2977 24101
11.50 10.34 9.60 8/2977 24128
11.30 10.31 9.59 5/2977 24167
11.30 10.31 9.59 7/2977 24203
11.30 10.31 9.59 9/2977 24242
11.30 10.31 9.59 3/2977 24278
11.30 10.31 9.59 6/2977 24309
11.30 10.31 9.59 5/2977 24336
11.27 10.33 9.60 9/2977 24364
11.27 10.33 9.60 13/2977 24391
11.27 10.33 9.60 7/2977 24418
11.27 10.33 9.60 9/2977 24445
11.27 10.33 9.60 12/2978 24474
11.17 10.32 9.60 2/2978 24502
11.17 10.32 9.60 6/2978 24529
11.17 10.32 9.60 3/2978 24558
11.17 10.32 9.60 1/2978 24586
11.17 10.32 9.60 5/2978 24614
11.16 10.33 9.61 8/2978 24641
11.16 10.33 9.61 4/2978 24668
11.16 10.33 9.61 12/2978 24695
11.16 10.33 9.61 5/2978 24722
11.16 10.33 9.61 4/2975 24750
11.22 10.36 9.62 5/2975 24777
11.22 10.36 9.62 3/2975 24804
11.22 10.36 9.62 4/2975 24831
11.22 10.36 9.62 6/2975 24858
11.22 10.36 9.62 11/2972 24887
11.13 10.35 9.63 12/2972 24914
11.13 10.35 9.63 6/2972 24941
11.13 10.35 9.63 6/2972 24968
11.13 10.35 9.63 9/2972 24995
11.13 10.35 9.63 5/2971 25023
11.28 10.40 9.64 10/2971 25050
11.28 10.40 9.64 1/2971 25077
11.28 10.40 9.64 16/2971 25104
11.28 10.40 9.64 3/2971 25131
11.28 10.40 9.64 8/2971 25160
11.25 10.41 9.65 7/2971 25187
11.25 10.41 9.65 6/2971 25214
11.25 10.41 9.65 4/2971 25241
11.25 10.41 9.65 3/2972 25270
11.25 10.41 9.65 4/2972 25298
11.56 10.48 9.68 5/2972 25325
11.56 10.48 9.68 2/2973 25353
11.56 10.48 9.68 11/2972 25382
11.56 10.48 9.68 16/2972 25409
11.56 10.48 9.68 6/2972 25437
11.75 10.54 9.70 5/2972 25465
11.75 10.54 9.70 7/2972 25492
11.75 10.54 9.70 7/2972 25519
11.75 10.54 9.70 6/2972 25546
11.75 10.54 9.70 4/2972 25574
12.01 10.62 9.73 18/2972 25601
12.01 10.62 9.73 7/2972 25628
12.01 10.62 9.73 5/2972 25655
12.01 10.62 9.73 13/2972 25682
12.01 10.62 9.73 20/2972 25710
12.09 10.66 9.75 13/2972 25738
12.09 10.66 9.75 16/2972 25765
12.09 10.66 9.75 16/2973 25795
12.09 10.66 9.75 13/2978 25828
12.09 10.66 9.75 2/2978 25863
12.16 10.70 9.77 6/2990 25919
12.16 10.70 9.77 18/2998 25966
12.16 10.70 9.77 9/3002 26009
12.16 10.70 9.77 3/3001 26049
12.16 10.70 9.77 11/3001 26076
13.03 10.90 9.84 6/3000 26103
13.03 10.90 9.84 15/3001 26133
13.03 10.90 9.84 16/3001 26160
13.03 10.90 9.84 10/3000 26188
13.03 10.90 9.84 1/3001 26219
12.87 10.90 9.85 5/3001 26247
12.87 10.90 9.85 6/3001 26274
12.87 10.90 9.85 6/3001 26301
12.87 10.90 9.85 3/3000 26329
12.87 10.90 9.85 4/3000 26356
12.88 10.94 9.86 3/3000 26383
12.88 10.94 9.86 6/3000 26410
12.88 10.94 9.86 4/3000 26438
12.88 10.94 9.86 10/3000 26466
12.88 10.94 9.86 8/3003 26498
13.13 11.02 9.90 6/3003 26525
13.13 11.02 9.90 6/3003 26552
13.13 11.02 9.90 6/3003 26579
13.13 11.02 9.90 3/3003 26607
13.13 11.02 9.90 8/3003 26634
12.88 11.00 9.90 2/3003 26661
12.88 11.00 9.90 7/3003 26688
12.88 11.00 9.90 10/3002 26715
