01-19 20:13:35.431 17982 17982 I BatteryMgr:DataCollectionService: onStartCommand: begin
01-19 20:13:35.432 17982 17982 I BatteryMgr:DataCollectionService: onStartCommand: sampleRate => 1000
01-19 20:13:35.432 17982 17982 I BatteryMgr:DataCollectionService: onStartCommand: rawFields => Timestamp,BATTERY_PROPERTY_CURRENT_NOW,EXTRA_VOLTAGE
01-19 20:13:35.432 17982 17982 I BatteryMgr:DataCollectionService: onStartCommand: notification done
01-19 20:13:35.434 17982 17982 I BatteryMgr:DataCollectionService: started foreground
01-19 20:13:35.435 17982 18011 I BatteryMgr:DataCollectionService: collectData: begin
01-19 20:13:35.437 17982 18011 I BatteryMgr:DataCollectionService: stats => 1705691615437,-2208306,3732
01-19 20:13:36.438 17982 18011 I BatteryMgr:DataCollectionService: stats => 1705691616438,-2611514,3732
01-19 20:13:37.440 17982 18011 I BatteryMgr:DataCollectionService: stats => 1705691617440,-2528749,3732
01-19 20:13:38.442 17982 18011 I BatteryMgr:DataCollectionService: stats => 1705691618442,-1753827,3693
01-19 20:13:39.444 17982 18011 I BatteryMgr:DataCollectionService: stats => 1705691619444,-1666667,3693
01-19 20:13:40.448 17982 18011 I BatteryMgr:DataCollectionService: stats => 1705691620448,-1329012,3693
01-19 20:13:42.454 17982 18011 I BatteryMgr:DataCollectionService: stats => 1705691622454,-1761151,3715
01-19 20:13:43.456 17982 18008 I BatteryMgr:DataCollectionService: stats => 1705691623455,-1289460,3715
01-19 20:13:44.457 17982 18008 I BatteryMgr:DataCollectionService: stats => 1705691624457,-1016260,3715
01-19 20:13:45.460 17982 18008 I BatteryMgr:DataCollectionService: stats => 1705691625460,-1191679,3715
01-19 20:13:46.463 17982 18008 I BatteryMgr:DataCollectionService: stats => 1705691626463,-1013330,3715
01-19 20:13:47.465 17982 18008 I BatteryMgr:DataCollectionService: stats => 1705691627465,-1096096,3715
01-19 20:13:48.467 17982 18008 I BatteryMgr:DataCollectionService: stats => 1705691628467,-1290559,3764
01-19 20:13:49.469 17982 18008 I BatteryMgr:DataCollectionService: stats => 1705691629469,-1136746,3764
01-19 20:13:50.471 17982 18008 I BatteryMgr:DataCollectionService: stats => 1705691630471,-1064601,3764
01-19 20:13:51.473 17982 18008 I BatteryMgr:DataCollectionService: stats => 1705691631473,-1318392,3764
01-19 20:13:52.476 17982 18008 I BatteryMgr:DataCollectionService: stats => 1705691632476,-1185454,3764
01-19 20:13:53.478 17982 18008 I BatteryMgr:DataCollectionService: stats => 1705691633478,-1215484,3764
01-19 20:13:54.480 17982 18008 I BatteryMgr:DataCollectionService: stats => 1705691634480,-1213653,3764
01-19 20:13:55.483 17982 18008 I BatteryMgr:DataCollectionService: stats => 1705691635482,-1365268,3764
01-19 20:13:56.486 17982 18008 I BatteryMgr:DataCollectionService: stats => 1705691636486,-1304475,3764
01-19 20:13:57.488 17982 18008 I BatteryMgr:DataCollectionService: stats => 1705691637488,-1408848,3764
01-19 20:13:58.490 17982 18008 I BatteryMgr:DataCollectionService: stats => 1705691638490,-1267121,3753
01-19 20:13:59.493 17982 18008 I BatteryMgr:DataCollectionService: stats => 1705691639493,-1349154,3753
01-19 20:14:00.496 17982 18008 I BatteryMgr:DataCollectionService: stats => 1705691640496,-1168241,3753
01-19 20:14:01.497 17982 18008 I BatteryMgr:DataCollectionService: stats => 1705691641497,-1314363,3753
01-19 20:14:02.500 17982 18008 I BatteryMgr:DataCollectionService: stats => 1705691642500,-1494910,3753
01-19 20:14:03.502 17982 18008 I BatteryMgr:DataCollectionService: stats => 1705691643502,-1394199,3753
01-19 20:14:04.504 17982 18008 I BatteryMgr:DataCollectionService: stats => 1705691644504,-1151395,3753
01-19 20:14:05.506 17982 18008 I BatteryMgr:DataCollectionService: stats => 1705691645506,-1293122,3753
01-19 20:14:06.508 17982 18008 I BatteryMgr:DataCollectionService: stats => 1705691646508,-1108181,3753
01-19 20:14:07.510 17982 18008 I BatteryMgr:DataCollectionService: stats => 1705691647510,-1329378,3753
01-19 20:14:08.513 17982 18008 I BatteryMgr:DataCollectionService: stats => 1705691648512,-1333407,3754
01-19 20:14:09.515 17982 18008 I BatteryMgr:DataCollectionService: stats => 1705691649515,-1274445,3754
01-19 20:14:10.516 17982 18008 I BatteryMgr:DataCollectionService: stats => 1705691650516,-1163114,3754
01-19 20:14:11.518 17982 18008 I BatteryMgr:DataCollectionService: stats => 1705691651518,-1234527,3754
01-19 20:14:12.526 17982 18008 I BatteryMgr:DataCollectionService: stats => 1705691652526,-1272980,3754
01-19 20:14:13.528 17982 18008 I BatteryMgr:DataCollectionService: stats => 1705691653528,-1353915,3754
01-19 20:14:14.529 17982 18008 I BatteryMgr:DataCollectionService: stats => 1705691654529,-1351718,3754
01-19 20:14:15.532 17982 18008 I BatteryMgr:DataCollectionService: stats => 1705691655532,-1083278,3745
01-19 20:14:16.540 17982 18008 I BatteryMgr:DataCollectionService: stats => 1705691656539,-1292024,3745
01-19 20:14:17.542 17982 18008 I BatteryMgr:DataCollectionService: stats => 1705691657542,-1181425,3745
01-19 20:14:18.544 17982 18008 I BatteryMgr:DataCollectionService: stats => 1705691658544,-1323152,3752
01-19 20:14:19.547 17982 18008 I BatteryMgr:DataCollectionService: stats => 1705691659547,-1265290,3752
01-19 20:14:20.549 17982 18008 I BatteryMgr:DataCollectionService: stats => 1705691660549,-1260163,3752
01-19 20:14:21.551 17982 18008 I BatteryMgr:DataCollectionService: stats => 1705691661551,-1244781,3752
01-19 20:14:22.553 17982 18008 I BatteryMgr:DataCollectionService: stats => 1705691662553,-1276642,3752
01-19 20:14:23.555 17982 18008 I BatteryMgr:DataCollectionService: stats => 1705691663555,-1561928,3752
01-19 20:14:24.557 17982 18008 I BatteryMgr:DataCollectionService: stats => 1705691664557,-1479895,3752
01-19 20:14:25.560 17982 18008 I BatteryMgr:DataCollectionService: stats => 1705691665560,-1226104,3752
01-19 20:14:26.562 17982 18008 I BatteryMgr:DataCollectionService: stats => 1705691666562,-1187651,3752
01-19 20:14:27.564 17982 18008 I BatteryMgr:DataCollectionService: stats => 1705691667564,-977074,3752
01-19 20:14:28.566 17982 18008 I BatteryMgr:DataCollectionService: stats => 1705691668566,-1336336,3762
01-19 20:14:29.568 17982 18008 I BatteryMgr:DataCollectionService: stats => 1705691669568,-1303743,3762
01-19 20:14:30.570 17982 18008 I BatteryMgr:DataCollectionService: stats => 1705691670570,-1176664,3762
01-19 20:14:31.573 17982 18008 I BatteryMgr:DataCollectionService: stats => 1705691671573,-1296785,3762
01-19 20:14:32.575 17982 18008 I BatteryMgr:DataCollectionService: stats => 1705691672575,-1156156,3762
01-19 20:14:33.583 17982 18008 I BatteryMgr:DataCollectionService: stats => 1705691673583,-1096096,3762
01-19 20:14:34.585 17982 18008 I BatteryMgr:DataCollectionService: stats => 1705691674585,-1339998,3762
01-19 20:14:35.587 17982 18008 I BatteryMgr:DataCollectionService: stats => 1705691675587,-1318758,3762
01-19 20:14:36.589 17982 18008 I BatteryMgr:DataCollectionService: stats => 1705691676589,-1000146,3762
01-19 20:14:37.592 17982 18008 I BatteryMgr:DataCollectionService: stats => 1705691677592,-1171171,3762
01-19 20:14:38.594 17982 18008 I BatteryMgr:DataCollectionService: stats => 1705691678594,-1045924,3756
01-19 20:14:39.596 17982 18008 I BatteryMgr:DataCollectionService: stats => 1705691679596,-1002710,3756
01-19 20:14:40.598 17982 18008 I BatteryMgr:DataCollectionService: stats => 1705691680598,-1155790,3756
01-19 20:14:41.601 17982 18008 I BatteryMgr:DataCollectionService: stats => 1705691681601,-1294953,3756
01-19 20:14:42.603 17982 18008 I BatteryMgr:DataCollectionService: stats => 1705691682603,-994653,3756
01-19 20:14:43.605 17982 18008 I BatteryMgr:DataCollectionService: stats => 1705691683605,-1109646,3756
01-19 20:14:44.607 17982 18008 I BatteryMgr:DataCollectionService: stats => 1705691684607,-1366733,3756
01-19 20:14:45.609 17982 18008 I BatteryMgr:DataCollectionService: stats => 1705691685609,-1611368,3756
01-19 20:14:46.614 17982 18008 I BatteryMgr:DataCollectionService: stats => 1705691686614,-1005640,3756
01-19 20:14:47.616 17982 18008 I BatteryMgr:DataCollectionService: stats => 1705691687616,-1376987,3756
01-19 20:14:48.621 17982 18008 I BatteryMgr:DataCollectionService: stats => 1705691688621,-1100857,3757
01-19 20:14:49.624 17982 18008 I BatteryMgr:DataCollectionService: stats => 1705691689624,-1153593,3757
01-19 20:14:50.626 17982 18008 I BatteryMgr:DataCollectionService: stats => 1705691690626,-974145,3757
01-19 20:14:51.629 17982 18008 I BatteryMgr:DataCollectionService: stats => 1705691691629,-1181059,3757
01-19 20:14:52.631 17982 18008 I BatteryMgr:DataCollectionService: stats => 1705691692631,-1187285,3757
01-19 20:14:53.634 17982 18008 I BatteryMgr:DataCollectionService: stats => 1705691693634,-1260895,3752
01-19 20:14:54.636 17982 18008 I BatteryMgr:DataCollectionService: stats => 1705691694636,-1143705,3752
01-19 20:14:55.642 17982 18008 I BatteryMgr:DataCollectionService: stats => 1705691695642,-993921,3752
01-19 20:14:56.645 17982 18008 I BatteryMgr:DataCollectionService: stats => 1705691696645,-1195342,3752
01-19 20:14:57.646 17982 18008 I BatteryMgr:DataCollectionService: stats => 1705691697646,-931663,3752
01-19 20:14:58.649 17982 18008 I BatteryMgr:DataCollectionService: stats => 1705691698649,-1066066,3760
01-19 20:14:59.651 17982 18008 I BatteryMgr:DataCollectionService: stats => 1705691699651,-1260163,3760
01-19 20:15:00.653 17982 18008 I BatteryMgr:DataCollectionService: stats => 1705691700653,-1056910,3760
01-19 20:15:01.656 17982 18008 I BatteryMgr:DataCollectionService: stats => 1705691701656,-1272614,3760
01-19 20:15:02.659 17982 18008 I BatteryMgr:DataCollectionService: stats => 1705691702659,-964623,3760
01-19 20:15:03.662 17982 18008 I BatteryMgr:DataCollectionService: stats => 1705691703662,-969750,3760
01-19 20:15:04.664 17982 18008 I BatteryMgr:DataCollectionService: stats => 1705691704664,-1260895,3760
01-19 20:15:05.666 17982 18008 I BatteryMgr:DataCollectionService: stats => 1705691705666,-1260163,3760
01-19 20:15:06.670 17982 18008 I BatteryMgr:DataCollectionService: stats => 1705691706670,-1385410,3760
01-19 20:15:07.673 17982 18008 I BatteryMgr:DataCollectionService: stats => 1705691707673,-1036036,3760
01-19 20:15:08.675 17982 18008 I BatteryMgr:DataCollectionService: stats => 1705691708675,-1254303,3757
01-19 20:15:09.677 17982 18008 I BatteryMgr:DataCollectionService: stats => 1705691709677,-977441,3757
01-19 20:15:10.679 17982 18008 I BatteryMgr:DataCollectionService: stats => 1705691710679,-1213286,3757
01-19 20:15:11.681 17982 18008 I BatteryMgr:DataCollectionService: stats => 1705691711681,-1157621,3757
01-19 20:15:12.684 17982 18008 I BatteryMgr:DataCollectionService: stats => 1705691712684,-1068996,3757
01-19 20:15:13.687 17982 18008 I BatteryMgr:DataCollectionService: stats => 1705691713687,-1042262,3757
01-19 20:15:14.689 17982 18008 I BatteryMgr:DataCollectionService: stats => 1705691714689,-1330843,3757
01-19 20:15:15.691 17982 18008 I BatteryMgr:DataCollectionService: stats => 1705691715691,-864645,3757
01-19 20:15:16.693 17982 18008 I BatteryMgr:DataCollectionService: stats => 1705691716693,-1356112,3757
01-19 20:15:17.695 17982 18008 I BatteryMgr:DataCollectionService: stats => 1705691717695,-1042628,3757
01-19 20:15:18.699 17982 18008 I BatteryMgr:DataCollectionService: stats => 1705691718699,-1130887,3762
01-19 20:15:19.701 17982 18008 I BatteryMgr:DataCollectionService: stats => 1705691719701,-1016992,3762
01-19 20:15:20.705 17982 18008 I BatteryMgr:DataCollectionService: stats => 1705691720705,-1292024,3762
01-19 20:15:21.707 17982 18008 I BatteryMgr:DataCollectionService: stats => 1705691721707,-1095364,3762
01-19 20:15:22.709 17982 18008 I BatteryMgr:DataCollectionService: stats => 1705691722709,-1370395,3762
01-19 20:15:23.712 17982 18008 I BatteryMgr:DataCollectionService: stats => 1705691723712,-1259796,3762
01-19 20:15:24.714 17982 18008 I BatteryMgr:DataCollectionService: stats => 1705691724714,-1105618,3762
01-19 20:15:25.716 17982 18008 I BatteryMgr:DataCollectionService: stats => 1705691725716,-1167875,3762
01-19 20:15:26.718 17982 18008 I BatteryMgr:DataCollectionService: stats => 1705691726718,-1170805,3762
01-19 20:15:27.723 17982 18008 I BatteryMgr:DataCollectionService: stats => 1705691727723,-1525306,3762
01-19 20:15:28.725 17982 18008 I BatteryMgr:DataCollectionService: stats => 1705691728725,-1741376,3731
01-19 20:15:29.727 17982 18008 I BatteryMgr:DataCollectionService: stats => 1705691729727,-1247345,3731
01-19 20:15:30.730 17982 18008 I BatteryMgr:DataCollectionService: stats => 1705691730730,-1097195,3731
01-19 20:15:31.733 17982 18008 I BatteryMgr:DataCollectionService: stats => 1705691731732,-1185087,3731
01-19 20:15:32.735 17982 18008 I BatteryMgr:DataCollectionService: stats => 1705691732735,-1134915,3731
01-19 20:15:33.737 17982 18008 I BatteryMgr:DataCollectionService: stats => 1705691733737,-1249542,3731
01-19 20:15:34.741 17982 18008 I BatteryMgr:DataCollectionService: stats => 1705691734741,-1041895,3731
01-19 20:15:35.744 17982 18008 I BatteryMgr:DataCollectionService: stats => 1705691735744,-1512488,3731
01-19 20:15:36.746 17982 18008 I BatteryMgr:DataCollectionService: stats => 1705691736746,-1114407,3731
01-19 20:15:37.748 17982 18008 I BatteryMgr:DataCollectionService: stats => 1705691737748,-1435582,3731
01-19 20:15:38.750 17982 18008 I BatteryMgr:DataCollectionService: stats => 1705691738750,-1266022,3737
01-19 20:15:39.752 17982 18008 I BatteryMgr:DataCollectionService: stats => 1705691739752,-1355014,3737
01-19 20:15:40.754 17982 18008 I BatteryMgr:DataCollectionService: stats => 1705691740754,-1279572,3737
01-19 20:15:41.761 17982 18008 I BatteryMgr:DataCollectionService: stats => 1705691741761,-1199004,3737
01-19 20:15:42.763 17982 18008 I BatteryMgr:DataCollectionService: stats => 1705691742763,-1283234,3737
01-19 20:15:43.765 17982 18008 I BatteryMgr:DataCollectionService: stats => 1705691743765,-1384311,3737
01-19 20:15:44.767 17982 18008 I BatteryMgr:DataCollectionService: stats => 1705691744767,-1223907,3737
01-19 20:15:45.769 17982 18008 I BatteryMgr:DataCollectionService: stats => 1705691745769,-1420933,3737
01-19 20:15:46.772 17982 18008 I BatteryMgr:DataCollectionService: stats => 1705691746772,-1249542,3737
01-19 20:15:47.774 17982 18008 I BatteryMgr:DataCollectionService: stats => 1705691747774,-1222076,3737
01-19 20:15:48.776 17982 18008 I BatteryMgr:DataCollectionService: stats => 1705691748776,-1263825,3748
01-19 20:15:49.779 17982 18008 I BatteryMgr:DataCollectionService: stats => 1705691749779,-1842086,3748
01-19 20:15:50.788 17982 18008 I BatteryMgr:DataCollectionService: stats => 1705691750787,-1214751,3748
01-19 20:15:51.790 17982 18008 I BatteryMgr:DataCollectionService: stats => 1705691751790,-1355014,3748
01-19 20:15:52.793 17982 18008 I BatteryMgr:DataCollectionService: stats => 1705691752793,-1238556,3748
01-19 20:15:53.795 17982 18008 I BatteryMgr:DataCollectionService: stats => 1705691753795,-1195708,3748
01-19 20:15:54.798 17982 18008 I BatteryMgr:DataCollectionService: stats => 1705691754798,-1338900,3748
01-19 20:15:55.800 17982 18008 I BatteryMgr:DataCollectionService: stats => 1705691755800,-1341463,3748
01-19 20:15:56.802 17982 18008 I BatteryMgr:DataCollectionService: stats => 1705691756802,-1272248,3748
01-19 20:15:57.804 17982 18008 I BatteryMgr:DataCollectionService: stats => 1705691757804,-1047755,3748
01-19 20:15:58.807 17982 18008 I BatteryMgr:DataCollectionService: stats => 1705691758807,-1408848,3762
01-19 20:15:59.809 17982 18008 I BatteryMgr:DataCollectionService: stats => 1705691759809,-1086940,3762
01-19 20:16:00.812 17982 18008 I BatteryMgr:DataCollectionService: stats => 1705691760812,-1320589,3762
01-19 20:16:01.813 17982 18008 I BatteryMgr:DataCollectionService: stats => 1705691761813,-1030543,3762
01-19 20:16:02.816 17982 18008 I BatteryMgr:DataCollectionService: stats => 1705691762816,-1244781,3762
01-19 20:16:03.818 17982 18008 I BatteryMgr:DataCollectionService: stats => 1705691763818,-1134549,3762
01-19 20:16:04.822 17982 18008 I BatteryMgr:DataCollectionService: stats => 1705691764822,-1260529,3762
01-19 20:16:05.824 17982 18008 I BatteryMgr:DataCollectionService: stats => 1705691765824,-1209624,3762
01-19 20:16:06.828 17982 18008 I BatteryMgr:DataCollectionService: stats => 1705691766828,-1147001,3762
01-19 20:16:07.830 17982 18008 I BatteryMgr:DataCollectionService: stats => 1705691767830,-1147001,3762
01-19 20:16:08.832 17982 18008 I BatteryMgr:DataCollectionService: stats => 1705691768832,-1271882,3754
01-19 20:16:09.834 17982 18008 I BatteryMgr:DataCollectionService: stats => 1705691769834,-985131,3754
01-19 20:16:10.836 17982 18008 I BatteryMgr:DataCollectionService: stats => 1705691770836,-1769208,3754
01-19 20:16:11.839 17982 18008 I BatteryMgr:DataCollectionService: stats => 1705691771839,-1238922,3754
01-19 20:16:12.841 17982 18008 I BatteryMgr:DataCollectionService: stats => 1705691772841,-1285065,3754
01-19 20:16:13.843 17982 18008 I BatteryMgr:DataCollectionService: stats => 1705691773843,-1243683,3754
01-19 20:16:14.845 17982 18008 I BatteryMgr:DataCollectionService: stats => 1705691774845,-1138577,3739
01-19 20:16:15.849 17982 18008 I BatteryMgr:DataCollectionService: stats => 1705691775849,-1142606,3739
01-19 20:16:16.851 17982 18008 I BatteryMgr:DataCollectionService: stats => 1705691776851,-1110379,3739
01-19 20:16:17.853 17982 18008 I BatteryMgr:DataCollectionService: stats => 1705691777853,-1093899,3739
01-19 20:16:18.855 17982 18008 I BatteryMgr:DataCollectionService: stats => 1705691778855,-1107815,3757
01-19 20:16:19.858 17982 18008 I BatteryMgr:DataCollectionService: stats => 1705691779858,-1315096,3757
01-19 20:16:20.861 17982 18008 I BatteryMgr:DataCollectionService: stats => 1705691780861,-1173002,3757
01-19 20:16:21.863 17982 18008 I BatteryMgr:DataCollectionService: stats => 1705691781863,-1185454,3757
01-19 20:16:22.867 17982 18008 I BatteryMgr:DataCollectionService: stats => 1705691782867,-1240020,3757
01-19 20:16:23.868 17982 18008 I BatteryMgr:DataCollectionService: stats => 1705691783868,-1212554,3757
01-19 20:16:24.870 17982 18008 I BatteryMgr:DataCollectionService: stats => 1705691784870,-1153959,3757
01-19 20:16:25.872 17982 18008 I BatteryMgr:DataCollectionService: stats => 1705691785872,-1323519,3757
01-19 20:16:26.874 17982 18008 I BatteryMgr:DataCollectionService: stats => 1705691786874,-1156522,3757
01-19 20:16:27.878 17982 18008 I BatteryMgr:DataCollectionService: stats => 1705691787878,-1092068,3757
01-19 20:16:28.880 17982 18008 I BatteryMgr:DataCollectionService: stats => 1705691788880,-1168241,3757
01-19 20:16:29.883 17982 18008 I BatteryMgr:DataCollectionService: stats => 1705691789882,-1296418,3757
01-19 20:16:30.885 17982 18008 I BatteryMgr:DataCollectionService: stats => 1705691790885,-1099758,3757
01-19 20:16:31.889 17982 18008 I BatteryMgr:DataCollectionService: stats => 1705691791889,-1476232,3757
01-19 20:16:32.891 17982 18008 I BatteryMgr:DataCollectionService: stats => 1705691792891,-1402622,3757
01-19 20:16:33.894 17982 18008 I BatteryMgr:DataCollectionService: stats => 1705691793894,-1313631,3757
01-19 20:16:34.896 17982 18008 I BatteryMgr:DataCollectionService: stats => 1705691794896,-1253571,3757
01-19 20:16:35.898 17982 18008 I BatteryMgr:DataCollectionService: stats => 1705691795898,-1291657,3757
01-19 20:16:36.902 17982 18008 I BatteryMgr:DataCollectionService: stats => 1705691796902,-1067531,3757
01-19 20:16:37.905 17982 18008 I BatteryMgr:DataCollectionService: stats => 1705691797905,-1352084,3741
01-19 20:16:38.909 17982 18008 I BatteryMgr:DataCollectionService: stats => 1705691798909,-1190215,3741
01-19 20:16:39.911 17982 18008 I BatteryMgr:DataCollectionService: stats => 1705691799911,-1048121,3741
01-19 20:16:40.913 17982 18008 I BatteryMgr:DataCollectionService: stats => 1705691800913,-1147733,3741
01-19 20:16:41.915 17982 18008 I BatteryMgr:DataCollectionService: stats => 1705691801915,-1296052,3741
01-19 20:16:42.917 17982 18008 I BatteryMgr:DataCollectionService: stats => 1705691802917,-1259430,3741
01-19 20:16:43.920 17982 18008 I BatteryMgr:DataCollectionService: stats => 1705691803920,-1134915,3741
01-19 20:16:44.923 17982 18008 I BatteryMgr:DataCollectionService: stats => 1705691804922,-1127225,3741
01-19 20:16:45.924 17982 18008 I BatteryMgr:DataCollectionService: stats => 1705691805924,-1273713,3741
01-19 20:16:46.926 17982 18008 I BatteryMgr:DataCollectionService: stats => 1705691806926,-1233795,3741
01-19 20:16:47.930 17982 18008 I BatteryMgr:DataCollectionService: stats => 1705691807930,-1020288,3753
01-19 20:16:48.932 17982 18008 I BatteryMgr:DataCollectionService: stats => 1705691808932,-1277375,3753
01-19 20:16:49.936 17982 18008 I BatteryMgr:DataCollectionService: stats => 1705691809936,-1144803,3753
01-19 20:16:50.938 17982 18008 I BatteryMgr:DataCollectionService: stats => 1705691810938,-1078884,3753
01-19 20:16:51.941 17982 18008 I BatteryMgr:DataCollectionService: stats => 1705691811941,-1205962,3753
01-19 20:16:52.945 17982 18008 I BatteryMgr:DataCollectionService: stats => 1705691812945,-1370761,3753
01-19 20:16:53.948 17982 18008 I BatteryMgr:DataCollectionService: stats => 1705691813948,-1632974,3753
01-19 20:16:54.950 17982 18008 I BatteryMgr:DataCollectionService: stats => 1705691814950,-1292756,3753
01-19 20:16:55.952 17982 18008 I BatteryMgr:DataCollectionService: stats => 1705691815952,-1171904,3753
01-19 20:16:56.954 17982 18008 I BatteryMgr:DataCollectionService: stats => 1705691816954,-1305574,3753
01-19 20:16:57.958 17982 18008 I BatteryMgr:DataCollectionService: stats => 1705691817958,-1183623,3750
01-19 20:16:58.960 17982 18008 I BatteryMgr:DataCollectionService: stats => 1705691818960,-1465612,3750
01-19 20:16:59.962 17982 18008 I BatteryMgr:DataCollectionService: stats => 1705691819962,-1292390,3750
01-19 20:17:00.964 17982 18008 I BatteryMgr:DataCollectionService: stats => 1705691820964,-1238922,3750
01-19 20:17:01.966 17982 18008 I BatteryMgr:DataCollectionService: stats => 1705691821966,-1364169,3750
01-19 20:17:02.969 17982 18008 I BatteryMgr:DataCollectionService: stats => 1705691822968,-1536659,3750
01-19 20:17:03.972 17982 18008 I BatteryMgr:DataCollectionService: stats => 1705691823972,-1304475,3750
01-19 20:17:04.975 17982 18008 I BatteryMgr:DataCollectionService: stats => 1705691824975,-1419102,3750
01-19 20:17:05.979 17982 18008 I BatteryMgr:DataCollectionService: stats => 1705691825979,-1284333,3750
01-19 20:17:06.985 17982 18008 I BatteryMgr:DataCollectionService: stats => 1705691826985,-1291657,3750
01-19 20:17:07.989 17982 18008 I BatteryMgr:DataCollectionService: stats => 1705691827989,-1390537,3737
01-19 20:17:08.991 17982 18008 I BatteryMgr:DataCollectionService: stats => 1705691828991,-1475134,3737
01-19 20:17:09.992 17982 18008 I BatteryMgr:DataCollectionService: stats => 1705691829992,-1290559,3737
01-19 20:17:10.994 17982 18008 I BatteryMgr:DataCollectionService: stats => 1705691830994,-1370029,3737
01-19 20:17:11.996 17982 18008 I BatteryMgr:DataCollectionService: stats => 1705691831996,-1510657,3737
01-19 20:17:13.000 17982 18008 I BatteryMgr:DataCollectionService: stats => 1705691833000,-1548378,3737
01-19 20:17:14.003 17982 18008 I BatteryMgr:DataCollectionService: stats => 1705691834003,-1385044,3739
01-19 20:17:15.004 17982 18008 I BatteryMgr:DataCollectionService: stats => 1705691835004,-1787519,3739
01-19 20:17:16.011 17982 18008 I BatteryMgr:DataCollectionService: stats => 1705691836011,-1806563,3739
01-19 20:17:17.014 17982 18008 I BatteryMgr:DataCollectionService: stats => 1705691837013,-1374057,3739
01-19 20:17:18.019 17982 18008 I BatteryMgr:DataCollectionService: stats => 1705691838019,-1481359,3728
01-19 20:17:19.021 17982 18008 I BatteryMgr:DataCollectionService: stats => 1705691839021,-1305940,3728
01-19 20:17:20.024 17982 18008 I BatteryMgr:DataCollectionService: stats => 1705691840024,-1536292,3728
01-19 20:17:21.027 17982 18008 I BatteryMgr:DataCollectionService: stats => 1705691841027,-1186552,3728
01-19 20:17:22.030 17982 18008 I BatteryMgr:DataCollectionService: stats => 1705691842030,-1256867,3728
01-19 20:17:23.031 17982 18008 I BatteryMgr:DataCollectionService: stats => 1705691843031,-1218780,3728
01-19 20:17:24.033 17982 18008 I BatteryMgr:DataCollectionService: stats => 1705691844033,-1512122,3728
01-19 20:17:25.036 17982 18008 I BatteryMgr:DataCollectionService: stats => 1705691845036,-1225005,3728
01-19 20:17:26.038 17982 18008 I BatteryMgr:DataCollectionService: stats => 1705691846038,-1270783,3728
01-19 20:17:27.041 17982 18008 I BatteryMgr:DataCollectionService: stats => 1705691847041,-1477697,3728
01-19 20:17:28.043 17982 18008 I BatteryMgr:DataCollectionService: stats => 1705691848043,-1335970,3739
01-19 20:17:29.045 17982 18008 I BatteryMgr:DataCollectionService: stats => 1705691849045,-1385410,3739
01-19 20:17:30.047 17982 18008 I BatteryMgr:DataCollectionService: stats => 1705691850047,-1548378,3739
01-19 20:17:31.048 17982 18008 I BatteryMgr:DataCollectionService: stats => 1705691851048,-1111843,3739
01-19 20:17:32.051 17982 18008 I BatteryMgr:DataCollectionService: stats => 1705691852051,-1363803,3739
01-19 20:17:33.053 17982 18008 I BatteryMgr:DataCollectionService: stats => 1705691853053,-1386875,3739
01-19 20:17:34.055 17982 18008 I BatteryMgr:DataCollectionService: stats => 1705691854055,-1316927,3739
01-19 20:17:35.058 17982 18008 I BatteryMgr:DataCollectionService: stats => 1705691855058,-1469640,3739
01-19 20:17:36.059 17982 18008 I BatteryMgr:DataCollectionService: stats => 1705691856059,-1515418,3739
01-19 20:17:37.061 17982 18008 I BatteryMgr:DataCollectionService: stats => 1705691857061,-1557167,3739
01-19 20:17:38.064 17982 18008 I BatteryMgr:DataCollectionService: stats => 1705691858064,-1410679,3734
01-19 20:17:39.066 17982 18008 I BatteryMgr:DataCollectionService: stats => 1705691859066,-1554237,3734
01-19 20:17:40.069 17982 18008 I BatteryMgr:DataCollectionService: stats => 1705691860069,-1281403,3734
01-19 20:17:41.073 17982 18008 I BatteryMgr:DataCollectionService: stats => 1705691861072,-1365268,3734
01-19 20:17:42.074 17982 18008 I BatteryMgr:DataCollectionService: stats => 1705691862074,-1402988,3734
01-19 20:17:43.077 17982 18008 I BatteryMgr:DataCollectionService: stats => 1705691863077,-1432286,3734
01-19 20:17:44.081 17982 18008 I BatteryMgr:DataCollectionService: stats => 1705691864081,-1354281,3734
01-19 20:17:45.084 17982 18008 I BatteryMgr:DataCollectionService: stats => 1705691865084,-1697429,3734
01-19 20:17:46.086 17982 18008 I BatteryMgr:DataCollectionService: stats => 1705691866085,-1166776,3734
01-19 20:17:47.088 17982 18008 I BatteryMgr:DataCollectionService: stats => 1705691867088,-1383579,3734
01-19 20:17:48.091 17982 18008 I BatteryMgr:DataCollectionService: stats => 1705691868091,-1393100,3739
01-19 20:17:49.094 17982 18008 I BatteryMgr:DataCollectionService: stats => 1705691869094,-1344393,3739
01-19 20:17:50.098 17982 18008 I BatteryMgr:DataCollectionService: stats => 1705691870098,-1486853,3739
01-19 20:17:51.100 17982 18008 I BatteryMgr:DataCollectionService: stats => 1705691871100,-1549843,3739
01-19 20:17:52.101 17982 18008 I BatteryMgr:DataCollectionService: stats => 1705691872101,-1041163,3739
01-19 20:17:53.104 17982 18008 I BatteryMgr:DataCollectionService: stats => 1705691873104,-1374423,3739
01-19 20:17:54.107 17982 18008 I BatteryMgr:DataCollectionService: stats => 1705691874107,-1386875,3739
01-19 20:17:55.110 17982 18008 I BatteryMgr:DataCollectionService: stats => 1705691875110,-1400425,3739
01-19 20:17:56.112 17982 18008 I BatteryMgr:DataCollectionService: stats => 1705691876112,-1425328,3739
01-19 20:17:57.113 17982 18008 I BatteryMgr:DataCollectionService: stats => 1705691877113,-1543983,3739
01-19 20:17:58.116 17982 18008 I BatteryMgr:DataCollectionService: stats => 1705691878116,-1797041,3704
01-19 20:17:59.118 17982 18008 I BatteryMgr:DataCollectionService: stats => 1705691879118,-1337069,3704
01-19 20:18:00.121 17982 18008 I BatteryMgr:DataCollectionService: stats => 1705691880121,-1575844,3704
01-19 20:18:01.123 17982 18008 I BatteryMgr:DataCollectionService: stats => 1705691881123,-1470007,3704
01-19 20:18:02.125 17982 18008 I BatteryMgr:DataCollectionService: stats => 1705691882125,-1490881,3704
01-19 20:18:03.127 17982 18008 I BatteryMgr:DataCollectionService: stats => 1705691883127,-1552406,3704
01-19 20:18:04.129 17982 18008 I BatteryMgr:DataCollectionService: stats => 1705691884129,-1285065,3704
01-19 20:18:05.132 17982 18008 I BatteryMgr:DataCollectionService: stats => 1705691885132,-1214019,3704
01-19 20:18:06.135 17982 18008 I BatteryMgr:DataCollectionService: stats => 1705691886135,-1483191,3704
01-19 20:18:07.137 17982 18008 I BatteryMgr:DataCollectionService: stats => 1705691887137,-995019,3704
01-19 20:18:08.139 17982 18008 I BatteryMgr:DataCollectionService: stats => 1705691888139,-1214019,3743
01-19 20:18:09.141 17982 18008 I BatteryMgr:DataCollectionService: stats => 1705691889141,-1182158,3743
01-19 20:18:10.144 17982 18008 I BatteryMgr:DataCollectionService: stats => 1705691890144,-1401523,3743
01-19 20:18:11.148 17982 18008 I BatteryMgr:DataCollectionService: stats => 1705691891147,-1145902,3743
01-19 20:18:12.150 17982 18008 I BatteryMgr:DataCollectionService: stats => 1705691892150,-1111111,3743
01-19 20:18:13.152 17982 18008 I BatteryMgr:DataCollectionService: stats => 1705691893152,-1235992,3743
01-19 20:18:14.154 17982 18008 I BatteryMgr:DataCollectionService: stats => 1705691894154,-1126492,3743
01-19 20:18:15.156 17982 18008 I BatteryMgr:DataCollectionService: stats => 1705691895156,-1211455,3731
01-19 20:18:16.158 17982 18008 I BatteryMgr:DataCollectionService: stats => 1705691896158,-1423863,3731
01-19 20:18:17.161 17982 18008 I BatteryMgr:DataCollectionService: stats => 1705691897161,-1115872,3731
01-19 20:18:18.163 17982 18008 I BatteryMgr:DataCollectionService: stats => 1705691898163,-1335238,3739
01-19 20:18:19.166 17982 18008 I BatteryMgr:DataCollectionService: stats => 1705691899166,-1291657,3739
01-19 20:18:20.169 17982 18008 I BatteryMgr:DataCollectionService: stats => 1705691900169,-1486853,3739
01-19 20:18:21.172 17982 18008 I BatteryMgr:DataCollectionService: stats => 1705691901172,-1237091,3739
01-19 20:18:22.174 17982 18008 I BatteryMgr:DataCollectionService: stats => 1705691902174,-1365634,3739
01-19 20:18:23.176 17982 18008 I BatteryMgr:DataCollectionService: stats => 1705691903176,-1229034,3739
01-19 20:18:24.179 17982 18008 I BatteryMgr:DataCollectionService: stats => 1705691904179,-1367831,3739
01-19 20:18:25.181 17982 18008 I BatteryMgr:DataCollectionService: stats => 1705691905181,-1419468,3739
01-19 20:18:26.183 17982 18008 I BatteryMgr:DataCollectionService: stats => 1705691906183,-1083278,3739
01-19 20:18:27.186 17982 18008 I BatteryMgr:DataCollectionService: stats => 1705691907185,-1427525,3739
01-19 20:18:28.190 17982 18008 I BatteryMgr:DataCollectionService: stats => 1705691908190,-1167143,3748
01-19 20:18:29.195 17982 18008 I BatteryMgr:DataCollectionService: stats => 1705691909195,-1179594,3748
01-19 20:18:30.197 17982 18008 I BatteryMgr:DataCollectionService: stats => 1705691910197,-1280671,3748
01-19 20:18:31.201 17982 18008 I BatteryMgr:DataCollectionService: stats => 1705691911201,-1365268,3748
01-19 20:18:32.203 17982 18008 I BatteryMgr:DataCollectionService: stats => 1705691912203,-1126858,3748
01-19 20:18:33.205 17982 18008 I BatteryMgr:DataCollectionService: stats => 1705691913205,-1430455,3748
01-19 20:18:34.208 17982 18008 I BatteryMgr:DataCollectionService: stats => 1705691914208,-1212554,3748
01-19 20:18:35.210 17982 18008 I BatteryMgr:DataCollectionService: stats => 1705691915210,-1296418,3748
01-19 20:18:36.212 17982 18008 I BatteryMgr:DataCollectionService: stats => 1705691916212,-1485754,3748
01-19 20:18:37.221 17982 18008 I BatteryMgr:DataCollectionService: stats => 1705691917221,-1344027,3748
01-19 20:18:38.222 17982 18008 I BatteryMgr:DataCollectionService: stats => 1705691918222,-1020288,3749
01-19 20:18:39.224 17982 18008 I BatteryMgr:DataCollectionService: stats => 1705691919224,-1335604,3749
01-19 20:18:40.227 17982 18008 I BatteryMgr:DataCollectionService: stats => 1705691920227,-1122098,3749
01-19 20:18:41.229 17982 18008 I BatteryMgr:DataCollectionService: stats => 1705691921229,-1558998,3749
01-19 20:18:42.232 17982 18008 I BatteryMgr:DataCollectionService: stats => 1705691922232,-1307405,3749
01-19 20:18:43.234 17982 18008 I BatteryMgr:DataCollectionService: stats => 1705691923234,-1435582,3749
01-19 20:18:44.236 17982 18008 I BatteryMgr:DataCollectionService: stats => 1705691924236,-1195708,3749
01-19 20:18:45.238 17982 18008 I BatteryMgr:DataCollectionService: stats => 1705691925238,-1310701,3749
01-19 20:18:46.242 17982 18008 I BatteryMgr:DataCollectionService: stats => 1705691926242,-1437047,3749
01-19 20:18:47.245 17982 18008 I BatteryMgr:DataCollectionService: stats => 1705691927245,-1115139,3749
01-19 20:18:48.247 17982 18008 I BatteryMgr:DataCollectionService: stats => 1705691928247,-1508093,3747
01-19 20:18:49.249 17982 18008 I BatteryMgr:DataCollectionService: stats => 1705691929249,-1268952,3747
01-19 20:18:50.252 17982 18008 I BatteryMgr:DataCollectionService: stats => 1705691930252,-1233428,3747
01-19 20:18:51.255 17982 18008 I BatteryMgr:DataCollectionService: stats => 1705691931255,-1386875,3747
01-19 20:18:52.258 17982 18008 I BatteryMgr:DataCollectionService: stats => 1705691932258,-1483191,3747
01-19 20:18:53.261 17982 18008 I BatteryMgr:DataCollectionService: stats => 1705691933261,-1349520,3747
01-19 20:18:54.263 17982 18008 I BatteryMgr:DataCollectionService: stats => 1705691934263,-1347323,3747
01-19 20:18:55.265 17982 18008 I BatteryMgr:DataCollectionService: stats => 1705691935265,-1217315,3747
01-19 20:18:56.268 17982 18008 I BatteryMgr:DataCollectionService: stats => 1705691936268,-1201201,3747
01-19 20:18:57.271 17982 18008 I BatteryMgr:DataCollectionService: stats => 1705691937271,-1523108,3747
01-19 20:18:58.273 17982 18008 I BatteryMgr:DataCollectionService: stats => 1705691938273,-1490881,3743
01-19 20:18:59.275 17982 18008 I BatteryMgr:DataCollectionService: stats => 1705691939275,-1001977,3743
01-19 20:19:00.277 17982 18008 I BatteryMgr:DataCollectionService: stats => 1705691940277,-1180693,3743
01-19 20:19:01.278 17982 18008 I BatteryMgr:DataCollectionService: stats => 1705691941278,-1366000,3743
01-19 20:19:02.281 17982 18008 I BatteryMgr:DataCollectionService: stats => 1705691942281,-1656779,3743
01-19 20:19:03.283 17982 18008 I BatteryMgr:DataCollectionService: stats => 1705691943283,-1589028,3743
01-19 20:19:04.285 17982 18008 I BatteryMgr:DataCollectionService: stats => 1705691944285,-1242950,3743
01-19 20:19:05.287 17982 18008 I BatteryMgr:DataCollectionService: stats => 1705691945287,-1008569,3743
01-19 20:19:06.289 17982 18008 I BatteryMgr:DataCollectionService: stats => 1705691946289,-1467077,3743
01-19 20:19:07.292 17982 18008 I BatteryMgr:DataCollectionService: stats => 1705691947292,-1388340,3743
01-19 20:19:08.294 17982 18008 I BatteryMgr:DataCollectionService: stats => 1705691948293,-1272614,3739
01-19 20:19:09.297 17982 18008 I BatteryMgr:DataCollectionService: stats => 1705691949297,-1146268,3739
01-19 20:19:10.299 17982 18008 I BatteryMgr:DataCollectionService: stats => 1705691950299,-1300081,3739
01-19 20:19:11.301 17982 18008 I BatteryMgr:DataCollectionService: stats => 1705691951301,-1145169,3739
01-19 20:19:12.303 17982 18008 I BatteryMgr:DataCollectionService: stats => 1705691952303,-1270783,3739
01-19 20:19:13.305 17982 18008 I BatteryMgr:DataCollectionService: stats => 1705691953305,-1372592,3739
01-19 20:19:14.308 17982 18008 I BatteryMgr:DataCollectionService: stats => 1705691954308,-1130154,3739
01-19 20:19:15.312 17982 18008 I BatteryMgr:DataCollectionService: stats => 1705691955312,-1257599,3739
01-19 20:19:16.313 17982 18008 I BatteryMgr:DataCollectionService: stats => 1705691956313,-1204497,3739
01-19 20:19:17.315 17982 18008 I BatteryMgr:DataCollectionService: stats => 1705691957315,-1354281,3739
01-19 20:19:18.316 17982 18008 I BatteryMgr:DataCollectionService: stats => 1705691958316,-1297883,3741
01-19 20:19:19.318 17982 18008 I BatteryMgr:DataCollectionService: stats => 1705691959318,-1186186,3741
01-19 20:19:20.320 17982 18008 I BatteryMgr:DataCollectionService: stats => 1705691960320,-901999,3741
01-19 20:19:21.324 17982 18008 I BatteryMgr:DataCollectionService: stats => 1705691961323,-1608072,3741
01-19 20:19:22.326 17982 18008 I BatteryMgr:DataCollectionService: stats => 1705691962326,-1251739,3741
01-19 20:19:23.329 17982 18008 I BatteryMgr:DataCollectionService: stats => 1705691963329,-1325350,3741
01-19 20:19:24.332 17982 18008 I BatteryMgr:DataCollectionService: stats => 1705691964332,-1600747,3717
01-19 20:19:25.334 17982 18008 I BatteryMgr:DataCollectionService: stats => 1705691965333,-1138944,3717
01-19 20:19:26.336 17982 18008 I BatteryMgr:DataCollectionService: stats => 1705691966336,-1046656,3717
01-19 20:19:27.339 17982 18008 I BatteryMgr:DataCollectionService: stats => 1705691967339,-1445470,3717
01-19 20:19:28.341 17982 18008 I BatteryMgr:DataCollectionService: stats => 1705691968341,-1118069,3747
01-19 20:19:29.343 17982 18008 I BatteryMgr:DataCollectionService: stats => 1705691969343,-1322420,3747
01-19 20:19:30.345 17982 18008 I BatteryMgr:DataCollectionService: stats => 1705691970345,-1209990,3747
01-19 20:19:31.347 17982 18008 I BatteryMgr:DataCollectionService: stats => 1705691971347,-1325716,3747
01-19 20:19:32.351 17982 18008 I BatteryMgr:DataCollectionService: stats => 1705691972351,-1176664,3747
01-19 20:19:33.353 17982 18008 I BatteryMgr:DataCollectionService: stats => 1705691973353,-1423497,3747
01-19 20:19:34.356 17982 18008 I BatteryMgr:DataCollectionService: stats => 1705691974356,-1228668,3747
01-19 20:19:35.358 17982 18008 I BatteryMgr:DataCollectionService: stats => 1705691975357,-1165312,3747
01-19 20:19:36.359 17982 18008 I BatteryMgr:DataCollectionService: stats => 1705691976359,-1318758,3747
01-19 20:19:37.362 17982 18008 I BatteryMgr:DataCollectionService: stats => 1705691977362,-1301912,3747
01-19 20:19:38.365 17982 18008 I BatteryMgr:DataCollectionService: stats => 1705691978365,-1291291,3743
01-19 20:19:39.368 17982 18008 I BatteryMgr:DataCollectionService: stats => 1705691979368,-1326448,3743
01-19 20:19:40.371 17982 18008 I BatteryMgr:DataCollectionService: stats => 1705691980371,-1543251,3743
01-19 20:19:41.374 17982 18008 I BatteryMgr:DataCollectionService: stats => 1705691981374,-1057277,3743
01-19 20:19:42.376 17982 18008 I BatteryMgr:DataCollectionService: stats => 1705691982376,-1243683,3743
01-19 20:19:43.379 17982 18008 I BatteryMgr:DataCollectionService: stats => 1705691983379,-1185087,3743
01-19 20:19:44.381 17982 18008 I BatteryMgr:DataCollectionService: stats => 1705691984381,-1279206,3743
01-19 20:19:45.386 17982 18008 I BatteryMgr:DataCollectionService: stats => 1705691985386,-1749066,3743
01-19 20:19:46.388 17982 18008 I BatteryMgr:DataCollectionService: stats => 1705691986388,-1287629,3743
01-19 20:19:47.391 17982 18008 I BatteryMgr:DataCollectionService: stats => 1705691987391,-1418370,3743
01-19 20:19:48.394 17982 18008 I BatteryMgr:DataCollectionService: stats => 1705691988394,-1449132,3737
01-19 20:19:49.396 17982 18008 I BatteryMgr:DataCollectionService: stats => 1705691989396,-1298616,3737
01-19 20:19:50.398 17982 18008 I BatteryMgr:DataCollectionService: stats => 1705691990398,-1416905,3737
01-19 20:19:51.400 17982 18008 I BatteryMgr:DataCollectionService: stats => 1705691991400,-1212188,3737
01-19 20:19:52.402 17982 18008 I BatteryMgr:DataCollectionService: stats => 1705691992402,-1278474,3737
01-19 20:19:53.405 17982 18008 I BatteryMgr:DataCollectionService: stats => 1705691993405,-1247711,3737
01-19 20:19:54.407 17982 18008 I BatteryMgr:DataCollectionService: stats => 1705691994407,-1284333,3737
01-19 20:19:55.409 17982 18008 I BatteryMgr:DataCollectionService: stats => 1705691995409,-1237823,3737
01-19 20:19:56.412 17982 18008 I BatteryMgr:DataCollectionService: stats => 1705691996412,-1287629,3737
01-19 20:19:57.413 17982 18008 I BatteryMgr:DataCollectionService: stats => 1705691997413,-1257599,3737
01-19 20:19:58.416 17982 18008 I BatteryMgr:DataCollectionService: stats => 1705691998416,-1255768,3744
01-19 20:19:59.417 17982 18008 I BatteryMgr:DataCollectionService: stats => 1705691999417,-1216949,3744
01-19 20:20:00.420 17982 18008 I BatteryMgr:DataCollectionService: stats => 1705692000420,-1288361,3744
01-19 20:20:01.422 17982 18008 I BatteryMgr:DataCollectionService: stats => 1705692001422,-1381381,3744
01-19 20:20:02.424 17982 18008 I BatteryMgr:DataCollectionService: stats => 1705692002424,-1304841,3744
01-19 20:20:03.427 17982 18008 I BatteryMgr:DataCollectionService: stats => 1705692003427,-1388706,3744
01-19 20:20:04.429 17982 18008 I BatteryMgr:DataCollectionService: stats => 1705692004429,-1210723,3744
01-19 20:20:05.433 17982 18008 I BatteryMgr:DataCollectionService: stats => 1705692005433,-1243316,3744
01-19 20:20:06.435 17982 18008 I BatteryMgr:DataCollectionService: stats => 1705692006435,-1382480,3744
01-19 20:20:07.442 17982 18008 I BatteryMgr:DataCollectionService: stats => 1705692007442,-1628946,3744
01-19 20:20:08.445 17982 18008 I BatteryMgr:DataCollectionService: stats => 1705692008445,-1257599,3738
01-19 20:20:09.448 17982 18008 I BatteryMgr:DataCollectionService: stats => 1705692009448,-1223174,3738
01-19 20:20:10.450 17982 18008 I BatteryMgr:DataCollectionService: stats => 1705692010450,-1301912,3738
01-19 20:20:11.453 17982 18008 I BatteryMgr:DataCollectionService: stats => 1705692011453,-1286164,3738
01-19 20:20:12.454 17982 18008 I BatteryMgr:DataCollectionService: stats => 1705692012454,-1133450,3738
01-19 20:20:13.456 17982 18008 I BatteryMgr:DataCollectionService: stats => 1705692013456,-1239654,3738
01-19 20:20:14.460 17982 18008 I BatteryMgr:DataCollectionService: stats => 1705692014460,-1026148,3738
01-19 20:20:15.462 17982 18008 I BatteryMgr:DataCollectionService: stats => 1705692015462,-1199370,3751
01-19 20:20:16.466 17982 18008 I BatteryMgr:DataCollectionService: stats => 1705692016466,-1271149,3751
01-19 20:20:17.468 17982 18008 I BatteryMgr:DataCollectionService: stats => 1705692017468,-1667399,3751
01-19 20:20:18.472 17982 18008 I BatteryMgr:DataCollectionService: stats => 1705692018472,-1179228,3742
01-19 20:20:19.474 17982 18008 I BatteryMgr:DataCollectionService: stats => 1705692019474,-1167875,3742
01-19 20:20:20.476 17982 18008 I BatteryMgr:DataCollectionService: stats => 1705692020476,-1116604,3742
01-19 20:20:21.478 17982 18008 I BatteryMgr:DataCollectionService: stats => 1705692021478,-1261627,3742
01-19 20:20:22.480 17982 18008 I BatteryMgr:DataCollectionService: stats => 1705692022480,-1183256,3742
01-19 20:20:23.481 17982 18008 I BatteryMgr:DataCollectionService: stats => 1705692023481,-1225738,3742
01-19 20:20:24.484 17982 18008 I BatteryMgr:DataCollectionService: stats => 1705692024484,-1278474,3742
01-19 20:20:25.488 17982 18008 I BatteryMgr:DataCollectionService: stats => 1705692025488,-1352450,3742
01-19 20:20:26.489 17982 18008 I BatteryMgr:DataCollectionService: stats => 1705692026489,-1171537,3742
01-19 20:20:27.492 17982 18008 I BatteryMgr:DataCollectionService: stats => 1705692027492,-1427891,3742
01-19 20:20:28.493 17982 18008 I BatteryMgr:DataCollectionService: stats => 1705692028493,-1600015,3723
01-19 20:20:29.495 17982 18008 I BatteryMgr:DataCollectionService: stats => 1705692029495,-1255402,3723
01-19 20:20:30.501 17982 18008 I BatteryMgr:DataCollectionService: stats => 1705692030501,-1313997,3725
01-19 20:20:31.503 17982 18008 I BatteryMgr:DataCollectionService: stats => 1705692031503,-1442174,3725
01-19 20:20:32.507 17982 18008 I BatteryMgr:DataCollectionService: stats => 1705692032507,-1280305,3725
01-19 20:20:33.509 17982 18008 I BatteryMgr:DataCollectionService: stats => 1705692033509,-1188383,3725
01-19 20:20:34.513 17982 18008 I BatteryMgr:DataCollectionService: stats => 1705692034513,-1219878,3725
01-19 20:20:35.515 17982 18008 I BatteryMgr:DataCollectionService: stats => 1705692035515,-1095730,3725
01-19 20:20:36.517 17982 18008 I BatteryMgr:DataCollectionService: stats => 1705692036517,-1319490,3725
01-19 20:20:37.519 17982 18008 I BatteryMgr:DataCollectionService: stats => 1705692037519,-1111111,3725
01-19 20:20:38.521 17982 18008 I BatteryMgr:DataCollectionService: stats => 1705692038521,-1350985,3731
01-19 20:20:39.523 17982 18008 I BatteryMgr:DataCollectionService: stats => 1705692039523,-1111477,3731
01-19 20:20:40.525 17982 18008 I BatteryMgr:DataCollectionService: stats => 1705692040525,-1303376,3731
01-19 20:20:41.531 17982 18008 I BatteryMgr:DataCollectionService: stats => 1705692041531,-1233428,3731
01-19 20:20:42.533 17982 18008 I BatteryMgr:DataCollectionService: stats => 1705692042533,-1349886,3731
01-19 20:20:43.535 17982 18008 I BatteryMgr:DataCollectionService: stats => 1705692043535,-1189848,3731
01-19 20:20:44.536 17982 18008 I BatteryMgr:DataCollectionService: stats => 1705692044536,-1429356,3731
01-19 20:20:45.539 17982 18008 I BatteryMgr:DataCollectionService: stats => 1705692045539,-1095364,3731
01-19 20:20:46.545 17982 18008 I BatteryMgr:DataCollectionService: stats => 1705692046545,-1404453,3731
01-19 20:20:47.547 17982 18008 I BatteryMgr:DataCollectionService: stats => 1705692047547,-1181791,3731
01-19 20:20:48.549 17982 18008 I BatteryMgr:DataCollectionService: stats => 1705692048549,-1234527,3729
01-19 20:20:49.551 17982 18008 I BatteryMgr:DataCollectionService: stats => 1705692049551,-1717571,3729
01-19 20:20:50.554 17982 18008 I BatteryMgr:DataCollectionService: stats => 1705692050554,-1266388,3729
01-19 20:20:51.557 17982 18008 I BatteryMgr:DataCollectionService: stats => 1705692051557,-1215117,3729
01-19 20:20:52.560 17982 18008 I BatteryMgr:DataCollectionService: stats => 1705692052560,-1210357,3729
01-19 20:20:53.562 17982 18008 I BatteryMgr:DataCollectionService: stats => 1705692053562,-1237457,3729
01-19 20:20:54.569 17982 18008 I BatteryMgr:DataCollectionService: stats => 1705692054569,-1296785,3729
01-19 20:20:55.571 17982 18008 I BatteryMgr:DataCollectionService: stats => 1705692055571,-1320589,3729
01-19 20:20:56.574 17982 18008 I BatteryMgr:DataCollectionService: stats => 1705692056574,-1287263,3729
01-19 20:20:57.576 17982 18008 I BatteryMgr:DataCollectionService: stats => 1705692057576,-1386875,3729
01-19 20:20:58.579 17982 18008 I BatteryMgr:DataCollectionService: stats => 1705692058579,-1163114,3742
01-19 20:20:59.585 17982 18008 I BatteryMgr:DataCollectionService: stats => 1705692059585,-1269318,3742
01-19 20:21:00.587 17982 18008 I BatteryMgr:DataCollectionService: stats => 1705692060587,-1235992,3742
01-19 20:21:01.590 17982 18008 I BatteryMgr:DataCollectionService: stats => 1705692061590,-1205230,3742
01-19 20:21:02.592 17982 18008 I BatteryMgr:DataCollectionService: stats => 1705692062591,-1172270,3742
01-19 20:21:03.595 17982 18008 I BatteryMgr:DataCollectionService: stats => 1705692063595,-1251739,3742
01-19 20:21:04.597 17982 18008 I BatteryMgr:DataCollectionService: stats => 1705692064597,-1280305,3742
01-19 20:21:05.600 17982 18008 I BatteryMgr:DataCollectionService: stats => 1705692065600,-1345858,3742
01-19 20:21:06.602 17982 18008 I BatteryMgr:DataCollectionService: stats => 1705692066602,-1158720,3742
01-19 20:21:07.604 17982 18008 I BatteryMgr:DataCollectionService: stats => 1705692067604,-1153959,3742
01-19 20:21:08.606 17982 18008 I BatteryMgr:DataCollectionService: stats => 1705692068606,-1260895,3737
01-19 20:21:09.609 17982 18008 I BatteryMgr:DataCollectionService: stats => 1705692069609,-1396030,3737
01-19 20:21:10.613 17982 18008 I BatteryMgr:DataCollectionService: stats => 1705692070613,-1288361,3737
01-19 20:21:11.615 17982 18011 I BatteryMgr:DataCollectionService: stats => 1705692071615,-1563026,3737
01-19 20:21:12.616 17982 18011 I BatteryMgr:DataCollectionService: stats => 1705692072616,-1238189,3737
01-19 20:21:13.618 17982 18011 I BatteryMgr:DataCollectionService: stats => 1705692073618,-1168608,3737
01-19 20:21:14.621 17982 18011 I BatteryMgr:DataCollectionService: stats => 1705692074621,-1254669,3737
01-19 20:21:15.624 17982 18011 I BatteryMgr:DataCollectionService: stats => 1705692075624,-1387973,3737
01-19 20:21:16.626 17982 18011 I BatteryMgr:DataCollectionService: stats => 1705692076626,-1178495,3737
01-19 20:21:17.629 17982 18011 I BatteryMgr:DataCollectionService: stats => 1705692077629,-1288728,3737
01-19 20:21:18.630 17982 18011 I BatteryMgr:DataCollectionService: stats => 1705692078630,-1269318,3738
01-19 20:21:19.632 17982 18011 I BatteryMgr:DataCollectionService: stats => 1705692079632,-1104885,3738
01-19 20:21:20.634 17982 18011 I BatteryMgr:DataCollectionService: stats => 1705692080634,-1315828,3738
01-19 20:21:21.636 17982 18011 I BatteryMgr:DataCollectionService: stats => 1705692081636,-1151395,3738
01-19 20:21:22.638 17982 18011 I BatteryMgr:DataCollectionService: stats => 1705692082638,-1297883,3738
01-19 20:21:23.640 17982 18011 I BatteryMgr:DataCollectionService: stats => 1705692083640,-1204497,3738
01-19 20:21:24.642 17982 18011 I BatteryMgr:DataCollectionService: stats => 1705692084642,-1445836,3738
01-19 20:21:25.644 17982 18011 I BatteryMgr:DataCollectionService: stats => 1705692085644,-1234527,3738
01-19 20:21:26.645 17982 18011 I BatteryMgr:DataCollectionService: stats => 1705692086645,-933128,3738
01-19 20:21:27.649 17982 18011 I BatteryMgr:DataCollectionService: stats => 1705692087649,-993554,3738
01-19 20:21:28.651 17982 18011 I BatteryMgr:DataCollectionService: stats => 1705692088651,-1288361,3741
01-19 20:21:29.653 17982 18011 I BatteryMgr:DataCollectionService: stats => 1705692089653,-1036768,3741
01-19 20:21:30.656 17982 18011 I BatteryMgr:DataCollectionService: stats => 1705692090656,-1167509,3741
01-19 20:21:31.658 17982 18011 I BatteryMgr:DataCollectionService: stats => 1705692091658,-1190581,3741
01-19 20:21:32.661 17982 18011 I BatteryMgr:DataCollectionService: stats => 1705692092661,-1600015,3741
01-19 20:21:33.668 17982 18011 I BatteryMgr:DataCollectionService: stats => 1705692093668,-1227203,3741
01-19 20:21:34.669 17982 18011 I BatteryMgr:DataCollectionService: stats => 1705692094669,-1158353,3741
01-19 20:21:35.671 17982 18011 I BatteryMgr:DataCollectionService: stats => 1705692095671,-1016626,3741
01-19 20:21:36.673 17982 18011 I BatteryMgr:DataCollectionService: stats => 1705692096673,-1211089,3741
01-19 20:21:37.675 17982 18011 I BatteryMgr:DataCollectionService: stats => 1705692097675,-1255035,3741
01-19 20:21:38.678 17982 18011 I BatteryMgr:DataCollectionService: stats => 1705692098678,-1172270,3737
01-19 20:21:39.680 17982 18011 I BatteryMgr:DataCollectionService: stats => 1705692099680,-1251373,3738
01-19 20:21:40.682 17982 18011 I BatteryMgr:DataCollectionService: stats => 1705692100682,-1304841,3738
01-19 20:21:41.684 17982 18011 I BatteryMgr:DataCollectionService: stats => 1705692101684,-1411411,3738
01-19 20:21:42.687 17982 18011 I BatteryMgr:DataCollectionService: stats => 1705692102687,-1271515,3738
01-19 20:21:43.689 17982 18011 I BatteryMgr:DataCollectionService: stats => 1705692103689,-1321687,3738
01-19 20:21:44.692 17982 18011 I BatteryMgr:DataCollectionService: stats => 1705692104692,-1212554,3738
01-19 20:21:45.694 17982 18011 I BatteryMgr:DataCollectionService: stats => 1705692105694,-1526038,3738
01-19 20:21:46.696 17982 18011 I BatteryMgr:DataCollectionService: stats => 1705692106696,-1072658,3738
01-19 20:21:47.698 17982 18011 I BatteryMgr:DataCollectionService: stats => 1705692107698,-1181425,3738
01-19 20:21:48.700 17982 18011 I BatteryMgr:DataCollectionService: stats => 1705692108700,-1232330,3733
01-19 20:21:49.702 17982 18011 I BatteryMgr:DataCollectionService: stats => 1705692109702,-1426426,3733
01-19 20:21:50.707 17982 18011 I BatteryMgr:DataCollectionService: stats => 1705692110707,-1128323,3733
01-19 20:21:51.709 17982 18011 I BatteryMgr:DataCollectionService: stats => 1705692111709,-1269684,3733
01-19 20:21:52.710 17982 18011 I BatteryMgr:DataCollectionService: stats => 1705692112710,-1057643,3733
01-19 20:21:53.712 17982 18011 I BatteryMgr:DataCollectionService: stats => 1705692113712,-1519446,3733
01-19 20:21:54.715 17982 18011 I BatteryMgr:DataCollectionService: stats => 1705692114715,-1754193,3733
01-19 20:21:55.721 17982 18011 I BatteryMgr:DataCollectionService: stats => 1705692115721,-1193510,3733
01-19 20:21:56.723 17982 18011 I BatteryMgr:DataCollectionService: stats => 1705692116723,-1442540,3733
01-19 20:21:57.725 17982 18011 I BatteryMgr:DataCollectionService: stats => 1705692117725,-1441441,3733
01-19 20:21:58.727 17982 18011 I BatteryMgr:DataCollectionService: stats => 1705692118727,-1079250,3736
01-19 20:21:59.729 17982 18011 I BatteryMgr:DataCollectionService: stats => 1705692119729,-1286897,3736
01-19 20:22:00.731 17982 18011 I BatteryMgr:DataCollectionService: stats => 1705692120731,-1177031,3736
01-19 20:22:01.733 17982 18011 I BatteryMgr:DataCollectionService: stats => 1705692121733,-1268952,3736
01-19 20:22:02.736 17982 18011 I BatteryMgr:DataCollectionService: stats => 1705692122736,-1228301,3736
01-19 20:22:03.738 17982 18011 I BatteryMgr:DataCollectionService: stats => 1705692123738,-1393833,3736
01-19 20:22:04.740 17982 18011 I BatteryMgr:DataCollectionService: stats => 1705692124740,-1119534,3736
01-19 20:22:05.743 17982 18011 I BatteryMgr:DataCollectionService: stats => 1705692125743,-1205962,3736
01-19 20:22:06.746 17982 18011 I BatteryMgr:DataCollectionService: stats => 1705692126746,-1349886,3736
01-19 20:22:07.748 17982 18011 I BatteryMgr:DataCollectionService: stats => 1705692127748,-1098293,3736
01-19 20:22:08.751 17982 18011 I BatteryMgr:DataCollectionService: stats => 1705692128751,-1223541,3739
01-19 20:22:09.752 17982 18011 I BatteryMgr:DataCollectionService: stats => 1705692129752,-1280305,3739
01-19 20:22:10.755 17982 18011 I BatteryMgr:DataCollectionService: stats => 1705692130755,-1278840,3739
01-19 20:22:11.757 17982 18011 I BatteryMgr:DataCollectionService: stats => 1705692131757,-1163847,3739
01-19 20:22:13.762 17982 18011 I BatteryMgr:DataCollectionService: stats => 1705692133762,-1232330,3739
01-19 20:22:14.765 17982 18011 I BatteryMgr:DataCollectionService: stats => 1705692134765,-1254303,3734
01-19 20:22:15.767 17982 18011 I BatteryMgr:DataCollectionService: stats => 1705692135767,-1580239,3734
01-19 20:22:16.769 17982 18011 I BatteryMgr:DataCollectionService: stats => 1705692136769,-1094997,3734
01-19 20:22:17.774 17982 18011 I BatteryMgr:DataCollectionService: stats => 1705692137774,-960595,3734
01-19 20:22:18.776 17982 18011 I BatteryMgr:DataCollectionService: stats => 1705692138776,-1438145,3741
01-19 20:22:19.777 17982 18011 I BatteryMgr:DataCollectionService: stats => 1705692139777,-1146268,3741
01-19 20:22:20.779 17982 18011 I BatteryMgr:DataCollectionService: stats => 1705692140779,-1014429,3741
01-19 20:22:21.781 17982 18011 I BatteryMgr:DataCollectionService: stats => 1705692141781,-883688,3741
01-19 20:22:22.783 17982 18011 I BatteryMgr:DataCollectionService: stats => 1705692142783,-1060939,3741
01-19 20:22:23.786 17982 18011 I BatteryMgr:DataCollectionService: stats => 1705692143786,-1022486,3741
01-19 20:22:24.788 17982 18011 I BatteryMgr:DataCollectionService: stats => 1705692144788,-1378452,3741
01-19 20:22:25.790 17982 18011 I BatteryMgr:DataCollectionService: stats => 1705692145790,-1191313,3741
01-19 20:22:26.792 17982 18011 I BatteryMgr:DataCollectionService: stats => 1705692146792,-1201934,3741
01-19 20:22:27.795 17982 18011 I BatteryMgr:DataCollectionService: stats => 1705692147795,-1367831,3741
01-19 20:22:28.797 17982 18011 I BatteryMgr:DataCollectionService: stats => 1705692148797,-1177763,3732
01-19 20:22:29.801 17982 18011 I BatteryMgr:DataCollectionService: stats => 1705692149801,-1059474,3732
01-19 20:22:30.802 17982 18011 I BatteryMgr:DataCollectionService: stats => 1705692150802,-1269318,3732
01-19 20:22:31.805 17982 18011 I BatteryMgr:DataCollectionService: stats => 1705692151805,-1207061,3732
01-19 20:22:32.808 17982 18011 I BatteryMgr:DataCollectionService: stats => 1705692152808,-1138577,3732
01-19 20:22:33.809 17982 18011 I BatteryMgr:DataCollectionService: stats => 1705692153809,-1251007,3732
01-19 20:22:34.812 17982 18011 I BatteryMgr:DataCollectionService: stats => 1705692154812,-1136380,3732
01-19 20:22:35.814 17982 18011 I BatteryMgr:DataCollectionService: stats => 1705692155814,-1038233,3732
01-19 20:22:36.816 17982 18011 I BatteryMgr:DataCollectionService: stats => 1705692156816,-1571816,3732
01-19 20:22:37.818 17982 18011 I BatteryMgr:DataCollectionService: stats => 1705692157818,-1167509,3732
01-19 20:22:38.820 17982 18011 I BatteryMgr:DataCollectionService: stats => 1705692158820,-1103420,3741
01-19 20:22:39.822 17982 18011 I BatteryMgr:DataCollectionService: stats => 1705692159822,-1164579,3741
01-19 20:22:40.824 17982 18011 I BatteryMgr:DataCollectionService: stats => 1705692160824,-988427,3741
01-19 20:22:41.826 17982 18011 I BatteryMgr:DataCollectionService: stats => 1705692161826,-1058009,3741
01-19 20:22:42.828 17982 18011 I BatteryMgr:DataCollectionService: stats => 1705692162828,-1300081,3741
01-19 20:22:43.831 17982 18011 I BatteryMgr:DataCollectionService: stats => 1705692163831,-1177397,3741
01-19 20:22:44.833 17982 18011 I BatteryMgr:DataCollectionService: stats => 1705692164833,-1056178,3741
01-19 20:22:45.835 17982 18011 I BatteryMgr:DataCollectionService: stats => 1705692165835,-1401890,3741
01-19 20:22:46.839 17982 18011 I BatteryMgr:DataCollectionService: stats => 1705692166839,-1032007,3725
01-19 20:22:47.841 17982 18011 I BatteryMgr:DataCollectionService: stats => 1705692167841,-1317659,3725
01-19 20:22:48.843 17982 18011 I BatteryMgr:DataCollectionService: stats => 1705692168843,-1269318,3743
01-19 20:22:49.845 17982 18011 I BatteryMgr:DataCollectionService: stats => 1705692169845,-1296052,3743
01-19 20:22:50.847 17982 18011 I BatteryMgr:DataCollectionService: stats => 1705692170847,-1036768,3743
01-19 20:22:51.849 17982 18011 I BatteryMgr:DataCollectionService: stats => 1705692171849,-1157255,3743
01-19 20:22:52.851 17982 18011 I BatteryMgr:DataCollectionService: stats => 1705692172851,-1349886,3743
01-19 20:22:53.853 17982 18011 I BatteryMgr:DataCollectionService: stats => 1705692173853,-1099026,3743
01-19 20:22:54.855 17982 18011 I BatteryMgr:DataCollectionService: stats => 1705692174855,-1306672,3743
01-19 20:22:55.857 17982 18011 I BatteryMgr:DataCollectionService: stats => 1705692175857,-1099758,3743
01-19 20:22:56.859 17982 18011 I BatteryMgr:DataCollectionService: stats => 1705692176859,-1124661,3743
01-19 20:22:57.861 17982 18011 I BatteryMgr:DataCollectionService: stats => 1705692177861,-1274811,3743
01-19 20:22:58.863 17982 18011 I BatteryMgr:DataCollectionService: stats => 1705692178863,-1683513,3713
01-19 20:22:59.868 17982 18011 I BatteryMgr:DataCollectionService: stats => 1705692179867,-1107815,3713
01-19 20:23:00.870 17982 18011 I BatteryMgr:DataCollectionService: stats => 1705692180870,-1330477,3713
01-19 20:23:01.873 17982 18011 I BatteryMgr:DataCollectionService: stats => 1705692181873,-1272248,3713
01-19 20:23:02.876 17982 18011 I BatteryMgr:DataCollectionService: stats => 1705692182876,-1086208,3713
01-19 20:23:03.878 17982 18011 I BatteryMgr:DataCollectionService: stats => 1705692183878,-1164945,3713
01-19 20:23:04.881 17982 18011 I BatteryMgr:DataCollectionService: stats => 1705692184881,-1279206,3713
01-19 20:23:05.883 17982 18011 I BatteryMgr:DataCollectionService: stats => 1705692185883,-1079250,3713
01-19 20:23:06.884 17982 18011 I BatteryMgr:DataCollectionService: stats => 1705692186884,-1390903,3713
01-19 20:23:07.886 17982 18011 I BatteryMgr:DataCollectionService: stats => 1705692187886,-1069362,3713
01-19 20:23:08.888 17982 18011 I BatteryMgr:DataCollectionService: stats => 1705692188888,-1245514,3736
01-19 20:23:09.890 17982 18011 I BatteryMgr:DataCollectionService: stats => 1705692189890,-1229766,3736
01-19 20:23:10.892 17982 18011 I BatteryMgr:DataCollectionService: stats => 1705692190892,-1262360,3736
01-19 20:23:11.897 17982 18011 I BatteryMgr:DataCollectionService: stats => 1705692191897,-1030543,3736
01-19 20:23:12.901 17982 18011 I BatteryMgr:DataCollectionService: stats => 1705692192901,-1343294,3736
01-19 20:23:13.903 17982 18011 I BatteryMgr:DataCollectionService: stats => 1705692193903,-1248443,3736
01-19 20:23:14.905 17982 18011 I BatteryMgr:DataCollectionService: stats => 1705692194905,-1048487,3736
01-19 20:23:15.907 17982 18011 I BatteryMgr:DataCollectionService: stats => 1705692195907,-1446202,3736
01-19 20:23:16.910 17982 18011 I BatteryMgr:DataCollectionService: stats => 1705692196910,-1276276,3736
01-19 20:23:17.912 17982 18011 I BatteryMgr:DataCollectionService: stats => 1705692197912,-1220977,3736
01-19 20:23:18.914 17982 18011 I BatteryMgr:DataCollectionService: stats => 1705692198914,-1272980,3725
01-19 20:23:19.917 17982 18011 I BatteryMgr:DataCollectionService: stats => 1705692199917,-1618326,3725
01-19 20:23:20.919 17982 18011 I BatteryMgr:DataCollectionService: stats => 1705692200919,-1113308,3725
01-19 20:23:21.923 17982 18011 I BatteryMgr:DataCollectionService: stats => 1705692201923,-1304475,3725
01-19 20:23:22.924 17982 18011 I BatteryMgr:DataCollectionService: stats => 1705692202924,-1264923,3725
01-19 20:23:23.927 17982 18011 I BatteryMgr:DataCollectionService: stats => 1705692203926,-1134549,3725
01-19 20:23:24.928 17982 18011 I BatteryMgr:DataCollectionService: stats => 1705692204928,-1278840,3725
01-19 20:23:25.930 17982 18011 I BatteryMgr:DataCollectionService: stats => 1705692205930,-1348422,3725
01-19 20:23:26.935 17982 18011 I BatteryMgr:DataCollectionService: stats => 1705692206935,-1119900,3725
01-19 20:23:27.938 17982 18011 I BatteryMgr:DataCollectionService: stats => 1705692207938,-1285798,3725
01-19 20:23:28.940 17982 18011 I BatteryMgr:DataCollectionService: stats => 1705692208940,-1048487,3734
01-19 20:23:29.942 17982 18011 I BatteryMgr:DataCollectionService: stats => 1705692209942,-1215850,3734
01-19 20:23:30.944 17982 18011 I BatteryMgr:DataCollectionService: stats => 1705692210944,-1231964,3734
01-19 20:23:31.948 17982 18011 I BatteryMgr:DataCollectionService: stats => 1705692211948,-1164945,3734
01-19 20:23:32.951 17982 18011 I BatteryMgr:DataCollectionService: stats => 1705692212951,-1114773,3734
01-19 20:23:33.953 17982 18011 I BatteryMgr:DataCollectionService: stats => 1705692213953,-1375888,3734
01-19 20:23:34.954 17982 18011 I BatteryMgr:DataCollectionService: stats => 1705692214954,-1211089,3734
01-19 20:23:35.957 17982 18011 I BatteryMgr:DataCollectionService: stats => 1705692215957,-1178129,3734
01-19 20:23:36.958 17982 18011 I BatteryMgr:DataCollectionService: stats => 1705692216958,-1387607,3734
01-19 20:23:37.961 17982 18011 I BatteryMgr:DataCollectionService: stats => 1705692217961,-1146634,3734
01-19 20:23:38.964 17982 18011 I BatteryMgr:DataCollectionService: stats => 1705692218964,-982568,3737
01-19 20:23:39.966 17982 18011 I BatteryMgr:DataCollectionService: stats => 1705692219966,-1220977,3737
01-19 20:23:40.969 17982 18011 I BatteryMgr:DataCollectionService: stats => 1705692220969,-1543983,3737
01-19 20:23:41.970 17982 18011 I BatteryMgr:DataCollectionService: stats => 1705692221970,-1546913,3737
01-19 20:23:42.975 17982 18011 I BatteryMgr:DataCollectionService: stats => 1705692222974,-1205962,3737
01-19 20:23:43.977 17982 18011 I BatteryMgr:DataCollectionService: stats => 1705692223977,-1134549,3737
01-19 20:23:44.979 17982 18011 I BatteryMgr:DataCollectionService: stats => 1705692224979,-1171171,3737
01-19 20:23:45.981 17982 18011 I BatteryMgr:DataCollectionService: stats => 1705692225981,-1395298,3737
01-19 20:23:46.983 17982 18011 I BatteryMgr:DataCollectionService: stats => 1705692226983,-1130154,3737
01-19 20:23:47.985 17982 18011 I BatteryMgr:DataCollectionService: stats => 1705692227985,-1229034,3737
01-19 20:23:48.988 17982 18011 I BatteryMgr:DataCollectionService: stats => 1705692228988,-1456090,3742
01-19 20:23:49.993 17982 18011 I BatteryMgr:DataCollectionService: stats => 1705692229992,-1326815,3742
01-19 20:23:50.995 17982 18011 I BatteryMgr:DataCollectionService: stats => 1705692230995,-1128690,3742
01-19 20:23:51.997 17982 18011 I BatteryMgr:DataCollectionService: stats => 1705692231997,-1315828,3742
01-19 20:23:53.000 17982 18011 I BatteryMgr:DataCollectionService: stats => 1705692233000,-1406651,3742
01-19 20:23:54.002 17982 18011 I BatteryMgr:DataCollectionService: stats => 1705692234002,-1015894,3742
01-19 20:23:55.004 17982 18011 I BatteryMgr:DataCollectionService: stats => 1705692235004,-1320223,3742
01-19 20:23:56.006 17982 18011 I BatteryMgr:DataCollectionService: stats => 1705692236006,-1378452,3742
01-19 20:23:57.008 17982 18011 I BatteryMgr:DataCollectionService: stats => 1705692237008,-1214385,3742
01-19 20:23:58.010 17982 18011 I BatteryMgr:DataCollectionService: stats => 1705692238010,-1083278,3742
01-19 20:23:59.012 17982 18011 I BatteryMgr:DataCollectionService: stats => 1705692239012,-1215117,3735
01-19 20:24:00.015 17982 18011 I BatteryMgr:DataCollectionService: stats => 1705692240014,-1075954,3735
01-19 20:24:01.017 17982 18011 I BatteryMgr:DataCollectionService: stats => 1705692241017,-1331942,3735
01-19 20:24:02.020 17982 18011 I BatteryMgr:DataCollectionService: stats => 1705692242020,-1303743,3735
01-19 20:24:03.022 17982 18011 I BatteryMgr:DataCollectionService: stats => 1705692243022,-1549110,3735
01-19 20:24:04.024 17982 18011 I BatteryMgr:DataCollectionService: stats => 1705692244024,-1191313,3735
01-19 20:24:05.026 17982 18011 I BatteryMgr:DataCollectionService: stats => 1705692245026,-1272248,3735
01-19 20:24:06.029 17982 18011 I BatteryMgr:DataCollectionService: stats => 1705692246029,-1050685,3735
01-19 20:24:07.036 17982 18011 I BatteryMgr:DataCollectionService: stats => 1705692247036,-1236358,3735
01-19 20:24:08.038 17982 18011 I BatteryMgr:DataCollectionService: stats => 1705692248038,-1503699,3735
01-19 20:24:09.040 17982 18011 I BatteryMgr:DataCollectionService: stats => 1705692249040,-1131253,3729
01-19 20:24:10.042 17982 18011 I BatteryMgr:DataCollectionService: stats => 1705692250042,-1244049,3729
01-19 20:24:11.045 17982 18011 I BatteryMgr:DataCollectionService: stats => 1705692251045,-1335238,3729
01-19 20:24:12.047 17982 18011 I BatteryMgr:DataCollectionService: stats => 1705692252047,-1140042,3729
01-19 20:24:13.051 17982 18011 I BatteryMgr:DataCollectionService: stats => 1705692253051,-1031275,3729
01-19 20:24:14.053 17982 18011 I BatteryMgr:DataCollectionService: stats => 1705692254053,-1345492,3729
01-19 20:24:15.060 17982 18011 I BatteryMgr:DataCollectionService: stats => 1705692255060,-1096828,3722
01-19 20:24:16.062 17982 18011 I BatteryMgr:DataCollectionService: stats => 1705692256062,-1328646,3722
01-19 20:24:17.064 17982 18011 I BatteryMgr:DataCollectionService: stats => 1705692257064,-1324251,3722
01-19 20:24:18.066 17982 18011 I BatteryMgr:DataCollectionService: stats => 1705692258066,-1226470,3722
01-19 20:24:19.068 17982 18011 I BatteryMgr:DataCollectionService: stats => 1705692259068,-1037135,3729
01-19 20:24:20.070 17982 18011 I BatteryMgr:DataCollectionService: stats => 1705692260070,-1448766,3729
01-19 20:24:21.073 17982 18011 I BatteryMgr:DataCollectionService: stats => 1705692261073,-1040431,3729
01-19 20:24:22.075 17982 18011 I BatteryMgr:DataCollectionService: stats => 1705692262075,-1333773,3729
01-19 20:24:23.077 17982 18011 I BatteryMgr:DataCollectionService: stats => 1705692263077,-1220245,3729
01-19 20:24:24.079 17982 18011 I BatteryMgr:DataCollectionService: stats => 1705692264079,-1556068,3729
01-19 20:24:25.081 17982 18011 I BatteryMgr:DataCollectionService: stats => 1705692265081,-1186186,3729
01-19 20:24:26.084 17982 18011 I BatteryMgr:DataCollectionService: stats => 1705692266084,-1455358,3729
01-19 20:24:27.086 17982 18011 I BatteryMgr:DataCollectionService: stats => 1705692267086,-989526,3729
01-19 20:24:28.088 17982 18011 I BatteryMgr:DataCollectionService: stats => 1705692268088,-1175932,3729
01-19 20:24:29.090 17982 18011 I BatteryMgr:DataCollectionService: stats => 1705692269090,-1298249,3717
01-19 20:24:30.092 17982 18011 I BatteryMgr:DataCollectionService: stats => 1705692270092,-1060939,3717
01-19 20:24:31.095 17982 18011 I BatteryMgr:DataCollectionService: stats => 1705692271095,-1165312,3717
01-19 20:24:32.097 17982 18011 I BatteryMgr:DataCollectionService: stats => 1705692272097,-1506262,3717
01-19 20:24:33.100 17982 18011 I BatteryMgr:DataCollectionService: stats => 1705692273100,-1057277,3717
01-19 20:24:34.102 17982 18011 I BatteryMgr:DataCollectionService: stats => 1705692274102,-1239288,3717
01-19 20:24:35.104 17982 18011 I BatteryMgr:DataCollectionService: stats => 1705692275104,-1300447,3717
01-19 20:24:36.106 17982 18011 I BatteryMgr:DataCollectionService: stats => 1705692276106,-1209258,3717
01-19 20:24:37.108 17982 18011 I BatteryMgr:DataCollectionService: stats => 1705692277108,-1302644,3717
01-19 20:24:38.112 17982 18011 I BatteryMgr:DataCollectionService: stats => 1705692278112,-1263825,3717
01-19 20:24:39.114 17982 18011 I BatteryMgr:DataCollectionService: stats => 1705692279114,-1224639,3737
01-19 20:24:40.117 17982 18011 I BatteryMgr:DataCollectionService: stats => 1705692280117,-996850,3737
01-19 20:24:41.120 17982 18011 I BatteryMgr:DataCollectionService: stats => 1705692281120,-1516883,3737
01-19 20:24:42.121 17982 18011 I BatteryMgr:DataCollectionService: stats => 1705692282121,-1288361,3737
01-19 20:24:43.123 17982 18011 I BatteryMgr:DataCollectionService: stats => 1705692283123,-1085109,3737
01-19 20:24:44.125 17982 18011 I BatteryMgr:DataCollectionService: stats => 1705692284125,-1216949,3737
01-19 20:24:45.128 17982 18011 I BatteryMgr:DataCollectionService: stats => 1705692285128,-1440343,3737
01-19 20:24:46.131 17982 18011 I BatteryMgr:DataCollectionService: stats => 1705692286131,-1569985,3737
01-19 20:24:47.133 17982 18011 I BatteryMgr:DataCollectionService: stats => 1705692287133,-1452062,3737
01-19 20:24:48.136 17982 18011 I BatteryMgr:DataCollectionService: stats => 1705692288136,-1167509,3737
01-19 20:24:49.139 17982 18011 I BatteryMgr:DataCollectionService: stats => 1705692289139,-1179228,3732
01-19 20:24:50.141 17982 18011 I BatteryMgr:DataCollectionService: stats => 1705692290141,-1371493,3732
01-19 20:24:51.142 17982 18011 I BatteryMgr:DataCollectionService: stats => 1705692291142,-1174467,3732
01-19 20:24:52.144 17982 18011 I BatteryMgr:DataCollectionService: stats => 1705692292144,-1129056,3732
01-19 20:24:53.147 17982 18011 I BatteryMgr:DataCollectionService: stats => 1705692293147,-1294587,3732
01-19 20:24:54.150 17982 18011 I BatteryMgr:DataCollectionService: stats => 1705692294150,-1043360,3732
01-19 20:24:55.153 17982 18011 I BatteryMgr:DataCollectionService: stats => 1705692295153,-1124661,3732
01-19 20:24:56.155 17982 18011 I BatteryMgr:DataCollectionService: stats => 1705692296155,-1142240,3732
01-19 20:24:57.159 17982 18011 I BatteryMgr:DataCollectionService: stats => 1705692297159,-1253571,3732
01-19 20:24:58.160 17982 18011 I BatteryMgr:DataCollectionService: stats => 1705692298160,-1060206,3732
01-19 20:24:59.163 17982 18011 I BatteryMgr:DataCollectionService: stats => 1705692299163,-1226104,3723
01-19 20:25:00.167 17982 18011 I BatteryMgr:DataCollectionService: stats => 1705692300167,-1014795,3723
01-19 20:25:01.169 17982 18011 I BatteryMgr:DataCollectionService: stats => 1705692301169,-1062038,3723
01-19 20:25:02.171 17982 18011 I BatteryMgr:DataCollectionService: stats => 1705692302171,-1508826,3715
01-19 20:25:03.173 17982 18011 I BatteryMgr:DataCollectionService: stats => 1705692303173,-1090236,3715
01-19 20:25:04.175 17982 18011 I BatteryMgr:DataCollectionService: stats => 1705692304174,-1188750,3715
01-19 20:25:05.177 17982 18011 I BatteryMgr:DataCollectionService: stats => 1705692305177,-1286530,3715
01-19 20:25:06.179 17982 18011 I BatteryMgr:DataCollectionService: stats => 1705692306179,-1111477,3715
01-19 20:25:07.182 17982 18011 I BatteryMgr:DataCollectionService: stats => 1705692307182,-1618692,3715
01-19 20:25:08.184 17982 18011 I BatteryMgr:DataCollectionService: stats => 1705692308184,-1324617,3715
01-19 20:25:09.186 17982 18011 I BatteryMgr:DataCollectionService: stats => 1705692309186,-1199370,3731
01-19 20:25:10.189 17982 18011 I BatteryMgr:DataCollectionService: stats => 1705692310189,-1100491,3731
01-19 20:25:11.191 17982 18011 I BatteryMgr:DataCollectionService: stats => 1705692311191,-1186919,3731
01-19 20:25:12.195 17982 18011 I BatteryMgr:DataCollectionService: stats => 1705692312195,-1320955,3731
01-19 20:25:13.198 17982 18011 I BatteryMgr:DataCollectionService: stats => 1705692313198,-1016626,3731
01-19 20:25:14.201 17982 18011 I BatteryMgr:DataCollectionService: stats => 1705692314201,-1498572,3731
01-19 20:25:15.204 17982 18011 I BatteryMgr:DataCollectionService: stats => 1705692315204,-1097195,3731
01-19 20:25:16.206 17982 18011 I BatteryMgr:DataCollectionService: stats => 1705692316206,-1252472,3731
01-19 20:25:17.209 17982 18011 I BatteryMgr:DataCollectionService: stats => 1705692317209,-1230865,3731
01-19 20:25:18.211 17982 18011 I BatteryMgr:DataCollectionService: stats => 1705692318211,-1386142,3731
01-19 20:25:19.213 17982 18011 I BatteryMgr:DataCollectionService: stats => 1705692319213,-1055079,3731
01-19 20:25:20.217 17982 18011 I BatteryMgr:DataCollectionService: stats => 1705692320217,-1267853,3731
01-19 20:25:21.220 17982 18011 I BatteryMgr:DataCollectionService: stats => 1705692321220,-1142240,3731
01-19 20:25:22.222 17982 18011 I BatteryMgr:DataCollectionService: stats => 1705692322222,-1149198,3731
01-19 20:25:23.224 17982 18011 I BatteryMgr:DataCollectionService: stats => 1705692323224,-1413975,3731
01-19 20:25:24.226 17982 18011 I BatteryMgr:DataCollectionService: stats => 1705692324226,-1298982,3731
01-19 20:25:25.229 17982 18011 I BatteryMgr:DataCollectionService: stats => 1705692325229,-1152128,3731
01-19 20:25:26.231 17982 18011 I BatteryMgr:DataCollectionService: stats => 1705692326231,-1348422,3731
01-19 20:25:27.233 17982 18011 I BatteryMgr:DataCollectionService: stats => 1705692327233,-1283601,3731
01-19 20:25:28.237 17982 18011 I BatteryMgr:DataCollectionService: stats => 1705692328237,-1604043,3731
01-19 20:25:29.240 17982 18011 I BatteryMgr:DataCollectionService: stats => 1705692329240,-1628946,3705
01-19 20:25:30.242 17982 18011 I BatteryMgr:DataCollectionService: stats => 1705692330242,-1168974,3705
01-19 20:25:31.244 17982 18011 I BatteryMgr:DataCollectionService: stats => 1705692331244,-1094265,3705
01-19 20:25:32.247 17982 18011 I BatteryMgr:DataCollectionService: stats => 1705692332247,-1130521,3705
01-19 20:25:33.249 17982 18011 I BatteryMgr:DataCollectionService: stats => 1705692333249,-1429356,3705
01-19 20:25:34.252 17982 18011 I BatteryMgr:DataCollectionService: stats => 1705692334252,-1079982,3705
01-19 20:25:35.255 17982 18011 I BatteryMgr:DataCollectionService: stats => 1705692335255,-1327913,3705
01-19 20:25:36.256 17982 18011 I BatteryMgr:DataCollectionService: stats => 1705692336256,-1161649,3705
01-19 20:25:37.258 17982 18011 I BatteryMgr:DataCollectionService: stats => 1705692337258,-1316560,3705
01-19 20:25:38.262 17982 18011 I BatteryMgr:DataCollectionService: stats => 1705692338262,-1320223,3705
01-19 20:25:39.264 17982 18011 I BatteryMgr:DataCollectionService: stats => 1705692339264,-1375156,3725
01-19 20:25:40.267 17982 18011 I BatteryMgr:DataCollectionService: stats => 1705692340267,-995019,3725
01-19 20:25:41.269 17982 18011 I BatteryMgr:DataCollectionService: stats => 1705692341269,-1259430,3725
01-19 20:25:42.272 17982 18011 I BatteryMgr:DataCollectionService: stats => 1705692342272,-1178129,3725
01-19 20:25:43.275 17982 18011 I BatteryMgr:DataCollectionService: stats => 1705692343275,-1300081,3725
01-19 20:25:44.277 17982 18011 I BatteryMgr:DataCollectionService: stats => 1705692344277,-1122098,3725
01-19 20:25:45.283 17982 18011 I BatteryMgr:DataCollectionService: stats => 1705692345283,-1350619,3725
01-19 20:25:46.286 17982 18011 I BatteryMgr:DataCollectionService: stats => 1705692346286,-1213653,3725
01-19 20:25:47.289 17982 18011 I BatteryMgr:DataCollectionService: stats => 1705692347289,-1363437,3725
01-19 20:25:48.291 17982 18011 I BatteryMgr:DataCollectionService: stats => 1705692348291,-1026514,3725
01-19 20:25:49.293 17982 18011 I BatteryMgr:DataCollectionService: stats => 1705692349293,-1524573,3732
01-19 20:25:50.296 17982 18011 I BatteryMgr:DataCollectionService: stats => 1705692350296,-1728192,3732
01-19 20:25:51.298 17982 18011 I BatteryMgr:DataCollectionService: stats => 1705692351298,-1116238,3732
01-19 20:25:52.300 17982 18011 I BatteryMgr:DataCollectionService: stats => 1705692352300,-1207427,3732
01-19 20:25:53.303 17982 18011 I BatteryMgr:DataCollectionService: stats => 1705692353303,-1178129,3732
01-19 20:25:54.305 17982 18011 I BatteryMgr:DataCollectionService: stats => 1705692354305,-1262360,3732
01-19 20:25:55.308 17982 18011 I BatteryMgr:DataCollectionService: stats => 1705692355308,-1033106,3732
01-19 20:25:56.310 17982 18011 I BatteryMgr:DataCollectionService: stats => 1705692356310,-1405186,3732
01-19 20:25:57.312 17982 18011 I BatteryMgr:DataCollectionService: stats => 1705692357312,-1166410,3732
01-19 20:25:58.314 17982 18011 I BatteryMgr:DataCollectionService: stats => 1705692358314,-1179960,3732
01-19 20:25:59.317 17982 18011 I BatteryMgr:DataCollectionService: stats => 1705692359317,-1107449,3727
01-19 20:26:00.318 17982 18011 I BatteryMgr:DataCollectionService: stats => 1705692360318,-1361605,3727
01-19 20:26:01.321 17982 18011 I BatteryMgr:DataCollectionService: stats => 1705692361321,-1068996,3727
01-19 20:26:02.323 17982 18011 I BatteryMgr:DataCollectionService: stats => 1705692362323,-1232696,3727
01-19 20:26:03.324 17982 18011 I BatteryMgr:DataCollectionService: stats => 1705692363324,-1183989,3727
01-19 20:26:04.327 17982 18011 I BatteryMgr:DataCollectionService: stats => 1705692364327,-1133084,3727
01-19 20:26:05.330 17982 18011 I BatteryMgr:DataCollectionService: stats => 1705692365330,-1309602,3727
01-19 20:26:06.333 17982 18011 I BatteryMgr:DataCollectionService: stats => 1705692366333,-1202666,3727
01-19 20:26:07.336 17982 18011 I BatteryMgr:DataCollectionService: stats => 1705692367336,-1220977,3727
01-19 20:26:08.338 17982 18011 I BatteryMgr:DataCollectionService: stats => 1705692368338,-1307405,3727
01-19 20:26:09.340 17982 18011 I BatteryMgr:DataCollectionService: stats => 1705692369340,-1370395,3722
01-19 20:26:10.343 17982 18011 I BatteryMgr:DataCollectionService: stats => 1705692370343,-1189482,3722
01-19 20:26:11.345 17982 18011 I BatteryMgr:DataCollectionService: stats => 1705692371345,-1661540,3722
01-19 20:26:12.347 17982 18011 I BatteryMgr:DataCollectionService: stats => 1705692372347,-1251739,3722
01-19 20:26:13.349 17982 18011 I BatteryMgr:DataCollectionService: stats => 1705692373349,-1171537,3722
01-19 20:26:14.351 17982 18011 I BatteryMgr:DataCollectionService: stats => 1705692374351,-1203398,3722
01-19 20:26:15.353 17982 18011 I BatteryMgr:DataCollectionService: stats => 1705692375353,-1501135,3720
01-19 20:26:16.357 17982 18011 I BatteryMgr:DataCollectionService: stats => 1705692376357,-1129788,3728
01-19 20:26:17.359 17982 18011 I BatteryMgr:DataCollectionService: stats => 1705692377359,-1300813,3728
01-19 20:26:18.362 17982 18011 I BatteryMgr:DataCollectionService: stats => 1705692378362,-1179594,3728
01-19 20:26:19.364 17982 18011 I BatteryMgr:DataCollectionService: stats => 1705692379364,-1259430,3735
01-19 20:26:20.366 17982 18011 I BatteryMgr:DataCollectionService: stats => 1705692380366,-1195708,3735
01-19 20:26:21.368 17982 18011 I BatteryMgr:DataCollectionService: stats => 1705692381368,-1235260,3735
01-19 20:26:22.371 17982 18011 I BatteryMgr:DataCollectionService: stats => 1705692382371,-1258698,3735
01-19 20:26:23.373 17982 18011 I BatteryMgr:DataCollectionService: stats => 1705692383373,-1384311,3735
01-19 20:26:24.376 17982 18011 I BatteryMgr:DataCollectionService: stats => 1705692384376,-1275544,3735
01-19 20:26:25.377 17982 18011 I BatteryMgr:DataCollectionService: stats => 1705692385377,-1326082,3735
01-19 20:26:26.379 17982 18011 I BatteryMgr:DataCollectionService: stats => 1705692386379,-1142972,3735
01-19 20:26:27.381 17982 18011 I BatteryMgr:DataCollectionService: stats => 1705692387381,-1472936,3735
01-19 20:26:28.384 17982 18011 I BatteryMgr:DataCollectionService: stats => 1705692388384,-1045924,3735
01-19 20:26:29.387 17982 18011 I BatteryMgr:DataCollectionService: stats => 1705692389387,-1291291,3738
01-19 20:26:30.389 17982 18011 I BatteryMgr:DataCollectionService: stats => 1705692390389,-1264557,3738
01-19 20:26:31.390 17982 18011 I BatteryMgr:DataCollectionService: stats => 1705692391390,-1438878,3738
01-19 20:26:32.392 17982 18011 I BatteryMgr:DataCollectionService: stats => 1705692392392,-1601113,3738
01-19 20:26:33.396 17982 18011 I BatteryMgr:DataCollectionService: stats => 1705692393396,-1783491,3738
01-19 20:26:34.398 17982 18011 I BatteryMgr:DataCollectionService: stats => 1705692394398,-1084011,3738
01-19 20:26:35.401 17982 18011 I BatteryMgr:DataCollectionService: stats => 1705692395401,-1191313,3738
01-19 20:26:36.404 17982 18011 I BatteryMgr:DataCollectionService: stats => 1705692396404,-1516517,3738
01-19 20:26:37.405 17982 18011 I BatteryMgr:DataCollectionService: stats => 1705692397405,-1275544,3738
01-19 20:26:38.408 17982 18011 I BatteryMgr:DataCollectionService: stats => 1705692398407,-1237457,3738
01-19 20:26:39.409 17982 18011 I BatteryMgr:DataCollectionService: stats => 1705692399409,-1178862,3727
01-19 20:26:40.412 17982 18011 I BatteryMgr:DataCollectionService: stats => 1705692400412,-1196440,3727
01-19 20:26:41.415 17982 18011 I BatteryMgr:DataCollectionService: stats => 1705692401414,-1114041,3727
01-19 20:26:42.417 17982 18011 I BatteryMgr:DataCollectionService: stats => 1705692402417,-1226837,3727
01-19 20:26:43.418 17982 18011 I BatteryMgr:DataCollectionService: stats => 1705692403418,-1114041,3727
01-19 20:26:44.422 17982 18011 I BatteryMgr:DataCollectionService: stats => 1705692404422,-1257965,3727
01-19 20:26:45.424 17982 18011 I BatteryMgr:DataCollectionService: stats => 1705692405424,-1112576,3727
01-19 20:26:46.426 17982 18011 I BatteryMgr:DataCollectionService: stats => 1705692406426,-1241485,3727
01-19 20:26:47.428 17982 18011 I BatteryMgr:DataCollectionService: stats => 1705692407428,-1052516,3727
01-19 20:26:48.432 17982 18011 I BatteryMgr:DataCollectionService: stats => 1705692408432,-1230865,3727
01-19 20:26:49.435 17982 18011 I BatteryMgr:DataCollectionService: stats => 1705692409435,-1055812,3726
01-19 20:26:50.438 17982 18011 I BatteryMgr:DataCollectionService: stats => 1705692410438,-1433751,3726
01-19 20:26:51.441 17982 18011 I BatteryMgr:DataCollectionService: stats => 1705692411441,-1287995,3726
01-19 20:26:52.443 17982 18011 I BatteryMgr:DataCollectionService: stats => 1705692412443,-1306672,3726
01-19 20:26:53.448 17982 18011 I BatteryMgr:DataCollectionService: stats => 1705692413448,-1272980,3726
01-19 20:26:54.452 17982 18011 I BatteryMgr:DataCollectionService: stats => 1705692414452,-1557899,3726
01-19 20:26:55.454 17982 18011 I BatteryMgr:DataCollectionService: stats => 1705692415454,-1267853,3726
01-19 20:26:56.457 17982 18011 I BatteryMgr:DataCollectionService: stats => 1705692416457,-1360507,3726
01-19 20:26:57.459 17982 18011 I BatteryMgr:DataCollectionService: stats => 1705692417459,-1251007,3726
01-19 20:26:58.460 17982 18011 I BatteryMgr:DataCollectionService: stats => 1705692418460,-1376987,3726
01-19 20:26:59.462 17982 18011 I BatteryMgr:DataCollectionService: stats => 1705692419462,-1034205,3730
01-19 20:27:00.465 17982 18011 I BatteryMgr:DataCollectionService: stats => 1705692420465,-1328646,3730
01-19 20:27:01.467 17982 18011 I BatteryMgr:DataCollectionService: stats => 1705692421467,-1225005,3730
01-19 20:27:02.469 17982 18011 I BatteryMgr:DataCollectionService: stats => 1705692422469,-1196806,3730
01-19 20:27:03.471 17982 18011 I BatteryMgr:DataCollectionService: stats => 1705692423471,-1326082,3730
01-19 20:27:04.473 17982 18011 I BatteryMgr:DataCollectionService: stats => 1705692424473,-1162748,3730
01-19 20:27:05.474 17982 18011 I BatteryMgr:DataCollectionService: stats => 1705692425474,-1433018,3730
01-19 20:27:06.482 17982 18011 I BatteryMgr:DataCollectionService: stats => 1705692426482,-1165678,3730
01-19 20:27:07.484 17982 18011 I BatteryMgr:DataCollectionService: stats => 1705692427484,-1302644,3730
01-19 20:27:08.486 17982 18011 I BatteryMgr:DataCollectionService: stats => 1705692428486,-1170072,3730
01-19 20:27:09.488 17982 18011 I BatteryMgr:DataCollectionService: stats => 1705692429488,-1264191,3729
01-19 20:27:10.490 17982 18011 I BatteryMgr:DataCollectionService: stats => 1705692430490,-1122464,3729
01-19 20:27:11.493 17982 18011 I BatteryMgr:DataCollectionService: stats => 1705692431493,-1335604,3729
01-19 20:27:12.498 17982 18011 I BatteryMgr:DataCollectionService: stats => 1705692432498,-1068996,3729
01-19 20:27:13.500 17982 18011 I BatteryMgr:DataCollectionService: stats => 1705692433500,-1344027,3729
01-19 20:27:14.501 17982 18011 I BatteryMgr:DataCollectionService: stats => 1705692434501,-1175932,3729
01-19 20:27:15.503 17982 18011 I BatteryMgr:DataCollectionService: stats => 1705692435503,-1651285,3729
01-19 20:27:16.505 17982 18011 I BatteryMgr:DataCollectionService: stats => 1705692436505,-1200469,3729
01-19 20:27:17.507 17982 18011 I BatteryMgr:DataCollectionService: stats => 1705692437507,-1233062,3729
01-19 20:27:18.511 17982 18011 I BatteryMgr:DataCollectionService: stats => 1705692438511,-1270050,3727
01-19 20:27:19.513 17982 18011 I BatteryMgr:DataCollectionService: stats => 1705692439513,-1336336,3721
