timestamp,id,uuid,load,memoryUtil,memoryTotal,memoryFree,driver,name,serial,display_mode,display_active
1709131266.149617,0,GPU-a71d5fd4-b7db-93b7-1b7a-5a6e2a6a8c65,0.2,0.394140625,10240.0,6204.0,472.12,NVIDIA GeForce RTX 3080,[N/A],Enabled,Enabled
1709131267.143472,0,GPU-a71d5fd4-b7db-93b7-1b7a-5a6e2a6a8c65,0.17,0.555078125,10240.0,4556.0,472.12,NVIDIA GeForce RTX 3080,[N/A],Enabled,Enabled
1709131268.141552,0,GPU-a71d5fd4-b7db-93b7-1b7a-5a6e2a6a8c65,0.11,0.5001953125,10240.0,5118.0,472.12,NVIDIA GeForce RTX 3080,[N/A],Enabled,Enabled
1709131269.152825,0,GPU-a71d5fd4-b7db-93b7-1b7a-5a6e2a6a8c65,0.11,0.5001953125,10240.0,5118.0,472.12,NVIDIA GeForce RTX 3080,[N/A],Enabled,Enabled
1709131270.149469,0,GPU-a71d5fd4-b7db-93b7-1b7a-5a6e2a6a8c65,0.11,0.5001953125,10240.0,5118.0,472.12,NVIDIA GeForce RTX 3080,[N/A],Enabled,Enabled
1709131271.148751,0,GPU-a71d5fd4-b7db-93b7-1b7a-5a6e2a6a8c65,0.13,0.3876953125,10240.0,6270.0,472.12,NVIDIA GeForce RTX 3080,[N/A],Enabled,Enabled
1709131272.147497,0,GPU-a71d5fd4-b7db-93b7-1b7a-5a6e2a6a8c65,0.23,0.4341796875,10240.0,5794.0,472.12,NVIDIA GeForce RTX 3080,[N/A],Enabled,Enabled
1709131273.143857,0,GPU-a71d5fd4-b7db-93b7-1b7a-5a6e2a6a8c65,0.15,0.4525390625,10240.0,5606.0,472.12,NVIDIA GeForce RTX 3080,[N/A],Enabled,Enabled
1709131274.143895,0,GPU-a71d5fd4-b7db-93b7-1b7a-5a6e2a6a8c65,0.15,0.4525390625,10240.0,5606.0,472.12,NVIDIA GeForce RTX 3080,[N/A],Enabled,Enabled
1709131275.141041,0,GPU-a71d5fd4-b7db-93b7-1b7a-5a6e2a6a8c65,0.13,0.44873046875,10240.0,5645.0,472.12,NVIDIA GeForce RTX 3080,[N/A],Enabled,Enabled
1709131276.154254,0,GPU-a71d5fd4-b7db-93b7-1b7a-5a6e2a6a8c65,0.14,0.44873046875,10240.0,5645.0,472.12,NVIDIA GeForce RTX 3080,[N/A],Enabled,Enabled
1709131277.150798,0,GPU-a71d5fd4-b7db-93b7-1b7a-5a6e2a6a8c65,0.14,0.448828125,10240.0,5644.0,472.12,NVIDIA GeForce RTX 3080,[N/A],Enabled,Enabled
1709131278.147875,0,GPU-a71d5fd4-b7db-93b7-1b7a-5a6e2a6a8c65,0.16,0.4525390625,10240.0,5606.0,472.12,NVIDIA GeForce RTX 3080,[N/A],Enabled,Enabled
1709131279.142928,0,GPU-a71d5fd4-b7db-93b7-1b7a-5a6e2a6a8c65,0.1,0.444921875,10240.0,5684.0,472.12,NVIDIA GeForce RTX 3080,[N/A],Enabled,Enabled
1709131280.154782,0,GPU-a71d5fd4-b7db-93b7-1b7a-5a6e2a6a8c65,0.15,0.453515625,10240.0,5596.0,472.12,NVIDIA GeForce RTX 3080,[N/A],Enabled,Enabled
1709131281.153415,0,GPU-a71d5fd4-b7db-93b7-1b7a-5a6e2a6a8c65,0.15,0.453515625,10240.0,5596.0,472.12,NVIDIA GeForce RTX 3080,[N/A],Enabled,Enabled
1709131282.148559,0,GPU-a71d5fd4-b7db-93b7-1b7a-5a6e2a6a8c65,0.16,0.453515625,10240.0,5596.0,472.12,NVIDIA GeForce RTX 3080,[N/A],Enabled,Enabled
1709131283.145792,0,GPU-a71d5fd4-b7db-93b7-1b7a-5a6e2a6a8c65,0.14,0.4498046875,10240.0,5634.0,472.12,NVIDIA GeForce RTX 3080,[N/A],Enabled,Enabled
1709131284.142357,0,GPU-a71d5fd4-b7db-93b7-1b7a-5a6e2a6a8c65,0.14,0.453515625,10240.0,5596.0,472.12,NVIDIA GeForce RTX 3080,[N/A],Enabled,Enabled
1709131285.155499,0,GPU-a71d5fd4-b7db-93b7-1b7a-5a6e2a6a8c65,0.14,0.4498046875,10240.0,5634.0,472.12,NVIDIA GeForce RTX 3080,[N/A],Enabled,Enabled
1709131286.152834,0,GPU-a71d5fd4-b7db-93b7-1b7a-5a6e2a6a8c65,0.14,0.4498046875,10240.0,5634.0,472.12,NVIDIA GeForce RTX 3080,[N/A],Enabled,Enabled
1709131287.152767,0,GPU-a71d5fd4-b7db-93b7-1b7a-5a6e2a6a8c65,0.15,0.453515625,10240.0,5596.0,472.12,NVIDIA GeForce RTX 3080,[N/A],Enabled,Enabled
1709131288.150276,0,GPU-a71d5fd4-b7db-93b7-1b7a-5a6e2a6a8c65,0.14,0.4498046875,10240.0,5634.0,472.12,NVIDIA GeForce RTX 3080,[N/A],Enabled,Enabled
1709131289.148349,0,GPU-a71d5fd4-b7db-93b7-1b7a-5a6e2a6a8c65,0.15,0.45361328125,10240.0,5595.0,472.12,NVIDIA GeForce RTX 3080,[N/A],Enabled,Enabled
1709131290.143602,0,GPU-a71d5fd4-b7db-93b7-1b7a-5a6e2a6a8c65,0.14,0.4498046875,10240.0,5634.0,472.12,NVIDIA GeForce RTX 3080,[N/A],Enabled,Enabled
1709131291.151861,0,GPU-a71d5fd4-b7db-93b7-1b7a-5a6e2a6a8c65,0.15,0.4498046875,10240.0,5634.0,472.12,NVIDIA GeForce RTX 3080,[N/A],Enabled,Enabled
1709131292.151369,0,GPU-a71d5fd4-b7db-93b7-1b7a-5a6e2a6a8c65,0.14,0.4498046875,10240.0,5634.0,472.12,NVIDIA GeForce RTX 3080,[N/A],Enabled,Enabled
1709131293.147904,0,GPU-a71d5fd4-b7db-93b7-1b7a-5a6e2a6a8c65,0.14,0.4498046875,10240.0,5634.0,472.12,NVIDIA GeForce RTX 3080,[N/A],Enabled,Enabled
1709131294.144815,0,GPU-a71d5fd4-b7db-93b7-1b7a-5a6e2a6a8c65,0.14,0.4498046875,10240.0,5634.0,472.12,NVIDIA GeForce RTX 3080,[N/A],Enabled,Enabled
1709131295.141479,0,GPU-a71d5fd4-b7db-93b7-1b7a-5a6e2a6a8c65,0.14,0.4498046875,10240.0,5634.0,472.12,NVIDIA GeForce RTX 3080,[N/A],Enabled,Enabled
1709131296.154525,0,GPU-a71d5fd4-b7db-93b7-1b7a-5a6e2a6a8c65,0.14,0.453515625,10240.0,5596.0,472.12,NVIDIA GeForce RTX 3080,[N/A],Enabled,Enabled
1709131297.152148,0,GPU-a71d5fd4-b7db-93b7-1b7a-5a6e2a6a8c65,0.14,0.4498046875,10240.0,5634.0,472.12,NVIDIA GeForce RTX 3080,[N/A],Enabled,Enabled
1709131298.150372,0,GPU-a71d5fd4-b7db-93b7-1b7a-5a6e2a6a8c65,0.14,0.45361328125,10240.0,5595.0,472.12,NVIDIA GeForce RTX 3080,[N/A],Enabled,Enabled
1709131299.14556,0,GPU-a71d5fd4-b7db-93b7-1b7a-5a6e2a6a8c65,0.15,0.45224609375,10240.0,5609.0,472.12,NVIDIA GeForce RTX 3080,[N/A],Enabled,Enabled
1709131300.142603,0,GPU-a71d5fd4-b7db-93b7-1b7a-5a6e2a6a8c65,0.18,0.46298828125,10240.0,5499.0,472.12,NVIDIA GeForce RTX 3080,[N/A],Enabled,Enabled
1709131301.153525,0,GPU-a71d5fd4-b7db-93b7-1b7a-5a6e2a6a8c65,0.18,0.46298828125,10240.0,5499.0,472.12,NVIDIA GeForce RTX 3080,[N/A],Enabled,Enabled
1709131302.149702,0,GPU-a71d5fd4-b7db-93b7-1b7a-5a6e2a6a8c65,0.18,0.462109375,10240.0,5508.0,472.12,NVIDIA GeForce RTX 3080,[N/A],Enabled,Enabled
1709131303.144647,0,GPU-a71d5fd4-b7db-93b7-1b7a-5a6e2a6a8c65,0.19,0.462109375,10240.0,5508.0,472.12,NVIDIA GeForce RTX 3080,[N/A],Enabled,Enabled
1709131304.142829,0,GPU-a71d5fd4-b7db-93b7-1b7a-5a6e2a6a8c65,0.18,0.462109375,10240.0,5508.0,472.12,NVIDIA GeForce RTX 3080,[N/A],Enabled,Enabled
1709131305.142809,0,GPU-a71d5fd4-b7db-93b7-1b7a-5a6e2a6a8c65,0.19,0.462109375,10240.0,5508.0,472.12,NVIDIA GeForce RTX 3080,[N/A],Enabled,Enabled
1709131306.140534,0,GPU-a71d5fd4-b7db-93b7-1b7a-5a6e2a6a8c65,0.17,0.462109375,10240.0,5508.0,472.12,NVIDIA GeForce RTX 3080,[N/A],Enabled,Enabled
1709131307.142738,0,GPU-a71d5fd4-b7db-93b7-1b7a-5a6e2a6a8c65,0.18,0.462109375,10240.0,5508.0,472.12,NVIDIA GeForce RTX 3080,[N/A],Enabled,Enabled
1709131308.155745,0,GPU-a71d5fd4-b7db-93b7-1b7a-5a6e2a6a8c65,0.18,0.462109375,10240.0,5508.0,472.12,NVIDIA GeForce RTX 3080,[N/A],Enabled,Enabled
1709131309.154333,0,GPU-a71d5fd4-b7db-93b7-1b7a-5a6e2a6a8c65,0.18,0.462109375,10240.0,5508.0,472.12,NVIDIA GeForce RTX 3080,[N/A],Enabled,Enabled
1709131310.153854,0,GPU-a71d5fd4-b7db-93b7-1b7a-5a6e2a6a8c65,0.18,0.462109375,10240.0,5508.0,472.12,NVIDIA GeForce RTX 3080,[N/A],Enabled,Enabled
1709131311.149851,0,GPU-a71d5fd4-b7db-93b7-1b7a-5a6e2a6a8c65,0.18,0.462109375,10240.0,5508.0,472.12,NVIDIA GeForce RTX 3080,[N/A],Enabled,Enabled
1709131312.146173,0,GPU-a71d5fd4-b7db-93b7-1b7a-5a6e2a6a8c65,0.18,0.462109375,10240.0,5508.0,472.12,NVIDIA GeForce RTX 3080,[N/A],Enabled,Enabled
1709131313.142646,0,GPU-a71d5fd4-b7db-93b7-1b7a-5a6e2a6a8c65,0.18,0.462109375,10240.0,5508.0,472.12,NVIDIA GeForce RTX 3080,[N/A],Enabled,Enabled
1709131314.140894,0,GPU-a71d5fd4-b7db-93b7-1b7a-5a6e2a6a8c65,0.18,0.462109375,10240.0,5508.0,472.12,NVIDIA GeForce RTX 3080,[N/A],Enabled,Enabled
1709131315.150501,0,GPU-a71d5fd4-b7db-93b7-1b7a-5a6e2a6a8c65,0.19,0.462109375,10240.0,5508.0,472.12,NVIDIA GeForce RTX 3080,[N/A],Enabled,Enabled
1709131316.147789,0,GPU-a71d5fd4-b7db-93b7-1b7a-5a6e2a6a8c65,0.19,0.462109375,10240.0,5508.0,472.12,NVIDIA GeForce RTX 3080,[N/A],Enabled,Enabled
1709131317.141726,0,GPU-a71d5fd4-b7db-93b7-1b7a-5a6e2a6a8c65,0.18,0.462109375,10240.0,5508.0,472.12,NVIDIA GeForce RTX 3080,[N/A],Enabled,Enabled
1709131318.152789,0,GPU-a71d5fd4-b7db-93b7-1b7a-5a6e2a6a8c65,0.18,0.462109375,10240.0,5508.0,472.12,NVIDIA GeForce RTX 3080,[N/A],Enabled,Enabled
1709131319.148757,0,GPU-a71d5fd4-b7db-93b7-1b7a-5a6e2a6a8c65,0.18,0.462109375,10240.0,5508.0,472.12,NVIDIA GeForce RTX 3080,[N/A],Enabled,Enabled
1709131320.150788,0,GPU-a71d5fd4-b7db-93b7-1b7a-5a6e2a6a8c65,0.19,0.462109375,10240.0,5508.0,472.12,NVIDIA GeForce RTX 3080,[N/A],Enabled,Enabled
1709131321.149534,0,GPU-a71d5fd4-b7db-93b7-1b7a-5a6e2a6a8c65,0.19,0.462109375,10240.0,5508.0,472.12,NVIDIA GeForce RTX 3080,[N/A],Enabled,Enabled
1709131322.149686,0,GPU-a71d5fd4-b7db-93b7-1b7a-5a6e2a6a8c65,0.18,0.462109375,10240.0,5508.0,472.12,NVIDIA GeForce RTX 3080,[N/A],Enabled,Enabled
1709131323.148604,0,GPU-a71d5fd4-b7db-93b7-1b7a-5a6e2a6a8c65,0.18,0.462109375,10240.0,5508.0,472.12,NVIDIA GeForce RTX 3080,[N/A],Enabled,Enabled
1709131324.147473,0,GPU-a71d5fd4-b7db-93b7-1b7a-5a6e2a6a8c65,0.18,0.462109375,10240.0,5508.0,472.12,NVIDIA GeForce RTX 3080,[N/A],Enabled,Enabled
1709131325.143683,0,GPU-a71d5fd4-b7db-93b7-1b7a-5a6e2a6a8c65,0.19,0.462109375,10240.0,5508.0,472.12,NVIDIA GeForce RTX 3080,[N/A],Enabled,Enabled
1709131326.155354,0,GPU-a71d5fd4-b7db-93b7-1b7a-5a6e2a6a8c65,0.19,0.46201171875,10240.0,5509.0,472.12,NVIDIA GeForce RTX 3080,[N/A],Enabled,Enabled
1709131327.140824,0,GPU-a71d5fd4-b7db-93b7-1b7a-5a6e2a6a8c65,0.18,0.46201171875,10240.0,5509.0,472.12,NVIDIA GeForce RTX 3080,[N/A],Enabled,Enabled
1709131328.148759,0,GPU-a71d5fd4-b7db-93b7-1b7a-5a6e2a6a8c65,0.18,0.46201171875,10240.0,5509.0,472.12,NVIDIA GeForce RTX 3080,[N/A],Enabled,Enabled
1709131329.147761,0,GPU-a71d5fd4-b7db-93b7-1b7a-5a6e2a6a8c65,0.19,0.46201171875,10240.0,5509.0,472.12,NVIDIA GeForce RTX 3080,[N/A],Enabled,Enabled
1709131330.148397,0,GPU-a71d5fd4-b7db-93b7-1b7a-5a6e2a6a8c65,0.18,0.46201171875,10240.0,5509.0,472.12,NVIDIA GeForce RTX 3080,[N/A],Enabled,Enabled
1709131331.144655,0,GPU-a71d5fd4-b7db-93b7-1b7a-5a6e2a6a8c65,0.18,0.46201171875,10240.0,5509.0,472.12,NVIDIA GeForce RTX 3080,[N/A],Enabled,Enabled
1709131332.142716,0,GPU-a71d5fd4-b7db-93b7-1b7a-5a6e2a6a8c65,0.19,0.46201171875,10240.0,5509.0,472.12,NVIDIA GeForce RTX 3080,[N/A],Enabled,Enabled
1709131333.154618,0,GPU-a71d5fd4-b7db-93b7-1b7a-5a6e2a6a8c65,0.19,0.46201171875,10240.0,5509.0,472.12,NVIDIA GeForce RTX 3080,[N/A],Enabled,Enabled
1709131334.147683,0,GPU-a71d5fd4-b7db-93b7-1b7a-5a6e2a6a8c65,0.19,0.46201171875,10240.0,5509.0,472.12,NVIDIA GeForce RTX 3080,[N/A],Enabled,Enabled
1709131335.142884,0,GPU-a71d5fd4-b7db-93b7-1b7a-5a6e2a6a8c65,0.19,0.46201171875,10240.0,5509.0,472.12,NVIDIA GeForce RTX 3080,[N/A],Enabled,Enabled
1709131336.151616,0,GPU-a71d5fd4-b7db-93b7-1b7a-5a6e2a6a8c65,0.17,0.46201171875,10240.0,5509.0,472.12,NVIDIA GeForce RTX 3080,[N/A],Enabled,Enabled
1709131337.147733,0,GPU-a71d5fd4-b7db-93b7-1b7a-5a6e2a6a8c65,0.19,0.46201171875,10240.0,5509.0,472.12,NVIDIA GeForce RTX 3080,[N/A],Enabled,Enabled
1709131338.143839,0,GPU-a71d5fd4-b7db-93b7-1b7a-5a6e2a6a8c65,0.19,0.46201171875,10240.0,5509.0,472.12,NVIDIA GeForce RTX 3080,[N/A],Enabled,Enabled
1709131339.151513,0,GPU-a71d5fd4-b7db-93b7-1b7a-5a6e2a6a8c65,0.19,0.46201171875,10240.0,5509.0,472.12,NVIDIA GeForce RTX 3080,[N/A],Enabled,Enabled
1709131340.150637,0,GPU-a71d5fd4-b7db-93b7-1b7a-5a6e2a6a8c65,0.18,0.46201171875,10240.0,5509.0,472.12,NVIDIA GeForce RTX 3080,[N/A],Enabled,Enabled
1709131341.14951,0,GPU-a71d5fd4-b7db-93b7-1b7a-5a6e2a6a8c65,0.18,0.46201171875,10240.0,5509.0,472.12,NVIDIA GeForce RTX 3080,[N/A],Enabled,Enabled
1709131342.146926,0,GPU-a71d5fd4-b7db-93b7-1b7a-5a6e2a6a8c65,0.18,0.46201171875,10240.0,5509.0,472.12,NVIDIA GeForce RTX 3080,[N/A],Enabled,Enabled
1709131343.142806,0,GPU-a71d5fd4-b7db-93b7-1b7a-5a6e2a6a8c65,0.18,0.46201171875,10240.0,5509.0,472.12,NVIDIA GeForce RTX 3080,[N/A],Enabled,Enabled
1709131344.155814,0,GPU-a71d5fd4-b7db-93b7-1b7a-5a6e2a6a8c65,0.18,0.46201171875,10240.0,5509.0,472.12,NVIDIA GeForce RTX 3080,[N/A],Enabled,Enabled
1709131345.152843,0,GPU-a71d5fd4-b7db-93b7-1b7a-5a6e2a6a8c65,0.19,0.46201171875,10240.0,5509.0,472.12,NVIDIA GeForce RTX 3080,[N/A],Enabled,Enabled
1709131346.150574,0,GPU-a71d5fd4-b7db-93b7-1b7a-5a6e2a6a8c65,0.18,0.46201171875,10240.0,5509.0,472.12,NVIDIA GeForce RTX 3080,[N/A],Enabled,Enabled
1709131347.147612,0,GPU-a71d5fd4-b7db-93b7-1b7a-5a6e2a6a8c65,0.18,0.46201171875,10240.0,5509.0,472.12,NVIDIA GeForce RTX 3080,[N/A],Enabled,Enabled
1709131348.144439,0,GPU-a71d5fd4-b7db-93b7-1b7a-5a6e2a6a8c65,0.18,0.46201171875,10240.0,5509.0,472.12,NVIDIA GeForce RTX 3080,[N/A],Enabled,Enabled
1709131349.141819,0,GPU-a71d5fd4-b7db-93b7-1b7a-5a6e2a6a8c65,0.18,0.46201171875,10240.0,5509.0,472.12,NVIDIA GeForce RTX 3080,[N/A],Enabled,Enabled
1709131350.151753,0,GPU-a71d5fd4-b7db-93b7-1b7a-5a6e2a6a8c65,0.19,0.46201171875,10240.0,5509.0,472.12,NVIDIA GeForce RTX 3080,[N/A],Enabled,Enabled
1709131351.149406,0,GPU-a71d5fd4-b7db-93b7-1b7a-5a6e2a6a8c65,0.19,0.46201171875,10240.0,5509.0,472.12,NVIDIA GeForce RTX 3080,[N/A],Enabled,Enabled
1709131352.145856,0,GPU-a71d5fd4-b7db-93b7-1b7a-5a6e2a6a8c65,0.18,0.46201171875,10240.0,5509.0,472.12,NVIDIA GeForce RTX 3080,[N/A],Enabled,Enabled
1709131353.145346,0,GPU-a71d5fd4-b7db-93b7-1b7a-5a6e2a6a8c65,0.18,0.46201171875,10240.0,5509.0,472.12,NVIDIA GeForce RTX 3080,[N/A],Enabled,Enabled
1709131354.155504,0,GPU-a71d5fd4-b7db-93b7-1b7a-5a6e2a6a8c65,0.18,0.46201171875,10240.0,5509.0,472.12,NVIDIA GeForce RTX 3080,[N/A],Enabled,Enabled
1709131355.152887,0,GPU-a71d5fd4-b7db-93b7-1b7a-5a6e2a6a8c65,0.19,0.46201171875,10240.0,5509.0,472.12,NVIDIA GeForce RTX 3080,[N/A],Enabled,Enabled
1709131356.148389,0,GPU-a71d5fd4-b7db-93b7-1b7a-5a6e2a6a8c65,0.19,0.46201171875,10240.0,5509.0,472.12,NVIDIA GeForce RTX 3080,[N/A],Enabled,Enabled
1709131357.142531,0,GPU-a71d5fd4-b7db-93b7-1b7a-5a6e2a6a8c65,0.18,0.46201171875,10240.0,5509.0,472.12,NVIDIA GeForce RTX 3080,[N/A],Enabled,Enabled
1709131358.153893,0,GPU-a71d5fd4-b7db-93b7-1b7a-5a6e2a6a8c65,0.18,0.46201171875,10240.0,5509.0,472.12,NVIDIA GeForce RTX 3080,[N/A],Enabled,Enabled
1709131359.149586,0,GPU-a71d5fd4-b7db-93b7-1b7a-5a6e2a6a8c65,0.19,0.46201171875,10240.0,5509.0,472.12,NVIDIA GeForce RTX 3080,[N/A],Enabled,Enabled
1709131360.148537,0,GPU-a71d5fd4-b7db-93b7-1b7a-5a6e2a6a8c65,0.18,0.46201171875,10240.0,5509.0,472.12,NVIDIA GeForce RTX 3080,[N/A],Enabled,Enabled
1709131361.143874,0,GPU-a71d5fd4-b7db-93b7-1b7a-5a6e2a6a8c65,0.19,0.46201171875,10240.0,5509.0,472.12,NVIDIA GeForce RTX 3080,[N/A],Enabled,Enabled
1709131362.140815,0,GPU-a71d5fd4-b7db-93b7-1b7a-5a6e2a6a8c65,0.19,0.46201171875,10240.0,5509.0,472.12,NVIDIA GeForce RTX 3080,[N/A],Enabled,Enabled
1709131363.155424,0,GPU-a71d5fd4-b7db-93b7-1b7a-5a6e2a6a8c65,0.19,0.46201171875,10240.0,5509.0,472.12,NVIDIA GeForce RTX 3080,[N/A],Enabled,Enabled
1709131364.141747,0,GPU-a71d5fd4-b7db-93b7-1b7a-5a6e2a6a8c65,0.18,0.46201171875,10240.0,5509.0,472.12,NVIDIA GeForce RTX 3080,[N/A],Enabled,Enabled
1709131365.141901,0,GPU-a71d5fd4-b7db-93b7-1b7a-5a6e2a6a8c65,0.18,0.46201171875,10240.0,5509.0,472.12,NVIDIA GeForce RTX 3080,[N/A],Enabled,Enabled
1709131366.140956,0,GPU-a71d5fd4-b7db-93b7-1b7a-5a6e2a6a8c65,0.18,0.46201171875,10240.0,5509.0,472.12,NVIDIA GeForce RTX 3080,[N/A],Enabled,Enabled
1709131367.153951,0,GPU-a71d5fd4-b7db-93b7-1b7a-5a6e2a6a8c65,0.19,0.46201171875,10240.0,5509.0,472.12,NVIDIA GeForce RTX 3080,[N/A],Enabled,Enabled
1709131368.152875,0,GPU-a71d5fd4-b7db-93b7-1b7a-5a6e2a6a8c65,0.18,0.46201171875,10240.0,5509.0,472.12,NVIDIA GeForce RTX 3080,[N/A],Enabled,Enabled
1709131369.14867,0,GPU-a71d5fd4-b7db-93b7-1b7a-5a6e2a6a8c65,0.19,0.46201171875,10240.0,5509.0,472.12,NVIDIA GeForce RTX 3080,[N/A],Enabled,Enabled
1709131370.146563,0,GPU-a71d5fd4-b7db-93b7-1b7a-5a6e2a6a8c65,0.17,0.46201171875,10240.0,5509.0,472.12,NVIDIA GeForce RTX 3080,[N/A],Enabled,Enabled
1709131371.156025,0,GPU-a71d5fd4-b7db-93b7-1b7a-5a6e2a6a8c65,0.19,0.46201171875,10240.0,5509.0,472.12,NVIDIA GeForce RTX 3080,[N/A],Enabled,Enabled
1709131372.154918,0,GPU-a71d5fd4-b7db-93b7-1b7a-5a6e2a6a8c65,0.18,0.46201171875,10240.0,5509.0,472.12,NVIDIA GeForce RTX 3080,[N/A],Enabled,Enabled
1709131373.153693,0,GPU-a71d5fd4-b7db-93b7-1b7a-5a6e2a6a8c65,0.19,0.46201171875,10240.0,5509.0,472.12,NVIDIA GeForce RTX 3080,[N/A],Enabled,Enabled
1709131374.153559,0,GPU-a71d5fd4-b7db-93b7-1b7a-5a6e2a6a8c65,0.19,0.46201171875,10240.0,5509.0,472.12,NVIDIA GeForce RTX 3080,[N/A],Enabled,Enabled
1709131375.147657,0,GPU-a71d5fd4-b7db-93b7-1b7a-5a6e2a6a8c65,0.18,0.46201171875,10240.0,5509.0,472.12,NVIDIA GeForce RTX 3080,[N/A],Enabled,Enabled
1709131376.144097,0,GPU-a71d5fd4-b7db-93b7-1b7a-5a6e2a6a8c65,0.19,0.46201171875,10240.0,5509.0,472.12,NVIDIA GeForce RTX 3080,[N/A],Enabled,Enabled
1709131377.143672,0,GPU-a71d5fd4-b7db-93b7-1b7a-5a6e2a6a8c65,0.18,0.46201171875,10240.0,5509.0,472.12,NVIDIA GeForce RTX 3080,[N/A],Enabled,Enabled
1709131378.143889,0,GPU-a71d5fd4-b7db-93b7-1b7a-5a6e2a6a8c65,0.19,0.46201171875,10240.0,5509.0,472.12,NVIDIA GeForce RTX 3080,[N/A],Enabled,Enabled
1709131379.142678,0,GPU-a71d5fd4-b7db-93b7-1b7a-5a6e2a6a8c65,0.19,0.46201171875,10240.0,5509.0,472.12,NVIDIA GeForce RTX 3080,[N/A],Enabled,Enabled
1709131380.153788,0,GPU-a71d5fd4-b7db-93b7-1b7a-5a6e2a6a8c65,0.19,0.46201171875,10240.0,5509.0,472.12,NVIDIA GeForce RTX 3080,[N/A],Enabled,Enabled
1709131381.151839,0,GPU-a71d5fd4-b7db-93b7-1b7a-5a6e2a6a8c65,0.18,0.46201171875,10240.0,5509.0,472.12,NVIDIA GeForce RTX 3080,[N/A],Enabled,Enabled
1709131382.145668,0,GPU-a71d5fd4-b7db-93b7-1b7a-5a6e2a6a8c65,0.18,0.46201171875,10240.0,5509.0,472.12,NVIDIA GeForce RTX 3080,[N/A],Enabled,Enabled
1709131383.140894,0,GPU-a71d5fd4-b7db-93b7-1b7a-5a6e2a6a8c65,0.19,0.46201171875,10240.0,5509.0,472.12,NVIDIA GeForce RTX 3080,[N/A],Enabled,Enabled
1709131384.140593,0,GPU-a71d5fd4-b7db-93b7-1b7a-5a6e2a6a8c65,0.18,0.46201171875,10240.0,5509.0,472.12,NVIDIA GeForce RTX 3080,[N/A],Enabled,Enabled
1709131385.153109,0,GPU-a71d5fd4-b7db-93b7-1b7a-5a6e2a6a8c65,0.19,0.46201171875,10240.0,5509.0,472.12,NVIDIA GeForce RTX 3080,[N/A],Enabled,Enabled
1709131386.15185,0,GPU-a71d5fd4-b7db-93b7-1b7a-5a6e2a6a8c65,0.18,0.46201171875,10240.0,5509.0,472.12,NVIDIA GeForce RTX 3080,[N/A],Enabled,Enabled
1709131387.148555,0,GPU-a71d5fd4-b7db-93b7-1b7a-5a6e2a6a8c65,0.18,0.46201171875,10240.0,5509.0,472.12,NVIDIA GeForce RTX 3080,[N/A],Enabled,Enabled
1709131388.147391,0,GPU-a71d5fd4-b7db-93b7-1b7a-5a6e2a6a8c65,0.18,0.46201171875,10240.0,5509.0,472.12,NVIDIA GeForce RTX 3080,[N/A],Enabled,Enabled
1709131389.141701,0,GPU-a71d5fd4-b7db-93b7-1b7a-5a6e2a6a8c65,0.18,0.46201171875,10240.0,5509.0,472.12,NVIDIA GeForce RTX 3080,[N/A],Enabled,Enabled
1709131390.151047,0,GPU-a71d5fd4-b7db-93b7-1b7a-5a6e2a6a8c65,0.18,0.46201171875,10240.0,5509.0,472.12,NVIDIA GeForce RTX 3080,[N/A],Enabled,Enabled
1709131391.148518,0,GPU-a71d5fd4-b7db-93b7-1b7a-5a6e2a6a8c65,0.19,0.46201171875,10240.0,5509.0,472.12,NVIDIA GeForce RTX 3080,[N/A],Enabled,Enabled
1709131392.144658,0,GPU-a71d5fd4-b7db-93b7-1b7a-5a6e2a6a8c65,0.19,0.46201171875,10240.0,5509.0,472.12,NVIDIA GeForce RTX 3080,[N/A],Enabled,Enabled
1709131393.146645,0,GPU-a71d5fd4-b7db-93b7-1b7a-5a6e2a6a8c65,0.19,0.46201171875,10240.0,5509.0,472.12,NVIDIA GeForce RTX 3080,[N/A],Enabled,Enabled
1709131394.143755,0,GPU-a71d5fd4-b7db-93b7-1b7a-5a6e2a6a8c65,0.18,0.46201171875,10240.0,5509.0,472.12,NVIDIA GeForce RTX 3080,[N/A],Enabled,Enabled
1709131395.141661,0,GPU-a71d5fd4-b7db-93b7-1b7a-5a6e2a6a8c65,0.19,0.46201171875,10240.0,5509.0,472.12,NVIDIA GeForce RTX 3080,[N/A],Enabled,Enabled
1709131396.154231,0,GPU-a71d5fd4-b7db-93b7-1b7a-5a6e2a6a8c65,0.18,0.46201171875,10240.0,5509.0,472.12,NVIDIA GeForce RTX 3080,[N/A],Enabled,Enabled
1709131397.149579,0,GPU-a71d5fd4-b7db-93b7-1b7a-5a6e2a6a8c65,0.19,0.46201171875,10240.0,5509.0,472.12,NVIDIA GeForce RTX 3080,[N/A],Enabled,Enabled
1709131398.143864,0,GPU-a71d5fd4-b7db-93b7-1b7a-5a6e2a6a8c65,0.19,0.46201171875,10240.0,5509.0,472.12,NVIDIA GeForce RTX 3080,[N/A],Enabled,Enabled
1709131399.145884,0,GPU-a71d5fd4-b7db-93b7-1b7a-5a6e2a6a8c65,0.19,0.46201171875,10240.0,5509.0,472.12,NVIDIA GeForce RTX 3080,[N/A],Enabled,Enabled
1709131400.144545,0,GPU-a71d5fd4-b7db-93b7-1b7a-5a6e2a6a8c65,0.19,0.46201171875,10240.0,5509.0,472.12,NVIDIA GeForce RTX 3080,[N/A],Enabled,Enabled
1709131401.143128,0,GPU-a71d5fd4-b7db-93b7-1b7a-5a6e2a6a8c65,0.19,0.46201171875,10240.0,5509.0,472.12,NVIDIA GeForce RTX 3080,[N/A],Enabled,Enabled
1709131402.154015,0,GPU-a71d5fd4-b7db-93b7-1b7a-5a6e2a6a8c65,0.18,0.46201171875,10240.0,5509.0,472.12,NVIDIA GeForce RTX 3080,[N/A],Enabled,Enabled
1709131403.148477,0,GPU-a71d5fd4-b7db-93b7-1b7a-5a6e2a6a8c65,0.19,0.46201171875,10240.0,5509.0,472.12,NVIDIA GeForce RTX 3080,[N/A],Enabled,Enabled
1709131404.147872,0,GPU-a71d5fd4-b7db-93b7-1b7a-5a6e2a6a8c65,0.18,0.46201171875,10240.0,5509.0,472.12,NVIDIA GeForce RTX 3080,[N/A],Enabled,Enabled
1709131405.144259,0,GPU-a71d5fd4-b7db-93b7-1b7a-5a6e2a6a8c65,0.19,0.46201171875,10240.0,5509.0,472.12,NVIDIA GeForce RTX 3080,[N/A],Enabled,Enabled
1709131406.155867,0,GPU-a71d5fd4-b7db-93b7-1b7a-5a6e2a6a8c65,0.18,0.46201171875,10240.0,5509.0,472.12,NVIDIA GeForce RTX 3080,[N/A],Enabled,Enabled
1709131407.152848,0,GPU-a71d5fd4-b7db-93b7-1b7a-5a6e2a6a8c65,0.18,0.46201171875,10240.0,5509.0,472.12,NVIDIA GeForce RTX 3080,[N/A],Enabled,Enabled
1709131408.145685,0,GPU-a71d5fd4-b7db-93b7-1b7a-5a6e2a6a8c65,0.18,0.46201171875,10240.0,5509.0,472.12,NVIDIA GeForce RTX 3080,[N/A],Enabled,Enabled
1709131409.141784,0,GPU-a71d5fd4-b7db-93b7-1b7a-5a6e2a6a8c65,0.19,0.46201171875,10240.0,5509.0,472.12,NVIDIA GeForce RTX 3080,[N/A],Enabled,Enabled
1709131410.151706,0,GPU-a71d5fd4-b7db-93b7-1b7a-5a6e2a6a8c65,0.17,0.46201171875,10240.0,5509.0,472.12,NVIDIA GeForce RTX 3080,[N/A],Enabled,Enabled
1709131411.146827,0,GPU-a71d5fd4-b7db-93b7-1b7a-5a6e2a6a8c65,0.19,0.46201171875,10240.0,5509.0,472.12,NVIDIA GeForce RTX 3080,[N/A],Enabled,Enabled
1709131412.145688,0,GPU-a71d5fd4-b7db-93b7-1b7a-5a6e2a6a8c65,0.17,0.46201171875,10240.0,5509.0,472.12,NVIDIA GeForce RTX 3080,[N/A],Enabled,Enabled
1709131413.144205,0,GPU-a71d5fd4-b7db-93b7-1b7a-5a6e2a6a8c65,0.19,0.46201171875,10240.0,5509.0,472.12,NVIDIA GeForce RTX 3080,[N/A],Enabled,Enabled
1709131414.142856,0,GPU-a71d5fd4-b7db-93b7-1b7a-5a6e2a6a8c65,0.2,0.46201171875,10240.0,5509.0,472.12,NVIDIA GeForce RTX 3080,[N/A],Enabled,Enabled
1709131415.155867,0,GPU-a71d5fd4-b7db-93b7-1b7a-5a6e2a6a8c65,0.18,0.46201171875,10240.0,5509.0,472.12,NVIDIA GeForce RTX 3080,[N/A],Enabled,Enabled
1709131416.151444,0,GPU-a71d5fd4-b7db-93b7-1b7a-5a6e2a6a8c65,0.18,0.46201171875,10240.0,5509.0,472.12,NVIDIA GeForce RTX 3080,[N/A],Enabled,Enabled
1709131417.15258,0,GPU-a71d5fd4-b7db-93b7-1b7a-5a6e2a6a8c65,0.19,0.46201171875,10240.0,5509.0,472.12,NVIDIA GeForce RTX 3080,[N/A],Enabled,Enabled
1709131418.151658,0,GPU-a71d5fd4-b7db-93b7-1b7a-5a6e2a6a8c65,0.18,0.46201171875,10240.0,5509.0,472.12,NVIDIA GeForce RTX 3080,[N/A],Enabled,Enabled
1709131419.149705,0,GPU-a71d5fd4-b7db-93b7-1b7a-5a6e2a6a8c65,0.19,0.46201171875,10240.0,5509.0,472.12,NVIDIA GeForce RTX 3080,[N/A],Enabled,Enabled
1709131420.145779,0,GPU-a71d5fd4-b7db-93b7-1b7a-5a6e2a6a8c65,0.18,0.46201171875,10240.0,5509.0,472.12,NVIDIA GeForce RTX 3080,[N/A],Enabled,Enabled
1709131421.142854,0,GPU-a71d5fd4-b7db-93b7-1b7a-5a6e2a6a8c65,0.18,0.46201171875,10240.0,5509.0,472.12,NVIDIA GeForce RTX 3080,[N/A],Enabled,Enabled
1709131422.15244,0,GPU-a71d5fd4-b7db-93b7-1b7a-5a6e2a6a8c65,0.19,0.46201171875,10240.0,5509.0,472.12,NVIDIA GeForce RTX 3080,[N/A],Enabled,Enabled
1709131423.150918,0,GPU-a71d5fd4-b7db-93b7-1b7a-5a6e2a6a8c65,0.18,0.46201171875,10240.0,5509.0,472.12,NVIDIA GeForce RTX 3080,[N/A],Enabled,Enabled
1709131424.147662,0,GPU-a71d5fd4-b7db-93b7-1b7a-5a6e2a6a8c65,0.19,0.46201171875,10240.0,5509.0,472.12,NVIDIA GeForce RTX 3080,[N/A],Enabled,Enabled
1709131425.147708,0,GPU-a71d5fd4-b7db-93b7-1b7a-5a6e2a6a8c65,0.18,0.46201171875,10240.0,5509.0,472.12,NVIDIA GeForce RTX 3080,[N/A],Enabled,Enabled
1709131426.142775,0,GPU-a71d5fd4-b7db-93b7-1b7a-5a6e2a6a8c65,0.18,0.46201171875,10240.0,5509.0,472.12,NVIDIA GeForce RTX 3080,[N/A],Enabled,Enabled
1709131427.144352,0,GPU-a71d5fd4-b7db-93b7-1b7a-5a6e2a6a8c65,0.19,0.46201171875,10240.0,5509.0,472.12,NVIDIA GeForce RTX 3080,[N/A],Enabled,Enabled
1709131428.154191,0,GPU-a71d5fd4-b7db-93b7-1b7a-5a6e2a6a8c65,0.18,0.46201171875,10240.0,5509.0,472.12,NVIDIA GeForce RTX 3080,[N/A],Enabled,Enabled
1709131429.146393,0,GPU-a71d5fd4-b7db-93b7-1b7a-5a6e2a6a8c65,0.18,0.46201171875,10240.0,5509.0,472.12,NVIDIA GeForce RTX 3080,[N/A],Enabled,Enabled
1709131430.153831,0,GPU-a71d5fd4-b7db-93b7-1b7a-5a6e2a6a8c65,0.18,0.46201171875,10240.0,5509.0,472.12,NVIDIA GeForce RTX 3080,[N/A],Enabled,Enabled
1709131431.154177,0,GPU-a71d5fd4-b7db-93b7-1b7a-5a6e2a6a8c65,0.19,0.46201171875,10240.0,5509.0,472.12,NVIDIA GeForce RTX 3080,[N/A],Enabled,Enabled
1709131432.153828,0,GPU-a71d5fd4-b7db-93b7-1b7a-5a6e2a6a8c65,0.18,0.46201171875,10240.0,5509.0,472.12,NVIDIA GeForce RTX 3080,[N/A],Enabled,Enabled
1709131433.151778,0,GPU-a71d5fd4-b7db-93b7-1b7a-5a6e2a6a8c65,0.19,0.46201171875,10240.0,5509.0,472.12,NVIDIA GeForce RTX 3080,[N/A],Enabled,Enabled
1709131434.150409,0,GPU-a71d5fd4-b7db-93b7-1b7a-5a6e2a6a8c65,0.18,0.46201171875,10240.0,5509.0,472.12,NVIDIA GeForce RTX 3080,[N/A],Enabled,Enabled
1709131435.145578,0,GPU-a71d5fd4-b7db-93b7-1b7a-5a6e2a6a8c65,0.18,0.46201171875,10240.0,5509.0,472.12,NVIDIA GeForce RTX 3080,[N/A],Enabled,Enabled
1709131436.143565,0,GPU-a71d5fd4-b7db-93b7-1b7a-5a6e2a6a8c65,0.19,0.46201171875,10240.0,5509.0,472.12,NVIDIA GeForce RTX 3080,[N/A],Enabled,Enabled
1709131437.155354,0,GPU-a71d5fd4-b7db-93b7-1b7a-5a6e2a6a8c65,0.19,0.46201171875,10240.0,5509.0,472.12,NVIDIA GeForce RTX 3080,[N/A],Enabled,Enabled
1709131438.155833,0,GPU-a71d5fd4-b7db-93b7-1b7a-5a6e2a6a8c65,0.18,0.46201171875,10240.0,5509.0,472.12,NVIDIA GeForce RTX 3080,[N/A],Enabled,Enabled
1709131439.153847,0,GPU-a71d5fd4-b7db-93b7-1b7a-5a6e2a6a8c65,0.19,0.46201171875,10240.0,5509.0,472.12,NVIDIA GeForce RTX 3080,[N/A],Enabled,Enabled
1709131440.151797,0,GPU-a71d5fd4-b7db-93b7-1b7a-5a6e2a6a8c65,0.18,0.46201171875,10240.0,5509.0,472.12,NVIDIA GeForce RTX 3080,[N/A],Enabled,Enabled
1709131441.149805,0,GPU-a71d5fd4-b7db-93b7-1b7a-5a6e2a6a8c65,0.18,0.46201171875,10240.0,5509.0,472.12,NVIDIA GeForce RTX 3080,[N/A],Enabled,Enabled
1709131442.147738,0,GPU-a71d5fd4-b7db-93b7-1b7a-5a6e2a6a8c65,0.18,0.46201171875,10240.0,5509.0,472.12,NVIDIA GeForce RTX 3080,[N/A],Enabled,Enabled
1709131443.146715,0,GPU-a71d5fd4-b7db-93b7-1b7a-5a6e2a6a8c65,0.18,0.46201171875,10240.0,5509.0,472.12,NVIDIA GeForce RTX 3080,[N/A],Enabled,Enabled
1709131444.14375,0,GPU-a71d5fd4-b7db-93b7-1b7a-5a6e2a6a8c65,0.19,0.46201171875,10240.0,5509.0,472.12,NVIDIA GeForce RTX 3080,[N/A],Enabled,Enabled
1709131445.143921,0,GPU-a71d5fd4-b7db-93b7-1b7a-5a6e2a6a8c65,0.18,0.46201171875,10240.0,5509.0,472.12,NVIDIA GeForce RTX 3080,[N/A],Enabled,Enabled
1709131446.15433,0,GPU-a71d5fd4-b7db-93b7-1b7a-5a6e2a6a8c65,0.17,0.46201171875,10240.0,5509.0,472.12,NVIDIA GeForce RTX 3080,[N/A],Enabled,Enabled
1709131447.150657,0,GPU-a71d5fd4-b7db-93b7-1b7a-5a6e2a6a8c65,0.19,0.46201171875,10240.0,5509.0,472.12,NVIDIA GeForce RTX 3080,[N/A],Enabled,Enabled
1709131448.151988,0,GPU-a71d5fd4-b7db-93b7-1b7a-5a6e2a6a8c65,0.18,0.462890625,10240.0,5500.0,472.12,NVIDIA GeForce RTX 3080,[N/A],Enabled,Enabled
1709131449.146622,0,GPU-a71d5fd4-b7db-93b7-1b7a-5a6e2a6a8c65,0.18,0.462890625,10240.0,5500.0,472.12,NVIDIA GeForce RTX 3080,[N/A],Enabled,Enabled
1709131450.144221,0,GPU-a71d5fd4-b7db-93b7-1b7a-5a6e2a6a8c65,0.18,0.462890625,10240.0,5500.0,472.12,NVIDIA GeForce RTX 3080,[N/A],Enabled,Enabled
1709131451.1442,0,GPU-a71d5fd4-b7db-93b7-1b7a-5a6e2a6a8c65,0.19,0.462890625,10240.0,5500.0,472.12,NVIDIA GeForce RTX 3080,[N/A],Enabled,Enabled
1709131452.142643,0,GPU-a71d5fd4-b7db-93b7-1b7a-5a6e2a6a8c65,0.17,0.462890625,10240.0,5500.0,472.12,NVIDIA GeForce RTX 3080,[N/A],Enabled,Enabled
1709131453.155652,0,GPU-a71d5fd4-b7db-93b7-1b7a-5a6e2a6a8c65,0.19,0.462890625,10240.0,5500.0,472.12,NVIDIA GeForce RTX 3080,[N/A],Enabled,Enabled
1709131454.15357,0,GPU-a71d5fd4-b7db-93b7-1b7a-5a6e2a6a8c65,0.18,0.462890625,10240.0,5500.0,472.12,NVIDIA GeForce RTX 3080,[N/A],Enabled,Enabled
1709131455.151763,0,GPU-a71d5fd4-b7db-93b7-1b7a-5a6e2a6a8c65,0.19,0.462890625,10240.0,5500.0,472.12,NVIDIA GeForce RTX 3080,[N/A],Enabled,Enabled
1709131456.148595,0,GPU-a71d5fd4-b7db-93b7-1b7a-5a6e2a6a8c65,0.19,0.462890625,10240.0,5500.0,472.12,NVIDIA GeForce RTX 3080,[N/A],Enabled,Enabled
1709131457.146456,0,GPU-a71d5fd4-b7db-93b7-1b7a-5a6e2a6a8c65,0.19,0.462890625,10240.0,5500.0,472.12,NVIDIA GeForce RTX 3080,[N/A],Enabled,Enabled
1709131458.141966,0,GPU-a71d5fd4-b7db-93b7-1b7a-5a6e2a6a8c65,0.18,0.462890625,10240.0,5500.0,472.12,NVIDIA GeForce RTX 3080,[N/A],Enabled,Enabled
1709131459.14254,0,GPU-a71d5fd4-b7db-93b7-1b7a-5a6e2a6a8c65,0.19,0.462890625,10240.0,5500.0,472.12,NVIDIA GeForce RTX 3080,[N/A],Enabled,Enabled
1709131460.155379,0,GPU-a71d5fd4-b7db-93b7-1b7a-5a6e2a6a8c65,0.19,0.462890625,10240.0,5500.0,472.12,NVIDIA GeForce RTX 3080,[N/A],Enabled,Enabled
1709131461.152648,0,GPU-a71d5fd4-b7db-93b7-1b7a-5a6e2a6a8c65,0.19,0.462890625,10240.0,5500.0,472.12,NVIDIA GeForce RTX 3080,[N/A],Enabled,Enabled
1709131462.14854,0,GPU-a71d5fd4-b7db-93b7-1b7a-5a6e2a6a8c65,0.18,0.462890625,10240.0,5500.0,472.12,NVIDIA GeForce RTX 3080,[N/A],Enabled,Enabled
1709131463.141583,0,GPU-a71d5fd4-b7db-93b7-1b7a-5a6e2a6a8c65,0.18,0.462890625,10240.0,5500.0,472.12,NVIDIA GeForce RTX 3080,[N/A],Enabled,Enabled
1709131464.14091,0,GPU-a71d5fd4-b7db-93b7-1b7a-5a6e2a6a8c65,0.17,0.462890625,10240.0,5500.0,472.12,NVIDIA GeForce RTX 3080,[N/A],Enabled,Enabled
1709131465.151842,0,GPU-a71d5fd4-b7db-93b7-1b7a-5a6e2a6a8c65,0.18,0.462890625,10240.0,5500.0,472.12,NVIDIA GeForce RTX 3080,[N/A],Enabled,Enabled
1709131466.150068,0,GPU-a71d5fd4-b7db-93b7-1b7a-5a6e2a6a8c65,0.19,0.462890625,10240.0,5500.0,472.12,NVIDIA GeForce RTX 3080,[N/A],Enabled,Enabled
1709131467.146363,0,GPU-a71d5fd4-b7db-93b7-1b7a-5a6e2a6a8c65,0.19,0.462890625,10240.0,5500.0,472.12,NVIDIA GeForce RTX 3080,[N/A],Enabled,Enabled
1709131468.14646,0,GPU-a71d5fd4-b7db-93b7-1b7a-5a6e2a6a8c65,0.18,0.462890625,10240.0,5500.0,472.12,NVIDIA GeForce RTX 3080,[N/A],Enabled,Enabled
1709131469.154534,0,GPU-a71d5fd4-b7db-93b7-1b7a-5a6e2a6a8c65,0.19,0.462890625,10240.0,5500.0,472.12,NVIDIA GeForce RTX 3080,[N/A],Enabled,Enabled
1709131470.150802,0,GPU-a71d5fd4-b7db-93b7-1b7a-5a6e2a6a8c65,0.18,0.462890625,10240.0,5500.0,472.12,NVIDIA GeForce RTX 3080,[N/A],Enabled,Enabled
1709131471.146864,0,GPU-a71d5fd4-b7db-93b7-1b7a-5a6e2a6a8c65,0.19,0.462890625,10240.0,5500.0,472.12,NVIDIA GeForce RTX 3080,[N/A],Enabled,Enabled
1709131472.146377,0,GPU-a71d5fd4-b7db-93b7-1b7a-5a6e2a6a8c65,0.2,0.462890625,10240.0,5500.0,472.12,NVIDIA GeForce RTX 3080,[N/A],Enabled,Enabled
1709131473.146493,0,GPU-a71d5fd4-b7db-93b7-1b7a-5a6e2a6a8c65,0.18,0.462890625,10240.0,5500.0,472.12,NVIDIA GeForce RTX 3080,[N/A],Enabled,Enabled
1709131474.142511,0,GPU-a71d5fd4-b7db-93b7-1b7a-5a6e2a6a8c65,0.18,0.462890625,10240.0,5500.0,472.12,NVIDIA GeForce RTX 3080,[N/A],Enabled,Enabled
1709131475.144782,0,GPU-a71d5fd4-b7db-93b7-1b7a-5a6e2a6a8c65,0.19,0.462890625,10240.0,5500.0,472.12,NVIDIA GeForce RTX 3080,[N/A],Enabled,Enabled
1709131476.14556,0,GPU-a71d5fd4-b7db-93b7-1b7a-5a6e2a6a8c65,0.19,0.462890625,10240.0,5500.0,472.12,NVIDIA GeForce RTX 3080,[N/A],Enabled,Enabled
1709131477.143667,0,GPU-a71d5fd4-b7db-93b7-1b7a-5a6e2a6a8c65,0.19,0.462890625,10240.0,5500.0,472.12,NVIDIA GeForce RTX 3080,[N/A],Enabled,Enabled
1709131478.144177,0,GPU-a71d5fd4-b7db-93b7-1b7a-5a6e2a6a8c65,0.19,0.462890625,10240.0,5500.0,472.12,NVIDIA GeForce RTX 3080,[N/A],Enabled,Enabled
1709131479.144291,0,GPU-a71d5fd4-b7db-93b7-1b7a-5a6e2a6a8c65,0.19,0.462890625,10240.0,5500.0,472.12,NVIDIA GeForce RTX 3080,[N/A],Enabled,Enabled
1709131480.144447,0,GPU-a71d5fd4-b7db-93b7-1b7a-5a6e2a6a8c65,0.18,0.462890625,10240.0,5500.0,472.12,NVIDIA GeForce RTX 3080,[N/A],Enabled,Enabled
1709131481.154137,0,GPU-a71d5fd4-b7db-93b7-1b7a-5a6e2a6a8c65,0.19,0.462890625,10240.0,5500.0,472.12,NVIDIA GeForce RTX 3080,[N/A],Enabled,Enabled
1709131482.152931,0,GPU-a71d5fd4-b7db-93b7-1b7a-5a6e2a6a8c65,0.17,0.462890625,10240.0,5500.0,472.12,NVIDIA GeForce RTX 3080,[N/A],Enabled,Enabled
1709131483.150763,0,GPU-a71d5fd4-b7db-93b7-1b7a-5a6e2a6a8c65,0.18,0.462890625,10240.0,5500.0,472.12,NVIDIA GeForce RTX 3080,[N/A],Enabled,Enabled
1709131484.144355,0,GPU-a71d5fd4-b7db-93b7-1b7a-5a6e2a6a8c65,0.19,0.462890625,10240.0,5500.0,472.12,NVIDIA GeForce RTX 3080,[N/A],Enabled,Enabled
1709131485.145803,0,GPU-a71d5fd4-b7db-93b7-1b7a-5a6e2a6a8c65,0.19,0.462890625,10240.0,5500.0,472.12,NVIDIA GeForce RTX 3080,[N/A],Enabled,Enabled
1709131486.141606,0,GPU-a71d5fd4-b7db-93b7-1b7a-5a6e2a6a8c65,0.18,0.462890625,10240.0,5500.0,472.12,NVIDIA GeForce RTX 3080,[N/A],Enabled,Enabled
1709131487.141823,0,GPU-a71d5fd4-b7db-93b7-1b7a-5a6e2a6a8c65,0.18,0.462890625,10240.0,5500.0,472.12,NVIDIA GeForce RTX 3080,[N/A],Enabled,Enabled
1709131488.153661,0,GPU-a71d5fd4-b7db-93b7-1b7a-5a6e2a6a8c65,0.17,0.462890625,10240.0,5500.0,472.12,NVIDIA GeForce RTX 3080,[N/A],Enabled,Enabled
1709131489.148603,0,GPU-a71d5fd4-b7db-93b7-1b7a-5a6e2a6a8c65,0.18,0.462890625,10240.0,5500.0,472.12,NVIDIA GeForce RTX 3080,[N/A],Enabled,Enabled
1709131490.142451,0,GPU-a71d5fd4-b7db-93b7-1b7a-5a6e2a6a8c65,0.17,0.462890625,10240.0,5500.0,472.12,NVIDIA GeForce RTX 3080,[N/A],Enabled,Enabled
1709131491.154981,0,GPU-a71d5fd4-b7db-93b7-1b7a-5a6e2a6a8c65,0.15,0.454296875,10240.0,5588.0,472.12,NVIDIA GeForce RTX 3080,[N/A],Enabled,Enabled
1709131492.154896,0,GPU-a71d5fd4-b7db-93b7-1b7a-5a6e2a6a8c65,0.15,0.454296875,10240.0,5588.0,472.12,NVIDIA GeForce RTX 3080,[N/A],Enabled,Enabled
1709131493.142744,0,GPU-a71d5fd4-b7db-93b7-1b7a-5a6e2a6a8c65,0.14,0.4505859375,10240.0,5626.0,472.12,NVIDIA GeForce RTX 3080,[N/A],Enabled,Enabled
1709131494.155402,0,GPU-a71d5fd4-b7db-93b7-1b7a-5a6e2a6a8c65,0.14,0.4505859375,10240.0,5626.0,472.12,NVIDIA GeForce RTX 3080,[N/A],Enabled,Enabled
1709131495.150557,0,GPU-a71d5fd4-b7db-93b7-1b7a-5a6e2a6a8c65,0.14,0.4505859375,10240.0,5626.0,472.12,NVIDIA GeForce RTX 3080,[N/A],Enabled,Enabled
1709131496.150722,0,GPU-a71d5fd4-b7db-93b7-1b7a-5a6e2a6a8c65,0.14,0.4505859375,10240.0,5626.0,472.12,NVIDIA GeForce RTX 3080,[N/A],Enabled,Enabled
1709131497.147654,0,GPU-a71d5fd4-b7db-93b7-1b7a-5a6e2a6a8c65,0.14,0.4505859375,10240.0,5626.0,472.12,NVIDIA GeForce RTX 3080,[N/A],Enabled,Enabled
1709131498.145394,0,GPU-a71d5fd4-b7db-93b7-1b7a-5a6e2a6a8c65,0.15,0.454296875,10240.0,5588.0,472.12,NVIDIA GeForce RTX 3080,[N/A],Enabled,Enabled
1709131499.156528,0,GPU-a71d5fd4-b7db-93b7-1b7a-5a6e2a6a8c65,0.14,0.4505859375,10240.0,5626.0,472.12,NVIDIA GeForce RTX 3080,[N/A],Enabled,Enabled
1709131500.142904,0,GPU-a71d5fd4-b7db-93b7-1b7a-5a6e2a6a8c65,0.16,0.454296875,10240.0,5588.0,472.12,NVIDIA GeForce RTX 3080,[N/A],Enabled,Enabled
1709131501.154172,0,GPU-a71d5fd4-b7db-93b7-1b7a-5a6e2a6a8c65,0.14,0.4505859375,10240.0,5626.0,472.12,NVIDIA GeForce RTX 3080,[N/A],Enabled,Enabled
1709131502.154139,0,GPU-a71d5fd4-b7db-93b7-1b7a-5a6e2a6a8c65,0.14,0.4505859375,10240.0,5626.0,472.12,NVIDIA GeForce RTX 3080,[N/A],Enabled,Enabled
1709131503.149492,0,GPU-a71d5fd4-b7db-93b7-1b7a-5a6e2a6a8c65,0.14,0.4505859375,10240.0,5626.0,472.12,NVIDIA GeForce RTX 3080,[N/A],Enabled,Enabled
1709131504.142874,0,GPU-a71d5fd4-b7db-93b7-1b7a-5a6e2a6a8c65,0.14,0.4505859375,10240.0,5626.0,472.12,NVIDIA GeForce RTX 3080,[N/A],Enabled,Enabled
1709131505.141693,0,GPU-a71d5fd4-b7db-93b7-1b7a-5a6e2a6a8c65,0.14,0.4505859375,10240.0,5626.0,472.12,NVIDIA GeForce RTX 3080,[N/A],Enabled,Enabled
