Current Battery Service state:
  AC powered: false
  USB powered: false
  Wireless powered: false
  Max charging current: 0
  Max charging voltage: 0
  Charge counter: 4516480
  status: 3
  health: 2
  present: true
  level: 75
  scale: 100
  voltage: 3914
  temperature: 297
  technology: Li-ion
Current Battery Service state:
  AC powered: false
  USB powered: false
  Wireless powered: false
  Max charging current: 0
  Max charging voltage: 0
  Charge counter: 4516480
  status: 3
  health: 2
  present: true
  level: 75
  scale: 100
  voltage: 3914
  temperature: 297
  technology: Li-ion
Current Battery Service state:
  AC powered: false
  USB powered: false
  Wireless powered: false
  Max charging current: 0
  Max charging voltage: 0
  Charge counter: 4516480
  status: 3
  health: 2
  present: true
  level: 75
  scale: 100
  voltage: 3914
  temperature: 297
  technology: Li-ion
Current Battery Service state:
  AC powered: false
  USB powered: false
  Wireless powered: false
  Max charging current: 0
  Max charging voltage: 0
  Charge counter: 4516480
  status: 3
  health: 2
  present: true
  level: 75
  scale: 100
  voltage: 3914
  temperature: 297
  technology: Li-ion
Current Battery Service state:
  AC powered: false
  USB powered: false
  Wireless powered: false
  Max charging current: 0
  Max charging voltage: 0
  Charge counter: 4516480
  status: 3
  health: 2
  present: true
  level: 75
  scale: 100
  voltage: 3914
  temperature: 297
  technology: Li-ion
Current Battery Service state:
  AC powered: false
  USB powered: false
  Wireless powered: false
  Max charging current: 0
  Max charging voltage: 0
  Charge counter: 4516480
  status: 3
  health: 2
  present: true
  level: 75
  scale: 100
  voltage: 3914
  temperature: 297
  technology: Li-ion
Current Battery Service state:
  AC powered: false
  USB powered: false
  Wireless powered: false
  Max charging current: 0
  Max charging voltage: 0
  Charge counter: 4513391
  status: 3
  health: 2
  present: true
  level: 75
  scale: 100
  voltage: 3933
  temperature: 295
  technology: Li-ion
Current Battery Service state:
  AC powered: false
  USB powered: false
  Wireless powered: false
  Max charging current: 0
  Max charging voltage: 0
  Charge counter: 4513391
  status: 3
  health: 2
  present: true
  level: 75
  scale: 100
  voltage: 3933
  temperature: 295
  technology: Li-ion
Current Battery Service state:
  AC powered: false
  USB powered: false
  Wireless powered: false
  Max charging current: 0
  Max charging voltage: 0
  Charge counter: 4513391
  status: 3
  health: 2
  present: true
  level: 75
  scale: 100
  voltage: 3933
  temperature: 295
  technology: Li-ion
Current Battery Service state:
  AC powered: false
  USB powered: false
  Wireless powered: false
  Max charging current: 0
  Max charging voltage: 0
  Charge counter: 4512060
  status: 3
  health: 2
  present: true
  level: 75
  scale: 100
  voltage: 3911
  temperature: 295
  technology: Li-ion
Current Battery Service state:
  AC powered: false
  USB powered: false
  Wireless powered: false
  Max charging current: 0
  Max charging voltage: 0
  Charge counter: 4512060
  status: 3
  health: 2
  present: true
  level: 75
  scale: 100
  voltage: 3911
  temperature: 295
  technology: Li-ion
Current Battery Service state:
  AC powered: false
  USB powered: false
  Wireless powered: false
  Max charging current: 0
  Max charging voltage: 0
  Charge counter: 4512060
  status: 3
  health: 2
  present: true
  level: 75
  scale: 100
  voltage: 3911
  temperature: 295
  technology: Li-ion
Current Battery Service state:
  AC powered: false
  USB powered: false
  Wireless powered: false
  Max charging current: 0
  Max charging voltage: 0
  Charge counter: 4512060
  status: 3
  health: 2
  present: true
  level: 75
  scale: 100
  voltage: 3911
  temperature: 295
  technology: Li-ion
Current Battery Service state:
  AC powered: false
  USB powered: false
  Wireless powered: false
  Max charging current: 0
  Max charging voltage: 0
  Charge counter: 4512060
  status: 3
  health: 2
  present: true
  level: 75
  scale: 100
  voltage: 3911
  temperature: 295
  technology: Li-ion
Current Battery Service state:
  AC powered: false
  USB powered: false
  Wireless powered: false
  Max charging current: 0
  Max charging voltage: 0
  Charge counter: 4512060
  status: 3
  health: 2
  present: true
  level: 75
  scale: 100
  voltage: 3911
  temperature: 295
  technology: Li-ion
Current Battery Service state:
  AC powered: false
  USB powered: false
  Wireless powered: false
  Max charging current: 0
  Max charging voltage: 0
  Charge counter: 4512060
  status: 3
  health: 2
  present: true
  level: 75
  scale: 100
  voltage: 3911
  temperature: 295
  technology: Li-ion
Current Battery Service state:
  AC powered: false
  USB powered: false
  Wireless powered: false
  Max charging current: 0
  Max charging voltage: 0
  Charge counter: 4512060
  status: 3
  health: 2
  present: true
  level: 75
  scale: 100
  voltage: 3911
  temperature: 295
  technology: Li-ion
Current Battery Service state:
  AC powered: false
  USB powered: false
  Wireless powered: false
  Max charging current: 0
  Max charging voltage: 0
  Charge counter: 4512060
  status: 3
  health: 2
  present: true
  level: 75
  scale: 100
  voltage: 3911
  temperature: 295
  technology: Li-ion
Current Battery Service state:
  AC powered: false
  USB powered: false
  Wireless powered: false
  Max charging current: 0
  Max charging voltage: 0
  Charge counter: 4512060
  status: 3
  health: 2
  present: true
  level: 75
  scale: 100
  voltage: 3911
  temperature: 295
  technology: Li-ion
Current Battery Service state:
  AC powered: false
  USB powered: false
  Wireless powered: false
  Max charging current: 0
  Max charging voltage: 0
  Charge counter: 4506802
  status: 3
  health: 2
  present: true
  level: 75
  scale: 100
  voltage: 3900
  temperature: 300
  technology: Li-ion
Current Battery Service state:
  AC powered: false
  USB powered: false
  Wireless powered: false
  Max charging current: 0
  Max charging voltage: 0
  Charge counter: 4506802
  status: 3
  health: 2
  present: true
  level: 75
  scale: 100
  voltage: 3900
  temperature: 300
  technology: Li-ion
Current Battery Service state:
  AC powered: false
  USB powered: false
  Wireless powered: false
  Max charging current: 0
  Max charging voltage: 0
  Charge counter: 4506802
  status: 3
  health: 2
  present: true
  level: 75
  scale: 100
  voltage: 3900
  temperature: 300
  technology: Li-ion
Current Battery Service state:
  AC powered: false
  USB powered: false
  Wireless powered: false
  Max charging current: 0
  Max charging voltage: 0
  Charge counter: 4506802
  status: 3
  health: 2
  present: true
  level: 75
  scale: 100
  voltage: 3900
  temperature: 300
  technology: Li-ion
Current Battery Service state:
  AC powered: false
  USB powered: false
  Wireless powered: false
  Max charging current: 0
  Max charging voltage: 0
  Charge counter: 4506802
  status: 3
  health: 2
  present: true
  level: 75
  scale: 100
  voltage: 3900
  temperature: 300
  technology: Li-ion
Current Battery Service state:
  AC powered: false
  USB powered: false
  Wireless powered: false
  Max charging current: 0
  Max charging voltage: 0
  Charge counter: 4506802
  status: 3
  health: 2
  present: true
  level: 75
  scale: 100
  voltage: 3900
  temperature: 300
  technology: Li-ion
Current Battery Service state:
  AC powered: false
  USB powered: false
  Wireless powered: false
  Max charging current: 0
  Max charging voltage: 0
  Charge counter: 4506802
  status: 3
  health: 2
  present: true
  level: 75
  scale: 100
  voltage: 3900
  temperature: 300
  technology: Li-ion
Current Battery Service state:
  AC powered: false
  USB powered: false
  Wireless powered: false
  Max charging current: 0
  Max charging voltage: 0
  Charge counter: 4506802
  status: 3
  health: 2
  present: true
  level: 75
  scale: 100
  voltage: 3900
  temperature: 300
  technology: Li-ion
Current Battery Service state:
  AC powered: false
  USB powered: false
  Wireless powered: false
  Max charging current: 0
  Max charging voltage: 0
  Charge counter: 4506802
  status: 3
  health: 2
  present: true
  level: 75
  scale: 100
  voltage: 3900
  temperature: 300
  technology: Li-ion
Current Battery Service state:
  AC powered: false
  USB powered: false
  Wireless powered: false
  Max charging current: 0
  Max charging voltage: 0
  Charge counter: 4506802
  status: 3
  health: 2
  present: true
  level: 75
  scale: 100
  voltage: 3900
  temperature: 300
  technology: Li-ion
Current Battery Service state:
  AC powered: false
  USB powered: false
  Wireless powered: false
  Max charging current: 0
  Max charging voltage: 0
  Charge counter: 4501532
  status: 3
  health: 2
  present: true
  level: 75
  scale: 100
  voltage: 3904
  temperature: 297
  technology: Li-ion
Current Battery Service state:
  AC powered: false
  USB powered: false
  Wireless powered: false
  Max charging current: 0
  Max charging voltage: 0
  Charge counter: 4501532
  status: 3
  health: 2
  present: true
  level: 75
  scale: 100
  voltage: 3904
  temperature: 297
  technology: Li-ion
Current Battery Service state:
  AC powered: false
  USB powered: false
  Wireless powered: false
  Max charging current: 0
  Max charging voltage: 0
  Charge counter: 4501532
  status: 3
  health: 2
  present: true
  level: 75
  scale: 100
  voltage: 3904
  temperature: 297
  technology: Li-ion
Current Battery Service state:
  AC powered: false
  USB powered: false
  Wireless powered: false
  Max charging current: 0
  Max charging voltage: 0
  Charge counter: 4501532
  status: 3
  health: 2
  present: true
  level: 75
  scale: 100
  voltage: 3904
  temperature: 297
  technology: Li-ion
Current Battery Service state:
  AC powered: false
  USB powered: false
  Wireless powered: false
  Max charging current: 0
  Max charging voltage: 0
  Charge counter: 4501532
  status: 3
  health: 2
  present: true
  level: 75
  scale: 100
  voltage: 3904
  temperature: 297
  technology: Li-ion
Current Battery Service state:
  AC powered: false
  USB powered: false
  Wireless powered: false
  Max charging current: 0
  Max charging voltage: 0
  Charge counter: 4501532
  status: 3
  health: 2
  present: true
  level: 75
  scale: 100
  voltage: 3904
  temperature: 297
  technology: Li-ion
Current Battery Service state:
  AC powered: false
  USB powered: false
  Wireless powered: false
  Max charging current: 0
  Max charging voltage: 0
  Charge counter: 4501532
  status: 3
  health: 2
  present: true
  level: 75
  scale: 100
  voltage: 3904
  temperature: 297
  technology: Li-ion
Current Battery Service state:
  AC powered: false
  USB powered: false
  Wireless powered: false
  Max charging current: 0
  Max charging voltage: 0
  Charge counter: 4501532
  status: 3
  health: 2
  present: true
  level: 75
  scale: 100
  voltage: 3904
  temperature: 297
  technology: Li-ion
Current Battery Service state:
  AC powered: false
  USB powered: false
  Wireless powered: false
  Max charging current: 0
  Max charging voltage: 0
  Charge counter: 4501532
  status: 3
  health: 2
  present: true
  level: 75
  scale: 100
  voltage: 3904
  temperature: 297
  technology: Li-ion
Current Battery Service state:
  AC powered: false
  USB powered: false
  Wireless powered: false
  Max charging current: 0
  Max charging voltage: 0
  Charge counter: 4501532
  status: 3
  health: 2
  present: true
  level: 75
  scale: 100
  voltage: 3904
  temperature: 297
  technology: Li-ion
Current Battery Service state:
  AC powered: false
  USB powered: false
  Wireless powered: false
  Max charging current: 0
  Max charging voltage: 0
  Charge counter: 4496274
  status: 3
  health: 2
  present: true
  level: 75
  scale: 100
  voltage: 3902
  temperature: 297
  technology: Li-ion
Current Battery Service state:
  AC powered: false
  USB powered: false
  Wireless powered: false
  Max charging current: 0
  Max charging voltage: 0
  Charge counter: 4496274
  status: 3
  health: 2
  present: true
  level: 75
  scale: 100
  voltage: 3902
  temperature: 297
  technology: Li-ion
Current Battery Service state:
  AC powered: false
  USB powered: false
  Wireless powered: false
  Max charging current: 0
  Max charging voltage: 0
  Charge counter: 4496274
  status: 3
  health: 2
  present: true
  level: 75
  scale: 100
  voltage: 3902
  temperature: 297
  technology: Li-ion
Current Battery Service state:
  AC powered: false
  USB powered: false
  Wireless powered: false
  Max charging current: 0
  Max charging voltage: 0
  Charge counter: 4496274
  status: 3
  health: 2
  present: true
  level: 75
  scale: 100
  voltage: 3902
  temperature: 297
  technology: Li-ion
Current Battery Service state:
  AC powered: false
  USB powered: false
  Wireless powered: false
  Max charging current: 0
  Max charging voltage: 0
  Charge counter: 4496274
  status: 3
  health: 2
  present: true
  level: 75
  scale: 100
  voltage: 3902
  temperature: 297
  technology: Li-ion
Current Battery Service state:
  AC powered: false
  USB powered: false
  Wireless powered: false
  Max charging current: 0
  Max charging voltage: 0
  Charge counter: 4496274
  status: 3
  health: 2
  present: true
  level: 75
  scale: 100
  voltage: 3902
  temperature: 297
  technology: Li-ion
Current Battery Service state:
  AC powered: false
  USB powered: false
  Wireless powered: false
  Max charging current: 0
  Max charging voltage: 0
  Charge counter: 4496274
  status: 3
  health: 2
  present: true
  level: 75
  scale: 100
  voltage: 3902
  temperature: 297
  technology: Li-ion
Current Battery Service state:
  AC powered: false
  USB powered: false
  Wireless powered: false
  Max charging current: 0
  Max charging voltage: 0
  Charge counter: 4496274
  status: 3
  health: 2
  present: true
  level: 75
  scale: 100
  voltage: 3902
  temperature: 297
  technology: Li-ion
Current Battery Service state:
  AC powered: false
  USB powered: false
  Wireless powered: false
  Max charging current: 0
  Max charging voltage: 0
  Charge counter: 4496274
  status: 3
  health: 2
  present: true
  level: 75
  scale: 100
  voltage: 3902
  temperature: 297
  technology: Li-ion
Current Battery Service state:
  AC powered: false
  USB powered: false
  Wireless powered: false
  Max charging current: 0
  Max charging voltage: 0
  Charge counter: 4491612
  status: 3
  health: 2
  present: true
  level: 75
  scale: 100
  voltage: 3894
  temperature: 295
  technology: Li-ion
Current Battery Service state:
  AC powered: false
  USB powered: false
  Wireless powered: false
  Max charging current: 0
  Max charging voltage: 0
  Charge counter: 4491612
  status: 3
  health: 2
  present: true
  level: 75
  scale: 100
  voltage: 3894
  temperature: 295
  technology: Li-ion
Current Battery Service state:
  AC powered: false
  USB powered: false
  Wireless powered: false
  Max charging current: 0
  Max charging voltage: 0
  Charge counter: 4491612
  status: 3
  health: 2
  present: true
  level: 75
  scale: 100
  voltage: 3894
  temperature: 295
  technology: Li-ion
Current Battery Service state:
  AC powered: false
  USB powered: false
  Wireless powered: false
  Max charging current: 0
  Max charging voltage: 0
  Charge counter: 4491612
  status: 3
  health: 2
  present: true
  level: 75
  scale: 100
  voltage: 3894
  temperature: 295
  technology: Li-ion
Current Battery Service state:
  AC powered: false
  USB powered: false
  Wireless powered: false
  Max charging current: 0
  Max charging voltage: 0
  Charge counter: 4491612
  status: 3
  health: 2
  present: true
  level: 75
  scale: 100
  voltage: 3894
  temperature: 295
  technology: Li-ion
Current Battery Service state:
  AC powered: false
  USB powered: false
  Wireless powered: false
  Max charging current: 0
  Max charging voltage: 0
  Charge counter: 4491612
  status: 3
  health: 2
  present: true
  level: 75
  scale: 100
  voltage: 3894
  temperature: 295
  technology: Li-ion
Current Battery Service state:
  AC powered: false
  USB powered: false
  Wireless powered: false
  Max charging current: 0
  Max charging voltage: 0
  Charge counter: 4491612
  status: 3
  health: 2
  present: true
  level: 75
  scale: 100
  voltage: 3894
  temperature: 295
  technology: Li-ion
Current Battery Service state:
  AC powered: false
  USB powered: false
  Wireless powered: false
  Max charging current: 0
  Max charging voltage: 0
  Charge counter: 4491612
  status: 3
  health: 2
  present: true
  level: 75
  scale: 100
  voltage: 3894
  temperature: 295
  technology: Li-ion
Current Battery Service state:
  AC powered: false
  USB powered: false
  Wireless powered: false
  Max charging current: 0
  Max charging voltage: 0
  Charge counter: 4491612
  status: 3
  health: 2
  present: true
  level: 75
  scale: 100
  voltage: 3894
  temperature: 295
  technology: Li-ion
Current Battery Service state:
  AC powered: false
  USB powered: false
  Wireless powered: false
  Max charging current: 0
  Max charging voltage: 0
  Charge counter: 4491612
  status: 3
  health: 2
  present: true
  level: 75
  scale: 100
  voltage: 3894
  temperature: 295
  technology: Li-ion
Current Battery Service state:
  AC powered: false
  USB powered: false
  Wireless powered: false
  Max charging current: 0
  Max charging voltage: 0
  Charge counter: 4491612
  status: 3
  health: 2
  present: true
  level: 75
  scale: 100
  voltage: 3894
  temperature: 295
  technology: Li-ion
Current Battery Service state:
  AC powered: false
  USB powered: false
  Wireless powered: false
  Max charging current: 0
  Max charging voltage: 0
  Charge counter: 4486243
  status: 3
  health: 2
  present: true
  level: 75
  scale: 100
  voltage: 3899
  temperature: 297
  technology: Li-ion
Current Battery Service state:
  AC powered: false
  USB powered: false
  Wireless powered: false
  Max charging current: 0
  Max charging voltage: 0
  Charge counter: 4486243
  status: 3
  health: 2
  present: true
  level: 75
  scale: 100
  voltage: 3899
  temperature: 297
  technology: Li-ion
Current Battery Service state:
  AC powered: false
  USB powered: false
  Wireless powered: false
  Max charging current: 0
  Max charging voltage: 0
  Charge counter: 4486243
  status: 3
  health: 2
  present: true
  level: 75
  scale: 100
  voltage: 3899
  temperature: 297
  technology: Li-ion
Current Battery Service state:
  AC powered: false
  USB powered: false
  Wireless powered: false
  Max charging current: 0
  Max charging voltage: 0
  Charge counter: 4486243
  status: 3
  health: 2
  present: true
  level: 75
  scale: 100
  voltage: 3899
  temperature: 297
  technology: Li-ion
Current Battery Service state:
  AC powered: false
  USB powered: false
  Wireless powered: false
  Max charging current: 0
  Max charging voltage: 0
  Charge counter: 4486243
  status: 3
  health: 2
  present: true
  level: 75
  scale: 100
  voltage: 3899
  temperature: 297
  technology: Li-ion
Current Battery Service state:
  AC powered: false
  USB powered: false
  Wireless powered: false
  Max charging current: 0
  Max charging voltage: 0
  Charge counter: 4486243
  status: 3
  health: 2
  present: true
  level: 75
  scale: 100
  voltage: 3899
  temperature: 297
  technology: Li-ion
Current Battery Service state:
  AC powered: false
  USB powered: false
  Wireless powered: false
  Max charging current: 0
  Max charging voltage: 0
  Charge counter: 4486243
  status: 3
  health: 2
  present: true
  level: 75
  scale: 100
  voltage: 3899
  temperature: 297
  technology: Li-ion
Current Battery Service state:
  AC powered: false
  USB powered: false
  Wireless powered: false
  Max charging current: 0
  Max charging voltage: 0
  Charge counter: 4486243
  status: 3
  health: 2
  present: true
  level: 75
  scale: 100
  voltage: 3899
  temperature: 297
  technology: Li-ion
Current Battery Service state:
  AC powered: false
  USB powered: false
  Wireless powered: false
  Max charging current: 0
  Max charging voltage: 0
  Charge counter: 4486243
  status: 3
  health: 2
  present: true
  level: 75
  scale: 100
  voltage: 3899
  temperature: 297
  technology: Li-ion
Current Battery Service state:
  AC powered: false
  USB powered: false
  Wireless powered: false
  Max charging current: 0
  Max charging voltage: 0
  Charge counter: 4486243
  status: 3
  health: 2
  present: true
  level: 75
  scale: 100
  voltage: 3899
  temperature: 297
  technology: Li-ion
Current Battery Service state:
  AC powered: false
  USB powered: false
  Wireless powered: false
  Max charging current: 0
  Max charging voltage: 0
  Charge counter: 4480958
  status: 3
  health: 2
  present: true
  level: 75
  scale: 100
  voltage: 3898
  temperature: 300
  technology: Li-ion
Current Battery Service state:
  AC powered: false
  USB powered: false
  Wireless powered: false
  Max charging current: 0
  Max charging voltage: 0
  Charge counter: 4480958
  status: 3
  health: 2
  present: true
  level: 75
  scale: 100
  voltage: 3898
  temperature: 300
  technology: Li-ion
Current Battery Service state:
  AC powered: false
  USB powered: false
  Wireless powered: false
  Max charging current: 0
  Max charging voltage: 0
  Charge counter: 4480958
  status: 3
  health: 2
  present: true
  level: 75
  scale: 100
  voltage: 3898
  temperature: 300
  technology: Li-ion
Current Battery Service state:
  AC powered: false
  USB powered: false
  Wireless powered: false
  Max charging current: 0
  Max charging voltage: 0
  Charge counter: 4480958
  status: 3
  health: 2
  present: true
  level: 75
  scale: 100
  voltage: 3898
  temperature: 300
  technology: Li-ion
Current Battery Service state:
  AC powered: false
  USB powered: false
  Wireless powered: false
  Max charging current: 0
  Max charging voltage: 0
  Charge counter: 4480958
  status: 3
  health: 2
  present: true
  level: 75
  scale: 100
  voltage: 3898
  temperature: 300
  technology: Li-ion
Current Battery Service state:
  AC powered: false
  USB powered: false
  Wireless powered: false
  Max charging current: 0
  Max charging voltage: 0
  Charge counter: 4480958
  status: 3
  health: 2
  present: true
  level: 75
  scale: 100
  voltage: 3898
  temperature: 300
  technology: Li-ion
Current Battery Service state:
  AC powered: false
  USB powered: false
  Wireless powered: false
  Max charging current: 0
  Max charging voltage: 0
  Charge counter: 4480958
  status: 3
  health: 2
  present: true
  level: 75
  scale: 100
  voltage: 3898
  temperature: 300
  technology: Li-ion
Current Battery Service state:
  AC powered: false
  USB powered: false
  Wireless powered: false
  Max charging current: 0
  Max charging voltage: 0
  Charge counter: 4480958
  status: 3
  health: 2
  present: true
  level: 75
  scale: 100
  voltage: 3898
  temperature: 300
  technology: Li-ion
Current Battery Service state:
  AC powered: false
  USB powered: false
  Wireless powered: false
  Max charging current: 0
  Max charging voltage: 0
  Charge counter: 4480958
  status: 3
  health: 2
  present: true
  level: 75
  scale: 100
  voltage: 3898
  temperature: 300
  technology: Li-ion
Current Battery Service state:
  AC powered: false
  USB powered: false
  Wireless powered: false
  Max charging current: 0
  Max charging voltage: 0
  Charge counter: 4480958
  status: 3
  health: 2
  present: true
  level: 75
  scale: 100
  voltage: 3898
  temperature: 300
  technology: Li-ion
Current Battery Service state:
  AC powered: false
  USB powered: false
  Wireless powered: false
  Max charging current: 0
  Max charging voltage: 0
  Charge counter: 4475618
  status: 3
  health: 2
  present: true
  level: 75
  scale: 100
  voltage: 3889
  temperature: 295
  technology: Li-ion
Current Battery Service state:
  AC powered: false
  USB powered: false
  Wireless powered: false
  Max charging current: 0
  Max charging voltage: 0
  Charge counter: 4475618
  status: 3
  health: 2
  present: true
  level: 75
  scale: 100
  voltage: 3889
  temperature: 295
  technology: Li-ion
Current Battery Service state:
  AC powered: false
  USB powered: false
  Wireless powered: false
  Max charging current: 0
  Max charging voltage: 0
  Charge counter: 4475618
  status: 3
  health: 2
  present: true
  level: 75
  scale: 100
  voltage: 3889
  temperature: 295
  technology: Li-ion
Current Battery Service state:
  AC powered: false
  USB powered: false
  Wireless powered: false
  Max charging current: 0
  Max charging voltage: 0
  Charge counter: 4475618
  status: 3
  health: 2
  present: true
  level: 75
  scale: 100
  voltage: 3889
  temperature: 295
  technology: Li-ion
Current Battery Service state:
  AC powered: false
  USB powered: false
  Wireless powered: false
  Max charging current: 0
  Max charging voltage: 0
  Charge counter: 4475618
  status: 3
  health: 2
  present: true
  level: 75
  scale: 100
  voltage: 3889
  temperature: 295
  technology: Li-ion
Current Battery Service state:
  AC powered: false
  USB powered: false
  Wireless powered: false
  Max charging current: 0
  Max charging voltage: 0
  Charge counter: 4475618
  status: 3
  health: 2
  present: true
  level: 75
  scale: 100
  voltage: 3889
  temperature: 295
  technology: Li-ion
Current Battery Service state:
  AC powered: false
  USB powered: false
  Wireless powered: false
  Max charging current: 0
  Max charging voltage: 0
  Charge counter: 4475618
  status: 3
  health: 2
  present: true
  level: 75
  scale: 100
  voltage: 3889
  temperature: 295
  technology: Li-ion
Current Battery Service state:
  AC powered: false
  USB powered: false
  Wireless powered: false
  Max charging current: 0
  Max charging voltage: 0
  Charge counter: 4475618
  status: 3
  health: 2
  present: true
  level: 75
  scale: 100
  voltage: 3889
  temperature: 295
  technology: Li-ion
Current Battery Service state:
  AC powered: false
  USB powered: false
  Wireless powered: false
  Max charging current: 0
  Max charging voltage: 0
  Charge counter: 4475618
  status: 3
  health: 2
  present: true
  level: 75
  scale: 100
  voltage: 3889
  temperature: 295
  technology: Li-ion
Current Battery Service state:
  AC powered: false
  USB powered: false
  Wireless powered: false
  Max charging current: 0
  Max charging voltage: 0
  Charge counter: 4475618
  status: 3
  health: 2
  present: true
  level: 75
  scale: 100
  voltage: 3889
  temperature: 295
  technology: Li-ion
Current Battery Service state:
  AC powered: false
  USB powered: false
  Wireless powered: false
  Max charging current: 0
  Max charging voltage: 0
  Charge counter: 4470241
  status: 3
  health: 2
  present: true
  level: 74
  scale: 100
  voltage: 3893
  temperature: 297
  technology: Li-ion
Current Battery Service state:
  AC powered: false
  USB powered: false
  Wireless powered: false
  Max charging current: 0
  Max charging voltage: 0
  Charge counter: 4470241
  status: 3
  health: 2
  present: true
  level: 74
  scale: 100
  voltage: 3893
  temperature: 297
  technology: Li-ion
Current Battery Service state:
  AC powered: false
  USB powered: false
  Wireless powered: false
  Max charging current: 0
  Max charging voltage: 0
  Charge counter: 4470241
  status: 3
  health: 2
  present: true
  level: 74
  scale: 100
  voltage: 3893
  temperature: 297
  technology: Li-ion
Current Battery Service state:
  AC powered: false
  USB powered: false
  Wireless powered: false
  Max charging current: 0
  Max charging voltage: 0
  Charge counter: 4470241
  status: 3
  health: 2
  present: true
  level: 74
  scale: 100
  voltage: 3893
  temperature: 297
  technology: Li-ion
Current Battery Service state:
  AC powered: false
  USB powered: false
  Wireless powered: false
  Max charging current: 0
  Max charging voltage: 0
  Charge counter: 4470241
  status: 3
  health: 2
  present: true
  level: 74
  scale: 100
  voltage: 3893
  temperature: 297
  technology: Li-ion
Current Battery Service state:
  AC powered: false
  USB powered: false
  Wireless powered: false
  Max charging current: 0
  Max charging voltage: 0
  Charge counter: 4470241
  status: 3
  health: 2
  present: true
  level: 74
  scale: 100
  voltage: 3893
  temperature: 297
  technology: Li-ion
Current Battery Service state:
  AC powered: false
  USB powered: false
  Wireless powered: false
  Max charging current: 0
  Max charging voltage: 0
  Charge counter: 4470241
  status: 3
  health: 2
  present: true
  level: 74
  scale: 100
  voltage: 3893
  temperature: 297
  technology: Li-ion
Current Battery Service state:
  AC powered: false
  USB powered: false
  Wireless powered: false
  Max charging current: 0
  Max charging voltage: 0
  Charge counter: 4470241
  status: 3
  health: 2
  present: true
  level: 74
  scale: 100
  voltage: 3893
  temperature: 297
  technology: Li-ion
Current Battery Service state:
  AC powered: false
  USB powered: false
  Wireless powered: false
  Max charging current: 0
  Max charging voltage: 0
  Charge counter: 4470241
  status: 3
  health: 2
  present: true
  level: 74
  scale: 100
  voltage: 3893
  temperature: 297
  technology: Li-ion
Current Battery Service state:
  AC powered: false
  USB powered: false
  Wireless powered: false
  Max charging current: 0
  Max charging voltage: 0
  Charge counter: 4470241
  status: 3
  health: 2
  present: true
  level: 74
  scale: 100
  voltage: 3893
  temperature: 297
  technology: Li-ion
Current Battery Service state:
  AC powered: false
  USB powered: false
  Wireless powered: false
  Max charging current: 0
  Max charging voltage: 0
  Charge counter: 4464970
  status: 3
  health: 2
  present: true
  level: 74
  scale: 100
  voltage: 3893
  temperature: 295
  technology: Li-ion
Current Battery Service state:
  AC powered: false
  USB powered: false
  Wireless powered: false
  Max charging current: 0
  Max charging voltage: 0
  Charge counter: 4464970
  status: 3
  health: 2
  present: true
  level: 74
  scale: 100
  voltage: 3893
  temperature: 295
  technology: Li-ion
Current Battery Service state:
  AC powered: false
  USB powered: false
  Wireless powered: false
  Max charging current: 0
  Max charging voltage: 0
  Charge counter: 4463916
  status: 3
  health: 2
  present: true
  level: 74
  scale: 100
  voltage: 3892
  temperature: 295
  technology: Li-ion
Current Battery Service state:
  AC powered: false
  USB powered: false
  Wireless powered: false
  Max charging current: 0
  Max charging voltage: 0
  Charge counter: 4462721
  status: 3
  health: 2
  present: true
  level: 74
  scale: 100
  voltage: 3891
  temperature: 297
  technology: Li-ion
Current Battery Service state:
  AC powered: false
  USB powered: false
  Wireless powered: false
  Max charging current: 0
  Max charging voltage: 0
  Charge counter: 4462721
  status: 3
  health: 2
  present: true
  level: 74
  scale: 100
  voltage: 3891
  temperature: 297
  technology: Li-ion
Current Battery Service state:
  AC powered: false
  USB powered: false
  Wireless powered: false
  Max charging current: 0
  Max charging voltage: 0
  Charge counter: 4462721
  status: 3
  health: 2
  present: true
  level: 74
  scale: 100
  voltage: 3891
  temperature: 297
  technology: Li-ion
Current Battery Service state:
  AC powered: false
  USB powered: false
  Wireless powered: false
  Max charging current: 0
  Max charging voltage: 0
  Charge counter: 4462721
  status: 3
  health: 2
  present: true
  level: 74
  scale: 100
  voltage: 3891
  temperature: 297
  technology: Li-ion
Current Battery Service state:
  AC powered: false
  USB powered: false
  Wireless powered: false
  Max charging current: 0
  Max charging voltage: 0
  Charge counter: 4462721
  status: 3
  health: 2
  present: true
  level: 74
  scale: 100
  voltage: 3891
  temperature: 297
  technology: Li-ion
Current Battery Service state:
  AC powered: false
  USB powered: false
  Wireless powered: false
  Max charging current: 0
  Max charging voltage: 0
  Charge counter: 4462721
  status: 3
  health: 2
  present: true
  level: 74
  scale: 100
  voltage: 3891
  temperature: 297
  technology: Li-ion
Current Battery Service state:
  AC powered: false
  USB powered: false
  Wireless powered: false
  Max charging current: 0
  Max charging voltage: 0
  Charge counter: 4462721
  status: 3
  health: 2
  present: true
  level: 74
  scale: 100
  voltage: 3891
  temperature: 297
  technology: Li-ion
Current Battery Service state:
  AC powered: false
  USB powered: false
  Wireless powered: false
  Max charging current: 0
  Max charging voltage: 0
  Charge counter: 4459520
  status: 3
  health: 2
  present: true
  level: 74
  scale: 100
  voltage: 3886
  temperature: 297
  technology: Li-ion
Current Battery Service state:
  AC powered: false
  USB powered: false
  Wireless powered: false
  Max charging current: 0
  Max charging voltage: 0
  Charge counter: 4459520
  status: 3
  health: 2
  present: true
  level: 74
  scale: 100
  voltage: 3886
  temperature: 297
  technology: Li-ion
Current Battery Service state:
  AC powered: false
  USB powered: false
  Wireless powered: false
  Max charging current: 0
  Max charging voltage: 0
  Charge counter: 4459520
  status: 3
  health: 2
  present: true
  level: 74
  scale: 100
  voltage: 3886
  temperature: 297
  technology: Li-ion
Current Battery Service state:
  AC powered: false
  USB powered: false
  Wireless powered: false
  Max charging current: 0
  Max charging voltage: 0
  Charge counter: 4459520
  status: 3
  health: 2
  present: true
  level: 74
  scale: 100
  voltage: 3886
  temperature: 297
  technology: Li-ion
Current Battery Service state:
  AC powered: false
  USB powered: false
  Wireless powered: false
  Max charging current: 0
  Max charging voltage: 0
  Charge counter: 4459520
  status: 3
  health: 2
  present: true
  level: 74
  scale: 100
  voltage: 3886
  temperature: 297
  technology: Li-ion
Current Battery Service state:
  AC powered: false
  USB powered: false
  Wireless powered: false
  Max charging current: 0
  Max charging voltage: 0
  Charge counter: 4459520
  status: 3
  health: 2
  present: true
  level: 74
  scale: 100
  voltage: 3886
  temperature: 297
  technology: Li-ion
Current Battery Service state:
  AC powered: false
  USB powered: false
  Wireless powered: false
  Max charging current: 0
  Max charging voltage: 0
  Charge counter: 4459520
  status: 3
  health: 2
  present: true
  level: 74
  scale: 100
  voltage: 3886
  temperature: 297
  technology: Li-ion
Current Battery Service state:
  AC powered: false
  USB powered: false
  Wireless powered: false
  Max charging current: 0
  Max charging voltage: 0
  Charge counter: 4459520
  status: 3
  health: 2
  present: true
  level: 74
  scale: 100
  voltage: 3886
  temperature: 297
  technology: Li-ion
Current Battery Service state:
  AC powered: false
  USB powered: false
  Wireless powered: false
  Max charging current: 0
  Max charging voltage: 0
  Charge counter: 4459520
  status: 3
  health: 2
  present: true
  level: 74
  scale: 100
  voltage: 3886
  temperature: 297
  technology: Li-ion
Current Battery Service state:
  AC powered: false
  USB powered: false
  Wireless powered: false
  Max charging current: 0
  Max charging voltage: 0
  Charge counter: 4459520
  status: 3
  health: 2
  present: true
  level: 74
  scale: 100
  voltage: 3886
  temperature: 297
  technology: Li-ion
Current Battery Service state:
  AC powered: false
  USB powered: false
  Wireless powered: false
  Max charging current: 0
  Max charging voltage: 0
  Charge counter: 4454065
  status: 3
  health: 2
  present: true
  level: 74
  scale: 100
  voltage: 3888
  temperature: 295
  technology: Li-ion
Current Battery Service state:
  AC powered: false
  USB powered: false
  Wireless powered: false
  Max charging current: 0
  Max charging voltage: 0
  Charge counter: 4454065
  status: 3
  health: 2
  present: true
  level: 74
  scale: 100
  voltage: 3888
  temperature: 295
  technology: Li-ion
Current Battery Service state:
  AC powered: false
  USB powered: false
  Wireless powered: false
  Max charging current: 0
  Max charging voltage: 0
  Charge counter: 4454065
  status: 3
  health: 2
  present: true
  level: 74
  scale: 100
  voltage: 3888
  temperature: 295
  technology: Li-ion
Current Battery Service state:
  AC powered: false
  USB powered: false
  Wireless powered: false
  Max charging current: 0
  Max charging voltage: 0
  Charge counter: 4454065
  status: 3
  health: 2
  present: true
  level: 74
  scale: 100
  voltage: 3888
  temperature: 295
  technology: Li-ion
Current Battery Service state:
  AC powered: false
  USB powered: false
  Wireless powered: false
  Max charging current: 0
  Max charging voltage: 0
  Charge counter: 4454065
  status: 3
  health: 2
  present: true
  level: 74
  scale: 100
  voltage: 3888
  temperature: 295
  technology: Li-ion
Current Battery Service state:
  AC powered: false
  USB powered: false
  Wireless powered: false
  Max charging current: 0
  Max charging voltage: 0
  Charge counter: 4454065
  status: 3
  health: 2
  present: true
  level: 74
  scale: 100
  voltage: 3888
  temperature: 295
  technology: Li-ion
Current Battery Service state:
  AC powered: false
  USB powered: false
  Wireless powered: false
  Max charging current: 0
  Max charging voltage: 0
  Charge counter: 4454065
  status: 3
  health: 2
  present: true
  level: 74
  scale: 100
  voltage: 3888
  temperature: 295
  technology: Li-ion
Current Battery Service state:
  AC powered: false
  USB powered: false
  Wireless powered: false
  Max charging current: 0
  Max charging voltage: 0
  Charge counter: 4454065
  status: 3
  health: 2
  present: true
  level: 74
  scale: 100
  voltage: 3888
  temperature: 295
  technology: Li-ion
Current Battery Service state:
  AC powered: false
  USB powered: false
  Wireless powered: false
  Max charging current: 0
  Max charging voltage: 0
  Charge counter: 4454065
  status: 3
  health: 2
  present: true
  level: 74
  scale: 100
  voltage: 3888
  temperature: 295
  technology: Li-ion
Current Battery Service state:
  AC powered: false
  USB powered: false
  Wireless powered: false
  Max charging current: 0
  Max charging voltage: 0
  Charge counter: 4454065
  status: 3
  health: 2
  present: true
  level: 74
  scale: 100
  voltage: 3888
  temperature: 295
  technology: Li-ion
Current Battery Service state:
  AC powered: false
  USB powered: false
  Wireless powered: false
  Max charging current: 0
  Max charging voltage: 0
  Charge counter: 4448816
  status: 3
  health: 2
  present: true
  level: 74
  scale: 100
  voltage: 3888
  temperature: 295
  technology: Li-ion
Current Battery Service state:
  AC powered: false
  USB powered: false
  Wireless powered: false
  Max charging current: 0
  Max charging voltage: 0
  Charge counter: 4448816
  status: 3
  health: 2
  present: true
  level: 74
  scale: 100
  voltage: 3888
  temperature: 295
  technology: Li-ion
Current Battery Service state:
  AC powered: false
  USB powered: false
  Wireless powered: false
  Max charging current: 0
  Max charging voltage: 0
  Charge counter: 4448816
  status: 3
  health: 2
  present: true
  level: 74
  scale: 100
  voltage: 3888
  temperature: 295
  technology: Li-ion
Current Battery Service state:
  AC powered: false
  USB powered: false
  Wireless powered: false
  Max charging current: 0
  Max charging voltage: 0
  Charge counter: 4448816
  status: 3
  health: 2
  present: true
  level: 74
  scale: 100
  voltage: 3888
  temperature: 295
  technology: Li-ion
Current Battery Service state:
  AC powered: false
  USB powered: false
  Wireless powered: false
  Max charging current: 0
  Max charging voltage: 0
  Charge counter: 4448816
  status: 3
  health: 2
  present: true
  level: 74
  scale: 100
  voltage: 3888
  temperature: 295
  technology: Li-ion
Current Battery Service state:
  AC powered: false
  USB powered: false
  Wireless powered: false
  Max charging current: 0
  Max charging voltage: 0
  Charge counter: 4448816
  status: 3
  health: 2
  present: true
  level: 74
  scale: 100
  voltage: 3888
  temperature: 295
  technology: Li-ion
Current Battery Service state:
  AC powered: false
  USB powered: false
  Wireless powered: false
  Max charging current: 0
  Max charging voltage: 0
  Charge counter: 4448816
  status: 3
  health: 2
  present: true
  level: 74
  scale: 100
  voltage: 3888
  temperature: 295
  technology: Li-ion
Current Battery Service state:
  AC powered: false
  USB powered: false
  Wireless powered: false
  Max charging current: 0
  Max charging voltage: 0
  Charge counter: 4448816
  status: 3
  health: 2
  present: true
  level: 74
  scale: 100
  voltage: 3888
  temperature: 295
  technology: Li-ion
Current Battery Service state:
  AC powered: false
  USB powered: false
  Wireless powered: false
  Max charging current: 0
  Max charging voltage: 0
  Charge counter: 4448816
  status: 3
  health: 2
  present: true
  level: 74
  scale: 100
  voltage: 3888
  temperature: 295
  technology: Li-ion
Current Battery Service state:
  AC powered: false
  USB powered: false
  Wireless powered: false
  Max charging current: 0
  Max charging voltage: 0
  Charge counter: 4448816
  status: 3
  health: 2
  present: true
  level: 74
  scale: 100
  voltage: 3888
  temperature: 295
  technology: Li-ion
Current Battery Service state:
  AC powered: false
  USB powered: false
  Wireless powered: false
  Max charging current: 0
  Max charging voltage: 0
  Charge counter: 4443530
  status: 3
  health: 2
  present: true
  level: 74
  scale: 100
  voltage: 3885
  temperature: 295
  technology: Li-ion
Current Battery Service state:
  AC powered: false
  USB powered: false
  Wireless powered: false
  Max charging current: 0
  Max charging voltage: 0
  Charge counter: 4443530
  status: 3
  health: 2
  present: true
  level: 74
  scale: 100
  voltage: 3885
  temperature: 295
  technology: Li-ion
Current Battery Service state:
  AC powered: false
  USB powered: false
  Wireless powered: false
  Max charging current: 0
  Max charging voltage: 0
  Charge counter: 4443530
  status: 3
  health: 2
  present: true
  level: 74
  scale: 100
  voltage: 3885
  temperature: 295
  technology: Li-ion
Current Battery Service state:
  AC powered: false
  USB powered: false
  Wireless powered: false
  Max charging current: 0
  Max charging voltage: 0
  Charge counter: 4443530
  status: 3
  health: 2
  present: true
  level: 74
  scale: 100
  voltage: 3885
  temperature: 295
  technology: Li-ion
Current Battery Service state:
  AC powered: false
  USB powered: false
  Wireless powered: false
  Max charging current: 0
  Max charging voltage: 0
  Charge counter: 4443530
  status: 3
  health: 2
  present: true
  level: 74
  scale: 100
  voltage: 3885
  temperature: 295
  technology: Li-ion
Current Battery Service state:
  AC powered: false
  USB powered: false
  Wireless powered: false
  Max charging current: 0
  Max charging voltage: 0
  Charge counter: 4443530
  status: 3
  health: 2
  present: true
  level: 74
  scale: 100
  voltage: 3885
  temperature: 295
  technology: Li-ion
Current Battery Service state:
  AC powered: false
  USB powered: false
  Wireless powered: false
  Max charging current: 0
  Max charging voltage: 0
  Charge counter: 4443530
  status: 3
  health: 2
  present: true
  level: 74
  scale: 100
  voltage: 3885
  temperature: 295
  technology: Li-ion
Current Battery Service state:
  AC powered: false
  USB powered: false
  Wireless powered: false
  Max charging current: 0
  Max charging voltage: 0
  Charge counter: 4443530
  status: 3
  health: 2
  present: true
  level: 74
  scale: 100
  voltage: 3885
  temperature: 295
  technology: Li-ion
Current Battery Service state:
  AC powered: false
  USB powered: false
  Wireless powered: false
  Max charging current: 0
  Max charging voltage: 0
  Charge counter: 4443530
  status: 3
  health: 2
  present: true
  level: 74
  scale: 100
  voltage: 3885
  temperature: 295
  technology: Li-ion
Current Battery Service state:
  AC powered: false
  USB powered: false
  Wireless powered: false
  Max charging current: 0
  Max charging voltage: 0
  Charge counter: 4443530
  status: 3
  health: 2
  present: true
  level: 74
  scale: 100
  voltage: 3885
  temperature: 295
  technology: Li-ion
Current Battery Service state:
  AC powered: false
  USB powered: false
  Wireless powered: false
  Max charging current: 0
  Max charging voltage: 0
  Charge counter: 4438050
  status: 3
  health: 2
  present: true
  level: 74
  scale: 100
  voltage: 3884
  temperature: 295
  technology: Li-ion
Current Battery Service state:
  AC powered: false
  USB powered: false
  Wireless powered: false
  Max charging current: 0
  Max charging voltage: 0
  Charge counter: 4438050
  status: 3
  health: 2
  present: true
  level: 74
  scale: 100
  voltage: 3884
  temperature: 295
  technology: Li-ion
Current Battery Service state:
  AC powered: false
  USB powered: false
  Wireless powered: false
  Max charging current: 0
  Max charging voltage: 0
  Charge counter: 4438050
  status: 3
  health: 2
  present: true
  level: 74
  scale: 100
  voltage: 3884
  temperature: 295
  technology: Li-ion
Current Battery Service state:
  AC powered: false
  USB powered: false
  Wireless powered: false
  Max charging current: 0
  Max charging voltage: 0
  Charge counter: 4438050
  status: 3
  health: 2
  present: true
  level: 74
  scale: 100
  voltage: 3884
  temperature: 295
  technology: Li-ion
Current Battery Service state:
  AC powered: false
  USB powered: false
  Wireless powered: false
  Max charging current: 0
  Max charging voltage: 0
  Charge counter: 4438050
  status: 3
  health: 2
  present: true
  level: 74
  scale: 100
  voltage: 3884
  temperature: 295
  technology: Li-ion
Current Battery Service state:
  AC powered: false
  USB powered: false
  Wireless powered: false
  Max charging current: 0
  Max charging voltage: 0
  Charge counter: 4438050
  status: 3
  health: 2
  present: true
  level: 74
  scale: 100
  voltage: 3884
  temperature: 295
  technology: Li-ion
Current Battery Service state:
  AC powered: false
  USB powered: false
  Wireless powered: false
  Max charging current: 0
  Max charging voltage: 0
  Charge counter: 4434445
  status: 3
  health: 2
  present: true
  level: 74
  scale: 100
  voltage: 3881
  temperature: 292
  technology: Li-ion
Current Battery Service state:
  AC powered: false
  USB powered: false
  Wireless powered: false
  Max charging current: 0
  Max charging voltage: 0
  Charge counter: 4434445
  status: 3
  health: 2
  present: true
  level: 74
  scale: 100
  voltage: 3881
  temperature: 292
  technology: Li-ion
Current Battery Service state:
  AC powered: false
  USB powered: false
  Wireless powered: false
  Max charging current: 0
  Max charging voltage: 0
  Charge counter: 4434445
  status: 3
  health: 2
  present: true
  level: 74
  scale: 100
  voltage: 3881
  temperature: 292
  technology: Li-ion
Current Battery Service state:
  AC powered: false
  USB powered: false
  Wireless powered: false
  Max charging current: 0
  Max charging voltage: 0
  Charge counter: 4434445
  status: 3
  health: 2
  present: true
  level: 74
  scale: 100
  voltage: 3881
  temperature: 292
  technology: Li-ion
Current Battery Service state:
  AC powered: false
  USB powered: false
  Wireless powered: false
  Max charging current: 0
  Max charging voltage: 0
  Charge counter: 4432868
  status: 3
  health: 2
  present: true
  level: 74
  scale: 100
  voltage: 3882
  temperature: 292
  technology: Li-ion
Current Battery Service state:
  AC powered: false
  USB powered: false
  Wireless powered: false
  Max charging current: 0
  Max charging voltage: 0
  Charge counter: 4432868
  status: 3
  health: 2
  present: true
  level: 74
  scale: 100
  voltage: 3882
  temperature: 292
  technology: Li-ion
Current Battery Service state:
  AC powered: false
  USB powered: false
  Wireless powered: false
  Max charging current: 0
  Max charging voltage: 0
  Charge counter: 4432868
  status: 3
  health: 2
  present: true
  level: 74
  scale: 100
  voltage: 3882
  temperature: 292
  technology: Li-ion
Current Battery Service state:
  AC powered: false
  USB powered: false
  Wireless powered: false
  Max charging current: 0
  Max charging voltage: 0
  Charge counter: 4432868
  status: 3
  health: 2
  present: true
  level: 74
  scale: 100
  voltage: 3882
  temperature: 292
  technology: Li-ion
Current Battery Service state:
  AC powered: false
  USB powered: false
  Wireless powered: false
  Max charging current: 0
  Max charging voltage: 0
  Charge counter: 4432868
  status: 3
  health: 2
  present: true
  level: 74
  scale: 100
  voltage: 3882
  temperature: 292
  technology: Li-ion
Current Battery Service state:
  AC powered: false
  USB powered: false
  Wireless powered: false
  Max charging current: 0
  Max charging voltage: 0
  Charge counter: 4432868
  status: 3
  health: 2
  present: true
  level: 74
  scale: 100
  voltage: 3882
  temperature: 292
  technology: Li-ion
Current Battery Service state:
  AC powered: false
  USB powered: false
  Wireless powered: false
  Max charging current: 0
  Max charging voltage: 0
  Charge counter: 4432868
  status: 3
  health: 2
  present: true
  level: 74
  scale: 100
  voltage: 3882
  temperature: 292
  technology: Li-ion
Current Battery Service state:
  AC powered: false
  USB powered: false
  Wireless powered: false
  Max charging current: 0
  Max charging voltage: 0
  Charge counter: 4432868
  status: 3
  health: 2
  present: true
  level: 74
  scale: 100
  voltage: 3882
  temperature: 292
  technology: Li-ion
Current Battery Service state:
  AC powered: false
  USB powered: false
  Wireless powered: false
  Max charging current: 0
  Max charging voltage: 0
  Charge counter: 4432868
  status: 3
  health: 2
  present: true
  level: 74
  scale: 100
  voltage: 3882
  temperature: 292
  technology: Li-ion
Current Battery Service state:
  AC powered: false
  USB powered: false
  Wireless powered: false
  Max charging current: 0
  Max charging voltage: 0
  Charge counter: 4432868
  status: 3
  health: 2
  present: true
  level: 74
  scale: 100
  voltage: 3882
  temperature: 292
  technology: Li-ion
Current Battery Service state:
  AC powered: false
  USB powered: false
  Wireless powered: false
  Max charging current: 0
  Max charging voltage: 0
  Charge counter: 4427578
  status: 3
  health: 2
  present: true
  level: 74
  scale: 100
  voltage: 3878
  temperature: 295
  technology: Li-ion
Current Battery Service state:
  AC powered: false
  USB powered: false
  Wireless powered: false
  Max charging current: 0
  Max charging voltage: 0
  Charge counter: 4427578
  status: 3
  health: 2
  present: true
  level: 74
  scale: 100
  voltage: 3878
  temperature: 295
  technology: Li-ion
Current Battery Service state:
  AC powered: false
  USB powered: false
  Wireless powered: false
  Max charging current: 0
  Max charging voltage: 0
  Charge counter: 4427578
  status: 3
  health: 2
  present: true
  level: 74
  scale: 100
  voltage: 3878
  temperature: 295
  technology: Li-ion
Current Battery Service state:
  AC powered: false
  USB powered: false
  Wireless powered: false
  Max charging current: 0
  Max charging voltage: 0
  Charge counter: 4427578
  status: 3
  health: 2
  present: true
  level: 74
  scale: 100
  voltage: 3878
  temperature: 295
  technology: Li-ion
Current Battery Service state:
  AC powered: false
  USB powered: false
  Wireless powered: false
  Max charging current: 0
  Max charging voltage: 0
  Charge counter: 4427578
  status: 3
  health: 2
  present: true
  level: 74
  scale: 100
  voltage: 3878
  temperature: 295
  technology: Li-ion
Current Battery Service state:
  AC powered: false
  USB powered: false
  Wireless powered: false
  Max charging current: 0
  Max charging voltage: 0
  Charge counter: 4427578
  status: 3
  health: 2
  present: true
  level: 74
  scale: 100
  voltage: 3878
  temperature: 295
  technology: Li-ion
Current Battery Service state:
  AC powered: false
  USB powered: false
  Wireless powered: false
  Max charging current: 0
  Max charging voltage: 0
  Charge counter: 4427578
  status: 3
  health: 2
  present: true
  level: 74
  scale: 100
  voltage: 3878
  temperature: 295
  technology: Li-ion
Current Battery Service state:
  AC powered: false
  USB powered: false
  Wireless powered: false
  Max charging current: 0
  Max charging voltage: 0
  Charge counter: 4427578
  status: 3
  health: 2
  present: true
  level: 74
  scale: 100
  voltage: 3878
  temperature: 295
  technology: Li-ion
Current Battery Service state:
  AC powered: false
  USB powered: false
  Wireless powered: false
  Max charging current: 0
  Max charging voltage: 0
  Charge counter: 4427578
  status: 3
  health: 2
  present: true
  level: 74
  scale: 100
  voltage: 3878
  temperature: 295
  technology: Li-ion
Current Battery Service state:
  AC powered: false
  USB powered: false
  Wireless powered: false
  Max charging current: 0
  Max charging voltage: 0
  Charge counter: 4427578
  status: 3
  health: 2
  present: true
  level: 74
  scale: 100
  voltage: 3878
  temperature: 295
  technology: Li-ion
Current Battery Service state:
  AC powered: false
  USB powered: false
  Wireless powered: false
  Max charging current: 0
  Max charging voltage: 0
  Charge counter: 4422063
  status: 3
  health: 2
  present: true
  level: 73
  scale: 100
  voltage: 3878
  temperature: 292
  technology: Li-ion
Current Battery Service state:
  AC powered: false
  USB powered: false
  Wireless powered: false
  Max charging current: 0
  Max charging voltage: 0
  Charge counter: 4422063
  status: 3
  health: 2
  present: true
  level: 73
  scale: 100
  voltage: 3878
  temperature: 292
  technology: Li-ion
Current Battery Service state:
  AC powered: false
  USB powered: false
  Wireless powered: false
  Max charging current: 0
  Max charging voltage: 0
  Charge counter: 4422063
  status: 3
  health: 2
  present: true
  level: 73
  scale: 100
  voltage: 3878
  temperature: 292
  technology: Li-ion
Current Battery Service state:
  AC powered: false
  USB powered: false
  Wireless powered: false
  Max charging current: 0
  Max charging voltage: 0
  Charge counter: 4422063
  status: 3
  health: 2
  present: true
  level: 73
  scale: 100
  voltage: 3878
  temperature: 292
  technology: Li-ion
Current Battery Service state:
  AC powered: false
  USB powered: false
  Wireless powered: false
  Max charging current: 0
  Max charging voltage: 0
  Charge counter: 4422063
  status: 3
  health: 2
  present: true
  level: 73
  scale: 100
  voltage: 3878
  temperature: 292
  technology: Li-ion
Current Battery Service state:
  AC powered: false
  USB powered: false
  Wireless powered: false
  Max charging current: 0
  Max charging voltage: 0
  Charge counter: 4422063
  status: 3
  health: 2
  present: true
  level: 73
  scale: 100
  voltage: 3878
  temperature: 292
  technology: Li-ion
Current Battery Service state:
  AC powered: false
  USB powered: false
  Wireless powered: false
  Max charging current: 0
  Max charging voltage: 0
  Charge counter: 4422063
  status: 3
  health: 2
  present: true
  level: 73
  scale: 100
  voltage: 3878
  temperature: 292
  technology: Li-ion
Current Battery Service state:
  AC powered: false
  USB powered: false
  Wireless powered: false
  Max charging current: 0
  Max charging voltage: 0
  Charge counter: 4422063
  status: 3
  health: 2
  present: true
  level: 73
  scale: 100
  voltage: 3878
  temperature: 292
  technology: Li-ion
Current Battery Service state:
  AC powered: false
  USB powered: false
  Wireless powered: false
  Max charging current: 0
  Max charging voltage: 0
  Charge counter: 4422063
  status: 3
  health: 2
  present: true
  level: 73
  scale: 100
  voltage: 3878
  temperature: 292
  technology: Li-ion
Current Battery Service state:
  AC powered: false
  USB powered: false
  Wireless powered: false
  Max charging current: 0
  Max charging voltage: 0
  Charge counter: 4422063
  status: 3
  health: 2
  present: true
  level: 73
  scale: 100
  voltage: 3878
  temperature: 292
  technology: Li-ion
Current Battery Service state:
  AC powered: false
  USB powered: false
  Wireless powered: false
  Max charging current: 0
  Max charging voltage: 0
  Charge counter: 4416756
  status: 3
  health: 2
  present: true
  level: 73
  scale: 100
  voltage: 3876
  temperature: 292
  technology: Li-ion
Current Battery Service state:
  AC powered: false
  USB powered: false
  Wireless powered: false
  Max charging current: 0
  Max charging voltage: 0
  Charge counter: 4416756
  status: 3
  health: 2
  present: true
  level: 73
  scale: 100
  voltage: 3876
  temperature: 292
  technology: Li-ion
Current Battery Service state:
  AC powered: false
  USB powered: false
  Wireless powered: false
  Max charging current: 0
  Max charging voltage: 0
  Charge counter: 4416756
  status: 3
  health: 2
  present: true
  level: 73
  scale: 100
  voltage: 3876
  temperature: 292
  technology: Li-ion
Current Battery Service state:
  AC powered: false
  USB powered: false
  Wireless powered: false
  Max charging current: 0
  Max charging voltage: 0
  Charge counter: 4416756
  status: 3
  health: 2
  present: true
  level: 73
  scale: 100
  voltage: 3876
  temperature: 292
  technology: Li-ion
Current Battery Service state:
  AC powered: false
  USB powered: false
  Wireless powered: false
  Max charging current: 0
  Max charging voltage: 0
  Charge counter: 4416756
  status: 3
  health: 2
  present: true
  level: 73
  scale: 100
  voltage: 3876
  temperature: 292
  technology: Li-ion
Current Battery Service state:
  AC powered: false
  USB powered: false
  Wireless powered: false
  Max charging current: 0
  Max charging voltage: 0
  Charge counter: 4416756
  status: 3
  health: 2
  present: true
  level: 73
  scale: 100
  voltage: 3876
  temperature: 292
  technology: Li-ion
Current Battery Service state:
  AC powered: false
  USB powered: false
  Wireless powered: false
  Max charging current: 0
  Max charging voltage: 0
  Charge counter: 4413094
  status: 3
  health: 2
  present: true
  level: 73
  scale: 100
  voltage: 3872
  temperature: 295
  technology: Li-ion
Current Battery Service state:
  AC powered: false
  USB powered: false
  Wireless powered: false
  Max charging current: 0
  Max charging voltage: 0
  Charge counter: 4413094
  status: 3
  health: 2
  present: true
  level: 73
  scale: 100
  voltage: 3872
  temperature: 295
  technology: Li-ion
Current Battery Service state:
  AC powered: false
  USB powered: false
  Wireless powered: false
  Max charging current: 0
  Max charging voltage: 0
  Charge counter: 4413094
  status: 3
  health: 2
  present: true
  level: 73
  scale: 100
  voltage: 3872
  temperature: 295
  technology: Li-ion
Current Battery Service state:
  AC powered: false
  USB powered: false
  Wireless powered: false
  Max charging current: 0
  Max charging voltage: 0
  Charge counter: 4413094
  status: 3
  health: 2
  present: true
  level: 73
  scale: 100
  voltage: 3872
  temperature: 295
  technology: Li-ion
Current Battery Service state:
  AC powered: false
  USB powered: false
  Wireless powered: false
  Max charging current: 0
  Max charging voltage: 0
  Charge counter: 4411519
  status: 3
  health: 2
  present: true
  level: 73
  scale: 100
  voltage: 3876
  temperature: 295
  technology: Li-ion
Current Battery Service state:
  AC powered: false
  USB powered: false
  Wireless powered: false
  Max charging current: 0
  Max charging voltage: 0
  Charge counter: 4411519
  status: 3
  health: 2
  present: true
  level: 73
  scale: 100
  voltage: 3876
  temperature: 295
  technology: Li-ion
Current Battery Service state:
  AC powered: false
  USB powered: false
  Wireless powered: false
  Max charging current: 0
  Max charging voltage: 0
  Charge counter: 4411519
  status: 3
  health: 2
  present: true
  level: 73
  scale: 100
  voltage: 3876
  temperature: 295
  technology: Li-ion
Current Battery Service state:
  AC powered: false
  USB powered: false
  Wireless powered: false
  Max charging current: 0
  Max charging voltage: 0
  Charge counter: 4411519
  status: 3
  health: 2
  present: true
  level: 73
  scale: 100
  voltage: 3876
  temperature: 295
  technology: Li-ion
Current Battery Service state:
  AC powered: false
  USB powered: false
  Wireless powered: false
  Max charging current: 0
  Max charging voltage: 0
  Charge counter: 4411519
  status: 3
  health: 2
  present: true
  level: 73
  scale: 100
  voltage: 3876
  temperature: 295
  technology: Li-ion
Current Battery Service state:
  AC powered: false
  USB powered: false
  Wireless powered: false
  Max charging current: 0
  Max charging voltage: 0
  Charge counter: 4411519
  status: 3
  health: 2
  present: true
  level: 73
  scale: 100
  voltage: 3876
  temperature: 295
  technology: Li-ion
Current Battery Service state:
  AC powered: false
  USB powered: false
  Wireless powered: false
  Max charging current: 0
  Max charging voltage: 0
  Charge counter: 4411519
  status: 3
  health: 2
  present: true
  level: 73
  scale: 100
  voltage: 3876
  temperature: 295
  technology: Li-ion
Current Battery Service state:
  AC powered: false
  USB powered: false
  Wireless powered: false
  Max charging current: 0
  Max charging voltage: 0
  Charge counter: 4411519
  status: 3
  health: 2
  present: true
  level: 73
  scale: 100
  voltage: 3876
  temperature: 295
  technology: Li-ion
Current Battery Service state:
  AC powered: false
  USB powered: false
  Wireless powered: false
  Max charging current: 0
  Max charging voltage: 0
  Charge counter: 4411519
  status: 3
  health: 2
  present: true
  level: 73
  scale: 100
  voltage: 3876
  temperature: 295
  technology: Li-ion
Current Battery Service state:
  AC powered: false
  USB powered: false
  Wireless powered: false
  Max charging current: 0
  Max charging voltage: 0
  Charge counter: 4405554
  status: 3
  health: 2
  present: true
  level: 73
  scale: 100
  voltage: 3863
  temperature: 292
  technology: Li-ion
Current Battery Service state:
  AC powered: false
  USB powered: false
  Wireless powered: false
  Max charging current: 0
  Max charging voltage: 0
  Charge counter: 4404982
  status: 3
  health: 2
  present: true
  level: 73
  scale: 100
  voltage: 3864
  temperature: 295
  technology: Li-ion
Current Battery Service state:
  AC powered: false
  USB powered: false
  Wireless powered: false
  Max charging current: 0
  Max charging voltage: 0
  Charge counter: 4404982
  status: 3
  health: 2
  present: true
  level: 73
  scale: 100
  voltage: 3864
  temperature: 295
  technology: Li-ion
Current Battery Service state:
  AC powered: false
  USB powered: false
  Wireless powered: false
  Max charging current: 0
  Max charging voltage: 0
  Charge counter: 4404982
  status: 3
  health: 2
  present: true
  level: 73
  scale: 100
  voltage: 3864
  temperature: 295
  technology: Li-ion
Current Battery Service state:
  AC powered: false
  USB powered: false
  Wireless powered: false
  Max charging current: 0
  Max charging voltage: 0
  Charge counter: 4404982
  status: 3
  health: 2
  present: true
  level: 73
  scale: 100
  voltage: 3864
  temperature: 295
  technology: Li-ion
Current Battery Service state:
  AC powered: false
  USB powered: false
  Wireless powered: false
  Max charging current: 0
  Max charging voltage: 0
  Charge counter: 4404982
  status: 3
  health: 2
  present: true
  level: 73
  scale: 100
  voltage: 3864
  temperature: 295
  technology: Li-ion
Current Battery Service state:
  AC powered: false
  USB powered: false
  Wireless powered: false
  Max charging current: 0
  Max charging voltage: 0
  Charge counter: 4404982
  status: 3
  health: 2
  present: true
  level: 73
  scale: 100
  voltage: 3864
  temperature: 295
  technology: Li-ion
Current Battery Service state:
  AC powered: false
  USB powered: false
  Wireless powered: false
  Max charging current: 0
  Max charging voltage: 0
  Charge counter: 4404982
  status: 3
  health: 2
  present: true
  level: 73
  scale: 100
  voltage: 3864
  temperature: 295
  technology: Li-ion
Current Battery Service state:
  AC powered: false
  USB powered: false
  Wireless powered: false
  Max charging current: 0
  Max charging voltage: 0
  Charge counter: 4404982
  status: 3
  health: 2
  present: true
  level: 73
  scale: 100
  voltage: 3864
  temperature: 295
  technology: Li-ion
Current Battery Service state:
  AC powered: false
  USB powered: false
  Wireless powered: false
  Max charging current: 0
  Max charging voltage: 0
  Charge counter: 4404982
  status: 3
  health: 2
  present: true
  level: 73
  scale: 100
  voltage: 3864
  temperature: 295
  technology: Li-ion
Current Battery Service state:
  AC powered: false
  USB powered: false
  Wireless powered: false
  Max charging current: 0
  Max charging voltage: 0
  Charge counter: 4404982
  status: 3
  health: 2
  present: true
  level: 73
  scale: 100
  voltage: 3864
  temperature: 295
  technology: Li-ion
Current Battery Service state:
  AC powered: false
  USB powered: false
  Wireless powered: false
  Max charging current: 0
  Max charging voltage: 0
  Charge counter: 4399706
  status: 3
  health: 2
  present: true
  level: 73
  scale: 100
  voltage: 3871
  temperature: 292
  technology: Li-ion
Current Battery Service state:
  AC powered: false
  USB powered: false
  Wireless powered: false
  Max charging current: 0
  Max charging voltage: 0
  Charge counter: 4399706
  status: 3
  health: 2
  present: true
  level: 73
  scale: 100
  voltage: 3871
  temperature: 292
  technology: Li-ion
Current Battery Service state:
  AC powered: false
  USB powered: false
  Wireless powered: false
  Max charging current: 0
  Max charging voltage: 0
  Charge counter: 4399706
  status: 3
  health: 2
  present: true
  level: 73
  scale: 100
  voltage: 3871
  temperature: 292
  technology: Li-ion
Current Battery Service state:
  AC powered: false
  USB powered: false
  Wireless powered: false
  Max charging current: 0
  Max charging voltage: 0
  Charge counter: 4399706
  status: 3
  health: 2
  present: true
  level: 73
  scale: 100
  voltage: 3871
  temperature: 292
  technology: Li-ion
Current Battery Service state:
  AC powered: false
  USB powered: false
  Wireless powered: false
  Max charging current: 0
  Max charging voltage: 0
  Charge counter: 4399706
  status: 3
  health: 2
  present: true
  level: 73
  scale: 100
  voltage: 3871
  temperature: 292
  technology: Li-ion
Current Battery Service state:
  AC powered: false
  USB powered: false
  Wireless powered: false
  Max charging current: 0
  Max charging voltage: 0
  Charge counter: 4399706
  status: 3
  health: 2
  present: true
  level: 73
  scale: 100
  voltage: 3871
  temperature: 292
  technology: Li-ion
Current Battery Service state:
  AC powered: false
  USB powered: false
  Wireless powered: false
  Max charging current: 0
  Max charging voltage: 0
  Charge counter: 4399706
  status: 3
  health: 2
  present: true
  level: 73
  scale: 100
  voltage: 3871
  temperature: 292
  technology: Li-ion
Current Battery Service state:
  AC powered: false
  USB powered: false
  Wireless powered: false
  Max charging current: 0
  Max charging voltage: 0
  Charge counter: 4399706
  status: 3
  health: 2
  present: true
  level: 73
  scale: 100
  voltage: 3871
  temperature: 292
  technology: Li-ion
Current Battery Service state:
  AC powered: false
  USB powered: false
  Wireless powered: false
  Max charging current: 0
  Max charging voltage: 0
  Charge counter: 4399706
  status: 3
  health: 2
  present: true
  level: 73
  scale: 100
  voltage: 3871
  temperature: 292
  technology: Li-ion
Current Battery Service state:
  AC powered: false
  USB powered: false
  Wireless powered: false
  Max charging current: 0
  Max charging voltage: 0
  Charge counter: 4399706
  status: 3
  health: 2
  present: true
  level: 73
  scale: 100
  voltage: 3871
  temperature: 292
  technology: Li-ion
Current Battery Service state:
  AC powered: false
  USB powered: false
  Wireless powered: false
  Max charging current: 0
  Max charging voltage: 0
  Charge counter: 4394427
  status: 3
  health: 2
  present: true
  level: 73
  scale: 100
  voltage: 3869
  temperature: 292
  technology: Li-ion
Current Battery Service state:
  AC powered: false
  USB powered: false
  Wireless powered: false
  Max charging current: 0
  Max charging voltage: 0
  Charge counter: 4394427
  status: 3
  health: 2
  present: true
  level: 73
  scale: 100
  voltage: 3869
  temperature: 292
  technology: Li-ion
Current Battery Service state:
  AC powered: false
  USB powered: false
  Wireless powered: false
  Max charging current: 0
  Max charging voltage: 0
  Charge counter: 4394427
  status: 3
  health: 2
  present: true
  level: 73
  scale: 100
  voltage: 3869
  temperature: 292
  technology: Li-ion
Current Battery Service state:
  AC powered: false
  USB powered: false
  Wireless powered: false
  Max charging current: 0
  Max charging voltage: 0
  Charge counter: 4394427
  status: 3
  health: 2
  present: true
  level: 73
  scale: 100
  voltage: 3869
  temperature: 292
  technology: Li-ion
Current Battery Service state:
  AC powered: false
  USB powered: false
  Wireless powered: false
  Max charging current: 0
  Max charging voltage: 0
  Charge counter: 4394427
  status: 3
  health: 2
  present: true
  level: 73
  scale: 100
  voltage: 3869
  temperature: 292
  technology: Li-ion
Current Battery Service state:
  AC powered: false
  USB powered: false
  Wireless powered: false
  Max charging current: 0
  Max charging voltage: 0
  Charge counter: 4394427
  status: 3
  health: 2
  present: true
  level: 73
  scale: 100
  voltage: 3869
  temperature: 292
  technology: Li-ion
Current Battery Service state:
  AC powered: false
  USB powered: false
  Wireless powered: false
  Max charging current: 0
  Max charging voltage: 0
  Charge counter: 4394427
  status: 3
  health: 2
  present: true
  level: 73
  scale: 100
  voltage: 3869
  temperature: 292
  technology: Li-ion
Current Battery Service state:
  AC powered: false
  USB powered: false
  Wireless powered: false
  Max charging current: 0
  Max charging voltage: 0
  Charge counter: 4394427
  status: 3
  health: 2
  present: true
  level: 73
  scale: 100
  voltage: 3869
  temperature: 292
  technology: Li-ion
Current Battery Service state:
  AC powered: false
  USB powered: false
  Wireless powered: false
  Max charging current: 0
  Max charging voltage: 0
  Charge counter: 4394427
  status: 3
  health: 2
  present: true
  level: 73
  scale: 100
  voltage: 3869
  temperature: 292
  technology: Li-ion
Current Battery Service state:
  AC powered: false
  USB powered: false
  Wireless powered: false
  Max charging current: 0
  Max charging voltage: 0
  Charge counter: 4394427
  status: 3
  health: 2
  present: true
  level: 73
  scale: 100
  voltage: 3869
  temperature: 292
  technology: Li-ion
Current Battery Service state:
  AC powered: false
  USB powered: false
  Wireless powered: false
  Max charging current: 0
  Max charging voltage: 0
  Charge counter: 4389082
  status: 3
  health: 2
  present: true
  level: 73
  scale: 100
  voltage: 3853
  temperature: 290
  technology: Li-ion
Current Battery Service state:
  AC powered: false
  USB powered: false
  Wireless powered: false
  Max charging current: 0
  Max charging voltage: 0
  Charge counter: 4389082
  status: 3
  health: 2
  present: true
  level: 73
  scale: 100
  voltage: 3853
  temperature: 290
  technology: Li-ion
Current Battery Service state:
  AC powered: false
  USB powered: false
  Wireless powered: false
  Max charging current: 0
  Max charging voltage: 0
  Charge counter: 4389082
  status: 3
  health: 2
  present: true
  level: 73
  scale: 100
  voltage: 3853
  temperature: 290
  technology: Li-ion
