8.02 6.18 2.96 2/3068 12485
8.26 6.26 3.00 13/3068 12512
8.26 6.26 3.00 2/3067 12539
8.26 6.26 3.00 5/3067 12566
8.26 6.26 3.00 8/3067 12593
8.26 6.26 3.00 2/3067 12624
8.56 6.35 3.05 3/3067 12660
8.56 6.35 3.05 4/3066 12687
8.56 6.35 3.05 3/3066 12714
8.56 6.35 3.05 1/3067 12742
8.56 6.35 3.05 6/3066 12769
8.36 6.35 3.06 2/3064 12796
8.36 6.35 3.06 7/3060 12823
8.36 6.35 3.06 2/3058 12856
8.36 6.35 3.06 3/3055 12892
8.36 6.35 3.06 3/3051 12920
8.09 6.32 3.08 2/3042 12947
8.09 6.32 3.08 8/3041 12981
8.09 6.32 3.08 3/3035 13008
8.09 6.32 3.08 3/3029 13035
8.09 6.32 3.08 6/3025 13068
8.16 6.37 3.11 3/3025 13095
8.16 6.37 3.11 3/3021 13122
8.16 6.37 3.11 5/3025 13155
8.16 6.37 3.11 2/3021 13182
8.16 6.37 3.11 7/3025 13215
8.23 6.41 3.14 2/3025 13242
8.23 6.41 3.14 5/3021 13269
8.23 6.41 3.14 9/3025 13303
8.23 6.41 3.14 2/3021 13330
8.23 6.41 3.14 4/3025 13363
8.29 6.46 3.17 6/3021 13390
8.29 6.46 3.17 2/3025 13423
8.29 6.46 3.17 4/3025 13450
8.29 6.46 3.17 6/3025 13477
8.29 6.46 3.17 1/3025 13504
8.67 6.56 3.22 7/3025 13531
8.67 6.56 3.22 5/3025 13558
8.67 6.56 3.22 5/3025 13586
8.67 6.56 3.22 1/3025 13613
8.67 6.56 3.22 2/3025 13640
8.53 6.57 3.25 7/3025 13673
8.53 6.57 3.25 2/3025 13700
8.53 6.57 3.25 3/3025 13727
8.53 6.57 3.25 1/3025 13754
8.53 6.57 3.25 1/3025 13781
8.65 6.63 3.28 5/3025 13814
8.65 6.63 3.28 8/3025 13841
8.65 6.63 3.28 2/3026 13869
8.65 6.63 3.28 3/3026 13897
8.65 6.63 3.28 4/3026 13924
8.44 6.62 3.30 2/3026 13951
8.44 6.62 3.30 1/3026 13978
8.44 6.62 3.30 4/3026 14005
8.44 6.62 3.30 4/3026 14033
8.44 6.62 3.30 2/3026 14061
8.88 6.74 3.35 3/3026 14088
8.88 6.74 3.35 3/3026 14115
8.88 6.74 3.35 2/3026 14142
8.88 6.74 3.35 12/3026 14169
8.88 6.74 3.35 7/3026 14197
8.65 6.73 3.37 4/3026 14224
8.65 6.73 3.37 4/3024 14251
8.65 6.73 3.37 6/3025 14279
8.65 6.73 3.37 5/3025 14306
8.65 6.73 3.37 4/3025 14343
9.08 6.85 3.43 3/3025 14378
9.08 6.85 3.43 2/3025 14405
9.08 6.85 3.43 1/3025 14432
9.08 6.85 3.43 7/3023 14459
9.08 6.85 3.43 4/3022 14487
8.83 6.83 3.44 6/3022 14520
8.83 6.83 3.44 4/3022 14547
8.83 6.83 3.44 3/3021 14574
8.83 6.83 3.44 2/3021 14601
8.83 6.83 3.44 3/3021 14635
8.77 6.85 3.46 3/3021 14662
8.77 6.85 3.46 2/3021 14689
8.77 6.85 3.46 5/3021 14722
8.77 6.85 3.46 20/3021 14749
8.77 6.85 3.46 4/3021 14776
8.79 6.89 3.49 6/3021 14804
8.79 6.89 3.49 5/3021 14831
8.79 6.89 3.49 5/3021 14864
8.79 6.89 3.49 5/3021 14891
8.79 6.89 3.49 3/3021 14918
8.40 6.84 3.50 3/3021 14945
8.40 6.84 3.50 1/3021 14972
8.40 6.84 3.50 2/3021 14999
8.40 6.84 3.50 6/3021 15027
8.40 6.84 3.50 1/3021 15054
8.21 6.83 3.51 3/3021 15082
8.21 6.83 3.51 4/3021 15109
8.21 6.83 3.51 5/3021 15136
8.21 6.83 3.51 1/3021 15163
8.21 6.83 3.51 5/3021 15190
8.27 6.86 3.54 1/3021 15217
8.27 6.86 3.54 1/3021 15244
8.27 6.86 3.54 6/3021 15271
8.27 6.86 3.54 1/3021 15298
8.27 6.86 3.54 1/3021 15325
8.33 6.90 3.57 4/3021 15352
8.33 6.90 3.57 5/3022 15381
8.33 6.90 3.57 4/3022 15408
8.33 6.90 3.57 2/3022 15441
8.33 6.90 3.57 2/3022 15468
8.39 6.93 3.60 1/3022 15495
8.39 6.93 3.60 5/3022 15522
8.39 6.93 3.60 6/3022 15555
8.39 6.93 3.60 3/3022 15582
8.39 6.93 3.60 1/3022 15609
8.35 6.95 3.62 6/3022 15636
8.35 6.95 3.62 2/3022 15663
8.35 6.95 3.62 4/3022 15691
8.35 6.95 3.62 1/3022 15718
8.35 6.95 3.62 2/3022 15745
8.65 7.04 3.67 1/3022 15772
8.65 7.04 3.67 2/3022 15799
8.65 7.04 3.67 7/3022 15826
8.65 7.04 3.67 3/3022 15853
8.65 7.04 3.67 1/3022 15880
8.35 7.00 3.68 6/3022 15907
8.35 7.00 3.68 2/3022 15934
8.35 7.00 3.68 2/3022 15962
8.35 7.00 3.68 5/3022 15995
8.35 7.00 3.68 5/3022 16026
8.49 7.05 3.71 1/3022 16061
8.49 7.05 3.71 5/3022 16088
8.49 7.05 3.71 5/3022 16115
8.49 7.05 3.71 2/3022 16142
8.49 7.05 3.71 2/3022 16169
8.29 7.03 3.72 3/3022 16196
8.29 7.03 3.72 3/3022 16223
8.29 7.03 3.72 7/3022 16250
8.29 7.03 3.72 4/3022 16278
8.29 7.03 3.72 7/3022 16307
8.26 7.05 3.75 2/3022 16334
8.26 7.05 3.75 4/3022 16361
8.26 7.05 3.75 4/3022 16394
8.26 7.05 3.75 3/3022 16421
8.26 7.05 3.75 4/3022 16454
8.48 7.12 3.79 3/3018 16481
8.48 7.12 3.79 5/3022 16514
8.48 7.12 3.79 4/3022 16541
8.48 7.12 3.79 3/3022 16569
8.48 7.12 3.79 6/3018 16596
8.60 7.16 3.82 6/3022 16629
8.60 7.16 3.82 5/3022 16656
8.60 7.16 3.82 2/3022 16683
8.60 7.16 3.82 2/3022 16710
8.60 7.16 3.82 3/3022 16737
8.80 7.23 3.86 4/3022 16770
8.80 7.23 3.86 1/3022 16803
8.80 7.23 3.86 1/3022 16830
8.80 7.23 3.86 2/3018 16857
8.80 7.23 3.86 2/3022 16891
8.73 7.24 3.88 1/3018 16918
8.73 7.24 3.88 1/3022 16951
8.73 7.24 3.88 5/3022 16978
8.73 7.24 3.88 2/3022 17005
8.73 7.24 3.88 1/3018 17032
8.51 7.22 3.89 1/3022 17065
8.51 7.22 3.89 1/3022 17092
8.51 7.22 3.89 2/3022 17119
8.51 7.22 3.89 4/3022 17146
8.51 7.22 3.89 2/3022 17173
8.31 7.20 3.90 1/3022 17201
8.31 7.20 3.90 7/3022 17228
8.31 7.20 3.90 2/3022 17261
8.31 7.20 3.90 1/3022 17288
8.31 7.20 3.90 1/3022 17315
8.13 7.18 3.92 1/3022 17342
8.13 7.18 3.92 4/3022 17369
8.13 7.18 3.92 4/3022 17396
8.13 7.18 3.92 4/3022 17423
8.13 7.18 3.92 2/3022 17450
8.28 7.23 3.95 2/3022 17478
8.28 7.23 3.95 5/3022 17505
8.28 7.23 3.95 2/3022 17532
8.28 7.23 3.95 3/3022 17566
8.28 7.23 3.95 3/3018 17599
8.41 7.27 3.98 1/3022 17632
8.41 7.27 3.98 6/3022 17659
8.41 7.27 3.98 1/3018 17686
8.41 7.27 3.98 6/3022 17719
8.41 7.27 3.98 2/3027 17756
8.14 7.24 3.99 1/3027 17795
8.14 7.24 3.99 4/3027 17823
8.14 7.24 3.99 2/3027 17850
8.14 7.24 3.99 1/3027 17877
8.14 7.24 3.99 3/3027 17904
7.89 7.20 3.99 1/3027 17931
7.89 7.20 3.99 2/3027 17958
7.89 7.20 3.99 4/3026 17985
7.89 7.20 3.99 5/3027 18016
7.89 7.20 3.99 3/3028 18051
7.90 7.21 4.02 6/3028 18078
7.90 7.21 4.02 2/3028 18106
7.90 7.21 4.02 4/3028 18133
7.90 7.21 4.02 1/3028 18160
7.90 7.21 4.02 4/3028 18193
7.75 7.19 4.03 1/3028 18220
7.75 7.19 4.03 1/3028 18247
7.75 7.19 4.03 1/3028 18274
7.75 7.19 4.03 6/3028 18301
7.75 7.19 4.03 3/3028 18334
8.09 7.27 4.07 2/3028 18367
8.09 7.27 4.07 2/3028 18394
8.09 7.27 4.07 2/3028 18422
8.09 7.27 4.07 2/3028 18449
8.09 7.27 4.07 2/3028 18476
8.00 7.27 4.08 3/3028 18503
8.00 7.27 4.08 4/3028 18530
8.00 7.27 4.08 6/3028 18557
8.00 7.27 4.08 3/3028 18590
8.00 7.27 4.08 4/3028 18617
8.32 7.35 4.13 5/3028 18644
8.32 7.35 4.13 2/3028 18677
8.32 7.35 4.13 9/3028 18704
8.32 7.35 4.13 6/3028 18732
8.32 7.35 4.13 3/3028 18759
8.45 7.39 4.16 1/3029 18787
8.45 7.39 4.16 3/3029 18814
8.45 7.39 4.16 4/3029 18841
8.45 7.39 4.16 8/3029 18868
8.45 7.39 4.16 5/3029 18895
8.50 7.42 4.19 2/3029 18922
8.50 7.42 4.19 3/3029 18949
8.50 7.42 4.19 2/3029 18976
8.50 7.42 4.19 3/3029 19004
8.50 7.42 4.19 3/3029 19037
8.94 7.53 4.24 3/3029 19064
8.94 7.53 4.24 1/3025 19097
8.94 7.53 4.24 5/3029 19130
8.94 7.53 4.24 4/3029 19157
8.94 7.53 4.24 5/3029 19184
9.02 7.57 4.27 5/3025 19211
9.02 7.57 4.27 8/3031 19252
9.02 7.57 4.27 2/3035 19285
9.02 7.57 4.27 11/3037 19314
9.02 7.57 4.27 4/3037 19342
9.10 7.61 4.30 11/3037 19369
