8.06 3.09 1.14 5/2891 5327
8.06 3.09 1.14 1/2916 5384
8.06 3.09 1.14 19/2951 5454
9.01 3.37 1.24 20/2881 5583
9.01 3.37 1.24 3/2895 5640
9.01 3.37 1.24 3/2896 5680
9.01 3.37 1.24 4/2897 5712
9.01 3.37 1.24 3/2897 5740
8.85 3.43 1.27 1/2893 5768
8.85 3.43 1.27 3/2891 5799
8.85 3.43 1.27 1/2902 5847
8.85 3.43 1.27 2/2903 5877
8.85 3.43 1.27 7/2929 5939
8.54 3.46 1.29 4/2930 5979
8.54 3.46 1.29 5/2929 6032
8.54 3.46 1.29 7/2935 6096
8.54 3.46 1.29 2/2930 6150
8.54 3.46 1.29 4/2930 6180
8.42 3.52 1.32 3/2942 6224
8.42 3.52 1.32 5/2942 6251
8.42 3.52 1.32 1/2946 6294
8.42 3.52 1.32 2/2941 6324
8.42 3.52 1.32 2/2943 6353
8.63 3.64 1.37 3/2943 6394
8.63 3.64 1.37 2/2943 6421
8.63 3.64 1.37 4/2941 6449
8.63 3.64 1.37 2/2941 6476
8.63 3.64 1.37 8/2941 6503
8.66 3.73 1.41 2/2942 6546
8.66 3.73 1.41 4/2952 6597
8.66 3.73 1.41 4/2946 6626
8.66 3.73 1.41 4/2946 6653
8.66 3.73 1.41 2/2946 6680
8.44 3.77 1.44 2/2946 6707
8.44 3.77 1.44 7/2946 6734
8.44 3.77 1.44 1/2946 6762
8.44 3.77 1.44 7/2946 6789
8.44 3.77 1.44 8/2945 6816
8.25 3.81 1.46 2/2944 6843
8.25 3.81 1.46 4/2945 6871
8.25 3.81 1.46 3/2945 6900
8.25 3.81 1.46 3/2944 6927
8.25 3.81 1.46 5/2942 6954
8.15 3.86 1.49 4/2942 6981
8.15 3.86 1.49 4/2942 7008
8.15 3.86 1.49 6/2942 7036
8.15 3.86 1.49 6/2942 7063
8.15 3.86 1.49 6/2942 7090
8.30 3.96 1.54 4/2941 7117
8.30 3.96 1.54 7/2941 7144
8.30 3.96 1.54 4/2941 7172
8.30 3.96 1.54 7/2941 7199
8.30 3.96 1.54 6/2941 7228
8.43 4.06 1.58 10/2941 7255
8.43 4.06 1.58 6/2941 7282
8.43 4.06 1.58 7/2941 7310
8.43 4.06 1.58 10/2940 7337
8.43 4.06 1.58 2/2940 7364
8.16 4.08 1.60 7/2940 7391
8.16 4.08 1.60 3/2940 7418
8.16 4.08 1.60 4/2940 7446
8.16 4.08 1.60 5/2940 7473
8.16 4.08 1.60 3/2940 7500
8.06 4.13 1.63 3/2937 7528
8.06 4.13 1.63 4/2928 7555
8.06 4.13 1.63 7/2927 7583
8.06 4.13 1.63 8/2927 7610
8.06 4.13 1.63 8/2927 7637
7.90 4.16 1.66 4/2920 7664
7.90 4.16 1.66 8/2912 7691
7.90 4.16 1.66 2/2910 7719
7.90 4.16 1.66 7/2910 7746
7.90 4.16 1.66 6/2912 7775
7.91 4.22 1.69 10/2912 7802
7.91 4.22 1.69 3/2912 7830
7.91 4.22 1.69 9/2912 7858
7.91 4.22 1.69 5/2913 7889
7.91 4.22 1.69 6/2913 7916
8.00 4.30 1.73 6/2913 7943
8.00 4.30 1.73 2/2913 7970
8.00 4.30 1.73 4/2913 7998
8.00 4.30 1.73 6/2914 8027
8.00 4.30 1.73 10/2914 8054
8.24 4.41 1.78 3/2914 8081
8.24 4.41 1.78 12/2914 8108
8.24 4.41 1.78 5/2914 8137
8.24 4.41 1.78 1/2914 8164
8.24 4.41 1.78 1/2912 8191
8.14 4.46 1.81 3/2912 8226
8.14 4.46 1.81 3/2912 8253
8.14 4.46 1.81 2/2912 8281
8.14 4.46 1.81 4/2912 8308
8.14 4.46 1.81 4/2912 8335
7.97 4.48 1.83 9/2912 8362
7.97 4.48 1.83 3/2912 8389
7.97 4.48 1.83 10/2912 8417
7.97 4.48 1.83 3/2912 8445
7.97 4.48 1.83 10/2912 8472
7.97 4.54 1.86 10/2912 8499
7.97 4.54 1.86 8/2912 8526
7.97 4.54 1.86 5/2912 8554
7.97 4.54 1.86 2/2912 8581
7.97 4.54 1.86 3/2912 8608
7.81 4.56 1.89 4/2912 8635
7.81 4.56 1.89 7/2912 8662
7.81 4.56 1.89 8/2913 8691
7.81 4.56 1.89 2/2913 8718
7.81 4.56 1.89 6/2913 8746
7.83 4.62 1.92 3/2913 8773
7.83 4.62 1.92 9/2913 8800
7.83 4.62 1.92 5/2914 8829
7.83 4.62 1.92 3/2914 8857
7.83 4.62 1.92 5/2914 8884
8.24 4.76 1.98 4/2914 8911
8.24 4.76 1.98 6/2914 8938
8.24 4.76 1.98 2/2914 8966
8.24 4.76 1.98 2/2914 8993
8.24 4.76 1.98 8/2914 9020
8.06 4.78 2.00 2/2914 9048
8.06 4.78 2.00 8/2914 9075
8.06 4.78 2.00 3/2912 9103
8.06 4.78 2.00 4/2912 9130
8.06 4.78 2.00 2/2912 9157
7.90 4.80 2.02 3/2915 9187
7.90 4.80 2.02 11/2920 9221
7.90 4.80 2.02 4/2920 9249
7.90 4.80 2.02 8/2920 9276
7.90 4.80 2.02 4/2920 9303
8.06 4.89 2.07 4/2920 9330
8.06 4.89 2.07 10/2920 9358
8.06 4.89 2.07 1/2919 9386
8.06 4.89 2.07 4/2919 9413
8.06 4.89 2.07 8/2919 9440
8.06 4.94 2.10 8/2919 9467
8.06 4.94 2.10 13/2919 9494
8.06 4.94 2.10 10/2919 9522
8.06 4.94 2.10 4/2919 9549
8.06 4.94 2.10 4/2919 9576
7.89 4.96 2.12 8/2919 9603
7.89 4.96 2.12 6/2919 9630
7.89 4.96 2.12 9/2926 9667
7.89 4.96 2.12 4/2926 9695
7.89 4.96 2.12 10/2926 9722
8.06 5.04 2.16 7/2927 9753
8.06 5.04 2.16 5/2926 9793
8.06 5.04 2.16 4/2926 9822
8.06 5.04 2.16 5/2921 9854
8.06 5.04 2.16 2/3023 9983
8.14 5.11 2.20 3/3023 10018
8.14 5.11 2.20 5/3023 10045
8.14 5.11 2.20 2/3023 10073
8.14 5.11 2.20 6/3023 10100
8.14 5.11 2.20 3/3022 10128
8.37 5.21 2.25 2/3022 10161
8.37 5.21 2.25 4/3022 10193
8.37 5.21 2.25 6/3026 10242
8.37 5.21 2.25 4/3026 10275
8.37 5.21 2.25 3/3029 10317
8.18 5.22 2.27 5/3035 10356
8.18 5.22 2.27 9/3035 10383
8.18 5.22 2.27 14/3035 10413
8.18 5.22 2.27 8/3034 10440
8.18 5.22 2.27 5/3034 10467
8.00 5.23 2.29 5/3034 10494
8.00 5.23 2.29 8/3034 10521
8.00 5.23 2.29 11/3034 10550
8.00 5.23 2.29 9/3033 10578
8.00 5.23 2.29 2/3033 10605
8.08 5.30 2.32 3/3033 10632
8.08 5.30 2.32 3/3033 10659
8.08 5.30 2.32 11/3034 10690
8.08 5.30 2.32 4/3033 10717
8.08 5.30 2.32 6/3033 10744
8.56 5.44 2.39 3/3033 10771
8.56 5.44 2.39 2/3033 10798
8.56 5.44 2.39 7/3033 10826
8.56 5.44 2.39 7/3033 10853
8.56 5.44 2.39 9/3033 10881
8.43 5.47 2.41 10/3033 10908
8.43 5.47 2.41 7/3033 10935
8.43 5.47 2.41 6/3033 10963
8.43 5.47 2.41 7/3033 10990
8.43 5.47 2.41 6/3034 11018
8.72 5.58 2.46 8/3033 11045
8.72 5.58 2.46 4/3028 11072
8.72 5.58 2.46 4/3028 11100
8.72 5.58 2.46 2/3028 11127
8.72 5.58 2.46 9/3028 11154
8.90 5.67 2.51 7/3028 11182
8.90 5.67 2.51 4/3026 11209
8.90 5.67 2.51 14/3026 11237
8.90 5.67 2.51 6/3026 11264
8.90 5.67 2.51 6/3026 11292
9.15 5.77 2.56 2/3016 11319
9.15 5.77 2.56 3/3017 11347
9.15 5.77 2.56 2/3017 11381
9.15 5.77 2.56 2/3017 11408
9.15 5.77 2.56 5/3018 11438
9.78 5.96 2.64 3/3018 11466
9.78 5.96 2.64 7/3018 11493
9.78 5.96 2.64 3/3016 11522
9.78 5.96 2.64 5/3017 11550
9.78 5.96 2.64 9/3017 11577
9.72 6.01 2.67 9/3017 11604
9.72 6.01 2.67 4/3017 11631
9.72 6.01 2.67 2/3015 11659
9.72 6.01 2.67 3/3015 11686
9.72 6.01 2.67 13/3015 11713
9.90 6.11 2.72 8/3015 11748
9.90 6.11 2.72 5/3015 11779
9.90 6.11 2.72 4/3016 11808
9.90 6.11 2.72 4/3015 11836
9.90 6.11 2.72 7/3016 11864
9.75 6.14 2.75 7/3016 11891
9.75 6.14 2.75 5/3016 11918
9.75 6.14 2.75 2/3016 11946
9.75 6.14 2.75 7/3016 11973
9.75 6.14 2.75 4/3016 12004
9.93 6.24 2.80 15/3016 12040
9.93 6.24 2.80 6/3016 12067
9.93 6.24 2.80 7/3016 12095
9.93 6.24 2.80 9/3016 12122
9.93 6.24 2.80 7/3016 12150
9.77 6.27 2.83 2/3016 12177
9.77 6.27 2.83 2/3016 12204
9.77 6.27 2.83 3/3016 12232
9.77 6.27 2.83 8/3016 12259
9.77 6.27 2.83 4/3016 12286
9.77 6.27 2.83 10/3016 12313
9.63 6.30 2.86 3/3016 12340
9.63 6.30 2.86 3/3016 12368
9.63 6.30 2.86 8/3016 12395
9.63 6.30 2.86 10/3017 12423
9.74 6.37 2.90 4/3017 12451
9.74 6.37 2.90 6/3017 12478
9.74 6.37 2.90 4/3016 12506
9.74 6.37 2.90 3/3016 12533
9.74 6.37 2.90 3/3016 12560
9.74 6.37 2.90 10/3016 12587
9.44 6.37 2.92 6/3016 12614
9.44 6.37 2.92 4/3016 12642
9.44 6.37 2.92 12/3016 12669
9.44 6.37 2.92 8/3016 12696
9.44 6.37 2.92 8/3016 12723
9.33 6.40 2.95 6/3021 12757
9.33 6.40 2.95 4/3021 12786
9.33 6.40 2.95 2/3021 12813
9.33 6.40 2.95 5/3021 12840
9.33 6.40 2.95 14/3021 12867
9.14 6.41 2.97 3/3019 12894
9.14 6.41 2.97 3/3019 12922
9.14 6.41 2.97 2/3019 12949
9.14 6.41 2.97 2/3019 12977
9.14 6.41 2.97 7/3019 13004
9.29 6.48 3.01 7/3019 13031
9.29 6.48 3.01 3/3019 13059
9.29 6.48 3.01 7/3019 13090
9.29 6.48 3.01 3/3019 13117
9.29 6.48 3.01 5/3019 13144
9.43 6.56 3.05 5/3016 13174
9.43 6.56 3.05 8/3016 13202
9.43 6.56 3.05 10/3012 13229
9.43 6.56 3.05 7/3011 13256
9.43 6.56 3.05 3/3009 13283
9.39 6.60 3.09 5/3005 13310
9.39 6.60 3.09 4/3000 13338
9.39 6.60 3.09 5/2998 13365
9.39 6.60 3.09 3/2994 13393
9.39 6.60 3.09 8/2994 13428
9.20 6.61 3.11 4/2994 13455
9.20 6.61 3.11 6/2992 13483
9.20 6.61 3.11 3/2992 13510
9.20 6.61 3.11 7/2993 13538
9.20 6.61 3.11 9/2993 13565
9.26 6.66 3.14 14/2993 13592
9.26 6.66 3.14 5/2994 13621
9.26 6.66 3.14 5/2994 13648
9.26 6.66 3.14 2/2994 13675
9.26 6.66 3.14 8/2995 13704
9.24 6.70 3.18 11/2995 13731
9.24 6.70 3.18 9/2995 13759
9.24 6.70 3.18 11/2995 13786
9.24 6.70 3.18 16/2995 13813
9.24 6.70 3.18 5/2995 13840
9.06 6.71 3.20 6/2995 13867
9.06 6.71 3.20 6/2995 13895
9.06 6.71 3.20 11/2995 13922
9.06 6.71 3.20 3/2995 13949
9.06 6.71 3.20 6/2995 13976
9.46 6.83 3.26 13/2995 14004
9.46 6.83 3.26 4/2995 14032
9.46 6.83 3.26 11/2995 14059
9.46 6.83 3.26 5/2995 14086
9.46 6.83 3.26 3/2995 14113
9.58 6.90 3.30 9/2995 14140
9.58 6.90 3.30 4/2995 14168
9.58 6.90 3.30 6/2995 14195
9.58 6.90 3.30 8/2995 14222
9.58 6.90 3.30 8/2995 14249
9.70 6.97 3.34 3/2995 14276
9.70 6.97 3.34 6/2995 14304
9.70 6.97 3.34 8/2995 14332
9.70 6.97 3.34 4/2995 14359
9.70 6.97 3.34 3/2995 14386
9.80 7.03 3.38 8/2991 14413
9.80 7.03 3.38 3/2991 14441
9.80 7.03 3.38 3/2991 14468
9.80 7.03 3.38 5/2991 14495
9.80 7.03 3.38 6/2991 14522
9.66 7.05 3.41 6/2990 14552
9.66 7.05 3.41 2/2989 14585
9.66 7.05 3.41 7/2989 14612
9.66 7.05 3.41 2/2989 14640
9.66 7.05 3.41 7/2989 14667
9.76 7.11 3.45 3/2989 14694
9.76 7.11 3.45 2/2990 14723
9.76 7.11 3.45 6/2991 14776
9.76 7.11 3.45 2/2992 14804
9.76 7.11 3.45 14/2992 14889
9.86 7.18 3.49 5/2991 14917
9.86 7.18 3.49 6/2990 14946
9.86 7.18 3.49 9/2990 14973
9.86 7.18 3.49 2/2990 15000
9.86 7.18 3.49 10/2991 15031
9.63 7.18 3.51 7/2991 15067
9.63 7.18 3.51 9/2986 15097
9.63 7.18 3.51 2/2986 15125
9.63 7.18 3.51 16/2987 15153
9.63 7.18 3.51 4/2987 15188
9.58 7.21 3.54 15/2987 15215
9.58 7.21 3.54 4/2987 15243
9.58 7.21 3.54 18/2987 15270
9.58 7.21 3.54 2/2987 15297
9.58 7.21 3.54 10/2987 15324
9.37 7.20 3.56 14/2986 15351
9.37 7.20 3.56 2/2982 15385
9.37 7.20 3.56 13/2982 15412
9.37 7.20 3.56 3/2982 15439
9.37 7.20 3.56 6/2981 15466
9.67 7.30 3.61 2/2982 15494
9.67 7.30 3.61 3/2981 15522
9.67 7.30 3.61 4/2981 15549
9.67 7.30 3.61 2/2981 15577
9.67 7.30 3.61 6/2981 15604
9.53 7.31 3.63 2/2981 15631
9.53 7.31 3.63 4/2981 15659
9.53 7.31 3.63 8/2981 15687
9.53 7.31 3.63 13/2981 15714
9.53 7.31 3.63 7/2981 15741
9.41 7.32 3.65 8/2981 15768
9.41 7.32 3.65 3/2981 15796
9.41 7.32 3.65 3/2982 15824
9.41 7.32 3.65 6/2982 15851
9.41 7.32 3.65 4/2982 15878
9.54 7.38 3.69 4/2982 15905
9.54 7.38 3.69 3/2981 15933
9.54 7.38 3.69 1/2981 15967
9.54 7.38 3.69 5/2981 15995
9.54 7.38 3.69 6/2986 16028
9.65 7.44 3.73 14/2987 16073
9.65 7.44 3.73 12/2993 16139
9.65 7.44 3.73 8/2986 16178
9.65 7.44 3.73 5/2985 16208
9.65 7.44 3.73 8/2984 16239
9.92 7.54 3.78 5/2988 16277
9.92 7.54 3.78 8/2987 16311
9.92 7.54 3.78 7/2986 16338
9.92 7.54 3.78 9/2985 16365
9.92 7.54 3.78 3/2985 16392
10.57 7.71 3.86 7/2985 16420
10.57 7.71 3.86 9/2985 16448
10.57 7.71 3.86 5/2985 16475
10.57 7.71 3.86 8/2985 16502
10.57 7.71 3.86 7/2985 16529
10.36 7.72 3.88 8/2986 16559
10.36 7.72 3.88 7/2985 16589
10.36 7.72 3.88 8/2985 16617
10.36 7.72 3.88 5/2984 16646
10.36 7.72 3.88 4/2984 16673
10.09 7.70 3.90 4/2984 16700
10.09 7.70 3.90 3/2984 16728
10.09 7.70 3.90 6/2984 16756
10.09 7.70 3.90 4/2984 16783
10.09 7.70 3.90 5/2984 16810
9.85 7.69 3.92 5/2984 16837
9.85 7.69 3.92 5/2984 16865
9.85 7.69 3.92 10/2984 16892
9.85 7.69 3.92 6/2984 16919
9.85 7.69 3.92 4/2984 16954
9.70 7.70 3.94 9/2984 16985
9.70 7.70 3.94 6/2984 17013
9.70 7.70 3.94 5/2984 17040
9.70 7.70 3.94 3/2985 17070
9.70 7.70 3.94 11/2985 17097
9.56 7.70 3.96 4/2985 17124
9.56 7.70 3.96 4/2985 17152
9.56 7.70 3.96 8/2985 17179
9.56 7.70 3.96 6/2985 17206
9.56 7.70 3.96 5/2985 17233
9.44 7.71 3.98 10/2985 17260
9.44 7.71 3.98 9/2986 17289
9.44 7.71 3.98 4/2986 17316
9.44 7.71 3.98 5/2986 17346
9.44 7.71 3.98 8/2986 17375
9.24 7.70 4.00 8/2986 17402
9.24 7.70 4.00 8/2987 17436
9.24 7.70 4.00 5/2986 17472
9.24 7.70 4.00 10/2986 17499
9.24 7.70 4.00 3/2986 17526
9.22 7.72 4.03 2/2986 17553
9.22 7.72 4.03 8/2986 17581
9.22 7.72 4.03 14/2986 17608
9.22 7.72 4.03 6/2986 17635
9.22 7.72 4.03 8/2986 17662
9.20 7.74 4.05 6/2986 17690
9.20 7.74 4.05 3/2986 17718
9.20 7.74 4.05 6/2986 17745
9.20 7.74 4.05 10/2987 17773
9.20 7.74 4.05 13/2987 17801
9.27 7.78 4.08 8/2987 17828
9.27 7.78 4.08 2/2987 17856
9.27 7.78 4.08 8/2986 17883
9.27 7.78 4.08 11/2986 17910
9.27 7.78 4.08 3/2985 17937
9.25 7.80 4.11 8/2982 17964
9.25 7.80 4.11 11/2982 17992
9.25 7.80 4.11 4/2982 18020
9.25 7.80 4.11 7/2982 18047
9.25 7.80 4.11 2/2982 18074
9.22 7.82 4.14 2/2980 18101
9.22 7.82 4.14 10/2980 18129
9.22 7.82 4.14 18/2980 18156
9.22 7.82 4.14 2/2980 18183
9.22 7.82 4.14 7/2980 18210
9.29 7.85 4.17 6/2980 18237
9.29 7.85 4.17 3/2980 18265
9.29 7.85 4.17 9/2980 18295
9.29 7.85 4.17 3/2980 18323
9.29 7.85 4.17 3/2980 18350
10.15 8.06 4.26 7/2980 18377
10.15 8.06 4.26 4/2980 18405
10.15 8.06 4.26 4/2980 18432
10.15 8.06 4.26 6/2980 18463
10.15 8.06 4.26 3/2981 18491
10.05 8.07 4.28 3/2981 18518
10.05 8.07 4.28 4/2981 18546
10.05 8.07 4.28 6/2981 18573
10.05 8.07 4.28 5/2980 18600
10.05 8.07 4.28 6/2980 18636
10.13 8.12 4.32 4/2970 18663
10.13 8.12 4.32 2/2971 18692
10.13 8.12 4.32 6/2971 18719
10.13 8.12 4.32 3/2971 18746
10.13 8.12 4.32 8/2971 18773
9.88 8.10 4.33 4/2970 18800
9.88 8.10 4.33 7/2970 18828
9.88 8.10 4.33 4/2970 18856
9.88 8.10 4.33 10/2971 18885
9.88 8.10 4.33 10/2971 18912
10.05 8.17 4.37 5/2971 18940
10.05 8.17 4.37 3/2971 18968
10.05 8.17 4.37 5/2970 18995
10.05 8.17 4.37 8/2970 19022
10.05 8.17 4.37 4/2970 19049
9.80 8.15 4.39 5/2970 19076
9.80 8.15 4.39 3/2970 19104
9.80 8.15 4.39 3/2970 19131
9.80 8.15 4.39 10/2970 19158
9.80 8.15 4.39 3/2970 19185
10.06 8.23 4.43 2/2970 19212
10.06 8.23 4.43 4/2970 19241
10.06 8.23 4.43 8/2970 19268
10.06 8.23 4.43 3/2970 19296
10.06 8.23 4.43 4/2970 19323
10.06 8.26 4.46 17/2970 19350
10.06 8.26 4.46 9/2970 19378
10.06 8.26 4.46 9/2972 19407
10.06 8.26 4.46 5/2972 19434
10.06 8.26 4.46 7/2972 19461
10.13 8.30 4.50 7/2972 19488
10.13 8.30 4.50 2/2973 19517
10.13 8.30 4.50 10/2973 19545
10.13 8.30 4.50 2/2973 19572
10.13 8.30 4.50 11/2973 19599
10.04 8.32 4.52 8/2977 19633
10.04 8.32 4.52 9/2977 19668
10.04 8.32 4.52 7/2977 19700
10.04 8.32 4.52 5/2977 19727
10.04 8.32 4.52 2/2977 19761
9.80 8.29 4.54 15/2978 19790
9.80 8.29 4.54 4/2978 19818
9.80 8.29 4.54 7/2978 19845
9.80 8.29 4.54 2/2978 19873
9.80 8.29 4.54 3/2977 19900
10.37 8.44 4.60 7/2977 19927
10.37 8.44 4.60 4/2977 19955
10.37 8.44 4.60 6/2977 19982
10.37 8.44 4.60 14/2977 20009
10.37 8.44 4.60 6/2982 20044
10.26 8.45 4.63 6/2982 20071
10.26 8.45 4.63 5/2981 20099
10.26 8.45 4.63 8/2981 20127
10.26 8.45 4.63 5/2982 20155
10.26 8.45 4.63 7/2982 20183
10.00 8.42 4.64 6/2982 20210
10.00 8.42 4.64 5/2982 20238
10.00 8.42 4.64 5/2982 20265
10.00 8.42 4.64 7/2982 20292
10.00 8.42 4.64 12/2982 20328
9.76 8.40 4.65 3/2982 20355
9.76 8.40 4.65 6/2982 20383
9.76 8.40 4.65 6/2982 20410
9.76 8.40 4.65 10/2982 20437
9.76 8.40 4.65 10/2982 20464
9.62 8.39 4.67 7/2982 20492
9.62 8.39 4.67 10/2981 20520
9.62 8.39 4.67 2/2981 20547
9.62 8.39 4.67 4/2981 20574
9.62 8.39 4.67 16/2981 20602
9.57 8.40 4.70 5/2981 20629
9.57 8.40 4.70 9/2981 20657
9.57 8.40 4.70 3/2981 20684
9.57 8.40 4.70 12/2981 20711
9.57 8.40 4.70 3/2981 20738
9.60 8.43 4.72 3/2981 20765
9.60 8.43 4.72 15/3003 20819
9.60 8.43 4.72 5/3016 20864
9.60 8.43 4.72 11/3016 20891
9.60 8.43 4.72 12/3016 20918
9.56 8.44 4.75 7/3016 20945
9.56 8.44 4.75 5/3016 20973
9.56 8.44 4.75 10/3016 21000
9.56 8.44 4.75 11/3017 21030
9.56 8.44 4.75 7/3015 21058
9.59 8.47 4.78 7/3015 21085
9.59 8.47 4.78 4/3015 21113
9.59 8.47 4.78 2/3015 21140
9.59 8.47 4.78 6/3014 21168
9.59 8.47 4.78 3/3014 21195
9.78 8.53 4.82 5/3014 21222
9.78 8.53 4.82 11/3014 21250
9.78 8.53 4.82 3/3014 21277
9.78 8.53 4.82 11/3014 21304
9.78 8.53 4.82 3/3013 21331
9.48 8.48 4.82 3/3011 21358
9.48 8.48 4.82 3/3010 21386
9.48 8.48 4.82 4/3010 21413
9.48 8.48 4.82 10/3010 21440
9.48 8.48 4.82 6/3010 21468
9.60 8.53 4.86 12/3008 21495
9.60 8.53 4.86 13/3008 21523
9.60 8.53 4.86 13/3007 21550
9.60 8.53 4.86 12/3007 21577
9.60 8.53 4.86 5/3007 21605
9.80 8.58 4.89 6/3007 21632
9.80 8.58 4.89 5/3007 21666
9.80 8.58 4.89 3/3007 21693
9.80 8.58 4.89 4/3006 21720
9.80 8.58 4.89 11/3003 21747
9.81 8.61 4.92 13/3002 21774
9.81 8.61 4.92 5/3002 21803
9.81 8.61 4.92 13/3002 21830
9.81 8.61 4.92 2/3002 21857
9.81 8.61 4.92 4/3000 21884
9.83 8.63 4.95 5/3000 21911
9.83 8.63 4.95 10/3000 21939
9.83 8.63 4.95 9/3000 21966
9.83 8.63 4.95 6/3000 21993
9.83 8.63 4.95 6/3000 22033
9.68 8.62 4.97 14/3001 22097
9.68 8.62 4.97 15/3000 22139
9.68 8.62 4.97 7/3000 22217
9.68 8.62 4.97 4/3000 22244
9.68 8.62 4.97 7/3000 22271
9.55 8.61 4.98 3/3000 22301
9.55 8.61 4.98 11/3000 22338
9.55 8.61 4.98 5/3000 22365
9.55 8.61 4.98 6/2999 22393
9.55 8.61 4.98 7/3000 22421
9.58 8.63 5.01 15/3000 22448
9.58 8.63 5.01 2/3000 22476
9.58 8.63 5.01 5/3000 22503
9.58 8.63 5.01 8/2998 22530
9.58 8.63 5.01 7/2994 22562
9.30 8.59 5.02 13/2994 22589
9.30 8.59 5.02 5/3127 22754
9.30 8.59 5.02 2/3123 22783
9.30 8.59 5.02 7/3123 22810
9.30 8.59 5.02 3/3123 22838
9.11 8.56 5.03 4/3124 22873
9.11 8.56 5.03 4/3121 22909
9.11 8.56 5.03 6/3118 22952
9.11 8.56 5.03 19/3118 23003
9.11 8.56 5.03 4/3117 23035
9.10 8.57 5.05 6/3117 23062
9.10 8.57 5.05 7/3117 23091
9.10 8.57 5.05 6/3116 23119
9.10 8.57 5.05 7/3116 23155
9.10 8.57 5.05 4/3127 23210
9.01 8.56 5.06 7/3141 23252
9.01 8.56 5.06 6/3140 23281
9.01 8.56 5.06 7/3140 23308
9.01 8.56 5.06 5/3140 23336
9.01 8.56 5.06 9/3140 23365
8.85 8.53 5.07 7/3140 23393
8.85 8.53 5.07 4/3145 23428
8.85 8.53 5.07 9/3145 23455
8.85 8.53 5.07 6/3146 23485
8.85 8.53 5.07 6/3145 23512
8.94 8.56 5.10 4/3146 23540
8.94 8.56 5.10 4/3145 23569
8.94 8.56 5.10 2/3145 23596
8.94 8.56 5.10 3/3145 23623
8.94 8.56 5.10 11/3145 23650
9.03 8.58 5.13 1/3145 23677
9.03 8.58 5.13 8/3145 23706
9.03 8.58 5.13 6/3145 23736
9.03 8.58 5.13 5/3145 23763
9.03 8.58 5.13 10/3145 23790
9.83 8.76 5.20 12/3145 23817
9.83 8.76 5.20 8/3145 23845
9.83 8.76 5.20 8/3145 23872
9.83 8.76 5.20 9/3145 23899
9.83 8.76 5.20 13/3145 23926
9.84 8.78 5.23 3/3145 23953
9.84 8.78 5.23 14/3145 23981
9.84 8.78 5.23 7/3145 24012
9.84 8.78 5.23 9/3145 24040
9.84 8.78 5.23 2/3144 24075
9.61 8.75 5.24 5/3144 24106
9.61 8.75 5.24 10/3144 24134
9.61 8.75 5.24 4/3144 24161
9.61 8.75 5.24 3/3144 24188
9.61 8.75 5.24 5/3144 24215
9.49 8.73 5.25 7/3144 24242
9.49 8.73 5.25 8/3144 24270
9.49 8.73 5.25 14/3144 24297
9.49 8.73 5.25 10/3144 24324
9.49 8.73 5.25 5/3144 24352
9.45 8.74 5.27 3/3144 24379
9.45 8.74 5.27 5/3144 24407
9.45 8.74 5.27 7/3144 24434
9.45 8.74 5.27 9/3144 24461
9.45 8.74 5.27 4/3142 24488
9.25 8.71 5.28 5/3142 24515
9.25 8.71 5.28 9/3143 24544
9.25 8.71 5.28 4/3143 24571
9.25 8.71 5.28 6/3143 24598
9.25 8.71 5.28 6/3143 24625
9.31 8.73 5.31 6/3143 24653
9.31 8.73 5.31 2/3143 24681
9.31 8.73 5.31 6/3145 24712
9.31 8.73 5.31 2/3144 24749
9.31 8.73 5.31 14/3145 24777
9.20 8.72 5.32 6/3145 24804
9.20 8.72 5.32 3/3145 24832
9.20 8.72 5.32 7/3145 24859
9.20 8.72 5.32 6/3144 24886
9.20 8.72 5.32 3/3144 24913
9.51 8.79 5.36 8/3144 24940
9.51 8.79 5.36 2/3144 24969
9.51 8.79 5.36 6/3144 24996
9.51 8.79 5.36 6/3144 25023
9.51 8.79 5.36 3/3144 25050
9.39 8.78 5.38 9/3144 25077
9.39 8.78 5.38 10/3141 25105
9.39 8.78 5.38 11/3141 25132
9.39 8.78 5.38 2/3141 25159
9.39 8.78 5.38 8/3141 25186
9.44 8.80 5.40 3/3141 25213
9.44 8.80 5.40 6/3139 25241
9.44 8.80 5.40 8/3139 25269
9.44 8.80 5.40 3/3139 25296
9.44 8.80 5.40 4/3139 25324
9.48 8.82 5.43 5/3139 25351
9.48 8.82 5.43 3/3139 25379
9.48 8.82 5.43 6/3140 25407
9.48 8.82 5.43 8/3140 25434
9.48 8.82 5.43 4/3140 25461
9.44 8.82 5.45 3/3140 25488
9.44 8.82 5.45 5/3139 25516
9.44 8.82 5.45 5/3139 25543
9.44 8.82 5.45 5/3139 25570
9.44 8.82 5.45 7/3139 25598
9.41 8.82 5.47 8/3139 25625
9.41 8.82 5.47 6/3139 25653
9.41 8.82 5.47 2/3139 25680
9.41 8.82 5.47 6/3139 25707
9.41 8.82 5.47 2/3139 25742
9.14 8.78 5.47 6/3139 25769
9.14 8.78 5.47 8/3139 25797
9.14 8.78 5.47 4/3139 25824
9.14 8.78 5.47 3/3139 25851
9.14 8.78 5.47 8/3139 25878
9.28 8.81 5.50 3/3140 25910
9.28 8.81 5.50 8/3139 25938
9.28 8.81 5.50 7/3139 25965
9.28 8.81 5.50 7/3139 25992
9.28 8.81 5.50 4/3139 26019
9.34 8.83 5.52 7/3139 26046
9.34 8.83 5.52 5/3140 26075
9.34 8.83 5.52 5/3140 26102
9.34 8.83 5.52 16/3140 26129
9.34 8.83 5.52 4/3140 26156
9.56 8.89 5.56 6/3139 26183
9.56 8.89 5.56 6/3138 26214
9.56 8.89 5.56 5/3138 26241
9.56 8.89 5.56 6/3138 26268
9.56 8.89 5.56 8/3138 26295
9.75 8.94 5.59 9/3138 26322
9.75 8.94 5.59 3/3138 26350
9.75 8.94 5.59 9/3138 26377
9.75 8.94 5.59 6/3138 26404
9.75 8.94 5.59 2/3138 26431
9.61 8.92 5.61 3/3138 26458
9.61 8.92 5.61 4/3138 26487
9.61 8.92 5.61 4/3138 26514
9.61 8.92 5.61 5/3138 26541
9.61 8.92 5.61 3/3138 26568
9.64 8.94 5.63 4/3138 26595
9.64 8.94 5.63 10/3138 26624
9.64 8.94 5.63 8/3138 26651
9.64 8.94 5.63 5/3138 26678
9.64 8.94 5.63 8/3138 26705
9.64 8.94 5.63 7/3138 26732
9.51 8.93 5.64 10/3143 26767
9.51 8.93 5.64 3/3143 26795
9.51 8.93 5.64 10/3143 26822
9.51 8.93 5.64 2/3143 26849
9.51 8.93 5.64 6/3143 26876
9.31 8.89 5.65 3/3143 26904
9.31 8.89 5.65 8/3143 26931
9.31 8.89 5.65 9/3143 26958
9.31 8.89 5.65 5/3143 26985
9.31 8.89 5.65 8/3143 27012
9.12 8.86 5.66 10/3143 27046
9.12 8.86 5.66 5/3141 27073
9.12 8.86 5.66 3/3141 27101
9.12 8.86 5.66 8/3141 27128
9.12 8.86 5.66 5/3141 27155
9.19 8.88 5.68 4/3141 27183
9.19 8.88 5.68 7/3141 27210
9.19 8.88 5.68 2/3141 27237
9.19 8.88 5.68 15/3141 27264
9.19 8.88 5.68 13/3141 27291
8.94 8.83 5.68 4/3141 27319
8.94 8.83 5.68 5/3141 27346
8.94 8.83 5.68 5/3141 27373
8.94 8.83 5.68 4/3141 27408
8.94 8.83 5.68 5/3141 27436
8.78 8.80 5.69 3/3141 27464
8.78 8.80 5.69 9/3141 27491
8.78 8.80 5.69 4/3141 27518
8.78 8.80 5.69 4/3142 27546
8.78 8.80 5.69 3/3142 27573
8.88 8.82 5.72 4/3142 27602
8.88 8.82 5.72 9/3142 27629
8.88 8.82 5.72 4/3142 27656
8.88 8.82 5.72 6/3142 27683
8.88 8.82 5.72 8/3142 27710
8.89 8.83 5.73 4/3142 27739
8.89 8.83 5.73 5/3142 27766
8.89 8.83 5.73 2/3142 27793
8.89 8.83 5.73 8/3142 27820
8.89 8.83 5.73 3/3142 27847
8.74 8.79 5.74 6/3142 27875
8.74 8.79 5.74 3/3142 27902
8.74 8.79 5.74 6/3142 27929
8.74 8.79 5.74 2/3142 27956
8.74 8.79 5.74 4/3142 27983
8.84 8.81 5.76 7/3142 28011
8.84 8.81 5.76 2/3142 28039
8.84 8.81 5.76 5/3142 28066
8.84 8.81 5.76 3/3142 28093
8.84 8.81 5.76 4/3142 28120
9.09 8.87 5.80 7/3142 28160
9.09 8.87 5.80 3/3142 28187
9.09 8.87 5.80 4/3141 28214
9.09 8.87 5.80 2/3141 28241
9.09 8.87 5.80 8/3141 28268
9.17 8.89 5.82 5/3141 28296
9.17 8.89 5.82 7/3141 28323
9.17 8.89 5.82 4/3141 28351
9.17 8.89 5.82 11/3141 28378
9.17 8.89 5.82 6/3141 28405
9.07 8.87 5.83 3/3138 28433
9.07 8.87 5.83 6/3138 28460
9.07 8.87 5.83 3/3138 28487
9.07 8.87 5.83 2/3138 28514
9.07 8.87 5.83 12/3138 28541
8.83 8.82 5.83 5/3136 28569
8.83 8.82 5.83 9/3136 28596
8.83 8.82 5.83 3/3136 28623
8.83 8.82 5.83 14/3136 28651
8.83 8.82 5.83 4/3136 28678
8.84 8.83 5.85 2/3136 28706
8.84 8.83 5.85 6/3136 28737
8.84 8.83 5.85 2/3136 28764
8.84 8.83 5.85 9/3136 28791
8.84 8.83 5.85 6/3136 28818
8.85 8.83 5.87 5/3136 28846
8.85 8.83 5.87 11/3136 28873
8.85 8.83 5.87 3/3134 28900
8.85 8.83 5.87 5/3134 28927
8.85 8.83 5.87 7/3155 28986
9.19 8.90 5.91 5/3154 29017
9.19 8.90 5.91 10/3154 29044
9.19 8.90 5.91 4/3155 29072
9.19 8.90 5.91 2/3156 29108
9.19 8.90 5.91 5/3157 29136
9.01 8.87 5.91 4/3157 29164
9.01 8.87 5.91 8/3157 29191
9.01 8.87 5.91 9/3158 29219
9.01 8.87 5.91 7/3158 29247
9.01 8.87 5.91 7/3158 29274
9.09 8.89 5.93 1/3158 29303
9.09 8.89 5.93 9/3158 29333
9.09 8.89 5.93 5/3157 29364
9.09 8.89 5.93 2/3156 29391
9.09 8.89 5.93 5/3156 29418
9.00 8.87 5.95 13/3157 29447
9.00 8.87 5.95 4/3157 29474
9.00 8.87 5.95 9/3157 29501
9.00 8.87 5.95 4/3157 29528
9.00 8.87 5.95 9/3157 29556
9.00 8.87 5.96 10/3157 29584
9.00 8.87 5.96 16/3157 29612
9.00 8.87 5.96 10/3157 29639
9.00 8.87 5.96 7/3157 29666
9.00 8.87 5.96 6/3157 29693
9.16 8.91 5.99 4/3157 29721
9.16 8.91 5.99 4/3158 29749
9.16 8.91 5.99 3/3158 29776
9.16 8.91 5.99 10/3158 29803
9.16 8.91 5.99 14/3158 29835
9.23 8.93 6.01 5/3158 29863
9.23 8.93 6.01 5/3161 29893
9.23 8.93 6.01 3/3161 29953
9.23 8.93 6.01 2/3161 29981
9.23 8.93 6.01 3/3161 30009
9.13 8.91 6.02 3/3161 30038
9.13 8.91 6.02 2/3161 30065
9.13 8.91 6.02 4/3161 30092
9.13 8.91 6.02 9/3161 30119
9.13 8.91 6.02 4/3161 30146
8.80 8.85 6.02 1/3167 30184
8.80 8.85 6.02 5/3166 30219
8.80 8.85 6.02 2/3151 30248
8.80 8.85 6.02 7/3145 30278
8.80 8.85 6.02 14/3148 30309
8.66 8.82 6.02 9/3148 30337
8.66 8.82 6.02 2/3148 30364
8.66 8.82 6.02 4/3148 30391
8.66 8.82 6.02 7/3148 30418
8.66 8.82 6.02 2/3148 30445
8.52 8.79 6.03 8/3148 30473
8.52 8.79 6.03 2/3148 30500
8.52 8.79 6.03 6/3148 30527
8.52 8.79 6.03 7/3147 30554
8.52 8.79 6.03 6/3147 30581
8.72 8.82 6.05 4/3148 30611
8.72 8.82 6.05 4/3148 30638
8.72 8.82 6.05 3/3148 30665
8.72 8.82 6.05 4/3148 30692
8.72 8.82 6.05 2/3147 30719
9.06 8.89 6.09 8/3147 30747
9.06 8.89 6.09 10/3147 30774
9.06 8.89 6.09 4/3147 30801
9.06 8.89 6.09 4/3147 30843
9.06 8.89 6.09 5/3146 30877
9.14 8.91 6.11 3/3146 30905
9.14 8.91 6.11 9/3155 30964
9.14 8.91 6.11 9/3152 31015
9.14 8.91 6.11 3/3150 31045
9.14 8.91 6.11 5/3150 31077
9.13 8.91 6.13 5/3150 31105
9.13 8.91 6.13 2/3150 31134
9.13 8.91 6.13 5/3152 31165
9.13 8.91 6.13 3/3151 31192
9.13 8.91 6.13 9/3151 31219
9.04 8.90 6.14 2/3151 31247
9.04 8.90 6.14 8/3150 31274
9.04 8.90 6.14 5/3150 31301
9.04 8.90 6.14 4/3150 31328
9.04 8.90 6.14 8/3150 31355
9.03 8.90 6.15 5/3148 31383
9.03 8.90 6.15 9/3144 31413
9.03 8.90 6.15 3/3143 31441
9.03 8.90 6.15 5/3143 31469
9.03 8.90 6.15 13/3075 31496
9.11 8.92 6.17 3/3075 31524
9.11 8.92 6.17 6/3075 31554
9.11 8.92 6.17 7/3075 31581
9.11 8.92 6.17 7/3075 31609
9.11 8.92 6.17 4/3075 31636
9.02 8.90 6.18 3/3075 31664
9.02 8.90 6.18 2/3075 31691
9.02 8.90 6.18 2/3075 31718
9.02 8.90 6.18 8/3075 31745
9.02 8.90 6.18 2/3075 31773
9.10 8.92 6.21 6/3075 31803
9.10 8.92 6.21 10/3075 31830
9.10 8.92 6.21 8/3075 31858
9.10 8.92 6.21 6/3075 31890
9.10 8.92 6.21 7/3075 31917
9.01 8.91 6.22 6/3072 31945
9.01 8.91 6.22 3/3072 31972
9.01 8.91 6.22 6/3072 32004
9.01 8.91 6.22 6/3072 32031
9.01 8.91 6.22 10/3073 32059
8.85 8.87 6.22 2/3071 32090
8.85 8.87 6.22 4/3071 32117
8.85 8.87 6.22 4/3071 32144
8.85 8.87 6.22 12/3071 32171
8.85 8.87 6.22 2/3070 32198
9.02 8.91 6.25 10/3070 32228
9.02 8.91 6.25 5/3070 32255
9.02 8.91 6.25 9/3070 32282
9.02 8.91 6.25 2/3071 32310
9.02 8.91 6.25 15/3071 32338
9.02 8.91 6.26 4/3071 32366
9.02 8.91 6.26 6/3071 32394
9.02 8.91 6.26 2/3070 32421
9.02 8.91 6.26 4/3070 32448
9.02 8.91 6.26 2/3070 32477
8.94 8.90 6.27 5/3070 32505
8.94 8.90 6.27 4/3070 32532
8.94 8.90 6.27 4/3070 32559
8.94 8.90 6.27 2/3070 32594
8.94 8.90 6.27 4/3070 32621
8.70 8.85 6.27 8/3070 32649
8.70 8.85 6.27 10/3070 32676
8.70 8.85 6.27 3/3070 32704
8.70 8.85 6.27 7/3070 32731
8.70 8.85 6.27 5/3070 32758
8.49 8.80 6.27 5/3071 375
8.49 8.80 6.27 7/3071 547
8.49 8.80 6.27 7/3071 589
8.49 8.80 6.27 6/3071 667
8.49 8.80 6.27 4/3070 705
8.85 8.87 6.30 8/3070 741
8.85 8.87 6.30 5/3070 836
8.85 8.87 6.30 7/3070 947
8.85 8.87 6.30 2/3070 1014
8.85 8.87 6.30 3/3070 1079
9.02 8.91 6.33 5/3075 1141
9.02 8.91 6.33 5/3076 1225
9.02 8.91 6.33 2/3080 1331
9.02 8.91 6.33 7/3080 1411
9.02 8.91 6.33 5/3080 1451
8.78 8.86 6.33 6/3080 1504
8.78 8.86 6.33 6/3080 1536
8.78 8.86 6.33 2/3080 1575
8.78 8.86 6.33 6/3080 1625
8.78 8.86 6.33 6/3080 1728
8.72 8.84 6.34 5/3080 1784
8.72 8.84 6.34 3/3077 1835
8.72 8.84 6.34 6/3077 1898
8.72 8.84 6.34 3/3076 1945
8.72 8.84 6.34 13/3076 1980
