01-19 20:27:54.947 17982 17982 I BatteryMgr:DataCollectionService: onStartCommand: begin
01-19 20:27:54.947 17982 17982 I BatteryMgr:DataCollectionService: onStartCommand: sampleRate => 1000
01-19 20:27:54.947 17982 17982 I BatteryMgr:DataCollectionService: onStartCommand: rawFields => Timestamp,BATTERY_PROPERTY_CURRENT_NOW,EXTRA_VOLTAGE
01-19 20:27:54.948 17982 17982 I BatteryMgr:DataCollectionService: onStartCommand: notification done
01-19 20:27:54.950 17982 17982 I BatteryMgr:DataCollectionService: started foreground
01-19 20:27:54.952 17982 18011 I BatteryMgr:DataCollectionService: collectData: begin
01-19 20:27:54.953 17982 18011 I BatteryMgr:DataCollectionService: stats => 1705692474953,-1957812,3676
01-19 20:27:55.955 17982 18011 I BatteryMgr:DataCollectionService: stats => 1705692475955,-2094412,3676
01-19 20:27:56.960 17982 18011 I BatteryMgr:DataCollectionService: stats => 1705692476960,-2593203,3676
01-19 20:27:57.962 17982 18011 I BatteryMgr:DataCollectionService: stats => 1705692477962,-2693914,3676
01-19 20:27:58.965 17982 18011 I BatteryMgr:DataCollectionService: stats => 1705692478965,-2673406,3698
01-19 20:27:59.967 17982 18011 I BatteryMgr:DataCollectionService: stats => 1705692479967,-1688274,3698
01-19 20:28:00.972 17982 18011 I BatteryMgr:DataCollectionService: stats => 1705692480972,-1482092,3698
01-19 20:28:01.974 17982 18011 I BatteryMgr:DataCollectionService: stats => 1705692481974,-1294587,3698
01-19 20:28:02.976 17982 18011 I BatteryMgr:DataCollectionService: stats => 1705692482976,-2783638,3698
01-19 20:28:03.978 17982 18011 I BatteryMgr:DataCollectionService: stats => 1705692483978,-2384824,3698
01-19 20:28:04.981 17982 18011 I BatteryMgr:DataCollectionService: stats => 1705692484981,-2608218,3698
01-19 20:28:05.984 17982 18011 I BatteryMgr:DataCollectionService: stats => 1705692485984,-1923021,3698
01-19 20:28:06.986 17982 18011 I BatteryMgr:DataCollectionService: stats => 1705692486986,-1543251,3698
01-19 20:28:07.987 17982 18011 I BatteryMgr:DataCollectionService: stats => 1705692487987,-1395664,3698
01-19 20:28:08.994 17982 18011 I BatteryMgr:DataCollectionService: stats => 1705692488994,-1268586,3694
01-19 20:28:09.996 17982 18011 I BatteryMgr:DataCollectionService: stats => 1705692489996,-1440709,3694
01-19 20:28:10.998 17982 18011 I BatteryMgr:DataCollectionService: stats => 1705692490998,-2014210,3638
01-19 20:28:12.002 17982 18011 I BatteryMgr:DataCollectionService: stats => 1705692492002,-1640665,3638
01-19 20:28:13.005 17982 18011 I BatteryMgr:DataCollectionService: stats => 1705692493005,-1336703,3638
01-19 20:28:14.010 17982 18011 I BatteryMgr:DataCollectionService: stats => 1705692494010,-1259796,3638
01-19 20:28:15.013 17982 18011 I BatteryMgr:DataCollectionService: stats => 1705692495013,-1406284,3669
01-19 20:28:16.015 17982 18011 I BatteryMgr:DataCollectionService: stats => 1705692496015,-1597451,3669
01-19 20:28:17.017 17982 18011 I BatteryMgr:DataCollectionService: stats => 1705692497017,-2178642,3669
01-19 20:28:18.020 17982 18011 I BatteryMgr:DataCollectionService: stats => 1705692498020,-1629679,3669
01-19 20:28:19.021 17982 18011 I BatteryMgr:DataCollectionService: stats => 1705692499021,-1418003,3715
01-19 20:28:20.025 17982 18011 I BatteryMgr:DataCollectionService: stats => 1705692500025,-1661173,3715
01-19 20:28:21.028 17982 18011 I BatteryMgr:DataCollectionService: stats => 1705692501028,-1598184,3715
01-19 20:28:22.032 17982 18011 I BatteryMgr:DataCollectionService: stats => 1705692502032,-1739545,3715
01-19 20:28:23.034 17982 18011 I BatteryMgr:DataCollectionService: stats => 1705692503034,-2329159,3715
01-19 20:28:24.038 17982 18011 I BatteryMgr:DataCollectionService: stats => 1705692504038,-2574160,3715
01-19 20:28:25.041 17982 18011 I BatteryMgr:DataCollectionService: stats => 1705692505041,-2741889,3715
01-19 20:28:26.043 17982 18011 I BatteryMgr:DataCollectionService: stats => 1705692506043,-1258698,3715
01-19 20:28:27.044 17982 18011 I BatteryMgr:DataCollectionService: stats => 1705692507044,-1502600,3715
01-19 20:28:28.047 17982 18011 I BatteryMgr:DataCollectionService: stats => 1705692508047,-2233209,3715
01-19 20:28:29.051 17982 18011 I BatteryMgr:DataCollectionService: stats => 1705692509051,-2651066,3631
01-19 20:28:30.053 17982 18011 I BatteryMgr:DataCollectionService: stats => 1705692510053,-2630558,3631
01-19 20:28:31.056 17982 18011 I BatteryMgr:DataCollectionService: stats => 1705692511056,-2531678,3631
01-19 20:28:32.061 17982 18011 I BatteryMgr:DataCollectionService: stats => 1705692512061,-2287043,3631
01-19 20:28:33.063 17982 18011 I BatteryMgr:DataCollectionService: stats => 1705692513063,-1487951,3631
01-19 20:28:34.064 17982 18011 I BatteryMgr:DataCollectionService: stats => 1705692514064,-2210503,3631
01-19 20:28:35.066 17982 18011 I BatteryMgr:DataCollectionService: stats => 1705692515066,-2443053,3631
01-19 20:28:36.068 17982 18011 I BatteryMgr:DataCollectionService: stats => 1705692516068,-2832711,3631
01-19 20:28:37.073 17982 18011 I BatteryMgr:DataCollectionService: stats => 1705692517073,-2168754,3631
01-19 20:28:38.075 17982 18011 I BatteryMgr:DataCollectionService: stats => 1705692518075,-1936937,3631
01-19 20:28:39.076 17982 18011 I BatteryMgr:DataCollectionService: stats => 1705692519076,-1663371,3713
01-19 20:28:40.079 17982 18011 I BatteryMgr:DataCollectionService: stats => 1705692520079,-1354647,3713
01-19 20:28:41.082 17982 18011 I BatteryMgr:DataCollectionService: stats => 1705692521082,-2626529,3713
01-19 20:28:42.086 17982 18011 I BatteryMgr:DataCollectionService: stats => 1705692522086,-2825387,3713
01-19 20:28:43.087 17982 18011 I BatteryMgr:DataCollectionService: stats => 1705692523087,-2174248,3713
01-19 20:28:44.089 17982 18011 I BatteryMgr:DataCollectionService: stats => 1705692524089,-1842819,3713
01-19 20:28:45.091 17982 18011 I BatteryMgr:DataCollectionService: stats => 1705692525091,-1622354,3713
01-19 20:28:46.094 17982 18011 I BatteryMgr:DataCollectionService: stats => 1705692526094,-1457555,3713
01-19 20:28:47.096 17982 18011 I BatteryMgr:DataCollectionService: stats => 1705692527096,-1110745,3713
01-19 20:28:48.098 17982 18011 I BatteryMgr:DataCollectionService: stats => 1705692528098,-2427672,3713
01-19 20:28:49.101 17982 18011 I BatteryMgr:DataCollectionService: stats => 1705692529101,-2074270,3689
01-19 20:28:50.105 17982 18011 I BatteryMgr:DataCollectionService: stats => 1705692530105,-1762616,3689
01-19 20:28:51.108 17982 18011 I BatteryMgr:DataCollectionService: stats => 1705692531108,-1680583,3689
01-19 20:28:52.110 17982 18011 I BatteryMgr:DataCollectionService: stats => 1705692532110,-1164579,3689
01-19 20:28:53.116 17982 18011 I BatteryMgr:DataCollectionService: stats => 1705692533115,-1305208,3689
01-19 20:28:54.117 17982 18011 I BatteryMgr:DataCollectionService: stats => 1705692534117,-1604409,3689
01-19 20:28:55.120 17982 18011 I BatteryMgr:DataCollectionService: stats => 1705692535120,-1972460,3689
01-19 20:28:56.123 17982 18011 I BatteryMgr:DataCollectionService: stats => 1705692536123,-1674724,3689
01-19 20:28:57.130 17982 18011 I BatteryMgr:DataCollectionService: stats => 1705692537130,-1510657,3689
01-19 20:28:58.132 17982 18011 I BatteryMgr:DataCollectionService: stats => 1705692538132,-1364535,3689
01-19 20:28:59.134 17982 18011 I BatteryMgr:DataCollectionService: stats => 1705692539134,-1168608,3665
01-19 20:29:00.137 17982 18011 I BatteryMgr:DataCollectionService: stats => 1705692540137,-1890427,3665
01-19 20:29:01.140 17982 18011 I BatteryMgr:DataCollectionService: stats => 1705692541140,-2199151,3665
01-19 20:29:02.142 17982 18011 I BatteryMgr:DataCollectionService: stats => 1705692542142,-2733466,3665
01-19 20:29:03.143 17982 18011 I BatteryMgr:DataCollectionService: stats => 1705692543143,-1438512,3665
01-19 20:29:04.145 17982 18011 I BatteryMgr:DataCollectionService: stats => 1705692544145,-1075954,3665
01-19 20:29:05.148 17982 18011 I BatteryMgr:DataCollectionService: stats => 1705692545148,-1263092,3665
01-19 20:29:06.154 17982 18011 I BatteryMgr:DataCollectionService: stats => 1705692546154,-2060719,3665
01-19 20:29:07.156 17982 18011 I BatteryMgr:DataCollectionService: stats => 1705692547156,-2246027,3665
01-19 20:29:08.160 17982 18011 I BatteryMgr:DataCollectionService: stats => 1705692548160,-2744818,3665
01-19 20:29:09.163 17982 18011 I BatteryMgr:DataCollectionService: stats => 1705692549163,-2477112,3673
01-19 20:29:10.165 17982 18011 I BatteryMgr:DataCollectionService: stats => 1705692550165,-1154691,3673
01-19 20:29:11.168 17982 18011 I BatteryMgr:DataCollectionService: stats => 1705692551168,-1507727,3673
01-19 20:29:12.171 17982 18011 I BatteryMgr:DataCollectionService: stats => 1705692552171,-2012012,3673
01-19 20:29:13.174 17982 18011 I BatteryMgr:DataCollectionService: stats => 1705692553174,-2166191,3673
01-19 20:29:14.176 17982 18011 I BatteryMgr:DataCollectionService: stats => 1705692554176,-2590640,3673
01-19 20:29:15.178 17982 18011 I BatteryMgr:DataCollectionService: stats => 1705692555178,-2438658,3673
01-19 20:29:16.181 17982 18011 I BatteryMgr:DataCollectionService: stats => 1705692556181,-2210870,3673
01-19 20:29:17.183 17982 18011 I BatteryMgr:DataCollectionService: stats => 1705692557183,-1760053,3673
01-19 20:29:18.185 17982 18011 I BatteryMgr:DataCollectionService: stats => 1705692558185,-2035450,3673
01-19 20:29:19.188 17982 18011 I BatteryMgr:DataCollectionService: stats => 1705692559187,-2707098,3697
01-19 20:29:20.189 17982 18011 I BatteryMgr:DataCollectionService: stats => 1705692560189,-2610416,3697
01-19 20:29:21.195 17982 18011 I BatteryMgr:DataCollectionService: stats => 1705692561195,-2792061,3697
01-19 20:29:22.196 17982 18011 I BatteryMgr:DataCollectionService: stats => 1705692562196,-2362485,3697
01-19 20:29:23.198 17982 18011 I BatteryMgr:DataCollectionService: stats => 1705692563198,-2035816,3697
01-19 20:29:24.202 17982 18011 I BatteryMgr:DataCollectionService: stats => 1705692564202,-1535560,3697
01-19 20:29:25.204 17982 18011 I BatteryMgr:DataCollectionService: stats => 1705692565204,-1130521,3697
01-19 20:29:26.207 17982 18011 I BatteryMgr:DataCollectionService: stats => 1705692566207,-2871164,3697
01-19 20:29:27.209 17982 18011 I BatteryMgr:DataCollectionService: stats => 1705692567209,-2391782,3697
01-19 20:29:28.211 17982 18011 I BatteryMgr:DataCollectionService: stats => 1705692568211,-1991504,3697
01-19 20:29:29.213 17982 18011 I BatteryMgr:DataCollectionService: stats => 1705692569213,-1333040,3637
01-19 20:29:30.216 17982 18011 I BatteryMgr:DataCollectionService: stats => 1705692570216,-1366000,3637
01-19 20:29:31.218 17982 18011 I BatteryMgr:DataCollectionService: stats => 1705692571218,-1099026,3637
01-19 20:29:32.222 17982 18011 I BatteryMgr:DataCollectionService: stats => 1705692572222,-1416538,3637
01-19 20:29:33.224 17982 18011 I BatteryMgr:DataCollectionService: stats => 1705692573224,-2188896,3637
01-19 20:29:34.226 17982 18011 I BatteryMgr:DataCollectionService: stats => 1705692574226,-1531532,3637
01-19 20:29:35.231 17982 18011 I BatteryMgr:DataCollectionService: stats => 1705692575231,-1554970,3637
01-19 20:29:36.235 17982 18011 I BatteryMgr:DataCollectionService: stats => 1705692576235,-1172270,3637
01-19 20:29:37.236 17982 18011 I BatteryMgr:DataCollectionService: stats => 1705692577236,-1161283,3637
01-19 20:29:38.238 17982 18011 I BatteryMgr:DataCollectionService: stats => 1705692578238,-1485388,3637
01-19 20:29:39.241 17982 18011 I BatteryMgr:DataCollectionService: stats => 1705692579241,-2272395,3703
01-19 20:29:40.243 17982 18011 I BatteryMgr:DataCollectionService: stats => 1705692580243,-2514100,3703
01-19 20:29:41.246 17982 18011 I BatteryMgr:DataCollectionService: stats => 1705692581246,-1379550,3703
01-19 20:29:42.248 17982 18011 I BatteryMgr:DataCollectionService: stats => 1705692582248,-1041163,3703
01-19 20:29:43.252 17982 18011 I BatteryMgr:DataCollectionService: stats => 1705692583252,-1215484,3703
01-19 20:29:44.255 17982 18011 I BatteryMgr:DataCollectionService: stats => 1705692584255,-1660441,3703
01-19 20:29:45.256 17982 18011 I BatteryMgr:DataCollectionService: stats => 1705692585256,-2255548,3703
01-19 20:29:46.258 17982 18011 I BatteryMgr:DataCollectionService: stats => 1705692586258,-2693914,3703
01-19 20:29:47.263 17982 18011 I BatteryMgr:DataCollectionService: stats => 1705692587263,-2542299,3703
01-19 20:29:48.265 17982 18011 I BatteryMgr:DataCollectionService: stats => 1705692588265,-1066798,3703
01-19 20:29:49.267 17982 18011 I BatteryMgr:DataCollectionService: stats => 1705692589267,-1318025,3683
01-19 20:29:50.269 17982 18011 I BatteryMgr:DataCollectionService: stats => 1705692590269,-1935106,3683
01-19 20:29:51.274 17982 18011 I BatteryMgr:DataCollectionService: stats => 1705692591274,-2046071,3683
01-19 20:29:52.277 17982 18011 I BatteryMgr:DataCollectionService: stats => 1705692592277,-2680364,3683
01-19 20:29:53.279 17982 18011 I BatteryMgr:DataCollectionService: stats => 1705692593279,-2770820,3683
01-19 20:29:54.283 17982 18011 I BatteryMgr:DataCollectionService: stats => 1705692594283,-2312313,3683
01-19 20:29:55.288 17982 18008 I BatteryMgr:DataCollectionService: stats => 1705692595288,-1277741,3683
01-19 20:29:56.290 17982 18008 I BatteryMgr:DataCollectionService: stats => 1705692596290,-1642496,3683
01-19 20:29:57.292 17982 18008 I BatteryMgr:DataCollectionService: stats => 1705692597292,-2373105,3683
01-19 20:29:58.297 17982 18008 I BatteryMgr:DataCollectionService: stats => 1705692598297,-2622135,3683
01-19 20:29:59.298 17982 18008 I BatteryMgr:DataCollectionService: stats => 1705692599298,-2738593,3661
01-19 20:30:00.300 17982 18008 I BatteryMgr:DataCollectionService: stats => 1705692600300,-2029225,3661
01-19 20:30:01.302 17982 18008 I BatteryMgr:DataCollectionService: stats => 1705692601302,-1511023,3661
01-19 20:30:02.305 17982 18008 I BatteryMgr:DataCollectionService: stats => 1705692602305,-1338900,3661
01-19 20:30:03.308 17982 18008 I BatteryMgr:DataCollectionService: stats => 1705692603308,-2499085,3661
01-19 20:30:04.310 17982 18008 I BatteryMgr:DataCollectionService: stats => 1705692604310,-2403135,3661
01-19 20:30:05.316 17982 18008 I BatteryMgr:DataCollectionService: stats => 1705692605316,-2259577,3661
01-19 20:30:06.318 17982 18008 I BatteryMgr:DataCollectionService: stats => 1705692606318,-2155204,3661
01-19 20:30:07.322 17982 18008 I BatteryMgr:DataCollectionService: stats => 1705692607322,-1473303,3661
01-19 20:30:08.324 17982 18008 I BatteryMgr:DataCollectionService: stats => 1705692608324,-1407383,3661
01-19 20:30:09.327 17982 18008 I BatteryMgr:DataCollectionService: stats => 1705692609327,-1293489,3680
01-19 20:30:10.329 17982 18008 I BatteryMgr:DataCollectionService: stats => 1705692610329,-2574160,3680
01-19 20:30:11.331 17982 18008 I BatteryMgr:DataCollectionService: stats => 1705692611331,-2303523,3680
01-19 20:30:12.333 17982 18008 I BatteryMgr:DataCollectionService: stats => 1705692612333,-1667765,3680
01-19 20:30:13.336 17982 18008 I BatteryMgr:DataCollectionService: stats => 1705692613336,-1385776,3680
01-19 20:30:14.340 17982 18008 I BatteryMgr:DataCollectionService: stats => 1705692614340,-1342928,3680
01-19 20:30:15.343 17982 18008 I BatteryMgr:DataCollectionService: stats => 1705692615343,-1199004,3636
01-19 20:30:16.344 17982 18008 I BatteryMgr:DataCollectionService: stats => 1705692616344,-1329012,3636
01-19 20:30:17.346 17982 18008 I BatteryMgr:DataCollectionService: stats => 1705692617346,-2114554,3636
01-19 20:30:18.348 17982 18008 I BatteryMgr:DataCollectionService: stats => 1705692618348,-1800337,3636
01-19 20:30:19.350 17982 18008 I BatteryMgr:DataCollectionService: stats => 1705692619350,-1486486,3683
01-19 20:30:20.356 17982 18008 I BatteryMgr:DataCollectionService: stats => 1705692620356,-1082912,3691
01-19 20:30:21.358 17982 18008 I BatteryMgr:DataCollectionService: stats => 1705692621358,-1165678,3691
01-19 20:30:22.362 17982 18008 I BatteryMgr:DataCollectionService: stats => 1705692622362,-1374789,3691
01-19 20:30:23.365 17982 18008 I BatteryMgr:DataCollectionService: stats => 1705692623365,-1879441,3691
01-19 20:30:24.367 17982 18008 I BatteryMgr:DataCollectionService: stats => 1705692624367,-2600162,3691
01-19 20:30:25.368 17982 18011 I BatteryMgr:DataCollectionService: stats => 1705692625368,-1234893,3691
01-19 20:30:26.372 17982 18011 I BatteryMgr:DataCollectionService: stats => 1705692626372,-1282502,3691
01-19 20:30:27.374 17982 18011 I BatteryMgr:DataCollectionService: stats => 1705692627374,-1184721,3691
01-19 20:30:28.377 17982 18011 I BatteryMgr:DataCollectionService: stats => 1705692628377,-1715008,3691
01-19 20:30:29.379 17982 18011 I BatteryMgr:DataCollectionService: stats => 1705692629379,-2179741,3699
01-19 20:30:30.380 17982 18011 I BatteryMgr:DataCollectionService: stats => 1705692630380,-2574526,3699
01-19 20:30:31.384 17982 18011 I BatteryMgr:DataCollectionService: stats => 1705692631384,-2429503,3699
01-19 20:30:32.385 17982 18011 I BatteryMgr:DataCollectionService: stats => 1705692632385,-2210137,3699
01-19 20:30:33.388 17982 18011 I BatteryMgr:DataCollectionService: stats => 1705692633388,-1485388,3699
01-19 20:30:34.389 17982 18011 I BatteryMgr:DataCollectionService: stats => 1705692634389,-2206109,3699
01-19 20:30:35.391 17982 18011 I BatteryMgr:DataCollectionService: stats => 1705692635391,-2233209,3699
01-19 20:30:36.395 17982 18011 I BatteryMgr:DataCollectionService: stats => 1705692636395,-2782539,3699
01-19 20:30:37.398 17982 18011 I BatteryMgr:DataCollectionService: stats => 1705692637397,-2387021,3699
01-19 20:30:38.400 17982 18011 I BatteryMgr:DataCollectionService: stats => 1705692638400,-2150810,3699
01-19 20:30:39.404 17982 18011 I BatteryMgr:DataCollectionService: stats => 1705692639404,-1950121,3618
01-19 20:30:40.407 17982 18011 I BatteryMgr:DataCollectionService: stats => 1705692640407,-1298249,3618
01-19 20:30:41.412 17982 18011 I BatteryMgr:DataCollectionService: stats => 1705692641412,-2539003,3618
01-19 20:30:42.414 17982 18011 I BatteryMgr:DataCollectionService: stats => 1705692642414,-2602725,3618
01-19 20:30:43.419 17982 18011 I BatteryMgr:DataCollectionService: stats => 1705692643419,-2548524,3618
01-19 20:30:44.421 17982 18011 I BatteryMgr:DataCollectionService: stats => 1705692644421,-2079030,3618
01-19 20:30:45.424 17982 18011 I BatteryMgr:DataCollectionService: stats => 1705692645424,-1817183,3618
01-19 20:30:46.425 17982 18011 I BatteryMgr:DataCollectionService: stats => 1705692646425,-1387241,3618
01-19 20:30:47.428 17982 18011 I BatteryMgr:DataCollectionService: stats => 1705692647428,-1099758,3618
01-19 20:30:48.431 17982 18011 I BatteryMgr:DataCollectionService: stats => 1705692648431,-2561708,3618
01-19 20:30:49.434 17982 18011 I BatteryMgr:DataCollectionService: stats => 1705692649434,-2090017,3704
01-19 20:30:50.436 17982 18011 I BatteryMgr:DataCollectionService: stats => 1705692650436,-1795942,3704
01-19 20:30:51.438 17982 18011 I BatteryMgr:DataCollectionService: stats => 1705692651438,-1374789,3704
01-19 20:30:52.440 17982 18011 I BatteryMgr:DataCollectionService: stats => 1705692652440,-1287995,3704
01-19 20:30:53.443 17982 18011 I BatteryMgr:DataCollectionService: stats => 1705692653443,-1139676,3704
01-19 20:30:54.445 17982 18011 I BatteryMgr:DataCollectionService: stats => 1705692654445,-1126492,3704
01-19 20:30:55.449 17982 18011 I BatteryMgr:DataCollectionService: stats => 1705692655449,-2375669,3704
01-19 20:30:56.453 17982 18011 I BatteryMgr:DataCollectionService: stats => 1705692656453,-1861130,3704
01-19 20:30:57.456 17982 18011 I BatteryMgr:DataCollectionService: stats => 1705692657456,-1321321,3704
01-19 20:30:58.458 17982 18011 I BatteryMgr:DataCollectionService: stats => 1705692658458,-1279938,3704
01-19 20:30:59.459 17982 18011 I BatteryMgr:DataCollectionService: stats => 1705692659459,-1231964,3628
01-19 20:31:00.462 17982 18011 I BatteryMgr:DataCollectionService: stats => 1705692660462,-1387241,3628
01-19 20:31:01.465 17982 18011 I BatteryMgr:DataCollectionService: stats => 1705692661465,-1984912,3628
01-19 20:31:02.467 17982 18011 I BatteryMgr:DataCollectionService: stats => 1705692662467,-2345639,3628
01-19 20:31:03.468 17982 18011 I BatteryMgr:DataCollectionService: stats => 1705692663468,-1530799,3628
01-19 20:31:04.471 17982 18011 I BatteryMgr:DataCollectionService: stats => 1705692664471,-1147367,3628
01-19 20:31:05.473 17982 18011 I BatteryMgr:DataCollectionService: stats => 1705692665473,-1044459,3628
01-19 20:31:06.477 17982 18011 I BatteryMgr:DataCollectionService: stats => 1705692666477,-1630045,3628
01-19 20:31:07.479 17982 18011 I BatteryMgr:DataCollectionService: stats => 1705692667479,-2138358,3628
01-19 20:31:08.480 17982 18011 I BatteryMgr:DataCollectionService: stats => 1705692668480,-2483337,3628
01-19 20:31:09.483 17982 18011 I BatteryMgr:DataCollectionService: stats => 1705692669483,-2984693,3672
01-19 20:31:10.488 17982 18011 I BatteryMgr:DataCollectionService: stats => 1705692670488,-2183037,3672
01-19 20:31:11.490 17982 18011 I BatteryMgr:DataCollectionService: stats => 1705692671490,-1300813,3672
01-19 20:31:12.493 17982 18011 I BatteryMgr:DataCollectionService: stats => 1705692672493,-1950121,3672
01-19 20:31:13.498 17982 18011 I BatteryMgr:DataCollectionService: stats => 1705692673498,-2403868,3656
01-19 20:31:14.500 17982 18011 I BatteryMgr:DataCollectionService: stats => 1705692674500,-2651799,3656
01-19 20:31:15.502 17982 18011 I BatteryMgr:DataCollectionService: stats => 1705692675502,-2267634,3656
01-19 20:31:16.504 17982 18011 I BatteryMgr:DataCollectionService: stats => 1705692676504,-2083059,3656
01-19 20:31:17.506 17982 18011 I BatteryMgr:DataCollectionService: stats => 1705692677506,-1818648,3656
01-19 20:31:18.509 17982 18011 I BatteryMgr:DataCollectionService: stats => 1705692678509,-1918626,3656
01-19 20:31:19.511 17982 18011 I BatteryMgr:DataCollectionService: stats => 1705692679511,-2674504,3659
01-19 20:31:20.513 17982 18011 I BatteryMgr:DataCollectionService: stats => 1705692680513,-2497620,3659
01-19 20:31:21.517 17982 18011 I BatteryMgr:DataCollectionService: stats => 1705692681517,-2589907,3659
01-19 20:31:22.520 17982 18008 I BatteryMgr:DataCollectionService: stats => 1705692682519,-2700506,3659
01-19 20:31:23.522 17982 18008 I BatteryMgr:DataCollectionService: stats => 1705692683522,-1667399,3659
01-19 20:31:24.525 17982 18008 I BatteryMgr:DataCollectionService: stats => 1705692684525,-1541053,3659
01-19 20:31:25.529 17982 18008 I BatteryMgr:DataCollectionService: stats => 1705692685529,-1280305,3659
01-19 20:31:26.532 17982 18008 I BatteryMgr:DataCollectionService: stats => 1705692686532,-2862741,3659
01-19 20:31:27.535 17982 18008 I BatteryMgr:DataCollectionService: stats => 1705692687535,-2306819,3659
01-19 20:31:28.537 17982 18008 I BatteryMgr:DataCollectionService: stats => 1705692688537,-2005786,3659
01-19 20:31:29.540 17982 18008 I BatteryMgr:DataCollectionService: stats => 1705692689540,-1653483,3698
01-19 20:31:30.541 17982 18008 I BatteryMgr:DataCollectionService: stats => 1705692690541,-1350253,3698
01-19 20:31:31.544 17982 18008 I BatteryMgr:DataCollectionService: stats => 1705692691544,-1090969,3698
01-19 20:31:32.546 17982 18008 I BatteryMgr:DataCollectionService: stats => 1705692692546,-1352450,3698
01-19 20:31:33.548 17982 18008 I BatteryMgr:DataCollectionService: stats => 1705692693548,-2356259,3698
01-19 20:31:34.550 17982 18008 I BatteryMgr:DataCollectionService: stats => 1705692694550,-1789717,3698
01-19 20:31:35.552 17982 18008 I BatteryMgr:DataCollectionService: stats => 1705692695552,-1351351,3698
01-19 20:31:36.555 17982 18008 I BatteryMgr:DataCollectionService: stats => 1705692696555,-1392734,3698
01-19 20:31:37.557 17982 18008 I BatteryMgr:DataCollectionService: stats => 1705692697557,-1121731,3698
01-19 20:31:38.559 17982 18008 I BatteryMgr:DataCollectionService: stats => 1705692698559,-1205230,3698
01-19 20:31:39.561 17982 18008 I BatteryMgr:DataCollectionService: stats => 1705692699561,-1925584,3633
01-19 20:31:40.563 17982 18008 I BatteryMgr:DataCollectionService: stats => 1705692700563,-2500183,3633
01-19 20:31:41.567 17982 18008 I BatteryMgr:DataCollectionService: stats => 1705692701567,-1322786,3633
01-19 20:31:42.569 17982 18008 I BatteryMgr:DataCollectionService: stats => 1705692702569,-1141873,3633
01-19 20:31:43.571 17982 18008 I BatteryMgr:DataCollectionService: stats => 1705692703571,-1111477,3633
01-19 20:31:44.575 17982 18008 I BatteryMgr:DataCollectionService: stats => 1705692704575,-1635904,3633
01-19 20:31:45.577 17982 18011 I BatteryMgr:DataCollectionService: stats => 1705692705577,-2070974,3633
01-19 20:31:46.580 17982 18011 I BatteryMgr:DataCollectionService: stats => 1705692706580,-2447814,3633
01-19 20:31:47.581 17982 18011 I BatteryMgr:DataCollectionService: stats => 1705692707581,-2629459,3633
01-19 20:31:48.583 17982 18011 I BatteryMgr:DataCollectionService: stats => 1705692708583,-1095364,3633
01-19 20:31:49.586 17982 18011 I BatteryMgr:DataCollectionService: stats => 1705692709586,-1386142,3629
01-19 20:31:50.588 17982 18011 I BatteryMgr:DataCollectionService: stats => 1705692710588,-1620889,3684
01-19 20:31:51.590 17982 18011 I BatteryMgr:DataCollectionService: stats => 1705692711590,-1671794,3684
01-19 20:31:52.592 17982 18011 I BatteryMgr:DataCollectionService: stats => 1705692712592,-2359555,3684
01-19 20:31:53.599 17982 18011 I BatteryMgr:DataCollectionService: stats => 1705692713599,-2619205,3684
01-19 20:31:54.601 17982 18011 I BatteryMgr:DataCollectionService: stats => 1705692714601,-2362851,3684
01-19 20:31:55.606 17982 18011 I BatteryMgr:DataCollectionService: stats => 1705692715606,-2037281,3684
01-19 20:31:56.609 17982 18011 I BatteryMgr:DataCollectionService: stats => 1705692716609,-1888962,3684
01-19 20:31:57.612 17982 18011 I BatteryMgr:DataCollectionService: stats => 1705692717612,-2300960,3684
01-19 20:31:58.613 17982 18011 I BatteryMgr:DataCollectionService: stats => 1705692718613,-2510804,3684
01-19 20:31:59.617 17982 18011 I BatteryMgr:DataCollectionService: stats => 1705692719617,-2294368,3685
01-19 20:32:00.623 17982 18011 I BatteryMgr:DataCollectionService: stats => 1705692720623,-1991870,3685
01-19 20:32:01.625 17982 18011 I BatteryMgr:DataCollectionService: stats => 1705692721625,-1848312,3685
01-19 20:32:02.628 17982 18011 I BatteryMgr:DataCollectionService: stats => 1705692722628,-1322054,3685
01-19 20:32:03.630 17982 18011 I BatteryMgr:DataCollectionService: stats => 1705692723630,-2596499,3685
01-19 20:32:04.632 17982 18011 I BatteryMgr:DataCollectionService: stats => 1705692724632,-2593936,3685
01-19 20:32:05.635 17982 18011 I BatteryMgr:DataCollectionService: stats => 1705692725635,-2235406,3685
01-19 20:32:06.637 17982 18011 I BatteryMgr:DataCollectionService: stats => 1705692726637,-1972827,3685
01-19 20:32:07.639 17982 18011 I BatteryMgr:DataCollectionService: stats => 1705692727639,-1718670,3685
01-19 20:32:08.641 17982 18011 I BatteryMgr:DataCollectionService: stats => 1705692728641,-1257965,3685
01-19 20:32:09.643 17982 18011 I BatteryMgr:DataCollectionService: stats => 1705692729643,-1205962,3638
01-19 20:32:10.646 17982 18011 I BatteryMgr:DataCollectionService: stats => 1705692730646,-1071559,3638
01-19 20:32:11.649 17982 18011 I BatteryMgr:DataCollectionService: stats => 1705692731649,-2029957,3638
01-19 20:32:12.652 17982 18011 I BatteryMgr:DataCollectionService: stats => 1705692732652,-1748700,3638
01-19 20:32:13.655 17982 18011 I BatteryMgr:DataCollectionService: stats => 1705692733655,-1571816,3638
01-19 20:32:14.657 17982 18011 I BatteryMgr:DataCollectionService: stats => 1705692734657,-1486120,3612
01-19 20:32:15.659 17982 18011 I BatteryMgr:DataCollectionService: stats => 1705692735659,-1052516,3612
01-19 20:32:16.661 17982 18011 I BatteryMgr:DataCollectionService: stats => 1705692736661,-1338534,3612
01-19 20:32:17.665 17982 18011 I BatteryMgr:DataCollectionService: stats => 1705692737665,-1518348,3612
01-19 20:32:18.666 17982 18011 I BatteryMgr:DataCollectionService: stats => 1705692738666,-1745770,3612
01-19 20:32:19.668 17982 18011 I BatteryMgr:DataCollectionService: stats => 1705692739668,-1475866,3669
01-19 20:32:20.670 17982 18011 I BatteryMgr:DataCollectionService: stats => 1705692740670,-1298249,3669
01-19 20:32:21.673 17982 18011 I BatteryMgr:DataCollectionService: stats => 1705692741672,-1339266,3669
01-19 20:32:22.677 17982 18011 I BatteryMgr:DataCollectionService: stats => 1705692742677,-1079982,3669
01-19 20:32:23.680 17982 18011 I BatteryMgr:DataCollectionService: stats => 1705692743680,-1731854,3669
01-19 20:32:24.682 17982 18011 I BatteryMgr:DataCollectionService: stats => 1705692744682,-2240900,3669
01-19 20:32:25.684 17982 18011 I BatteryMgr:DataCollectionService: stats => 1705692745684,-2854684,3669
01-19 20:32:26.687 17982 18011 I BatteryMgr:DataCollectionService: stats => 1705692746687,-1428624,3669
01-19 20:32:27.690 17982 18011 I BatteryMgr:DataCollectionService: stats => 1705692747690,-1084743,3669
01-19 20:32:28.692 17982 18011 I BatteryMgr:DataCollectionService: stats => 1705692748692,-1736249,3669
01-19 20:32:29.693 17982 18011 I BatteryMgr:DataCollectionService: stats => 1705692749693,-2183403,3639
01-19 20:32:30.695 17982 18011 I BatteryMgr:DataCollectionService: stats => 1705692750695,-2472717,3639
01-19 20:32:31.700 17982 18011 I BatteryMgr:DataCollectionService: stats => 1705692751700,-2369443,3639
01-19 20:32:32.702 17982 18011 I BatteryMgr:DataCollectionService: stats => 1705692752702,-2579287,3639
01-19 20:32:33.704 17982 18011 I BatteryMgr:DataCollectionService: stats => 1705692753704,-1425694,3639
01-19 20:32:34.707 17982 18011 I BatteryMgr:DataCollectionService: stats => 1705692754707,-1491980,3639
01-19 20:32:35.710 17982 18011 I BatteryMgr:DataCollectionService: stats => 1705692755709,-2165092,3639
01-19 20:32:36.713 17982 18011 I BatteryMgr:DataCollectionService: stats => 1705692756713,-2421812,3639
01-19 20:32:37.714 17982 18011 I BatteryMgr:DataCollectionService: stats => 1705692757714,-2377134,3639
01-19 20:32:38.721 17982 18011 I BatteryMgr:DataCollectionService: stats => 1705692758721,-2250788,3639
01-19 20:32:39.724 17982 18011 I BatteryMgr:DataCollectionService: stats => 1705692759724,-1735150,3702
01-19 20:32:40.728 17982 18011 I BatteryMgr:DataCollectionService: stats => 1705692760728,-1464513,3702
01-19 20:32:41.733 17982 18011 I BatteryMgr:DataCollectionService: stats => 1705692761733,-2239435,3619
01-19 20:32:42.738 17982 18011 I BatteryMgr:DataCollectionService: stats => 1705692762738,-2533509,3619
01-19 20:32:43.740 17982 18011 I BatteryMgr:DataCollectionService: stats => 1705692763740,-2516663,3619
01-19 20:32:44.743 17982 18011 I BatteryMgr:DataCollectionService: stats => 1705692764743,-2329891,3619
01-19 20:32:45.748 17982 18011 I BatteryMgr:DataCollectionService: stats => 1705692765748,-1882004,3619
01-19 20:32:46.750 17982 18011 I BatteryMgr:DataCollectionService: stats => 1705692766750,-1327913,3619
01-19 20:32:47.752 17982 18011 I BatteryMgr:DataCollectionService: stats => 1705692767752,-1220977,3619
01-19 20:32:48.753 17982 18011 I BatteryMgr:DataCollectionService: stats => 1705692768753,-2786567,3619
01-19 20:32:49.763 17982 18011 I BatteryMgr:DataCollectionService: stats => 1705692769763,-2333553,3606
01-19 20:32:50.766 17982 18011 I BatteryMgr:DataCollectionService: stats => 1705692770765,-2117117,3606
01-19 20:32:51.770 17982 18011 I BatteryMgr:DataCollectionService: stats => 1705692771770,-1944261,3606
01-19 20:32:52.771 17982 18011 I BatteryMgr:DataCollectionService: stats => 1705692772771,-1438512,3606
01-19 20:32:53.774 17982 18011 I BatteryMgr:DataCollectionService: stats => 1705692773773,-1348788,3606
01-19 20:32:54.780 17982 18011 I BatteryMgr:DataCollectionService: stats => 1705692774780,-1009668,3606
01-19 20:32:55.782 17982 18011 I BatteryMgr:DataCollectionService: stats => 1705692775782,-2158866,3606
01-19 20:32:56.783 17982 18011 I BatteryMgr:DataCollectionService: stats => 1705692776783,-2134330,3606
01-19 20:32:57.788 17982 18011 I BatteryMgr:DataCollectionService: stats => 1705692777788,-1626383,3606
01-19 20:32:58.791 17982 18011 I BatteryMgr:DataCollectionService: stats => 1705692778791,-1332674,3665
01-19 20:32:59.792 17982 18011 I BatteryMgr:DataCollectionService: stats => 1705692779792,-1064967,3692
01-19 20:33:00.794 17982 18011 I BatteryMgr:DataCollectionService: stats => 1705692780794,-1322420,3692
01-19 20:33:01.796 17982 18011 I BatteryMgr:DataCollectionService: stats => 1705692781796,-1623819,3692
01-19 20:33:02.803 17982 18011 I BatteryMgr:DataCollectionService: stats => 1705692782803,-2226251,3692
01-19 20:33:03.806 17982 18011 I BatteryMgr:DataCollectionService: stats => 1705692783805,-1509558,3692
01-19 20:33:04.807 17982 18011 I BatteryMgr:DataCollectionService: stats => 1705692784807,-1663737,3692
01-19 20:33:05.814 17982 18011 I BatteryMgr:DataCollectionService: stats => 1705692785814,-1114407,3692
01-19 20:33:06.815 17982 18011 I BatteryMgr:DataCollectionService: stats => 1705692786815,-1311433,3692
01-19 20:33:07.817 17982 18011 I BatteryMgr:DataCollectionService: stats => 1705692787817,-2029957,3692
01-19 20:33:08.819 17982 18011 I BatteryMgr:DataCollectionService: stats => 1705692788819,-2471252,3692
01-19 20:33:09.822 17982 18011 I BatteryMgr:DataCollectionService: stats => 1705692789822,-2606387,3662
01-19 20:33:10.824 17982 18011 I BatteryMgr:DataCollectionService: stats => 1705692790824,-1229400,3662
01-19 20:33:11.827 17982 18011 I BatteryMgr:DataCollectionService: stats => 1705692791827,-1128690,3662
01-19 20:33:12.828 17982 18011 I BatteryMgr:DataCollectionService: stats => 1705692792828,-1653849,3662
01-19 20:33:13.832 17982 18011 I BatteryMgr:DataCollectionService: stats => 1705692793832,-1777998,3662
01-19 20:33:14.835 17982 18011 I BatteryMgr:DataCollectionService: stats => 1705692794835,-2625431,3662
01-19 20:33:15.837 17982 18011 I BatteryMgr:DataCollectionService: stats => 1705692795837,-2824654,3662
01-19 20:33:16.839 17982 18011 I BatteryMgr:DataCollectionService: stats => 1705692796839,-2220758,3662
01-19 20:33:17.841 17982 18011 I BatteryMgr:DataCollectionService: stats => 1705692797841,-2137626,3662
01-19 20:33:18.844 17982 18011 I BatteryMgr:DataCollectionService: stats => 1705692798844,-1743207,3662
01-19 20:33:19.846 17982 18011 I BatteryMgr:DataCollectionService: stats => 1705692799846,-2455871,3665
01-19 20:33:20.848 17982 18011 I BatteryMgr:DataCollectionService: stats => 1705692800848,-2655827,3665
01-19 20:33:21.851 17982 18011 I BatteryMgr:DataCollectionService: stats => 1705692801851,-2842599,3665
01-19 20:33:22.855 17982 18011 I BatteryMgr:DataCollectionService: stats => 1705692802855,-2551088,3665
01-19 20:33:23.859 17982 18011 I BatteryMgr:DataCollectionService: stats => 1705692803859,-2126639,3665
01-19 20:33:24.861 17982 18011 I BatteryMgr:DataCollectionService: stats => 1705692804861,-1553871,3665
01-19 20:33:25.863 17982 18011 I BatteryMgr:DataCollectionService: stats => 1705692805863,-2306087,3665
01-19 20:33:26.867 17982 18011 I BatteryMgr:DataCollectionService: stats => 1705692806867,-2630558,3665
01-19 20:33:27.869 17982 18011 I BatteryMgr:DataCollectionService: stats => 1705692807869,-2663518,3665
01-19 20:33:28.871 17982 18011 I BatteryMgr:DataCollectionService: stats => 1705692808871,-2074636,3665
01-19 20:33:29.873 17982 18011 I BatteryMgr:DataCollectionService: stats => 1705692809873,-1719036,3646
01-19 20:33:30.875 17982 18011 I BatteryMgr:DataCollectionService: stats => 1705692810875,-1405552,3646
01-19 20:33:31.878 17982 18011 I BatteryMgr:DataCollectionService: stats => 1705692811878,-1152128,3646
01-19 20:33:32.881 17982 18011 I BatteryMgr:DataCollectionService: stats => 1705692812881,-1282136,3646
01-19 20:33:33.882 17982 18011 I BatteryMgr:DataCollectionService: stats => 1705692813882,-2395445,3646
01-19 20:33:34.884 17982 18011 I BatteryMgr:DataCollectionService: stats => 1705692814884,-2057423,3646
01-19 20:33:35.887 17982 18011 I BatteryMgr:DataCollectionService: stats => 1705692815887,-1586831,3646
01-19 20:33:36.891 17982 18011 I BatteryMgr:DataCollectionService: stats => 1705692816891,-1199736,3646
01-19 20:33:37.893 17982 18011 I BatteryMgr:DataCollectionService: stats => 1705692817893,-1318758,3646
01-19 20:33:38.896 17982 18011 I BatteryMgr:DataCollectionService: stats => 1705692818896,-1213653,3646
01-19 20:33:39.899 17982 18011 I BatteryMgr:DataCollectionService: stats => 1705692819899,-1708050,3695
01-19 20:33:40.901 17982 18011 I BatteryMgr:DataCollectionService: stats => 1705692820901,-1884201,3695
01-19 20:33:41.903 17982 18011 I BatteryMgr:DataCollectionService: stats => 1705692821903,-1450597,3695
01-19 20:33:42.904 17982 18011 I BatteryMgr:DataCollectionService: stats => 1705692822904,-1317659,3695
01-19 20:33:43.906 17982 18011 I BatteryMgr:DataCollectionService: stats => 1705692823906,-1082180,3695
01-19 20:33:44.907 17982 18011 I BatteryMgr:DataCollectionService: stats => 1705692824907,-1509558,3695
01-19 20:33:45.909 17982 18011 I BatteryMgr:DataCollectionService: stats => 1705692825909,-1862961,3695
01-19 20:33:46.913 17982 18011 I BatteryMgr:DataCollectionService: stats => 1705692826913,-2202813,3695
01-19 20:33:47.915 17982 18011 I BatteryMgr:DataCollectionService: stats => 1705692827915,-2767890,3695
01-19 20:33:48.917 17982 18011 I BatteryMgr:DataCollectionService: stats => 1705692828917,-1353182,3695
01-19 20:33:49.922 17982 18011 I BatteryMgr:DataCollectionService: stats => 1705692829922,-1102322,3686
01-19 20:33:50.924 17982 18011 I BatteryMgr:DataCollectionService: stats => 1705692830924,-1483923,3686
01-19 20:33:51.926 17982 18011 I BatteryMgr:DataCollectionService: stats => 1705692831926,-1815352,3686
01-19 20:33:52.928 17982 18011 I BatteryMgr:DataCollectionService: stats => 1705692832928,-2329525,3686
01-19 20:33:53.934 17982 18011 I BatteryMgr:DataCollectionService: stats => 1705692833934,-2593936,3686
01-19 20:33:54.937 17982 18011 I BatteryMgr:DataCollectionService: stats => 1705692834937,-2284846,3686
01-19 20:33:55.938 17982 18011 I BatteryMgr:DataCollectionService: stats => 1705692835938,-1102688,3686
01-19 20:33:56.942 17982 18011 I BatteryMgr:DataCollectionService: stats => 1705692836942,-1728924,3686
01-19 20:33:57.944 17982 18011 I BatteryMgr:DataCollectionService: stats => 1705692837944,-2237604,3686
01-19 20:33:58.947 17982 18011 I BatteryMgr:DataCollectionService: stats => 1705692838947,-2649235,3686
01-19 20:33:59.948 17982 18011 I BatteryMgr:DataCollectionService: stats => 1705692839948,-2667912,3610
01-19 20:34:00.950 17982 18011 I BatteryMgr:DataCollectionService: stats => 1705692840950,-2204644,3610
01-19 20:34:01.952 17982 18011 I BatteryMgr:DataCollectionService: stats => 1705692841952,-1792280,3610
01-19 20:34:02.956 17982 18011 I BatteryMgr:DataCollectionService: stats => 1705692842956,-1677287,3610
01-19 20:34:03.961 17982 18011 I BatteryMgr:DataCollectionService: stats => 1705692843961,-2395811,3610
01-19 20:34:04.962 17982 18011 I BatteryMgr:DataCollectionService: stats => 1705692844962,-2575991,3610
01-19 20:34:05.966 17982 18011 I BatteryMgr:DataCollectionService: stats => 1705692845966,-2451842,3610
01-19 20:34:06.970 17982 18011 I BatteryMgr:DataCollectionService: stats => 1705692846970,-2165092,3610
01-19 20:34:07.972 17982 18011 I BatteryMgr:DataCollectionService: stats => 1705692847972,-1832198,3610
01-19 20:34:08.982 17982 18011 I BatteryMgr:DataCollectionService: stats => 1705692848982,-1402988,3685
01-19 20:34:09.985 17982 18011 I BatteryMgr:DataCollectionService: stats => 1705692849984,-1246246,3685
01-19 20:34:10.987 17982 18011 I BatteryMgr:DataCollectionService: stats => 1705692850987,-2606021,3685
01-19 20:34:11.991 17982 18011 I BatteryMgr:DataCollectionService: stats => 1705692851991,-2309017,3685
01-19 20:34:12.993 17982 18011 I BatteryMgr:DataCollectionService: stats => 1705692852993,-2389951,3685
01-19 20:34:13.995 17982 18011 I BatteryMgr:DataCollectionService: stats => 1705692853995,-1793379,3685
01-19 20:34:14.998 17982 18011 I BatteryMgr:DataCollectionService: stats => 1705692854998,-1524207,3700
01-19 20:34:16.003 17982 18011 I BatteryMgr:DataCollectionService: stats => 1705692856003,-1568886,3647
01-19 20:34:17.005 17982 18011 I BatteryMgr:DataCollectionService: stats => 1705692857005,-1147733,3647
01-19 20:34:18.007 17982 18011 I BatteryMgr:DataCollectionService: stats => 1705692858007,-1448766,3647
01-19 20:34:19.012 17982 18011 I BatteryMgr:DataCollectionService: stats => 1705692859012,-2033619,3646
01-19 20:34:20.015 17982 18011 I BatteryMgr:DataCollectionService: stats => 1705692860015,-2039479,3646
01-19 20:34:21.016 17982 18011 I BatteryMgr:DataCollectionService: stats => 1705692861016,-1439977,3646
01-19 20:34:22.019 17982 18011 I BatteryMgr:DataCollectionService: stats => 1705692862019,-1280671,3646
01-19 20:34:23.023 17982 18011 I BatteryMgr:DataCollectionService: stats => 1705692863023,-1176298,3646
01-19 20:34:24.025 17982 18011 I BatteryMgr:DataCollectionService: stats => 1705692864025,-1679118,3646
01-19 20:34:25.027 17982 18011 I BatteryMgr:DataCollectionService: stats => 1705692865026,-2071706,3646
01-19 20:34:26.028 17982 18011 I BatteryMgr:DataCollectionService: stats => 1705692866028,-1490515,3646
01-19 20:34:27.030 17982 18011 I BatteryMgr:DataCollectionService: stats => 1705692867030,-1285432,3646
01-19 20:34:28.032 17982 18011 I BatteryMgr:DataCollectionService: stats => 1705692868032,-1465246,3646
01-19 20:34:29.034 17982 18011 I BatteryMgr:DataCollectionService: stats => 1705692869034,-1461584,3678
01-19 20:34:30.037 17982 18011 I BatteryMgr:DataCollectionService: stats => 1705692870037,-1830367,3678
01-19 20:34:31.043 17982 18011 I BatteryMgr:DataCollectionService: stats => 1705692871043,-2297298,3678
01-19 20:34:32.044 17982 18011 I BatteryMgr:DataCollectionService: stats => 1705692872044,-2556215,3678
01-19 20:34:33.048 17982 18011 I BatteryMgr:DataCollectionService: stats => 1705692873048,-2364316,3678
01-19 20:34:34.050 17982 18008 I BatteryMgr:DataCollectionService: stats => 1705692874050,-1147733,3678
01-19 20:34:35.052 17982 18008 I BatteryMgr:DataCollectionService: stats => 1705692875052,-1531165,3678
01-19 20:34:36.055 17982 18008 I BatteryMgr:DataCollectionService: stats => 1705692876055,-2039112,3678
01-19 20:34:37.057 17982 18008 I BatteryMgr:DataCollectionService: stats => 1705692877057,-2527284,3678
01-19 20:34:38.062 17982 18008 I BatteryMgr:DataCollectionService: stats => 1705692878061,-2714788,3678
01-19 20:34:39.065 17982 18008 I BatteryMgr:DataCollectionService: stats => 1705692879065,-2428404,3622
01-19 20:34:40.070 17982 18008 I BatteryMgr:DataCollectionService: stats => 1705692880070,-2272761,3622
01-19 20:34:41.072 17982 18008 I BatteryMgr:DataCollectionService: stats => 1705692881072,-1853805,3622
01-19 20:34:42.073 17982 18008 I BatteryMgr:DataCollectionService: stats => 1705692882073,-2107962,3622
01-19 20:34:43.076 17982 18008 I BatteryMgr:DataCollectionService: stats => 1705692883076,-2640079,3622
01-19 20:34:44.080 17982 18008 I BatteryMgr:DataCollectionService: stats => 1705692884080,-2678166,3622
01-19 20:34:45.082 17982 18008 I BatteryMgr:DataCollectionService: stats => 1705692885082,-2183403,3622
01-19 20:34:46.084 17982 18008 I BatteryMgr:DataCollectionService: stats => 1705692886084,-2362851,3622
01-19 20:34:47.085 17982 18008 I BatteryMgr:DataCollectionService: stats => 1705692887085,-1725628,3622
01-19 20:34:48.089 17982 18008 I BatteryMgr:DataCollectionService: stats => 1705692888089,-1275910,3622
01-19 20:34:49.091 17982 18008 I BatteryMgr:DataCollectionService: stats => 1705692889091,-2624332,3689
01-19 20:34:50.093 17982 18008 I BatteryMgr:DataCollectionService: stats => 1705692890093,-2706732,3689
01-19 20:34:51.095 17982 18008 I BatteryMgr:DataCollectionService: stats => 1705692891095,-2306087,3689
01-19 20:34:52.098 17982 18008 I BatteryMgr:DataCollectionService: stats => 1705692892098,-1817549,3689
01-19 20:34:53.103 17982 18008 I BatteryMgr:DataCollectionService: stats => 1705692893103,-1505530,3689
01-19 20:34:54.105 17982 18008 I BatteryMgr:DataCollectionService: stats => 1705692894105,-1618326,3689
01-19 20:34:55.106 17982 18008 I BatteryMgr:DataCollectionService: stats => 1705692895106,-1322420,3689
01-19 20:34:56.109 17982 18008 I BatteryMgr:DataCollectionService: stats => 1705692896109,-2473083,3689
01-19 20:34:57.112 17982 18008 I BatteryMgr:DataCollectionService: stats => 1705692897112,-2067311,3689
01-19 20:34:58.113 17982 18008 I BatteryMgr:DataCollectionService: stats => 1705692898113,-1656046,3689
01-19 20:34:59.116 17982 18008 I BatteryMgr:DataCollectionService: stats => 1705692899116,-1404087,3611
01-19 20:35:00.117 17982 18008 I BatteryMgr:DataCollectionService: stats => 1705692900117,-1238922,3611
01-19 20:35:01.121 17982 18008 I BatteryMgr:DataCollectionService: stats => 1705692901121,-1518714,3611
01-19 20:35:02.123 17982 18008 I BatteryMgr:DataCollectionService: stats => 1705692902123,-1687907,3611
01-19 20:35:03.126 17982 18008 I BatteryMgr:DataCollectionService: stats => 1705692903125,-1994800,3611
01-19 20:35:04.129 17982 18008 I BatteryMgr:DataCollectionService: stats => 1705692904129,-1670695,3611
01-19 20:35:05.132 17982 18008 I BatteryMgr:DataCollectionService: stats => 1705692905132,-1278107,3611
01-19 20:35:06.137 17982 18008 I BatteryMgr:DataCollectionService: stats => 1705692906137,-1168974,3611
