Current Battery Service state:
  AC powered: false
  USB powered: false
  Wireless powered: false
  Max charging current: 0
  Max charging voltage: 0
  Charge counter: 5579271
  status: 3
  health: 2
  present: true
  level: 93
  scale: 100
  voltage: 4013
  temperature: 237
  technology: Li-ion
Current Battery Service state:
  AC powered: false
  USB powered: false
  Wireless powered: false
  Max charging current: 0
  Max charging voltage: 0
  Charge counter: 5579036
  status: 3
  health: 2
  present: true
  level: 93
  scale: 100
  voltage: 4013
  temperature: 237
  technology: Li-ion
Current Battery Service state:
  AC powered: false
  USB powered: false
  Wireless powered: false
  Max charging current: 0
  Max charging voltage: 0
  Charge counter: 5579036
  status: 3
  health: 2
  present: true
  level: 93
  scale: 100
  voltage: 4013
  temperature: 237
  technology: Li-ion
Current Battery Service state:
  AC powered: false
  USB powered: false
  Wireless powered: false
  Max charging current: 0
  Max charging voltage: 0
  Charge counter: 5579036
  status: 3
  health: 2
  present: true
  level: 93
  scale: 100
  voltage: 4013
  temperature: 237
  technology: Li-ion
Current Battery Service state:
  AC powered: false
  USB powered: false
  Wireless powered: false
  Max charging current: 0
  Max charging voltage: 0
  Charge counter: 5579036
  status: 3
  health: 2
  present: true
  level: 93
  scale: 100
  voltage: 4013
  temperature: 237
  technology: Li-ion
Current Battery Service state:
  AC powered: false
  USB powered: false
  Wireless powered: false
  Max charging current: 0
  Max charging voltage: 0
  Charge counter: 5579036
  status: 3
  health: 2
  present: true
  level: 93
  scale: 100
  voltage: 4013
  temperature: 237
  technology: Li-ion
Current Battery Service state:
  AC powered: false
  USB powered: false
  Wireless powered: false
  Max charging current: 0
  Max charging voltage: 0
  Charge counter: 5579036
  status: 3
  health: 2
  present: true
  level: 93
  scale: 100
  voltage: 4013
  temperature: 237
  technology: Li-ion
Current Battery Service state:
  AC powered: false
  USB powered: false
  Wireless powered: false
  Max charging current: 0
  Max charging voltage: 0
  Charge counter: 5579036
  status: 3
  health: 2
  present: true
  level: 93
  scale: 100
  voltage: 4013
  temperature: 237
  technology: Li-ion
Current Battery Service state:
  AC powered: false
  USB powered: false
  Wireless powered: false
  Max charging current: 0
  Max charging voltage: 0
  Charge counter: 5579036
  status: 3
  health: 2
  present: true
  level: 93
  scale: 100
  voltage: 4013
  temperature: 237
  technology: Li-ion
Current Battery Service state:
  AC powered: false
  USB powered: false
  Wireless powered: false
  Max charging current: 0
  Max charging voltage: 0
  Charge counter: 5579036
  status: 3
  health: 2
  present: true
  level: 93
  scale: 100
  voltage: 4013
  temperature: 237
  technology: Li-ion
Current Battery Service state:
  AC powered: false
  USB powered: false
  Wireless powered: false
  Max charging current: 0
  Max charging voltage: 0
  Charge counter: 5573922
  status: 3
  health: 2
  present: true
  level: 93
  scale: 100
  voltage: 4012
  temperature: 232
  technology: Li-ion
Current Battery Service state:
  AC powered: false
  USB powered: false
  Wireless powered: false
  Max charging current: 0
  Max charging voltage: 0
  Charge counter: 5573922
  status: 3
  health: 2
  present: true
  level: 93
  scale: 100
  voltage: 4012
  temperature: 232
  technology: Li-ion
Current Battery Service state:
  AC powered: false
  USB powered: false
  Wireless powered: false
  Max charging current: 0
  Max charging voltage: 0
  Charge counter: 5573922
  status: 3
  health: 2
  present: true
  level: 93
  scale: 100
  voltage: 4012
  temperature: 232
  technology: Li-ion
Current Battery Service state:
  AC powered: false
  USB powered: false
  Wireless powered: false
  Max charging current: 0
  Max charging voltage: 0
  Charge counter: 5573922
  status: 3
  health: 2
  present: true
  level: 93
  scale: 100
  voltage: 4012
  temperature: 232
  technology: Li-ion
Current Battery Service state:
  AC powered: false
  USB powered: false
  Wireless powered: false
  Max charging current: 0
  Max charging voltage: 0
  Charge counter: 5573922
  status: 3
  health: 2
  present: true
  level: 93
  scale: 100
  voltage: 4012
  temperature: 232
  technology: Li-ion
Current Battery Service state:
  AC powered: false
  USB powered: false
  Wireless powered: false
  Max charging current: 0
  Max charging voltage: 0
  Charge counter: 5573922
  status: 3
  health: 2
  present: true
  level: 93
  scale: 100
  voltage: 4012
  temperature: 232
  technology: Li-ion
Current Battery Service state:
  AC powered: false
  USB powered: false
  Wireless powered: false
  Max charging current: 0
  Max charging voltage: 0
  Charge counter: 5573922
  status: 3
  health: 2
  present: true
  level: 93
  scale: 100
  voltage: 4012
  temperature: 232
  technology: Li-ion
Current Battery Service state:
  AC powered: false
  USB powered: false
  Wireless powered: false
  Max charging current: 0
  Max charging voltage: 0
  Charge counter: 5573922
  status: 3
  health: 2
  present: true
  level: 93
  scale: 100
  voltage: 4012
  temperature: 232
  technology: Li-ion
Current Battery Service state:
  AC powered: false
  USB powered: false
  Wireless powered: false
  Max charging current: 0
  Max charging voltage: 0
  Charge counter: 5573922
  status: 3
  health: 2
  present: true
  level: 93
  scale: 100
  voltage: 4012
  temperature: 232
  technology: Li-ion
Current Battery Service state:
  AC powered: false
  USB powered: false
  Wireless powered: false
  Max charging current: 0
  Max charging voltage: 0
  Charge counter: 5573922
  status: 3
  health: 2
  present: true
  level: 93
  scale: 100
  voltage: 4012
  temperature: 232
  technology: Li-ion
Current Battery Service state:
  AC powered: false
  USB powered: false
  Wireless powered: false
  Max charging current: 0
  Max charging voltage: 0
  Charge counter: 5567777
  status: 3
  health: 2
  present: true
  level: 93
  scale: 100
  voltage: 4009
  temperature: 237
  technology: Li-ion
Current Battery Service state:
  AC powered: false
  USB powered: false
  Wireless powered: false
  Max charging current: 0
  Max charging voltage: 0
  Charge counter: 5567777
  status: 3
  health: 2
  present: true
  level: 93
  scale: 100
  voltage: 4009
  temperature: 237
  technology: Li-ion
Current Battery Service state:
  AC powered: false
  USB powered: false
  Wireless powered: false
  Max charging current: 0
  Max charging voltage: 0
  Charge counter: 5567777
  status: 3
  health: 2
  present: true
  level: 93
  scale: 100
  voltage: 4009
  temperature: 237
  technology: Li-ion
Current Battery Service state:
  AC powered: false
  USB powered: false
  Wireless powered: false
  Max charging current: 0
  Max charging voltage: 0
  Charge counter: 5567777
  status: 3
  health: 2
  present: true
  level: 93
  scale: 100
  voltage: 4009
  temperature: 237
  technology: Li-ion
Current Battery Service state:
  AC powered: false
  USB powered: false
  Wireless powered: false
  Max charging current: 0
  Max charging voltage: 0
  Charge counter: 5567777
  status: 3
  health: 2
  present: true
  level: 93
  scale: 100
  voltage: 4009
  temperature: 237
  technology: Li-ion
Current Battery Service state:
  AC powered: false
  USB powered: false
  Wireless powered: false
  Max charging current: 0
  Max charging voltage: 0
  Charge counter: 5567777
  status: 3
  health: 2
  present: true
  level: 93
  scale: 100
  voltage: 4009
  temperature: 237
  technology: Li-ion
Current Battery Service state:
  AC powered: false
  USB powered: false
  Wireless powered: false
  Max charging current: 0
  Max charging voltage: 0
  Charge counter: 5567777
  status: 3
  health: 2
  present: true
  level: 93
  scale: 100
  voltage: 4009
  temperature: 237
  technology: Li-ion
Current Battery Service state:
  AC powered: false
  USB powered: false
  Wireless powered: false
  Max charging current: 0
  Max charging voltage: 0
  Charge counter: 5567777
  status: 3
  health: 2
  present: true
  level: 93
  scale: 100
  voltage: 4009
  temperature: 237
  technology: Li-ion
Current Battery Service state:
  AC powered: false
  USB powered: false
  Wireless powered: false
  Max charging current: 0
  Max charging voltage: 0
  Charge counter: 5562828
  status: 3
  health: 2
  present: true
  level: 93
  scale: 100
  voltage: 4030
  temperature: 235
  technology: Li-ion
Current Battery Service state:
  AC powered: false
  USB powered: false
  Wireless powered: false
  Max charging current: 0
  Max charging voltage: 0
  Charge counter: 5562828
  status: 3
  health: 2
  present: true
  level: 93
  scale: 100
  voltage: 4030
  temperature: 235
  technology: Li-ion
Current Battery Service state:
  AC powered: false
  USB powered: false
  Wireless powered: false
  Max charging current: 0
  Max charging voltage: 0
  Charge counter: 5561581
  status: 3
  health: 2
  present: true
  level: 93
  scale: 100
  voltage: 4004
  temperature: 235
  technology: Li-ion
Current Battery Service state:
  AC powered: false
  USB powered: false
  Wireless powered: false
  Max charging current: 0
  Max charging voltage: 0
  Charge counter: 5561581
  status: 3
  health: 2
  present: true
  level: 93
  scale: 100
  voltage: 4004
  temperature: 235
  technology: Li-ion
Current Battery Service state:
  AC powered: false
  USB powered: false
  Wireless powered: false
  Max charging current: 0
  Max charging voltage: 0
  Charge counter: 5561581
  status: 3
  health: 2
  present: true
  level: 93
  scale: 100
  voltage: 4004
  temperature: 235
  technology: Li-ion
Current Battery Service state:
  AC powered: false
  USB powered: false
  Wireless powered: false
  Max charging current: 0
  Max charging voltage: 0
  Charge counter: 5561581
  status: 3
  health: 2
  present: true
  level: 93
  scale: 100
  voltage: 4004
  temperature: 235
  technology: Li-ion
Current Battery Service state:
  AC powered: false
  USB powered: false
  Wireless powered: false
  Max charging current: 0
  Max charging voltage: 0
  Charge counter: 5561581
  status: 3
  health: 2
  present: true
  level: 93
  scale: 100
  voltage: 4004
  temperature: 235
  technology: Li-ion
Current Battery Service state:
  AC powered: false
  USB powered: false
  Wireless powered: false
  Max charging current: 0
  Max charging voltage: 0
  Charge counter: 5561581
  status: 3
  health: 2
  present: true
  level: 93
  scale: 100
  voltage: 4004
  temperature: 235
  technology: Li-ion
Current Battery Service state:
  AC powered: false
  USB powered: false
  Wireless powered: false
  Max charging current: 0
  Max charging voltage: 0
  Charge counter: 5561581
  status: 3
  health: 2
  present: true
  level: 93
  scale: 100
  voltage: 4004
  temperature: 235
  technology: Li-ion
Current Battery Service state:
  AC powered: false
  USB powered: false
  Wireless powered: false
  Max charging current: 0
  Max charging voltage: 0
  Charge counter: 5561581
  status: 3
  health: 2
  present: true
  level: 93
  scale: 100
  voltage: 4004
  temperature: 235
  technology: Li-ion
Current Battery Service state:
  AC powered: false
  USB powered: false
  Wireless powered: false
  Max charging current: 0
  Max charging voltage: 0
  Charge counter: 5561581
  status: 3
  health: 2
  present: true
  level: 93
  scale: 100
  voltage: 4004
  temperature: 235
  technology: Li-ion
Current Battery Service state:
  AC powered: false
  USB powered: false
  Wireless powered: false
  Max charging current: 0
  Max charging voltage: 0
  Charge counter: 5561581
  status: 3
  health: 2
  present: true
  level: 93
  scale: 100
  voltage: 4004
  temperature: 235
  technology: Li-ion
Current Battery Service state:
  AC powered: false
  USB powered: false
  Wireless powered: false
  Max charging current: 0
  Max charging voltage: 0
  Charge counter: 5555196
  status: 3
  health: 2
  present: true
  level: 93
  scale: 100
  voltage: 3999
  temperature: 240
  technology: Li-ion
Current Battery Service state:
  AC powered: false
  USB powered: false
  Wireless powered: false
  Max charging current: 0
  Max charging voltage: 0
  Charge counter: 5555196
  status: 3
  health: 2
  present: true
  level: 93
  scale: 100
  voltage: 3999
  temperature: 240
  technology: Li-ion
Current Battery Service state:
  AC powered: false
  USB powered: false
  Wireless powered: false
  Max charging current: 0
  Max charging voltage: 0
  Charge counter: 5555196
  status: 3
  health: 2
  present: true
  level: 93
  scale: 100
  voltage: 3999
  temperature: 240
  technology: Li-ion
Current Battery Service state:
  AC powered: false
  USB powered: false
  Wireless powered: false
  Max charging current: 0
  Max charging voltage: 0
  Charge counter: 5555196
  status: 3
  health: 2
  present: true
  level: 93
  scale: 100
  voltage: 3999
  temperature: 240
  technology: Li-ion
Current Battery Service state:
  AC powered: false
  USB powered: false
  Wireless powered: false
  Max charging current: 0
  Max charging voltage: 0
  Charge counter: 5555196
  status: 3
  health: 2
  present: true
  level: 93
  scale: 100
  voltage: 3999
  temperature: 240
  technology: Li-ion
Current Battery Service state:
  AC powered: false
  USB powered: false
  Wireless powered: false
  Max charging current: 0
  Max charging voltage: 0
  Charge counter: 5555196
  status: 3
  health: 2
  present: true
  level: 93
  scale: 100
  voltage: 3999
  temperature: 240
  technology: Li-ion
Current Battery Service state:
  AC powered: false
  USB powered: false
  Wireless powered: false
  Max charging current: 0
  Max charging voltage: 0
  Charge counter: 5551040
  status: 3
  health: 2
  present: true
  level: 93
  scale: 100
  voltage: 4000
  temperature: 237
  technology: Li-ion
Current Battery Service state:
  AC powered: false
  USB powered: false
  Wireless powered: false
  Max charging current: 0
  Max charging voltage: 0
  Charge counter: 5551040
  status: 3
  health: 2
  present: true
  level: 93
  scale: 100
  voltage: 4000
  temperature: 237
  technology: Li-ion
Current Battery Service state:
  AC powered: false
  USB powered: false
  Wireless powered: false
  Max charging current: 0
  Max charging voltage: 0
  Charge counter: 5551040
  status: 3
  health: 2
  present: true
  level: 93
  scale: 100
  voltage: 4000
  temperature: 237
  technology: Li-ion
Current Battery Service state:
  AC powered: false
  USB powered: false
  Wireless powered: false
  Max charging current: 0
  Max charging voltage: 0
  Charge counter: 5551040
  status: 3
  health: 2
  present: true
  level: 93
  scale: 100
  voltage: 4000
  temperature: 237
  technology: Li-ion
Current Battery Service state:
  AC powered: false
  USB powered: false
  Wireless powered: false
  Max charging current: 0
  Max charging voltage: 0
  Charge counter: 5548479
  status: 3
  health: 2
  present: true
  level: 92
  scale: 100
  voltage: 3996
  temperature: 237
  technology: Li-ion
Current Battery Service state:
  AC powered: false
  USB powered: false
  Wireless powered: false
  Max charging current: 0
  Max charging voltage: 0
  Charge counter: 5548479
  status: 3
  health: 2
  present: true
  level: 92
  scale: 100
  voltage: 3996
  temperature: 237
  technology: Li-ion
Current Battery Service state:
  AC powered: false
  USB powered: false
  Wireless powered: false
  Max charging current: 0
  Max charging voltage: 0
  Charge counter: 5548479
  status: 3
  health: 2
  present: true
  level: 92
  scale: 100
  voltage: 3996
  temperature: 237
  technology: Li-ion
Current Battery Service state:
  AC powered: false
  USB powered: false
  Wireless powered: false
  Max charging current: 0
  Max charging voltage: 0
  Charge counter: 5548479
  status: 3
  health: 2
  present: true
  level: 92
  scale: 100
  voltage: 3996
  temperature: 237
  technology: Li-ion
Current Battery Service state:
  AC powered: false
  USB powered: false
  Wireless powered: false
  Max charging current: 0
  Max charging voltage: 0
  Charge counter: 5548479
  status: 3
  health: 2
  present: true
  level: 92
  scale: 100
  voltage: 3996
  temperature: 237
  technology: Li-ion
Current Battery Service state:
  AC powered: false
  USB powered: false
  Wireless powered: false
  Max charging current: 0
  Max charging voltage: 0
  Charge counter: 5548479
  status: 3
  health: 2
  present: true
  level: 92
  scale: 100
  voltage: 3996
  temperature: 237
  technology: Li-ion
Current Battery Service state:
  AC powered: false
  USB powered: false
  Wireless powered: false
  Max charging current: 0
  Max charging voltage: 0
  Charge counter: 5548479
  status: 3
  health: 2
  present: true
  level: 92
  scale: 100
  voltage: 3996
  temperature: 237
  technology: Li-ion
Current Battery Service state:
  AC powered: false
  USB powered: false
  Wireless powered: false
  Max charging current: 0
  Max charging voltage: 0
  Charge counter: 5548479
  status: 3
  health: 2
  present: true
  level: 92
  scale: 100
  voltage: 3996
  temperature: 237
  technology: Li-ion
Current Battery Service state:
  AC powered: false
  USB powered: false
  Wireless powered: false
  Max charging current: 0
  Max charging voltage: 0
  Charge counter: 5548479
  status: 3
  health: 2
  present: true
  level: 92
  scale: 100
  voltage: 3996
  temperature: 237
  technology: Li-ion
Current Battery Service state:
  AC powered: false
  USB powered: false
  Wireless powered: false
  Max charging current: 0
  Max charging voltage: 0
  Charge counter: 5548479
  status: 3
  health: 2
  present: true
  level: 92
  scale: 100
  voltage: 3996
  temperature: 237
  technology: Li-ion
Current Battery Service state:
  AC powered: false
  USB powered: false
  Wireless powered: false
  Max charging current: 0
  Max charging voltage: 0
  Charge counter: 5542099
  status: 3
  health: 2
  present: true
  level: 92
  scale: 100
  voltage: 4000
  temperature: 237
  technology: Li-ion
Current Battery Service state:
  AC powered: false
  USB powered: false
  Wireless powered: false
  Max charging current: 0
  Max charging voltage: 0
  Charge counter: 5542099
  status: 3
  health: 2
  present: true
  level: 92
  scale: 100
  voltage: 4000
  temperature: 237
  technology: Li-ion
Current Battery Service state:
  AC powered: false
  USB powered: false
  Wireless powered: false
  Max charging current: 0
  Max charging voltage: 0
  Charge counter: 5542099
  status: 3
  health: 2
  present: true
  level: 92
  scale: 100
  voltage: 4000
  temperature: 237
  technology: Li-ion
Current Battery Service state:
  AC powered: false
  USB powered: false
  Wireless powered: false
  Max charging current: 0
  Max charging voltage: 0
  Charge counter: 5542099
  status: 3
  health: 2
  present: true
  level: 92
  scale: 100
  voltage: 4000
  temperature: 237
  technology: Li-ion
Current Battery Service state:
  AC powered: false
  USB powered: false
  Wireless powered: false
  Max charging current: 0
  Max charging voltage: 0
  Charge counter: 5542099
  status: 3
  health: 2
  present: true
  level: 92
  scale: 100
  voltage: 4000
  temperature: 237
  technology: Li-ion
Current Battery Service state:
  AC powered: false
  USB powered: false
  Wireless powered: false
  Max charging current: 0
  Max charging voltage: 0
  Charge counter: 5542099
  status: 3
  health: 2
  present: true
  level: 92
  scale: 100
  voltage: 4000
  temperature: 237
  technology: Li-ion
Current Battery Service state:
  AC powered: false
  USB powered: false
  Wireless powered: false
  Max charging current: 0
  Max charging voltage: 0
  Charge counter: 5542099
  status: 3
  health: 2
  present: true
  level: 92
  scale: 100
  voltage: 4000
  temperature: 237
  technology: Li-ion
Current Battery Service state:
  AC powered: false
  USB powered: false
  Wireless powered: false
  Max charging current: 0
  Max charging voltage: 0
  Charge counter: 5542099
  status: 3
  health: 2
  present: true
  level: 92
  scale: 100
  voltage: 4000
  temperature: 237
  technology: Li-ion
Current Battery Service state:
  AC powered: false
  USB powered: false
  Wireless powered: false
  Max charging current: 0
  Max charging voltage: 0
  Charge counter: 5542099
  status: 3
  health: 2
  present: true
  level: 92
  scale: 100
  voltage: 4000
  temperature: 237
  technology: Li-ion
Current Battery Service state:
  AC powered: false
  USB powered: false
  Wireless powered: false
  Max charging current: 0
  Max charging voltage: 0
  Charge counter: 5542099
  status: 3
  health: 2
  present: true
  level: 92
  scale: 100
  voltage: 4000
  temperature: 237
  technology: Li-ion
Current Battery Service state:
  AC powered: false
  USB powered: false
  Wireless powered: false
  Max charging current: 0
  Max charging voltage: 0
  Charge counter: 5535737
  status: 3
  health: 2
  present: true
  level: 92
  scale: 100
  voltage: 3994
  temperature: 237
  technology: Li-ion
Current Battery Service state:
  AC powered: false
  USB powered: false
  Wireless powered: false
  Max charging current: 0
  Max charging voltage: 0
  Charge counter: 5535737
  status: 3
  health: 2
  present: true
  level: 92
  scale: 100
  voltage: 3994
  temperature: 237
  technology: Li-ion
Current Battery Service state:
  AC powered: false
  USB powered: false
  Wireless powered: false
  Max charging current: 0
  Max charging voltage: 0
  Charge counter: 5535737
  status: 3
  health: 2
  present: true
  level: 92
  scale: 100
  voltage: 3994
  temperature: 237
  technology: Li-ion
Current Battery Service state:
  AC powered: false
  USB powered: false
  Wireless powered: false
  Max charging current: 0
  Max charging voltage: 0
  Charge counter: 5535737
  status: 3
  health: 2
  present: true
  level: 92
  scale: 100
  voltage: 3994
  temperature: 237
  technology: Li-ion
Current Battery Service state:
  AC powered: false
  USB powered: false
  Wireless powered: false
  Max charging current: 0
  Max charging voltage: 0
  Charge counter: 5535737
  status: 3
  health: 2
  present: true
  level: 92
  scale: 100
  voltage: 3994
  temperature: 237
  technology: Li-ion
Current Battery Service state:
  AC powered: false
  USB powered: false
  Wireless powered: false
  Max charging current: 0
  Max charging voltage: 0
  Charge counter: 5535737
  status: 3
  health: 2
  present: true
  level: 92
  scale: 100
  voltage: 3994
  temperature: 237
  technology: Li-ion
Current Battery Service state:
  AC powered: false
  USB powered: false
  Wireless powered: false
  Max charging current: 0
  Max charging voltage: 0
  Charge counter: 5535737
  status: 3
  health: 2
  present: true
  level: 92
  scale: 100
  voltage: 3994
  temperature: 237
  technology: Li-ion
Current Battery Service state:
  AC powered: false
  USB powered: false
  Wireless powered: false
  Max charging current: 0
  Max charging voltage: 0
  Charge counter: 5535737
  status: 3
  health: 2
  present: true
  level: 92
  scale: 100
  voltage: 3994
  temperature: 237
  technology: Li-ion
Current Battery Service state:
  AC powered: false
  USB powered: false
  Wireless powered: false
  Max charging current: 0
  Max charging voltage: 0
  Charge counter: 5535737
  status: 3
  health: 2
  present: true
  level: 92
  scale: 100
  voltage: 3994
  temperature: 237
  technology: Li-ion
Current Battery Service state:
  AC powered: false
  USB powered: false
  Wireless powered: false
  Max charging current: 0
  Max charging voltage: 0
  Charge counter: 5535737
  status: 3
  health: 2
  present: true
  level: 92
  scale: 100
  voltage: 3994
  temperature: 237
  technology: Li-ion
Current Battery Service state:
  AC powered: false
  USB powered: false
  Wireless powered: false
  Max charging current: 0
  Max charging voltage: 0
  Charge counter: 5529334
  status: 3
  health: 2
  present: true
  level: 92
  scale: 100
  voltage: 3989
  temperature: 240
  technology: Li-ion
Current Battery Service state:
  AC powered: false
  USB powered: false
  Wireless powered: false
  Max charging current: 0
  Max charging voltage: 0
  Charge counter: 5529334
  status: 3
  health: 2
  present: true
  level: 92
  scale: 100
  voltage: 3989
  temperature: 240
  technology: Li-ion
Current Battery Service state:
  AC powered: false
  USB powered: false
  Wireless powered: false
  Max charging current: 0
  Max charging voltage: 0
  Charge counter: 5529334
  status: 3
  health: 2
  present: true
  level: 92
  scale: 100
  voltage: 3989
  temperature: 240
  technology: Li-ion
Current Battery Service state:
  AC powered: false
  USB powered: false
  Wireless powered: false
  Max charging current: 0
  Max charging voltage: 0
  Charge counter: 5529334
  status: 3
  health: 2
  present: true
  level: 92
  scale: 100
  voltage: 3989
  temperature: 240
  technology: Li-ion
Current Battery Service state:
  AC powered: false
  USB powered: false
  Wireless powered: false
  Max charging current: 0
  Max charging voltage: 0
  Charge counter: 5529334
  status: 3
  health: 2
  present: true
  level: 92
  scale: 100
  voltage: 3989
  temperature: 240
  technology: Li-ion
Current Battery Service state:
  AC powered: false
  USB powered: false
  Wireless powered: false
  Max charging current: 0
  Max charging voltage: 0
  Charge counter: 5529334
  status: 3
  health: 2
  present: true
  level: 92
  scale: 100
  voltage: 3989
  temperature: 240
  technology: Li-ion
Current Battery Service state:
  AC powered: false
  USB powered: false
  Wireless powered: false
  Max charging current: 0
  Max charging voltage: 0
  Charge counter: 5529334
  status: 3
  health: 2
  present: true
  level: 92
  scale: 100
  voltage: 3989
  temperature: 240
  technology: Li-ion
Current Battery Service state:
  AC powered: false
  USB powered: false
  Wireless powered: false
  Max charging current: 0
  Max charging voltage: 0
  Charge counter: 5529334
  status: 3
  health: 2
  present: true
  level: 92
  scale: 100
  voltage: 3989
  temperature: 240
  technology: Li-ion
Current Battery Service state:
  AC powered: false
  USB powered: false
  Wireless powered: false
  Max charging current: 0
  Max charging voltage: 0
  Charge counter: 5523653
  status: 3
  health: 2
  present: true
  level: 92
  scale: 100
  voltage: 3988
  temperature: 240
  technology: Li-ion
Current Battery Service state:
  AC powered: false
  USB powered: false
  Wireless powered: false
  Max charging current: 0
  Max charging voltage: 0
  Charge counter: 5523653
  status: 3
  health: 2
  present: true
  level: 92
  scale: 100
  voltage: 3988
  temperature: 240
  technology: Li-ion
Current Battery Service state:
  AC powered: false
  USB powered: false
  Wireless powered: false
  Max charging current: 0
  Max charging voltage: 0
  Charge counter: 5523010
  status: 3
  health: 2
  present: true
  level: 92
  scale: 100
  voltage: 3989
  temperature: 240
  technology: Li-ion
Current Battery Service state:
  AC powered: false
  USB powered: false
  Wireless powered: false
  Max charging current: 0
  Max charging voltage: 0
  Charge counter: 5523010
  status: 3
  health: 2
  present: true
  level: 92
  scale: 100
  voltage: 3989
  temperature: 240
  technology: Li-ion
Current Battery Service state:
  AC powered: false
  USB powered: false
  Wireless powered: false
  Max charging current: 0
  Max charging voltage: 0
  Charge counter: 5523010
  status: 3
  health: 2
  present: true
  level: 92
  scale: 100
  voltage: 3989
  temperature: 240
  technology: Li-ion
Current Battery Service state:
  AC powered: false
  USB powered: false
  Wireless powered: false
  Max charging current: 0
  Max charging voltage: 0
  Charge counter: 5523010
  status: 3
  health: 2
  present: true
  level: 92
  scale: 100
  voltage: 3989
  temperature: 240
  technology: Li-ion
Current Battery Service state:
  AC powered: false
  USB powered: false
  Wireless powered: false
  Max charging current: 0
  Max charging voltage: 0
  Charge counter: 5523010
  status: 3
  health: 2
  present: true
  level: 92
  scale: 100
  voltage: 3989
  temperature: 240
  technology: Li-ion
Current Battery Service state:
  AC powered: false
  USB powered: false
  Wireless powered: false
  Max charging current: 0
  Max charging voltage: 0
  Charge counter: 5523010
  status: 3
  health: 2
  present: true
  level: 92
  scale: 100
  voltage: 3989
  temperature: 240
  technology: Li-ion
Current Battery Service state:
  AC powered: false
  USB powered: false
  Wireless powered: false
  Max charging current: 0
  Max charging voltage: 0
  Charge counter: 5523010
  status: 3
  health: 2
  present: true
  level: 92
  scale: 100
  voltage: 3989
  temperature: 240
  technology: Li-ion
Current Battery Service state:
  AC powered: false
  USB powered: false
  Wireless powered: false
  Max charging current: 0
  Max charging voltage: 0
  Charge counter: 5523010
  status: 3
  health: 2
  present: true
  level: 92
  scale: 100
  voltage: 3989
  temperature: 240
  technology: Li-ion
Current Battery Service state:
  AC powered: false
  USB powered: false
  Wireless powered: false
  Max charging current: 0
  Max charging voltage: 0
  Charge counter: 5523010
  status: 3
  health: 2
  present: true
  level: 92
  scale: 100
  voltage: 3989
  temperature: 240
  technology: Li-ion
Current Battery Service state:
  AC powered: false
  USB powered: false
  Wireless powered: false
  Max charging current: 0
  Max charging voltage: 0
  Charge counter: 5523010
  status: 3
  health: 2
  present: true
  level: 92
  scale: 100
  voltage: 3989
  temperature: 240
  technology: Li-ion
Current Battery Service state:
  AC powered: false
  USB powered: false
  Wireless powered: false
  Max charging current: 0
  Max charging voltage: 0
  Charge counter: 5516534
  status: 3
  health: 2
  present: true
  level: 92
  scale: 100
  voltage: 3989
  temperature: 242
  technology: Li-ion
Current Battery Service state:
  AC powered: false
  USB powered: false
  Wireless powered: false
  Max charging current: 0
  Max charging voltage: 0
  Charge counter: 5516534
  status: 3
  health: 2
  present: true
  level: 92
  scale: 100
  voltage: 3989
  temperature: 242
  technology: Li-ion
Current Battery Service state:
  AC powered: false
  USB powered: false
  Wireless powered: false
  Max charging current: 0
  Max charging voltage: 0
  Charge counter: 5516534
  status: 3
  health: 2
  present: true
  level: 92
  scale: 100
  voltage: 3989
  temperature: 242
  technology: Li-ion
Current Battery Service state:
  AC powered: false
  USB powered: false
  Wireless powered: false
  Max charging current: 0
  Max charging voltage: 0
  Charge counter: 5516534
  status: 3
  health: 2
  present: true
  level: 92
  scale: 100
  voltage: 3989
  temperature: 242
  technology: Li-ion
Current Battery Service state:
  AC powered: false
  USB powered: false
  Wireless powered: false
  Max charging current: 0
  Max charging voltage: 0
  Charge counter: 5516534
  status: 3
  health: 2
  present: true
  level: 92
  scale: 100
  voltage: 3989
  temperature: 242
  technology: Li-ion
Current Battery Service state:
  AC powered: false
  USB powered: false
  Wireless powered: false
  Max charging current: 0
  Max charging voltage: 0
  Charge counter: 5516534
  status: 3
  health: 2
  present: true
  level: 92
  scale: 100
  voltage: 3989
  temperature: 242
  technology: Li-ion
Current Battery Service state:
  AC powered: false
  USB powered: false
  Wireless powered: false
  Max charging current: 0
  Max charging voltage: 0
  Charge counter: 5516534
  status: 3
  health: 2
  present: true
  level: 92
  scale: 100
  voltage: 3989
  temperature: 242
  technology: Li-ion
Current Battery Service state:
  AC powered: false
  USB powered: false
  Wireless powered: false
  Max charging current: 0
  Max charging voltage: 0
  Charge counter: 5511375
  status: 3
  health: 2
  present: true
  level: 92
  scale: 100
  voltage: 3987
  temperature: 240
  technology: Li-ion
Current Battery Service state:
  AC powered: false
  USB powered: false
  Wireless powered: false
  Max charging current: 0
  Max charging voltage: 0
  Charge counter: 5511375
  status: 3
  health: 2
  present: true
  level: 92
  scale: 100
  voltage: 3987
  temperature: 240
  technology: Li-ion
Current Battery Service state:
  AC powered: false
  USB powered: false
  Wireless powered: false
  Max charging current: 0
  Max charging voltage: 0
  Charge counter: 5511375
  status: 3
  health: 2
  present: true
  level: 92
  scale: 100
  voltage: 3987
  temperature: 240
  technology: Li-ion
Current Battery Service state:
  AC powered: false
  USB powered: false
  Wireless powered: false
  Max charging current: 0
  Max charging voltage: 0
  Charge counter: 5510085
  status: 3
  health: 2
  present: true
  level: 92
  scale: 100
  voltage: 3986
  temperature: 240
  technology: Li-ion
Current Battery Service state:
  AC powered: false
  USB powered: false
  Wireless powered: false
  Max charging current: 0
  Max charging voltage: 0
  Charge counter: 5510085
  status: 3
  health: 2
  present: true
  level: 92
  scale: 100
  voltage: 3986
  temperature: 240
  technology: Li-ion
Current Battery Service state:
  AC powered: false
  USB powered: false
  Wireless powered: false
  Max charging current: 0
  Max charging voltage: 0
  Charge counter: 5510085
  status: 3
  health: 2
  present: true
  level: 92
  scale: 100
  voltage: 3986
  temperature: 240
  technology: Li-ion
Current Battery Service state:
  AC powered: false
  USB powered: false
  Wireless powered: false
  Max charging current: 0
  Max charging voltage: 0
  Charge counter: 5510085
  status: 3
  health: 2
  present: true
  level: 92
  scale: 100
  voltage: 3986
  temperature: 240
  technology: Li-ion
Current Battery Service state:
  AC powered: false
  USB powered: false
  Wireless powered: false
  Max charging current: 0
  Max charging voltage: 0
  Charge counter: 5510085
  status: 3
  health: 2
  present: true
  level: 92
  scale: 100
  voltage: 3986
  temperature: 240
  technology: Li-ion
Current Battery Service state:
  AC powered: false
  USB powered: false
  Wireless powered: false
  Max charging current: 0
  Max charging voltage: 0
  Charge counter: 5510085
  status: 3
  health: 2
  present: true
  level: 92
  scale: 100
  voltage: 3986
  temperature: 240
  technology: Li-ion
Current Battery Service state:
  AC powered: false
  USB powered: false
  Wireless powered: false
  Max charging current: 0
  Max charging voltage: 0
  Charge counter: 5510085
  status: 3
  health: 2
  present: true
  level: 92
  scale: 100
  voltage: 3986
  temperature: 240
  technology: Li-ion
Current Battery Service state:
  AC powered: false
  USB powered: false
  Wireless powered: false
  Max charging current: 0
  Max charging voltage: 0
  Charge counter: 5510085
  status: 3
  health: 2
  present: true
  level: 92
  scale: 100
  voltage: 3986
  temperature: 240
  technology: Li-ion
Current Battery Service state:
  AC powered: false
  USB powered: false
  Wireless powered: false
  Max charging current: 0
  Max charging voltage: 0
  Charge counter: 5510085
  status: 3
  health: 2
  present: true
  level: 92
  scale: 100
  voltage: 3986
  temperature: 240
  technology: Li-ion
Current Battery Service state:
  AC powered: false
  USB powered: false
  Wireless powered: false
  Max charging current: 0
  Max charging voltage: 0
  Charge counter: 5510085
  status: 3
  health: 2
  present: true
  level: 92
  scale: 100
  voltage: 3986
  temperature: 240
  technology: Li-ion
Current Battery Service state:
  AC powered: false
  USB powered: false
  Wireless powered: false
  Max charging current: 0
  Max charging voltage: 0
  Charge counter: 5503669
  status: 3
  health: 2
  present: true
  level: 92
  scale: 100
  voltage: 3986
  temperature: 242
  technology: Li-ion
Current Battery Service state:
  AC powered: false
  USB powered: false
  Wireless powered: false
  Max charging current: 0
  Max charging voltage: 0
  Charge counter: 5503669
  status: 3
  health: 2
  present: true
  level: 92
  scale: 100
  voltage: 3986
  temperature: 242
  technology: Li-ion
Current Battery Service state:
  AC powered: false
  USB powered: false
  Wireless powered: false
  Max charging current: 0
  Max charging voltage: 0
  Charge counter: 5503669
  status: 3
  health: 2
  present: true
  level: 92
  scale: 100
  voltage: 3986
  temperature: 242
  technology: Li-ion
Current Battery Service state:
  AC powered: false
  USB powered: false
  Wireless powered: false
  Max charging current: 0
  Max charging voltage: 0
  Charge counter: 5503669
  status: 3
  health: 2
  present: true
  level: 92
  scale: 100
  voltage: 3986
  temperature: 242
  technology: Li-ion
Current Battery Service state:
  AC powered: false
  USB powered: false
  Wireless powered: false
  Max charging current: 0
  Max charging voltage: 0
  Charge counter: 5503669
  status: 3
  health: 2
  present: true
  level: 92
  scale: 100
  voltage: 3986
  temperature: 242
  technology: Li-ion
Current Battery Service state:
  AC powered: false
  USB powered: false
  Wireless powered: false
  Max charging current: 0
  Max charging voltage: 0
  Charge counter: 5503669
  status: 3
  health: 2
  present: true
  level: 92
  scale: 100
  voltage: 3986
  temperature: 242
  technology: Li-ion
Current Battery Service state:
  AC powered: false
  USB powered: false
  Wireless powered: false
  Max charging current: 0
  Max charging voltage: 0
  Charge counter: 5503669
  status: 3
  health: 2
  present: true
  level: 92
  scale: 100
  voltage: 3986
  temperature: 242
  technology: Li-ion
Current Battery Service state:
  AC powered: false
  USB powered: false
  Wireless powered: false
  Max charging current: 0
  Max charging voltage: 0
  Charge counter: 5503669
  status: 3
  health: 2
  present: true
  level: 92
  scale: 100
  voltage: 3986
  temperature: 242
  technology: Li-ion
Current Battery Service state:
  AC powered: false
  USB powered: false
  Wireless powered: false
  Max charging current: 0
  Max charging voltage: 0
  Charge counter: 5503669
  status: 3
  health: 2
  present: true
  level: 92
  scale: 100
  voltage: 3986
  temperature: 242
  technology: Li-ion
Current Battery Service state:
  AC powered: false
  USB powered: false
  Wireless powered: false
  Max charging current: 0
  Max charging voltage: 0
  Charge counter: 5503669
  status: 3
  health: 2
  present: true
  level: 92
  scale: 100
  voltage: 3986
  temperature: 242
  technology: Li-ion
Current Battery Service state:
  AC powered: false
  USB powered: false
  Wireless powered: false
  Max charging current: 0
  Max charging voltage: 0
  Charge counter: 5497239
  status: 3
  health: 2
  present: true
  level: 92
  scale: 100
  voltage: 3985
  temperature: 242
  technology: Li-ion
Current Battery Service state:
  AC powered: false
  USB powered: false
  Wireless powered: false
  Max charging current: 0
  Max charging voltage: 0
  Charge counter: 5497239
  status: 3
  health: 2
  present: true
  level: 92
  scale: 100
  voltage: 3985
  temperature: 242
  technology: Li-ion
Current Battery Service state:
  AC powered: false
  USB powered: false
  Wireless powered: false
  Max charging current: 0
  Max charging voltage: 0
  Charge counter: 5495657
  status: 3
  health: 2
  present: true
  level: 92
  scale: 100
  voltage: 3980
  temperature: 242
  technology: Li-ion
Current Battery Service state:
  AC powered: false
  USB powered: false
  Wireless powered: false
  Max charging current: 0
  Max charging voltage: 0
  Charge counter: 5495657
  status: 3
  health: 2
  present: true
  level: 92
  scale: 100
  voltage: 3980
  temperature: 242
  technology: Li-ion
Current Battery Service state:
  AC powered: false
  USB powered: false
  Wireless powered: false
  Max charging current: 0
  Max charging voltage: 0
  Charge counter: 5495657
  status: 3
  health: 2
  present: true
  level: 92
  scale: 100
  voltage: 3980
  temperature: 242
  technology: Li-ion
Current Battery Service state:
  AC powered: false
  USB powered: false
  Wireless powered: false
  Max charging current: 0
  Max charging voltage: 0
  Charge counter: 5495657
  status: 3
  health: 2
  present: true
  level: 92
  scale: 100
  voltage: 3980
  temperature: 242
  technology: Li-ion
Current Battery Service state:
  AC powered: false
  USB powered: false
  Wireless powered: false
  Max charging current: 0
  Max charging voltage: 0
  Charge counter: 5495657
  status: 3
  health: 2
  present: true
  level: 92
  scale: 100
  voltage: 3980
  temperature: 242
  technology: Li-ion
Current Battery Service state:
  AC powered: false
  USB powered: false
  Wireless powered: false
  Max charging current: 0
  Max charging voltage: 0
  Charge counter: 5495657
  status: 3
  health: 2
  present: true
  level: 92
  scale: 100
  voltage: 3980
  temperature: 242
  technology: Li-ion
Current Battery Service state:
  AC powered: false
  USB powered: false
  Wireless powered: false
  Max charging current: 0
  Max charging voltage: 0
  Charge counter: 5495657
  status: 3
  health: 2
  present: true
  level: 92
  scale: 100
  voltage: 3980
  temperature: 242
  technology: Li-ion
Current Battery Service state:
  AC powered: false
  USB powered: false
  Wireless powered: false
  Max charging current: 0
  Max charging voltage: 0
  Charge counter: 5495657
  status: 3
  health: 2
  present: true
  level: 92
  scale: 100
  voltage: 3980
  temperature: 242
  technology: Li-ion
Current Battery Service state:
  AC powered: false
  USB powered: false
  Wireless powered: false
  Max charging current: 0
  Max charging voltage: 0
  Charge counter: 5491230
  status: 3
  health: 2
  present: true
  level: 92
  scale: 100
  voltage: 3983
  temperature: 242
  technology: Li-ion
Current Battery Service state:
  AC powered: false
  USB powered: false
  Wireless powered: false
  Max charging current: 0
  Max charging voltage: 0
  Charge counter: 5491230
  status: 3
  health: 2
  present: true
  level: 92
  scale: 100
  voltage: 3983
  temperature: 242
  technology: Li-ion
Current Battery Service state:
  AC powered: false
  USB powered: false
  Wireless powered: false
  Max charging current: 0
  Max charging voltage: 0
  Charge counter: 5491230
  status: 3
  health: 2
  present: true
  level: 92
  scale: 100
  voltage: 3983
  temperature: 242
  technology: Li-ion
Current Battery Service state:
  AC powered: false
  USB powered: false
  Wireless powered: false
  Max charging current: 0
  Max charging voltage: 0
  Charge counter: 5491230
  status: 3
  health: 2
  present: true
  level: 92
  scale: 100
  voltage: 3983
  temperature: 242
  technology: Li-ion
Current Battery Service state:
  AC powered: false
  USB powered: false
  Wireless powered: false
  Max charging current: 0
  Max charging voltage: 0
  Charge counter: 5491230
  status: 3
  health: 2
  present: true
  level: 92
  scale: 100
  voltage: 3983
  temperature: 242
  technology: Li-ion
Current Battery Service state:
  AC powered: false
  USB powered: false
  Wireless powered: false
  Max charging current: 0
  Max charging voltage: 0
  Charge counter: 5491230
  status: 3
  health: 2
  present: true
  level: 92
  scale: 100
  voltage: 3983
  temperature: 242
  technology: Li-ion
Current Battery Service state:
  AC powered: false
  USB powered: false
  Wireless powered: false
  Max charging current: 0
  Max charging voltage: 0
  Charge counter: 5491230
  status: 3
  health: 2
  present: true
  level: 92
  scale: 100
  voltage: 3983
  temperature: 242
  technology: Li-ion
Current Battery Service state:
  AC powered: false
  USB powered: false
  Wireless powered: false
  Max charging current: 0
  Max charging voltage: 0
  Charge counter: 5491230
  status: 3
  health: 2
  present: true
  level: 92
  scale: 100
  voltage: 3983
  temperature: 242
  technology: Li-ion
Current Battery Service state:
  AC powered: false
  USB powered: false
  Wireless powered: false
  Max charging current: 0
  Max charging voltage: 0
  Charge counter: 5491230
  status: 3
  health: 2
  present: true
  level: 92
  scale: 100
  voltage: 3983
  temperature: 242
  technology: Li-ion
Current Battery Service state:
  AC powered: false
  USB powered: false
  Wireless powered: false
  Max charging current: 0
  Max charging voltage: 0
  Charge counter: 5491230
  status: 3
  health: 2
  present: true
  level: 92
  scale: 100
  voltage: 3983
  temperature: 242
  technology: Li-ion
Current Battery Service state:
  AC powered: false
  USB powered: false
  Wireless powered: false
  Max charging current: 0
  Max charging voltage: 0
  Charge counter: 5484797
  status: 3
  health: 2
  present: true
  level: 91
  scale: 100
  voltage: 3982
  temperature: 242
  technology: Li-ion
Current Battery Service state:
  AC powered: false
  USB powered: false
  Wireless powered: false
  Max charging current: 0
  Max charging voltage: 0
  Charge counter: 5484797
  status: 3
  health: 2
  present: true
  level: 91
  scale: 100
  voltage: 3982
  temperature: 242
  technology: Li-ion
Current Battery Service state:
  AC powered: false
  USB powered: false
  Wireless powered: false
  Max charging current: 0
  Max charging voltage: 0
  Charge counter: 5484797
  status: 3
  health: 2
  present: true
  level: 91
  scale: 100
  voltage: 3982
  temperature: 242
  technology: Li-ion
Current Battery Service state:
  AC powered: false
  USB powered: false
  Wireless powered: false
  Max charging current: 0
  Max charging voltage: 0
  Charge counter: 5484797
  status: 3
  health: 2
  present: true
  level: 91
  scale: 100
  voltage: 3982
  temperature: 242
  technology: Li-ion
Current Battery Service state:
  AC powered: false
  USB powered: false
  Wireless powered: false
  Max charging current: 0
  Max charging voltage: 0
  Charge counter: 5484797
  status: 3
  health: 2
  present: true
  level: 91
  scale: 100
  voltage: 3982
  temperature: 242
  technology: Li-ion
Current Battery Service state:
  AC powered: false
  USB powered: false
  Wireless powered: false
  Max charging current: 0
  Max charging voltage: 0
  Charge counter: 5484797
  status: 3
  health: 2
  present: true
  level: 91
  scale: 100
  voltage: 3982
  temperature: 242
  technology: Li-ion
Current Battery Service state:
  AC powered: false
  USB powered: false
  Wireless powered: false
  Max charging current: 0
  Max charging voltage: 0
  Charge counter: 5484797
  status: 3
  health: 2
  present: true
  level: 91
  scale: 100
  voltage: 3982
  temperature: 242
  technology: Li-ion
Current Battery Service state:
  AC powered: false
  USB powered: false
  Wireless powered: false
  Max charging current: 0
  Max charging voltage: 0
  Charge counter: 5484797
  status: 3
  health: 2
  present: true
  level: 91
  scale: 100
  voltage: 3982
  temperature: 242
  technology: Li-ion
Current Battery Service state:
  AC powered: false
  USB powered: false
  Wireless powered: false
  Max charging current: 0
  Max charging voltage: 0
  Charge counter: 5484797
  status: 3
  health: 2
  present: true
  level: 91
  scale: 100
  voltage: 3982
  temperature: 242
  technology: Li-ion
Current Battery Service state:
  AC powered: false
  USB powered: false
  Wireless powered: false
  Max charging current: 0
  Max charging voltage: 0
  Charge counter: 5484797
  status: 3
  health: 2
  present: true
  level: 91
  scale: 100
  voltage: 3982
  temperature: 242
  technology: Li-ion
Current Battery Service state:
  AC powered: false
  USB powered: false
  Wireless powered: false
  Max charging current: 0
  Max charging voltage: 0
  Charge counter: 5478409
  status: 3
  health: 2
  present: true
  level: 91
  scale: 100
  voltage: 3981
  temperature: 240
  technology: Li-ion
Current Battery Service state:
  AC powered: false
  USB powered: false
  Wireless powered: false
  Max charging current: 0
  Max charging voltage: 0
  Charge counter: 5478409
  status: 3
  health: 2
  present: true
  level: 91
  scale: 100
  voltage: 3981
  temperature: 240
  technology: Li-ion
Current Battery Service state:
  AC powered: false
  USB powered: false
  Wireless powered: false
  Max charging current: 0
  Max charging voltage: 0
  Charge counter: 5478409
  status: 3
  health: 2
  present: true
  level: 91
  scale: 100
  voltage: 3981
  temperature: 240
  technology: Li-ion
Current Battery Service state:
  AC powered: false
  USB powered: false
  Wireless powered: false
  Max charging current: 0
  Max charging voltage: 0
  Charge counter: 5478409
  status: 3
  health: 2
  present: true
  level: 91
  scale: 100
  voltage: 3981
  temperature: 240
  technology: Li-ion
Current Battery Service state:
  AC powered: false
  USB powered: false
  Wireless powered: false
  Max charging current: 0
  Max charging voltage: 0
  Charge counter: 5478409
  status: 3
  health: 2
  present: true
  level: 91
  scale: 100
  voltage: 3981
  temperature: 240
  technology: Li-ion
Current Battery Service state:
  AC powered: false
  USB powered: false
  Wireless powered: false
  Max charging current: 0
  Max charging voltage: 0
  Charge counter: 5478409
  status: 3
  health: 2
  present: true
  level: 91
  scale: 100
  voltage: 3981
  temperature: 240
  technology: Li-ion
Current Battery Service state:
  AC powered: false
  USB powered: false
  Wireless powered: false
  Max charging current: 0
  Max charging voltage: 0
  Charge counter: 5478409
  status: 3
  health: 2
  present: true
  level: 91
  scale: 100
  voltage: 3981
  temperature: 240
  technology: Li-ion
Current Battery Service state:
  AC powered: false
  USB powered: false
  Wireless powered: false
  Max charging current: 0
  Max charging voltage: 0
  Charge counter: 5478409
  status: 3
  health: 2
  present: true
  level: 91
  scale: 100
  voltage: 3981
  temperature: 240
  technology: Li-ion
Current Battery Service state:
  AC powered: false
  USB powered: false
  Wireless powered: false
  Max charging current: 0
  Max charging voltage: 0
  Charge counter: 5478409
  status: 3
  health: 2
  present: true
  level: 91
  scale: 100
  voltage: 3981
  temperature: 240
  technology: Li-ion
Current Battery Service state:
  AC powered: false
  USB powered: false
  Wireless powered: false
  Max charging current: 0
  Max charging voltage: 0
  Charge counter: 5478409
  status: 3
  health: 2
  present: true
  level: 91
  scale: 100
  voltage: 3981
  temperature: 240
  technology: Li-ion
Current Battery Service state:
  AC powered: false
  USB powered: false
  Wireless powered: false
  Max charging current: 0
  Max charging voltage: 0
  Charge counter: 5471974
  status: 3
  health: 2
  present: true
  level: 91
  scale: 100
  voltage: 3977
  temperature: 242
  technology: Li-ion
Current Battery Service state:
  AC powered: false
  USB powered: false
  Wireless powered: false
  Max charging current: 0
  Max charging voltage: 0
  Charge counter: 5471974
  status: 3
  health: 2
  present: true
  level: 91
  scale: 100
  voltage: 3977
  temperature: 242
  technology: Li-ion
Current Battery Service state:
  AC powered: false
  USB powered: false
  Wireless powered: false
  Max charging current: 0
  Max charging voltage: 0
  Charge counter: 5471974
  status: 3
  health: 2
  present: true
  level: 91
  scale: 100
  voltage: 3977
  temperature: 242
  technology: Li-ion
Current Battery Service state:
  AC powered: false
  USB powered: false
  Wireless powered: false
  Max charging current: 0
  Max charging voltage: 0
  Charge counter: 5471974
  status: 3
  health: 2
  present: true
  level: 91
  scale: 100
  voltage: 3977
  temperature: 242
  technology: Li-ion
Current Battery Service state:
  AC powered: false
  USB powered: false
  Wireless powered: false
  Max charging current: 0
  Max charging voltage: 0
  Charge counter: 5471974
  status: 3
  health: 2
  present: true
  level: 91
  scale: 100
  voltage: 3977
  temperature: 242
  technology: Li-ion
Current Battery Service state:
  AC powered: false
  USB powered: false
  Wireless powered: false
  Max charging current: 0
  Max charging voltage: 0
  Charge counter: 5471974
  status: 3
  health: 2
  present: true
  level: 91
  scale: 100
  voltage: 3977
  temperature: 242
  technology: Li-ion
Current Battery Service state:
  AC powered: false
  USB powered: false
  Wireless powered: false
  Max charging current: 0
  Max charging voltage: 0
  Charge counter: 5467053
  status: 3
  health: 2
  present: true
  level: 91
  scale: 100
  voltage: 3975
  temperature: 242
  technology: Li-ion
Current Battery Service state:
  AC powered: false
  USB powered: false
  Wireless powered: false
  Max charging current: 0
  Max charging voltage: 0
  Charge counter: 5467053
  status: 3
  health: 2
  present: true
  level: 91
  scale: 100
  voltage: 3975
  temperature: 242
  technology: Li-ion
Current Battery Service state:
  AC powered: false
  USB powered: false
  Wireless powered: false
  Max charging current: 0
  Max charging voltage: 0
  Charge counter: 5467053
  status: 3
  health: 2
  present: true
  level: 91
  scale: 100
  voltage: 3975
  temperature: 242
  technology: Li-ion
Current Battery Service state:
  AC powered: false
  USB powered: false
  Wireless powered: false
  Max charging current: 0
  Max charging voltage: 0
  Charge counter: 5467053
  status: 3
  health: 2
  present: true
  level: 91
  scale: 100
  voltage: 3975
  temperature: 242
  technology: Li-ion
Current Battery Service state:
  AC powered: false
  USB powered: false
  Wireless powered: false
  Max charging current: 0
  Max charging voltage: 0
  Charge counter: 5465142
  status: 3
  health: 2
  present: true
  level: 91
  scale: 100
  voltage: 3978
  temperature: 242
  technology: Li-ion
Current Battery Service state:
  AC powered: false
  USB powered: false
  Wireless powered: false
  Max charging current: 0
  Max charging voltage: 0
  Charge counter: 5463851
  status: 3
  health: 2
  present: true
  level: 91
  scale: 100
  voltage: 3977
  temperature: 242
  technology: Li-ion
Current Battery Service state:
  AC powered: false
  USB powered: false
  Wireless powered: false
  Max charging current: 0
  Max charging voltage: 0
  Charge counter: 5463851
  status: 3
  health: 2
  present: true
  level: 91
  scale: 100
  voltage: 3977
  temperature: 242
  technology: Li-ion
Current Battery Service state:
  AC powered: false
  USB powered: false
  Wireless powered: false
  Max charging current: 0
  Max charging voltage: 0
  Charge counter: 5463851
  status: 3
  health: 2
  present: true
  level: 91
  scale: 100
  voltage: 3977
  temperature: 242
  technology: Li-ion
Current Battery Service state:
  AC powered: false
  USB powered: false
  Wireless powered: false
  Max charging current: 0
  Max charging voltage: 0
  Charge counter: 5463851
  status: 3
  health: 2
  present: true
  level: 91
  scale: 100
  voltage: 3977
  temperature: 242
  technology: Li-ion
Current Battery Service state:
  AC powered: false
  USB powered: false
  Wireless powered: false
  Max charging current: 0
  Max charging voltage: 0
  Charge counter: 5463851
  status: 3
  health: 2
  present: true
  level: 91
  scale: 100
  voltage: 3977
  temperature: 242
  technology: Li-ion
Current Battery Service state:
  AC powered: false
  USB powered: false
  Wireless powered: false
  Max charging current: 0
  Max charging voltage: 0
  Charge counter: 5463851
  status: 3
  health: 2
  present: true
  level: 91
  scale: 100
  voltage: 3977
  temperature: 242
  technology: Li-ion
Current Battery Service state:
  AC powered: false
  USB powered: false
  Wireless powered: false
  Max charging current: 0
  Max charging voltage: 0
  Charge counter: 5460359
  status: 3
  health: 2
  present: true
  level: 91
  scale: 100
  voltage: 3977
  temperature: 245
  technology: Li-ion
Current Battery Service state:
  AC powered: false
  USB powered: false
  Wireless powered: false
  Max charging current: 0
  Max charging voltage: 0
  Charge counter: 5460359
  status: 3
  health: 2
  present: true
  level: 91
  scale: 100
  voltage: 3977
  temperature: 245
  technology: Li-ion
Current Battery Service state:
  AC powered: false
  USB powered: false
  Wireless powered: false
  Max charging current: 0
  Max charging voltage: 0
  Charge counter: 5460359
  status: 3
  health: 2
  present: true
  level: 91
  scale: 100
  voltage: 3977
  temperature: 245
  technology: Li-ion
Current Battery Service state:
  AC powered: false
  USB powered: false
  Wireless powered: false
  Max charging current: 0
  Max charging voltage: 0
  Charge counter: 5458443
  status: 3
  health: 2
  present: true
  level: 91
  scale: 100
  voltage: 3976
  temperature: 245
  technology: Li-ion
Current Battery Service state:
  AC powered: false
  USB powered: false
  Wireless powered: false
  Max charging current: 0
  Max charging voltage: 0
  Charge counter: 5458443
  status: 3
  health: 2
  present: true
  level: 91
  scale: 100
  voltage: 3976
  temperature: 245
  technology: Li-ion
Current Battery Service state:
  AC powered: false
  USB powered: false
  Wireless powered: false
  Max charging current: 0
  Max charging voltage: 0
  Charge counter: 5458443
  status: 3
  health: 2
  present: true
  level: 91
  scale: 100
  voltage: 3976
  temperature: 245
  technology: Li-ion
Current Battery Service state:
  AC powered: false
  USB powered: false
  Wireless powered: false
  Max charging current: 0
  Max charging voltage: 0
  Charge counter: 5458443
  status: 3
  health: 2
  present: true
  level: 91
  scale: 100
  voltage: 3976
  temperature: 245
  technology: Li-ion
Current Battery Service state:
  AC powered: false
  USB powered: false
  Wireless powered: false
  Max charging current: 0
  Max charging voltage: 0
  Charge counter: 5458443
  status: 3
  health: 2
  present: true
  level: 91
  scale: 100
  voltage: 3976
  temperature: 245
  technology: Li-ion
Current Battery Service state:
  AC powered: false
  USB powered: false
  Wireless powered: false
  Max charging current: 0
  Max charging voltage: 0
  Charge counter: 5458443
  status: 3
  health: 2
  present: true
  level: 91
  scale: 100
  voltage: 3976
  temperature: 245
  technology: Li-ion
Current Battery Service state:
  AC powered: false
  USB powered: false
  Wireless powered: false
  Max charging current: 0
  Max charging voltage: 0
  Charge counter: 5454273
  status: 3
  health: 2
  present: true
  level: 91
  scale: 100
  voltage: 3977
  temperature: 242
  technology: Li-ion
Current Battery Service state:
  AC powered: false
  USB powered: false
  Wireless powered: false
  Max charging current: 0
  Max charging voltage: 0
  Charge counter: 5454273
  status: 3
  health: 2
  present: true
  level: 91
  scale: 100
  voltage: 3977
  temperature: 242
  technology: Li-ion
Current Battery Service state:
  AC powered: false
  USB powered: false
  Wireless powered: false
  Max charging current: 0
  Max charging voltage: 0
  Charge counter: 5454273
  status: 3
  health: 2
  present: true
  level: 91
  scale: 100
  voltage: 3977
  temperature: 242
  technology: Li-ion
Current Battery Service state:
  AC powered: false
  USB powered: false
  Wireless powered: false
  Max charging current: 0
  Max charging voltage: 0
  Charge counter: 5454273
  status: 3
  health: 2
  present: true
  level: 91
  scale: 100
  voltage: 3977
  temperature: 242
  technology: Li-ion
Current Battery Service state:
  AC powered: false
  USB powered: false
  Wireless powered: false
  Max charging current: 0
  Max charging voltage: 0
  Charge counter: 5451720
  status: 3
  health: 2
  present: true
  level: 91
  scale: 100
  voltage: 3974
  temperature: 242
  technology: Li-ion
Current Battery Service state:
  AC powered: false
  USB powered: false
  Wireless powered: false
  Max charging current: 0
  Max charging voltage: 0
  Charge counter: 5451720
  status: 3
  health: 2
  present: true
  level: 91
  scale: 100
  voltage: 3974
  temperature: 242
  technology: Li-ion
Current Battery Service state:
  AC powered: false
  USB powered: false
  Wireless powered: false
  Max charging current: 0
  Max charging voltage: 0
  Charge counter: 5451720
  status: 3
  health: 2
  present: true
  level: 91
  scale: 100
  voltage: 3974
  temperature: 242
  technology: Li-ion
Current Battery Service state:
  AC powered: false
  USB powered: false
  Wireless powered: false
  Max charging current: 0
  Max charging voltage: 0
  Charge counter: 5451720
  status: 3
  health: 2
  present: true
  level: 91
  scale: 100
  voltage: 3974
  temperature: 242
  technology: Li-ion
Current Battery Service state:
  AC powered: false
  USB powered: false
  Wireless powered: false
  Max charging current: 0
  Max charging voltage: 0
  Charge counter: 5451720
  status: 3
  health: 2
  present: true
  level: 91
  scale: 100
  voltage: 3974
  temperature: 242
  technology: Li-ion
Current Battery Service state:
  AC powered: false
  USB powered: false
  Wireless powered: false
  Max charging current: 0
  Max charging voltage: 0
  Charge counter: 5451720
  status: 3
  health: 2
  present: true
  level: 91
  scale: 100
  voltage: 3974
  temperature: 242
  technology: Li-ion
Current Battery Service state:
  AC powered: false
  USB powered: false
  Wireless powered: false
  Max charging current: 0
  Max charging voltage: 0
  Charge counter: 5451720
  status: 3
  health: 2
  present: true
  level: 91
  scale: 100
  voltage: 3974
  temperature: 242
  technology: Li-ion
Current Battery Service state:
  AC powered: false
  USB powered: false
  Wireless powered: false
  Max charging current: 0
  Max charging voltage: 0
  Charge counter: 5451720
  status: 3
  health: 2
  present: true
  level: 91
  scale: 100
  voltage: 3974
  temperature: 242
  technology: Li-ion
Current Battery Service state:
  AC powered: false
  USB powered: false
  Wireless powered: false
  Max charging current: 0
  Max charging voltage: 0
  Charge counter: 5451720
  status: 3
  health: 2
  present: true
  level: 91
  scale: 100
  voltage: 3974
  temperature: 242
  technology: Li-ion
Current Battery Service state:
  AC powered: false
  USB powered: false
  Wireless powered: false
  Max charging current: 0
  Max charging voltage: 0
  Charge counter: 5451720
  status: 3
  health: 2
  present: true
  level: 91
  scale: 100
  voltage: 3974
  temperature: 242
  technology: Li-ion
Current Battery Service state:
  AC powered: false
  USB powered: false
  Wireless powered: false
  Max charging current: 0
  Max charging voltage: 0
  Charge counter: 5445359
  status: 3
  health: 2
  present: true
  level: 91
  scale: 100
  voltage: 3975
  temperature: 245
  technology: Li-ion
Current Battery Service state:
  AC powered: false
  USB powered: false
  Wireless powered: false
  Max charging current: 0
  Max charging voltage: 0
  Charge counter: 5445359
  status: 3
  health: 2
  present: true
  level: 91
  scale: 100
  voltage: 3975
  temperature: 245
  technology: Li-ion
Current Battery Service state:
  AC powered: false
  USB powered: false
  Wireless powered: false
  Max charging current: 0
  Max charging voltage: 0
  Charge counter: 5445359
  status: 3
  health: 2
  present: true
  level: 91
  scale: 100
  voltage: 3975
  temperature: 245
  technology: Li-ion
Current Battery Service state:
  AC powered: false
  USB powered: false
  Wireless powered: false
  Max charging current: 0
  Max charging voltage: 0
  Charge counter: 5445359
  status: 3
  health: 2
  present: true
  level: 91
  scale: 100
  voltage: 3975
  temperature: 245
  technology: Li-ion
Current Battery Service state:
  AC powered: false
  USB powered: false
  Wireless powered: false
  Max charging current: 0
  Max charging voltage: 0
  Charge counter: 5445359
  status: 3
  health: 2
  present: true
  level: 91
  scale: 100
  voltage: 3975
  temperature: 245
  technology: Li-ion
Current Battery Service state:
  AC powered: false
  USB powered: false
  Wireless powered: false
  Max charging current: 0
  Max charging voltage: 0
  Charge counter: 5445359
  status: 3
  health: 2
  present: true
  level: 91
  scale: 100
  voltage: 3975
  temperature: 245
  technology: Li-ion
Current Battery Service state:
  AC powered: false
  USB powered: false
  Wireless powered: false
  Max charging current: 0
  Max charging voltage: 0
  Charge counter: 5445359
  status: 3
  health: 2
  present: true
  level: 91
  scale: 100
  voltage: 3975
  temperature: 245
  technology: Li-ion
Current Battery Service state:
  AC powered: false
  USB powered: false
  Wireless powered: false
  Max charging current: 0
  Max charging voltage: 0
  Charge counter: 5445359
  status: 3
  health: 2
  present: true
  level: 91
  scale: 100
  voltage: 3975
  temperature: 245
  technology: Li-ion
Current Battery Service state:
  AC powered: false
  USB powered: false
  Wireless powered: false
  Max charging current: 0
  Max charging voltage: 0
  Charge counter: 5445359
  status: 3
  health: 2
  present: true
  level: 91
  scale: 100
  voltage: 3975
  temperature: 245
  technology: Li-ion
Current Battery Service state:
  AC powered: false
  USB powered: false
  Wireless powered: false
  Max charging current: 0
  Max charging voltage: 0
  Charge counter: 5445359
  status: 3
  health: 2
  present: true
  level: 91
  scale: 100
  voltage: 3975
  temperature: 245
  technology: Li-ion
Current Battery Service state:
  AC powered: false
  USB powered: false
  Wireless powered: false
  Max charging current: 0
  Max charging voltage: 0
  Charge counter: 5439058
  status: 3
  health: 2
  present: true
  level: 90
  scale: 100
  voltage: 3972
  temperature: 245
  technology: Li-ion
Current Battery Service state:
  AC powered: false
  USB powered: false
  Wireless powered: false
  Max charging current: 0
  Max charging voltage: 0
  Charge counter: 5439058
  status: 3
  health: 2
  present: true
  level: 90
  scale: 100
  voltage: 3972
  temperature: 245
  technology: Li-ion
Current Battery Service state:
  AC powered: false
  USB powered: false
  Wireless powered: false
  Max charging current: 0
  Max charging voltage: 0
  Charge counter: 5439058
  status: 3
  health: 2
  present: true
  level: 90
  scale: 100
  voltage: 3972
  temperature: 245
  technology: Li-ion
Current Battery Service state:
  AC powered: false
  USB powered: false
  Wireless powered: false
  Max charging current: 0
  Max charging voltage: 0
  Charge counter: 5439058
  status: 3
  health: 2
  present: true
  level: 90
  scale: 100
  voltage: 3972
  temperature: 245
  technology: Li-ion
