618.34 3478.85
620.00 3489.36
625.01 3516.15
626.99 3525.46
631.00 3546.55
632.00 3552.71
634.00 3565.10
637.00 3582.50
639.00 3594.29
641.00 3606.32
643.00 3618.43
644.00 3624.22
647.00 3641.37
647.99 3646.56
649.00 3652.37
652.00 3670.06
654.01 3681.43
657.00 3698.12
659.31 3711.81
661.00 3721.97
661.99 3727.73
664.31 3741.58
666.00 3751.36
668.32 3765.18
669.31 3770.55
672.99 3791.27
674.99 3802.54
676.00 3807.86
677.99 3819.68
680.00 3831.68
682.02 3843.23
686.00 3866.70
688.00 3878.89
688.99 3884.82
691.00 3897.00
695.00 3921.34
695.99 3926.87
697.00 3932.64
700.02 3949.62
703.99 3972.27
706.32 3985.27
708.99 4000.70
710.99 4012.00
712.09 4018.54
713.99 4029.62
715.99 4041.33
718.00 4053.99
723.00 4084.66
727.00 4108.84
730.00 4126.82
731.00 4132.65
732.00 4138.62
733.00 4144.53
735.00 4156.73
736.00 4162.80
738.00 4174.91
738.99 4180.90
740.99 4193.40
742.99 4206.17
747.00 4231.65
751.00 4256.47
752.99 4268.69
754.32 4276.46
756.01 4286.72
759.00 4304.49
762.01 4323.50
762.99 4329.58
764.32 4337.60
766.00 4347.74
767.99 4359.21
770.99 4377.84
772.32 4385.94
774.01 4396.72
777.99 4421.31
781.00 4439.09
783.99 4457.39
786.00 4469.79
789.02 4488.58
792.31 4509.22
794.01 4519.38
795.02 4525.09
797.00 4536.56
800.01 4555.06
801.00 4560.80
801.99 4566.68
807.00 4597.05
809.00 4609.20
810.00 4615.33
815.01 4646.45
817.00 4658.25
818.00 4664.18
822.00 4689.20
823.00 4695.27
826.99 4719.17
828.00 4724.95
828.99 4730.76
832.00 4748.49
835.00 4765.93
835.99 4771.65
837.99 4783.31
840.00 4794.88
845.01 4825.76
846.62 4835.29
847.99 4843.56
850.00 4855.93
850.99 4861.67
853.00 4873.99
855.01 4885.75
857.02 4897.71
857.99 4903.41
859.99 4915.46
