6.37 5.88 3.93 6/2966 27305
6.37 5.88 3.93 11/3017 27417
6.37 5.88 3.93 6/3010 27470
6.37 5.88 3.93 7/3065 27558
6.90 6.00 3.98 8/3059 27647
6.90 6.00 3.98 5/3060 27680
6.90 6.00 3.98 7/3046 27727
6.90 6.00 3.98 2/3047 27756
6.90 6.00 3.98 4/3048 27784
6.91 6.02 3.99 2/3041 27811
6.91 6.02 3.99 4/3047 27849
6.91 6.02 3.99 3/3052 27894
6.91 6.02 3.99 8/3071 27963
6.91 6.02 3.99 5/3084 28016
6.52 5.95 3.98 4/3083 28053
6.52 5.95 3.98 1/3088 28114
6.52 5.95 3.98 6/3084 28168
6.52 5.95 3.98 9/3084 28196
6.52 5.95 3.98 3/3087 28239
6.39 5.93 3.99 3/3093 28273
6.39 5.93 3.99 4/3092 28301
6.39 5.93 3.99 2/3088 28343
6.39 5.93 3.99 2/3087 28372
6.39 5.93 3.99 7/3076 28404
6.60 5.98 4.02 9/3082 28446
6.60 5.98 4.02 8/3082 28473
6.60 5.98 4.02 9/3074 28505
6.60 5.98 4.02 3/3073 28532
6.60 5.98 4.02 13/3075 28561
6.55 5.99 4.03 5/3075 28588
6.55 5.99 4.03 2/3075 28615
6.55 5.99 4.03 8/3073 28643
6.55 5.99 4.03 10/3074 28671
6.55 5.99 4.03 2/3078 28710
6.43 5.97 4.03 7/3087 28757
6.43 5.97 4.03 4/3081 28793
6.43 5.97 4.03 3/3080 28821
6.43 5.97 4.03 3/3081 28849
6.43 5.97 4.03 4/3081 28876
6.16 5.92 4.03 6/3081 28903
6.16 5.92 4.03 13/3081 28930
6.16 5.92 4.03 3/3080 28958
6.16 5.92 4.03 5/3080 28985
6.16 5.92 4.03 2/3080 29012
5.98 5.89 4.03 7/3082 29043
5.98 5.89 4.03 4/3081 29070
5.98 5.89 4.03 11/3086 29104
5.98 5.89 4.03 6/3081 29131
5.98 5.89 4.03 6/3081 29158
5.82 5.86 4.03 8/3080 29185
5.82 5.86 4.03 15/3068 29213
5.82 5.86 4.03 5/3068 29241
5.82 5.86 4.03 3/3068 29268
5.82 5.86 4.03 2/3068 29295
5.76 5.84 4.03 2/3068 29322
5.76 5.84 4.03 2/3068 29349
5.76 5.84 4.03 6/3068 29377
5.76 5.84 4.03 2/3068 29405
5.76 5.84 4.03 8/3068 29432
6.10 5.91 4.06 3/3069 29460
6.10 5.91 4.06 7/3069 29487
6.10 5.91 4.06 9/3069 29515
6.10 5.91 4.06 6/3069 29542
6.10 5.91 4.06 9/3069 29569
5.93 5.88 4.06 5/3067 29596
5.93 5.88 4.06 7/3061 29623
5.93 5.88 4.06 4/3061 29651
5.93 5.88 4.06 8/3065 29684
5.93 5.88 4.06 6/3060 29711
6.01 5.90 4.08 3/3060 29738
6.01 5.90 4.08 8/3053 29765
6.01 5.90 4.08 3/3053 29793
6.01 5.90 4.08 3/3051 29820
6.01 5.90 4.08 4/3051 29851
6.25 5.95 4.11 3/3051 29890
6.25 5.95 4.11 5/3051 29918
6.25 5.95 4.11 11/3051 29946
6.25 5.95 4.11 1/3051 29973
6.25 5.95 4.11 6/3054 30004
5.91 5.88 4.09 9/3053 30031
5.91 5.88 4.09 4/3053 30058
5.91 5.88 4.09 3/3053 30086
5.91 5.88 4.09 4/3053 30113
5.91 5.88 4.09 4/3053 30140
6.56 6.02 4.15 4/3053 30167
6.56 6.02 4.15 4/3053 30194
6.56 6.02 4.15 9/3053 30222
6.56 6.02 4.15 1/3053 30249
6.56 6.02 4.15 3/3057 30281
6.28 5.97 4.14 3/3058 30309
6.28 5.97 4.14 3/3053 30336
6.28 5.97 4.14 5/3053 30364
6.28 5.97 4.14 4/3054 30394
6.28 5.97 4.14 7/3047 30421
5.85 5.89 4.12 6/3047 30448
5.85 5.89 4.12 5/3047 30475
5.85 5.89 4.12 2/3047 30503
5.85 5.89 4.12 3/3047 30530
5.85 5.89 4.12 2/3047 30557
5.86 5.89 4.13 4/3045 30585
5.86 5.89 4.13 3/3045 30612
5.86 5.89 4.13 3/3045 30640
5.86 5.89 4.13 4/3045 30667
5.86 5.89 4.13 1/3045 30694
5.56 5.82 4.12 4/3042 30721
5.56 5.82 4.12 4/3042 30748
5.56 5.82 4.12 4/3043 30777
5.56 5.82 4.12 2/3043 30804
5.56 5.82 4.12 4/3043 30831
5.27 5.76 4.11 6/3043 30859
5.27 5.76 4.11 3/3048 30891
5.27 5.76 4.11 7/3043 30919
5.27 5.76 4.11 3/3043 30946
5.27 5.76 4.11 3/3043 30974
5.17 5.73 4.11 7/3043 31001
5.17 5.73 4.11 5/3043 31028
5.17 5.73 4.11 2/3043 31056
5.17 5.73 4.11 4/3043 31083
5.17 5.73 4.11 1/3043 31110
5.31 5.75 4.13 7/3043 31137
5.31 5.75 4.13 3/3043 31165
5.31 5.75 4.13 8/3041 31193
5.31 5.75 4.13 11/3041 31220
5.31 5.75 4.13 1/3041 31247
5.05 5.69 4.11 14/3041 31274
5.05 5.69 4.11 7/3046 31308
5.05 5.69 4.11 3/3046 31336
5.05 5.69 4.11 2/3046 31363
5.05 5.69 4.11 5/3046 31390
4.72 5.61 4.10 3/3046 31417
4.72 5.61 4.10 4/3046 31445
4.72 5.61 4.10 11/3050 31478
4.72 5.61 4.10 2/3050 31505
4.72 5.61 4.10 7/3045 31536
4.72 5.61 4.10 4/3045 31571
5.23 5.70 4.13 3/3045 31598
5.23 5.70 4.13 3/3045 31626
5.23 5.70 4.13 3/3045 31653
5.23 5.70 4.13 3/3043 31680
5.21 5.69 4.14 1/3043 31707
5.21 5.69 4.14 3/3043 31734
5.21 5.69 4.14 5/3043 31763
5.21 5.69 4.14 3/3043 31790
5.21 5.69 4.14 3/3043 31817
5.03 5.64 4.13 2/3043 31844
5.03 5.64 4.13 6/3043 31871
5.03 5.64 4.13 1/3043 31899
5.03 5.64 4.13 12/3043 31926
5.03 5.64 4.13 1/3043 31953
5.19 5.67 4.15 4/3043 31980
5.19 5.67 4.15 3/3043 32007
5.19 5.67 4.15 7/3043 32036
5.19 5.67 4.15 4/3043 32063
5.19 5.67 4.15 4/3048 32095
5.49 5.72 4.17 1/3043 32122
5.49 5.72 4.17 7/3044 32152
5.49 5.72 4.17 1/3044 32180
5.49 5.72 4.17 8/3044 32207
5.49 5.72 4.17 6/3044 32234
5.21 5.66 4.16 5/3043 32261
5.21 5.66 4.16 5/3043 32288
5.21 5.66 4.16 3/3043 32316
5.21 5.66 4.16 3/3043 32344
5.21 5.66 4.16 1/3043 32371
5.28 5.67 4.17 10/3043 32398
5.28 5.67 4.17 20/3044 32426
5.28 5.67 4.17 5/3044 32454
5.28 5.67 4.17 4/3044 32481
5.28 5.67 4.17 8/3044 32508
5.28 5.67 4.17 3/3044 32535
5.09 5.62 4.17 5/3044 32562
5.09 5.62 4.17 3/3044 32590
5.09 5.62 4.17 4/3044 32618
5.09 5.62 4.17 7/3044 32645
4.85 5.56 4.16 5/3049 32677
4.85 5.56 4.16 7/3047 32704
4.85 5.56 4.16 3/3044 32732
4.85 5.56 4.16 7/3044 32759
4.85 5.56 4.16 5/3044 466
4.70 5.52 4.15 8/3044 495
4.70 5.52 4.15 7/3044 535
4.70 5.52 4.15 3/3044 571
4.70 5.52 4.15 6/3045 711
4.70 5.52 4.15 2/3045 795
5.12 5.59 4.18 6/3046 843
5.12 5.59 4.18 3/3042 918
5.12 5.59 4.18 3/3042 1005
5.12 5.59 4.18 5/3041 1051
5.12 5.59 4.18 6/3041 1097
5.12 5.59 4.18 6/3041 1247
5.43 5.65 4.21 10/3039 1310
5.43 5.65 4.21 2/3039 1365
5.43 5.65 4.21 9/3035 1434
5.43 5.65 4.21 2/3035 1488
5.43 5.65 4.21 5/3037 1594
5.40 5.64 4.21 5/3037 1666
5.40 5.64 4.21 6/3042 1753
5.40 5.64 4.21 3/3037 1865
5.40 5.64 4.21 3/3037 1920
5.45 5.64 4.22 10/3037 1952
5.45 5.64 4.22 2/3037 1999
5.45 5.64 4.22 3/3037 2045
5.45 5.64 4.22 5/3037 2076
5.45 5.64 4.22 4/3037 2147
5.73 5.70 4.25 3/3037 2217
5.73 5.70 4.25 6/3037 2290
5.73 5.70 4.25 4/3038 2345
5.73 5.70 4.25 1/3038 2396
5.73 5.70 4.25 3/3038 2445
5.75 5.71 4.26 5/3038 2503
5.75 5.71 4.26 3/3041 2540
5.75 5.71 4.26 15/3042 2576
5.75 5.71 4.26 5/3048 2707
5.75 5.71 4.26 5/3047 2754
5.69 5.69 4.26 3/3047 2818
5.69 5.69 4.26 6/3048 2848
5.69 5.69 4.26 10/3052 2893
5.69 5.69 4.26 13/3058 3080
5.69 5.69 4.26 11/3067 3193
5.69 5.69 4.26 4/3064 3238
5.64 5.68 4.27 7/3062 3282
5.64 5.68 4.27 10/3062 3321
5.64 5.68 4.27 10/3061 3382
5.64 5.68 4.27 9/3060 3473
5.64 5.68 4.27 2/3059 3538
5.91 5.74 4.29 9/3059 3630
5.91 5.74 4.29 6/3059 3687
5.91 5.74 4.29 4/3059 3782
5.91 5.74 4.29 7/3058 3827
5.91 5.74 4.29 14/3058 3870
6.07 5.77 4.31 7/3058 3934
6.07 5.77 4.31 5/3058 3983
6.07 5.77 4.31 3/3059 4043
6.07 5.77 4.31 2/3058 4118
6.07 5.77 4.31 12/3058 4169
6.47 5.86 4.35 14/3058 4213
6.47 5.86 4.35 8/3057 4265
6.47 5.86 4.35 8/3057 4315
6.47 5.86 4.35 2/3057 4345
6.47 5.86 4.35 6/3062 4379
6.35 5.85 4.35 9/3057 4411
6.35 5.85 4.35 11/3057 4444
6.35 5.85 4.35 5/3057 4475
6.35 5.85 4.35 3/3057 4502
6.35 5.85 4.35 5/3057 4534
6.64 5.92 4.38 7/3062 4568
6.64 5.92 4.38 7/3062 4606
6.64 5.92 4.38 6/3062 4643
6.64 5.92 4.38 6/3062 4672
6.64 5.92 4.38 8/3062 4705
6.91 5.98 4.41 7/3062 4737
6.91 5.98 4.41 6/3062 4799
6.91 5.98 4.41 2/3062 4831
6.91 5.98 4.41 4/3062 4863
6.91 5.98 4.41 4/3062 4905
6.68 5.95 4.41 6/3062 4952
6.68 5.95 4.41 8/3062 4984
6.68 5.95 4.41 3/3062 5017
6.68 5.95 4.41 5/3062 5049
6.68 5.95 4.41 8/3046 5077
6.14 5.85 4.39 10/3051 5111
6.14 5.85 4.39 10/3046 5140
6.14 5.85 4.39 15/3046 5169
6.14 5.85 4.39 16/3045 5204
6.14 5.85 4.39 5/3045 5239
6.45 5.92 4.42 1/3045 5274
6.45 5.92 4.42 5/3045 5309
6.45 5.92 4.42 7/3045 5337
6.45 5.92 4.42 9/3046 5365
6.45 5.92 4.42 4/3046 5393
6.34 5.91 4.42 7/3045 5420
6.34 5.91 4.42 8/3046 5449
6.34 5.91 4.42 8/3042 5486
6.34 5.91 4.42 6/3042 5520
6.34 5.91 4.42 10/3042 5548
6.55 5.96 4.44 9/3042 5575
6.55 5.96 4.44 7/3042 5603
6.55 5.96 4.44 6/3040 5631
6.55 5.96 4.44 5/3040 5681
6.55 5.96 4.44 8/3040 5727
6.35 5.92 4.44 3/3040 5774
6.35 5.92 4.44 10/3044 5806
6.35 5.92 4.44 4/3045 5834
6.35 5.92 4.44 9/3040 5865
6.35 5.92 4.44 5/3040 5892
6.24 5.91 4.45 6/3040 5919
6.24 5.91 4.45 7/3040 5947
6.24 5.91 4.45 7/3040 5975
6.24 5.91 4.45 11/3040 6009
6.24 5.91 4.45 3/3040 6051
6.22 5.91 4.45 5/3040 6078
6.22 5.91 4.45 5/3040 6106
6.22 5.91 4.45 2/3040 6133
6.22 5.91 4.45 4/3040 6160
6.22 5.91 4.45 7/3040 6189
6.20 5.91 4.46 8/3040 6217
6.20 5.91 4.46 10/3039 6245
6.20 5.91 4.46 8/3039 6272
6.20 5.91 4.46 2/3039 6299
6.20 5.91 4.46 7/3040 6327
5.94 5.86 4.45 9/3040 6355
5.94 5.86 4.45 7/3040 6383
5.94 5.86 4.45 5/3040 6410
5.94 5.86 4.45 2/3045 6442
5.94 5.86 4.45 7/3040 6471
5.95 5.87 4.46 3/3036 6498
5.95 5.87 4.46 4/3036 6529
5.95 5.87 4.46 2/3036 6558
5.95 5.87 4.46 6/3036 6587
5.95 5.87 4.46 4/3036 6614
5.87 5.85 4.47 8/3034 6650
5.87 5.85 4.47 12/3034 6687
5.87 5.85 4.47 4/3020 6714
5.87 5.85 4.47 11/3018 6746
5.87 5.85 4.47 3/3018 6781
5.80 5.84 4.47 11/3018 6808
5.80 5.84 4.47 9/3019 6842
5.80 5.84 4.47 8/3019 6870
5.80 5.84 4.47 3/3017 6915
5.80 5.84 4.47 3/3013 6962
5.90 5.86 4.48 12/3012 7005
5.90 5.86 4.48 15/3011 7034
5.90 5.86 4.48 4/3012 7064
5.90 5.86 4.48 2/3012 7094
5.90 5.86 4.48 2/3017 7145
5.67 5.81 4.47 9/3017 7173
5.67 5.81 4.47 6/3010 7201
5.67 5.81 4.47 6/3011 7230
5.67 5.81 4.47 8/3011 7257
5.53 5.78 4.47 4/3007 7289
5.53 5.78 4.47 5/3007 7316
5.53 5.78 4.47 7/3007 7345
5.53 5.78 4.47 4/3008 7374
5.53 5.78 4.47 4/3008 7401
5.49 5.77 4.47 8/3008 7428
5.49 5.77 4.47 5/3009 7458
5.49 5.77 4.47 6/3007 7491
5.49 5.77 4.47 4/3011 7534
5.49 5.77 4.47 11/3013 7566
5.49 5.77 4.47 6/3012 7598
5.53 5.77 4.48 6/3012 7625
5.53 5.77 4.48 2/3011 7653
5.53 5.77 4.48 11/3011 7681
5.53 5.77 4.48 5/3011 7711
5.53 5.77 4.48 7/3012 7740
5.49 5.76 4.49 11/3006 7768
5.49 5.76 4.49 13/3011 7801
5.49 5.76 4.49 3/3006 7830
5.49 5.76 4.49 7/3006 7860
5.49 5.76 4.49 6/3005 7887
5.29 5.71 4.48 6/3004 7916
5.29 5.71 4.48 6/3004 7944
5.29 5.71 4.48 12/3004 7971
5.29 5.71 4.48 8/3007 8006
5.29 5.71 4.48 5/3008 8035
5.51 5.75 4.50 3/3008 8062
5.51 5.75 4.50 5/3008 8090
5.51 5.75 4.50 5/3007 8117
5.51 5.75 4.50 2/3007 8145
5.51 5.75 4.50 6/3007 8172
5.47 5.74 4.50 8/3007 8199
5.47 5.74 4.50 6/3005 8227
5.47 5.74 4.50 3/3004 8254
5.47 5.74 4.50 3/3003 8282
5.47 5.74 4.50 11/3004 8310
5.51 5.74 4.51 14/3007 8344
5.51 5.74 4.51 12/3007 8372
5.51 5.74 4.51 6/3011 8404
5.51 5.74 4.51 3/3011 8431
5.51 5.74 4.51 2/3006 8459
5.55 5.75 4.52 7/3006 8486
5.55 5.75 4.52 6/3006 8514
5.55 5.75 4.52 2/3006 8541
5.55 5.75 4.52 10/3005 8572
5.55 5.75 4.52 6/3006 8608
5.34 5.70 4.51 7/3006 8641
5.34 5.70 4.51 3/3006 8669
5.34 5.70 4.51 13/3007 8697
5.34 5.70 4.51 8/3007 8724
5.34 5.70 4.51 7/3007 8752
5.72 5.77 4.54 5/3007 8779
5.72 5.77 4.54 7/3007 8807
5.72 5.77 4.54 3/3007 8834
5.72 5.77 4.54 11/3006 8861
5.72 5.77 4.54 8/3007 8889
6.14 5.86 4.57 7/3007 8917
6.14 5.86 4.57 2/3007 8945
6.14 5.86 4.57 6/3007 8972
6.14 5.86 4.57 13/3007 8999
6.14 5.86 4.57 5/3013 9032
6.37 5.91 4.60 6/3008 9060
6.37 5.91 4.60 6/3008 9088
6.37 5.91 4.60 13/3008 9115
6.37 5.91 4.60 10/3007 9142
6.37 5.91 4.60 9/3008 9170
6.26 5.89 4.60 8/3008 9197
6.26 5.89 4.60 8/3008 9225
6.26 5.89 4.60 8/3008 9252
6.26 5.89 4.60 3/3008 9279
6.26 5.89 4.60 6/3010 9308
7.20 6.10 4.67 7/3010 9342
7.20 6.10 4.67 7/3010 9371
7.20 6.10 4.67 4/3010 9398
7.20 6.10 4.67 5/3009 9425
7.20 6.10 4.67 16/3010 9453
7.42 6.16 4.70 12/3010 9480
7.42 6.16 4.70 12/3010 9509
7.42 6.16 4.70 17/3010 9536
7.42 6.16 4.70 4/3009 9563
7.42 6.16 4.70 10/3009 9592
7.39 6.18 4.71 10/3014 9624
7.39 6.18 4.71 9/3009 9653
7.39 6.18 4.71 5/3009 9680
7.39 6.18 4.71 10/3009 9711
7.39 6.18 4.71 8/3009 9748
7.68 6.26 4.75 7/3009 9775
7.68 6.26 4.75 9/3009 9803
7.68 6.26 4.75 5/3009 9830
7.68 6.26 4.75 8/3007 9857
7.68 6.26 4.75 8/3007 9884
7.62 6.27 4.76 9/3008 9912
7.62 6.27 4.76 12/3008 9940
7.62 6.27 4.76 8/3008 9968
7.62 6.27 4.76 8/3008 9995
7.62 6.27 4.76 2/3008 10022
7.25 6.21 4.75 6/3005 10049
7.25 6.21 4.75 7/3005 10077
7.25 6.21 4.75 10/3005 10104
7.25 6.21 4.75 5/3005 10131
7.25 6.21 4.75 10/3004 10158
7.15 6.21 4.76 6/3004 10187
7.15 6.21 4.76 10/3007 10218
7.15 6.21 4.76 10/3009 10247
7.15 6.21 4.76 8/3004 10279
7.15 6.21 4.76 4/3004 10314
7.54 6.31 4.79 6/3004 10341
7.54 6.31 4.79 2/3004 10369
7.54 6.31 4.79 11/3004 10396
7.54 6.31 4.79 7/3004 10423
7.54 6.31 4.79 6/3003 10450
7.34 6.28 4.80 5/3003 10477
7.34 6.28 4.80 8/3003 10505
7.34 6.28 4.80 3/3003 10532
7.34 6.28 4.80 6/3003 10560
7.34 6.28 4.80 8/3003 10587
7.15 6.26 4.80 8/3003 10617
7.15 6.26 4.80 5/3003 10646
7.15 6.26 4.80 6/3003 10674
7.15 6.26 4.80 10/3003 10701
7.15 6.26 4.80 5/3003 10728
7.14 6.28 4.81 5/3003 10756
7.14 6.28 4.81 6/3003 10784
7.14 6.28 4.81 5/3003 10811
7.14 6.28 4.81 6/3008 10847
7.14 6.28 4.81 6/3003 10875
6.97 6.25 4.81 5/3003 10902
6.97 6.25 4.81 8/3003 10935
6.97 6.25 4.81 3/3003 10962
6.97 6.25 4.81 6/3003 10989
6.97 6.25 4.81 5/3003 11018
7.05 6.28 4.83 6/3001 11045
7.05 6.28 4.83 10/3001 11073
7.05 6.28 4.83 8/3001 11100
7.05 6.28 4.83 11/3001 11127
7.05 6.28 4.83 10/3001 11155
7.29 6.35 4.86 8/3000 11183
7.29 6.35 4.86 9/3000 11211
7.29 6.35 4.86 3/3000 11238
7.29 6.35 4.86 8/3000 11265
7.29 6.35 4.86 7/3000 11292
7.26 6.36 4.87 14/3000 11319
7.26 6.36 4.87 5/3001 11348
7.26 6.36 4.87 22/3001 11375
7.26 6.36 4.87 9/3001 11402
7.26 6.36 4.87 6/3004 11433
7.00 6.32 4.86 10/3005 11463
7.00 6.32 4.86 9/3000 11491
7.00 6.32 4.86 8/3000 11518
7.00 6.32 4.86 4/3000 11545
7.00 6.32 4.86 5/3000 11572
6.92 6.31 4.87 12/3000 11599
6.92 6.31 4.87 6/3000 11627
6.92 6.31 4.87 6/3000 11654
6.92 6.31 4.87 14/3000 11681
6.92 6.31 4.87 8/3000 11712
6.77 6.29 4.87 11/3004 11754
6.77 6.29 4.87 4/3005 11784
6.77 6.29 4.87 7/3005 11811
6.77 6.29 4.87 5/3005 11838
6.77 6.29 4.87 7/3005 11865
7.03 6.35 4.90 9/3005 11892
7.03 6.35 4.90 10/3005 11921
7.03 6.35 4.90 5/3005 11948
7.03 6.35 4.90 5/3005 11979
7.03 6.35 4.90 17/3006 12015
6.94 6.35 4.91 11/3006 12042
6.94 6.35 4.91 9/3011 12076
6.94 6.35 4.91 9/3006 12103
6.94 6.35 4.91 8/3006 12130
6.94 6.35 4.91 3/3006 12157
7.11 6.39 4.93 5/3006 12184
7.11 6.39 4.93 7/3006 12212
7.11 6.39 4.93 5/3006 12239
7.11 6.39 4.93 3/3005 12266
7.11 6.39 4.93 10/3006 12294
7.26 6.43 4.95 8/3029 12346
7.26 6.43 4.95 14/3033 12379
7.26 6.43 4.95 10/3035 12409
7.26 6.43 4.95 2/3035 12436
7.26 6.43 4.95 10/3034 12463
7.08 6.41 4.95 4/3034 12490
7.08 6.41 4.95 6/3034 12521
7.08 6.41 4.95 4/3034 12548
7.08 6.41 4.95 6/3033 12575
7.08 6.41 4.95 11/3034 12603
7.07 6.42 4.96 7/3034 12630
7.07 6.42 4.96 8/3034 12658
7.07 6.42 4.96 6/3038 12690
7.07 6.42 4.96 6/3039 12718
7.07 6.42 4.96 7/3034 12745
6.99 6.41 4.97 9/3034 12772
6.99 6.41 4.97 14/3034 12801
6.99 6.41 4.97 6/3033 12828
6.99 6.41 4.97 8/3032 12855
6.99 6.41 4.97 7/3033 12883
7.07 6.44 4.98 5/3024 12910
7.07 6.44 4.98 3/3024 12938
7.07 6.44 4.98 2/3029 12970
7.07 6.44 4.98 10/3029 12998
7.07 6.44 4.98 5/3031 13028
6.82 6.40 4.98 9/3030 13055
6.82 6.40 4.98 3/3030 13083
6.82 6.40 4.98 9/3030 13110
6.82 6.40 4.98 5/3029 13137
6.82 6.40 4.98 4/3029 13164
6.76 6.39 4.98 3/3029 13191
6.76 6.39 4.98 10/3029 13219
6.76 6.39 4.98 12/3029 13246
6.76 6.39 4.98 3/3030 13274
6.76 6.39 4.98 14/3036 13308
6.54 6.35 4.98 4/3031 13335
6.54 6.35 4.98 4/3031 13363
6.54 6.35 4.98 3/3031 13390
6.54 6.35 4.98 4/3031 13417
6.54 6.35 4.98 7/3031 13445
6.41 6.33 4.98 7/3030 13472
6.41 6.33 4.98 3/3028 13500
6.41 6.33 4.98 5/3027 13527
6.41 6.33 4.98 11/3028 13555
6.41 6.33 4.98 8/3028 13583
6.30 6.31 4.98 9/3026 13610
6.30 6.31 4.98 7/3026 13638
6.30 6.31 4.98 7/3026 13665
6.30 6.31 4.98 15/3026 13696
6.30 6.31 4.98 4/3026 13731
6.52 6.35 5.00 4/3026 13764
6.52 6.35 5.00 8/3026 13797
6.52 6.35 5.00 9/3025 13829
6.52 6.35 5.00 7/3026 13857
6.52 6.35 5.00 4/3026 13884
6.79 6.41 5.03 9/3031 13917
6.79 6.41 5.03 7/3031 13945
6.79 6.41 5.03 10/3026 13972
6.79 6.41 5.03 2/3026 13999
6.79 6.41 5.03 3/3026 14026
6.81 6.42 5.04 11/3022 14053
6.81 6.42 5.04 9/3018 14081
6.81 6.42 5.04 2/3017 14108
6.81 6.42 5.04 9/3017 14140
6.81 6.42 5.04 13/3018 14168
6.99 6.47 5.06 16/3012 14208
6.99 6.47 5.06 4/3006 14241
6.99 6.47 5.06 5/3006 14269
6.99 6.47 5.06 3/3006 14296
6.99 6.47 5.06 8/3005 14323
6.75 6.42 5.06 5/3006 14361
6.75 6.42 5.06 6/3006 14390
6.75 6.42 5.06 5/3007 14418
6.75 6.42 5.06 6/3006 14446
6.75 6.42 5.06 4/3006 14473
6.45 6.37 5.04 5/3006 14500
6.45 6.37 5.04 6/3006 14529
6.45 6.37 5.04 10/3011 14561
6.45 6.37 5.04 11/3006 14588
6.45 6.37 5.04 5/3005 14615
6.17 6.31 5.03 1/3002 14647
6.17 6.31 5.03 2/3003 14676
6.17 6.31 5.03 2/3003 14703
6.17 6.31 5.03 3/3003 14730
6.17 6.31 5.03 3/3003 14757
5.92 6.26 5.02 8/3003 14784
5.92 6.26 5.02 8/3003 14816
5.92 6.26 5.02 3/3003 14845
5.92 6.26 5.02 8/3003 14874
5.92 6.26 5.02 3/3003 14903
5.60 6.18 5.00 3/3003 14930
5.60 6.18 5.00 7/3004 14959
5.60 6.18 5.00 7/3006 14988
5.60 6.18 5.00 1/3006 15015
5.60 6.18 5.00 7/3006 15043
5.23 6.10 4.98 7/3006 15070
5.23 6.10 4.98 5/3008 15102
5.23 6.10 4.98 5/3008 15130
5.23 6.10 4.98 9/3013 15162
5.23 6.10 4.98 5/3009 15192
5.21 6.08 4.98 7/3008 15224
5.21 6.08 4.98 4/3013 15259
5.21 6.08 4.98 9/3013 15286
5.21 6.08 4.98 9/3017 15326
5.21 6.08 4.98 11/3018 15370
6.56 6.34 5.08 4/3021 15430
6.56 6.34 5.08 7/3018 15483
6.56 6.34 5.08 5/3020 15525
6.56 6.34 5.08 6/3024 15580
6.56 6.34 5.08 2/3026 15619
6.27 6.29 5.06 4/3027 15647
6.27 6.29 5.06 2/3027 15676
6.27 6.29 5.06 5/3028 15717
6.27 6.29 5.06 6/3029 15751
6.27 6.29 5.06 8/3030 15791
6.49 6.33 5.09 6/3034 15825
6.49 6.33 5.09 8/3033 15854
6.49 6.33 5.09 2/3034 15886
6.49 6.33 5.09 5/3033 15914
6.49 6.33 5.09 7/3034 15944
6.45 6.33 5.09 14/3040 15978
6.45 6.33 5.09 12/3035 16006
6.45 6.33 5.09 6/3035 16037
6.45 6.33 5.09 11/3034 16064
6.45 6.33 5.09 8/3035 16092
6.42 6.32 5.10 8/3035 16120
6.42 6.32 5.10 9/3035 16148
6.42 6.32 5.10 9/3040 16180
6.42 6.32 5.10 6/3041 16213
6.42 6.32 5.10 2/3041 16240
6.62 6.37 5.12 13/3041 16267
6.62 6.37 5.12 4/3042 16296
6.62 6.37 5.12 3/3042 16323
6.62 6.37 5.12 8/3041 16350
6.62 6.37 5.12 6/3042 16378
6.49 6.34 5.12 7/3040 16406
6.49 6.34 5.12 5/3040 16436
6.49 6.34 5.12 7/3040 16467
6.49 6.34 5.12 2/3040 16495
6.49 6.34 5.12 9/3042 16525
6.21 6.29 5.10 13/3042 16552
6.21 6.29 5.10 5/3047 16585
6.21 6.29 5.10 10/3047 16612
6.21 6.29 5.10 5/3041 16639
6.21 6.29 5.10 8/3042 16667
6.28 6.30 5.11 8/3042 16694
6.28 6.30 5.11 10/3042 16723
6.28 6.30 5.11 9/3042 16750
6.28 6.30 5.11 8/3043 16778
6.28 6.30 5.11 9/3047 16809
6.01 6.25 5.10 9/3047 16836
6.01 6.25 5.10 9/3061 16878
6.01 6.25 5.10 5/3062 16906
6.01 6.25 5.10 4/3061 16935
6.01 6.25 5.10 8/3062 16963
6.25 6.29 5.12 6/3062 16990
6.25 6.29 5.12 4/3062 17018
6.25 6.29 5.12 4/3066 17051
6.25 6.29 5.12 7/3066 17078
6.25 6.29 5.12 13/3068 17107
5.99 6.24 5.11 3/3068 17134
5.99 6.24 5.11 2/3065 17162
5.99 6.24 5.11 4/3065 17189
5.99 6.24 5.11 21/3068 17221
5.99 6.24 5.11 8/3064 17249
6.07 6.25 5.12 8/3064 17276
6.07 6.25 5.12 4/3062 17304
6.07 6.25 5.12 4/3062 17331
6.07 6.25 5.12 6/3062 17363
6.07 6.25 5.12 5/3064 17404
6.07 6.25 5.13 9/3062 17431
6.07 6.25 5.13 2/3062 17459
6.07 6.25 5.13 5/3062 17486
6.07 6.25 5.13 12/3061 17513
6.07 6.25 5.13 5/3062 17541
6.46 6.32 5.16 6/3062 17572
6.46 6.32 5.16 8/3062 17600
6.46 6.32 5.16 10/3062 17627
6.46 6.32 5.16 4/3063 17656
6.46 6.32 5.16 2/3063 17683
6.59 6.35 5.17 3/3063 17711
6.59 6.35 5.17 10/3063 17739
6.59 6.35 5.17 3/3063 17766
6.59 6.35 5.17 9/3062 17793
6.59 6.35 5.17 10/3068 17827
8.06 6.66 5.28 15/3062 17854
8.06 6.66 5.28 10/3062 17882
8.06 6.66 5.28 11/3062 17909
8.06 6.66 5.28 6/3062 17936
8.06 6.66 5.28 7/3062 17964
7.90 6.65 5.29 5/3062 17992
7.90 6.65 5.29 2/3062 18020
7.90 6.65 5.29 10/3062 18048
7.90 6.65 5.29 17/3061 18084
7.90 6.65 5.29 7/3062 18112
7.98 6.69 5.31 6/3062 18140
7.98 6.69 5.31 8/3062 18169
7.98 6.69 5.31 4/3062 18196
7.98 6.69 5.31 5/3062 18224
7.98 6.69 5.31 8/3062 18251
7.75 6.66 5.30 7/3062 18279
7.75 6.66 5.30 6/3062 18307
7.75 6.66 5.30 9/3062 18334
7.75 6.66 5.30 9/3061 18361
7.75 6.66 5.30 10/3062 18389
7.52 6.63 5.30 5/3065 18419
7.52 6.63 5.30 5/3067 18449
7.52 6.63 5.30 8/3062 18476
7.52 6.63 5.30 13/3062 18503
7.52 6.63 5.30 10/3062 18530
7.80 6.71 5.33 3/3062 18558
7.80 6.71 5.33 2/3062 18586
7.80 6.71 5.33 4/3062 18613
7.80 6.71 5.33 7/3061 18640
7.80 6.71 5.33 7/3062 18668
8.14 6.79 5.37 10/3062 18695
8.14 6.79 5.37 14/3062 18723
8.14 6.79 5.37 4/3062 18750
8.14 6.79 5.37 5/3062 18777
8.14 6.79 5.37 14/3062 18804
8.13 6.81 5.38 4/3062 18831
8.13 6.81 5.38 6/3067 18867
8.13 6.81 5.38 9/3067 18894
8.13 6.81 5.38 9/3066 18922
8.13 6.81 5.38 14/3066 18949
7.80 6.77 5.37 9/3066 18977
7.80 6.77 5.37 8/3066 19005
7.80 6.77 5.37 12/3071 19038
7.80 6.77 5.37 11/3066 19069
7.80 6.77 5.37 2/3066 19104
7.73 6.77 5.38 6/3066 19137
7.73 6.77 5.38 2/3066 19165
7.73 6.77 5.38 4/3066 19193
7.73 6.77 5.38 8/3066 19220
7.73 6.77 5.38 7/3065 19247
8.00 6.84 5.41 5/3066 19275
8.00 6.84 5.41 16/3066 19303
8.00 6.84 5.41 4/3066 19330
8.00 6.84 5.41 4/3066 19357
8.00 6.84 5.41 9/3066 19384
7.59 6.78 5.40 4/3066 19411
7.59 6.78 5.40 7/3066 19439
7.59 6.78 5.40 5/3066 19467
7.59 6.78 5.40 7/3066 19494
7.59 6.78 5.40 6/3065 19521
7.47 6.77 5.40 9/3066 19549
7.47 6.77 5.40 7/3066 19577
7.47 6.77 5.40 2/3066 19604
7.47 6.77 5.40 8/3070 19635
7.47 6.77 5.40 15/3071 19663
7.03 6.69 5.39 9/3066 19690
7.03 6.69 5.39 4/3066 19718
7.03 6.69 5.39 12/3066 19745
7.03 6.69 5.39 10/3066 19773
7.03 6.69 5.39 4/3065 19800
7.03 6.69 5.39 9/3066 19840
7.03 6.69 5.39 12/3065 19868
7.03 6.69 5.39 6/3065 19895
7.03 6.69 5.39 2/3065 19922
7.03 6.69 5.39 7/3066 19950
6.62 6.61 5.38 7/3066 19978
6.62 6.61 5.38 9/3066 20006
6.62 6.61 5.38 8/3066 20033
6.62 6.61 5.38 16/3070 20064
6.62 6.61 5.38 7/3068 20094
6.49 6.59 5.37 14/3069 20123
6.49 6.59 5.37 7/3069 20151
6.49 6.59 5.37 5/3069 20178
6.49 6.59 5.37 5/3069 20205
6.49 6.59 5.37 5/3069 20232
6.21 6.53 5.36 13/3074 20264
6.21 6.53 5.36 2/3069 20292
6.21 6.53 5.36 2/3069 20319
6.21 6.53 5.36 5/3069 20346
6.21 6.53 5.36 12/3068 20374
6.20 6.52 5.36 8/3069 20403
6.20 6.52 5.36 12/3069 20433
6.20 6.52 5.36 5/3069 20460
6.20 6.52 5.36 5/3069 20488
6.20 6.52 5.36 8/3069 20515
6.42 6.56 5.38 4/3071 20559
6.42 6.56 5.38 9/3067 20587
6.42 6.56 5.38 5/3067 20615
6.42 6.56 5.38 9/3067 20642
6.42 6.56 5.38 11/3066 20669
6.79 6.63 5.41 7/3067 20698
6.79 6.63 5.41 3/3065 20726
6.79 6.63 5.41 4/3065 20753
6.79 6.63 5.41 14/3065 20788
6.79 6.63 5.41 5/3065 20815
6.48 6.57 5.40 10/3065 20846
6.48 6.57 5.40 8/3070 20880
6.48 6.57 5.40 8/3070 20909
6.48 6.57 5.40 5/3065 20936
6.48 6.57 5.40 15/3064 20963
6.61 6.60 5.41 5/3065 20991
6.61 6.60 5.41 4/3065 21020
6.61 6.60 5.41 6/3065 21047
6.61 6.60 5.41 6/3065 21074
6.61 6.60 5.41 12/3065 21101
6.48 6.57 5.41 5/3065 21128
6.48 6.57 5.41 10/3065 21156
6.48 6.57 5.41 5/3050 21187
6.48 6.57 5.41 8/3050 21214
6.48 6.57 5.41 5/3049 21241
6.68 6.61 5.43 13/3057 21278
6.68 6.61 5.43 5/3043 21307
6.68 6.61 5.43 5/3049 21342
6.68 6.61 5.43 4/3049 21372
6.68 6.61 5.43 7/3050 21400
6.38 6.55 5.42 6/3050 21427
6.38 6.55 5.42 3/3050 21455
6.38 6.55 5.42 2/3029 21482
6.38 6.55 5.42 3/3033 21514
6.38 6.55 5.42 5/3027 21541
6.43 6.56 5.43 5/3003 21575
6.43 6.56 5.43 4/3003 21603
6.43 6.56 5.43 7/2987 21631
6.43 6.56 5.43 9/2987 21658
6.43 6.56 5.43 4/2987 21685
6.40 6.55 5.43 7/2987 21712
6.40 6.55 5.43 4/2987 21740
6.40 6.55 5.43 7/2987 21768
6.40 6.55 5.43 8/2986 21795
6.40 6.55 5.43 4/2985 21822
6.13 6.49 5.42 7/2985 21849
6.13 6.49 5.42 2/2986 21878
6.13 6.49 5.42 5/2986 21905
6.13 6.49 5.42 4/2986 21933
6.13 6.49 5.42 7/2986 21960
5.96 6.45 5.41 6/2986 21994
5.96 6.45 5.41 6/2986 22022
5.96 6.45 5.41 9/2990 22066
5.96 6.45 5.41 10/2987 22117
5.96 6.45 5.41 13/2991 22149
5.64 6.37 5.39 5/2990 22177
5.64 6.37 5.39 4/2986 22207
5.64 6.37 5.39 11/2986 22234
5.64 6.37 5.39 16/2986 22262
5.64 6.37 5.39 5/2986 22289
6.55 6.55 5.45 6/2985 22316
6.55 6.55 5.45 8/2992 22357
6.55 6.55 5.45 9/2992 22392
6.55 6.55 5.45 1/2991 22419
6.55 6.55 5.45 4/2990 22447
6.66 6.57 5.47 4/2988 22475
6.66 6.57 5.47 5/2983 22508
6.66 6.57 5.47 13/2983 22536
6.66 6.57 5.47 8/2981 22567
6.66 6.57 5.47 5/2981 22602
6.45 6.53 5.46 2/2981 22629
6.45 6.53 5.46 10/2982 22659
6.45 6.53 5.46 2/2982 22688
6.45 6.53 5.46 3/2982 22718
6.45 6.53 5.46 12/2992 22783
6.66 6.57 5.48 6/2985 22840
6.66 6.57 5.48 13/2991 22875
6.66 6.57 5.48 7/2987 22904
6.66 6.57 5.48 17/2989 22937
6.66 6.57 5.48 8/2959 22971
6.60 6.56 5.48 5/2952 23001
6.60 6.56 5.48 2/2950 23034
6.60 6.56 5.48 4/2950 23062
6.60 6.56 5.48 6/2950 23089
6.60 6.56 5.48 2/2950 23116
6.47 6.54 5.48 3/2948 23143
6.47 6.54 5.48 6/2948 23171
6.47 6.54 5.48 3/2945 23198
6.47 6.54 5.48 3/2945 23225
6.47 6.54 5.48 6/2946 23255
6.12 6.46 5.46 5/2943 23283
6.12 6.46 5.46 5/2943 23311
6.12 6.46 5.46 3/2941 23338
6.12 6.46 5.46 14/2941 23365
6.12 6.46 5.46 5/2941 23392
6.03 6.44 5.46 7/2941 23419
6.03 6.44 5.46 4/2941 23447
6.03 6.44 5.46 6/2946 23479
6.03 6.44 5.46 2/2941 23506
6.03 6.44 5.46 3/2941 23533
6.26 6.48 5.48 7/2940 23560
6.26 6.48 5.48 5/2940 23589
6.26 6.48 5.48 7/2940 23616
6.26 6.48 5.48 7/2940 23643
6.26 6.48 5.48 5/2940 23670
6.16 6.45 5.47 8/2940 23697
6.16 6.45 5.47 5/2940 23725
6.16 6.45 5.47 7/2940 23752
6.16 6.45 5.47 8/2941 23780
6.16 6.45 5.47 2/2941 23807
6.07 6.43 5.47 9/2941 23834
6.07 6.43 5.47 3/2941 23862
6.07 6.43 5.47 4/2941 23890
6.07 6.43 5.47 6/2941 23917
6.07 6.43 5.47 6/2941 23944
6.22 6.46 5.48 3/2941 23971
6.22 6.46 5.48 6/2941 23999
6.22 6.46 5.48 3/2943 24028
6.22 6.46 5.48 5/2947 24059
6.22 6.46 5.48 9/2948 24087
5.89 6.38 5.46 5/2943 24114
5.89 6.38 5.46 2/2940 24142
5.89 6.38 5.46 5/2942 24175
5.89 6.38 5.46 2/2941 24202
5.89 6.38 5.46 1/2941 24229
5.49 6.29 5.44 2/2941 24258
5.49 6.29 5.44 6/2939 24286
5.49 6.29 5.44 5/2939 24313
5.49 6.29 5.44 3/2939 24344
5.49 6.29 5.44 5/2939 24379
5.45 6.27 5.44 4/2939 24411
5.45 6.27 5.44 4/2939 24439
5.45 6.27 5.44 3/2939 24466
5.45 6.27 5.44 3/2939 24494
5.45 6.27 5.44 2/2940 24522
5.50 6.27 5.44 9/2940 24549
5.50 6.27 5.44 2/2940 24577
5.50 6.27 5.44 3/2940 24604
5.50 6.27 5.44 9/2939 24631
5.50 6.27 5.44 9/2939 24658
5.38 6.23 5.43 4/2951 24717
5.38 6.23 5.43 9/2946 24745
5.38 6.23 5.43 7/2946 24772
5.38 6.23 5.43 3/2946 24800
5.38 6.23 5.43 1/2946 24829
5.19 6.17 5.42 9/2946 24856
5.19 6.17 5.42 9/2946 24884
5.19 6.17 5.42 3/2946 24911
5.19 6.17 5.42 3/2945 24938
5.19 6.17 5.42 5/2945 24965
5.41 6.21 5.43 5/2945 24992
5.41 6.21 5.43 9/2945 25020
5.41 6.21 5.43 8/2945 25047
5.41 6.21 5.43 4/2945 25074
5.41 6.21 5.43 4/2946 25105
5.14 6.14 5.42 3/2945 25142
5.14 6.14 5.42 5/2945 25170
5.14 6.14 5.42 5/2945 25197
5.14 6.14 5.42 2/2944 25224
5.14 6.14 5.42 4/2944 25251
5.37 6.17 5.43 11/2944 25278
5.37 6.17 5.43 7/2948 25310
5.37 6.17 5.43 3/2949 25338
5.37 6.17 5.43 3/2944 25365
5.37 6.17 5.43 3/2944 25392
5.26 6.13 5.42 2/2944 25420
5.26 6.13 5.42 4/2944 25448
5.26 6.13 5.42 12/2944 25475
5.26 6.13 5.42 6/2944 25502
5.26 6.13 5.42 5/2944 25529
5.08 6.08 5.41 5/2944 25556
5.08 6.08 5.41 6/2944 25584
5.08 6.08 5.41 2/2934 25611
5.08 6.08 5.41 2/2934 25638
5.08 6.08 5.41 10/2934 25665
4.99 6.04 5.40 7/2935 25695
