1115.12 3140.04
1117.38 3146.88
1119.34 3152.71
1121.34 3158.84
1123.30 3164.71
1125.32 3170.73
1127.32 3176.87
1129.29 3182.82
1131.39 3189.16
1133.32 3195.04
1135.37 3201.23
1137.35 3206.92
1139.37 3212.86
1141.36 3218.89
1143.29 3224.67
1145.49 3231.35
1147.60 3237.58
1149.51 3243.31
1151.40 3249.06
1153.54 3255.35
1155.45 3261.04
1157.66 3267.61
1160.71 3276.88
1163.41 3285.16
1166.51 3294.37
1168.39 3300.06
1170.45 3306.28
1172.50 3312.52
1174.39 3317.97
1176.44 3324.99
1178.37 3331.46
1180.44 3338.28
1182.44 3344.00
1184.34 3349.83
1186.47 3356.24
1188.51 3361.17
1190.47 3366.60
1192.45 3372.21
1194.32 3377.53
1196.36 3383.04
1198.50 3386.58
1200.33 3392.74
1202.60 3401.56
1204.65 3409.98
1206.27 3416.72
1208.28 3424.94
1210.32 3433.48
1212.31 3442.20
1214.27 3450.66
1216.32 3459.57
1218.45 3469.11
1220.37 3477.63
1222.30 3485.97
1224.36 3495.38
1226.29 3504.15
1228.26 3512.27
1230.41 3521.88
1232.42 3530.91
1234.27 3539.10
1236.29 3547.95
1238.42 3557.53
1240.32 3565.88
1242.31 3574.87
1244.33 3583.81
1246.29 3592.42
1248.32 3601.20
1250.29 3607.94
1252.28 3610.03
1254.26 3615.87
1256.26 3620.81
1258.27 3627.14
1260.26 3633.10
1262.29 3639.09
1264.33 3643.55
1266.32 3648.98
1268.29 3656.66
1270.30 3664.60
1272.27 3672.78
1274.29 3681.50
1276.26 3690.01
1278.27 3698.93
1280.27 3707.51
1282.28 3716.33
1284.29 3725.19
1286.31 3734.09
1288.29 3742.87
1290.34 3751.87
1292.31 3760.66
1294.29 3769.43
1296.28 3778.25
1298.26 3787.07
1300.27 3795.91
1302.28 3804.88
1304.27 3813.66
1306.28 3822.46
1308.31 3831.53
1310.29 3840.16
1312.30 3848.12
1314.27 3856.14
1316.35 3864.66
1318.32 3873.12
1320.25 3881.55
1322.30 3890.46
1324.29 3899.17
1326.28 3908.00
1328.31 3916.98
1330.29 3925.68
1332.28 3934.37
1334.28 3943.05
1336.26 3951.69
1338.26 3960.58
1340.34 3969.71
1342.27 3978.21
1344.27 3986.96
1346.29 3995.85
1348.28 4004.62
1350.27 4013.33
1352.27 4022.18
1354.29 4031.04
1356.28 4039.73
1358.27 4048.61
1360.32 4057.60
1362.28 4066.33
1364.29 4075.10
1366.29 4083.85
1368.28 4092.65
1370.29 4101.47
1372.28 4109.79
1374.32 4117.80
1376.32 4125.78
1378.28 4133.92
1380.27 4142.33
1382.32 4151.40
1384.30 4160.03
1386.32 4168.63
1388.50 4177.92
1390.34 4185.71
1392.30 4193.51
1394.28 4201.61
1396.28 4210.05
1398.27 4218.78
1400.28 4227.40
1402.27 4236.10
1404.28 4244.97
1406.29 4253.79
1408.29 4262.59
1410.32 4271.42
1412.30 4280.13
1414.30 4288.96
1416.31 4297.85
1418.31 4306.65
1420.28 4315.23
1422.28 4324.02
1424.28 4331.66
1426.27 4338.68
1428.30 4344.17
1430.29 4346.92
1432.31 4351.48
1434.27 4356.23
1436.29 4361.78
1438.27 4367.65
1440.25 4372.48
1442.29 4377.77
1444.28 4383.93
1446.26 4390.05
1448.29 4396.06
1450.28 4402.34
1452.31 4408.14
1454.27 4414.52
1456.27 4420.77
1458.29 4427.31
1460.31 4433.47
1462.29 4439.46
1464.28 4445.18
1466.30 4450.98
1468.28 4456.89
1470.26 4462.98
1472.29 4469.26
1474.30 4475.16
1476.34 4481.48
1478.30 4487.53
1480.32 4493.31
1482.35 4499.61
1484.33 4505.38
1486.33 4511.44
1488.36 4516.47
1490.40 4521.96
1492.39 4527.13
1494.33 4531.88
1496.36 4537.53
1498.47 4543.10
1500.43 4547.93
1502.35 4553.14
1504.46 4559.91
1506.45 4565.48
1508.29 4570.24
1510.39 4574.91
1512.36 4580.65
1514.36 4585.33
1516.38 4590.81
1518.34 4596.46
1520.35 4601.60
1522.34 4607.24
1525.37 4616.12
1527.40 4621.39
1529.45 4626.69
1531.30 4631.81
1533.31 4637.98
1535.29 4643.75
1537.29 4648.95
1539.27 4655.19
1541.30 4661.02
1543.31 4666.49
1545.29 4671.15
1547.36 4676.89
1549.32 4681.46
1551.31 4687.10
1553.23 4692.64
1555.31 4698.85
1557.35 4703.10
1559.30 4708.35
1561.31 4713.57
1563.24 4717.21
1565.31 4721.93
1567.32 4726.21
1569.39 4730.72
1571.33 4735.51
1573.34 4740.75
1575.31 4744.54
1577.27 4749.49
1579.29 4754.57
1581.28 4759.02
1583.29 4763.65
1585.26 4768.86
1587.26 4773.90
1589.31 4778.23
1591.29 4782.16
1593.33 4786.83
1595.36 4791.82
1597.32 4796.84
1599.30 4802.01
1601.32 4806.81
1603.34 4811.21
1605.32 4815.92
1607.34 4820.96
1609.30 4825.75
1611.36 4830.23
1613.32 4835.04
1615.36 4839.73
1617.39 4843.94
1619.22 4846.94
1621.27 4851.22
1623.28 4856.52
1625.33 4862.82
1627.24 4868.33
1629.30 4874.35
1631.29 4880.26
1633.40 4886.62
1635.40 4893.29
1637.31 4899.56
1639.26 4905.41
1641.32 4911.36
1643.32 4917.23
1645.30 4922.75
1647.29 4928.50
1649.31 4934.58
1651.26 4940.46
1653.25 4946.26
1655.30 4952.57
1657.30 4957.89
1659.30 4962.38
1661.30 4967.99
1663.33 4973.53
1665.29 4979.17
1667.36 4984.25
1669.35 4989.51
1671.28 4995.35
1673.30 5001.52
1675.30 5007.71
1677.27 5013.90
1679.27 5019.98
1681.30 5026.20
1683.27 5032.50
1685.31 5038.90
1687.36 5045.02
1689.28 5050.47
1691.34 5055.73
1693.29 5061.00
1695.27 5066.82
1697.29 5072.28
1699.27 5077.75
1701.26 5083.51
1703.20 5089.18
1705.26 5094.48
1707.29 5099.96
1709.32 5105.85
1711.26 5111.19
1713.29 5116.83
1715.24 5122.48
1717.22 5128.63
1719.29 5134.37
1721.31 5140.28
1723.19 5145.94
1724.23 5149.01
1726.21 5155.12
1727.25 5157.88
1729.28 5163.92
1731.26 5169.31
1733.26 5174.64
1735.28 5180.11
1737.28 5185.28
1739.25 5190.40
1741.32 5195.66
1743.32 5201.60
1745.28 5207.15
1747.31 5212.64
1749.31 5217.93
1751.30 5222.88
1753.29 5228.05
1755.32 5234.59
1757.28 5241.09
1759.37 5248.01
1761.22 5254.03
1763.34 5261.12
1765.39 5267.49
1767.34 5274.20
1769.30 5279.91
1771.32 5285.83
1773.29 5291.40
1775.30 5296.90
1777.28 5301.85
1779.32 5308.21
1781.28 5313.63
1783.34 5319.23
1785.29 5324.27
1787.30 5329.16
1789.31 5333.79
1829.14 5441.70
1830.32 5445.61
1832.24 5451.78
1834.26 5458.12
1836.25 5464.50
1838.48 5471.45
1840.39 5477.22
1842.28 5483.09
1844.28 5489.24
1846.28 5495.49
1848.30 5501.88
1850.30 5508.14
1852.33 5514.41
1854.33 5520.81
1856.32 5527.10
1858.31 5533.41
1860.30 5539.56
1862.29 5545.60
1864.29 5551.91
1866.30 5557.77
1868.30 5564.17
1870.29 5570.01
1872.29 5575.77
1874.27 5582.16
1876.31 5586.34
1878.30 5593.16
1880.28 5600.90
1882.28 5609.37
1884.29 5618.13
1886.29 5627.01
1888.29 5635.92
1890.29 5644.78
1892.30 5653.73
1894.29 5662.67
1896.28 5671.50
1898.29 5680.54
1900.30 5688.13
1902.29 5694.67
1904.28 5696.51
1906.29 5701.82
1908.29 5707.76
1910.28 5715.47
1912.31 5723.64
1914.28 5731.97
1916.32 5740.87
1918.31 5749.56
1920.33 5758.43
1922.29 5767.12
1924.30 5776.01
1926.30 5784.45
1928.32 5790.87
1930.32 5792.43
1932.29 5796.98
1934.30 5803.17
1936.34 5810.03
1938.32 5816.63
1940.29 5821.66
1942.29 5827.19
1944.29 5833.56
1946.29 5839.91
1948.32 5846.68
1950.30 5853.49
1952.30 5859.39
1954.32 5865.49
1956.31 5871.39
1958.32 5877.59
1960.28 5883.33
1962.30 5889.10
1964.28 5894.97
1966.30 5901.02
1968.30 5906.98
1970.29 5913.20
1972.29 5919.39
1974.33 5926.03
1976.29 5932.21
1978.31 5936.92
1980.30 5941.87
1982.31 5947.47
1984.29 5953.67
1986.30 5959.77
1988.29 5965.65
1990.29 5970.43
1992.29 5975.61
1994.30 5980.57
1996.30 5984.73
1998.30 5989.38
2000.32 5995.03
2002.30 6000.63
2004.29 6006.20
2006.32 6011.17
2008.32 6014.46
2010.30 6019.85
2012.33 6026.19
2014.28 6030.95
2016.27 6036.48
2018.37 6042.03
2020.34 6047.97
2022.37 6052.65
2024.31 6057.51
2026.33 6063.27
2028.40 6068.98
2030.38 6074.06
2032.32 6078.85
2034.31 6084.48
2036.31 6090.37
2038.33 6095.59
2040.29 6101.24
2042.32 6106.89
2044.29 6112.17
2046.29 6116.26
2048.30 6121.41
2050.31 6126.91
2052.31 6132.36
2054.30 6136.49
2056.28 6141.29
2058.30 6147.04
2060.31 6152.72
2062.29 6157.99
2064.31 6163.12
2066.31 6168.86
2068.31 6173.48
2070.31 6178.67
2072.30 6183.53
2074.31 6188.04
2076.28 6193.79
2078.31 6199.80
2080.31 6205.95
2082.29 6210.72
2084.29 6216.35
2086.33 6221.78
2088.31 6227.70
2090.35 6233.84
2092.31 6239.93
2094.30 6246.27
2096.31 6252.76
2098.33 6259.01
2100.29 6264.83
2102.29 6270.53
2104.31 6276.53
2106.30 6282.36
2108.30 6288.57
2110.29 6293.96
2112.35 6299.30
2114.30 6303.83
2116.30 6309.63
2118.32 6315.55
2120.28 6320.46
2122.33 6326.24
2124.40 6331.56
2126.39 6337.39
2128.29 6342.36
2130.31 6347.78
2132.30 6353.06
2134.30 6358.18
2136.29 6363.16
2138.29 6367.67
2140.40 6372.95
2142.42 6377.54
2144.36 6381.62
2146.38 6385.79
2148.35 6390.44
2150.46 6395.37
2152.35 6400.33
2154.39 6404.70
2156.32 6408.27
2158.30 6412.82
2160.38 6417.43
2162.52 6423.21
2164.43 6427.80
2166.38 6432.38
2168.37 6437.48
2170.39 6442.29
2172.40 6447.22
2174.32 6451.25
2176.38 6456.63
2178.30 6462.01
2180.35 6467.81
2182.37 6473.74
2184.36 6479.30
2186.44 6484.98
2188.36 6489.99
2190.37 6495.15
2192.44 6499.84
2194.33 6504.35
2196.34 6510.18
2198.33 6515.16
2200.40 6519.95
2202.48 6525.00
2204.30 6530.62
2206.31 6536.18
2208.30 6541.31
2210.30 6547.08
2212.57 6553.71
2214.32 6558.00
2216.43 6563.11
2218.42 6568.24
2220.34 6572.18
2222.38 6576.68
2224.38 6581.36
2226.32 6586.50
2228.35 6592.91
2230.33 6599.03
2232.54 6605.58
2234.40 6610.15
2236.36 6615.46
2238.38 6620.70
2240.41 6625.50
2242.39 6630.69
2244.38 6636.93
2246.35 6641.82
2248.31 6646.51
2250.30 6650.75
2252.33 6656.28
2254.32 6660.79
2256.31 6664.71
2258.32 6669.25
2260.30 6674.26
2262.31 6678.70
2264.31 6683.47
2266.31 6688.49
2268.31 6693.08
2270.30 6698.73
2272.29 6704.33
2274.30 6709.33
2276.32 6714.11
2278.31 6719.07
2280.30 6724.21
2282.31 6729.13
2284.32 6734.40
2286.29 6738.78
2288.29 6744.42
2290.30 6750.08
2292.31 6755.13
2294.32 6758.82
2296.34 6763.99
2298.32 6769.62
2300.31 6774.92
2302.33 6780.44
2304.30 6784.88
2306.31 6790.93
2308.36 6796.89
2310.32 6803.55
2312.30 6809.80
2314.32 6817.01
2316.33 6823.32
2318.32 6828.78
2320.30 6832.95
2322.29 6837.76
2324.31 6843.01
2326.30 6847.05
2328.29 6852.13
2330.29 6856.89
2332.31 6861.85
2334.31 6867.81
2336.33 6873.39
2338.32 6877.57
2340.31 6882.39
2342.31 6887.42
2344.31 6892.16
2346.32 6897.12
2348.29 6903.33
2350.32 6908.79
2352.31 6913.00
2354.32 6917.46
2356.31 6922.58
2358.31 6927.31
2360.31 6931.62
2362.30 6936.45
2364.31 6941.23
2366.29 6946.09
2368.30 6951.06
2370.32 6955.80
2372.32 6960.51
2374.31 6965.04
2376.31 6969.55
2378.30 6974.05
2380.32 6978.46
2382.30 6982.70
2384.32 6988.06
2386.32 6993.96
2388.31 6999.45
2390.31 7005.21
2392.32 7011.05
2394.30 7017.32
2396.29 7023.22
2398.29 7027.93
2400.35 7033.86
2402.32 7037.66
2404.30 7042.33
2406.32 7047.06
2408.30 7052.45
2410.30 7056.53
2412.30 7060.82
2414.31 7065.39
2416.30 7070.86
2418.32 7076.11
2420.32 7081.36
2422.32 7085.95
2424.30 7090.59
2426.30 7095.46
2428.32 7099.48
2430.33 7105.56
2432.32 7111.78
2434.32 7117.98
2436.31 7123.95
2438.29 7127.97
2440.31 7132.31
2442.32 7137.62
2444.31 7143.00
2446.31 7148.38
2448.32 7154.05
2450.30 7160.39
2452.32 7167.01
2454.31 7173.38
2456.29 7179.58
2458.30 7185.77
2460.31 7191.08
2462.31 7196.91
2464.32 7202.83
2466.30 7208.22
2468.33 7213.62
2470.32 7218.69
2472.32 7224.77
2474.30 7230.19
2476.32 7235.80
2478.29 7242.18
2480.30 7247.72
2482.29 7253.42
2484.31 7259.35
2486.29 7265.93
2488.30 7271.46
2490.33 7277.22
2492.29 7282.73
2494.32 7288.28
2496.30 7293.96
2498.33 7299.66
2500.30 7305.39
2502.28 7311.24
2504.29 7317.42
2506.32 7322.87
2508.30 7328.58
2510.31 7333.49
2512.31 7338.98
2514.29 7343.13
2516.30 7347.54
2518.32 7352.03
2520.34 7357.78
2522.33 7362.61
2524.30 7367.58
2526.30 7373.20
2528.31 7379.41
2530.29 7384.21
2532.32 7389.32
2534.32 7393.53
2536.31 7398.51
2538.32 7403.92
2540.32 7408.59
2542.32 7413.92
2544.34 7419.70
2546.32 7425.07
2548.31 7431.02
2550.30 7435.39
2552.34 7439.93
2554.33 7444.51
2556.31 7449.08
2558.30 7454.01
2560.31 7458.09
2562.30 7463.83
2564.30 7469.37
2566.32 7474.72
2568.32 7480.27
2570.31 7485.56
2572.30 7491.24
2574.31 7496.63
2576.31 7501.84
2578.31 7507.10
2580.30 7511.76
2582.32 7516.11
2584.31 7521.85
2586.30 7526.53
2588.31 7532.29
2590.30 7536.90
2592.32 7541.51
2594.32 7546.61
2596.31 7550.80
2598.33 7555.14
2600.28 7559.85
2602.32 7564.49
2604.30 7569.63
2606.30 7573.19
2608.30 7577.59
2610.30 7582.44
2612.33 7587.70
2614.32 7593.29
2616.29 7598.42
2618.32 7603.67
2620.33 7609.01
2622.31 7614.32
2624.31 7618.27
2626.30 7622.59
2628.29 7627.56
2630.32 7631.38
2632.31 7635.61
2634.32 7641.14
2636.29 7645.14
2638.32 7650.48
2640.31 7654.98
2642.31 7659.51
2644.32 7665.09
2646.31 7669.56
2648.31 7673.58
2650.32 7678.29
2652.31 7682.61
2654.31 7688.08
2656.32 7691.88
2658.33 7696.18
2660.32 7701.24
2662.33 7705.97
2664.32 7710.84
2666.30 7715.94
2668.35 7720.13
2670.30 7724.68
2672.30 7729.79
2674.32 7735.24
2676.33 7739.41
2678.35 7744.64
2680.32 7748.79
2682.31 7753.39
2684.31 7758.19
2686.30 7763.78
2688.32 7768.96
2690.30 7774.46
2692.32 7779.21
2694.31 7783.51
2696.33 7788.51
2698.33 7793.51
2700.31 7799.25
2702.32 7803.02
2704.31 7807.37
2706.32 7812.15
2708.32 7818.03
2710.30 7822.84
2712.31 7828.24
2714.33 7833.08
2716.31 7837.69
2718.32 7842.84
2720.32 7848.43
2722.31 7853.43
2724.32 7859.62
2726.35 7865.16
2728.34 7870.89
2730.33 7876.30
2732.34 7882.43
2734.33 7888.02
2736.31 7893.85
2738.31 7898.97
2740.32 7904.78
2742.32 7909.63
2744.32 7914.87
2746.33 7920.63
2748.31 7926.77
2750.31 7932.71
2752.31 7938.84
2754.32 7944.52
2756.34 7950.24
2758.31 7955.24
2760.31 7960.88
2762.32 7966.37
2764.34 7972.57
2766.32 7977.46
2768.32 7982.82
2770.33 7987.19
2772.32 7991.85
2774.32 7996.84
2776.33 8002.59
2778.33 8007.48
2780.33 8012.94
2782.32 8017.79
2784.32 8023.45
2786.30 8028.34
2788.33 8034.01
2790.30 8038.97
2792.31 8044.97
2794.32 8049.94
2796.30 8055.48
2798.32 8060.54
2800.31 8066.15
2802.32 8071.63
2804.32 8077.51
2806.31 8082.40
2808.32 8086.38
2810.32 8091.14
2812.31 8095.13
2814.31 8100.00
2816.32 8104.92
2818.31 8109.58
2820.33 8113.60
2822.32 8117.48
2824.32 8121.35
2826.32 8125.48
2828.31 8129.71
2830.31 8133.90
2832.33 8140.02
2834.31 8145.02
2836.31 8149.44
2838.31 8154.27
2840.33 8160.55
2842.31 8166.21
2844.31 8171.62
2846.31 8177.34
2848.32 8185.24
2850.32 8192.64
2852.31 8200.23
2854.31 8208.65
2856.31 8217.18
2858.33 8225.98
2860.30 8234.55
2862.36 8243.41
2864.32 8251.96
2866.33 8260.65
2868.32 8269.39
2870.32 8278.14
2872.31 8286.83
2874.31 8295.62
2876.31 8304.28
2878.34 8313.18
2880.31 8321.44
2882.33 8330.12
2884.31 8338.61
2886.31 8347.20
2888.31 8355.83
2890.32 8364.40
2892.33 8372.77
2894.31 8381.40
2896.33 8390.05
2898.31 8398.51
2900.31 8407.06
2902.31 8415.58
2904.32 8424.25
2906.31 8432.89
2908.30 8441.53
2910.32 8449.53
2912.33 8457.66
2914.32 8466.46
2916.32 8475.14
2918.32 8483.85
2920.30 8492.65
2922.31 8501.42
2924.31 8510.27
2926.31 8519.13
2928.33 8528.08
2930.32 8536.93
2932.32 8544.77
2934.32 8549.47
2936.31 8550.90
2938.31 8555.09
2940.33 8559.61
2942.32 8564.43
2944.33 8570.20
2946.32 8575.24
2948.32 8580.95
2950.32 8586.69
2952.32 8592.71
2954.34 8598.29
2956.31 8603.79
2958.34 8610.08
2960.31 8615.65
2962.31 8621.31
2964.33 8626.28
2966.32 8632.28
2968.30 8638.66
2970.34 8644.85
2972.33 8650.48
2974.33 8655.22
2976.32 8660.94
2978.32 8667.06
2980.35 8673.05
2982.30 8678.05
2984.39 8684.10
2986.34 8688.34
2988.31 8693.43
2990.32 8698.31
2992.33 8703.02
2994.32 8708.03
2996.30 8712.54
2998.34 8717.64
3000.33 8721.78
3002.31 8725.99
3004.34 8730.93
3006.30 8735.74
3008.36 8741.06
3010.32 8745.71
3012.33 8751.45
3014.32 8755.41
3016.32 8760.18
3018.32 8764.81
3020.31 8769.36
3022.36 8775.31
3024.35 8779.65
3026.34 8785.01
3028.32 8789.87
3030.36 8795.21
3032.32 8800.65
3034.31 8805.03
3036.32 8809.67
3038.33 8814.45
3040.33 8819.22
3042.34 8823.51
3044.34 8828.89
3046.31 8833.75
3048.33 8839.41
3050.32 8843.77
3052.32 8848.52
3054.33 8852.01
3056.32 8857.38
3058.32 8861.97
3060.34 8867.89
3062.32 8871.88
3064.33 8876.23
3066.32 8880.69
3068.34 8886.36
3070.32 8890.54
3072.32 8895.28
3074.32 8900.08
3076.32 8905.46
3078.33 8910.35
3080.34 8915.61
3082.31 8920.53
3084.32 8925.98
3086.32 8930.38
3088.33 8935.02
3090.34 8938.99
3092.34 8942.57
3094.33 8947.00
3096.31 8951.73
3098.33 8957.43
3100.31 8961.93
3102.32 8967.65
3104.35 8973.31
3106.37 8979.19
3108.33 8984.72
3110.34 8990.67
3112.33 8996.03
3114.32 9001.14
3116.31 9006.42
3118.32 9011.14
3120.33 9017.53
3122.33 9023.64
3124.35 9029.74
3126.31 9035.92
3128.33 9042.21
3130.31 9048.08
3132.31 9053.65
3134.31 9059.74
3136.33 9065.83
3138.33 9071.23
3140.33 9076.49
3142.44 9081.59
3144.36 9087.12
3146.32 9092.45
3148.34 9098.05
3150.32 9103.14
3152.36 9107.89
3154.33 9112.58
3156.34 9117.85
3158.31 9122.99
3160.33 9128.41
3162.33 9133.32
3164.32 9138.69
3166.32 9144.28
3168.32 9148.36
3170.32 9153.83
3172.35 9158.76
3174.33 9163.50
3176.34 9169.46
3178.32 9175.20
3180.33 9180.26
3182.36 9185.64
3184.51 9191.36
3186.38 9195.71
3188.34 9199.69
3190.44 9205.03
3192.52 9210.00
3194.61 9215.49
3196.40 9219.26
3198.64 9224.88
3200.46 9228.91
3202.51 9234.09
3204.42 9239.72
3206.44 9245.40
3208.62 9251.06
3210.62 9256.37
3212.61 9262.22
3214.46 9267.70
3216.63 9273.80
3218.38 9278.98
3220.55 9284.06
3222.62 9289.54
3224.61 9293.17
3226.46 9298.35
3228.43 9304.10
3230.44 9309.49
3232.59 9314.58
3234.56 9319.68
3236.47 9324.03
3238.41 9328.93
3240.56 9335.34
3242.35 9340.36
3244.41 9344.56
3246.46 9350.27
3248.38 9354.91
3250.44 9360.78
3252.38 9365.28
3254.38 9370.04
3256.38 9375.09
3258.38 9380.27
3260.39 9386.35
3262.39 9392.46
3264.40 9398.38
3266.34 9403.43
3268.39 9409.71
3270.34 9415.80
3272.33 9421.25
3274.37 9427.41
3276.33 9433.53
3278.31 9438.42
3280.32 9444.01
3282.32 9449.99
3284.32 9454.68
3286.33 9459.09
3288.34 9464.91
3290.31 9470.91
3292.33 9476.17
3294.33 9481.64
3296.32 9486.64
3298.32 9491.26
3300.33 9496.92
3302.35 9502.66
3304.34 9507.60
3306.33 9512.18
3308.32 9517.63
3310.32 9523.68
3312.34 9527.93
3314.33 9532.51
3316.33 9536.80
3318.37 9541.07
3320.34 9546.13
3322.33 9550.03
3324.35 9554.30
3326.37 9558.46
3328.34 9563.85
3330.34 9569.17
3332.31 9574.39
3334.32 9579.32
3336.32 9584.34
3338.33 9589.52
3340.33 9595.53
3342.34 9601.64
3344.33 9607.71
3346.33 9613.52
3348.33 9619.21
3350.31 9624.84
3352.33 9630.09
3354.33 9636.04
3356.32 9641.61
3358.34 9645.49
3360.34 9649.71
3362.34 9654.35
3364.34 9659.23
3366.32 9664.28
3368.34 9669.44
3370.35 9674.56
3372.34 9679.73
3374.34 9684.92
3376.34 9689.62
3378.35 9694.76
3380.32 9699.76
3382.34 9704.70
3384.32 9709.33
3386.31 9713.71
3388.32 9717.53
3390.33 9722.19
3392.33 9726.61
3394.32 9730.65
3396.33 9734.88
3398.33 9739.43
3400.36 9743.97
3402.34 9748.48
3404.33 9753.18
3406.34 9757.44
3408.32 9760.79
3410.33 9764.85
3412.34 9769.21
3414.34 9773.46
3416.34 9777.30
3418.32 9781.13
3420.34 9785.49
3422.34 9789.42
3424.35 9792.47
3426.34 9795.57
3428.34 9799.72
3430.33 9803.92
3432.33 9807.64
3434.33 9811.58
3436.36 9814.91
3438.34 9819.05
3440.37 9823.11
3442.32 9827.08
3444.34 9831.95
3446.34 9835.86
3448.30 9839.79
3450.34 9844.27
3452.32 9848.61
3454.32 9852.02
3456.34 9855.74
3458.34 9860.14
3460.32 9864.07
3462.32 9867.82
3464.33 9871.95
3466.32 9875.83
3468.33 9880.12
3470.34 9884.46
3472.32 9889.19
3474.32 9893.26
3476.35 9897.16
3478.39 9901.26
3480.33 9905.21
3482.33 9908.45
3484.34 9912.39
3486.34 9915.92
3488.33 9920.31
3490.33 9924.09
3492.32 9928.47
3494.33 9932.98
3496.33 9937.76
3498.34 9940.79
3500.32 9944.54
3502.33 9948.03
3504.34 9952.24
3506.33 9956.24
3508.35 9960.21
3510.33 9964.68
3512.35 9968.85
3514.34 9971.59
3516.34 9974.23
3518.33 9978.12
3520.34 9983.22
3522.33 9987.66
3524.32 9992.73
3526.34 9997.64
3528.34 10002.28
3530.34 10007.00
3532.34 10011.81
3534.32 10016.70
3536.32 10021.62
3538.33 10026.71
3540.33 10031.92
3542.32 10037.11
3544.33 10042.29
3546.33 10047.53
3548.34 10052.74
3550.34 10057.16
3552.34 10061.88
3554.38 10066.83
3556.33 10071.74
3558.33 10076.48
3560.34 10081.50
3562.35 10086.28
3564.35 10090.53
3566.34 10093.50
3568.33 10097.98
3570.32 10101.91
3572.32 10106.28
3574.32 10110.71
3576.34 10114.65
3578.33 10119.23
3580.32 10123.10
3582.32 10126.11
3584.33 10132.15
3586.33 10136.46
3588.34 10143.45
3590.33 10150.77
3592.36 10158.49
3594.33 10166.19
3596.35 10174.01
3598.33 10182.25
3600.34 10190.41
3602.33 10198.59
3604.33 10206.89
3606.33 10215.02
3608.35 10223.24
3610.34 10231.64
3612.34 10239.55
3614.33 10247.79
3616.34 10256.02
3618.37 10264.05
3620.36 10272.37
3622.34 10280.30
3624.34 10288.63
3626.32 10296.77
3628.33 10304.58
3630.38 10313.00
3632.39 10320.98
3634.42 10328.59
3636.39 10336.51
3638.35 10344.34
3640.32 10352.26
3642.32 10360.35
3644.35 10368.23
3646.45 10376.39
3648.33 10383.18
3650.35 10390.13
3652.33 10396.86
3654.40 10403.99
3656.38 10410.62
3658.38 10418.36
3660.35 10425.48
3662.39 10433.20
3664.41 10441.29
3666.39 10449.07
3668.40 10457.31
3670.40 10465.50
3672.41 10472.38
3674.35 10478.67
3676.37 10483.93
3678.33 10489.60
3680.35 10495.74
3682.33 10501.44
3684.33 10507.22
3686.33 10512.55
3688.33 10517.95
3690.35 10523.66
3692.33 10529.54
3694.33 10534.78
3696.35 10540.39
3698.36 10546.08
3700.33 10551.46
3702.33 10557.36
3704.33 10562.62
3706.38 10568.34
3708.34 10574.20
3710.33 10579.37
3712.36 10584.60
3714.34 10590.91
3716.35 10597.11
3718.33 10603.75
3720.33 10610.67
3722.36 10617.01
3724.35 10623.50
3726.33 10629.57
3728.35 10636.29
3730.34 10643.07
3732.33 10649.42
3734.34 10656.42
3736.33 10663.28
3738.32 10669.72
3740.36 10676.94
3742.36 10683.69
3744.37 10690.73
3746.33 10697.22
3748.34 10704.22
3750.36 10711.08
3752.33 10716.65
3754.35 10721.77
3756.35 10726.98
3758.34 10732.78
3760.33 10738.92
3762.33 10744.53
3764.36 10750.29
3766.35 10756.29
3768.35 10763.54
3770.33 10770.25
3772.33 10776.37
3774.37 10781.00
3776.34 10786.03
3778.34 10791.77
3780.34 10797.62
3782.36 10803.49
3784.36 10809.67
3786.35 10815.55
3788.33 10821.70
3790.32 10828.00
3792.34 10834.16
3794.36 10840.27
3796.33 10846.37
3798.36 10852.27
3800.34 10858.30
3802.34 10864.26
3804.35 10870.27
3806.33 10876.60
3808.33 10882.47
3810.35 10888.48
3812.37 10894.50
3814.34 10900.32
3816.34 10906.60
3818.36 10912.63
3820.36 10918.56
3822.34 10924.87
3824.33 10931.03
3826.34 10937.27
3828.33 10943.58
3830.35 10949.87
3832.33 10956.09
3834.33 10962.48
3836.34 10968.61
3838.32 10975.02
3840.34 10981.38
3842.35 10987.71
3844.33 10994.11
3846.34 11000.36
3848.33 11006.74
3850.35 11013.24
3852.33 11019.35
3854.34 11025.67
3856.35 11031.92
3858.36 11037.92
3860.35 11044.35
3862.33 11050.52
3864.34 11056.68
3866.36 11063.15
3868.34 11069.17
3870.33 11075.45
3872.35 11081.48
3874.33 11087.60
3876.33 11094.03
3878.31 11100.45
3880.32 11106.46
3882.32 11112.77
3884.35 11119.09
3886.35 11125.34
3888.33 11131.73
3890.32 11138.02
3892.34 11144.45
3894.35 11150.83
3896.37 11156.97
3898.33 11163.13
3900.35 11168.24
3902.35 11172.21
3904.36 11178.94
3906.34 11184.88
3908.34 11191.23
3910.36 11196.34
3913.41 11197.28
3915.35 11200.23
3917.34 11205.42
3919.47 11210.59
3921.41 11215.05
3923.34 11220.20
