12-15 16:13:51.539  4829  4829 I BatteryMgr:DataCollectionService: onStartCommand: begin
12-15 16:13:51.539  4829  4829 I BatteryMgr:DataCollectionService: onStartCommand: sampleRate => 1000
12-15 16:13:51.539  4829  4829 I BatteryMgr:DataCollectionService: onStartCommand: rawFields => Timestamp,BATTERY_PROPERTY_CURRENT_NOW,EXTRA_VOLTAGE
12-15 16:13:51.542  4829  4829 I BatteryMgr:DataCollectionService: onStartCommand: notification done
12-15 16:13:51.545  4829  4829 I BatteryMgr:DataCollectionService: started foreground
12-15 16:13:51.548  4829  5498 I BatteryMgr:DataCollectionService: collectData: begin
12-15 16:13:51.550  4829  5498 I BatteryMgr:DataCollectionService: stats => 1702653231550,-1924803,3833
12-15 16:13:52.553  4829  5498 I BatteryMgr:DataCollectionService: stats => 1702653232553,-1812499,3833
12-15 16:13:53.556  4829  5498 I BatteryMgr:DataCollectionService: stats => 1702653233555,-1870116,3833
12-15 16:13:54.558  4829  5498 I BatteryMgr:DataCollectionService: stats => 1702653234558,-1839354,3833
12-15 16:13:55.561  4829  5498 I BatteryMgr:DataCollectionService: stats => 1702653235561,-1812499,3833
12-15 16:13:56.563  4829  5498 I BatteryMgr:DataCollectionService: stats => 1702653236563,-1885252,3833
12-15 16:13:57.566  4829  5498 I BatteryMgr:DataCollectionService: stats => 1702653237566,-1965819,3833
12-15 16:13:58.569  4829  5498 I BatteryMgr:DataCollectionService: stats => 1702653238569,-1884764,3824
12-15 16:13:59.572  4829  5498 I BatteryMgr:DataCollectionService: stats => 1702653239572,-1903319,3824
12-15 16:14:00.576  4829  5498 I BatteryMgr:DataCollectionService: stats => 1702653240576,-1862792,3824
12-15 16:14:01.579  4829  5498 I BatteryMgr:DataCollectionService: stats => 1702653241579,-1819335,3824
12-15 16:14:02.583  4829  5498 I BatteryMgr:DataCollectionService: stats => 1702653242583,-1886229,3824
12-15 16:14:03.586  4829  5498 I BatteryMgr:DataCollectionService: stats => 1702653243586,-1852538,3824
12-15 16:14:04.589  4829  5498 I BatteryMgr:DataCollectionService: stats => 1702653244589,-1878417,3824
12-15 16:14:05.592  4829  5498 I BatteryMgr:DataCollectionService: stats => 1702653245592,-1916991,3824
12-15 16:14:06.594  4829  5498 I BatteryMgr:DataCollectionService: stats => 1702653246594,-1873534,3824
12-15 16:14:07.597  4829  5498 I BatteryMgr:DataCollectionService: stats => 1702653247596,-1889647,3824
12-15 16:14:08.599  4829  5498 I BatteryMgr:DataCollectionService: stats => 1702653248599,-1887206,3828
12-15 16:14:09.601  4829  5498 I BatteryMgr:DataCollectionService: stats => 1702653249601,-1920409,3828
12-15 16:14:10.603  4829  5498 I BatteryMgr:DataCollectionService: stats => 1702653250603,-1853514,3828
12-15 16:14:11.606  4829  5498 I BatteryMgr:DataCollectionService: stats => 1702653251606,-1859374,3828
12-15 16:14:12.608  4829  5498 I BatteryMgr:DataCollectionService: stats => 1702653252608,-1832030,3828
12-15 16:14:13.611  4829  5498 I BatteryMgr:DataCollectionService: stats => 1702653253610,-1854002,3828
12-15 16:14:14.613  4829  5498 I BatteryMgr:DataCollectionService: stats => 1702653254613,-1777342,3828
12-15 16:14:15.616  4829  5498 I BatteryMgr:DataCollectionService: stats => 1702653255616,-1466307,3828
12-15 16:14:16.618  4829  5498 I BatteryMgr:DataCollectionService: stats => 1702653256618,-1456053,3828
12-15 16:14:17.628  4829  5498 I BatteryMgr:DataCollectionService: stats => 1702653257628,-1486815,3828
12-15 16:14:18.631  4829  5498 I BatteryMgr:DataCollectionService: stats => 1702653258631,-1453612,3847
12-15 16:14:19.633  4829  5498 I BatteryMgr:DataCollectionService: stats => 1702653259633,-1544432,3847
12-15 16:14:20.635  4829  5498 I BatteryMgr:DataCollectionService: stats => 1702653260635,-1759764,3847
12-15 16:14:21.639  4829  5498 I BatteryMgr:DataCollectionService: stats => 1702653261639,-1786131,3847
12-15 16:14:22.642  4829  5498 I BatteryMgr:DataCollectionService: stats => 1702653262642,-1704588,3847
12-15 16:14:23.644  4829  5498 I BatteryMgr:DataCollectionService: stats => 1702653263644,-1889159,3847
12-15 16:14:24.647  4829  5498 I BatteryMgr:DataCollectionService: stats => 1702653264647,-1423339,3847
12-15 16:14:25.650  4829  5498 I BatteryMgr:DataCollectionService: stats => 1702653265650,-1836913,3847
12-15 16:14:26.654  4829  5498 I BatteryMgr:DataCollectionService: stats => 1702653266654,-1821776,3847
12-15 16:14:27.658  4829  5498 I BatteryMgr:DataCollectionService: stats => 1702653267658,-1833006,3830
12-15 16:14:28.660  4829  5498 I BatteryMgr:DataCollectionService: stats => 1702653268660,-1855467,3830
12-15 16:14:29.664  4829  5498 I BatteryMgr:DataCollectionService: stats => 1702653269664,-1853514,3830
12-15 16:14:30.667  4829  5498 I BatteryMgr:DataCollectionService: stats => 1702653270667,-1860838,3830
12-15 16:14:31.670  4829  5498 I BatteryMgr:DataCollectionService: stats => 1702653271670,-1848631,3830
12-15 16:14:32.674  4829  5498 I BatteryMgr:DataCollectionService: stats => 1702653272673,-1929198,3830
12-15 16:14:33.676  4829  5498 I BatteryMgr:DataCollectionService: stats => 1702653273676,-1848143,3830
12-15 16:14:34.679  4829  5498 I BatteryMgr:DataCollectionService: stats => 1702653274678,-1840819,3830
12-15 16:14:35.681  4829  5498 I BatteryMgr:DataCollectionService: stats => 1702653275681,-1839842,3830
12-15 16:14:36.683  4829  5498 I BatteryMgr:DataCollectionService: stats => 1702653276683,-1839842,3830
12-15 16:14:37.687  4829  5498 I BatteryMgr:DataCollectionService: stats => 1702653277687,-1821776,3829
12-15 16:14:38.689  4829  5498 I BatteryMgr:DataCollectionService: stats => 1702653278689,-1672850,3829
12-15 16:14:39.693  4829  5498 I BatteryMgr:DataCollectionService: stats => 1702653279693,-1827635,3829
12-15 16:14:40.695  4829  5498 I BatteryMgr:DataCollectionService: stats => 1702653280695,-1846190,3829
12-15 16:14:41.698  4829  5498 I BatteryMgr:DataCollectionService: stats => 1702653281698,-1881834,3829
12-15 16:14:42.702  4829  5498 I BatteryMgr:DataCollectionService: stats => 1702653282702,-1926756,3825
12-15 16:14:43.705  4829  5498 I BatteryMgr:DataCollectionService: stats => 1702653283705,-1903807,3825
12-15 16:14:44.708  4829  5498 I BatteryMgr:DataCollectionService: stats => 1702653284708,-1844237,3825
12-15 16:14:45.710  4829  5498 I BatteryMgr:DataCollectionService: stats => 1702653285710,-1894530,3825
12-15 16:14:46.714  4829  5498 I BatteryMgr:DataCollectionService: stats => 1702653286714,-1880370,3825
12-15 16:14:47.717  4829  5498 I BatteryMgr:DataCollectionService: stats => 1702653287716,-1894530,3825
12-15 16:14:48.719  4829  5498 I BatteryMgr:DataCollectionService: stats => 1702653288719,-1874510,3825
12-15 16:14:49.721  4829  5498 I BatteryMgr:DataCollectionService: stats => 1702653289721,-1891600,3825
12-15 16:14:50.724  4829  5498 I BatteryMgr:DataCollectionService: stats => 1702653290723,-1865721,3825
12-15 16:14:51.726  4829  5498 I BatteryMgr:DataCollectionService: stats => 1702653291726,-1936522,3825
12-15 16:14:52.729  4829  5498 I BatteryMgr:DataCollectionService: stats => 1702653292729,-1880370,3825
12-15 16:14:53.732  4829  5498 I BatteryMgr:DataCollectionService: stats => 1702653293732,-1888670,3825
12-15 16:14:54.736  4829  5498 I BatteryMgr:DataCollectionService: stats => 1702653294736,-1873534,3825
12-15 16:14:55.738  4829  5498 I BatteryMgr:DataCollectionService: stats => 1702653295738,-1860350,3825
12-15 16:14:56.743  4829  5498 I BatteryMgr:DataCollectionService: stats => 1702653296743,-1876952,3825
12-15 16:14:57.746  4829  5498 I BatteryMgr:DataCollectionService: stats => 1702653297746,-1842284,3826
12-15 16:14:58.748  4829  5498 I BatteryMgr:DataCollectionService: stats => 1702653298748,-1919432,3826
12-15 16:14:59.750  4829  5498 I BatteryMgr:DataCollectionService: stats => 1702653299750,-1876463,3826
12-15 16:15:00.753  4829  5498 I BatteryMgr:DataCollectionService: stats => 1702653300753,-1895995,3826
12-15 16:15:01.756  4829  5498 I BatteryMgr:DataCollectionService: stats => 1702653301756,-1916991,3826
12-15 16:15:02.759  4829  5498 I BatteryMgr:DataCollectionService: stats => 1702653302759,-1988768,3826
12-15 16:15:03.762  4829  5498 I BatteryMgr:DataCollectionService: stats => 1702653303762,-1998045,3826
12-15 16:15:04.764  4829  5498 I BatteryMgr:DataCollectionService: stats => 1702653304764,-1952147,3826
12-15 16:15:05.766  4829  5498 I BatteryMgr:DataCollectionService: stats => 1702653305766,-2024413,3826
12-15 16:15:06.770  4829  5498 I BatteryMgr:DataCollectionService: stats => 1702653306770,-1947264,3826
12-15 16:15:07.773  4829  5498 I BatteryMgr:DataCollectionService: stats => 1702653307773,-1884764,3820
12-15 16:15:08.775  4829  5498 I BatteryMgr:DataCollectionService: stats => 1702653308775,-1877928,3820
12-15 16:15:09.778  4829  5498 I BatteryMgr:DataCollectionService: stats => 1702653309778,-1862792,3820
12-15 16:15:10.780  4829  5498 I BatteryMgr:DataCollectionService: stats => 1702653310780,-1871092,3820
12-15 16:15:11.783  4829  5498 I BatteryMgr:DataCollectionService: stats => 1702653311783,-1935057,3820
12-15 16:15:12.785  4829  5498 I BatteryMgr:DataCollectionService: stats => 1702653312785,-1895018,3820
12-15 16:15:13.788  4829  5498 I BatteryMgr:DataCollectionService: stats => 1702653313788,-1873045,3820
12-15 16:15:14.792  4829  5498 I BatteryMgr:DataCollectionService: stats => 1702653314792,-1903807,3820
12-15 16:15:15.795  4829  5498 I BatteryMgr:DataCollectionService: stats => 1702653315795,-1849120,3820
12-15 16:15:16.798  4829  5498 I BatteryMgr:DataCollectionService: stats => 1702653316798,-1845702,3820
12-15 16:15:17.801  4829  5498 I BatteryMgr:DataCollectionService: stats => 1702653317801,-1892088,3822
12-15 16:15:18.803  4829  5498 I BatteryMgr:DataCollectionService: stats => 1702653318803,-1891112,3822
12-15 16:15:19.806  4829  5498 I BatteryMgr:DataCollectionService: stats => 1702653319806,-1892577,3822
12-15 16:15:20.810  4829  5498 I BatteryMgr:DataCollectionService: stats => 1702653320810,-1882811,3822
12-15 16:15:21.813  4829  5498 I BatteryMgr:DataCollectionService: stats => 1702653321813,-1891112,3822
12-15 16:15:22.815  4829  5498 I BatteryMgr:DataCollectionService: stats => 1702653322815,-1904295,3822
12-15 16:15:23.819  4829  5498 I BatteryMgr:DataCollectionService: stats => 1702653323819,-1925291,3822
12-15 16:15:24.823  4829  5498 I BatteryMgr:DataCollectionService: stats => 1702653324823,-1918456,3822
12-15 16:15:25.825  4829  5498 I BatteryMgr:DataCollectionService: stats => 1702653325825,-1980956,3822
12-15 16:15:26.828  4829  5498 I BatteryMgr:DataCollectionService: stats => 1702653326828,-1904295,3822
12-15 16:15:27.830  4829  5498 I BatteryMgr:DataCollectionService: stats => 1702653327830,-1928709,3820
12-15 16:15:28.833  4829  5498 I BatteryMgr:DataCollectionService: stats => 1702653328833,-1915526,3820
12-15 16:15:29.835  4829  5498 I BatteryMgr:DataCollectionService: stats => 1702653329835,-1908202,3820
12-15 16:15:30.838  4829  5498 I BatteryMgr:DataCollectionService: stats => 1702653330838,-1928709,3819
12-15 16:15:31.840  4829  5498 I BatteryMgr:DataCollectionService: stats => 1702653331840,-1967772,3819
12-15 16:15:32.843  4829  5498 I BatteryMgr:DataCollectionService: stats => 1702653332843,-1942870,3819
12-15 16:15:33.845  4829  5498 I BatteryMgr:DataCollectionService: stats => 1702653333845,-1899413,3819
12-15 16:15:34.849  4829  5498 I BatteryMgr:DataCollectionService: stats => 1702653334849,-1923338,3819
12-15 16:15:35.851  4829  5498 I BatteryMgr:DataCollectionService: stats => 1702653335851,-1910643,3819
12-15 16:15:36.854  4829  5498 I BatteryMgr:DataCollectionService: stats => 1702653336854,-1925291,3819
12-15 16:15:37.857  4829  5498 I BatteryMgr:DataCollectionService: stats => 1702653337856,-1909666,3819
12-15 16:15:38.860  4829  5498 I BatteryMgr:DataCollectionService: stats => 1702653338860,-1942870,3819
12-15 16:15:39.864  4829  5498 I BatteryMgr:DataCollectionService: stats => 1702653339864,-1927733,3819
12-15 16:15:40.867  4829  5498 I BatteryMgr:DataCollectionService: stats => 1702653340867,-1924315,3819
12-15 16:15:41.869  4829  5498 I BatteryMgr:DataCollectionService: stats => 1702653341869,-1906737,3819
12-15 16:15:42.871  4829  5498 I BatteryMgr:DataCollectionService: stats => 1702653342871,-1909666,3819
12-15 16:15:43.874  4829  5498 I BatteryMgr:DataCollectionService: stats => 1702653343874,-1924803,3819
12-15 16:15:44.877  4829  5498 I BatteryMgr:DataCollectionService: stats => 1702653344877,-1916502,3819
12-15 16:15:45.879  4829  5498 I BatteryMgr:DataCollectionService: stats => 1702653345879,-1945799,3819
12-15 16:15:46.882  4829  5498 I BatteryMgr:DataCollectionService: stats => 1702653346882,-1904295,3819
12-15 16:15:47.885  4829  5498 I BatteryMgr:DataCollectionService: stats => 1702653347885,-1880858,3821
12-15 16:15:48.889  4829  5498 I BatteryMgr:DataCollectionService: stats => 1702653348889,-1915526,3821
12-15 16:15:49.892  4829  5498 I BatteryMgr:DataCollectionService: stats => 1702653349892,-1913084,3821
12-15 16:15:50.894  4829  5498 I BatteryMgr:DataCollectionService: stats => 1702653350894,-1894530,3821
12-15 16:15:51.899  4829  5498 I BatteryMgr:DataCollectionService: stats => 1702653351899,-1914061,3821
12-15 16:15:52.903  4829  5498 I BatteryMgr:DataCollectionService: stats => 1702653352903,-1926268,3821
12-15 16:15:53.905  4829  5498 I BatteryMgr:DataCollectionService: stats => 1702653353905,-1901854,3821
12-15 16:15:54.907  4829  5498 I BatteryMgr:DataCollectionService: stats => 1702653354907,-1914061,3821
12-15 16:15:55.910  4829  5498 I BatteryMgr:DataCollectionService: stats => 1702653355910,-1899901,3821
12-15 16:15:56.912  4829  5498 I BatteryMgr:DataCollectionService: stats => 1702653356912,-1942870,3821
12-15 16:15:57.915  4829  5498 I BatteryMgr:DataCollectionService: stats => 1702653357914,-1916502,3818
12-15 16:15:58.918  4829  5498 I BatteryMgr:DataCollectionService: stats => 1702653358918,-1936522,3818
12-15 16:15:59.920  4829  5498 I BatteryMgr:DataCollectionService: stats => 1702653359920,-1977538,3818
12-15 16:16:00.923  4829  5498 I BatteryMgr:DataCollectionService: stats => 1702653360923,-1945311,3818
12-15 16:16:01.926  4829  5498 I BatteryMgr:DataCollectionService: stats => 1702653361926,-1916991,3818
12-15 16:16:02.930  4829  5498 I BatteryMgr:DataCollectionService: stats => 1702653362929,-1982909,3818
12-15 16:16:03.933  4829  5498 I BatteryMgr:DataCollectionService: stats => 1702653363933,-2049803,3818
12-15 16:16:04.935  4829  5498 I BatteryMgr:DataCollectionService: stats => 1702653364935,-2020995,3818
12-15 16:16:05.938  4829  5498 I BatteryMgr:DataCollectionService: stats => 1702653365938,-2020506,3818
12-15 16:16:06.941  4829  5498 I BatteryMgr:DataCollectionService: stats => 1702653366941,-1916014,3818
12-15 16:16:07.944  4829  5498 I BatteryMgr:DataCollectionService: stats => 1702653367944,-2005858,3812
12-15 16:16:08.946  4829  5498 I BatteryMgr:DataCollectionService: stats => 1702653368946,-1936034,3812
12-15 16:16:09.949  4829  5498 I BatteryMgr:DataCollectionService: stats => 1702653369949,-1872557,3812
12-15 16:16:10.951  4829  5498 I BatteryMgr:DataCollectionService: stats => 1702653370951,-1908690,3812
12-15 16:16:11.954  4829  5498 I BatteryMgr:DataCollectionService: stats => 1702653371954,-1899901,3812
12-15 16:16:12.956  4829  5498 I BatteryMgr:DataCollectionService: stats => 1702653372956,-1913573,3812
12-15 16:16:13.959  4829  5498 I BatteryMgr:DataCollectionService: stats => 1702653373958,-1852538,3812
12-15 16:16:14.961  4829  5498 I BatteryMgr:DataCollectionService: stats => 1702653374961,-1921874,3812
12-15 16:16:15.964  4829  5498 I BatteryMgr:DataCollectionService: stats => 1702653375964,-1882323,3812
12-15 16:16:16.969  4829  5498 I BatteryMgr:DataCollectionService: stats => 1702653376969,-1892088,3812
12-15 16:16:17.972  4829  5498 I BatteryMgr:DataCollectionService: stats => 1702653377972,-1901366,3816
12-15 16:16:18.979  4829  5498 I BatteryMgr:DataCollectionService: stats => 1702653378976,-1926268,3816
12-15 16:16:19.982  4829  5498 I BatteryMgr:DataCollectionService: stats => 1702653379982,-1901366,3816
12-15 16:16:20.984  4829  5498 I BatteryMgr:DataCollectionService: stats => 1702653380984,-1873534,3816
12-15 16:16:21.986  4829  5498 I BatteryMgr:DataCollectionService: stats => 1702653381986,-1872557,3816
12-15 16:16:22.989  4829  5498 I BatteryMgr:DataCollectionService: stats => 1702653382989,-1867674,3816
12-15 16:16:23.992  4829  5498 I BatteryMgr:DataCollectionService: stats => 1702653383991,-1906737,3816
12-15 16:16:24.994  4829  5498 I BatteryMgr:DataCollectionService: stats => 1702653384994,-1887694,3816
12-15 16:16:25.997  4829  5498 I BatteryMgr:DataCollectionService: stats => 1702653385996,-1839354,3816
12-15 16:16:26.999  4829  5498 I BatteryMgr:DataCollectionService: stats => 1702653386999,-1875975,3816
12-15 16:16:28.002  4829  5498 I BatteryMgr:DataCollectionService: stats => 1702653388002,-1878905,3816
12-15 16:16:29.006  4829  5498 I BatteryMgr:DataCollectionService: stats => 1702653389006,-1873534,3816
12-15 16:16:30.009  4829  5498 I BatteryMgr:DataCollectionService: stats => 1702653390009,-1894530,3816
12-15 16:16:31.012  4829  5498 I BatteryMgr:DataCollectionService: stats => 1702653391012,-1908690,3816
12-15 16:16:32.015  4829  5498 I BatteryMgr:DataCollectionService: stats => 1702653392015,-1871581,3816
12-15 16:16:33.017  4829  5498 I BatteryMgr:DataCollectionService: stats => 1702653393017,-1900877,3816
12-15 16:16:34.020  4829  5498 I BatteryMgr:DataCollectionService: stats => 1702653394020,-1942381,3816
12-15 16:16:35.022  4829  5498 I BatteryMgr:DataCollectionService: stats => 1702653395022,-1881834,3816
12-15 16:16:36.025  4829  5498 I BatteryMgr:DataCollectionService: stats => 1702653396025,-1877928,3816
12-15 16:16:37.027  4829  5498 I BatteryMgr:DataCollectionService: stats => 1702653397027,-1889647,3816
12-15 16:16:38.029  4829  5498 I BatteryMgr:DataCollectionService: stats => 1702653398029,-1884276,3815
12-15 16:16:39.032  4829  5498 I BatteryMgr:DataCollectionService: stats => 1702653399032,-1914061,3815
12-15 16:16:40.035  4829  5498 I BatteryMgr:DataCollectionService: stats => 1702653400035,-1893553,3815
12-15 16:16:41.037  4829  5498 I BatteryMgr:DataCollectionService: stats => 1702653401037,-1896971,3815
12-15 16:16:42.040  4829  5498 I BatteryMgr:DataCollectionService: stats => 1702653402040,-1878905,3815
12-15 16:16:43.043  4829  5498 I BatteryMgr:DataCollectionService: stats => 1702653403043,-1867186,3815
12-15 16:16:44.045  4829  5498 I BatteryMgr:DataCollectionService: stats => 1702653404045,-1882811,3815
12-15 16:16:45.048  4829  5498 I BatteryMgr:DataCollectionService: stats => 1702653405048,-1876952,3815
12-15 16:16:46.050  4829  5498 I BatteryMgr:DataCollectionService: stats => 1702653406050,-1912108,3815
12-15 16:16:47.054  4829  5498 I BatteryMgr:DataCollectionService: stats => 1702653407054,-1879881,3815
12-15 16:16:48.057  4829  5498 I BatteryMgr:DataCollectionService: stats => 1702653408057,-1976073,3815
12-15 16:16:49.060  4829  5498 I BatteryMgr:DataCollectionService: stats => 1702653409060,-1879881,3815
12-15 16:16:50.062  4829  5498 I BatteryMgr:DataCollectionService: stats => 1702653410062,-1881346,3815
12-15 16:16:51.065  4829  5498 I BatteryMgr:DataCollectionService: stats => 1702653411065,-1878905,3815
12-15 16:16:52.067  4829  5498 I BatteryMgr:DataCollectionService: stats => 1702653412067,-1880370,3815
12-15 16:16:53.069  4829  5498 I BatteryMgr:DataCollectionService: stats => 1702653413069,-1909178,3815
12-15 16:16:54.072  4829  5498 I BatteryMgr:DataCollectionService: stats => 1702653414072,-1887694,3815
12-15 16:16:55.075  4829  5498 I BatteryMgr:DataCollectionService: stats => 1702653415075,-1883788,3815
12-15 16:16:56.077  4829  5498 I BatteryMgr:DataCollectionService: stats => 1702653416077,-1908202,3815
12-15 16:16:57.081  4829  5498 I BatteryMgr:DataCollectionService: stats => 1702653417080,-1944823,3815
12-15 16:16:58.085  4829  5498 I BatteryMgr:DataCollectionService: stats => 1702653418085,-1880858,3811
12-15 16:16:59.088  4829  5498 I BatteryMgr:DataCollectionService: stats => 1702653419088,-1897948,3811
12-15 16:17:00.091  4829  5498 I BatteryMgr:DataCollectionService: stats => 1702653420091,-1936034,3811
12-15 16:17:01.094  4829  5498 I BatteryMgr:DataCollectionService: stats => 1702653421094,-1941405,3811
12-15 16:17:02.097  4829  5498 I BatteryMgr:DataCollectionService: stats => 1702653422097,-1916991,3811
12-15 16:17:03.100  4829  5498 I BatteryMgr:DataCollectionService: stats => 1702653423100,-1999022,3811
12-15 16:17:04.102  4829  5498 I BatteryMgr:DataCollectionService: stats => 1702653424102,-1996092,3811
12-15 16:17:05.105  4829  5498 I BatteryMgr:DataCollectionService: stats => 1702653425105,-1996092,3811
12-15 16:17:06.107  4829  5498 I BatteryMgr:DataCollectionService: stats => 1702653426107,-1952147,3811
12-15 16:17:07.110  4829  5498 I BatteryMgr:DataCollectionService: stats => 1702653427110,-1873045,3811
12-15 16:17:08.112  4829  5498 I BatteryMgr:DataCollectionService: stats => 1702653428112,-1880370,3812
12-15 16:17:09.115  4829  5498 I BatteryMgr:DataCollectionService: stats => 1702653429115,-1890624,3812
12-15 16:17:10.118  4829  5498 I BatteryMgr:DataCollectionService: stats => 1702653430118,-1924803,3811
12-15 16:17:11.123  4829  5498 I BatteryMgr:DataCollectionService: stats => 1702653431123,-1907713,3811
12-15 16:17:12.125  4829  5498 I BatteryMgr:DataCollectionService: stats => 1702653432125,-1913084,3811
12-15 16:17:13.128  4829  5498 I BatteryMgr:DataCollectionService: stats => 1702653433128,-1910155,3811
12-15 16:17:14.132  4829  5498 I BatteryMgr:DataCollectionService: stats => 1702653434132,-1916014,3811
12-15 16:17:15.135  4829  5498 I BatteryMgr:DataCollectionService: stats => 1702653435135,-1907225,3811
12-15 16:17:16.138  4829  5498 I BatteryMgr:DataCollectionService: stats => 1702653436138,-1916502,3811
12-15 16:17:17.141  4829  5498 I BatteryMgr:DataCollectionService: stats => 1702653437141,-1909178,3811
12-15 16:17:18.144  4829  5498 I BatteryMgr:DataCollectionService: stats => 1702653438144,-1902831,3811
12-15 16:17:19.146  4829  5498 I BatteryMgr:DataCollectionService: stats => 1702653439146,-1911620,3811
12-15 16:17:20.149  4829  5498 I BatteryMgr:DataCollectionService: stats => 1702653440149,-1880370,3811
12-15 16:17:21.152  4829  5498 I BatteryMgr:DataCollectionService: stats => 1702653441152,-1925291,3811
12-15 16:17:22.155  4829  5498 I BatteryMgr:DataCollectionService: stats => 1702653442155,-1882811,3811
12-15 16:17:23.158  4829  5498 I BatteryMgr:DataCollectionService: stats => 1702653443158,-1937987,3811
12-15 16:17:24.161  4829  5498 I BatteryMgr:DataCollectionService: stats => 1702653444161,-1926756,3811
12-15 16:17:25.164  4829  5498 I BatteryMgr:DataCollectionService: stats => 1702653445164,-1905760,3811
12-15 16:17:26.168  4829  5498 I BatteryMgr:DataCollectionService: stats => 1702653446168,-1898436,3811
12-15 16:17:27.172  4829  5498 I BatteryMgr:DataCollectionService: stats => 1702653447172,-1945311,3811
12-15 16:17:28.175  4829  5498 I BatteryMgr:DataCollectionService: stats => 1702653448175,-1958006,3808
12-15 16:17:29.177  4829  5498 I BatteryMgr:DataCollectionService: stats => 1702653449177,-1905760,3808
12-15 16:17:30.179  4829  5498 I BatteryMgr:DataCollectionService: stats => 1702653450179,-1923338,3808
12-15 16:17:31.182  4829  5498 I BatteryMgr:DataCollectionService: stats => 1702653451182,-1894530,3808
12-15 16:17:32.184  4829  5498 I BatteryMgr:DataCollectionService: stats => 1702653452184,-1925291,3808
12-15 16:17:33.187  4829  5498 I BatteryMgr:DataCollectionService: stats => 1702653453187,-1902342,3808
12-15 16:17:34.189  4829  5498 I BatteryMgr:DataCollectionService: stats => 1702653454189,-1917967,3808
12-15 16:17:35.191  4829  5498 I BatteryMgr:DataCollectionService: stats => 1702653455191,-1908202,3808
12-15 16:17:36.194  4829  5498 I BatteryMgr:DataCollectionService: stats => 1702653456194,-1938963,3808
12-15 16:17:37.197  4829  5498 I BatteryMgr:DataCollectionService: stats => 1702653457196,-1896971,3808
12-15 16:17:38.200  4829  5498 I BatteryMgr:DataCollectionService: stats => 1702653458200,-1898924,3809
12-15 16:17:39.202  4829  5498 I BatteryMgr:DataCollectionService: stats => 1702653459202,-1926268,3809
12-15 16:17:40.204  4829  5498 I BatteryMgr:DataCollectionService: stats => 1702653460204,-1905760,3809
12-15 16:17:41.208  4829  5498 I BatteryMgr:DataCollectionService: stats => 1702653461208,-1827635,3809
12-15 16:17:42.211  4829  5498 I BatteryMgr:DataCollectionService: stats => 1702653462211,-1928709,3809
12-15 16:17:43.215  4829  5498 I BatteryMgr:DataCollectionService: stats => 1702653463215,-1950682,3809
12-15 16:17:44.218  4829  5498 I BatteryMgr:DataCollectionService: stats => 1702653464218,-1891112,3809
12-15 16:17:45.220  4829  5498 I BatteryMgr:DataCollectionService: stats => 1702653465220,-1951659,3809
12-15 16:17:46.224  4829  5498 I BatteryMgr:DataCollectionService: stats => 1702653466223,-1940916,3809
12-15 16:17:47.226  4829  5498 I BatteryMgr:DataCollectionService: stats => 1702653467226,-1942381,3809
12-15 16:17:48.228  4829  5498 I BatteryMgr:DataCollectionService: stats => 1702653468228,-1922850,3808
12-15 16:17:49.231  4829  5498 I BatteryMgr:DataCollectionService: stats => 1702653469231,-1836424,3808
12-15 16:17:50.233  4829  5498 I BatteryMgr:DataCollectionService: stats => 1702653470233,-1759276,3808
12-15 16:17:51.236  4829  5498 I BatteryMgr:DataCollectionService: stats => 1702653471236,-1894530,3808
12-15 16:17:52.239  4829  5498 I BatteryMgr:DataCollectionService: stats => 1702653472239,-1913084,3808
12-15 16:17:53.243  4829  5498 I BatteryMgr:DataCollectionService: stats => 1702653473243,-1872557,3808
12-15 16:17:54.247  4829  5498 I BatteryMgr:DataCollectionService: stats => 1702653474247,-1900389,3808
12-15 16:17:55.251  4829  5498 I BatteryMgr:DataCollectionService: stats => 1702653475251,-1909178,3808
12-15 16:17:56.254  4829  5498 I BatteryMgr:DataCollectionService: stats => 1702653476254,-1907225,3808
12-15 16:17:57.257  4829  5498 I BatteryMgr:DataCollectionService: stats => 1702653477257,-1888670,3808
12-15 16:17:58.259  4829  5498 I BatteryMgr:DataCollectionService: stats => 1702653478259,-1911131,3808
12-15 16:17:59.263  4829  5498 I BatteryMgr:DataCollectionService: stats => 1702653479263,-1940428,3808
12-15 16:18:00.266  4829  5498 I BatteryMgr:DataCollectionService: stats => 1702653480266,-2035643,3808
12-15 16:18:01.269  4829  5498 I BatteryMgr:DataCollectionService: stats => 1702653481269,-2414549,3782
12-15 16:18:02.271  4829  5498 I BatteryMgr:DataCollectionService: stats => 1702653482271,-2399412,3782
12-15 16:18:03.275  4829  5498 I BatteryMgr:DataCollectionService: stats => 1702653483275,-2433104,3782
12-15 16:18:04.279  4829  5498 I BatteryMgr:DataCollectionService: stats => 1702653484279,-2270994,3782
12-15 16:18:05.283  4829  5498 I BatteryMgr:DataCollectionService: stats => 1702653485283,-2080565,3782
12-15 16:18:06.287  4829  5498 I BatteryMgr:DataCollectionService: stats => 1702653486287,-2162108,3782
12-15 16:18:07.292  4829  5498 I BatteryMgr:DataCollectionService: stats => 1702653487292,-2036131,3782
12-15 16:18:08.295  4829  5498 I BatteryMgr:DataCollectionService: stats => 1702653488295,-1910643,3798
12-15 16:18:09.297  4829  5498 I BatteryMgr:DataCollectionService: stats => 1702653489297,-1906737,3798
12-15 16:18:10.300  4829  5498 I BatteryMgr:DataCollectionService: stats => 1702653490300,-1947264,3798
12-15 16:18:11.302  4829  5498 I BatteryMgr:DataCollectionService: stats => 1702653491302,-2290037,3798
12-15 16:18:12.311  4829  5498 I BatteryMgr:DataCollectionService: stats => 1702653492311,-2339354,3798
12-15 16:18:13.314  4829  5498 I BatteryMgr:DataCollectionService: stats => 1702653493314,-2266112,3798
12-15 16:18:14.321  4829  5498 I BatteryMgr:DataCollectionService: stats => 1702653494321,-2254393,3798
