02-22 16:42:43.760  5667 12700 I BatteryMgr:DataCollectionService: stats => 1708616563760,-2522947,3562
02-22 16:42:43.846  5667 12700 I BatteryMgr:DataCollectionService: stats => 1708616563846,-2522947,3562
02-22 16:42:43.863  5667  5667 I BatteryMgr:DataCollectionService: onStartCommand: begin
02-22 16:42:43.863  5667  5667 I BatteryMgr:DataCollectionService: onStartCommand: sampleRate => 1000
02-22 16:42:43.863  5667  5667 I BatteryMgr:DataCollectionService: onStartCommand: rawFields => Timestamp,BATTERY_PROPERTY_CURRENT_NOW,EXTRA_VOLTAGE
02-22 16:42:43.865  5667  5667 I BatteryMgr:DataCollectionService: onStartCommand: notification done
02-22 16:42:43.870  5667  5667 I BatteryMgr:DataCollectionService: started foreground
02-22 16:42:43.882  5667 12700 I BatteryMgr:DataCollectionService: collectData: begin
02-22 16:42:43.884  5667 12700 I BatteryMgr:DataCollectionService: stats => 1708616563884,-2520018,3562
02-22 16:42:44.811  5667 12700 I BatteryMgr:DataCollectionService: stats => 1708616564811,-2520018,3562
02-22 16:42:44.855  5667 12700 I BatteryMgr:DataCollectionService: stats => 1708616564855,-2507811,3562
02-22 16:42:44.889  5667 12700 I BatteryMgr:DataCollectionService: stats => 1708616564889,-2507811,3562
02-22 16:42:45.817  5667 12700 I BatteryMgr:DataCollectionService: stats => 1708616565815,-2507811,3562
02-22 16:42:45.859  5667 12700 I BatteryMgr:DataCollectionService: stats => 1708616565859,-2504393,3562
02-22 16:42:45.894  5667 12700 I BatteryMgr:DataCollectionService: stats => 1708616565894,-2504393,3562
02-22 16:42:46.820  5667 12700 I BatteryMgr:DataCollectionService: stats => 1708616566820,-2504393,3562
02-22 16:42:46.867  5667 12700 I BatteryMgr:DataCollectionService: stats => 1708616566867,-2123045,3562
02-22 16:42:46.900  5667 12700 I BatteryMgr:DataCollectionService: stats => 1708616566900,-2123045,3562
02-22 16:42:47.826  5667 12700 I BatteryMgr:DataCollectionService: stats => 1708616567826,-2123045,3562
02-22 16:42:47.871  5667 12700 I BatteryMgr:DataCollectionService: stats => 1708616567871,-2088866,3562
02-22 16:42:47.905  5667 12700 I BatteryMgr:DataCollectionService: stats => 1708616567905,-2088866,3562
02-22 16:42:48.830  5667 12700 I BatteryMgr:DataCollectionService: stats => 1708616568830,-2088866,3562
02-22 16:42:48.882  5667 12700 I BatteryMgr:DataCollectionService: stats => 1708616568882,-2094725,3562
02-22 16:42:48.908  5667 12700 I BatteryMgr:DataCollectionService: stats => 1708616568908,-2094725,3562
02-22 16:42:49.838  5667 12700 I BatteryMgr:DataCollectionService: stats => 1708616569838,-2094725,3587
02-22 16:42:49.886  5667 12700 I BatteryMgr:DataCollectionService: stats => 1708616569886,-2085936,3587
02-22 16:42:49.911  5667 12700 I BatteryMgr:DataCollectionService: stats => 1708616569911,-2085936,3587
02-22 16:42:50.844  5667 12700 I BatteryMgr:DataCollectionService: stats => 1708616570844,-2026854,3587
02-22 16:42:50.889  5667 12700 I BatteryMgr:DataCollectionService: stats => 1708616570889,-2026854,3587
02-22 16:42:50.914  5667 12700 I BatteryMgr:DataCollectionService: stats => 1708616570914,-2026854,3587
02-22 16:42:51.852  5667 12700 I BatteryMgr:DataCollectionService: stats => 1708616571852,-2009764,3587
02-22 16:42:51.894  5667 12700 I BatteryMgr:DataCollectionService: stats => 1708616571894,-2009764,3587
02-22 16:42:51.918  5667 12700 I BatteryMgr:DataCollectionService: stats => 1708616571918,-2009764,3587
02-22 16:42:52.859  5667 12700 I BatteryMgr:DataCollectionService: stats => 1708616572859,-2548338,3587
02-22 16:42:52.899  5667 12700 I BatteryMgr:DataCollectionService: stats => 1708616572899,-2548338,3587
02-22 16:42:52.922  5667 12700 I BatteryMgr:DataCollectionService: stats => 1708616572922,-2548338,3587
02-22 16:42:53.863  5667 12700 I BatteryMgr:DataCollectionService: stats => 1708616573863,-2505369,3587
02-22 16:42:53.904  5667 12700 I BatteryMgr:DataCollectionService: stats => 1708616573904,-2505369,3587
02-22 16:42:53.933  5667 12700 I BatteryMgr:DataCollectionService: stats => 1708616573933,-2505369,3587
02-22 16:42:54.868  5667 12700 I BatteryMgr:DataCollectionService: stats => 1708616574868,-2539549,3561
02-22 16:42:54.907  5667 12700 I BatteryMgr:DataCollectionService: stats => 1708616574907,-2539549,3561
02-22 16:42:54.941  5667 12700 I BatteryMgr:DataCollectionService: stats => 1708616574941,-2539549,3561
02-22 16:42:55.873  5667 12700 I BatteryMgr:DataCollectionService: stats => 1708616575873,-2093260,3561
02-22 16:42:55.914  5667 12700 I BatteryMgr:DataCollectionService: stats => 1708616575914,-2093260,3561
02-22 16:42:55.949  5667 12700 I BatteryMgr:DataCollectionService: stats => 1708616575947,-2093260,3561
02-22 16:42:56.880  5667 12700 I BatteryMgr:DataCollectionService: stats => 1708616576879,-2358397,3561
02-22 16:42:56.929  5667 12700 I BatteryMgr:DataCollectionService: stats => 1708616576929,-2358397,3561
02-22 16:42:56.952  5667 12700 I BatteryMgr:DataCollectionService: stats => 1708616576952,-2358397,3561
02-22 16:42:57.886  5667 12700 I BatteryMgr:DataCollectionService: stats => 1708616577886,-2519529,3561
02-22 16:42:57.933  5667 12700 I BatteryMgr:DataCollectionService: stats => 1708616577932,-2519529,3561
02-22 16:42:57.956  5667 12700 I BatteryMgr:DataCollectionService: stats => 1708616577956,-2519529,3561
02-22 16:42:58.891  5667 12700 I BatteryMgr:DataCollectionService: stats => 1708616578891,-2562986,3561
02-22 16:42:58.946  5667 12700 I BatteryMgr:DataCollectionService: stats => 1708616578946,-2562986,3561
02-22 16:42:58.966  5667 12700 I BatteryMgr:DataCollectionService: stats => 1708616578966,-2562986,3560
02-22 16:42:59.904  5667 12700 I BatteryMgr:DataCollectionService: stats => 1708616579904,-2570799,3560
02-22 16:42:59.949  5667 12700 I BatteryMgr:DataCollectionService: stats => 1708616579949,-2570799,3560
02-22 16:42:59.972  5667 12700 I BatteryMgr:DataCollectionService: stats => 1708616579972,-2570799,3560
02-22 16:43:00.907  5667 12700 I BatteryMgr:DataCollectionService: stats => 1708616580907,-2545408,3560
02-22 16:43:00.955  5667 12700 I BatteryMgr:DataCollectionService: stats => 1708616580955,-2545408,3560
02-22 16:43:00.975  5667 12700 I BatteryMgr:DataCollectionService: stats => 1708616580975,-2545408,3560
02-22 16:43:01.917  5667 12700 I BatteryMgr:DataCollectionService: stats => 1708616581917,-2556151,3560
02-22 16:43:01.965  5667 12700 I BatteryMgr:DataCollectionService: stats => 1708616581965,-2556151,3560
02-22 16:43:01.978  5667 12700 I BatteryMgr:DataCollectionService: stats => 1708616581978,-2556151,3560
02-22 16:43:02.928  5667 12700 I BatteryMgr:DataCollectionService: stats => 1708616582925,-2538572,3560
02-22 16:43:02.969  5667 12700 I BatteryMgr:DataCollectionService: stats => 1708616582969,-2538572,3560
02-22 16:43:02.981  5667 12700 I BatteryMgr:DataCollectionService: stats => 1708616582981,-2538572,3560
02-22 16:43:03.935  5667 12700 I BatteryMgr:DataCollectionService: stats => 1708616583935,-2537108,3560
02-22 16:43:03.972  5667 12700 I BatteryMgr:DataCollectionService: stats => 1708616583972,-2537108,3560
02-22 16:43:03.984  5667 12700 I BatteryMgr:DataCollectionService: stats => 1708616583984,-2537108,3560
02-22 16:43:04.940  5667 12700 I BatteryMgr:DataCollectionService: stats => 1708616584940,-2537596,3560
02-22 16:43:04.975  5667 12700 I BatteryMgr:DataCollectionService: stats => 1708616584975,-2537596,3560
02-22 16:43:04.986  5667 12700 I BatteryMgr:DataCollectionService: stats => 1708616584986,-2537596,3560
02-22 16:43:05.946  5667 12700 I BatteryMgr:DataCollectionService: stats => 1708616585946,-2560057,3560
02-22 16:43:05.980  5667 12700 I BatteryMgr:DataCollectionService: stats => 1708616585980,-2560057,3560
02-22 16:43:05.988  5667 12700 I BatteryMgr:DataCollectionService: stats => 1708616585988,-2560057,3560
02-22 16:43:06.955  5667 12700 I BatteryMgr:DataCollectionService: stats => 1708616586955,-2594236,3560
02-22 16:43:06.984  5667 12700 I BatteryMgr:DataCollectionService: stats => 1708616586984,-2594236,3560
02-22 16:43:06.993  5667 12700 I BatteryMgr:DataCollectionService: stats => 1708616586993,-2594236,3560
02-22 16:43:07.964  5667 12700 I BatteryMgr:DataCollectionService: stats => 1708616587964,-2563475,3560
02-22 16:43:07.988  5667 12700 I BatteryMgr:DataCollectionService: stats => 1708616587988,-2563475,3560
02-22 16:43:07.998  5667 12700 I BatteryMgr:DataCollectionService: stats => 1708616587997,-2563475,3560
02-22 16:43:08.971  5667 12700 I BatteryMgr:DataCollectionService: stats => 1708616588971,-2549315,3559
02-22 16:43:08.994  5667 12700 I BatteryMgr:DataCollectionService: stats => 1708616588994,-2549315,3559
02-22 16:43:09.001  5667 12700 I BatteryMgr:DataCollectionService: stats => 1708616589001,-2549315,3559
02-22 16:43:09.974  5667 12700 I BatteryMgr:DataCollectionService: stats => 1708616589974,-2532713,3559
02-22 16:43:10.001  5667 12700 I BatteryMgr:DataCollectionService: stats => 1708616590001,-2532713,3559
02-22 16:43:10.006  5667 12700 I BatteryMgr:DataCollectionService: stats => 1708616590006,-2532713,3559
02-22 16:43:10.985  5667 12700 I BatteryMgr:DataCollectionService: stats => 1708616590985,-2071776,3559
02-22 16:43:11.007  5667 12700 I BatteryMgr:DataCollectionService: stats => 1708616591007,-2071776,3559
02-22 16:43:11.017  5667 12701 I BatteryMgr:DataCollectionService: stats => 1708616591016,-2071776,3559
02-22 16:43:11.993  5667 12701 I BatteryMgr:DataCollectionService: stats => 1708616591993,-2582029,3559
02-22 16:43:12.019  5667 12701 I BatteryMgr:DataCollectionService: stats => 1708616592019,-2582029,3559
02-22 16:43:12.022  5667 12700 I BatteryMgr:DataCollectionService: stats => 1708616592022,-2582029,3559
02-22 16:43:13.004  5667 12700 I BatteryMgr:DataCollectionService: stats => 1708616593004,-2634275,3559
02-22 16:43:13.025  5667 12701 I BatteryMgr:DataCollectionService: stats => 1708616593025,-2634275,3559
02-22 16:43:13.029  5667 12700 I BatteryMgr:DataCollectionService: stats => 1708616593029,-2634275,3559
02-22 16:43:14.010  5667 12700 I BatteryMgr:DataCollectionService: stats => 1708616594009,-2569334,3559
02-22 16:43:14.033  5667 12700 I BatteryMgr:DataCollectionService: stats => 1708616594033,-2569334,3559
02-22 16:43:14.035  5667 12701 I BatteryMgr:DataCollectionService: stats => 1708616594035,-2569334,3559
02-22 16:43:15.015  5667 12701 I BatteryMgr:DataCollectionService: stats => 1708616595015,-2558592,3559
02-22 16:43:15.038  5667 12701 I BatteryMgr:DataCollectionService: stats => 1708616595038,-2558592,3559
02-22 16:43:15.041  5667 12701 I BatteryMgr:DataCollectionService: stats => 1708616595041,-2558592,3559
02-22 16:43:16.020  5667 12701 I BatteryMgr:DataCollectionService: stats => 1708616596020,-2501951,3559
02-22 16:43:16.043  5667 12701 I BatteryMgr:DataCollectionService: stats => 1708616596043,-2501951,3559
02-22 16:43:16.046  5667 12701 I BatteryMgr:DataCollectionService: stats => 1708616596046,-2501951,3559
02-22 16:43:17.045  5667 12701 I BatteryMgr:DataCollectionService: stats => 1708616597045,-2516111,3559
02-22 16:43:17.052  5667 12700 I BatteryMgr:DataCollectionService: stats => 1708616597052,-2516111,3559
02-22 16:43:17.053  5667 12699 I BatteryMgr:DataCollectionService: stats => 1708616597053,-2516111,3559
02-22 16:43:18.049  5667 12699 I BatteryMgr:DataCollectionService: stats => 1708616598049,-2496580,3559
02-22 16:43:18.057  5667 12699 I BatteryMgr:DataCollectionService: stats => 1708616598057,-2496580,3559
02-22 16:43:18.058  5667 12700 I BatteryMgr:DataCollectionService: stats => 1708616598058,-2496580,3559
02-22 16:43:19.071  5667 12699 I BatteryMgr:DataCollectionService: stats => 1708616599071,-2585936,3556
02-22 16:43:19.072  5667 12700 I BatteryMgr:DataCollectionService: stats => 1708616599071,-2585936,3556
02-22 16:43:19.078  5667 12701 I BatteryMgr:DataCollectionService: stats => 1708616599078,-2585936,3556
02-22 16:43:20.076  5667 12700 I BatteryMgr:DataCollectionService: stats => 1708616600076,-2595213,3556
02-22 16:43:20.079  5667 12699 I BatteryMgr:DataCollectionService: stats => 1708616600079,-2595213,3556
02-22 16:43:20.085  5667 12699 I BatteryMgr:DataCollectionService: stats => 1708616600085,-2595213,3556
02-22 16:43:21.083  5667 12699 I BatteryMgr:DataCollectionService: stats => 1708616601082,-2565916,3556
02-22 16:43:21.085  5667 12700 I BatteryMgr:DataCollectionService: stats => 1708616601085,-2565916,3556
02-22 16:43:21.089  5667 12700 I BatteryMgr:DataCollectionService: stats => 1708616601089,-2565916,3556
02-22 16:43:22.090  5667 12699 I BatteryMgr:DataCollectionService: stats => 1708616602090,-2563475,3556
02-22 16:43:22.094  5667 12701 I BatteryMgr:DataCollectionService: stats => 1708616602094,-2563475,3556
02-22 16:43:22.094  5667 12700 I BatteryMgr:DataCollectionService: stats => 1708616602093,-2563475,3556
02-22 16:43:23.120  5667 11056 I BatteryMgr:DataCollectionService: stats => 1708616603120,-2578611,3556
02-22 16:43:23.120  5667 12699 I BatteryMgr:DataCollectionService: stats => 1708616603118,-2578611,3556
02-22 16:43:23.122  5667 29582 I BatteryMgr:DataCollectionService: stats => 1708616603122,-2578611,3556
02-22 16:43:24.123  5667 29582 I BatteryMgr:DataCollectionService: stats => 1708616604123,-2555174,3556
02-22 16:43:24.125  5667 11056 I BatteryMgr:DataCollectionService: stats => 1708616604125,-2555174,3556
02-22 16:43:24.125  5667 12699 I BatteryMgr:DataCollectionService: stats => 1708616604125,-2555174,3556
02-22 16:43:25.128  5667 29583 I BatteryMgr:DataCollectionService: stats => 1708616605128,-2562010,3556
02-22 16:43:25.128  5667 29582 I BatteryMgr:DataCollectionService: stats => 1708616605128,-2562010,3556
02-22 16:43:25.131  5667 11056 I BatteryMgr:DataCollectionService: stats => 1708616605128,-2562010,3556
02-22 16:43:26.132  5667 11056 I BatteryMgr:DataCollectionService: stats => 1708616606132,-2589842,3556
02-22 16:43:26.133  5667 29582 I BatteryMgr:DataCollectionService: stats => 1708616606133,-2589842,3556
02-22 16:43:26.136  5667 12700 I BatteryMgr:DataCollectionService: stats => 1708616606136,-2589842,3556
02-22 16:43:27.138  5667 12700 I BatteryMgr:DataCollectionService: stats => 1708616607137,-2640623,3556
02-22 16:43:27.138  5667 29583 I BatteryMgr:DataCollectionService: stats => 1708616607138,-2640623,3556
02-22 16:43:27.139  5667 11056 I BatteryMgr:DataCollectionService: stats => 1708616607139,-2640623,3556
02-22 16:43:28.141  5667 12700 I BatteryMgr:DataCollectionService: stats => 1708616608141,-2556639,3556
02-22 16:43:28.144  5667 11056 I BatteryMgr:DataCollectionService: stats => 1708616608143,-2556639,3556
02-22 16:43:28.145  5667 29583 I BatteryMgr:DataCollectionService: stats => 1708616608145,-2556639,3556
02-22 16:43:29.148  5667 29583 I BatteryMgr:DataCollectionService: stats => 1708616609148,-2545408,3557
02-22 16:43:29.148  5667 11056 I BatteryMgr:DataCollectionService: stats => 1708616609148,-2545408,3557
02-22 16:43:29.149  5667 12699 I BatteryMgr:DataCollectionService: stats => 1708616609149,-2545408,3557
02-22 16:43:30.158  5667 12699 I BatteryMgr:DataCollectionService: stats => 1708616610158,-2613279,3557
02-22 16:43:30.159  5667 29583 I BatteryMgr:DataCollectionService: stats => 1708616610159,-2613279,3557
02-22 16:43:30.161  5667 11056 I BatteryMgr:DataCollectionService: stats => 1708616610161,-2613279,3557
02-22 16:43:31.164  5667 11056 I BatteryMgr:DataCollectionService: stats => 1708616611163,-2564451,3557
02-22 16:43:31.164  5667 29583 I BatteryMgr:DataCollectionService: stats => 1708616611164,-2564451,3557
02-22 16:43:31.166  5667 12699 I BatteryMgr:DataCollectionService: stats => 1708616611166,-2564451,3557
02-22 16:43:32.168  5667 29583 I BatteryMgr:DataCollectionService: stats => 1708616612168,-2547850,3557
02-22 16:43:32.169  5667 11056 I BatteryMgr:DataCollectionService: stats => 1708616612169,-2547850,3557
02-22 16:43:32.169  5667 12699 I BatteryMgr:DataCollectionService: stats => 1708616612169,-2547850,3557
02-22 16:43:33.174  5667 11056 I BatteryMgr:DataCollectionService: stats => 1708616613173,-2582029,3557
02-22 16:43:33.174  5667 29582 I BatteryMgr:DataCollectionService: stats => 1708616613174,-2582029,3557
02-22 16:43:33.177  5667 12700 I BatteryMgr:DataCollectionService: stats => 1708616613177,-2582029,3557
02-22 16:43:34.182  5667 12700 I BatteryMgr:DataCollectionService: stats => 1708616614182,-2592772,3554
02-22 16:43:34.184  5667 29583 I BatteryMgr:DataCollectionService: stats => 1708616614184,-2592772,3554
02-22 16:43:34.184  5667 29582 I BatteryMgr:DataCollectionService: stats => 1708616614184,-2592772,3554
02-22 16:43:35.188  5667 29582 I BatteryMgr:DataCollectionService: stats => 1708616615188,-2611326,3554
02-22 16:43:35.189  5667 12700 I BatteryMgr:DataCollectionService: stats => 1708616615189,-2611326,3554
02-22 16:43:35.194  5667 29583 I BatteryMgr:DataCollectionService: stats => 1708616615193,-2611326,3554
02-22 16:43:36.193  5667 29583 I BatteryMgr:DataCollectionService: stats => 1708616616193,-2615721,3554
02-22 16:43:36.194  5667 12700 I BatteryMgr:DataCollectionService: stats => 1708616616194,-2615721,3554
02-22 16:43:36.198  5667 12700 I BatteryMgr:DataCollectionService: stats => 1708616616198,-2615721,3554
02-22 16:43:37.197  5667 29583 I BatteryMgr:DataCollectionService: stats => 1708616617197,-2573240,3554
02-22 16:43:37.197  5667 12700 I BatteryMgr:DataCollectionService: stats => 1708616617197,-2573240,3554
02-22 16:43:37.201  5667 12700 I BatteryMgr:DataCollectionService: stats => 1708616617201,-2573240,3554
02-22 16:43:38.205  5667 29583 I BatteryMgr:DataCollectionService: stats => 1708616618205,-2632322,3554
02-22 16:43:38.206  5667 12700 I BatteryMgr:DataCollectionService: stats => 1708616618206,-2632322,3554
02-22 16:43:38.210  5667 11056 I BatteryMgr:DataCollectionService: stats => 1708616618210,-2632322,3554
02-22 16:43:39.210  5667 29582 I BatteryMgr:DataCollectionService: stats => 1708616619210,-2683104,3549
02-22 16:43:39.210  5667 12700 I BatteryMgr:DataCollectionService: stats => 1708616619210,-2683104,3549
02-22 16:43:39.213  5667 12700 I BatteryMgr:DataCollectionService: stats => 1708616619212,-2683104,3549
02-22 16:43:40.214  5667 29582 I BatteryMgr:DataCollectionService: stats => 1708616620214,-2556151,3549
02-22 16:43:40.217  5667 12700 I BatteryMgr:DataCollectionService: stats => 1708616620217,-2556151,3549
02-22 16:43:40.220  5667 29582 I BatteryMgr:DataCollectionService: stats => 1708616620220,-2556151,3549
02-22 16:43:41.217  5667 29582 I BatteryMgr:DataCollectionService: stats => 1708616621217,-2572264,3549
02-22 16:43:41.220  5667 29582 I BatteryMgr:DataCollectionService: stats => 1708616621220,-2572264,3549
02-22 16:43:41.222  5667 29582 I BatteryMgr:DataCollectionService: stats => 1708616621222,-2572264,3549
02-22 16:43:42.221  5667 29582 I BatteryMgr:DataCollectionService: stats => 1708616622221,-2507811,3549
02-22 16:43:42.222  5667 12700 I BatteryMgr:DataCollectionService: stats => 1708616622222,-2507811,3549
02-22 16:43:42.225  5667 12700 I BatteryMgr:DataCollectionService: stats => 1708616622225,-2507811,3549
02-22 16:43:43.224  5667 12700 I BatteryMgr:DataCollectionService: stats => 1708616623224,-2559080,3549
02-22 16:43:43.224  5667 29582 I BatteryMgr:DataCollectionService: stats => 1708616623224,-2559080,3549
02-22 16:43:43.228  5667 29582 I BatteryMgr:DataCollectionService: stats => 1708616623228,-2559080,3549
02-22 16:43:44.228  5667 29583 I BatteryMgr:DataCollectionService: stats => 1708616624228,-2645018,3549
02-22 16:43:44.229  5667 29582 I BatteryMgr:DataCollectionService: stats => 1708616624228,-2645018,3549
02-22 16:43:44.231  5667 29582 I BatteryMgr:DataCollectionService: stats => 1708616624231,-2645018,3549
02-22 16:43:45.233  5667 29582 I BatteryMgr:DataCollectionService: stats => 1708616625233,-2585447,3549
02-22 16:43:45.234  5667 29583 I BatteryMgr:DataCollectionService: stats => 1708616625234,-2585447,3549
02-22 16:43:45.238  5667 12700 I BatteryMgr:DataCollectionService: stats => 1708616625238,-2585447,3549
02-22 16:43:46.242  5667 29583 I BatteryMgr:DataCollectionService: stats => 1708616626242,-2555174,3549
02-22 16:43:46.243  5667 29582 I BatteryMgr:DataCollectionService: stats => 1708616626243,-2555174,3549
02-22 16:43:46.243  5667 11056 I BatteryMgr:DataCollectionService: stats => 1708616626243,-2555174,3549
02-22 16:43:47.248  5667 12699 I BatteryMgr:DataCollectionService: stats => 1708616627248,-2635252,3549
02-22 16:43:47.249  5667 29582 I BatteryMgr:DataCollectionService: stats => 1708616627249,-2635252,3549
02-22 16:43:47.251  5667 11056 I BatteryMgr:DataCollectionService: stats => 1708616627251,-2635252,3549
02-22 16:43:48.253  5667 11056 I BatteryMgr:DataCollectionService: stats => 1708616628253,-2585936,3549
02-22 16:43:48.253  5667 29582 I BatteryMgr:DataCollectionService: stats => 1708616628253,-2585936,3549
02-22 16:43:48.255  5667 29583 I BatteryMgr:DataCollectionService: stats => 1708616628254,-2585936,3549
02-22 16:43:49.257  5667 29583 I BatteryMgr:DataCollectionService: stats => 1708616629257,-2606932,3552
02-22 16:43:49.257  5667 11056 I BatteryMgr:DataCollectionService: stats => 1708616629257,-2606932,3552
02-22 16:43:49.258  5667 29582 I BatteryMgr:DataCollectionService: stats => 1708616629257,-2606932,3552
02-22 16:43:50.263  5667 29582 I BatteryMgr:DataCollectionService: stats => 1708616630263,-2656248,3552
02-22 16:43:50.263  5667 29583 I BatteryMgr:DataCollectionService: stats => 1708616630263,-2656248,3552
02-22 16:43:50.264  5667 11056 I BatteryMgr:DataCollectionService: stats => 1708616630264,-2656248,3552
02-22 16:43:51.268  5667 29583 I BatteryMgr:DataCollectionService: stats => 1708616631268,-2579100,3552
02-22 16:43:51.269  5667 29582 I BatteryMgr:DataCollectionService: stats => 1708616631268,-2579100,3552
02-22 16:43:51.269  5667 11056 I BatteryMgr:DataCollectionService: stats => 1708616631268,-2579100,3552
02-22 16:43:52.274  5667 29582 I BatteryMgr:DataCollectionService: stats => 1708616632274,-2591795,3552
02-22 16:43:52.277  5667 29583 I BatteryMgr:DataCollectionService: stats => 1708616632277,-2591795,3552
02-22 16:43:52.277  5667 11056 I BatteryMgr:DataCollectionService: stats => 1708616632277,-2591795,3552
02-22 16:43:53.280  5667 29583 I BatteryMgr:DataCollectionService: stats => 1708616633280,-2611326,3552
02-22 16:43:53.281  5667 29582 I BatteryMgr:DataCollectionService: stats => 1708616633280,-2611326,3552
02-22 16:43:53.281  5667 11056 I BatteryMgr:DataCollectionService: stats => 1708616633280,-2611326,3552
02-22 16:43:54.289  5667 11056 I BatteryMgr:DataCollectionService: stats => 1708616634286,-2604979,3552
02-22 16:43:54.289  5667 29582 I BatteryMgr:DataCollectionService: stats => 1708616634289,-2604979,3552
02-22 16:43:54.290  5667 29583 I BatteryMgr:DataCollectionService: stats => 1708616634288,-2604979,3552
02-22 16:43:55.291  5667 29582 I BatteryMgr:DataCollectionService: stats => 1708616635291,-2600584,3552
02-22 16:43:55.292  5667 29583 I BatteryMgr:DataCollectionService: stats => 1708616635291,-2600584,3552
02-22 16:43:55.292  5667 12700 I BatteryMgr:DataCollectionService: stats => 1708616635292,-2600584,3552
02-22 16:43:56.296  5667 29583 I BatteryMgr:DataCollectionService: stats => 1708616636295,-2633299,3552
02-22 16:43:56.297  5667 12700 I BatteryMgr:DataCollectionService: stats => 1708616636296,-2633299,3552
02-22 16:43:56.297  5667 11056 I BatteryMgr:DataCollectionService: stats => 1708616636296,-2633299,3552
02-22 16:43:57.303  5667 11056 I BatteryMgr:DataCollectionService: stats => 1708616637303,-2530272,3552
02-22 16:43:57.303  5667 29583 I BatteryMgr:DataCollectionService: stats => 1708616637303,-2530272,3552
02-22 16:43:57.303  5667 12700 I BatteryMgr:DataCollectionService: stats => 1708616637303,-2530272,3552
02-22 16:43:58.306  5667 12700 I BatteryMgr:DataCollectionService: stats => 1708616638306,-2558592,3552
02-22 16:43:58.307  5667 29583 I BatteryMgr:DataCollectionService: stats => 1708616638306,-2558592,3552
02-22 16:43:58.310  5667 11056 I BatteryMgr:DataCollectionService: stats => 1708616638310,-2558592,3552
02-22 16:43:59.314  5667 29583 I BatteryMgr:DataCollectionService: stats => 1708616639314,-2602049,3552
02-22 16:43:59.320  5667 12700 I BatteryMgr:DataCollectionService: stats => 1708616639320,-2602049,3552
02-22 16:43:59.320  5667 11056 I BatteryMgr:DataCollectionService: stats => 1708616639320,-2602049,3552
02-22 16:44:00.320  5667 12700 I BatteryMgr:DataCollectionService: stats => 1708616640320,-2541990,3552
02-22 16:44:00.323  5667 12700 I BatteryMgr:DataCollectionService: stats => 1708616640323,-2541990,3552
02-22 16:44:00.323  5667 11056 I BatteryMgr:DataCollectionService: stats => 1708616640323,-2541990,3552
02-22 16:44:01.324  5667 11056 I BatteryMgr:DataCollectionService: stats => 1708616641324,-2565916,3552
02-22 16:44:01.329  5667 12700 I BatteryMgr:DataCollectionService: stats => 1708616641328,-2565916,3552
02-22 16:44:01.329  5667 12699 I BatteryMgr:DataCollectionService: stats => 1708616641328,-2565916,3552
02-22 16:44:02.331  5667 12699 I BatteryMgr:DataCollectionService: stats => 1708616642331,-2613279,3552
02-22 16:44:02.332  5667 12700 I BatteryMgr:DataCollectionService: stats => 1708616642331,-2613279,3552
02-22 16:44:02.333  5667 29583 I BatteryMgr:DataCollectionService: stats => 1708616642333,-2613279,3552
02-22 16:44:03.337  5667 12700 I BatteryMgr:DataCollectionService: stats => 1708616643337,-2605467,3552
02-22 16:44:03.338  5667 29583 I BatteryMgr:DataCollectionService: stats => 1708616643338,-2605467,3552
02-22 16:44:03.338  5667 11056 I BatteryMgr:DataCollectionService: stats => 1708616643338,-2605467,3552
02-22 16:44:04.340  5667 12700 I BatteryMgr:DataCollectionService: stats => 1708616644340,-2583983,3552
02-22 16:44:04.340  5667 11056 I BatteryMgr:DataCollectionService: stats => 1708616644340,-2583983,3552
02-22 16:44:04.341  5667 29583 I BatteryMgr:DataCollectionService: stats => 1708616644340,-2583983,3552
02-22 16:44:05.345  5667 29583 I BatteryMgr:DataCollectionService: stats => 1708616645344,-2626463,3552
02-22 16:44:05.345  5667 11056 I BatteryMgr:DataCollectionService: stats => 1708616645345,-2626463,3552
02-22 16:44:05.346  5667 12700 I BatteryMgr:DataCollectionService: stats => 1708616645346,-2626463,3552
02-22 16:44:06.347  5667 12700 I BatteryMgr:DataCollectionService: stats => 1708616646347,-2617674,3552
02-22 16:44:06.347  5667 11056 I BatteryMgr:DataCollectionService: stats => 1708616646347,-2617674,3552
02-22 16:44:06.348  5667 29583 I BatteryMgr:DataCollectionService: stats => 1708616646348,-2617674,3552
02-22 16:44:07.358  5667 29583 I BatteryMgr:DataCollectionService: stats => 1708616647358,-2608885,3552
02-22 16:44:07.359  5667 11056 I BatteryMgr:DataCollectionService: stats => 1708616647359,-2608885,3552
02-22 16:44:07.362  5667 12700 I BatteryMgr:DataCollectionService: stats => 1708616647362,-2608885,3552
02-22 16:44:08.362  5667 12700 I BatteryMgr:DataCollectionService: stats => 1708616648362,-2609861,3552
02-22 16:44:08.369  5667 11056 I BatteryMgr:DataCollectionService: stats => 1708616648368,-2609861,3552
02-22 16:44:08.369  5667 29583 I BatteryMgr:DataCollectionService: stats => 1708616648369,-2609861,3552
02-22 16:44:09.371  5667 11056 I BatteryMgr:DataCollectionService: stats => 1708616649371,-2593260,3551
02-22 16:44:09.372  5667 29583 I BatteryMgr:DataCollectionService: stats => 1708616649372,-2593260,3551
02-22 16:44:09.372  5667 12700 I BatteryMgr:DataCollectionService: stats => 1708616649372,-2593260,3551
02-22 16:44:10.377  5667 29582 I BatteryMgr:DataCollectionService: stats => 1708616650377,-2626463,3549
02-22 16:44:10.378  5667 11056 I BatteryMgr:DataCollectionService: stats => 1708616650377,-2626463,3549
02-22 16:44:10.386  5667 29583 I BatteryMgr:DataCollectionService: stats => 1708616650386,-2626463,3549
02-22 16:44:11.386  5667 29583 I BatteryMgr:DataCollectionService: stats => 1708616651385,-2675291,3549
02-22 16:44:11.399  5667 29582 I BatteryMgr:DataCollectionService: stats => 1708616651399,-2675291,3549
02-22 16:44:11.438  5667 29583 I BatteryMgr:DataCollectionService: stats => 1708616651409,-2675291,3549
02-22 16:44:12.399  5667 29583 I BatteryMgr:DataCollectionService: stats => 1708616652399,-2791014,3549
02-22 16:44:12.403  5667 29583 I BatteryMgr:DataCollectionService: stats => 1708616652403,-2791014,3549
02-22 16:44:12.440  5667 29583 I BatteryMgr:DataCollectionService: stats => 1708616652440,-2791014,3549
02-22 16:44:13.413  5667 11056 I BatteryMgr:DataCollectionService: stats => 1708616653413,-2621580,3549
02-22 16:44:13.427  5667 29583 I BatteryMgr:DataCollectionService: stats => 1708616653427,-2621580,3549
02-22 16:44:13.444  5667 29583 I BatteryMgr:DataCollectionService: stats => 1708616653444,-2621580,3549
02-22 16:44:14.416  5667 29583 I BatteryMgr:DataCollectionService: stats => 1708616654416,-2622557,3549
02-22 16:44:14.441  5667 29583 I BatteryMgr:DataCollectionService: stats => 1708616654436,-2622557,3549
02-22 16:44:14.450  5667 29583 I BatteryMgr:DataCollectionService: stats => 1708616654450,-2622557,3549
02-22 16:44:15.419  5667 29583 I BatteryMgr:DataCollectionService: stats => 1708616655419,-2602537,3549
02-22 16:44:15.446  5667 29583 I BatteryMgr:DataCollectionService: stats => 1708616655446,-2602537,3549
02-22 16:44:15.453  5667 29583 I BatteryMgr:DataCollectionService: stats => 1708616655453,-2602537,3549
02-22 16:44:16.422  5667 29583 I BatteryMgr:DataCollectionService: stats => 1708616656422,-2613768,3549
02-22 16:44:16.450  5667 29583 I BatteryMgr:DataCollectionService: stats => 1708616656450,-2613768,3549
02-22 16:44:16.455  5667 29583 I BatteryMgr:DataCollectionService: stats => 1708616656454,-2613768,3549
02-22 16:44:17.424  5667 29583 I BatteryMgr:DataCollectionService: stats => 1708616657424,-2635740,3549
02-22 16:44:17.453  5667 29583 I BatteryMgr:DataCollectionService: stats => 1708616657452,-2635740,3549
02-22 16:44:17.457  5667 29583 I BatteryMgr:DataCollectionService: stats => 1708616657457,-2635740,3549
02-22 16:44:18.435  5667 29583 I BatteryMgr:DataCollectionService: stats => 1708616658435,-2659178,3549
02-22 16:44:18.456  5667 29583 I BatteryMgr:DataCollectionService: stats => 1708616658456,-2659178,3549
02-22 16:44:18.462  5667 29583 I BatteryMgr:DataCollectionService: stats => 1708616658462,-2659178,3549
02-22 16:44:19.440  5667 29583 I BatteryMgr:DataCollectionService: stats => 1708616659440,-2625975,3548
02-22 16:44:19.458  5667 29583 I BatteryMgr:DataCollectionService: stats => 1708616659458,-2625975,3548
02-22 16:44:19.464  5667 29583 I BatteryMgr:DataCollectionService: stats => 1708616659464,-2625975,3548
02-22 16:44:20.458  5667 29583 I BatteryMgr:DataCollectionService: stats => 1708616660458,-2596190,3548
02-22 16:44:20.461  5667 29583 I BatteryMgr:DataCollectionService: stats => 1708616660461,-2596190,3548
02-22 16:44:20.469  5667 29583 I BatteryMgr:DataCollectionService: stats => 1708616660469,-2596190,3548
02-22 16:44:21.465  5667 29583 I BatteryMgr:DataCollectionService: stats => 1708616661464,-2643065,3548
02-22 16:44:21.468  5667 11056 I BatteryMgr:DataCollectionService: stats => 1708616661467,-2643065,3548
02-22 16:44:21.488  5667 11056 I BatteryMgr:DataCollectionService: stats => 1708616661484,-2643065,3548
02-22 16:44:22.474  5667 29583 I BatteryMgr:DataCollectionService: stats => 1708616662474,-2678709,3548
02-22 16:44:22.476  5667 11056 I BatteryMgr:DataCollectionService: stats => 1708616662476,-2678709,3548
02-22 16:44:22.493  5667 11056 I BatteryMgr:DataCollectionService: stats => 1708616662493,-2678709,3548
02-22 16:44:23.478  5667 11056 I BatteryMgr:DataCollectionService: stats => 1708616663478,-2596190,3548
02-22 16:44:23.478  5667 29583 I BatteryMgr:DataCollectionService: stats => 1708616663478,-2596190,3548
02-22 16:44:23.496  5667 11056 I BatteryMgr:DataCollectionService: stats => 1708616663496,-2596190,3548
02-22 16:44:24.481  5667 11056 I BatteryMgr:DataCollectionService: stats => 1708616664481,-2608397,3548
02-22 16:44:24.482  5667 29583 I BatteryMgr:DataCollectionService: stats => 1708616664482,-2608397,3548
02-22 16:44:24.499  5667 11056 I BatteryMgr:DataCollectionService: stats => 1708616664499,-2608397,3548
02-22 16:44:25.485  5667 11056 I BatteryMgr:DataCollectionService: stats => 1708616665485,-2689451,3548
02-22 16:44:25.485  5667 29582 I BatteryMgr:DataCollectionService: stats => 1708616665485,-2689451,3548
02-22 16:44:25.501  5667 29582 I BatteryMgr:DataCollectionService: stats => 1708616665501,-2689451,3548
02-22 16:44:26.488  5667 11056 I BatteryMgr:DataCollectionService: stats => 1708616666488,-2598143,3548
02-22 16:44:26.488  5667 29582 I BatteryMgr:DataCollectionService: stats => 1708616666488,-2598143,3548
02-22 16:44:26.504  5667 29582 I BatteryMgr:DataCollectionService: stats => 1708616666504,-2598143,3548
02-22 16:44:27.491  5667 11056 I BatteryMgr:DataCollectionService: stats => 1708616667491,-2654295,3548
02-22 16:44:27.491  5667 29582 I BatteryMgr:DataCollectionService: stats => 1708616667491,-2654295,3548
02-22 16:44:27.508  5667 11056 I BatteryMgr:DataCollectionService: stats => 1708616667508,-2654295,3548
02-22 16:44:28.493  5667 12700 I BatteryMgr:DataCollectionService: stats => 1708616668493,-2668455,3548
02-22 16:44:28.494  5667 11056 I BatteryMgr:DataCollectionService: stats => 1708616668494,-2668455,3548
02-22 16:44:28.518  5667 12700 I BatteryMgr:DataCollectionService: stats => 1708616668518,-2668455,3548
02-22 16:44:29.496  5667 11056 I BatteryMgr:DataCollectionService: stats => 1708616669496,-2671873,3545
02-22 16:44:29.497  5667 12700 I BatteryMgr:DataCollectionService: stats => 1708616669497,-2671873,3545
02-22 16:44:29.521  5667 12700 I BatteryMgr:DataCollectionService: stats => 1708616669521,-2671873,3545
02-22 16:44:30.499  5667 12700 I BatteryMgr:DataCollectionService: stats => 1708616670499,-2679686,3545
02-22 16:44:30.500  5667 11056 I BatteryMgr:DataCollectionService: stats => 1708616670500,-2679686,3545
02-22 16:44:30.526  5667 11056 I BatteryMgr:DataCollectionService: stats => 1708616670526,-2679686,3545
02-22 16:44:31.501  5667 11056 I BatteryMgr:DataCollectionService: stats => 1708616671501,-2622068,3545
02-22 16:44:31.501  5667 12700 I BatteryMgr:DataCollectionService: stats => 1708616671501,-2622068,3545
02-22 16:44:31.528  5667 11056 I BatteryMgr:DataCollectionService: stats => 1708616671528,-2622068,3545
02-22 16:44:32.505  5667 11056 I BatteryMgr:DataCollectionService: stats => 1708616672505,-2603026,3545
02-22 16:44:32.506  5667 29583 I BatteryMgr:DataCollectionService: stats => 1708616672506,-2603026,3545
02-22 16:44:32.531  5667 29583 I BatteryMgr:DataCollectionService: stats => 1708616672531,-2603026,3545
02-22 16:44:33.508  5667 29583 I BatteryMgr:DataCollectionService: stats => 1708616673508,-2663572,3545
02-22 16:44:33.512  5667 29583 I BatteryMgr:DataCollectionService: stats => 1708616673511,-2663572,3545
02-22 16:44:33.534  5667 29583 I BatteryMgr:DataCollectionService: stats => 1708616673534,-2663572,3545
02-22 16:44:34.511  5667 29583 I BatteryMgr:DataCollectionService: stats => 1708616674511,-2656248,3545
02-22 16:44:34.515  5667 29583 I BatteryMgr:DataCollectionService: stats => 1708616674515,-2656248,3545
02-22 16:44:34.539  5667 29583 I BatteryMgr:DataCollectionService: stats => 1708616674539,-2656248,3545
02-22 16:44:35.517  5667 29583 I BatteryMgr:DataCollectionService: stats => 1708616675517,-2708006,3545
02-22 16:44:35.519  5667 29583 I BatteryMgr:DataCollectionService: stats => 1708616675519,-2708006,3545
02-22 16:44:35.543  5667 29583 I BatteryMgr:DataCollectionService: stats => 1708616675543,-2708006,3545
02-22 16:44:36.519  5667 29583 I BatteryMgr:DataCollectionService: stats => 1708616676519,-2645506,3545
02-22 16:44:36.522  5667 29583 I BatteryMgr:DataCollectionService: stats => 1708616676522,-2645506,3545
02-22 16:44:36.547  5667 29583 I BatteryMgr:DataCollectionService: stats => 1708616676547,-2645506,3545
02-22 16:44:37.522  5667 29583 I BatteryMgr:DataCollectionService: stats => 1708616677522,-2636229,3547
02-22 16:44:37.524  5667 29583 I BatteryMgr:DataCollectionService: stats => 1708616677524,-2636229,3547
02-22 16:44:37.554  5667 29583 I BatteryMgr:DataCollectionService: stats => 1708616677554,-2636229,3547
02-22 16:44:38.526  5667 29582 I BatteryMgr:DataCollectionService: stats => 1708616678526,-2662596,3547
02-22 16:44:38.527  5667 29583 I BatteryMgr:DataCollectionService: stats => 1708616678526,-2662596,3547
02-22 16:44:38.557  5667 29582 I BatteryMgr:DataCollectionService: stats => 1708616678557,-2662596,3547
02-22 16:44:39.530  5667 29583 I BatteryMgr:DataCollectionService: stats => 1708616679530,-2661619,3545
02-22 16:44:39.530  5667 29582 I BatteryMgr:DataCollectionService: stats => 1708616679529,-2661619,3545
02-22 16:44:39.560  5667 29583 I BatteryMgr:DataCollectionService: stats => 1708616679559,-2661619,3545
02-22 16:44:40.533  5667 29583 I BatteryMgr:DataCollectionService: stats => 1708616680533,-2665037,3545
02-22 16:44:40.533  5667 11056 I BatteryMgr:DataCollectionService: stats => 1708616680533,-2665037,3545
02-22 16:44:40.562  5667 11056 I BatteryMgr:DataCollectionService: stats => 1708616680562,-2665037,3545
02-22 16:44:41.536  5667 11056 I BatteryMgr:DataCollectionService: stats => 1708616681536,-2673826,3545
02-22 16:44:41.536  5667 29583 I BatteryMgr:DataCollectionService: stats => 1708616681536,-2673826,3545
02-22 16:44:41.566  5667 11056 I BatteryMgr:DataCollectionService: stats => 1708616681566,-2673826,3545
02-22 16:44:42.541  5667 11056 I BatteryMgr:DataCollectionService: stats => 1708616682541,-2701658,3545
02-22 16:44:42.542  5667 29583 I BatteryMgr:DataCollectionService: stats => 1708616682541,-2701658,3545
02-22 16:44:42.569  5667 29583 I BatteryMgr:DataCollectionService: stats => 1708616682569,-2701658,3545
02-22 16:44:43.545  5667 11056 I BatteryMgr:DataCollectionService: stats => 1708616683545,-2633299,3545
02-22 16:44:43.550  5667 29583 I BatteryMgr:DataCollectionService: stats => 1708616683545,-2633299,3545
02-22 16:44:43.572  5667 29583 I BatteryMgr:DataCollectionService: stats => 1708616683572,-2633299,3545
02-22 16:44:44.553  5667 29583 I BatteryMgr:DataCollectionService: stats => 1708616684553,-2666990,3545
02-22 16:44:44.554  5667 11056 I BatteryMgr:DataCollectionService: stats => 1708616684553,-2666990,3545
02-22 16:44:44.574  5667 11056 I BatteryMgr:DataCollectionService: stats => 1708616684574,-2666990,3545
02-22 16:44:45.557  5667 29583 I BatteryMgr:DataCollectionService: stats => 1708616685557,-2683592,3544
02-22 16:44:45.558  5667 11056 I BatteryMgr:DataCollectionService: stats => 1708616685558,-2683592,3544
02-22 16:44:45.577  5667 11056 I BatteryMgr:DataCollectionService: stats => 1708616685577,-2683592,3544
02-22 16:44:46.561  5667 29583 I BatteryMgr:DataCollectionService: stats => 1708616686561,-2689940,3544
02-22 16:44:46.561  5667 11056 I BatteryMgr:DataCollectionService: stats => 1708616686561,-2689940,3544
02-22 16:44:46.581  5667 11056 I BatteryMgr:DataCollectionService: stats => 1708616686580,-2705565,3544
02-22 16:44:47.566  5667 29583 I BatteryMgr:DataCollectionService: stats => 1708616687566,-2705565,3544
02-22 16:44:47.567  5667 11056 I BatteryMgr:DataCollectionService: stats => 1708616687567,-2705565,3544
02-22 16:44:47.590  5667 11056 I BatteryMgr:DataCollectionService: stats => 1708616687585,-2737791,3544
02-22 16:44:48.574  5667 29583 I BatteryMgr:DataCollectionService: stats => 1708616688574,-2663084,3544
02-22 16:44:48.575  5667 11056 I BatteryMgr:DataCollectionService: stats => 1708616688575,-2663084,3544
02-22 16:44:48.594  5667 11056 I BatteryMgr:DataCollectionService: stats => 1708616688594,-2663084,3544
02-22 16:44:49.589  5667 11056 I BatteryMgr:DataCollectionService: stats => 1708616689586,-2669920,3545
02-22 16:44:49.589  5667 29582 I BatteryMgr:DataCollectionService: stats => 1708616689586,-2669920,3545
02-22 16:44:49.599  5667 11056 I BatteryMgr:DataCollectionService: stats => 1708616689599,-2669920,3545
02-22 16:44:50.592  5667 11056 I BatteryMgr:DataCollectionService: stats => 1708616690592,-2644529,3545
02-22 16:44:50.594  5667 29583 I BatteryMgr:DataCollectionService: stats => 1708616690594,-2644529,3545
02-22 16:44:50.602  5667 29583 I BatteryMgr:DataCollectionService: stats => 1708616690602,-2644529,3545
02-22 16:44:51.596  5667 29583 I BatteryMgr:DataCollectionService: stats => 1708616691596,-2642576,3545
02-22 16:44:51.597  5667 11056 I BatteryMgr:DataCollectionService: stats => 1708616691597,-2642576,3545
02-22 16:44:51.605  5667 11056 I BatteryMgr:DataCollectionService: stats => 1708616691605,-2642576,3545
02-22 16:44:52.605  5667 29583 I BatteryMgr:DataCollectionService: stats => 1708616692605,-2641600,3545
02-22 16:44:52.607  5667 11056 I BatteryMgr:DataCollectionService: stats => 1708616692606,-2641600,3545
02-22 16:44:52.611  5667 11056 I BatteryMgr:DataCollectionService: stats => 1708616692611,-2641600,3545
02-22 16:44:53.611  5667 29582 I BatteryMgr:DataCollectionService: stats => 1708616693611,-2643553,3545
02-22 16:44:53.611  5667 11056 I BatteryMgr:DataCollectionService: stats => 1708616693611,-2643553,3545
02-22 16:44:53.614  5667 29582 I BatteryMgr:DataCollectionService: stats => 1708616693614,-2643553,3545
02-22 16:44:54.616  5667 29582 I BatteryMgr:DataCollectionService: stats => 1708616694616,-2822752,3545
02-22 16:44:54.621  5667 29582 I BatteryMgr:DataCollectionService: stats => 1708616694621,-2822752,3545
02-22 16:44:54.623  5667 11056 I BatteryMgr:DataCollectionService: stats => 1708616694623,-2822752,3545
02-22 16:44:55.620  5667 11056 I BatteryMgr:DataCollectionService: stats => 1708616695620,-2639158,3545
02-22 16:44:55.623  5667 11056 I BatteryMgr:DataCollectionService: stats => 1708616695623,-2639158,3545
02-22 16:44:55.626  5667 11056 I BatteryMgr:DataCollectionService: stats => 1708616695626,-2639158,3545
02-22 16:44:56.623  5667 11056 I BatteryMgr:DataCollectionService: stats => 1708616696623,-2627440,3545
02-22 16:44:56.627  5667 11056 I BatteryMgr:DataCollectionService: stats => 1708616696627,-2627440,3545
02-22 16:44:56.631  5667 29582 I BatteryMgr:DataCollectionService: stats => 1708616696631,-2627440,3545
02-22 16:44:57.631  5667 12700 I BatteryMgr:DataCollectionService: stats => 1708616697631,-2593748,3545
02-22 16:44:57.631  5667 29582 I BatteryMgr:DataCollectionService: stats => 1708616697631,-2593748,3545
02-22 16:44:57.634  5667 29582 I BatteryMgr:DataCollectionService: stats => 1708616697634,-2593748,3545
02-22 16:44:58.636  5667 12700 I BatteryMgr:DataCollectionService: stats => 1708616698636,-2653807,3545
02-22 16:44:58.636  5667 29583 I BatteryMgr:DataCollectionService: stats => 1708616698636,-2653807,3545
02-22 16:44:58.637  5667 29582 I BatteryMgr:DataCollectionService: stats => 1708616698637,-2653807,3545
02-22 16:44:59.642  5667 29582 I BatteryMgr:DataCollectionService: stats => 1708616699642,-2626951,3546
02-22 16:44:59.645  5667 29583 I BatteryMgr:DataCollectionService: stats => 1708616699645,-2626951,3546
02-22 16:44:59.645  5667 12700 I BatteryMgr:DataCollectionService: stats => 1708616699644,-2626951,3546
02-22 16:45:00.648  5667 29582 I BatteryMgr:DataCollectionService: stats => 1708616700648,-2657225,3546
02-22 16:45:00.649  5667 29583 I BatteryMgr:DataCollectionService: stats => 1708616700649,-2657225,3546
02-22 16:45:00.649  5667 12700 I BatteryMgr:DataCollectionService: stats => 1708616700649,-2657225,3546
02-22 16:45:01.650  5667 12700 I BatteryMgr:DataCollectionService: stats => 1708616701650,-2597654,3546
02-22 16:45:01.650  5667 29583 I BatteryMgr:DataCollectionService: stats => 1708616701650,-2597654,3546
02-22 16:45:01.650  5667 29582 I BatteryMgr:DataCollectionService: stats => 1708616701650,-2597654,3546
02-22 16:45:02.653  5667 12700 I BatteryMgr:DataCollectionService: stats => 1708616702652,-2646971,3546
02-22 16:45:02.653  5667 29583 I BatteryMgr:DataCollectionService: stats => 1708616702653,-2646971,3546
02-22 16:45:02.653  5667 29582 I BatteryMgr:DataCollectionService: stats => 1708616702653,-2646971,3546
02-22 16:45:03.655  5667 29582 I BatteryMgr:DataCollectionService: stats => 1708616703655,-2656736,3546
02-22 16:45:03.656  5667 29583 I BatteryMgr:DataCollectionService: stats => 1708616703656,-2656736,3546
02-22 16:45:03.656  5667 11056 I BatteryMgr:DataCollectionService: stats => 1708616703655,-2656736,3546
02-22 16:45:04.659  5667 29582 I BatteryMgr:DataCollectionService: stats => 1708616704659,-2671385,3546
02-22 16:45:04.659  5667 29583 I BatteryMgr:DataCollectionService: stats => 1708616704659,-2671385,3546
02-22 16:45:04.661  5667 11056 I BatteryMgr:DataCollectionService: stats => 1708616704661,-2671385,3546
02-22 16:45:05.662  5667 11056 I BatteryMgr:DataCollectionService: stats => 1708616705662,-2561033,3546
02-22 16:45:05.662  5667 29583 I BatteryMgr:DataCollectionService: stats => 1708616705662,-2561033,3546
02-22 16:45:05.663  5667 29582 I BatteryMgr:DataCollectionService: stats => 1708616705663,-2561033,3546
02-22 16:45:06.665  5667 12701 I BatteryMgr:DataCollectionService: stats => 1708616706665,-2581053,3546
02-22 16:45:06.666  5667 29582 I BatteryMgr:DataCollectionService: stats => 1708616706666,-2581053,3546
02-22 16:45:06.667  5667 29583 I BatteryMgr:DataCollectionService: stats => 1708616706666,-2581053,3546
02-22 16:45:07.668  5667 29583 I BatteryMgr:DataCollectionService: stats => 1708616707668,-2564940,3546
02-22 16:45:07.668  5667 29582 I BatteryMgr:DataCollectionService: stats => 1708616707668,-2564940,3546
02-22 16:45:07.669  5667 12701 I BatteryMgr:DataCollectionService: stats => 1708616707668,-2564940,3546
02-22 16:45:08.683  5667 12701 I BatteryMgr:DataCollectionService: stats => 1708616708683,-2622557,3546
02-22 16:45:08.700  5667 29582 I BatteryMgr:DataCollectionService: stats => 1708616708700,-2622557,3546
02-22 16:45:08.700  5667 11056 I BatteryMgr:DataCollectionService: stats => 1708616708700,-2622557,3546
02-22 16:45:09.697  5667 29582 I BatteryMgr:DataCollectionService: stats => 1708616709697,-2652830,3547
02-22 16:45:09.707  5667 29582 I BatteryMgr:DataCollectionService: stats => 1708616709706,-2652830,3547
02-22 16:45:09.709  5667 11056 I BatteryMgr:DataCollectionService: stats => 1708616709709,-2652830,3547
02-22 16:45:10.700  5667 11056 I BatteryMgr:DataCollectionService: stats => 1708616710699,-2632322,3547
02-22 16:45:10.713  5667 29583 I BatteryMgr:DataCollectionService: stats => 1708616710713,-2632322,3547
02-22 16:45:10.715  5667 11056 I BatteryMgr:DataCollectionService: stats => 1708616710715,-2632322,3547
02-22 16:45:11.702  5667 11056 I BatteryMgr:DataCollectionService: stats => 1708616711701,-2632811,3547
02-22 16:45:11.716  5667 11056 I BatteryMgr:DataCollectionService: stats => 1708616711716,-2632811,3547
02-22 16:45:11.718  5667 29583 I BatteryMgr:DataCollectionService: stats => 1708616711718,-2632811,3547
02-22 16:45:12.706  5667 29583 I BatteryMgr:DataCollectionService: stats => 1708616712706,-2640623,3547
02-22 16:45:12.720  5667 29583 I BatteryMgr:DataCollectionService: stats => 1708616712720,-2640623,3547
02-22 16:45:12.726  5667 11056 I BatteryMgr:DataCollectionService: stats => 1708616712726,-2640623,3547
02-22 16:45:13.711  5667 11056 I BatteryMgr:DataCollectionService: stats => 1708616713711,-2683104,3547
02-22 16:45:13.725  5667 11056 I BatteryMgr:DataCollectionService: stats => 1708616713725,-2683104,3547
02-22 16:45:13.731  5667 11056 I BatteryMgr:DataCollectionService: stats => 1708616713731,-2683104,3547
02-22 16:45:14.714  5667 11056 I BatteryMgr:DataCollectionService: stats => 1708616714714,-2620604,3547
02-22 16:45:14.727  5667 11056 I BatteryMgr:DataCollectionService: stats => 1708616714727,-2620604,3547
02-22 16:45:14.734  5667 11056 I BatteryMgr:DataCollectionService: stats => 1708616714734,-2620604,3547
02-22 16:45:15.717  5667 11056 I BatteryMgr:DataCollectionService: stats => 1708616715717,-2624998,3547
02-22 16:45:15.730  5667 11056 I BatteryMgr:DataCollectionService: stats => 1708616715730,-2624998,3547
02-22 16:45:15.736  5667 11056 I BatteryMgr:DataCollectionService: stats => 1708616715736,-2624998,3547
02-22 16:45:16.720  5667 11056 I BatteryMgr:DataCollectionService: stats => 1708616716720,-2632322,3547
02-22 16:45:16.735  5667 11056 I BatteryMgr:DataCollectionService: stats => 1708616716735,-2632322,3547
02-22 16:45:16.741  5667 11056 I BatteryMgr:DataCollectionService: stats => 1708616716741,-2632322,3547
02-22 16:45:17.726  5667 11056 I BatteryMgr:DataCollectionService: stats => 1708616717725,-2628904,3547
02-22 16:45:17.738  5667 11056 I BatteryMgr:DataCollectionService: stats => 1708616717738,-2628904,3547
02-22 16:45:17.748  5667 11056 I BatteryMgr:DataCollectionService: stats => 1708616717748,-2628904,3547
02-22 16:45:18.730  5667 11056 I BatteryMgr:DataCollectionService: stats => 1708616718730,-2610838,3547
02-22 16:45:18.742  5667 11056 I BatteryMgr:DataCollectionService: stats => 1708616718742,-2610838,3547
02-22 16:45:18.750  5667 29583 I BatteryMgr:DataCollectionService: stats => 1708616718750,-2610838,3547
02-22 16:45:19.736  5667 29583 I BatteryMgr:DataCollectionService: stats => 1708616719736,-2646483,3546
02-22 16:45:19.746  5667 29583 I BatteryMgr:DataCollectionService: stats => 1708616719745,-2646483,3546
02-22 16:45:19.755  5667 29583 I BatteryMgr:DataCollectionService: stats => 1708616719755,-2646483,3546
02-22 16:45:20.738  5667 29583 I BatteryMgr:DataCollectionService: stats => 1708616720738,-2656248,3546
02-22 16:45:20.750  5667 29583 I BatteryMgr:DataCollectionService: stats => 1708616720750,-2656248,3546
02-22 16:45:20.759  5667 29583 I BatteryMgr:DataCollectionService: stats => 1708616720759,-2656248,3546
02-22 16:45:21.741  5667 29583 I BatteryMgr:DataCollectionService: stats => 1708616721741,-2561522,3546
02-22 16:45:21.754  5667 29583 I BatteryMgr:DataCollectionService: stats => 1708616721753,-2561522,3546
02-22 16:45:21.762  5667 29583 I BatteryMgr:DataCollectionService: stats => 1708616721762,-2561522,3546
02-22 16:45:22.750  5667 29583 I BatteryMgr:DataCollectionService: stats => 1708616722750,-2623533,3546
02-22 16:45:22.757  5667 29583 I BatteryMgr:DataCollectionService: stats => 1708616722757,-2623533,3546
02-22 16:45:22.765  5667 29583 I BatteryMgr:DataCollectionService: stats => 1708616722765,-2623533,3546
02-22 16:45:23.753  5667 29583 I BatteryMgr:DataCollectionService: stats => 1708616723753,-2655272,3544
02-22 16:45:23.761  5667 29583 I BatteryMgr:DataCollectionService: stats => 1708616723761,-2655272,3544
02-22 16:45:23.768  5667 29583 I BatteryMgr:DataCollectionService: stats => 1708616723768,-2655272,3544
02-22 16:45:24.767  5667 11056 I BatteryMgr:DataCollectionService: stats => 1708616724767,-2660643,3544
02-22 16:45:24.768  5667 29583 I BatteryMgr:DataCollectionService: stats => 1708616724768,-2660643,3544
02-22 16:45:24.771  5667 29583 I BatteryMgr:DataCollectionService: stats => 1708616724771,-2660643,3544
02-22 16:45:25.769  5667 29583 I BatteryMgr:DataCollectionService: stats => 1708616725769,-2624510,3544
02-22 16:45:25.771  5667 11056 I BatteryMgr:DataCollectionService: stats => 1708616725771,-2624510,3544
02-22 16:45:25.773  5667 11056 I BatteryMgr:DataCollectionService: stats => 1708616725773,-2624510,3544
02-22 16:45:26.774  5667 29583 I BatteryMgr:DataCollectionService: stats => 1708616726774,-2672850,3544
02-22 16:45:26.777  5667 29582 I BatteryMgr:DataCollectionService: stats => 1708616726777,-2672850,3544
02-22 16:45:26.778  5667 11056 I BatteryMgr:DataCollectionService: stats => 1708616726778,-2672850,3544
02-22 16:45:27.780  5667 11056 I BatteryMgr:DataCollectionService: stats => 1708616727779,-2642088,3544
02-22 16:45:27.780  5667 29582 I BatteryMgr:DataCollectionService: stats => 1708616727780,-2642088,3544
02-22 16:45:27.781  5667 29583 I BatteryMgr:DataCollectionService: stats => 1708616727781,-2642088,3544
02-22 16:45:28.785  5667 11056 I BatteryMgr:DataCollectionService: stats => 1708616728785,-2654295,3544
02-22 16:45:28.785  5667 29583 I BatteryMgr:DataCollectionService: stats => 1708616728785,-2654295,3544
02-22 16:45:28.785  5667 12701 I BatteryMgr:DataCollectionService: stats => 1708616728785,-2654295,3544
02-22 16:45:29.795  5667 12700 I BatteryMgr:DataCollectionService: stats => 1708616729795,-2648924,3543
02-22 16:45:29.797  5667 11056 I BatteryMgr:DataCollectionService: stats => 1708616729795,-2648924,3543
02-22 16:45:29.797  5667 29583 I BatteryMgr:DataCollectionService: stats => 1708616729796,-2648924,3543
02-22 16:45:30.799  5667 29582 I BatteryMgr:DataCollectionService: stats => 1708616730798,-2636717,3543
02-22 16:45:30.799  5667 11056 I BatteryMgr:DataCollectionService: stats => 1708616730799,-2636717,3543
02-22 16:45:30.799  5667 29583 I BatteryMgr:DataCollectionService: stats => 1708616730799,-2636717,3543
02-22 16:45:31.802  5667 11056 I BatteryMgr:DataCollectionService: stats => 1708616731802,-2634275,3543
02-22 16:45:31.802  5667 12700 I BatteryMgr:DataCollectionService: stats => 1708616731802,-2634275,3543
02-22 16:45:31.803  5667 29583 I BatteryMgr:DataCollectionService: stats => 1708616731803,-2634275,3543
02-22 16:45:32.806  5667 12700 I BatteryMgr:DataCollectionService: stats => 1708616732805,-2656736,3543
02-22 16:45:32.806  5667 29583 I BatteryMgr:DataCollectionService: stats => 1708616732806,-2656736,3543
02-22 16:45:32.806  5667 12699 I BatteryMgr:DataCollectionService: stats => 1708616732806,-2656736,3543
02-22 16:45:33.808  5667 12700 I BatteryMgr:DataCollectionService: stats => 1708616733808,-2544432,3543
02-22 16:45:33.809  5667 11056 I BatteryMgr:DataCollectionService: stats => 1708616733808,-2544432,3543
02-22 16:45:33.809  5667 12699 I BatteryMgr:DataCollectionService: stats => 1708616733808,-2544432,3543
02-22 16:45:34.812  5667 12699 I BatteryMgr:DataCollectionService: stats => 1708616734812,-2609861,3543
02-22 16:45:34.813  5667 12700 I BatteryMgr:DataCollectionService: stats => 1708616734812,-2609861,3543
02-22 16:45:34.813  5667 29582 I BatteryMgr:DataCollectionService: stats => 1708616734813,-2609861,3543
02-22 16:45:35.818  5667 29582 I BatteryMgr:DataCollectionService: stats => 1708616735818,-2576170,3543
02-22 16:45:35.819  5667 12700 I BatteryMgr:DataCollectionService: stats => 1708616735818,-2576170,3543
02-22 16:45:35.820  5667 12699 I BatteryMgr:DataCollectionService: stats => 1708616735820,-2576170,3543
02-22 16:45:36.822  5667 12700 I BatteryMgr:DataCollectionService: stats => 1708616736822,-2595701,3543
02-22 16:45:36.823  5667 29582 I BatteryMgr:DataCollectionService: stats => 1708616736823,-2595701,3543
02-22 16:45:36.823  5667 12699 I BatteryMgr:DataCollectionService: stats => 1708616736822,-2595701,3543
02-22 16:45:37.826  5667 12700 I BatteryMgr:DataCollectionService: stats => 1708616737826,-2599119,3543
02-22 16:45:37.827  5667 12699 I BatteryMgr:DataCollectionService: stats => 1708616737827,-2599119,3543
02-22 16:45:37.828  5667 29582 I BatteryMgr:DataCollectionService: stats => 1708616737828,-2599119,3543
02-22 16:45:38.832  5667 29582 I BatteryMgr:DataCollectionService: stats => 1708616738832,-2635252,3543
02-22 16:45:38.833  5667 12699 I BatteryMgr:DataCollectionService: stats => 1708616738833,-2635252,3543
02-22 16:45:38.834  5667 12700 I BatteryMgr:DataCollectionService: stats => 1708616738833,-2635252,3543
02-22 16:45:39.836  5667 29582 I BatteryMgr:DataCollectionService: stats => 1708616739836,-2584959,3543
02-22 16:45:39.836  5667 29583 I BatteryMgr:DataCollectionService: stats => 1708616739836,-2584959,3543
02-22 16:45:39.837  5667 12700 I BatteryMgr:DataCollectionService: stats => 1708616739837,-2584959,3543
02-22 16:45:40.839  5667 12700 I BatteryMgr:DataCollectionService: stats => 1708616740839,-2614744,3545
02-22 16:45:40.840  5667 29582 I BatteryMgr:DataCollectionService: stats => 1708616740840,-2614744,3545
02-22 16:45:40.844  5667 11056 I BatteryMgr:DataCollectionService: stats => 1708616740841,-2614744,3545
02-22 16:45:41.843  5667 29582 I BatteryMgr:DataCollectionService: stats => 1708616741843,-2606443,3545
02-22 16:45:41.847  5667 11056 I BatteryMgr:DataCollectionService: stats => 1708616741847,-2606443,3545
02-22 16:45:41.847  5667 29582 I BatteryMgr:DataCollectionService: stats => 1708616741847,-2606443,3545
02-22 16:45:42.849  5667 29582 I BatteryMgr:DataCollectionService: stats => 1708616742849,-2647947,3545
02-22 16:45:42.849  5667 11056 I BatteryMgr:DataCollectionService: stats => 1708616742849,-2647947,3545
02-22 16:45:42.850  5667 29583 I BatteryMgr:DataCollectionService: stats => 1708616742850,-2647947,3545
02-22 16:45:43.854  5667 29583 I BatteryMgr:DataCollectionService: stats => 1708616743854,-2676268,3545
02-22 16:45:43.855  5667 29582 I BatteryMgr:DataCollectionService: stats => 1708616743855,-2676268,3545
02-22 16:45:43.855  5667 11056 I BatteryMgr:DataCollectionService: stats => 1708616743855,-2676268,3545
02-22 16:45:44.857  5667 29582 I BatteryMgr:DataCollectionService: stats => 1708616744857,-2594236,3545
02-22 16:45:44.857  5667 11056 I BatteryMgr:DataCollectionService: stats => 1708616744857,-2594236,3545
02-22 16:45:44.858  5667 12699 I BatteryMgr:DataCollectionService: stats => 1708616744857,-2594236,3545
02-22 16:45:45.860  5667 12700 I BatteryMgr:DataCollectionService: stats => 1708616745860,-2634275,3545
02-22 16:45:45.861  5667 12699 I BatteryMgr:DataCollectionService: stats => 1708616745860,-2634275,3545
02-22 16:45:45.861  5667 29582 I BatteryMgr:DataCollectionService: stats => 1708616745861,-2634275,3545
02-22 16:45:46.864  5667 29582 I BatteryMgr:DataCollectionService: stats => 1708616746864,-2646483,3545
02-22 16:45:46.867  5667 12700 I BatteryMgr:DataCollectionService: stats => 1708616746867,-2646483,3545
02-22 16:45:46.867  5667 11056 I BatteryMgr:DataCollectionService: stats => 1708616746867,-2646483,3545
02-22 16:45:47.867  5667 11056 I BatteryMgr:DataCollectionService: stats => 1708616747867,-2654295,3545
02-22 16:45:47.876  5667 29582 I BatteryMgr:DataCollectionService: stats => 1708616747876,-2654295,3545
02-22 16:45:47.876  5667 12700 I BatteryMgr:DataCollectionService: stats => 1708616747876,-2654295,3545
02-22 16:45:48.869  5667 12700 I BatteryMgr:DataCollectionService: stats => 1708616748869,-2639158,3545
02-22 16:45:48.878  5667 29582 I BatteryMgr:DataCollectionService: stats => 1708616748878,-2639158,3545
02-22 16:45:48.879  5667 12700 I BatteryMgr:DataCollectionService: stats => 1708616748878,-2639158,3545
02-22 16:45:49.875  5667 12700 I BatteryMgr:DataCollectionService: stats => 1708616749875,-2655272,3543
02-22 16:45:49.881  5667 12700 I BatteryMgr:DataCollectionService: stats => 1708616749881,-2655272,3543
02-22 16:45:49.882  5667 29582 I BatteryMgr:DataCollectionService: stats => 1708616749882,-2655272,3543
02-22 16:45:50.879  5667 29582 I BatteryMgr:DataCollectionService: stats => 1708616750879,-2607420,3543
02-22 16:45:50.884  5667 12700 I BatteryMgr:DataCollectionService: stats => 1708616750884,-2607420,3543
02-22 16:45:50.884  5667 29582 I BatteryMgr:DataCollectionService: stats => 1708616750884,-2607420,3543
02-22 16:45:51.883  5667 29582 I BatteryMgr:DataCollectionService: stats => 1708616751883,-2620115,3543
02-22 16:45:51.886  5667 12700 I BatteryMgr:DataCollectionService: stats => 1708616751886,-2620115,3543
02-22 16:45:51.887  5667 29582 I BatteryMgr:DataCollectionService: stats => 1708616751887,-2620115,3543
02-22 16:45:52.889  5667 29582 I BatteryMgr:DataCollectionService: stats => 1708616752889,-2623533,3543
02-22 16:45:52.891  5667 12700 I BatteryMgr:DataCollectionService: stats => 1708616752891,-2623533,3543
02-22 16:45:52.891  5667 12699 I BatteryMgr:DataCollectionService: stats => 1708616752891,-2623533,3543
02-22 16:45:53.894  5667 11056 I BatteryMgr:DataCollectionService: stats => 1708616753894,-2637205,3543
02-22 16:45:53.894  5667 29582 I BatteryMgr:DataCollectionService: stats => 1708616753894,-2637205,3543
02-22 16:45:53.894  5667 12699 I BatteryMgr:DataCollectionService: stats => 1708616753894,-2637205,3543
02-22 16:45:54.896  5667 29582 I BatteryMgr:DataCollectionService: stats => 1708616754896,-2635252,3543
02-22 16:45:54.897  5667 11056 I BatteryMgr:DataCollectionService: stats => 1708616754896,-2635252,3543
02-22 16:45:54.897  5667 12699 I BatteryMgr:DataCollectionService: stats => 1708616754897,-2635252,3543
02-22 16:45:55.899  5667 12701 I BatteryMgr:DataCollectionService: stats => 1708616755899,-2657713,3543
02-22 16:45:55.900  5667 11056 I BatteryMgr:DataCollectionService: stats => 1708616755899,-2657713,3543
02-22 16:45:55.900  5667 29582 I BatteryMgr:DataCollectionService: stats => 1708616755900,-2657713,3543
02-22 16:45:56.906  5667 12700 I BatteryMgr:DataCollectionService: stats => 1708616756906,-2594236,3543
02-22 16:45:56.909  5667 11056 I BatteryMgr:DataCollectionService: stats => 1708616756909,-2594236,3543
02-22 16:45:56.912  5667 12699 I BatteryMgr:DataCollectionService: stats => 1708616756906,-2594236,3543
02-22 16:45:57.909  5667 12699 I BatteryMgr:DataCollectionService: stats => 1708616757909,-2560545,3543
02-22 16:45:57.917  5667 12699 I BatteryMgr:DataCollectionService: stats => 1708616757917,-2560545,3543
02-22 16:45:57.917  5667 11056 I BatteryMgr:DataCollectionService: stats => 1708616757917,-2560545,3543
02-22 16:45:58.917  5667 12699 I BatteryMgr:DataCollectionService: stats => 1708616758917,-2583983,3543
02-22 16:45:58.921  5667 12699 I BatteryMgr:DataCollectionService: stats => 1708616758921,-2583983,3543
02-22 16:45:58.922  5667 11056 I BatteryMgr:DataCollectionService: stats => 1708616758922,-2583983,3543
02-22 16:45:59.921  5667 11056 I BatteryMgr:DataCollectionService: stats => 1708616759920,-2670897,3546
02-22 16:45:59.926  5667 11056 I BatteryMgr:DataCollectionService: stats => 1708616759925,-2670897,3546
02-22 16:45:59.926  5667 12699 I BatteryMgr:DataCollectionService: stats => 1708616759926,-2670897,3546
02-22 16:46:00.924  5667 12699 I BatteryMgr:DataCollectionService: stats => 1708616760924,-2668455,3546
02-22 16:46:00.929  5667 11056 I BatteryMgr:DataCollectionService: stats => 1708616760929,-2668455,3546
02-22 16:46:00.929  5667 12699 I BatteryMgr:DataCollectionService: stats => 1708616760929,-2668455,3546
02-22 16:46:01.928  5667 12699 I BatteryMgr:DataCollectionService: stats => 1708616761928,-2647947,3542
02-22 16:46:01.932  5667 12699 I BatteryMgr:DataCollectionService: stats => 1708616761932,-2647947,3542
02-22 16:46:01.932  5667 12701 I BatteryMgr:DataCollectionService: stats => 1708616761932,-2647947,3542
02-22 16:46:02.931  5667 12701 I BatteryMgr:DataCollectionService: stats => 1708616762931,-2645506,3542
02-22 16:46:02.936  5667 12701 I BatteryMgr:DataCollectionService: stats => 1708616762936,-2645506,3542
02-22 16:46:02.937  5667 12699 I BatteryMgr:DataCollectionService: stats => 1708616762936,-2645506,3542
02-22 16:46:03.934  5667 12699 I BatteryMgr:DataCollectionService: stats => 1708616763934,-2632322,3542
02-22 16:46:03.943  5667 12699 I BatteryMgr:DataCollectionService: stats => 1708616763943,-2632322,3542
02-22 16:46:03.945  5667 12701 I BatteryMgr:DataCollectionService: stats => 1708616763945,-2632322,3542
02-22 16:46:04.937  5667 12701 I BatteryMgr:DataCollectionService: stats => 1708616764937,-2616697,3542
02-22 16:46:04.950  5667 11056 I BatteryMgr:DataCollectionService: stats => 1708616764950,-2616697,3542
02-22 16:46:04.950  5667 12701 I BatteryMgr:DataCollectionService: stats => 1708616764950,-2616697,3542
02-22 16:46:05.946  5667 12701 I BatteryMgr:DataCollectionService: stats => 1708616765946,-2672361,3542
02-22 16:46:05.953  5667 12701 I BatteryMgr:DataCollectionService: stats => 1708616765953,-2672361,3542
02-22 16:46:05.960  5667 11056 I BatteryMgr:DataCollectionService: stats => 1708616765960,-2672361,3542
02-22 16:46:06.950  5667 11056 I BatteryMgr:DataCollectionService: stats => 1708616766950,-2661619,3542
02-22 16:46:06.956  5667 11056 I BatteryMgr:DataCollectionService: stats => 1708616766956,-2661619,3542
02-22 16:46:06.965  5667 11056 I BatteryMgr:DataCollectionService: stats => 1708616766965,-2661619,3542
02-22 16:46:07.955  5667 11056 I BatteryMgr:DataCollectionService: stats => 1708616767955,-2637205,3542
02-22 16:46:07.959  5667 11056 I BatteryMgr:DataCollectionService: stats => 1708616767959,-2637205,3542
02-22 16:46:07.968  5667 11056 I BatteryMgr:DataCollectionService: stats => 1708616767968,-2637205,3542
02-22 16:46:08.958  5667 11056 I BatteryMgr:DataCollectionService: stats => 1708616768958,-2611326,3542
02-22 16:46:08.961  5667 11056 I BatteryMgr:DataCollectionService: stats => 1708616768961,-2611326,3542
02-22 16:46:08.972  5667 11056 I BatteryMgr:DataCollectionService: stats => 1708616768972,-2611326,3542
02-22 16:46:09.972  5667 11056 I BatteryMgr:DataCollectionService: stats => 1708616769972,-2595213,3544
02-22 16:46:09.972  5667 12701 I BatteryMgr:DataCollectionService: stats => 1708616769972,-2595213,3544
02-22 16:46:09.987  5667 11056 I BatteryMgr:DataCollectionService: stats => 1708616769987,-2595213,3544
02-22 16:46:10.974  5667 11056 I BatteryMgr:DataCollectionService: stats => 1708616770974,-2615233,3544
02-22 16:46:10.974  5667 12701 I BatteryMgr:DataCollectionService: stats => 1708616770974,-2615233,3544
02-22 16:46:10.997  5667 11056 I BatteryMgr:DataCollectionService: stats => 1708616770997,-2615233,3544
02-22 16:46:11.979  5667 12699 I BatteryMgr:DataCollectionService: stats => 1708616771978,-2653318,3544
02-22 16:46:11.981  5667 12701 I BatteryMgr:DataCollectionService: stats => 1708616771981,-2653318,3544
02-22 16:46:12.002  5667 12701 I BatteryMgr:DataCollectionService: stats => 1708616772001,-2653318,3544
02-22 16:46:12.992  5667 12701 I BatteryMgr:DataCollectionService: stats => 1708616772992,-2658690,3544
02-22 16:46:12.993  5667 12700 I BatteryMgr:DataCollectionService: stats => 1708616772993,-2658690,3544
02-22 16:46:13.006  5667 12700 I BatteryMgr:DataCollectionService: stats => 1708616773006,-2658690,3544
02-22 16:46:13.995  5667 12700 I BatteryMgr:DataCollectionService: stats => 1708616773995,-2632322,3544
02-22 16:46:13.995  5667 12701 I BatteryMgr:DataCollectionService: stats => 1708616773995,-2632322,3544
02-22 16:46:14.010  5667 12700 I BatteryMgr:DataCollectionService: stats => 1708616774010,-2632322,3544
02-22 16:46:14.998  5667 12700 I BatteryMgr:DataCollectionService: stats => 1708616774998,-2713377,3544
02-22 16:46:15.001  5667 12701 I BatteryMgr:DataCollectionService: stats => 1708616775001,-2713377,3544
02-22 16:46:15.014  5667 12701 I BatteryMgr:DataCollectionService: stats => 1708616775014,-2713377,3544
02-22 16:46:16.001  5667 12701 I BatteryMgr:DataCollectionService: stats => 1708616776001,-2620604,3544
02-22 16:46:16.007  5667 12700 I BatteryMgr:DataCollectionService: stats => 1708616776007,-2620604,3544
02-22 16:46:16.020  5667 12700 I BatteryMgr:DataCollectionService: stats => 1708616776019,-2620604,3544
02-22 16:46:17.006  5667 12700 I BatteryMgr:DataCollectionService: stats => 1708616777006,-2629881,3544
02-22 16:46:17.011  5667 12700 I BatteryMgr:DataCollectionService: stats => 1708616777010,-2629881,3544
02-22 16:46:17.025  5667 12700 I BatteryMgr:DataCollectionService: stats => 1708616777025,-2629881,3544
02-22 16:46:18.014  5667 12700 I BatteryMgr:DataCollectionService: stats => 1708616778014,-2638182,3544
02-22 16:46:18.016  5667 12701 I BatteryMgr:DataCollectionService: stats => 1708616778016,-2638182,3544
02-22 16:46:18.029  5667 12701 I BatteryMgr:DataCollectionService: stats => 1708616778029,-2638182,3544
02-22 16:46:19.018  5667 12701 I BatteryMgr:DataCollectionService: stats => 1708616779018,-2658690,3544
02-22 16:46:19.020  5667 12700 I BatteryMgr:DataCollectionService: stats => 1708616779020,-2658690,3544
02-22 16:46:19.033  5667 12700 I BatteryMgr:DataCollectionService: stats => 1708616779033,-2658690,3544
02-22 16:46:20.024  5667 12700 I BatteryMgr:DataCollectionService: stats => 1708616780024,-2647947,3541
02-22 16:46:20.027  5667 12701 I BatteryMgr:DataCollectionService: stats => 1708616780025,-2647947,3541
02-22 16:46:20.036  5667 12701 I BatteryMgr:DataCollectionService: stats => 1708616780036,-2647947,3541
02-22 16:46:21.029  5667 12701 I BatteryMgr:DataCollectionService: stats => 1708616781029,-2632322,3541
02-22 16:46:21.030  5667 12699 I BatteryMgr:DataCollectionService: stats => 1708616781029,-2632322,3541
02-22 16:46:21.038  5667 12699 I BatteryMgr:DataCollectionService: stats => 1708616781038,-2632322,3541
02-22 16:46:22.033  5667 12701 I BatteryMgr:DataCollectionService: stats => 1708616782033,-2318358,3541
02-22 16:46:22.034  5667 12699 I BatteryMgr:DataCollectionService: stats => 1708616782034,-2318358,3541
02-22 16:46:22.041  5667 12701 I BatteryMgr:DataCollectionService: stats => 1708616782041,-2318358,3541
02-22 16:46:23.037  5667 12699 I BatteryMgr:DataCollectionService: stats => 1708616783036,-2584959,3541
02-22 16:46:23.037  5667 12701 I BatteryMgr:DataCollectionService: stats => 1708616783036,-2584959,3541
02-22 16:46:23.044  5667 12699 I BatteryMgr:DataCollectionService: stats => 1708616783044,-2584959,3541
02-22 16:46:24.040  5667 12699 I BatteryMgr:DataCollectionService: stats => 1708616784040,-2624998,3541
02-22 16:46:24.041  5667 12701 I BatteryMgr:DataCollectionService: stats => 1708616784041,-2624998,3541
02-22 16:46:24.046  5667 12699 I BatteryMgr:DataCollectionService: stats => 1708616784046,-2624998,3541
02-22 16:46:25.044  5667 12701 I BatteryMgr:DataCollectionService: stats => 1708616785044,-2612303,3541
02-22 16:46:25.044  5667 12699 I BatteryMgr:DataCollectionService: stats => 1708616785044,-2612303,3541
02-22 16:46:25.052  5667 12699 I BatteryMgr:DataCollectionService: stats => 1708616785051,-2612303,3541
02-22 16:46:26.047  5667 12701 I BatteryMgr:DataCollectionService: stats => 1708616786047,-2595213,3541
02-22 16:46:26.048  5667 12700 I BatteryMgr:DataCollectionService: stats => 1708616786047,-2595213,3541
02-22 16:46:26.055  5667 12700 I BatteryMgr:DataCollectionService: stats => 1708616786055,-2595213,3541
02-22 16:46:27.050  5667 12700 I BatteryMgr:DataCollectionService: stats => 1708616787050,-2561033,3541
02-22 16:46:27.050  5667 12701 I BatteryMgr:DataCollectionService: stats => 1708616787050,-2561033,3541
02-22 16:46:27.057  5667 12700 I BatteryMgr:DataCollectionService: stats => 1708616787057,-2561033,3541
02-22 16:46:28.053  5667 12700 I BatteryMgr:DataCollectionService: stats => 1708616788053,-2590818,3541
02-22 16:46:28.054  5667 12701 I BatteryMgr:DataCollectionService: stats => 1708616788054,-2590818,3541
02-22 16:46:28.062  5667 12701 I BatteryMgr:DataCollectionService: stats => 1708616788062,-2590818,3541
02-22 16:46:29.060  5667 12701 I BatteryMgr:DataCollectionService: stats => 1708616789059,-2597654,3541
02-22 16:46:29.064  5667 11056 I BatteryMgr:DataCollectionService: stats => 1708616789064,-2597654,3541
02-22 16:46:29.067  5667 12701 I BatteryMgr:DataCollectionService: stats => 1708616789067,-2597654,3541
02-22 16:46:30.064  5667 12701 I BatteryMgr:DataCollectionService: stats => 1708616790064,-2627440,3543
02-22 16:46:30.067  5667 12701 I BatteryMgr:DataCollectionService: stats => 1708616790067,-2627440,3543
02-22 16:46:30.071  5667 12701 I BatteryMgr:DataCollectionService: stats => 1708616790071,-2627440,3543
02-22 16:46:31.068  5667 12701 I BatteryMgr:DataCollectionService: stats => 1708616791067,-2580565,3543
02-22 16:46:31.069  5667 12700 I BatteryMgr:DataCollectionService: stats => 1708616791069,-2580565,3543
02-22 16:46:31.076  5667 12700 I BatteryMgr:DataCollectionService: stats => 1708616791076,-2580565,3543
