timestamp,id,uuid,load,memoryUtil,memoryTotal,memoryFree,driver,name,serial,display_mode,display_active
1708616565.682397,0,GPU-a71d5fd4-b7db-93b7-1b7a-5a6e2a6a8c65,0.17,0.3453125,10240.0,6704.0,472.12,NVIDIA GeForce RTX 3080,[N/A],Enabled,Enabled
1708616566.675908,0,GPU-a71d5fd4-b7db-93b7-1b7a-5a6e2a6a8c65,0.16,0.50712890625,10240.0,5047.0,472.12,NVIDIA GeForce RTX 3080,[N/A],Enabled,Enabled
1708616567.688576,0,GPU-a71d5fd4-b7db-93b7-1b7a-5a6e2a6a8c65,0.1,0.45341796875,10240.0,5597.0,472.12,NVIDIA GeForce RTX 3080,[N/A],Enabled,Enabled
1708616568.685027,0,GPU-a71d5fd4-b7db-93b7-1b7a-5a6e2a6a8c65,0.1,0.45341796875,10240.0,5597.0,472.12,NVIDIA GeForce RTX 3080,[N/A],Enabled,Enabled
1708616569.682353,0,GPU-a71d5fd4-b7db-93b7-1b7a-5a6e2a6a8c65,0.1,0.45341796875,10240.0,5597.0,472.12,NVIDIA GeForce RTX 3080,[N/A],Enabled,Enabled
1708616570.683883,0,GPU-a71d5fd4-b7db-93b7-1b7a-5a6e2a6a8c65,0.1,0.34208984375,10240.0,6737.0,472.12,NVIDIA GeForce RTX 3080,[N/A],Enabled,Enabled
1708616571.685012,0,GPU-a71d5fd4-b7db-93b7-1b7a-5a6e2a6a8c65,0.13,0.38857421875,10240.0,6261.0,472.12,NVIDIA GeForce RTX 3080,[N/A],Enabled,Enabled
1708616572.681159,0,GPU-a71d5fd4-b7db-93b7-1b7a-5a6e2a6a8c65,0.14,0.4060546875,10240.0,6082.0,472.12,NVIDIA GeForce RTX 3080,[N/A],Enabled,Enabled
1708616573.681052,0,GPU-a71d5fd4-b7db-93b7-1b7a-5a6e2a6a8c65,0.14,0.4060546875,10240.0,6082.0,472.12,NVIDIA GeForce RTX 3080,[N/A],Enabled,Enabled
1708616574.681425,0,GPU-a71d5fd4-b7db-93b7-1b7a-5a6e2a6a8c65,0.13,0.40224609375,10240.0,6121.0,472.12,NVIDIA GeForce RTX 3080,[N/A],Enabled,Enabled
1708616575.681054,0,GPU-a71d5fd4-b7db-93b7-1b7a-5a6e2a6a8c65,0.14,0.40224609375,10240.0,6121.0,472.12,NVIDIA GeForce RTX 3080,[N/A],Enabled,Enabled
1708616576.677127,0,GPU-a71d5fd4-b7db-93b7-1b7a-5a6e2a6a8c65,0.17,0.40703125,10240.0,6072.0,472.12,NVIDIA GeForce RTX 3080,[N/A],Enabled,Enabled
1708616577.689804,0,GPU-a71d5fd4-b7db-93b7-1b7a-5a6e2a6a8c65,0.14,0.40703125,10240.0,6072.0,472.12,NVIDIA GeForce RTX 3080,[N/A],Enabled,Enabled
1708616578.678307,0,GPU-a71d5fd4-b7db-93b7-1b7a-5a6e2a6a8c65,0.13,0.40322265625,10240.0,6111.0,472.12,NVIDIA GeForce RTX 3080,[N/A],Enabled,Enabled
1708616579.677271,0,GPU-a71d5fd4-b7db-93b7-1b7a-5a6e2a6a8c65,0.13,0.4033203125,10240.0,6110.0,472.12,NVIDIA GeForce RTX 3080,[N/A],Enabled,Enabled
1708616580.678335,0,GPU-a71d5fd4-b7db-93b7-1b7a-5a6e2a6a8c65,0.14,0.40703125,10240.0,6072.0,472.12,NVIDIA GeForce RTX 3080,[N/A],Enabled,Enabled
1708616581.681695,0,GPU-a71d5fd4-b7db-93b7-1b7a-5a6e2a6a8c65,0.13,0.4033203125,10240.0,6110.0,472.12,NVIDIA GeForce RTX 3080,[N/A],Enabled,Enabled
1708616582.690128,0,GPU-a71d5fd4-b7db-93b7-1b7a-5a6e2a6a8c65,0.14,0.40703125,10240.0,6072.0,472.12,NVIDIA GeForce RTX 3080,[N/A],Enabled,Enabled
1708616583.691297,0,GPU-a71d5fd4-b7db-93b7-1b7a-5a6e2a6a8c65,0.14,0.40703125,10240.0,6072.0,472.12,NVIDIA GeForce RTX 3080,[N/A],Enabled,Enabled
1708616584.690969,0,GPU-a71d5fd4-b7db-93b7-1b7a-5a6e2a6a8c65,0.14,0.40703125,10240.0,6072.0,472.12,NVIDIA GeForce RTX 3080,[N/A],Enabled,Enabled
1708616585.688329,0,GPU-a71d5fd4-b7db-93b7-1b7a-5a6e2a6a8c65,0.14,0.40703125,10240.0,6072.0,472.12,NVIDIA GeForce RTX 3080,[N/A],Enabled,Enabled
1708616586.690143,0,GPU-a71d5fd4-b7db-93b7-1b7a-5a6e2a6a8c65,0.12,0.40703125,10240.0,6072.0,472.12,NVIDIA GeForce RTX 3080,[N/A],Enabled,Enabled
1708616587.688886,0,GPU-a71d5fd4-b7db-93b7-1b7a-5a6e2a6a8c65,0.13,0.4033203125,10240.0,6110.0,472.12,NVIDIA GeForce RTX 3080,[N/A],Enabled,Enabled
1708616588.684806,0,GPU-a71d5fd4-b7db-93b7-1b7a-5a6e2a6a8c65,0.13,0.40703125,10240.0,6072.0,472.12,NVIDIA GeForce RTX 3080,[N/A],Enabled,Enabled
1708616589.683133,0,GPU-a71d5fd4-b7db-93b7-1b7a-5a6e2a6a8c65,0.15,0.40703125,10240.0,6072.0,472.12,NVIDIA GeForce RTX 3080,[N/A],Enabled,Enabled
1708616590.683334,0,GPU-a71d5fd4-b7db-93b7-1b7a-5a6e2a6a8c65,0.12,0.40576171875,10240.0,6085.0,472.12,NVIDIA GeForce RTX 3080,[N/A],Enabled,Enabled
1708616591.683767,0,GPU-a71d5fd4-b7db-93b7-1b7a-5a6e2a6a8c65,0.17,0.41640625,10240.0,5976.0,472.12,NVIDIA GeForce RTX 3080,[N/A],Enabled,Enabled
1708616592.687008,0,GPU-a71d5fd4-b7db-93b7-1b7a-5a6e2a6a8c65,0.17,0.41640625,10240.0,5976.0,472.12,NVIDIA GeForce RTX 3080,[N/A],Enabled,Enabled
1708616593.687191,0,GPU-a71d5fd4-b7db-93b7-1b7a-5a6e2a6a8c65,0.17,0.41640625,10240.0,5976.0,472.12,NVIDIA GeForce RTX 3080,[N/A],Enabled,Enabled
1708616594.686284,0,GPU-a71d5fd4-b7db-93b7-1b7a-5a6e2a6a8c65,0.16,0.41640625,10240.0,5976.0,472.12,NVIDIA GeForce RTX 3080,[N/A],Enabled,Enabled
1708616595.683283,0,GPU-a71d5fd4-b7db-93b7-1b7a-5a6e2a6a8c65,0.17,0.41640625,10240.0,5976.0,472.12,NVIDIA GeForce RTX 3080,[N/A],Enabled,Enabled
1708616596.681062,0,GPU-a71d5fd4-b7db-93b7-1b7a-5a6e2a6a8c65,0.17,0.41640625,10240.0,5976.0,472.12,NVIDIA GeForce RTX 3080,[N/A],Enabled,Enabled
1708616597.67709,0,GPU-a71d5fd4-b7db-93b7-1b7a-5a6e2a6a8c65,0.16,0.41640625,10240.0,5976.0,472.12,NVIDIA GeForce RTX 3080,[N/A],Enabled,Enabled
1708616598.689312,0,GPU-a71d5fd4-b7db-93b7-1b7a-5a6e2a6a8c65,0.17,0.41640625,10240.0,5976.0,472.12,NVIDIA GeForce RTX 3080,[N/A],Enabled,Enabled
1708616599.689313,0,GPU-a71d5fd4-b7db-93b7-1b7a-5a6e2a6a8c65,0.17,0.41640625,10240.0,5976.0,472.12,NVIDIA GeForce RTX 3080,[N/A],Enabled,Enabled
1708616600.691209,0,GPU-a71d5fd4-b7db-93b7-1b7a-5a6e2a6a8c65,0.17,0.41640625,10240.0,5976.0,472.12,NVIDIA GeForce RTX 3080,[N/A],Enabled,Enabled
1708616601.689131,0,GPU-a71d5fd4-b7db-93b7-1b7a-5a6e2a6a8c65,0.16,0.41640625,10240.0,5976.0,472.12,NVIDIA GeForce RTX 3080,[N/A],Enabled,Enabled
1708616602.686264,0,GPU-a71d5fd4-b7db-93b7-1b7a-5a6e2a6a8c65,0.17,0.41640625,10240.0,5976.0,472.12,NVIDIA GeForce RTX 3080,[N/A],Enabled,Enabled
1708616603.685086,0,GPU-a71d5fd4-b7db-93b7-1b7a-5a6e2a6a8c65,0.17,0.41640625,10240.0,5976.0,472.12,NVIDIA GeForce RTX 3080,[N/A],Enabled,Enabled
1708616604.687271,0,GPU-a71d5fd4-b7db-93b7-1b7a-5a6e2a6a8c65,0.17,0.41640625,10240.0,5976.0,472.12,NVIDIA GeForce RTX 3080,[N/A],Enabled,Enabled
1708616605.68979,0,GPU-a71d5fd4-b7db-93b7-1b7a-5a6e2a6a8c65,0.17,0.41640625,10240.0,5976.0,472.12,NVIDIA GeForce RTX 3080,[N/A],Enabled,Enabled
1708616606.690392,0,GPU-a71d5fd4-b7db-93b7-1b7a-5a6e2a6a8c65,0.17,0.41640625,10240.0,5976.0,472.12,NVIDIA GeForce RTX 3080,[N/A],Enabled,Enabled
1708616607.676348,0,GPU-a71d5fd4-b7db-93b7-1b7a-5a6e2a6a8c65,0.17,0.41640625,10240.0,5976.0,472.12,NVIDIA GeForce RTX 3080,[N/A],Enabled,Enabled
1708616608.690335,0,GPU-a71d5fd4-b7db-93b7-1b7a-5a6e2a6a8c65,0.17,0.41640625,10240.0,5976.0,472.12,NVIDIA GeForce RTX 3080,[N/A],Enabled,Enabled
1708616609.687082,0,GPU-a71d5fd4-b7db-93b7-1b7a-5a6e2a6a8c65,0.17,0.41640625,10240.0,5976.0,472.12,NVIDIA GeForce RTX 3080,[N/A],Enabled,Enabled
1708616610.688185,0,GPU-a71d5fd4-b7db-93b7-1b7a-5a6e2a6a8c65,0.17,0.41640625,10240.0,5976.0,472.12,NVIDIA GeForce RTX 3080,[N/A],Enabled,Enabled
1708616611.689643,0,GPU-a71d5fd4-b7db-93b7-1b7a-5a6e2a6a8c65,0.17,0.41640625,10240.0,5976.0,472.12,NVIDIA GeForce RTX 3080,[N/A],Enabled,Enabled
1708616612.690286,0,GPU-a71d5fd4-b7db-93b7-1b7a-5a6e2a6a8c65,0.17,0.41640625,10240.0,5976.0,472.12,NVIDIA GeForce RTX 3080,[N/A],Enabled,Enabled
1708616613.677252,0,GPU-a71d5fd4-b7db-93b7-1b7a-5a6e2a6a8c65,0.16,0.41640625,10240.0,5976.0,472.12,NVIDIA GeForce RTX 3080,[N/A],Enabled,Enabled
1708616614.6911,0,GPU-a71d5fd4-b7db-93b7-1b7a-5a6e2a6a8c65,0.16,0.41640625,10240.0,5976.0,472.12,NVIDIA GeForce RTX 3080,[N/A],Enabled,Enabled
1708616615.686448,0,GPU-a71d5fd4-b7db-93b7-1b7a-5a6e2a6a8c65,0.16,0.41640625,10240.0,5976.0,472.12,NVIDIA GeForce RTX 3080,[N/A],Enabled,Enabled
1708616616.689513,0,GPU-a71d5fd4-b7db-93b7-1b7a-5a6e2a6a8c65,0.17,0.41640625,10240.0,5976.0,472.12,NVIDIA GeForce RTX 3080,[N/A],Enabled,Enabled
1708616617.687163,0,GPU-a71d5fd4-b7db-93b7-1b7a-5a6e2a6a8c65,0.17,0.41640625,10240.0,5976.0,472.12,NVIDIA GeForce RTX 3080,[N/A],Enabled,Enabled
1708616618.6836,0,GPU-a71d5fd4-b7db-93b7-1b7a-5a6e2a6a8c65,0.18,0.41640625,10240.0,5976.0,472.12,NVIDIA GeForce RTX 3080,[N/A],Enabled,Enabled
1708616619.682238,0,GPU-a71d5fd4-b7db-93b7-1b7a-5a6e2a6a8c65,0.17,0.41640625,10240.0,5976.0,472.12,NVIDIA GeForce RTX 3080,[N/A],Enabled,Enabled
1708616620.691227,0,GPU-a71d5fd4-b7db-93b7-1b7a-5a6e2a6a8c65,0.17,0.41640625,10240.0,5976.0,472.12,NVIDIA GeForce RTX 3080,[N/A],Enabled,Enabled
1708616621.691275,0,GPU-a71d5fd4-b7db-93b7-1b7a-5a6e2a6a8c65,0.16,0.41640625,10240.0,5976.0,472.12,NVIDIA GeForce RTX 3080,[N/A],Enabled,Enabled
1708616622.685288,0,GPU-a71d5fd4-b7db-93b7-1b7a-5a6e2a6a8c65,0.17,0.41640625,10240.0,5976.0,472.12,NVIDIA GeForce RTX 3080,[N/A],Enabled,Enabled
1708616623.688323,0,GPU-a71d5fd4-b7db-93b7-1b7a-5a6e2a6a8c65,0.17,0.41640625,10240.0,5976.0,472.12,NVIDIA GeForce RTX 3080,[N/A],Enabled,Enabled
1708616624.685814,0,GPU-a71d5fd4-b7db-93b7-1b7a-5a6e2a6a8c65,0.18,0.41640625,10240.0,5976.0,472.12,NVIDIA GeForce RTX 3080,[N/A],Enabled,Enabled
1708616625.683763,0,GPU-a71d5fd4-b7db-93b7-1b7a-5a6e2a6a8c65,0.16,0.41640625,10240.0,5976.0,472.12,NVIDIA GeForce RTX 3080,[N/A],Enabled,Enabled
1708616626.683041,0,GPU-a71d5fd4-b7db-93b7-1b7a-5a6e2a6a8c65,0.17,0.41640625,10240.0,5976.0,472.12,NVIDIA GeForce RTX 3080,[N/A],Enabled,Enabled
1708616627.680947,0,GPU-a71d5fd4-b7db-93b7-1b7a-5a6e2a6a8c65,0.17,0.41640625,10240.0,5976.0,472.12,NVIDIA GeForce RTX 3080,[N/A],Enabled,Enabled
1708616628.681183,0,GPU-a71d5fd4-b7db-93b7-1b7a-5a6e2a6a8c65,0.16,0.41640625,10240.0,5976.0,472.12,NVIDIA GeForce RTX 3080,[N/A],Enabled,Enabled
1708616629.67722,0,GPU-a71d5fd4-b7db-93b7-1b7a-5a6e2a6a8c65,0.16,0.41640625,10240.0,5976.0,472.12,NVIDIA GeForce RTX 3080,[N/A],Enabled,Enabled
1708616630.68828,0,GPU-a71d5fd4-b7db-93b7-1b7a-5a6e2a6a8c65,0.17,0.41640625,10240.0,5976.0,472.12,NVIDIA GeForce RTX 3080,[N/A],Enabled,Enabled
1708616631.685887,0,GPU-a71d5fd4-b7db-93b7-1b7a-5a6e2a6a8c65,0.17,0.41640625,10240.0,5976.0,472.12,NVIDIA GeForce RTX 3080,[N/A],Enabled,Enabled
1708616632.68911,0,GPU-a71d5fd4-b7db-93b7-1b7a-5a6e2a6a8c65,0.17,0.41640625,10240.0,5976.0,472.12,NVIDIA GeForce RTX 3080,[N/A],Enabled,Enabled
1708616633.686487,0,GPU-a71d5fd4-b7db-93b7-1b7a-5a6e2a6a8c65,0.17,0.41640625,10240.0,5976.0,472.12,NVIDIA GeForce RTX 3080,[N/A],Enabled,Enabled
1708616634.68796,0,GPU-a71d5fd4-b7db-93b7-1b7a-5a6e2a6a8c65,0.17,0.41640625,10240.0,5976.0,472.12,NVIDIA GeForce RTX 3080,[N/A],Enabled,Enabled
1708616635.678196,0,GPU-a71d5fd4-b7db-93b7-1b7a-5a6e2a6a8c65,0.16,0.41640625,10240.0,5976.0,472.12,NVIDIA GeForce RTX 3080,[N/A],Enabled,Enabled
1708616636.676914,0,GPU-a71d5fd4-b7db-93b7-1b7a-5a6e2a6a8c65,0.17,0.41640625,10240.0,5976.0,472.12,NVIDIA GeForce RTX 3080,[N/A],Enabled,Enabled
1708616637.679492,0,GPU-a71d5fd4-b7db-93b7-1b7a-5a6e2a6a8c65,0.16,0.41640625,10240.0,5976.0,472.12,NVIDIA GeForce RTX 3080,[N/A],Enabled,Enabled
1708616638.68518,0,GPU-a71d5fd4-b7db-93b7-1b7a-5a6e2a6a8c65,0.17,0.41640625,10240.0,5976.0,472.12,NVIDIA GeForce RTX 3080,[N/A],Enabled,Enabled
1708616639.684935,0,GPU-a71d5fd4-b7db-93b7-1b7a-5a6e2a6a8c65,0.16,0.41640625,10240.0,5976.0,472.12,NVIDIA GeForce RTX 3080,[N/A],Enabled,Enabled
1708616640.686175,0,GPU-a71d5fd4-b7db-93b7-1b7a-5a6e2a6a8c65,0.17,0.41640625,10240.0,5976.0,472.12,NVIDIA GeForce RTX 3080,[N/A],Enabled,Enabled
1708616641.685278,0,GPU-a71d5fd4-b7db-93b7-1b7a-5a6e2a6a8c65,0.17,0.41640625,10240.0,5976.0,472.12,NVIDIA GeForce RTX 3080,[N/A],Enabled,Enabled
1708616642.684323,0,GPU-a71d5fd4-b7db-93b7-1b7a-5a6e2a6a8c65,0.17,0.41640625,10240.0,5976.0,472.12,NVIDIA GeForce RTX 3080,[N/A],Enabled,Enabled
1708616643.681076,0,GPU-a71d5fd4-b7db-93b7-1b7a-5a6e2a6a8c65,0.17,0.41640625,10240.0,5976.0,472.12,NVIDIA GeForce RTX 3080,[N/A],Enabled,Enabled
1708616644.678921,0,GPU-a71d5fd4-b7db-93b7-1b7a-5a6e2a6a8c65,0.17,0.41640625,10240.0,5976.0,472.12,NVIDIA GeForce RTX 3080,[N/A],Enabled,Enabled
1708616645.676454,0,GPU-a71d5fd4-b7db-93b7-1b7a-5a6e2a6a8c65,0.17,0.41640625,10240.0,5976.0,472.12,NVIDIA GeForce RTX 3080,[N/A],Enabled,Enabled
1708616646.678362,0,GPU-a71d5fd4-b7db-93b7-1b7a-5a6e2a6a8c65,0.17,0.41640625,10240.0,5976.0,472.12,NVIDIA GeForce RTX 3080,[N/A],Enabled,Enabled
1708616647.675436,0,GPU-a71d5fd4-b7db-93b7-1b7a-5a6e2a6a8c65,0.16,0.41640625,10240.0,5976.0,472.12,NVIDIA GeForce RTX 3080,[N/A],Enabled,Enabled
1708616648.679698,0,GPU-a71d5fd4-b7db-93b7-1b7a-5a6e2a6a8c65,0.17,0.41640625,10240.0,5976.0,472.12,NVIDIA GeForce RTX 3080,[N/A],Enabled,Enabled
1708616649.678972,0,GPU-a71d5fd4-b7db-93b7-1b7a-5a6e2a6a8c65,0.17,0.41640625,10240.0,5976.0,472.12,NVIDIA GeForce RTX 3080,[N/A],Enabled,Enabled
1708616650.691245,0,GPU-a71d5fd4-b7db-93b7-1b7a-5a6e2a6a8c65,0.18,0.41640625,10240.0,5976.0,472.12,NVIDIA GeForce RTX 3080,[N/A],Enabled,Enabled
1708616651.690272,0,GPU-a71d5fd4-b7db-93b7-1b7a-5a6e2a6a8c65,0.17,0.41640625,10240.0,5976.0,472.12,NVIDIA GeForce RTX 3080,[N/A],Enabled,Enabled
1708616652.676885,0,GPU-a71d5fd4-b7db-93b7-1b7a-5a6e2a6a8c65,0.17,0.41640625,10240.0,5976.0,472.12,NVIDIA GeForce RTX 3080,[N/A],Enabled,Enabled
1708616653.686952,0,GPU-a71d5fd4-b7db-93b7-1b7a-5a6e2a6a8c65,0.17,0.41640625,10240.0,5976.0,472.12,NVIDIA GeForce RTX 3080,[N/A],Enabled,Enabled
1708616654.68398,0,GPU-a71d5fd4-b7db-93b7-1b7a-5a6e2a6a8c65,0.17,0.41640625,10240.0,5976.0,472.12,NVIDIA GeForce RTX 3080,[N/A],Enabled,Enabled
1708616655.687394,0,GPU-a71d5fd4-b7db-93b7-1b7a-5a6e2a6a8c65,0.17,0.41640625,10240.0,5976.0,472.12,NVIDIA GeForce RTX 3080,[N/A],Enabled,Enabled
1708616656.690362,0,GPU-a71d5fd4-b7db-93b7-1b7a-5a6e2a6a8c65,0.17,0.41630859375,10240.0,5977.0,472.12,NVIDIA GeForce RTX 3080,[N/A],Enabled,Enabled
1708616657.681205,0,GPU-a71d5fd4-b7db-93b7-1b7a-5a6e2a6a8c65,0.17,0.4162109375,10240.0,5978.0,472.12,NVIDIA GeForce RTX 3080,[N/A],Enabled,Enabled
1708616658.676327,0,GPU-a71d5fd4-b7db-93b7-1b7a-5a6e2a6a8c65,0.17,0.4162109375,10240.0,5978.0,472.12,NVIDIA GeForce RTX 3080,[N/A],Enabled,Enabled
1708616659.676464,0,GPU-a71d5fd4-b7db-93b7-1b7a-5a6e2a6a8c65,0.17,0.41611328125,10240.0,5979.0,472.12,NVIDIA GeForce RTX 3080,[N/A],Enabled,Enabled
1708616660.690269,0,GPU-a71d5fd4-b7db-93b7-1b7a-5a6e2a6a8c65,0.17,0.41572265625,10240.0,5983.0,472.12,NVIDIA GeForce RTX 3080,[N/A],Enabled,Enabled
1708616661.688112,0,GPU-a71d5fd4-b7db-93b7-1b7a-5a6e2a6a8c65,0.18,0.41572265625,10240.0,5983.0,472.12,NVIDIA GeForce RTX 3080,[N/A],Enabled,Enabled
1708616662.685949,0,GPU-a71d5fd4-b7db-93b7-1b7a-5a6e2a6a8c65,0.18,0.41572265625,10240.0,5983.0,472.12,NVIDIA GeForce RTX 3080,[N/A],Enabled,Enabled
1708616663.684052,0,GPU-a71d5fd4-b7db-93b7-1b7a-5a6e2a6a8c65,0.17,0.41572265625,10240.0,5983.0,472.12,NVIDIA GeForce RTX 3080,[N/A],Enabled,Enabled
1708616664.680103,0,GPU-a71d5fd4-b7db-93b7-1b7a-5a6e2a6a8c65,0.18,0.41572265625,10240.0,5983.0,472.12,NVIDIA GeForce RTX 3080,[N/A],Enabled,Enabled
1708616665.676869,0,GPU-a71d5fd4-b7db-93b7-1b7a-5a6e2a6a8c65,0.17,0.41572265625,10240.0,5983.0,472.12,NVIDIA GeForce RTX 3080,[N/A],Enabled,Enabled
1708616666.679098,0,GPU-a71d5fd4-b7db-93b7-1b7a-5a6e2a6a8c65,0.17,0.41572265625,10240.0,5983.0,472.12,NVIDIA GeForce RTX 3080,[N/A],Enabled,Enabled
1708616667.685262,0,GPU-a71d5fd4-b7db-93b7-1b7a-5a6e2a6a8c65,0.17,0.41572265625,10240.0,5983.0,472.12,NVIDIA GeForce RTX 3080,[N/A],Enabled,Enabled
1708616668.683393,0,GPU-a71d5fd4-b7db-93b7-1b7a-5a6e2a6a8c65,0.18,0.41572265625,10240.0,5983.0,472.12,NVIDIA GeForce RTX 3080,[N/A],Enabled,Enabled
1708616669.678006,0,GPU-a71d5fd4-b7db-93b7-1b7a-5a6e2a6a8c65,0.17,0.41572265625,10240.0,5983.0,472.12,NVIDIA GeForce RTX 3080,[N/A],Enabled,Enabled
1708616670.675882,0,GPU-a71d5fd4-b7db-93b7-1b7a-5a6e2a6a8c65,0.18,0.41572265625,10240.0,5983.0,472.12,NVIDIA GeForce RTX 3080,[N/A],Enabled,Enabled
1708616671.689565,0,GPU-a71d5fd4-b7db-93b7-1b7a-5a6e2a6a8c65,0.17,0.41572265625,10240.0,5983.0,472.12,NVIDIA GeForce RTX 3080,[N/A],Enabled,Enabled
1708616672.687254,0,GPU-a71d5fd4-b7db-93b7-1b7a-5a6e2a6a8c65,0.17,0.41572265625,10240.0,5983.0,472.12,NVIDIA GeForce RTX 3080,[N/A],Enabled,Enabled
1708616673.684784,0,GPU-a71d5fd4-b7db-93b7-1b7a-5a6e2a6a8c65,0.17,0.41572265625,10240.0,5983.0,472.12,NVIDIA GeForce RTX 3080,[N/A],Enabled,Enabled
1708616674.681283,0,GPU-a71d5fd4-b7db-93b7-1b7a-5a6e2a6a8c65,0.17,0.41572265625,10240.0,5983.0,472.12,NVIDIA GeForce RTX 3080,[N/A],Enabled,Enabled
1708616675.683703,0,GPU-a71d5fd4-b7db-93b7-1b7a-5a6e2a6a8c65,0.17,0.41572265625,10240.0,5983.0,472.12,NVIDIA GeForce RTX 3080,[N/A],Enabled,Enabled
1708616676.682386,0,GPU-a71d5fd4-b7db-93b7-1b7a-5a6e2a6a8c65,0.18,0.41572265625,10240.0,5983.0,472.12,NVIDIA GeForce RTX 3080,[N/A],Enabled,Enabled
1708616677.679226,0,GPU-a71d5fd4-b7db-93b7-1b7a-5a6e2a6a8c65,0.17,0.41572265625,10240.0,5983.0,472.12,NVIDIA GeForce RTX 3080,[N/A],Enabled,Enabled
1708616678.679018,0,GPU-a71d5fd4-b7db-93b7-1b7a-5a6e2a6a8c65,0.17,0.41572265625,10240.0,5983.0,472.12,NVIDIA GeForce RTX 3080,[N/A],Enabled,Enabled
1708616679.689158,0,GPU-a71d5fd4-b7db-93b7-1b7a-5a6e2a6a8c65,0.17,0.41572265625,10240.0,5983.0,472.12,NVIDIA GeForce RTX 3080,[N/A],Enabled,Enabled
1708616680.685008,0,GPU-a71d5fd4-b7db-93b7-1b7a-5a6e2a6a8c65,0.17,0.41572265625,10240.0,5983.0,472.12,NVIDIA GeForce RTX 3080,[N/A],Enabled,Enabled
1708616681.685546,0,GPU-a71d5fd4-b7db-93b7-1b7a-5a6e2a6a8c65,0.17,0.41572265625,10240.0,5983.0,472.12,NVIDIA GeForce RTX 3080,[N/A],Enabled,Enabled
1708616682.687033,0,GPU-a71d5fd4-b7db-93b7-1b7a-5a6e2a6a8c65,0.17,0.41572265625,10240.0,5983.0,472.12,NVIDIA GeForce RTX 3080,[N/A],Enabled,Enabled
1708616683.68496,0,GPU-a71d5fd4-b7db-93b7-1b7a-5a6e2a6a8c65,0.17,0.41572265625,10240.0,5983.0,472.12,NVIDIA GeForce RTX 3080,[N/A],Enabled,Enabled
1708616684.688177,0,GPU-a71d5fd4-b7db-93b7-1b7a-5a6e2a6a8c65,0.18,0.41572265625,10240.0,5983.0,472.12,NVIDIA GeForce RTX 3080,[N/A],Enabled,Enabled
1708616685.678107,0,GPU-a71d5fd4-b7db-93b7-1b7a-5a6e2a6a8c65,0.17,0.41572265625,10240.0,5983.0,472.12,NVIDIA GeForce RTX 3080,[N/A],Enabled,Enabled
1708616686.676892,0,GPU-a71d5fd4-b7db-93b7-1b7a-5a6e2a6a8c65,0.17,0.41572265625,10240.0,5983.0,472.12,NVIDIA GeForce RTX 3080,[N/A],Enabled,Enabled
1708616687.676059,0,GPU-a71d5fd4-b7db-93b7-1b7a-5a6e2a6a8c65,0.17,0.41572265625,10240.0,5983.0,472.12,NVIDIA GeForce RTX 3080,[N/A],Enabled,Enabled
1708616688.690368,0,GPU-a71d5fd4-b7db-93b7-1b7a-5a6e2a6a8c65,0.18,0.41572265625,10240.0,5983.0,472.12,NVIDIA GeForce RTX 3080,[N/A],Enabled,Enabled
1708616689.689023,0,GPU-a71d5fd4-b7db-93b7-1b7a-5a6e2a6a8c65,0.17,0.41572265625,10240.0,5983.0,472.12,NVIDIA GeForce RTX 3080,[N/A],Enabled,Enabled
1708616690.688205,0,GPU-a71d5fd4-b7db-93b7-1b7a-5a6e2a6a8c65,0.17,0.41572265625,10240.0,5983.0,472.12,NVIDIA GeForce RTX 3080,[N/A],Enabled,Enabled
1708616691.68604,0,GPU-a71d5fd4-b7db-93b7-1b7a-5a6e2a6a8c65,0.17,0.41572265625,10240.0,5983.0,472.12,NVIDIA GeForce RTX 3080,[N/A],Enabled,Enabled
1708616692.683526,0,GPU-a71d5fd4-b7db-93b7-1b7a-5a6e2a6a8c65,0.17,0.41572265625,10240.0,5983.0,472.12,NVIDIA GeForce RTX 3080,[N/A],Enabled,Enabled
1708616693.67895,0,GPU-a71d5fd4-b7db-93b7-1b7a-5a6e2a6a8c65,0.17,0.41572265625,10240.0,5983.0,472.12,NVIDIA GeForce RTX 3080,[N/A],Enabled,Enabled
1708616694.678091,0,GPU-a71d5fd4-b7db-93b7-1b7a-5a6e2a6a8c65,0.17,0.41572265625,10240.0,5983.0,472.12,NVIDIA GeForce RTX 3080,[N/A],Enabled,Enabled
1708616695.676851,0,GPU-a71d5fd4-b7db-93b7-1b7a-5a6e2a6a8c65,0.17,0.41572265625,10240.0,5983.0,472.12,NVIDIA GeForce RTX 3080,[N/A],Enabled,Enabled
1708616696.688241,0,GPU-a71d5fd4-b7db-93b7-1b7a-5a6e2a6a8c65,0.18,0.41572265625,10240.0,5983.0,472.12,NVIDIA GeForce RTX 3080,[N/A],Enabled,Enabled
1708616697.687858,0,GPU-a71d5fd4-b7db-93b7-1b7a-5a6e2a6a8c65,0.17,0.41572265625,10240.0,5983.0,472.12,NVIDIA GeForce RTX 3080,[N/A],Enabled,Enabled
1708616698.689302,0,GPU-a71d5fd4-b7db-93b7-1b7a-5a6e2a6a8c65,0.17,0.41572265625,10240.0,5983.0,472.12,NVIDIA GeForce RTX 3080,[N/A],Enabled,Enabled
1708616699.686255,0,GPU-a71d5fd4-b7db-93b7-1b7a-5a6e2a6a8c65,0.17,0.41572265625,10240.0,5983.0,472.12,NVIDIA GeForce RTX 3080,[N/A],Enabled,Enabled
1708616700.690499,0,GPU-a71d5fd4-b7db-93b7-1b7a-5a6e2a6a8c65,0.17,0.41572265625,10240.0,5983.0,472.12,NVIDIA GeForce RTX 3080,[N/A],Enabled,Enabled
1708616701.691043,0,GPU-a71d5fd4-b7db-93b7-1b7a-5a6e2a6a8c65,0.16,0.41572265625,10240.0,5983.0,472.12,NVIDIA GeForce RTX 3080,[N/A],Enabled,Enabled
1708616702.691367,0,GPU-a71d5fd4-b7db-93b7-1b7a-5a6e2a6a8c65,0.17,0.41572265625,10240.0,5983.0,472.12,NVIDIA GeForce RTX 3080,[N/A],Enabled,Enabled
1708616703.676495,0,GPU-a71d5fd4-b7db-93b7-1b7a-5a6e2a6a8c65,0.16,0.41572265625,10240.0,5983.0,472.12,NVIDIA GeForce RTX 3080,[N/A],Enabled,Enabled
1708616704.689928,0,GPU-a71d5fd4-b7db-93b7-1b7a-5a6e2a6a8c65,0.17,0.41572265625,10240.0,5983.0,472.12,NVIDIA GeForce RTX 3080,[N/A],Enabled,Enabled
1708616705.689114,0,GPU-a71d5fd4-b7db-93b7-1b7a-5a6e2a6a8c65,0.16,0.41572265625,10240.0,5983.0,472.12,NVIDIA GeForce RTX 3080,[N/A],Enabled,Enabled
1708616706.688982,0,GPU-a71d5fd4-b7db-93b7-1b7a-5a6e2a6a8c65,0.17,0.41572265625,10240.0,5983.0,472.12,NVIDIA GeForce RTX 3080,[N/A],Enabled,Enabled
1708616707.684996,0,GPU-a71d5fd4-b7db-93b7-1b7a-5a6e2a6a8c65,0.17,0.41572265625,10240.0,5983.0,472.12,NVIDIA GeForce RTX 3080,[N/A],Enabled,Enabled
1708616708.681066,0,GPU-a71d5fd4-b7db-93b7-1b7a-5a6e2a6a8c65,0.17,0.41572265625,10240.0,5983.0,472.12,NVIDIA GeForce RTX 3080,[N/A],Enabled,Enabled
1708616709.685267,0,GPU-a71d5fd4-b7db-93b7-1b7a-5a6e2a6a8c65,0.16,0.41572265625,10240.0,5983.0,472.12,NVIDIA GeForce RTX 3080,[N/A],Enabled,Enabled
1708616710.684975,0,GPU-a71d5fd4-b7db-93b7-1b7a-5a6e2a6a8c65,0.17,0.41572265625,10240.0,5983.0,472.12,NVIDIA GeForce RTX 3080,[N/A],Enabled,Enabled
1708616711.682602,0,GPU-a71d5fd4-b7db-93b7-1b7a-5a6e2a6a8c65,0.16,0.41572265625,10240.0,5983.0,472.12,NVIDIA GeForce RTX 3080,[N/A],Enabled,Enabled
1708616712.686148,0,GPU-a71d5fd4-b7db-93b7-1b7a-5a6e2a6a8c65,0.17,0.41572265625,10240.0,5983.0,472.12,NVIDIA GeForce RTX 3080,[N/A],Enabled,Enabled
1708616713.688944,0,GPU-a71d5fd4-b7db-93b7-1b7a-5a6e2a6a8c65,0.16,0.41572265625,10240.0,5983.0,472.12,NVIDIA GeForce RTX 3080,[N/A],Enabled,Enabled
1708616714.686448,0,GPU-a71d5fd4-b7db-93b7-1b7a-5a6e2a6a8c65,0.17,0.41572265625,10240.0,5983.0,472.12,NVIDIA GeForce RTX 3080,[N/A],Enabled,Enabled
1708616715.685223,0,GPU-a71d5fd4-b7db-93b7-1b7a-5a6e2a6a8c65,0.17,0.41572265625,10240.0,5983.0,472.12,NVIDIA GeForce RTX 3080,[N/A],Enabled,Enabled
1708616716.684216,0,GPU-a71d5fd4-b7db-93b7-1b7a-5a6e2a6a8c65,0.17,0.41572265625,10240.0,5983.0,472.12,NVIDIA GeForce RTX 3080,[N/A],Enabled,Enabled
1708616717.68093,0,GPU-a71d5fd4-b7db-93b7-1b7a-5a6e2a6a8c65,0.17,0.41572265625,10240.0,5983.0,472.12,NVIDIA GeForce RTX 3080,[N/A],Enabled,Enabled
1708616718.676939,0,GPU-a71d5fd4-b7db-93b7-1b7a-5a6e2a6a8c65,0.17,0.41572265625,10240.0,5983.0,472.12,NVIDIA GeForce RTX 3080,[N/A],Enabled,Enabled
1708616719.676984,0,GPU-a71d5fd4-b7db-93b7-1b7a-5a6e2a6a8c65,0.17,0.41572265625,10240.0,5983.0,472.12,NVIDIA GeForce RTX 3080,[N/A],Enabled,Enabled
1708616720.677322,0,GPU-a71d5fd4-b7db-93b7-1b7a-5a6e2a6a8c65,0.17,0.41572265625,10240.0,5983.0,472.12,NVIDIA GeForce RTX 3080,[N/A],Enabled,Enabled
1708616721.691414,0,GPU-a71d5fd4-b7db-93b7-1b7a-5a6e2a6a8c65,0.17,0.41572265625,10240.0,5983.0,472.12,NVIDIA GeForce RTX 3080,[N/A],Enabled,Enabled
1708616722.679187,0,GPU-a71d5fd4-b7db-93b7-1b7a-5a6e2a6a8c65,0.17,0.41572265625,10240.0,5983.0,472.12,NVIDIA GeForce RTX 3080,[N/A],Enabled,Enabled
1708616723.681234,0,GPU-a71d5fd4-b7db-93b7-1b7a-5a6e2a6a8c65,0.17,0.41572265625,10240.0,5983.0,472.12,NVIDIA GeForce RTX 3080,[N/A],Enabled,Enabled
1708616724.682175,0,GPU-a71d5fd4-b7db-93b7-1b7a-5a6e2a6a8c65,0.17,0.41572265625,10240.0,5983.0,472.12,NVIDIA GeForce RTX 3080,[N/A],Enabled,Enabled
1708616725.682828,0,GPU-a71d5fd4-b7db-93b7-1b7a-5a6e2a6a8c65,0.17,0.41572265625,10240.0,5983.0,472.12,NVIDIA GeForce RTX 3080,[N/A],Enabled,Enabled
1708616726.682105,0,GPU-a71d5fd4-b7db-93b7-1b7a-5a6e2a6a8c65,0.17,0.41572265625,10240.0,5983.0,472.12,NVIDIA GeForce RTX 3080,[N/A],Enabled,Enabled
1708616727.681668,0,GPU-a71d5fd4-b7db-93b7-1b7a-5a6e2a6a8c65,0.16,0.41572265625,10240.0,5983.0,472.12,NVIDIA GeForce RTX 3080,[N/A],Enabled,Enabled
1708616728.68095,0,GPU-a71d5fd4-b7db-93b7-1b7a-5a6e2a6a8c65,0.17,0.41572265625,10240.0,5983.0,472.12,NVIDIA GeForce RTX 3080,[N/A],Enabled,Enabled
1708616729.681188,0,GPU-a71d5fd4-b7db-93b7-1b7a-5a6e2a6a8c65,0.17,0.41572265625,10240.0,5983.0,472.12,NVIDIA GeForce RTX 3080,[N/A],Enabled,Enabled
1708616730.690299,0,GPU-a71d5fd4-b7db-93b7-1b7a-5a6e2a6a8c65,0.17,0.41572265625,10240.0,5983.0,472.12,NVIDIA GeForce RTX 3080,[N/A],Enabled,Enabled
1708616731.677097,0,GPU-a71d5fd4-b7db-93b7-1b7a-5a6e2a6a8c65,0.17,0.41572265625,10240.0,5983.0,472.12,NVIDIA GeForce RTX 3080,[N/A],Enabled,Enabled
1708616732.681957,0,GPU-a71d5fd4-b7db-93b7-1b7a-5a6e2a6a8c65,0.17,0.41572265625,10240.0,5983.0,472.12,NVIDIA GeForce RTX 3080,[N/A],Enabled,Enabled
1708616733.681299,0,GPU-a71d5fd4-b7db-93b7-1b7a-5a6e2a6a8c65,0.16,0.41572265625,10240.0,5983.0,472.12,NVIDIA GeForce RTX 3080,[N/A],Enabled,Enabled
1708616734.680173,0,GPU-a71d5fd4-b7db-93b7-1b7a-5a6e2a6a8c65,0.17,0.41572265625,10240.0,5983.0,472.12,NVIDIA GeForce RTX 3080,[N/A],Enabled,Enabled
1708616735.677355,0,GPU-a71d5fd4-b7db-93b7-1b7a-5a6e2a6a8c65,0.17,0.41572265625,10240.0,5983.0,472.12,NVIDIA GeForce RTX 3080,[N/A],Enabled,Enabled
1708616736.67689,0,GPU-a71d5fd4-b7db-93b7-1b7a-5a6e2a6a8c65,0.17,0.41572265625,10240.0,5983.0,472.12,NVIDIA GeForce RTX 3080,[N/A],Enabled,Enabled
1708616737.680371,0,GPU-a71d5fd4-b7db-93b7-1b7a-5a6e2a6a8c65,0.17,0.41572265625,10240.0,5983.0,472.12,NVIDIA GeForce RTX 3080,[N/A],Enabled,Enabled
1708616738.680236,0,GPU-a71d5fd4-b7db-93b7-1b7a-5a6e2a6a8c65,0.16,0.41572265625,10240.0,5983.0,472.12,NVIDIA GeForce RTX 3080,[N/A],Enabled,Enabled
1708616739.677392,0,GPU-a71d5fd4-b7db-93b7-1b7a-5a6e2a6a8c65,0.16,0.41572265625,10240.0,5983.0,472.12,NVIDIA GeForce RTX 3080,[N/A],Enabled,Enabled
1708616740.679248,0,GPU-a71d5fd4-b7db-93b7-1b7a-5a6e2a6a8c65,0.16,0.41572265625,10240.0,5983.0,472.12,NVIDIA GeForce RTX 3080,[N/A],Enabled,Enabled
1708616741.67904,0,GPU-a71d5fd4-b7db-93b7-1b7a-5a6e2a6a8c65,0.16,0.41572265625,10240.0,5983.0,472.12,NVIDIA GeForce RTX 3080,[N/A],Enabled,Enabled
1708616742.676809,0,GPU-a71d5fd4-b7db-93b7-1b7a-5a6e2a6a8c65,0.17,0.41572265625,10240.0,5983.0,472.12,NVIDIA GeForce RTX 3080,[N/A],Enabled,Enabled
1708616743.676198,0,GPU-a71d5fd4-b7db-93b7-1b7a-5a6e2a6a8c65,0.17,0.41572265625,10240.0,5983.0,472.12,NVIDIA GeForce RTX 3080,[N/A],Enabled,Enabled
1708616744.690864,0,GPU-a71d5fd4-b7db-93b7-1b7a-5a6e2a6a8c65,0.16,0.41572265625,10240.0,5983.0,472.12,NVIDIA GeForce RTX 3080,[N/A],Enabled,Enabled
1708616745.68028,0,GPU-a71d5fd4-b7db-93b7-1b7a-5a6e2a6a8c65,0.16,0.41572265625,10240.0,5983.0,472.12,NVIDIA GeForce RTX 3080,[N/A],Enabled,Enabled
1708616746.681102,0,GPU-a71d5fd4-b7db-93b7-1b7a-5a6e2a6a8c65,0.17,0.41572265625,10240.0,5983.0,472.12,NVIDIA GeForce RTX 3080,[N/A],Enabled,Enabled
1708616747.680293,0,GPU-a71d5fd4-b7db-93b7-1b7a-5a6e2a6a8c65,0.16,0.41572265625,10240.0,5983.0,472.12,NVIDIA GeForce RTX 3080,[N/A],Enabled,Enabled
1708616748.678591,0,GPU-a71d5fd4-b7db-93b7-1b7a-5a6e2a6a8c65,0.17,0.41572265625,10240.0,5983.0,472.12,NVIDIA GeForce RTX 3080,[N/A],Enabled,Enabled
1708616749.676918,0,GPU-a71d5fd4-b7db-93b7-1b7a-5a6e2a6a8c65,0.17,0.41572265625,10240.0,5983.0,472.12,NVIDIA GeForce RTX 3080,[N/A],Enabled,Enabled
1708616750.688976,0,GPU-a71d5fd4-b7db-93b7-1b7a-5a6e2a6a8c65,0.17,0.41572265625,10240.0,5983.0,472.12,NVIDIA GeForce RTX 3080,[N/A],Enabled,Enabled
1708616751.68791,0,GPU-a71d5fd4-b7db-93b7-1b7a-5a6e2a6a8c65,0.17,0.41572265625,10240.0,5983.0,472.12,NVIDIA GeForce RTX 3080,[N/A],Enabled,Enabled
1708616752.687071,0,GPU-a71d5fd4-b7db-93b7-1b7a-5a6e2a6a8c65,0.17,0.41572265625,10240.0,5983.0,472.12,NVIDIA GeForce RTX 3080,[N/A],Enabled,Enabled
1708616753.690061,0,GPU-a71d5fd4-b7db-93b7-1b7a-5a6e2a6a8c65,0.16,0.41572265625,10240.0,5983.0,472.12,NVIDIA GeForce RTX 3080,[N/A],Enabled,Enabled
1708616754.686162,0,GPU-a71d5fd4-b7db-93b7-1b7a-5a6e2a6a8c65,0.17,0.41572265625,10240.0,5983.0,472.12,NVIDIA GeForce RTX 3080,[N/A],Enabled,Enabled
1708616755.685791,0,GPU-a71d5fd4-b7db-93b7-1b7a-5a6e2a6a8c65,0.16,0.41572265625,10240.0,5983.0,472.12,NVIDIA GeForce RTX 3080,[N/A],Enabled,Enabled
1708616756.686188,0,GPU-a71d5fd4-b7db-93b7-1b7a-5a6e2a6a8c65,0.17,0.41572265625,10240.0,5983.0,472.12,NVIDIA GeForce RTX 3080,[N/A],Enabled,Enabled
1708616757.684966,0,GPU-a71d5fd4-b7db-93b7-1b7a-5a6e2a6a8c65,0.18,0.41572265625,10240.0,5983.0,472.12,NVIDIA GeForce RTX 3080,[N/A],Enabled,Enabled
1708616758.685086,0,GPU-a71d5fd4-b7db-93b7-1b7a-5a6e2a6a8c65,0.17,0.41572265625,10240.0,5983.0,472.12,NVIDIA GeForce RTX 3080,[N/A],Enabled,Enabled
1708616759.68216,0,GPU-a71d5fd4-b7db-93b7-1b7a-5a6e2a6a8c65,0.16,0.41572265625,10240.0,5983.0,472.12,NVIDIA GeForce RTX 3080,[N/A],Enabled,Enabled
1708616760.682081,0,GPU-a71d5fd4-b7db-93b7-1b7a-5a6e2a6a8c65,0.17,0.41572265625,10240.0,5983.0,472.12,NVIDIA GeForce RTX 3080,[N/A],Enabled,Enabled
1708616761.680177,0,GPU-a71d5fd4-b7db-93b7-1b7a-5a6e2a6a8c65,0.16,0.41572265625,10240.0,5983.0,472.12,NVIDIA GeForce RTX 3080,[N/A],Enabled,Enabled
1708616762.679871,0,GPU-a71d5fd4-b7db-93b7-1b7a-5a6e2a6a8c65,0.18,0.41572265625,10240.0,5983.0,472.12,NVIDIA GeForce RTX 3080,[N/A],Enabled,Enabled
1708616763.68947,0,GPU-a71d5fd4-b7db-93b7-1b7a-5a6e2a6a8c65,0.17,0.41572265625,10240.0,5983.0,472.12,NVIDIA GeForce RTX 3080,[N/A],Enabled,Enabled
1708616764.685171,0,GPU-a71d5fd4-b7db-93b7-1b7a-5a6e2a6a8c65,0.17,0.41572265625,10240.0,5983.0,472.12,NVIDIA GeForce RTX 3080,[N/A],Enabled,Enabled
1708616765.680973,0,GPU-a71d5fd4-b7db-93b7-1b7a-5a6e2a6a8c65,0.17,0.41572265625,10240.0,5983.0,472.12,NVIDIA GeForce RTX 3080,[N/A],Enabled,Enabled
1708616766.677293,0,GPU-a71d5fd4-b7db-93b7-1b7a-5a6e2a6a8c65,0.17,0.41572265625,10240.0,5983.0,472.12,NVIDIA GeForce RTX 3080,[N/A],Enabled,Enabled
1708616767.676216,0,GPU-a71d5fd4-b7db-93b7-1b7a-5a6e2a6a8c65,0.16,0.41572265625,10240.0,5983.0,472.12,NVIDIA GeForce RTX 3080,[N/A],Enabled,Enabled
1708616768.687073,0,GPU-a71d5fd4-b7db-93b7-1b7a-5a6e2a6a8c65,0.17,0.41572265625,10240.0,5983.0,472.12,NVIDIA GeForce RTX 3080,[N/A],Enabled,Enabled
1708616769.687454,0,GPU-a71d5fd4-b7db-93b7-1b7a-5a6e2a6a8c65,0.17,0.41572265625,10240.0,5983.0,472.12,NVIDIA GeForce RTX 3080,[N/A],Enabled,Enabled
1708616770.686091,0,GPU-a71d5fd4-b7db-93b7-1b7a-5a6e2a6a8c65,0.16,0.41572265625,10240.0,5983.0,472.12,NVIDIA GeForce RTX 3080,[N/A],Enabled,Enabled
1708616771.68032,0,GPU-a71d5fd4-b7db-93b7-1b7a-5a6e2a6a8c65,0.16,0.41572265625,10240.0,5983.0,472.12,NVIDIA GeForce RTX 3080,[N/A],Enabled,Enabled
1708616772.677017,0,GPU-a71d5fd4-b7db-93b7-1b7a-5a6e2a6a8c65,0.17,0.41572265625,10240.0,5983.0,472.12,NVIDIA GeForce RTX 3080,[N/A],Enabled,Enabled
1708616773.689263,0,GPU-a71d5fd4-b7db-93b7-1b7a-5a6e2a6a8c65,0.16,0.41572265625,10240.0,5983.0,472.12,NVIDIA GeForce RTX 3080,[N/A],Enabled,Enabled
1708616774.688653,0,GPU-a71d5fd4-b7db-93b7-1b7a-5a6e2a6a8c65,0.17,0.41572265625,10240.0,5983.0,472.12,NVIDIA GeForce RTX 3080,[N/A],Enabled,Enabled
1708616775.689263,0,GPU-a71d5fd4-b7db-93b7-1b7a-5a6e2a6a8c65,0.17,0.41572265625,10240.0,5983.0,472.12,NVIDIA GeForce RTX 3080,[N/A],Enabled,Enabled
1708616776.687211,0,GPU-a71d5fd4-b7db-93b7-1b7a-5a6e2a6a8c65,0.17,0.41572265625,10240.0,5983.0,472.12,NVIDIA GeForce RTX 3080,[N/A],Enabled,Enabled
1708616777.685164,0,GPU-a71d5fd4-b7db-93b7-1b7a-5a6e2a6a8c65,0.16,0.41572265625,10240.0,5983.0,472.12,NVIDIA GeForce RTX 3080,[N/A],Enabled,Enabled
1708616778.680972,0,GPU-a71d5fd4-b7db-93b7-1b7a-5a6e2a6a8c65,0.17,0.41572265625,10240.0,5983.0,472.12,NVIDIA GeForce RTX 3080,[N/A],Enabled,Enabled
1708616779.67908,0,GPU-a71d5fd4-b7db-93b7-1b7a-5a6e2a6a8c65,0.16,0.41572265625,10240.0,5983.0,472.12,NVIDIA GeForce RTX 3080,[N/A],Enabled,Enabled
1708616780.67919,0,GPU-a71d5fd4-b7db-93b7-1b7a-5a6e2a6a8c65,0.16,0.41572265625,10240.0,5983.0,472.12,NVIDIA GeForce RTX 3080,[N/A],Enabled,Enabled
1708616781.689897,0,GPU-a71d5fd4-b7db-93b7-1b7a-5a6e2a6a8c65,0.12,0.41064453125,10240.0,6035.0,472.12,NVIDIA GeForce RTX 3080,[N/A],Enabled,Enabled
1708616782.680091,0,GPU-a71d5fd4-b7db-93b7-1b7a-5a6e2a6a8c65,0.14,0.40712890625,10240.0,6071.0,472.12,NVIDIA GeForce RTX 3080,[N/A],Enabled,Enabled
1708616783.679864,0,GPU-a71d5fd4-b7db-93b7-1b7a-5a6e2a6a8c65,0.15,0.4072265625,10240.0,6070.0,472.12,NVIDIA GeForce RTX 3080,[N/A],Enabled,Enabled
1708616784.679082,0,GPU-a71d5fd4-b7db-93b7-1b7a-5a6e2a6a8c65,0.13,0.40341796875,10240.0,6109.0,472.12,NVIDIA GeForce RTX 3080,[N/A],Enabled,Enabled
1708616785.686312,0,GPU-a71d5fd4-b7db-93b7-1b7a-5a6e2a6a8c65,0.13,0.40341796875,10240.0,6109.0,472.12,NVIDIA GeForce RTX 3080,[N/A],Enabled,Enabled
1708616786.68627,0,GPU-a71d5fd4-b7db-93b7-1b7a-5a6e2a6a8c65,0.14,0.40712890625,10240.0,6071.0,472.12,NVIDIA GeForce RTX 3080,[N/A],Enabled,Enabled
1708616787.685135,0,GPU-a71d5fd4-b7db-93b7-1b7a-5a6e2a6a8c65,0.13,0.40341796875,10240.0,6109.0,472.12,NVIDIA GeForce RTX 3080,[N/A],Enabled,Enabled
1708616788.684893,0,GPU-a71d5fd4-b7db-93b7-1b7a-5a6e2a6a8c65,0.13,0.40341796875,10240.0,6109.0,472.12,NVIDIA GeForce RTX 3080,[N/A],Enabled,Enabled
1708616789.684895,0,GPU-a71d5fd4-b7db-93b7-1b7a-5a6e2a6a8c65,0.12,0.40341796875,10240.0,6109.0,472.12,NVIDIA GeForce RTX 3080,[N/A],Enabled,Enabled
1708616790.682254,0,GPU-a71d5fd4-b7db-93b7-1b7a-5a6e2a6a8c65,0.13,0.29267578125,10240.0,7243.0,472.12,NVIDIA GeForce RTX 3080,[N/A],Enabled,Enabled
