3663.10 20770.99
3664.07 20776.94
3665.08 20782.87
3666.08 20788.91
3667.08 20794.89
3668.09 20800.85
3669.08 20806.62
3670.07 20812.49
3671.08 20818.32
3672.09 20823.96
3673.08 20829.54
3674.08 20834.65
3675.09 20839.74
3676.09 20845.51
3677.08 20850.22
3678.08 20855.34
3679.09 20860.79
3680.08 20866.23
3681.08 20871.57
3682.08 20875.98
3683.09 20881.47
3684.09 20886.53
3685.07 20891.68
3686.08 20897.20
3687.08 20902.39
3688.09 20907.82
3689.08 20913.10
3690.08 20918.40
3691.08 20923.73
3692.08 20928.18
3693.09 20933.44
3694.09 20938.91
3695.08 20944.60
3696.08 20949.51
3697.09 20954.91
3698.08 20960.53
3699.07 20965.66
3700.09 20971.14
3701.08 20976.46
3702.08 20981.57
3703.09 20987.09
3704.08 20992.69
3705.08 20997.75
3706.09 21002.93
3707.09 21008.24
3708.08 21013.11
3709.08 21018.52
3710.09 21024.07
3711.08 21028.96
3712.09 21034.30
3713.08 21039.63
3714.08 21044.83
3715.09 21050.23
3716.09 21055.76
3717.08 21060.78
3718.09 21066.22
3719.09 21071.81
3720.08 21076.57
3721.09 21082.02
3722.08 21087.57
3723.07 21092.55
3724.09 21098.22
3725.09 21103.75
3726.08 21108.72
3727.09 21113.82
3728.08 21119.04
3729.08 21123.70
3730.08 21128.45
3731.08 21133.75
3732.07 21138.19
3733.08 21143.31
3734.08 21148.43
3735.08 21153.28
3736.09 21158.27
3737.09 21163.48
3738.08 21168.05
3739.09 21173.16
3740.09 21178.40
3741.08 21182.98
3742.09 21188.38
3743.09 21193.74
3744.08 21198.55
3745.08 21203.72
3746.09 21209.32
3747.08 21214.08
3748.09 21219.15
3749.08 21224.61
3750.08 21228.95
3751.09 21234.11
3752.09 21239.52
3753.08 21244.22
3754.08 21249.64
3755.09 21255.15
3756.07 21259.77
3757.09 21265.07
3758.08 21270.46
3759.09 21275.20
3760.08 21280.37
3761.10 21285.58
3762.08 21290.48
3763.08 21295.93
3764.09 21301.60
3765.09 21306.42
3766.08 21311.82
3767.09 21317.22
3768.09 21322.03
3769.09 21327.22
3770.08 21332.49
3771.08 21337.28
3772.09 21342.54
3773.08 21347.58
3774.09 21352.20
3775.08 21357.33
3776.08 21362.78
3777.08 21367.52
3778.09 21373.00
3779.08 21378.06
3780.10 21382.66
3781.09 21387.93
3782.08 21393.18
3783.08 21398.07
3784.09 21403.32
3785.08 21408.52
3786.09 21413.32
3787.08 21418.67
3788.08 21424.30
3789.08 21429.19
3790.08 21434.49
3791.09 21439.99
3792.08 21444.69
3793.09 21449.85
3794.08 21454.92
3795.08 21459.78
3796.08 21465.23
3797.09 21470.71
3798.08 21475.57
3799.08 21480.82
3800.09 21486.47
3801.08 21491.51
3802.08 21496.82
3803.09 21502.30
3804.09 21507.00
3805.08 21512.23
3806.09 21517.79
3807.09 21522.75
3808.08 21527.86
3809.09 21533.32
3810.08 21538.31
3811.08 21543.67
3812.09 21549.51
3813.09 21554.23
3814.09 21559.82
3815.09 21565.20
3816.09 21570.04
3817.09 21575.56
3818.08 21580.96
3819.08 21585.69
3820.09 21591.21
3821.08 21596.70
3822.08 21601.79
3823.08 21607.17
3824.08 21612.41
3825.09 21617.22
3826.09 21622.77
3827.08 21628.36
3828.09 21633.34
3829.09 21638.86
3830.09 21644.30
3831.09 21649.04
3832.08 21654.59
3833.08 21659.89
3834.09 21664.90
3835.09 21670.46
3836.08 21676.28
3837.09 21681.21
3838.08 21686.56
3839.08 21691.96
3840.09 21696.85
3841.09 21702.36
3842.08 21707.91
3843.09 21713.04
3844.09 21718.68
3845.08 21724.35
3846.08 21729.42
3847.09 21734.12
3848.09 21739.11
3849.08 21743.76
3850.09 21749.16
3851.09 21754.23
3852.09 21758.98
3853.08 21764.00
3854.08 21769.21
3855.09 21773.79
3856.08 21778.92
3857.09 21784.12
3858.09 21788.53
3859.08 21793.75
3860.09 21798.92
3861.09 21803.46
3862.08 21808.74
3863.08 21813.73
3864.09 21818.48
3865.08 21823.77
3866.09 21829.20
3867.08 21833.98
3868.08 21839.20
3869.09 21844.52
3870.08 21849.37
3871.08 21854.97
3872.08 21860.59
3873.08 21865.26
3874.08 21870.67
3875.09 21876.21
3876.09 21880.85
3877.08 21886.34
3878.09 21891.96
3879.08 21896.83
3880.09 21902.25
3881.08 21907.82
3882.10 21912.89
3883.09 21918.12
3884.08 21923.52
3885.09 21928.34
3886.08 21933.71
3887.10 21939.25
3888.09 21944.41
3889.08 21949.91
3890.09 21955.68
3891.08 21960.77
3892.08 21966.21
3893.08 21971.77
3894.08 21976.94
