timestamp,id,uuid,load,memoryUtil,memoryTotal,memoryFree,driver,name,serial,display_mode,display_active
1708596631.992346,0,GPU-a71d5fd4-b7db-93b7-1b7a-5a6e2a6a8c65,0.2,0.4087890625,10240.0,6054.0,472.12,NVIDIA GeForce RTX 3080,[N/A],Enabled,Enabled
1708596632.987421,0,GPU-a71d5fd4-b7db-93b7-1b7a-5a6e2a6a8c65,0.27,0.5697265625,10240.0,4406.0,472.12,NVIDIA GeForce RTX 3080,[N/A],Enabled,Enabled
1708596633.9851,0,GPU-a71d5fd4-b7db-93b7-1b7a-5a6e2a6a8c65,0.11,0.51533203125,10240.0,4963.0,472.12,NVIDIA GeForce RTX 3080,[N/A],Enabled,Enabled
1708596634.999687,0,GPU-a71d5fd4-b7db-93b7-1b7a-5a6e2a6a8c65,0.1,0.51484375,10240.0,4968.0,472.12,NVIDIA GeForce RTX 3080,[N/A],Enabled,Enabled
1708596635.995025,0,GPU-a71d5fd4-b7db-93b7-1b7a-5a6e2a6a8c65,0.1,0.51484375,10240.0,4968.0,472.12,NVIDIA GeForce RTX 3080,[N/A],Enabled,Enabled
1708596636.993842,0,GPU-a71d5fd4-b7db-93b7-1b7a-5a6e2a6a8c65,0.07,0.40224609375,10240.0,6121.0,472.12,NVIDIA GeForce RTX 3080,[N/A],Enabled,Enabled
1708596637.997411,0,GPU-a71d5fd4-b7db-93b7-1b7a-5a6e2a6a8c65,0.05,0.53544921875,10240.0,4757.0,472.12,NVIDIA GeForce RTX 3080,[N/A],Enabled,Enabled
1708596638.998817,0,GPU-a71d5fd4-b7db-93b7-1b7a-5a6e2a6a8c65,0.15,0.46728515625,10240.0,5455.0,472.12,NVIDIA GeForce RTX 3080,[N/A],Enabled,Enabled
1708596639.997494,0,GPU-a71d5fd4-b7db-93b7-1b7a-5a6e2a6a8c65,0.15,0.46728515625,10240.0,5455.0,472.12,NVIDIA GeForce RTX 3080,[N/A],Enabled,Enabled
1708596640.995227,0,GPU-a71d5fd4-b7db-93b7-1b7a-5a6e2a6a8c65,0.13,0.4634765625,10240.0,5494.0,472.12,NVIDIA GeForce RTX 3080,[N/A],Enabled,Enabled
1708596641.9898,0,GPU-a71d5fd4-b7db-93b7-1b7a-5a6e2a6a8c65,0.15,0.4671875,10240.0,5456.0,472.12,NVIDIA GeForce RTX 3080,[N/A],Enabled,Enabled
1708596642.99103,0,GPU-a71d5fd4-b7db-93b7-1b7a-5a6e2a6a8c65,0.09,0.4595703125,10240.0,5534.0,472.12,NVIDIA GeForce RTX 3080,[N/A],Enabled,Enabled
1708596643.992648,0,GPU-a71d5fd4-b7db-93b7-1b7a-5a6e2a6a8c65,0.15,0.46826171875,10240.0,5445.0,472.12,NVIDIA GeForce RTX 3080,[N/A],Enabled,Enabled
1708596644.989098,0,GPU-a71d5fd4-b7db-93b7-1b7a-5a6e2a6a8c65,0.14,0.464453125,10240.0,5484.0,472.12,NVIDIA GeForce RTX 3080,[N/A],Enabled,Enabled
1708596645.991015,0,GPU-a71d5fd4-b7db-93b7-1b7a-5a6e2a6a8c65,0.14,0.46455078125,10240.0,5483.0,472.12,NVIDIA GeForce RTX 3080,[N/A],Enabled,Enabled
1708596646.992747,0,GPU-a71d5fd4-b7db-93b7-1b7a-5a6e2a6a8c65,0.13,0.46455078125,10240.0,5483.0,472.12,NVIDIA GeForce RTX 3080,[N/A],Enabled,Enabled
1708596647.989667,0,GPU-a71d5fd4-b7db-93b7-1b7a-5a6e2a6a8c65,0.13,0.46455078125,10240.0,5483.0,472.12,NVIDIA GeForce RTX 3080,[N/A],Enabled,Enabled
1708596648.986165,0,GPU-a71d5fd4-b7db-93b7-1b7a-5a6e2a6a8c65,0.14,0.46826171875,10240.0,5445.0,472.12,NVIDIA GeForce RTX 3080,[N/A],Enabled,Enabled
1708596649.998902,0,GPU-a71d5fd4-b7db-93b7-1b7a-5a6e2a6a8c65,0.15,0.46826171875,10240.0,5445.0,472.12,NVIDIA GeForce RTX 3080,[N/A],Enabled,Enabled
1708596650.999001,0,GPU-a71d5fd4-b7db-93b7-1b7a-5a6e2a6a8c65,0.13,0.46826171875,10240.0,5445.0,472.12,NVIDIA GeForce RTX 3080,[N/A],Enabled,Enabled
1708596651.994885,0,GPU-a71d5fd4-b7db-93b7-1b7a-5a6e2a6a8c65,0.13,0.46826171875,10240.0,5445.0,472.12,NVIDIA GeForce RTX 3080,[N/A],Enabled,Enabled
1708596652.993918,0,GPU-a71d5fd4-b7db-93b7-1b7a-5a6e2a6a8c65,0.13,0.46455078125,10240.0,5483.0,472.12,NVIDIA GeForce RTX 3080,[N/A],Enabled,Enabled
1708596653.996166,0,GPU-a71d5fd4-b7db-93b7-1b7a-5a6e2a6a8c65,0.13,0.46455078125,10240.0,5483.0,472.12,NVIDIA GeForce RTX 3080,[N/A],Enabled,Enabled
1708596654.99513,0,GPU-a71d5fd4-b7db-93b7-1b7a-5a6e2a6a8c65,0.14,0.46826171875,10240.0,5445.0,472.12,NVIDIA GeForce RTX 3080,[N/A],Enabled,Enabled
1708596655.989649,0,GPU-a71d5fd4-b7db-93b7-1b7a-5a6e2a6a8c65,0.13,0.46826171875,10240.0,5445.0,472.12,NVIDIA GeForce RTX 3080,[N/A],Enabled,Enabled
1708596656.990967,0,GPU-a71d5fd4-b7db-93b7-1b7a-5a6e2a6a8c65,0.14,0.4669921875,10240.0,5458.0,472.12,NVIDIA GeForce RTX 3080,[N/A],Enabled,Enabled
1708596657.989585,0,GPU-a71d5fd4-b7db-93b7-1b7a-5a6e2a6a8c65,0.17,0.47763671875,10240.0,5349.0,472.12,NVIDIA GeForce RTX 3080,[N/A],Enabled,Enabled
1708596658.984872,0,GPU-a71d5fd4-b7db-93b7-1b7a-5a6e2a6a8c65,0.17,0.47763671875,10240.0,5349.0,472.12,NVIDIA GeForce RTX 3080,[N/A],Enabled,Enabled
1708596659.996023,0,GPU-a71d5fd4-b7db-93b7-1b7a-5a6e2a6a8c65,0.17,0.47763671875,10240.0,5349.0,472.12,NVIDIA GeForce RTX 3080,[N/A],Enabled,Enabled
1708596660.998004,0,GPU-a71d5fd4-b7db-93b7-1b7a-5a6e2a6a8c65,0.17,0.47763671875,10240.0,5349.0,472.12,NVIDIA GeForce RTX 3080,[N/A],Enabled,Enabled
1708596661.997006,0,GPU-a71d5fd4-b7db-93b7-1b7a-5a6e2a6a8c65,0.17,0.47763671875,10240.0,5349.0,472.12,NVIDIA GeForce RTX 3080,[N/A],Enabled,Enabled
1708596662.996884,0,GPU-a71d5fd4-b7db-93b7-1b7a-5a6e2a6a8c65,0.17,0.47763671875,10240.0,5349.0,472.12,NVIDIA GeForce RTX 3080,[N/A],Enabled,Enabled
1708596663.994753,0,GPU-a71d5fd4-b7db-93b7-1b7a-5a6e2a6a8c65,0.16,0.47763671875,10240.0,5349.0,472.12,NVIDIA GeForce RTX 3080,[N/A],Enabled,Enabled
1708596664.992811,0,GPU-a71d5fd4-b7db-93b7-1b7a-5a6e2a6a8c65,0.18,0.47763671875,10240.0,5349.0,472.12,NVIDIA GeForce RTX 3080,[N/A],Enabled,Enabled
1708596665.993124,0,GPU-a71d5fd4-b7db-93b7-1b7a-5a6e2a6a8c65,0.17,0.47763671875,10240.0,5349.0,472.12,NVIDIA GeForce RTX 3080,[N/A],Enabled,Enabled
1708596666.994702,0,GPU-a71d5fd4-b7db-93b7-1b7a-5a6e2a6a8c65,0.17,0.47763671875,10240.0,5349.0,472.12,NVIDIA GeForce RTX 3080,[N/A],Enabled,Enabled
1708596667.997821,0,GPU-a71d5fd4-b7db-93b7-1b7a-5a6e2a6a8c65,0.16,0.47763671875,10240.0,5349.0,472.12,NVIDIA GeForce RTX 3080,[N/A],Enabled,Enabled
1708596668.985471,0,GPU-a71d5fd4-b7db-93b7-1b7a-5a6e2a6a8c65,0.17,0.47763671875,10240.0,5349.0,472.12,NVIDIA GeForce RTX 3080,[N/A],Enabled,Enabled
1708596669.998826,0,GPU-a71d5fd4-b7db-93b7-1b7a-5a6e2a6a8c65,0.17,0.47763671875,10240.0,5349.0,472.12,NVIDIA GeForce RTX 3080,[N/A],Enabled,Enabled
1708596670.997598,0,GPU-a71d5fd4-b7db-93b7-1b7a-5a6e2a6a8c65,0.17,0.47763671875,10240.0,5349.0,472.12,NVIDIA GeForce RTX 3080,[N/A],Enabled,Enabled
1708596671.996799,0,GPU-a71d5fd4-b7db-93b7-1b7a-5a6e2a6a8c65,0.17,0.47763671875,10240.0,5349.0,472.12,NVIDIA GeForce RTX 3080,[N/A],Enabled,Enabled
1708596672.996155,0,GPU-a71d5fd4-b7db-93b7-1b7a-5a6e2a6a8c65,0.17,0.47763671875,10240.0,5349.0,472.12,NVIDIA GeForce RTX 3080,[N/A],Enabled,Enabled
1708596673.995523,0,GPU-a71d5fd4-b7db-93b7-1b7a-5a6e2a6a8c65,0.17,0.47763671875,10240.0,5349.0,472.12,NVIDIA GeForce RTX 3080,[N/A],Enabled,Enabled
1708596674.995002,0,GPU-a71d5fd4-b7db-93b7-1b7a-5a6e2a6a8c65,0.17,0.47763671875,10240.0,5349.0,472.12,NVIDIA GeForce RTX 3080,[N/A],Enabled,Enabled
1708596675.997391,0,GPU-a71d5fd4-b7db-93b7-1b7a-5a6e2a6a8c65,0.17,0.47763671875,10240.0,5349.0,472.12,NVIDIA GeForce RTX 3080,[N/A],Enabled,Enabled
1708596676.993611,0,GPU-a71d5fd4-b7db-93b7-1b7a-5a6e2a6a8c65,0.18,0.47763671875,10240.0,5349.0,472.12,NVIDIA GeForce RTX 3080,[N/A],Enabled,Enabled
1708596677.992762,0,GPU-a71d5fd4-b7db-93b7-1b7a-5a6e2a6a8c65,0.17,0.47763671875,10240.0,5349.0,472.12,NVIDIA GeForce RTX 3080,[N/A],Enabled,Enabled
1708596678.992078,0,GPU-a71d5fd4-b7db-93b7-1b7a-5a6e2a6a8c65,0.17,0.47763671875,10240.0,5349.0,472.12,NVIDIA GeForce RTX 3080,[N/A],Enabled,Enabled
1708596679.989024,0,GPU-a71d5fd4-b7db-93b7-1b7a-5a6e2a6a8c65,0.17,0.47763671875,10240.0,5349.0,472.12,NVIDIA GeForce RTX 3080,[N/A],Enabled,Enabled
1708596680.987476,0,GPU-a71d5fd4-b7db-93b7-1b7a-5a6e2a6a8c65,0.17,0.47763671875,10240.0,5349.0,472.12,NVIDIA GeForce RTX 3080,[N/A],Enabled,Enabled
1708596681.987553,0,GPU-a71d5fd4-b7db-93b7-1b7a-5a6e2a6a8c65,0.17,0.47763671875,10240.0,5349.0,472.12,NVIDIA GeForce RTX 3080,[N/A],Enabled,Enabled
1708596682.985054,0,GPU-a71d5fd4-b7db-93b7-1b7a-5a6e2a6a8c65,0.18,0.47763671875,10240.0,5349.0,472.12,NVIDIA GeForce RTX 3080,[N/A],Enabled,Enabled
1708596683.99947,0,GPU-a71d5fd4-b7db-93b7-1b7a-5a6e2a6a8c65,0.17,0.47763671875,10240.0,5349.0,472.12,NVIDIA GeForce RTX 3080,[N/A],Enabled,Enabled
1708596684.996244,0,GPU-a71d5fd4-b7db-93b7-1b7a-5a6e2a6a8c65,0.17,0.47763671875,10240.0,5349.0,472.12,NVIDIA GeForce RTX 3080,[N/A],Enabled,Enabled
1708596685.99469,0,GPU-a71d5fd4-b7db-93b7-1b7a-5a6e2a6a8c65,0.18,0.47763671875,10240.0,5349.0,472.12,NVIDIA GeForce RTX 3080,[N/A],Enabled,Enabled
1708596686.994819,0,GPU-a71d5fd4-b7db-93b7-1b7a-5a6e2a6a8c65,0.17,0.47763671875,10240.0,5349.0,472.12,NVIDIA GeForce RTX 3080,[N/A],Enabled,Enabled
1708596687.987832,0,GPU-a71d5fd4-b7db-93b7-1b7a-5a6e2a6a8c65,0.16,0.47763671875,10240.0,5349.0,472.12,NVIDIA GeForce RTX 3080,[N/A],Enabled,Enabled
1708596688.988569,0,GPU-a71d5fd4-b7db-93b7-1b7a-5a6e2a6a8c65,0.17,0.47763671875,10240.0,5349.0,472.12,NVIDIA GeForce RTX 3080,[N/A],Enabled,Enabled
1708596689.98739,0,GPU-a71d5fd4-b7db-93b7-1b7a-5a6e2a6a8c65,0.18,0.47763671875,10240.0,5349.0,472.12,NVIDIA GeForce RTX 3080,[N/A],Enabled,Enabled
1708596690.986772,0,GPU-a71d5fd4-b7db-93b7-1b7a-5a6e2a6a8c65,0.18,0.47763671875,10240.0,5349.0,472.12,NVIDIA GeForce RTX 3080,[N/A],Enabled,Enabled
1708596691.98677,0,GPU-a71d5fd4-b7db-93b7-1b7a-5a6e2a6a8c65,0.17,0.47763671875,10240.0,5349.0,472.12,NVIDIA GeForce RTX 3080,[N/A],Enabled,Enabled
1708596692.998662,0,GPU-a71d5fd4-b7db-93b7-1b7a-5a6e2a6a8c65,0.17,0.47763671875,10240.0,5349.0,472.12,NVIDIA GeForce RTX 3080,[N/A],Enabled,Enabled
1708596693.994655,0,GPU-a71d5fd4-b7db-93b7-1b7a-5a6e2a6a8c65,0.17,0.47763671875,10240.0,5349.0,472.12,NVIDIA GeForce RTX 3080,[N/A],Enabled,Enabled
1708596694.99094,0,GPU-a71d5fd4-b7db-93b7-1b7a-5a6e2a6a8c65,0.17,0.47763671875,10240.0,5349.0,472.12,NVIDIA GeForce RTX 3080,[N/A],Enabled,Enabled
1708596695.9996,0,GPU-a71d5fd4-b7db-93b7-1b7a-5a6e2a6a8c65,0.16,0.47763671875,10240.0,5349.0,472.12,NVIDIA GeForce RTX 3080,[N/A],Enabled,Enabled
1708596696.998656,0,GPU-a71d5fd4-b7db-93b7-1b7a-5a6e2a6a8c65,0.18,0.47763671875,10240.0,5349.0,472.12,NVIDIA GeForce RTX 3080,[N/A],Enabled,Enabled
1708596697.996875,0,GPU-a71d5fd4-b7db-93b7-1b7a-5a6e2a6a8c65,0.17,0.47763671875,10240.0,5349.0,472.12,NVIDIA GeForce RTX 3080,[N/A],Enabled,Enabled
1708596698.994936,0,GPU-a71d5fd4-b7db-93b7-1b7a-5a6e2a6a8c65,0.18,0.47763671875,10240.0,5349.0,472.12,NVIDIA GeForce RTX 3080,[N/A],Enabled,Enabled
1708596699.99215,0,GPU-a71d5fd4-b7db-93b7-1b7a-5a6e2a6a8c65,0.17,0.47763671875,10240.0,5349.0,472.12,NVIDIA GeForce RTX 3080,[N/A],Enabled,Enabled
1708596700.991209,0,GPU-a71d5fd4-b7db-93b7-1b7a-5a6e2a6a8c65,0.17,0.47763671875,10240.0,5349.0,472.12,NVIDIA GeForce RTX 3080,[N/A],Enabled,Enabled
1708596701.991726,0,GPU-a71d5fd4-b7db-93b7-1b7a-5a6e2a6a8c65,0.17,0.47763671875,10240.0,5349.0,472.12,NVIDIA GeForce RTX 3080,[N/A],Enabled,Enabled
1708596702.992857,0,GPU-a71d5fd4-b7db-93b7-1b7a-5a6e2a6a8c65,0.18,0.47763671875,10240.0,5349.0,472.12,NVIDIA GeForce RTX 3080,[N/A],Enabled,Enabled
1708596703.990779,0,GPU-a71d5fd4-b7db-93b7-1b7a-5a6e2a6a8c65,0.17,0.47763671875,10240.0,5349.0,472.12,NVIDIA GeForce RTX 3080,[N/A],Enabled,Enabled
1708596704.989656,0,GPU-a71d5fd4-b7db-93b7-1b7a-5a6e2a6a8c65,0.17,0.47763671875,10240.0,5349.0,472.12,NVIDIA GeForce RTX 3080,[N/A],Enabled,Enabled
1708596705.996026,0,GPU-a71d5fd4-b7db-93b7-1b7a-5a6e2a6a8c65,0.17,0.47763671875,10240.0,5349.0,472.12,NVIDIA GeForce RTX 3080,[N/A],Enabled,Enabled
1708596706.9973,0,GPU-a71d5fd4-b7db-93b7-1b7a-5a6e2a6a8c65,0.17,0.47763671875,10240.0,5349.0,472.12,NVIDIA GeForce RTX 3080,[N/A],Enabled,Enabled
1708596707.996006,0,GPU-a71d5fd4-b7db-93b7-1b7a-5a6e2a6a8c65,0.17,0.47763671875,10240.0,5349.0,472.12,NVIDIA GeForce RTX 3080,[N/A],Enabled,Enabled
1708596708.995827,0,GPU-a71d5fd4-b7db-93b7-1b7a-5a6e2a6a8c65,0.17,0.47763671875,10240.0,5349.0,472.12,NVIDIA GeForce RTX 3080,[N/A],Enabled,Enabled
1708596709.995179,0,GPU-a71d5fd4-b7db-93b7-1b7a-5a6e2a6a8c65,0.17,0.47763671875,10240.0,5349.0,472.12,NVIDIA GeForce RTX 3080,[N/A],Enabled,Enabled
1708596710.991835,0,GPU-a71d5fd4-b7db-93b7-1b7a-5a6e2a6a8c65,0.17,0.47763671875,10240.0,5349.0,472.12,NVIDIA GeForce RTX 3080,[N/A],Enabled,Enabled
1708596711.990783,0,GPU-a71d5fd4-b7db-93b7-1b7a-5a6e2a6a8c65,0.17,0.47763671875,10240.0,5349.0,472.12,NVIDIA GeForce RTX 3080,[N/A],Enabled,Enabled
1708596712.987029,0,GPU-a71d5fd4-b7db-93b7-1b7a-5a6e2a6a8c65,0.18,0.47763671875,10240.0,5349.0,472.12,NVIDIA GeForce RTX 3080,[N/A],Enabled,Enabled
1708596713.988942,0,GPU-a71d5fd4-b7db-93b7-1b7a-5a6e2a6a8c65,0.17,0.47763671875,10240.0,5349.0,472.12,NVIDIA GeForce RTX 3080,[N/A],Enabled,Enabled
1708596714.99159,0,GPU-a71d5fd4-b7db-93b7-1b7a-5a6e2a6a8c65,0.17,0.47763671875,10240.0,5349.0,472.12,NVIDIA GeForce RTX 3080,[N/A],Enabled,Enabled
1708596715.988857,0,GPU-a71d5fd4-b7db-93b7-1b7a-5a6e2a6a8c65,0.17,0.47763671875,10240.0,5349.0,472.12,NVIDIA GeForce RTX 3080,[N/A],Enabled,Enabled
1708596716.999893,0,GPU-a71d5fd4-b7db-93b7-1b7a-5a6e2a6a8c65,0.18,0.47763671875,10240.0,5349.0,472.12,NVIDIA GeForce RTX 3080,[N/A],Enabled,Enabled
1708596717.985763,0,GPU-a71d5fd4-b7db-93b7-1b7a-5a6e2a6a8c65,0.17,0.47763671875,10240.0,5349.0,472.12,NVIDIA GeForce RTX 3080,[N/A],Enabled,Enabled
1708596718.999813,0,GPU-a71d5fd4-b7db-93b7-1b7a-5a6e2a6a8c65,0.17,0.47763671875,10240.0,5349.0,472.12,NVIDIA GeForce RTX 3080,[N/A],Enabled,Enabled
1708596719.997964,0,GPU-a71d5fd4-b7db-93b7-1b7a-5a6e2a6a8c65,0.17,0.47763671875,10240.0,5349.0,472.12,NVIDIA GeForce RTX 3080,[N/A],Enabled,Enabled
1708596720.994836,0,GPU-a71d5fd4-b7db-93b7-1b7a-5a6e2a6a8c65,0.17,0.47763671875,10240.0,5349.0,472.12,NVIDIA GeForce RTX 3080,[N/A],Enabled,Enabled
1708596721.995155,0,GPU-a71d5fd4-b7db-93b7-1b7a-5a6e2a6a8c65,0.17,0.47763671875,10240.0,5349.0,472.12,NVIDIA GeForce RTX 3080,[N/A],Enabled,Enabled
1708596722.992047,0,GPU-a71d5fd4-b7db-93b7-1b7a-5a6e2a6a8c65,0.18,0.47763671875,10240.0,5349.0,472.12,NVIDIA GeForce RTX 3080,[N/A],Enabled,Enabled
1708596723.987474,0,GPU-a71d5fd4-b7db-93b7-1b7a-5a6e2a6a8c65,0.17,0.47763671875,10240.0,5349.0,472.12,NVIDIA GeForce RTX 3080,[N/A],Enabled,Enabled
1708596724.988825,0,GPU-a71d5fd4-b7db-93b7-1b7a-5a6e2a6a8c65,0.18,0.47763671875,10240.0,5349.0,472.12,NVIDIA GeForce RTX 3080,[N/A],Enabled,Enabled
1708596725.991105,0,GPU-a71d5fd4-b7db-93b7-1b7a-5a6e2a6a8c65,0.17,0.47763671875,10240.0,5349.0,472.12,NVIDIA GeForce RTX 3080,[N/A],Enabled,Enabled
1708596726.990769,0,GPU-a71d5fd4-b7db-93b7-1b7a-5a6e2a6a8c65,0.17,0.47763671875,10240.0,5349.0,472.12,NVIDIA GeForce RTX 3080,[N/A],Enabled,Enabled
1708596727.990933,0,GPU-a71d5fd4-b7db-93b7-1b7a-5a6e2a6a8c65,0.17,0.47763671875,10240.0,5349.0,472.12,NVIDIA GeForce RTX 3080,[N/A],Enabled,Enabled
1708596728.985953,0,GPU-a71d5fd4-b7db-93b7-1b7a-5a6e2a6a8c65,0.18,0.47763671875,10240.0,5349.0,472.12,NVIDIA GeForce RTX 3080,[N/A],Enabled,Enabled
1708596729.996712,0,GPU-a71d5fd4-b7db-93b7-1b7a-5a6e2a6a8c65,0.18,0.47763671875,10240.0,5349.0,472.12,NVIDIA GeForce RTX 3080,[N/A],Enabled,Enabled
1708596730.992052,0,GPU-a71d5fd4-b7db-93b7-1b7a-5a6e2a6a8c65,0.19,0.47763671875,10240.0,5349.0,472.12,NVIDIA GeForce RTX 3080,[N/A],Enabled,Enabled
1708596731.98874,0,GPU-a71d5fd4-b7db-93b7-1b7a-5a6e2a6a8c65,0.17,0.47763671875,10240.0,5349.0,472.12,NVIDIA GeForce RTX 3080,[N/A],Enabled,Enabled
1708596732.988153,0,GPU-a71d5fd4-b7db-93b7-1b7a-5a6e2a6a8c65,0.17,0.47763671875,10240.0,5349.0,472.12,NVIDIA GeForce RTX 3080,[N/A],Enabled,Enabled
1708596733.988324,0,GPU-a71d5fd4-b7db-93b7-1b7a-5a6e2a6a8c65,0.17,0.47763671875,10240.0,5349.0,472.12,NVIDIA GeForce RTX 3080,[N/A],Enabled,Enabled
1708596734.985944,0,GPU-a71d5fd4-b7db-93b7-1b7a-5a6e2a6a8c65,0.18,0.47763671875,10240.0,5349.0,472.12,NVIDIA GeForce RTX 3080,[N/A],Enabled,Enabled
1708596735.99766,0,GPU-a71d5fd4-b7db-93b7-1b7a-5a6e2a6a8c65,0.18,0.47763671875,10240.0,5349.0,472.12,NVIDIA GeForce RTX 3080,[N/A],Enabled,Enabled
1708596736.99305,0,GPU-a71d5fd4-b7db-93b7-1b7a-5a6e2a6a8c65,0.18,0.47763671875,10240.0,5349.0,472.12,NVIDIA GeForce RTX 3080,[N/A],Enabled,Enabled
1708596737.99395,0,GPU-a71d5fd4-b7db-93b7-1b7a-5a6e2a6a8c65,0.18,0.47763671875,10240.0,5349.0,472.12,NVIDIA GeForce RTX 3080,[N/A],Enabled,Enabled
1708596738.995059,0,GPU-a71d5fd4-b7db-93b7-1b7a-5a6e2a6a8c65,0.18,0.47763671875,10240.0,5349.0,472.12,NVIDIA GeForce RTX 3080,[N/A],Enabled,Enabled
1708596739.997611,0,GPU-a71d5fd4-b7db-93b7-1b7a-5a6e2a6a8c65,0.17,0.47763671875,10240.0,5349.0,472.12,NVIDIA GeForce RTX 3080,[N/A],Enabled,Enabled
1708596740.987004,0,GPU-a71d5fd4-b7db-93b7-1b7a-5a6e2a6a8c65,0.18,0.47763671875,10240.0,5349.0,472.12,NVIDIA GeForce RTX 3080,[N/A],Enabled,Enabled
1708596741.99769,0,GPU-a71d5fd4-b7db-93b7-1b7a-5a6e2a6a8c65,0.17,0.47763671875,10240.0,5349.0,472.12,NVIDIA GeForce RTX 3080,[N/A],Enabled,Enabled
1708596742.997401,0,GPU-a71d5fd4-b7db-93b7-1b7a-5a6e2a6a8c65,0.18,0.47763671875,10240.0,5349.0,472.12,NVIDIA GeForce RTX 3080,[N/A],Enabled,Enabled
1708596743.991946,0,GPU-a71d5fd4-b7db-93b7-1b7a-5a6e2a6a8c65,0.18,0.47763671875,10240.0,5349.0,472.12,NVIDIA GeForce RTX 3080,[N/A],Enabled,Enabled
1708596744.991172,0,GPU-a71d5fd4-b7db-93b7-1b7a-5a6e2a6a8c65,0.19,0.47763671875,10240.0,5349.0,472.12,NVIDIA GeForce RTX 3080,[N/A],Enabled,Enabled
1708596745.989771,0,GPU-a71d5fd4-b7db-93b7-1b7a-5a6e2a6a8c65,0.17,0.47763671875,10240.0,5349.0,472.12,NVIDIA GeForce RTX 3080,[N/A],Enabled,Enabled
1708596746.989723,0,GPU-a71d5fd4-b7db-93b7-1b7a-5a6e2a6a8c65,0.18,0.47763671875,10240.0,5349.0,472.12,NVIDIA GeForce RTX 3080,[N/A],Enabled,Enabled
1708596747.989879,0,GPU-a71d5fd4-b7db-93b7-1b7a-5a6e2a6a8c65,0.17,0.47763671875,10240.0,5349.0,472.12,NVIDIA GeForce RTX 3080,[N/A],Enabled,Enabled
1708596748.988962,0,GPU-a71d5fd4-b7db-93b7-1b7a-5a6e2a6a8c65,0.18,0.47763671875,10240.0,5349.0,472.12,NVIDIA GeForce RTX 3080,[N/A],Enabled,Enabled
1708596749.985815,0,GPU-a71d5fd4-b7db-93b7-1b7a-5a6e2a6a8c65,0.17,0.47763671875,10240.0,5349.0,472.12,NVIDIA GeForce RTX 3080,[N/A],Enabled,Enabled
1708596750.998786,0,GPU-a71d5fd4-b7db-93b7-1b7a-5a6e2a6a8c65,0.18,0.47763671875,10240.0,5349.0,472.12,NVIDIA GeForce RTX 3080,[N/A],Enabled,Enabled
1708596751.995731,0,GPU-a71d5fd4-b7db-93b7-1b7a-5a6e2a6a8c65,0.17,0.47763671875,10240.0,5349.0,472.12,NVIDIA GeForce RTX 3080,[N/A],Enabled,Enabled
1708596752.995032,0,GPU-a71d5fd4-b7db-93b7-1b7a-5a6e2a6a8c65,0.17,0.47763671875,10240.0,5349.0,472.12,NVIDIA GeForce RTX 3080,[N/A],Enabled,Enabled
1708596753.988431,0,GPU-a71d5fd4-b7db-93b7-1b7a-5a6e2a6a8c65,0.17,0.47763671875,10240.0,5349.0,472.12,NVIDIA GeForce RTX 3080,[N/A],Enabled,Enabled
1708596754.987113,0,GPU-a71d5fd4-b7db-93b7-1b7a-5a6e2a6a8c65,0.18,0.47763671875,10240.0,5349.0,472.12,NVIDIA GeForce RTX 3080,[N/A],Enabled,Enabled
1708596755.986077,0,GPU-a71d5fd4-b7db-93b7-1b7a-5a6e2a6a8c65,0.18,0.47763671875,10240.0,5349.0,472.12,NVIDIA GeForce RTX 3080,[N/A],Enabled,Enabled
1708596756.985507,0,GPU-a71d5fd4-b7db-93b7-1b7a-5a6e2a6a8c65,0.18,0.47763671875,10240.0,5349.0,472.12,NVIDIA GeForce RTX 3080,[N/A],Enabled,Enabled
1708596757.985046,0,GPU-a71d5fd4-b7db-93b7-1b7a-5a6e2a6a8c65,0.18,0.47763671875,10240.0,5349.0,472.12,NVIDIA GeForce RTX 3080,[N/A],Enabled,Enabled
1708596758.985772,0,GPU-a71d5fd4-b7db-93b7-1b7a-5a6e2a6a8c65,0.18,0.47763671875,10240.0,5349.0,472.12,NVIDIA GeForce RTX 3080,[N/A],Enabled,Enabled
1708596759.99776,0,GPU-a71d5fd4-b7db-93b7-1b7a-5a6e2a6a8c65,0.17,0.47763671875,10240.0,5349.0,472.12,NVIDIA GeForce RTX 3080,[N/A],Enabled,Enabled
1708596760.996,0,GPU-a71d5fd4-b7db-93b7-1b7a-5a6e2a6a8c65,0.17,0.47763671875,10240.0,5349.0,472.12,NVIDIA GeForce RTX 3080,[N/A],Enabled,Enabled
1708596761.994114,0,GPU-a71d5fd4-b7db-93b7-1b7a-5a6e2a6a8c65,0.17,0.47763671875,10240.0,5349.0,472.12,NVIDIA GeForce RTX 3080,[N/A],Enabled,Enabled
1708596762.995876,0,GPU-a71d5fd4-b7db-93b7-1b7a-5a6e2a6a8c65,0.18,0.47763671875,10240.0,5349.0,472.12,NVIDIA GeForce RTX 3080,[N/A],Enabled,Enabled
1708596763.992962,0,GPU-a71d5fd4-b7db-93b7-1b7a-5a6e2a6a8c65,0.17,0.47763671875,10240.0,5349.0,472.12,NVIDIA GeForce RTX 3080,[N/A],Enabled,Enabled
1708596764.986753,0,GPU-a71d5fd4-b7db-93b7-1b7a-5a6e2a6a8c65,0.18,0.47763671875,10240.0,5349.0,472.12,NVIDIA GeForce RTX 3080,[N/A],Enabled,Enabled
1708596765.994191,0,GPU-a71d5fd4-b7db-93b7-1b7a-5a6e2a6a8c65,0.17,0.47763671875,10240.0,5349.0,472.12,NVIDIA GeForce RTX 3080,[N/A],Enabled,Enabled
1708596766.993682,0,GPU-a71d5fd4-b7db-93b7-1b7a-5a6e2a6a8c65,0.17,0.47763671875,10240.0,5349.0,472.12,NVIDIA GeForce RTX 3080,[N/A],Enabled,Enabled
1708596767.988723,0,GPU-a71d5fd4-b7db-93b7-1b7a-5a6e2a6a8c65,0.17,0.47763671875,10240.0,5349.0,472.12,NVIDIA GeForce RTX 3080,[N/A],Enabled,Enabled
1708596768.988932,0,GPU-a71d5fd4-b7db-93b7-1b7a-5a6e2a6a8c65,0.18,0.47763671875,10240.0,5349.0,472.12,NVIDIA GeForce RTX 3080,[N/A],Enabled,Enabled
1708596770.000107,0,GPU-a71d5fd4-b7db-93b7-1b7a-5a6e2a6a8c65,0.17,0.47763671875,10240.0,5349.0,472.12,NVIDIA GeForce RTX 3080,[N/A],Enabled,Enabled
1708596770.997168,0,GPU-a71d5fd4-b7db-93b7-1b7a-5a6e2a6a8c65,0.18,0.47763671875,10240.0,5349.0,472.12,NVIDIA GeForce RTX 3080,[N/A],Enabled,Enabled
1708596771.994196,0,GPU-a71d5fd4-b7db-93b7-1b7a-5a6e2a6a8c65,0.17,0.4779296875,10240.0,5346.0,472.12,NVIDIA GeForce RTX 3080,[N/A],Enabled,Enabled
1708596772.993811,0,GPU-a71d5fd4-b7db-93b7-1b7a-5a6e2a6a8c65,0.17,0.4779296875,10240.0,5346.0,472.12,NVIDIA GeForce RTX 3080,[N/A],Enabled,Enabled
1708596773.997041,0,GPU-a71d5fd4-b7db-93b7-1b7a-5a6e2a6a8c65,0.17,0.47783203125,10240.0,5347.0,472.12,NVIDIA GeForce RTX 3080,[N/A],Enabled,Enabled
1708596774.994774,0,GPU-a71d5fd4-b7db-93b7-1b7a-5a6e2a6a8c65,0.18,0.47783203125,10240.0,5347.0,472.12,NVIDIA GeForce RTX 3080,[N/A],Enabled,Enabled
1708596775.993764,0,GPU-a71d5fd4-b7db-93b7-1b7a-5a6e2a6a8c65,0.17,0.47783203125,10240.0,5347.0,472.12,NVIDIA GeForce RTX 3080,[N/A],Enabled,Enabled
1708596776.992676,0,GPU-a71d5fd4-b7db-93b7-1b7a-5a6e2a6a8c65,0.18,0.47783203125,10240.0,5347.0,472.12,NVIDIA GeForce RTX 3080,[N/A],Enabled,Enabled
1708596777.990063,0,GPU-a71d5fd4-b7db-93b7-1b7a-5a6e2a6a8c65,0.18,0.47783203125,10240.0,5347.0,472.12,NVIDIA GeForce RTX 3080,[N/A],Enabled,Enabled
1708596778.999866,0,GPU-a71d5fd4-b7db-93b7-1b7a-5a6e2a6a8c65,0.17,0.47783203125,10240.0,5347.0,472.12,NVIDIA GeForce RTX 3080,[N/A],Enabled,Enabled
1708596779.995983,0,GPU-a71d5fd4-b7db-93b7-1b7a-5a6e2a6a8c65,0.18,0.47783203125,10240.0,5347.0,472.12,NVIDIA GeForce RTX 3080,[N/A],Enabled,Enabled
1708596780.996055,0,GPU-a71d5fd4-b7db-93b7-1b7a-5a6e2a6a8c65,0.18,0.47783203125,10240.0,5347.0,472.12,NVIDIA GeForce RTX 3080,[N/A],Enabled,Enabled
1708596781.99479,0,GPU-a71d5fd4-b7db-93b7-1b7a-5a6e2a6a8c65,0.17,0.47783203125,10240.0,5347.0,472.12,NVIDIA GeForce RTX 3080,[N/A],Enabled,Enabled
1708596782.993771,0,GPU-a71d5fd4-b7db-93b7-1b7a-5a6e2a6a8c65,0.18,0.47783203125,10240.0,5347.0,472.12,NVIDIA GeForce RTX 3080,[N/A],Enabled,Enabled
1708596783.99068,0,GPU-a71d5fd4-b7db-93b7-1b7a-5a6e2a6a8c65,0.17,0.47783203125,10240.0,5347.0,472.12,NVIDIA GeForce RTX 3080,[N/A],Enabled,Enabled
1708596784.987478,0,GPU-a71d5fd4-b7db-93b7-1b7a-5a6e2a6a8c65,0.17,0.47783203125,10240.0,5347.0,472.12,NVIDIA GeForce RTX 3080,[N/A],Enabled,Enabled
1708596785.986326,0,GPU-a71d5fd4-b7db-93b7-1b7a-5a6e2a6a8c65,0.18,0.47783203125,10240.0,5347.0,472.12,NVIDIA GeForce RTX 3080,[N/A],Enabled,Enabled
1708596786.997562,0,GPU-a71d5fd4-b7db-93b7-1b7a-5a6e2a6a8c65,0.18,0.47783203125,10240.0,5347.0,472.12,NVIDIA GeForce RTX 3080,[N/A],Enabled,Enabled
1708596787.993762,0,GPU-a71d5fd4-b7db-93b7-1b7a-5a6e2a6a8c65,0.18,0.47783203125,10240.0,5347.0,472.12,NVIDIA GeForce RTX 3080,[N/A],Enabled,Enabled
1708596788.9941,0,GPU-a71d5fd4-b7db-93b7-1b7a-5a6e2a6a8c65,0.17,0.47783203125,10240.0,5347.0,472.12,NVIDIA GeForce RTX 3080,[N/A],Enabled,Enabled
1708596789.987818,0,GPU-a71d5fd4-b7db-93b7-1b7a-5a6e2a6a8c65,0.17,0.47783203125,10240.0,5347.0,472.12,NVIDIA GeForce RTX 3080,[N/A],Enabled,Enabled
1708596790.987778,0,GPU-a71d5fd4-b7db-93b7-1b7a-5a6e2a6a8c65,0.18,0.47783203125,10240.0,5347.0,472.12,NVIDIA GeForce RTX 3080,[N/A],Enabled,Enabled
1708596791.99986,0,GPU-a71d5fd4-b7db-93b7-1b7a-5a6e2a6a8c65,0.17,0.47783203125,10240.0,5347.0,472.12,NVIDIA GeForce RTX 3080,[N/A],Enabled,Enabled
1708596792.985168,0,GPU-a71d5fd4-b7db-93b7-1b7a-5a6e2a6a8c65,0.18,0.47783203125,10240.0,5347.0,472.12,NVIDIA GeForce RTX 3080,[N/A],Enabled,Enabled
1708596793.998974,0,GPU-a71d5fd4-b7db-93b7-1b7a-5a6e2a6a8c65,0.17,0.47783203125,10240.0,5347.0,472.12,NVIDIA GeForce RTX 3080,[N/A],Enabled,Enabled
1708596794.996859,0,GPU-a71d5fd4-b7db-93b7-1b7a-5a6e2a6a8c65,0.17,0.47783203125,10240.0,5347.0,472.12,NVIDIA GeForce RTX 3080,[N/A],Enabled,Enabled
1708596795.993671,0,GPU-a71d5fd4-b7db-93b7-1b7a-5a6e2a6a8c65,0.17,0.47783203125,10240.0,5347.0,472.12,NVIDIA GeForce RTX 3080,[N/A],Enabled,Enabled
1708596796.989944,0,GPU-a71d5fd4-b7db-93b7-1b7a-5a6e2a6a8c65,0.18,0.47783203125,10240.0,5347.0,472.12,NVIDIA GeForce RTX 3080,[N/A],Enabled,Enabled
1708596797.990905,0,GPU-a71d5fd4-b7db-93b7-1b7a-5a6e2a6a8c65,0.17,0.47783203125,10240.0,5347.0,472.12,NVIDIA GeForce RTX 3080,[N/A],Enabled,Enabled
1708596798.997743,0,GPU-a71d5fd4-b7db-93b7-1b7a-5a6e2a6a8c65,0.17,0.47783203125,10240.0,5347.0,472.12,NVIDIA GeForce RTX 3080,[N/A],Enabled,Enabled
1708596799.995082,0,GPU-a71d5fd4-b7db-93b7-1b7a-5a6e2a6a8c65,0.17,0.47783203125,10240.0,5347.0,472.12,NVIDIA GeForce RTX 3080,[N/A],Enabled,Enabled
1708596800.991256,0,GPU-a71d5fd4-b7db-93b7-1b7a-5a6e2a6a8c65,0.18,0.47783203125,10240.0,5347.0,472.12,NVIDIA GeForce RTX 3080,[N/A],Enabled,Enabled
1708596801.992635,0,GPU-a71d5fd4-b7db-93b7-1b7a-5a6e2a6a8c65,0.17,0.47783203125,10240.0,5347.0,472.12,NVIDIA GeForce RTX 3080,[N/A],Enabled,Enabled
1708596802.990949,0,GPU-a71d5fd4-b7db-93b7-1b7a-5a6e2a6a8c65,0.17,0.47783203125,10240.0,5347.0,472.12,NVIDIA GeForce RTX 3080,[N/A],Enabled,Enabled
1708596803.985042,0,GPU-a71d5fd4-b7db-93b7-1b7a-5a6e2a6a8c65,0.17,0.47783203125,10240.0,5347.0,472.12,NVIDIA GeForce RTX 3080,[N/A],Enabled,Enabled
1708596804.997542,0,GPU-a71d5fd4-b7db-93b7-1b7a-5a6e2a6a8c65,0.17,0.47783203125,10240.0,5347.0,472.12,NVIDIA GeForce RTX 3080,[N/A],Enabled,Enabled
1708596805.993109,0,GPU-a71d5fd4-b7db-93b7-1b7a-5a6e2a6a8c65,0.17,0.47783203125,10240.0,5347.0,472.12,NVIDIA GeForce RTX 3080,[N/A],Enabled,Enabled
1708596806.99072,0,GPU-a71d5fd4-b7db-93b7-1b7a-5a6e2a6a8c65,0.17,0.47783203125,10240.0,5347.0,472.12,NVIDIA GeForce RTX 3080,[N/A],Enabled,Enabled
1708596807.992863,0,GPU-a71d5fd4-b7db-93b7-1b7a-5a6e2a6a8c65,0.17,0.47783203125,10240.0,5347.0,472.12,NVIDIA GeForce RTX 3080,[N/A],Enabled,Enabled
1708596808.995042,0,GPU-a71d5fd4-b7db-93b7-1b7a-5a6e2a6a8c65,0.17,0.47783203125,10240.0,5347.0,472.12,NVIDIA GeForce RTX 3080,[N/A],Enabled,Enabled
1708596809.993032,0,GPU-a71d5fd4-b7db-93b7-1b7a-5a6e2a6a8c65,0.17,0.47783203125,10240.0,5347.0,472.12,NVIDIA GeForce RTX 3080,[N/A],Enabled,Enabled
1708596810.987276,0,GPU-a71d5fd4-b7db-93b7-1b7a-5a6e2a6a8c65,0.18,0.47783203125,10240.0,5347.0,472.12,NVIDIA GeForce RTX 3080,[N/A],Enabled,Enabled
1708596811.98883,0,GPU-a71d5fd4-b7db-93b7-1b7a-5a6e2a6a8c65,0.17,0.47783203125,10240.0,5347.0,472.12,NVIDIA GeForce RTX 3080,[N/A],Enabled,Enabled
1708596812.987017,0,GPU-a71d5fd4-b7db-93b7-1b7a-5a6e2a6a8c65,0.18,0.47783203125,10240.0,5347.0,472.12,NVIDIA GeForce RTX 3080,[N/A],Enabled,Enabled
1708596813.99867,0,GPU-a71d5fd4-b7db-93b7-1b7a-5a6e2a6a8c65,0.17,0.47783203125,10240.0,5347.0,472.12,NVIDIA GeForce RTX 3080,[N/A],Enabled,Enabled
1708596814.998844,0,GPU-a71d5fd4-b7db-93b7-1b7a-5a6e2a6a8c65,0.17,0.47783203125,10240.0,5347.0,472.12,NVIDIA GeForce RTX 3080,[N/A],Enabled,Enabled
1708596815.996157,0,GPU-a71d5fd4-b7db-93b7-1b7a-5a6e2a6a8c65,0.17,0.47783203125,10240.0,5347.0,472.12,NVIDIA GeForce RTX 3080,[N/A],Enabled,Enabled
1708596816.992831,0,GPU-a71d5fd4-b7db-93b7-1b7a-5a6e2a6a8c65,0.18,0.47783203125,10240.0,5347.0,472.12,NVIDIA GeForce RTX 3080,[N/A],Enabled,Enabled
1708596817.987178,0,GPU-a71d5fd4-b7db-93b7-1b7a-5a6e2a6a8c65,0.17,0.47783203125,10240.0,5347.0,472.12,NVIDIA GeForce RTX 3080,[N/A],Enabled,Enabled
1708596818.999036,0,GPU-a71d5fd4-b7db-93b7-1b7a-5a6e2a6a8c65,0.18,0.47783203125,10240.0,5347.0,472.12,NVIDIA GeForce RTX 3080,[N/A],Enabled,Enabled
1708596819.996955,0,GPU-a71d5fd4-b7db-93b7-1b7a-5a6e2a6a8c65,0.18,0.47783203125,10240.0,5347.0,472.12,NVIDIA GeForce RTX 3080,[N/A],Enabled,Enabled
1708596820.998768,0,GPU-a71d5fd4-b7db-93b7-1b7a-5a6e2a6a8c65,0.18,0.47783203125,10240.0,5347.0,472.12,NVIDIA GeForce RTX 3080,[N/A],Enabled,Enabled
1708596821.995118,0,GPU-a71d5fd4-b7db-93b7-1b7a-5a6e2a6a8c65,0.17,0.47783203125,10240.0,5347.0,472.12,NVIDIA GeForce RTX 3080,[N/A],Enabled,Enabled
1708596822.989754,0,GPU-a71d5fd4-b7db-93b7-1b7a-5a6e2a6a8c65,0.17,0.47783203125,10240.0,5347.0,472.12,NVIDIA GeForce RTX 3080,[N/A],Enabled,Enabled
1708596823.987739,0,GPU-a71d5fd4-b7db-93b7-1b7a-5a6e2a6a8c65,0.18,0.47783203125,10240.0,5347.0,472.12,NVIDIA GeForce RTX 3080,[N/A],Enabled,Enabled
1708596824.985829,0,GPU-a71d5fd4-b7db-93b7-1b7a-5a6e2a6a8c65,0.17,0.47783203125,10240.0,5347.0,472.12,NVIDIA GeForce RTX 3080,[N/A],Enabled,Enabled
1708596825.999849,0,GPU-a71d5fd4-b7db-93b7-1b7a-5a6e2a6a8c65,0.17,0.47783203125,10240.0,5347.0,472.12,NVIDIA GeForce RTX 3080,[N/A],Enabled,Enabled
1708596826.996057,0,GPU-a71d5fd4-b7db-93b7-1b7a-5a6e2a6a8c65,0.18,0.47783203125,10240.0,5347.0,472.12,NVIDIA GeForce RTX 3080,[N/A],Enabled,Enabled
1708596827.9929,0,GPU-a71d5fd4-b7db-93b7-1b7a-5a6e2a6a8c65,0.18,0.47783203125,10240.0,5347.0,472.12,NVIDIA GeForce RTX 3080,[N/A],Enabled,Enabled
1708596828.992326,0,GPU-a71d5fd4-b7db-93b7-1b7a-5a6e2a6a8c65,0.18,0.47783203125,10240.0,5347.0,472.12,NVIDIA GeForce RTX 3080,[N/A],Enabled,Enabled
1708596829.990157,0,GPU-a71d5fd4-b7db-93b7-1b7a-5a6e2a6a8c65,0.18,0.47783203125,10240.0,5347.0,472.12,NVIDIA GeForce RTX 3080,[N/A],Enabled,Enabled
1708596830.987376,0,GPU-a71d5fd4-b7db-93b7-1b7a-5a6e2a6a8c65,0.18,0.47783203125,10240.0,5347.0,472.12,NVIDIA GeForce RTX 3080,[N/A],Enabled,Enabled
1708596831.985892,0,GPU-a71d5fd4-b7db-93b7-1b7a-5a6e2a6a8c65,0.17,0.47783203125,10240.0,5347.0,472.12,NVIDIA GeForce RTX 3080,[N/A],Enabled,Enabled
1708596832.992693,0,GPU-a71d5fd4-b7db-93b7-1b7a-5a6e2a6a8c65,0.17,0.47783203125,10240.0,5347.0,472.12,NVIDIA GeForce RTX 3080,[N/A],Enabled,Enabled
1708596833.989036,0,GPU-a71d5fd4-b7db-93b7-1b7a-5a6e2a6a8c65,0.17,0.47783203125,10240.0,5347.0,472.12,NVIDIA GeForce RTX 3080,[N/A],Enabled,Enabled
1708596834.988805,0,GPU-a71d5fd4-b7db-93b7-1b7a-5a6e2a6a8c65,0.18,0.47783203125,10240.0,5347.0,472.12,NVIDIA GeForce RTX 3080,[N/A],Enabled,Enabled
1708596835.989926,0,GPU-a71d5fd4-b7db-93b7-1b7a-5a6e2a6a8c65,0.18,0.47783203125,10240.0,5347.0,472.12,NVIDIA GeForce RTX 3080,[N/A],Enabled,Enabled
1708596836.991272,0,GPU-a71d5fd4-b7db-93b7-1b7a-5a6e2a6a8c65,0.17,0.47783203125,10240.0,5347.0,472.12,NVIDIA GeForce RTX 3080,[N/A],Enabled,Enabled
1708596837.987539,0,GPU-a71d5fd4-b7db-93b7-1b7a-5a6e2a6a8c65,0.17,0.47783203125,10240.0,5347.0,472.12,NVIDIA GeForce RTX 3080,[N/A],Enabled,Enabled
1708596838.985957,0,GPU-a71d5fd4-b7db-93b7-1b7a-5a6e2a6a8c65,0.18,0.47783203125,10240.0,5347.0,472.12,NVIDIA GeForce RTX 3080,[N/A],Enabled,Enabled
1708596839.986622,0,GPU-a71d5fd4-b7db-93b7-1b7a-5a6e2a6a8c65,0.17,0.47783203125,10240.0,5347.0,472.12,NVIDIA GeForce RTX 3080,[N/A],Enabled,Enabled
1708596840.98829,0,GPU-a71d5fd4-b7db-93b7-1b7a-5a6e2a6a8c65,0.18,0.47783203125,10240.0,5347.0,472.12,NVIDIA GeForce RTX 3080,[N/A],Enabled,Enabled
1708596841.984875,0,GPU-a71d5fd4-b7db-93b7-1b7a-5a6e2a6a8c65,0.17,0.47783203125,10240.0,5347.0,472.12,NVIDIA GeForce RTX 3080,[N/A],Enabled,Enabled
1708596842.984232,0,GPU-a71d5fd4-b7db-93b7-1b7a-5a6e2a6a8c65,0.17,0.47783203125,10240.0,5347.0,472.12,NVIDIA GeForce RTX 3080,[N/A],Enabled,Enabled
1708596843.998228,0,GPU-a71d5fd4-b7db-93b7-1b7a-5a6e2a6a8c65,0.17,0.47783203125,10240.0,5347.0,472.12,NVIDIA GeForce RTX 3080,[N/A],Enabled,Enabled
1708596844.993307,0,GPU-a71d5fd4-b7db-93b7-1b7a-5a6e2a6a8c65,0.17,0.47783203125,10240.0,5347.0,472.12,NVIDIA GeForce RTX 3080,[N/A],Enabled,Enabled
1708596845.990932,0,GPU-a71d5fd4-b7db-93b7-1b7a-5a6e2a6a8c65,0.17,0.47783203125,10240.0,5347.0,472.12,NVIDIA GeForce RTX 3080,[N/A],Enabled,Enabled
1708596846.98805,0,GPU-a71d5fd4-b7db-93b7-1b7a-5a6e2a6a8c65,0.17,0.47783203125,10240.0,5347.0,472.12,NVIDIA GeForce RTX 3080,[N/A],Enabled,Enabled
1708596847.99942,0,GPU-a71d5fd4-b7db-93b7-1b7a-5a6e2a6a8c65,0.16,0.47783203125,10240.0,5347.0,472.12,NVIDIA GeForce RTX 3080,[N/A],Enabled,Enabled
1708596848.996047,0,GPU-a71d5fd4-b7db-93b7-1b7a-5a6e2a6a8c65,0.15,0.46923828125,10240.0,5435.0,472.12,NVIDIA GeForce RTX 3080,[N/A],Enabled,Enabled
1708596849.994911,0,GPU-a71d5fd4-b7db-93b7-1b7a-5a6e2a6a8c65,0.16,0.4693359375,10240.0,5434.0,472.12,NVIDIA GeForce RTX 3080,[N/A],Enabled,Enabled
1708596850.997443,0,GPU-a71d5fd4-b7db-93b7-1b7a-5a6e2a6a8c65,0.13,0.46552734375,10240.0,5473.0,472.12,NVIDIA GeForce RTX 3080,[N/A],Enabled,Enabled
1708596851.996155,0,GPU-a71d5fd4-b7db-93b7-1b7a-5a6e2a6a8c65,0.15,0.46923828125,10240.0,5435.0,472.12,NVIDIA GeForce RTX 3080,[N/A],Enabled,Enabled
1708596852.995053,0,GPU-a71d5fd4-b7db-93b7-1b7a-5a6e2a6a8c65,0.15,0.46923828125,10240.0,5435.0,472.12,NVIDIA GeForce RTX 3080,[N/A],Enabled,Enabled
1708596853.996752,0,GPU-a71d5fd4-b7db-93b7-1b7a-5a6e2a6a8c65,0.14,0.46552734375,10240.0,5473.0,472.12,NVIDIA GeForce RTX 3080,[N/A],Enabled,Enabled
1708596854.992829,0,GPU-a71d5fd4-b7db-93b7-1b7a-5a6e2a6a8c65,0.14,0.46552734375,10240.0,5473.0,472.12,NVIDIA GeForce RTX 3080,[N/A],Enabled,Enabled
1708596855.989626,0,GPU-a71d5fd4-b7db-93b7-1b7a-5a6e2a6a8c65,0.14,0.46552734375,10240.0,5473.0,472.12,NVIDIA GeForce RTX 3080,[N/A],Enabled,Enabled
1708596856.98743,0,GPU-a71d5fd4-b7db-93b7-1b7a-5a6e2a6a8c65,0.14,0.46552734375,10240.0,5473.0,472.12,NVIDIA GeForce RTX 3080,[N/A],Enabled,Enabled
