322.58 1761.59
323.59 1766.58
324.58 1771.95
325.57 1776.97
326.58 1782.41
327.57 1787.54
328.58 1792.76
329.60 1798.12
330.58 1803.07
331.57 1808.42
332.57 1813.77
333.56 1819.22
334.57 1824.48
335.56 1829.58
336.56 1834.99
337.59 1840.87
338.56 1846.18
339.58 1851.80
340.57 1857.29
341.58 1862.77
342.57 1868.44
343.58 1874.07
344.57 1879.09
345.57 1884.44
346.57 1889.86
347.63 1895.87
348.58 1901.15
349.58 1906.81
350.58 1912.28
351.56 1916.97
352.57 1922.42
353.57 1927.59
354.57 1933.10
355.57 1938.62
356.57 1944.10
357.57 1949.59
358.57 1955.02
359.57 1960.43
360.56 1965.72
361.59 1971.34
362.57 1976.66
363.56 1982.10
364.58 1987.37
365.57 1992.56
366.57 1998.12
367.57 2003.54
368.58 2009.09
369.57 2014.76
370.58 2020.27
371.59 2025.70
372.56 2030.93
373.58 2036.44
374.58 2041.70
375.56 2047.04
376.58 2052.82
377.56 2058.41
378.56 2063.94
379.58 2069.54
380.56 2074.98
381.57 2080.70
382.58 2086.39
383.58 2092.13
384.58 2097.73
385.60 2103.42
386.56 2108.87
387.58 2114.52
388.58 2120.09
389.58 2125.68
390.56 2131.09
391.59 2136.87
392.58 2142.54
393.56 2147.99
394.58 2153.54
395.60 2158.92
396.57 2164.59
397.57 2170.19
398.58 2175.91
399.56 2181.41
400.57 2186.88
401.57 2192.12
402.57 2197.60
403.59 2203.33
404.57 2208.26
405.58 2213.48
406.57 2218.74
407.58 2224.38
408.61 2230.19
409.57 2235.70
410.58 2241.18
411.59 2246.70
412.57 2251.96
413.57 2257.54
414.56 2262.83
415.57 2268.41
416.58 2274.13
417.57 2279.78
418.60 2285.21
419.58 2290.35
420.59 2295.96
421.57 2301.50
422.59 2307.04
423.56 2312.28
424.57 2317.71
425.57 2323.02
426.58 2328.51
427.57 2333.62
428.57 2339.30
429.57 2345.25
430.57 2351.43
431.56 2357.39
432.58 2363.61
433.57 2369.62
434.57 2375.78
435.59 2382.10
436.58 2388.19
437.58 2394.02
438.56 2399.76
439.58 2406.20
440.57 2411.92
441.58 2418.30
442.57 2424.43
443.58 2430.43
444.56 2436.49
445.58 2442.71
446.61 2448.73
447.58 2454.34
448.56 2460.15
449.57 2465.95
450.57 2471.49
451.57 2477.16
452.60 2483.14
453.57 2488.65
454.58 2494.61
455.57 2500.23
456.57 2505.93
457.57 2511.88
458.58 2517.33
459.57 2523.04
460.59 2528.85
461.56 2534.27
462.56 2539.86
463.58 2545.96
464.58 2551.64
465.56 2557.38
466.57 2563.32
467.59 2569.44
468.57 2575.39
469.58 2581.26
470.59 2587.08
471.60 2593.14
472.58 2598.94
473.56 2604.64
474.60 2610.89
475.58 2616.68
476.57 2622.64
477.56 2628.56
478.56 2634.58
479.57 2640.59
480.58 2646.58
481.56 2652.47
482.57 2658.42
483.56 2664.33
484.57 2670.43
485.58 2676.63
486.57 2682.79
487.58 2688.77
488.58 2694.99
489.58 2700.92
490.59 2707.08
491.58 2713.05
492.56 2718.65
493.56 2724.70
494.59 2730.49
495.57 2736.22
496.56 2742.11
497.57 2747.95
498.60 2754.03
499.56 2759.92
500.57 2765.79
501.58 2771.78
502.57 2777.85
503.57 2783.86
504.63 2790.15
505.57 2795.46
506.56 2801.48
507.57 2807.56
508.59 2813.82
509.57 2819.87
510.57 2825.90
511.57 2831.89
512.60 2838.20
513.57 2844.24
514.57 2850.47
515.57 2856.33
516.57 2862.40
517.57 2868.87
518.57 2874.98
519.57 2880.96
520.57 2887.12
521.57 2893.31
522.58 2899.61
523.57 2905.54
524.57 2911.66
525.58 2918.06
526.58 2924.16
527.57 2929.89
528.59 2935.83
529.57 2941.84
530.58 2947.67
531.58 2953.87
532.57 2960.10
533.58 2966.37
534.58 2972.18
535.58 2977.82
536.58 2983.84
537.58 2989.89
538.57 2995.52
539.57 3001.42
540.58 3007.30
541.57 3013.42
542.57 3019.33
543.56 3025.59
544.57 3031.67
545.58 3037.43
546.56 3043.41
547.57 3049.71
548.57 3055.77
549.57 3061.70
550.61 3068.02
551.57 3073.91
552.57 3080.09
553.57 3086.35
554.57 3092.25
555.56 3098.28
556.59 3104.58
557.57 3110.41
558.59 3116.54
559.58 3122.34
560.60 3127.87
561.58 3133.56
562.57 3139.38
563.59 3145.11
564.57 3150.91
565.59 3156.98
566.57 3163.03
567.57 3169.16
568.57 3175.23
569.58 3181.12
570.57 3187.27
571.57 3193.33
572.57 3199.28
573.57 3205.52
574.57 3211.80
575.57 3218.00
576.58 3224.35
577.57 3230.04
578.57 3236.22
579.58 3242.47
580.57 3248.50
581.57 3254.55
582.58 3260.55
583.57 3266.36
584.58 3271.98
585.57 3277.97
586.56 3283.83
587.57 3289.81
588.56 3295.36
589.57 3301.39
590.56 3307.24
591.56 3313.02
592.56 3319.03
593.57 3324.94
594.57 3330.86
