02-28 12:51:25.349  5649  5649 I BatteryMgr:DataCollectionService: onStartCommand: begin
02-28 12:51:25.349  5649  5649 I BatteryMgr:DataCollectionService: onStartCommand: sampleRate => 1000
02-28 12:51:25.350  5649  5649 I BatteryMgr:DataCollectionService: onStartCommand: rawFields => Timestamp,BATTERY_PROPERTY_CURRENT_NOW,EXTRA_VOLTAGE
02-28 12:51:25.351  5649  5649 I BatteryMgr:DataCollectionService: onStartCommand: notification done
02-28 12:51:25.355  5649  5649 I BatteryMgr:DataCollectionService: started foreground
02-28 12:51:25.358  5649  6437 I BatteryMgr:DataCollectionService: collectData: begin
02-28 12:51:25.359  5649  6437 I BatteryMgr:DataCollectionService: stats => 1709121085359,-2326170,3822
02-28 12:51:26.362  5649  6437 I BatteryMgr:DataCollectionService: stats => 1709121086362,-2310057,3822
02-28 12:51:27.365  5649  6437 I BatteryMgr:DataCollectionService: stats => 1709121087365,-2280760,3822
02-28 12:51:28.373  5649  6437 I BatteryMgr:DataCollectionService: stats => 1709121088372,-1987791,3822
02-28 12:51:29.376  5649  6437 I BatteryMgr:DataCollectionService: stats => 1709121089376,-2028807,3822
02-28 12:51:30.379  5649  6437 I BatteryMgr:DataCollectionService: stats => 1709121090379,-1980467,3822
02-28 12:51:31.383  5649  6437 I BatteryMgr:DataCollectionService: stats => 1709121091383,-1975096,3822
02-28 12:51:32.387  5649  6437 I BatteryMgr:DataCollectionService: stats => 1709121092387,-1955565,3822
02-28 12:51:33.390  5649  6437 I BatteryMgr:DataCollectionService: stats => 1709121093390,-1921385,3844
02-28 12:51:34.392  5649  6437 I BatteryMgr:DataCollectionService: stats => 1709121094392,-2350584,3844
02-28 12:51:35.395  5649  6437 I BatteryMgr:DataCollectionService: stats => 1709121095395,-2345213,3844
02-28 12:51:36.398  5649  6437 I BatteryMgr:DataCollectionService: stats => 1709121096398,-2306639,3844
02-28 12:51:37.404  5649  6437 I BatteryMgr:DataCollectionService: stats => 1709121097404,-1969237,3844
02-28 12:51:38.412  5649  6437 I BatteryMgr:DataCollectionService: stats => 1709121098412,-2446776,3844
02-28 12:51:39.416  5649  6437 I BatteryMgr:DataCollectionService: stats => 1709121099416,-2470213,3844
02-28 12:51:40.435  5649  6437 I BatteryMgr:DataCollectionService: stats => 1709121100435,-2502928,3844
02-28 12:51:41.439  5649  6437 I BatteryMgr:DataCollectionService: stats => 1709121101439,-2506346,3844
02-28 12:51:42.444  5649  6437 I BatteryMgr:DataCollectionService: stats => 1709121102444,-2488279,3844
02-28 12:51:43.450  5649  6437 I BatteryMgr:DataCollectionService: stats => 1709121103449,-2527342,3810
02-28 12:51:44.454  5649  6437 I BatteryMgr:DataCollectionService: stats => 1709121104454,-2513670,3810
02-28 12:51:45.459  5649  6437 I BatteryMgr:DataCollectionService: stats => 1709121105459,-2357420,3810
02-28 12:51:46.466  5649  6437 I BatteryMgr:DataCollectionService: stats => 1709121106466,-2380369,3810
02-28 12:51:47.469  5649  6437 I BatteryMgr:DataCollectionService: stats => 1709121107469,-2351561,3810
02-28 12:51:48.473  5649  6437 I BatteryMgr:DataCollectionService: stats => 1709121108473,-2360838,3810
02-28 12:51:49.477  5649  6437 I BatteryMgr:DataCollectionService: stats => 1709121109477,-2391600,3810
02-28 12:51:50.482  5649  6437 I BatteryMgr:DataCollectionService: stats => 1709121110482,-2363280,3810
02-28 12:51:51.488  5649  6437 I BatteryMgr:DataCollectionService: stats => 1709121111488,-2368651,3810
02-28 12:51:52.490  5649  6437 I BatteryMgr:DataCollectionService: stats => 1709121112490,-2360838,3810
02-28 12:51:53.493  5649  6437 I BatteryMgr:DataCollectionService: stats => 1709121113493,-2376951,3817
02-28 12:51:54.499  5649  6437 I BatteryMgr:DataCollectionService: stats => 1709121114499,-2351073,3817
02-28 12:51:55.502  5649  6437 I BatteryMgr:DataCollectionService: stats => 1709121115502,-2328123,3817
02-28 12:51:56.506  5649  6437 I BatteryMgr:DataCollectionService: stats => 1709121116506,-1982420,3817
02-28 12:51:57.510  5649  6437 I BatteryMgr:DataCollectionService: stats => 1709121117510,-2330076,3817
02-28 12:51:58.513  5649  6437 I BatteryMgr:DataCollectionService: stats => 1709121118513,-2363280,3817
02-28 12:51:59.517  5649  6437 I BatteryMgr:DataCollectionService: stats => 1709121119517,-2385740,3817
02-28 12:52:00.520  5649  6437 I BatteryMgr:DataCollectionService: stats => 1709121120520,-2379393,3817
02-28 12:52:01.524  5649  6437 I BatteryMgr:DataCollectionService: stats => 1709121121524,-2375975,3815
02-28 12:52:02.533  5649  6437 I BatteryMgr:DataCollectionService: stats => 1709121122533,-2398924,3815
02-28 12:52:03.537  5649  6437 I BatteryMgr:DataCollectionService: stats => 1709121123536,-2365721,3813
02-28 12:52:04.541  5649  6437 I BatteryMgr:DataCollectionService: stats => 1709121124541,-2397947,3813
02-28 12:52:05.545  5649  6437 I BatteryMgr:DataCollectionService: stats => 1709121125545,-2372557,3813
02-28 12:52:06.548  5649  6437 I BatteryMgr:DataCollectionService: stats => 1709121126548,-2392088,3813
02-28 12:52:07.554  5649  6437 I BatteryMgr:DataCollectionService: stats => 1709121127554,-2405272,3813
02-28 12:52:08.558  5649  6437 I BatteryMgr:DataCollectionService: stats => 1709121128558,-2386717,3813
02-28 12:52:09.561  5649  6437 I BatteryMgr:DataCollectionService: stats => 1709121129561,-2398924,3813
02-28 12:52:10.579  5649  6437 I BatteryMgr:DataCollectionService: stats => 1709121130579,-2433104,3813
02-28 12:52:11.584  5649  6437 I BatteryMgr:DataCollectionService: stats => 1709121131584,-2524901,3813
02-28 12:52:12.587  5649  6437 I BatteryMgr:DataCollectionService: stats => 1709121132587,-2557615,3813
02-28 12:52:13.594  5649  6437 I BatteryMgr:DataCollectionService: stats => 1709121133593,-2585936,3802
02-28 12:52:14.598  5649  6437 I BatteryMgr:DataCollectionService: stats => 1709121134598,-2529783,3802
02-28 12:52:15.601  5649  6437 I BatteryMgr:DataCollectionService: stats => 1709121135601,-2548826,3802
02-28 12:52:16.610  5649  6437 I BatteryMgr:DataCollectionService: stats => 1709121136610,-2499022,3802
02-28 12:52:17.613  5649  6437 I BatteryMgr:DataCollectionService: stats => 1709121137613,-2489256,3802
02-28 12:52:18.616  5649  6437 I BatteryMgr:DataCollectionService: stats => 1709121138616,-2407713,3802
02-28 12:52:19.620  5649  6437 I BatteryMgr:DataCollectionService: stats => 1709121139620,-2342772,3802
02-28 12:52:20.626  5649  6437 I BatteryMgr:DataCollectionService: stats => 1709121140625,-2395994,3802
02-28 12:52:21.628  5649  6437 I BatteryMgr:DataCollectionService: stats => 1709121141628,-2364256,3802
02-28 12:52:22.634  5649  6437 I BatteryMgr:DataCollectionService: stats => 1709121142634,-2396483,3802
02-28 12:52:23.637  5649  6437 I BatteryMgr:DataCollectionService: stats => 1709121143637,-2399412,3810
02-28 12:52:24.642  5649  6437 I BatteryMgr:DataCollectionService: stats => 1709121144642,-2366209,3810
02-28 12:52:25.648  5649  6437 I BatteryMgr:DataCollectionService: stats => 1709121145648,-2397459,3810
02-28 12:52:26.652  5649  6437 I BatteryMgr:DataCollectionService: stats => 1709121146652,-2386717,3810
02-28 12:52:27.655  5649  6437 I BatteryMgr:DataCollectionService: stats => 1709121147655,-2403319,3810
02-28 12:52:28.660  5649  6437 I BatteryMgr:DataCollectionService: stats => 1709121148660,-2454588,3810
02-28 12:52:29.665  5649  6437 I BatteryMgr:DataCollectionService: stats => 1709121149665,-2369627,3810
02-28 12:52:30.668  5649  6437 I BatteryMgr:DataCollectionService: stats => 1709121150668,-2397459,3810
02-28 12:52:31.672  5649  6437 I BatteryMgr:DataCollectionService: stats => 1709121151672,-2392576,3810
02-28 12:52:32.676  5649  6437 I BatteryMgr:DataCollectionService: stats => 1709121152676,-2404783,3810
02-28 12:52:33.679  5649  6437 I BatteryMgr:DataCollectionService: stats => 1709121153679,-2400389,3808
02-28 12:52:34.682  5649  6437 I BatteryMgr:DataCollectionService: stats => 1709121154682,-2415526,3808
02-28 12:52:35.688  5649  6437 I BatteryMgr:DataCollectionService: stats => 1709121155688,-2363768,3808
02-28 12:52:36.691  5649  6437 I BatteryMgr:DataCollectionService: stats => 1709121156691,-2385252,3808
02-28 12:52:37.694  5649  6437 I BatteryMgr:DataCollectionService: stats => 1709121157694,-2400389,3808
02-28 12:52:38.696  5649  6437 I BatteryMgr:DataCollectionService: stats => 1709121158696,-2373045,3808
02-28 12:52:39.702  5649  6437 I BatteryMgr:DataCollectionService: stats => 1709121159702,-2415526,3808
02-28 12:52:40.709  5649  6437 I BatteryMgr:DataCollectionService: stats => 1709121160709,-2385252,3808
02-28 12:52:41.717  5649  6437 I BatteryMgr:DataCollectionService: stats => 1709121161717,-2470213,3808
02-28 12:52:42.722  5649  6437 I BatteryMgr:DataCollectionService: stats => 1709121162721,-2522459,3808
02-28 12:52:43.727  5649  6437 I BatteryMgr:DataCollectionService: stats => 1709121163727,-2544432,3797
02-28 12:52:44.733  5649  6437 I BatteryMgr:DataCollectionService: stats => 1709121164733,-2501951,3797
02-28 12:52:45.744  5649  6437 I BatteryMgr:DataCollectionService: stats => 1709121165744,-2561033,3797
02-28 12:52:46.747  5649  6437 I BatteryMgr:DataCollectionService: stats => 1709121166747,-2581053,3797
02-28 12:52:47.750  5649  6437 I BatteryMgr:DataCollectionService: stats => 1709121167750,-2497557,3797
02-28 12:52:48.754  5649  6437 I BatteryMgr:DataCollectionService: stats => 1709121168754,-2396483,3797
02-28 12:52:49.757  5649  6437 I BatteryMgr:DataCollectionService: stats => 1709121169757,-2376463,3797
02-28 12:52:50.762  5649  6437 I BatteryMgr:DataCollectionService: stats => 1709121170762,-2387205,3797
02-28 12:52:51.768  5649  6437 I BatteryMgr:DataCollectionService: stats => 1709121171768,-2395994,3797
02-28 12:52:52.770  5649  6437 I BatteryMgr:DataCollectionService: stats => 1709121172770,-2419920,3804
02-28 12:52:53.774  5649  6437 I BatteryMgr:DataCollectionService: stats => 1709121173774,-2381834,3804
02-28 12:52:54.782  5649  6437 I BatteryMgr:DataCollectionService: stats => 1709121174781,-2402342,3804
02-28 12:52:55.785  5649  6437 I BatteryMgr:DataCollectionService: stats => 1709121175785,-2386717,3804
02-28 12:52:56.788  5649  6437 I BatteryMgr:DataCollectionService: stats => 1709121176788,-2398924,3804
02-28 12:52:57.790  5649  6437 I BatteryMgr:DataCollectionService: stats => 1709121177790,-2406248,3804
02-28 12:52:58.794  5649  6437 I BatteryMgr:DataCollectionService: stats => 1709121178794,-2416502,3804
02-28 12:52:59.797  5649  6437 I BatteryMgr:DataCollectionService: stats => 1709121179797,-2381834,3804
02-28 12:53:00.801  5649  6437 I BatteryMgr:DataCollectionService: stats => 1709121180801,-2389647,3804
02-28 12:53:01.807  5649  6437 I BatteryMgr:DataCollectionService: stats => 1709121181807,-2409666,3804
02-28 12:53:02.810  5649  6437 I BatteryMgr:DataCollectionService: stats => 1709121182810,-2384764,3804
02-28 12:53:03.813  5649  6437 I BatteryMgr:DataCollectionService: stats => 1709121183813,-2388670,3804
02-28 12:53:04.816  5649  6437 I BatteryMgr:DataCollectionService: stats => 1709121184816,-2415526,3804
02-28 12:53:05.820  5649  6437 I BatteryMgr:DataCollectionService: stats => 1709121185820,-2390623,3804
02-28 12:53:06.824  5649  6437 I BatteryMgr:DataCollectionService: stats => 1709121186824,-2385252,3804
02-28 12:53:07.827  5649  6437 I BatteryMgr:DataCollectionService: stats => 1709121187827,-2434569,3804
02-28 12:53:08.829  5649  6437 I BatteryMgr:DataCollectionService: stats => 1709121188829,-2387694,3804
02-28 12:53:09.834  5649  6437 I BatteryMgr:DataCollectionService: stats => 1709121189834,-2416014,3804
02-28 12:53:10.837  5649  6437 I BatteryMgr:DataCollectionService: stats => 1709121190837,-2424803,3804
02-28 12:53:11.840  5649  6437 I BatteryMgr:DataCollectionService: stats => 1709121191840,-2369139,3804
02-28 12:53:12.855  5649  6437 I BatteryMgr:DataCollectionService: stats => 1709121192855,-2411131,3804
02-28 12:53:13.857  5649  6437 I BatteryMgr:DataCollectionService: stats => 1709121193857,-2452635,3802
02-28 12:53:14.866  5649  6437 I BatteryMgr:DataCollectionService: stats => 1709121194866,-2565428,3802
02-28 12:53:15.870  5649  6437 I BatteryMgr:DataCollectionService: stats => 1709121195870,-2566404,3802
02-28 12:53:16.877  5649  6437 I BatteryMgr:DataCollectionService: stats => 1709121196876,-2578611,3802
02-28 12:53:17.891  5649  6437 I BatteryMgr:DataCollectionService: stats => 1709121197891,-2544432,3802
02-28 12:53:18.894  5649  6437 I BatteryMgr:DataCollectionService: stats => 1709121198894,-2524412,3802
02-28 12:53:19.897  5649  6437 I BatteryMgr:DataCollectionService: stats => 1709121199897,-2552733,3802
02-28 12:53:20.902  5649  6437 I BatteryMgr:DataCollectionService: stats => 1709121200902,-2454588,3802
02-28 12:53:21.905  5649  6437 I BatteryMgr:DataCollectionService: stats => 1709121201905,-2439451,3802
02-28 12:53:22.910  5649  6437 I BatteryMgr:DataCollectionService: stats => 1709121202909,-2423338,3799
02-28 12:53:23.912  5649  6437 I BatteryMgr:DataCollectionService: stats => 1709121203912,-2414549,3799
02-28 12:53:24.919  5649  6437 I BatteryMgr:DataCollectionService: stats => 1709121204919,-2449217,3798
02-28 12:53:25.924  5649  6437 I BatteryMgr:DataCollectionService: stats => 1709121205924,-2420408,3798
02-28 12:53:26.928  5649  6437 I BatteryMgr:DataCollectionService: stats => 1709121206928,-2451658,3798
02-28 12:53:27.932  5649  6437 I BatteryMgr:DataCollectionService: stats => 1709121207932,-2418944,3798
02-28 12:53:28.935  5649  6437 I BatteryMgr:DataCollectionService: stats => 1709121208935,-2426756,3798
02-28 12:53:29.937  5649  6437 I BatteryMgr:DataCollectionService: stats => 1709121209937,-2416014,3798
02-28 12:53:30.942  5649  6437 I BatteryMgr:DataCollectionService: stats => 1709121210942,-2406737,3798
02-28 12:53:31.945  5649  6437 I BatteryMgr:DataCollectionService: stats => 1709121211945,-2445311,3798
02-28 12:53:32.947  5649  6437 I BatteryMgr:DataCollectionService: stats => 1709121212947,-2465819,3796
02-28 12:53:33.950  5649  6437 I BatteryMgr:DataCollectionService: stats => 1709121213950,-2435057,3796
02-28 12:53:34.955  5649  6437 I BatteryMgr:DataCollectionService: stats => 1709121214955,-2399901,3796
02-28 12:53:35.960  5649  6437 I BatteryMgr:DataCollectionService: stats => 1709121215960,-2452147,3799
02-28 12:53:36.963  5649  6437 I BatteryMgr:DataCollectionService: stats => 1709121216963,-2429197,3799
02-28 12:53:37.969  5649  6437 I BatteryMgr:DataCollectionService: stats => 1709121217969,-2423338,3799
02-28 12:53:38.971  5649  6437 I BatteryMgr:DataCollectionService: stats => 1709121218971,-2443846,3799
02-28 12:53:39.976  5649  6437 I BatteryMgr:DataCollectionService: stats => 1709121219976,-2458006,3799
02-28 12:53:40.978  5649  6437 I BatteryMgr:DataCollectionService: stats => 1709121220978,-2432127,3799
02-28 12:53:41.984  5649  6437 I BatteryMgr:DataCollectionService: stats => 1709121221984,-2432127,3799
02-28 12:53:42.986  5649  6437 I BatteryMgr:DataCollectionService: stats => 1709121222986,-2397459,3799
02-28 12:53:43.989  5649  6437 I BatteryMgr:DataCollectionService: stats => 1709121223989,-2438963,3799
02-28 12:53:44.993  5649  6437 I BatteryMgr:DataCollectionService: stats => 1709121224992,-2475584,3799
02-28 12:53:46.002  5649  6437 I BatteryMgr:DataCollectionService: stats => 1709121226002,-2563475,3799
02-28 12:53:47.006  5649  6437 I BatteryMgr:DataCollectionService: stats => 1709121227006,-2564451,3799
02-28 12:53:48.012  5649  6437 I BatteryMgr:DataCollectionService: stats => 1709121228011,-2556151,3799
02-28 12:53:49.015  5649  6437 I BatteryMgr:DataCollectionService: stats => 1709121229015,-2576170,3799
02-28 12:53:50.018  5649  6437 I BatteryMgr:DataCollectionService: stats => 1709121230018,-2547361,3799
02-28 12:53:51.028  5649  6437 I BatteryMgr:DataCollectionService: stats => 1709121231028,-2550291,3799
02-28 12:53:52.031  5649  6437 I BatteryMgr:DataCollectionService: stats => 1709121232031,-2432615,3799
02-28 12:53:53.034  5649  6437 I BatteryMgr:DataCollectionService: stats => 1709121233034,-2440428,3795
02-28 12:53:54.043  5649  6437 I BatteryMgr:DataCollectionService: stats => 1709121234043,-2400877,3795
02-28 12:53:55.045  5649  6437 I BatteryMgr:DataCollectionService: stats => 1709121235045,-2426756,3795
02-28 12:53:56.052  5649  6437 I BatteryMgr:DataCollectionService: stats => 1709121236052,-2419432,3795
02-28 12:53:57.055  5649  6437 I BatteryMgr:DataCollectionService: stats => 1709121237055,-2443846,3795
02-28 12:53:58.058  5649  6437 I BatteryMgr:DataCollectionService: stats => 1709121238058,-2463377,3795
02-28 12:53:59.060  5649  6437 I BatteryMgr:DataCollectionService: stats => 1709121239060,-2422362,3795
02-28 12:54:00.065  5649  6437 I BatteryMgr:DataCollectionService: stats => 1709121240065,-2422850,3795
02-28 12:54:01.068  5649  6437 I BatteryMgr:DataCollectionService: stats => 1709121241068,-2403807,3795
02-28 12:54:02.071  5649  6437 I BatteryMgr:DataCollectionService: stats => 1709121242071,-2422850,3795
02-28 12:54:03.079  5649  6437 I BatteryMgr:DataCollectionService: stats => 1709121243079,-2479979,3791
02-28 12:54:04.083  5649  6437 I BatteryMgr:DataCollectionService: stats => 1709121244083,-2436033,3791
02-28 12:54:05.086  5649  6437 I BatteryMgr:DataCollectionService: stats => 1709121245086,-2406737,3791
02-28 12:54:06.091  5649  6437 I BatteryMgr:DataCollectionService: stats => 1709121246091,-2441893,3791
02-28 12:54:07.095  5649  6437 I BatteryMgr:DataCollectionService: stats => 1709121247095,-2399901,3795
02-28 12:54:08.098  5649  6437 I BatteryMgr:DataCollectionService: stats => 1709121248098,-2404295,3795
02-28 12:54:09.102  5649  6437 I BatteryMgr:DataCollectionService: stats => 1709121249102,-2404295,3795
02-28 12:54:10.106  5649  6437 I BatteryMgr:DataCollectionService: stats => 1709121250106,-2405760,3795
02-28 12:54:11.109  5649  6437 I BatteryMgr:DataCollectionService: stats => 1709121251109,-2418455,3795
02-28 12:54:12.112  5649  6437 I BatteryMgr:DataCollectionService: stats => 1709121252112,-2413572,3795
02-28 12:54:13.118  5649  6437 I BatteryMgr:DataCollectionService: stats => 1709121253118,-2405272,3794
02-28 12:54:14.121  5649  6437 I BatteryMgr:DataCollectionService: stats => 1709121254121,-2424315,3794
02-28 12:54:15.124  5649  6437 I BatteryMgr:DataCollectionService: stats => 1709121255124,-2434080,3794
02-28 12:54:16.131  5649  6437 I BatteryMgr:DataCollectionService: stats => 1709121256131,-2433592,3794
02-28 12:54:17.136  5649  6437 I BatteryMgr:DataCollectionService: stats => 1709121257136,-2522459,3794
02-28 12:54:18.145  5649  6437 I BatteryMgr:DataCollectionService: stats => 1709121258145,-2546385,3794
02-28 12:54:19.151  5649  6437 I BatteryMgr:DataCollectionService: stats => 1709121259151,-2575193,3794
02-28 12:54:20.158  5649  6437 I BatteryMgr:DataCollectionService: stats => 1709121260158,-2582518,3794
02-28 12:54:21.163  5649  6437 I BatteryMgr:DataCollectionService: stats => 1709121261163,-2551756,3794
02-28 12:54:22.166  5649  6437 I BatteryMgr:DataCollectionService: stats => 1709121262166,-2549803,3794
02-28 12:54:23.172  5649  6437 I BatteryMgr:DataCollectionService: stats => 1709121263172,-2568358,3784
02-28 12:54:24.175  5649  6437 I BatteryMgr:DataCollectionService: stats => 1709121264175,-2411131,3784
02-28 12:54:25.178  5649  6437 I BatteryMgr:DataCollectionService: stats => 1709121265178,-2422362,3784
02-28 12:54:26.183  5649  6437 I BatteryMgr:DataCollectionService: stats => 1709121266182,-2430662,3784
02-28 12:54:27.186  5649  6437 I BatteryMgr:DataCollectionService: stats => 1709121267186,-2429197,3784
02-28 12:54:28.188  5649  6437 I BatteryMgr:DataCollectionService: stats => 1709121268188,-2428221,3784
02-28 12:54:29.191  5649  6437 I BatteryMgr:DataCollectionService: stats => 1709121269191,-2419920,3784
02-28 12:54:30.198  5649  6437 I BatteryMgr:DataCollectionService: stats => 1709121270198,-2413572,3784
02-28 12:54:31.206  5649  6437 I BatteryMgr:DataCollectionService: stats => 1709121271206,-2405272,3784
02-28 12:54:32.212  5649  6437 I BatteryMgr:DataCollectionService: stats => 1709121272211,-2455565,3784
02-28 12:54:33.216  5649  6437 I BatteryMgr:DataCollectionService: stats => 1709121273216,-2438475,3791
02-28 12:54:34.219  5649  6437 I BatteryMgr:DataCollectionService: stats => 1709121274218,-2422850,3791
02-28 12:54:35.221  5649  6437 I BatteryMgr:DataCollectionService: stats => 1709121275221,-2429686,3791
02-28 12:54:36.226  5649  6437 I BatteryMgr:DataCollectionService: stats => 1709121276226,-2427244,3791
02-28 12:54:37.230  5649  6437 I BatteryMgr:DataCollectionService: stats => 1709121277230,-2425780,3791
02-28 12:54:38.232  5649  6437 I BatteryMgr:DataCollectionService: stats => 1709121278232,-2409666,3791
02-28 12:54:39.240  5649  6437 I BatteryMgr:DataCollectionService: stats => 1709121279240,-2436522,3791
02-28 12:54:40.244  5649  6437 I BatteryMgr:DataCollectionService: stats => 1709121280244,-2374510,3791
02-28 12:54:41.248  5649  6437 I BatteryMgr:DataCollectionService: stats => 1709121281247,-2415526,3791
02-28 12:54:42.253  5649  6437 I BatteryMgr:DataCollectionService: stats => 1709121282253,-2460936,3791
02-28 12:54:43.256  5649  6437 I BatteryMgr:DataCollectionService: stats => 1709121283256,-2397947,3791
02-28 12:54:44.260  5649  6437 I BatteryMgr:DataCollectionService: stats => 1709121284260,-2412596,3791
02-28 12:54:45.264  5649  6437 I BatteryMgr:DataCollectionService: stats => 1709121285264,-2439940,3791
02-28 12:54:46.267  5649  6437 I BatteryMgr:DataCollectionService: stats => 1709121286267,-2437010,3791
02-28 12:54:47.270  5649  6437 I BatteryMgr:DataCollectionService: stats => 1709121287270,-2483397,3791
02-28 12:54:48.274  5649  6437 I BatteryMgr:DataCollectionService: stats => 1709121288274,-2520994,3791
02-28 12:54:49.283  5649  6437 I BatteryMgr:DataCollectionService: stats => 1709121289283,-2532225,3782
02-28 12:54:50.291  5649  6437 I BatteryMgr:DataCollectionService: stats => 1709121290291,-2559569,3781
02-28 12:54:51.295  5649  6437 I BatteryMgr:DataCollectionService: stats => 1709121291295,-2556639,3781
02-28 12:54:52.299  5649  6437 I BatteryMgr:DataCollectionService: stats => 1709121292299,-2618162,3781
02-28 12:54:53.301  5649  6437 I BatteryMgr:DataCollectionService: stats => 1709121293301,-2563475,3779
02-28 12:54:54.305  5649  6437 I BatteryMgr:DataCollectionService: stats => 1709121294305,-2463865,3779
02-28 12:54:55.308  5649  6437 I BatteryMgr:DataCollectionService: stats => 1709121295308,-2441405,3779
02-28 12:54:56.312  5649  6437 I BatteryMgr:DataCollectionService: stats => 1709121296312,-2426756,3779
02-28 12:54:57.318  5649  6437 I BatteryMgr:DataCollectionService: stats => 1709121297318,-2448729,3779
02-28 12:54:58.322  5649  6437 I BatteryMgr:DataCollectionService: stats => 1709121298322,-2460936,3779
02-28 12:54:59.325  5649  6437 I BatteryMgr:DataCollectionService: stats => 1709121299325,-2458983,3779
02-28 12:55:00.327  5649  6437 I BatteryMgr:DataCollectionService: stats => 1709121300327,-2438963,3779
02-28 12:55:01.333  5649  6437 I BatteryMgr:DataCollectionService: stats => 1709121301333,-2446776,3779
02-28 12:55:02.337  5649  6437 I BatteryMgr:DataCollectionService: stats => 1709121302337,-2518553,3779
02-28 12:55:03.341  5649  6437 I BatteryMgr:DataCollectionService: stats => 1709121303341,-2482420,3784
02-28 12:55:04.344  5649  6437 I BatteryMgr:DataCollectionService: stats => 1709121304344,-2503904,3784
02-28 12:55:05.346  5649  6437 I BatteryMgr:DataCollectionService: stats => 1709121305346,-2456053,3784
02-28 12:55:06.349  5649  6437 I BatteryMgr:DataCollectionService: stats => 1709121306349,-2429197,3784
02-28 12:55:07.353  5649  6437 I BatteryMgr:DataCollectionService: stats => 1709121307353,-2391600,3784
02-28 12:55:08.357  5649  6437 I BatteryMgr:DataCollectionService: stats => 1709121308357,-2189452,3784
02-28 12:55:09.359  5649  6437 I BatteryMgr:DataCollectionService: stats => 1709121309359,-2403319,3784
02-28 12:55:10.366  5649  6437 I BatteryMgr:DataCollectionService: stats => 1709121310366,-2390135,3784
02-28 12:55:11.368  5649  6437 I BatteryMgr:DataCollectionService: stats => 1709121311368,-2465819,3784
02-28 12:55:12.374  5649  6437 I BatteryMgr:DataCollectionService: stats => 1709121312374,-2402342,3784
02-28 12:55:13.378  5649  6437 I BatteryMgr:DataCollectionService: stats => 1709121313377,-2431639,3786
02-28 12:55:14.380  5649  6437 I BatteryMgr:DataCollectionService: stats => 1709121314380,-2442869,3786
02-28 12:55:15.384  5649  6437 I BatteryMgr:DataCollectionService: stats => 1709121315384,-2420408,3786
02-28 12:55:16.390  5649  6437 I BatteryMgr:DataCollectionService: stats => 1709121316390,-2413572,3786
02-28 12:55:17.393  5649  6437 I BatteryMgr:DataCollectionService: stats => 1709121317393,-2473631,3786
