11.25 11.72 10.44 4/2914 23627
11.25 11.72 10.44 3/2914 23654
11.25 11.72 10.44 8/2914 23681
11.25 11.72 10.44 5/2914 23708
11.25 11.72 10.44 6/2914 23735
11.15 11.69 10.44 3/2914 23763
11.15 11.69 10.44 3/2914 23790
11.15 11.69 10.44 8/2914 23817
11.15 11.69 10.44 5/2914 23844
11.15 11.69 10.44 6/2914 23877
10.98 11.65 10.43 4/2914 23904
10.98 11.65 10.43 6/2914 23931
10.98 11.65 10.43 9/2910 23958
10.98 11.65 10.43 6/2914 23991
10.98 11.65 10.43 8/2914 24018
10.90 11.62 10.43 8/2914 24045
10.90 11.62 10.43 8/2914 24073
10.90 11.62 10.43 18/2914 24100
10.90 11.62 10.43 4/2913 24127
10.90 11.62 10.43 5/2913 24160
11.23 11.67 10.45 13/2913 24193
11.23 11.67 10.45 9/2913 24220
11.23 11.67 10.45 8/2909 24247
11.23 11.67 10.45 8/2913 24280
11.23 11.67 10.45 5/2909 24307
11.29 11.68 10.46 15/2913 24340
11.29 11.68 10.46 9/2913 24368
11.29 11.68 10.46 5/2913 24395
11.29 11.68 10.46 10/2913 24422
11.29 11.68 10.46 11/2913 24449
11.43 11.70 10.47 2/2913 24476
11.43 11.70 10.47 6/2913 24503
11.43 11.70 10.47 3/2913 24530
11.43 11.70 10.47 7/2913 24563
11.43 11.70 10.47 5/2913 24590
11.23 11.66 10.47 12/2913 24623
11.23 11.66 10.47 11/2913 24650
11.23 11.66 10.47 2/2909 24678
11.23 11.66 10.47 5/2912 24711
11.23 11.66 10.47 6/2912 24738
11.53 11.71 10.49 7/2912 24765
11.53 11.71 10.49 6/2912 24792
11.53 11.71 10.49 3/2912 24819
11.53 11.71 10.49 3/2912 24846
11.53 11.71 10.49 11/2912 24877
11.49 11.70 10.49 1/2912 24912
11.49 11.70 10.49 6/2912 24939
11.49 11.70 10.49 11/2912 24973
11.49 11.70 10.49 7/2912 25000
11.49 11.70 10.49 4/2912 25027
11.69 11.74 10.51 13/2912 25055
11.69 11.74 10.51 5/2912 25082
11.69 11.74 10.51 4/2912 25109
11.69 11.74 10.51 7/2912 25136
11.69 11.74 10.51 3/2912 25163
11.72 11.74 10.52 11/2912 25190
11.72 11.74 10.52 6/2912 25217
11.72 11.74 10.52 13/2912 25245
11.72 11.74 10.52 2/2912 25274
11.72 11.74 10.52 11/2912 25301
11.42 11.68 10.51 4/2912 25332
11.42 11.68 10.51 3/2912 25359
11.42 11.68 10.51 4/2912 25392
11.42 11.68 10.51 10/2912 25419
11.42 11.68 10.51 8/2912 25446
11.31 11.65 10.50 12/2912 25473
11.31 11.65 10.50 7/2912 25500
11.31 11.65 10.50 6/2912 25527
11.31 11.65 10.50 3/2912 25562
11.31 11.65 10.50 6/2910 25589
11.60 11.71 10.53 5/2910 25616
11.60 11.71 10.53 13/2910 25649
11.60 11.71 10.53 4/2910 25676
11.60 11.71 10.53 8/2910 25709
11.60 11.71 10.53 13/2910 25736
11.79 11.75 10.55 4/2910 25763
11.79 11.75 10.55 10/2910 25796
11.79 11.75 10.55 7/2910 25823
11.79 11.75 10.55 4/2910 25850
11.79 11.75 10.55 2/2910 25878
12.05 11.80 10.57 14/2910 25905
12.05 11.80 10.57 9/2910 25932
12.05 11.80 10.57 7/2910 25965
12.05 11.80 10.57 6/2910 25992
12.05 11.80 10.57 6/2910 26019
11.73 11.74 10.56 3/2910 26046
11.73 11.74 10.56 10/2910 26079
11.73 11.74 10.56 4/2910 26112
11.73 11.74 10.56 6/2906 26139
11.73 11.74 10.56 4/2910 26172
11.91 11.78 10.58 1/2910 26200
11.91 11.78 10.58 9/2910 26227
11.91 11.78 10.58 3/2910 26254
11.91 11.78 10.58 8/2910 26281
11.91 11.78 10.58 14/2909 26308
12.16 11.83 10.60 12/2909 26335
12.16 11.83 10.60 13/2909 26362
12.16 11.83 10.60 8/2909 26390
12.16 11.83 10.60 5/2909 26417
12.16 11.83 10.60 10/2909 26444
11.58 11.72 10.57 2/2909 26472
11.58 11.72 10.57 7/2909 26499
11.58 11.72 10.57 2/2909 26526
11.58 11.72 10.57 4/2909 26553
11.58 11.72 10.57 11/2909 26584
11.30 11.65 10.56 5/2909 26623
11.30 11.65 10.56 2/2909 26650
11.30 11.65 10.56 8/2909 26677
11.30 11.65 10.56 4/2909 26704
11.30 11.65 10.56 5/2908 26731
11.35 11.66 10.56 4/2909 26760
11.35 11.66 10.56 6/2909 26788
11.35 11.66 10.56 5/2909 26815
11.35 11.66 10.56 9/2909 26845
11.35 11.66 10.56 6/2909 26872
10.92 11.56 10.54 3/2909 26899
10.92 11.56 10.54 4/2909 26926
10.92 11.56 10.54 10/2909 26954
10.92 11.56 10.54 5/2909 26981
10.92 11.56 10.54 7/2909 27008
11.17 11.61 10.56 8/2909 27035
11.17 11.61 10.56 2/2909 27063
11.17 11.61 10.56 3/2909 27090
11.17 11.61 10.56 3/2910 27124
11.17 11.61 10.56 5/2910 27151
10.76 11.51 10.53 3/2910 27184
10.76 11.51 10.53 3/2911 27212
10.76 11.51 10.53 4/2911 27239
10.76 11.51 10.53 8/2911 27272
10.76 11.51 10.53 6/2911 27299
10.94 11.54 10.55 2/2911 27332
10.94 11.54 10.55 3/2911 27359
10.94 11.54 10.55 6/2912 27388
10.94 11.54 10.55 9/2912 27415
10.94 11.54 10.55 7/2912 27442
10.78 11.49 10.54 10/2912 27469
10.78 11.49 10.54 4/2912 27496
10.78 11.49 10.54 22/2912 27523
10.78 11.49 10.54 3/2912 27550
10.78 11.49 10.54 9/2912 27577
11.60 11.65 10.59 4/2912 27604
11.60 11.65 10.59 27/2912 27631
11.60 11.65 10.59 12/2912 27659
11.60 11.65 10.59 9/2912 27686
11.60 11.65 10.59 6/2912 27713
11.39 11.61 10.59 6/2912 27740
11.39 11.61 10.59 8/2911 27767
11.39 11.61 10.59 7/2911 27794
11.39 11.61 10.59 5/2911 27821
11.39 11.61 10.59 2/2911 27848
11.28 11.58 10.58 15/2911 27875
11.28 11.58 10.58 3/2911 27908
11.28 11.58 10.58 6/2911 27935
11.28 11.58 10.58 7/2911 27963
11.28 11.58 10.58 8/2912 27991
11.42 11.61 10.60 8/2912 28018
11.42 11.61 10.60 6/2912 28045
11.42 11.61 10.60 4/2914 28074
11.42 11.61 10.60 10/2914 28102
11.42 11.61 10.60 7/2916 28131
11.94 11.71 10.64 5/2916 28158
11.94 11.71 10.64 6/2916 28185
11.94 11.71 10.64 6/2916 28212
11.94 11.71 10.64 20/2916 28239
11.94 11.71 10.64 12/2916 28271
11.87 11.70 10.64 13/2916 28310
11.87 11.70 10.64 7/2916 28337
11.87 11.70 10.64 8/2916 28364
11.87 11.70 10.64 11/2916 28391
11.87 11.70 10.64 4/2916 28418
12.28 11.79 10.67 14/2916 28446
12.28 11.79 10.67 13/2916 28473
12.28 11.79 10.67 3/2916 28500
12.28 11.79 10.67 10/2916 28527
12.28 11.79 10.67 5/2916 28555
12.10 11.76 10.67 9/2916 28588
12.10 11.76 10.67 3/2916 28615
12.10 11.76 10.67 4/2916 28642
12.10 11.76 10.67 4/2916 28675
12.10 11.76 10.67 11/2916 28702
12.01 11.75 10.67 5/2916 28729
12.01 11.75 10.67 3/2916 28756
12.01 11.75 10.67 6/2916 28789
12.01 11.75 10.67 10/2916 28816
12.01 11.75 10.67 7/2916 28843
12.17 11.78 10.69 4/2916 28871
12.17 11.78 10.69 10/2916 28898
12.17 11.78 10.69 13/2916 28925
12.17 11.78 10.69 11/2916 28952
12.17 11.78 10.69 3/2916 28979
11.67 11.69 10.66 8/2916 29006
11.67 11.69 10.66 5/2917 29040
11.67 11.69 10.66 4/2917 29067
11.67 11.69 10.66 5/2917 29094
11.67 11.69 10.66 6/2917 29121
11.38 11.63 10.65 4/2917 29149
11.38 11.63 10.65 6/2917 29176
11.38 11.63 10.65 8/2917 29203
11.38 11.63 10.65 8/2917 29230
11.38 11.63 10.65 2/2917 29257
11.43 11.63 10.66 5/2917 29284
11.43 11.63 10.66 12/2917 29311
11.43 11.63 10.66 15/2917 29338
11.43 11.63 10.66 8/2917 29371
11.43 11.63 10.66 5/2917 29398
11.43 11.63 10.66 7/2917 29425
11.96 11.74 10.69 9/2917 29453
11.96 11.74 10.69 11/2917 29480
11.96 11.74 10.69 5/2917 29507
11.96 11.74 10.69 2/2917 29534
11.96 11.74 10.69 5/2918 29562
11.80 11.71 10.69 2/2918 29589
11.80 11.71 10.69 5/2918 29616
11.80 11.71 10.69 9/2918 29643
11.80 11.71 10.69 6/2918 29670
11.80 11.71 10.69 6/2918 29697
11.74 11.70 10.69 7/2923 29735
11.74 11.70 10.69 6/2923 29763
11.74 11.70 10.69 15/2923 29790
11.74 11.70 10.69 6/2923 29817
11.74 11.70 10.69 8/2923 29844
11.60 11.67 10.69 7/2923 29877
11.60 11.67 10.69 8/2923 29904
11.60 11.67 10.69 8/2923 29931
11.60 11.67 10.69 9/2923 29962
11.60 11.67 10.69 17/2923 30001
12.51 11.86 10.76 10/2923 30034
12.51 11.86 10.76 17/2923 30068
12.51 11.86 10.76 4/2923 30095
12.51 11.86 10.76 7/2923 30122
12.51 11.86 10.76 7/2923 30150
