7.50 6.58 5.96 8/2869 4859
7.50 6.58 5.96 5/2906 4949
7.50 6.58 5.96 13/2946 5050
7.50 6.58 5.96 4/2960 5096
7.46 6.59 5.96 5/2959 5123
7.46 6.59 5.96 2/2944 5150
7.46 6.59 5.96 3/2951 5253
7.46 6.59 5.96 7/2951 5292
7.46 6.59 5.96 4/2951 5319
6.94 6.50 5.94 25/2951 5347
6.94 6.50 5.94 4/2951 5374
6.94 6.50 5.94 1/2946 5405
6.94 6.50 5.94 4/2946 5445
6.94 6.50 5.94 4/2946 5485
6.63 6.44 5.92 2/2946 5547
6.63 6.44 5.92 7/2947 5583
6.63 6.44 5.92 5/2947 5618
6.63 6.44 5.92 1/2946 5645
6.63 6.44 5.92 10/2946 5691
6.26 6.37 5.90 3/2946 5718
6.26 6.37 5.90 6/2950 5749
6.26 6.37 5.90 5/2950 5778
6.26 6.37 5.90 2/2947 5808
6.26 6.37 5.90 3/2947 5835
5.91 6.29 5.88 3/2947 5862
5.91 6.29 5.88 9/2947 5889
5.91 6.29 5.88 5/2947 5916
5.91 6.29 5.88 3/2947 5943
5.91 6.29 5.88 2/2947 5971
5.84 6.27 5.87 2/2947 5998
5.84 6.27 5.87 4/2947 6025
5.84 6.27 5.87 2/2947 6052
5.84 6.27 5.87 1/2947 6079
5.84 6.27 5.87 4/2947 6107
6.25 6.35 5.90 1/2947 6135
6.25 6.35 5.90 5/2947 6162
6.25 6.35 5.90 1/2947 6191
6.25 6.35 5.90 4/2947 6216
6.25 6.35 5.90 4/2947 6244
5.99 6.29 5.89 4/2947 6271
5.99 6.29 5.89 3/2947 6298
5.99 6.29 5.89 1/2947 6325
5.99 6.29 5.89 2/2952 6361
5.99 6.29 5.89 7/2947 6397
5.99 6.29 5.89 7/2947 6424
5.99 6.29 5.89 8/2947 6451
5.99 6.29 5.89 2/2947 6478
5.99 6.29 5.89 5/2947 6507
5.99 6.29 5.89 4/2947 6536
5.83 6.25 5.88 3/2947 6566
5.83 6.25 5.88 8/2947 6603
5.83 6.25 5.88 7/2946 6648
5.83 6.25 5.88 2/2946 6694
5.83 6.25 5.88 8/2946 6748
5.69 6.21 5.87 1/2946 6821
5.69 6.21 5.87 2/2946 6867
5.69 6.21 5.87 6/2946 6906
5.69 6.21 5.87 3/2946 6933
5.69 6.21 5.87 4/2946 6960
5.47 6.16 5.85 1/2946 6991
5.47 6.16 5.85 6/2947 7023
5.47 6.16 5.85 2/2946 7051
5.47 6.16 5.85 2/2946 7084
5.47 6.16 5.85 4/2950 7115
5.51 6.16 5.85 9/2951 7145
5.51 6.16 5.85 3/2946 7172
5.51 6.16 5.85 8/2941 7199
5.51 6.16 5.85 1/2939 7226
5.51 6.16 5.85 6/2939 7253
6.03 6.25 5.88 1/2939 7280
6.03 6.25 5.88 1/2939 7307
6.03 6.25 5.88 1/2933 7334
6.03 6.25 5.88 1/2931 7361
6.03 6.25 5.88 5/2931 7388
5.87 6.22 5.87 6/2931 7417
5.87 6.22 5.87 10/2931 7448
5.87 6.22 5.87 6/2931 7475
5.87 6.22 5.87 3/2931 7502
5.87 6.22 5.87 3/2932 7550
5.80 6.20 5.87 4/2932 7577
5.80 6.20 5.87 4/2932 7604
5.80 6.20 5.87 2/2932 7633
5.80 6.20 5.87 3/2932 7660
5.80 6.20 5.87 4/2932 7687
5.58 6.14 5.85 2/2932 7714
5.58 6.14 5.85 4/2937 7747
5.58 6.14 5.85 5/2931 7774
5.58 6.14 5.85 5/2931 7801
5.58 6.14 5.85 7/2931 7828
5.29 6.07 5.83 11/2931 7859
5.29 6.07 5.83 1/2931 7886
5.29 6.07 5.83 2/2931 7913
5.29 6.07 5.83 6/2931 7945
5.29 6.07 5.83 8/2931 7975
5.11 6.02 5.82 5/2931 8003
5.11 6.02 5.82 1/2931 8030
5.11 6.02 5.82 13/2931 8058
5.11 6.02 5.82 10/2929 8086
5.11 6.02 5.82 6/2929 8113
5.34 6.06 5.83 4/2929 8140
5.34 6.06 5.83 5/2929 8167
5.34 6.06 5.83 4/2929 8194
5.34 6.06 5.83 7/2929 8225
5.34 6.06 5.83 1/2929 8264
5.07 5.99 5.81 5/2929 8291
5.07 5.99 5.81 2/2929 8318
5.07 5.99 5.81 3/2934 8350
5.07 5.99 5.81 5/2937 8381
5.07 5.99 5.81 7/2931 8408
4.98 5.95 5.80 2/2931 8435
4.98 5.95 5.80 2/2931 8462
4.98 5.95 5.80 6/2931 8489
4.98 5.95 5.80 2/2931 8517
4.98 5.95 5.80 8/2931 8544
5.55 6.06 5.83 1/2932 8572
5.55 6.06 5.83 1/2932 8599
5.55 6.06 5.83 6/2932 8626
5.55 6.06 5.83 5/2932 8654
5.55 6.06 5.83 6/2932 8681
5.74 6.09 5.84 2/2932 8708
5.74 6.09 5.84 8/2929 8736
5.74 6.09 5.84 5/2929 8763
5.74 6.09 5.84 7/2929 8790
5.74 6.09 5.84 1/2929 8817
5.36 6.00 5.82 7/2929 8844
5.36 6.00 5.82 3/2929 8871
5.36 6.00 5.82 2/2935 8906
5.36 6.00 5.82 10/2935 8933
5.36 6.00 5.82 6/2940 8966
5.25 5.97 5.81 4/2935 8993
5.25 5.97 5.81 3/2935 9020
5.25 5.97 5.81 4/2935 9047
5.25 5.97 5.81 5/2935 9074
5.25 5.97 5.81 7/2935 9101
5.55 6.02 5.83 1/2935 9128
5.55 6.02 5.83 7/2935 9155
5.55 6.02 5.83 2/2935 9182
5.55 6.02 5.83 2/2935 9209
5.55 6.02 5.83 2/2934 9250
5.27 5.95 5.80 2/2934 9277
5.27 5.95 5.80 1/2934 9304
5.27 5.95 5.80 3/2934 9331
5.27 5.95 5.80 3/2934 9358
5.27 5.95 5.80 3/2934 9385
5.09 5.90 5.79 5/2934 9412
5.09 5.90 5.79 5/2934 9439
5.09 5.90 5.79 6/2934 9466
5.09 5.90 5.79 8/2934 9493
5.09 5.90 5.79 4/2934 9520
5.00 5.87 5.78 8/2947 9563
5.00 5.87 5.78 7/2963 9610
5.00 5.87 5.78 3/2966 9644
5.00 5.87 5.78 8/2966 9671
5.00 5.87 5.78 3/2966 9698
4.68 5.79 5.75 6/2966 9725
4.68 5.79 5.75 2/2966 9754
4.68 5.79 5.75 3/2966 9781
4.68 5.79 5.75 1/2967 9811
4.68 5.79 5.75 1/2969 9842
4.62 5.76 5.74 3/2969 9875
4.62 5.76 5.74 2/2969 9903
4.62 5.76 5.74 2/2969 9959
4.62 5.76 5.74 6/2973 9990
4.62 5.76 5.74 7/2969 10025
4.90 5.80 5.76 2/2969 10060
4.90 5.80 5.76 6/2968 10087
4.90 5.80 5.76 3/2968 10114
4.90 5.80 5.76 3/2967 10141
4.90 5.80 5.76 3/2967 10168
4.74 5.75 5.74 2/2967 10195
4.74 5.75 5.74 3/2968 10231
4.74 5.75 5.74 3/2972 10262
4.74 5.75 5.74 6/2967 10289
4.74 5.75 5.74 5/2967 10322
4.52 5.69 5.72 4/2967 10349
4.52 5.69 5.72 4/2967 10376
4.52 5.69 5.72 5/2967 10403
4.52 5.69 5.72 6/2964 10430
4.52 5.69 5.72 6/2964 10457
4.56 5.68 5.72 3/2964 10484
4.56 5.68 5.72 6/2964 10512
4.56 5.68 5.72 2/2964 10539
4.56 5.68 5.72 2/2964 10566
4.56 5.68 5.72 4/2964 10594
4.68 5.68 5.72 7/2964 10621
4.68 5.68 5.72 2/2964 10648
4.68 5.68 5.72 5/2962 10675
4.68 5.68 5.72 1/2960 10702
4.68 5.68 5.72 3/2960 10729
4.54 5.64 5.70 3/2960 10756
4.54 5.64 5.70 5/2960 10783
4.54 5.64 5.70 9/2960 10811
4.54 5.64 5.70 3/2963 10843
4.54 5.64 5.70 3/2958 10870
4.90 5.69 5.72 7/2958 10897
4.90 5.69 5.72 4/2958 10925
4.90 5.69 5.72 2/2958 10952
4.90 5.69 5.72 4/2958 10979
4.90 5.69 5.72 4/2958 11025
4.99 5.70 5.72 3/2958 11052
4.99 5.70 5.72 6/2958 11079
4.99 5.70 5.72 4/2958 11107
4.99 5.70 5.72 3/2958 11134
4.99 5.70 5.72 1/2958 11161
4.75 5.64 5.70 4/2958 11188
4.75 5.64 5.70 2/2958 11215
4.75 5.64 5.70 2/2958 11242
4.75 5.64 5.70 3/2958 11269
4.75 5.64 5.70 4/2958 11296
5.09 5.69 5.72 2/2958 11323
5.09 5.69 5.72 5/2950 11350
5.09 5.69 5.72 4/2949 11377
5.09 5.69 5.72 5/2948 11405
5.09 5.69 5.72 3/2952 11442
5.32 5.73 5.73 5/2953 11470
5.32 5.73 5.73 12/2936 11497
5.32 5.73 5.73 8/2936 11524
5.32 5.73 5.73 4/2934 11551
5.32 5.73 5.73 1/2933 11578
5.06 5.67 5.71 3/2933 11605
5.06 5.67 5.71 1/2933 11632
5.06 5.67 5.71 2/2933 11659
5.06 5.67 5.71 4/2936 11691
5.06 5.67 5.71 7/2932 11730
5.21 5.69 5.72 7/2932 11761
5.21 5.69 5.72 3/2932 11788
5.21 5.69 5.72 5/2932 11815
5.21 5.69 5.72 4/2931 11842
5.21 5.69 5.72 15/2926 11869
5.20 5.68 5.72 8/2926 11896
5.20 5.68 5.72 3/2926 11923
5.20 5.68 5.72 1/2926 11950
5.20 5.68 5.72 10/2926 11977
5.20 5.68 5.72 3/2924 12005
4.94 5.62 5.70 1/2920 12032
4.94 5.62 5.70 6/2925 12064
4.94 5.62 5.70 3/2916 12091
4.94 5.62 5.70 1/2916 12118
4.94 5.62 5.70 5/2916 12145
5.50 5.73 5.73 10/2916 12172
5.50 5.73 5.73 11/2916 12199
5.50 5.73 5.73 4/2916 12226
5.50 5.73 5.73 1/2916 12253
5.50 5.73 5.73 7/2916 12281
5.95 5.81 5.76 5/2916 12308
5.95 5.81 5.76 5/2916 12335
5.95 5.81 5.76 6/2916 12362
5.95 5.81 5.76 3/2924 12399
5.95 5.81 5.76 3/2924 12426
5.71 5.77 5.74 5/2924 12453
5.71 5.77 5.74 2/2924 12480
5.71 5.77 5.74 6/2924 12507
5.71 5.77 5.74 6/2924 12534
5.71 5.77 5.74 1/2924 12561
5.65 5.75 5.74 1/2924 12589
5.65 5.75 5.74 6/2924 12616
5.65 5.75 5.74 6/2929 12648
5.65 5.75 5.74 7/2929 12675
5.65 5.75 5.74 5/2924 12721
5.52 5.72 5.73 1/2924 12748
5.52 5.72 5.73 3/2924 12775
5.52 5.72 5.73 2/2924 12802
5.52 5.72 5.73 1/2924 12829
5.52 5.72 5.73 1/2924 12856
5.32 5.68 5.72 2/2924 12884
5.32 5.68 5.72 4/2924 12911
5.32 5.68 5.72 2/2924 12938
5.32 5.68 5.72 1/2924 12965
5.32 5.68 5.72 5/2924 12992
5.13 5.63 5.70 5/2924 13022
5.13 5.63 5.70 11/2924 13049
5.13 5.63 5.70 3/2924 13076
5.13 5.63 5.70 9/2924 13103
5.13 5.63 5.70 1/2924 13130
5.36 5.67 5.71 1/2924 13157
5.36 5.67 5.71 1/2924 13185
5.36 5.67 5.71 3/2924 13212
5.36 5.67 5.71 8/2924 13239
5.36 5.67 5.71 3/2930 13272
5.25 5.65 5.70 10/2925 13299
5.25 5.65 5.70 3/2925 13326
5.25 5.65 5.70 3/2925 13353
5.25 5.65 5.70 4/2925 13380
5.25 5.65 5.70 5/2925 13423
5.23 5.64 5.70 6/2925 13450
5.23 5.64 5.70 7/2925 13478
5.23 5.64 5.70 1/2925 13505
5.23 5.64 5.70 5/2925 13532
5.23 5.64 5.70 2/2925 13559
5.45 5.68 5.71 3/2925 13586
5.45 5.68 5.71 18/2925 13613
5.45 5.68 5.71 6/2925 13640
5.45 5.68 5.71 1/2925 13673
5.45 5.68 5.71 6/2925 13700
5.50 5.68 5.71 3/2925 13727
5.50 5.68 5.71 5/2925 13754
5.50 5.68 5.71 8/2925 13782
5.50 5.68 5.71 4/2925 13809
5.50 5.68 5.71 9/2925 13836
5.94 5.77 5.74 11/2928 13868
5.94 5.77 5.74 3/2921 13895
5.94 5.77 5.74 4/2916 13922
5.94 5.77 5.74 9/2916 13949
5.94 5.77 5.74 1/2916 13976
5.86 5.76 5.74 3/2916 14003
5.86 5.76 5.74 4/2916 14030
5.86 5.76 5.74 8/2916 14057
5.86 5.76 5.74 2/2914 14086
5.86 5.76 5.74 2/2910 14114
5.87 5.76 5.74 2/2910 14141
5.87 5.76 5.74 6/2910 14168
5.87 5.76 5.74 1/2910 14195
5.87 5.76 5.74 6/2902 14222
5.87 5.76 5.74 2/2902 14249
5.80 5.75 5.74 3/2902 14276
5.80 5.75 5.74 4/2902 14304
5.80 5.75 5.74 4/2901 14331
5.80 5.75 5.74 8/2901 14359
5.80 5.75 5.74 2/2901 14399
5.82 5.75 5.74 5/2901 14427
5.82 5.75 5.74 2/2901 14455
5.82 5.75 5.74 11/2906 14487
5.82 5.75 5.74 4/2901 14514
5.82 5.75 5.74 15/2901 14541
6.48 5.89 5.78 1/2901 14568
6.48 5.89 5.78 5/2901 14595
6.48 5.89 5.78 5/2901 14622
6.48 5.89 5.78 1/2901 14650
6.48 5.89 5.78 4/2900 14678
6.36 5.87 5.78 3/2901 14706
6.36 5.87 5.78 9/2901 14733
6.36 5.87 5.78 3/2901 14760
6.36 5.87 5.78 3/2901 14787
6.36 5.87 5.78 6/2901 14814
6.09 5.83 5.76 2/2901 14841
6.09 5.83 5.76 1/2901 14868
6.09 5.83 5.76 1/2901 14895
6.09 5.83 5.76 7/2902 14927
6.09 5.83 5.76 2/2902 14955
6.08 5.83 5.76 4/2902 14982
6.08 5.83 5.76 3/2930 15068
6.08 5.83 5.76 9/2930 15106
6.08 5.83 5.76 12/2935 15139
6.08 5.83 5.76 8/2930 15172
6.07 5.83 5.77 3/2930 15204
6.07 5.83 5.77 5/2929 15231
6.07 5.83 5.77 3/2924 15258
6.07 5.83 5.77 3/2924 15291
6.07 5.83 5.77 4/2924 15318
5.91 5.80 5.76 2/2924 15346
5.91 5.80 5.76 3/2924 15373
5.91 5.80 5.76 2/2924 15404
5.91 5.80 5.76 2/2924 15432
5.91 5.80 5.76 1/2924 15459
6.08 5.84 5.77 5/2923 15486
6.08 5.84 5.77 3/2923 15515
6.08 5.84 5.77 13/2924 15544
6.08 5.84 5.77 1/2924 15571
6.08 5.84 5.77 4/2924 15598
5.91 5.81 5.76 6/2924 15630
5.91 5.81 5.76 2/2924 15657
5.91 5.81 5.76 8/2924 15684
5.91 5.81 5.76 6/2924 15717
5.91 5.81 5.76 5/2926 15746
6.00 5.83 5.77 3/2929 15777
6.00 5.83 5.77 6/2924 15804
6.00 5.83 5.77 3/2923 15834
6.00 5.83 5.77 4/2922 15863
6.00 5.83 5.77 7/2922 15890
6.24 5.88 5.78 2/2922 15917
6.24 5.88 5.78 6/2901 15947
6.24 5.88 5.78 6/2901 15976
6.24 5.88 5.78 4/2901 16003
6.24 5.88 5.78 4/2900 16032
6.54 5.95 5.81 1/2900 16059
6.54 5.95 5.81 6/2901 16087
6.54 5.95 5.81 4/2909 16129
6.54 5.95 5.81 5/2985 16278
6.54 5.95 5.81 2/2997 16342
6.50 5.95 5.81 2/2997 16369
6.50 5.95 5.81 3/2997 16396
6.50 5.95 5.81 4/2997 16425
6.50 5.95 5.81 4/2997 16452
6.50 5.95 5.81 2/2997 16479
6.30 5.92 5.80 5/2997 16506
6.30 5.92 5.80 4/3002 16538
6.30 5.92 5.80 4/2996 16565
6.30 5.92 5.80 4/2996 16592
6.30 5.92 5.80 3/2995 16619
6.27 5.92 5.80 5/2995 16646
6.27 5.92 5.80 3/2995 16673
6.27 5.92 5.80 4/2995 16700
6.27 5.92 5.80 3/2996 16728
6.27 5.92 5.80 2/2996 16755
6.25 5.92 5.80 2/2996 16782
6.25 5.92 5.80 2/2996 16809
6.25 5.92 5.80 4/2995 16836
6.25 5.92 5.80 18/2995 16863
6.25 5.92 5.80 3/2995 16890
5.91 5.85 5.78 6/2995 16917
5.91 5.85 5.78 4/2997 16954
5.91 5.85 5.78 2/2997 16985
5.91 5.85 5.78 5/2997 17012
5.91 5.85 5.78 7/2997 17039
6.00 5.87 5.79 2/2997 17066
6.00 5.87 5.79 10/2997 17093
6.00 5.87 5.79 2/3001 17124
6.00 5.87 5.79 5/3002 17152
6.00 5.87 5.79 2/2997 17179
6.56 5.99 5.83 3/2997 17206
6.56 5.99 5.83 2/2997 17239
6.56 5.99 5.83 1/2997 17267
6.56 5.99 5.83 3/2997 17294
6.56 5.99 5.83 5/2997 17321
6.11 5.91 5.80 1/2997 17348
6.11 5.91 5.80 17/2997 17375
6.11 5.91 5.80 5/2997 17402
6.11 5.91 5.80 10/2997 17429
6.11 5.91 5.80 2/2997 17456
6.02 5.89 5.79 4/2997 17483
6.02 5.89 5.79 2/2997 17510
6.02 5.89 5.79 6/2997 17538
6.02 5.89 5.79 1/2997 17565
6.02 5.89 5.79 2/2997 17594
6.34 5.96 5.82 3/2997 17622
6.34 5.96 5.82 2/2997 17649
6.34 5.96 5.82 2/2997 17679
6.34 5.96 5.82 1/2994 17706
6.34 5.96 5.82 5/2999 17738
6.07 5.91 5.80 2/2994 17765
6.07 5.91 5.80 1/2994 17792
6.07 5.91 5.80 3/2994 17820
6.07 5.91 5.80 6/2994 17847
6.07 5.91 5.80 2/2994 17874
6.15 5.93 5.81 4/2995 17902
6.15 5.93 5.81 4/2995 17929
6.15 5.93 5.81 3/2995 17956
6.15 5.93 5.81 6/2953 17984
6.15 5.93 5.81 3/2909 18041
6.54 6.02 5.84 2/2909 18068
6.54 6.02 5.84 8/2909 18095
6.54 6.02 5.84 3/2909 18122
6.54 6.02 5.84 8/2907 18150
6.54 6.02 5.84 12/2908 18183
6.65 6.05 5.85 10/2905 18226
6.65 6.05 5.85 1/2905 18266
6.65 6.05 5.85 9/2905 18305
6.65 6.05 5.85 12/2905 18332
6.65 6.05 5.85 2/2905 18359
6.68 6.07 5.86 4/2910 18399
6.68 6.07 5.86 4/2942 18465
6.68 6.07 5.86 3/2938 18493
6.68 6.07 5.86 3/2938 18521
6.68 6.07 5.86 4/2938 18548
6.87 6.11 5.87 3/2938 18575
6.87 6.11 5.87 11/2934 18602
6.87 6.11 5.87 8/2934 18629
6.87 6.11 5.87 4/2934 18656
6.87 6.11 5.87 7/2933 18683
6.88 6.13 5.88 3/2932 18710
6.88 6.13 5.88 1/2931 18737
6.88 6.13 5.88 4/2931 18764
6.88 6.13 5.88 1/2931 18791
6.88 6.13 5.88 1/2931 18827
6.88 6.13 5.88 3/2931 18854
6.57 6.08 5.86 5/2931 18881
6.57 6.08 5.86 6/2931 18908
6.57 6.08 5.86 4/2931 18935
6.57 6.08 5.86 3/2930 18962
6.57 6.08 5.86 3/2929 18989
6.84 6.14 5.89 1/2929 19016
6.84 6.14 5.89 5/2934 19048
6.84 6.14 5.89 2/2929 19075
6.84 6.14 5.89 2/2929 19103
6.84 6.14 5.89 3/2929 19130
6.61 6.11 5.88 3/2929 19157
6.61 6.11 5.88 1/2929 19184
6.61 6.11 5.88 7/2929 19212
6.61 6.11 5.88 5/2929 19239
6.61 6.11 5.88 10/2929 19266
6.48 6.09 5.87 2/2929 19293
6.48 6.09 5.87 2/2929 19320
6.48 6.09 5.87 5/2929 19347
6.48 6.09 5.87 2/2929 19374
6.48 6.09 5.87 3/2929 19402
6.53 6.10 5.88 9/2929 19429
6.53 6.10 5.88 4/2929 19456
6.53 6.10 5.88 4/2934 19490
6.53 6.10 5.88 7/2934 19517
6.53 6.10 5.88 3/2934 19544
6.24 6.05 5.86 3/2934 19571
6.24 6.05 5.86 1/2934 19598
6.24 6.05 5.86 13/2939 19630
6.24 6.05 5.86 1/2939 19657
6.24 6.05 5.86 2/2934 19684
6.14 6.03 5.86 1/2934 19712
6.14 6.03 5.86 3/2934 19739
6.14 6.03 5.86 5/2934 19766
6.14 6.03 5.86 6/2934 19812
6.14 6.03 5.86 6/2934 19839
5.81 5.97 5.84 4/2934 19866
5.81 5.97 5.84 2/2934 19895
5.81 5.97 5.84 6/2934 19922
5.81 5.97 5.84 2/2934 19949
5.81 5.97 5.84 1/2933 19976
5.91 5.98 5.84 3/2932 20004
5.91 5.98 5.84 9/2932 20031
5.91 5.98 5.84 2/2932 20058
5.91 5.98 5.84 5/2932 20085
5.91 5.98 5.84 2/2933 20113
6.24 6.05 5.86 8/2924 20140
6.24 6.05 5.86 6/2924 20167
6.24 6.05 5.86 7/2924 20194
6.24 6.05 5.86 5/2924 20221
6.24 6.05 5.86 7/2929 20253
6.06 6.02 5.85 3/2921 20282
6.06 6.02 5.85 2/2921 20309
6.06 6.02 5.85 3/2920 20336
6.06 6.02 5.85 2/2919 20363
6.06 6.02 5.85 6/2919 20390
6.61 6.13 5.89 5/2919 20417
6.61 6.13 5.89 7/2918 20444
6.61 6.13 5.89 3/2918 20471
6.61 6.13 5.89 6/2918 20510
6.61 6.13 5.89 6/2918 20541
6.16 6.05 5.87 2/2918 20568
6.16 6.05 5.87 4/2918 20596
6.16 6.05 5.87 1/2918 20623
6.16 6.05 5.87 8/2918 20650
6.16 6.05 5.87 2/2918 20683
5.91 6.00 5.85 8/2918 20710
5.91 6.00 5.85 4/2918 20737
5.91 6.00 5.85 4/2918 20764
5.91 6.00 5.85 7/2918 20791
5.91 6.00 5.85 7/2923 20823
5.92 6.00 5.85 3/2928 20855
5.92 6.00 5.85 5/2923 20883
5.92 6.00 5.85 6/2923 20910
5.92 6.00 5.85 2/2923 20937
5.92 6.00 5.85 3/2923 20964
5.60 5.93 5.83 5/2923 20991
5.60 5.93 5.83 3/2923 21018
5.60 5.93 5.83 7/2923 21045
5.60 5.93 5.83 4/2923 21072
5.60 5.93 5.83 2/2923 21099
5.39 5.88 5.82 7/2923 21126
5.39 5.88 5.82 1/2923 21153
5.39 5.88 5.82 1/2920 21181
5.39 5.88 5.82 4/2920 21208
5.39 5.88 5.82 1/2920 21235
5.36 5.87 5.81 3/2920 21262
5.36 5.87 5.81 3/2920 21289
5.36 5.87 5.81 4/2918 21316
5.36 5.87 5.81 2/2918 21343
5.36 5.87 5.81 9/2918 21370
5.17 5.82 5.80 1/2918 21397
5.17 5.82 5.80 6/2922 21428
