02-27 15:35:22.757  5725  5725 I BatteryMgr:DataCollectionService: onStartCommand: begin
02-27 15:35:22.757  5725  5725 I BatteryMgr:DataCollectionService: onStartCommand: sampleRate => 1000
02-27 15:35:22.757  5725  5725 I BatteryMgr:DataCollectionService: onStartCommand: rawFields => Timestamp,BATTERY_PROPERTY_CURRENT_NOW,EXTRA_VOLTAGE
02-27 15:35:22.758  5725  5725 I BatteryMgr:DataCollectionService: onStartCommand: notification done
02-27 15:35:22.761  5725  5725 I BatteryMgr:DataCollectionService: started foreground
02-27 15:35:22.766  5725  5825 I BatteryMgr:DataCollectionService: collectData: begin
02-27 15:35:22.767  5725  5825 I BatteryMgr:DataCollectionService: stats => 1709044522767,-2092284,3609
02-27 15:35:23.771  5725  5825 I BatteryMgr:DataCollectionService: stats => 1709044523771,-2007323,3609
02-27 15:35:24.773  5725  5825 I BatteryMgr:DataCollectionService: stats => 1709044524772,-2039549,3609
02-27 15:35:25.775  5725  5825 I BatteryMgr:DataCollectionService: stats => 1709044525775,-1607421,3640
02-27 15:35:26.779  5725  5825 I BatteryMgr:DataCollectionService: stats => 1709044526779,-1594725,3640
02-27 15:35:27.781  5725  5825 I BatteryMgr:DataCollectionService: stats => 1709044527781,-1599120,3640
02-27 15:35:28.783  5725  5825 I BatteryMgr:DataCollectionService: stats => 1709044528783,-1643065,3640
02-27 15:35:29.785  5725  5825 I BatteryMgr:DataCollectionService: stats => 1709044529785,-1562499,3640
02-27 15:35:30.787  5725  5825 I BatteryMgr:DataCollectionService: stats => 1709044530787,-1561522,3640
02-27 15:35:31.791  5725  5825 I BatteryMgr:DataCollectionService: stats => 1709044531791,-2049803,3640
02-27 15:35:32.794  5725  5825 I BatteryMgr:DataCollectionService: stats => 1709044532794,-2223143,3640
02-27 15:35:33.796  5725  5825 I BatteryMgr:DataCollectionService: stats => 1709044533796,-2221678,3640
02-27 15:35:34.799  5725  5825 I BatteryMgr:DataCollectionService: stats => 1709044534799,-2103026,3640
02-27 15:35:35.801  5725  5825 I BatteryMgr:DataCollectionService: stats => 1709044535801,-2266112,3605
02-27 15:35:36.804  5725  5825 I BatteryMgr:DataCollectionService: stats => 1709044536804,-2016600,3605
02-27 15:35:37.806  5725  5825 I BatteryMgr:DataCollectionService: stats => 1709044537806,-1555174,3605
02-27 15:35:38.808  5725  5825 I BatteryMgr:DataCollectionService: stats => 1709044538808,-2124022,3605
02-27 15:35:39.810  5725  5825 I BatteryMgr:DataCollectionService: stats => 1709044539810,-2082518,3605
02-27 15:35:40.813  5725  5825 I BatteryMgr:DataCollectionService: stats => 1709044540813,-2066893,3605
02-27 15:35:41.816  5725  5825 I BatteryMgr:DataCollectionService: stats => 1709044541816,-2121580,3605
02-27 15:35:42.818  5725  5825 I BatteryMgr:DataCollectionService: stats => 1709044542818,-2093748,3605
02-27 15:35:43.820  5725  5825 I BatteryMgr:DataCollectionService: stats => 1709044543820,-2108885,3605
02-27 15:35:44.823  5725  5825 I BatteryMgr:DataCollectionService: stats => 1709044544822,-2085936,3605
02-27 15:35:45.825  5725  5825 I BatteryMgr:DataCollectionService: stats => 1709044545825,-2076659,3614
02-27 15:35:46.827  5725  5825 I BatteryMgr:DataCollectionService: stats => 1709044546827,-2061034,3614
02-27 15:35:47.832  5725  5825 I BatteryMgr:DataCollectionService: stats => 1709044547832,-2081541,3614
02-27 15:35:48.834  5725  5825 I BatteryMgr:DataCollectionService: stats => 1709044548834,-2112303,3614
02-27 15:35:49.836  5725  5825 I BatteryMgr:DataCollectionService: stats => 1709044549836,-2127928,3614
02-27 15:35:50.838  5725  5825 I BatteryMgr:DataCollectionService: stats => 1709044550838,-2113280,3614
02-27 15:35:51.843  5725  5825 I BatteryMgr:DataCollectionService: stats => 1709044551843,-2083006,3614
02-27 15:35:52.845  5725  5825 I BatteryMgr:DataCollectionService: stats => 1709044552845,-2079588,3614
02-27 15:35:53.847  5725  5825 I BatteryMgr:DataCollectionService: stats => 1709044553847,-2099608,3614
02-27 15:35:54.849  5725  5825 I BatteryMgr:DataCollectionService: stats => 1709044554849,-2088866,3614
02-27 15:35:55.852  5725  5825 I BatteryMgr:DataCollectionService: stats => 1709044555852,-2114256,3612
02-27 15:35:56.854  5725  5825 I BatteryMgr:DataCollectionService: stats => 1709044556854,-2105467,3612
02-27 15:35:57.857  5725  5825 I BatteryMgr:DataCollectionService: stats => 1709044557857,-1616210,3612
02-27 15:35:58.859  5725  5825 I BatteryMgr:DataCollectionService: stats => 1709044558859,-2080077,3612
02-27 15:35:59.862  5725  5825 I BatteryMgr:DataCollectionService: stats => 1709044559862,-2034178,3612
02-27 15:36:00.864  5725  5825 I BatteryMgr:DataCollectionService: stats => 1709044560864,-2124998,3612
02-27 15:36:01.866  5725  5825 I BatteryMgr:DataCollectionService: stats => 1709044561866,-2087889,3612
02-27 15:36:02.870  5725  5825 I BatteryMgr:DataCollectionService: stats => 1709044562870,-2179198,3612
02-27 15:36:03.871  5725  5825 I BatteryMgr:DataCollectionService: stats => 1709044563871,-2240233,3612
02-27 15:36:04.876  5725  5825 I BatteryMgr:DataCollectionService: stats => 1709044564876,-2256834,3612
02-27 15:36:05.878  5725  5825 I BatteryMgr:DataCollectionService: stats => 1709044565878,-2277830,3602
02-27 15:36:06.883  5725  5825 I BatteryMgr:DataCollectionService: stats => 1709044566883,-2305662,3602
02-27 15:36:07.886  5725  5825 I BatteryMgr:DataCollectionService: stats => 1709044567886,-2285155,3602
02-27 15:36:08.888  5725  5825 I BatteryMgr:DataCollectionService: stats => 1709044568888,-2142577,3602
02-27 15:36:09.891  5725  5825 I BatteryMgr:DataCollectionService: stats => 1709044569891,-2092772,3602
02-27 15:36:10.893  5725  5825 I BatteryMgr:DataCollectionService: stats => 1709044570893,-2112303,3611
02-27 15:36:11.897  5725  5825 I BatteryMgr:DataCollectionService: stats => 1709044571897,-2113280,3611
02-27 15:36:12.899  5725  5825 I BatteryMgr:DataCollectionService: stats => 1709044572899,-2126463,3611
02-27 15:36:13.902  5725  5825 I BatteryMgr:DataCollectionService: stats => 1709044573902,-2087401,3611
02-27 15:36:14.904  5725  5825 I BatteryMgr:DataCollectionService: stats => 1709044574904,-2154784,3611
02-27 15:36:15.907  5725  5825 I BatteryMgr:DataCollectionService: stats => 1709044575907,-2126952,3610
02-27 15:36:16.910  5725  5825 I BatteryMgr:DataCollectionService: stats => 1709044576910,-2096190,3610
02-27 15:36:17.913  5725  5825 I BatteryMgr:DataCollectionService: stats => 1709044577912,-2095213,3610
02-27 15:36:18.915  5725  5825 I BatteryMgr:DataCollectionService: stats => 1709044578915,-2138182,3610
02-27 15:36:19.918  5725  5825 I BatteryMgr:DataCollectionService: stats => 1709044579918,-2142088,3610
02-27 15:36:20.920  5725  5825 I BatteryMgr:DataCollectionService: stats => 1709044580920,-2128905,3610
02-27 15:36:21.924  5725  5825 I BatteryMgr:DataCollectionService: stats => 1709044581924,-2132323,3610
02-27 15:36:22.927  5725  5825 I BatteryMgr:DataCollectionService: stats => 1709044582926,-2097655,3610
02-27 15:36:23.929  5725  5825 I BatteryMgr:DataCollectionService: stats => 1709044583929,-2421385,3610
02-27 15:36:24.931  5725  5825 I BatteryMgr:DataCollectionService: stats => 1709044584931,-2243651,3610
02-27 15:36:25.936  5725  5825 I BatteryMgr:DataCollectionService: stats => 1709044585935,-2100096,3610
02-27 15:36:26.939  5725  5825 I BatteryMgr:DataCollectionService: stats => 1709044586939,-2093748,3610
02-27 15:36:27.941  5725  5825 I BatteryMgr:DataCollectionService: stats => 1709044587941,-2150389,3610
02-27 15:36:28.944  5725  5825 I BatteryMgr:DataCollectionService: stats => 1709044588944,-2125487,3610
02-27 15:36:29.947  5725  5825 I BatteryMgr:DataCollectionService: stats => 1709044589947,-2131346,3610
02-27 15:36:30.951  5725  5825 I BatteryMgr:DataCollectionService: stats => 1709044590951,-2081053,3610
02-27 15:36:31.954  5725  5825 I BatteryMgr:DataCollectionService: stats => 1709044591953,-2105955,3610
02-27 15:36:32.956  5725  5825 I BatteryMgr:DataCollectionService: stats => 1709044592956,-2113280,3610
02-27 15:36:33.958  5725  5825 I BatteryMgr:DataCollectionService: stats => 1709044593958,-2128416,3610
02-27 15:36:34.961  5725  5825 I BatteryMgr:DataCollectionService: stats => 1709044594961,-2124022,3610
02-27 15:36:35.964  5725  5825 I BatteryMgr:DataCollectionService: stats => 1709044595964,-2334471,3598
02-27 15:36:36.966  5725  5825 I BatteryMgr:DataCollectionService: stats => 1709044596966,-2282225,3598
02-27 15:36:37.968  5725  5825 I BatteryMgr:DataCollectionService: stats => 1709044597968,-2272948,3598
02-27 15:36:38.971  5725  5825 I BatteryMgr:DataCollectionService: stats => 1709044598971,-2324217,3598
02-27 15:36:39.974  5725  5825 I BatteryMgr:DataCollectionService: stats => 1709044599974,-2262694,3598
02-27 15:36:40.976  5725  5825 I BatteryMgr:DataCollectionService: stats => 1709044600976,-2136229,3598
02-27 15:36:41.978  5725  5825 I BatteryMgr:DataCollectionService: stats => 1709044601978,-2135252,3598
02-27 15:36:42.981  5725  5825 I BatteryMgr:DataCollectionService: stats => 1709044602980,-2112303,3598
02-27 15:36:43.983  5725  5825 I BatteryMgr:DataCollectionService: stats => 1709044603983,-2101073,3598
02-27 15:36:44.985  5725  5825 I BatteryMgr:DataCollectionService: stats => 1709044604985,-2128416,3598
02-27 15:36:45.989  5725  5825 I BatteryMgr:DataCollectionService: stats => 1709044605989,-2090819,3609
02-27 15:36:46.991  5725  5825 I BatteryMgr:DataCollectionService: stats => 1709044606991,-2127928,3609
02-27 15:36:47.994  5725  5825 I BatteryMgr:DataCollectionService: stats => 1709044607994,-2127440,3609
02-27 15:36:48.996  5725  5825 I BatteryMgr:DataCollectionService: stats => 1709044608996,-2110838,3609
02-27 15:36:49.999  5725  5825 I BatteryMgr:DataCollectionService: stats => 1709044609999,-2125487,3609
02-27 15:36:51.002  5725  5825 I BatteryMgr:DataCollectionService: stats => 1709044611002,-2118651,3609
02-27 15:36:52.004  5725  5825 I BatteryMgr:DataCollectionService: stats => 1709044612004,-2130858,3609
02-27 15:36:53.007  5725  5825 I BatteryMgr:DataCollectionService: stats => 1709044613006,-2143065,3609
02-27 15:36:54.008  5725  5825 I BatteryMgr:DataCollectionService: stats => 1709044614008,-2117674,3608
02-27 15:36:55.011  5725  5825 I BatteryMgr:DataCollectionService: stats => 1709044615011,-2063475,3608
02-27 15:36:56.013  5725  5825 I BatteryMgr:DataCollectionService: stats => 1709044616013,-2117186,3608
02-27 15:36:57.016  5725  5825 I BatteryMgr:DataCollectionService: stats => 1709044617016,-2128905,3608
02-27 15:36:58.018  5725  5825 I BatteryMgr:DataCollectionService: stats => 1709044618018,-2142577,3608
02-27 15:36:59.020  5725  5825 I BatteryMgr:DataCollectionService: stats => 1709044619020,-2140135,3608
02-27 15:37:00.023  5725  5825 I BatteryMgr:DataCollectionService: stats => 1709044620023,-2131346,3608
02-27 15:37:01.025  5725  5825 I BatteryMgr:DataCollectionService: stats => 1709044621025,-2150389,3607
02-27 15:37:02.028  5725  5825 I BatteryMgr:DataCollectionService: stats => 1709044622028,-2140623,3607
02-27 15:37:03.031  5725  5825 I BatteryMgr:DataCollectionService: stats => 1709044623031,-2125487,3607
02-27 15:37:04.033  5725  5825 I BatteryMgr:DataCollectionService: stats => 1709044624033,-2138182,3607
02-27 15:37:05.036  5725  5825 I BatteryMgr:DataCollectionService: stats => 1709044625035,-2135252,3607
02-27 15:37:06.038  5725  5825 I BatteryMgr:DataCollectionService: stats => 1709044626038,-2215819,3603
02-27 15:37:07.043  5725  5825 I BatteryMgr:DataCollectionService: stats => 1709044627043,-2291502,3603
02-27 15:37:08.045  5725  5825 I BatteryMgr:DataCollectionService: stats => 1709044628045,-2314451,3603
02-27 15:37:09.047  5725  5825 I BatteryMgr:DataCollectionService: stats => 1709044629047,-2333494,3603
02-27 15:37:10.050  5725  5825 I BatteryMgr:DataCollectionService: stats => 1709044630050,-2325682,3603
02-27 15:37:11.052  5725  5825 I BatteryMgr:DataCollectionService: stats => 1709044631052,-2328123,3603
02-27 15:37:12.055  5725  5825 I BatteryMgr:DataCollectionService: stats => 1709044632055,-2119139,3603
02-27 15:37:13.057  5725  5825 I BatteryMgr:DataCollectionService: stats => 1709044633057,-2167967,3603
02-27 15:37:14.059  5725  5825 I BatteryMgr:DataCollectionService: stats => 1709044634059,-2153319,3603
02-27 15:37:15.061  5725  5825 I BatteryMgr:DataCollectionService: stats => 1709044635061,-2109373,3603
02-27 15:37:16.064  5725  5825 I BatteryMgr:DataCollectionService: stats => 1709044636064,-2146483,3605
02-27 15:37:17.068  5725  5825 I BatteryMgr:DataCollectionService: stats => 1709044637068,-2214354,3605
02-27 15:37:18.070  5725  5825 I BatteryMgr:DataCollectionService: stats => 1709044638070,-2141112,3605
02-27 15:37:19.072  5725  5825 I BatteryMgr:DataCollectionService: stats => 1709044639072,-2040038,3605
02-27 15:37:20.075  5725  5825 I BatteryMgr:DataCollectionService: stats => 1709044640075,-2104979,3605
02-27 15:37:21.077  5725  5825 I BatteryMgr:DataCollectionService: stats => 1709044641077,-2126952,3605
02-27 15:37:22.080  5725  5825 I BatteryMgr:DataCollectionService: stats => 1709044642080,-2159666,3605
02-27 15:37:23.083  5725  5825 I BatteryMgr:DataCollectionService: stats => 1709044643083,-2123045,3605
02-27 15:37:24.085  5725  5825 I BatteryMgr:DataCollectionService: stats => 1709044644085,-2143065,3605
02-27 15:37:25.088  5725  5825 I BatteryMgr:DataCollectionService: stats => 1709044645088,-2117186,3605
02-27 15:37:26.090  5725  5825 I BatteryMgr:DataCollectionService: stats => 1709044646090,-2137205,3605
02-27 15:37:27.094  5725  5825 I BatteryMgr:DataCollectionService: stats => 1709044647094,-2139159,3605
02-27 15:37:28.097  5725  5825 I BatteryMgr:DataCollectionService: stats => 1709044648096,-2194823,3605
02-27 15:37:29.099  5725  5825 I BatteryMgr:DataCollectionService: stats => 1709044649099,-2165526,3605
02-27 15:37:30.102  5725  5825 I BatteryMgr:DataCollectionService: stats => 1709044650101,-2130370,3605
02-27 15:37:31.104  5725  5825 I BatteryMgr:DataCollectionService: stats => 1709044651103,-2173338,3605
02-27 15:37:32.108  5725  5825 I BatteryMgr:DataCollectionService: stats => 1709044652108,-2154784,3605
02-27 15:37:33.110  5725  5825 I BatteryMgr:DataCollectionService: stats => 1709044653110,-2134276,3605
02-27 15:37:34.112  5725  5825 I BatteryMgr:DataCollectionService: stats => 1709044654112,-2141112,3605
02-27 15:37:35.115  5725  5825 I BatteryMgr:DataCollectionService: stats => 1709044655115,-2179198,3605
02-27 15:37:36.119  5725  5825 I BatteryMgr:DataCollectionService: stats => 1709044656119,-2144530,3604
02-27 15:37:37.121  5725  5825 I BatteryMgr:DataCollectionService: stats => 1709044657121,-2152830,3604
02-27 15:37:38.123  5725  5825 I BatteryMgr:DataCollectionService: stats => 1709044658123,-2179198,3604
02-27 15:37:39.126  5725  5825 I BatteryMgr:DataCollectionService: stats => 1709044659126,-2346678,3604
02-27 15:37:40.128  5725  5825 I BatteryMgr:DataCollectionService: stats => 1709044660128,-2302244,3604
02-27 15:37:41.131  5725  5825 I BatteryMgr:DataCollectionService: stats => 1709044661131,-2362303,3604
02-27 15:37:42.134  5725  5825 I BatteryMgr:DataCollectionService: stats => 1709044662134,-2358397,3604
02-27 15:37:43.136  5725  5825 I BatteryMgr:DataCollectionService: stats => 1709044663136,-2306151,3604
02-27 15:37:44.139  5725  5825 I BatteryMgr:DataCollectionService: stats => 1709044664139,-2142088,3604
02-27 15:37:45.141  5725  5825 I BatteryMgr:DataCollectionService: stats => 1709044665141,-2133787,3604
02-27 15:37:46.143  5725  5825 I BatteryMgr:DataCollectionService: stats => 1709044666143,-2140623,3604
02-27 15:37:47.147  5725  5825 I BatteryMgr:DataCollectionService: stats => 1709044667147,-2141112,3604
02-27 15:37:48.149  5725  5825 I BatteryMgr:DataCollectionService: stats => 1709044668149,-2153807,3604
02-27 15:37:49.151  5725  5825 I BatteryMgr:DataCollectionService: stats => 1709044669151,-2171385,3604
02-27 15:37:50.154  5725  5825 I BatteryMgr:DataCollectionService: stats => 1709044670154,-2166014,3604
02-27 15:37:51.158  5725  5825 I BatteryMgr:DataCollectionService: stats => 1709044671157,-2128905,3604
02-27 15:37:52.161  5725  5825 I BatteryMgr:DataCollectionService: stats => 1709044672160,-2183104,3604
02-27 15:37:53.163  5725  5825 I BatteryMgr:DataCollectionService: stats => 1709044673162,-2126463,3604
02-27 15:37:54.164  5725  5825 I BatteryMgr:DataCollectionService: stats => 1709044674164,-2135252,3604
02-27 15:37:55.167  5725  5825 I BatteryMgr:DataCollectionService: stats => 1709044675167,-2189452,3604
02-27 15:37:56.170  5725  5825 I BatteryMgr:DataCollectionService: stats => 1709044676170,-2158202,3603
02-27 15:37:57.172  5725  5825 I BatteryMgr:DataCollectionService: stats => 1709044677172,-2165037,3603
02-27 15:37:58.175  5725  5825 I BatteryMgr:DataCollectionService: stats => 1709044678175,-2153319,3603
02-27 15:37:59.177  5725  5825 I BatteryMgr:DataCollectionService: stats => 1709044679177,-2138182,3603
02-27 15:38:00.180  5725  5825 I BatteryMgr:DataCollectionService: stats => 1709044680180,-2145506,3603
02-27 15:38:01.183  5725  5825 I BatteryMgr:DataCollectionService: stats => 1709044681183,-2181639,3603
02-27 15:38:02.186  5725  5825 I BatteryMgr:DataCollectionService: stats => 1709044682186,-2212889,3603
02-27 15:38:03.189  5725  5825 I BatteryMgr:DataCollectionService: stats => 1709044683189,-2187987,3603
02-27 15:38:04.191  5725  5825 I BatteryMgr:DataCollectionService: stats => 1709044684191,-2148924,3603
02-27 15:38:05.192  5725  5825 I BatteryMgr:DataCollectionService: stats => 1709044685192,-2162108,3603
02-27 15:38:06.194  5725  5825 I BatteryMgr:DataCollectionService: stats => 1709044686194,-2145506,3603
02-27 15:38:07.197  5725  5825 I BatteryMgr:DataCollectionService: stats => 1709044687197,-2101073,3603
02-27 15:38:08.200  5725  5825 I BatteryMgr:DataCollectionService: stats => 1709044688200,-2135252,3603
02-27 15:38:09.203  5725  5825 I BatteryMgr:DataCollectionService: stats => 1709044689203,-2062498,3603
02-27 15:38:10.205  5725  5825 I BatteryMgr:DataCollectionService: stats => 1709044690205,-2270994,3603
02-27 15:38:11.207  5725  5825 I BatteryMgr:DataCollectionService: stats => 1709044691207,-2300780,3603
02-27 15:38:12.210  5725  5825 I BatteryMgr:DataCollectionService: stats => 1709044692210,-2313963,3603
02-27 15:38:13.213  5725  5825 I BatteryMgr:DataCollectionService: stats => 1709044693213,-2292967,3603
02-27 15:38:14.216  5725  5825 I BatteryMgr:DataCollectionService: stats => 1709044694216,-2341795,3603
02-27 15:38:15.219  5725  5825 I BatteryMgr:DataCollectionService: stats => 1709044695219,-2229002,3603
02-27 15:38:16.223  5725  5825 I BatteryMgr:DataCollectionService: stats => 1709044696223,-2162108,3599
02-27 15:38:17.226  5725  5825 I BatteryMgr:DataCollectionService: stats => 1709044697226,-2152342,3599
02-27 15:38:18.230  5725  5825 I BatteryMgr:DataCollectionService: stats => 1709044698230,-2092284,3599
02-27 15:38:19.232  5725  5825 I BatteryMgr:DataCollectionService: stats => 1709044699231,-2161619,3599
02-27 15:38:20.242  5725  5825 I BatteryMgr:DataCollectionService: stats => 1709044700242,-2168455,3602
02-27 15:38:21.245  5725  5825 I BatteryMgr:DataCollectionService: stats => 1709044701245,-2148924,3602
02-27 15:38:22.247  5725  5825 I BatteryMgr:DataCollectionService: stats => 1709044702247,-2172850,3602
02-27 15:38:23.249  5725  5825 I BatteryMgr:DataCollectionService: stats => 1709044703249,-2151366,3602
02-27 15:38:24.252  5725  5825 I BatteryMgr:DataCollectionService: stats => 1709044704252,-2109862,3602
02-27 15:38:25.255  5725  5825 I BatteryMgr:DataCollectionService: stats => 1709044705255,-2151366,3602
02-27 15:38:26.258  5725  5825 I BatteryMgr:DataCollectionService: stats => 1709044706258,-2144530,3603
02-27 15:38:27.260  5725  5825 I BatteryMgr:DataCollectionService: stats => 1709044707260,-2154784,3603
02-27 15:38:28.262  5725  5825 I BatteryMgr:DataCollectionService: stats => 1709044708262,-2168944,3603
02-27 15:38:29.266  5725  5825 I BatteryMgr:DataCollectionService: stats => 1709044709266,-2169432,3603
02-27 15:38:30.268  5725  5825 I BatteryMgr:DataCollectionService: stats => 1709044710268,-2164061,3603
02-27 15:38:31.271  5725  5825 I BatteryMgr:DataCollectionService: stats => 1709044711271,-2131834,3603
02-27 15:38:32.273  5725  5825 I BatteryMgr:DataCollectionService: stats => 1709044712273,-2176756,3603
02-27 15:38:33.278  5725  5825 I BatteryMgr:DataCollectionService: stats => 1709044713278,-2156248,3603
02-27 15:38:34.280  5725  5825 I BatteryMgr:DataCollectionService: stats => 1709044714280,-2167479,3603
02-27 15:38:35.282  5725  5825 I BatteryMgr:DataCollectionService: stats => 1709044715282,-2144530,3603
02-27 15:38:36.284  5725  5825 I BatteryMgr:DataCollectionService: stats => 1709044716284,-2154784,3603
02-27 15:38:37.286  5725  5825 I BatteryMgr:DataCollectionService: stats => 1709044717286,-2151366,3603
02-27 15:38:38.288  5725  5825 I BatteryMgr:DataCollectionService: stats => 1709044718288,-2161131,3603
02-27 15:38:39.290  5725  5825 I BatteryMgr:DataCollectionService: stats => 1709044719290,-2126463,3603
02-27 15:38:40.293  5725  5825 I BatteryMgr:DataCollectionService: stats => 1709044720293,-2151366,3603
02-27 15:38:41.297  5725  5825 I BatteryMgr:DataCollectionService: stats => 1709044721296,-2272459,3603
02-27 15:38:42.299  5725  5825 I BatteryMgr:DataCollectionService: stats => 1709044722299,-2339842,3603
02-27 15:38:43.302  5725  5825 I BatteryMgr:DataCollectionService: stats => 1709044723302,-2294432,3603
02-27 15:38:44.305  5725  5825 I BatteryMgr:DataCollectionService: stats => 1709044724305,-2330076,3603
02-27 15:38:45.309  5725  5825 I BatteryMgr:DataCollectionService: stats => 1709044725309,-2380369,3603
02-27 15:38:46.312  5725  5825 I BatteryMgr:DataCollectionService: stats => 1709044726312,-2126952,3589
02-27 15:38:47.314  5725  5825 I BatteryMgr:DataCollectionService: stats => 1709044727314,-2192869,3589
02-27 15:38:48.316  5725  5825 I BatteryMgr:DataCollectionService: stats => 1709044728316,-2177244,3589
02-27 15:38:49.319  5725  5825 I BatteryMgr:DataCollectionService: stats => 1709044729319,-2119139,3589
02-27 15:38:50.321  5725  5825 I BatteryMgr:DataCollectionService: stats => 1709044730321,-2095702,3589
02-27 15:38:51.324  5725  5825 I BatteryMgr:DataCollectionService: stats => 1709044731324,-2088866,3589
02-27 15:38:52.326  5725  5825 I BatteryMgr:DataCollectionService: stats => 1709044732326,-2168944,3589
02-27 15:38:53.328  5725  5825 I BatteryMgr:DataCollectionService: stats => 1709044733328,-2174315,3589
02-27 15:38:54.330  5725  5825 I BatteryMgr:DataCollectionService: stats => 1709044734330,-2140135,3589
02-27 15:38:55.332  5725  5825 I BatteryMgr:DataCollectionService: stats => 1709044735332,-2164549,3589
02-27 15:38:56.335  5725  5825 I BatteryMgr:DataCollectionService: stats => 1709044736335,-2157225,3601
02-27 15:38:57.337  5725  5825 I BatteryMgr:DataCollectionService: stats => 1709044737337,-2153319,3601
02-27 15:38:58.339  5725  5825 I BatteryMgr:DataCollectionService: stats => 1709044738339,-2151366,3601
02-27 15:38:59.342  5725  5825 I BatteryMgr:DataCollectionService: stats => 1709044739342,-2087401,3601
02-27 15:39:00.345  5725  5825 I BatteryMgr:DataCollectionService: stats => 1709044740345,-2167967,3601
02-27 15:39:01.347  5725  5825 I BatteryMgr:DataCollectionService: stats => 1709044741347,-2197752,3601
02-27 15:39:02.349  5725  5825 I BatteryMgr:DataCollectionService: stats => 1709044742349,-2098631,3601
02-27 15:39:03.352  5725  5825 I BatteryMgr:DataCollectionService: stats => 1709044743352,-2150389,3601
02-27 15:39:04.354  5725  5825 I BatteryMgr:DataCollectionService: stats => 1709044744354,-2148436,3601
02-27 15:39:05.357  5725  5825 I BatteryMgr:DataCollectionService: stats => 1709044745357,-2156248,3601
02-27 15:39:06.359  5725  5825 I BatteryMgr:DataCollectionService: stats => 1709044746359,-2137694,3601
02-27 15:39:07.361  5725  5825 I BatteryMgr:DataCollectionService: stats => 1709044747361,-2163084,3601
02-27 15:39:08.363  5725  5825 I BatteryMgr:DataCollectionService: stats => 1709044748363,-2021483,3601
02-27 15:39:09.366  5725  5825 I BatteryMgr:DataCollectionService: stats => 1709044749366,-2072752,3601
02-27 15:39:10.368  5725  5825 I BatteryMgr:DataCollectionService: stats => 1709044750368,-2139159,3601
02-27 15:39:11.372  5725  5825 I BatteryMgr:DataCollectionService: stats => 1709044751372,-2159178,3601
02-27 15:39:12.374  5725  5825 I BatteryMgr:DataCollectionService: stats => 1709044752374,-2275877,3601
02-27 15:39:13.377  5725  5825 I BatteryMgr:DataCollectionService: stats => 1709044753377,-2305174,3601
02-27 15:39:14.379  5725  5825 I BatteryMgr:DataCollectionService: stats => 1709044754379,-2231932,3601
02-27 15:39:15.384  5725  5825 I BatteryMgr:DataCollectionService: stats => 1709044755384,-2287596,3601
02-27 15:39:16.386  5725  5825 I BatteryMgr:DataCollectionService: stats => 1709044756386,-2339842,3593
02-27 15:39:17.389  5725  5825 I BatteryMgr:DataCollectionService: stats => 1709044757389,-2159666,3593
02-27 15:39:18.391  5725  5825 I BatteryMgr:DataCollectionService: stats => 1709044758391,-2303709,3593
02-27 15:39:19.393  5725  5825 I BatteryMgr:DataCollectionService: stats => 1709044759393,-2270506,3593
02-27 15:39:20.396  5725  5825 I BatteryMgr:DataCollectionService: stats => 1709044760396,-2286619,3593
02-27 15:39:21.398  5725  5825 I BatteryMgr:DataCollectionService: stats => 1709044761398,-1918456,3593
02-27 15:39:22.400  5725  5825 I BatteryMgr:DataCollectionService: stats => 1709044762400,-2045409,3593
02-27 15:39:23.482  5725  5825 I BatteryMgr:DataCollectionService: stats => 1709044763475,-2371092,3593
02-27 15:39:24.487  5725  5825 I BatteryMgr:DataCollectionService: stats => 1709044764487,-2524901,3593
02-27 15:39:25.492  5725  5825 I BatteryMgr:DataCollectionService: stats => 1709044765492,-2412596,3593
02-27 15:39:26.495  5725  5828 I BatteryMgr:DataCollectionService: stats => 1709044766495,-2474608,3585
02-27 15:39:27.497  5725  5828 I BatteryMgr:DataCollectionService: stats => 1709044767497,-2396483,3585
02-27 15:39:28.499  5725  5828 I BatteryMgr:DataCollectionService: stats => 1709044768499,-2372069,3585
02-27 15:39:29.501  5725  5828 I BatteryMgr:DataCollectionService: stats => 1709044769501,-2199217,3585
02-27 15:39:30.503  5725  5828 I BatteryMgr:DataCollectionService: stats => 1709044770503,-2203612,3585
02-27 15:39:31.507  5725  5828 I BatteryMgr:DataCollectionService: stats => 1709044771507,-2204588,3585
02-27 15:39:32.509  5725  5828 I BatteryMgr:DataCollectionService: stats => 1709044772509,-2166502,3585
02-27 15:39:33.511  5725  5828 I BatteryMgr:DataCollectionService: stats => 1709044773511,-2213377,3585
