8.91 8.85 8.91 7/2942 4163
8.91 8.85 8.91 12/2942 4221
8.91 8.85 8.91 4/2942 4294
9.08 8.89 8.92 7/2942 4342
9.08 8.89 8.92 6/2942 4374
9.08 8.89 8.92 4/2942 4423
9.08 8.89 8.92 5/2942 4499
9.08 8.89 8.92 4/2942 4543
8.75 8.82 8.90 2/2942 4594
8.75 8.82 8.90 5/2942 4645
8.75 8.82 8.90 2/2942 4702
8.75 8.82 8.90 4/2941 4741
8.75 8.82 8.90 5/2946 4791
8.93 8.86 8.91 2/2946 4830
8.93 8.86 8.91 3/2946 4862
8.93 8.86 8.91 16/2945 4908
8.93 8.86 8.91 9/2945 4940
8.93 8.86 8.91 9/2945 4996
8.62 8.80 8.89 3/2945 5036
8.62 8.80 8.89 4/2945 5067
8.62 8.80 8.89 4/2945 5105
8.62 8.80 8.89 4/2945 5143
8.62 8.80 8.89 4/2945 5178
8.41 8.75 8.87 2/2945 5212
8.41 8.75 8.87 3/2945 5243
8.41 8.75 8.87 3/2945 5270
8.41 8.75 8.87 2/2945 5301
8.41 8.75 8.87 2/2945 5334
8.46 8.75 8.88 6/2945 5362
8.46 8.75 8.88 2/2945 5389
8.46 8.75 8.88 11/2945 5417
8.46 8.75 8.88 2/2947 5446
8.46 8.75 8.88 5/2947 5475
8.18 8.69 8.85 2/2947 5502
8.18 8.69 8.85 8/2947 5530
8.18 8.69 8.85 4/2947 5558
8.18 8.69 8.85 10/2947 5586
8.18 8.69 8.85 7/2946 5613
8.08 8.66 8.84 1/2946 5653
8.08 8.66 8.84 4/2946 5680
8.08 8.66 8.84 1/2944 5721
8.08 8.66 8.84 1/2944 5768
8.08 8.66 8.84 2/2944 5795
8.56 8.75 8.87 8/2944 5822
8.56 8.75 8.87 4/2944 5853
8.56 8.75 8.87 5/2942 5880
8.56 8.75 8.87 3/2942 5907
8.56 8.75 8.87 5/2939 5935
8.75 8.79 8.88 6/2939 5966
8.75 8.79 8.88 4/2938 6001
8.75 8.79 8.88 3/2937 6028
8.75 8.79 8.88 4/2937 6056
8.75 8.79 8.88 3/2937 6084
8.93 8.83 8.90 2/2937 6111
8.93 8.83 8.90 3/2935 6139
8.93 8.83 8.90 5/2935 6167
8.93 8.83 8.90 9/2935 6195
8.93 8.83 8.90 8/2935 6223
9.02 8.85 8.90 9/2935 6250
9.02 8.85 8.90 5/2953 6296
9.02 8.85 8.90 4/2955 6328
9.02 8.85 8.90 2/2949 6359
9.02 8.85 8.90 8/2948 6386
8.78 8.80 8.89 11/2948 6413
8.78 8.80 8.89 7/2948 6440
8.78 8.80 8.89 8/2935 6468
8.78 8.80 8.89 1/2935 6517
8.78 8.80 8.89 4/2935 6573
8.71 8.78 8.88 4/2935 6603
8.71 8.78 8.88 3/2934 6635
8.71 8.78 8.88 3/2934 6672
8.71 8.78 8.88 1/2934 6727
8.71 8.78 8.88 2/2930 6810
8.66 8.77 8.88 6/2930 6848
8.66 8.77 8.88 3/2930 6878
8.66 8.77 8.88 10/2930 6907
8.66 8.77 8.88 8/2930 6937
8.66 8.77 8.88 6/2928 6964
8.68 8.77 8.88 6/2928 6992
8.68 8.77 8.88 4/2928 7019
8.68 8.77 8.88 5/2928 7047
8.68 8.77 8.88 2/2928 7075
8.68 8.77 8.88 2/2928 7118
8.55 8.75 8.87 4/2928 7146
8.55 8.75 8.87 2/2928 7173
8.55 8.75 8.87 5/2928 7202
8.55 8.75 8.87 9/2928 7231
8.55 8.75 8.87 1/2928 7259
8.27 8.68 8.85 6/2928 7286
8.27 8.68 8.85 6/2928 7316
8.27 8.68 8.85 6/2928 7343
8.27 8.68 8.85 5/2928 7370
8.27 8.68 8.85 1/2928 7397
8.16 8.65 8.84 5/2928 7424
8.16 8.65 8.84 7/2928 7451
8.16 8.65 8.84 8/2928 7478
8.16 8.65 8.84 5/2928 7505
8.16 8.65 8.84 8/2928 7533
8.23 8.66 8.84 2/2928 7562
8.23 8.66 8.84 4/2928 7590
8.23 8.66 8.84 1/2928 7617
8.23 8.66 8.84 4/2928 7644
8.23 8.66 8.84 5/2928 7671
8.21 8.65 8.83 7/2928 7698
8.21 8.65 8.83 3/2928 7725
8.21 8.65 8.83 5/2928 7752
8.21 8.65 8.83 8/2928 7779
8.21 8.65 8.83 2/2928 7806
8.28 8.65 8.83 10/2928 7838
8.28 8.65 8.83 2/2928 7873
8.28 8.65 8.83 6/2928 7901
8.28 8.65 8.83 3/2928 7928
8.28 8.65 8.83 2/2928 7956
8.17 8.63 8.82 5/2928 7983
8.17 8.63 8.82 5/2928 8010
8.17 8.63 8.82 3/2928 8037
8.17 8.63 8.82 1/2928 8064
8.17 8.63 8.82 5/2928 8091
8.00 8.58 8.81 1/2928 8118
8.00 8.58 8.81 1/2928 8145
8.00 8.58 8.81 4/2928 8173
8.00 8.58 8.81 2/2928 8201
8.00 8.58 8.81 4/2928 8228
8.40 8.66 8.83 6/2928 8255
8.40 8.66 8.83 7/2928 8282
8.40 8.66 8.83 3/2928 8309
8.40 8.66 8.83 2/2928 8336
8.40 8.66 8.83 2/2928 8363
8.45 8.66 8.83 5/2928 8390
8.45 8.66 8.83 1/2928 8417
8.45 8.66 8.83 5/2928 8444
8.45 8.66 8.83 5/2928 8472
8.45 8.66 8.83 7/2934 8507
8.17 8.60 8.81 2/2934 8535
8.17 8.60 8.81 6/2934 8563
8.17 8.60 8.81 3/2934 8590
8.17 8.60 8.81 4/2934 8617
8.17 8.60 8.81 6/2934 8644
7.92 8.54 8.79 11/2934 8671
7.92 8.54 8.79 6/2934 8699
7.92 8.54 8.79 1/2934 8727
7.92 8.54 8.79 1/2934 8754
7.92 8.54 8.79 1/2934 8782
8.08 8.57 8.80 6/2934 8809
8.08 8.57 8.80 7/2934 8836
8.08 8.57 8.80 5/2934 8863
8.08 8.57 8.80 11/2934 8890
8.08 8.57 8.80 8/2934 8917
8.16 8.57 8.80 14/2934 8944
8.16 8.57 8.80 1/2934 8971
8.16 8.57 8.80 10/2934 8998
8.16 8.57 8.80 8/2934 9025
8.16 8.57 8.80 12/2934 9053
7.99 8.53 8.78 5/2934 9080
7.99 8.53 8.78 4/2934 9107
7.99 8.53 8.78 2/2934 9134
7.99 8.53 8.78 13/2934 9161
7.99 8.53 8.78 8/2934 9188
8.55 8.64 8.82 1/2934 9215
8.55 8.64 8.82 1/2934 9242
8.55 8.64 8.82 7/2934 9269
8.55 8.64 8.82 3/2934 9296
8.55 8.64 8.82 5/2934 9323
8.34 8.59 8.80 2/2934 9351
8.34 8.59 8.80 3/2934 9378
8.34 8.59 8.80 2/2934 9405
8.34 8.59 8.80 7/2934 9432
8.34 8.59 8.80 7/2934 9459
9.12 8.75 8.85 6/2934 9494
9.12 8.75 8.85 1/2934 9525
9.12 8.75 8.85 10/2934 9552
9.12 8.75 8.85 2/2934 9579
9.12 8.75 8.85 3/2934 9606
8.79 8.69 8.83 11/2934 9634
8.79 8.69 8.83 7/2934 9662
8.79 8.69 8.83 5/2934 9690
8.79 8.69 8.83 8/2934 9717
8.79 8.69 8.83 6/2934 9744
8.72 8.68 8.83 12/2934 9771
8.72 8.68 8.83 7/2934 9798
8.72 8.68 8.83 1/2934 9826
8.72 8.68 8.83 6/2934 9853
8.72 8.68 8.83 3/2934 9880
8.99 8.73 8.84 1/2934 9907
8.99 8.73 8.84 3/2934 9935
8.99 8.73 8.84 4/2934 9962
8.99 8.73 8.84 5/2934 9989
8.99 8.73 8.84 2/2934 10016
8.75 8.69 8.83 3/2934 10043
8.75 8.69 8.83 2/2934 10070
8.75 8.69 8.83 4/2934 10098
8.75 8.69 8.83 2/2934 10126
8.75 8.69 8.83 4/2930 10153
8.53 8.64 8.81 2/2930 10180
8.53 8.64 8.81 6/2930 10208
8.53 8.64 8.81 4/2930 10237
8.53 8.64 8.81 5/2930 10266
8.53 8.64 8.81 5/2928 10293
8.88 8.71 8.83 10/2928 10320
8.88 8.71 8.83 4/2928 10347
8.88 8.71 8.83 2/2928 10377
8.88 8.71 8.83 2/2928 10406
8.88 8.71 8.83 10/2928 10434
8.81 8.70 8.83 5/2928 10461
8.81 8.70 8.83 2/2928 10488
8.81 8.70 8.83 1/2928 10516
8.81 8.70 8.83 3/2928 10543
8.81 8.70 8.83 1/2928 10570
8.67 8.67 8.82 7/2928 10597
8.67 8.67 8.82 5/2928 10624
8.67 8.67 8.82 6/2927 10651
8.67 8.67 8.82 4/2927 10678
8.67 8.67 8.82 2/2927 10705
8.61 8.66 8.81 5/2927 10733
8.61 8.66 8.81 1/2927 10760
8.61 8.66 8.81 2/2927 10789
8.61 8.66 8.81 8/2927 10817
8.61 8.66 8.81 6/2927 10845
8.48 8.63 8.80 5/2927 10872
8.48 8.63 8.80 4/2927 10900
8.48 8.63 8.80 9/2927 10928
8.48 8.63 8.80 7/2927 10956
8.48 8.63 8.80 5/2927 10985
8.37 8.61 8.79 2/2927 11012
8.37 8.61 8.79 5/2928 11040
8.37 8.61 8.79 2/2928 11067
8.37 8.61 8.79 3/2928 11095
8.37 8.61 8.79 4/2928 11122
8.18 8.56 8.78 15/2927 11158
8.18 8.56 8.78 1/2927 11189
8.18 8.56 8.78 3/2927 11216
8.18 8.56 8.78 3/2926 11243
8.18 8.56 8.78 3/2926 11270
8.08 8.54 8.77 2/2926 11297
8.08 8.54 8.77 5/2926 11324
8.08 8.54 8.77 3/2926 11351
8.08 8.54 8.77 5/2926 11378
8.08 8.54 8.77 3/2926 11406
8.16 8.54 8.77 5/2926 11434
8.16 8.54 8.77 7/2944 11479
8.16 8.54 8.77 3/2961 11536
8.16 8.54 8.77 10/2961 11569
8.38 8.59 8.78 9/2958 11599
8.38 8.59 8.78 6/2957 11626
8.38 8.59 8.78 1/2957 11650
8.38 8.59 8.78 1/2957 11677
8.38 8.59 8.78 4/2957 11704
8.27 8.56 8.77 1/2957 11733
8.27 8.56 8.77 6/2957 11760
