67896.45 168524.30
67897.46 168528.42
67898.46 168533.59
67899.46 168535.97
67900.55 168539.69
67901.47 168544.59
67902.49 168550.13
67903.52 168555.56
67904.46 168559.58
67905.46 168564.91
67906.49 168570.84
67907.47 168576.12
67908.54 168582.05
67909.45 168586.69
67910.48 168592.66
67911.51 168598.78
67912.53 168605.18
67913.56 168611.79
67914.48 168617.55
67915.50 168623.53
67916.53 168629.37
67917.46 168634.76
67918.45 168640.56
67919.49 168646.38
67920.52 168652.50
67921.46 168657.94
67922.57 168664.09
67923.49 168669.30
67924.51 168674.87
67925.54 168680.30
67926.56 168685.67
67927.45 168690.41
67928.46 168696.00
67929.47 168701.61
67930.46 168707.25
67931.46 168712.96
67932.46 168718.69
67933.47 168724.64
67934.46 168730.53
67935.46 168736.32
67936.46 168742.17
67937.46 168748.22
67938.46 168754.03
67939.47 168759.93
67940.46 168765.83
67941.46 168771.61
67942.45 168777.34
67943.46 168783.25
67944.46 168788.95
67945.46 168794.27
67946.50 168799.47
67947.50 168803.92
67948.48 168809.31
67949.50 168814.79
67950.53 168820.41
67951.46 168825.93
67952.47 168831.64
67953.49 168836.69
67954.52 168842.65
67955.54 168848.70
67956.56 168854.64
67957.49 168860.18
67958.47 168865.96
67959.54 168872.17
67960.56 168878.29
67961.49 168883.84
67962.51 168889.73
67963.53 168895.71
67964.55 168901.79
67965.47 168907.18
67966.50 168913.37
67967.52 168919.42
67968.55 168925.52
67969.57 168931.61
67970.50 168937.18
67971.52 168943.36
67972.54 168949.73
67973.56 168955.84
67974.49 168961.18
67975.51 168967.07
67976.53 168971.84
67977.56 168975.08
67978.48 168979.00
67979.50 168984.27
67980.53 168989.59
67981.46 168994.17
67982.47 169000.02
67983.50 169006.11
67984.53 169012.12
67985.55 169018.02
67986.57 169023.99
67987.49 169029.39
67988.52 169035.05
67989.46 169040.24
67990.57 169046.54
67991.47 169051.31
67992.61 169058.04
67993.53 169063.47
67994.57 169069.60
67995.48 169074.95
67996.50 169081.03
67997.47 169085.99
67998.56 169092.30
67999.48 169097.69
68000.50 169103.34
68001.52 169109.00
68002.55 169114.79
68003.46 169120.04
68004.49 169125.67
68005.52 169131.48
68006.54 169137.48
68007.57 169143.12
68008.49 169148.21
68009.51 169153.36
68010.53 169158.82
68011.47 169163.90
68012.58 169170.18
68013.50 169175.70
68014.50 169181.59
68015.55 169187.67
68016.47 169193.19
68017.46 169199.05
68018.46 169204.90
68019.47 169210.85
68020.45 169216.42
68021.46 169222.44
68022.45 169227.88
68023.46 169233.72
68024.46 169239.15
68025.46 169244.65
68026.46 169250.51
68027.47 169256.39
68028.45 169262.14
68029.46 169268.27
68030.50 169273.98
68031.50 169279.72
68032.49 169285.30
68033.47 169291.06
68034.50 169297.35
68035.52 169303.58
68036.55 169309.60
68037.57 169315.45
68038.49 169320.82
68039.51 169326.16
68040.46 169331.19
68041.49 169336.70
68042.49 169341.89
68043.47 169347.15
68044.53 169353.08
68045.45 169357.98
68046.46 169363.62
68047.46 169369.45
68048.46 169375.03
68049.46 169380.60
68050.46 169386.09
68051.45 169391.37
68052.46 169396.96
68053.45 169402.35
68054.46 169407.85
68055.46 169413.27
68056.45 169418.71
68057.46 169424.25
68058.46 169429.84
68059.46 169435.43
68060.46 169440.92
68061.46 169446.46
68062.46 169452.01
68063.45 169457.68
68064.46 169463.39
68065.46 169468.94
68066.46 169474.65
68067.46 169480.41
68068.45 169485.86
68069.46 169491.63
68070.46 169497.02
68071.46 169502.95
68072.47 169508.65
68073.45 169514.08
68074.47 169519.91
68075.46 169524.98
68076.46 169530.05
68077.46 169535.33
68078.46 169539.89
68079.46 169545.17
68080.47 169550.15
68081.47 169555.78
68082.47 169561.39
68083.47 169566.80
68084.47 169572.08
68085.45 169577.03
68086.46 169582.56
68087.46 169587.61
68088.46 169593.22
68089.46 169598.85
68090.47 169604.17
68091.47 169609.87
68092.46 169615.42
68093.48 169621.44
68094.46 169627.00
68095.46 169632.89
68096.46 169638.53
68097.46 169644.39
68098.47 169649.87
68099.46 169655.60
68100.46 169661.38
68101.47 169667.03
68102.46 169672.87
68103.46 169678.85
68104.46 169684.43
68105.46 169690.08
68106.46 169695.64
68107.48 169701.53
68108.52 169707.61
68109.52 169713.49
68110.48 169719.02
68111.46 169724.43
68112.52 169730.72
68113.53 169736.32
68114.47 169740.98
68115.50 169746.41
68116.46 169751.66
68117.55 169758.02
68118.55 169764.02
68119.49 169768.33
68120.52 169772.01
68121.54 169776.78
68122.56 169782.81
68123.49 169788.48
68124.51 169794.53
68125.53 169800.66
68126.56 169806.85
68127.48 169812.37
68128.51 169818.28
68129.53 169824.40
68130.55 169830.71
68131.58 169836.87
68132.50 169842.38
68133.52 169848.52
68134.63 169855.29
68135.63 169861.43
68136.49 169866.49
68137.51 169872.52
68138.46 169878.17
68139.56 169884.64
68140.48 169889.78
68141.51 169895.49
68142.53 169901.66
68143.56 169907.29
68144.48 169911.76
68145.50 169917.46
68146.53 169922.65
68147.55 169927.47
68148.47 169931.91
68149.50 169937.47
68150.52 169942.69
68151.54 169948.58
68152.57 169954.79
68153.50 169959.77
68154.51 169965.48
68155.46 169970.59
68156.56 169976.25
68157.48 169981.16
68158.51 169987.07
68159.53 169992.78
68160.47 169998.23
68161.48 170004.05
68162.50 170010.13
68163.52 170016.28
68164.46 170020.74
68165.47 170026.30
68166.49 170032.18
68167.52 170038.12
68168.54 170044.10
68169.57 170050.25
68170.49 170055.35
68171.46 170060.07
68172.45 170065.28
68173.47 170070.96
68174.46 170076.29
68175.46 170081.90
68176.46 170087.32
68177.45 170092.70
68178.47 170098.15
68179.47 170103.53
68180.46 170108.92
68181.47 170114.46
68182.46 170119.93
68183.46 170125.33
68184.46 170130.99
68185.47 170136.59
68186.46 170141.64
68187.46 170146.71
68188.51 170152.64
68189.46 170158.11
68190.56 170164.45
68191.48 170169.69
68192.51 170175.48
68193.53 170181.21
68194.55 170186.88
68195.58 170192.53
68196.50 170197.54
68197.46 170202.60
68198.46 170208.18
68199.57 170214.47
68200.47 170219.10
68201.52 170223.83
68202.54 170229.13
68203.56 170234.24
68204.48 170239.37
68205.47 170245.07
68206.53 170251.36
68207.56 170257.36
68208.48 170262.80
68209.51 170268.81
68210.47 170274.13
68211.66 170280.88
68212.58 170285.82
68213.50 170291.41
68214.47 170296.58
68215.55 170302.56
68216.91 170309.85
68218.51 170319.00
68219.54 170324.85
68220.79 170332.09
68221.47 170335.49
68222.51 170341.34
68223.54 170347.24
68224.56 170353.08
68225.48 170357.87
68226.50 170363.36
68227.53 170369.08
68228.55 170374.66
68229.47 170379.70
68230.50 170385.53
68231.46 170391.22
68232.54 170397.56
68233.47 170403.12
68234.47 170409.04
68235.51 170415.23
68236.47 170420.85
68237.56 170426.62
68238.48 170431.59
68239.46 170437.14
68240.46 170442.21
68241.46 170447.83
68242.46 170453.29
68243.46 170459.03
68244.46 170464.78
68245.46 170470.18
68246.46 170474.73
68247.46 170479.53
68248.47 170484.52
68249.46 170489.35
68250.47 170494.23
68251.47 170499.67
68252.46 170504.67
68253.47 170509.93
68254.51 170515.40
68255.48 170520.67
68256.51 170526.66
68257.53 170532.56
68258.46 170537.83
68259.48 170543.62
68260.50 170549.45
68261.52 170555.39
68262.55 170561.46
68263.47 170566.71
68264.49 170572.47
68265.52 170578.50
68266.46 170584.07
68267.57 170590.62
68268.49 170596.12
68269.51 170602.09
68270.54 170607.72
68271.56 170613.41
68272.48 170618.65
68273.51 170624.71
68274.53 170630.55
68275.55 170635.89
68276.48 170640.35
68277.50 170645.48
68278.52 170650.57
68279.55 170655.67
68280.46 170660.63
68281.50 170666.51
68282.52 170671.14
68283.56 170676.59
68284.57 170682.26
68285.49 170687.16
68286.46 170692.58
68287.47 170698.04
68288.47 170702.77
68289.47 170707.80
68290.47 170713.12
68291.47 170718.24
68292.46 170723.31
68293.47 170729.06
68294.46 170733.95
68295.47 170739.06
68296.47 170744.07
68297.46 170748.77
68298.46 170753.46
68299.47 170758.40
68300.46 170762.77
68301.47 170767.78
68302.46 170772.60
68303.47 170777.51
68304.46 170782.85
68305.47 170788.13
68306.46 170793.82
68307.47 170799.41
68308.46 170805.03
68309.47 170810.62
68310.46 170815.94
68311.46 170821.44
68312.46 170826.98
68313.46 170832.45
68314.47 170837.88
68315.47 170842.83
68316.47 170847.95
68317.46 170853.43
68318.47 170858.43
68319.47 170863.54
68320.47 170869.01
68321.46 170874.56
68322.46 170880.38
68323.47 170886.09
68324.47 170891.85
68325.47 170897.43
68326.46 170902.88
68327.47 170908.38
68328.47 170913.76
68329.47 170918.79
68330.46 170923.42
68331.47 170928.56
68332.46 170933.83
68333.47 170939.47
68334.47 170945.06
68335.46 170950.64
68336.47 170956.19
68337.46 170961.64
68338.47 170967.30
68339.47 170972.23
68340.46 170977.29
68341.47 170982.73
68342.48 170987.88
68343.48 170993.49
68344.47 170998.98
68345.49 171004.22
68346.47 171009.73
68347.50 171015.73
68348.50 171021.44
68349.49 171027.06
68350.51 171032.86
68351.51 171038.17
68352.52 171043.51
68353.48 171048.75
68354.51 171054.57
68355.52 171060.37
68356.53 171065.75
68357.48 171069.86
68358.50 171075.04
68359.54 171080.78
68360.54 171086.58
68361.55 171092.15
68362.50 171097.13
68363.53 171102.06
68364.54 171107.39
68365.47 171112.30
68366.49 171117.44
68367.51 171122.73
68368.58 171128.51
68369.56 171133.64
68370.48 171138.58
68371.51 171144.26
68372.53 171149.90
68373.55 171155.47
68374.58 171161.30
68375.60 171167.00
68376.52 171172.33
68377.55 171178.32
68378.47 171183.52
68379.49 171189.43
68380.47 171194.80
68381.47 171200.69
68382.56 171206.94
68383.50 171212.43
68384.51 171218.08
68385.54 171223.41
68386.56 171228.89
68387.48 171233.28
68388.46 171238.11
68389.53 171243.85
68390.55 171249.42
68391.58 171255.04
68392.47 171260.08
68393.53 171265.66
68394.54 171270.84
68395.46 171276.12
68396.59 171282.73
68397.51 171287.72
68398.47 171292.94
68399.56 171299.02
68400.49 171303.86
68401.46 171309.13
68402.46 171314.47
68403.47 171320.08
68404.47 171325.58
68405.46 171330.92
68406.46 171336.58
68407.46 171342.12
68408.47 171347.97
68409.47 171353.64
68410.48 171359.51
68411.46 171365.21
68412.47 171370.86
68413.47 171376.42
68414.47 171381.56
68415.46 171386.48
68416.46 171391.94
68417.47 171396.69
68418.46 171401.75
68419.47 171406.86
68420.46 171411.64
68421.47 171417.05
68422.50 171422.54
68423.53 171427.84
68424.53 171433.12
68425.47 171437.85
68426.58 171443.55
68427.52 171448.53
68428.55 171454.02
68429.57 171459.26
68430.47 171463.76
68431.51 171469.25
68432.47 171474.57
68433.56 171480.80
68434.46 171485.93
68435.51 171491.94
68436.53 171497.83
68437.56 171503.04
68438.47 171507.61
68439.50 171512.95
68440.47 171518.08
68441.47 171523.18
68442.57 171528.79
68443.50 171533.73
68444.52 171538.78
68445.54 171544.24
68446.57 171550.00
68447.47 171555.01
68448.61 171561.69
68449.54 171566.89
68450.56 171572.62
68451.48 171577.88
68452.51 171583.88
68453.54 171588.33
68454.56 171593.35
68455.58 171598.79
68456.50 171604.04
68457.52 171610.12
68458.55 171616.30
68459.47 171621.63
68460.47 171626.97
68461.52 171632.91
68462.46 171637.87
68463.57 171643.79
68464.49 171648.64
68465.51 171653.82
68466.53 171659.24
68467.56 171665.32
68468.48 171670.39
68469.51 171676.04
68470.53 171681.99
68471.46 171687.53
68472.46 171693.38
68473.50 171699.77
68474.52 171705.71
68475.55 171711.98
68476.57 171717.74
68477.47 171722.63
68478.52 171728.31
68479.54 171734.08
68480.47 171739.42
68481.49 171745.41
68482.46 171751.26
68483.47 171756.81
68484.47 171762.38
68485.47 171768.15
68486.47 171773.90
68487.47 171779.88
68488.47 171785.78
68489.46 171790.73
68490.47 171796.53
68491.47 171802.56
68492.47 171808.17
68493.46 171813.79
68494.47 171819.46
68495.46 171824.53
68496.47 171829.70
68497.46 171835.31
68498.47 171841.30
68499.46 171846.83
68500.47 171852.46
68501.47 171858.12
68502.48 171863.80
68503.47 171869.50
68504.53 171875.82
68505.54 171881.78
68506.58 171887.73
68507.50 171892.47
68508.52 171898.05
68509.55 171904.13
68510.57 171909.47
68511.49 171914.39
68512.51 171920.08
68513.46 171925.03
68514.56 171931.14
68515.49 171936.56
68516.51 171941.81
68517.53 171947.03
68518.56 171952.53
68519.48 171957.38
68520.50 171963.07
68521.53 171969.11
68522.47 171973.84
68523.47 171979.19
68524.50 171985.02
68525.52 171990.81
68526.54 171996.50
68527.57 172002.39
68528.49 172007.63
68529.51 172013.65
68530.54 172019.66
68531.49 172025.32
68532.47 172030.78
68533.51 172036.99
68534.53 172042.95
68535.56 172048.61
68536.48 172053.96
68537.50 172059.95
68538.46 172065.73
68539.55 172072.16
68540.46 172076.99
68541.46 172082.68
68542.46 172088.27
68543.47 172093.86
68544.47 172099.29
68545.47 172104.45
68546.47 172109.09
68547.54 172114.43
68548.56 172119.78
68549.47 172123.12
68550.48 172126.23
68551.48 172130.65
68552.47 172135.85
68553.47 172141.47
68554.48 172146.84
68555.47 172151.93
68556.46 172157.34
68557.47 172162.91
68558.48 172168.27
68559.47 172172.81
68560.47 172177.25
68561.48 172181.87
68562.47 172186.81
68563.47 172192.26
68564.48 172197.23
68565.47 172201.74
68566.48 172206.25
68567.48 172210.38
68568.48 172214.64
68569.48 172219.22
68570.46 172223.62
68571.47 172228.36
68572.48 172233.09
68573.46 172237.77
68574.46 172242.45
68575.46 172247.10
68576.47 172252.07
68577.48 172256.72
68578.48 172261.16
68579.46 172265.96
68580.47 172271.30
68581.47 172276.67
68582.47 172282.07
68583.47 172287.66
68584.47 172293.24
68585.47 172298.77
68586.47 172304.30
68587.47 172309.60
68588.47 172314.84
68589.47 172319.95
68590.47 172325.42
68591.47 172330.71
68592.48 172335.92
68593.47 172341.52
68594.48 172347.08
68595.47 172352.54
68596.48 172358.39
68597.46 172363.70
68598.48 172369.10
68599.48 172374.51
68600.47 172379.93
68601.48 172385.65
68602.48 172391.25
68603.48 172396.88
68604.48 172402.43
68605.49 172407.61
68606.48 172412.33
68607.50 172417.75
68608.50 172423.11
68609.49 172428.63
68610.47 172434.24
68611.52 172439.81
68612.52 172445.22
68613.48 172450.48
68614.51 172456.51
68615.53 172462.31
68616.53 172467.98
68617.53 172473.55
68618.46 172478.73
68619.53 172484.56
68620.48 172489.95
68621.55 172496.18
68622.50 172501.50
68623.52 172507.28
68624.55 172513.25
68625.56 172519.09
68626.49 172524.42
68627.52 172530.26
68628.47 172535.40
68629.47 172541.01
68630.48 172546.60
68631.51 172552.41
68632.53 172558.26
68633.56 172564.03
68634.48 172569.17
68635.51 172574.65
68636.53 172579.19
68637.55 172584.64
68638.58 172590.10
68639.50 172594.76
68640.47 172599.62
68641.55 172605.34
68642.58 172611.10
68643.46 172616.09
68644.51 172621.97
68645.54 172627.14
68646.56 172632.13
68647.59 172637.26
68648.51 172642.26
68649.53 172647.40
68650.46 172652.21
68651.66 172659.09
68652.47 172663.44
68653.53 172669.45
68654.47 172674.63
68655.47 172680.39
68656.47 172685.88
68657.48 172691.67
68658.47 172697.33
68659.47 172702.75
68660.47 172708.17
68661.48 172713.70
68662.47 172719.29
68663.47 172724.99
68664.47 172730.34
68665.48 172735.70
68666.47 172740.86
68667.47 172745.84
68668.47 172750.95
68669.47 172755.44
68670.47 172759.95
68671.47 172764.75
68672.51 172769.59
68673.50 172774.66
68674.52 172779.68
68675.55 172784.32
68676.57 172788.92
68677.49 172793.51
68678.47 172798.72
68679.54 172804.48
68680.47 172809.48
68681.46 172815.01
68682.51 172820.93
68683.53 172826.48
68684.55 172832.23
68685.58 172837.79
68686.50 172842.66
68687.53 172847.41
68688.55 172852.31
68689.57 172857.94
68690.49 172863.11
68691.46 172868.27
68692.54 172874.11
68693.57 172879.23
68694.49 172883.51
68695.51 172889.12
68696.54 172894.01
68697.56 172899.13
68698.59 172904.77
68699.50 172910.00
68700.46 172915.11
68701.55 172921.27
68702.58 172926.79
68703.50 172931.93
68704.52 172937.68
68705.55 172943.44
68706.57 172949.02
68707.49 172954.04
68708.47 172959.25
68709.54 172965.22
68710.57 172970.69
68711.49 172975.56
68712.47 172981.05
68713.54 172986.79
68714.56 172991.62
68715.50 172994.66
68716.46 172998.50
68717.53 173004.71
68718.55 173010.80
68719.58 173016.64
68720.47 173020.90
68721.52 173026.18
68722.55 173031.47
68723.47 173035.89
68724.49 173041.20
68725.52 173046.92
68726.55 173052.80
68727.56 173058.85
68728.48 173064.07
68729.51 173070.14
68730.48 173075.65
68731.47 173081.42
68732.48 173087.49
68733.47 173093.17
68734.47 173099.08
68735.47 173104.97
68736.47 173110.86
68737.47 173116.80
68738.47 173122.61
68739.48 173128.44
68740.47 173134.24
68741.48 173139.98
68742.47 173145.42
68743.47 173150.91
68744.46 173155.75
68745.48 173161.04
68746.48 173166.33
68747.53 173172.24
68748.53 173177.98
68749.48 173183.24
68750.50 173188.04
68751.63 173194.00
68752.55 173199.25
68753.58 173204.82
68754.47 173209.98
68755.52 173216.25
68756.54 173222.44
68757.47 173227.91
68758.49 173233.96
68759.51 173239.90
68760.53 173245.82
68761.56 173251.91
68762.46 173257.10
68763.50 173263.11
68764.53 173268.69
68765.55 173274.59
68766.58 173280.29
68767.50 173285.58
68768.53 173291.44
68769.55 173297.23
68770.58 173302.75
68771.49 173307.73
68772.47 173313.07
68773.54 173319.33
68774.57 173325.28
68775.49 173330.70
68776.51 173336.55
68777.47 173341.64
68778.56 173347.50
68779.47 173352.77
68780.51 173358.21
68781.53 173364.06
68782.55 173370.21
68783.58 173376.46
68784.50 173381.79
68785.52 173387.83
68786.54 173393.87
68787.47 173399.36
68788.49 173405.15
68789.52 173411.11
68790.54 173416.75
68791.57 173422.45
68792.49 173427.40
68793.51 173432.97
68794.54 173438.57
68795.56 173444.22
68796.58 173449.75
68797.50 173454.79
68798.46 173460.25
68799.55 173466.31
68800.58 173471.90
68801.50 173477.03
68802.52 173482.86
68803.54 173488.83
68804.57 173494.70
68805.47 173499.52
68806.48 173505.21
68807.48 173510.54
68808.48 173515.54
68809.48 173520.62
68810.48 173525.58
68811.48 173530.73
68812.48 173535.99
68813.48 173540.97
68814.47 173546.30
68815.47 173551.95
68816.48 173557.71
68817.47 173563.37
68818.47 173569.05
68819.47 173573.90
68820.47 173579.07
68821.48 173584.62
68822.47 173589.79
68823.47 173595.48
68824.47 173601.27
68825.48 173607.07
68826.48 173612.89
68827.47 173618.62
68828.47 173624.37
68829.48 173630.16
68830.47 173635.91
68831.47 173641.83
68832.48 173647.33
68833.48 173652.98
68834.48 173658.78
68835.47 173664.47
68836.46 173670.26
68837.47 173676.21
68838.48 173681.62
68839.47 173686.98
68840.48 173692.25
68841.48 173697.71
68842.47 173703.23
68843.47 173708.74
68844.47 173714.41
68845.47 173720.12
68846.47 173725.12
68847.47 173730.38
68848.47 173735.55
68849.47 173741.33
68850.48 173747.12
68851.48 173753.16
68852.48 173759.14
68853.47 173765.03
68854.47 173771.01
68855.48 173777.01
68856.49 173781.49
68857.48 173782.67
