1863.60 11374.63
1864.62 11380.77
1865.60 11386.91
1866.59 11392.99
1867.60 11399.37
1868.59 11405.58
1869.60 11411.73
1870.60 11417.77
1871.60 11423.99
1872.61 11430.10
1873.62 11436.19
1874.61 11442.43
1875.60 11448.44
1876.60 11454.61
1877.60 11460.67
1878.60 11466.71
1879.60 11472.40
1880.60 11478.22
1881.61 11484.41
1882.61 11490.18
1883.61 11496.31
1884.61 11502.28
1885.61 11508.25
1886.59 11514.09
1887.59 11519.96
1888.60 11525.91
1889.61 11531.82
1890.60 11537.74
1891.60 11543.55
1892.60 11549.42
1893.60 11555.55
1894.59 11561.43
1895.59 11567.11
1896.61 11573.12
1897.61 11579.08
1898.61 11584.89
1899.61 11590.75
1900.61 11596.49
1901.60 11602.48
1902.60 11608.29
1903.60 11614.27
1904.60 11620.11
1905.60 11626.04
1906.60 11631.86
1907.60 11637.49
1908.60 11643.37
1909.60 11648.88
1910.60 11654.71
1911.61 11660.53
1912.60 11666.17
1913.60 11671.90
1914.60 11677.69
1915.60 11683.51
1916.60 11689.42
1917.60 11695.19
1918.60 11701.05
1919.60 11706.67
1920.61 11712.41
1921.61 11718.10
1922.61 11723.99
1923.60 11729.88
1924.60 11735.63
1925.61 11741.49
1926.60 11747.18
1927.60 11752.62
1928.60 11758.07
1929.61 11764.04
1930.61 11769.56
1931.60 11775.31
1932.61 11781.05
1933.61 11786.78
1934.61 11792.71
1935.61 11798.52
1936.61 11804.17
1937.61 11809.86
1938.61 11815.67
1939.61 11821.39
1940.59 11827.01
1941.61 11832.64
1942.61 11838.34
1943.60 11844.03
1944.61 11849.67
1945.61 11855.20
1946.60 11860.85
1947.59 11866.17
1948.61 11872.16
1949.60 11877.86
1950.60 11883.56
1951.60 11889.13
1952.60 11894.95
1953.60 11900.68
1954.60 11906.59
1955.60 11912.45
1956.60 11918.39
1957.60 11923.95
1958.62 11929.96
1959.61 11935.66
1960.62 11941.17
1961.61 11946.28
1962.61 11951.93
1963.60 11957.56
1964.60 11963.18
1965.60 11969.03
1966.62 11974.61
1967.60 11980.33
1968.60 11986.11
1969.61 11991.99
1970.61 11997.59
1971.60 12002.89
1972.60 12008.39
1973.60 12013.81
1974.60 12019.35
1975.60 12025.00
1976.59 12030.78
1977.60 12036.44
1978.61 12042.30
1979.61 12048.27
1980.61 12053.86
1981.61 12059.83
1982.59 12065.59
1983.61 12071.75
1984.61 12077.75
1985.61 12083.83
1986.61 12089.71
1987.60 12095.75
1988.61 12101.95
1989.60 12108.19
1990.61 12114.40
1991.61 12120.50
1992.60 12126.43
1993.60 12132.31
1994.61 12138.47
1995.60 12144.39
1996.60 12150.57
1997.60 12156.81
1998.60 12162.92
1999.61 12168.92
2000.60 12175.05
2001.60 12181.23
2002.61 12187.47
2003.60 12193.69
2004.61 12200.21
2005.60 12206.41
2006.61 12212.73
2007.61 12218.95
2008.60 12225.06
2009.60 12231.17
2010.60 12237.18
2011.60 12243.40
2012.61 12249.65
2013.59 12255.71
2014.59 12262.11
2015.60 12268.32
2016.61 12274.82
2017.61 12281.12
2018.60 12287.18
2019.60 12293.44
2020.60 12299.51
2021.61 12305.60
2022.61 12311.65
2023.61 12317.49
2024.61 12323.57
2025.61 12329.43
2026.59 12335.41
2027.60 12341.79
2028.60 12348.00
2029.61 12354.12
2030.61 12360.28
2031.61 12366.21
2032.61 12372.17
2033.60 12378.58
2034.61 12384.56
2035.61 12390.36
2036.60 12396.32
2037.60 12402.30
2038.60 12408.43
2039.60 12414.65
2040.60 12420.60
2041.62 12426.82
2042.60 12432.80
2043.60 12438.58
2044.60 12444.63
2045.60 12450.83
2046.60 12456.97
2047.60 12462.71
2048.60 12468.68
2049.60 12474.69
2050.60 12480.43
2051.61 12486.40
2052.61 12492.27
2053.61 12498.06
2054.61 12504.21
2055.61 12510.20
2056.60 12516.06
2057.61 12522.08
2058.61 12528.01
2059.61 12533.82
2060.60 12539.37
2061.60 12545.20
2062.61 12551.13
2063.61 12556.91
2064.61 12562.68
2065.60 12568.43
2066.60 12574.18
2067.61 12580.06
2068.61 12585.78
2069.61 12591.69
2070.61 12597.48
2071.61 12603.29
2072.61 12609.03
2073.61 12614.74
2074.61 12620.61
2075.61 12626.27
2076.61 12632.04
2077.61 12638.02
2078.60 12644.10
2079.60 12650.53
2080.61 12656.97
2081.60 12663.18
2082.60 12669.89
2083.61 12676.56
2084.60 12683.15
2085.60 12689.74
2086.60 12696.24
2087.60 12702.89
2088.60 12709.52
2089.60 12716.06
2090.60 12722.78
2091.60 12729.37
2092.60 12735.87
2093.60 12742.51
2094.60 12749.26
2095.60 12755.66
2096.61 12762.31
2097.61 12768.76
2098.61 12775.17
2099.61 12781.57
2100.61 12787.91
2101.61 12794.02
2102.61 12800.06
2103.60 12806.22
2104.61 12812.51
2105.61 12818.63
2106.61 12824.58
2107.60 12830.62
