1735.89 9103.74
1736.88 9108.42
1737.88 9113.61
1738.87 9118.77
1740.90 9129.35
1741.88 9134.40
1742.88 9139.50
1743.91 9144.69
1744.88 9149.82
1745.89 9155.00
1746.89 9160.08
1747.91 9165.50
1748.87 9170.41
1749.88 9175.62
1750.88 9180.78
1751.89 9186.01
1752.90 9191.10
1753.89 9196.07
1754.89 9201.19
1755.88 9206.40
1756.90 9211.82
1757.91 9217.22
1758.88 9222.39
1759.89 9227.56
1760.90 9232.59
1761.88 9237.52
1762.89 9242.69
1763.88 9247.92
1764.90 9252.87
1765.89 9258.03
1766.89 9263.06
1767.91 9268.17
1768.90 9272.91
1769.89 9278.07
1770.90 9283.33
1771.88 9288.20
1772.89 9293.37
1773.88 9298.75
1774.90 9303.67
1775.89 9308.73
1776.88 9313.89
1777.87 9319.07
1778.90 9324.16
1779.90 9329.10
1780.92 9334.46
1781.91 9339.57
1782.90 9344.65
1783.90 9349.83
1784.88 9354.94
1785.89 9360.11
1786.88 9365.13
1787.90 9370.21
1790.19 9382.18
1790.88 9385.73
1791.90 9390.86
1792.90 9395.85
1793.88 9400.86
1794.90 9406.15
1795.89 9411.22
1796.88 9416.36
1797.88 9421.68
1798.88 9426.70
1799.90 9432.13
1800.90 9437.28
1801.90 9442.49
1802.88 9447.55
1803.88 9452.62
1804.88 9457.29
1805.88 9462.48
1806.90 9467.59
1807.88 9472.70
1808.88 9478.11
1809.88 9483.27
1810.88 9488.33
1811.88 9493.70
1812.88 9498.53
1813.91 9503.96
1814.90 9508.95
1815.90 9513.99
1816.88 9519.16
1817.88 9524.57
1818.90 9530.05
1819.90 9535.34
1820.88 9540.51
1821.88 9545.80
1822.89 9551.10
1823.88 9556.43
1824.89 9561.69
1825.89 9567.00
1826.88 9572.32
1827.90 9577.97
1828.87 9583.18
1829.87 9588.83
1830.89 9594.54
1831.88 9599.83
1832.89 9605.18
1833.88 9610.41
1834.91 9615.76
1835.88 9620.74
1836.89 9625.93
1837.88 9630.97
1838.89 9636.24
1839.89 9641.32
1840.89 9646.40
1841.88 9651.32
1842.89 9656.29
1843.89 9661.37
1844.88 9666.24
1845.90 9671.33
1846.88 9675.92
1847.89 9680.99
1848.89 9686.02
1849.90 9690.93
1850.90 9695.87
1851.88 9700.72
1852.88 9705.60
1853.90 9710.76
1854.90 9715.76
1855.89 9720.62
1856.88 9725.62
1857.88 9730.77
1858.90 9735.94
1859.90 9741.03
1860.89 9746.04
1861.89 9750.88
1862.89 9755.89
1863.88 9760.92
1864.90 9766.20
1865.90 9771.15
1866.90 9776.23
1867.90 9781.24
1868.90 9786.21
1869.90 9791.08
1870.90 9796.16
1871.90 9800.95
1872.90 9805.92
1873.89 9810.65
1874.89 9815.72
1875.90 9820.90
1876.88 9826.03
1877.89 9831.34
1878.89 9836.33
1879.90 9841.61
1881.88 9851.71
1882.88 9856.87
1883.91 9862.16
1884.90 9867.14
1885.90 9872.16
1886.89 9877.35
1887.90 9882.69
1888.88 9887.67
1889.90 9893.01
1890.90 9898.05
1891.89 9902.92
1892.89 9908.18
1893.88 9913.41
1894.89 9918.28
1895.89 9923.38
1896.89 9928.40
1897.90 9933.64
1898.89 9938.89
1900.89 9949.24
1901.88 9954.06
1902.89 9959.32
1903.88 9964.56
1904.90 9969.95
1905.90 9975.24
1906.90 9980.28
1907.88 9985.45
1908.88 9990.68
1909.88 9995.79
1910.88 10000.93
1911.87 10006.14
1912.89 10011.51
1913.90 10016.94
1914.89 10021.98
1915.91 10027.13
1916.89 10032.14
1917.89 10037.31
1918.88 10042.58
1919.89 10047.52
1920.87 10051.11
1921.88 10055.07
1922.88 10060.21
1923.90 10065.67
1924.88 10070.79
1925.88 10076.05
1926.88 10081.48
1927.88 10085.47
1928.87 10090.25
1929.89 10095.32
1930.89 10100.24
1931.88 10104.74
1932.90 10109.87
1933.89 10114.93
1934.89 10120.29
1935.88 10125.36
1936.88 10130.71
1938.87 10141.33
1939.88 10146.82
1940.88 10151.95
1941.87 10157.06
1942.89 10162.06
1943.87 10166.87
1944.89 10171.78
1945.88 10176.55
1946.90 10181.50
1947.90 10186.54
1948.87 10191.08
1949.89 10196.21
1950.89 10201.18
1951.88 10206.38
1952.88 10211.56
1953.89 10216.39
1954.89 10220.90
1955.89 10225.99
1956.89 10231.10
1957.89 10236.28
1958.91 10241.52
1959.89 10246.85
1960.90 10252.44
1961.87 10257.45
1962.89 10262.90
1963.87 10268.12
1964.88 10273.38
1965.90 10278.92
1966.89 10284.23
1967.88 10289.52
1968.88 10294.83
1969.88 10300.02
1970.90 10305.05
1971.90 10310.31
1972.89 10315.25
1973.90 10320.18
1974.88 10325.21
1975.88 10330.17
1976.90 10335.08
1977.89 10339.79
1978.89 10344.76
