8.02 6.42 3.35 11/2877 11696
8.02 6.42 3.35 4/2876 11715
8.02 6.42 3.35 3/2875 11734
8.02 6.42 3.35 6/2872 11753
7.86 6.41 3.36 3/2875 11779
7.86 6.41 3.36 7/2875 11798
7.86 6.41 3.36 2/2875 11818
7.86 6.41 3.36 6/2875 11837
7.86 6.41 3.36 6/2874 11856
7.87 6.44 3.39 6/2874 11875
7.87 6.44 3.39 5/2874 11894
7.87 6.44 3.39 4/2874 11913
7.87 6.44 3.39 3/2874 11932
7.87 6.44 3.39 2/2874 11951
7.88 6.47 3.41 5/2872 11970
7.88 6.47 3.41 6/2873 11990
7.88 6.47 3.41 7/2873 12009
7.88 6.47 3.41 5/2873 12029
7.88 6.47 3.41 4/2873 12048
7.81 6.48 3.43 3/2870 12067
7.81 6.48 3.43 4/2868 12086
7.81 6.48 3.43 5/2871 12108
7.81 6.48 3.43 1/2871 12127
7.81 6.48 3.43 1/2871 12146
7.59 6.45 3.44 4/2871 12165
7.59 6.45 3.44 1/2871 12184
7.59 6.45 3.44 3/2871 12203
7.59 6.45 3.44 2/2871 12222
7.59 6.45 3.44 4/2871 12242
7.54 6.46 3.46 5/2871 12261
7.54 6.46 3.46 3/2871 12280
7.54 6.46 3.46 4/2871 12299
7.54 6.46 3.46 5/2871 12318
7.54 6.46 3.46 5/2868 12337
7.42 6.45 3.47 1/2868 12356
7.42 6.45 3.47 3/2868 12375
7.42 6.45 3.47 10/2868 12394
7.42 6.45 3.47 4/2868 12413
7.62 6.51 3.51 4/2868 12433
7.62 6.51 3.51 3/2868 12452
7.62 6.51 3.51 3/2868 12471
7.62 6.51 3.51 11/2869 12491
7.62 6.51 3.51 2/2869 12510
7.62 6.51 3.51 2/2869 12529
7.57 6.52 3.53 2/2869 12564
7.57 6.52 3.53 4/2869 12599
7.57 6.52 3.53 4/2869 12634
7.57 6.52 3.53 3/2869 12669
7.57 6.52 3.53 3/2869 12696
7.61 6.54 3.55 3/2869 12716
7.61 6.54 3.55 2/2869 12735
7.61 6.54 3.55 7/2869 12754
7.61 6.54 3.55 3/2869 12773
7.61 6.54 3.55 2/2869 12792
7.48 6.54 3.56 1/2869 12811
7.48 6.54 3.56 1/2869 12830
7.48 6.54 3.56 3/2869 12849
7.48 6.54 3.56 6/2869 12868
7.48 6.54 3.56 1/2869 12887
7.84 6.63 3.61 3/2869 12906
7.84 6.63 3.61 11/2869 12926
7.84 6.63 3.61 2/2869 12948
7.84 6.63 3.61 3/2869 12967
7.84 6.63 3.61 5/2864 12986
7.61 6.60 3.62 1/2864 13005
7.61 6.60 3.62 2/2864 13024
7.61 6.60 3.62 3/2864 13043
7.61 6.60 3.62 5/2864 13062
7.61 6.60 3.62 7/2862 13081
7.64 6.62 3.64 7/2862 13100
7.64 6.62 3.64 2/2862 13120
7.64 6.62 3.64 1/2862 13139
7.64 6.62 3.64 4/2862 13158
7.64 6.62 3.64 3/2862 13177
7.59 6.63 3.66 6/2862 13196
7.59 6.63 3.66 4/2862 13215
7.59 6.63 3.66 2/2862 13234
7.59 6.63 3.66 2/2862 13254
7.59 6.63 3.66 2/2862 13273
8.11 6.75 3.71 5/2862 13292
8.11 6.75 3.71 2/2862 13311
8.11 6.75 3.71 1/2862 13331
8.11 6.75 3.71 7/2862 13350
8.11 6.75 3.71 1/2862 13369
8.10 6.77 3.74 1/2862 13388
8.10 6.77 3.74 3/2862 13407
8.10 6.77 3.74 7/2862 13426
8.10 6.77 3.74 4/2862 13445
8.10 6.77 3.74 1/2862 13464
8.01 6.78 3.76 1/2862 13483
8.01 6.78 3.76 4/2862 13502
8.01 6.78 3.76 4/2862 13521
8.01 6.78 3.76 5/2862 13541
8.01 6.78 3.76 2/2862 13560
7.85 6.76 3.77 3/2862 13579
7.85 6.76 3.77 7/2862 13598
7.85 6.76 3.77 3/2862 13617
7.85 6.76 3.77 9/2862 13636
7.85 6.76 3.77 4/2862 13655
8.26 6.87 3.82 1/2862 13674
8.26 6.87 3.82 6/2862 13693
8.26 6.87 3.82 4/2862 13712
8.26 6.87 3.82 2/2862 13732
8.26 6.87 3.82 6/2862 13751
8.24 6.89 3.84 2/2861 13782
8.24 6.89 3.84 3/2861 13813
8.24 6.89 3.84 3/2861 13856
8.24 6.89 3.84 8/2861 13883
8.24 6.89 3.84 2/2861 13914
8.06 6.87 3.85 4/2861 13933
8.06 6.87 3.85 1/2861 13952
8.06 6.87 3.85 4/2861 13971
8.06 6.87 3.85 1/2861 13990
8.06 6.87 3.85 2/2861 14010
7.89 6.86 3.86 1/2861 14029
7.89 6.86 3.86 2/2861 14048
7.89 6.86 3.86 4/2861 14067
7.89 6.86 3.86 3/2861 14086
7.66 6.83 3.87 1/2861 14105
7.66 6.83 3.87 3/2861 14124
7.66 6.83 3.87 3/2860 14143
7.66 6.83 3.87 9/2860 14162
7.66 6.83 3.87 2/2872 14197
7.53 6.81 3.88 11/2873 14218
7.53 6.81 3.88 4/2873 14237
7.53 6.81 3.88 1/2873 14256
7.53 6.81 3.88 4/2873 14275
7.65 6.85 3.91 1/2872 14294
7.65 6.85 3.91 9/2872 14313
7.65 6.85 3.91 6/2872 14332
7.65 6.85 3.91 5/2874 14353
7.65 6.85 3.91 2/2874 14372
7.65 6.85 3.91 4/2874 14391
7.68 6.87 3.93 3/2874 14411
7.68 6.87 3.93 5/2874 14430
7.68 6.87 3.93 6/2874 14449
7.68 6.87 3.93 1/2874 14468
7.68 6.87 3.93 4/2874 14487
7.62 6.87 3.95 2/2874 14506
7.62 6.87 3.95 1/2874 14525
7.62 6.87 3.95 4/2874 14544
7.62 6.87 3.95 6/2874 14563
7.62 6.87 3.95 3/2874 14582
7.49 6.85 3.96 1/2874 14601
7.49 6.85 3.96 4/2874 14621
7.49 6.85 3.96 2/2874 14640
7.49 6.85 3.96 6/2874 14660
7.49 6.85 3.96 1/2874 14679
7.53 6.87 3.98 3/2874 14698
7.53 6.87 3.98 1/2874 14717
7.53 6.87 3.98 2/2874 14736
7.53 6.87 3.98 8/2878 14759
7.53 6.87 3.98 10/2907 14811
7.57 6.89 4.00 4/2911 14835
7.57 6.89 4.00 4/2911 14855
7.57 6.89 4.00 2/2911 14874
7.57 6.89 4.00 3/2911 14893
7.57 6.89 4.00 4/2910 14912
7.60 6.91 4.03 4/2910 14931
7.60 6.91 4.03 5/2910 14950
7.60 6.91 4.03 4/2910 14969
7.60 6.91 4.03 9/2910 14988
7.60 6.91 4.03 5/2910 15007
7.56 6.91 4.04 3/2910 15038
7.56 6.91 4.04 6/2908 15069
7.56 6.91 4.04 4/2908 15105
7.56 6.91 4.04 1/2908 15148
7.56 6.91 4.04 1/2908 15179
7.35 6.88 4.05 4/2908 15198
7.35 6.88 4.05 4/2907 15217
7.35 6.88 4.05 3/2907 15236
7.35 6.88 4.05 11/2907 15255
7.35 6.88 4.05 3/2907 15274
7.40 6.90 4.07 4/2907 15293
7.40 6.90 4.07 2/2908 15313
7.40 6.90 4.07 4/2908 15332
7.40 6.90 4.07 6/2908 15352
7.40 6.90 4.07 4/2908 15371
7.53 6.94 4.10 9/2907 15390
7.53 6.94 4.10 7/2907 15409
7.53 6.94 4.10 3/2905 15428
7.53 6.94 4.10 1/2901 15447
7.53 6.94 4.10 5/2897 15466
7.41 6.92 4.11 4/2897 15485
7.41 6.92 4.11 9/2897 15504
7.41 6.92 4.11 12/2897 15523
7.41 6.92 4.11 5/2895 15542
7.41 6.92 4.11 2/2893 15562
7.46 6.94 4.13 2/2893 15581
7.46 6.94 4.13 3/2893 15600
7.46 6.94 4.13 6/2891 15619
7.46 6.94 4.13 2/2891 15638
7.46 6.94 4.13 2/2891 15657
7.26 6.91 4.13 2/2891 15676
7.26 6.91 4.13 3/2891 15695
7.26 6.91 4.13 4/2891 15714
7.26 6.91 4.13 2/2891 15733
7.26 6.91 4.13 1/2891 15752
7.08 6.87 4.14 2/2891 15772
7.08 6.87 4.14 2/2891 15791
7.08 6.87 4.14 12/2891 15810
7.08 6.87 4.14 7/2891 15829
7.31 6.93 4.17 1/2891 15848
7.31 6.93 4.17 1/2891 15867
7.31 6.93 4.17 1/2891 15886
7.31 6.93 4.17 2/2891 15905
7.31 6.93 4.17 5/2891 15924
7.21 6.91 4.18 3/2891 15944
7.21 6.91 4.18 5/2891 15963
7.21 6.91 4.18 1/2891 15982
7.21 6.91 4.18 1/2883 16001
7.21 6.91 4.18 1/2880 16020
7.03 6.88 4.18 3/2875 16039
7.03 6.88 4.18 4/2875 16058
7.03 6.88 4.18 2/2875 16077
7.03 6.88 4.18 4/2875 16096
7.03 6.88 4.18 2/2865 16115
7.11 6.90 4.20 14/2861 16134
7.11 6.90 4.20 3/2861 16154
7.11 6.90 4.20 23/2861 16173
7.11 6.90 4.20 5/2861 16192
7.42 6.97 4.24 4/2861 16223
7.42 6.97 4.24 2/2861 16258
7.42 6.97 4.24 2/2861 16293
7.42 6.97 4.24 4/2861 16328
7.42 6.97 4.24 2/2861 16347
7.23 6.93 4.24 2/2861 16366
7.23 6.93 4.24 9/2861 16385
7.23 6.93 4.24 3/2861 16405
7.23 6.93 4.24 11/2861 16424
7.23 6.93 4.24 6/2861 16443
7.37 6.97 4.27 3/2861 16462
7.37 6.97 4.27 4/2861 16481
7.37 6.97 4.27 6/2861 16500
7.37 6.97 4.27 3/2861 16519
7.37 6.97 4.27 7/2861 16538
7.18 6.94 4.27 1/2861 16557
7.18 6.94 4.27 3/2861 16576
7.18 6.94 4.27 3/2863 16601
7.18 6.94 4.27 2/2863 16620
7.18 6.94 4.27 5/2863 16639
7.08 6.92 4.28 2/2869 16666
7.08 6.92 4.28 1/2869 16685
7.08 6.92 4.28 4/2869 16704
7.08 6.92 4.28 7/2869 16724
7.08 6.92 4.28 4/2869 16743
7.16 6.94 4.30 4/2869 16762
7.16 6.94 4.30 6/2869 16781
7.16 6.94 4.30 5/2869 16800
