02-28 04:16:19.464  5400  5400 I BatteryMgr:DataCollectionService: onStartCommand: begin
02-28 04:16:19.464  5400  5400 I BatteryMgr:DataCollectionService: onStartCommand: sampleRate => 1000
02-28 04:16:19.464  5400  5400 I BatteryMgr:DataCollectionService: onStartCommand: rawFields => Timestamp,BATTERY_PROPERTY_CURRENT_NOW,EXTRA_VOLTAGE
02-28 04:16:19.465  5400  5400 I BatteryMgr:DataCollectionService: onStartCommand: notification done
02-28 04:16:19.468  5400  5400 I BatteryMgr:DataCollectionService: started foreground
02-28 04:16:19.472  5400  5857 I BatteryMgr:DataCollectionService: collectData: begin
02-28 04:16:19.474  5400  5857 I BatteryMgr:DataCollectionService: stats => 1709090179474,-1912108,3971
02-28 04:16:20.478  5400  5857 I BatteryMgr:DataCollectionService: stats => 1709090180478,-1926268,3972
02-28 04:16:21.481  5400  5857 I BatteryMgr:DataCollectionService: stats => 1709090181481,-1949706,3972
02-28 04:16:22.485  5400  5857 I BatteryMgr:DataCollectionService: stats => 1709090182485,-1640624,3972
02-28 04:16:23.488  5400  5857 I BatteryMgr:DataCollectionService: stats => 1709090183488,-1446776,3972
02-28 04:16:24.492  5400  5857 I BatteryMgr:DataCollectionService: stats => 1709090184492,-1426268,3972
02-28 04:16:25.495  5400  5857 I BatteryMgr:DataCollectionService: stats => 1709090185495,-1416991,4012
02-28 04:16:26.498  5400  5857 I BatteryMgr:DataCollectionService: stats => 1709090186498,-1395995,4012
02-28 04:16:27.502  5400  5857 I BatteryMgr:DataCollectionService: stats => 1709090187502,-1399413,4012
02-28 04:16:28.505  5400  5857 I BatteryMgr:DataCollectionService: stats => 1709090188505,-1732420,4012
02-28 04:16:29.510  5400  5857 I BatteryMgr:DataCollectionService: stats => 1709090189509,-1870116,4012
02-28 04:16:30.513  5400  5857 I BatteryMgr:DataCollectionService: stats => 1709090190513,-1794920,3987
02-28 04:16:31.516  5400  5857 I BatteryMgr:DataCollectionService: stats => 1709090191516,-1528319,3987
02-28 04:16:32.520  5400  5857 I BatteryMgr:DataCollectionService: stats => 1709090192520,-1972655,3975
02-28 04:16:33.524  5400  5857 I BatteryMgr:DataCollectionService: stats => 1709090193524,-1863280,3975
02-28 04:16:34.529  5400  5857 I BatteryMgr:DataCollectionService: stats => 1709090194529,-1960936,3975
02-28 04:16:35.533  5400  5857 I BatteryMgr:DataCollectionService: stats => 1709090195533,-2022459,3975
02-28 04:16:36.537  5400  5857 I BatteryMgr:DataCollectionService: stats => 1709090196536,-1949217,3975
02-28 04:16:37.540  5400  5857 I BatteryMgr:DataCollectionService: stats => 1709090197540,-1902342,3975
02-28 04:16:38.542  5400  5857 I BatteryMgr:DataCollectionService: stats => 1709090198542,-1817870,3975
02-28 04:16:39.546  5400  5857 I BatteryMgr:DataCollectionService: stats => 1709090199546,-1828612,3975
02-28 04:16:40.550  5400  5857 I BatteryMgr:DataCollectionService: stats => 1709090200550,-2002440,3971
02-28 04:16:41.553  5400  5857 I BatteryMgr:DataCollectionService: stats => 1709090201553,-2026854,3971
02-28 04:16:42.557  5400  5857 I BatteryMgr:DataCollectionService: stats => 1709090202557,-2003416,3971
02-28 04:16:43.560  5400  5857 I BatteryMgr:DataCollectionService: stats => 1709090203560,-1870604,3971
02-28 04:16:44.564  5400  5857 I BatteryMgr:DataCollectionService: stats => 1709090204564,-1855467,3971
02-28 04:16:45.567  5400  5857 I BatteryMgr:DataCollectionService: stats => 1709090205567,-1814452,3971
02-28 04:16:46.570  5400  5857 I BatteryMgr:DataCollectionService: stats => 1709090206570,-1808592,3971
02-28 04:16:47.574  5400  5857 I BatteryMgr:DataCollectionService: stats => 1709090207574,-1840819,3971
02-28 04:16:48.578  5400  5857 I BatteryMgr:DataCollectionService: stats => 1709090208578,-1843749,3971
02-28 04:16:49.581  5400  5857 I BatteryMgr:DataCollectionService: stats => 1709090209581,-1428710,3971
02-28 04:16:50.584  5400  5857 I BatteryMgr:DataCollectionService: stats => 1709090210584,-1682128,4000
02-28 04:16:51.587  5400  5857 I BatteryMgr:DataCollectionService: stats => 1709090211587,-1872557,4000
02-28 04:16:52.590  5400  5857 I BatteryMgr:DataCollectionService: stats => 1709090212590,-1854491,4000
02-28 04:16:53.593  5400  5857 I BatteryMgr:DataCollectionService: stats => 1709090213593,-1827147,4000
02-28 04:16:54.596  5400  5857 I BatteryMgr:DataCollectionService: stats => 1709090214596,-1852538,4000
02-28 04:16:55.600  5400  5857 I BatteryMgr:DataCollectionService: stats => 1709090215600,-1841307,4000
02-28 04:16:56.603  5400  5857 I BatteryMgr:DataCollectionService: stats => 1709090216603,-1886229,4000
02-28 04:16:57.606  5400  5857 I BatteryMgr:DataCollectionService: stats => 1709090217606,-1856444,4000
02-28 04:16:58.609  5400  5857 I BatteryMgr:DataCollectionService: stats => 1709090218609,-1868651,4000
02-28 04:16:59.612  5400  5857 I BatteryMgr:DataCollectionService: stats => 1709090219612,-1729979,4000
02-28 04:17:00.616  5400  5857 I BatteryMgr:DataCollectionService: stats => 1709090220616,-1818846,3986
02-28 04:17:01.619  5400  5857 I BatteryMgr:DataCollectionService: stats => 1709090221619,-1849120,3986
02-28 04:17:02.622  5400  5857 I BatteryMgr:DataCollectionService: stats => 1709090222622,-1882323,3986
02-28 04:17:03.625  5400  5857 I BatteryMgr:DataCollectionService: stats => 1709090223625,-1856932,3986
02-28 04:17:04.628  5400  5857 I BatteryMgr:DataCollectionService: stats => 1709090224628,-1859374,3986
02-28 04:17:05.631  5400  5857 I BatteryMgr:DataCollectionService: stats => 1709090225631,-1867186,3986
02-28 04:17:06.635  5400  5857 I BatteryMgr:DataCollectionService: stats => 1709090226635,-1826659,3986
02-28 04:17:07.639  5400  5857 I BatteryMgr:DataCollectionService: stats => 1709090227639,-1802733,3986
02-28 04:17:08.642  5400  5857 I BatteryMgr:DataCollectionService: stats => 1709090228642,-1834959,3986
02-28 04:17:09.647  5400  5857 I BatteryMgr:DataCollectionService: stats => 1709090229647,-2030272,3986
02-28 04:17:10.651  5400  5857 I BatteryMgr:DataCollectionService: stats => 1709090230651,-2031248,3971
02-28 04:17:11.654  5400  5857 I BatteryMgr:DataCollectionService: stats => 1709090231654,-2004393,3971
02-28 04:17:12.658  5400  5857 I BatteryMgr:DataCollectionService: stats => 1709090232658,-1861815,3971
02-28 04:17:13.661  5400  5857 I BatteryMgr:DataCollectionService: stats => 1709090233661,-1818358,3971
02-28 04:17:14.664  5400  5857 I BatteryMgr:DataCollectionService: stats => 1709090234664,-1818846,3971
02-28 04:17:15.668  5400  5857 I BatteryMgr:DataCollectionService: stats => 1709090235668,-1858397,3971
02-28 04:17:16.670  5400  5857 I BatteryMgr:DataCollectionService: stats => 1709090236670,-1865233,3971
02-28 04:17:17.674  5400  5857 I BatteryMgr:DataCollectionService: stats => 1709090237674,-1845702,3971
02-28 04:17:18.677  5400  5857 I BatteryMgr:DataCollectionService: stats => 1709090238677,-1872557,3971
02-28 04:17:19.680  5400  5857 I BatteryMgr:DataCollectionService: stats => 1709090239680,-1867674,3971
02-28 04:17:20.683  5400  5857 I BatteryMgr:DataCollectionService: stats => 1709090240683,-1874022,3983
02-28 04:17:21.686  5400  5857 I BatteryMgr:DataCollectionService: stats => 1709090241686,-1878905,3983
02-28 04:17:22.689  5400  5857 I BatteryMgr:DataCollectionService: stats => 1709090242689,-1851561,3983
02-28 04:17:23.693  5400  5857 I BatteryMgr:DataCollectionService: stats => 1709090243693,-1873045,3983
02-28 04:17:24.696  5400  5857 I BatteryMgr:DataCollectionService: stats => 1709090244696,-1856932,3983
02-28 04:17:25.699  5400  5857 I BatteryMgr:DataCollectionService: stats => 1709090245699,-1857420,3983
02-28 04:17:26.703  5400  5857 I BatteryMgr:DataCollectionService: stats => 1709090246703,-1868163,3983
02-28 04:17:27.706  5400  5857 I BatteryMgr:DataCollectionService: stats => 1709090247706,-1838866,3983
02-28 04:17:28.709  5400  5857 I BatteryMgr:DataCollectionService: stats => 1709090248709,-1861327,3983
02-28 04:17:29.713  5400  5857 I BatteryMgr:DataCollectionService: stats => 1709090249713,-1798827,3983
02-28 04:17:30.716  5400  5857 I BatteryMgr:DataCollectionService: stats => 1709090250716,-1818846,3986
02-28 04:17:31.719  5400  5857 I BatteryMgr:DataCollectionService: stats => 1709090251719,-1859374,3986
02-28 04:17:32.722  5400  5857 I BatteryMgr:DataCollectionService: stats => 1709090252722,-1833495,3986
02-28 04:17:33.726  5400  5857 I BatteryMgr:DataCollectionService: stats => 1709090253726,-1829100,3986
02-28 04:17:34.729  5400  5857 I BatteryMgr:DataCollectionService: stats => 1709090254729,-1875487,3986
02-28 04:17:35.732  5400  5857 I BatteryMgr:DataCollectionService: stats => 1709090255732,-1828124,3986
02-28 04:17:36.736  5400  5857 I BatteryMgr:DataCollectionService: stats => 1709090256736,-1794432,3986
02-28 04:17:37.739  5400  5857 I BatteryMgr:DataCollectionService: stats => 1709090257738,-1806639,3986
02-28 04:17:38.742  5400  5857 I BatteryMgr:DataCollectionService: stats => 1709090258742,-1819335,3986
02-28 04:17:39.746  5400  5857 I BatteryMgr:DataCollectionService: stats => 1709090259746,-1887694,3986
02-28 04:17:40.749  5400  5857 I BatteryMgr:DataCollectionService: stats => 1709090260749,-2020995,3980
02-28 04:17:41.754  5400  5857 I BatteryMgr:DataCollectionService: stats => 1709090261754,-2036131,3980
02-28 04:17:42.757  5400  5857 I BatteryMgr:DataCollectionService: stats => 1709090262757,-1843749,3980
02-28 04:17:43.760  5400  5857 I BatteryMgr:DataCollectionService: stats => 1709090263760,-1840819,3980
02-28 04:17:44.763  5400  5857 I BatteryMgr:DataCollectionService: stats => 1709090264763,-1853026,3980
02-28 04:17:45.767  5400  5857 I BatteryMgr:DataCollectionService: stats => 1709090265766,-1829588,3980
02-28 04:17:46.770  5400  5857 I BatteryMgr:DataCollectionService: stats => 1709090266770,-1825194,3980
02-28 04:17:47.774  5400  5857 I BatteryMgr:DataCollectionService: stats => 1709090267774,-1858397,3980
02-28 04:17:48.778  5400  5857 I BatteryMgr:DataCollectionService: stats => 1709090268777,-1860350,3980
02-28 04:17:49.786  5400  5857 I BatteryMgr:DataCollectionService: stats => 1709090269786,-1864256,3980
02-28 04:17:50.789  5400  5857 I BatteryMgr:DataCollectionService: stats => 1709090270789,-1855956,3982
02-28 04:17:51.792  5400  5857 I BatteryMgr:DataCollectionService: stats => 1709090271792,-1832518,3982
02-28 04:17:52.796  5400  5857 I BatteryMgr:DataCollectionService: stats => 1709090272796,-1835448,3982
02-28 04:17:53.799  5400  5857 I BatteryMgr:DataCollectionService: stats => 1709090273799,-1830077,3982
02-28 04:17:54.803  5400  5857 I BatteryMgr:DataCollectionService: stats => 1709090274803,-1845702,3982
02-28 04:17:55.806  5400  5857 I BatteryMgr:DataCollectionService: stats => 1709090275806,-1839842,3982
02-28 04:17:56.809  5400  5857 I BatteryMgr:DataCollectionService: stats => 1709090276809,-1844725,3982
02-28 04:17:57.812  5400  5857 I BatteryMgr:DataCollectionService: stats => 1709090277812,-1833495,3982
02-28 04:17:58.816  5400  5857 I BatteryMgr:DataCollectionService: stats => 1709090278816,-1809569,3982
02-28 04:17:59.819  5400  5857 I BatteryMgr:DataCollectionService: stats => 1709090279819,-1860838,3981
02-28 04:18:00.822  5400  5857 I BatteryMgr:DataCollectionService: stats => 1709090280822,-1850096,3981
02-28 04:18:01.826  5400  5857 I BatteryMgr:DataCollectionService: stats => 1709090281826,-1833495,3981
02-28 04:18:02.829  5400  5857 I BatteryMgr:DataCollectionService: stats => 1709090282829,-1821776,3981
02-28 04:18:03.833  5400  5857 I BatteryMgr:DataCollectionService: stats => 1709090283833,-1816893,3981
02-28 04:18:04.837  5400  5857 I BatteryMgr:DataCollectionService: stats => 1709090284837,-1842284,3981
02-28 04:18:05.840  5400  5857 I BatteryMgr:DataCollectionService: stats => 1709090285840,-1828124,3981
02-28 04:18:06.843  5400  5857 I BatteryMgr:DataCollectionService: stats => 1709090286843,-1868163,3981
02-28 04:18:07.846  5400  5857 I BatteryMgr:DataCollectionService: stats => 1709090287846,-1884764,3981
02-28 04:18:08.850  5400  5857 I BatteryMgr:DataCollectionService: stats => 1709090288850,-1859374,3981
02-28 04:18:09.854  5400  5857 I BatteryMgr:DataCollectionService: stats => 1709090289853,-1913084,3977
02-28 04:18:10.857  5400  5857 I BatteryMgr:DataCollectionService: stats => 1709090290857,-1962889,3977
02-28 04:18:11.861  5400  5857 I BatteryMgr:DataCollectionService: stats => 1709090291861,-1967284,3977
02-28 04:18:12.865  5400  5857 I BatteryMgr:DataCollectionService: stats => 1709090292865,-1996581,3977
02-28 04:18:13.868  5400  5857 I BatteryMgr:DataCollectionService: stats => 1709090293868,-2025389,3977
02-28 04:18:14.872  5400  5857 I BatteryMgr:DataCollectionService: stats => 1709090294871,-2036131,3977
02-28 04:18:15.875  5400  5857 I BatteryMgr:DataCollectionService: stats => 1709090295875,-1884764,3977
02-28 04:18:16.878  5400  5857 I BatteryMgr:DataCollectionService: stats => 1709090296878,-1814940,3977
02-28 04:18:17.881  5400  5857 I BatteryMgr:DataCollectionService: stats => 1709090297881,-1833006,3977
02-28 04:18:18.885  5400  5857 I BatteryMgr:DataCollectionService: stats => 1709090298885,-1828612,3977
02-28 04:18:19.889  5400  5857 I BatteryMgr:DataCollectionService: stats => 1709090299889,-1824217,3982
02-28 04:18:20.892  5400  5857 I BatteryMgr:DataCollectionService: stats => 1709090300892,-1837401,3980
02-28 04:18:21.895  5400  5857 I BatteryMgr:DataCollectionService: stats => 1709090301895,-1845213,3980
02-28 04:18:22.898  5400  5857 I BatteryMgr:DataCollectionService: stats => 1709090302898,-1827635,3980
02-28 04:18:23.901  5400  5857 I BatteryMgr:DataCollectionService: stats => 1709090303901,-1842284,3980
02-28 04:18:24.904  5400  5857 I BatteryMgr:DataCollectionService: stats => 1709090304904,-1867186,3980
02-28 04:18:25.907  5400  5857 I BatteryMgr:DataCollectionService: stats => 1709090305907,-1870604,3980
02-28 04:18:26.911  5400  5857 I BatteryMgr:DataCollectionService: stats => 1709090306911,-1826659,3980
02-28 04:18:27.914  5400  5857 I BatteryMgr:DataCollectionService: stats => 1709090307914,-1837401,3980
02-28 04:18:28.917  5400  5857 I BatteryMgr:DataCollectionService: stats => 1709090308917,-1833495,3980
02-28 04:18:29.921  5400  5857 I BatteryMgr:DataCollectionService: stats => 1709090309921,-1836424,3981
02-28 04:18:30.924  5400  5857 I BatteryMgr:DataCollectionService: stats => 1709090310924,-1829100,3981
02-28 04:18:31.927  5400  5857 I BatteryMgr:DataCollectionService: stats => 1709090311927,-1840819,3981
02-28 04:18:32.930  5400  5857 I BatteryMgr:DataCollectionService: stats => 1709090312930,-1864745,3981
02-28 04:18:33.934  5400  5857 I BatteryMgr:DataCollectionService: stats => 1709090313934,-1832030,3981
02-28 04:18:34.938  5400  5857 I BatteryMgr:DataCollectionService: stats => 1709090314937,-1841307,3981
02-28 04:18:35.941  5400  5857 I BatteryMgr:DataCollectionService: stats => 1709090315941,-1831542,3981
02-28 04:18:36.944  5400  5857 I BatteryMgr:DataCollectionService: stats => 1709090316944,-1813475,3981
02-28 04:18:37.946  5400  5857 I BatteryMgr:DataCollectionService: stats => 1709090317946,-1837401,3981
02-28 04:18:38.950  5400  5857 I BatteryMgr:DataCollectionService: stats => 1709090318950,-1839354,3981
02-28 04:18:39.953  5400  5857 I BatteryMgr:DataCollectionService: stats => 1709090319953,-1856444,3979
02-28 04:18:40.957  5400  5857 I BatteryMgr:DataCollectionService: stats => 1709090320957,-1845213,3979
02-28 04:18:41.960  5400  5857 I BatteryMgr:DataCollectionService: stats => 1709090321960,-1833983,3979
02-28 04:18:42.963  5400  5857 I BatteryMgr:DataCollectionService: stats => 1709090322963,-2019530,3979
02-28 04:18:43.967  5400  5857 I BatteryMgr:DataCollectionService: stats => 1709090323967,-2003905,3979
02-28 04:18:44.971  5400  5857 I BatteryMgr:DataCollectionService: stats => 1709090324971,-2011717,3979
02-28 04:18:45.974  5400  5857 I BatteryMgr:DataCollectionService: stats => 1709090325974,-2014159,3979
02-28 04:18:46.977  5400  5857 I BatteryMgr:DataCollectionService: stats => 1709090326977,-1926756,3979
02-28 04:18:47.981  5400  5857 I BatteryMgr:DataCollectionService: stats => 1709090327981,-1833983,3979
02-28 04:18:48.984  5400  5857 I BatteryMgr:DataCollectionService: stats => 1709090328984,-1845702,3979
02-28 04:18:49.987  5400  5857 I BatteryMgr:DataCollectionService: stats => 1709090329987,-1842772,3979
02-28 04:18:50.990  5400  5857 I BatteryMgr:DataCollectionService: stats => 1709090330990,-1858397,3979
02-28 04:18:51.994  5400  5857 I BatteryMgr:DataCollectionService: stats => 1709090331994,-1848143,3979
02-28 04:18:52.997  5400  5857 I BatteryMgr:DataCollectionService: stats => 1709090332997,-1836424,3979
02-28 04:18:54.000  5400  5857 I BatteryMgr:DataCollectionService: stats => 1709090334000,-1822752,3979
02-28 04:18:55.003  5400  5857 I BatteryMgr:DataCollectionService: stats => 1709090335003,-1840819,3979
02-28 04:18:56.006  5400  5857 I BatteryMgr:DataCollectionService: stats => 1709090336006,-1848631,3979
02-28 04:18:57.009  5400  5857 I BatteryMgr:DataCollectionService: stats => 1709090337009,-1863280,3979
02-28 04:18:58.012  5400  5857 I BatteryMgr:DataCollectionService: stats => 1709090338012,-1847655,3979
02-28 04:18:59.015  5400  5857 I BatteryMgr:DataCollectionService: stats => 1709090339015,-1837401,3979
02-28 04:19:00.020  5400  5857 I BatteryMgr:DataCollectionService: stats => 1709090340020,-1863280,3977
02-28 04:19:01.023  5400  5857 I BatteryMgr:DataCollectionService: stats => 1709090341023,-1848631,3977
02-28 04:19:02.026  5400  5857 I BatteryMgr:DataCollectionService: stats => 1709090342025,-1836424,3977
02-28 04:19:03.031  5400  5857 I BatteryMgr:DataCollectionService: stats => 1709090343031,-1840819,3977
02-28 04:19:04.034  5400  5857 I BatteryMgr:DataCollectionService: stats => 1709090344034,-1856932,3977
02-28 04:19:05.037  5400  5857 I BatteryMgr:DataCollectionService: stats => 1709090345037,-1867674,3977
02-28 04:19:06.040  5400  5857 I BatteryMgr:DataCollectionService: stats => 1709090346040,-1859374,3977
02-28 04:19:07.043  5400  5857 I BatteryMgr:DataCollectionService: stats => 1709090347043,-1830565,3977
02-28 04:19:08.047  5400  5857 I BatteryMgr:DataCollectionService: stats => 1709090348047,-1857909,3977
02-28 04:19:09.052  5400  5857 I BatteryMgr:DataCollectionService: stats => 1709090349052,-1837401,3977
02-28 04:19:10.056  5400  5857 I BatteryMgr:DataCollectionService: stats => 1709090350056,-1818846,3979
02-28 04:19:11.059  5400  5857 I BatteryMgr:DataCollectionService: stats => 1709090351059,-1853514,3979
02-28 04:19:12.062  5400  5857 I BatteryMgr:DataCollectionService: stats => 1709090352062,-1853026,3979
02-28 04:19:13.066  5400  5857 I BatteryMgr:DataCollectionService: stats => 1709090353065,-1909666,3979
02-28 04:19:14.071  5400  5857 I BatteryMgr:DataCollectionService: stats => 1709090354071,-1951170,3979
02-28 04:19:15.074  5400  5857 I BatteryMgr:DataCollectionService: stats => 1709090355074,-1991209,3967
02-28 04:19:16.078  5400  5857 I BatteryMgr:DataCollectionService: stats => 1709090356078,-1975584,3967
02-28 04:19:17.081  5400  5857 I BatteryMgr:DataCollectionService: stats => 1709090357081,-1980467,3967
02-28 04:19:18.084  5400  5857 I BatteryMgr:DataCollectionService: stats => 1709090358084,-1967772,3967
02-28 04:19:19.088  5400  5857 I BatteryMgr:DataCollectionService: stats => 1709090359088,-1881346,3967
02-28 04:19:20.091  5400  5857 I BatteryMgr:DataCollectionService: stats => 1709090360091,-1852538,3977
02-28 04:19:21.094  5400  5857 I BatteryMgr:DataCollectionService: stats => 1709090361094,-1828612,3977
02-28 04:19:22.097  5400  5857 I BatteryMgr:DataCollectionService: stats => 1709090362097,-1854491,3977
02-28 04:19:23.100  5400  5857 I BatteryMgr:DataCollectionService: stats => 1709090363100,-1860838,3977
02-28 04:19:24.103  5400  5857 I BatteryMgr:DataCollectionService: stats => 1709090364103,-1835936,3977
02-28 04:19:25.106  5400  5857 I BatteryMgr:DataCollectionService: stats => 1709090365106,-1853514,3977
02-28 04:19:26.110  5400  5857 I BatteryMgr:DataCollectionService: stats => 1709090366109,-1838377,3977
02-28 04:19:27.113  5400  5857 I BatteryMgr:DataCollectionService: stats => 1709090367113,-1860350,3977
02-28 04:19:28.117  5400  5857 I BatteryMgr:DataCollectionService: stats => 1709090368117,-1856932,3977
02-28 04:19:29.120  5400  5857 I BatteryMgr:DataCollectionService: stats => 1709090369120,-1921874,3977
02-28 04:19:30.126  5400  5857 I BatteryMgr:DataCollectionService: stats => 1709090370126,-1883299,3973
02-28 04:19:31.129  5400  5857 I BatteryMgr:DataCollectionService: stats => 1709090371129,-1854491,3973
02-28 04:19:32.133  5400  5857 I BatteryMgr:DataCollectionService: stats => 1709090372133,-1829588,3973
02-28 04:19:33.136  5400  5857 I BatteryMgr:DataCollectionService: stats => 1709090373136,-1821288,3973
02-28 04:19:34.139  5400  5857 I BatteryMgr:DataCollectionService: stats => 1709090374139,-1847167,3973
02-28 04:19:35.141  5400  5857 I BatteryMgr:DataCollectionService: stats => 1709090375141,-1852538,3973
02-28 04:19:36.145  5400  5857 I BatteryMgr:DataCollectionService: stats => 1709090376145,-1854491,3973
02-28 04:19:37.149  5400  5857 I BatteryMgr:DataCollectionService: stats => 1709090377149,-1859374,3973
02-28 04:19:38.152  5400  5857 I BatteryMgr:DataCollectionService: stats => 1709090378152,-1831542,3973
02-28 04:19:39.155  5400  5857 I BatteryMgr:DataCollectionService: stats => 1709090379155,-1817870,3973
02-28 04:19:40.158  5400  5857 I BatteryMgr:DataCollectionService: stats => 1709090380158,-1844725,3975
02-28 04:19:41.161  5400  5857 I BatteryMgr:DataCollectionService: stats => 1709090381161,-1839842,3975
02-28 04:19:42.164  5400  5857 I BatteryMgr:DataCollectionService: stats => 1709090382164,-1842284,3975
02-28 04:19:43.168  5400  5857 I BatteryMgr:DataCollectionService: stats => 1709090383167,-1833495,3975
02-28 04:19:44.170  5400  5857 I BatteryMgr:DataCollectionService: stats => 1709090384170,-1847167,3975
02-28 04:19:45.176  5400  5857 I BatteryMgr:DataCollectionService: stats => 1709090385176,-1855467,3975
02-28 04:19:46.180  5400  5857 I BatteryMgr:DataCollectionService: stats => 1709090386180,-1946776,3975
02-28 04:19:47.183  5400  5857 I BatteryMgr:DataCollectionService: stats => 1709090387183,-2008299,3975
02-28 04:19:48.188  5400  5857 I BatteryMgr:DataCollectionService: stats => 1709090388188,-2031737,3975
02-28 04:19:49.191  5400  5857 I BatteryMgr:DataCollectionService: stats => 1709090389191,-2031737,3975
02-28 04:19:50.194  5400  5857 I BatteryMgr:DataCollectionService: stats => 1709090390194,-1893065,3970
02-28 04:19:51.197  5400  5857 I BatteryMgr:DataCollectionService: stats => 1709090391197,-1879881,3970
02-28 04:19:52.200  5400  5857 I BatteryMgr:DataCollectionService: stats => 1709090392200,-1853514,3970
02-28 04:19:53.204  5400  5857 I BatteryMgr:DataCollectionService: stats => 1709090393203,-1827635,3970
02-28 04:19:54.207  5400  5857 I BatteryMgr:DataCollectionService: stats => 1709090394207,-1847655,3970
02-28 04:19:55.210  5400  5857 I BatteryMgr:DataCollectionService: stats => 1709090395210,-1881834,3970
02-28 04:19:56.213  5400  5857 I BatteryMgr:DataCollectionService: stats => 1709090396213,-1860350,3970
02-28 04:19:57.216  5400  5857 I BatteryMgr:DataCollectionService: stats => 1709090397215,-1852538,3970
02-28 04:19:58.218  5400  5857 I BatteryMgr:DataCollectionService: stats => 1709090398218,-1845702,3970
02-28 04:19:59.221  5400  5857 I BatteryMgr:DataCollectionService: stats => 1709090399221,-1840331,3970
02-28 04:20:00.225  5400  5857 I BatteryMgr:DataCollectionService: stats => 1709090400225,-1807127,3976
02-28 04:20:01.229  5400  5857 I BatteryMgr:DataCollectionService: stats => 1709090401228,-1437499,3976
02-28 04:20:02.232  5400  5857 I BatteryMgr:DataCollectionService: stats => 1709090402232,-1865721,3976
02-28 04:20:03.235  5400  5857 I BatteryMgr:DataCollectionService: stats => 1709090403235,-1831053,3976
02-28 04:20:04.238  5400  5857 I BatteryMgr:DataCollectionService: stats => 1709090404238,-1805663,3976
02-28 04:20:05.241  5400  5857 I BatteryMgr:DataCollectionService: stats => 1709090405240,-1766112,3976
02-28 04:20:06.244  5400  5857 I BatteryMgr:DataCollectionService: stats => 1709090406244,-1780760,3976
02-28 04:20:07.247  5400  5857 I BatteryMgr:DataCollectionService: stats => 1709090407246,-1611815,3976
02-28 04:20:08.250  5400  5857 I BatteryMgr:DataCollectionService: stats => 1709090408250,-1771483,3976
02-28 04:20:09.257  5400  5857 I BatteryMgr:DataCollectionService: stats => 1709090409257,-1794432,3976
02-28 04:20:10.262  5400  5857 I BatteryMgr:DataCollectionService: stats => 1709090410262,-2023924,3978
02-28 04:20:11.265  5400  5857 I BatteryMgr:DataCollectionService: stats => 1709090411265,-1789061,3978
02-28 04:20:12.268  5400  5857 I BatteryMgr:DataCollectionService: stats => 1709090412268,-1815428,3978
02-28 04:20:13.271  5400  5857 I BatteryMgr:DataCollectionService: stats => 1709090413271,-1783202,3978
02-28 04:20:14.274  5400  5857 I BatteryMgr:DataCollectionService: stats => 1709090414274,-1774901,3978
