timestamp,id,uuid,load,memoryUtil,memoryTotal,memoryFree,driver,name,serial,display_mode,display_active
1709094238.310438,0,GPU-a71d5fd4-b7db-93b7-1b7a-5a6e2a6a8c65,0.2,0.393359375,10240.0,6212.0,472.12,NVIDIA GeForce RTX 3080,[N/A],Enabled,Enabled
1709094239.314915,0,GPU-a71d5fd4-b7db-93b7-1b7a-5a6e2a6a8c65,0.17,0.3947265625,10240.0,6198.0,472.12,NVIDIA GeForce RTX 3080,[N/A],Enabled,Enabled
1709094240.31287,0,GPU-a71d5fd4-b7db-93b7-1b7a-5a6e2a6a8c65,0.11,0.4986328125,10240.0,5134.0,472.12,NVIDIA GeForce RTX 3080,[N/A],Enabled,Enabled
1709094241.306709,0,GPU-a71d5fd4-b7db-93b7-1b7a-5a6e2a6a8c65,0.11,0.4986328125,10240.0,5134.0,472.12,NVIDIA GeForce RTX 3080,[N/A],Enabled,Enabled
1709094242.302903,0,GPU-a71d5fd4-b7db-93b7-1b7a-5a6e2a6a8c65,0.11,0.4986328125,10240.0,5134.0,472.12,NVIDIA GeForce RTX 3080,[N/A],Enabled,Enabled
1709094243.311755,0,GPU-a71d5fd4-b7db-93b7-1b7a-5a6e2a6a8c65,0.12,0.38623046875,10240.0,6285.0,472.12,NVIDIA GeForce RTX 3080,[N/A],Enabled,Enabled
1709094244.30917,0,GPU-a71d5fd4-b7db-93b7-1b7a-5a6e2a6a8c65,0.21,0.51923828125,10240.0,4923.0,472.12,NVIDIA GeForce RTX 3080,[N/A],Enabled,Enabled
1709094245.303724,0,GPU-a71d5fd4-b7db-93b7-1b7a-5a6e2a6a8c65,0.15,0.45107421875,10240.0,5621.0,472.12,NVIDIA GeForce RTX 3080,[N/A],Enabled,Enabled
1709094246.316128,0,GPU-a71d5fd4-b7db-93b7-1b7a-5a6e2a6a8c65,0.15,0.45107421875,10240.0,5621.0,472.12,NVIDIA GeForce RTX 3080,[N/A],Enabled,Enabled
1709094247.314893,0,GPU-a71d5fd4-b7db-93b7-1b7a-5a6e2a6a8c65,0.15,0.4509765625,10240.0,5622.0,472.12,NVIDIA GeForce RTX 3080,[N/A],Enabled,Enabled
1709094248.307845,0,GPU-a71d5fd4-b7db-93b7-1b7a-5a6e2a6a8c65,0.07,0.4955078125,10240.0,5166.0,472.12,NVIDIA GeForce RTX 3080,[N/A],Enabled,Enabled
1709094249.306007,0,GPU-a71d5fd4-b7db-93b7-1b7a-5a6e2a6a8c65,0.15,0.45205078125,10240.0,5611.0,472.12,NVIDIA GeForce RTX 3080,[N/A],Enabled,Enabled
1709094250.313799,0,GPU-a71d5fd4-b7db-93b7-1b7a-5a6e2a6a8c65,0.15,0.45205078125,10240.0,5611.0,472.12,NVIDIA GeForce RTX 3080,[N/A],Enabled,Enabled
1709094251.310146,0,GPU-a71d5fd4-b7db-93b7-1b7a-5a6e2a6a8c65,0.14,0.44833984375,10240.0,5649.0,472.12,NVIDIA GeForce RTX 3080,[N/A],Enabled,Enabled
1709094252.314873,0,GPU-a71d5fd4-b7db-93b7-1b7a-5a6e2a6a8c65,0.16,0.45205078125,10240.0,5611.0,472.12,NVIDIA GeForce RTX 3080,[N/A],Enabled,Enabled
1709094253.310119,0,GPU-a71d5fd4-b7db-93b7-1b7a-5a6e2a6a8c65,0.14,0.44833984375,10240.0,5649.0,472.12,NVIDIA GeForce RTX 3080,[N/A],Enabled,Enabled
1709094254.303859,0,GPU-a71d5fd4-b7db-93b7-1b7a-5a6e2a6a8c65,0.15,0.45205078125,10240.0,5611.0,472.12,NVIDIA GeForce RTX 3080,[N/A],Enabled,Enabled
1709094255.313104,0,GPU-a71d5fd4-b7db-93b7-1b7a-5a6e2a6a8c65,0.14,0.44833984375,10240.0,5649.0,472.12,NVIDIA GeForce RTX 3080,[N/A],Enabled,Enabled
1709094256.30946,0,GPU-a71d5fd4-b7db-93b7-1b7a-5a6e2a6a8c65,0.14,0.44833984375,10240.0,5649.0,472.12,NVIDIA GeForce RTX 3080,[N/A],Enabled,Enabled
1709094257.315828,0,GPU-a71d5fd4-b7db-93b7-1b7a-5a6e2a6a8c65,0.15,0.45205078125,10240.0,5611.0,472.12,NVIDIA GeForce RTX 3080,[N/A],Enabled,Enabled
1709094258.309873,0,GPU-a71d5fd4-b7db-93b7-1b7a-5a6e2a6a8c65,0.13,0.44833984375,10240.0,5649.0,472.12,NVIDIA GeForce RTX 3080,[N/A],Enabled,Enabled
1709094259.302707,0,GPU-a71d5fd4-b7db-93b7-1b7a-5a6e2a6a8c65,0.14,0.44833984375,10240.0,5649.0,472.12,NVIDIA GeForce RTX 3080,[N/A],Enabled,Enabled
1709094260.315893,0,GPU-a71d5fd4-b7db-93b7-1b7a-5a6e2a6a8c65,0.14,0.44833984375,10240.0,5649.0,472.12,NVIDIA GeForce RTX 3080,[N/A],Enabled,Enabled
1709094261.308772,0,GPU-a71d5fd4-b7db-93b7-1b7a-5a6e2a6a8c65,0.14,0.44833984375,10240.0,5649.0,472.12,NVIDIA GeForce RTX 3080,[N/A],Enabled,Enabled
1709094262.30695,0,GPU-a71d5fd4-b7db-93b7-1b7a-5a6e2a6a8c65,0.15,0.45205078125,10240.0,5611.0,472.12,NVIDIA GeForce RTX 3080,[N/A],Enabled,Enabled
1709094263.302675,0,GPU-a71d5fd4-b7db-93b7-1b7a-5a6e2a6a8c65,0.14,0.44833984375,10240.0,5649.0,472.12,NVIDIA GeForce RTX 3080,[N/A],Enabled,Enabled
1709094264.312986,0,GPU-a71d5fd4-b7db-93b7-1b7a-5a6e2a6a8c65,0.13,0.44833984375,10240.0,5649.0,472.12,NVIDIA GeForce RTX 3080,[N/A],Enabled,Enabled
1709094265.307972,0,GPU-a71d5fd4-b7db-93b7-1b7a-5a6e2a6a8c65,0.15,0.45205078125,10240.0,5611.0,472.12,NVIDIA GeForce RTX 3080,[N/A],Enabled,Enabled
1709094266.314829,0,GPU-a71d5fd4-b7db-93b7-1b7a-5a6e2a6a8c65,0.13,0.45078125,10240.0,5624.0,472.12,NVIDIA GeForce RTX 3080,[N/A],Enabled,Enabled
1709094267.310374,0,GPU-a71d5fd4-b7db-93b7-1b7a-5a6e2a6a8c65,0.17,0.4615234375,10240.0,5514.0,472.12,NVIDIA GeForce RTX 3080,[N/A],Enabled,Enabled
1709094268.306152,0,GPU-a71d5fd4-b7db-93b7-1b7a-5a6e2a6a8c65,0.19,0.4615234375,10240.0,5514.0,472.12,NVIDIA GeForce RTX 3080,[N/A],Enabled,Enabled
1709094269.318037,0,GPU-a71d5fd4-b7db-93b7-1b7a-5a6e2a6a8c65,0.17,0.4615234375,10240.0,5514.0,472.12,NVIDIA GeForce RTX 3080,[N/A],Enabled,Enabled
1709094270.311835,0,GPU-a71d5fd4-b7db-93b7-1b7a-5a6e2a6a8c65,0.18,0.4615234375,10240.0,5514.0,472.12,NVIDIA GeForce RTX 3080,[N/A],Enabled,Enabled
1709094271.302861,0,GPU-a71d5fd4-b7db-93b7-1b7a-5a6e2a6a8c65,0.18,0.4615234375,10240.0,5514.0,472.12,NVIDIA GeForce RTX 3080,[N/A],Enabled,Enabled
1709094272.315663,0,GPU-a71d5fd4-b7db-93b7-1b7a-5a6e2a6a8c65,0.17,0.4615234375,10240.0,5514.0,472.12,NVIDIA GeForce RTX 3080,[N/A],Enabled,Enabled
1709094273.314699,0,GPU-a71d5fd4-b7db-93b7-1b7a-5a6e2a6a8c65,0.17,0.4615234375,10240.0,5514.0,472.12,NVIDIA GeForce RTX 3080,[N/A],Enabled,Enabled
1709094274.30877,0,GPU-a71d5fd4-b7db-93b7-1b7a-5a6e2a6a8c65,0.18,0.4615234375,10240.0,5514.0,472.12,NVIDIA GeForce RTX 3080,[N/A],Enabled,Enabled
1709094275.30601,0,GPU-a71d5fd4-b7db-93b7-1b7a-5a6e2a6a8c65,0.18,0.4615234375,10240.0,5514.0,472.12,NVIDIA GeForce RTX 3080,[N/A],Enabled,Enabled
1709094276.303706,0,GPU-a71d5fd4-b7db-93b7-1b7a-5a6e2a6a8c65,0.18,0.4615234375,10240.0,5514.0,472.12,NVIDIA GeForce RTX 3080,[N/A],Enabled,Enabled
1709094277.310391,0,GPU-a71d5fd4-b7db-93b7-1b7a-5a6e2a6a8c65,0.18,0.4615234375,10240.0,5514.0,472.12,NVIDIA GeForce RTX 3080,[N/A],Enabled,Enabled
1709094278.305872,0,GPU-a71d5fd4-b7db-93b7-1b7a-5a6e2a6a8c65,0.18,0.4615234375,10240.0,5514.0,472.12,NVIDIA GeForce RTX 3080,[N/A],Enabled,Enabled
1709094279.314816,0,GPU-a71d5fd4-b7db-93b7-1b7a-5a6e2a6a8c65,0.18,0.4615234375,10240.0,5514.0,472.12,NVIDIA GeForce RTX 3080,[N/A],Enabled,Enabled
1709094280.309018,0,GPU-a71d5fd4-b7db-93b7-1b7a-5a6e2a6a8c65,0.18,0.4615234375,10240.0,5514.0,472.12,NVIDIA GeForce RTX 3080,[N/A],Enabled,Enabled
1709094281.305089,0,GPU-a71d5fd4-b7db-93b7-1b7a-5a6e2a6a8c65,0.18,0.4615234375,10240.0,5514.0,472.12,NVIDIA GeForce RTX 3080,[N/A],Enabled,Enabled
1709094282.317351,0,GPU-a71d5fd4-b7db-93b7-1b7a-5a6e2a6a8c65,0.19,0.4615234375,10240.0,5514.0,472.12,NVIDIA GeForce RTX 3080,[N/A],Enabled,Enabled
1709094283.313372,0,GPU-a71d5fd4-b7db-93b7-1b7a-5a6e2a6a8c65,0.18,0.4615234375,10240.0,5514.0,472.12,NVIDIA GeForce RTX 3080,[N/A],Enabled,Enabled
1709094284.312835,0,GPU-a71d5fd4-b7db-93b7-1b7a-5a6e2a6a8c65,0.19,0.4615234375,10240.0,5514.0,472.12,NVIDIA GeForce RTX 3080,[N/A],Enabled,Enabled
1709094285.310005,0,GPU-a71d5fd4-b7db-93b7-1b7a-5a6e2a6a8c65,0.18,0.4615234375,10240.0,5514.0,472.12,NVIDIA GeForce RTX 3080,[N/A],Enabled,Enabled
1709094286.306815,0,GPU-a71d5fd4-b7db-93b7-1b7a-5a6e2a6a8c65,0.18,0.4615234375,10240.0,5514.0,472.12,NVIDIA GeForce RTX 3080,[N/A],Enabled,Enabled
1709094287.314763,0,GPU-a71d5fd4-b7db-93b7-1b7a-5a6e2a6a8c65,0.18,0.4615234375,10240.0,5514.0,472.12,NVIDIA GeForce RTX 3080,[N/A],Enabled,Enabled
1709094288.305107,0,GPU-a71d5fd4-b7db-93b7-1b7a-5a6e2a6a8c65,0.18,0.4615234375,10240.0,5514.0,472.12,NVIDIA GeForce RTX 3080,[N/A],Enabled,Enabled
1709094289.312792,0,GPU-a71d5fd4-b7db-93b7-1b7a-5a6e2a6a8c65,0.18,0.4615234375,10240.0,5514.0,472.12,NVIDIA GeForce RTX 3080,[N/A],Enabled,Enabled
1709094290.307086,0,GPU-a71d5fd4-b7db-93b7-1b7a-5a6e2a6a8c65,0.18,0.4615234375,10240.0,5514.0,472.12,NVIDIA GeForce RTX 3080,[N/A],Enabled,Enabled
1709094291.317136,0,GPU-a71d5fd4-b7db-93b7-1b7a-5a6e2a6a8c65,0.18,0.4615234375,10240.0,5514.0,472.12,NVIDIA GeForce RTX 3080,[N/A],Enabled,Enabled
1709094292.310085,0,GPU-a71d5fd4-b7db-93b7-1b7a-5a6e2a6a8c65,0.18,0.4615234375,10240.0,5514.0,472.12,NVIDIA GeForce RTX 3080,[N/A],Enabled,Enabled
1709094293.307097,0,GPU-a71d5fd4-b7db-93b7-1b7a-5a6e2a6a8c65,0.18,0.4615234375,10240.0,5514.0,472.12,NVIDIA GeForce RTX 3080,[N/A],Enabled,Enabled
1709094294.303722,0,GPU-a71d5fd4-b7db-93b7-1b7a-5a6e2a6a8c65,0.19,0.4615234375,10240.0,5514.0,472.12,NVIDIA GeForce RTX 3080,[N/A],Enabled,Enabled
1709094295.315109,0,GPU-a71d5fd4-b7db-93b7-1b7a-5a6e2a6a8c65,0.18,0.4615234375,10240.0,5514.0,472.12,NVIDIA GeForce RTX 3080,[N/A],Enabled,Enabled
1709094296.308221,0,GPU-a71d5fd4-b7db-93b7-1b7a-5a6e2a6a8c65,0.18,0.4615234375,10240.0,5514.0,472.12,NVIDIA GeForce RTX 3080,[N/A],Enabled,Enabled
1709094297.30518,0,GPU-a71d5fd4-b7db-93b7-1b7a-5a6e2a6a8c65,0.18,0.4615234375,10240.0,5514.0,472.12,NVIDIA GeForce RTX 3080,[N/A],Enabled,Enabled
1709094298.316012,0,GPU-a71d5fd4-b7db-93b7-1b7a-5a6e2a6a8c65,0.18,0.4615234375,10240.0,5514.0,472.12,NVIDIA GeForce RTX 3080,[N/A],Enabled,Enabled
1709094299.307822,0,GPU-a71d5fd4-b7db-93b7-1b7a-5a6e2a6a8c65,0.18,0.4615234375,10240.0,5514.0,472.12,NVIDIA GeForce RTX 3080,[N/A],Enabled,Enabled
1709094300.316978,0,GPU-a71d5fd4-b7db-93b7-1b7a-5a6e2a6a8c65,0.18,0.4615234375,10240.0,5514.0,472.12,NVIDIA GeForce RTX 3080,[N/A],Enabled,Enabled
1709094301.310093,0,GPU-a71d5fd4-b7db-93b7-1b7a-5a6e2a6a8c65,0.18,0.4615234375,10240.0,5514.0,472.12,NVIDIA GeForce RTX 3080,[N/A],Enabled,Enabled
1709094302.306983,0,GPU-a71d5fd4-b7db-93b7-1b7a-5a6e2a6a8c65,0.18,0.4615234375,10240.0,5514.0,472.12,NVIDIA GeForce RTX 3080,[N/A],Enabled,Enabled
1709094303.304066,0,GPU-a71d5fd4-b7db-93b7-1b7a-5a6e2a6a8c65,0.17,0.4615234375,10240.0,5514.0,472.12,NVIDIA GeForce RTX 3080,[N/A],Enabled,Enabled
1709094304.313738,0,GPU-a71d5fd4-b7db-93b7-1b7a-5a6e2a6a8c65,0.18,0.4615234375,10240.0,5514.0,472.12,NVIDIA GeForce RTX 3080,[N/A],Enabled,Enabled
1709094305.311837,0,GPU-a71d5fd4-b7db-93b7-1b7a-5a6e2a6a8c65,0.18,0.4615234375,10240.0,5514.0,472.12,NVIDIA GeForce RTX 3080,[N/A],Enabled,Enabled
1709094306.310063,0,GPU-a71d5fd4-b7db-93b7-1b7a-5a6e2a6a8c65,0.18,0.4615234375,10240.0,5514.0,472.12,NVIDIA GeForce RTX 3080,[N/A],Enabled,Enabled
1709094307.307267,0,GPU-a71d5fd4-b7db-93b7-1b7a-5a6e2a6a8c65,0.18,0.4615234375,10240.0,5514.0,472.12,NVIDIA GeForce RTX 3080,[N/A],Enabled,Enabled
1709094308.318154,0,GPU-a71d5fd4-b7db-93b7-1b7a-5a6e2a6a8c65,0.18,0.4615234375,10240.0,5514.0,472.12,NVIDIA GeForce RTX 3080,[N/A],Enabled,Enabled
1709094309.311827,0,GPU-a71d5fd4-b7db-93b7-1b7a-5a6e2a6a8c65,0.18,0.4615234375,10240.0,5514.0,472.12,NVIDIA GeForce RTX 3080,[N/A],Enabled,Enabled
1709094310.308841,0,GPU-a71d5fd4-b7db-93b7-1b7a-5a6e2a6a8c65,0.18,0.4615234375,10240.0,5514.0,472.12,NVIDIA GeForce RTX 3080,[N/A],Enabled,Enabled
1709094311.306701,0,GPU-a71d5fd4-b7db-93b7-1b7a-5a6e2a6a8c65,0.18,0.4615234375,10240.0,5514.0,472.12,NVIDIA GeForce RTX 3080,[N/A],Enabled,Enabled
1709094312.314878,0,GPU-a71d5fd4-b7db-93b7-1b7a-5a6e2a6a8c65,0.18,0.4615234375,10240.0,5514.0,472.12,NVIDIA GeForce RTX 3080,[N/A],Enabled,Enabled
1709094313.312006,0,GPU-a71d5fd4-b7db-93b7-1b7a-5a6e2a6a8c65,0.18,0.4615234375,10240.0,5514.0,472.12,NVIDIA GeForce RTX 3080,[N/A],Enabled,Enabled
1709094314.308071,0,GPU-a71d5fd4-b7db-93b7-1b7a-5a6e2a6a8c65,0.18,0.4615234375,10240.0,5514.0,472.12,NVIDIA GeForce RTX 3080,[N/A],Enabled,Enabled
1709094315.315952,0,GPU-a71d5fd4-b7db-93b7-1b7a-5a6e2a6a8c65,0.17,0.4615234375,10240.0,5514.0,472.12,NVIDIA GeForce RTX 3080,[N/A],Enabled,Enabled
1709094316.310282,0,GPU-a71d5fd4-b7db-93b7-1b7a-5a6e2a6a8c65,0.18,0.4615234375,10240.0,5514.0,472.12,NVIDIA GeForce RTX 3080,[N/A],Enabled,Enabled
1709094317.304976,0,GPU-a71d5fd4-b7db-93b7-1b7a-5a6e2a6a8c65,0.18,0.4615234375,10240.0,5514.0,472.12,NVIDIA GeForce RTX 3080,[N/A],Enabled,Enabled
1709094318.316695,0,GPU-a71d5fd4-b7db-93b7-1b7a-5a6e2a6a8c65,0.18,0.4615234375,10240.0,5514.0,472.12,NVIDIA GeForce RTX 3080,[N/A],Enabled,Enabled
1709094319.310843,0,GPU-a71d5fd4-b7db-93b7-1b7a-5a6e2a6a8c65,0.18,0.4615234375,10240.0,5514.0,472.12,NVIDIA GeForce RTX 3080,[N/A],Enabled,Enabled
1709094320.30484,0,GPU-a71d5fd4-b7db-93b7-1b7a-5a6e2a6a8c65,0.19,0.4615234375,10240.0,5514.0,472.12,NVIDIA GeForce RTX 3080,[N/A],Enabled,Enabled
1709094321.314798,0,GPU-a71d5fd4-b7db-93b7-1b7a-5a6e2a6a8c65,0.18,0.4615234375,10240.0,5514.0,472.12,NVIDIA GeForce RTX 3080,[N/A],Enabled,Enabled
1709094322.310128,0,GPU-a71d5fd4-b7db-93b7-1b7a-5a6e2a6a8c65,0.18,0.4615234375,10240.0,5514.0,472.12,NVIDIA GeForce RTX 3080,[N/A],Enabled,Enabled
1709094323.302749,0,GPU-a71d5fd4-b7db-93b7-1b7a-5a6e2a6a8c65,0.18,0.4615234375,10240.0,5514.0,472.12,NVIDIA GeForce RTX 3080,[N/A],Enabled,Enabled
1709094324.31404,0,GPU-a71d5fd4-b7db-93b7-1b7a-5a6e2a6a8c65,0.18,0.4615234375,10240.0,5514.0,472.12,NVIDIA GeForce RTX 3080,[N/A],Enabled,Enabled
1709094325.305882,0,GPU-a71d5fd4-b7db-93b7-1b7a-5a6e2a6a8c65,0.19,0.4615234375,10240.0,5514.0,472.12,NVIDIA GeForce RTX 3080,[N/A],Enabled,Enabled
1709094326.314075,0,GPU-a71d5fd4-b7db-93b7-1b7a-5a6e2a6a8c65,0.18,0.4615234375,10240.0,5514.0,472.12,NVIDIA GeForce RTX 3080,[N/A],Enabled,Enabled
1709094327.308968,0,GPU-a71d5fd4-b7db-93b7-1b7a-5a6e2a6a8c65,0.17,0.4615234375,10240.0,5514.0,472.12,NVIDIA GeForce RTX 3080,[N/A],Enabled,Enabled
1709094328.302969,0,GPU-a71d5fd4-b7db-93b7-1b7a-5a6e2a6a8c65,0.18,0.4615234375,10240.0,5514.0,472.12,NVIDIA GeForce RTX 3080,[N/A],Enabled,Enabled
1709094329.312795,0,GPU-a71d5fd4-b7db-93b7-1b7a-5a6e2a6a8c65,0.18,0.4615234375,10240.0,5514.0,472.12,NVIDIA GeForce RTX 3080,[N/A],Enabled,Enabled
1709094330.305125,0,GPU-a71d5fd4-b7db-93b7-1b7a-5a6e2a6a8c65,0.18,0.4615234375,10240.0,5514.0,472.12,NVIDIA GeForce RTX 3080,[N/A],Enabled,Enabled
1709094331.303944,0,GPU-a71d5fd4-b7db-93b7-1b7a-5a6e2a6a8c65,0.18,0.4615234375,10240.0,5514.0,472.12,NVIDIA GeForce RTX 3080,[N/A],Enabled,Enabled
1709094332.316052,0,GPU-a71d5fd4-b7db-93b7-1b7a-5a6e2a6a8c65,0.18,0.4615234375,10240.0,5514.0,472.12,NVIDIA GeForce RTX 3080,[N/A],Enabled,Enabled
1709094333.311997,0,GPU-a71d5fd4-b7db-93b7-1b7a-5a6e2a6a8c65,0.17,0.4615234375,10240.0,5514.0,472.12,NVIDIA GeForce RTX 3080,[N/A],Enabled,Enabled
1709094334.310408,0,GPU-a71d5fd4-b7db-93b7-1b7a-5a6e2a6a8c65,0.18,0.4615234375,10240.0,5514.0,472.12,NVIDIA GeForce RTX 3080,[N/A],Enabled,Enabled
1709094335.30917,0,GPU-a71d5fd4-b7db-93b7-1b7a-5a6e2a6a8c65,0.18,0.4615234375,10240.0,5514.0,472.12,NVIDIA GeForce RTX 3080,[N/A],Enabled,Enabled
1709094336.317126,0,GPU-a71d5fd4-b7db-93b7-1b7a-5a6e2a6a8c65,0.18,0.4615234375,10240.0,5514.0,472.12,NVIDIA GeForce RTX 3080,[N/A],Enabled,Enabled
1709094337.311937,0,GPU-a71d5fd4-b7db-93b7-1b7a-5a6e2a6a8c65,0.17,0.4615234375,10240.0,5514.0,472.12,NVIDIA GeForce RTX 3080,[N/A],Enabled,Enabled
1709094338.306105,0,GPU-a71d5fd4-b7db-93b7-1b7a-5a6e2a6a8c65,0.19,0.4615234375,10240.0,5514.0,472.12,NVIDIA GeForce RTX 3080,[N/A],Enabled,Enabled
1709094339.304073,0,GPU-a71d5fd4-b7db-93b7-1b7a-5a6e2a6a8c65,0.18,0.4615234375,10240.0,5514.0,472.12,NVIDIA GeForce RTX 3080,[N/A],Enabled,Enabled
1709094340.315967,0,GPU-a71d5fd4-b7db-93b7-1b7a-5a6e2a6a8c65,0.19,0.4615234375,10240.0,5514.0,472.12,NVIDIA GeForce RTX 3080,[N/A],Enabled,Enabled
1709094341.309869,0,GPU-a71d5fd4-b7db-93b7-1b7a-5a6e2a6a8c65,0.17,0.4615234375,10240.0,5514.0,472.12,NVIDIA GeForce RTX 3080,[N/A],Enabled,Enabled
1709094342.305713,0,GPU-a71d5fd4-b7db-93b7-1b7a-5a6e2a6a8c65,0.18,0.4615234375,10240.0,5514.0,472.12,NVIDIA GeForce RTX 3080,[N/A],Enabled,Enabled
1709094343.313877,0,GPU-a71d5fd4-b7db-93b7-1b7a-5a6e2a6a8c65,0.18,0.4615234375,10240.0,5514.0,472.12,NVIDIA GeForce RTX 3080,[N/A],Enabled,Enabled
1709094344.30925,0,GPU-a71d5fd4-b7db-93b7-1b7a-5a6e2a6a8c65,0.18,0.4615234375,10240.0,5514.0,472.12,NVIDIA GeForce RTX 3080,[N/A],Enabled,Enabled
1709094345.304658,0,GPU-a71d5fd4-b7db-93b7-1b7a-5a6e2a6a8c65,0.18,0.4615234375,10240.0,5514.0,472.12,NVIDIA GeForce RTX 3080,[N/A],Enabled,Enabled
1709094346.315117,0,GPU-a71d5fd4-b7db-93b7-1b7a-5a6e2a6a8c65,0.19,0.4615234375,10240.0,5514.0,472.12,NVIDIA GeForce RTX 3080,[N/A],Enabled,Enabled
1709094347.307887,0,GPU-a71d5fd4-b7db-93b7-1b7a-5a6e2a6a8c65,0.19,0.4615234375,10240.0,5514.0,472.12,NVIDIA GeForce RTX 3080,[N/A],Enabled,Enabled
1709094348.316931,0,GPU-a71d5fd4-b7db-93b7-1b7a-5a6e2a6a8c65,0.17,0.4615234375,10240.0,5514.0,472.12,NVIDIA GeForce RTX 3080,[N/A],Enabled,Enabled
1709094349.314981,0,GPU-a71d5fd4-b7db-93b7-1b7a-5a6e2a6a8c65,0.18,0.4615234375,10240.0,5514.0,472.12,NVIDIA GeForce RTX 3080,[N/A],Enabled,Enabled
1709094350.310288,0,GPU-a71d5fd4-b7db-93b7-1b7a-5a6e2a6a8c65,0.18,0.4615234375,10240.0,5514.0,472.12,NVIDIA GeForce RTX 3080,[N/A],Enabled,Enabled
1709094351.303795,0,GPU-a71d5fd4-b7db-93b7-1b7a-5a6e2a6a8c65,0.18,0.4615234375,10240.0,5514.0,472.12,NVIDIA GeForce RTX 3080,[N/A],Enabled,Enabled
1709094352.309901,0,GPU-a71d5fd4-b7db-93b7-1b7a-5a6e2a6a8c65,0.18,0.4615234375,10240.0,5514.0,472.12,NVIDIA GeForce RTX 3080,[N/A],Enabled,Enabled
1709094353.303141,0,GPU-a71d5fd4-b7db-93b7-1b7a-5a6e2a6a8c65,0.18,0.4615234375,10240.0,5514.0,472.12,NVIDIA GeForce RTX 3080,[N/A],Enabled,Enabled
1709094354.31707,0,GPU-a71d5fd4-b7db-93b7-1b7a-5a6e2a6a8c65,0.18,0.4615234375,10240.0,5514.0,472.12,NVIDIA GeForce RTX 3080,[N/A],Enabled,Enabled
1709094355.311804,0,GPU-a71d5fd4-b7db-93b7-1b7a-5a6e2a6a8c65,0.18,0.4615234375,10240.0,5514.0,472.12,NVIDIA GeForce RTX 3080,[N/A],Enabled,Enabled
1709094356.305696,0,GPU-a71d5fd4-b7db-93b7-1b7a-5a6e2a6a8c65,0.18,0.4615234375,10240.0,5514.0,472.12,NVIDIA GeForce RTX 3080,[N/A],Enabled,Enabled
1709094357.303698,0,GPU-a71d5fd4-b7db-93b7-1b7a-5a6e2a6a8c65,0.17,0.4615234375,10240.0,5514.0,472.12,NVIDIA GeForce RTX 3080,[N/A],Enabled,Enabled
1709094358.313941,0,GPU-a71d5fd4-b7db-93b7-1b7a-5a6e2a6a8c65,0.18,0.4615234375,10240.0,5514.0,472.12,NVIDIA GeForce RTX 3080,[N/A],Enabled,Enabled
1709094359.306821,0,GPU-a71d5fd4-b7db-93b7-1b7a-5a6e2a6a8c65,0.18,0.4615234375,10240.0,5514.0,472.12,NVIDIA GeForce RTX 3080,[N/A],Enabled,Enabled
1709094360.303791,0,GPU-a71d5fd4-b7db-93b7-1b7a-5a6e2a6a8c65,0.18,0.4615234375,10240.0,5514.0,472.12,NVIDIA GeForce RTX 3080,[N/A],Enabled,Enabled
1709094361.313852,0,GPU-a71d5fd4-b7db-93b7-1b7a-5a6e2a6a8c65,0.19,0.4615234375,10240.0,5514.0,472.12,NVIDIA GeForce RTX 3080,[N/A],Enabled,Enabled
1709094362.308057,0,GPU-a71d5fd4-b7db-93b7-1b7a-5a6e2a6a8c65,0.18,0.4615234375,10240.0,5514.0,472.12,NVIDIA GeForce RTX 3080,[N/A],Enabled,Enabled
1709094363.30669,0,GPU-a71d5fd4-b7db-93b7-1b7a-5a6e2a6a8c65,0.17,0.4615234375,10240.0,5514.0,472.12,NVIDIA GeForce RTX 3080,[N/A],Enabled,Enabled
1709094364.302694,0,GPU-a71d5fd4-b7db-93b7-1b7a-5a6e2a6a8c65,0.19,0.4615234375,10240.0,5514.0,472.12,NVIDIA GeForce RTX 3080,[N/A],Enabled,Enabled
1709094365.315176,0,GPU-a71d5fd4-b7db-93b7-1b7a-5a6e2a6a8c65,0.18,0.4615234375,10240.0,5514.0,472.12,NVIDIA GeForce RTX 3080,[N/A],Enabled,Enabled
1709094366.308156,0,GPU-a71d5fd4-b7db-93b7-1b7a-5a6e2a6a8c65,0.18,0.4615234375,10240.0,5514.0,472.12,NVIDIA GeForce RTX 3080,[N/A],Enabled,Enabled
1709094367.302793,0,GPU-a71d5fd4-b7db-93b7-1b7a-5a6e2a6a8c65,0.18,0.4615234375,10240.0,5514.0,472.12,NVIDIA GeForce RTX 3080,[N/A],Enabled,Enabled
1709094368.313086,0,GPU-a71d5fd4-b7db-93b7-1b7a-5a6e2a6a8c65,0.18,0.4615234375,10240.0,5514.0,472.12,NVIDIA GeForce RTX 3080,[N/A],Enabled,Enabled
1709094369.307981,0,GPU-a71d5fd4-b7db-93b7-1b7a-5a6e2a6a8c65,0.18,0.4615234375,10240.0,5514.0,472.12,NVIDIA GeForce RTX 3080,[N/A],Enabled,Enabled
1709094370.30512,0,GPU-a71d5fd4-b7db-93b7-1b7a-5a6e2a6a8c65,0.18,0.4615234375,10240.0,5514.0,472.12,NVIDIA GeForce RTX 3080,[N/A],Enabled,Enabled
1709094371.31611,0,GPU-a71d5fd4-b7db-93b7-1b7a-5a6e2a6a8c65,0.18,0.4615234375,10240.0,5514.0,472.12,NVIDIA GeForce RTX 3080,[N/A],Enabled,Enabled
1709094372.305074,0,GPU-a71d5fd4-b7db-93b7-1b7a-5a6e2a6a8c65,0.18,0.4615234375,10240.0,5514.0,472.12,NVIDIA GeForce RTX 3080,[N/A],Enabled,Enabled
1709094373.313872,0,GPU-a71d5fd4-b7db-93b7-1b7a-5a6e2a6a8c65,0.18,0.4615234375,10240.0,5514.0,472.12,NVIDIA GeForce RTX 3080,[N/A],Enabled,Enabled
1709094374.311871,0,GPU-a71d5fd4-b7db-93b7-1b7a-5a6e2a6a8c65,0.18,0.4615234375,10240.0,5514.0,472.12,NVIDIA GeForce RTX 3080,[N/A],Enabled,Enabled
1709094375.309993,0,GPU-a71d5fd4-b7db-93b7-1b7a-5a6e2a6a8c65,0.17,0.4615234375,10240.0,5514.0,472.12,NVIDIA GeForce RTX 3080,[N/A],Enabled,Enabled
1709094376.308011,0,GPU-a71d5fd4-b7db-93b7-1b7a-5a6e2a6a8c65,0.17,0.4615234375,10240.0,5514.0,472.12,NVIDIA GeForce RTX 3080,[N/A],Enabled,Enabled
1709094377.316908,0,GPU-a71d5fd4-b7db-93b7-1b7a-5a6e2a6a8c65,0.17,0.4615234375,10240.0,5514.0,472.12,NVIDIA GeForce RTX 3080,[N/A],Enabled,Enabled
1709094378.310677,0,GPU-a71d5fd4-b7db-93b7-1b7a-5a6e2a6a8c65,0.18,0.4615234375,10240.0,5514.0,472.12,NVIDIA GeForce RTX 3080,[N/A],Enabled,Enabled
1709094379.308141,0,GPU-a71d5fd4-b7db-93b7-1b7a-5a6e2a6a8c65,0.18,0.4615234375,10240.0,5514.0,472.12,NVIDIA GeForce RTX 3080,[N/A],Enabled,Enabled
1709094380.315684,0,GPU-a71d5fd4-b7db-93b7-1b7a-5a6e2a6a8c65,0.18,0.4615234375,10240.0,5514.0,472.12,NVIDIA GeForce RTX 3080,[N/A],Enabled,Enabled
1709094381.30514,0,GPU-a71d5fd4-b7db-93b7-1b7a-5a6e2a6a8c65,0.18,0.4615234375,10240.0,5514.0,472.12,NVIDIA GeForce RTX 3080,[N/A],Enabled,Enabled
1709094382.312847,0,GPU-a71d5fd4-b7db-93b7-1b7a-5a6e2a6a8c65,0.17,0.4615234375,10240.0,5514.0,472.12,NVIDIA GeForce RTX 3080,[N/A],Enabled,Enabled
1709094383.309182,0,GPU-a71d5fd4-b7db-93b7-1b7a-5a6e2a6a8c65,0.17,0.4615234375,10240.0,5514.0,472.12,NVIDIA GeForce RTX 3080,[N/A],Enabled,Enabled
1709094384.302776,0,GPU-a71d5fd4-b7db-93b7-1b7a-5a6e2a6a8c65,0.19,0.4615234375,10240.0,5514.0,472.12,NVIDIA GeForce RTX 3080,[N/A],Enabled,Enabled
1709094385.316159,0,GPU-a71d5fd4-b7db-93b7-1b7a-5a6e2a6a8c65,0.19,0.4615234375,10240.0,5514.0,472.12,NVIDIA GeForce RTX 3080,[N/A],Enabled,Enabled
1709094386.307858,0,GPU-a71d5fd4-b7db-93b7-1b7a-5a6e2a6a8c65,0.18,0.4615234375,10240.0,5514.0,472.12,NVIDIA GeForce RTX 3080,[N/A],Enabled,Enabled
1709094387.303105,0,GPU-a71d5fd4-b7db-93b7-1b7a-5a6e2a6a8c65,0.17,0.4615234375,10240.0,5514.0,472.12,NVIDIA GeForce RTX 3080,[N/A],Enabled,Enabled
1709094388.310168,0,GPU-a71d5fd4-b7db-93b7-1b7a-5a6e2a6a8c65,0.18,0.4615234375,10240.0,5514.0,472.12,NVIDIA GeForce RTX 3080,[N/A],Enabled,Enabled
1709094389.303115,0,GPU-a71d5fd4-b7db-93b7-1b7a-5a6e2a6a8c65,0.17,0.4615234375,10240.0,5514.0,472.12,NVIDIA GeForce RTX 3080,[N/A],Enabled,Enabled
1709094390.311899,0,GPU-a71d5fd4-b7db-93b7-1b7a-5a6e2a6a8c65,0.18,0.4615234375,10240.0,5514.0,472.12,NVIDIA GeForce RTX 3080,[N/A],Enabled,Enabled
1709094391.305118,0,GPU-a71d5fd4-b7db-93b7-1b7a-5a6e2a6a8c65,0.19,0.4615234375,10240.0,5514.0,472.12,NVIDIA GeForce RTX 3080,[N/A],Enabled,Enabled
1709094392.313639,0,GPU-a71d5fd4-b7db-93b7-1b7a-5a6e2a6a8c65,0.18,0.4615234375,10240.0,5514.0,472.12,NVIDIA GeForce RTX 3080,[N/A],Enabled,Enabled
1709094393.312643,0,GPU-a71d5fd4-b7db-93b7-1b7a-5a6e2a6a8c65,0.18,0.4615234375,10240.0,5514.0,472.12,NVIDIA GeForce RTX 3080,[N/A],Enabled,Enabled
1709094394.310647,0,GPU-a71d5fd4-b7db-93b7-1b7a-5a6e2a6a8c65,0.18,0.4615234375,10240.0,5514.0,472.12,NVIDIA GeForce RTX 3080,[N/A],Enabled,Enabled
1709094395.305841,0,GPU-a71d5fd4-b7db-93b7-1b7a-5a6e2a6a8c65,0.19,0.4615234375,10240.0,5514.0,472.12,NVIDIA GeForce RTX 3080,[N/A],Enabled,Enabled
1709094396.317024,0,GPU-a71d5fd4-b7db-93b7-1b7a-5a6e2a6a8c65,0.17,0.4615234375,10240.0,5514.0,472.12,NVIDIA GeForce RTX 3080,[N/A],Enabled,Enabled
1709094397.310786,0,GPU-a71d5fd4-b7db-93b7-1b7a-5a6e2a6a8c65,0.18,0.4615234375,10240.0,5514.0,472.12,NVIDIA GeForce RTX 3080,[N/A],Enabled,Enabled
1709094398.306338,0,GPU-a71d5fd4-b7db-93b7-1b7a-5a6e2a6a8c65,0.19,0.4615234375,10240.0,5514.0,472.12,NVIDIA GeForce RTX 3080,[N/A],Enabled,Enabled
1709094399.315984,0,GPU-a71d5fd4-b7db-93b7-1b7a-5a6e2a6a8c65,0.18,0.4615234375,10240.0,5514.0,472.12,NVIDIA GeForce RTX 3080,[N/A],Enabled,Enabled
1709094400.308933,0,GPU-a71d5fd4-b7db-93b7-1b7a-5a6e2a6a8c65,0.18,0.4615234375,10240.0,5514.0,472.12,NVIDIA GeForce RTX 3080,[N/A],Enabled,Enabled
1709094401.306049,0,GPU-a71d5fd4-b7db-93b7-1b7a-5a6e2a6a8c65,0.17,0.4615234375,10240.0,5514.0,472.12,NVIDIA GeForce RTX 3080,[N/A],Enabled,Enabled
1709094402.313974,0,GPU-a71d5fd4-b7db-93b7-1b7a-5a6e2a6a8c65,0.19,0.4615234375,10240.0,5514.0,472.12,NVIDIA GeForce RTX 3080,[N/A],Enabled,Enabled
1709094403.310073,0,GPU-a71d5fd4-b7db-93b7-1b7a-5a6e2a6a8c65,0.18,0.4615234375,10240.0,5514.0,472.12,NVIDIA GeForce RTX 3080,[N/A],Enabled,Enabled
1709094404.307076,0,GPU-a71d5fd4-b7db-93b7-1b7a-5a6e2a6a8c65,0.18,0.4615234375,10240.0,5514.0,472.12,NVIDIA GeForce RTX 3080,[N/A],Enabled,Enabled
1709094405.303056,0,GPU-a71d5fd4-b7db-93b7-1b7a-5a6e2a6a8c65,0.18,0.4615234375,10240.0,5514.0,472.12,NVIDIA GeForce RTX 3080,[N/A],Enabled,Enabled
1709094406.312992,0,GPU-a71d5fd4-b7db-93b7-1b7a-5a6e2a6a8c65,0.18,0.4615234375,10240.0,5514.0,472.12,NVIDIA GeForce RTX 3080,[N/A],Enabled,Enabled
1709094407.310365,0,GPU-a71d5fd4-b7db-93b7-1b7a-5a6e2a6a8c65,0.17,0.4615234375,10240.0,5514.0,472.12,NVIDIA GeForce RTX 3080,[N/A],Enabled,Enabled
1709094408.306876,0,GPU-a71d5fd4-b7db-93b7-1b7a-5a6e2a6a8c65,0.18,0.4615234375,10240.0,5514.0,472.12,NVIDIA GeForce RTX 3080,[N/A],Enabled,Enabled
1709094409.302726,0,GPU-a71d5fd4-b7db-93b7-1b7a-5a6e2a6a8c65,0.18,0.4615234375,10240.0,5514.0,472.12,NVIDIA GeForce RTX 3080,[N/A],Enabled,Enabled
1709094410.30902,0,GPU-a71d5fd4-b7db-93b7-1b7a-5a6e2a6a8c65,0.17,0.4615234375,10240.0,5514.0,472.12,NVIDIA GeForce RTX 3080,[N/A],Enabled,Enabled
1709094411.315884,0,GPU-a71d5fd4-b7db-93b7-1b7a-5a6e2a6a8c65,0.17,0.4615234375,10240.0,5514.0,472.12,NVIDIA GeForce RTX 3080,[N/A],Enabled,Enabled
1709094412.313129,0,GPU-a71d5fd4-b7db-93b7-1b7a-5a6e2a6a8c65,0.18,0.4615234375,10240.0,5514.0,472.12,NVIDIA GeForce RTX 3080,[N/A],Enabled,Enabled
1709094413.30616,0,GPU-a71d5fd4-b7db-93b7-1b7a-5a6e2a6a8c65,0.17,0.4615234375,10240.0,5514.0,472.12,NVIDIA GeForce RTX 3080,[N/A],Enabled,Enabled
1709094414.315217,0,GPU-a71d5fd4-b7db-93b7-1b7a-5a6e2a6a8c65,0.18,0.4615234375,10240.0,5514.0,472.12,NVIDIA GeForce RTX 3080,[N/A],Enabled,Enabled
1709094415.309985,0,GPU-a71d5fd4-b7db-93b7-1b7a-5a6e2a6a8c65,0.18,0.4615234375,10240.0,5514.0,472.12,NVIDIA GeForce RTX 3080,[N/A],Enabled,Enabled
1709094416.305144,0,GPU-a71d5fd4-b7db-93b7-1b7a-5a6e2a6a8c65,0.18,0.4615234375,10240.0,5514.0,472.12,NVIDIA GeForce RTX 3080,[N/A],Enabled,Enabled
1709094417.315103,0,GPU-a71d5fd4-b7db-93b7-1b7a-5a6e2a6a8c65,0.17,0.4615234375,10240.0,5514.0,472.12,NVIDIA GeForce RTX 3080,[N/A],Enabled,Enabled
1709094418.310124,0,GPU-a71d5fd4-b7db-93b7-1b7a-5a6e2a6a8c65,0.18,0.4615234375,10240.0,5514.0,472.12,NVIDIA GeForce RTX 3080,[N/A],Enabled,Enabled
1709094419.309089,0,GPU-a71d5fd4-b7db-93b7-1b7a-5a6e2a6a8c65,0.18,0.4615234375,10240.0,5514.0,472.12,NVIDIA GeForce RTX 3080,[N/A],Enabled,Enabled
1709094420.317147,0,GPU-a71d5fd4-b7db-93b7-1b7a-5a6e2a6a8c65,0.19,0.4615234375,10240.0,5514.0,472.12,NVIDIA GeForce RTX 3080,[N/A],Enabled,Enabled
1709094421.315777,0,GPU-a71d5fd4-b7db-93b7-1b7a-5a6e2a6a8c65,0.19,0.4615234375,10240.0,5514.0,472.12,NVIDIA GeForce RTX 3080,[N/A],Enabled,Enabled
1709094422.305896,0,GPU-a71d5fd4-b7db-93b7-1b7a-5a6e2a6a8c65,0.18,0.4615234375,10240.0,5514.0,472.12,NVIDIA GeForce RTX 3080,[N/A],Enabled,Enabled
1709094423.303122,0,GPU-a71d5fd4-b7db-93b7-1b7a-5a6e2a6a8c65,0.18,0.4615234375,10240.0,5514.0,472.12,NVIDIA GeForce RTX 3080,[N/A],Enabled,Enabled
1709094424.315364,0,GPU-a71d5fd4-b7db-93b7-1b7a-5a6e2a6a8c65,0.18,0.4615234375,10240.0,5514.0,472.12,NVIDIA GeForce RTX 3080,[N/A],Enabled,Enabled
1709094425.305853,0,GPU-a71d5fd4-b7db-93b7-1b7a-5a6e2a6a8c65,0.18,0.4615234375,10240.0,5514.0,472.12,NVIDIA GeForce RTX 3080,[N/A],Enabled,Enabled
1709094426.316738,0,GPU-a71d5fd4-b7db-93b7-1b7a-5a6e2a6a8c65,0.19,0.4615234375,10240.0,5514.0,472.12,NVIDIA GeForce RTX 3080,[N/A],Enabled,Enabled
1709094427.310849,0,GPU-a71d5fd4-b7db-93b7-1b7a-5a6e2a6a8c65,0.18,0.4615234375,10240.0,5514.0,472.12,NVIDIA GeForce RTX 3080,[N/A],Enabled,Enabled
1709094428.308015,0,GPU-a71d5fd4-b7db-93b7-1b7a-5a6e2a6a8c65,0.19,0.4615234375,10240.0,5514.0,472.12,NVIDIA GeForce RTX 3080,[N/A],Enabled,Enabled
1709094429.304319,0,GPU-a71d5fd4-b7db-93b7-1b7a-5a6e2a6a8c65,0.17,0.4615234375,10240.0,5514.0,472.12,NVIDIA GeForce RTX 3080,[N/A],Enabled,Enabled
1709094430.313074,0,GPU-a71d5fd4-b7db-93b7-1b7a-5a6e2a6a8c65,0.18,0.4615234375,10240.0,5514.0,472.12,NVIDIA GeForce RTX 3080,[N/A],Enabled,Enabled
1709094431.304821,0,GPU-a71d5fd4-b7db-93b7-1b7a-5a6e2a6a8c65,0.17,0.4615234375,10240.0,5514.0,472.12,NVIDIA GeForce RTX 3080,[N/A],Enabled,Enabled
1709094432.30404,0,GPU-a71d5fd4-b7db-93b7-1b7a-5a6e2a6a8c65,0.18,0.4615234375,10240.0,5514.0,472.12,NVIDIA GeForce RTX 3080,[N/A],Enabled,Enabled
1709094433.313735,0,GPU-a71d5fd4-b7db-93b7-1b7a-5a6e2a6a8c65,0.19,0.4615234375,10240.0,5514.0,472.12,NVIDIA GeForce RTX 3080,[N/A],Enabled,Enabled
1709094434.310171,0,GPU-a71d5fd4-b7db-93b7-1b7a-5a6e2a6a8c65,0.19,0.4615234375,10240.0,5514.0,472.12,NVIDIA GeForce RTX 3080,[N/A],Enabled,Enabled
1709094435.305732,0,GPU-a71d5fd4-b7db-93b7-1b7a-5a6e2a6a8c65,0.18,0.4615234375,10240.0,5514.0,472.12,NVIDIA GeForce RTX 3080,[N/A],Enabled,Enabled
1709094436.311805,0,GPU-a71d5fd4-b7db-93b7-1b7a-5a6e2a6a8c65,0.19,0.4615234375,10240.0,5514.0,472.12,NVIDIA GeForce RTX 3080,[N/A],Enabled,Enabled
1709094437.311924,0,GPU-a71d5fd4-b7db-93b7-1b7a-5a6e2a6a8c65,0.18,0.4615234375,10240.0,5514.0,472.12,NVIDIA GeForce RTX 3080,[N/A],Enabled,Enabled
1709094438.308033,0,GPU-a71d5fd4-b7db-93b7-1b7a-5a6e2a6a8c65,0.19,0.4615234375,10240.0,5514.0,472.12,NVIDIA GeForce RTX 3080,[N/A],Enabled,Enabled
1709094439.301939,0,GPU-a71d5fd4-b7db-93b7-1b7a-5a6e2a6a8c65,0.19,0.4615234375,10240.0,5514.0,472.12,NVIDIA GeForce RTX 3080,[N/A],Enabled,Enabled
1709094440.308835,0,GPU-a71d5fd4-b7db-93b7-1b7a-5a6e2a6a8c65,0.19,0.4615234375,10240.0,5514.0,472.12,NVIDIA GeForce RTX 3080,[N/A],Enabled,Enabled
1709094441.315033,0,GPU-a71d5fd4-b7db-93b7-1b7a-5a6e2a6a8c65,0.19,0.4615234375,10240.0,5514.0,472.12,NVIDIA GeForce RTX 3080,[N/A],Enabled,Enabled
1709094442.311814,0,GPU-a71d5fd4-b7db-93b7-1b7a-5a6e2a6a8c65,0.19,0.4615234375,10240.0,5514.0,472.12,NVIDIA GeForce RTX 3080,[N/A],Enabled,Enabled
1709094443.304838,0,GPU-a71d5fd4-b7db-93b7-1b7a-5a6e2a6a8c65,0.18,0.4615234375,10240.0,5514.0,472.12,NVIDIA GeForce RTX 3080,[N/A],Enabled,Enabled
1709094444.312693,0,GPU-a71d5fd4-b7db-93b7-1b7a-5a6e2a6a8c65,0.19,0.4615234375,10240.0,5514.0,472.12,NVIDIA GeForce RTX 3080,[N/A],Enabled,Enabled
1709094445.307827,0,GPU-a71d5fd4-b7db-93b7-1b7a-5a6e2a6a8c65,0.19,0.4615234375,10240.0,5514.0,472.12,NVIDIA GeForce RTX 3080,[N/A],Enabled,Enabled
1709094446.306351,0,GPU-a71d5fd4-b7db-93b7-1b7a-5a6e2a6a8c65,0.18,0.4615234375,10240.0,5514.0,472.12,NVIDIA GeForce RTX 3080,[N/A],Enabled,Enabled
1709094447.315739,0,GPU-a71d5fd4-b7db-93b7-1b7a-5a6e2a6a8c65,0.18,0.4615234375,10240.0,5514.0,472.12,NVIDIA GeForce RTX 3080,[N/A],Enabled,Enabled
1709094448.313116,0,GPU-a71d5fd4-b7db-93b7-1b7a-5a6e2a6a8c65,0.18,0.4615234375,10240.0,5514.0,472.12,NVIDIA GeForce RTX 3080,[N/A],Enabled,Enabled
1709094449.307937,0,GPU-a71d5fd4-b7db-93b7-1b7a-5a6e2a6a8c65,0.18,0.4615234375,10240.0,5514.0,472.12,NVIDIA GeForce RTX 3080,[N/A],Enabled,Enabled
1709094450.316805,0,GPU-a71d5fd4-b7db-93b7-1b7a-5a6e2a6a8c65,0.19,0.4615234375,10240.0,5514.0,472.12,NVIDIA GeForce RTX 3080,[N/A],Enabled,Enabled
1709094451.314855,0,GPU-a71d5fd4-b7db-93b7-1b7a-5a6e2a6a8c65,0.18,0.4615234375,10240.0,5514.0,472.12,NVIDIA GeForce RTX 3080,[N/A],Enabled,Enabled
1709094452.311438,0,GPU-a71d5fd4-b7db-93b7-1b7a-5a6e2a6a8c65,0.18,0.4615234375,10240.0,5514.0,472.12,NVIDIA GeForce RTX 3080,[N/A],Enabled,Enabled
1709094453.305999,0,GPU-a71d5fd4-b7db-93b7-1b7a-5a6e2a6a8c65,0.18,0.4615234375,10240.0,5514.0,472.12,NVIDIA GeForce RTX 3080,[N/A],Enabled,Enabled
1709094454.315175,0,GPU-a71d5fd4-b7db-93b7-1b7a-5a6e2a6a8c65,0.18,0.4615234375,10240.0,5514.0,472.12,NVIDIA GeForce RTX 3080,[N/A],Enabled,Enabled
1709094455.310498,0,GPU-a71d5fd4-b7db-93b7-1b7a-5a6e2a6a8c65,0.17,0.4615234375,10240.0,5514.0,472.12,NVIDIA GeForce RTX 3080,[N/A],Enabled,Enabled
1709094456.304125,0,GPU-a71d5fd4-b7db-93b7-1b7a-5a6e2a6a8c65,0.17,0.4615234375,10240.0,5514.0,472.12,NVIDIA GeForce RTX 3080,[N/A],Enabled,Enabled
1709094457.311895,0,GPU-a71d5fd4-b7db-93b7-1b7a-5a6e2a6a8c65,0.13,0.4529296875,10240.0,5602.0,472.12,NVIDIA GeForce RTX 3080,[N/A],Enabled,Enabled
1709094458.306478,0,GPU-a71d5fd4-b7db-93b7-1b7a-5a6e2a6a8c65,0.15,0.4529296875,10240.0,5602.0,472.12,NVIDIA GeForce RTX 3080,[N/A],Enabled,Enabled
1709094459.315966,0,GPU-a71d5fd4-b7db-93b7-1b7a-5a6e2a6a8c65,0.15,0.4529296875,10240.0,5602.0,472.12,NVIDIA GeForce RTX 3080,[N/A],Enabled,Enabled
1709094460.30934,0,GPU-a71d5fd4-b7db-93b7-1b7a-5a6e2a6a8c65,0.14,0.44921875,10240.0,5640.0,472.12,NVIDIA GeForce RTX 3080,[N/A],Enabled,Enabled
1709094461.307155,0,GPU-a71d5fd4-b7db-93b7-1b7a-5a6e2a6a8c65,0.14,0.44921875,10240.0,5640.0,472.12,NVIDIA GeForce RTX 3080,[N/A],Enabled,Enabled
1709094462.314695,0,GPU-a71d5fd4-b7db-93b7-1b7a-5a6e2a6a8c65,0.14,0.44921875,10240.0,5640.0,472.12,NVIDIA GeForce RTX 3080,[N/A],Enabled,Enabled
1709094463.304845,0,GPU-a71d5fd4-b7db-93b7-1b7a-5a6e2a6a8c65,0.14,0.44921875,10240.0,5640.0,472.12,NVIDIA GeForce RTX 3080,[N/A],Enabled,Enabled
1709094464.31512,0,GPU-a71d5fd4-b7db-93b7-1b7a-5a6e2a6a8c65,0.14,0.44921875,10240.0,5640.0,472.12,NVIDIA GeForce RTX 3080,[N/A],Enabled,Enabled
1709094465.309749,0,GPU-a71d5fd4-b7db-93b7-1b7a-5a6e2a6a8c65,0.14,0.44921875,10240.0,5640.0,472.12,NVIDIA GeForce RTX 3080,[N/A],Enabled,Enabled
1709094466.308202,0,GPU-a71d5fd4-b7db-93b7-1b7a-5a6e2a6a8c65,0.14,0.44921875,10240.0,5640.0,472.12,NVIDIA GeForce RTX 3080,[N/A],Enabled,Enabled
1709094467.315935,0,GPU-a71d5fd4-b7db-93b7-1b7a-5a6e2a6a8c65,0.14,0.388671875,10240.0,6260.0,472.12,NVIDIA GeForce RTX 3080,[N/A],Enabled,Enabled
1709094468.313783,0,GPU-a71d5fd4-b7db-93b7-1b7a-5a6e2a6a8c65,0.17,0.39111328125,10240.0,6235.0,472.12,NVIDIA GeForce RTX 3080,[N/A],Enabled,Enabled
1709094469.308178,0,GPU-a71d5fd4-b7db-93b7-1b7a-5a6e2a6a8c65,0.16,0.39111328125,10240.0,6235.0,472.12,NVIDIA GeForce RTX 3080,[N/A],Enabled,Enabled
1709094470.307142,0,GPU-a71d5fd4-b7db-93b7-1b7a-5a6e2a6a8c65,0.15,0.39111328125,10240.0,6235.0,472.12,NVIDIA GeForce RTX 3080,[N/A],Enabled,Enabled
1709094471.305799,0,GPU-a71d5fd4-b7db-93b7-1b7a-5a6e2a6a8c65,0.14,0.39111328125,10240.0,6235.0,472.12,NVIDIA GeForce RTX 3080,[N/A],Enabled,Enabled
1709094472.314866,0,GPU-a71d5fd4-b7db-93b7-1b7a-5a6e2a6a8c65,0.15,0.39111328125,10240.0,6235.0,472.12,NVIDIA GeForce RTX 3080,[N/A],Enabled,Enabled
1709094473.308909,0,GPU-a71d5fd4-b7db-93b7-1b7a-5a6e2a6a8c65,0.15,0.39111328125,10240.0,6235.0,472.12,NVIDIA GeForce RTX 3080,[N/A],Enabled,Enabled
1709094474.306821,0,GPU-a71d5fd4-b7db-93b7-1b7a-5a6e2a6a8c65,0.14,0.39111328125,10240.0,6235.0,472.12,NVIDIA GeForce RTX 3080,[N/A],Enabled,Enabled
1709094475.314792,0,GPU-a71d5fd4-b7db-93b7-1b7a-5a6e2a6a8c65,0.15,0.39111328125,10240.0,6235.0,472.12,NVIDIA GeForce RTX 3080,[N/A],Enabled,Enabled
