7.46 5.33 2.34 6/3081 5903
7.46 5.33 2.34 2/3081 5930
7.46 5.33 2.34 5/3081 5958
7.46 5.33 2.34 3/3081 5985
7.50 5.38 2.37 2/3086 6019
7.50 5.38 2.37 1/3086 6047
7.50 5.38 2.37 2/3086 6075
7.50 5.38 2.37 2/3086 6102
7.50 5.38 2.37 6/3088 6131
7.46 5.40 2.40 4/3088 6160
7.46 5.40 2.40 3/3088 6188
7.46 5.40 2.40 1/3088 6215
7.46 5.40 2.40 3/3088 6242
7.46 5.40 2.40 3/3088 6270
7.34 5.41 2.42 3/3088 6298
7.34 5.41 2.42 5/3088 6326
7.34 5.41 2.42 3/3088 6355
7.34 5.41 2.42 3/3088 6382
7.34 5.41 2.42 2/3088 6410
7.15 5.41 2.43 3/3088 6438
7.15 5.41 2.43 2/3088 6466
7.15 5.41 2.43 3/3088 6494
7.15 5.41 2.43 1/3088 6521
7.15 5.41 2.43 4/3088 6550
7.46 5.50 2.48 6/3088 6578
7.46 5.50 2.48 3/3088 6605
7.46 5.50 2.48 3/3088 6634
7.46 5.50 2.48 6/3088 6661
7.46 5.50 2.48 3/3088 6688
7.59 5.56 2.51 3/3090 6718
7.59 5.56 2.51 1/3090 6746
7.59 5.56 2.51 4/3090 6774
7.59 5.56 2.51 1/3090 6802
7.59 5.56 2.51 2/3090 6829
7.70 5.62 2.55 7/3090 6857
7.70 5.62 2.55 6/3090 6884
7.70 5.62 2.55 6/3090 6912
7.70 5.62 2.55 4/3090 6940
7.70 5.62 2.55 6/3090 6967
7.56 5.62 2.57 8/3090 6995
7.56 5.62 2.57 2/3090 7023
7.56 5.62 2.57 3/3090 7050
7.56 5.62 2.57 5/3090 7077
7.56 5.62 2.57 3/3090 7104
7.68 5.68 2.60 3/3073 7134
7.68 5.68 2.60 8/3073 7161
7.68 5.68 2.60 6/3073 7189
7.68 5.68 2.60 5/3071 7217
7.68 5.68 2.60 3/3069 7244
7.62 5.70 2.63 4/3066 7271
7.62 5.70 2.63 4/3064 7304
7.62 5.70 2.63 1/3064 7333
7.62 5.70 2.63 4/3063 7360
7.62 5.70 2.63 20/3062 7387
7.49 5.71 2.64 5/3062 7416
7.49 5.71 2.64 7/3062 7446
7.49 5.71 2.64 2/3062 7473
7.49 5.71 2.64 3/3062 7500
7.49 5.71 2.64 2/3062 7529
7.37 5.71 2.66 4/3062 7566
7.37 5.71 2.66 2/3062 7601
7.37 5.71 2.66 4/3062 7628
7.37 5.71 2.66 3/3058 7657
7.37 5.71 2.66 6/3048 7686
7.34 5.73 2.69 4/3044 7713
7.34 5.73 2.69 6/3044 7741
7.34 5.73 2.69 2/3044 7770
7.34 5.73 2.69 4/3044 7799
7.34 5.73 2.69 1/3044 7826
7.16 5.72 2.70 3/3031 7854
7.16 5.72 2.70 6/3031 7883
7.16 5.72 2.70 3/3031 7912
7.16 5.72 2.70 1/3031 7939
7.16 5.72 2.70 5/3031 7967
7.22 5.76 2.73 4/3031 7994
7.22 5.76 2.73 4/3031 8021
7.22 5.76 2.73 7/3031 8050
7.22 5.76 2.73 2/3031 8077
7.22 5.76 2.73 5/3031 8106
7.37 5.81 2.76 6/3031 8135
7.37 5.81 2.76 1/3028 8163
7.37 5.81 2.76 5/3028 8190
7.37 5.81 2.76 2/3028 8219
7.37 5.81 2.76 2/3028 8247
7.34 5.83 2.78 5/3028 8275
7.34 5.83 2.78 3/3028 8302
7.34 5.83 2.78 2/3028 8330
7.34 5.83 2.78 3/3028 8359
7.34 5.83 2.78 1/3028 8386
7.79 5.95 2.84 3/3028 8415
7.79 5.95 2.84 3/3028 8442
7.79 5.95 2.84 6/3028 8469
7.79 5.95 2.84 2/3028 8496
7.79 5.95 2.84 7/3028 8525
8.21 6.07 2.89 4/3028 8553
8.21 6.07 2.89 4/3028 8581
8.21 6.07 2.89 6/3028 8609
8.21 6.07 2.89 2/3028 8637
8.21 6.07 2.89 3/3028 8664
8.43 6.15 2.94 1/3028 8693
8.43 6.15 2.94 6/3028 8721
8.43 6.15 2.94 8/3028 8749
8.43 6.15 2.94 6/3028 8776
8.43 6.15 2.94 3/3028 8804
8.40 6.18 2.97 7/3028 8833
8.40 6.18 2.97 2/3028 8860
8.40 6.18 2.97 4/3028 8888
8.40 6.18 2.97 5/3028 8916
8.40 6.18 2.97 3/3028 8943
8.52 6.25 3.00 5/3028 8972
8.52 6.25 3.00 3/3028 9001
8.52 6.25 3.00 1/3028 9028
8.52 6.25 3.00 1/3028 9055
8.52 6.25 3.00 4/3028 9084
8.40 6.26 3.02 6/3025 9112
8.40 6.26 3.02 3/3022 9139
8.40 6.26 3.02 3/3015 9167
8.40 6.26 3.02 2/3018 9204
8.40 6.26 3.02 3/3018 9232
8.37 6.29 3.05 4/3018 9267
8.37 6.29 3.05 3/3019 9307
8.37 6.29 3.05 4/3018 9335
8.37 6.29 3.05 4/3017 9362
8.37 6.29 3.05 10/3017 9390
8.50 6.35 3.09 5/3021 9425
8.50 6.35 3.09 7/3018 9452
8.50 6.35 3.09 4/3014 9479
8.50 6.35 3.09 6/3013 9506
8.50 6.35 3.09 3/3010 9535
8.62 6.41 3.13 3/3009 9564
8.62 6.41 3.13 3/3006 9592
8.62 6.41 3.13 5/3001 9619
8.62 6.41 3.13 9/3001 9647
8.62 6.41 3.13 6/3001 9674
9.05 6.54 3.19 6/3001 9701
9.05 6.54 3.19 1/3001 9728
9.05 6.54 3.19 4/3000 9755
9.05 6.54 3.19 5/3000 9783
9.05 6.54 3.19 3/3000 9810
9.13 6.59 3.22 1/3000 9839
9.13 6.59 3.22 6/3000 9866
9.13 6.59 3.22 2/3000 9894
9.13 6.59 3.22 5/3000 9921
9.13 6.59 3.22 2/3000 9949
9.20 6.65 3.26 1/2999 9976
9.20 6.65 3.26 3/2999 10003
9.20 6.65 3.26 2/2999 10030
9.20 6.65 3.26 5/2999 10057
9.20 6.65 3.26 2/2999 10084
9.10 6.67 3.28 2/2999 10111
9.10 6.67 3.28 1/2999 10139
9.10 6.67 3.28 1/2998 10166
9.10 6.67 3.28 2/2998 10193
9.10 6.67 3.28 2/2997 10220
8.77 6.65 3.29 5/2997 10247
8.77 6.65 3.29 5/2998 10275
8.77 6.65 3.29 4/2996 10302
8.77 6.65 3.29 4/2996 10329
8.77 6.65 3.29 1/2996 10357
8.55 6.63 3.31 4/2996 10385
8.55 6.63 3.31 1/2996 10413
8.55 6.63 3.31 4/2996 10440
8.55 6.63 3.31 2/2996 10468
8.55 6.63 3.31 3/2996 10495
8.59 6.67 3.34 4/2996 10522
8.59 6.67 3.34 6/2996 10549
8.59 6.67 3.34 1/2996 10577
8.59 6.67 3.34 4/2996 10605
8.59 6.67 3.34 1/2996 10632
8.54 6.70 3.36 3/2996 10659
8.54 6.70 3.36 2/2996 10686
8.54 6.70 3.36 7/2995 10714
8.54 6.70 3.36 1/2995 10741
8.54 6.70 3.36 5/2995 10769
8.82 6.79 3.41 4/2995 10796
8.82 6.79 3.41 5/2995 10823
8.82 6.79 3.41 1/2995 10850
8.82 6.79 3.41 4/2992 10877
8.82 6.79 3.41 1/2992 10904
8.67 6.79 3.43 8/2992 10939
8.67 6.79 3.43 4/2992 10970
8.67 6.79 3.43 1/2992 10999
8.67 6.79 3.43 2/2988 11026
8.67 6.79 3.43 1/2988 11053
8.86 6.86 3.47 3/2984 11082
8.86 6.86 3.47 5/2984 11109
8.86 6.86 3.47 5/2984 11136
8.86 6.86 3.47 9/2984 11163
8.86 6.86 3.47 10/2984 11190
8.55 6.83 3.48 1/2982 11218
8.55 6.83 3.48 5/2982 11246
8.55 6.83 3.48 2/2982 11273
8.55 6.83 3.48 3/2981 11301
8.55 6.83 3.48 5/2981 11328
8.26 6.80 3.49 2/2981 11355
8.26 6.80 3.49 1/2981 11382
8.26 6.80 3.49 4/2981 11410
8.26 6.80 3.49 2/2978 11437
8.26 6.80 3.49 4/2978 11465
8.24 6.82 3.51 3/2978 11493
8.24 6.82 3.51 2/2978 11520
8.24 6.82 3.51 2/2978 11547
8.24 6.82 3.51 1/2978 11576
8.24 6.82 3.51 2/2978 11603
8.24 6.82 3.51 3/2977 11630
8.38 6.87 3.55 3/2977 11657
8.38 6.87 3.55 6/2977 11684
8.38 6.87 3.55 5/2977 11711
8.38 6.87 3.55 1/2977 11738
8.38 6.87 3.55 5/2977 11765
8.43 6.91 3.58 6/2977 11792
8.43 6.91 3.58 4/2977 11819
8.43 6.91 3.58 1/2977 11846
8.43 6.91 3.58 2/2976 11874
8.43 6.91 3.58 11/2976 11902
8.80 7.01 3.63 3/2976 11929
8.80 7.01 3.63 1/2976 11956
8.80 7.01 3.63 1/2976 11983
8.80 7.01 3.63 2/2976 12010
8.80 7.01 3.63 7/2976 12037
8.90 7.06 3.66 3/2976 12064
8.90 7.06 3.66 4/2975 12091
8.90 7.06 3.66 3/2975 12118
8.90 7.06 3.66 5/2975 12146
8.90 7.06 3.66 3/2975 12174
8.58 7.02 3.67 1/2975 12202
8.58 7.02 3.67 2/2975 12230
8.58 7.02 3.67 5/2975 12257
8.58 7.02 3.67 5/2975 12284
8.58 7.02 3.67 5/2976 12312
8.46 7.02 3.69 4/2976 12339
8.46 7.02 3.69 3/2976 12366
