3954.48 19541.13
3955.49 19545.73
3956.49 19550.48
3957.48 19554.99
3958.47 19559.44
3959.48 19563.79
3960.47 19568.29
3961.49 19572.89
3962.48 19577.13
3963.48 19581.65
3964.48 19586.08
3965.49 19590.56
3966.48 19594.91
3967.48 19599.34
3968.50 19603.60
3969.48 19607.52
3970.48 19612.01
3971.48 19616.66
3972.49 19621.20
3973.48 19625.80
3974.48 19630.19
3975.49 19634.54
3976.48 19638.92
3977.48 19643.32
3978.48 19647.61
3979.48 19651.98
3980.48 19656.69
3981.48 19661.19
3982.49 19665.61
3983.48 19669.83
3984.48 19674.26
3985.47 19678.57
3986.48 19683.34
3987.47 19687.69
3988.48 19692.36
3989.48 19696.72
3990.49 19701.07
3991.46 19705.30
3992.48 19709.89
3993.49 19714.22
3994.49 19718.60
3995.48 19722.92
3996.48 19727.37
3997.48 19731.91
3998.49 19736.46
3999.48 19740.80
4000.48 19745.38
4001.49 19750.00
4002.48 19754.10
4003.48 19758.48
4004.48 19762.97
4005.47 19767.12
4006.50 19771.47
4007.49 19775.68
4008.49 19780.02
4009.47 19784.51
4010.47 19789.05
4011.47 19793.35
4012.48 19797.97
4013.48 19802.41
4014.49 19807.03
4015.48 19811.61
4016.48 19816.25
4017.49 19820.85
4018.48 19825.15
4019.48 19829.92
4020.48 19834.46
4021.48 19839.02
4022.48 19843.25
4023.49 19847.71
4024.49 19852.11
4025.49 19856.47
4026.49 19860.81
4027.48 19865.07
4028.49 19869.16
4029.49 19873.32
4030.49 19877.42
4031.51 19881.53
4032.49 19885.42
4033.48 19889.49
4034.49 19893.64
4035.49 19897.83
4036.49 19902.11
4037.48 19906.44
4038.49 19910.54
4039.48 19914.66
4040.48 19919.05
4041.49 19923.30
4042.50 19927.48
4043.48 19931.34
4044.49 19935.81
4045.48 19940.23
4046.50 19944.83
4047.48 19948.95
4048.49 19952.99
4049.47 19957.27
4050.49 19961.45
4051.49 19965.52
4052.48 19969.54
4053.49 19973.74
4054.48 19977.77
4055.47 19981.94
4056.48 19986.11
4057.48 19990.59
4058.49 19994.63
4059.48 19999.02
4060.49 20003.35
4061.48 20007.82
4062.48 20011.98
4063.48 20016.62
4064.48 20020.94
4065.49 20025.25
4066.49 20029.63
4067.49 20034.12
4068.49 20038.31
4069.48 20042.68
4070.48 20047.00
4071.50 20051.21
4072.49 20055.40
4073.48 20059.59
4074.49 20064.13
4075.48 20068.40
4076.49 20073.01
4077.48 20077.11
4078.48 20081.23
4079.49 20085.83
4080.49 20090.22
4081.48 20094.57
4082.48 20098.93
4083.48 20103.51
4084.49 20107.93
4085.48 20112.44
4086.49 20116.88
4087.47 20121.28
4088.50 20125.91
4089.48 20130.32
4090.48 20135.00
4091.48 20139.49
4092.48 20143.80
4093.49 20148.05
4094.50 20152.56
4095.48 20156.96
4096.49 20161.63
4097.48 20166.08
4098.49 20170.24
4099.49 20174.62
4100.47 20178.73
4101.48 20183.10
4102.48 20187.63
4103.48 20192.15
4104.49 20196.75
4105.48 20201.11
4106.48 20205.63
4107.48 20209.63
4108.48 20213.79
4109.49 20218.30
4110.49 20222.46
4111.49 20226.53
4112.49 20230.86
4113.48 20235.06
4114.48 20239.52
4115.49 20244.12
4116.49 20248.55
4117.49 20253.31
4118.48 20257.74
4119.48 20262.17
4120.52 20266.89
4121.49 20271.16
4122.48 20275.32
4123.48 20279.72
4124.49 20284.08
4125.48 20288.45
4126.49 20292.81
4127.48 20297.27
4128.48 20301.47
4129.48 20305.41
4130.48 20309.67
4131.47 20314.38
4132.48 20318.72
4133.48 20323.02
4134.49 20327.46
4135.48 20331.63
4136.50 20336.28
4137.49 20340.58
4138.50 20345.14
4139.48 20349.59
4140.49 20354.02
4141.49 20358.15
4142.49 20362.82
4143.48 20367.21
4144.48 20371.73
4145.49 20376.33
4146.49 20380.35
4147.48 20384.92
4148.48 20389.39
4149.49 20393.73
4150.49 20397.72
4151.48 20401.94
4152.48 20406.17
4153.48 20410.40
4154.49 20414.70
4155.49 20418.92
4156.47 20423.15
4157.48 20427.44
4158.50 20431.62
4159.50 20435.68
4160.49 20439.77
4161.48 20443.94
4162.48 20448.30
4163.50 20452.74
4164.49 20456.97
4165.48 20461.27
4166.48 20465.49
4167.48 20469.64
4168.48 20474.03
4169.48 20478.33
4170.49 20482.22
4171.48 20486.43
4172.48 20490.48
4173.48 20494.63
4174.48 20498.95
4175.48 20503.21
4176.48 20507.19
4177.48 20511.78
4178.48 20516.08
4179.48 20520.33
