timestamp,id,uuid,load,memoryUtil,memoryTotal,memoryFree,driver,name,serial,display_mode,display_active
1709134406.986803,0,GPU-a71d5fd4-b7db-93b7-1b7a-5a6e2a6a8c65,0.21,0.42255859375,10240.0,5913.0,472.12,NVIDIA GeForce RTX 3080,[N/A],Enabled,Enabled
1709134407.982594,0,GPU-a71d5fd4-b7db-93b7-1b7a-5a6e2a6a8c65,0.16,0.58349609375,10240.0,4265.0,472.12,NVIDIA GeForce RTX 3080,[N/A],Enabled,Enabled
1709134408.994892,0,GPU-a71d5fd4-b7db-93b7-1b7a-5a6e2a6a8c65,0.11,0.528515625,10240.0,4828.0,472.12,NVIDIA GeForce RTX 3080,[N/A],Enabled,Enabled
1709134409.99025,0,GPU-a71d5fd4-b7db-93b7-1b7a-5a6e2a6a8c65,0.11,0.528515625,10240.0,4828.0,472.12,NVIDIA GeForce RTX 3080,[N/A],Enabled,Enabled
1709134410.991263,0,GPU-a71d5fd4-b7db-93b7-1b7a-5a6e2a6a8c65,0.11,0.528515625,10240.0,4828.0,472.12,NVIDIA GeForce RTX 3080,[N/A],Enabled,Enabled
1709134411.991802,0,GPU-a71d5fd4-b7db-93b7-1b7a-5a6e2a6a8c65,0.11,0.41611328125,10240.0,5979.0,472.12,NVIDIA GeForce RTX 3080,[N/A],Enabled,Enabled
1709134412.988899,0,GPU-a71d5fd4-b7db-93b7-1b7a-5a6e2a6a8c65,0.13,0.54912109375,10240.0,4617.0,472.12,NVIDIA GeForce RTX 3080,[N/A],Enabled,Enabled
1709134413.986382,0,GPU-a71d5fd4-b7db-93b7-1b7a-5a6e2a6a8c65,0.15,0.48095703125,10240.0,5315.0,472.12,NVIDIA GeForce RTX 3080,[N/A],Enabled,Enabled
1709134414.988055,0,GPU-a71d5fd4-b7db-93b7-1b7a-5a6e2a6a8c65,0.15,0.48095703125,10240.0,5315.0,472.12,NVIDIA GeForce RTX 3080,[N/A],Enabled,Enabled
1709134415.98701,0,GPU-a71d5fd4-b7db-93b7-1b7a-5a6e2a6a8c65,0.13,0.4771484375,10240.0,5354.0,472.12,NVIDIA GeForce RTX 3080,[N/A],Enabled,Enabled
1709134416.984579,0,GPU-a71d5fd4-b7db-93b7-1b7a-5a6e2a6a8c65,0.14,0.4771484375,10240.0,5354.0,472.12,NVIDIA GeForce RTX 3080,[N/A],Enabled,Enabled
1709134417.983298,0,GPU-a71d5fd4-b7db-93b7-1b7a-5a6e2a6a8c65,0.14,0.4771484375,10240.0,5354.0,472.12,NVIDIA GeForce RTX 3080,[N/A],Enabled,Enabled
1709134418.993433,0,GPU-a71d5fd4-b7db-93b7-1b7a-5a6e2a6a8c65,0.16,0.480859375,10240.0,5316.0,472.12,NVIDIA GeForce RTX 3080,[N/A],Enabled,Enabled
1709134419.993411,0,GPU-a71d5fd4-b7db-93b7-1b7a-5a6e2a6a8c65,0.12,0.4732421875,10240.0,5394.0,472.12,NVIDIA GeForce RTX 3080,[N/A],Enabled,Enabled
1709134420.990229,0,GPU-a71d5fd4-b7db-93b7-1b7a-5a6e2a6a8c65,0.15,0.48193359375,10240.0,5305.0,472.12,NVIDIA GeForce RTX 3080,[N/A],Enabled,Enabled
1709134421.986884,0,GPU-a71d5fd4-b7db-93b7-1b7a-5a6e2a6a8c65,0.15,0.48193359375,10240.0,5305.0,472.12,NVIDIA GeForce RTX 3080,[N/A],Enabled,Enabled
1709134422.98347,0,GPU-a71d5fd4-b7db-93b7-1b7a-5a6e2a6a8c65,0.15,0.48193359375,10240.0,5305.0,472.12,NVIDIA GeForce RTX 3080,[N/A],Enabled,Enabled
1709134423.981001,0,GPU-a71d5fd4-b7db-93b7-1b7a-5a6e2a6a8c65,0.14,0.47822265625,10240.0,5343.0,472.12,NVIDIA GeForce RTX 3080,[N/A],Enabled,Enabled
1709134424.979793,0,GPU-a71d5fd4-b7db-93b7-1b7a-5a6e2a6a8c65,0.16,0.48193359375,10240.0,5305.0,472.12,NVIDIA GeForce RTX 3080,[N/A],Enabled,Enabled
1709134425.993017,0,GPU-a71d5fd4-b7db-93b7-1b7a-5a6e2a6a8c65,0.14,0.47822265625,10240.0,5343.0,472.12,NVIDIA GeForce RTX 3080,[N/A],Enabled,Enabled
1709134426.990932,0,GPU-a71d5fd4-b7db-93b7-1b7a-5a6e2a6a8c65,0.14,0.47822265625,10240.0,5343.0,472.12,NVIDIA GeForce RTX 3080,[N/A],Enabled,Enabled
1709134427.987792,0,GPU-a71d5fd4-b7db-93b7-1b7a-5a6e2a6a8c65,0.15,0.48193359375,10240.0,5305.0,472.12,NVIDIA GeForce RTX 3080,[N/A],Enabled,Enabled
1709134428.986911,0,GPU-a71d5fd4-b7db-93b7-1b7a-5a6e2a6a8c65,0.14,0.47822265625,10240.0,5343.0,472.12,NVIDIA GeForce RTX 3080,[N/A],Enabled,Enabled
1709134429.990729,0,GPU-a71d5fd4-b7db-93b7-1b7a-5a6e2a6a8c65,0.15,0.48193359375,10240.0,5305.0,472.12,NVIDIA GeForce RTX 3080,[N/A],Enabled,Enabled
1709134430.985844,0,GPU-a71d5fd4-b7db-93b7-1b7a-5a6e2a6a8c65,0.14,0.47822265625,10240.0,5343.0,472.12,NVIDIA GeForce RTX 3080,[N/A],Enabled,Enabled
1709134431.993409,0,GPU-a71d5fd4-b7db-93b7-1b7a-5a6e2a6a8c65,0.14,0.47822265625,10240.0,5343.0,472.12,NVIDIA GeForce RTX 3080,[N/A],Enabled,Enabled
1709134432.992962,0,GPU-a71d5fd4-b7db-93b7-1b7a-5a6e2a6a8c65,0.14,0.47822265625,10240.0,5343.0,472.12,NVIDIA GeForce RTX 3080,[N/A],Enabled,Enabled
1709134433.991874,0,GPU-a71d5fd4-b7db-93b7-1b7a-5a6e2a6a8c65,0.15,0.48193359375,10240.0,5305.0,472.12,NVIDIA GeForce RTX 3080,[N/A],Enabled,Enabled
1709134434.991959,0,GPU-a71d5fd4-b7db-93b7-1b7a-5a6e2a6a8c65,0.14,0.47822265625,10240.0,5343.0,472.12,NVIDIA GeForce RTX 3080,[N/A],Enabled,Enabled
1709134435.989659,0,GPU-a71d5fd4-b7db-93b7-1b7a-5a6e2a6a8c65,0.14,0.47822265625,10240.0,5343.0,472.12,NVIDIA GeForce RTX 3080,[N/A],Enabled,Enabled
1709134436.9905,0,GPU-a71d5fd4-b7db-93b7-1b7a-5a6e2a6a8c65,0.14,0.47822265625,10240.0,5343.0,472.12,NVIDIA GeForce RTX 3080,[N/A],Enabled,Enabled
1709134437.991662,0,GPU-a71d5fd4-b7db-93b7-1b7a-5a6e2a6a8c65,0.15,0.47822265625,10240.0,5343.0,472.12,NVIDIA GeForce RTX 3080,[N/A],Enabled,Enabled
1709134438.984614,0,GPU-a71d5fd4-b7db-93b7-1b7a-5a6e2a6a8c65,0.15,0.48193359375,10240.0,5305.0,472.12,NVIDIA GeForce RTX 3080,[N/A],Enabled,Enabled
1709134439.981007,0,GPU-a71d5fd4-b7db-93b7-1b7a-5a6e2a6a8c65,0.15,0.4806640625,10240.0,5318.0,472.12,NVIDIA GeForce RTX 3080,[N/A],Enabled,Enabled
1709134440.98163,0,GPU-a71d5fd4-b7db-93b7-1b7a-5a6e2a6a8c65,0.17,0.49130859375,10240.0,5209.0,472.12,NVIDIA GeForce RTX 3080,[N/A],Enabled,Enabled
1709134441.993328,0,GPU-a71d5fd4-b7db-93b7-1b7a-5a6e2a6a8c65,0.17,0.49130859375,10240.0,5209.0,472.12,NVIDIA GeForce RTX 3080,[N/A],Enabled,Enabled
1709134442.989545,0,GPU-a71d5fd4-b7db-93b7-1b7a-5a6e2a6a8c65,0.18,0.49130859375,10240.0,5209.0,472.12,NVIDIA GeForce RTX 3080,[N/A],Enabled,Enabled
1709134443.985705,0,GPU-a71d5fd4-b7db-93b7-1b7a-5a6e2a6a8c65,0.18,0.49130859375,10240.0,5209.0,472.12,NVIDIA GeForce RTX 3080,[N/A],Enabled,Enabled
1709134444.983781,0,GPU-a71d5fd4-b7db-93b7-1b7a-5a6e2a6a8c65,0.17,0.49130859375,10240.0,5209.0,472.12,NVIDIA GeForce RTX 3080,[N/A],Enabled,Enabled
1709134445.994631,0,GPU-a71d5fd4-b7db-93b7-1b7a-5a6e2a6a8c65,0.18,0.49130859375,10240.0,5209.0,472.12,NVIDIA GeForce RTX 3080,[N/A],Enabled,Enabled
1709134446.992705,0,GPU-a71d5fd4-b7db-93b7-1b7a-5a6e2a6a8c65,0.17,0.49130859375,10240.0,5209.0,472.12,NVIDIA GeForce RTX 3080,[N/A],Enabled,Enabled
1709134447.99313,0,GPU-a71d5fd4-b7db-93b7-1b7a-5a6e2a6a8c65,0.18,0.49130859375,10240.0,5209.0,472.12,NVIDIA GeForce RTX 3080,[N/A],Enabled,Enabled
1709134448.992554,0,GPU-a71d5fd4-b7db-93b7-1b7a-5a6e2a6a8c65,0.17,0.49130859375,10240.0,5209.0,472.12,NVIDIA GeForce RTX 3080,[N/A],Enabled,Enabled
1709134449.990558,0,GPU-a71d5fd4-b7db-93b7-1b7a-5a6e2a6a8c65,0.18,0.49130859375,10240.0,5209.0,472.12,NVIDIA GeForce RTX 3080,[N/A],Enabled,Enabled
1709134450.989923,0,GPU-a71d5fd4-b7db-93b7-1b7a-5a6e2a6a8c65,0.17,0.49130859375,10240.0,5209.0,472.12,NVIDIA GeForce RTX 3080,[N/A],Enabled,Enabled
1709134451.98584,0,GPU-a71d5fd4-b7db-93b7-1b7a-5a6e2a6a8c65,0.18,0.49130859375,10240.0,5209.0,472.12,NVIDIA GeForce RTX 3080,[N/A],Enabled,Enabled
1709134452.985749,0,GPU-a71d5fd4-b7db-93b7-1b7a-5a6e2a6a8c65,0.18,0.49130859375,10240.0,5209.0,472.12,NVIDIA GeForce RTX 3080,[N/A],Enabled,Enabled
1709134453.984849,0,GPU-a71d5fd4-b7db-93b7-1b7a-5a6e2a6a8c65,0.18,0.49130859375,10240.0,5209.0,472.12,NVIDIA GeForce RTX 3080,[N/A],Enabled,Enabled
1709134454.985886,0,GPU-a71d5fd4-b7db-93b7-1b7a-5a6e2a6a8c65,0.17,0.49130859375,10240.0,5209.0,472.12,NVIDIA GeForce RTX 3080,[N/A],Enabled,Enabled
1709134455.981522,0,GPU-a71d5fd4-b7db-93b7-1b7a-5a6e2a6a8c65,0.17,0.49130859375,10240.0,5209.0,472.12,NVIDIA GeForce RTX 3080,[N/A],Enabled,Enabled
1709134456.992619,0,GPU-a71d5fd4-b7db-93b7-1b7a-5a6e2a6a8c65,0.17,0.49130859375,10240.0,5209.0,472.12,NVIDIA GeForce RTX 3080,[N/A],Enabled,Enabled
1709134457.990883,0,GPU-a71d5fd4-b7db-93b7-1b7a-5a6e2a6a8c65,0.18,0.49130859375,10240.0,5209.0,472.12,NVIDIA GeForce RTX 3080,[N/A],Enabled,Enabled
1709134458.991756,0,GPU-a71d5fd4-b7db-93b7-1b7a-5a6e2a6a8c65,0.17,0.49130859375,10240.0,5209.0,472.12,NVIDIA GeForce RTX 3080,[N/A],Enabled,Enabled
1709134459.986723,0,GPU-a71d5fd4-b7db-93b7-1b7a-5a6e2a6a8c65,0.17,0.49130859375,10240.0,5209.0,472.12,NVIDIA GeForce RTX 3080,[N/A],Enabled,Enabled
1709134460.981594,0,GPU-a71d5fd4-b7db-93b7-1b7a-5a6e2a6a8c65,0.17,0.49130859375,10240.0,5209.0,472.12,NVIDIA GeForce RTX 3080,[N/A],Enabled,Enabled
1709134461.980736,0,GPU-a71d5fd4-b7db-93b7-1b7a-5a6e2a6a8c65,0.18,0.49130859375,10240.0,5209.0,472.12,NVIDIA GeForce RTX 3080,[N/A],Enabled,Enabled
1709134462.992118,0,GPU-a71d5fd4-b7db-93b7-1b7a-5a6e2a6a8c65,0.17,0.49130859375,10240.0,5209.0,472.12,NVIDIA GeForce RTX 3080,[N/A],Enabled,Enabled
1709134463.986651,0,GPU-a71d5fd4-b7db-93b7-1b7a-5a6e2a6a8c65,0.18,0.49130859375,10240.0,5209.0,472.12,NVIDIA GeForce RTX 3080,[N/A],Enabled,Enabled
1709134464.981839,0,GPU-a71d5fd4-b7db-93b7-1b7a-5a6e2a6a8c65,0.18,0.49130859375,10240.0,5209.0,472.12,NVIDIA GeForce RTX 3080,[N/A],Enabled,Enabled
1709134465.980636,0,GPU-a71d5fd4-b7db-93b7-1b7a-5a6e2a6a8c65,0.18,0.49130859375,10240.0,5209.0,472.12,NVIDIA GeForce RTX 3080,[N/A],Enabled,Enabled
1709134466.990001,0,GPU-a71d5fd4-b7db-93b7-1b7a-5a6e2a6a8c65,0.17,0.49130859375,10240.0,5209.0,472.12,NVIDIA GeForce RTX 3080,[N/A],Enabled,Enabled
1709134467.992206,0,GPU-a71d5fd4-b7db-93b7-1b7a-5a6e2a6a8c65,0.17,0.49130859375,10240.0,5209.0,472.12,NVIDIA GeForce RTX 3080,[N/A],Enabled,Enabled
1709134468.991754,0,GPU-a71d5fd4-b7db-93b7-1b7a-5a6e2a6a8c65,0.17,0.49130859375,10240.0,5209.0,472.12,NVIDIA GeForce RTX 3080,[N/A],Enabled,Enabled
1709134469.991961,0,GPU-a71d5fd4-b7db-93b7-1b7a-5a6e2a6a8c65,0.18,0.49130859375,10240.0,5209.0,472.12,NVIDIA GeForce RTX 3080,[N/A],Enabled,Enabled
1709134470.986978,0,GPU-a71d5fd4-b7db-93b7-1b7a-5a6e2a6a8c65,0.17,0.49130859375,10240.0,5209.0,472.12,NVIDIA GeForce RTX 3080,[N/A],Enabled,Enabled
1709134471.984454,0,GPU-a71d5fd4-b7db-93b7-1b7a-5a6e2a6a8c65,0.18,0.49130859375,10240.0,5209.0,472.12,NVIDIA GeForce RTX 3080,[N/A],Enabled,Enabled
1709134472.983784,0,GPU-a71d5fd4-b7db-93b7-1b7a-5a6e2a6a8c65,0.18,0.49130859375,10240.0,5209.0,472.12,NVIDIA GeForce RTX 3080,[N/A],Enabled,Enabled
1709134473.981777,0,GPU-a71d5fd4-b7db-93b7-1b7a-5a6e2a6a8c65,0.18,0.49130859375,10240.0,5209.0,472.12,NVIDIA GeForce RTX 3080,[N/A],Enabled,Enabled
1709134474.979793,0,GPU-a71d5fd4-b7db-93b7-1b7a-5a6e2a6a8c65,0.17,0.49130859375,10240.0,5209.0,472.12,NVIDIA GeForce RTX 3080,[N/A],Enabled,Enabled
1709134475.987696,0,GPU-a71d5fd4-b7db-93b7-1b7a-5a6e2a6a8c65,0.17,0.49130859375,10240.0,5209.0,472.12,NVIDIA GeForce RTX 3080,[N/A],Enabled,Enabled
1709134476.989683,0,GPU-a71d5fd4-b7db-93b7-1b7a-5a6e2a6a8c65,0.17,0.49130859375,10240.0,5209.0,472.12,NVIDIA GeForce RTX 3080,[N/A],Enabled,Enabled
1709134477.988586,0,GPU-a71d5fd4-b7db-93b7-1b7a-5a6e2a6a8c65,0.17,0.49130859375,10240.0,5209.0,472.12,NVIDIA GeForce RTX 3080,[N/A],Enabled,Enabled
1709134478.985599,0,GPU-a71d5fd4-b7db-93b7-1b7a-5a6e2a6a8c65,0.17,0.49130859375,10240.0,5209.0,472.12,NVIDIA GeForce RTX 3080,[N/A],Enabled,Enabled
1709134479.979915,0,GPU-a71d5fd4-b7db-93b7-1b7a-5a6e2a6a8c65,0.17,0.49130859375,10240.0,5209.0,472.12,NVIDIA GeForce RTX 3080,[N/A],Enabled,Enabled
1709134480.981146,0,GPU-a71d5fd4-b7db-93b7-1b7a-5a6e2a6a8c65,0.17,0.49130859375,10240.0,5209.0,472.12,NVIDIA GeForce RTX 3080,[N/A],Enabled,Enabled
1709134481.994029,0,GPU-a71d5fd4-b7db-93b7-1b7a-5a6e2a6a8c65,0.18,0.49130859375,10240.0,5209.0,472.12,NVIDIA GeForce RTX 3080,[N/A],Enabled,Enabled
1709134482.985911,0,GPU-a71d5fd4-b7db-93b7-1b7a-5a6e2a6a8c65,0.17,0.49130859375,10240.0,5209.0,472.12,NVIDIA GeForce RTX 3080,[N/A],Enabled,Enabled
1709134483.987917,0,GPU-a71d5fd4-b7db-93b7-1b7a-5a6e2a6a8c65,0.18,0.49130859375,10240.0,5209.0,472.12,NVIDIA GeForce RTX 3080,[N/A],Enabled,Enabled
1709134484.98689,0,GPU-a71d5fd4-b7db-93b7-1b7a-5a6e2a6a8c65,0.16,0.49130859375,10240.0,5209.0,472.12,NVIDIA GeForce RTX 3080,[N/A],Enabled,Enabled
1709134485.980897,0,GPU-a71d5fd4-b7db-93b7-1b7a-5a6e2a6a8c65,0.17,0.49130859375,10240.0,5209.0,472.12,NVIDIA GeForce RTX 3080,[N/A],Enabled,Enabled
1709134486.983706,0,GPU-a71d5fd4-b7db-93b7-1b7a-5a6e2a6a8c65,0.17,0.49130859375,10240.0,5209.0,472.12,NVIDIA GeForce RTX 3080,[N/A],Enabled,Enabled
1709134487.985868,0,GPU-a71d5fd4-b7db-93b7-1b7a-5a6e2a6a8c65,0.18,0.49130859375,10240.0,5209.0,472.12,NVIDIA GeForce RTX 3080,[N/A],Enabled,Enabled
1709134488.980103,0,GPU-a71d5fd4-b7db-93b7-1b7a-5a6e2a6a8c65,0.17,0.49130859375,10240.0,5209.0,472.12,NVIDIA GeForce RTX 3080,[N/A],Enabled,Enabled
1709134489.979773,0,GPU-a71d5fd4-b7db-93b7-1b7a-5a6e2a6a8c65,0.18,0.49130859375,10240.0,5209.0,472.12,NVIDIA GeForce RTX 3080,[N/A],Enabled,Enabled
1709134490.992937,0,GPU-a71d5fd4-b7db-93b7-1b7a-5a6e2a6a8c65,0.16,0.49130859375,10240.0,5209.0,472.12,NVIDIA GeForce RTX 3080,[N/A],Enabled,Enabled
1709134491.989873,0,GPU-a71d5fd4-b7db-93b7-1b7a-5a6e2a6a8c65,0.17,0.49130859375,10240.0,5209.0,472.12,NVIDIA GeForce RTX 3080,[N/A],Enabled,Enabled
1709134492.989685,0,GPU-a71d5fd4-b7db-93b7-1b7a-5a6e2a6a8c65,0.17,0.49130859375,10240.0,5209.0,472.12,NVIDIA GeForce RTX 3080,[N/A],Enabled,Enabled
1709134493.989826,0,GPU-a71d5fd4-b7db-93b7-1b7a-5a6e2a6a8c65,0.17,0.49130859375,10240.0,5209.0,472.12,NVIDIA GeForce RTX 3080,[N/A],Enabled,Enabled
1709134494.989192,0,GPU-a71d5fd4-b7db-93b7-1b7a-5a6e2a6a8c65,0.17,0.49130859375,10240.0,5209.0,472.12,NVIDIA GeForce RTX 3080,[N/A],Enabled,Enabled
1709134495.986629,0,GPU-a71d5fd4-b7db-93b7-1b7a-5a6e2a6a8c65,0.18,0.49130859375,10240.0,5209.0,472.12,NVIDIA GeForce RTX 3080,[N/A],Enabled,Enabled
1709134496.983256,0,GPU-a71d5fd4-b7db-93b7-1b7a-5a6e2a6a8c65,0.18,0.49130859375,10240.0,5209.0,472.12,NVIDIA GeForce RTX 3080,[N/A],Enabled,Enabled
1709134497.980079,0,GPU-a71d5fd4-b7db-93b7-1b7a-5a6e2a6a8c65,0.17,0.49130859375,10240.0,5209.0,472.12,NVIDIA GeForce RTX 3080,[N/A],Enabled,Enabled
1709134498.991862,0,GPU-a71d5fd4-b7db-93b7-1b7a-5a6e2a6a8c65,0.17,0.49130859375,10240.0,5209.0,472.12,NVIDIA GeForce RTX 3080,[N/A],Enabled,Enabled
1709134499.98971,0,GPU-a71d5fd4-b7db-93b7-1b7a-5a6e2a6a8c65,0.17,0.49130859375,10240.0,5209.0,472.12,NVIDIA GeForce RTX 3080,[N/A],Enabled,Enabled
1709134500.986665,0,GPU-a71d5fd4-b7db-93b7-1b7a-5a6e2a6a8c65,0.17,0.49130859375,10240.0,5209.0,472.12,NVIDIA GeForce RTX 3080,[N/A],Enabled,Enabled
1709134501.986785,0,GPU-a71d5fd4-b7db-93b7-1b7a-5a6e2a6a8c65,0.17,0.49130859375,10240.0,5209.0,472.12,NVIDIA GeForce RTX 3080,[N/A],Enabled,Enabled
1709134502.984565,0,GPU-a71d5fd4-b7db-93b7-1b7a-5a6e2a6a8c65,0.17,0.49130859375,10240.0,5209.0,472.12,NVIDIA GeForce RTX 3080,[N/A],Enabled,Enabled
1709134503.98173,0,GPU-a71d5fd4-b7db-93b7-1b7a-5a6e2a6a8c65,0.17,0.49130859375,10240.0,5209.0,472.12,NVIDIA GeForce RTX 3080,[N/A],Enabled,Enabled
1709134504.993332,0,GPU-a71d5fd4-b7db-93b7-1b7a-5a6e2a6a8c65,0.17,0.49130859375,10240.0,5209.0,472.12,NVIDIA GeForce RTX 3080,[N/A],Enabled,Enabled
1709134505.991892,0,GPU-a71d5fd4-b7db-93b7-1b7a-5a6e2a6a8c65,0.17,0.49130859375,10240.0,5209.0,472.12,NVIDIA GeForce RTX 3080,[N/A],Enabled,Enabled
1709134506.988988,0,GPU-a71d5fd4-b7db-93b7-1b7a-5a6e2a6a8c65,0.17,0.49130859375,10240.0,5209.0,472.12,NVIDIA GeForce RTX 3080,[N/A],Enabled,Enabled
1709134507.99063,0,GPU-a71d5fd4-b7db-93b7-1b7a-5a6e2a6a8c65,0.18,0.49130859375,10240.0,5209.0,472.12,NVIDIA GeForce RTX 3080,[N/A],Enabled,Enabled
1709134508.989979,0,GPU-a71d5fd4-b7db-93b7-1b7a-5a6e2a6a8c65,0.17,0.49130859375,10240.0,5209.0,472.12,NVIDIA GeForce RTX 3080,[N/A],Enabled,Enabled
1709134509.986762,0,GPU-a71d5fd4-b7db-93b7-1b7a-5a6e2a6a8c65,0.17,0.49130859375,10240.0,5209.0,472.12,NVIDIA GeForce RTX 3080,[N/A],Enabled,Enabled
1709134510.984612,0,GPU-a71d5fd4-b7db-93b7-1b7a-5a6e2a6a8c65,0.17,0.49130859375,10240.0,5209.0,472.12,NVIDIA GeForce RTX 3080,[N/A],Enabled,Enabled
1709134511.985834,0,GPU-a71d5fd4-b7db-93b7-1b7a-5a6e2a6a8c65,0.18,0.49130859375,10240.0,5209.0,472.12,NVIDIA GeForce RTX 3080,[N/A],Enabled,Enabled
1709134512.985812,0,GPU-a71d5fd4-b7db-93b7-1b7a-5a6e2a6a8c65,0.17,0.49130859375,10240.0,5209.0,472.12,NVIDIA GeForce RTX 3080,[N/A],Enabled,Enabled
1709134513.985615,0,GPU-a71d5fd4-b7db-93b7-1b7a-5a6e2a6a8c65,0.17,0.49130859375,10240.0,5209.0,472.12,NVIDIA GeForce RTX 3080,[N/A],Enabled,Enabled
1709134514.990333,0,GPU-a71d5fd4-b7db-93b7-1b7a-5a6e2a6a8c65,0.17,0.49130859375,10240.0,5209.0,472.12,NVIDIA GeForce RTX 3080,[N/A],Enabled,Enabled
1709134515.989304,0,GPU-a71d5fd4-b7db-93b7-1b7a-5a6e2a6a8c65,0.17,0.49130859375,10240.0,5209.0,472.12,NVIDIA GeForce RTX 3080,[N/A],Enabled,Enabled
1709134516.990638,0,GPU-a71d5fd4-b7db-93b7-1b7a-5a6e2a6a8c65,0.17,0.49130859375,10240.0,5209.0,472.12,NVIDIA GeForce RTX 3080,[N/A],Enabled,Enabled
1709134517.99084,0,GPU-a71d5fd4-b7db-93b7-1b7a-5a6e2a6a8c65,0.17,0.49130859375,10240.0,5209.0,472.12,NVIDIA GeForce RTX 3080,[N/A],Enabled,Enabled
1709134518.989825,0,GPU-a71d5fd4-b7db-93b7-1b7a-5a6e2a6a8c65,0.17,0.49130859375,10240.0,5209.0,472.12,NVIDIA GeForce RTX 3080,[N/A],Enabled,Enabled
1709134519.988564,0,GPU-a71d5fd4-b7db-93b7-1b7a-5a6e2a6a8c65,0.18,0.49130859375,10240.0,5209.0,472.12,NVIDIA GeForce RTX 3080,[N/A],Enabled,Enabled
1709134520.982124,0,GPU-a71d5fd4-b7db-93b7-1b7a-5a6e2a6a8c65,0.18,0.49130859375,10240.0,5209.0,472.12,NVIDIA GeForce RTX 3080,[N/A],Enabled,Enabled
1709134521.993911,0,GPU-a71d5fd4-b7db-93b7-1b7a-5a6e2a6a8c65,0.17,0.49130859375,10240.0,5209.0,472.12,NVIDIA GeForce RTX 3080,[N/A],Enabled,Enabled
1709134522.991855,0,GPU-a71d5fd4-b7db-93b7-1b7a-5a6e2a6a8c65,0.16,0.49130859375,10240.0,5209.0,472.12,NVIDIA GeForce RTX 3080,[N/A],Enabled,Enabled
1709134523.992702,0,GPU-a71d5fd4-b7db-93b7-1b7a-5a6e2a6a8c65,0.17,0.49130859375,10240.0,5209.0,472.12,NVIDIA GeForce RTX 3080,[N/A],Enabled,Enabled
1709134524.99299,0,GPU-a71d5fd4-b7db-93b7-1b7a-5a6e2a6a8c65,0.17,0.49130859375,10240.0,5209.0,472.12,NVIDIA GeForce RTX 3080,[N/A],Enabled,Enabled
1709134525.979933,0,GPU-a71d5fd4-b7db-93b7-1b7a-5a6e2a6a8c65,0.17,0.49130859375,10240.0,5209.0,472.12,NVIDIA GeForce RTX 3080,[N/A],Enabled,Enabled
1709134526.991274,0,GPU-a71d5fd4-b7db-93b7-1b7a-5a6e2a6a8c65,0.17,0.49130859375,10240.0,5209.0,472.12,NVIDIA GeForce RTX 3080,[N/A],Enabled,Enabled
1709134527.989137,0,GPU-a71d5fd4-b7db-93b7-1b7a-5a6e2a6a8c65,0.17,0.49130859375,10240.0,5209.0,472.12,NVIDIA GeForce RTX 3080,[N/A],Enabled,Enabled
1709134528.988751,0,GPU-a71d5fd4-b7db-93b7-1b7a-5a6e2a6a8c65,0.17,0.49130859375,10240.0,5209.0,472.12,NVIDIA GeForce RTX 3080,[N/A],Enabled,Enabled
1709134529.984763,0,GPU-a71d5fd4-b7db-93b7-1b7a-5a6e2a6a8c65,0.17,0.49130859375,10240.0,5209.0,472.12,NVIDIA GeForce RTX 3080,[N/A],Enabled,Enabled
1709134530.984794,0,GPU-a71d5fd4-b7db-93b7-1b7a-5a6e2a6a8c65,0.17,0.49130859375,10240.0,5209.0,472.12,NVIDIA GeForce RTX 3080,[N/A],Enabled,Enabled
1709134531.984417,0,GPU-a71d5fd4-b7db-93b7-1b7a-5a6e2a6a8c65,0.18,0.49130859375,10240.0,5209.0,472.12,NVIDIA GeForce RTX 3080,[N/A],Enabled,Enabled
1709134532.983088,0,GPU-a71d5fd4-b7db-93b7-1b7a-5a6e2a6a8c65,0.17,0.49130859375,10240.0,5209.0,472.12,NVIDIA GeForce RTX 3080,[N/A],Enabled,Enabled
1709134533.983872,0,GPU-a71d5fd4-b7db-93b7-1b7a-5a6e2a6a8c65,0.17,0.49130859375,10240.0,5209.0,472.12,NVIDIA GeForce RTX 3080,[N/A],Enabled,Enabled
1709134534.980862,0,GPU-a71d5fd4-b7db-93b7-1b7a-5a6e2a6a8c65,0.16,0.49130859375,10240.0,5209.0,472.12,NVIDIA GeForce RTX 3080,[N/A],Enabled,Enabled
1709134535.993341,0,GPU-a71d5fd4-b7db-93b7-1b7a-5a6e2a6a8c65,0.18,0.49130859375,10240.0,5209.0,472.12,NVIDIA GeForce RTX 3080,[N/A],Enabled,Enabled
1709134536.991803,0,GPU-a71d5fd4-b7db-93b7-1b7a-5a6e2a6a8c65,0.17,0.49130859375,10240.0,5209.0,472.12,NVIDIA GeForce RTX 3080,[N/A],Enabled,Enabled
1709134537.986811,0,GPU-a71d5fd4-b7db-93b7-1b7a-5a6e2a6a8c65,0.18,0.49130859375,10240.0,5209.0,472.12,NVIDIA GeForce RTX 3080,[N/A],Enabled,Enabled
1709134538.985786,0,GPU-a71d5fd4-b7db-93b7-1b7a-5a6e2a6a8c65,0.18,0.49130859375,10240.0,5209.0,472.12,NVIDIA GeForce RTX 3080,[N/A],Enabled,Enabled
1709134539.986518,0,GPU-a71d5fd4-b7db-93b7-1b7a-5a6e2a6a8c65,0.17,0.49130859375,10240.0,5209.0,472.12,NVIDIA GeForce RTX 3080,[N/A],Enabled,Enabled
1709134540.982713,0,GPU-a71d5fd4-b7db-93b7-1b7a-5a6e2a6a8c65,0.17,0.49130859375,10240.0,5209.0,472.12,NVIDIA GeForce RTX 3080,[N/A],Enabled,Enabled
1709134541.984584,0,GPU-a71d5fd4-b7db-93b7-1b7a-5a6e2a6a8c65,0.17,0.49130859375,10240.0,5209.0,472.12,NVIDIA GeForce RTX 3080,[N/A],Enabled,Enabled
1709134542.984812,0,GPU-a71d5fd4-b7db-93b7-1b7a-5a6e2a6a8c65,0.17,0.49130859375,10240.0,5209.0,472.12,NVIDIA GeForce RTX 3080,[N/A],Enabled,Enabled
1709134543.982694,0,GPU-a71d5fd4-b7db-93b7-1b7a-5a6e2a6a8c65,0.18,0.49130859375,10240.0,5209.0,472.12,NVIDIA GeForce RTX 3080,[N/A],Enabled,Enabled
1709134544.985016,0,GPU-a71d5fd4-b7db-93b7-1b7a-5a6e2a6a8c65,0.17,0.49130859375,10240.0,5209.0,472.12,NVIDIA GeForce RTX 3080,[N/A],Enabled,Enabled
1709134545.979654,0,GPU-a71d5fd4-b7db-93b7-1b7a-5a6e2a6a8c65,0.17,0.49130859375,10240.0,5209.0,472.12,NVIDIA GeForce RTX 3080,[N/A],Enabled,Enabled
1709134546.993636,0,GPU-a71d5fd4-b7db-93b7-1b7a-5a6e2a6a8c65,0.18,0.49130859375,10240.0,5209.0,472.12,NVIDIA GeForce RTX 3080,[N/A],Enabled,Enabled
1709134547.992355,0,GPU-a71d5fd4-b7db-93b7-1b7a-5a6e2a6a8c65,0.17,0.49130859375,10240.0,5209.0,472.12,NVIDIA GeForce RTX 3080,[N/A],Enabled,Enabled
1709134548.989771,0,GPU-a71d5fd4-b7db-93b7-1b7a-5a6e2a6a8c65,0.17,0.49130859375,10240.0,5209.0,472.12,NVIDIA GeForce RTX 3080,[N/A],Enabled,Enabled
1709134549.985546,0,GPU-a71d5fd4-b7db-93b7-1b7a-5a6e2a6a8c65,0.17,0.49130859375,10240.0,5209.0,472.12,NVIDIA GeForce RTX 3080,[N/A],Enabled,Enabled
1709134550.984514,0,GPU-a71d5fd4-b7db-93b7-1b7a-5a6e2a6a8c65,0.17,0.49130859375,10240.0,5209.0,472.12,NVIDIA GeForce RTX 3080,[N/A],Enabled,Enabled
1709134551.986707,0,GPU-a71d5fd4-b7db-93b7-1b7a-5a6e2a6a8c65,0.17,0.49130859375,10240.0,5209.0,472.12,NVIDIA GeForce RTX 3080,[N/A],Enabled,Enabled
1709134552.986931,0,GPU-a71d5fd4-b7db-93b7-1b7a-5a6e2a6a8c65,0.16,0.49130859375,10240.0,5209.0,472.12,NVIDIA GeForce RTX 3080,[N/A],Enabled,Enabled
1709134553.982187,0,GPU-a71d5fd4-b7db-93b7-1b7a-5a6e2a6a8c65,0.18,0.49130859375,10240.0,5209.0,472.12,NVIDIA GeForce RTX 3080,[N/A],Enabled,Enabled
1709134554.982065,0,GPU-a71d5fd4-b7db-93b7-1b7a-5a6e2a6a8c65,0.18,0.49130859375,10240.0,5209.0,472.12,NVIDIA GeForce RTX 3080,[N/A],Enabled,Enabled
1709134555.981918,0,GPU-a71d5fd4-b7db-93b7-1b7a-5a6e2a6a8c65,0.18,0.49130859375,10240.0,5209.0,472.12,NVIDIA GeForce RTX 3080,[N/A],Enabled,Enabled
1709134556.980604,0,GPU-a71d5fd4-b7db-93b7-1b7a-5a6e2a6a8c65,0.17,0.49130859375,10240.0,5209.0,472.12,NVIDIA GeForce RTX 3080,[N/A],Enabled,Enabled
1709134557.994967,0,GPU-a71d5fd4-b7db-93b7-1b7a-5a6e2a6a8c65,0.17,0.49130859375,10240.0,5209.0,472.12,NVIDIA GeForce RTX 3080,[N/A],Enabled,Enabled
1709134558.989923,0,GPU-a71d5fd4-b7db-93b7-1b7a-5a6e2a6a8c65,0.17,0.49130859375,10240.0,5209.0,472.12,NVIDIA GeForce RTX 3080,[N/A],Enabled,Enabled
1709134559.98899,0,GPU-a71d5fd4-b7db-93b7-1b7a-5a6e2a6a8c65,0.18,0.49130859375,10240.0,5209.0,472.12,NVIDIA GeForce RTX 3080,[N/A],Enabled,Enabled
1709134560.986809,0,GPU-a71d5fd4-b7db-93b7-1b7a-5a6e2a6a8c65,0.17,0.49130859375,10240.0,5209.0,472.12,NVIDIA GeForce RTX 3080,[N/A],Enabled,Enabled
1709134561.984597,0,GPU-a71d5fd4-b7db-93b7-1b7a-5a6e2a6a8c65,0.18,0.49130859375,10240.0,5209.0,472.12,NVIDIA GeForce RTX 3080,[N/A],Enabled,Enabled
1709134562.982885,0,GPU-a71d5fd4-b7db-93b7-1b7a-5a6e2a6a8c65,0.18,0.49130859375,10240.0,5209.0,472.12,NVIDIA GeForce RTX 3080,[N/A],Enabled,Enabled
1709134563.98165,0,GPU-a71d5fd4-b7db-93b7-1b7a-5a6e2a6a8c65,0.18,0.49130859375,10240.0,5209.0,472.12,NVIDIA GeForce RTX 3080,[N/A],Enabled,Enabled
1709134564.983367,0,GPU-a71d5fd4-b7db-93b7-1b7a-5a6e2a6a8c65,0.18,0.49130859375,10240.0,5209.0,472.12,NVIDIA GeForce RTX 3080,[N/A],Enabled,Enabled
1709134565.983641,0,GPU-a71d5fd4-b7db-93b7-1b7a-5a6e2a6a8c65,0.18,0.49130859375,10240.0,5209.0,472.12,NVIDIA GeForce RTX 3080,[N/A],Enabled,Enabled
1709134566.981922,0,GPU-a71d5fd4-b7db-93b7-1b7a-5a6e2a6a8c65,0.17,0.49130859375,10240.0,5209.0,472.12,NVIDIA GeForce RTX 3080,[N/A],Enabled,Enabled
1709134567.983597,0,GPU-a71d5fd4-b7db-93b7-1b7a-5a6e2a6a8c65,0.18,0.49130859375,10240.0,5209.0,472.12,NVIDIA GeForce RTX 3080,[N/A],Enabled,Enabled
1709134568.981159,0,GPU-a71d5fd4-b7db-93b7-1b7a-5a6e2a6a8c65,0.17,0.49130859375,10240.0,5209.0,472.12,NVIDIA GeForce RTX 3080,[N/A],Enabled,Enabled
1709134569.991566,0,GPU-a71d5fd4-b7db-93b7-1b7a-5a6e2a6a8c65,0.18,0.49130859375,10240.0,5209.0,472.12,NVIDIA GeForce RTX 3080,[N/A],Enabled,Enabled
1709134570.988648,0,GPU-a71d5fd4-b7db-93b7-1b7a-5a6e2a6a8c65,0.17,0.49130859375,10240.0,5209.0,472.12,NVIDIA GeForce RTX 3080,[N/A],Enabled,Enabled
1709134571.988629,0,GPU-a71d5fd4-b7db-93b7-1b7a-5a6e2a6a8c65,0.18,0.49130859375,10240.0,5209.0,472.12,NVIDIA GeForce RTX 3080,[N/A],Enabled,Enabled
1709134572.986803,0,GPU-a71d5fd4-b7db-93b7-1b7a-5a6e2a6a8c65,0.18,0.49130859375,10240.0,5209.0,472.12,NVIDIA GeForce RTX 3080,[N/A],Enabled,Enabled
1709134573.987516,0,GPU-a71d5fd4-b7db-93b7-1b7a-5a6e2a6a8c65,0.18,0.49130859375,10240.0,5209.0,472.12,NVIDIA GeForce RTX 3080,[N/A],Enabled,Enabled
1709134574.985653,0,GPU-a71d5fd4-b7db-93b7-1b7a-5a6e2a6a8c65,0.17,0.49130859375,10240.0,5209.0,472.12,NVIDIA GeForce RTX 3080,[N/A],Enabled,Enabled
1709134575.985917,0,GPU-a71d5fd4-b7db-93b7-1b7a-5a6e2a6a8c65,0.17,0.49130859375,10240.0,5209.0,472.12,NVIDIA GeForce RTX 3080,[N/A],Enabled,Enabled
1709134576.982266,0,GPU-a71d5fd4-b7db-93b7-1b7a-5a6e2a6a8c65,0.18,0.49130859375,10240.0,5209.0,472.12,NVIDIA GeForce RTX 3080,[N/A],Enabled,Enabled
1709134577.982113,0,GPU-a71d5fd4-b7db-93b7-1b7a-5a6e2a6a8c65,0.18,0.49130859375,10240.0,5209.0,472.12,NVIDIA GeForce RTX 3080,[N/A],Enabled,Enabled
1709134578.983608,0,GPU-a71d5fd4-b7db-93b7-1b7a-5a6e2a6a8c65,0.18,0.49130859375,10240.0,5209.0,472.12,NVIDIA GeForce RTX 3080,[N/A],Enabled,Enabled
1709134579.979931,0,GPU-a71d5fd4-b7db-93b7-1b7a-5a6e2a6a8c65,0.17,0.49130859375,10240.0,5209.0,472.12,NVIDIA GeForce RTX 3080,[N/A],Enabled,Enabled
1709134580.990891,0,GPU-a71d5fd4-b7db-93b7-1b7a-5a6e2a6a8c65,0.17,0.49130859375,10240.0,5209.0,472.12,NVIDIA GeForce RTX 3080,[N/A],Enabled,Enabled
1709134581.991844,0,GPU-a71d5fd4-b7db-93b7-1b7a-5a6e2a6a8c65,0.18,0.49130859375,10240.0,5209.0,472.12,NVIDIA GeForce RTX 3080,[N/A],Enabled,Enabled
1709134582.987612,0,GPU-a71d5fd4-b7db-93b7-1b7a-5a6e2a6a8c65,0.17,0.49130859375,10240.0,5209.0,472.12,NVIDIA GeForce RTX 3080,[N/A],Enabled,Enabled
1709134583.985749,0,GPU-a71d5fd4-b7db-93b7-1b7a-5a6e2a6a8c65,0.18,0.49130859375,10240.0,5209.0,472.12,NVIDIA GeForce RTX 3080,[N/A],Enabled,Enabled
1709134584.982907,0,GPU-a71d5fd4-b7db-93b7-1b7a-5a6e2a6a8c65,0.17,0.49130859375,10240.0,5209.0,472.12,NVIDIA GeForce RTX 3080,[N/A],Enabled,Enabled
1709134585.984161,0,GPU-a71d5fd4-b7db-93b7-1b7a-5a6e2a6a8c65,0.17,0.49130859375,10240.0,5209.0,472.12,NVIDIA GeForce RTX 3080,[N/A],Enabled,Enabled
1709134586.979949,0,GPU-a71d5fd4-b7db-93b7-1b7a-5a6e2a6a8c65,0.17,0.49130859375,10240.0,5209.0,472.12,NVIDIA GeForce RTX 3080,[N/A],Enabled,Enabled
1709134587.993362,0,GPU-a71d5fd4-b7db-93b7-1b7a-5a6e2a6a8c65,0.17,0.49130859375,10240.0,5209.0,472.12,NVIDIA GeForce RTX 3080,[N/A],Enabled,Enabled
1709134588.991812,0,GPU-a71d5fd4-b7db-93b7-1b7a-5a6e2a6a8c65,0.18,0.49130859375,10240.0,5209.0,472.12,NVIDIA GeForce RTX 3080,[N/A],Enabled,Enabled
1709134589.989571,0,GPU-a71d5fd4-b7db-93b7-1b7a-5a6e2a6a8c65,0.17,0.49130859375,10240.0,5209.0,472.12,NVIDIA GeForce RTX 3080,[N/A],Enabled,Enabled
1709134590.984618,0,GPU-a71d5fd4-b7db-93b7-1b7a-5a6e2a6a8c65,0.18,0.49130859375,10240.0,5209.0,472.12,NVIDIA GeForce RTX 3080,[N/A],Enabled,Enabled
1709134591.981869,0,GPU-a71d5fd4-b7db-93b7-1b7a-5a6e2a6a8c65,0.18,0.49130859375,10240.0,5209.0,472.12,NVIDIA GeForce RTX 3080,[N/A],Enabled,Enabled
1709134592.991932,0,GPU-a71d5fd4-b7db-93b7-1b7a-5a6e2a6a8c65,0.17,0.49130859375,10240.0,5209.0,472.12,NVIDIA GeForce RTX 3080,[N/A],Enabled,Enabled
1709134593.988488,0,GPU-a71d5fd4-b7db-93b7-1b7a-5a6e2a6a8c65,0.18,0.49130859375,10240.0,5209.0,472.12,NVIDIA GeForce RTX 3080,[N/A],Enabled,Enabled
1709134594.987014,0,GPU-a71d5fd4-b7db-93b7-1b7a-5a6e2a6a8c65,0.18,0.49130859375,10240.0,5209.0,472.12,NVIDIA GeForce RTX 3080,[N/A],Enabled,Enabled
1709134595.983356,0,GPU-a71d5fd4-b7db-93b7-1b7a-5a6e2a6a8c65,0.18,0.49130859375,10240.0,5209.0,472.12,NVIDIA GeForce RTX 3080,[N/A],Enabled,Enabled
1709134596.981677,0,GPU-a71d5fd4-b7db-93b7-1b7a-5a6e2a6a8c65,0.18,0.49130859375,10240.0,5209.0,472.12,NVIDIA GeForce RTX 3080,[N/A],Enabled,Enabled
1709134597.993186,0,GPU-a71d5fd4-b7db-93b7-1b7a-5a6e2a6a8c65,0.18,0.49130859375,10240.0,5209.0,472.12,NVIDIA GeForce RTX 3080,[N/A],Enabled,Enabled
1709134598.991887,0,GPU-a71d5fd4-b7db-93b7-1b7a-5a6e2a6a8c65,0.18,0.49130859375,10240.0,5209.0,472.12,NVIDIA GeForce RTX 3080,[N/A],Enabled,Enabled
1709134599.992623,0,GPU-a71d5fd4-b7db-93b7-1b7a-5a6e2a6a8c65,0.18,0.49130859375,10240.0,5209.0,472.12,NVIDIA GeForce RTX 3080,[N/A],Enabled,Enabled
1709134600.99151,0,GPU-a71d5fd4-b7db-93b7-1b7a-5a6e2a6a8c65,0.19,0.49130859375,10240.0,5209.0,472.12,NVIDIA GeForce RTX 3080,[N/A],Enabled,Enabled
1709134601.991005,0,GPU-a71d5fd4-b7db-93b7-1b7a-5a6e2a6a8c65,0.18,0.49130859375,10240.0,5209.0,472.12,NVIDIA GeForce RTX 3080,[N/A],Enabled,Enabled
1709134602.992504,0,GPU-a71d5fd4-b7db-93b7-1b7a-5a6e2a6a8c65,0.17,0.49130859375,10240.0,5209.0,472.12,NVIDIA GeForce RTX 3080,[N/A],Enabled,Enabled
1709134603.979612,0,GPU-a71d5fd4-b7db-93b7-1b7a-5a6e2a6a8c65,0.17,0.49130859375,10240.0,5209.0,472.12,NVIDIA GeForce RTX 3080,[N/A],Enabled,Enabled
1709134604.991617,0,GPU-a71d5fd4-b7db-93b7-1b7a-5a6e2a6a8c65,0.16,0.49130859375,10240.0,5209.0,472.12,NVIDIA GeForce RTX 3080,[N/A],Enabled,Enabled
1709134605.979875,0,GPU-a71d5fd4-b7db-93b7-1b7a-5a6e2a6a8c65,0.17,0.49130859375,10240.0,5209.0,472.12,NVIDIA GeForce RTX 3080,[N/A],Enabled,Enabled
1709134606.989692,0,GPU-a71d5fd4-b7db-93b7-1b7a-5a6e2a6a8c65,0.18,0.49130859375,10240.0,5209.0,472.12,NVIDIA GeForce RTX 3080,[N/A],Enabled,Enabled
1709134607.984763,0,GPU-a71d5fd4-b7db-93b7-1b7a-5a6e2a6a8c65,0.18,0.49130859375,10240.0,5209.0,472.12,NVIDIA GeForce RTX 3080,[N/A],Enabled,Enabled
1709134608.98382,0,GPU-a71d5fd4-b7db-93b7-1b7a-5a6e2a6a8c65,0.16,0.49130859375,10240.0,5209.0,472.12,NVIDIA GeForce RTX 3080,[N/A],Enabled,Enabled
1709134609.984873,0,GPU-a71d5fd4-b7db-93b7-1b7a-5a6e2a6a8c65,0.17,0.49130859375,10240.0,5209.0,472.12,NVIDIA GeForce RTX 3080,[N/A],Enabled,Enabled
1709134610.98596,0,GPU-a71d5fd4-b7db-93b7-1b7a-5a6e2a6a8c65,0.17,0.49130859375,10240.0,5209.0,472.12,NVIDIA GeForce RTX 3080,[N/A],Enabled,Enabled
1709134611.982977,0,GPU-a71d5fd4-b7db-93b7-1b7a-5a6e2a6a8c65,0.18,0.49130859375,10240.0,5209.0,472.12,NVIDIA GeForce RTX 3080,[N/A],Enabled,Enabled
1709134612.982171,0,GPU-a71d5fd4-b7db-93b7-1b7a-5a6e2a6a8c65,0.18,0.49130859375,10240.0,5209.0,472.12,NVIDIA GeForce RTX 3080,[N/A],Enabled,Enabled
1709134613.99067,0,GPU-a71d5fd4-b7db-93b7-1b7a-5a6e2a6a8c65,0.17,0.49130859375,10240.0,5209.0,472.12,NVIDIA GeForce RTX 3080,[N/A],Enabled,Enabled
1709134614.987406,0,GPU-a71d5fd4-b7db-93b7-1b7a-5a6e2a6a8c65,0.16,0.49130859375,10240.0,5209.0,472.12,NVIDIA GeForce RTX 3080,[N/A],Enabled,Enabled
1709134615.991765,0,GPU-a71d5fd4-b7db-93b7-1b7a-5a6e2a6a8c65,0.18,0.49130859375,10240.0,5209.0,472.12,NVIDIA GeForce RTX 3080,[N/A],Enabled,Enabled
1709134616.988771,0,GPU-a71d5fd4-b7db-93b7-1b7a-5a6e2a6a8c65,0.17,0.49130859375,10240.0,5209.0,472.12,NVIDIA GeForce RTX 3080,[N/A],Enabled,Enabled
1709134617.985189,0,GPU-a71d5fd4-b7db-93b7-1b7a-5a6e2a6a8c65,0.17,0.49130859375,10240.0,5209.0,472.12,NVIDIA GeForce RTX 3080,[N/A],Enabled,Enabled
1709134618.993703,0,GPU-a71d5fd4-b7db-93b7-1b7a-5a6e2a6a8c65,0.18,0.49130859375,10240.0,5209.0,472.12,NVIDIA GeForce RTX 3080,[N/A],Enabled,Enabled
1709134619.97998,0,GPU-a71d5fd4-b7db-93b7-1b7a-5a6e2a6a8c65,0.18,0.49130859375,10240.0,5209.0,472.12,NVIDIA GeForce RTX 3080,[N/A],Enabled,Enabled
1709134620.991269,0,GPU-a71d5fd4-b7db-93b7-1b7a-5a6e2a6a8c65,0.16,0.49130859375,10240.0,5209.0,472.12,NVIDIA GeForce RTX 3080,[N/A],Enabled,Enabled
1709134621.990981,0,GPU-a71d5fd4-b7db-93b7-1b7a-5a6e2a6a8c65,0.18,0.49130859375,10240.0,5209.0,472.12,NVIDIA GeForce RTX 3080,[N/A],Enabled,Enabled
1709134622.987907,0,GPU-a71d5fd4-b7db-93b7-1b7a-5a6e2a6a8c65,0.17,0.49130859375,10240.0,5209.0,472.12,NVIDIA GeForce RTX 3080,[N/A],Enabled,Enabled
1709134623.98446,0,GPU-a71d5fd4-b7db-93b7-1b7a-5a6e2a6a8c65,0.18,0.49130859375,10240.0,5209.0,472.12,NVIDIA GeForce RTX 3080,[N/A],Enabled,Enabled
1709134624.984611,0,GPU-a71d5fd4-b7db-93b7-1b7a-5a6e2a6a8c65,0.17,0.49130859375,10240.0,5209.0,472.12,NVIDIA GeForce RTX 3080,[N/A],Enabled,Enabled
1709134625.983531,0,GPU-a71d5fd4-b7db-93b7-1b7a-5a6e2a6a8c65,0.17,0.49296875,10240.0,5192.0,472.12,NVIDIA GeForce RTX 3080,[N/A],Enabled,Enabled
1709134626.980034,0,GPU-a71d5fd4-b7db-93b7-1b7a-5a6e2a6a8c65,0.17,0.49296875,10240.0,5192.0,472.12,NVIDIA GeForce RTX 3080,[N/A],Enabled,Enabled
1709134627.979877,0,GPU-a71d5fd4-b7db-93b7-1b7a-5a6e2a6a8c65,0.17,0.49287109375,10240.0,5193.0,472.12,NVIDIA GeForce RTX 3080,[N/A],Enabled,Enabled
1709134628.990692,0,GPU-a71d5fd4-b7db-93b7-1b7a-5a6e2a6a8c65,0.17,0.49287109375,10240.0,5193.0,472.12,NVIDIA GeForce RTX 3080,[N/A],Enabled,Enabled
1709134629.989635,0,GPU-a71d5fd4-b7db-93b7-1b7a-5a6e2a6a8c65,0.17,0.49287109375,10240.0,5193.0,472.12,NVIDIA GeForce RTX 3080,[N/A],Enabled,Enabled
1709134630.988792,0,GPU-a71d5fd4-b7db-93b7-1b7a-5a6e2a6a8c65,0.16,0.4927734375,10240.0,5194.0,472.12,NVIDIA GeForce RTX 3080,[N/A],Enabled,Enabled
1709134631.984581,0,GPU-a71d5fd4-b7db-93b7-1b7a-5a6e2a6a8c65,0.14,0.4841796875,10240.0,5282.0,472.12,NVIDIA GeForce RTX 3080,[N/A],Enabled,Enabled
1709134632.9861,0,GPU-a71d5fd4-b7db-93b7-1b7a-5a6e2a6a8c65,0.14,0.48427734375,10240.0,5281.0,472.12,NVIDIA GeForce RTX 3080,[N/A],Enabled,Enabled
1709134633.98344,0,GPU-a71d5fd4-b7db-93b7-1b7a-5a6e2a6a8c65,0.14,0.48046875,10240.0,5320.0,472.12,NVIDIA GeForce RTX 3080,[N/A],Enabled,Enabled
1709134634.980585,0,GPU-a71d5fd4-b7db-93b7-1b7a-5a6e2a6a8c65,0.14,0.48046875,10240.0,5320.0,472.12,NVIDIA GeForce RTX 3080,[N/A],Enabled,Enabled
1709134635.990976,0,GPU-a71d5fd4-b7db-93b7-1b7a-5a6e2a6a8c65,0.14,0.48046875,10240.0,5320.0,472.12,NVIDIA GeForce RTX 3080,[N/A],Enabled,Enabled
1709134636.988587,0,GPU-a71d5fd4-b7db-93b7-1b7a-5a6e2a6a8c65,0.14,0.48046875,10240.0,5320.0,472.12,NVIDIA GeForce RTX 3080,[N/A],Enabled,Enabled
1709134637.982792,0,GPU-a71d5fd4-b7db-93b7-1b7a-5a6e2a6a8c65,0.14,0.48046875,10240.0,5320.0,472.12,NVIDIA GeForce RTX 3080,[N/A],Enabled,Enabled
1709134638.979984,0,GPU-a71d5fd4-b7db-93b7-1b7a-5a6e2a6a8c65,0.15,0.4841796875,10240.0,5282.0,472.12,NVIDIA GeForce RTX 3080,[N/A],Enabled,Enabled
1709134639.995493,0,GPU-a71d5fd4-b7db-93b7-1b7a-5a6e2a6a8c65,0.14,0.48046875,10240.0,5320.0,472.12,NVIDIA GeForce RTX 3080,[N/A],Enabled,Enabled
1709134640.993243,0,GPU-a71d5fd4-b7db-93b7-1b7a-5a6e2a6a8c65,0.15,0.4841796875,10240.0,5282.0,472.12,NVIDIA GeForce RTX 3080,[N/A],Enabled,Enabled
1709134641.993456,0,GPU-a71d5fd4-b7db-93b7-1b7a-5a6e2a6a8c65,0.14,0.48046875,10240.0,5320.0,472.12,NVIDIA GeForce RTX 3080,[N/A],Enabled,Enabled
1709134642.986555,0,GPU-a71d5fd4-b7db-93b7-1b7a-5a6e2a6a8c65,0.14,0.48046875,10240.0,5320.0,472.12,NVIDIA GeForce RTX 3080,[N/A],Enabled,Enabled
1709134643.984641,0,GPU-a71d5fd4-b7db-93b7-1b7a-5a6e2a6a8c65,0.14,0.48046875,10240.0,5320.0,472.12,NVIDIA GeForce RTX 3080,[N/A],Enabled,Enabled
1709134644.983444,0,GPU-a71d5fd4-b7db-93b7-1b7a-5a6e2a6a8c65,0.13,0.48046875,10240.0,5320.0,472.12,NVIDIA GeForce RTX 3080,[N/A],Enabled,Enabled
1709134645.980514,0,GPU-a71d5fd4-b7db-93b7-1b7a-5a6e2a6a8c65,0.13,0.48046875,10240.0,5320.0,472.12,NVIDIA GeForce RTX 3080,[N/A],Enabled,Enabled
