11.41 10.12 9.27 3/2964 24253
11.41 10.12 9.27 1/2963 24280
11.41 10.12 9.27 2/2963 24307
11.22 10.10 9.27 4/2963 24340
11.22 10.10 9.27 3/2963 24368
11.22 10.10 9.27 5/2965 24401
11.22 10.10 9.27 2/2963 24429
11.22 10.10 9.27 7/2963 24456
11.44 10.17 9.30 4/2963 24483
11.44 10.17 9.30 2/2963 24510
11.44 10.17 9.30 5/2959 24543
11.44 10.17 9.30 3/2964 24577
11.44 10.17 9.30 13/2964 24604
11.17 10.13 9.29 1/2964 24631
11.17 10.13 9.29 3/2964 24659
11.17 10.13 9.29 5/2964 24686
11.17 10.13 9.29 4/2964 24719
11.17 10.13 9.29 7/2966 24748
11.39 10.20 9.32 7/2966 24776
11.39 10.20 9.32 2/2966 24803
11.39 10.20 9.32 4/2966 24830
11.39 10.20 9.32 2/2967 24864
11.39 10.20 9.32 4/2967 24891
11.12 10.16 9.31 4/2967 24918
11.12 10.16 9.31 6/2967 24945
11.12 10.16 9.31 1/2967 24973
11.12 10.16 9.31 7/2967 25000
11.12 10.16 9.31 3/2967 25027
10.79 10.11 9.30 5/2967 25060
10.79 10.11 9.30 6/2967 25087
10.79 10.11 9.30 6/2971 25118
10.79 10.11 9.30 5/2971 25145
10.79 10.11 9.30 4/2971 25172
10.57 10.07 9.29 8/2971 25205
10.57 10.07 9.29 8/2971 25232
10.57 10.07 9.29 7/2971 25259
10.57 10.07 9.29 1/2971 25287
10.57 10.07 9.29 1/2969 25314
10.20 10.01 9.27 4/2970 25342
10.20 10.01 9.27 3/2970 25375
10.20 10.01 9.27 8/2970 25414
10.20 10.01 9.27 4/2970 25441
10.20 10.01 9.27 9/2970 25468
9.87 9.94 9.25 6/2970 25501
9.87 9.94 9.25 4/2970 25528
9.87 9.94 9.25 6/2970 25555
9.87 9.94 9.25 2/2970 25583
9.87 9.94 9.25 6/2969 25617
9.96 9.96 9.26 3/2964 25644
9.96 9.96 9.26 4/2967 25677
9.96 9.96 9.26 5/2968 25708
9.96 9.96 9.26 1/2968 25735
9.96 9.96 9.26 4/2968 25762
9.88 9.94 9.26 5/2966 25789
9.88 9.94 9.26 6/2966 25816
9.88 9.94 9.26 4/2966 25843
9.88 9.94 9.26 6/2966 25870
9.88 9.94 9.26 2/2966 25898
10.05 9.97 9.28 10/2966 25925
10.05 9.97 9.28 4/2966 25952
10.05 9.97 9.28 4/2966 25985
10.05 9.97 9.28 3/2966 26012
10.05 9.97 9.28 6/2966 26039
10.29 10.03 9.30 2/2966 26066
10.29 10.03 9.30 2/2966 26093
10.29 10.03 9.30 6/2966 26120
10.29 10.03 9.30 3/2966 26147
10.29 10.03 9.30 3/2966 26175
10.26 10.02 9.30 6/2966 26202
10.26 10.02 9.30 3/2964 26229
10.26 10.02 9.30 5/2964 26256
10.26 10.02 9.30 3/2964 26283
10.26 10.02 9.30 6/2964 26317
10.00 9.97 9.29 8/2964 26351
10.00 9.97 9.29 6/2964 26378
10.00 9.97 9.29 3/2964 26405
10.00 9.97 9.29 7/2964 26432
10.00 9.97 9.29 6/2964 26459
10.48 10.07 9.32 5/2964 26487
10.48 10.07 9.32 1/2964 26515
10.48 10.07 9.32 4/2966 26550
10.48 10.07 9.32 3/2966 26577
10.48 10.07 9.32 8/2966 26604
10.12 10.01 9.31 6/2966 26631
10.12 10.01 9.31 4/2966 26658
10.12 10.01 9.31 5/2966 26685
10.12 10.01 9.31 8/2966 26712
10.12 10.01 9.31 4/2966 26739
10.75 10.14 9.35 3/2966 26772
10.75 10.14 9.35 5/2966 26800
10.75 10.14 9.35 10/2966 26827
10.75 10.14 9.35 2/2966 26854
10.75 10.14 9.35 7/2966 26881
11.17 10.24 9.39 2/2966 26908
11.17 10.24 9.39 3/2966 26935
11.17 10.24 9.39 13/2971 26970
11.17 10.24 9.39 6/2971 26999
11.17 10.24 9.39 1/2971 27027
11.72 10.37 9.44 3/2971 27060
11.72 10.37 9.44 2/2971 27088
11.72 10.37 9.44 6/2971 27123
11.72 10.37 9.44 8/2971 27154
11.72 10.37 9.44 3/2971 27181
11.34 10.31 9.42 6/2971 27208
11.34 10.31 9.42 8/2971 27235
11.34 10.31 9.42 3/2971 27262
11.34 10.31 9.42 3/2971 27289
11.34 10.31 9.42 5/2971 27323
10.91 10.24 9.40 3/2971 27350
10.91 10.24 9.40 4/2971 27383
10.91 10.24 9.40 8/2971 27411
10.91 10.24 9.40 8/2971 27438
10.91 10.24 9.40 2/2971 27465
10.68 10.20 9.40 3/2971 27498
10.68 10.20 9.40 6/2971 27525
10.68 10.20 9.40 3/2971 27552
10.68 10.20 9.40 7/2971 27579
10.68 10.20 9.40 7/2971 27612
10.39 10.15 9.38 6/2971 27639
10.39 10.15 9.38 4/2971 27666
10.39 10.15 9.38 6/2971 27694
10.39 10.15 9.38 6/2971 27727
10.39 10.15 9.38 14/2967 27754
10.19 10.11 9.37 5/2971 27787
10.19 10.11 9.37 14/2971 27814
10.19 10.11 9.37 8/2971 27841
10.19 10.11 9.37 6/2971 27868
10.19 10.11 9.37 5/2971 27895
9.94 10.06 9.36 7/2971 27923
9.94 10.06 9.36 2/2971 27950
9.94 10.06 9.36 6/2971 27977
9.94 10.06 9.36 5/2971 28005
9.94 10.06 9.36 2/2971 28032
10.10 10.09 9.38 5/2971 28059
10.10 10.09 9.38 5/2971 28086
10.10 10.09 9.38 6/2971 28113
10.10 10.09 9.38 3/2971 28140
10.10 10.09 9.38 3/2971 28167
10.18 10.11 9.39 5/2971 28194
10.18 10.11 9.39 5/2971 28227
10.18 10.11 9.39 2/2971 28254
10.18 10.11 9.39 3/2971 28282
10.18 10.11 9.39 3/2971 28310
10.08 10.09 9.38 3/2971 28338
10.08 10.09 9.38 4/2971 28365
10.08 10.09 9.38 2/2971 28392
10.08 10.09 9.38 13/2971 28419
10.08 10.09 9.38 6/2971 28452
9.91 10.05 9.37 2/2971 28479
9.91 10.05 9.37 6/2971 28506
9.91 10.05 9.37 11/2971 28533
9.91 10.05 9.37 2/2971 28560
9.91 10.05 9.37 9/2971 28588
9.92 10.05 9.38 7/2971 28615
9.92 10.05 9.38 4/2971 28642
9.92 10.05 9.38 6/2970 28669
9.92 10.05 9.38 7/2969 28696
9.92 10.05 9.38 5/2969 28723
11.05 10.28 9.46 9/2975 28760
11.05 10.28 9.46 3/2976 28789
11.05 10.28 9.46 7/2976 28821
11.05 10.28 9.46 9/2974 28856
11.05 10.28 9.46 6/2974 28883
11.04 10.30 9.47 4/2975 28912
11.04 10.30 9.47 6/2975 28939
11.04 10.30 9.47 7/2975 28966
11.04 10.30 9.47 5/2974 28993
11.04 10.30 9.47 6/2974 29021
10.88 10.27 9.46 2/2974 29054
10.88 10.27 9.46 2/2974 29081
10.88 10.27 9.46 4/2974 29108
10.88 10.27 9.46 6/2974 29135
10.88 10.27 9.46 12/2973 29162
10.97 10.30 9.48 7/2973 29190
10.97 10.30 9.48 6/2973 29217
10.97 10.30 9.48 6/2973 29244
10.97 10.30 9.48 5/2973 29271
10.97 10.30 9.48 1/2973 29298
11.21 10.36 9.50 13/2973 29325
11.21 10.36 9.50 11/2973 29353
11.21 10.36 9.50 5/2973 29380
11.21 10.36 9.50 1/2973 29407
11.21 10.36 9.50 14/2973 29434
10.72 10.28 9.48 1/2973 29461
10.72 10.28 9.48 3/2973 29489
10.72 10.28 9.48 13/2973 29516
10.72 10.28 9.48 4/2973 29543
10.72 10.28 9.48 5/2973 29570
10.34 10.20 9.46 26/2973 29597
10.34 10.20 9.46 1/2974 29625
10.34 10.20 9.46 7/2974 29652
10.34 10.20 9.46 3/2974 29679
10.34 10.20 9.46 19/2974 29706
9.99 10.13 9.44 8/2974 29733
9.99 10.13 9.44 5/2974 29761
9.99 10.13 9.44 9/2974 29788
9.99 10.13 9.44 5/2974 29815
9.99 10.13 9.44 9/2974 29842
9.83 10.10 9.43 10/2974 29869
9.83 10.10 9.43 4/2974 29896
9.83 10.10 9.43 5/2974 29923
9.83 10.10 9.43 3/2974 29950
9.83 10.10 9.43 10/2974 29977
9.52 10.03 9.41 6/2974 30004
9.52 10.03 9.41 9/2974 30037
9.52 10.03 9.41 3/2974 30065
9.52 10.03 9.41 7/2974 30092
9.52 10.03 9.41 3/2974 30119
9.24 9.96 9.39 4/2972 30146
9.24 9.96 9.39 3/2972 30173
9.24 9.96 9.39 5/2972 30200
9.24 9.96 9.39 4/2972 30227
9.24 9.96 9.39 7/2972 30254
9.30 9.96 9.40 6/2972 30281
9.30 9.96 9.40 3/2972 30308
9.30 9.96 9.40 5/2973 30336
9.30 9.96 9.40 5/2972 30363
9.30 9.96 9.40 9/2972 30390
9.28 9.95 9.39 11/2969 30417
9.28 9.95 9.39 1/2969 30444
9.28 9.95 9.39 4/2968 30481
9.28 9.95 9.39 10/2968 30516
9.28 9.95 9.39 10/2967 30543
9.10 9.90 9.38 5/2967 30570
9.10 9.90 9.38 6/2967 30597
9.10 9.90 9.38 4/2965 30624
9.10 9.90 9.38 7/2965 30652
9.10 9.90 9.38 11/2965 30680
8.85 9.83 9.36 3/2965 30707
8.85 9.83 9.36 4/2965 30734
8.85 9.83 9.36 4/2965 30764
8.85 9.83 9.36 5/2965 30791
8.85 9.83 9.36 5/2965 30818
8.86 9.82 9.36 4/2965 30845
8.86 9.82 9.36 2/2965 30872
8.86 9.82 9.36 4/2965 30899
8.86 9.82 9.36 5/2965 30927
8.86 9.82 9.36 1/2965 30955
8.71 9.77 9.35 3/2965 30982
8.71 9.77 9.35 11/2965 31009
