Current Battery Service state:
  AC powered: false
  USB powered: false
  Wireless powered: false
  Max charging current: 0
  Max charging voltage: 0
  Charge counter: 2836370
  status: 3
  health: 2
  present: true
  level: 77
  scale: 100
  voltage: 3971
  temperature: 372
  technology: Li-ion
Current Battery Service state:
  AC powered: false
  USB powered: false
  Wireless powered: false
  Max charging current: 0
  Max charging voltage: 0
  Charge counter: 2836370
  status: 3
  health: 2
  present: true
  level: 77
  scale: 100
  voltage: 3971
  temperature: 372
  technology: Li-ion
Current Battery Service state:
  AC powered: false
  USB powered: false
  Wireless powered: false
  Max charging current: 0
  Max charging voltage: 0
  Charge counter: 2836370
  status: 3
  health: 2
  present: true
  level: 77
  scale: 100
  voltage: 3971
  temperature: 372
  technology: Li-ion
Current Battery Service state:
  AC powered: false
  USB powered: false
  Wireless powered: false
  Max charging current: 0
  Max charging voltage: 0
  Charge counter: 2836370
  status: 3
  health: 2
  present: true
  level: 77
  scale: 100
  voltage: 3971
  temperature: 372
  technology: Li-ion
Current Battery Service state:
  AC powered: false
  USB powered: false
  Wireless powered: false
  Max charging current: 0
  Max charging voltage: 0
  Charge counter: 2836370
  status: 3
  health: 2
  present: true
  level: 77
  scale: 100
  voltage: 3971
  temperature: 372
  technology: Li-ion
Current Battery Service state:
  AC powered: false
  USB powered: false
  Wireless powered: false
  Max charging current: 0
  Max charging voltage: 0
  Charge counter: 2836370
  status: 3
  health: 2
  present: true
  level: 77
  scale: 100
  voltage: 3971
  temperature: 372
  technology: Li-ion
Current Battery Service state:
  AC powered: false
  USB powered: false
  Wireless powered: false
  Max charging current: 0
  Max charging voltage: 0
  Charge counter: 2836370
  status: 3
  health: 2
  present: true
  level: 77
  scale: 100
  voltage: 3971
  temperature: 372
  technology: Li-ion
Current Battery Service state:
  AC powered: false
  USB powered: false
  Wireless powered: false
  Max charging current: 0
  Max charging voltage: 0
  Charge counter: 2832129
  status: 3
  health: 2
  present: true
  level: 77
  scale: 100
  voltage: 3968
  temperature: 372
  technology: Li-ion
Current Battery Service state:
  AC powered: false
  USB powered: false
  Wireless powered: false
  Max charging current: 0
  Max charging voltage: 0
  Charge counter: 2832129
  status: 3
  health: 2
  present: true
  level: 77
  scale: 100
  voltage: 3968
  temperature: 372
  technology: Li-ion
Current Battery Service state:
  AC powered: false
  USB powered: false
  Wireless powered: false
  Max charging current: 0
  Max charging voltage: 0
  Charge counter: 2832129
  status: 3
  health: 2
  present: true
  level: 77
  scale: 100
  voltage: 3968
  temperature: 372
  technology: Li-ion
Current Battery Service state:
  AC powered: false
  USB powered: false
  Wireless powered: false
  Max charging current: 0
  Max charging voltage: 0
  Charge counter: 2830360
  status: 3
  health: 2
  present: true
  level: 77
  scale: 100
  voltage: 3968
  temperature: 372
  technology: Li-ion
Current Battery Service state:
  AC powered: false
  USB powered: false
  Wireless powered: false
  Max charging current: 0
  Max charging voltage: 0
  Charge counter: 2830360
  status: 3
  health: 2
  present: true
  level: 77
  scale: 100
  voltage: 3968
  temperature: 372
  technology: Li-ion
Current Battery Service state:
  AC powered: false
  USB powered: false
  Wireless powered: false
  Max charging current: 0
  Max charging voltage: 0
  Charge counter: 2830360
  status: 3
  health: 2
  present: true
  level: 77
  scale: 100
  voltage: 3968
  temperature: 372
  technology: Li-ion
Current Battery Service state:
  AC powered: false
  USB powered: false
  Wireless powered: false
  Max charging current: 0
  Max charging voltage: 0
  Charge counter: 2830360
  status: 3
  health: 2
  present: true
  level: 77
  scale: 100
  voltage: 3968
  temperature: 372
  technology: Li-ion
Current Battery Service state:
  AC powered: false
  USB powered: false
  Wireless powered: false
  Max charging current: 0
  Max charging voltage: 0
  Charge counter: 2830360
  status: 3
  health: 2
  present: true
  level: 77
  scale: 100
  voltage: 3968
  temperature: 372
  technology: Li-ion
Current Battery Service state:
  AC powered: false
  USB powered: false
  Wireless powered: false
  Max charging current: 0
  Max charging voltage: 0
  Charge counter: 2830360
  status: 3
  health: 2
  present: true
  level: 77
  scale: 100
  voltage: 3968
  temperature: 372
  technology: Li-ion
Current Battery Service state:
  AC powered: false
  USB powered: false
  Wireless powered: false
  Max charging current: 0
  Max charging voltage: 0
  Charge counter: 2830360
  status: 3
  health: 2
  present: true
  level: 77
  scale: 100
  voltage: 3968
  temperature: 372
  technology: Li-ion
Current Battery Service state:
  AC powered: false
  USB powered: false
  Wireless powered: false
  Max charging current: 0
  Max charging voltage: 0
  Charge counter: 2827822
  status: 3
  health: 2
  present: true
  level: 77
  scale: 100
  voltage: 3967
  temperature: 372
  technology: Li-ion
Current Battery Service state:
  AC powered: false
  USB powered: false
  Wireless powered: false
  Max charging current: 0
  Max charging voltage: 0
  Charge counter: 2827822
  status: 3
  health: 2
  present: true
  level: 77
  scale: 100
  voltage: 3967
  temperature: 372
  technology: Li-ion
Current Battery Service state:
  AC powered: false
  USB powered: false
  Wireless powered: false
  Max charging current: 0
  Max charging voltage: 0
  Charge counter: 2827822
  status: 3
  health: 2
  present: true
  level: 77
  scale: 100
  voltage: 3967
  temperature: 372
  technology: Li-ion
Current Battery Service state:
  AC powered: false
  USB powered: false
  Wireless powered: false
  Max charging current: 0
  Max charging voltage: 0
  Charge counter: 2827822
  status: 3
  health: 2
  present: true
  level: 77
  scale: 100
  voltage: 3967
  temperature: 372
  technology: Li-ion
Current Battery Service state:
  AC powered: false
  USB powered: false
  Wireless powered: false
  Max charging current: 0
  Max charging voltage: 0
  Charge counter: 2827822
  status: 3
  health: 2
  present: true
  level: 77
  scale: 100
  voltage: 3967
  temperature: 372
  technology: Li-ion
Current Battery Service state:
  AC powered: false
  USB powered: false
  Wireless powered: false
  Max charging current: 0
  Max charging voltage: 0
  Charge counter: 2827822
  status: 3
  health: 2
  present: true
  level: 77
  scale: 100
  voltage: 3967
  temperature: 372
  technology: Li-ion
Current Battery Service state:
  AC powered: false
  USB powered: false
  Wireless powered: false
  Max charging current: 0
  Max charging voltage: 0
  Charge counter: 2827822
  status: 3
  health: 2
  present: true
  level: 77
  scale: 100
  voltage: 3967
  temperature: 372
  technology: Li-ion
Current Battery Service state:
  AC powered: false
  USB powered: false
  Wireless powered: false
  Max charging current: 0
  Max charging voltage: 0
  Charge counter: 2827822
  status: 3
  health: 2
  present: true
  level: 77
  scale: 100
  voltage: 3967
  temperature: 372
  technology: Li-ion
Current Battery Service state:
  AC powered: false
  USB powered: false
  Wireless powered: false
  Max charging current: 0
  Max charging voltage: 0
  Charge counter: 2827822
  status: 3
  health: 2
  present: true
  level: 77
  scale: 100
  voltage: 3967
  temperature: 372
  technology: Li-ion
Current Battery Service state:
  AC powered: false
  USB powered: false
  Wireless powered: false
  Max charging current: 0
  Max charging voltage: 0
  Charge counter: 2827822
  status: 3
  health: 2
  present: true
  level: 77
  scale: 100
  voltage: 3967
  temperature: 372
  technology: Li-ion
Current Battery Service state:
  AC powered: false
  USB powered: false
  Wireless powered: false
  Max charging current: 0
  Max charging voltage: 0
  Charge counter: 2823652
  status: 3
  health: 2
  present: true
  level: 77
  scale: 100
  voltage: 3968
  temperature: 372
  technology: Li-ion
Current Battery Service state:
  AC powered: false
  USB powered: false
  Wireless powered: false
  Max charging current: 0
  Max charging voltage: 0
  Charge counter: 2823652
  status: 3
  health: 2
  present: true
  level: 77
  scale: 100
  voltage: 3968
  temperature: 372
  technology: Li-ion
Current Battery Service state:
  AC powered: false
  USB powered: false
  Wireless powered: false
  Max charging current: 0
  Max charging voltage: 0
  Charge counter: 2823652
  status: 3
  health: 2
  present: true
  level: 77
  scale: 100
  voltage: 3968
  temperature: 372
  technology: Li-ion
Current Battery Service state:
  AC powered: false
  USB powered: false
  Wireless powered: false
  Max charging current: 0
  Max charging voltage: 0
  Charge counter: 2823652
  status: 3
  health: 2
  present: true
  level: 77
  scale: 100
  voltage: 3968
  temperature: 372
  technology: Li-ion
Current Battery Service state:
  AC powered: false
  USB powered: false
  Wireless powered: false
  Max charging current: 0
  Max charging voltage: 0
  Charge counter: 2823652
  status: 3
  health: 2
  present: true
  level: 77
  scale: 100
  voltage: 3968
  temperature: 372
  technology: Li-ion
Current Battery Service state:
  AC powered: false
  USB powered: false
  Wireless powered: false
  Max charging current: 0
  Max charging voltage: 0
  Charge counter: 2823652
  status: 3
  health: 2
  present: true
  level: 77
  scale: 100
  voltage: 3968
  temperature: 372
  technology: Li-ion
Current Battery Service state:
  AC powered: false
  USB powered: false
  Wireless powered: false
  Max charging current: 0
  Max charging voltage: 0
  Charge counter: 2823652
  status: 3
  health: 2
  present: true
  level: 77
  scale: 100
  voltage: 3968
  temperature: 372
  technology: Li-ion
Current Battery Service state:
  AC powered: false
  USB powered: false
  Wireless powered: false
  Max charging current: 0
  Max charging voltage: 0
  Charge counter: 2823652
  status: 3
  health: 2
  present: true
  level: 77
  scale: 100
  voltage: 3968
  temperature: 372
  technology: Li-ion
Current Battery Service state:
  AC powered: false
  USB powered: false
  Wireless powered: false
  Max charging current: 0
  Max charging voltage: 0
  Charge counter: 2823652
  status: 3
  health: 2
  present: true
  level: 77
  scale: 100
  voltage: 3968
  temperature: 372
  technology: Li-ion
Current Battery Service state:
  AC powered: false
  USB powered: false
  Wireless powered: false
  Max charging current: 0
  Max charging voltage: 0
  Charge counter: 2823652
  status: 3
  health: 2
  present: true
  level: 77
  scale: 100
  voltage: 3968
  temperature: 372
  technology: Li-ion
Current Battery Service state:
  AC powered: false
  USB powered: false
  Wireless powered: false
  Max charging current: 0
  Max charging voltage: 0
  Charge counter: 2819281
  status: 3
  health: 2
  present: true
  level: 77
  scale: 100
  voltage: 3959
  temperature: 375
  technology: Li-ion
Current Battery Service state:
  AC powered: false
  USB powered: false
  Wireless powered: false
  Max charging current: 0
  Max charging voltage: 0
  Charge counter: 2819281
  status: 3
  health: 2
  present: true
  level: 77
  scale: 100
  voltage: 3959
  temperature: 375
  technology: Li-ion
Current Battery Service state:
  AC powered: false
  USB powered: false
  Wireless powered: false
  Max charging current: 0
  Max charging voltage: 0
  Charge counter: 2819281
  status: 3
  health: 2
  present: true
  level: 77
  scale: 100
  voltage: 3959
  temperature: 375
  technology: Li-ion
Current Battery Service state:
  AC powered: false
  USB powered: false
  Wireless powered: false
  Max charging current: 0
  Max charging voltage: 0
  Charge counter: 2819281
  status: 3
  health: 2
  present: true
  level: 77
  scale: 100
  voltage: 3959
  temperature: 375
  technology: Li-ion
Current Battery Service state:
  AC powered: false
  USB powered: false
  Wireless powered: false
  Max charging current: 0
  Max charging voltage: 0
  Charge counter: 2819281
  status: 3
  health: 2
  present: true
  level: 77
  scale: 100
  voltage: 3959
  temperature: 375
  technology: Li-ion
Current Battery Service state:
  AC powered: false
  USB powered: false
  Wireless powered: false
  Max charging current: 0
  Max charging voltage: 0
  Charge counter: 2819281
  status: 3
  health: 2
  present: true
  level: 77
  scale: 100
  voltage: 3959
  temperature: 375
  technology: Li-ion
Current Battery Service state:
  AC powered: false
  USB powered: false
  Wireless powered: false
  Max charging current: 0
  Max charging voltage: 0
  Charge counter: 2819281
  status: 3
  health: 2
  present: true
  level: 77
  scale: 100
  voltage: 3959
  temperature: 375
  technology: Li-ion
Current Battery Service state:
  AC powered: false
  USB powered: false
  Wireless powered: false
  Max charging current: 0
  Max charging voltage: 0
  Charge counter: 2819281
  status: 3
  health: 2
  present: true
  level: 77
  scale: 100
  voltage: 3959
  temperature: 375
  technology: Li-ion
Current Battery Service state:
  AC powered: false
  USB powered: false
  Wireless powered: false
  Max charging current: 0
  Max charging voltage: 0
  Charge counter: 2819281
  status: 3
  health: 2
  present: true
  level: 77
  scale: 100
  voltage: 3959
  temperature: 375
  technology: Li-ion
Current Battery Service state:
  AC powered: false
  USB powered: false
  Wireless powered: false
  Max charging current: 0
  Max charging voltage: 0
  Charge counter: 2819281
  status: 3
  health: 2
  present: true
  level: 77
  scale: 100
  voltage: 3959
  temperature: 375
  technology: Li-ion
Current Battery Service state:
  AC powered: false
  USB powered: false
  Wireless powered: false
  Max charging current: 0
  Max charging voltage: 0
  Charge counter: 2814903
  status: 3
  health: 2
  present: true
  level: 77
  scale: 100
  voltage: 3956
  temperature: 375
  technology: Li-ion
Current Battery Service state:
  AC powered: false
  USB powered: false
  Wireless powered: false
  Max charging current: 0
  Max charging voltage: 0
  Charge counter: 2814903
  status: 3
  health: 2
  present: true
  level: 77
  scale: 100
  voltage: 3956
  temperature: 375
  technology: Li-ion
Current Battery Service state:
  AC powered: false
  USB powered: false
  Wireless powered: false
  Max charging current: 0
  Max charging voltage: 0
  Charge counter: 2814903
  status: 3
  health: 2
  present: true
  level: 77
  scale: 100
  voltage: 3956
  temperature: 375
  technology: Li-ion
Current Battery Service state:
  AC powered: false
  USB powered: false
  Wireless powered: false
  Max charging current: 0
  Max charging voltage: 0
  Charge counter: 2813188
  status: 3
  health: 2
  present: true
  level: 77
  scale: 100
  voltage: 3958
  temperature: 375
  technology: Li-ion
Current Battery Service state:
  AC powered: false
  USB powered: false
  Wireless powered: false
  Max charging current: 0
  Max charging voltage: 0
  Charge counter: 2813188
  status: 3
  health: 2
  present: true
  level: 77
  scale: 100
  voltage: 3958
  temperature: 375
  technology: Li-ion
Current Battery Service state:
  AC powered: false
  USB powered: false
  Wireless powered: false
  Max charging current: 0
  Max charging voltage: 0
  Charge counter: 2813188
  status: 3
  health: 2
  present: true
  level: 77
  scale: 100
  voltage: 3958
  temperature: 375
  technology: Li-ion
Current Battery Service state:
  AC powered: false
  USB powered: false
  Wireless powered: false
  Max charging current: 0
  Max charging voltage: 0
  Charge counter: 2813188
  status: 3
  health: 2
  present: true
  level: 77
  scale: 100
  voltage: 3958
  temperature: 375
  technology: Li-ion
Current Battery Service state:
  AC powered: false
  USB powered: false
  Wireless powered: false
  Max charging current: 0
  Max charging voltage: 0
  Charge counter: 2813188
  status: 3
  health: 2
  present: true
  level: 77
  scale: 100
  voltage: 3958
  temperature: 375
  technology: Li-ion
Current Battery Service state:
  AC powered: false
  USB powered: false
  Wireless powered: false
  Max charging current: 0
  Max charging voltage: 0
  Charge counter: 2813188
  status: 3
  health: 2
  present: true
  level: 77
  scale: 100
  voltage: 3958
  temperature: 375
  technology: Li-ion
Current Battery Service state:
  AC powered: false
  USB powered: false
  Wireless powered: false
  Max charging current: 0
  Max charging voltage: 0
  Charge counter: 2813188
  status: 3
  health: 2
  present: true
  level: 77
  scale: 100
  voltage: 3958
  temperature: 375
  technology: Li-ion
Current Battery Service state:
  AC powered: false
  USB powered: false
  Wireless powered: false
  Max charging current: 0
  Max charging voltage: 0
  Charge counter: 2810071
  status: 3
  health: 2
  present: true
  level: 77
  scale: 100
  voltage: 3955
  temperature: 375
  technology: Li-ion
Current Battery Service state:
  AC powered: false
  USB powered: false
  Wireless powered: false
  Max charging current: 0
  Max charging voltage: 0
  Charge counter: 2810071
  status: 3
  health: 2
  present: true
  level: 77
  scale: 100
  voltage: 3955
  temperature: 375
  technology: Li-ion
Current Battery Service state:
  AC powered: false
  USB powered: false
  Wireless powered: false
  Max charging current: 0
  Max charging voltage: 0
  Charge counter: 2810071
  status: 3
  health: 2
  present: true
  level: 77
  scale: 100
  voltage: 3955
  temperature: 375
  technology: Li-ion
Current Battery Service state:
  AC powered: false
  USB powered: false
  Wireless powered: false
  Max charging current: 0
  Max charging voltage: 0
  Charge counter: 2810071
  status: 3
  health: 2
  present: true
  level: 77
  scale: 100
  voltage: 3955
  temperature: 375
  technology: Li-ion
Current Battery Service state:
  AC powered: false
  USB powered: false
  Wireless powered: false
  Max charging current: 0
  Max charging voltage: 0
  Charge counter: 2810071
  status: 3
  health: 2
  present: true
  level: 77
  scale: 100
  voltage: 3955
  temperature: 375
  technology: Li-ion
Current Battery Service state:
  AC powered: false
  USB powered: false
  Wireless powered: false
  Max charging current: 0
  Max charging voltage: 0
  Charge counter: 2810071
  status: 3
  health: 2
  present: true
  level: 77
  scale: 100
  voltage: 3955
  temperature: 375
  technology: Li-ion
Current Battery Service state:
  AC powered: false
  USB powered: false
  Wireless powered: false
  Max charging current: 0
  Max charging voltage: 0
  Charge counter: 2810071
  status: 3
  health: 2
  present: true
  level: 77
  scale: 100
  voltage: 3955
  temperature: 375
  technology: Li-ion
Current Battery Service state:
  AC powered: false
  USB powered: false
  Wireless powered: false
  Max charging current: 0
  Max charging voltage: 0
  Charge counter: 2810071
  status: 3
  health: 2
  present: true
  level: 77
  scale: 100
  voltage: 3955
  temperature: 375
  technology: Li-ion
Current Battery Service state:
  AC powered: false
  USB powered: false
  Wireless powered: false
  Max charging current: 0
  Max charging voltage: 0
  Charge counter: 2810071
  status: 3
  health: 2
  present: true
  level: 77
  scale: 100
  voltage: 3955
  temperature: 375
  technology: Li-ion
Current Battery Service state:
  AC powered: false
  USB powered: false
  Wireless powered: false
  Max charging current: 0
  Max charging voltage: 0
  Charge counter: 2810071
  status: 3
  health: 2
  present: true
  level: 77
  scale: 100
  voltage: 3955
  temperature: 375
  technology: Li-ion
Current Battery Service state:
  AC powered: false
  USB powered: false
  Wireless powered: false
  Max charging current: 0
  Max charging voltage: 0
  Charge counter: 2805599
  status: 3
  health: 2
  present: true
  level: 77
  scale: 100
  voltage: 3955
  temperature: 377
  technology: Li-ion
Current Battery Service state:
  AC powered: false
  USB powered: false
  Wireless powered: false
  Max charging current: 0
  Max charging voltage: 0
  Charge counter: 2805599
  status: 3
  health: 2
  present: true
  level: 77
  scale: 100
  voltage: 3955
  temperature: 377
  technology: Li-ion
Current Battery Service state:
  AC powered: false
  USB powered: false
  Wireless powered: false
  Max charging current: 0
  Max charging voltage: 0
  Charge counter: 2805599
  status: 3
  health: 2
  present: true
  level: 77
  scale: 100
  voltage: 3955
  temperature: 377
  technology: Li-ion
Current Battery Service state:
  AC powered: false
  USB powered: false
  Wireless powered: false
  Max charging current: 0
  Max charging voltage: 0
  Charge counter: 2805599
  status: 3
  health: 2
  present: true
  level: 77
  scale: 100
  voltage: 3955
  temperature: 377
  technology: Li-ion
Current Battery Service state:
  AC powered: false
  USB powered: false
  Wireless powered: false
  Max charging current: 0
  Max charging voltage: 0
  Charge counter: 2805599
  status: 3
  health: 2
  present: true
  level: 77
  scale: 100
  voltage: 3955
  temperature: 377
  technology: Li-ion
Current Battery Service state:
  AC powered: false
  USB powered: false
  Wireless powered: false
  Max charging current: 0
  Max charging voltage: 0
  Charge counter: 2805599
  status: 3
  health: 2
  present: true
  level: 77
  scale: 100
  voltage: 3955
  temperature: 377
  technology: Li-ion
Current Battery Service state:
  AC powered: false
  USB powered: false
  Wireless powered: false
  Max charging current: 0
  Max charging voltage: 0
  Charge counter: 2805599
  status: 3
  health: 2
  present: true
  level: 77
  scale: 100
  voltage: 3955
  temperature: 377
  technology: Li-ion
Current Battery Service state:
  AC powered: false
  USB powered: false
  Wireless powered: false
  Max charging current: 0
  Max charging voltage: 0
  Charge counter: 2805599
  status: 3
  health: 2
  present: true
  level: 77
  scale: 100
  voltage: 3955
  temperature: 377
  technology: Li-ion
Current Battery Service state:
  AC powered: false
  USB powered: false
  Wireless powered: false
  Max charging current: 0
  Max charging voltage: 0
  Charge counter: 2805599
  status: 3
  health: 2
  present: true
  level: 77
  scale: 100
  voltage: 3955
  temperature: 377
  technology: Li-ion
Current Battery Service state:
  AC powered: false
  USB powered: false
  Wireless powered: false
  Max charging current: 0
  Max charging voltage: 0
  Charge counter: 2805599
  status: 3
  health: 2
  present: true
  level: 77
  scale: 100
  voltage: 3955
  temperature: 377
  technology: Li-ion
Current Battery Service state:
  AC powered: false
  USB powered: false
  Wireless powered: false
  Max charging current: 0
  Max charging voltage: 0
  Charge counter: 2801146
  status: 3
  health: 2
  present: true
  level: 76
  scale: 100
  voltage: 3952
  temperature: 377
  technology: Li-ion
Current Battery Service state:
  AC powered: false
  USB powered: false
  Wireless powered: false
  Max charging current: 0
  Max charging voltage: 0
  Charge counter: 2801146
  status: 3
  health: 2
  present: true
  level: 76
  scale: 100
  voltage: 3952
  temperature: 377
  technology: Li-ion
Current Battery Service state:
  AC powered: false
  USB powered: false
  Wireless powered: false
  Max charging current: 0
  Max charging voltage: 0
  Charge counter: 2801146
  status: 3
  health: 2
  present: true
  level: 76
  scale: 100
  voltage: 3952
  temperature: 377
  technology: Li-ion
Current Battery Service state:
  AC powered: false
  USB powered: false
  Wireless powered: false
  Max charging current: 0
  Max charging voltage: 0
  Charge counter: 2801146
  status: 3
  health: 2
  present: true
  level: 76
  scale: 100
  voltage: 3952
  temperature: 377
  technology: Li-ion
Current Battery Service state:
  AC powered: false
  USB powered: false
  Wireless powered: false
  Max charging current: 0
  Max charging voltage: 0
  Charge counter: 2801146
  status: 3
  health: 2
  present: true
  level: 76
  scale: 100
  voltage: 3952
  temperature: 377
  technology: Li-ion
Current Battery Service state:
  AC powered: false
  USB powered: false
  Wireless powered: false
  Max charging current: 0
  Max charging voltage: 0
  Charge counter: 2801146
  status: 3
  health: 2
  present: true
  level: 76
  scale: 100
  voltage: 3952
  temperature: 377
  technology: Li-ion
Current Battery Service state:
  AC powered: false
  USB powered: false
  Wireless powered: false
  Max charging current: 0
  Max charging voltage: 0
  Charge counter: 2801146
  status: 3
  health: 2
  present: true
  level: 76
  scale: 100
  voltage: 3952
  temperature: 377
  technology: Li-ion
Current Battery Service state:
  AC powered: false
  USB powered: false
  Wireless powered: false
  Max charging current: 0
  Max charging voltage: 0
  Charge counter: 2801146
  status: 3
  health: 2
  present: true
  level: 76
  scale: 100
  voltage: 3952
  temperature: 377
  technology: Li-ion
Current Battery Service state:
  AC powered: false
  USB powered: false
  Wireless powered: false
  Max charging current: 0
  Max charging voltage: 0
  Charge counter: 2801146
  status: 3
  health: 2
  present: true
  level: 76
  scale: 100
  voltage: 3952
  temperature: 377
  technology: Li-ion
Current Battery Service state:
  AC powered: false
  USB powered: false
  Wireless powered: false
  Max charging current: 0
  Max charging voltage: 0
  Charge counter: 2801146
  status: 3
  health: 2
  present: true
  level: 76
  scale: 100
  voltage: 3952
  temperature: 377
  technology: Li-ion
Current Battery Service state:
  AC powered: false
  USB powered: false
  Wireless powered: false
  Max charging current: 0
  Max charging voltage: 0
  Charge counter: 2796634
  status: 3
  health: 2
  present: true
  level: 76
  scale: 100
  voltage: 3950
  temperature: 377
  technology: Li-ion
Current Battery Service state:
  AC powered: false
  USB powered: false
  Wireless powered: false
  Max charging current: 0
  Max charging voltage: 0
  Charge counter: 2796390
  status: 3
  health: 2
  present: true
  level: 76
  scale: 100
  voltage: 3949
  temperature: 377
  technology: Li-ion
Current Battery Service state:
  AC powered: false
  USB powered: false
  Wireless powered: false
  Max charging current: 0
  Max charging voltage: 0
  Charge counter: 2796390
  status: 3
  health: 2
  present: true
  level: 76
  scale: 100
  voltage: 3949
  temperature: 377
  technology: Li-ion
Current Battery Service state:
  AC powered: false
  USB powered: false
  Wireless powered: false
  Max charging current: 0
  Max charging voltage: 0
  Charge counter: 2796390
  status: 3
  health: 2
  present: true
  level: 76
  scale: 100
  voltage: 3949
  temperature: 377
  technology: Li-ion
Current Battery Service state:
  AC powered: false
  USB powered: false
  Wireless powered: false
  Max charging current: 0
  Max charging voltage: 0
  Charge counter: 2796390
  status: 3
  health: 2
  present: true
  level: 76
  scale: 100
  voltage: 3949
  temperature: 377
  technology: Li-ion
Current Battery Service state:
  AC powered: false
  USB powered: false
  Wireless powered: false
  Max charging current: 0
  Max charging voltage: 0
  Charge counter: 2796390
  status: 3
  health: 2
  present: true
  level: 76
  scale: 100
  voltage: 3949
  temperature: 377
  technology: Li-ion
Current Battery Service state:
  AC powered: false
  USB powered: false
  Wireless powered: false
  Max charging current: 0
  Max charging voltage: 0
  Charge counter: 2796390
  status: 3
  health: 2
  present: true
  level: 76
  scale: 100
  voltage: 3949
  temperature: 377
  technology: Li-ion
Current Battery Service state:
  AC powered: false
  USB powered: false
  Wireless powered: false
  Max charging current: 0
  Max charging voltage: 0
  Charge counter: 2796390
  status: 3
  health: 2
  present: true
  level: 76
  scale: 100
  voltage: 3949
  temperature: 377
  technology: Li-ion
Current Battery Service state:
  AC powered: false
  USB powered: false
  Wireless powered: false
  Max charging current: 0
  Max charging voltage: 0
  Charge counter: 2796390
  status: 3
  health: 2
  present: true
  level: 76
  scale: 100
  voltage: 3949
  temperature: 377
  technology: Li-ion
Current Battery Service state:
  AC powered: false
  USB powered: false
  Wireless powered: false
  Max charging current: 0
  Max charging voltage: 0
  Charge counter: 2796390
  status: 3
  health: 2
  present: true
  level: 76
  scale: 100
  voltage: 3949
  temperature: 377
  technology: Li-ion
Current Battery Service state:
  AC powered: false
  USB powered: false
  Wireless powered: false
  Max charging current: 0
  Max charging voltage: 0
  Charge counter: 2792313
  status: 3
  health: 2
  present: true
  level: 76
  scale: 100
  voltage: 3950
  temperature: 380
  technology: Li-ion
Current Battery Service state:
  AC powered: false
  USB powered: false
  Wireless powered: false
  Max charging current: 0
  Max charging voltage: 0
  Charge counter: 2792313
  status: 3
  health: 2
  present: true
  level: 76
  scale: 100
  voltage: 3950
  temperature: 380
  technology: Li-ion
Current Battery Service state:
  AC powered: false
  USB powered: false
  Wireless powered: false
  Max charging current: 0
  Max charging voltage: 0
  Charge counter: 2792313
  status: 3
  health: 2
  present: true
  level: 76
  scale: 100
  voltage: 3950
  temperature: 380
  technology: Li-ion
Current Battery Service state:
  AC powered: false
  USB powered: false
  Wireless powered: false
  Max charging current: 0
  Max charging voltage: 0
  Charge counter: 2792313
  status: 3
  health: 2
  present: true
  level: 76
  scale: 100
  voltage: 3950
  temperature: 380
  technology: Li-ion
Current Battery Service state:
  AC powered: false
  USB powered: false
  Wireless powered: false
  Max charging current: 0
  Max charging voltage: 0
  Charge counter: 2792313
  status: 3
  health: 2
  present: true
  level: 76
  scale: 100
  voltage: 3950
  temperature: 380
  technology: Li-ion
Current Battery Service state:
  AC powered: false
  USB powered: false
  Wireless powered: false
  Max charging current: 0
  Max charging voltage: 0
  Charge counter: 2792313
  status: 3
  health: 2
  present: true
  level: 76
  scale: 100
  voltage: 3950
  temperature: 380
  technology: Li-ion
Current Battery Service state:
  AC powered: false
  USB powered: false
  Wireless powered: false
  Max charging current: 0
  Max charging voltage: 0
  Charge counter: 2792313
  status: 3
  health: 2
  present: true
  level: 76
  scale: 100
  voltage: 3950
  temperature: 380
  technology: Li-ion
Current Battery Service state:
  AC powered: false
  USB powered: false
  Wireless powered: false
  Max charging current: 0
  Max charging voltage: 0
  Charge counter: 2792313
  status: 3
  health: 2
  present: true
  level: 76
  scale: 100
  voltage: 3950
  temperature: 380
  technology: Li-ion
Current Battery Service state:
  AC powered: false
  USB powered: false
  Wireless powered: false
  Max charging current: 0
  Max charging voltage: 0
  Charge counter: 2792313
  status: 3
  health: 2
  present: true
  level: 76
  scale: 100
  voltage: 3950
  temperature: 380
  technology: Li-ion
Current Battery Service state:
  AC powered: false
  USB powered: false
  Wireless powered: false
  Max charging current: 0
  Max charging voltage: 0
  Charge counter: 2792313
  status: 3
  health: 2
  present: true
  level: 76
  scale: 100
  voltage: 3950
  temperature: 380
  technology: Li-ion
Current Battery Service state:
  AC powered: false
  USB powered: false
  Wireless powered: false
  Max charging current: 0
  Max charging voltage: 0
  Charge counter: 2787755
  status: 3
  health: 2
  present: true
  level: 76
  scale: 100
  voltage: 3946
  temperature: 380
  technology: Li-ion
Current Battery Service state:
  AC powered: false
  USB powered: false
  Wireless powered: false
  Max charging current: 0
  Max charging voltage: 0
  Charge counter: 2787755
  status: 3
  health: 2
  present: true
  level: 76
  scale: 100
  voltage: 3946
  temperature: 380
  technology: Li-ion
Current Battery Service state:
  AC powered: false
  USB powered: false
  Wireless powered: false
  Max charging current: 0
  Max charging voltage: 0
  Charge counter: 2787755
  status: 3
  health: 2
  present: true
  level: 76
  scale: 100
  voltage: 3946
  temperature: 380
  technology: Li-ion
Current Battery Service state:
  AC powered: false
  USB powered: false
  Wireless powered: false
  Max charging current: 0
  Max charging voltage: 0
  Charge counter: 2787755
  status: 3
  health: 2
  present: true
  level: 76
  scale: 100
  voltage: 3946
  temperature: 380
  technology: Li-ion
Current Battery Service state:
  AC powered: false
  USB powered: false
  Wireless powered: false
  Max charging current: 0
  Max charging voltage: 0
  Charge counter: 2787755
  status: 3
  health: 2
  present: true
  level: 76
  scale: 100
  voltage: 3946
  temperature: 380
  technology: Li-ion
Current Battery Service state:
  AC powered: false
  USB powered: false
  Wireless powered: false
  Max charging current: 0
  Max charging voltage: 0
  Charge counter: 2787755
  status: 3
  health: 2
  present: true
  level: 76
  scale: 100
  voltage: 3946
  temperature: 380
  technology: Li-ion
Current Battery Service state:
  AC powered: false
  USB powered: false
  Wireless powered: false
  Max charging current: 0
  Max charging voltage: 0
  Charge counter: 2787755
  status: 3
  health: 2
  present: true
  level: 76
  scale: 100
  voltage: 3946
  temperature: 380
  technology: Li-ion
Current Battery Service state:
  AC powered: false
  USB powered: false
  Wireless powered: false
  Max charging current: 0
  Max charging voltage: 0
  Charge counter: 2787755
  status: 3
  health: 2
  present: true
  level: 76
  scale: 100
  voltage: 3946
  temperature: 380
  technology: Li-ion
Current Battery Service state:
  AC powered: false
  USB powered: false
  Wireless powered: false
  Max charging current: 0
  Max charging voltage: 0
  Charge counter: 2787755
  status: 3
  health: 2
  present: true
  level: 76
  scale: 100
  voltage: 3946
  temperature: 380
  technology: Li-ion
Current Battery Service state:
  AC powered: false
  USB powered: false
  Wireless powered: false
  Max charging current: 0
  Max charging voltage: 0
  Charge counter: 2787755
  status: 3
  health: 2
  present: true
  level: 76
  scale: 100
  voltage: 3946
  temperature: 380
  technology: Li-ion
Current Battery Service state:
  AC powered: false
  USB powered: false
  Wireless powered: false
  Max charging current: 0
  Max charging voltage: 0
  Charge counter: 2783202
  status: 3
  health: 2
  present: true
  level: 76
  scale: 100
  voltage: 3944
  temperature: 382
  technology: Li-ion
Current Battery Service state:
  AC powered: false
  USB powered: false
  Wireless powered: false
  Max charging current: 0
  Max charging voltage: 0
  Charge counter: 2783202
  status: 3
  health: 2
  present: true
  level: 76
  scale: 100
  voltage: 3944
  temperature: 382
  technology: Li-ion
Current Battery Service state:
  AC powered: false
  USB powered: false
  Wireless powered: false
  Max charging current: 0
  Max charging voltage: 0
  Charge counter: 2783202
  status: 3
  health: 2
  present: true
  level: 76
  scale: 100
  voltage: 3944
  temperature: 382
  technology: Li-ion
Current Battery Service state:
  AC powered: false
  USB powered: false
  Wireless powered: false
  Max charging current: 0
  Max charging voltage: 0
  Charge counter: 2783202
  status: 3
  health: 2
  present: true
  level: 76
  scale: 100
  voltage: 3944
  temperature: 382
  technology: Li-ion
Current Battery Service state:
  AC powered: false
  USB powered: false
  Wireless powered: false
  Max charging current: 0
  Max charging voltage: 0
  Charge counter: 2783202
  status: 3
  health: 2
  present: true
  level: 76
  scale: 100
  voltage: 3944
  temperature: 382
  technology: Li-ion
Current Battery Service state:
  AC powered: false
  USB powered: false
  Wireless powered: false
  Max charging current: 0
  Max charging voltage: 0
  Charge counter: 2783202
  status: 3
  health: 2
  present: true
  level: 76
  scale: 100
  voltage: 3944
  temperature: 382
  technology: Li-ion
Current Battery Service state:
  AC powered: false
  USB powered: false
  Wireless powered: false
  Max charging current: 0
  Max charging voltage: 0
  Charge counter: 2783202
  status: 3
  health: 2
  present: true
  level: 76
  scale: 100
  voltage: 3944
  temperature: 382
  technology: Li-ion
Current Battery Service state:
  AC powered: false
  USB powered: false
  Wireless powered: false
  Max charging current: 0
  Max charging voltage: 0
  Charge counter: 2783202
  status: 3
  health: 2
  present: true
  level: 76
  scale: 100
  voltage: 3944
  temperature: 382
  technology: Li-ion
Current Battery Service state:
  AC powered: false
  USB powered: false
  Wireless powered: false
  Max charging current: 0
  Max charging voltage: 0
  Charge counter: 2783202
  status: 3
  health: 2
  present: true
  level: 76
  scale: 100
  voltage: 3944
  temperature: 382
  technology: Li-ion
Current Battery Service state:
  AC powered: false
  USB powered: false
  Wireless powered: false
  Max charging current: 0
  Max charging voltage: 0
  Charge counter: 2778845
  status: 3
  health: 2
  present: true
  level: 76
  scale: 100
  voltage: 3942
  temperature: 380
  technology: Li-ion
Current Battery Service state:
  AC powered: false
  USB powered: false
  Wireless powered: false
  Max charging current: 0
  Max charging voltage: 0
  Charge counter: 2778389
  status: 3
  health: 2
  present: true
  level: 76
  scale: 100
  voltage: 3944
  temperature: 380
  technology: Li-ion
Current Battery Service state:
  AC powered: false
  USB powered: false
  Wireless powered: false
  Max charging current: 0
  Max charging voltage: 0
  Charge counter: 2778389
  status: 3
  health: 2
  present: true
  level: 76
  scale: 100
  voltage: 3944
  temperature: 380
  technology: Li-ion
Current Battery Service state:
  AC powered: false
  USB powered: false
  Wireless powered: false
  Max charging current: 0
  Max charging voltage: 0
  Charge counter: 2778389
  status: 3
  health: 2
  present: true
  level: 76
  scale: 100
  voltage: 3944
  temperature: 380
  technology: Li-ion
Current Battery Service state:
  AC powered: false
  USB powered: false
  Wireless powered: false
  Max charging current: 0
  Max charging voltage: 0
  Charge counter: 2778389
  status: 3
  health: 2
  present: true
  level: 76
  scale: 100
  voltage: 3944
  temperature: 380
  technology: Li-ion
Current Battery Service state:
  AC powered: false
  USB powered: false
  Wireless powered: false
  Max charging current: 0
  Max charging voltage: 0
  Charge counter: 2778389
  status: 3
  health: 2
  present: true
  level: 76
  scale: 100
  voltage: 3944
  temperature: 380
  technology: Li-ion
Current Battery Service state:
  AC powered: false
  USB powered: false
  Wireless powered: false
  Max charging current: 0
  Max charging voltage: 0
  Charge counter: 2778389
  status: 3
  health: 2
  present: true
  level: 76
  scale: 100
  voltage: 3944
  temperature: 380
  technology: Li-ion
Current Battery Service state:
  AC powered: false
  USB powered: false
  Wireless powered: false
  Max charging current: 0
  Max charging voltage: 0
  Charge counter: 2778389
  status: 3
  health: 2
  present: true
  level: 76
  scale: 100
  voltage: 3944
  temperature: 380
  technology: Li-ion
Current Battery Service state:
  AC powered: false
  USB powered: false
  Wireless powered: false
  Max charging current: 0
  Max charging voltage: 0
  Charge counter: 2778389
  status: 3
  health: 2
  present: true
  level: 76
  scale: 100
  voltage: 3944
  temperature: 380
  technology: Li-ion
Current Battery Service state:
  AC powered: false
  USB powered: false
  Wireless powered: false
  Max charging current: 0
  Max charging voltage: 0
  Charge counter: 2778389
  status: 3
  health: 2
  present: true
  level: 76
  scale: 100
  voltage: 3944
  temperature: 380
  technology: Li-ion
Current Battery Service state:
  AC powered: false
  USB powered: false
  Wireless powered: false
  Max charging current: 0
  Max charging voltage: 0
  Charge counter: 2778389
  status: 3
  health: 2
  present: true
  level: 76
  scale: 100
  voltage: 3944
  temperature: 380
  technology: Li-ion
Current Battery Service state:
  AC powered: false
  USB powered: false
  Wireless powered: false
  Max charging current: 0
  Max charging voltage: 0
  Charge counter: 2773787
  status: 3
  health: 2
  present: true
  level: 75
  scale: 100
  voltage: 3942
  temperature: 382
  technology: Li-ion
Current Battery Service state:
  AC powered: false
  USB powered: false
  Wireless powered: false
  Max charging current: 0
  Max charging voltage: 0
  Charge counter: 2773787
  status: 3
  health: 2
  present: true
  level: 75
  scale: 100
  voltage: 3942
  temperature: 382
  technology: Li-ion
Current Battery Service state:
  AC powered: false
  USB powered: false
  Wireless powered: false
  Max charging current: 0
  Max charging voltage: 0
  Charge counter: 2773787
  status: 3
  health: 2
  present: true
  level: 75
  scale: 100
  voltage: 3942
  temperature: 382
  technology: Li-ion
Current Battery Service state:
  AC powered: false
  USB powered: false
  Wireless powered: false
  Max charging current: 0
  Max charging voltage: 0
  Charge counter: 2773787
  status: 3
  health: 2
  present: true
  level: 75
  scale: 100
  voltage: 3942
  temperature: 382
  technology: Li-ion
Current Battery Service state:
  AC powered: false
  USB powered: false
  Wireless powered: false
  Max charging current: 0
  Max charging voltage: 0
  Charge counter: 2773787
  status: 3
  health: 2
  present: true
  level: 75
  scale: 100
  voltage: 3942
  temperature: 382
  technology: Li-ion
Current Battery Service state:
  AC powered: false
  USB powered: false
  Wireless powered: false
  Max charging current: 0
  Max charging voltage: 0
  Charge counter: 2773787
  status: 3
  health: 2
  present: true
  level: 75
  scale: 100
  voltage: 3942
  temperature: 382
  technology: Li-ion
Current Battery Service state:
  AC powered: false
  USB powered: false
  Wireless powered: false
  Max charging current: 0
  Max charging voltage: 0
  Charge counter: 2773787
  status: 3
  health: 2
  present: true
  level: 75
  scale: 100
  voltage: 3942
  temperature: 382
  technology: Li-ion
Current Battery Service state:
  AC powered: false
  USB powered: false
  Wireless powered: false
  Max charging current: 0
  Max charging voltage: 0
  Charge counter: 2773787
  status: 3
  health: 2
  present: true
  level: 75
  scale: 100
  voltage: 3942
  temperature: 382
  technology: Li-ion
Current Battery Service state:
  AC powered: false
  USB powered: false
  Wireless powered: false
  Max charging current: 0
  Max charging voltage: 0
  Charge counter: 2773787
  status: 3
  health: 2
  present: true
  level: 75
  scale: 100
  voltage: 3942
  temperature: 382
  technology: Li-ion
Current Battery Service state:
  AC powered: false
  USB powered: false
  Wireless powered: false
  Max charging current: 0
  Max charging voltage: 0
  Charge counter: 2773787
  status: 3
  health: 2
  present: true
  level: 75
  scale: 100
  voltage: 3942
  temperature: 382
  technology: Li-ion
Current Battery Service state:
  AC powered: false
  USB powered: false
  Wireless powered: false
  Max charging current: 0
  Max charging voltage: 0
  Charge counter: 2769168
  status: 3
  health: 2
  present: true
  level: 75
  scale: 100
  voltage: 3938
  temperature: 382
  technology: Li-ion
Current Battery Service state:
  AC powered: false
  USB powered: false
  Wireless powered: false
  Max charging current: 0
  Max charging voltage: 0
  Charge counter: 2769168
  status: 3
  health: 2
  present: true
  level: 75
  scale: 100
  voltage: 3938
  temperature: 382
  technology: Li-ion
Current Battery Service state:
  AC powered: false
  USB powered: false
  Wireless powered: false
  Max charging current: 0
  Max charging voltage: 0
  Charge counter: 2769168
  status: 3
  health: 2
  present: true
  level: 75
  scale: 100
  voltage: 3938
  temperature: 382
  technology: Li-ion
Current Battery Service state:
  AC powered: false
  USB powered: false
  Wireless powered: false
  Max charging current: 0
  Max charging voltage: 0
  Charge counter: 2769168
  status: 3
  health: 2
  present: true
  level: 75
  scale: 100
  voltage: 3938
  temperature: 382
  technology: Li-ion
Current Battery Service state:
  AC powered: false
  USB powered: false
  Wireless powered: false
  Max charging current: 0
  Max charging voltage: 0
  Charge counter: 2769168
  status: 3
  health: 2
  present: true
  level: 75
  scale: 100
  voltage: 3938
  temperature: 382
  technology: Li-ion
Current Battery Service state:
  AC powered: false
  USB powered: false
  Wireless powered: false
  Max charging current: 0
  Max charging voltage: 0
  Charge counter: 2769168
  status: 3
  health: 2
  present: true
  level: 75
  scale: 100
  voltage: 3938
  temperature: 382
  technology: Li-ion
Current Battery Service state:
  AC powered: false
  USB powered: false
  Wireless powered: false
  Max charging current: 0
  Max charging voltage: 0
  Charge counter: 2769168
  status: 3
  health: 2
  present: true
  level: 75
  scale: 100
  voltage: 3938
  temperature: 382
  technology: Li-ion
Current Battery Service state:
  AC powered: false
  USB powered: false
  Wireless powered: false
  Max charging current: 0
  Max charging voltage: 0
  Charge counter: 2769168
  status: 3
  health: 2
  present: true
  level: 75
  scale: 100
  voltage: 3938
  temperature: 382
  technology: Li-ion
Current Battery Service state:
  AC powered: false
  USB powered: false
  Wireless powered: false
  Max charging current: 0
  Max charging voltage: 0
  Charge counter: 2769168
  status: 3
  health: 2
  present: true
  level: 75
  scale: 100
  voltage: 3938
  temperature: 382
  technology: Li-ion
Current Battery Service state:
  AC powered: false
  USB powered: false
  Wireless powered: false
  Max charging current: 0
  Max charging voltage: 0
  Charge counter: 2769168
  status: 3
  health: 2
  present: true
  level: 75
  scale: 100
  voltage: 3938
  temperature: 382
  technology: Li-ion
Current Battery Service state:
  AC powered: false
  USB powered: false
  Wireless powered: false
  Max charging current: 0
  Max charging voltage: 0
  Charge counter: 2764576
  status: 3
  health: 2
  present: true
  level: 75
  scale: 100
  voltage: 3941
  temperature: 382
  technology: Li-ion
Current Battery Service state:
  AC powered: false
  USB powered: false
  Wireless powered: false
  Max charging current: 0
  Max charging voltage: 0
  Charge counter: 2764576
  status: 3
  health: 2
  present: true
  level: 75
  scale: 100
  voltage: 3941
  temperature: 382
  technology: Li-ion
Current Battery Service state:
  AC powered: false
  USB powered: false
  Wireless powered: false
  Max charging current: 0
  Max charging voltage: 0
  Charge counter: 2764576
  status: 3
  health: 2
  present: true
  level: 75
  scale: 100
  voltage: 3941
  temperature: 382
  technology: Li-ion
Current Battery Service state:
  AC powered: false
  USB powered: false
  Wireless powered: false
  Max charging current: 0
  Max charging voltage: 0
  Charge counter: 2764576
  status: 3
  health: 2
  present: true
  level: 75
  scale: 100
  voltage: 3941
  temperature: 382
  technology: Li-ion
Current Battery Service state:
  AC powered: false
  USB powered: false
  Wireless powered: false
  Max charging current: 0
  Max charging voltage: 0
  Charge counter: 2762419
  status: 3
  health: 2
  present: true
  level: 75
  scale: 100
  voltage: 3941
  temperature: 385
  technology: Li-ion
Current Battery Service state:
  AC powered: false
  USB powered: false
  Wireless powered: false
  Max charging current: 0
  Max charging voltage: 0
  Charge counter: 2762419
  status: 3
  health: 2
  present: true
  level: 75
  scale: 100
  voltage: 3941
  temperature: 385
  technology: Li-ion
Current Battery Service state:
  AC powered: false
  USB powered: false
  Wireless powered: false
  Max charging current: 0
  Max charging voltage: 0
  Charge counter: 2761673
  status: 3
  health: 2
  present: true
  level: 75
  scale: 100
  voltage: 3940
  temperature: 385
  technology: Li-ion
Current Battery Service state:
  AC powered: false
  USB powered: false
  Wireless powered: false
  Max charging current: 0
  Max charging voltage: 0
  Charge counter: 2761673
  status: 3
  health: 2
  present: true
  level: 75
  scale: 100
  voltage: 3940
  temperature: 385
  technology: Li-ion
Current Battery Service state:
  AC powered: false
  USB powered: false
  Wireless powered: false
  Max charging current: 0
  Max charging voltage: 0
  Charge counter: 2761673
  status: 3
  health: 2
  present: true
  level: 75
  scale: 100
  voltage: 3940
  temperature: 385
  technology: Li-ion
Current Battery Service state:
  AC powered: false
  USB powered: false
  Wireless powered: false
  Max charging current: 0
  Max charging voltage: 0
  Charge counter: 2761673
  status: 3
  health: 2
  present: true
  level: 75
  scale: 100
  voltage: 3940
  temperature: 385
  technology: Li-ion
Current Battery Service state:
  AC powered: false
  USB powered: false
  Wireless powered: false
  Max charging current: 0
  Max charging voltage: 0
  Charge counter: 2760317
  status: 3
  health: 2
  present: true
  level: 75
  scale: 100
  voltage: 3941
  temperature: 385
  technology: Li-ion
Current Battery Service state:
  AC powered: false
  USB powered: false
  Wireless powered: false
  Max charging current: 0
  Max charging voltage: 0
  Charge counter: 2760317
  status: 3
  health: 2
  present: true
  level: 75
  scale: 100
  voltage: 3941
  temperature: 385
  technology: Li-ion
Current Battery Service state:
  AC powered: false
  USB powered: false
  Wireless powered: false
  Max charging current: 0
  Max charging voltage: 0
  Charge counter: 2760317
  status: 3
  health: 2
  present: true
  level: 75
  scale: 100
  voltage: 3941
  temperature: 385
  technology: Li-ion
Current Battery Service state:
  AC powered: false
  USB powered: false
  Wireless powered: false
  Max charging current: 0
  Max charging voltage: 0
  Charge counter: 2758313
  status: 3
  health: 2
  present: true
  level: 75
  scale: 100
  voltage: 3942
  temperature: 385
  technology: Li-ion
Current Battery Service state:
  AC powered: false
  USB powered: false
  Wireless powered: false
  Max charging current: 0
  Max charging voltage: 0
  Charge counter: 2758313
  status: 3
  health: 2
  present: true
  level: 75
  scale: 100
  voltage: 3942
  temperature: 385
  technology: Li-ion
Current Battery Service state:
  AC powered: false
  USB powered: false
  Wireless powered: false
  Max charging current: 0
  Max charging voltage: 0
  Charge counter: 2758313
  status: 3
  health: 2
  present: true
  level: 75
  scale: 100
  voltage: 3942
  temperature: 385
  technology: Li-ion
Current Battery Service state:
  AC powered: false
  USB powered: false
  Wireless powered: false
  Max charging current: 0
  Max charging voltage: 0
  Charge counter: 2758313
  status: 3
  health: 2
  present: true
  level: 75
  scale: 100
  voltage: 3942
  temperature: 385
  technology: Li-ion
Current Battery Service state:
  AC powered: false
  USB powered: false
  Wireless powered: false
  Max charging current: 0
  Max charging voltage: 0
  Charge counter: 2758313
  status: 3
  health: 2
  present: true
  level: 75
  scale: 100
  voltage: 3942
  temperature: 385
  technology: Li-ion
Current Battery Service state:
  AC powered: false
  USB powered: false
  Wireless powered: false
  Max charging current: 0
  Max charging voltage: 0
  Charge counter: 2758313
  status: 3
  health: 2
  present: true
  level: 75
  scale: 100
  voltage: 3942
  temperature: 385
  technology: Li-ion
Current Battery Service state:
  AC powered: false
  USB powered: false
  Wireless powered: false
  Max charging current: 0
  Max charging voltage: 0
  Charge counter: 2758313
  status: 3
  health: 2
  present: true
  level: 75
  scale: 100
  voltage: 3942
  temperature: 385
  technology: Li-ion
Current Battery Service state:
  AC powered: false
  USB powered: false
  Wireless powered: false
  Max charging current: 0
  Max charging voltage: 0
  Charge counter: 2755610
  status: 3
  health: 2
  present: true
  level: 75
  scale: 100
  voltage: 3940
  temperature: 385
  technology: Li-ion
Current Battery Service state:
  AC powered: false
  USB powered: false
  Wireless powered: false
  Max charging current: 0
  Max charging voltage: 0
  Charge counter: 2755610
  status: 3
  health: 2
  present: true
  level: 75
  scale: 100
  voltage: 3940
  temperature: 385
  technology: Li-ion
Current Battery Service state:
  AC powered: false
  USB powered: false
  Wireless powered: false
  Max charging current: 0
  Max charging voltage: 0
  Charge counter: 2755610
  status: 3
  health: 2
  present: true
  level: 75
  scale: 100
  voltage: 3940
  temperature: 385
  technology: Li-ion
Current Battery Service state:
  AC powered: false
  USB powered: false
  Wireless powered: false
  Max charging current: 0
  Max charging voltage: 0
  Charge counter: 2755610
  status: 3
  health: 2
  present: true
  level: 75
  scale: 100
  voltage: 3940
  temperature: 385
  technology: Li-ion
Current Battery Service state:
  AC powered: false
  USB powered: false
  Wireless powered: false
  Max charging current: 0
  Max charging voltage: 0
  Charge counter: 2755610
  status: 3
  health: 2
  present: true
  level: 75
  scale: 100
  voltage: 3940
  temperature: 385
  technology: Li-ion
Current Battery Service state:
  AC powered: false
  USB powered: false
  Wireless powered: false
  Max charging current: 0
  Max charging voltage: 0
  Charge counter: 2755610
  status: 3
  health: 2
  present: true
  level: 75
  scale: 100
  voltage: 3940
  temperature: 385
  technology: Li-ion
Current Battery Service state:
  AC powered: false
  USB powered: false
  Wireless powered: false
  Max charging current: 0
  Max charging voltage: 0
  Charge counter: 2755610
  status: 3
  health: 2
  present: true
  level: 75
  scale: 100
  voltage: 3940
  temperature: 385
  technology: Li-ion
Current Battery Service state:
  AC powered: false
  USB powered: false
  Wireless powered: false
  Max charging current: 0
  Max charging voltage: 0
  Charge counter: 2755610
  status: 3
  health: 2
  present: true
  level: 75
  scale: 100
  voltage: 3940
  temperature: 385
  technology: Li-ion
Current Battery Service state:
  AC powered: false
  USB powered: false
  Wireless powered: false
  Max charging current: 0
  Max charging voltage: 0
  Charge counter: 2755610
  status: 3
  health: 2
  present: true
  level: 75
  scale: 100
  voltage: 3940
  temperature: 385
  technology: Li-ion
Current Battery Service state:
  AC powered: false
  USB powered: false
  Wireless powered: false
  Max charging current: 0
  Max charging voltage: 0
  Charge counter: 2755610
  status: 3
  health: 2
  present: true
  level: 75
  scale: 100
  voltage: 3940
  temperature: 385
  technology: Li-ion
Current Battery Service state:
  AC powered: false
  USB powered: false
  Wireless powered: false
  Max charging current: 0
  Max charging voltage: 0
  Charge counter: 2751135
  status: 3
  health: 2
  present: true
  level: 75
  scale: 100
  voltage: 3940
  temperature: 385
  technology: Li-ion
Current Battery Service state:
  AC powered: false
  USB powered: false
  Wireless powered: false
  Max charging current: 0
  Max charging voltage: 0
  Charge counter: 2751135
  status: 3
  health: 2
  present: true
  level: 75
  scale: 100
  voltage: 3940
  temperature: 385
  technology: Li-ion
Current Battery Service state:
  AC powered: false
  USB powered: false
  Wireless powered: false
  Max charging current: 0
  Max charging voltage: 0
  Charge counter: 2751135
  status: 3
  health: 2
  present: true
  level: 75
  scale: 100
  voltage: 3940
  temperature: 385
  technology: Li-ion
Current Battery Service state:
  AC powered: false
  USB powered: false
  Wireless powered: false
  Max charging current: 0
  Max charging voltage: 0
  Charge counter: 2751135
  status: 3
  health: 2
  present: true
  level: 75
  scale: 100
  voltage: 3940
  temperature: 385
  technology: Li-ion
Current Battery Service state:
  AC powered: false
  USB powered: false
  Wireless powered: false
  Max charging current: 0
  Max charging voltage: 0
  Charge counter: 2751135
  status: 3
  health: 2
  present: true
  level: 75
  scale: 100
  voltage: 3940
  temperature: 385
  technology: Li-ion
Current Battery Service state:
  AC powered: false
  USB powered: false
  Wireless powered: false
  Max charging current: 0
  Max charging voltage: 0
  Charge counter: 2751135
  status: 3
  health: 2
  present: true
  level: 75
  scale: 100
  voltage: 3940
  temperature: 385
  technology: Li-ion
Current Battery Service state:
  AC powered: false
  USB powered: false
  Wireless powered: false
  Max charging current: 0
  Max charging voltage: 0
  Charge counter: 2751135
  status: 3
  health: 2
  present: true
  level: 75
  scale: 100
  voltage: 3940
  temperature: 385
  technology: Li-ion
Current Battery Service state:
  AC powered: false
  USB powered: false
  Wireless powered: false
  Max charging current: 0
  Max charging voltage: 0
  Charge counter: 2751135
  status: 3
  health: 2
  present: true
  level: 75
  scale: 100
  voltage: 3940
  temperature: 385
  technology: Li-ion
Current Battery Service state:
  AC powered: false
  USB powered: false
  Wireless powered: false
  Max charging current: 0
  Max charging voltage: 0
  Charge counter: 2751135
  status: 3
  health: 2
  present: true
  level: 75
  scale: 100
  voltage: 3940
  temperature: 385
  technology: Li-ion
Current Battery Service state:
  AC powered: false
  USB powered: false
  Wireless powered: false
  Max charging current: 0
  Max charging voltage: 0
  Charge counter: 2751135
  status: 3
  health: 2
  present: true
  level: 75
  scale: 100
  voltage: 3940
  temperature: 385
  technology: Li-ion
Current Battery Service state:
  AC powered: false
  USB powered: false
  Wireless powered: false
  Max charging current: 0
  Max charging voltage: 0
  Charge counter: 2746646
  status: 3
  health: 2
  present: true
  level: 75
  scale: 100
  voltage: 3937
  temperature: 385
  technology: Li-ion
Current Battery Service state:
  AC powered: false
  USB powered: false
  Wireless powered: false
  Max charging current: 0
  Max charging voltage: 0
  Charge counter: 2746646
  status: 3
  health: 2
  present: true
  level: 75
  scale: 100
  voltage: 3937
  temperature: 385
  technology: Li-ion
Current Battery Service state:
  AC powered: false
  USB powered: false
  Wireless powered: false
  Max charging current: 0
  Max charging voltage: 0
  Charge counter: 2746646
  status: 3
  health: 2
  present: true
  level: 75
  scale: 100
  voltage: 3937
  temperature: 385
  technology: Li-ion
Current Battery Service state:
  AC powered: false
  USB powered: false
  Wireless powered: false
  Max charging current: 0
  Max charging voltage: 0
  Charge counter: 2746646
  status: 3
  health: 2
  present: true
  level: 75
  scale: 100
  voltage: 3937
  temperature: 385
  technology: Li-ion
Current Battery Service state:
  AC powered: false
  USB powered: false
  Wireless powered: false
  Max charging current: 0
  Max charging voltage: 0
  Charge counter: 2746646
  status: 3
  health: 2
  present: true
  level: 75
  scale: 100
  voltage: 3937
  temperature: 385
  technology: Li-ion
Current Battery Service state:
  AC powered: false
  USB powered: false
  Wireless powered: false
  Max charging current: 0
  Max charging voltage: 0
  Charge counter: 2744128
  status: 3
  health: 2
  present: true
  level: 75
  scale: 100
  voltage: 3937
  temperature: 385
  technology: Li-ion
Current Battery Service state:
  AC powered: false
  USB powered: false
  Wireless powered: false
  Max charging current: 0
  Max charging voltage: 0
  Charge counter: 2744128
  status: 3
  health: 2
  present: true
  level: 75
  scale: 100
  voltage: 3937
  temperature: 385
  technology: Li-ion
Current Battery Service state:
  AC powered: false
  USB powered: false
  Wireless powered: false
  Max charging current: 0
  Max charging voltage: 0
  Charge counter: 2744128
  status: 3
  health: 2
  present: true
  level: 75
  scale: 100
  voltage: 3937
  temperature: 385
  technology: Li-ion
Current Battery Service state:
  AC powered: false
  USB powered: false
  Wireless powered: false
  Max charging current: 0
  Max charging voltage: 0
  Charge counter: 2744128
  status: 3
  health: 2
  present: true
  level: 75
  scale: 100
  voltage: 3937
  temperature: 385
  technology: Li-ion
Current Battery Service state:
  AC powered: false
  USB powered: false
  Wireless powered: false
  Max charging current: 0
  Max charging voltage: 0
  Charge counter: 2744128
  status: 3
  health: 2
  present: true
  level: 75
  scale: 100
  voltage: 3937
  temperature: 385
  technology: Li-ion
Current Battery Service state:
  AC powered: false
  USB powered: false
  Wireless powered: false
  Max charging current: 0
  Max charging voltage: 0
  Charge counter: 2742371
  status: 3
  health: 2
  present: true
  level: 75
  scale: 100
  voltage: 3939
  temperature: 387
  technology: Li-ion
Current Battery Service state:
  AC powered: false
  USB powered: false
  Wireless powered: false
  Max charging current: 0
  Max charging voltage: 0
  Charge counter: 2742371
  status: 3
  health: 2
  present: true
  level: 75
  scale: 100
  voltage: 3939
  temperature: 387
  technology: Li-ion
Current Battery Service state:
  AC powered: false
  USB powered: false
  Wireless powered: false
  Max charging current: 0
  Max charging voltage: 0
  Charge counter: 2742371
  status: 3
  health: 2
  present: true
  level: 75
  scale: 100
  voltage: 3939
  temperature: 387
  technology: Li-ion
Current Battery Service state:
  AC powered: false
  USB powered: false
  Wireless powered: false
  Max charging current: 0
  Max charging voltage: 0
  Charge counter: 2742371
  status: 3
  health: 2
  present: true
  level: 75
  scale: 100
  voltage: 3939
  temperature: 387
  technology: Li-ion
Current Battery Service state:
  AC powered: false
  USB powered: false
  Wireless powered: false
  Max charging current: 0
  Max charging voltage: 0
  Charge counter: 2742371
  status: 3
  health: 2
  present: true
  level: 75
  scale: 100
  voltage: 3939
  temperature: 387
  technology: Li-ion
Current Battery Service state:
  AC powered: false
  USB powered: false
  Wireless powered: false
  Max charging current: 0
  Max charging voltage: 0
  Charge counter: 2742371
  status: 3
  health: 2
  present: true
  level: 75
  scale: 100
  voltage: 3939
  temperature: 387
  technology: Li-ion
Current Battery Service state:
  AC powered: false
  USB powered: false
  Wireless powered: false
  Max charging current: 0
  Max charging voltage: 0
  Charge counter: 2742371
  status: 3
  health: 2
  present: true
  level: 75
  scale: 100
  voltage: 3939
  temperature: 387
  technology: Li-ion
Current Battery Service state:
  AC powered: false
  USB powered: false
  Wireless powered: false
  Max charging current: 0
  Max charging voltage: 0
  Charge counter: 2742371
  status: 3
  health: 2
  present: true
  level: 75
  scale: 100
  voltage: 3939
  temperature: 387
  technology: Li-ion
Current Battery Service state:
  AC powered: false
  USB powered: false
  Wireless powered: false
  Max charging current: 0
  Max charging voltage: 0
  Charge counter: 2742371
  status: 3
  health: 2
  present: true
  level: 75
  scale: 100
  voltage: 3939
  temperature: 387
  technology: Li-ion
Current Battery Service state:
  AC powered: false
  USB powered: false
  Wireless powered: false
  Max charging current: 0
  Max charging voltage: 0
  Charge counter: 2742371
  status: 3
  health: 2
  present: true
  level: 75
  scale: 100
  voltage: 3939
  temperature: 387
  technology: Li-ion
Current Battery Service state:
  AC powered: false
  USB powered: false
  Wireless powered: false
  Max charging current: 0
  Max charging voltage: 0
  Charge counter: 2737940
  status: 3
  health: 2
  present: true
  level: 75
  scale: 100
  voltage: 3937
  temperature: 387
  technology: Li-ion
Current Battery Service state:
  AC powered: false
  USB powered: false
  Wireless powered: false
  Max charging current: 0
  Max charging voltage: 0
  Charge counter: 2737940
  status: 3
  health: 2
  present: true
  level: 75
  scale: 100
  voltage: 3937
  temperature: 387
  technology: Li-ion
Current Battery Service state:
  AC powered: false
  USB powered: false
  Wireless powered: false
  Max charging current: 0
  Max charging voltage: 0
  Charge counter: 2737940
  status: 3
  health: 2
  present: true
  level: 75
  scale: 100
  voltage: 3937
  temperature: 387
  technology: Li-ion
Current Battery Service state:
  AC powered: false
  USB powered: false
  Wireless powered: false
  Max charging current: 0
  Max charging voltage: 0
  Charge counter: 2737940
  status: 3
  health: 2
  present: true
  level: 75
  scale: 100
  voltage: 3937
  temperature: 387
  technology: Li-ion
Current Battery Service state:
  AC powered: false
  USB powered: false
  Wireless powered: false
  Max charging current: 0
  Max charging voltage: 0
  Charge counter: 2737940
  status: 3
  health: 2
  present: true
  level: 75
  scale: 100
  voltage: 3937
  temperature: 387
  technology: Li-ion
Current Battery Service state:
  AC powered: false
  USB powered: false
  Wireless powered: false
  Max charging current: 0
  Max charging voltage: 0
  Charge counter: 2737940
  status: 3
  health: 2
  present: true
  level: 75
  scale: 100
  voltage: 3937
  temperature: 387
  technology: Li-ion
Current Battery Service state:
  AC powered: false
  USB powered: false
  Wireless powered: false
  Max charging current: 0
  Max charging voltage: 0
  Charge counter: 2737940
  status: 3
  health: 2
  present: true
  level: 75
  scale: 100
  voltage: 3937
  temperature: 387
  technology: Li-ion
Current Battery Service state:
  AC powered: false
  USB powered: false
  Wireless powered: false
  Max charging current: 0
  Max charging voltage: 0
  Charge counter: 2737940
  status: 3
  health: 2
  present: true
  level: 75
  scale: 100
  voltage: 3937
  temperature: 387
  technology: Li-ion
Current Battery Service state:
  AC powered: false
  USB powered: false
  Wireless powered: false
  Max charging current: 0
  Max charging voltage: 0
  Charge counter: 2737940
  status: 3
  health: 2
  present: true
  level: 75
  scale: 100
  voltage: 3937
  temperature: 387
  technology: Li-ion
Current Battery Service state:
  AC powered: false
  USB powered: false
  Wireless powered: false
  Max charging current: 0
  Max charging voltage: 0
  Charge counter: 2737940
  status: 3
  health: 2
  present: true
  level: 75
  scale: 100
  voltage: 3937
  temperature: 387
  technology: Li-ion
Current Battery Service state:
  AC powered: false
  USB powered: false
  Wireless powered: false
  Max charging current: 0
  Max charging voltage: 0
  Charge counter: 2733491
  status: 3
  health: 2
  present: true
  level: 74
  scale: 100
  voltage: 3934
  temperature: 387
  technology: Li-ion
Current Battery Service state:
  AC powered: false
  USB powered: false
  Wireless powered: false
  Max charging current: 0
  Max charging voltage: 0
  Charge counter: 2733491
  status: 3
  health: 2
  present: true
  level: 74
  scale: 100
  voltage: 3934
  temperature: 387
  technology: Li-ion
Current Battery Service state:
  AC powered: false
  USB powered: false
  Wireless powered: false
  Max charging current: 0
  Max charging voltage: 0
  Charge counter: 2733491
  status: 3
  health: 2
  present: true
  level: 74
  scale: 100
  voltage: 3934
  temperature: 387
  technology: Li-ion
Current Battery Service state:
  AC powered: false
  USB powered: false
  Wireless powered: false
  Max charging current: 0
  Max charging voltage: 0
  Charge counter: 2733491
  status: 3
  health: 2
  present: true
  level: 74
  scale: 100
  voltage: 3934
  temperature: 387
  technology: Li-ion
Current Battery Service state:
  AC powered: false
  USB powered: false
  Wireless powered: false
  Max charging current: 0
  Max charging voltage: 0
  Charge counter: 2733491
  status: 3
  health: 2
  present: true
  level: 74
  scale: 100
  voltage: 3934
  temperature: 387
  technology: Li-ion
Current Battery Service state:
  AC powered: false
  USB powered: false
  Wireless powered: false
  Max charging current: 0
  Max charging voltage: 0
  Charge counter: 2733491
  status: 3
  health: 2
  present: true
  level: 74
  scale: 100
  voltage: 3934
  temperature: 387
  technology: Li-ion
Current Battery Service state:
  AC powered: false
  USB powered: false
  Wireless powered: false
  Max charging current: 0
  Max charging voltage: 0
  Charge counter: 2733491
  status: 3
  health: 2
  present: true
  level: 74
  scale: 100
  voltage: 3934
  temperature: 387
  technology: Li-ion
Current Battery Service state:
  AC powered: false
  USB powered: false
  Wireless powered: false
  Max charging current: 0
  Max charging voltage: 0
  Charge counter: 2733491
  status: 3
  health: 2
  present: true
  level: 74
  scale: 100
  voltage: 3934
  temperature: 387
  technology: Li-ion
Current Battery Service state:
  AC powered: false
  USB powered: false
  Wireless powered: false
  Max charging current: 0
  Max charging voltage: 0
  Charge counter: 2733491
  status: 3
  health: 2
  present: true
  level: 74
  scale: 100
  voltage: 3934
  temperature: 387
  technology: Li-ion
Current Battery Service state:
  AC powered: false
  USB powered: false
  Wireless powered: false
  Max charging current: 0
  Max charging voltage: 0
  Charge counter: 2733491
  status: 3
  health: 2
  present: true
  level: 74
  scale: 100
  voltage: 3934
  temperature: 387
  technology: Li-ion
Current Battery Service state:
  AC powered: false
  USB powered: false
  Wireless powered: false
  Max charging current: 0
  Max charging voltage: 0
  Charge counter: 2729069
  status: 3
  health: 2
  present: true
  level: 74
  scale: 100
  voltage: 3934
  temperature: 387
  technology: Li-ion
Current Battery Service state:
  AC powered: false
  USB powered: false
  Wireless powered: false
  Max charging current: 0
  Max charging voltage: 0
  Charge counter: 2729069
  status: 3
  health: 2
  present: true
  level: 74
  scale: 100
  voltage: 3934
  temperature: 387
  technology: Li-ion
Current Battery Service state:
  AC powered: false
  USB powered: false
  Wireless powered: false
  Max charging current: 0
  Max charging voltage: 0
  Charge counter: 2729069
  status: 3
  health: 2
  present: true
  level: 74
  scale: 100
  voltage: 3934
  temperature: 387
  technology: Li-ion
Current Battery Service state:
  AC powered: false
  USB powered: false
  Wireless powered: false
  Max charging current: 0
  Max charging voltage: 0
  Charge counter: 2729069
  status: 3
  health: 2
  present: true
  level: 74
  scale: 100
  voltage: 3934
  temperature: 387
  technology: Li-ion
Current Battery Service state:
  AC powered: false
  USB powered: false
  Wireless powered: false
  Max charging current: 0
  Max charging voltage: 0
  Charge counter: 2729069
  status: 3
  health: 2
  present: true
  level: 74
  scale: 100
  voltage: 3934
  temperature: 387
  technology: Li-ion
Current Battery Service state:
  AC powered: false
  USB powered: false
  Wireless powered: false
  Max charging current: 0
  Max charging voltage: 0
  Charge counter: 2726209
  status: 3
  health: 2
  present: true
  level: 74
  scale: 100
  voltage: 3935
  temperature: 387
  technology: Li-ion
Current Battery Service state:
  AC powered: false
  USB powered: false
  Wireless powered: false
  Max charging current: 0
  Max charging voltage: 0
  Charge counter: 2726209
  status: 3
  health: 2
  present: true
  level: 74
  scale: 100
  voltage: 3935
  temperature: 387
  technology: Li-ion
Current Battery Service state:
  AC powered: false
  USB powered: false
  Wireless powered: false
  Max charging current: 0
  Max charging voltage: 0
  Charge counter: 2726209
  status: 3
  health: 2
  present: true
  level: 74
  scale: 100
  voltage: 3935
  temperature: 387
  technology: Li-ion
Current Battery Service state:
  AC powered: false
  USB powered: false
  Wireless powered: false
  Max charging current: 0
  Max charging voltage: 0
  Charge counter: 2726209
  status: 3
  health: 2
  present: true
  level: 74
  scale: 100
  voltage: 3935
  temperature: 387
  technology: Li-ion
Current Battery Service state:
  AC powered: false
  USB powered: false
  Wireless powered: false
  Max charging current: 0
  Max charging voltage: 0
  Charge counter: 2726209
  status: 3
  health: 2
  present: true
  level: 74
  scale: 100
  voltage: 3935
  temperature: 387
  technology: Li-ion
Current Battery Service state:
  AC powered: false
  USB powered: false
  Wireless powered: false
  Max charging current: 0
  Max charging voltage: 0
  Charge counter: 2724459
  status: 3
  health: 2
  present: true
  level: 74
  scale: 100
  voltage: 3933
  temperature: 387
  technology: Li-ion
Current Battery Service state:
  AC powered: false
  USB powered: false
  Wireless powered: false
  Max charging current: 0
  Max charging voltage: 0
  Charge counter: 2724459
  status: 3
  health: 2
  present: true
  level: 74
  scale: 100
  voltage: 3933
  temperature: 387
  technology: Li-ion
Current Battery Service state:
  AC powered: false
  USB powered: false
  Wireless powered: false
  Max charging current: 0
  Max charging voltage: 0
  Charge counter: 2724459
  status: 3
  health: 2
  present: true
  level: 74
  scale: 100
  voltage: 3933
  temperature: 387
  technology: Li-ion
Current Battery Service state:
  AC powered: false
  USB powered: false
  Wireless powered: false
  Max charging current: 0
  Max charging voltage: 0
  Charge counter: 2724459
  status: 3
  health: 2
  present: true
  level: 74
  scale: 100
  voltage: 3933
  temperature: 387
  technology: Li-ion
Current Battery Service state:
  AC powered: false
  USB powered: false
  Wireless powered: false
  Max charging current: 0
  Max charging voltage: 0
  Charge counter: 2724459
  status: 3
  health: 2
  present: true
  level: 74
  scale: 100
  voltage: 3933
  temperature: 387
  technology: Li-ion
Current Battery Service state:
  AC powered: false
  USB powered: false
  Wireless powered: false
  Max charging current: 0
  Max charging voltage: 0
  Charge counter: 2724459
  status: 3
  health: 2
  present: true
  level: 74
  scale: 100
  voltage: 3933
  temperature: 387
  technology: Li-ion
