771.28 4533.11
772.28 4538.49
773.28 4543.99
774.28 4549.34
775.27 4554.61
776.29 4560.42
777.29 4565.85
778.28 4571.07
779.26 4576.26
780.28 4582.05
781.27 4587.49
782.26 4593.46
783.27 4599.46
784.27 4605.41
785.26 4611.07
786.28 4616.26
787.28 4621.76
788.26 4626.75
789.27 4632.39
790.27 4637.96
791.27 4644.03
792.27 4649.69
793.28 4655.61
794.27 4661.39
795.27 4667.24
796.27 4673.14
797.27 4678.80
798.28 4684.55
799.28 4690.06
800.26 4694.11
801.28 4698.44
802.28 4702.61
803.27 4706.82
804.28 4710.99
805.27 4714.79
806.27 4718.89
807.27 4722.69
808.27 4726.51
809.27 4730.28
810.28 4734.49
811.28 4738.57
812.27 4742.72
813.27 4746.73
814.28 4751.05
815.27 4755.36
816.27 4759.55
817.26 4763.73
818.28 4768.15
819.28 4772.65
820.27 4777.11
821.27 4781.69
822.28 4786.49
823.27 4791.18
824.28 4795.78
825.28 4800.58
826.28 4803.90
827.28 4807.89
828.29 4812.19
829.28 4816.40
830.27 4820.45
831.27 4824.78
832.28 4829.01
833.27 4833.16
834.28 4837.61
835.28 4842.12
836.29 4846.35
837.28 4850.63
838.28 4854.72
839.28 4858.96
840.29 4863.39
841.27 4867.75
842.27 4872.11
843.30 4876.50
844.29 4880.69
845.28 4885.06
846.29 4888.81
847.28 4892.58
848.28 4896.22
849.28 4900.46
850.29 4904.64
851.26 4908.82
852.29 4913.32
853.29 4917.25
854.28 4921.55
855.27 4925.88
856.28 4930.26
857.27 4934.24
858.28 4938.53
859.27 4942.77
860.29 4946.79
861.27 4951.20
862.28 4955.92
863.28 4960.69
864.28 4965.51
865.27 4970.12
866.28 4974.74
867.27 4979.14
868.26 4983.50
869.28 4987.82
870.27 4992.47
871.27 4997.12
872.27 5001.91
873.27 5006.69
874.28 5011.61
875.27 5016.46
876.27 5021.42
877.26 5026.10
878.29 5031.20
879.28 5036.02
880.28 5040.83
881.28 5045.52
882.28 5050.03
883.27 5054.65
884.26 5059.29
885.28 5063.21
886.28 5067.66
887.27 5071.74
888.29 5076.29
889.27 5080.41
890.27 5084.59
891.27 5088.70
892.28 5092.49
893.27 5096.73
894.28 5100.93
895.27 5104.95
896.29 5109.11
897.27 5112.94
898.27 5116.93
899.27 5120.94
900.27 5125.09
901.28 5129.21
902.28 5133.26
903.27 5137.34
904.28 5141.38
905.28 5145.39
906.28 5149.13
907.28 5152.96
908.30 5156.97
909.28 5161.05
910.28 5165.17
911.28 5169.16
912.28 5172.97
913.28 5177.05
914.29 5181.07
915.28 5185.10
916.28 5189.22
917.28 5193.64
918.29 5198.12
919.27 5202.40
920.28 5206.88
921.27 5210.58
922.28 5214.17
923.28 5218.04
924.29 5221.93
925.28 5225.94
926.28 5230.17
927.29 5234.56
928.28 5238.74
929.29 5242.43
930.28 5246.46
931.28 5250.55
932.29 5254.84
933.28 5258.85
934.27 5262.67
935.28 5266.89
936.29 5270.72
937.28 5274.76
938.28 5279.06
939.29 5283.26
940.28 5287.43
941.28 5291.74
942.28 5295.89
943.27 5300.18
944.27 5304.55
945.28 5308.79
946.29 5313.23
947.27 5317.27
948.29 5321.51
949.27 5325.85
950.30 5330.00
951.29 5334.16
952.29 5338.37
953.28 5342.59
954.28 5346.81
955.29 5351.20
956.29 5355.09
957.28 5359.08
958.28 5363.15
959.29 5367.12
960.29 5371.44
961.28 5375.87
962.29 5380.28
963.30 5384.88
964.29 5389.24
965.28 5393.60
966.29 5397.57
967.28 5401.34
968.28 5405.59
969.27 5409.79
970.29 5414.31
971.28 5418.50
972.30 5422.89
973.29 5427.41
974.28 5431.60
975.28 5435.42
976.28 5439.39
977.28 5443.26
978.28 5447.28
979.28 5451.30
980.28 5455.53
981.28 5459.84
982.28 5463.78
983.28 5467.45
984.28 5471.12
985.27 5474.98
986.28 5478.93
987.27 5482.70
988.30 5486.69
989.29 5490.21
990.28 5493.88
991.28 5497.47
992.29 5501.75
993.28 5505.88
994.28 5510.21
995.27 5514.20
996.29 5518.55
997.29 5523.10
998.28 5527.38
999.29 5531.70
