timestamp,id,uuid,load,memoryUtil,memoryTotal,memoryFree,driver,name,serial,display_mode,display_active
1708597863.213447,0,GPU-a71d5fd4-b7db-93b7-1b7a-5a6e2a6a8c65,0.18,0.4087890625,10240.0,6054.0,472.12,NVIDIA GeForce RTX 3080,[N/A],Enabled,Enabled
1708597864.20752,0,GPU-a71d5fd4-b7db-93b7-1b7a-5a6e2a6a8c65,0.3,0.5724609375,10240.0,4378.0,472.12,NVIDIA GeForce RTX 3080,[N/A],Enabled,Enabled
1708597865.218947,0,GPU-a71d5fd4-b7db-93b7-1b7a-5a6e2a6a8c65,0.11,0.5150390625,10240.0,4966.0,472.12,NVIDIA GeForce RTX 3080,[N/A],Enabled,Enabled
1708597866.216161,0,GPU-a71d5fd4-b7db-93b7-1b7a-5a6e2a6a8c65,0.1,0.51376953125,10240.0,4979.0,472.12,NVIDIA GeForce RTX 3080,[N/A],Enabled,Enabled
1708597867.218023,0,GPU-a71d5fd4-b7db-93b7-1b7a-5a6e2a6a8c65,0.1,0.51376953125,10240.0,4979.0,472.12,NVIDIA GeForce RTX 3080,[N/A],Enabled,Enabled
1708597868.216127,0,GPU-a71d5fd4-b7db-93b7-1b7a-5a6e2a6a8c65,0.09,0.3919921875,10240.0,6226.0,472.12,NVIDIA GeForce RTX 3080,[N/A],Enabled,Enabled
1708597869.209917,0,GPU-a71d5fd4-b7db-93b7-1b7a-5a6e2a6a8c65,0.1,0.40439453125,10240.0,6099.0,472.12,NVIDIA GeForce RTX 3080,[N/A],Enabled,Enabled
1708597870.208756,0,GPU-a71d5fd4-b7db-93b7-1b7a-5a6e2a6a8c65,0.12,0.4662109375,10240.0,5466.0,472.12,NVIDIA GeForce RTX 3080,[N/A],Enabled,Enabled
1708597871.219923,0,GPU-a71d5fd4-b7db-93b7-1b7a-5a6e2a6a8c65,0.15,0.4662109375,10240.0,5466.0,472.12,NVIDIA GeForce RTX 3080,[N/A],Enabled,Enabled
1708597872.218003,0,GPU-a71d5fd4-b7db-93b7-1b7a-5a6e2a6a8c65,0.13,0.46240234375,10240.0,5505.0,472.12,NVIDIA GeForce RTX 3080,[N/A],Enabled,Enabled
1708597873.217926,0,GPU-a71d5fd4-b7db-93b7-1b7a-5a6e2a6a8c65,0.15,0.46611328125,10240.0,5467.0,472.12,NVIDIA GeForce RTX 3080,[N/A],Enabled,Enabled
1708597874.215762,0,GPU-a71d5fd4-b7db-93b7-1b7a-5a6e2a6a8c65,0.09,0.45849609375,10240.0,5545.0,472.12,NVIDIA GeForce RTX 3080,[N/A],Enabled,Enabled
1708597875.213824,0,GPU-a71d5fd4-b7db-93b7-1b7a-5a6e2a6a8c65,0.15,0.4671875,10240.0,5456.0,472.12,NVIDIA GeForce RTX 3080,[N/A],Enabled,Enabled
1708597876.213919,0,GPU-a71d5fd4-b7db-93b7-1b7a-5a6e2a6a8c65,0.14,0.4634765625,10240.0,5494.0,472.12,NVIDIA GeForce RTX 3080,[N/A],Enabled,Enabled
1708597877.217209,0,GPU-a71d5fd4-b7db-93b7-1b7a-5a6e2a6a8c65,0.14,0.4671875,10240.0,5456.0,472.12,NVIDIA GeForce RTX 3080,[N/A],Enabled,Enabled
1708597878.208708,0,GPU-a71d5fd4-b7db-93b7-1b7a-5a6e2a6a8c65,0.14,0.4634765625,10240.0,5494.0,472.12,NVIDIA GeForce RTX 3080,[N/A],Enabled,Enabled
1708597879.205912,0,GPU-a71d5fd4-b7db-93b7-1b7a-5a6e2a6a8c65,0.14,0.4634765625,10240.0,5494.0,472.12,NVIDIA GeForce RTX 3080,[N/A],Enabled,Enabled
1708597880.217162,0,GPU-a71d5fd4-b7db-93b7-1b7a-5a6e2a6a8c65,0.13,0.4671875,10240.0,5456.0,472.12,NVIDIA GeForce RTX 3080,[N/A],Enabled,Enabled
1708597881.215732,0,GPU-a71d5fd4-b7db-93b7-1b7a-5a6e2a6a8c65,0.14,0.4671875,10240.0,5456.0,472.12,NVIDIA GeForce RTX 3080,[N/A],Enabled,Enabled
1708597882.215995,0,GPU-a71d5fd4-b7db-93b7-1b7a-5a6e2a6a8c65,0.14,0.4634765625,10240.0,5494.0,472.12,NVIDIA GeForce RTX 3080,[N/A],Enabled,Enabled
1708597883.220727,0,GPU-a71d5fd4-b7db-93b7-1b7a-5a6e2a6a8c65,0.14,0.4634765625,10240.0,5494.0,472.12,NVIDIA GeForce RTX 3080,[N/A],Enabled,Enabled
1708597884.220656,0,GPU-a71d5fd4-b7db-93b7-1b7a-5a6e2a6a8c65,0.14,0.4634765625,10240.0,5494.0,472.12,NVIDIA GeForce RTX 3080,[N/A],Enabled,Enabled
1708597885.219945,0,GPU-a71d5fd4-b7db-93b7-1b7a-5a6e2a6a8c65,0.14,0.4634765625,10240.0,5494.0,472.12,NVIDIA GeForce RTX 3080,[N/A],Enabled,Enabled
1708597886.217901,0,GPU-a71d5fd4-b7db-93b7-1b7a-5a6e2a6a8c65,0.15,0.4671875,10240.0,5456.0,472.12,NVIDIA GeForce RTX 3080,[N/A],Enabled,Enabled
1708597887.217141,0,GPU-a71d5fd4-b7db-93b7-1b7a-5a6e2a6a8c65,0.13,0.4634765625,10240.0,5494.0,472.12,NVIDIA GeForce RTX 3080,[N/A],Enabled,Enabled
1708597888.214844,0,GPU-a71d5fd4-b7db-93b7-1b7a-5a6e2a6a8c65,0.14,0.46591796875,10240.0,5469.0,472.12,NVIDIA GeForce RTX 3080,[N/A],Enabled,Enabled
1708597889.210812,0,GPU-a71d5fd4-b7db-93b7-1b7a-5a6e2a6a8c65,0.15,0.4765625,10240.0,5360.0,472.12,NVIDIA GeForce RTX 3080,[N/A],Enabled,Enabled
1708597890.213037,0,GPU-a71d5fd4-b7db-93b7-1b7a-5a6e2a6a8c65,0.17,0.4765625,10240.0,5360.0,472.12,NVIDIA GeForce RTX 3080,[N/A],Enabled,Enabled
1708597891.214216,0,GPU-a71d5fd4-b7db-93b7-1b7a-5a6e2a6a8c65,0.16,0.4765625,10240.0,5360.0,472.12,NVIDIA GeForce RTX 3080,[N/A],Enabled,Enabled
1708597892.213687,0,GPU-a71d5fd4-b7db-93b7-1b7a-5a6e2a6a8c65,0.17,0.4765625,10240.0,5360.0,472.12,NVIDIA GeForce RTX 3080,[N/A],Enabled,Enabled
1708597893.213263,0,GPU-a71d5fd4-b7db-93b7-1b7a-5a6e2a6a8c65,0.17,0.4765625,10240.0,5360.0,472.12,NVIDIA GeForce RTX 3080,[N/A],Enabled,Enabled
1708597894.214935,0,GPU-a71d5fd4-b7db-93b7-1b7a-5a6e2a6a8c65,0.17,0.4765625,10240.0,5360.0,472.12,NVIDIA GeForce RTX 3080,[N/A],Enabled,Enabled
1708597895.214002,0,GPU-a71d5fd4-b7db-93b7-1b7a-5a6e2a6a8c65,0.17,0.4765625,10240.0,5360.0,472.12,NVIDIA GeForce RTX 3080,[N/A],Enabled,Enabled
1708597896.216126,0,GPU-a71d5fd4-b7db-93b7-1b7a-5a6e2a6a8c65,0.17,0.4765625,10240.0,5360.0,472.12,NVIDIA GeForce RTX 3080,[N/A],Enabled,Enabled
1708597897.21873,0,GPU-a71d5fd4-b7db-93b7-1b7a-5a6e2a6a8c65,0.17,0.4765625,10240.0,5360.0,472.12,NVIDIA GeForce RTX 3080,[N/A],Enabled,Enabled
1708597898.213915,0,GPU-a71d5fd4-b7db-93b7-1b7a-5a6e2a6a8c65,0.17,0.4765625,10240.0,5360.0,472.12,NVIDIA GeForce RTX 3080,[N/A],Enabled,Enabled
1708597899.21208,0,GPU-a71d5fd4-b7db-93b7-1b7a-5a6e2a6a8c65,0.17,0.4765625,10240.0,5360.0,472.12,NVIDIA GeForce RTX 3080,[N/A],Enabled,Enabled
1708597900.209081,0,GPU-a71d5fd4-b7db-93b7-1b7a-5a6e2a6a8c65,0.17,0.4765625,10240.0,5360.0,472.12,NVIDIA GeForce RTX 3080,[N/A],Enabled,Enabled
1708597901.217861,0,GPU-a71d5fd4-b7db-93b7-1b7a-5a6e2a6a8c65,0.16,0.4765625,10240.0,5360.0,472.12,NVIDIA GeForce RTX 3080,[N/A],Enabled,Enabled
1708597902.214918,0,GPU-a71d5fd4-b7db-93b7-1b7a-5a6e2a6a8c65,0.16,0.4765625,10240.0,5360.0,472.12,NVIDIA GeForce RTX 3080,[N/A],Enabled,Enabled
1708597903.219046,0,GPU-a71d5fd4-b7db-93b7-1b7a-5a6e2a6a8c65,0.17,0.4765625,10240.0,5360.0,472.12,NVIDIA GeForce RTX 3080,[N/A],Enabled,Enabled
1708597904.215974,0,GPU-a71d5fd4-b7db-93b7-1b7a-5a6e2a6a8c65,0.17,0.4765625,10240.0,5360.0,472.12,NVIDIA GeForce RTX 3080,[N/A],Enabled,Enabled
1708597905.217493,0,GPU-a71d5fd4-b7db-93b7-1b7a-5a6e2a6a8c65,0.16,0.4765625,10240.0,5360.0,472.12,NVIDIA GeForce RTX 3080,[N/A],Enabled,Enabled
1708597906.211706,0,GPU-a71d5fd4-b7db-93b7-1b7a-5a6e2a6a8c65,0.17,0.4765625,10240.0,5360.0,472.12,NVIDIA GeForce RTX 3080,[N/A],Enabled,Enabled
1708597907.208738,0,GPU-a71d5fd4-b7db-93b7-1b7a-5a6e2a6a8c65,0.17,0.4765625,10240.0,5360.0,472.12,NVIDIA GeForce RTX 3080,[N/A],Enabled,Enabled
1708597908.206088,0,GPU-a71d5fd4-b7db-93b7-1b7a-5a6e2a6a8c65,0.17,0.4765625,10240.0,5360.0,472.12,NVIDIA GeForce RTX 3080,[N/A],Enabled,Enabled
1708597909.217543,0,GPU-a71d5fd4-b7db-93b7-1b7a-5a6e2a6a8c65,0.16,0.4765625,10240.0,5360.0,472.12,NVIDIA GeForce RTX 3080,[N/A],Enabled,Enabled
1708597910.216754,0,GPU-a71d5fd4-b7db-93b7-1b7a-5a6e2a6a8c65,0.17,0.4765625,10240.0,5360.0,472.12,NVIDIA GeForce RTX 3080,[N/A],Enabled,Enabled
1708597911.212747,0,GPU-a71d5fd4-b7db-93b7-1b7a-5a6e2a6a8c65,0.17,0.4765625,10240.0,5360.0,472.12,NVIDIA GeForce RTX 3080,[N/A],Enabled,Enabled
1708597912.209717,0,GPU-a71d5fd4-b7db-93b7-1b7a-5a6e2a6a8c65,0.17,0.4765625,10240.0,5360.0,472.12,NVIDIA GeForce RTX 3080,[N/A],Enabled,Enabled
1708597913.211869,0,GPU-a71d5fd4-b7db-93b7-1b7a-5a6e2a6a8c65,0.17,0.4765625,10240.0,5360.0,472.12,NVIDIA GeForce RTX 3080,[N/A],Enabled,Enabled
1708597914.209877,0,GPU-a71d5fd4-b7db-93b7-1b7a-5a6e2a6a8c65,0.17,0.4765625,10240.0,5360.0,472.12,NVIDIA GeForce RTX 3080,[N/A],Enabled,Enabled
1708597915.211498,0,GPU-a71d5fd4-b7db-93b7-1b7a-5a6e2a6a8c65,0.17,0.4765625,10240.0,5360.0,472.12,NVIDIA GeForce RTX 3080,[N/A],Enabled,Enabled
1708597916.214726,0,GPU-a71d5fd4-b7db-93b7-1b7a-5a6e2a6a8c65,0.17,0.4765625,10240.0,5360.0,472.12,NVIDIA GeForce RTX 3080,[N/A],Enabled,Enabled
1708597917.214115,0,GPU-a71d5fd4-b7db-93b7-1b7a-5a6e2a6a8c65,0.17,0.4765625,10240.0,5360.0,472.12,NVIDIA GeForce RTX 3080,[N/A],Enabled,Enabled
1708597918.211903,0,GPU-a71d5fd4-b7db-93b7-1b7a-5a6e2a6a8c65,0.17,0.4765625,10240.0,5360.0,472.12,NVIDIA GeForce RTX 3080,[N/A],Enabled,Enabled
1708597919.20979,0,GPU-a71d5fd4-b7db-93b7-1b7a-5a6e2a6a8c65,0.17,0.4765625,10240.0,5360.0,472.12,NVIDIA GeForce RTX 3080,[N/A],Enabled,Enabled
1708597920.206211,0,GPU-a71d5fd4-b7db-93b7-1b7a-5a6e2a6a8c65,0.17,0.4765625,10240.0,5360.0,472.12,NVIDIA GeForce RTX 3080,[N/A],Enabled,Enabled
1708597921.219735,0,GPU-a71d5fd4-b7db-93b7-1b7a-5a6e2a6a8c65,0.17,0.4765625,10240.0,5360.0,472.12,NVIDIA GeForce RTX 3080,[N/A],Enabled,Enabled
1708597922.218935,0,GPU-a71d5fd4-b7db-93b7-1b7a-5a6e2a6a8c65,0.17,0.4765625,10240.0,5360.0,472.12,NVIDIA GeForce RTX 3080,[N/A],Enabled,Enabled
1708597923.206185,0,GPU-a71d5fd4-b7db-93b7-1b7a-5a6e2a6a8c65,0.17,0.4765625,10240.0,5360.0,472.12,NVIDIA GeForce RTX 3080,[N/A],Enabled,Enabled
1708597924.206775,0,GPU-a71d5fd4-b7db-93b7-1b7a-5a6e2a6a8c65,0.16,0.4765625,10240.0,5360.0,472.12,NVIDIA GeForce RTX 3080,[N/A],Enabled,Enabled
1708597925.218888,0,GPU-a71d5fd4-b7db-93b7-1b7a-5a6e2a6a8c65,0.17,0.4765625,10240.0,5360.0,472.12,NVIDIA GeForce RTX 3080,[N/A],Enabled,Enabled
1708597926.218995,0,GPU-a71d5fd4-b7db-93b7-1b7a-5a6e2a6a8c65,0.17,0.4765625,10240.0,5360.0,472.12,NVIDIA GeForce RTX 3080,[N/A],Enabled,Enabled
1708597927.215224,0,GPU-a71d5fd4-b7db-93b7-1b7a-5a6e2a6a8c65,0.16,0.4765625,10240.0,5360.0,472.12,NVIDIA GeForce RTX 3080,[N/A],Enabled,Enabled
1708597928.214742,0,GPU-a71d5fd4-b7db-93b7-1b7a-5a6e2a6a8c65,0.17,0.4765625,10240.0,5360.0,472.12,NVIDIA GeForce RTX 3080,[N/A],Enabled,Enabled
1708597929.212958,0,GPU-a71d5fd4-b7db-93b7-1b7a-5a6e2a6a8c65,0.16,0.4765625,10240.0,5360.0,472.12,NVIDIA GeForce RTX 3080,[N/A],Enabled,Enabled
1708597930.210856,0,GPU-a71d5fd4-b7db-93b7-1b7a-5a6e2a6a8c65,0.17,0.4765625,10240.0,5360.0,472.12,NVIDIA GeForce RTX 3080,[N/A],Enabled,Enabled
1708597931.207771,0,GPU-a71d5fd4-b7db-93b7-1b7a-5a6e2a6a8c65,0.17,0.476171875,10240.0,5364.0,472.12,NVIDIA GeForce RTX 3080,[N/A],Enabled,Enabled
1708597932.206908,0,GPU-a71d5fd4-b7db-93b7-1b7a-5a6e2a6a8c65,0.17,0.476171875,10240.0,5364.0,472.12,NVIDIA GeForce RTX 3080,[N/A],Enabled,Enabled
1708597933.219631,0,GPU-a71d5fd4-b7db-93b7-1b7a-5a6e2a6a8c65,0.17,0.476171875,10240.0,5364.0,472.12,NVIDIA GeForce RTX 3080,[N/A],Enabled,Enabled
1708597934.219612,0,GPU-a71d5fd4-b7db-93b7-1b7a-5a6e2a6a8c65,0.17,0.476171875,10240.0,5364.0,472.12,NVIDIA GeForce RTX 3080,[N/A],Enabled,Enabled
1708597935.218696,0,GPU-a71d5fd4-b7db-93b7-1b7a-5a6e2a6a8c65,0.17,0.476171875,10240.0,5364.0,472.12,NVIDIA GeForce RTX 3080,[N/A],Enabled,Enabled
1708597936.216032,0,GPU-a71d5fd4-b7db-93b7-1b7a-5a6e2a6a8c65,0.17,0.476171875,10240.0,5364.0,472.12,NVIDIA GeForce RTX 3080,[N/A],Enabled,Enabled
1708597937.215132,0,GPU-a71d5fd4-b7db-93b7-1b7a-5a6e2a6a8c65,0.17,0.476171875,10240.0,5364.0,472.12,NVIDIA GeForce RTX 3080,[N/A],Enabled,Enabled
1708597938.21512,0,GPU-a71d5fd4-b7db-93b7-1b7a-5a6e2a6a8c65,0.17,0.476171875,10240.0,5364.0,472.12,NVIDIA GeForce RTX 3080,[N/A],Enabled,Enabled
1708597939.214202,0,GPU-a71d5fd4-b7db-93b7-1b7a-5a6e2a6a8c65,0.17,0.476171875,10240.0,5364.0,472.12,NVIDIA GeForce RTX 3080,[N/A],Enabled,Enabled
1708597940.211021,0,GPU-a71d5fd4-b7db-93b7-1b7a-5a6e2a6a8c65,0.17,0.476171875,10240.0,5364.0,472.12,NVIDIA GeForce RTX 3080,[N/A],Enabled,Enabled
1708597941.20705,0,GPU-a71d5fd4-b7db-93b7-1b7a-5a6e2a6a8c65,0.16,0.476171875,10240.0,5364.0,472.12,NVIDIA GeForce RTX 3080,[N/A],Enabled,Enabled
1708597942.219921,0,GPU-a71d5fd4-b7db-93b7-1b7a-5a6e2a6a8c65,0.17,0.476171875,10240.0,5364.0,472.12,NVIDIA GeForce RTX 3080,[N/A],Enabled,Enabled
1708597943.216931,0,GPU-a71d5fd4-b7db-93b7-1b7a-5a6e2a6a8c65,0.17,0.476171875,10240.0,5364.0,472.12,NVIDIA GeForce RTX 3080,[N/A],Enabled,Enabled
1708597944.216002,0,GPU-a71d5fd4-b7db-93b7-1b7a-5a6e2a6a8c65,0.17,0.476171875,10240.0,5364.0,472.12,NVIDIA GeForce RTX 3080,[N/A],Enabled,Enabled
1708597945.217792,0,GPU-a71d5fd4-b7db-93b7-1b7a-5a6e2a6a8c65,0.17,0.476953125,10240.0,5356.0,472.12,NVIDIA GeForce RTX 3080,[N/A],Enabled,Enabled
1708597946.214983,0,GPU-a71d5fd4-b7db-93b7-1b7a-5a6e2a6a8c65,0.17,0.476953125,10240.0,5356.0,472.12,NVIDIA GeForce RTX 3080,[N/A],Enabled,Enabled
1708597947.21377,0,GPU-a71d5fd4-b7db-93b7-1b7a-5a6e2a6a8c65,0.17,0.476953125,10240.0,5356.0,472.12,NVIDIA GeForce RTX 3080,[N/A],Enabled,Enabled
1708597948.215189,0,GPU-a71d5fd4-b7db-93b7-1b7a-5a6e2a6a8c65,0.18,0.476953125,10240.0,5356.0,472.12,NVIDIA GeForce RTX 3080,[N/A],Enabled,Enabled
1708597949.216842,0,GPU-a71d5fd4-b7db-93b7-1b7a-5a6e2a6a8c65,0.17,0.4771484375,10240.0,5354.0,472.12,NVIDIA GeForce RTX 3080,[N/A],Enabled,Enabled
1708597950.211172,0,GPU-a71d5fd4-b7db-93b7-1b7a-5a6e2a6a8c65,0.17,0.4771484375,10240.0,5354.0,472.12,NVIDIA GeForce RTX 3080,[N/A],Enabled,Enabled
1708597951.210952,0,GPU-a71d5fd4-b7db-93b7-1b7a-5a6e2a6a8c65,0.17,0.4771484375,10240.0,5354.0,472.12,NVIDIA GeForce RTX 3080,[N/A],Enabled,Enabled
1708597952.212907,0,GPU-a71d5fd4-b7db-93b7-1b7a-5a6e2a6a8c65,0.17,0.4771484375,10240.0,5354.0,472.12,NVIDIA GeForce RTX 3080,[N/A],Enabled,Enabled
1708597953.212693,0,GPU-a71d5fd4-b7db-93b7-1b7a-5a6e2a6a8c65,0.17,0.4771484375,10240.0,5354.0,472.12,NVIDIA GeForce RTX 3080,[N/A],Enabled,Enabled
1708597954.21262,0,GPU-a71d5fd4-b7db-93b7-1b7a-5a6e2a6a8c65,0.18,0.4771484375,10240.0,5354.0,472.12,NVIDIA GeForce RTX 3080,[N/A],Enabled,Enabled
1708597955.213158,0,GPU-a71d5fd4-b7db-93b7-1b7a-5a6e2a6a8c65,0.17,0.4771484375,10240.0,5354.0,472.12,NVIDIA GeForce RTX 3080,[N/A],Enabled,Enabled
1708597956.214034,0,GPU-a71d5fd4-b7db-93b7-1b7a-5a6e2a6a8c65,0.17,0.4771484375,10240.0,5354.0,472.12,NVIDIA GeForce RTX 3080,[N/A],Enabled,Enabled
1708597957.210691,0,GPU-a71d5fd4-b7db-93b7-1b7a-5a6e2a6a8c65,0.17,0.4771484375,10240.0,5354.0,472.12,NVIDIA GeForce RTX 3080,[N/A],Enabled,Enabled
1708597958.21194,0,GPU-a71d5fd4-b7db-93b7-1b7a-5a6e2a6a8c65,0.17,0.4771484375,10240.0,5354.0,472.12,NVIDIA GeForce RTX 3080,[N/A],Enabled,Enabled
1708597959.211841,0,GPU-a71d5fd4-b7db-93b7-1b7a-5a6e2a6a8c65,0.17,0.4771484375,10240.0,5354.0,472.12,NVIDIA GeForce RTX 3080,[N/A],Enabled,Enabled
1708597960.219942,0,GPU-a71d5fd4-b7db-93b7-1b7a-5a6e2a6a8c65,0.18,0.4771484375,10240.0,5354.0,472.12,NVIDIA GeForce RTX 3080,[N/A],Enabled,Enabled
1708597961.216687,0,GPU-a71d5fd4-b7db-93b7-1b7a-5a6e2a6a8c65,0.17,0.4771484375,10240.0,5354.0,472.12,NVIDIA GeForce RTX 3080,[N/A],Enabled,Enabled
1708597962.216889,0,GPU-a71d5fd4-b7db-93b7-1b7a-5a6e2a6a8c65,0.18,0.4771484375,10240.0,5354.0,472.12,NVIDIA GeForce RTX 3080,[N/A],Enabled,Enabled
1708597963.213804,0,GPU-a71d5fd4-b7db-93b7-1b7a-5a6e2a6a8c65,0.17,0.4771484375,10240.0,5354.0,472.12,NVIDIA GeForce RTX 3080,[N/A],Enabled,Enabled
1708597964.213791,0,GPU-a71d5fd4-b7db-93b7-1b7a-5a6e2a6a8c65,0.17,0.4771484375,10240.0,5354.0,472.12,NVIDIA GeForce RTX 3080,[N/A],Enabled,Enabled
1708597965.213302,0,GPU-a71d5fd4-b7db-93b7-1b7a-5a6e2a6a8c65,0.17,0.4771484375,10240.0,5354.0,472.12,NVIDIA GeForce RTX 3080,[N/A],Enabled,Enabled
1708597966.213974,0,GPU-a71d5fd4-b7db-93b7-1b7a-5a6e2a6a8c65,0.17,0.4771484375,10240.0,5354.0,472.12,NVIDIA GeForce RTX 3080,[N/A],Enabled,Enabled
1708597967.21504,0,GPU-a71d5fd4-b7db-93b7-1b7a-5a6e2a6a8c65,0.17,0.4771484375,10240.0,5354.0,472.12,NVIDIA GeForce RTX 3080,[N/A],Enabled,Enabled
1708597968.216936,0,GPU-a71d5fd4-b7db-93b7-1b7a-5a6e2a6a8c65,0.18,0.4771484375,10240.0,5354.0,472.12,NVIDIA GeForce RTX 3080,[N/A],Enabled,Enabled
1708597969.217859,0,GPU-a71d5fd4-b7db-93b7-1b7a-5a6e2a6a8c65,0.17,0.4771484375,10240.0,5354.0,472.12,NVIDIA GeForce RTX 3080,[N/A],Enabled,Enabled
1708597970.217676,0,GPU-a71d5fd4-b7db-93b7-1b7a-5a6e2a6a8c65,0.18,0.4771484375,10240.0,5354.0,472.12,NVIDIA GeForce RTX 3080,[N/A],Enabled,Enabled
1708597971.217583,0,GPU-a71d5fd4-b7db-93b7-1b7a-5a6e2a6a8c65,0.17,0.4771484375,10240.0,5354.0,472.12,NVIDIA GeForce RTX 3080,[N/A],Enabled,Enabled
1708597972.217153,0,GPU-a71d5fd4-b7db-93b7-1b7a-5a6e2a6a8c65,0.17,0.4771484375,10240.0,5354.0,472.12,NVIDIA GeForce RTX 3080,[N/A],Enabled,Enabled
1708597973.217624,0,GPU-a71d5fd4-b7db-93b7-1b7a-5a6e2a6a8c65,0.17,0.4771484375,10240.0,5354.0,472.12,NVIDIA GeForce RTX 3080,[N/A],Enabled,Enabled
1708597974.213864,0,GPU-a71d5fd4-b7db-93b7-1b7a-5a6e2a6a8c65,0.18,0.4771484375,10240.0,5354.0,472.12,NVIDIA GeForce RTX 3080,[N/A],Enabled,Enabled
1708597975.20792,0,GPU-a71d5fd4-b7db-93b7-1b7a-5a6e2a6a8c65,0.18,0.4771484375,10240.0,5354.0,472.12,NVIDIA GeForce RTX 3080,[N/A],Enabled,Enabled
1708597976.209003,0,GPU-a71d5fd4-b7db-93b7-1b7a-5a6e2a6a8c65,0.18,0.4771484375,10240.0,5354.0,472.12,NVIDIA GeForce RTX 3080,[N/A],Enabled,Enabled
1708597977.207516,0,GPU-a71d5fd4-b7db-93b7-1b7a-5a6e2a6a8c65,0.18,0.4771484375,10240.0,5354.0,472.12,NVIDIA GeForce RTX 3080,[N/A],Enabled,Enabled
1708597978.220466,0,GPU-a71d5fd4-b7db-93b7-1b7a-5a6e2a6a8c65,0.18,0.4771484375,10240.0,5354.0,472.12,NVIDIA GeForce RTX 3080,[N/A],Enabled,Enabled
1708597979.218792,0,GPU-a71d5fd4-b7db-93b7-1b7a-5a6e2a6a8c65,0.17,0.4771484375,10240.0,5354.0,472.12,NVIDIA GeForce RTX 3080,[N/A],Enabled,Enabled
1708597980.21497,0,GPU-a71d5fd4-b7db-93b7-1b7a-5a6e2a6a8c65,0.18,0.4771484375,10240.0,5354.0,472.12,NVIDIA GeForce RTX 3080,[N/A],Enabled,Enabled
1708597981.213741,0,GPU-a71d5fd4-b7db-93b7-1b7a-5a6e2a6a8c65,0.17,0.4771484375,10240.0,5354.0,472.12,NVIDIA GeForce RTX 3080,[N/A],Enabled,Enabled
1708597982.212058,0,GPU-a71d5fd4-b7db-93b7-1b7a-5a6e2a6a8c65,0.18,0.4771484375,10240.0,5354.0,472.12,NVIDIA GeForce RTX 3080,[N/A],Enabled,Enabled
1708597983.208853,0,GPU-a71d5fd4-b7db-93b7-1b7a-5a6e2a6a8c65,0.18,0.4771484375,10240.0,5354.0,472.12,NVIDIA GeForce RTX 3080,[N/A],Enabled,Enabled
1708597984.208609,0,GPU-a71d5fd4-b7db-93b7-1b7a-5a6e2a6a8c65,0.18,0.4771484375,10240.0,5354.0,472.12,NVIDIA GeForce RTX 3080,[N/A],Enabled,Enabled
1708597985.210821,0,GPU-a71d5fd4-b7db-93b7-1b7a-5a6e2a6a8c65,0.16,0.4771484375,10240.0,5354.0,472.12,NVIDIA GeForce RTX 3080,[N/A],Enabled,Enabled
1708597986.208252,0,GPU-a71d5fd4-b7db-93b7-1b7a-5a6e2a6a8c65,0.18,0.4771484375,10240.0,5354.0,472.12,NVIDIA GeForce RTX 3080,[N/A],Enabled,Enabled
1708597987.207369,0,GPU-a71d5fd4-b7db-93b7-1b7a-5a6e2a6a8c65,0.17,0.4771484375,10240.0,5354.0,472.12,NVIDIA GeForce RTX 3080,[N/A],Enabled,Enabled
1708597988.209964,0,GPU-a71d5fd4-b7db-93b7-1b7a-5a6e2a6a8c65,0.17,0.4771484375,10240.0,5354.0,472.12,NVIDIA GeForce RTX 3080,[N/A],Enabled,Enabled
1708597989.208168,0,GPU-a71d5fd4-b7db-93b7-1b7a-5a6e2a6a8c65,0.17,0.4771484375,10240.0,5354.0,472.12,NVIDIA GeForce RTX 3080,[N/A],Enabled,Enabled
1708597990.218718,0,GPU-a71d5fd4-b7db-93b7-1b7a-5a6e2a6a8c65,0.18,0.4771484375,10240.0,5354.0,472.12,NVIDIA GeForce RTX 3080,[N/A],Enabled,Enabled
1708597991.217976,0,GPU-a71d5fd4-b7db-93b7-1b7a-5a6e2a6a8c65,0.17,0.4771484375,10240.0,5354.0,472.12,NVIDIA GeForce RTX 3080,[N/A],Enabled,Enabled
1708597992.21269,0,GPU-a71d5fd4-b7db-93b7-1b7a-5a6e2a6a8c65,0.17,0.47705078125,10240.0,5355.0,472.12,NVIDIA GeForce RTX 3080,[N/A],Enabled,Enabled
1708597993.214153,0,GPU-a71d5fd4-b7db-93b7-1b7a-5a6e2a6a8c65,0.18,0.47705078125,10240.0,5355.0,472.12,NVIDIA GeForce RTX 3080,[N/A],Enabled,Enabled
1708597994.208109,0,GPU-a71d5fd4-b7db-93b7-1b7a-5a6e2a6a8c65,0.18,0.47705078125,10240.0,5355.0,472.12,NVIDIA GeForce RTX 3080,[N/A],Enabled,Enabled
1708597995.20729,0,GPU-a71d5fd4-b7db-93b7-1b7a-5a6e2a6a8c65,0.17,0.47705078125,10240.0,5355.0,472.12,NVIDIA GeForce RTX 3080,[N/A],Enabled,Enabled
1708597996.219579,0,GPU-a71d5fd4-b7db-93b7-1b7a-5a6e2a6a8c65,0.18,0.47705078125,10240.0,5355.0,472.12,NVIDIA GeForce RTX 3080,[N/A],Enabled,Enabled
1708597997.218448,0,GPU-a71d5fd4-b7db-93b7-1b7a-5a6e2a6a8c65,0.17,0.47705078125,10240.0,5355.0,472.12,NVIDIA GeForce RTX 3080,[N/A],Enabled,Enabled
1708597998.214125,0,GPU-a71d5fd4-b7db-93b7-1b7a-5a6e2a6a8c65,0.17,0.47705078125,10240.0,5355.0,472.12,NVIDIA GeForce RTX 3080,[N/A],Enabled,Enabled
1708597999.215869,0,GPU-a71d5fd4-b7db-93b7-1b7a-5a6e2a6a8c65,0.17,0.47705078125,10240.0,5355.0,472.12,NVIDIA GeForce RTX 3080,[N/A],Enabled,Enabled
1708598000.216233,0,GPU-a71d5fd4-b7db-93b7-1b7a-5a6e2a6a8c65,0.17,0.47705078125,10240.0,5355.0,472.12,NVIDIA GeForce RTX 3080,[N/A],Enabled,Enabled
1708598001.212685,0,GPU-a71d5fd4-b7db-93b7-1b7a-5a6e2a6a8c65,0.17,0.47705078125,10240.0,5355.0,472.12,NVIDIA GeForce RTX 3080,[N/A],Enabled,Enabled
1708598002.209993,0,GPU-a71d5fd4-b7db-93b7-1b7a-5a6e2a6a8c65,0.18,0.47705078125,10240.0,5355.0,472.12,NVIDIA GeForce RTX 3080,[N/A],Enabled,Enabled
1708598003.211068,0,GPU-a71d5fd4-b7db-93b7-1b7a-5a6e2a6a8c65,0.17,0.47705078125,10240.0,5355.0,472.12,NVIDIA GeForce RTX 3080,[N/A],Enabled,Enabled
1708598004.211794,0,GPU-a71d5fd4-b7db-93b7-1b7a-5a6e2a6a8c65,0.17,0.47705078125,10240.0,5355.0,472.12,NVIDIA GeForce RTX 3080,[N/A],Enabled,Enabled
1708598005.210885,0,GPU-a71d5fd4-b7db-93b7-1b7a-5a6e2a6a8c65,0.17,0.47705078125,10240.0,5355.0,472.12,NVIDIA GeForce RTX 3080,[N/A],Enabled,Enabled
1708598006.213462,0,GPU-a71d5fd4-b7db-93b7-1b7a-5a6e2a6a8c65,0.18,0.47705078125,10240.0,5355.0,472.12,NVIDIA GeForce RTX 3080,[N/A],Enabled,Enabled
1708598007.213563,0,GPU-a71d5fd4-b7db-93b7-1b7a-5a6e2a6a8c65,0.17,0.47705078125,10240.0,5355.0,472.12,NVIDIA GeForce RTX 3080,[N/A],Enabled,Enabled
1708598008.214164,0,GPU-a71d5fd4-b7db-93b7-1b7a-5a6e2a6a8c65,0.18,0.47705078125,10240.0,5355.0,472.12,NVIDIA GeForce RTX 3080,[N/A],Enabled,Enabled
1708598009.210907,0,GPU-a71d5fd4-b7db-93b7-1b7a-5a6e2a6a8c65,0.17,0.47705078125,10240.0,5355.0,472.12,NVIDIA GeForce RTX 3080,[N/A],Enabled,Enabled
1708598010.215126,0,GPU-a71d5fd4-b7db-93b7-1b7a-5a6e2a6a8c65,0.17,0.47705078125,10240.0,5355.0,472.12,NVIDIA GeForce RTX 3080,[N/A],Enabled,Enabled
1708598011.21703,0,GPU-a71d5fd4-b7db-93b7-1b7a-5a6e2a6a8c65,0.17,0.47705078125,10240.0,5355.0,472.12,NVIDIA GeForce RTX 3080,[N/A],Enabled,Enabled
1708598012.214742,0,GPU-a71d5fd4-b7db-93b7-1b7a-5a6e2a6a8c65,0.17,0.47705078125,10240.0,5355.0,472.12,NVIDIA GeForce RTX 3080,[N/A],Enabled,Enabled
1708598013.214812,0,GPU-a71d5fd4-b7db-93b7-1b7a-5a6e2a6a8c65,0.17,0.47705078125,10240.0,5355.0,472.12,NVIDIA GeForce RTX 3080,[N/A],Enabled,Enabled
1708598014.213816,0,GPU-a71d5fd4-b7db-93b7-1b7a-5a6e2a6a8c65,0.17,0.47705078125,10240.0,5355.0,472.12,NVIDIA GeForce RTX 3080,[N/A],Enabled,Enabled
1708598015.212685,0,GPU-a71d5fd4-b7db-93b7-1b7a-5a6e2a6a8c65,0.16,0.47705078125,10240.0,5355.0,472.12,NVIDIA GeForce RTX 3080,[N/A],Enabled,Enabled
1708598016.210657,0,GPU-a71d5fd4-b7db-93b7-1b7a-5a6e2a6a8c65,0.16,0.47705078125,10240.0,5355.0,472.12,NVIDIA GeForce RTX 3080,[N/A],Enabled,Enabled
1708598017.20909,0,GPU-a71d5fd4-b7db-93b7-1b7a-5a6e2a6a8c65,0.18,0.47705078125,10240.0,5355.0,472.12,NVIDIA GeForce RTX 3080,[N/A],Enabled,Enabled
1708598018.220798,0,GPU-a71d5fd4-b7db-93b7-1b7a-5a6e2a6a8c65,0.17,0.47705078125,10240.0,5355.0,472.12,NVIDIA GeForce RTX 3080,[N/A],Enabled,Enabled
1708598019.207534,0,GPU-a71d5fd4-b7db-93b7-1b7a-5a6e2a6a8c65,0.18,0.47705078125,10240.0,5355.0,472.12,NVIDIA GeForce RTX 3080,[N/A],Enabled,Enabled
1708598020.207585,0,GPU-a71d5fd4-b7db-93b7-1b7a-5a6e2a6a8c65,0.17,0.47705078125,10240.0,5355.0,472.12,NVIDIA GeForce RTX 3080,[N/A],Enabled,Enabled
1708598021.217583,0,GPU-a71d5fd4-b7db-93b7-1b7a-5a6e2a6a8c65,0.16,0.47705078125,10240.0,5355.0,472.12,NVIDIA GeForce RTX 3080,[N/A],Enabled,Enabled
1708598022.214153,0,GPU-a71d5fd4-b7db-93b7-1b7a-5a6e2a6a8c65,0.17,0.47705078125,10240.0,5355.0,472.12,NVIDIA GeForce RTX 3080,[N/A],Enabled,Enabled
1708598023.213387,0,GPU-a71d5fd4-b7db-93b7-1b7a-5a6e2a6a8c65,0.16,0.47705078125,10240.0,5355.0,472.12,NVIDIA GeForce RTX 3080,[N/A],Enabled,Enabled
1708598024.21543,0,GPU-a71d5fd4-b7db-93b7-1b7a-5a6e2a6a8c65,0.17,0.47705078125,10240.0,5355.0,472.12,NVIDIA GeForce RTX 3080,[N/A],Enabled,Enabled
1708598025.215712,0,GPU-a71d5fd4-b7db-93b7-1b7a-5a6e2a6a8c65,0.17,0.47705078125,10240.0,5355.0,472.12,NVIDIA GeForce RTX 3080,[N/A],Enabled,Enabled
1708598026.211361,0,GPU-a71d5fd4-b7db-93b7-1b7a-5a6e2a6a8c65,0.17,0.47705078125,10240.0,5355.0,472.12,NVIDIA GeForce RTX 3080,[N/A],Enabled,Enabled
1708598027.207657,0,GPU-a71d5fd4-b7db-93b7-1b7a-5a6e2a6a8c65,0.17,0.47705078125,10240.0,5355.0,472.12,NVIDIA GeForce RTX 3080,[N/A],Enabled,Enabled
1708598028.219333,0,GPU-a71d5fd4-b7db-93b7-1b7a-5a6e2a6a8c65,0.18,0.47705078125,10240.0,5355.0,472.12,NVIDIA GeForce RTX 3080,[N/A],Enabled,Enabled
1708598029.216609,0,GPU-a71d5fd4-b7db-93b7-1b7a-5a6e2a6a8c65,0.16,0.47705078125,10240.0,5355.0,472.12,NVIDIA GeForce RTX 3080,[N/A],Enabled,Enabled
1708598030.213061,0,GPU-a71d5fd4-b7db-93b7-1b7a-5a6e2a6a8c65,0.16,0.47705078125,10240.0,5355.0,472.12,NVIDIA GeForce RTX 3080,[N/A],Enabled,Enabled
1708598031.21104,0,GPU-a71d5fd4-b7db-93b7-1b7a-5a6e2a6a8c65,0.16,0.47705078125,10240.0,5355.0,472.12,NVIDIA GeForce RTX 3080,[N/A],Enabled,Enabled
1708598032.207157,0,GPU-a71d5fd4-b7db-93b7-1b7a-5a6e2a6a8c65,0.16,0.47705078125,10240.0,5355.0,472.12,NVIDIA GeForce RTX 3080,[N/A],Enabled,Enabled
1708598033.210083,0,GPU-a71d5fd4-b7db-93b7-1b7a-5a6e2a6a8c65,0.16,0.47705078125,10240.0,5355.0,472.12,NVIDIA GeForce RTX 3080,[N/A],Enabled,Enabled
1708598034.208054,0,GPU-a71d5fd4-b7db-93b7-1b7a-5a6e2a6a8c65,0.17,0.47705078125,10240.0,5355.0,472.12,NVIDIA GeForce RTX 3080,[N/A],Enabled,Enabled
1708598035.219776,0,GPU-a71d5fd4-b7db-93b7-1b7a-5a6e2a6a8c65,0.17,0.47705078125,10240.0,5355.0,472.12,NVIDIA GeForce RTX 3080,[N/A],Enabled,Enabled
1708598036.218972,0,GPU-a71d5fd4-b7db-93b7-1b7a-5a6e2a6a8c65,0.17,0.47705078125,10240.0,5355.0,472.12,NVIDIA GeForce RTX 3080,[N/A],Enabled,Enabled
1708598037.205952,0,GPU-a71d5fd4-b7db-93b7-1b7a-5a6e2a6a8c65,0.16,0.47705078125,10240.0,5355.0,472.12,NVIDIA GeForce RTX 3080,[N/A],Enabled,Enabled
1708598038.21699,0,GPU-a71d5fd4-b7db-93b7-1b7a-5a6e2a6a8c65,0.17,0.47705078125,10240.0,5355.0,472.12,NVIDIA GeForce RTX 3080,[N/A],Enabled,Enabled
1708598039.220801,0,GPU-a71d5fd4-b7db-93b7-1b7a-5a6e2a6a8c65,0.17,0.47705078125,10240.0,5355.0,472.12,NVIDIA GeForce RTX 3080,[N/A],Enabled,Enabled
1708598040.220569,0,GPU-a71d5fd4-b7db-93b7-1b7a-5a6e2a6a8c65,0.17,0.47705078125,10240.0,5355.0,472.12,NVIDIA GeForce RTX 3080,[N/A],Enabled,Enabled
1708598041.20581,0,GPU-a71d5fd4-b7db-93b7-1b7a-5a6e2a6a8c65,0.17,0.47705078125,10240.0,5355.0,472.12,NVIDIA GeForce RTX 3080,[N/A],Enabled,Enabled
1708598042.205255,0,GPU-a71d5fd4-b7db-93b7-1b7a-5a6e2a6a8c65,0.17,0.47705078125,10240.0,5355.0,472.12,NVIDIA GeForce RTX 3080,[N/A],Enabled,Enabled
1708598043.214933,0,GPU-a71d5fd4-b7db-93b7-1b7a-5a6e2a6a8c65,0.16,0.47705078125,10240.0,5355.0,472.12,NVIDIA GeForce RTX 3080,[N/A],Enabled,Enabled
1708598044.214907,0,GPU-a71d5fd4-b7db-93b7-1b7a-5a6e2a6a8c65,0.18,0.47705078125,10240.0,5355.0,472.12,NVIDIA GeForce RTX 3080,[N/A],Enabled,Enabled
1708598045.215116,0,GPU-a71d5fd4-b7db-93b7-1b7a-5a6e2a6a8c65,0.16,0.47705078125,10240.0,5355.0,472.12,NVIDIA GeForce RTX 3080,[N/A],Enabled,Enabled
1708598046.214889,0,GPU-a71d5fd4-b7db-93b7-1b7a-5a6e2a6a8c65,0.17,0.47705078125,10240.0,5355.0,472.12,NVIDIA GeForce RTX 3080,[N/A],Enabled,Enabled
1708598047.213812,0,GPU-a71d5fd4-b7db-93b7-1b7a-5a6e2a6a8c65,0.16,0.47705078125,10240.0,5355.0,472.12,NVIDIA GeForce RTX 3080,[N/A],Enabled,Enabled
1708598048.214063,0,GPU-a71d5fd4-b7db-93b7-1b7a-5a6e2a6a8c65,0.17,0.47705078125,10240.0,5355.0,472.12,NVIDIA GeForce RTX 3080,[N/A],Enabled,Enabled
1708598049.213754,0,GPU-a71d5fd4-b7db-93b7-1b7a-5a6e2a6a8c65,0.17,0.47705078125,10240.0,5355.0,472.12,NVIDIA GeForce RTX 3080,[N/A],Enabled,Enabled
1708598050.205343,0,GPU-a71d5fd4-b7db-93b7-1b7a-5a6e2a6a8c65,0.17,0.47705078125,10240.0,5355.0,472.12,NVIDIA GeForce RTX 3080,[N/A],Enabled,Enabled
1708598051.207067,0,GPU-a71d5fd4-b7db-93b7-1b7a-5a6e2a6a8c65,0.17,0.47705078125,10240.0,5355.0,472.12,NVIDIA GeForce RTX 3080,[N/A],Enabled,Enabled
1708598052.21095,0,GPU-a71d5fd4-b7db-93b7-1b7a-5a6e2a6a8c65,0.17,0.47705078125,10240.0,5355.0,472.12,NVIDIA GeForce RTX 3080,[N/A],Enabled,Enabled
1708598053.210262,0,GPU-a71d5fd4-b7db-93b7-1b7a-5a6e2a6a8c65,0.17,0.47705078125,10240.0,5355.0,472.12,NVIDIA GeForce RTX 3080,[N/A],Enabled,Enabled
1708598054.209576,0,GPU-a71d5fd4-b7db-93b7-1b7a-5a6e2a6a8c65,0.17,0.47705078125,10240.0,5355.0,472.12,NVIDIA GeForce RTX 3080,[N/A],Enabled,Enabled
1708598055.205823,0,GPU-a71d5fd4-b7db-93b7-1b7a-5a6e2a6a8c65,0.17,0.47705078125,10240.0,5355.0,472.12,NVIDIA GeForce RTX 3080,[N/A],Enabled,Enabled
1708598056.212945,0,GPU-a71d5fd4-b7db-93b7-1b7a-5a6e2a6a8c65,0.17,0.47705078125,10240.0,5355.0,472.12,NVIDIA GeForce RTX 3080,[N/A],Enabled,Enabled
1708598057.217034,0,GPU-a71d5fd4-b7db-93b7-1b7a-5a6e2a6a8c65,0.17,0.47705078125,10240.0,5355.0,472.12,NVIDIA GeForce RTX 3080,[N/A],Enabled,Enabled
1708598058.214492,0,GPU-a71d5fd4-b7db-93b7-1b7a-5a6e2a6a8c65,0.17,0.47705078125,10240.0,5355.0,472.12,NVIDIA GeForce RTX 3080,[N/A],Enabled,Enabled
1708598059.211881,0,GPU-a71d5fd4-b7db-93b7-1b7a-5a6e2a6a8c65,0.17,0.47705078125,10240.0,5355.0,472.12,NVIDIA GeForce RTX 3080,[N/A],Enabled,Enabled
1708598060.214817,0,GPU-a71d5fd4-b7db-93b7-1b7a-5a6e2a6a8c65,0.17,0.47705078125,10240.0,5355.0,472.12,NVIDIA GeForce RTX 3080,[N/A],Enabled,Enabled
1708598061.21377,0,GPU-a71d5fd4-b7db-93b7-1b7a-5a6e2a6a8c65,0.18,0.47705078125,10240.0,5355.0,472.12,NVIDIA GeForce RTX 3080,[N/A],Enabled,Enabled
1708598062.216822,0,GPU-a71d5fd4-b7db-93b7-1b7a-5a6e2a6a8c65,0.18,0.47705078125,10240.0,5355.0,472.12,NVIDIA GeForce RTX 3080,[N/A],Enabled,Enabled
1708598063.215183,0,GPU-a71d5fd4-b7db-93b7-1b7a-5a6e2a6a8c65,0.17,0.47705078125,10240.0,5355.0,472.12,NVIDIA GeForce RTX 3080,[N/A],Enabled,Enabled
1708598064.215444,0,GPU-a71d5fd4-b7db-93b7-1b7a-5a6e2a6a8c65,0.17,0.47705078125,10240.0,5355.0,472.12,NVIDIA GeForce RTX 3080,[N/A],Enabled,Enabled
1708598065.215884,0,GPU-a71d5fd4-b7db-93b7-1b7a-5a6e2a6a8c65,0.17,0.47705078125,10240.0,5355.0,472.12,NVIDIA GeForce RTX 3080,[N/A],Enabled,Enabled
1708598066.214003,0,GPU-a71d5fd4-b7db-93b7-1b7a-5a6e2a6a8c65,0.17,0.47705078125,10240.0,5355.0,472.12,NVIDIA GeForce RTX 3080,[N/A],Enabled,Enabled
1708598067.21918,0,GPU-a71d5fd4-b7db-93b7-1b7a-5a6e2a6a8c65,0.18,0.47705078125,10240.0,5355.0,472.12,NVIDIA GeForce RTX 3080,[N/A],Enabled,Enabled
1708598068.217908,0,GPU-a71d5fd4-b7db-93b7-1b7a-5a6e2a6a8c65,0.17,0.47705078125,10240.0,5355.0,472.12,NVIDIA GeForce RTX 3080,[N/A],Enabled,Enabled
1708598069.217759,0,GPU-a71d5fd4-b7db-93b7-1b7a-5a6e2a6a8c65,0.17,0.47705078125,10240.0,5355.0,472.12,NVIDIA GeForce RTX 3080,[N/A],Enabled,Enabled
1708598070.216256,0,GPU-a71d5fd4-b7db-93b7-1b7a-5a6e2a6a8c65,0.18,0.47705078125,10240.0,5355.0,472.12,NVIDIA GeForce RTX 3080,[N/A],Enabled,Enabled
1708598071.210273,0,GPU-a71d5fd4-b7db-93b7-1b7a-5a6e2a6a8c65,0.17,0.47705078125,10240.0,5355.0,472.12,NVIDIA GeForce RTX 3080,[N/A],Enabled,Enabled
1708598072.208949,0,GPU-a71d5fd4-b7db-93b7-1b7a-5a6e2a6a8c65,0.18,0.47705078125,10240.0,5355.0,472.12,NVIDIA GeForce RTX 3080,[N/A],Enabled,Enabled
1708598073.207628,0,GPU-a71d5fd4-b7db-93b7-1b7a-5a6e2a6a8c65,0.17,0.47705078125,10240.0,5355.0,472.12,NVIDIA GeForce RTX 3080,[N/A],Enabled,Enabled
1708598074.220909,0,GPU-a71d5fd4-b7db-93b7-1b7a-5a6e2a6a8c65,0.18,0.47705078125,10240.0,5355.0,472.12,NVIDIA GeForce RTX 3080,[N/A],Enabled,Enabled
1708598075.207488,0,GPU-a71d5fd4-b7db-93b7-1b7a-5a6e2a6a8c65,0.17,0.47705078125,10240.0,5355.0,472.12,NVIDIA GeForce RTX 3080,[N/A],Enabled,Enabled
1708598076.21964,0,GPU-a71d5fd4-b7db-93b7-1b7a-5a6e2a6a8c65,0.17,0.47705078125,10240.0,5355.0,472.12,NVIDIA GeForce RTX 3080,[N/A],Enabled,Enabled
1708598077.21861,0,GPU-a71d5fd4-b7db-93b7-1b7a-5a6e2a6a8c65,0.18,0.47705078125,10240.0,5355.0,472.12,NVIDIA GeForce RTX 3080,[N/A],Enabled,Enabled
1708598078.214999,0,GPU-a71d5fd4-b7db-93b7-1b7a-5a6e2a6a8c65,0.17,0.47705078125,10240.0,5355.0,472.12,NVIDIA GeForce RTX 3080,[N/A],Enabled,Enabled
1708598079.215239,0,GPU-a71d5fd4-b7db-93b7-1b7a-5a6e2a6a8c65,0.16,0.47705078125,10240.0,5355.0,472.12,NVIDIA GeForce RTX 3080,[N/A],Enabled,Enabled
1708598080.213101,0,GPU-a71d5fd4-b7db-93b7-1b7a-5a6e2a6a8c65,0.15,0.4685546875,10240.0,5442.0,472.12,NVIDIA GeForce RTX 3080,[N/A],Enabled,Enabled
1708598081.212867,0,GPU-a71d5fd4-b7db-93b7-1b7a-5a6e2a6a8c65,0.15,0.4685546875,10240.0,5442.0,472.12,NVIDIA GeForce RTX 3080,[N/A],Enabled,Enabled
1708598082.213303,0,GPU-a71d5fd4-b7db-93b7-1b7a-5a6e2a6a8c65,0.14,0.46474609375,10240.0,5481.0,472.12,NVIDIA GeForce RTX 3080,[N/A],Enabled,Enabled
1708598083.210673,0,GPU-a71d5fd4-b7db-93b7-1b7a-5a6e2a6a8c65,0.15,0.46845703125,10240.0,5443.0,472.12,NVIDIA GeForce RTX 3080,[N/A],Enabled,Enabled
1708598084.212716,0,GPU-a71d5fd4-b7db-93b7-1b7a-5a6e2a6a8c65,0.14,0.46845703125,10240.0,5443.0,472.12,NVIDIA GeForce RTX 3080,[N/A],Enabled,Enabled
1708598085.207157,0,GPU-a71d5fd4-b7db-93b7-1b7a-5a6e2a6a8c65,0.14,0.46474609375,10240.0,5481.0,472.12,NVIDIA GeForce RTX 3080,[N/A],Enabled,Enabled
1708598086.219713,0,GPU-a71d5fd4-b7db-93b7-1b7a-5a6e2a6a8c65,0.14,0.46474609375,10240.0,5481.0,472.12,NVIDIA GeForce RTX 3080,[N/A],Enabled,Enabled
1708598087.217729,0,GPU-a71d5fd4-b7db-93b7-1b7a-5a6e2a6a8c65,0.14,0.46474609375,10240.0,5481.0,472.12,NVIDIA GeForce RTX 3080,[N/A],Enabled,Enabled
1708598088.212938,0,GPU-a71d5fd4-b7db-93b7-1b7a-5a6e2a6a8c65,0.14,0.46474609375,10240.0,5481.0,472.12,NVIDIA GeForce RTX 3080,[N/A],Enabled,Enabled
