Current Battery Service state:
  AC powered: false
  USB powered: false
  Wireless powered: false
  Max charging current: 0
  Max charging voltage: 0
  Charge counter: 1429425
  status: 3
  health: 2
  present: true
  level: 22
  scale: 100
  voltage: 3505
  temperature: 285
  technology: Li-ion
Current Battery Service state:
  AC powered: false
  USB powered: false
  Wireless powered: false
  Max charging current: 0
  Max charging voltage: 0
  Charge counter: 1429425
  status: 3
  health: 2
  present: true
  level: 22
  scale: 100
  voltage: 3505
  temperature: 285
  technology: Li-ion
Current Battery Service state:
  AC powered: false
  USB powered: false
  Wireless powered: false
  Max charging current: 0
  Max charging voltage: 0
  Charge counter: 1429425
  status: 3
  health: 2
  present: true
  level: 22
  scale: 100
  voltage: 3505
  temperature: 285
  technology: Li-ion
Current Battery Service state:
  AC powered: false
  USB powered: false
  Wireless powered: false
  Max charging current: 0
  Max charging voltage: 0
  Charge counter: 1429425
  status: 3
  health: 2
  present: true
  level: 22
  scale: 100
  voltage: 3505
  temperature: 285
  technology: Li-ion
Current Battery Service state:
  AC powered: false
  USB powered: false
  Wireless powered: false
  Max charging current: 0
  Max charging voltage: 0
  Charge counter: 1429425
  status: 3
  health: 2
  present: true
  level: 22
  scale: 100
  voltage: 3505
  temperature: 285
  technology: Li-ion
Current Battery Service state:
  AC powered: false
  USB powered: false
  Wireless powered: false
  Max charging current: 0
  Max charging voltage: 0
  Charge counter: 1429425
  status: 3
  health: 2
  present: true
  level: 22
  scale: 100
  voltage: 3505
  temperature: 285
  technology: Li-ion
Current Battery Service state:
  AC powered: false
  USB powered: false
  Wireless powered: false
  Max charging current: 0
  Max charging voltage: 0
  Charge counter: 1429425
  status: 3
  health: 2
  present: true
  level: 22
  scale: 100
  voltage: 3505
  temperature: 285
  technology: Li-ion
Current Battery Service state:
  AC powered: false
  USB powered: false
  Wireless powered: false
  Max charging current: 0
  Max charging voltage: 0
  Charge counter: 1429425
  status: 3
  health: 2
  present: true
  level: 22
  scale: 100
  voltage: 3505
  temperature: 285
  technology: Li-ion
Current Battery Service state:
  AC powered: false
  USB powered: false
  Wireless powered: false
  Max charging current: 0
  Max charging voltage: 0
  Charge counter: 1429425
  status: 3
  health: 2
  present: true
  level: 22
  scale: 100
  voltage: 3505
  temperature: 285
  technology: Li-ion
Current Battery Service state:
  AC powered: false
  USB powered: false
  Wireless powered: false
  Max charging current: 0
  Max charging voltage: 0
  Charge counter: 1429425
  status: 3
  health: 2
  present: true
  level: 22
  scale: 100
  voltage: 3505
  temperature: 285
  technology: Li-ion
Current Battery Service state:
  AC powered: false
  USB powered: false
  Wireless powered: false
  Max charging current: 0
  Max charging voltage: 0
  Charge counter: 1424314
  status: 3
  health: 2
  present: true
  level: 22
  scale: 100
  voltage: 3489
  temperature: 280
  technology: Li-ion
Current Battery Service state:
  AC powered: false
  USB powered: false
  Wireless powered: false
  Max charging current: 0
  Max charging voltage: 0
  Charge counter: 1424314
  status: 3
  health: 2
  present: true
  level: 22
  scale: 100
  voltage: 3489
  temperature: 280
  technology: Li-ion
Current Battery Service state:
  AC powered: false
  USB powered: false
  Wireless powered: false
  Max charging current: 0
  Max charging voltage: 0
  Charge counter: 1424314
  status: 3
  health: 2
  present: true
  level: 22
  scale: 100
  voltage: 3489
  temperature: 280
  technology: Li-ion
Current Battery Service state:
  AC powered: false
  USB powered: false
  Wireless powered: false
  Max charging current: 0
  Max charging voltage: 0
  Charge counter: 1424314
  status: 3
  health: 2
  present: true
  level: 22
  scale: 100
  voltage: 3489
  temperature: 280
  technology: Li-ion
Current Battery Service state:
  AC powered: false
  USB powered: false
  Wireless powered: false
  Max charging current: 0
  Max charging voltage: 0
  Charge counter: 1424314
  status: 3
  health: 2
  present: true
  level: 22
  scale: 100
  voltage: 3489
  temperature: 280
  technology: Li-ion
Current Battery Service state:
  AC powered: false
  USB powered: false
  Wireless powered: false
  Max charging current: 0
  Max charging voltage: 0
  Charge counter: 1424314
  status: 3
  health: 2
  present: true
  level: 22
  scale: 100
  voltage: 3489
  temperature: 280
  technology: Li-ion
Current Battery Service state:
  AC powered: false
  USB powered: false
  Wireless powered: false
  Max charging current: 0
  Max charging voltage: 0
  Charge counter: 1424314
  status: 3
  health: 2
  present: true
  level: 22
  scale: 100
  voltage: 3489
  temperature: 280
  technology: Li-ion
Current Battery Service state:
  AC powered: false
  USB powered: false
  Wireless powered: false
  Max charging current: 0
  Max charging voltage: 0
  Charge counter: 1424314
  status: 3
  health: 2
  present: true
  level: 22
  scale: 100
  voltage: 3489
  temperature: 280
  technology: Li-ion
Current Battery Service state:
  AC powered: false
  USB powered: false
  Wireless powered: false
  Max charging current: 0
  Max charging voltage: 0
  Charge counter: 1420313
  status: 3
  health: 2
  present: true
  level: 21
  scale: 100
  voltage: 3499
  temperature: 280
  technology: Li-ion
Current Battery Service state:
  AC powered: false
  USB powered: false
  Wireless powered: false
  Max charging current: 0
  Max charging voltage: 0
  Charge counter: 1420313
  status: 3
  health: 2
  present: true
  level: 21
  scale: 100
  voltage: 3499
  temperature: 280
  technology: Li-ion
Current Battery Service state:
  AC powered: false
  USB powered: false
  Wireless powered: false
  Max charging current: 0
  Max charging voltage: 0
  Charge counter: 1418548
  status: 3
  health: 2
  present: true
  level: 21
  scale: 100
  voltage: 3500
  temperature: 280
  technology: Li-ion
Current Battery Service state:
  AC powered: false
  USB powered: false
  Wireless powered: false
  Max charging current: 0
  Max charging voltage: 0
  Charge counter: 1418548
  status: 3
  health: 2
  present: true
  level: 21
  scale: 100
  voltage: 3500
  temperature: 280
  technology: Li-ion
Current Battery Service state:
  AC powered: false
  USB powered: false
  Wireless powered: false
  Max charging current: 0
  Max charging voltage: 0
  Charge counter: 1418548
  status: 3
  health: 2
  present: true
  level: 21
  scale: 100
  voltage: 3500
  temperature: 280
  technology: Li-ion
Current Battery Service state:
  AC powered: false
  USB powered: false
  Wireless powered: false
  Max charging current: 0
  Max charging voltage: 0
  Charge counter: 1418548
  status: 3
  health: 2
  present: true
  level: 21
  scale: 100
  voltage: 3500
  temperature: 280
  technology: Li-ion
Current Battery Service state:
  AC powered: false
  USB powered: false
  Wireless powered: false
  Max charging current: 0
  Max charging voltage: 0
  Charge counter: 1418548
  status: 3
  health: 2
  present: true
  level: 21
  scale: 100
  voltage: 3500
  temperature: 280
  technology: Li-ion
Current Battery Service state:
  AC powered: false
  USB powered: false
  Wireless powered: false
  Max charging current: 0
  Max charging voltage: 0
  Charge counter: 1418548
  status: 3
  health: 2
  present: true
  level: 21
  scale: 100
  voltage: 3500
  temperature: 280
  technology: Li-ion
Current Battery Service state:
  AC powered: false
  USB powered: false
  Wireless powered: false
  Max charging current: 0
  Max charging voltage: 0
  Charge counter: 1418548
  status: 3
  health: 2
  present: true
  level: 21
  scale: 100
  voltage: 3500
  temperature: 280
  technology: Li-ion
Current Battery Service state:
  AC powered: false
  USB powered: false
  Wireless powered: false
  Max charging current: 0
  Max charging voltage: 0
  Charge counter: 1418548
  status: 3
  health: 2
  present: true
  level: 21
  scale: 100
  voltage: 3500
  temperature: 280
  technology: Li-ion
Current Battery Service state:
  AC powered: false
  USB powered: false
  Wireless powered: false
  Max charging current: 0
  Max charging voltage: 0
  Charge counter: 1418548
  status: 3
  health: 2
  present: true
  level: 21
  scale: 100
  voltage: 3500
  temperature: 280
  technology: Li-ion
Current Battery Service state:
  AC powered: false
  USB powered: false
  Wireless powered: false
  Max charging current: 0
  Max charging voltage: 0
  Charge counter: 1418548
  status: 3
  health: 2
  present: true
  level: 21
  scale: 100
  voltage: 3500
  temperature: 280
  technology: Li-ion
Current Battery Service state:
  AC powered: false
  USB powered: false
  Wireless powered: false
  Max charging current: 0
  Max charging voltage: 0
  Charge counter: 1412703
  status: 3
  health: 2
  present: true
  level: 21
  scale: 100
  voltage: 3497
  temperature: 285
  technology: Li-ion
Current Battery Service state:
  AC powered: false
  USB powered: false
  Wireless powered: false
  Max charging current: 0
  Max charging voltage: 0
  Charge counter: 1412703
  status: 3
  health: 2
  present: true
  level: 21
  scale: 100
  voltage: 3497
  temperature: 285
  technology: Li-ion
Current Battery Service state:
  AC powered: false
  USB powered: false
  Wireless powered: false
  Max charging current: 0
  Max charging voltage: 0
  Charge counter: 1412703
  status: 3
  health: 2
  present: true
  level: 21
  scale: 100
  voltage: 3497
  temperature: 285
  technology: Li-ion
Current Battery Service state:
  AC powered: false
  USB powered: false
  Wireless powered: false
  Max charging current: 0
  Max charging voltage: 0
  Charge counter: 1412703
  status: 3
  health: 2
  present: true
  level: 21
  scale: 100
  voltage: 3497
  temperature: 285
  technology: Li-ion
Current Battery Service state:
  AC powered: false
  USB powered: false
  Wireless powered: false
  Max charging current: 0
  Max charging voltage: 0
  Charge counter: 1412703
  status: 3
  health: 2
  present: true
  level: 21
  scale: 100
  voltage: 3497
  temperature: 285
  technology: Li-ion
Current Battery Service state:
  AC powered: false
  USB powered: false
  Wireless powered: false
  Max charging current: 0
  Max charging voltage: 0
  Charge counter: 1412703
  status: 3
  health: 2
  present: true
  level: 21
  scale: 100
  voltage: 3497
  temperature: 285
  technology: Li-ion
Current Battery Service state:
  AC powered: false
  USB powered: false
  Wireless powered: false
  Max charging current: 0
  Max charging voltage: 0
  Charge counter: 1412703
  status: 3
  health: 2
  present: true
  level: 21
  scale: 100
  voltage: 3497
  temperature: 285
  technology: Li-ion
Current Battery Service state:
  AC powered: false
  USB powered: false
  Wireless powered: false
  Max charging current: 0
  Max charging voltage: 0
  Charge counter: 1412703
  status: 3
  health: 2
  present: true
  level: 21
  scale: 100
  voltage: 3497
  temperature: 285
  technology: Li-ion
Current Battery Service state:
  AC powered: false
  USB powered: false
  Wireless powered: false
  Max charging current: 0
  Max charging voltage: 0
  Charge counter: 1408277
  status: 3
  health: 2
  present: true
  level: 21
  scale: 100
  voltage: 3500
  temperature: 285
  technology: Li-ion
Current Battery Service state:
  AC powered: false
  USB powered: false
  Wireless powered: false
  Max charging current: 0
  Max charging voltage: 0
  Charge counter: 1408277
  status: 3
  health: 2
  present: true
  level: 21
  scale: 100
  voltage: 3500
  temperature: 285
  technology: Li-ion
Current Battery Service state:
  AC powered: false
  USB powered: false
  Wireless powered: false
  Max charging current: 0
  Max charging voltage: 0
  Charge counter: 1407015
  status: 3
  health: 2
  present: true
  level: 21
  scale: 100
  voltage: 3487
  temperature: 285
  technology: Li-ion
Current Battery Service state:
  AC powered: false
  USB powered: false
  Wireless powered: false
  Max charging current: 0
  Max charging voltage: 0
  Charge counter: 1407015
  status: 3
  health: 2
  present: true
  level: 21
  scale: 100
  voltage: 3487
  temperature: 285
  technology: Li-ion
Current Battery Service state:
  AC powered: false
  USB powered: false
  Wireless powered: false
  Max charging current: 0
  Max charging voltage: 0
  Charge counter: 1407015
  status: 3
  health: 2
  present: true
  level: 21
  scale: 100
  voltage: 3487
  temperature: 285
  technology: Li-ion
Current Battery Service state:
  AC powered: false
  USB powered: false
  Wireless powered: false
  Max charging current: 0
  Max charging voltage: 0
  Charge counter: 1407015
  status: 3
  health: 2
  present: true
  level: 21
  scale: 100
  voltage: 3487
  temperature: 285
  technology: Li-ion
Current Battery Service state:
  AC powered: false
  USB powered: false
  Wireless powered: false
  Max charging current: 0
  Max charging voltage: 0
  Charge counter: 1407015
  status: 3
  health: 2
  present: true
  level: 21
  scale: 100
  voltage: 3487
  temperature: 285
  technology: Li-ion
Current Battery Service state:
  AC powered: false
  USB powered: false
  Wireless powered: false
  Max charging current: 0
  Max charging voltage: 0
  Charge counter: 1407015
  status: 3
  health: 2
  present: true
  level: 21
  scale: 100
  voltage: 3487
  temperature: 285
  technology: Li-ion
Current Battery Service state:
  AC powered: false
  USB powered: false
  Wireless powered: false
  Max charging current: 0
  Max charging voltage: 0
  Charge counter: 1407015
  status: 3
  health: 2
  present: true
  level: 21
  scale: 100
  voltage: 3487
  temperature: 285
  technology: Li-ion
Current Battery Service state:
  AC powered: false
  USB powered: false
  Wireless powered: false
  Max charging current: 0
  Max charging voltage: 0
  Charge counter: 1407015
  status: 3
  health: 2
  present: true
  level: 21
  scale: 100
  voltage: 3487
  temperature: 285
  technology: Li-ion
Current Battery Service state:
  AC powered: false
  USB powered: false
  Wireless powered: false
  Max charging current: 0
  Max charging voltage: 0
  Charge counter: 1407015
  status: 3
  health: 2
  present: true
  level: 21
  scale: 100
  voltage: 3487
  temperature: 285
  technology: Li-ion
Current Battery Service state:
  AC powered: false
  USB powered: false
  Wireless powered: false
  Max charging current: 0
  Max charging voltage: 0
  Charge counter: 1407015
  status: 3
  health: 2
  present: true
  level: 21
  scale: 100
  voltage: 3487
  temperature: 285
  technology: Li-ion
Current Battery Service state:
  AC powered: false
  USB powered: false
  Wireless powered: false
  Max charging current: 0
  Max charging voltage: 0
  Charge counter: 1401020
  status: 3
  health: 2
  present: true
  level: 21
  scale: 100
  voltage: 3491
  temperature: 285
  technology: Li-ion
Current Battery Service state:
  AC powered: false
  USB powered: false
  Wireless powered: false
  Max charging current: 0
  Max charging voltage: 0
  Charge counter: 1401020
  status: 3
  health: 2
  present: true
  level: 21
  scale: 100
  voltage: 3491
  temperature: 285
  technology: Li-ion
Current Battery Service state:
  AC powered: false
  USB powered: false
  Wireless powered: false
  Max charging current: 0
  Max charging voltage: 0
  Charge counter: 1401020
  status: 3
  health: 2
  present: true
  level: 21
  scale: 100
  voltage: 3491
  temperature: 285
  technology: Li-ion
Current Battery Service state:
  AC powered: false
  USB powered: false
  Wireless powered: false
  Max charging current: 0
  Max charging voltage: 0
  Charge counter: 1401020
  status: 3
  health: 2
  present: true
  level: 21
  scale: 100
  voltage: 3491
  temperature: 285
  technology: Li-ion
Current Battery Service state:
  AC powered: false
  USB powered: false
  Wireless powered: false
  Max charging current: 0
  Max charging voltage: 0
  Charge counter: 1401020
  status: 3
  health: 2
  present: true
  level: 21
  scale: 100
  voltage: 3491
  temperature: 285
  technology: Li-ion
Current Battery Service state:
  AC powered: false
  USB powered: false
  Wireless powered: false
  Max charging current: 0
  Max charging voltage: 0
  Charge counter: 1401020
  status: 3
  health: 2
  present: true
  level: 21
  scale: 100
  voltage: 3491
  temperature: 285
  technology: Li-ion
Current Battery Service state:
  AC powered: false
  USB powered: false
  Wireless powered: false
  Max charging current: 0
  Max charging voltage: 0
  Charge counter: 1401020
  status: 3
  health: 2
  present: true
  level: 21
  scale: 100
  voltage: 3491
  temperature: 285
  technology: Li-ion
Current Battery Service state:
  AC powered: false
  USB powered: false
  Wireless powered: false
  Max charging current: 0
  Max charging voltage: 0
  Charge counter: 1401020
  status: 3
  health: 2
  present: true
  level: 21
  scale: 100
  voltage: 3491
  temperature: 285
  technology: Li-ion
Current Battery Service state:
  AC powered: false
  USB powered: false
  Wireless powered: false
  Max charging current: 0
  Max charging voltage: 0
  Charge counter: 1401020
  status: 3
  health: 2
  present: true
  level: 21
  scale: 100
  voltage: 3491
  temperature: 285
  technology: Li-ion
Current Battery Service state:
  AC powered: false
  USB powered: false
  Wireless powered: false
  Max charging current: 0
  Max charging voltage: 0
  Charge counter: 1401020
  status: 3
  health: 2
  present: true
  level: 21
  scale: 100
  voltage: 3491
  temperature: 285
  technology: Li-ion
Current Battery Service state:
  AC powered: false
  USB powered: false
  Wireless powered: false
  Max charging current: 0
  Max charging voltage: 0
  Charge counter: 1395097
  status: 3
  health: 2
  present: true
  level: 21
  scale: 100
  voltage: 3491
  temperature: 285
  technology: Li-ion
Current Battery Service state:
  AC powered: false
  USB powered: false
  Wireless powered: false
  Max charging current: 0
  Max charging voltage: 0
  Charge counter: 1395097
  status: 3
  health: 2
  present: true
  level: 21
  scale: 100
  voltage: 3491
  temperature: 285
  technology: Li-ion
Current Battery Service state:
  AC powered: false
  USB powered: false
  Wireless powered: false
  Max charging current: 0
  Max charging voltage: 0
  Charge counter: 1395097
  status: 3
  health: 2
  present: true
  level: 21
  scale: 100
  voltage: 3491
  temperature: 285
  technology: Li-ion
Current Battery Service state:
  AC powered: false
  USB powered: false
  Wireless powered: false
  Max charging current: 0
  Max charging voltage: 0
  Charge counter: 1395097
  status: 3
  health: 2
  present: true
  level: 21
  scale: 100
  voltage: 3491
  temperature: 285
  technology: Li-ion
Current Battery Service state:
  AC powered: false
  USB powered: false
  Wireless powered: false
  Max charging current: 0
  Max charging voltage: 0
  Charge counter: 1395097
  status: 3
  health: 2
  present: true
  level: 21
  scale: 100
  voltage: 3491
  temperature: 285
  technology: Li-ion
Current Battery Service state:
  AC powered: false
  USB powered: false
  Wireless powered: false
  Max charging current: 0
  Max charging voltage: 0
  Charge counter: 1395097
  status: 3
  health: 2
  present: true
  level: 21
  scale: 100
  voltage: 3491
  temperature: 285
  technology: Li-ion
Current Battery Service state:
  AC powered: false
  USB powered: false
  Wireless powered: false
  Max charging current: 0
  Max charging voltage: 0
  Charge counter: 1395097
  status: 3
  health: 2
  present: true
  level: 21
  scale: 100
  voltage: 3491
  temperature: 285
  technology: Li-ion
Current Battery Service state:
  AC powered: false
  USB powered: false
  Wireless powered: false
  Max charging current: 0
  Max charging voltage: 0
  Charge counter: 1395097
  status: 3
  health: 2
  present: true
  level: 21
  scale: 100
  voltage: 3491
  temperature: 285
  technology: Li-ion
Current Battery Service state:
  AC powered: false
  USB powered: false
  Wireless powered: false
  Max charging current: 0
  Max charging voltage: 0
  Charge counter: 1395097
  status: 3
  health: 2
  present: true
  level: 21
  scale: 100
  voltage: 3491
  temperature: 285
  technology: Li-ion
Current Battery Service state:
  AC powered: false
  USB powered: false
  Wireless powered: false
  Max charging current: 0
  Max charging voltage: 0
  Charge counter: 1395097
  status: 3
  health: 2
  present: true
  level: 21
  scale: 100
  voltage: 3491
  temperature: 285
  technology: Li-ion
Current Battery Service state:
  AC powered: false
  USB powered: false
  Wireless powered: false
  Max charging current: 0
  Max charging voltage: 0
  Charge counter: 1389185
  status: 3
  health: 2
  present: true
  level: 21
  scale: 100
  voltage: 3489
  temperature: 282
  technology: Li-ion
Current Battery Service state:
  AC powered: false
  USB powered: false
  Wireless powered: false
  Max charging current: 0
  Max charging voltage: 0
  Charge counter: 1389185
  status: 3
  health: 2
  present: true
  level: 21
  scale: 100
  voltage: 3489
  temperature: 282
  technology: Li-ion
Current Battery Service state:
  AC powered: false
  USB powered: false
  Wireless powered: false
  Max charging current: 0
  Max charging voltage: 0
  Charge counter: 1389185
  status: 3
  health: 2
  present: true
  level: 21
  scale: 100
  voltage: 3489
  temperature: 282
  technology: Li-ion
Current Battery Service state:
  AC powered: false
  USB powered: false
  Wireless powered: false
  Max charging current: 0
  Max charging voltage: 0
  Charge counter: 1389185
  status: 3
  health: 2
  present: true
  level: 21
  scale: 100
  voltage: 3489
  temperature: 282
  technology: Li-ion
Current Battery Service state:
  AC powered: false
  USB powered: false
  Wireless powered: false
  Max charging current: 0
  Max charging voltage: 0
  Charge counter: 1389185
  status: 3
  health: 2
  present: true
  level: 21
  scale: 100
  voltage: 3489
  temperature: 282
  technology: Li-ion
Current Battery Service state:
  AC powered: false
  USB powered: false
  Wireless powered: false
  Max charging current: 0
  Max charging voltage: 0
  Charge counter: 1389185
  status: 3
  health: 2
  present: true
  level: 21
  scale: 100
  voltage: 3489
  temperature: 282
  technology: Li-ion
Current Battery Service state:
  AC powered: false
  USB powered: false
  Wireless powered: false
  Max charging current: 0
  Max charging voltage: 0
  Charge counter: 1389185
  status: 3
  health: 2
  present: true
  level: 21
  scale: 100
  voltage: 3489
  temperature: 282
  technology: Li-ion
Current Battery Service state:
  AC powered: false
  USB powered: false
  Wireless powered: false
  Max charging current: 0
  Max charging voltage: 0
  Charge counter: 1389185
  status: 3
  health: 2
  present: true
  level: 21
  scale: 100
  voltage: 3489
  temperature: 282
  technology: Li-ion
Current Battery Service state:
  AC powered: false
  USB powered: false
  Wireless powered: false
  Max charging current: 0
  Max charging voltage: 0
  Charge counter: 1389185
  status: 3
  health: 2
  present: true
  level: 21
  scale: 100
  voltage: 3489
  temperature: 282
  technology: Li-ion
Current Battery Service state:
  AC powered: false
  USB powered: false
  Wireless powered: false
  Max charging current: 0
  Max charging voltage: 0
  Charge counter: 1389185
  status: 3
  health: 2
  present: true
  level: 21
  scale: 100
  voltage: 3489
  temperature: 282
  technology: Li-ion
Current Battery Service state:
  AC powered: false
  USB powered: false
  Wireless powered: false
  Max charging current: 0
  Max charging voltage: 0
  Charge counter: 1383073
  status: 3
  health: 2
  present: true
  level: 21
  scale: 100
  voltage: 3487
  temperature: 287
  technology: Li-ion
Current Battery Service state:
  AC powered: false
  USB powered: false
  Wireless powered: false
  Max charging current: 0
  Max charging voltage: 0
  Charge counter: 1382460
  status: 3
  health: 2
  present: true
  level: 21
  scale: 100
  voltage: 3488
  temperature: 287
  technology: Li-ion
Current Battery Service state:
  AC powered: false
  USB powered: false
  Wireless powered: false
  Max charging current: 0
  Max charging voltage: 0
  Charge counter: 1382460
  status: 3
  health: 2
  present: true
  level: 21
  scale: 100
  voltage: 3488
  temperature: 287
  technology: Li-ion
Current Battery Service state:
  AC powered: false
  USB powered: false
  Wireless powered: false
  Max charging current: 0
  Max charging voltage: 0
  Charge counter: 1382460
  status: 3
  health: 2
  present: true
  level: 21
  scale: 100
  voltage: 3488
  temperature: 287
  technology: Li-ion
Current Battery Service state:
  AC powered: false
  USB powered: false
  Wireless powered: false
  Max charging current: 0
  Max charging voltage: 0
  Charge counter: 1382460
  status: 3
  health: 2
  present: true
  level: 21
  scale: 100
  voltage: 3488
  temperature: 287
  technology: Li-ion
Current Battery Service state:
  AC powered: false
  USB powered: false
  Wireless powered: false
  Max charging current: 0
  Max charging voltage: 0
  Charge counter: 1382460
  status: 3
  health: 2
  present: true
  level: 21
  scale: 100
  voltage: 3488
  temperature: 287
  technology: Li-ion
Current Battery Service state:
  AC powered: false
  USB powered: false
  Wireless powered: false
  Max charging current: 0
  Max charging voltage: 0
  Charge counter: 1382460
  status: 3
  health: 2
  present: true
  level: 21
  scale: 100
  voltage: 3488
  temperature: 287
  technology: Li-ion
Current Battery Service state:
  AC powered: false
  USB powered: false
  Wireless powered: false
  Max charging current: 0
  Max charging voltage: 0
  Charge counter: 1382460
  status: 3
  health: 2
  present: true
  level: 21
  scale: 100
  voltage: 3488
  temperature: 287
  technology: Li-ion
Current Battery Service state:
  AC powered: false
  USB powered: false
  Wireless powered: false
  Max charging current: 0
  Max charging voltage: 0
  Charge counter: 1382460
  status: 3
  health: 2
  present: true
  level: 21
  scale: 100
  voltage: 3488
  temperature: 287
  technology: Li-ion
Current Battery Service state:
  AC powered: false
  USB powered: false
  Wireless powered: false
  Max charging current: 0
  Max charging voltage: 0
  Charge counter: 1382460
  status: 3
  health: 2
  present: true
  level: 21
  scale: 100
  voltage: 3488
  temperature: 287
  technology: Li-ion
Current Battery Service state:
  AC powered: false
  USB powered: false
  Wireless powered: false
  Max charging current: 0
  Max charging voltage: 0
  Charge counter: 1377026
  status: 3
  health: 2
  present: true
  level: 21
  scale: 100
  voltage: 3486
  temperature: 287
  technology: Li-ion
Current Battery Service state:
  AC powered: false
  USB powered: false
  Wireless powered: false
  Max charging current: 0
  Max charging voltage: 0
  Charge counter: 1377026
  status: 3
  health: 2
  present: true
  level: 21
  scale: 100
  voltage: 3486
  temperature: 287
  technology: Li-ion
Current Battery Service state:
  AC powered: false
  USB powered: false
  Wireless powered: false
  Max charging current: 0
  Max charging voltage: 0
  Charge counter: 1377026
  status: 3
  health: 2
  present: true
  level: 21
  scale: 100
  voltage: 3486
  temperature: 287
  technology: Li-ion
Current Battery Service state:
  AC powered: false
  USB powered: false
  Wireless powered: false
  Max charging current: 0
  Max charging voltage: 0
  Charge counter: 1377026
  status: 3
  health: 2
  present: true
  level: 21
  scale: 100
  voltage: 3486
  temperature: 287
  technology: Li-ion
Current Battery Service state:
  AC powered: false
  USB powered: false
  Wireless powered: false
  Max charging current: 0
  Max charging voltage: 0
  Charge counter: 1377026
  status: 3
  health: 2
  present: true
  level: 21
  scale: 100
  voltage: 3486
  temperature: 287
  technology: Li-ion
Current Battery Service state:
  AC powered: false
  USB powered: false
  Wireless powered: false
  Max charging current: 0
  Max charging voltage: 0
  Charge counter: 1377026
  status: 3
  health: 2
  present: true
  level: 21
  scale: 100
  voltage: 3486
  temperature: 287
  technology: Li-ion
Current Battery Service state:
  AC powered: false
  USB powered: false
  Wireless powered: false
  Max charging current: 0
  Max charging voltage: 0
  Charge counter: 1377026
  status: 3
  health: 2
  present: true
  level: 21
  scale: 100
  voltage: 3486
  temperature: 287
  technology: Li-ion
Current Battery Service state:
  AC powered: false
  USB powered: false
  Wireless powered: false
  Max charging current: 0
  Max charging voltage: 0
  Charge counter: 1373498
  status: 3
  health: 2
  present: true
  level: 21
  scale: 100
  voltage: 3484
  temperature: 287
  technology: Li-ion
Current Battery Service state:
  AC powered: false
  USB powered: false
  Wireless powered: false
  Max charging current: 0
  Max charging voltage: 0
  Charge counter: 1373498
  status: 3
  health: 2
  present: true
  level: 21
  scale: 100
  voltage: 3484
  temperature: 287
  technology: Li-ion
Current Battery Service state:
  AC powered: false
  USB powered: false
  Wireless powered: false
  Max charging current: 0
  Max charging voltage: 0
  Charge counter: 1373498
  status: 3
  health: 2
  present: true
  level: 21
  scale: 100
  voltage: 3484
  temperature: 287
  technology: Li-ion
Current Battery Service state:
  AC powered: false
  USB powered: false
  Wireless powered: false
  Max charging current: 0
  Max charging voltage: 0
  Charge counter: 1371126
  status: 3
  health: 2
  present: true
  level: 21
  scale: 100
  voltage: 3484
  temperature: 287
  technology: Li-ion
Current Battery Service state:
  AC powered: false
  USB powered: false
  Wireless powered: false
  Max charging current: 0
  Max charging voltage: 0
  Charge counter: 1371126
  status: 3
  health: 2
  present: true
  level: 21
  scale: 100
  voltage: 3484
  temperature: 287
  technology: Li-ion
Current Battery Service state:
  AC powered: false
  USB powered: false
  Wireless powered: false
  Max charging current: 0
  Max charging voltage: 0
  Charge counter: 1371126
  status: 3
  health: 2
  present: true
  level: 21
  scale: 100
  voltage: 3484
  temperature: 287
  technology: Li-ion
Current Battery Service state:
  AC powered: false
  USB powered: false
  Wireless powered: false
  Max charging current: 0
  Max charging voltage: 0
  Charge counter: 1371126
  status: 3
  health: 2
  present: true
  level: 21
  scale: 100
  voltage: 3484
  temperature: 287
  technology: Li-ion
Current Battery Service state:
  AC powered: false
  USB powered: false
  Wireless powered: false
  Max charging current: 0
  Max charging voltage: 0
  Charge counter: 1371126
  status: 3
  health: 2
  present: true
  level: 21
  scale: 100
  voltage: 3484
  temperature: 287
  technology: Li-ion
Current Battery Service state:
  AC powered: false
  USB powered: false
  Wireless powered: false
  Max charging current: 0
  Max charging voltage: 0
  Charge counter: 1371126
  status: 3
  health: 2
  present: true
  level: 21
  scale: 100
  voltage: 3484
  temperature: 287
  technology: Li-ion
Current Battery Service state:
  AC powered: false
  USB powered: false
  Wireless powered: false
  Max charging current: 0
  Max charging voltage: 0
  Charge counter: 1371126
  status: 3
  health: 2
  present: true
  level: 21
  scale: 100
  voltage: 3484
  temperature: 287
  technology: Li-ion
Current Battery Service state:
  AC powered: false
  USB powered: false
  Wireless powered: false
  Max charging current: 0
  Max charging voltage: 0
  Charge counter: 1371126
  status: 3
  health: 2
  present: true
  level: 21
  scale: 100
  voltage: 3484
  temperature: 287
  technology: Li-ion
Current Battery Service state:
  AC powered: false
  USB powered: false
  Wireless powered: false
  Max charging current: 0
  Max charging voltage: 0
  Charge counter: 1371126
  status: 3
  health: 2
  present: true
  level: 21
  scale: 100
  voltage: 3484
  temperature: 287
  technology: Li-ion
Current Battery Service state:
  AC powered: false
  USB powered: false
  Wireless powered: false
  Max charging current: 0
  Max charging voltage: 0
  Charge counter: 1371126
  status: 3
  health: 2
  present: true
  level: 21
  scale: 100
  voltage: 3484
  temperature: 287
  technology: Li-ion
Current Battery Service state:
  AC powered: false
  USB powered: false
  Wireless powered: false
  Max charging current: 0
  Max charging voltage: 0
  Charge counter: 1364999
  status: 3
  health: 2
  present: true
  level: 21
  scale: 100
  voltage: 3480
  temperature: 287
  technology: Li-ion
Current Battery Service state:
  AC powered: false
  USB powered: false
  Wireless powered: false
  Max charging current: 0
  Max charging voltage: 0
  Charge counter: 1364019
  status: 3
  health: 2
  present: true
  level: 20
  scale: 100
  voltage: 3483
  temperature: 287
  technology: Li-ion
Current Battery Service state:
  AC powered: false
  USB powered: false
  Wireless powered: false
  Max charging current: 0
  Max charging voltage: 0
  Charge counter: 1364019
  status: 3
  health: 2
  present: true
  level: 20
  scale: 100
  voltage: 3483
  temperature: 287
  technology: Li-ion
Current Battery Service state:
  AC powered: false
  USB powered: false
  Wireless powered: false
  Max charging current: 0
  Max charging voltage: 0
  Charge counter: 1364019
  status: 3
  health: 2
  present: true
  level: 20
  scale: 100
  voltage: 3483
  temperature: 287
  technology: Li-ion
Current Battery Service state:
  AC powered: false
  USB powered: false
  Wireless powered: false
  Max charging current: 0
  Max charging voltage: 0
  Charge counter: 1364019
  status: 3
  health: 2
  present: true
  level: 20
  scale: 100
  voltage: 3483
  temperature: 287
  technology: Li-ion
Current Battery Service state:
  AC powered: false
  USB powered: false
  Wireless powered: false
  Max charging current: 0
  Max charging voltage: 0
  Charge counter: 1364019
  status: 3
  health: 2
  present: true
  level: 20
  scale: 100
  voltage: 3483
  temperature: 287
  technology: Li-ion
Current Battery Service state:
  AC powered: false
  USB powered: false
  Wireless powered: false
  Max charging current: 0
  Max charging voltage: 0
  Charge counter: 1364019
  status: 3
  health: 2
  present: true
  level: 20
  scale: 100
  voltage: 3483
  temperature: 287
  technology: Li-ion
Current Battery Service state:
  AC powered: false
  USB powered: false
  Wireless powered: false
  Max charging current: 0
  Max charging voltage: 0
  Charge counter: 1364019
  status: 3
  health: 2
  present: true
  level: 20
  scale: 100
  voltage: 3483
  temperature: 287
  technology: Li-ion
Current Battery Service state:
  AC powered: false
  USB powered: false
  Wireless powered: false
  Max charging current: 0
  Max charging voltage: 0
  Charge counter: 1364019
  status: 3
  health: 2
  present: true
  level: 20
  scale: 100
  voltage: 3483
  temperature: 287
  technology: Li-ion
Current Battery Service state:
  AC powered: false
  USB powered: false
  Wireless powered: false
  Max charging current: 0
  Max charging voltage: 0
  Charge counter: 1359284
  status: 3
  health: 2
  present: true
  level: 20
  scale: 100
  voltage: 3484
  temperature: 287
  technology: Li-ion
Current Battery Service state:
  AC powered: false
  USB powered: false
  Wireless powered: false
  Max charging current: 0
  Max charging voltage: 0
  Charge counter: 1358702
  status: 3
  health: 2
  present: true
  level: 20
  scale: 100
  voltage: 3484
  temperature: 287
  technology: Li-ion
Current Battery Service state:
  AC powered: false
  USB powered: false
  Wireless powered: false
  Max charging current: 0
  Max charging voltage: 0
  Charge counter: 1358702
  status: 3
  health: 2
  present: true
  level: 20
  scale: 100
  voltage: 3484
  temperature: 287
  technology: Li-ion
Current Battery Service state:
  AC powered: false
  USB powered: false
  Wireless powered: false
  Max charging current: 0
  Max charging voltage: 0
  Charge counter: 1358702
  status: 3
  health: 2
  present: true
  level: 20
  scale: 100
  voltage: 3484
  temperature: 287
  technology: Li-ion
Current Battery Service state:
  AC powered: false
  USB powered: false
  Wireless powered: false
  Max charging current: 0
  Max charging voltage: 0
  Charge counter: 1358702
  status: 3
  health: 2
  present: true
  level: 20
  scale: 100
  voltage: 3484
  temperature: 287
  technology: Li-ion
Current Battery Service state:
  AC powered: false
  USB powered: false
  Wireless powered: false
  Max charging current: 0
  Max charging voltage: 0
  Charge counter: 1358702
  status: 3
  health: 2
  present: true
  level: 20
  scale: 100
  voltage: 3484
  temperature: 287
  technology: Li-ion
Current Battery Service state:
  AC powered: false
  USB powered: false
  Wireless powered: false
  Max charging current: 0
  Max charging voltage: 0
  Charge counter: 1358702
  status: 3
  health: 2
  present: true
  level: 20
  scale: 100
  voltage: 3484
  temperature: 287
  technology: Li-ion
Current Battery Service state:
  AC powered: false
  USB powered: false
  Wireless powered: false
  Max charging current: 0
  Max charging voltage: 0
  Charge counter: 1358702
  status: 3
  health: 2
  present: true
  level: 20
  scale: 100
  voltage: 3484
  temperature: 287
  technology: Li-ion
Current Battery Service state:
  AC powered: false
  USB powered: false
  Wireless powered: false
  Max charging current: 0
  Max charging voltage: 0
  Charge counter: 1358702
  status: 3
  health: 2
  present: true
  level: 20
  scale: 100
  voltage: 3484
  temperature: 287
  technology: Li-ion
Current Battery Service state:
  AC powered: false
  USB powered: false
  Wireless powered: false
  Max charging current: 0
  Max charging voltage: 0
  Charge counter: 1358702
  status: 3
  health: 2
  present: true
  level: 20
  scale: 100
  voltage: 3484
  temperature: 287
  technology: Li-ion
Current Battery Service state:
  AC powered: false
  USB powered: false
  Wireless powered: false
  Max charging current: 0
  Max charging voltage: 0
  Charge counter: 1358702
  status: 3
  health: 2
  present: true
  level: 20
  scale: 100
  voltage: 3484
  temperature: 287
  technology: Li-ion
Current Battery Service state:
  AC powered: false
  USB powered: false
  Wireless powered: false
  Max charging current: 0
  Max charging voltage: 0
  Charge counter: 1352954
  status: 3
  health: 2
  present: true
  level: 20
  scale: 100
  voltage: 3480
  temperature: 287
  technology: Li-ion
Current Battery Service state:
  AC powered: false
  USB powered: false
  Wireless powered: false
  Max charging current: 0
  Max charging voltage: 0
  Charge counter: 1352954
  status: 3
  health: 2
  present: true
  level: 20
  scale: 100
  voltage: 3480
  temperature: 287
  technology: Li-ion
Current Battery Service state:
  AC powered: false
  USB powered: false
  Wireless powered: false
  Max charging current: 0
  Max charging voltage: 0
  Charge counter: 1352954
  status: 3
  health: 2
  present: true
  level: 20
  scale: 100
  voltage: 3480
  temperature: 287
  technology: Li-ion
Current Battery Service state:
  AC powered: false
  USB powered: false
  Wireless powered: false
  Max charging current: 0
  Max charging voltage: 0
  Charge counter: 1352954
  status: 3
  health: 2
  present: true
  level: 20
  scale: 100
  voltage: 3480
  temperature: 287
  technology: Li-ion
Current Battery Service state:
  AC powered: false
  USB powered: false
  Wireless powered: false
  Max charging current: 0
  Max charging voltage: 0
  Charge counter: 1352954
  status: 3
  health: 2
  present: true
  level: 20
  scale: 100
  voltage: 3480
  temperature: 287
  technology: Li-ion
Current Battery Service state:
  AC powered: false
  USB powered: false
  Wireless powered: false
  Max charging current: 0
  Max charging voltage: 0
  Charge counter: 1352954
  status: 3
  health: 2
  present: true
  level: 20
  scale: 100
  voltage: 3480
  temperature: 287
  technology: Li-ion
Current Battery Service state:
  AC powered: false
  USB powered: false
  Wireless powered: false
  Max charging current: 0
  Max charging voltage: 0
  Charge counter: 1352954
  status: 3
  health: 2
  present: true
  level: 20
  scale: 100
  voltage: 3480
  temperature: 287
  technology: Li-ion
Current Battery Service state:
  AC powered: false
  USB powered: false
  Wireless powered: false
  Max charging current: 0
  Max charging voltage: 0
  Charge counter: 1352954
  status: 3
  health: 2
  present: true
  level: 20
  scale: 100
  voltage: 3480
  temperature: 287
  technology: Li-ion
Current Battery Service state:
  AC powered: false
  USB powered: false
  Wireless powered: false
  Max charging current: 0
  Max charging voltage: 0
  Charge counter: 1352954
  status: 3
  health: 2
  present: true
  level: 20
  scale: 100
  voltage: 3480
  temperature: 287
  technology: Li-ion
Current Battery Service state:
  AC powered: false
  USB powered: false
  Wireless powered: false
  Max charging current: 0
  Max charging voltage: 0
  Charge counter: 1352954
  status: 3
  health: 2
  present: true
  level: 20
  scale: 100
  voltage: 3480
  temperature: 287
  technology: Li-ion
Current Battery Service state:
  AC powered: false
  USB powered: false
  Wireless powered: false
  Max charging current: 0
  Max charging voltage: 0
  Charge counter: 1346868
  status: 3
  health: 2
  present: true
  level: 20
  scale: 100
  voltage: 3480
  temperature: 287
  technology: Li-ion
Current Battery Service state:
  AC powered: false
  USB powered: false
  Wireless powered: false
  Max charging current: 0
  Max charging voltage: 0
  Charge counter: 1346868
  status: 3
  health: 2
  present: true
  level: 20
  scale: 100
  voltage: 3480
  temperature: 287
  technology: Li-ion
Current Battery Service state:
  AC powered: false
  USB powered: false
  Wireless powered: false
  Max charging current: 0
  Max charging voltage: 0
  Charge counter: 1346868
  status: 3
  health: 2
  present: true
  level: 20
  scale: 100
  voltage: 3480
  temperature: 287
  technology: Li-ion
Current Battery Service state:
  AC powered: false
  USB powered: false
  Wireless powered: false
  Max charging current: 0
  Max charging voltage: 0
  Charge counter: 1346868
  status: 3
  health: 2
  present: true
  level: 20
  scale: 100
  voltage: 3480
  temperature: 287
  technology: Li-ion
Current Battery Service state:
  AC powered: false
  USB powered: false
  Wireless powered: false
  Max charging current: 0
  Max charging voltage: 0
  Charge counter: 1346868
  status: 3
  health: 2
  present: true
  level: 20
  scale: 100
  voltage: 3480
  temperature: 287
  technology: Li-ion
Current Battery Service state:
  AC powered: false
  USB powered: false
  Wireless powered: false
  Max charging current: 0
  Max charging voltage: 0
  Charge counter: 1346868
  status: 3
  health: 2
  present: true
  level: 20
  scale: 100
  voltage: 3480
  temperature: 287
  technology: Li-ion
Current Battery Service state:
  AC powered: false
  USB powered: false
  Wireless powered: false
  Max charging current: 0
  Max charging voltage: 0
  Charge counter: 1346868
  status: 3
  health: 2
  present: true
  level: 20
  scale: 100
  voltage: 3480
  temperature: 287
  technology: Li-ion
Current Battery Service state:
  AC powered: false
  USB powered: false
  Wireless powered: false
  Max charging current: 0
  Max charging voltage: 0
  Charge counter: 1346868
  status: 3
  health: 2
  present: true
  level: 20
  scale: 100
  voltage: 3480
  temperature: 287
  technology: Li-ion
Current Battery Service state:
  AC powered: false
  USB powered: false
  Wireless powered: false
  Max charging current: 0
  Max charging voltage: 0
  Charge counter: 1346868
  status: 3
  health: 2
  present: true
  level: 20
  scale: 100
  voltage: 3480
  temperature: 287
  technology: Li-ion
Current Battery Service state:
  AC powered: false
  USB powered: false
  Wireless powered: false
  Max charging current: 0
  Max charging voltage: 0
  Charge counter: 1346868
  status: 3
  health: 2
  present: true
  level: 20
  scale: 100
  voltage: 3480
  temperature: 287
  technology: Li-ion
Current Battery Service state:
  AC powered: false
  USB powered: false
  Wireless powered: false
  Max charging current: 0
  Max charging voltage: 0
  Charge counter: 1340954
  status: 3
  health: 2
  present: true
  level: 20
  scale: 100
  voltage: 3478
  temperature: 285
  technology: Li-ion
Current Battery Service state:
  AC powered: false
  USB powered: false
  Wireless powered: false
  Max charging current: 0
  Max charging voltage: 0
  Charge counter: 1340954
  status: 3
  health: 2
  present: true
  level: 20
  scale: 100
  voltage: 3478
  temperature: 285
  technology: Li-ion
Current Battery Service state:
  AC powered: false
  USB powered: false
  Wireless powered: false
  Max charging current: 0
  Max charging voltage: 0
  Charge counter: 1340954
  status: 3
  health: 2
  present: true
  level: 20
  scale: 100
  voltage: 3478
  temperature: 285
  technology: Li-ion
Current Battery Service state:
  AC powered: false
  USB powered: false
  Wireless powered: false
  Max charging current: 0
  Max charging voltage: 0
  Charge counter: 1340954
  status: 3
  health: 2
  present: true
  level: 20
  scale: 100
  voltage: 3478
  temperature: 285
  technology: Li-ion
Current Battery Service state:
  AC powered: false
  USB powered: false
  Wireless powered: false
  Max charging current: 0
  Max charging voltage: 0
  Charge counter: 1340954
  status: 3
  health: 2
  present: true
  level: 20
  scale: 100
  voltage: 3478
  temperature: 285
  technology: Li-ion
Current Battery Service state:
  AC powered: false
  USB powered: false
  Wireless powered: false
  Max charging current: 0
  Max charging voltage: 0
  Charge counter: 1340954
  status: 3
  health: 2
  present: true
  level: 20
  scale: 100
  voltage: 3478
  temperature: 285
  technology: Li-ion
Current Battery Service state:
  AC powered: false
  USB powered: false
  Wireless powered: false
  Max charging current: 0
  Max charging voltage: 0
  Charge counter: 1340954
  status: 3
  health: 2
  present: true
  level: 20
  scale: 100
  voltage: 3478
  temperature: 285
  technology: Li-ion
Current Battery Service state:
  AC powered: false
  USB powered: false
  Wireless powered: false
  Max charging current: 0
  Max charging voltage: 0
  Charge counter: 1340954
  status: 3
  health: 2
  present: true
  level: 20
  scale: 100
  voltage: 3478
  temperature: 285
  technology: Li-ion
Current Battery Service state:
  AC powered: false
  USB powered: false
  Wireless powered: false
  Max charging current: 0
  Max charging voltage: 0
  Charge counter: 1340954
  status: 3
  health: 2
  present: true
  level: 20
  scale: 100
  voltage: 3478
  temperature: 285
  technology: Li-ion
Current Battery Service state:
  AC powered: false
  USB powered: false
  Wireless powered: false
  Max charging current: 0
  Max charging voltage: 0
  Charge counter: 1340954
  status: 3
  health: 2
  present: true
  level: 20
  scale: 100
  voltage: 3478
  temperature: 285
  technology: Li-ion
Current Battery Service state:
  AC powered: false
  USB powered: false
  Wireless powered: false
  Max charging current: 0
  Max charging voltage: 0
  Charge counter: 1335013
  status: 3
  health: 2
  present: true
  level: 20
  scale: 100
  voltage: 3476
  temperature: 287
  technology: Li-ion
Current Battery Service state:
  AC powered: false
  USB powered: false
  Wireless powered: false
  Max charging current: 0
  Max charging voltage: 0
  Charge counter: 1335013
  status: 3
  health: 2
  present: true
  level: 20
  scale: 100
  voltage: 3476
  temperature: 287
  technology: Li-ion
Current Battery Service state:
  AC powered: false
  USB powered: false
  Wireless powered: false
  Max charging current: 0
  Max charging voltage: 0
  Charge counter: 1335013
  status: 3
  health: 2
  present: true
  level: 20
  scale: 100
  voltage: 3476
  temperature: 287
  technology: Li-ion
Current Battery Service state:
  AC powered: false
  USB powered: false
  Wireless powered: false
  Max charging current: 0
  Max charging voltage: 0
  Charge counter: 1335013
  status: 3
  health: 2
  present: true
  level: 20
  scale: 100
  voltage: 3476
  temperature: 287
  technology: Li-ion
Current Battery Service state:
  AC powered: false
  USB powered: false
  Wireless powered: false
  Max charging current: 0
  Max charging voltage: 0
  Charge counter: 1335013
  status: 3
  health: 2
  present: true
  level: 20
  scale: 100
  voltage: 3476
  temperature: 287
  technology: Li-ion
Current Battery Service state:
  AC powered: false
  USB powered: false
  Wireless powered: false
  Max charging current: 0
  Max charging voltage: 0
  Charge counter: 1335013
  status: 3
  health: 2
  present: true
  level: 20
  scale: 100
  voltage: 3476
  temperature: 287
  technology: Li-ion
Current Battery Service state:
  AC powered: false
  USB powered: false
  Wireless powered: false
  Max charging current: 0
  Max charging voltage: 0
  Charge counter: 1335013
  status: 3
  health: 2
  present: true
  level: 20
  scale: 100
  voltage: 3476
  temperature: 287
  technology: Li-ion
Current Battery Service state:
  AC powered: false
  USB powered: false
  Wireless powered: false
  Max charging current: 0
  Max charging voltage: 0
  Charge counter: 1335013
  status: 3
  health: 2
  present: true
  level: 20
  scale: 100
  voltage: 3476
  temperature: 287
  technology: Li-ion
Current Battery Service state:
  AC powered: false
  USB powered: false
  Wireless powered: false
  Max charging current: 0
  Max charging voltage: 0
  Charge counter: 1335013
  status: 3
  health: 2
  present: true
  level: 20
  scale: 100
  voltage: 3476
  temperature: 287
  technology: Li-ion
Current Battery Service state:
  AC powered: false
  USB powered: false
  Wireless powered: false
  Max charging current: 0
  Max charging voltage: 0
  Charge counter: 1335013
  status: 3
  health: 2
  present: true
  level: 20
  scale: 100
  voltage: 3476
  temperature: 287
  technology: Li-ion
Current Battery Service state:
  AC powered: false
  USB powered: false
  Wireless powered: false
  Max charging current: 0
  Max charging voltage: 0
  Charge counter: 1328891
  status: 3
  health: 2
  present: true
  level: 20
  scale: 100
  voltage: 3471
  temperature: 290
  technology: Li-ion
Current Battery Service state:
  AC powered: false
  USB powered: false
  Wireless powered: false
  Max charging current: 0
  Max charging voltage: 0
  Charge counter: 1328366
  status: 3
  health: 2
  present: true
  level: 19
  scale: 100
  voltage: 3474
  temperature: 290
  technology: Li-ion
Current Battery Service state:
  AC powered: false
  USB powered: false
  Wireless powered: false
  Max charging current: 0
  Max charging voltage: 0
  Charge counter: 1327751
  status: 3
  health: 2
  present: true
  level: 19
  scale: 100
  voltage: 3475
  temperature: 290
  technology: Li-ion
Current Battery Service state:
  AC powered: false
  USB powered: false
  Wireless powered: false
  Max charging current: 0
  Max charging voltage: 0
  Charge counter: 1327751
  status: 3
  health: 2
  present: true
  level: 19
  scale: 100
  voltage: 3475
  temperature: 290
  technology: Li-ion
Current Battery Service state:
  AC powered: false
  USB powered: false
  Wireless powered: false
  Max charging current: 0
  Max charging voltage: 0
  Charge counter: 1327751
  status: 3
  health: 2
  present: true
  level: 19
  scale: 100
  voltage: 3475
  temperature: 290
  technology: Li-ion
Current Battery Service state:
  AC powered: false
  USB powered: false
  Wireless powered: false
  Max charging current: 0
  Max charging voltage: 0
  Charge counter: 1327751
  status: 3
  health: 2
  present: true
  level: 19
  scale: 100
  voltage: 3475
  temperature: 290
  technology: Li-ion
Current Battery Service state:
  AC powered: false
  USB powered: false
  Wireless powered: false
  Max charging current: 0
  Max charging voltage: 0
  Charge counter: 1327751
  status: 3
  health: 2
  present: true
  level: 19
  scale: 100
  voltage: 3475
  temperature: 290
  technology: Li-ion
Current Battery Service state:
  AC powered: false
  USB powered: false
  Wireless powered: false
  Max charging current: 0
  Max charging voltage: 0
  Charge counter: 1327751
  status: 3
  health: 2
  present: true
  level: 19
  scale: 100
  voltage: 3475
  temperature: 290
  technology: Li-ion
Current Battery Service state:
  AC powered: false
  USB powered: false
  Wireless powered: false
  Max charging current: 0
  Max charging voltage: 0
  Charge counter: 1327751
  status: 3
  health: 2
  present: true
  level: 19
  scale: 100
  voltage: 3475
  temperature: 290
  technology: Li-ion
Current Battery Service state:
  AC powered: false
  USB powered: false
  Wireless powered: false
  Max charging current: 0
  Max charging voltage: 0
  Charge counter: 1327751
  status: 3
  health: 2
  present: true
  level: 19
  scale: 100
  voltage: 3475
  temperature: 290
  technology: Li-ion
Current Battery Service state:
  AC powered: false
  USB powered: false
  Wireless powered: false
  Max charging current: 0
  Max charging voltage: 0
  Charge counter: 1322985
  status: 3
  health: 2
  present: true
  level: 19
  scale: 100
  voltage: 3473
  temperature: 287
  technology: Li-ion
Current Battery Service state:
  AC powered: false
  USB powered: false
  Wireless powered: false
  Max charging current: 0
  Max charging voltage: 0
  Charge counter: 1322985
  status: 3
  health: 2
  present: true
  level: 19
  scale: 100
  voltage: 3473
  temperature: 287
  technology: Li-ion
Current Battery Service state:
  AC powered: false
  USB powered: false
  Wireless powered: false
  Max charging current: 0
  Max charging voltage: 0
  Charge counter: 1322985
  status: 3
  health: 2
  present: true
  level: 19
  scale: 100
  voltage: 3473
  temperature: 287
  technology: Li-ion
Current Battery Service state:
  AC powered: false
  USB powered: false
  Wireless powered: false
  Max charging current: 0
  Max charging voltage: 0
  Charge counter: 1322985
  status: 3
  health: 2
  present: true
  level: 19
  scale: 100
  voltage: 3473
  temperature: 287
  technology: Li-ion
Current Battery Service state:
  AC powered: false
  USB powered: false
  Wireless powered: false
  Max charging current: 0
  Max charging voltage: 0
  Charge counter: 1322985
  status: 3
  health: 2
  present: true
  level: 19
  scale: 100
  voltage: 3473
  temperature: 287
  technology: Li-ion
Current Battery Service state:
  AC powered: false
  USB powered: false
  Wireless powered: false
  Max charging current: 0
  Max charging voltage: 0
  Charge counter: 1322985
  status: 3
  health: 2
  present: true
  level: 19
  scale: 100
  voltage: 3473
  temperature: 287
  technology: Li-ion
Current Battery Service state:
  AC powered: false
  USB powered: false
  Wireless powered: false
  Max charging current: 0
  Max charging voltage: 0
  Charge counter: 1322985
  status: 3
  health: 2
  present: true
  level: 19
  scale: 100
  voltage: 3473
  temperature: 287
  technology: Li-ion
Current Battery Service state:
  AC powered: false
  USB powered: false
  Wireless powered: false
  Max charging current: 0
  Max charging voltage: 0
  Charge counter: 1322985
  status: 3
  health: 2
  present: true
  level: 19
  scale: 100
  voltage: 3473
  temperature: 287
  technology: Li-ion
Current Battery Service state:
  AC powered: false
  USB powered: false
  Wireless powered: false
  Max charging current: 0
  Max charging voltage: 0
  Charge counter: 1322985
  status: 3
  health: 2
  present: true
  level: 19
  scale: 100
  voltage: 3473
  temperature: 287
  technology: Li-ion
Current Battery Service state:
  AC powered: false
  USB powered: false
  Wireless powered: false
  Max charging current: 0
  Max charging voltage: 0
  Charge counter: 1322985
  status: 3
  health: 2
  present: true
  level: 19
  scale: 100
  voltage: 3473
  temperature: 287
  technology: Li-ion
Current Battery Service state:
  AC powered: false
  USB powered: false
  Wireless powered: false
  Max charging current: 0
  Max charging voltage: 0
  Charge counter: 1317097
  status: 3
  health: 2
  present: true
  level: 19
  scale: 100
  voltage: 3473
  temperature: 287
  technology: Li-ion
Current Battery Service state:
  AC powered: false
  USB powered: false
  Wireless powered: false
  Max charging current: 0
  Max charging voltage: 0
  Charge counter: 1317097
  status: 3
  health: 2
  present: true
  level: 19
  scale: 100
  voltage: 3473
  temperature: 287
  technology: Li-ion
Current Battery Service state:
  AC powered: false
  USB powered: false
  Wireless powered: false
  Max charging current: 0
  Max charging voltage: 0
  Charge counter: 1317097
  status: 3
  health: 2
  present: true
  level: 19
  scale: 100
  voltage: 3473
  temperature: 287
  technology: Li-ion
Current Battery Service state:
  AC powered: false
  USB powered: false
  Wireless powered: false
  Max charging current: 0
  Max charging voltage: 0
  Charge counter: 1317097
  status: 3
  health: 2
  present: true
  level: 19
  scale: 100
  voltage: 3473
  temperature: 287
  technology: Li-ion
Current Battery Service state:
  AC powered: false
  USB powered: false
  Wireless powered: false
  Max charging current: 0
  Max charging voltage: 0
  Charge counter: 1317097
  status: 3
  health: 2
  present: true
  level: 19
  scale: 100
  voltage: 3473
  temperature: 287
  technology: Li-ion
Current Battery Service state:
  AC powered: false
  USB powered: false
  Wireless powered: false
  Max charging current: 0
  Max charging voltage: 0
  Charge counter: 1317097
  status: 3
  health: 2
  present: true
  level: 19
  scale: 100
  voltage: 3473
  temperature: 287
  technology: Li-ion
Current Battery Service state:
  AC powered: false
  USB powered: false
  Wireless powered: false
  Max charging current: 0
  Max charging voltage: 0
  Charge counter: 1317097
  status: 3
  health: 2
  present: true
  level: 19
  scale: 100
  voltage: 3473
  temperature: 287
  technology: Li-ion
Current Battery Service state:
  AC powered: false
  USB powered: false
  Wireless powered: false
  Max charging current: 0
  Max charging voltage: 0
  Charge counter: 1317097
  status: 3
  health: 2
  present: true
  level: 19
  scale: 100
  voltage: 3473
  temperature: 287
  technology: Li-ion
Current Battery Service state:
  AC powered: false
  USB powered: false
  Wireless powered: false
  Max charging current: 0
  Max charging voltage: 0
  Charge counter: 1317097
  status: 3
  health: 2
  present: true
  level: 19
  scale: 100
  voltage: 3473
  temperature: 287
  technology: Li-ion
Current Battery Service state:
  AC powered: false
  USB powered: false
  Wireless powered: false
  Max charging current: 0
  Max charging voltage: 0
  Charge counter: 1317097
  status: 3
  health: 2
  present: true
  level: 19
  scale: 100
  voltage: 3473
  temperature: 287
  technology: Li-ion
Current Battery Service state:
  AC powered: false
  USB powered: false
  Wireless powered: false
  Max charging current: 0
  Max charging voltage: 0
  Charge counter: 1310966
  status: 3
  health: 2
  present: true
  level: 19
  scale: 100
  voltage: 3456
  temperature: 290
  technology: Li-ion
Current Battery Service state:
  AC powered: false
  USB powered: false
  Wireless powered: false
  Max charging current: 0
  Max charging voltage: 0
  Charge counter: 1310966
  status: 3
  health: 2
  present: true
  level: 19
  scale: 100
  voltage: 3456
  temperature: 290
  technology: Li-ion
Current Battery Service state:
  AC powered: false
  USB powered: false
  Wireless powered: false
  Max charging current: 0
  Max charging voltage: 0
  Charge counter: 1310966
  status: 3
  health: 2
  present: true
  level: 19
  scale: 100
  voltage: 3456
  temperature: 290
  technology: Li-ion
Current Battery Service state:
  AC powered: false
  USB powered: false
  Wireless powered: false
  Max charging current: 0
  Max charging voltage: 0
  Charge counter: 1310966
  status: 3
  health: 2
  present: true
  level: 19
  scale: 100
  voltage: 3456
  temperature: 290
  technology: Li-ion
Current Battery Service state:
  AC powered: false
  USB powered: false
  Wireless powered: false
  Max charging current: 0
  Max charging voltage: 0
  Charge counter: 1310966
  status: 3
  health: 2
  present: true
  level: 19
  scale: 100
  voltage: 3456
  temperature: 290
  technology: Li-ion
Current Battery Service state:
  AC powered: false
  USB powered: false
  Wireless powered: false
  Max charging current: 0
  Max charging voltage: 0
  Charge counter: 1310966
  status: 3
  health: 2
  present: true
  level: 19
  scale: 100
  voltage: 3456
  temperature: 290
  technology: Li-ion
Current Battery Service state:
  AC powered: false
  USB powered: false
  Wireless powered: false
  Max charging current: 0
  Max charging voltage: 0
  Charge counter: 1310966
  status: 3
  health: 2
  present: true
  level: 19
  scale: 100
  voltage: 3456
  temperature: 290
  technology: Li-ion
Current Battery Service state:
  AC powered: false
  USB powered: false
  Wireless powered: false
  Max charging current: 0
  Max charging voltage: 0
  Charge counter: 1310966
  status: 3
  health: 2
  present: true
  level: 19
  scale: 100
  voltage: 3456
  temperature: 290
  technology: Li-ion
Current Battery Service state:
  AC powered: false
  USB powered: false
  Wireless powered: false
  Max charging current: 0
  Max charging voltage: 0
  Charge counter: 1310966
  status: 3
  health: 2
  present: true
  level: 19
  scale: 100
  voltage: 3456
  temperature: 290
  technology: Li-ion
Current Battery Service state:
  AC powered: false
  USB powered: false
  Wireless powered: false
  Max charging current: 0
  Max charging voltage: 0
  Charge counter: 1310966
  status: 3
  health: 2
  present: true
  level: 19
  scale: 100
  voltage: 3456
  temperature: 290
  technology: Li-ion
Current Battery Service state:
  AC powered: false
  USB powered: false
  Wireless powered: false
  Max charging current: 0
  Max charging voltage: 0
  Charge counter: 1304931
  status: 3
  health: 2
  present: true
  level: 19
  scale: 100
  voltage: 3466
  temperature: 290
  technology: Li-ion
Current Battery Service state:
  AC powered: false
  USB powered: false
  Wireless powered: false
  Max charging current: 0
  Max charging voltage: 0
  Charge counter: 1304931
  status: 3
  health: 2
  present: true
  level: 19
  scale: 100
  voltage: 3466
  temperature: 290
  technology: Li-ion
Current Battery Service state:
  AC powered: false
  USB powered: false
  Wireless powered: false
  Max charging current: 0
  Max charging voltage: 0
  Charge counter: 1304931
  status: 3
  health: 2
  present: true
  level: 19
  scale: 100
  voltage: 3466
  temperature: 290
  technology: Li-ion
Current Battery Service state:
  AC powered: false
  USB powered: false
  Wireless powered: false
  Max charging current: 0
  Max charging voltage: 0
  Charge counter: 1304931
  status: 3
  health: 2
  present: true
  level: 19
  scale: 100
  voltage: 3466
  temperature: 290
  technology: Li-ion
Current Battery Service state:
  AC powered: false
  USB powered: false
  Wireless powered: false
  Max charging current: 0
  Max charging voltage: 0
  Charge counter: 1304931
  status: 3
  health: 2
  present: true
  level: 19
  scale: 100
  voltage: 3466
  temperature: 290
  technology: Li-ion
Current Battery Service state:
  AC powered: false
  USB powered: false
  Wireless powered: false
  Max charging current: 0
  Max charging voltage: 0
  Charge counter: 1304931
  status: 3
  health: 2
  present: true
  level: 19
  scale: 100
  voltage: 3466
  temperature: 290
  technology: Li-ion
Current Battery Service state:
  AC powered: false
  USB powered: false
  Wireless powered: false
  Max charging current: 0
  Max charging voltage: 0
  Charge counter: 1304931
  status: 3
  health: 2
  present: true
  level: 19
  scale: 100
  voltage: 3466
  temperature: 290
  technology: Li-ion
Current Battery Service state:
  AC powered: false
  USB powered: false
  Wireless powered: false
  Max charging current: 0
  Max charging voltage: 0
  Charge counter: 1304931
  status: 3
  health: 2
  present: true
  level: 19
  scale: 100
  voltage: 3466
  temperature: 290
  technology: Li-ion
Current Battery Service state:
  AC powered: false
  USB powered: false
  Wireless powered: false
  Max charging current: 0
  Max charging voltage: 0
  Charge counter: 1304931
  status: 3
  health: 2
  present: true
  level: 19
  scale: 100
  voltage: 3466
  temperature: 290
  technology: Li-ion
Current Battery Service state:
  AC powered: false
  USB powered: false
  Wireless powered: false
  Max charging current: 0
  Max charging voltage: 0
  Charge counter: 1304931
  status: 3
  health: 2
  present: true
  level: 19
  scale: 100
  voltage: 3466
  temperature: 290
  technology: Li-ion
Current Battery Service state:
  AC powered: false
  USB powered: false
  Wireless powered: false
  Max charging current: 0
  Max charging voltage: 0
  Charge counter: 1298901
  status: 3
  health: 2
  present: true
  level: 19
  scale: 100
  voltage: 3467
  temperature: 290
  technology: Li-ion
Current Battery Service state:
  AC powered: false
  USB powered: false
  Wireless powered: false
  Max charging current: 0
  Max charging voltage: 0
  Charge counter: 1298901
  status: 3
  health: 2
  present: true
  level: 19
  scale: 100
  voltage: 3467
  temperature: 290
  technology: Li-ion
Current Battery Service state:
  AC powered: false
  USB powered: false
  Wireless powered: false
  Max charging current: 0
  Max charging voltage: 0
  Charge counter: 1298901
  status: 3
  health: 2
  present: true
  level: 19
  scale: 100
  voltage: 3467
  temperature: 290
  technology: Li-ion
Current Battery Service state:
  AC powered: false
  USB powered: false
  Wireless powered: false
  Max charging current: 0
  Max charging voltage: 0
  Charge counter: 1298901
  status: 3
  health: 2
  present: true
  level: 19
  scale: 100
  voltage: 3467
  temperature: 290
  technology: Li-ion
Current Battery Service state:
  AC powered: false
  USB powered: false
  Wireless powered: false
  Max charging current: 0
  Max charging voltage: 0
  Charge counter: 1298901
  status: 3
  health: 2
  present: true
  level: 19
  scale: 100
  voltage: 3467
  temperature: 290
  technology: Li-ion
Current Battery Service state:
  AC powered: false
  USB powered: false
  Wireless powered: false
  Max charging current: 0
  Max charging voltage: 0
  Charge counter: 1298901
  status: 3
  health: 2
  present: true
  level: 19
  scale: 100
  voltage: 3467
  temperature: 290
  technology: Li-ion
Current Battery Service state:
  AC powered: false
  USB powered: false
  Wireless powered: false
  Max charging current: 0
  Max charging voltage: 0
  Charge counter: 1298901
  status: 3
  health: 2
  present: true
  level: 19
  scale: 100
  voltage: 3467
  temperature: 290
  technology: Li-ion
Current Battery Service state:
  AC powered: false
  USB powered: false
  Wireless powered: false
  Max charging current: 0
  Max charging voltage: 0
  Charge counter: 1298901
  status: 3
  health: 2
  present: true
  level: 19
  scale: 100
  voltage: 3467
  temperature: 290
  technology: Li-ion
Current Battery Service state:
  AC powered: false
  USB powered: false
  Wireless powered: false
  Max charging current: 0
  Max charging voltage: 0
  Charge counter: 1298901
  status: 3
  health: 2
  present: true
  level: 19
  scale: 100
  voltage: 3467
  temperature: 290
  technology: Li-ion
Current Battery Service state:
  AC powered: false
  USB powered: false
  Wireless powered: false
  Max charging current: 0
  Max charging voltage: 0
  Charge counter: 1298901
  status: 3
  health: 2
  present: true
  level: 19
  scale: 100
  voltage: 3467
  temperature: 290
  technology: Li-ion
Current Battery Service state:
  AC powered: false
  USB powered: false
  Wireless powered: false
  Max charging current: 0
  Max charging voltage: 0
  Charge counter: 1292865
  status: 3
  health: 2
  present: true
  level: 19
  scale: 100
  voltage: 3458
  temperature: 287
  technology: Li-ion
Current Battery Service state:
  AC powered: false
  USB powered: false
  Wireless powered: false
  Max charging current: 0
  Max charging voltage: 0
  Charge counter: 1292099
  status: 3
  health: 2
  present: true
  level: 18
  scale: 100
  voltage: 3454
  temperature: 287
  technology: Li-ion
Current Battery Service state:
  AC powered: false
  USB powered: false
  Wireless powered: false
  Max charging current: 0
  Max charging voltage: 0
  Charge counter: 1291484
  status: 3
  health: 2
  present: true
  level: 18
  scale: 100
  voltage: 3458
  temperature: 292
  technology: Li-ion
Current Battery Service state:
  AC powered: false
  USB powered: false
  Wireless powered: false
  Max charging current: 0
  Max charging voltage: 0
  Charge counter: 1291484
  status: 3
  health: 2
  present: true
  level: 18
  scale: 100
  voltage: 3458
  temperature: 292
  technology: Li-ion
Current Battery Service state:
  AC powered: false
  USB powered: false
  Wireless powered: false
  Max charging current: 0
  Max charging voltage: 0
  Charge counter: 1291484
  status: 3
  health: 2
  present: true
  level: 18
  scale: 100
  voltage: 3458
  temperature: 292
  technology: Li-ion
Current Battery Service state:
  AC powered: false
  USB powered: false
  Wireless powered: false
  Max charging current: 0
  Max charging voltage: 0
  Charge counter: 1291484
  status: 3
  health: 2
  present: true
  level: 18
  scale: 100
  voltage: 3458
  temperature: 292
  technology: Li-ion
Current Battery Service state:
  AC powered: false
  USB powered: false
  Wireless powered: false
  Max charging current: 0
  Max charging voltage: 0
  Charge counter: 1291484
  status: 3
  health: 2
  present: true
  level: 18
  scale: 100
  voltage: 3458
  temperature: 292
  technology: Li-ion
Current Battery Service state:
  AC powered: false
  USB powered: false
  Wireless powered: false
  Max charging current: 0
  Max charging voltage: 0
  Charge counter: 1291484
  status: 3
  health: 2
  present: true
  level: 18
  scale: 100
  voltage: 3458
  temperature: 292
  technology: Li-ion
Current Battery Service state:
  AC powered: false
  USB powered: false
  Wireless powered: false
  Max charging current: 0
  Max charging voltage: 0
  Charge counter: 1291484
  status: 3
  health: 2
  present: true
  level: 18
  scale: 100
  voltage: 3458
  temperature: 292
  technology: Li-ion
Current Battery Service state:
  AC powered: false
  USB powered: false
  Wireless powered: false
  Max charging current: 0
  Max charging voltage: 0
  Charge counter: 1291484
  status: 3
  health: 2
  present: true
  level: 18
  scale: 100
  voltage: 3458
  temperature: 292
  technology: Li-ion
