7.36 7.61 7.96 9/2888 20958
7.36 7.61 7.96 2/2888 20998
7.36 7.61 7.96 5/2888 21025
7.36 7.61 7.96 3/2884 21052
7.49 7.64 7.96 6/2884 21079
7.49 7.64 7.96 2/2884 21106
7.49 7.64 7.96 6/2884 21133
7.49 7.64 7.96 3/2884 21160
7.49 7.64 7.96 5/2884 21193
7.61 7.66 7.97 3/2886 21223
7.61 7.66 7.97 9/2886 21259
7.61 7.66 7.97 4/2885 21286
7.61 7.66 7.97 3/2885 21313
7.61 7.66 7.97 3/2885 21340
7.73 7.68 7.97 13/2887 21387
7.73 7.68 7.97 1/2887 21414
7.73 7.68 7.97 5/2887 21447
7.73 7.68 7.97 1/2887 21474
7.73 7.68 7.97 5/2887 21502
7.75 7.69 7.98 4/2887 21536
7.75 7.69 7.98 6/2883 21563
7.75 7.69 7.98 1/2887 21596
7.75 7.69 7.98 4/2887 21624
7.75 7.69 7.98 4/2883 21651
7.61 7.66 7.96 6/2886 21684
7.61 7.66 7.96 4/2886 21712
7.61 7.66 7.96 1/2886 21739
7.61 7.66 7.96 2/2886 21772
7.61 7.66 7.96 2/2882 21799
7.56 7.65 7.96 1/2887 21833
7.56 7.65 7.96 2/2887 21861
7.56 7.65 7.96 1/2887 21888
7.56 7.65 7.96 4/2887 21915
7.56 7.65 7.96 1/2887 21942
7.75 7.69 7.97 2/2887 21975
7.75 7.69 7.97 1/2887 22002
7.75 7.69 7.97 2/2887 22029
7.75 7.69 7.97 1/2887 22062
7.75 7.69 7.97 2/2887 22089
7.77 7.69 7.97 1/2886 22116
7.77 7.69 7.97 2/2886 22144
7.77 7.69 7.97 2/2886 22171
7.77 7.69 7.97 3/2882 22198
7.77 7.69 7.97 5/2881 22231
7.55 7.65 7.95 3/2881 22258
7.55 7.65 7.95 4/2880 22286
7.55 7.65 7.95 5/2888 22321
7.55 7.65 7.95 1/2886 22354
7.55 7.65 7.95 2/2880 22381
7.51 7.64 7.95 4/2884 22414
7.51 7.64 7.95 4/2882 22441
7.51 7.64 7.95 6/2882 22469
7.51 7.64 7.95 2/2885 22505
7.51 7.64 7.95 4/2885 22532
7.39 7.61 7.94 2/2885 22571
7.39 7.61 7.94 2/2885 22604
7.39 7.61 7.94 2/2887 22637
7.39 7.61 7.94 1/2891 22670
7.39 7.61 7.94 5/2890 22698
7.28 7.58 7.93 5/2890 22725
7.28 7.58 7.93 2/2890 22752
7.28 7.58 7.93 1/2890 22780
7.28 7.58 7.93 1/2890 22808
7.28 7.58 7.93 4/2887 22835
7.17 7.56 7.92 5/2887 22862
7.17 7.56 7.92 4/2887 22889
7.17 7.56 7.92 8/2891 22920
7.17 7.56 7.92 3/2891 22948
7.17 7.56 7.92 2/2890 22975
7.00 7.51 7.90 2/2888 23002
7.00 7.51 7.90 3/2888 23029
7.00 7.51 7.90 5/2888 23057
7.00 7.51 7.90 7/2888 23085
7.00 7.51 7.90 7/2889 23113
7.56 7.62 7.93 5/2889 23140
7.56 7.62 7.93 1/2889 23167
7.56 7.62 7.93 3/2889 23194
7.56 7.62 7.93 1/2889 23221
7.56 7.62 7.93 4/2889 23248
8.08 7.73 7.97 1/2889 23275
8.08 7.73 7.97 2/2889 23302
8.08 7.73 7.97 3/2889 23329
8.08 7.73 7.97 1/2889 23356
8.08 7.73 7.97 4/2889 23384
8.15 7.75 7.97 4/2889 23413
8.15 7.75 7.97 5/2889 23440
8.15 7.75 7.97 8/2889 23473
8.15 7.75 7.97 3/2891 23506
8.15 7.75 7.97 7/2889 23533
7.98 7.72 7.96 1/2889 23560
7.98 7.72 7.96 4/2889 23587
7.98 7.72 7.96 1/2889 23614
7.98 7.72 7.96 1/2889 23641
7.98 7.72 7.96 4/2889 23669
7.74 7.67 7.95 3/2889 23696
7.74 7.67 7.95 2/2889 23723
7.74 7.67 7.95 2/2889 23750
7.74 7.67 7.95 1/2889 23777
7.74 7.67 7.95 3/2889 23804
7.92 7.71 7.96 1/2889 23831
7.92 7.71 7.96 5/2889 23858
7.92 7.71 7.96 3/2889 23885
7.92 7.71 7.96 5/2889 23912
7.92 7.71 7.96 1/2889 23939
7.93 7.72 7.96 3/2889 23967
7.93 7.72 7.96 4/2889 23994
7.93 7.72 7.96 7/2888 24021
7.93 7.72 7.96 5/2888 24054
7.93 7.72 7.96 3/2888 24081
7.69 7.67 7.94 2/2888 24108
7.69 7.67 7.94 2/2888 24135
7.69 7.67 7.94 1/2879 24169
7.69 7.67 7.94 2/2879 24196
7.69 7.67 7.94 2/2879 24223
7.56 7.64 7.93 6/2879 24269
7.56 7.64 7.93 1/2879 24296
7.56 7.64 7.93 1/2879 24323
7.56 7.64 7.93 3/2879 24350
7.56 7.64 7.93 2/2879 24377
7.99 7.73 7.96 6/2879 24404
7.99 7.73 7.96 2/2879 24431
7.99 7.73 7.96 3/2873 24459
7.99 7.73 7.96 1/2873 24486
7.99 7.73 7.96 3/2873 24513
8.07 7.75 7.96 4/2873 24540
8.07 7.75 7.96 7/2873 24568
8.07 7.75 7.96 4/2873 24595
8.07 7.75 7.96 1/2873 24622
8.07 7.75 7.96 3/2873 24649
8.31 7.81 7.98 2/2873 24676
8.31 7.81 7.98 2/2872 24709
8.31 7.81 7.98 1/2872 24736
8.31 7.81 7.98 1/2872 24763
8.31 7.81 7.98 2/2872 24790
8.52 7.86 8.00 5/2872 24817
8.52 7.86 8.00 5/2872 24844
8.52 7.86 8.00 4/2872 24872
8.52 7.86 8.00 6/2872 24899
8.52 7.86 8.00 1/2872 24926
8.56 7.88 8.00 2/2872 24953
8.56 7.88 8.00 4/2872 24980
8.56 7.88 8.00 1/2872 25007
8.56 7.88 8.00 3/2872 25040
8.56 7.88 8.00 4/2872 25067
8.68 7.92 8.01 3/2872 25094
8.68 7.92 8.01 4/2872 25121
8.68 7.92 8.01 5/2872 25149
8.68 7.92 8.01 6/2872 25176
8.68 7.92 8.01 3/2872 25203
8.86 7.97 8.03 7/2872 25242
8.86 7.97 8.03 9/2872 25269
8.86 7.97 8.03 2/2872 25296
8.86 7.97 8.03 2/2872 25323
8.86 7.97 8.03 4/2872 25350
8.55 7.92 8.01 1/2872 25377
8.55 7.92 8.01 3/2872 25404
8.55 7.92 8.01 3/2872 25431
8.55 7.92 8.01 3/2872 25459
8.55 7.92 8.01 4/2872 25486
8.51 7.92 8.01 5/2872 25513
8.51 7.92 8.01 2/2872 25540
8.51 7.92 8.01 3/2872 25567
8.51 7.92 8.01 6/2872 25594
8.51 7.92 8.01 4/2872 25621
8.39 7.90 8.01 3/2872 25648
8.39 7.90 8.01 4/2877 25691
8.39 7.90 8.01 3/2877 25718
8.39 7.90 8.01 7/2877 25752
8.39 7.90 8.01 6/2873 25779
8.20 7.87 8.00 3/2877 25812
8.20 7.87 8.00 13/2877 25839
8.20 7.87 8.00 7/2877 25867
8.20 7.87 8.00 3/2877 25894
8.20 7.87 8.00 4/2877 25927
8.18 7.88 8.00 2/2877 25966
8.18 7.88 8.00 10/2877 25993
8.18 7.88 8.00 3/2877 26020
8.18 7.88 8.00 8/2877 26047
8.18 7.88 8.00 1/2877 26075
8.17 7.88 8.00 4/2877 26108
8.17 7.88 8.00 5/2877 26142
8.17 7.88 8.00 1/2873 26171
8.17 7.88 8.00 1/2877 26204
8.17 7.88 8.00 6/2877 26231
7.99 7.85 7.99 5/2877 26258
7.99 7.85 7.99 3/2877 26286
7.99 7.85 7.99 1/2877 26313
7.99 7.85 7.99 4/2877 26340
7.99 7.85 7.99 5/2877 26367
7.83 7.82 7.98 7/2880 26399
7.83 7.82 7.98 4/2879 26432
7.83 7.82 7.98 2/2880 26463
7.83 7.82 7.98 4/2880 26490
7.83 7.82 7.98 6/2880 26517
7.85 7.82 7.98 4/2880 26544
7.85 7.82 7.98 3/2880 26571
7.85 7.82 7.98 4/2880 26598
7.85 7.82 7.98 6/2880 26625
7.85 7.82 7.98 3/2880 26652
7.70 7.79 7.97 3/2880 26680
7.70 7.79 7.97 11/2880 26707
7.70 7.79 7.97 6/2880 26734
7.70 7.79 7.97 1/2880 26761
7.70 7.79 7.97 5/2880 26788
7.40 7.73 7.94 1/2880 26815
7.40 7.73 7.94 6/2880 26842
7.40 7.73 7.94 5/2880 26869
7.40 7.73 7.94 7/2880 26897
7.40 7.73 7.94 2/2880 26930
7.45 7.73 7.94 4/2880 26963
7.45 7.73 7.94 4/2880 26991
7.45 7.73 7.94 4/2880 27018
7.45 7.73 7.94 3/2880 27045
7.45 7.73 7.94 8/2880 27072
7.58 7.75 7.95 5/2880 27099
7.58 7.75 7.95 6/2880 27126
7.58 7.75 7.95 2/2880 27159
7.58 7.75 7.95 8/2880 27192
7.58 7.75 7.95 2/2876 27219
7.53 7.74 7.94 4/2880 27252
7.53 7.74 7.94 1/2876 27280
7.53 7.74 7.94 4/2880 27313
7.53 7.74 7.94 3/2880 27340
7.53 7.74 7.94 2/2880 27367
7.49 7.73 7.94 5/2880 27394
7.49 7.73 7.94 2/2877 27421
7.49 7.73 7.94 3/2877 27448
7.49 7.73 7.94 4/2877 27475
7.49 7.73 7.94 6/2877 27502
7.61 7.75 7.95 5/2879 27535
7.61 7.75 7.95 3/2875 27562
7.61 7.75 7.95 1/2875 27591
7.61 7.75 7.95 3/2875 27618
7.61 7.75 7.95 6/2875 27645
7.88 7.80 7.96 4/2875 27684
7.88 7.80 7.96 3/2875 27717
7.88 7.80 7.96 2/2875 27750
7.88 7.80 7.96 6/2875 27777
7.88 7.80 7.96 1/2875 27804
7.89 7.81 7.96 2/2871 27831
