12-15 18:40:03.600  4875  4875 I BatteryMgr:DataCollectionService: onStartCommand: begin
12-15 18:40:03.601  4875  4875 I BatteryMgr:DataCollectionService: onStartCommand: sampleRate => 1000
12-15 18:40:03.602  4875  4875 I BatteryMgr:DataCollectionService: onStartCommand: rawFields => Timestamp,BATTERY_PROPERTY_CURRENT_NOW,EXTRA_VOLTAGE
12-15 18:40:03.604  4875  4875 I BatteryMgr:DataCollectionService: onStartCommand: notification done
12-15 18:40:03.607  4875  4875 I BatteryMgr:DataCollectionService: started foreground
12-15 18:40:03.613  4875  5296 I BatteryMgr:DataCollectionService: collectData: begin
12-15 18:40:03.619  4875  5296 I BatteryMgr:DataCollectionService: stats => 1702662003619,-1879881,3707
12-15 18:40:04.624  4875  5296 I BatteryMgr:DataCollectionService: stats => 1702662004623,-1890135,3707
12-15 18:40:05.630  4875  5296 I BatteryMgr:DataCollectionService: stats => 1702662005630,-1908202,3707
12-15 18:40:06.634  4875  5296 I BatteryMgr:DataCollectionService: stats => 1702662006634,-1917479,3707
12-15 18:40:07.640  4875  5296 I BatteryMgr:DataCollectionService: stats => 1702662007640,-1918944,3707
12-15 18:40:08.646  4875  5296 I BatteryMgr:DataCollectionService: stats => 1702662008646,-1892577,3707
12-15 18:40:09.651  4875  5296 I BatteryMgr:DataCollectionService: stats => 1702662009651,-1892577,3707
12-15 18:40:10.659  4875  5296 I BatteryMgr:DataCollectionService: stats => 1702662010659,-1937499,3707
12-15 18:40:11.664  4875  5296 I BatteryMgr:DataCollectionService: stats => 1702662011664,-1897459,3707
12-15 18:40:12.670  4875  5296 I BatteryMgr:DataCollectionService: stats => 1702662012670,-1939940,3707
12-15 18:40:13.676  4875  5296 I BatteryMgr:DataCollectionService: stats => 1702662013676,-1903319,3707
12-15 18:40:14.679  4875  5296 I BatteryMgr:DataCollectionService: stats => 1702662014679,-1983885,3707
12-15 18:40:15.685  4875  5296 I BatteryMgr:DataCollectionService: stats => 1702662015685,-1935057,3707
12-15 18:40:16.691  4875  5296 I BatteryMgr:DataCollectionService: stats => 1702662016691,-1914549,3707
12-15 18:40:17.696  4875  5296 I BatteryMgr:DataCollectionService: stats => 1702662017696,-1914549,3707
12-15 18:40:18.705  4875  5296 I BatteryMgr:DataCollectionService: stats => 1702662018705,-1932616,3705
12-15 18:40:19.713  4875  5296 I BatteryMgr:DataCollectionService: stats => 1702662019712,-1912108,3705
12-15 18:40:20.717  4875  5296 I BatteryMgr:DataCollectionService: stats => 1702662020717,-1921874,3705
12-15 18:40:21.721  4875  5296 I BatteryMgr:DataCollectionService: stats => 1702662021721,-1904784,3705
12-15 18:40:22.730  4875  5296 I BatteryMgr:DataCollectionService: stats => 1702662022729,-1923827,3705
12-15 18:40:23.735  4875  5296 I BatteryMgr:DataCollectionService: stats => 1702662023735,-1901854,3705
12-15 18:40:24.743  4875  5296 I BatteryMgr:DataCollectionService: stats => 1702662024742,-1944823,3705
12-15 18:40:25.746  4875  5296 I BatteryMgr:DataCollectionService: stats => 1702662025746,-1955077,3705
12-15 18:40:26.754  4875  5296 I BatteryMgr:DataCollectionService: stats => 1702662026754,-1556639,3705
12-15 18:40:27.758  4875  5296 I BatteryMgr:DataCollectionService: stats => 1702662027757,-1545409,3705
12-15 18:40:28.762  4875  5296 I BatteryMgr:DataCollectionService: stats => 1702662028762,-1581053,3723
12-15 18:40:29.770  4875  5296 I BatteryMgr:DataCollectionService: stats => 1702662029770,-1551268,3723
12-15 18:40:30.774  4875  5296 I BatteryMgr:DataCollectionService: stats => 1702662030774,-1528319,3723
12-15 18:40:31.781  4875  5296 I BatteryMgr:DataCollectionService: stats => 1702662031781,-1550780,3723
12-15 18:40:32.788  4875  5296 I BatteryMgr:DataCollectionService: stats => 1702662032788,-1578612,3723
12-15 18:40:33.796  4875  5296 I BatteryMgr:DataCollectionService: stats => 1702662033796,-1575194,3723
12-15 18:40:34.800  4875  5296 I BatteryMgr:DataCollectionService: stats => 1702662034799,-1553710,3723
12-15 18:40:35.806  4875  5296 I BatteryMgr:DataCollectionService: stats => 1702662035805,-1606932,3720
12-15 18:40:36.812  4875  5296 I BatteryMgr:DataCollectionService: stats => 1702662036811,-1532714,3720
12-15 18:40:37.816  4875  5296 I BatteryMgr:DataCollectionService: stats => 1702662037816,-1611815,3720
12-15 18:40:38.823  4875  5296 I BatteryMgr:DataCollectionService: stats => 1702662038823,-1590819,3721
12-15 18:40:39.829  4875  5296 I BatteryMgr:DataCollectionService: stats => 1702662039829,-1620116,3721
12-15 18:40:40.836  4875  5296 I BatteryMgr:DataCollectionService: stats => 1702662040836,-1605956,3721
12-15 18:40:41.840  4875  5296 I BatteryMgr:DataCollectionService: stats => 1702662041840,-1613768,3721
12-15 18:40:42.845  4875  5296 I BatteryMgr:DataCollectionService: stats => 1702662042845,-1632323,3721
12-15 18:40:43.852  4875  5296 I BatteryMgr:DataCollectionService: stats => 1702662043852,-1641112,3721
12-15 18:40:44.856  4875  5296 I BatteryMgr:DataCollectionService: stats => 1702662044856,-1628417,3721
12-15 18:40:45.864  4875  5296 I BatteryMgr:DataCollectionService: stats => 1702662045864,-1603026,3721
12-15 18:40:46.869  4875  5296 I BatteryMgr:DataCollectionService: stats => 1702662046868,-1618651,3721
12-15 18:40:47.876  4875  5296 I BatteryMgr:DataCollectionService: stats => 1702662047876,-1602049,3721
12-15 18:40:48.880  4875  5296 I BatteryMgr:DataCollectionService: stats => 1702662048879,-1646971,3721
12-15 18:40:49.885  4875  5296 I BatteryMgr:DataCollectionService: stats => 1702662049885,-1626952,3721
12-15 18:40:50.893  4875  5296 I BatteryMgr:DataCollectionService: stats => 1702662050892,-1517577,3721
12-15 18:40:51.897  4875  5296 I BatteryMgr:DataCollectionService: stats => 1702662051897,-1573729,3721
12-15 18:40:52.905  4875  5296 I BatteryMgr:DataCollectionService: stats => 1702662052905,-1550292,3721
12-15 18:40:53.911  4875  5296 I BatteryMgr:DataCollectionService: stats => 1702662053910,-1560057,3721
12-15 18:40:54.917  4875  5296 I BatteryMgr:DataCollectionService: stats => 1702662054917,-1633788,3721
12-15 18:40:55.921  4875  5296 I BatteryMgr:DataCollectionService: stats => 1702662055921,-1582518,3721
12-15 18:40:56.929  4875  5296 I BatteryMgr:DataCollectionService: stats => 1702662056927,-1609374,3721
12-15 18:40:57.934  4875  5296 I BatteryMgr:DataCollectionService: stats => 1702662057933,-1598631,3721
12-15 18:40:58.939  4875  5296 I BatteryMgr:DataCollectionService: stats => 1702662058938,-1618651,3722
12-15 18:40:59.948  4875  5296 I BatteryMgr:DataCollectionService: stats => 1702662059948,-1590819,3722
12-15 18:41:00.953  4875  5296 I BatteryMgr:DataCollectionService: stats => 1702662060953,-1604491,3722
12-15 18:41:01.958  4875  5296 I BatteryMgr:DataCollectionService: stats => 1702662061958,-1618651,3722
12-15 18:41:02.963  4875  5296 I BatteryMgr:DataCollectionService: stats => 1702662062963,-1601561,3722
12-15 18:41:03.972  4875  5296 I BatteryMgr:DataCollectionService: stats => 1702662063972,-1584471,3722
12-15 18:41:04.976  4875  5296 I BatteryMgr:DataCollectionService: stats => 1702662064976,-1572264,3722
12-15 18:41:05.980  4875  5296 I BatteryMgr:DataCollectionService: stats => 1702662065980,-1582030,3722
12-15 18:41:06.988  4875  5296 I BatteryMgr:DataCollectionService: stats => 1702662066988,-1584471,3722
12-15 18:41:07.992  4875  5296 I BatteryMgr:DataCollectionService: stats => 1702662067992,-1574217,3722
12-15 18:41:08.999  4875  5296 I BatteryMgr:DataCollectionService: stats => 1702662068999,-1626464,3722
12-15 18:41:10.003  4875  5296 I BatteryMgr:DataCollectionService: stats => 1702662070002,-1595702,3722
12-15 18:41:11.007  4875  5296 I BatteryMgr:DataCollectionService: stats => 1702662071007,-1602538,3722
12-15 18:41:12.017  4875  5296 I BatteryMgr:DataCollectionService: stats => 1702662072017,-1544432,3722
12-15 18:41:13.021  4875  5296 I BatteryMgr:DataCollectionService: stats => 1702662073021,-1556151,3722
12-15 18:41:14.029  4875  5296 I BatteryMgr:DataCollectionService: stats => 1702662074029,-1572264,3722
12-15 18:41:15.033  4875  5296 I BatteryMgr:DataCollectionService: stats => 1702662075033,-1584960,3722
12-15 18:41:16.039  4875  5296 I BatteryMgr:DataCollectionService: stats => 1702662076039,-1546385,3722
12-15 18:41:17.045  4875  5296 I BatteryMgr:DataCollectionService: stats => 1702662077045,-1592284,3722
12-15 18:41:18.049  4875  5296 I BatteryMgr:DataCollectionService: stats => 1702662078049,-1611327,3722
12-15 18:41:19.055  4875  5296 I BatteryMgr:DataCollectionService: stats => 1702662079055,-1600585,3721
12-15 18:41:20.059  4875  5296 I BatteryMgr:DataCollectionService: stats => 1702662080059,-1577147,3721
12-15 18:41:21.067  4875  5296 I BatteryMgr:DataCollectionService: stats => 1702662081067,-1567382,3721
12-15 18:41:22.072  4875  5296 I BatteryMgr:DataCollectionService: stats => 1702662082072,-1589354,3721
12-15 18:41:23.077  4875  5296 I BatteryMgr:DataCollectionService: stats => 1702662083077,-1548827,3721
12-15 18:41:24.081  4875  5296 I BatteryMgr:DataCollectionService: stats => 1702662084080,-1554198,3721
12-15 18:41:25.085  4875  5296 I BatteryMgr:DataCollectionService: stats => 1702662085085,-1545409,3721
12-15 18:41:26.093  4875  5296 I BatteryMgr:DataCollectionService: stats => 1702662086093,-1571776,3722
12-15 18:41:27.097  4875  5296 I BatteryMgr:DataCollectionService: stats => 1702662087097,-1574706,3722
12-15 18:41:28.105  4875  5296 I BatteryMgr:DataCollectionService: stats => 1702662088105,-1575194,3722
12-15 18:41:29.108  4875  5296 I BatteryMgr:DataCollectionService: stats => 1702662089108,-1490233,3726
12-15 18:41:30.114  4875  5296 I BatteryMgr:DataCollectionService: stats => 1702662090114,-1559081,3726
12-15 18:41:31.118  4875  5296 I BatteryMgr:DataCollectionService: stats => 1702662091118,-1557616,3726
12-15 18:41:32.123  4875  5296 I BatteryMgr:DataCollectionService: stats => 1702662092123,-1565428,3726
12-15 18:41:33.130  4875  5296 I BatteryMgr:DataCollectionService: stats => 1702662093129,-1554198,3726
12-15 18:41:34.134  4875  5296 I BatteryMgr:DataCollectionService: stats => 1702662094134,-1581053,3726
12-15 18:41:35.141  4875  5296 I BatteryMgr:DataCollectionService: stats => 1702662095140,-1585448,3726
12-15 18:41:36.146  4875  5296 I BatteryMgr:DataCollectionService: stats => 1702662096146,-1541014,3726
12-15 18:41:37.150  4875  5296 I BatteryMgr:DataCollectionService: stats => 1702662097150,-1545409,3726
12-15 18:41:38.155  4875  5296 I BatteryMgr:DataCollectionService: stats => 1702662098155,-1565428,3726
12-15 18:41:39.160  4875  5296 I BatteryMgr:DataCollectionService: stats => 1702662099160,-1563964,3723
12-15 18:41:40.166  4875  5296 I BatteryMgr:DataCollectionService: stats => 1702662100166,-1573241,3723
12-15 18:41:41.171  4875  5296 I BatteryMgr:DataCollectionService: stats => 1702662101171,-1574706,3723
12-15 18:41:42.176  4875  5296 I BatteryMgr:DataCollectionService: stats => 1702662102176,-1516600,3723
12-15 18:41:43.180  4875  5296 I BatteryMgr:DataCollectionService: stats => 1702662103180,-1537596,3724
12-15 18:41:44.185  4875  5296 I BatteryMgr:DataCollectionService: stats => 1702662104185,-1520995,3724
12-15 18:41:45.188  4875  5296 I BatteryMgr:DataCollectionService: stats => 1702662105188,-1552245,3724
12-15 18:41:46.194  4875  5296 I BatteryMgr:DataCollectionService: stats => 1702662106194,-1565428,3724
12-15 18:41:47.198  4875  5296 I BatteryMgr:DataCollectionService: stats => 1702662107198,-1581542,3724
12-15 18:41:48.210  4875  5296 I BatteryMgr:DataCollectionService: stats => 1702662108210,-1586424,3724
12-15 18:41:49.217  4875  5296 I BatteryMgr:DataCollectionService: stats => 1702662109217,-1612792,3721
12-15 18:41:50.221  4875  5296 I BatteryMgr:DataCollectionService: stats => 1702662110221,-1600096,3721
12-15 18:41:51.228  4875  5296 I BatteryMgr:DataCollectionService: stats => 1702662111228,-1591796,3721
12-15 18:41:52.232  4875  5296 I BatteryMgr:DataCollectionService: stats => 1702662112232,-1601073,3721
12-15 18:41:53.236  4875  5296 I BatteryMgr:DataCollectionService: stats => 1702662113236,-1572264,3721
12-15 18:41:54.246  4875  5296 I BatteryMgr:DataCollectionService: stats => 1702662114245,-1557128,3721
12-15 18:41:55.250  4875  5296 I BatteryMgr:DataCollectionService: stats => 1702662115250,-1588866,3721
12-15 18:41:56.257  4875  5296 I BatteryMgr:DataCollectionService: stats => 1702662116257,-1532714,3721
12-15 18:41:57.260  4875  5296 I BatteryMgr:DataCollectionService: stats => 1702662117260,-1569335,3721
12-15 18:41:58.268  4875  5296 I BatteryMgr:DataCollectionService: stats => 1702662118268,-1583495,3721
12-15 18:41:59.273  4875  5296 I BatteryMgr:DataCollectionService: stats => 1702662119273,-1569823,3721
12-15 18:42:00.277  4875  5296 I BatteryMgr:DataCollectionService: stats => 1702662120277,-1540038,3721
12-15 18:42:01.285  4875  5296 I BatteryMgr:DataCollectionService: stats => 1702662121285,-1553221,3721
12-15 18:42:02.290  4875  5296 I BatteryMgr:DataCollectionService: stats => 1702662122290,-1571776,3721
12-15 18:42:03.302  4875  5296 I BatteryMgr:DataCollectionService: stats => 1702662123302,-1572753,3721
12-15 18:42:04.306  4875  5296 I BatteryMgr:DataCollectionService: stats => 1702662124306,-1580565,3721
12-15 18:42:05.312  4875  5296 I BatteryMgr:DataCollectionService: stats => 1702662125312,-1545897,3721
12-15 18:42:06.316  4875  5296 I BatteryMgr:DataCollectionService: stats => 1702662126316,-1562499,3721
12-15 18:42:07.324  4875  5296 I BatteryMgr:DataCollectionService: stats => 1702662127323,-1599120,3721
12-15 18:42:08.327  4875  5296 I BatteryMgr:DataCollectionService: stats => 1702662128327,-1582518,3721
12-15 18:42:09.332  4875  5296 I BatteryMgr:DataCollectionService: stats => 1702662129332,-1600096,3721
12-15 18:42:10.340  4875  5296 I BatteryMgr:DataCollectionService: stats => 1702662130340,-1628905,3721
12-15 18:42:11.344  4875  5296 I BatteryMgr:DataCollectionService: stats => 1702662131344,-1620116,3721
12-15 18:42:12.351  4875  5296 I BatteryMgr:DataCollectionService: stats => 1702662132351,-1606444,3721
12-15 18:42:13.355  4875  5296 I BatteryMgr:DataCollectionService: stats => 1702662133355,-1588866,3721
12-15 18:42:14.362  4875  5296 I BatteryMgr:DataCollectionService: stats => 1702662134362,-1619628,3721
12-15 18:42:15.366  4875  5296 I BatteryMgr:DataCollectionService: stats => 1702662135366,-1584471,3721
12-15 18:42:16.371  4875  5296 I BatteryMgr:DataCollectionService: stats => 1702662136371,-1570799,3721
12-15 18:42:17.380  4875  5296 I BatteryMgr:DataCollectionService: stats => 1702662137380,-1555174,3721
12-15 18:42:18.385  4875  5296 I BatteryMgr:DataCollectionService: stats => 1702662138385,-1591796,3719
12-15 18:42:19.390  4875  5296 I BatteryMgr:DataCollectionService: stats => 1702662139390,-1567382,3719
12-15 18:42:20.394  4875  5296 I BatteryMgr:DataCollectionService: stats => 1702662140394,-1640624,3719
12-15 18:42:21.401  4875  5296 I BatteryMgr:DataCollectionService: stats => 1702662141400,-1616210,3719
12-15 18:42:22.407  4875  5296 I BatteryMgr:DataCollectionService: stats => 1702662142407,-1542967,3719
12-15 18:42:23.412  4875  5296 I BatteryMgr:DataCollectionService: stats => 1702662143411,-1608885,3719
12-15 18:42:24.419  4875  5296 I BatteryMgr:DataCollectionService: stats => 1702662144419,-1594237,3719
12-15 18:42:25.425  4875  5296 I BatteryMgr:DataCollectionService: stats => 1702662145425,-1627440,3719
12-15 18:42:26.431  4875  5296 I BatteryMgr:DataCollectionService: stats => 1702662146431,-1581053,3719
12-15 18:42:27.434  4875  5296 I BatteryMgr:DataCollectionService: stats => 1702662147434,-1587889,3719
12-15 18:42:28.442  4875  5296 I BatteryMgr:DataCollectionService: stats => 1702662148441,-1555174,3721
12-15 18:42:29.447  4875  5296 I BatteryMgr:DataCollectionService: stats => 1702662149447,-1562499,3721
12-15 18:42:30.451  4875  5296 I BatteryMgr:DataCollectionService: stats => 1702662150451,-1607909,3721
12-15 18:42:31.459  4875  5296 I BatteryMgr:DataCollectionService: stats => 1702662151459,-1576171,3721
12-15 18:42:32.463  4875  5296 I BatteryMgr:DataCollectionService: stats => 1702662152463,-1590819,3721
12-15 18:42:33.471  4875  5296 I BatteryMgr:DataCollectionService: stats => 1702662153470,-1607421,3721
12-15 18:42:34.474  4875  5296 I BatteryMgr:DataCollectionService: stats => 1702662154474,-1608885,3721
12-15 18:42:35.479  4875  5296 I BatteryMgr:DataCollectionService: stats => 1702662155479,-1581053,3721
12-15 18:42:36.487  4875  5296 I BatteryMgr:DataCollectionService: stats => 1702662156487,-1582030,3721
12-15 18:42:37.492  4875  5296 I BatteryMgr:DataCollectionService: stats => 1702662157492,-1618651,3721
12-15 18:42:38.500  4875  5296 I BatteryMgr:DataCollectionService: stats => 1702662158500,-1593749,3719
12-15 18:42:39.504  4875  5296 I BatteryMgr:DataCollectionService: stats => 1702662159504,-1598143,3719
12-15 18:42:40.508  4875  5296 I BatteryMgr:DataCollectionService: stats => 1702662160508,-1640624,3719
12-15 18:42:41.514  4875  5296 I BatteryMgr:DataCollectionService: stats => 1702662161514,-1610350,3719
12-15 18:42:42.517  4875  5296 I BatteryMgr:DataCollectionService: stats => 1702662162517,-1639159,3717
12-15 18:42:43.525  4875  5296 I BatteryMgr:DataCollectionService: stats => 1702662163525,-1611327,3717
12-15 18:42:44.530  4875  5296 I BatteryMgr:DataCollectionService: stats => 1702662164530,-1628417,3717
12-15 18:42:45.535  4875  5296 I BatteryMgr:DataCollectionService: stats => 1702662165535,-1612792,3717
12-15 18:42:46.542  4875  5296 I BatteryMgr:DataCollectionService: stats => 1702662166541,-1591796,3717
12-15 18:42:47.600  4875  5296 I BatteryMgr:DataCollectionService: stats => 1702662167600,-1618651,3717
12-15 18:42:48.604  4875  5296 I BatteryMgr:DataCollectionService: stats => 1702662168604,-1581053,3717
12-15 18:42:49.610  4875  5296 I BatteryMgr:DataCollectionService: stats => 1702662169610,-1583495,3717
12-15 18:42:50.615  4875  5296 I BatteryMgr:DataCollectionService: stats => 1702662170615,-1572264,3717
12-15 18:42:51.629  4875  5296 I BatteryMgr:DataCollectionService: stats => 1702662171629,-1617186,3717
12-15 18:42:52.633  4875  5296 I BatteryMgr:DataCollectionService: stats => 1702662172633,-1580077,3717
12-15 18:42:53.641  4875  5296 I BatteryMgr:DataCollectionService: stats => 1702662173641,-1615721,3717
12-15 18:42:54.648  4875  5296 I BatteryMgr:DataCollectionService: stats => 1702662174648,-1583983,3717
12-15 18:42:55.652  4875  5296 I BatteryMgr:DataCollectionService: stats => 1702662175652,-1588378,3717
12-15 18:42:56.657  4875  5296 I BatteryMgr:DataCollectionService: stats => 1702662176657,-1711913,3717
12-15 18:42:57.664  4875  5296 I BatteryMgr:DataCollectionService: stats => 1702662177664,-1702635,3717
12-15 18:42:58.668  4875  5296 I BatteryMgr:DataCollectionService: stats => 1702662178668,-1621092,3713
12-15 18:42:59.675  4875  5296 I BatteryMgr:DataCollectionService: stats => 1702662179675,-1710936,3713
12-15 18:43:00.681  4875  5296 I BatteryMgr:DataCollectionService: stats => 1702662180681,-1620116,3713
12-15 18:43:01.685  4875  5296 I BatteryMgr:DataCollectionService: stats => 1702662181685,-1612792,3713
12-15 18:43:02.690  4875  5296 I BatteryMgr:DataCollectionService: stats => 1702662182690,-1561034,3713
12-15 18:43:03.696  4875  5296 I BatteryMgr:DataCollectionService: stats => 1702662183696,-1624999,3713
12-15 18:43:04.701  4875  5296 I BatteryMgr:DataCollectionService: stats => 1702662184701,-1600585,3713
12-15 18:43:05.704  4875  5296 I BatteryMgr:DataCollectionService: stats => 1702662185704,-1545897,3713
12-15 18:43:06.708  4875  5296 I BatteryMgr:DataCollectionService: stats => 1702662186708,-1534667,3713
12-15 18:43:07.713  4875  5296 I BatteryMgr:DataCollectionService: stats => 1702662187713,-1554686,3713
12-15 18:43:08.722  4875  5296 I BatteryMgr:DataCollectionService: stats => 1702662188722,-1573729,3720
12-15 18:43:09.726  4875  5296 I BatteryMgr:DataCollectionService: stats => 1702662189726,-1575194,3720
12-15 18:43:10.746  4875  5296 I BatteryMgr:DataCollectionService: stats => 1702662190745,-1594725,3720
12-15 18:43:11.752  4875  5296 I BatteryMgr:DataCollectionService: stats => 1702662191752,-1708006,3720
12-15 18:43:12.758  4875  5296 I BatteryMgr:DataCollectionService: stats => 1702662192758,-1658690,3720
12-15 18:43:13.763  4875  5296 I BatteryMgr:DataCollectionService: stats => 1702662193763,-1600585,3720
12-15 18:43:14.771  4875  5296 I BatteryMgr:DataCollectionService: stats => 1702662194771,-1568358,3720
12-15 18:43:15.777  4875  5296 I BatteryMgr:DataCollectionService: stats => 1702662195777,-1574217,3720
12-15 18:43:16.781  4875  5296 I BatteryMgr:DataCollectionService: stats => 1702662196781,-1611327,3720
12-15 18:43:17.786  4875  5296 I BatteryMgr:DataCollectionService: stats => 1702662197786,-1578612,3720
12-15 18:43:18.791  4875  5296 I BatteryMgr:DataCollectionService: stats => 1702662198791,-1572753,3718
12-15 18:43:19.797  4875  5296 I BatteryMgr:DataCollectionService: stats => 1702662199797,-1529296,3718
12-15 18:43:20.803  4875  5296 I BatteryMgr:DataCollectionService: stats => 1702662200803,-1586424,3718
12-15 18:43:21.807  4875  5296 I BatteryMgr:DataCollectionService: stats => 1702662201807,-1574706,3718
12-15 18:43:22.815  4875  5296 I BatteryMgr:DataCollectionService: stats => 1702662202815,-1582518,3718
12-15 18:43:23.819  4875  5296 I BatteryMgr:DataCollectionService: stats => 1702662203819,-1582030,3718
12-15 18:43:24.826  4875  5296 I BatteryMgr:DataCollectionService: stats => 1702662204826,-1560546,3718
12-15 18:43:25.830  4875  5296 I BatteryMgr:DataCollectionService: stats => 1702662205830,-1567870,3718
12-15 18:43:26.836  4875  5296 I BatteryMgr:DataCollectionService: stats => 1702662206836,-1554198,3718
12-15 18:43:27.841  4875  5296 I BatteryMgr:DataCollectionService: stats => 1702662207841,-1577147,3718
12-15 18:43:28.847  4875  5296 I BatteryMgr:DataCollectionService: stats => 1702662208847,-1545409,3719
12-15 18:43:29.855  4875  5296 I BatteryMgr:DataCollectionService: stats => 1702662209855,-1594725,3719
12-15 18:43:30.858  4875  5296 I BatteryMgr:DataCollectionService: stats => 1702662210858,-1595214,3719
12-15 18:43:31.866  4875  5296 I BatteryMgr:DataCollectionService: stats => 1702662211866,-1609374,3719
12-15 18:43:32.870  4875  5296 I BatteryMgr:DataCollectionService: stats => 1702662212870,-1561522,3719
12-15 18:43:33.874  4875  5296 I BatteryMgr:DataCollectionService: stats => 1702662213874,-1570799,3719
12-15 18:43:34.881  4875  5296 I BatteryMgr:DataCollectionService: stats => 1702662214881,-1562010,3719
12-15 18:43:35.885  4875  5296 I BatteryMgr:DataCollectionService: stats => 1702662215885,-1542479,3719
12-15 18:43:36.894  4875  5296 I BatteryMgr:DataCollectionService: stats => 1702662216894,-1570799,3719
12-15 18:43:37.898  4875  5296 I BatteryMgr:DataCollectionService: stats => 1702662217898,-1603026,3719
12-15 18:43:38.903  4875  5296 I BatteryMgr:DataCollectionService: stats => 1702662218903,-1688475,3712
12-15 18:43:39.909  4875  5296 I BatteryMgr:DataCollectionService: stats => 1702662219909,-1597167,3712
12-15 18:43:40.914  4875  5296 I BatteryMgr:DataCollectionService: stats => 1702662220914,-1618651,3716
12-15 18:43:41.921  4875  5296 I BatteryMgr:DataCollectionService: stats => 1702662221921,-1720213,3716
12-15 18:43:42.925  4875  5296 I BatteryMgr:DataCollectionService: stats => 1702662222924,-1534667,3716
12-15 18:43:43.929  4875  5296 I BatteryMgr:DataCollectionService: stats => 1702662223929,-1539061,3716
12-15 18:43:44.936  4875  5296 I BatteryMgr:DataCollectionService: stats => 1702662224936,-1520018,3716
12-15 18:43:45.941  4875  5296 I BatteryMgr:DataCollectionService: stats => 1702662225941,-1511229,3716
12-15 18:43:46.946  4875  5296 I BatteryMgr:DataCollectionService: stats => 1702662226946,-1528319,3716
12-15 18:43:47.950  4875  5296 I BatteryMgr:DataCollectionService: stats => 1702662227950,-1541991,3716
12-15 18:43:48.956  4875  5296 I BatteryMgr:DataCollectionService: stats => 1702662228956,-1539549,3718
12-15 18:43:49.961  4875  5296 I BatteryMgr:DataCollectionService: stats => 1702662229961,-1581053,3718
12-15 18:43:50.965  4875  5296 I BatteryMgr:DataCollectionService: stats => 1702662230965,-1583983,3718
12-15 18:43:51.973  4875  5296 I BatteryMgr:DataCollectionService: stats => 1702662231972,-1592284,3718
12-15 18:43:52.977  4875  5296 I BatteryMgr:DataCollectionService: stats => 1702662232976,-1582030,3718
12-15 18:43:53.981  4875  5296 I BatteryMgr:DataCollectionService: stats => 1702662233981,-1599120,3718
12-15 18:43:54.988  4875  5296 I BatteryMgr:DataCollectionService: stats => 1702662234988,-1582518,3718
12-15 18:43:55.992  4875  5296 I BatteryMgr:DataCollectionService: stats => 1702662235992,-1563964,3718
12-15 18:43:56.996  4875  5296 I BatteryMgr:DataCollectionService: stats => 1702662236996,-1587401,3718
12-15 18:43:58.004  4875  5296 I BatteryMgr:DataCollectionService: stats => 1702662238003,-1544432,3718
12-15 18:43:59.008  4875  5296 I BatteryMgr:DataCollectionService: stats => 1702662239008,-1556639,3718
12-15 18:44:00.017  4875  5296 I BatteryMgr:DataCollectionService: stats => 1702662240017,-1605956,3718
12-15 18:44:01.021  4875  5296 I BatteryMgr:DataCollectionService: stats => 1702662241021,-1557616,3718
12-15 18:44:02.028  4875  5296 I BatteryMgr:DataCollectionService: stats => 1702662242028,-1592284,3718
12-15 18:44:03.033  4875  5296 I BatteryMgr:DataCollectionService: stats => 1702662243033,-1575194,3718
12-15 18:44:04.038  4875  5296 I BatteryMgr:DataCollectionService: stats => 1702662244038,-1604491,3718
12-15 18:44:05.044  4875  5296 I BatteryMgr:DataCollectionService: stats => 1702662245044,-1601561,3718
12-15 18:44:06.049  4875  5296 I BatteryMgr:DataCollectionService: stats => 1702662246049,-1575194,3718
12-15 18:44:07.056  4875  5296 I BatteryMgr:DataCollectionService: stats => 1702662247056,-1613280,3718
12-15 18:44:08.060  4875  5296 I BatteryMgr:DataCollectionService: stats => 1702662248060,-1845213,3718
12-15 18:44:09.064  4875  5296 I BatteryMgr:DataCollectionService: stats => 1702662249064,-2001463,3704
12-15 18:44:10.069  4875  5296 I BatteryMgr:DataCollectionService: stats => 1702662250069,-1965819,3704
12-15 18:44:11.073  4875  5296 I BatteryMgr:DataCollectionService: stats => 1702662251073,-1999510,3704
12-15 18:44:12.080  4875  5296 I BatteryMgr:DataCollectionService: stats => 1702662252080,-1975584,3704
12-15 18:44:13.084  4875  5296 I BatteryMgr:DataCollectionService: stats => 1702662253084,-1987303,3704
12-15 18:44:14.089  4875  5296 I BatteryMgr:DataCollectionService: stats => 1702662254089,-1964354,3704
12-15 18:44:15.097  4875  5296 I BatteryMgr:DataCollectionService: stats => 1702662255097,-1980467,3704
12-15 18:44:16.101  4875  5296 I BatteryMgr:DataCollectionService: stats => 1702662256101,-2095213,3704
12-15 18:44:17.104  4875  5296 I BatteryMgr:DataCollectionService: stats => 1702662257104,-1744628,3704
12-15 18:44:18.111  4875  5296 I BatteryMgr:DataCollectionService: stats => 1702662258111,-1888670,3704
12-15 18:44:19.116  4875  5296 I BatteryMgr:DataCollectionService: stats => 1702662259116,-1869139,3698
12-15 18:44:20.120  4875  5296 I BatteryMgr:DataCollectionService: stats => 1702662260119,-1875487,3698
12-15 18:44:21.125  4875  5296 I BatteryMgr:DataCollectionService: stats => 1702662261125,-1865721,3698
12-15 18:44:22.130  4875  5296 I BatteryMgr:DataCollectionService: stats => 1702662262130,-1885252,3698
12-15 18:44:23.134  4875  5296 I BatteryMgr:DataCollectionService: stats => 1702662263134,-1895995,3698
12-15 18:44:24.138  4875  5296 I BatteryMgr:DataCollectionService: stats => 1702662264138,-1926268,3698
12-15 18:44:25.143  4875  5296 I BatteryMgr:DataCollectionService: stats => 1702662265143,-1913084,3698
12-15 18:44:26.152  4875  5296 I BatteryMgr:DataCollectionService: stats => 1702662266152,-1919432,3698
12-15 18:44:27.156  4875  5296 I BatteryMgr:DataCollectionService: stats => 1702662267156,-1916014,3696
12-15 18:44:28.164  4875  5296 I BatteryMgr:DataCollectionService: stats => 1702662268163,-1902342,3696
12-15 18:44:29.168  4875  5296 I BatteryMgr:DataCollectionService: stats => 1702662269168,-1930174,3696
12-15 18:44:30.173  4875  5296 I BatteryMgr:DataCollectionService: stats => 1702662270173,-1916502,3696
12-15 18:44:31.180  4875  5296 I BatteryMgr:DataCollectionService: stats => 1702662271180,-1927733,3696
12-15 18:44:32.184  4875  5296 I BatteryMgr:DataCollectionService: stats => 1702662272184,-1983885,3696
12-15 18:44:33.191  4875  5296 I BatteryMgr:DataCollectionService: stats => 1702662273191,-1924315,3696
12-15 18:44:34.196  4875  5296 I BatteryMgr:DataCollectionService: stats => 1702662274196,-1905272,3696
12-15 18:44:35.199  4875  5296 I BatteryMgr:DataCollectionService: stats => 1702662275199,-1891112,3696
12-15 18:44:36.205  4875  5296 I BatteryMgr:DataCollectionService: stats => 1702662276205,-1888670,3696
12-15 18:44:37.209  4875  5296 I BatteryMgr:DataCollectionService: stats => 1702662277209,-1904784,3696
12-15 18:44:38.216  4875  5296 I BatteryMgr:DataCollectionService: stats => 1702662278215,-1911620,3696
12-15 18:44:39.220  4875  5296 I BatteryMgr:DataCollectionService: stats => 1702662279219,-1887206,3694
