746.25 3615.95
747.25 3620.98
748.25 3626.03
749.25 3631.18
750.23 3636.04
751.28 3641.21
752.25 3645.77
753.24 3650.81
754.23 3655.81
755.25 3660.76
756.25 3665.76
757.24 3670.88
758.25 3675.76
759.24 3680.67
760.25 3685.71
761.24 3690.74
762.25 3695.65
763.26 3700.79
764.25 3705.85
765.24 3710.78
766.30 3716.34
767.26 3721.23
768.24 3726.15
769.24 3731.34
770.28 3736.30
771.23 3740.80
772.27 3746.04
773.23 3750.37
774.24 3755.18
775.24 3759.91
776.26 3764.51
777.24 3769.22
778.26 3773.85
779.25 3778.82
780.25 3783.59
781.24 3788.27
782.26 3792.99
783.25 3797.95
784.24 3802.61
785.23 3807.49
786.24 3812.40
787.24 3817.44
788.27 3822.42
789.24 3827.26
790.26 3831.90
791.25 3836.57
792.26 3841.52
793.27 3846.15
794.27 3851.01
795.26 3855.50
796.24 3860.03
797.24 3864.78
798.24 3869.14
799.30 3874.06
800.28 3878.31
801.24 3882.73
802.27 3887.54
803.24 3891.83
804.24 3896.29
805.26 3900.76
806.24 3905.42
807.24 3910.02
808.24 3914.59
809.26 3919.55
810.24 3924.25
811.24 3928.80
812.24 3933.47
813.24 3938.34
814.24 3942.90
815.26 3947.53
816.26 3952.22
817.24 3956.72
818.28 3961.67
819.24 3965.99
820.24 3970.50
821.24 3975.13
822.29 3980.13
823.24 3984.65
824.27 3989.56
825.24 3994.27
826.29 3998.94
827.26 4003.77
828.26 4008.39
829.25 4013.09
830.25 4017.81
831.24 4022.58
832.26 4027.44
833.23 4032.03
834.28 4037.18
835.25 4041.76
836.25 4046.82
837.24 4051.60
838.23 4056.33
839.25 4061.35
840.25 4066.11
841.25 4070.92
842.25 4075.64
843.28 4080.64
844.25 4085.32
845.25 4090.13
846.25 4094.96
847.24 4099.74
848.26 4104.58
849.29 4109.39
851.28 4118.88
852.25 4123.64
853.25 4128.37
854.24 4133.17
855.25 4137.86
856.26 4142.68
857.28 4147.42
858.24 4151.99
859.26 4157.00
860.24 4161.88
861.28 4166.91
862.24 4171.55
863.23 4176.30
864.24 4181.12
865.27 4185.90
866.24 4190.62
867.24 4195.47
868.25 4200.63
869.26 4205.58
870.26 4210.44
871.28 4215.61
872.28 4220.48
873.25 4225.10
874.24 4229.91
875.24 4234.69
876.24 4239.60
877.29 4244.89
878.25 4249.54
879.26 4254.33
880.27 4259.20
881.25 4263.89
882.27 4268.75
883.24 4273.36
884.27 4278.29
885.25 4282.89
886.27 4287.52
887.27 4292.47
888.24 4297.14
889.27 4301.91
890.26 4306.58
891.26 4311.16
892.24 4316.06
893.25 4320.86
894.27 4325.65
895.25 4330.41
896.26 4335.46
897.28 4340.30
898.26 4344.92
899.24 4349.49
900.23 4354.44
901.26 4359.20
902.24 4363.92
903.28 4368.94
904.24 4373.42
905.24 4378.21
906.25 4383.10
907.26 4388.02
908.25 4392.63
909.24 4396.69
910.24 4401.28
911.24 4405.71
912.25 4410.37
913.29 4414.62
914.25 4418.59
915.25 4423.23
916.24 4427.43
917.26 4431.75
918.23 4436.02
919.25 4440.86
920.25 4445.68
921.26 4450.38
922.25 4455.17
923.23 4459.83
924.24 4464.63
925.25 4469.55
926.25 4473.98
927.25 4478.98
928.25 4483.40
929.28 4488.06
930.24 4492.74
931.24 4497.32
932.28 4501.93
933.24 4506.37
934.25 4511.11
935.26 4515.63
936.26 4520.04
937.32 4524.78
938.24 4528.84
939.25 4533.12
940.25 4537.41
941.24 4541.86
942.32 4546.62
943.24 4550.98
945.25 4560.20
946.23 4564.62
947.24 4569.17
948.28 4573.51
949.29 4578.01
950.26 4582.65
951.27 4586.87
952.23 4591.19
953.26 4596.23
954.26 4600.60
955.26 4604.77
956.27 4609.33
957.27 4613.86
958.25 4618.26
959.27 4623.04
960.24 4627.43
961.25 4632.19
962.25 4636.79
963.24 4641.43
964.25 4646.12
965.25 4650.93
966.24 4655.62
967.24 4660.16
968.26 4665.13
969.27 4669.78
970.27 4674.42
971.26 4678.94
972.25 4683.45
973.26 4687.91
975.25 4697.46
976.24 4702.02
977.30 4706.79
978.27 4711.29
979.26 4716.02
980.29 4720.88
981.24 4725.13
982.24 4729.95
983.28 4734.79
984.29 4739.34
985.30 4743.83
986.23 4748.15
987.24 4752.71
988.26 4757.44
989.25 4762.08
990.25 4766.80
991.24 4771.56
992.24 4776.08
