8.59 3.68 1.38 4/3161 5860
8.59 3.68 1.38 1/3163 5889
8.78 3.80 1.43 2/3163 5916
8.78 3.80 1.43 5/3163 5943
8.78 3.80 1.43 4/3166 5973
8.78 3.80 1.43 4/3164 6000
8.78 3.80 1.43 4/3164 6027
8.48 3.82 1.45 2/3163 6054
8.48 3.82 1.45 5/3164 6082
8.48 3.82 1.45 6/3150 6110
8.48 3.82 1.45 1/3149 6137
8.48 3.82 1.45 4/3149 6168
8.92 3.99 1.52 7/3149 6203
8.92 3.99 1.52 3/3149 6230
8.92 3.99 1.52 3/3145 6257
8.92 3.99 1.52 2/3143 6284
8.92 3.99 1.52 2/3142 6311
9.17 4.12 1.57 3/3142 6338
9.17 4.12 1.57 7/3143 6366
9.17 4.12 1.57 3/3143 6393
9.17 4.12 1.57 7/3139 6423
9.17 4.12 1.57 2/3137 6451
8.92 4.15 1.60 1/3137 6478
8.92 4.15 1.60 2/3139 6508
8.92 4.15 1.60 2/3139 6535
8.92 4.15 1.60 2/3137 6562
8.92 4.15 1.60 4/3137 6589
8.68 4.18 1.62 2/3137 6616
8.68 4.18 1.62 6/3137 6643
8.68 4.18 1.62 3/3137 6670
8.68 4.18 1.62 2/3137 6697
8.68 4.18 1.62 3/3137 6725
8.55 4.23 1.65 7/3137 6752
8.55 4.23 1.65 4/3137 6779
8.55 4.23 1.65 11/3137 6806
8.55 4.23 1.65 4/3137 6833
8.55 4.23 1.65 5/3137 6860
8.34 4.26 1.67 1/3137 6887
8.34 4.26 1.67 4/3137 6914
8.34 4.26 1.67 3/3137 6941
8.34 4.26 1.67 6/3137 6968
8.34 4.26 1.67 6/3137 6996
8.23 4.31 1.70 5/3137 7023
8.23 4.31 1.70 4/3137 7050
8.23 4.31 1.70 4/3137 7077
8.23 4.31 1.70 1/3137 7104
8.23 4.31 1.70 5/3137 7131
8.30 4.39 1.74 2/3137 7158
8.30 4.39 1.74 3/3137 7185
8.30 4.39 1.74 2/3138 7213
8.30 4.39 1.74 4/3138 7240
8.30 4.39 1.74 3/3138 7267
8.19 4.43 1.77 4/3138 7295
8.19 4.43 1.77 1/3138 7322
8.19 4.43 1.77 4/3138 7349
8.19 4.43 1.77 2/3138 7376
8.19 4.43 1.77 4/3138 7403
7.94 4.44 1.79 3/3138 7430
7.94 4.44 1.79 8/3138 7457
7.94 4.44 1.79 3/3138 7484
7.94 4.44 1.79 2/3138 7511
7.94 4.44 1.79 7/3138 7538
7.94 4.50 1.82 4/3138 7566
7.94 4.50 1.82 5/3138 7593
7.94 4.50 1.82 5/3138 7620
7.94 4.50 1.82 4/3138 7647
7.94 4.50 1.82 2/3138 7674
7.79 4.52 1.84 3/3138 7701
7.79 4.52 1.84 4/3138 7728
7.79 4.52 1.84 5/3138 7755
7.79 4.52 1.84 1/3138 7782
7.79 4.52 1.84 3/3138 7813
7.64 4.55 1.87 4/3138 7852
7.64 4.55 1.87 4/3138 7880
7.64 4.55 1.87 4/3138 7907
7.64 4.55 1.87 4/3138 7934
7.64 4.55 1.87 1/3138 7961
7.51 4.57 1.89 10/3138 7988
7.51 4.57 1.89 2/3137 8015
7.51 4.57 1.89 4/3137 8042
7.51 4.57 1.89 5/3138 8073
7.51 4.57 1.89 6/3138 8101
7.55 4.63 1.92 2/3138 8128
7.55 4.63 1.92 2/3138 8155
7.55 4.63 1.92 3/3139 8184
7.55 4.63 1.92 7/3139 8211
7.55 4.63 1.92 6/3139 8238
7.91 4.75 1.98 8/3139 8265
7.91 4.75 1.98 2/3139 8292
7.91 4.75 1.98 3/3139 8319
7.91 4.75 1.98 3/3139 8346
7.91 4.75 1.98 1/3139 8373
7.59 4.74 1.99 3/3139 8400
7.59 4.74 1.99 5/3139 8427
7.59 4.74 1.99 9/3139 8455
7.59 4.74 1.99 2/3139 8482
7.59 4.74 1.99 2/3139 8509
7.79 4.83 2.03 4/3139 8536
7.79 4.83 2.03 3/3139 8563
7.79 4.83 2.03 6/3139 8590
7.79 4.83 2.03 8/3139 8617
7.79 4.83 2.03 6/3139 8644
8.04 4.93 2.08 6/3139 8671
8.04 4.93 2.08 3/3139 8698
8.04 4.93 2.08 9/3139 8725
8.04 4.93 2.08 7/3139 8753
8.04 4.93 2.08 4/3139 8780
7.88 4.95 2.10 4/3139 8807
7.88 4.95 2.10 4/3139 8834
7.88 4.95 2.10 3/3139 8861
7.88 4.95 2.10 8/3139 8888
7.88 4.95 2.10 4/3139 8915
8.13 5.05 2.15 6/3139 8942
8.13 5.05 2.15 1/3139 8969
8.13 5.05 2.15 3/3139 8996
8.13 5.05 2.15 2/3139 9025
8.13 5.05 2.15 3/3139 9052
8.12 5.10 2.18 1/3139 9079
8.12 5.10 2.18 4/3139 9106
8.12 5.10 2.18 2/3139 9133
8.12 5.10 2.18 6/3139 9160
8.12 5.10 2.18 4/3139 9187
8.11 5.15 2.21 6/3139 9214
8.11 5.15 2.21 6/3139 9241
8.11 5.15 2.21 7/3139 9268
8.11 5.15 2.21 7/3139 9295
8.11 5.15 2.21 5/3139 9323
8.10 5.19 2.24 3/3139 9350
8.10 5.19 2.24 4/3139 9377
8.10 5.19 2.24 4/3137 9404
8.10 5.19 2.24 2/3137 9431
8.10 5.19 2.24 3/3137 9458
8.57 5.34 2.31 4/3137 9497
8.57 5.34 2.31 4/3142 9534
8.57 5.34 2.31 5/3142 9561
8.57 5.34 2.31 10/3142 9588
8.57 5.34 2.31 6/3142 9616
8.85 5.45 2.36 6/3142 9643
8.85 5.45 2.36 7/3142 9670
8.85 5.45 2.36 5/3142 9697
8.85 5.45 2.36 4/3142 9724
8.85 5.45 2.36 9/3142 9752
9.18 5.58 2.42 3/3142 9779
9.18 5.58 2.42 10/3142 9806
9.18 5.58 2.42 2/3142 9833
9.18 5.58 2.42 3/3142 9860
9.18 5.58 2.42 1/3142 9887
8.93 5.58 2.44 2/3143 9916
8.93 5.58 2.44 4/3143 9943
8.93 5.58 2.44 3/3143 9970
8.93 5.58 2.44 3/3143 9997
8.93 5.58 2.44 6/3143 10024
8.77 5.61 2.46 1/3143 10051
8.77 5.61 2.46 4/3143 10078
8.77 5.61 2.46 2/3143 10105
8.77 5.61 2.46 6/3143 10132
8.77 5.61 2.46 2/3143 10159
8.63 5.63 2.49 4/3143 10186
8.63 5.63 2.49 3/3143 10214
8.63 5.63 2.49 1/3143 10241
8.63 5.63 2.49 3/3143 10268
8.63 5.63 2.49 3/3143 10295
8.42 5.64 2.51 2/3143 10322
8.42 5.64 2.51 4/3143 10349
8.42 5.64 2.51 1/3143 10376
8.42 5.64 2.51 6/3143 10403
8.42 5.64 2.51 1/3143 10430
8.54 5.71 2.55 5/3143 10457
8.54 5.71 2.55 5/3143 10485
8.54 5.71 2.55 7/3143 10512
8.54 5.71 2.55 1/3143 10539
8.54 5.71 2.55 1/3143 10566
8.74 5.80 2.59 4/3143 10593
8.74 5.80 2.59 3/3143 10620
8.74 5.80 2.59 3/3143 10647
8.74 5.80 2.59 1/3143 10674
8.74 5.80 2.59 4/3143 10701
8.44 5.79 2.60 1/3132 10728
8.44 5.79 2.60 4/3132 10755
8.44 5.79 2.60 5/3132 10783
8.44 5.79 2.60 3/3129 10810
8.44 5.79 2.60 6/3129 10837
8.49 5.84 2.64 1/3128 10864
8.49 5.84 2.64 5/3129 10894
8.49 5.84 2.64 2/3129 10921
8.49 5.84 2.64 4/3115 10948
8.49 5.84 2.64 7/3113 10975
8.45 5.87 2.67 4/3113 11002
8.45 5.87 2.67 5/3113 11029
8.45 5.87 2.67 3/3113 11057
8.45 5.87 2.67 7/3113 11084
8.45 5.87 2.67 2/3113 11111
8.33 5.89 2.69 3/3113 11146
8.33 5.89 2.69 2/3110 11177
8.33 5.89 2.69 4/3110 11204
8.33 5.89 2.69 3/3110 11231
8.33 5.89 2.69 2/3110 11258
8.14 5.90 2.71 6/3104 11285
8.14 5.90 2.71 3/3102 11312
8.14 5.90 2.71 6/3102 11339
8.14 5.90 2.71 1/3102 11367
8.14 5.90 2.71 9/3098 11395
7.89 5.88 2.72 7/3098 11422
7.89 5.88 2.72 1/3091 11449
7.89 5.88 2.72 4/3083 11476
7.89 5.88 2.72 4/3076 11504
7.89 5.88 2.72 2/3076 11531
7.98 5.93 2.76 4/3076 11558
7.98 5.93 2.76 2/3076 11585
7.98 5.93 2.76 3/3072 11612
7.98 5.93 2.76 5/3072 11639
7.98 5.93 2.76 1/3072 11667
7.90 5.95 2.78 6/3072 11694
7.90 5.95 2.78 5/3069 11721
7.90 5.95 2.78 4/3070 11749
7.90 5.95 2.78 6/3070 11776
7.90 5.95 2.78 2/3070 11803
7.99 6.00 2.81 1/3070 11830
7.99 6.00 2.81 1/3070 11857
7.99 6.00 2.81 3/3070 11884
7.99 6.00 2.81 4/3070 11911
7.99 6.00 2.81 2/3070 11939
7.91 6.02 2.84 4/3070 11966
7.91 6.02 2.84 4/3070 11993
7.91 6.02 2.84 3/3070 12020
7.91 6.02 2.84 2/3070 12047
7.91 6.02 2.84 3/3070 12074
8.16 6.10 2.88 2/3070 12101
8.16 6.10 2.88 3/3069 12128
8.16 6.10 2.88 7/3069 12155
8.16 6.10 2.88 3/3069 12182
8.16 6.10 2.88 4/3067 12209
8.31 6.17 2.92 6/3067 12237
8.31 6.17 2.92 4/3066 12264
8.31 6.17 2.92 1/3066 12291
8.31 6.17 2.92 1/3066 12318
8.31 6.17 2.92 2/3066 12345
8.20 6.18 2.94 1/3066 12372
8.20 6.18 2.94 4/3066 12399
8.20 6.18 2.94 1/3066 12426
