128.81 619.32
129.80 625.22
130.79 631.12
131.79 637.04
132.80 642.86
133.79 648.61
134.81 654.87
135.80 660.84
136.80 666.86
137.80 671.99
138.81 676.96
139.80 682.38
140.80 687.74
141.80 693.61
142.80 699.38
143.80 705.22
144.79 710.99
145.81 717.10
146.80 722.96
147.80 728.76
148.80 734.53
149.80 740.41
150.80 746.27
151.80 752.37
152.80 758.43
153.80 764.65
154.81 770.64
155.81 776.47
156.81 782.56
157.80 788.53
158.80 794.46
159.80 800.50
160.81 806.52
161.81 812.47
162.81 818.24
163.80 823.98
164.80 829.86
165.80 835.66
166.81 841.75
167.81 847.68
168.80 853.10
169.80 858.83
170.79 863.88
171.81 869.16
172.81 875.00
173.81 880.90
174.81 886.80
175.80 892.85
176.80 899.00
177.80 905.07
178.79 910.92
179.81 916.89
180.81 922.85
181.80 928.76
182.80 934.72
183.81 940.43
184.81 946.54
185.81 952.55
186.80 958.47
187.80 964.49
188.80 970.56
189.80 976.55
190.80 982.62
191.80 988.63
192.79 994.34
193.82 999.93
194.81 1005.29
195.83 1011.27
196.80 1016.92
197.80 1022.89
198.80 1028.63
199.80 1034.08
200.80 1038.91
201.80 1043.56
202.80 1048.93
203.81 1054.40
204.80 1060.00
205.79 1065.58
206.81 1071.54
207.81 1077.45
208.80 1083.31
209.80 1089.22
210.79 1094.85
211.79 1100.53
212.80 1106.14
213.80 1111.72
214.80 1117.40
215.79 1123.30
216.80 1129.37
217.81 1135.53
218.80 1141.74
219.81 1147.35
220.80 1153.13
221.81 1159.02
222.80 1164.82
223.80 1170.52
224.81 1176.35
225.80 1182.31
226.80 1188.24
227.80 1194.28
228.80 1200.24
229.79 1205.90
230.80 1211.66
231.80 1216.79
232.80 1222.00
233.80 1226.88
234.80 1231.70
235.79 1236.91
236.81 1242.26
237.81 1247.67
238.81 1253.13
239.80 1258.56
240.79 1263.94
241.79 1269.41
242.81 1275.09
243.80 1280.60
244.80 1286.02
245.81 1291.66
246.80 1297.22
247.80 1302.96
248.81 1308.90
249.81 1314.33
250.81 1319.89
251.80 1325.66
252.80 1331.59
253.81 1337.52
254.81 1343.25
255.80 1349.28
256.80 1355.32
257.79 1361.21
258.80 1366.94
259.81 1372.74
260.80 1378.54
261.80 1384.11
262.80 1389.87
263.79 1395.17
264.81 1399.85
265.80 1405.23
266.80 1410.53
267.81 1416.24
268.81 1421.99
269.80 1427.82
270.80 1433.84
271.80 1439.75
272.81 1445.64
273.80 1451.40
274.80 1457.26
275.80 1463.22
276.81 1469.28
277.80 1475.11
278.80 1480.97
279.80 1486.66
280.80 1492.56
281.80 1498.32
282.81 1504.45
283.81 1510.50
284.80 1516.39
285.80 1522.14
286.80 1527.89
287.80 1533.66
288.79 1539.47
289.80 1545.39
290.81 1551.33
291.80 1557.08
292.81 1563.15
293.80 1569.05
294.80 1574.19
295.80 1579.67
296.81 1584.76
297.81 1589.95
298.80 1595.79
299.80 1601.64
300.79 1607.55
301.80 1613.62
302.79 1619.37
303.81 1625.10
304.80 1630.90
305.80 1636.74
306.80 1642.58
307.80 1648.36
308.80 1654.32
309.80 1660.05
310.81 1665.71
311.81 1671.33
312.81 1677.05
313.80 1682.91
314.80 1688.75
315.80 1694.25
316.80 1700.10
317.81 1706.07
318.81 1711.70
319.81 1717.47
320.80 1723.38
321.81 1728.98
322.81 1734.75
323.80 1740.46
324.80 1746.20
325.80 1751.99
326.81 1757.30
327.81 1762.35
328.80 1767.67
329.80 1772.72
330.80 1778.67
331.80 1784.79
332.81 1790.66
333.81 1796.46
334.80 1801.87
335.81 1807.47
336.81 1813.16
337.80 1818.84
338.81 1824.58
339.80 1830.05
340.80 1836.06
341.80 1841.98
342.80 1847.95
343.81 1854.14
344.81 1859.77
345.81 1865.43
346.81 1871.39
347.81 1877.27
348.80 1883.13
349.81 1889.19
350.81 1895.33
351.81 1901.08
352.80 1907.07
353.80 1912.90
354.80 1918.57
355.82 1924.17
356.81 1929.55
357.81 1934.26
358.80 1939.61
359.81 1944.35
360.81 1949.07
361.81 1954.12
362.80 1959.70
363.81 1965.13
364.81 1970.55
365.81 1976.16
366.80 1981.67
367.80 1987.44
