4579.60 23554.09
4580.59 23557.06
4581.59 23559.32
4582.59 23564.70
4583.65 23571.04
4584.61 23576.86
4585.59 23582.57
4586.59 23588.55
4587.59 23593.98
4588.61 23599.43
4589.64 23605.17
4590.59 23610.68
4591.68 23616.99
4592.61 23622.18
4593.63 23628.16
4594.66 23634.23
4595.68 23640.40
4596.60 23645.96
4597.62 23651.99
4598.65 23657.44
4599.67 23663.19
4600.59 23667.76
4601.62 23673.53
4602.63 23679.06
4603.67 23684.85
4604.60 23689.97
4605.61 23695.43
4606.59 23700.99
4607.66 23707.25
4608.59 23712.24
4609.71 23718.27
4610.63 23723.75
4611.65 23729.67
4612.68 23735.87
4613.70 23742.09
4614.60 23747.43
4615.59 23753.41
4616.59 23759.56
4617.60 23765.87
4618.59 23772.05
4619.60 23778.34
4620.59 23784.37
4621.58 23790.36
4622.59 23796.48
4623.60 23802.58
4624.59 23808.41
4625.68 23814.44
4626.60 23820.24
4627.62 23826.05
4628.65 23831.98
4629.68 23838.14
4630.70 23843.82
4631.62 23848.64
4632.65 23854.42
4633.59 23859.50
4634.70 23865.81
4635.62 23870.98
4636.64 23876.94
4637.67 23883.21
4638.69 23889.43
4639.61 23895.08
4640.63 23901.41
4641.66 23907.79
4642.68 23913.66
4643.71 23919.88
4644.63 23925.67
4645.59 23931.77
4646.59 23938.02
4647.66 23944.76
4648.62 23950.88
4649.65 23957.30
4650.67 23963.64
4651.70 23970.16
4652.59 23975.67
4653.64 23982.18
4654.67 23988.60
4655.69 23994.57
4656.61 23999.88
4657.63 24005.81
4658.66 24012.01
4659.68 24018.49
4660.60 24024.33
4661.63 24030.90
4662.65 24037.48
4663.68 24044.00
4664.60 24049.88
4665.60 24056.31
4666.65 24062.95
4667.67 24068.61
4668.70 24074.49
4669.62 24079.91
4670.64 24085.68
4671.66 24091.09
4672.69 24097.36
4673.61 24103.06
4674.64 24109.50
4675.66 24115.71
4676.68 24122.03
4677.60 24127.59
4678.63 24134.00
4679.65 24140.40
4680.59 24145.43
4681.66 24148.44
4683.64 24157.88
4684.61 24162.84
4685.60 24167.50
4686.59 24172.45
4687.59 24177.49
4688.60 24183.77
4689.61 24188.25
4690.60 24193.53
4691.59 24198.64
4692.59 24203.84
4693.60 24209.29
4694.59 24214.91
4695.60 24220.87
4696.59 24226.74
4697.59 24232.74
4698.60 24239.05
4699.60 24245.13
4700.64 24251.54
4701.58 24257.18
4702.64 24263.28
4703.61 24269.16
4704.64 24275.24
4705.66 24281.48
4706.68 24287.71
4707.60 24293.32
4708.63 24299.63
4709.65 24305.73
4710.68 24311.94
4711.60 24316.82
4712.59 24322.06
4713.65 24327.61
4714.68 24333.05
4715.70 24338.48
4716.62 24343.59
4717.64 24349.29
4718.67 24355.61
4719.60 24361.18
4720.61 24367.29
4721.63 24373.42
4722.66 24379.61
4723.68 24385.77
4724.70 24391.99
4725.63 24397.59
4726.65 24403.61
4727.59 24409.34
4728.70 24416.06
4729.60 24421.35
4730.64 24427.71
4731.67 24433.88
4732.69 24440.25
4733.61 24445.84
4734.58 24451.78
4735.67 24458.14
4736.69 24464.31
4737.61 24469.96
4738.63 24476.02
4739.59 24481.70
4740.69 24488.28
4741.61 24493.31
4742.63 24498.62
4743.66 24504.13
4744.68 24509.24
4745.70 24514.48
4746.64 24519.65
4747.65 24525.12
4748.67 24531.21
4749.70 24537.47
4750.62 24542.88
4751.64 24548.81
4752.66 24555.00
4753.69 24561.22
4754.71 24567.20
4755.63 24572.69
4756.66 24578.84
4757.68 24584.98
4758.71 24590.96
4759.63 24596.34
4760.60 24601.80
4761.68 24608.14
4762.71 24614.03
4763.62 24619.45
4764.65 24625.66
4765.67 24631.40
4766.59 24636.55
4767.62 24642.68
4768.64 24648.75
4769.66 24654.84
4770.64 24660.46
4771.61 24666.10
4772.64 24671.97
4773.66 24677.96
4774.68 24683.38
4775.71 24688.47
4776.63 24693.44
4777.65 24698.59
4778.68 24704.29
4779.60 24709.31
4780.60 24715.26
4781.59 24720.90
4782.60 24726.85
4783.60 24732.71
4784.60 24738.69
4785.60 24744.49
4786.59 24750.21
4787.60 24756.12
4788.60 24762.19
4789.61 24768.16
4790.60 24773.87
4791.59 24779.62
4792.60 24785.72
4793.60 24791.66
4794.59 24797.48
4795.63 24803.57
4796.70 24809.61
4797.62 24815.01
4798.64 24821.02
4799.67 24827.04
4800.69 24833.18
4801.59 24838.51
4802.64 24844.58
4803.66 24850.73
4804.59 24856.08
4805.61 24861.76
4806.64 24867.48
4807.66 24872.72
4808.68 24878.15
4809.71 24883.83
4810.63 24888.76
4811.59 24894.04
4812.67 24900.62
4813.60 24905.92
4814.62 24912.16
4815.64 24918.36
4816.67 24924.33
4817.69 24930.23
4818.62 24935.57
4819.64 24941.68
4820.66 24947.77
4821.69 24953.75
4822.62 24959.04
4823.63 24964.98
4824.60 24970.76
4825.68 24976.94
4826.60 24982.10
4827.62 24988.24
4828.65 24994.27
4829.67 24999.97
4830.70 25006.17
4831.62 25011.57
4832.60 25017.15
4833.67 25023.16
4834.69 25028.87
4835.60 25034.20
4836.64 25040.05
4837.66 25045.45
4838.60 25049.78
4839.71 25055.46
4840.59 25059.29
4841.76 25064.89
4842.60 25069.48
4843.70 25076.10
4844.61 25081.55
4845.62 25087.49
4846.59 25093.38
4847.60 25099.23
4848.62 25105.22
4849.64 25111.15
4850.61 25116.94
4851.59 25122.70
4852.60 25128.48
4853.60 25134.10
4854.61 25139.76
4855.60 25145.26
4856.59 25150.99
4857.60 25156.76
4858.60 25162.62
4859.60 25168.56
4860.60 25174.38
4861.59 25180.13
4862.60 25186.09
4863.60 25191.97
4864.60 25197.94
4865.61 25203.90
4866.59 25209.79
4867.60 25215.61
4868.60 25221.14
4869.60 25226.75
4870.60 25231.78
4871.59 25236.53
4872.60 25241.53
4873.60 25246.01
4874.61 25251.57
4875.60 25256.56
4876.59 25261.78
4877.60 25267.21
4878.60 25272.60
4879.61 25278.30
4880.60 25283.95
4881.59 25289.52
4882.60 25295.09
4883.60 25300.73
4884.61 25306.24
4885.60 25311.71
4886.59 25316.84
4887.60 25322.21
4888.60 25327.59
4889.61 25332.95
4890.60 25338.24
4891.60 25343.67
4892.60 25349.15
4893.60 25354.52
4894.61 25360.19
4895.60 25365.76
4896.60 25371.31
4897.60 25377.06
4898.60 25382.93
4899.61 25388.18
4900.60 25393.55
4901.60 25398.84
4902.60 25404.16
4903.60 25410.18
4904.61 25416.16
4905.60 25421.90
4906.59 25427.86
4907.60 25433.80
4908.60 25439.64
4909.60 25445.71
4910.60 25451.51
4911.59 25457.18
4912.60 25463.02
4913.60 25469.04
4914.60 25474.82
4915.60 25480.63
4916.59 25486.45
4917.60 25492.19
4918.61 25498.07
4919.61 25503.99
4920.60 25509.90
4921.59 25515.77
4922.60 25521.68
4923.60 25527.63
4924.61 25533.55
4925.61 25539.47
4926.60 25545.22
4927.61 25551.17
4928.61 25557.25
4929.61 25562.81
4930.60 25568.24
4931.60 25573.09
4932.60 25578.50
4933.60 25583.57
4934.61 25589.35
4935.60 25595.27
4936.60 25601.30
4937.60 25607.30
4938.61 25613.01
4939.59 25618.67
4940.60 25624.64
4941.60 25630.65
4942.61 25636.57
4943.60 25642.67
4944.61 25648.81
4945.61 25654.94
4946.62 25661.00
4947.62 25666.80
4948.62 25672.90
4949.62 25678.76
4950.61 25684.77
4951.63 25690.96
4952.60 25696.67
4953.63 25702.99
4954.61 25708.85
4955.63 25715.00
4956.63 25721.16
4957.60 25726.83
4958.64 25732.81
4959.62 25738.63
4960.65 25744.49
4961.65 25749.95
4962.65 25755.18
4963.62 25760.47
4964.64 25765.81
4965.66 25771.38
4966.66 25777.43
4967.60 25783.12
4968.63 25789.48
4969.59 25795.42
4970.68 25801.85
4971.61 25807.55
4972.63 25813.81
4973.60 25819.85
4974.61 25825.87
4975.60 25831.88
4976.60 25837.88
4977.60 25844.07
4978.60 25850.26
4979.61 25856.40
4980.61 25862.44
4981.60 25868.57
4982.60 25874.57
4983.60 25880.67
4984.59 25886.62
4985.61 25892.84
4986.59 25898.80
4987.60 25904.65
4988.60 25910.58
4989.61 25916.56
4990.65 25922.77
4991.65 25928.79
4992.66 25934.46
4993.62 25939.77
4994.65 25945.36
4995.67 25950.94
4996.69 25956.46
4997.61 25961.92
4998.60 25967.84
4999.66 25974.26
5000.69 25980.60
5001.61 25986.07
5002.64 25992.21
5003.65 25998.33
5004.68 26004.69
5005.70 26010.93
5006.63 26016.40
5007.65 26022.21
5008.60 26027.48
5009.70 26033.48
5010.62 26038.62
5011.64 26044.12
5012.60 26049.18
5013.69 26055.04
5014.61 26060.33
5015.64 26066.11
5016.66 26071.77
5017.60 26076.83
5018.71 26083.25
5019.63 26088.65
5020.66 26094.55
5021.68 26100.48
5022.70 26106.50
5023.63 26111.68
5024.65 26117.15
5025.68 26122.28
5026.70 26127.77
5027.62 26132.56
5028.61 26138.02
5029.67 26144.15
5030.69 26150.13
5031.61 26155.58
5032.64 26161.69
5033.66 26167.64
5034.68 26173.84
5035.61 26179.19
5036.63 26185.10
5037.65 26191.04
5038.68 26197.03
5039.61 26202.58
5040.62 26208.68
5041.65 26214.84
5042.59 26219.34
5043.69 26225.51
5044.61 26227.10
5045.60 26228.19
5046.60 26230.71
5047.60 26234.22
5048.60 26236.94
5049.64 26239.72
5050.63 26242.84
5051.68 26245.80
5052.71 26248.72
5053.63 26251.37
5054.60 26254.40
5055.60 26258.25
5056.59 26262.38
5057.60 26266.36
5058.64 26271.31
