12-15 17:17:09.515  5332  5332 I BatteryMgr:DataCollectionService: onStartCommand: begin
12-15 17:17:09.516  5332  5332 I BatteryMgr:DataCollectionService: onStartCommand: sampleRate => 1000
12-15 17:17:09.516  5332  5332 I BatteryMgr:DataCollectionService: onStartCommand: rawFields => Timestamp,BATTERY_PROPERTY_CURRENT_NOW,EXTRA_VOLTAGE
12-15 17:17:09.516  5332  5332 I BatteryMgr:DataCollectionService: onStartCommand: notification done
12-15 17:17:09.518  5332  5332 I BatteryMgr:DataCollectionService: started foreground
12-15 17:17:09.521  5332  5919 I BatteryMgr:DataCollectionService: collectData: begin
12-15 17:17:09.524  5332  5919 I BatteryMgr:DataCollectionService: stats => 1702657029524,-1770018,3585
12-15 17:17:10.527  5332  5919 I BatteryMgr:DataCollectionService: stats => 1702657030527,-1756835,3583
12-15 17:17:11.529  5332  5919 I BatteryMgr:DataCollectionService: stats => 1702657031529,-1731444,3585
12-15 17:17:12.531  5332  5919 I BatteryMgr:DataCollectionService: stats => 1702657032531,-1762694,3585
12-15 17:17:13.533  5332  5919 I BatteryMgr:DataCollectionService: stats => 1702657033533,-1701659,3585
12-15 17:17:14.535  5332  5919 I BatteryMgr:DataCollectionService: stats => 1702657034535,-1758299,3585
12-15 17:17:15.540  5332  5919 I BatteryMgr:DataCollectionService: stats => 1702657035540,-1909666,3585
12-15 17:17:16.542  5332  5919 I BatteryMgr:DataCollectionService: stats => 1702657036542,-1796385,3585
12-15 17:17:17.544  5332  5919 I BatteryMgr:DataCollectionService: stats => 1702657037544,-1772948,3585
12-15 17:17:18.547  5332  5919 I BatteryMgr:DataCollectionService: stats => 1702657038546,-1782225,3585
12-15 17:17:19.549  5332  5919 I BatteryMgr:DataCollectionService: stats => 1702657039549,-1791014,3585
12-15 17:17:20.552  5332  5919 I BatteryMgr:DataCollectionService: stats => 1702657040552,-1794432,3585
12-15 17:17:21.554  5332  5919 I BatteryMgr:DataCollectionService: stats => 1702657041554,-1766112,3582
12-15 17:17:22.557  5332  5919 I BatteryMgr:DataCollectionService: stats => 1702657042557,-1812987,3582
12-15 17:17:23.559  5332  5919 I BatteryMgr:DataCollectionService: stats => 1702657043559,-1793944,3582
12-15 17:17:24.561  5332  5919 I BatteryMgr:DataCollectionService: stats => 1702657044561,-1791014,3582
12-15 17:17:25.566  5332  5919 I BatteryMgr:DataCollectionService: stats => 1702657045566,-1808592,3582
12-15 17:17:26.569  5332  5919 I BatteryMgr:DataCollectionService: stats => 1702657046569,-1800780,3582
12-15 17:17:27.571  5332  5919 I BatteryMgr:DataCollectionService: stats => 1702657047571,-1782713,3582
12-15 17:17:28.573  5332  5919 I BatteryMgr:DataCollectionService: stats => 1702657048573,-1796874,3582
12-15 17:17:29.576  5332  5919 I BatteryMgr:DataCollectionService: stats => 1702657049576,-1791014,3581
12-15 17:17:30.583  5332  5919 I BatteryMgr:DataCollectionService: stats => 1702657050583,-1807127,3581
12-15 17:17:31.586  5332  5919 I BatteryMgr:DataCollectionService: stats => 1702657051586,-1769042,3582
12-15 17:17:32.589  5332  5919 I BatteryMgr:DataCollectionService: stats => 1702657052589,-1710448,3582
12-15 17:17:33.591  5332  5919 I BatteryMgr:DataCollectionService: stats => 1702657053590,-1667967,3582
12-15 17:17:34.593  5332  5919 I BatteryMgr:DataCollectionService: stats => 1702657054593,-1640624,3582
12-15 17:17:35.595  5332  5919 I BatteryMgr:DataCollectionService: stats => 1702657055595,-1645018,3582
12-15 17:17:36.597  5332  5919 I BatteryMgr:DataCollectionService: stats => 1702657056597,-1636229,3582
12-15 17:17:37.599  5332  5919 I BatteryMgr:DataCollectionService: stats => 1702657057599,-1781737,3582
12-15 17:17:38.601  5332  5919 I BatteryMgr:DataCollectionService: stats => 1702657058601,-1791014,3582
12-15 17:17:39.605  5332  5919 I BatteryMgr:DataCollectionService: stats => 1702657059605,-1784178,3582
12-15 17:17:40.609  5332  5919 I BatteryMgr:DataCollectionService: stats => 1702657060609,-1809569,3582
12-15 17:17:41.612  5332  5919 I BatteryMgr:DataCollectionService: stats => 1702657061611,-1800780,3580
12-15 17:17:42.614  5332  5919 I BatteryMgr:DataCollectionService: stats => 1702657062614,-1726073,3580
12-15 17:17:43.616  5332  5919 I BatteryMgr:DataCollectionService: stats => 1702657063616,-1815917,3580
12-15 17:17:44.618  5332  5919 I BatteryMgr:DataCollectionService: stats => 1702657064618,-1843260,3580
12-15 17:17:45.621  5332  5919 I BatteryMgr:DataCollectionService: stats => 1702657065621,-1851073,3580
12-15 17:17:46.626  5332  5919 I BatteryMgr:DataCollectionService: stats => 1702657066626,-1847167,3580
12-15 17:17:47.628  5332  5919 I BatteryMgr:DataCollectionService: stats => 1702657067628,-1856932,3580
12-15 17:17:48.630  5332  5919 I BatteryMgr:DataCollectionService: stats => 1702657068630,-1870604,3580
12-15 17:17:49.633  5332  5919 I BatteryMgr:DataCollectionService: stats => 1702657069633,-1853026,3580
12-15 17:17:50.635  5332  5919 I BatteryMgr:DataCollectionService: stats => 1702657070635,-1854979,3580
12-15 17:17:51.639  5332  5919 I BatteryMgr:DataCollectionService: stats => 1702657071639,-1861815,3575
12-15 17:17:52.641  5332  5919 I BatteryMgr:DataCollectionService: stats => 1702657072641,-1834959,3575
12-15 17:17:53.644  5332  5919 I BatteryMgr:DataCollectionService: stats => 1702657073644,-1837401,3575
12-15 17:17:54.646  5332  5919 I BatteryMgr:DataCollectionService: stats => 1702657074646,-1769530,3575
12-15 17:17:55.648  5332  5919 I BatteryMgr:DataCollectionService: stats => 1702657075648,-1826170,3575
12-15 17:17:56.653  5332  5919 I BatteryMgr:DataCollectionService: stats => 1702657076653,-1812987,3575
12-15 17:17:57.655  5332  5919 I BatteryMgr:DataCollectionService: stats => 1702657077655,-1870116,3575
12-15 17:17:58.657  5332  5919 I BatteryMgr:DataCollectionService: stats => 1702657078657,-1862303,3575
12-15 17:17:59.659  5332  5919 I BatteryMgr:DataCollectionService: stats => 1702657079659,-1815428,3575
12-15 17:18:00.668  5332  5919 I BatteryMgr:DataCollectionService: stats => 1702657080668,-1875975,3575
12-15 17:18:01.670  5332  5919 I BatteryMgr:DataCollectionService: stats => 1702657081670,-1880370,3573
12-15 17:18:02.672  5332  5919 I BatteryMgr:DataCollectionService: stats => 1702657082672,-1847167,3575
12-15 17:18:03.674  5332  5919 I BatteryMgr:DataCollectionService: stats => 1702657083674,-1888670,3575
12-15 17:18:04.677  5332  5919 I BatteryMgr:DataCollectionService: stats => 1702657084677,-1826659,3575
12-15 17:18:05.680  5332  5919 I BatteryMgr:DataCollectionService: stats => 1702657085680,-1814940,3575
12-15 17:18:06.682  5332  5919 I BatteryMgr:DataCollectionService: stats => 1702657086682,-1831053,3575
12-15 17:18:07.684  5332  5919 I BatteryMgr:DataCollectionService: stats => 1702657087684,-1815428,3575
12-15 17:18:08.687  5332  5919 I BatteryMgr:DataCollectionService: stats => 1702657088687,-1839842,3575
12-15 17:18:09.689  5332  5919 I BatteryMgr:DataCollectionService: stats => 1702657089689,-1863280,3575
12-15 17:18:10.692  5332  5919 I BatteryMgr:DataCollectionService: stats => 1702657090692,-1853514,3575
12-15 17:18:11.695  5332  5919 I BatteryMgr:DataCollectionService: stats => 1702657091695,-1831542,3575
12-15 17:18:12.697  5332  5919 I BatteryMgr:DataCollectionService: stats => 1702657092697,-1836424,3575
12-15 17:18:13.699  5332  5919 I BatteryMgr:DataCollectionService: stats => 1702657093699,-1837889,3575
12-15 17:18:14.705  5332  5919 I BatteryMgr:DataCollectionService: stats => 1702657094705,-1812499,3575
12-15 17:18:15.707  5332  5919 I BatteryMgr:DataCollectionService: stats => 1702657095707,-1760253,3575
12-15 17:18:16.709  5332  5919 I BatteryMgr:DataCollectionService: stats => 1702657096709,-1804686,3575
12-15 17:18:17.711  5332  5919 I BatteryMgr:DataCollectionService: stats => 1702657097711,-1762694,3575
12-15 17:18:18.714  5332  5919 I BatteryMgr:DataCollectionService: stats => 1702657098714,-1807127,3575
12-15 17:18:19.716  5332  5919 I BatteryMgr:DataCollectionService: stats => 1702657099716,-1742674,3575
12-15 17:18:20.718  5332  5919 I BatteryMgr:DataCollectionService: stats => 1702657100717,-1753417,3575
12-15 17:18:21.720  5332  5919 I BatteryMgr:DataCollectionService: stats => 1702657101720,-1798338,3577
12-15 17:18:22.721  5332  5919 I BatteryMgr:DataCollectionService: stats => 1702657102721,-1798338,3577
12-15 17:18:23.726  5332  5919 I BatteryMgr:DataCollectionService: stats => 1702657103726,-1759276,3577
12-15 17:18:24.728  5332  5919 I BatteryMgr:DataCollectionService: stats => 1702657104728,-1815917,3577
12-15 17:18:25.730  5332  5919 I BatteryMgr:DataCollectionService: stats => 1702657105730,-1813475,3577
12-15 17:18:26.733  5332  5919 I BatteryMgr:DataCollectionService: stats => 1702657106733,-1785155,3577
12-15 17:18:27.735  5332  5919 I BatteryMgr:DataCollectionService: stats => 1702657107735,-1872069,3577
12-15 17:18:28.739  5332  5919 I BatteryMgr:DataCollectionService: stats => 1702657108739,-1814452,3577
12-15 17:18:29.741  5332  5919 I BatteryMgr:DataCollectionService: stats => 1702657109741,-1832030,3577
12-15 17:18:30.744  5332  5919 I BatteryMgr:DataCollectionService: stats => 1702657110744,-1802245,3577
12-15 17:18:31.747  5332  5919 I BatteryMgr:DataCollectionService: stats => 1702657111747,-1848631,3572
12-15 17:18:32.749  5332  5919 I BatteryMgr:DataCollectionService: stats => 1702657112749,-1752440,3572
12-15 17:18:33.751  5332  5919 I BatteryMgr:DataCollectionService: stats => 1702657113751,-1743163,3572
12-15 17:18:34.753  5332  5919 I BatteryMgr:DataCollectionService: stats => 1702657114753,-1809081,3572
12-15 17:18:35.755  5332  5919 I BatteryMgr:DataCollectionService: stats => 1702657115755,-1789549,3572
12-15 17:18:36.757  5332  5919 I BatteryMgr:DataCollectionService: stats => 1702657116757,-1828612,3572
12-15 17:18:37.760  5332  5919 I BatteryMgr:DataCollectionService: stats => 1702657117760,-1839842,3573
12-15 17:18:38.762  5332  5919 I BatteryMgr:DataCollectionService: stats => 1702657118762,-1812010,3573
12-15 17:18:39.765  5332  5919 I BatteryMgr:DataCollectionService: stats => 1702657119765,-1827147,3573
12-15 17:18:40.768  5332  5919 I BatteryMgr:DataCollectionService: stats => 1702657120767,-1831053,3573
12-15 17:18:41.770  5332  5919 I BatteryMgr:DataCollectionService: stats => 1702657121770,-1816893,3574
12-15 17:18:42.772  5332  5919 I BatteryMgr:DataCollectionService: stats => 1702657122772,-1794432,3574
12-15 17:18:43.777  5332  5919 I BatteryMgr:DataCollectionService: stats => 1702657123777,-1813963,3574
12-15 17:18:44.779  5332  5919 I BatteryMgr:DataCollectionService: stats => 1702657124779,-1844237,3574
12-15 17:18:45.781  5332  5919 I BatteryMgr:DataCollectionService: stats => 1702657125781,-1809569,3574
12-15 17:18:46.784  5332  5919 I BatteryMgr:DataCollectionService: stats => 1702657126784,-1826659,3574
12-15 17:18:47.787  5332  5919 I BatteryMgr:DataCollectionService: stats => 1702657127787,-1827147,3574
12-15 17:18:48.790  5332  5919 I BatteryMgr:DataCollectionService: stats => 1702657128790,-1838377,3574
12-15 17:18:49.792  5332  5919 I BatteryMgr:DataCollectionService: stats => 1702657129792,-1839842,3574
12-15 17:18:50.794  5332  5919 I BatteryMgr:DataCollectionService: stats => 1702657130794,-1845702,3574
12-15 17:18:51.797  5332  5919 I BatteryMgr:DataCollectionService: stats => 1702657131796,-1806151,3574
12-15 17:18:52.799  5332  5919 I BatteryMgr:DataCollectionService: stats => 1702657132799,-1817870,3574
12-15 17:18:53.801  5332  5919 I BatteryMgr:DataCollectionService: stats => 1702657133801,-1824706,3574
12-15 17:18:54.803  5332  5919 I BatteryMgr:DataCollectionService: stats => 1702657134803,-1793944,3574
12-15 17:18:55.806  5332  5919 I BatteryMgr:DataCollectionService: stats => 1702657135806,-1791991,3574
12-15 17:18:56.808  5332  5919 I BatteryMgr:DataCollectionService: stats => 1702657136808,-1812010,3574
12-15 17:18:57.810  5332  5919 I BatteryMgr:DataCollectionService: stats => 1702657137810,-1787596,3574
12-15 17:18:58.822  5332  5919 I BatteryMgr:DataCollectionService: stats => 1702657138822,-1789061,3574
12-15 17:18:59.830  5332  5919 I BatteryMgr:DataCollectionService: stats => 1702657139830,-1794920,3574
12-15 17:19:00.832  5332  5919 I BatteryMgr:DataCollectionService: stats => 1702657140832,-1830565,3574
12-15 17:19:01.834  5332  5919 I BatteryMgr:DataCollectionService: stats => 1702657141834,-1785155,3575
12-15 17:19:02.837  5332  5919 I BatteryMgr:DataCollectionService: stats => 1702657142837,-1823241,3575
12-15 17:19:03.839  5332  5919 I BatteryMgr:DataCollectionService: stats => 1702657143839,-1812987,3575
12-15 17:19:04.841  5332  5919 I BatteryMgr:DataCollectionService: stats => 1702657144841,-1814452,3575
12-15 17:19:05.844  5332  5919 I BatteryMgr:DataCollectionService: stats => 1702657145844,-1820311,3575
12-15 17:19:06.846  5332  5919 I BatteryMgr:DataCollectionService: stats => 1702657146846,-1785155,3575
12-15 17:19:07.849  5332  5919 I BatteryMgr:DataCollectionService: stats => 1702657147849,-1796874,3575
12-15 17:19:08.852  5332  5919 I BatteryMgr:DataCollectionService: stats => 1702657148852,-1823241,3575
12-15 17:19:09.854  5332  5919 I BatteryMgr:DataCollectionService: stats => 1702657149854,-1815917,3575
12-15 17:19:10.857  5332  5919 I BatteryMgr:DataCollectionService: stats => 1702657150857,-1793456,3575
12-15 17:19:11.859  5332  5919 I BatteryMgr:DataCollectionService: stats => 1702657151859,-1797362,3574
12-15 17:19:12.863  5332  5919 I BatteryMgr:DataCollectionService: stats => 1702657152863,-1789061,3574
12-15 17:19:13.866  5332  5919 I BatteryMgr:DataCollectionService: stats => 1702657153866,-1842284,3574
12-15 17:19:14.869  5332  5919 I BatteryMgr:DataCollectionService: stats => 1702657154869,-1838866,3574
12-15 17:19:15.871  5332  5919 I BatteryMgr:DataCollectionService: stats => 1702657155871,-1798338,3574
12-15 17:19:16.873  5332  5919 I BatteryMgr:DataCollectionService: stats => 1702657156873,-1833006,3574
12-15 17:19:17.876  5332  5919 I BatteryMgr:DataCollectionService: stats => 1702657157876,-1821776,3574
12-15 17:19:18.878  5332  5919 I BatteryMgr:DataCollectionService: stats => 1702657158878,-1832030,3574
12-15 17:19:19.881  5332  5919 I BatteryMgr:DataCollectionService: stats => 1702657159881,-1709960,3574
12-15 17:19:20.883  5332  5919 I BatteryMgr:DataCollectionService: stats => 1702657160883,-1720213,3574
12-15 17:19:21.885  5332  5919 I BatteryMgr:DataCollectionService: stats => 1702657161885,-1734374,3578
12-15 17:19:22.890  5332  5919 I BatteryMgr:DataCollectionService: stats => 1702657162890,-1737303,3578
12-15 17:19:23.892  5332  5919 I BatteryMgr:DataCollectionService: stats => 1702657163892,-1757323,3578
12-15 17:19:24.895  5332  5919 I BatteryMgr:DataCollectionService: stats => 1702657164895,-1787108,3578
12-15 17:19:25.897  5332  5919 I BatteryMgr:DataCollectionService: stats => 1702657165897,-1777342,3578
12-15 17:19:26.900  5332  5919 I BatteryMgr:DataCollectionService: stats => 1702657166900,-1824217,3578
12-15 17:19:27.903  5332  5919 I BatteryMgr:DataCollectionService: stats => 1702657167903,-1804198,3578
12-15 17:19:28.906  5332  5919 I BatteryMgr:DataCollectionService: stats => 1702657168906,-1812010,3578
12-15 17:19:29.908  5332  5919 I BatteryMgr:DataCollectionService: stats => 1702657169908,-1824217,3578
12-15 17:19:30.910  5332  5919 I BatteryMgr:DataCollectionService: stats => 1702657170910,-1793944,3578
12-15 17:19:31.914  5332  5919 I BatteryMgr:DataCollectionService: stats => 1702657171914,-1833983,3572
12-15 17:19:32.916  5332  5919 I BatteryMgr:DataCollectionService: stats => 1702657172916,-1786131,3572
12-15 17:19:33.918  5332  5919 I BatteryMgr:DataCollectionService: stats => 1702657173918,-1853514,3572
12-15 17:19:34.920  5332  5919 I BatteryMgr:DataCollectionService: stats => 1702657174920,-1820799,3572
12-15 17:19:35.922  5332  5919 I BatteryMgr:DataCollectionService: stats => 1702657175922,-1796385,3572
12-15 17:19:36.927  5332  5919 I BatteryMgr:DataCollectionService: stats => 1702657176927,-1823729,3572
12-15 17:19:37.930  5332  5919 I BatteryMgr:DataCollectionService: stats => 1702657177930,-1815428,3572
12-15 17:19:38.933  5332  5919 I BatteryMgr:DataCollectionService: stats => 1702657178932,-1813963,3572
12-15 17:19:39.935  5332  5919 I BatteryMgr:DataCollectionService: stats => 1702657179935,-1854979,3572
12-15 17:19:40.938  5332  5919 I BatteryMgr:DataCollectionService: stats => 1702657180938,-1804686,3572
12-15 17:19:41.940  5332  5919 I BatteryMgr:DataCollectionService: stats => 1702657181940,-1773436,3572
12-15 17:19:42.942  5332  5919 I BatteryMgr:DataCollectionService: stats => 1702657182942,-1706542,3572
12-15 17:19:43.946  5332  5919 I BatteryMgr:DataCollectionService: stats => 1702657183946,-1727538,3572
12-15 17:19:44.948  5332  5919 I BatteryMgr:DataCollectionService: stats => 1702657184948,-1784178,3572
12-15 17:19:45.950  5332  5919 I BatteryMgr:DataCollectionService: stats => 1702657185950,-1749022,3572
12-15 17:19:46.953  5332  5919 I BatteryMgr:DataCollectionService: stats => 1702657186953,-1803710,3571
12-15 17:19:47.955  5332  5919 I BatteryMgr:DataCollectionService: stats => 1702657187955,-1811522,3571
12-15 17:19:48.957  5332  5919 I BatteryMgr:DataCollectionService: stats => 1702657188957,-1770506,3571
12-15 17:19:49.959  5332  5919 I BatteryMgr:DataCollectionService: stats => 1702657189959,-1797362,3571
12-15 17:19:50.962  5332  5919 I BatteryMgr:DataCollectionService: stats => 1702657190962,-1781249,3571
12-15 17:19:51.965  5332  5919 I BatteryMgr:DataCollectionService: stats => 1702657191964,-1703124,3572
12-15 17:19:52.968  5332  5919 I BatteryMgr:DataCollectionService: stats => 1702657192968,-1717772,3572
12-15 17:19:53.970  5332  5919 I BatteryMgr:DataCollectionService: stats => 1702657193970,-1738768,3572
12-15 17:19:54.972  5332  5919 I BatteryMgr:DataCollectionService: stats => 1702657194972,-1795897,3572
12-15 17:19:55.974  5332  5919 I BatteryMgr:DataCollectionService: stats => 1702657195974,-1772948,3572
12-15 17:19:56.977  5332  5919 I BatteryMgr:DataCollectionService: stats => 1702657196977,-1778807,3572
12-15 17:19:57.979  5332  5919 I BatteryMgr:DataCollectionService: stats => 1702657197979,-1744139,3572
12-15 17:19:58.985  5332  5919 I BatteryMgr:DataCollectionService: stats => 1702657198985,-1729003,3572
12-15 17:19:59.989  5332  5919 I BatteryMgr:DataCollectionService: stats => 1702657199989,-1829100,3572
12-15 17:20:00.992  5332  5919 I BatteryMgr:DataCollectionService: stats => 1702657200992,-1820311,3572
12-15 17:20:01.994  5332  5919 I BatteryMgr:DataCollectionService: stats => 1702657201994,-1826170,3569
12-15 17:20:02.996  5332  5919 I BatteryMgr:DataCollectionService: stats => 1702657202996,-1781249,3569
12-15 17:20:03.998  5332  5919 I BatteryMgr:DataCollectionService: stats => 1702657203998,-1779784,3569
12-15 17:20:05.001  5332  5919 I BatteryMgr:DataCollectionService: stats => 1702657205001,-1811522,3569
12-15 17:20:06.003  5332  5919 I BatteryMgr:DataCollectionService: stats => 1702657206003,-1799803,3569
12-15 17:20:07.005  5332  5919 I BatteryMgr:DataCollectionService: stats => 1702657207005,-1773436,3569
12-15 17:20:08.009  5332  5919 I BatteryMgr:DataCollectionService: stats => 1702657208009,-1751952,3569
12-15 17:20:09.013  5332  5919 I BatteryMgr:DataCollectionService: stats => 1702657209013,-1808104,3569
12-15 17:20:10.016  5332  5919 I BatteryMgr:DataCollectionService: stats => 1702657210016,-1776854,3569
12-15 17:20:11.018  5332  5919 I BatteryMgr:DataCollectionService: stats => 1702657211018,-1829100,3569
12-15 17:20:12.020  5332  5919 I BatteryMgr:DataCollectionService: stats => 1702657212020,-1873045,3568
12-15 17:20:13.022  5332  5919 I BatteryMgr:DataCollectionService: stats => 1702657213022,-1840331,3568
12-15 17:20:14.029  5332  5919 I BatteryMgr:DataCollectionService: stats => 1702657214029,-1797362,3568
12-15 17:20:15.031  5332  5919 I BatteryMgr:DataCollectionService: stats => 1702657215031,-1782713,3568
12-15 17:20:16.033  5332  5919 I BatteryMgr:DataCollectionService: stats => 1702657216033,-1840819,3568
12-15 17:20:17.036  5332  5919 I BatteryMgr:DataCollectionService: stats => 1702657217035,-1788573,3568
12-15 17:20:18.038  5332  5919 I BatteryMgr:DataCollectionService: stats => 1702657218038,-1740721,3568
12-15 17:20:19.041  5332  5919 I BatteryMgr:DataCollectionService: stats => 1702657219041,-1719725,3568
12-15 17:20:20.043  5332  5919 I BatteryMgr:DataCollectionService: stats => 1702657220043,-1796874,3568
12-15 17:20:21.045  5332  5919 I BatteryMgr:DataCollectionService: stats => 1702657221045,-1841307,3568
12-15 17:20:22.050  5332  5919 I BatteryMgr:DataCollectionService: stats => 1702657222050,-1828612,3568
12-15 17:20:23.054  5332  5919 I BatteryMgr:DataCollectionService: stats => 1702657223054,-1817870,3568
12-15 17:20:24.056  5332  5919 I BatteryMgr:DataCollectionService: stats => 1702657224056,-1820799,3568
12-15 17:20:25.058  5332  5919 I BatteryMgr:DataCollectionService: stats => 1702657225058,-1799803,3568
12-15 17:20:26.061  5332  5919 I BatteryMgr:DataCollectionService: stats => 1702657226061,-1798338,3568
12-15 17:20:27.065  5332  5919 I BatteryMgr:DataCollectionService: stats => 1702657227065,-1772460,3568
12-15 17:20:28.069  5332  5919 I BatteryMgr:DataCollectionService: stats => 1702657228069,-1800780,3568
12-15 17:20:29.071  5332  5920 I BatteryMgr:DataCollectionService: stats => 1702657229071,-1783690,3568
12-15 17:20:30.074  5332  5920 I BatteryMgr:DataCollectionService: stats => 1702657230074,-1820311,3568
12-15 17:20:31.077  5332  5920 I BatteryMgr:DataCollectionService: stats => 1702657231077,-1815428,3568
12-15 17:20:32.079  5332  5920 I BatteryMgr:DataCollectionService: stats => 1702657232079,-1822752,3568
12-15 17:20:33.082  5332  5920 I BatteryMgr:DataCollectionService: stats => 1702657233082,-1825194,3568
12-15 17:20:34.084  5332  5920 I BatteryMgr:DataCollectionService: stats => 1702657234084,-1752928,3568
12-15 17:20:35.086  5332  5920 I BatteryMgr:DataCollectionService: stats => 1702657235086,-1798827,3568
12-15 17:20:36.090  5332  5920 I BatteryMgr:DataCollectionService: stats => 1702657236090,-1833495,3568
12-15 17:20:37.093  5332  5920 I BatteryMgr:DataCollectionService: stats => 1702657237093,-1800780,3568
12-15 17:20:38.095  5332  5920 I BatteryMgr:DataCollectionService: stats => 1702657238095,-1769042,3568
12-15 17:20:39.097  5332  5920 I BatteryMgr:DataCollectionService: stats => 1702657239097,-1789061,3568
12-15 17:20:40.099  5332  5920 I BatteryMgr:DataCollectionService: stats => 1702657240099,-1796385,3568
12-15 17:20:41.103  5332  5920 I BatteryMgr:DataCollectionService: stats => 1702657241103,-1768065,3568
12-15 17:20:42.107  5332  5920 I BatteryMgr:DataCollectionService: stats => 1702657242107,-1775389,3570
12-15 17:20:43.110  5332  5920 I BatteryMgr:DataCollectionService: stats => 1702657243110,-1765135,3570
12-15 17:20:44.114  5332  5920 I BatteryMgr:DataCollectionService: stats => 1702657244114,-1768065,3570
12-15 17:20:45.116  5332  5920 I BatteryMgr:DataCollectionService: stats => 1702657245116,-1757323,3570
12-15 17:20:46.118  5332  5920 I BatteryMgr:DataCollectionService: stats => 1702657246118,-1805663,3570
12-15 17:20:47.120  5332  5920 I BatteryMgr:DataCollectionService: stats => 1702657247120,-1762694,3570
12-15 17:20:48.122  5332  5920 I BatteryMgr:DataCollectionService: stats => 1702657248122,-1823729,3570
12-15 17:20:49.125  5332  5920 I BatteryMgr:DataCollectionService: stats => 1702657249125,-1822752,3570
12-15 17:20:50.127  5332  5920 I BatteryMgr:DataCollectionService: stats => 1702657250127,-1795897,3570
12-15 17:20:51.130  5332  5920 I BatteryMgr:DataCollectionService: stats => 1702657251130,-1805174,3570
12-15 17:20:52.133  5332  5920 I BatteryMgr:DataCollectionService: stats => 1702657252133,-1819335,3566
12-15 17:20:53.138  5332  5920 I BatteryMgr:DataCollectionService: stats => 1702657253138,-1802733,3566
12-15 17:20:54.140  5332  5920 I BatteryMgr:DataCollectionService: stats => 1702657254140,-1818846,3566
12-15 17:20:55.143  5332  5920 I BatteryMgr:DataCollectionService: stats => 1702657255143,-1816893,3566
12-15 17:20:56.146  5332  5920 I BatteryMgr:DataCollectionService: stats => 1702657256146,-1826659,3566
12-15 17:20:57.152  5332  5920 I BatteryMgr:DataCollectionService: stats => 1702657257152,-1794432,3567
12-15 17:20:58.155  5332  5920 I BatteryMgr:DataCollectionService: stats => 1702657258155,-1795409,3567
12-15 17:20:59.157  5332  5920 I BatteryMgr:DataCollectionService: stats => 1702657259157,-1772948,3567
12-15 17:21:00.158  5332  5920 I BatteryMgr:DataCollectionService: stats => 1702657260158,-1804198,3567
12-15 17:21:01.163  5332  5920 I BatteryMgr:DataCollectionService: stats => 1702657261163,-1793944,3567
12-15 17:21:02.166  5332  5920 I BatteryMgr:DataCollectionService: stats => 1702657262166,-1803221,3566
12-15 17:21:03.168  5332  5920 I BatteryMgr:DataCollectionService: stats => 1702657263168,-1740721,3566
12-15 17:21:04.171  5332  5920 I BatteryMgr:DataCollectionService: stats => 1702657264171,-1807616,3566
12-15 17:21:05.173  5332  5920 I BatteryMgr:DataCollectionService: stats => 1702657265173,-1742186,3566
12-15 17:21:06.177  5332  5920 I BatteryMgr:DataCollectionService: stats => 1702657266177,-1681151,3566
12-15 17:21:07.179  5332  5920 I BatteryMgr:DataCollectionService: stats => 1702657267179,-1771483,3566
12-15 17:21:08.181  5332  5920 I BatteryMgr:DataCollectionService: stats => 1702657268181,-1796874,3566
12-15 17:21:09.183  5332  5920 I BatteryMgr:DataCollectionService: stats => 1702657269183,-1733885,3566
12-15 17:21:10.186  5332  5920 I BatteryMgr:DataCollectionService: stats => 1702657270186,-1753905,3566
12-15 17:21:11.190  5332  5920 I BatteryMgr:DataCollectionService: stats => 1702657271190,-1742186,3566
12-15 17:21:12.193  5332  5920 I BatteryMgr:DataCollectionService: stats => 1702657272193,-1670409,3575
12-15 17:21:13.195  5332  5920 I BatteryMgr:DataCollectionService: stats => 1702657273195,-1732420,3575
12-15 17:21:14.197  5332  5920 I BatteryMgr:DataCollectionService: stats => 1702657274197,-1726073,3575
12-15 17:21:15.200  5332  5920 I BatteryMgr:DataCollectionService: stats => 1702657275200,-1715331,3575
12-15 17:21:16.202  5332  5920 I BatteryMgr:DataCollectionService: stats => 1702657276202,-1758299,3575
12-15 17:21:17.205  5332  5920 I BatteryMgr:DataCollectionService: stats => 1702657277205,-1860838,3575
12-15 17:21:18.207  5332  5920 I BatteryMgr:DataCollectionService: stats => 1702657278207,-1832518,3575
12-15 17:21:19.209  5332  5920 I BatteryMgr:DataCollectionService: stats => 1702657279208,-1795897,3575
12-15 17:21:20.212  5332  5920 I BatteryMgr:DataCollectionService: stats => 1702657280212,-1781249,3575
12-15 17:21:21.215  5332  5920 I BatteryMgr:DataCollectionService: stats => 1702657281215,-1775389,3575
12-15 17:21:22.217  5332  5920 I BatteryMgr:DataCollectionService: stats => 1702657282217,-1806151,3566
12-15 17:21:23.220  5332  5920 I BatteryMgr:DataCollectionService: stats => 1702657283220,-1776366,3566
12-15 17:21:24.222  5332  5920 I BatteryMgr:DataCollectionService: stats => 1702657284222,-1835448,3566
12-15 17:21:25.224  5332  5920 I BatteryMgr:DataCollectionService: stats => 1702657285224,-1792479,3566
12-15 17:21:26.228  5332  5920 I BatteryMgr:DataCollectionService: stats => 1702657286228,-1629881,3566
12-15 17:21:27.230  5332  5920 I BatteryMgr:DataCollectionService: stats => 1702657287230,-1733397,3566
12-15 17:21:28.232  5332  5920 I BatteryMgr:DataCollectionService: stats => 1702657288232,-1720213,3566
12-15 17:21:29.235  5332  5920 I BatteryMgr:DataCollectionService: stats => 1702657289235,-1755858,3566
12-15 17:21:30.237  5332  5920 I BatteryMgr:DataCollectionService: stats => 1702657290237,-1710448,3566
12-15 17:21:31.240  5332  5920 I BatteryMgr:DataCollectionService: stats => 1702657291239,-1760741,3566
12-15 17:21:32.241  5332  5920 I BatteryMgr:DataCollectionService: stats => 1702657292241,-1811034,3565
12-15 17:21:33.244  5332  5920 I BatteryMgr:DataCollectionService: stats => 1702657293244,-1742186,3565
