650.16 3429.74
651.16 3433.68
652.19 3437.58
653.18 3442.36
654.15 3446.83
655.15 3450.23
656.15 3454.56
657.15 3459.80
658.22 3464.72
659.23 3469.61
660.15 3473.37
661.19 3477.47
662.22 3481.60
663.24 3485.53
664.16 3489.53
665.18 3494.33
666.21 3499.57
667.23 3504.76
668.25 3509.94
669.18 3514.88
670.20 3520.38
671.23 3525.96
672.25 3531.46
673.17 3536.32
674.15 3541.44
675.22 3547.41
676.24 3552.87
677.15 3557.54
678.19 3563.36
679.21 3568.97
680.24 3574.32
681.16 3578.58
682.18 3583.28
683.21 3588.03
684.14 3592.44
685.26 3596.83
686.18 3601.16
687.15 3606.05
688.23 3611.54
689.25 3617.05
690.17 3621.77
691.19 3627.06
692.22 3632.61
693.15 3637.66
694.16 3643.04
695.19 3648.37
696.21 3653.60
697.15 3658.46
698.27 3664.28
699.18 3668.97
700.20 3674.50
701.23 3680.05
702.26 3685.72
703.18 3690.68
704.20 3696.37
705.22 3701.81
706.25 3707.28
707.17 3712.23
708.19 3717.59
709.22 3723.04
710.24 3728.34
711.16 3733.19
712.19 3738.76
713.21 3744.33
714.24 3749.22
715.26 3753.63
716.18 3758.21
717.21 3763.10
718.23 3768.20
719.25 3773.43
720.18 3778.39
721.20 3783.56
722.22 3788.86
723.25 3794.40
724.16 3799.20
725.19 3804.53
726.22 3809.87
727.24 3815.21
728.26 3820.38
729.19 3825.24
730.21 3830.64
731.15 3835.38
732.26 3841.44
733.15 3846.10
734.15 3851.29
735.15 3856.66
736.14 3861.85
737.15 3867.22
738.14 3872.65
739.15 3878.08
740.14 3883.17
741.15 3888.20
742.18 3893.74
743.22 3899.35
744.22 3904.72
745.16 3908.81
746.19 3913.85
747.21 3918.86
748.17 3923.25
749.15 3927.94
750.16 3932.85
751.20 3938.44
752.23 3943.95
753.25 3949.30
754.17 3954.06
755.20 3959.72
756.22 3965.34
757.24 3970.77
758.17 3975.81
759.19 3981.22
760.21 3986.82
761.24 3992.11
762.16 3996.80
763.19 4002.36
764.21 4007.64
765.23 4012.98
766.26 4018.19
767.18 4022.82
768.20 4028.26
769.23 4033.84
770.25 4039.32
771.17 4044.27
772.19 4049.74
773.22 4055.33
774.24 4061.03
775.16 4065.90
776.19 4071.40
777.21 4076.29
778.24 4080.96
779.16 4085.40
780.18 4089.91
781.21 4094.78
782.23 4099.65
783.15 4104.17
784.18 4109.30
785.20 4114.37
786.22 4119.55
787.24 4124.69
788.17 4129.24
789.19 4134.38
790.22 4139.69
791.24 4144.63
792.17 4149.55
793.19 4154.76
794.15 4159.75
795.24 4165.43
796.16 4170.11
797.18 4175.35
798.20 4180.42
799.23 4185.59
800.25 4190.80
801.16 4195.31
802.20 4200.60
803.22 4205.61
804.25 4210.92
805.17 4215.63
806.19 4220.86
807.22 4226.13
808.24 4230.75
809.16 4235.07
810.19 4240.08
811.16 4244.37
812.23 4249.18
813.26 4254.18
814.15 4258.60
815.14 4263.38
816.15 4268.25
817.15 4273.11
818.15 4278.37
819.15 4283.55
820.15 4288.73
821.15 4293.93
822.15 4299.21
823.19 4304.76
824.20 4309.82
825.16 4314.65
826.16 4319.96
827.19 4325.16
828.21 4330.34
829.24 4335.52
830.26 4340.63
831.18 4345.47
832.20 4350.70
833.23 4356.14
834.25 4361.57
835.18 4366.22
836.20 4371.43
837.22 4376.65
838.24 4382.11
839.17 4386.82
840.19 4392.00
841.15 4396.16
842.16 4400.62
843.16 4405.18
844.18 4409.88
845.21 4414.93
846.15 4419.50
847.26 4424.82
848.18 4429.46
849.20 4434.82
850.23 4440.23
851.25 4445.05
852.17 4449.58
853.20 4454.75
854.22 4459.43
855.24 4464.56
856.17 4469.55
857.19 4474.88
858.21 4480.26
859.24 4485.60
860.17 4490.46
861.14 4495.39
862.21 4501.11
863.24 4505.81
864.26 4510.76
865.18 4515.43
866.20 4520.52
867.22 4525.70
868.25 4530.88
869.17 4535.46
870.19 4540.66
871.22 4545.37
872.25 4550.04
873.17 4554.34
874.19 4559.06
875.21 4563.93
876.24 4569.05
877.16 4573.41
878.18 4579.00
879.21 4584.76
880.23 4590.40
881.15 4595.40
882.18 4600.64
883.20 4606.01
884.22 4611.55
885.24 4616.71
886.17 4621.72
887.19 4627.33
888.22 4632.86
889.24 4638.35
890.17 4643.21
891.19 4648.68
892.21 4654.35
893.24 4659.93
894.26 4665.26
895.18 4670.17
896.21 4675.59
897.23 4681.04
898.26 4686.58
899.15 4691.20
900.16 4696.60
901.15 4701.74
902.16 4706.93
903.15 4711.87
904.15 4716.31
905.16 4720.81
906.16 4725.58
907.17 4730.13
908.18 4734.96
909.16 4738.82
910.21 4742.93
911.28 4746.88
912.19 4750.53
913.21 4754.74
914.24 4758.79
915.26 4762.59
916.18 4766.12
917.20 4770.07
918.23 4774.17
919.25 4777.92
920.18 4780.71
921.16 4784.05
922.22 4788.01
923.24 4791.81
924.17 4795.13
925.15 4798.93
926.21 4803.02
927.24 4806.90
928.26 4810.76
929.19 4814.32
930.21 4818.14
931.16 4821.59
932.26 4825.80
933.18 4829.30
934.20 4833.28
935.22 4837.21
936.25 4841.43
937.27 4845.64
938.20 4849.10
939.17 4852.65
940.24 4856.77
941.16 4859.97
942.19 4863.73
943.22 4867.95
