1135.71 5360.19
1136.70 5365.13
1137.69 5370.23
1138.70 5375.43
1139.70 5380.65
1140.70 5385.64
1141.70 5390.62
1142.70 5395.54
1143.70 5400.05
1144.70 5404.49
1145.70 5409.00
1146.70 5413.38
1147.70 5417.67
1148.68 5421.80
1149.70 5426.27
1150.70 5430.50
1151.69 5434.87
1152.69 5439.18
1153.70 5443.31
1154.70 5447.48
1155.69 5451.48
1156.70 5455.78
1157.70 5460.02
1158.69 5464.33
1159.69 5467.80
1160.69 5471.73
1161.70 5475.83
1162.70 5479.92
1163.70 5484.12
1164.69 5488.22
1165.70 5492.30
1166.70 5496.95
1167.71 5501.62
1168.69 5506.27
1169.70 5510.96
1170.70 5515.48
1171.69 5519.96
1172.69 5524.55
1173.69 5529.15
1174.70 5533.68
1175.70 5538.39
1176.70 5542.94
1177.70 5547.32
1178.71 5552.03
1179.70 5556.63
1180.71 5561.16
1181.70 5565.50
1182.70 5570.25
1183.70 5574.89
1184.70 5579.33
1185.71 5583.63
1186.70 5588.20
1187.69 5592.73
1188.70 5597.47
1189.70 5601.58
1190.70 5605.88
1191.70 5609.97
1192.70 5613.76
1193.70 5618.15
1194.70 5622.48
1195.70 5626.74
1196.69 5631.36
1197.70 5636.00
1198.70 5640.65
1199.70 5645.37
1200.70 5650.00
1201.69 5654.65
1202.70 5659.22
1203.70 5663.82
1204.70 5668.44
1205.71 5672.74
1206.70 5676.83
1207.70 5681.40
1208.71 5685.95
1209.71 5690.54
1210.69 5695.01
1211.69 5699.63
1212.70 5704.02
1213.71 5708.49
1214.70 5712.78
1215.68 5717.22
1216.69 5721.94
1217.68 5726.39
1218.71 5731.15
1219.71 5735.44
1220.70 5739.95
1221.70 5744.45
1222.70 5748.06
1223.71 5752.11
1224.71 5756.33
1225.70 5760.05
1226.70 5764.50
1227.71 5769.19
1228.71 5773.76
1229.70 5778.16
1230.70 5782.64
1231.70 5787.11
1232.70 5791.98
1233.70 5796.73
1234.70 5801.34
1235.71 5805.89
1236.70 5810.60
1237.70 5815.24
1238.71 5819.78
1239.69 5824.38
1240.70 5829.31
1241.69 5834.19
1242.70 5839.03
1243.71 5843.65
1244.70 5848.09
1245.70 5852.55
1246.71 5857.28
1247.70 5862.02
1248.70 5866.67
1249.70 5871.09
1250.70 5875.74
1251.71 5880.20
1252.71 5884.29
1253.70 5888.59
1254.71 5892.71
1255.71 5896.49
1256.70 5900.77
1257.71 5905.08
1258.70 5909.40
1259.69 5914.03
1260.70 5918.75
1261.70 5923.55
1262.70 5928.27
1263.70 5933.11
1264.70 5937.94
1265.70 5942.26
1266.71 5946.78
1267.70 5951.40
1268.70 5955.93
1269.70 5960.58
1270.70 5965.22
1271.70 5969.78
1272.71 5974.44
1273.70 5978.75
1274.70 5983.28
1275.70 5987.48
1276.70 5991.83
1277.69 5996.23
1278.70 6000.74
1279.70 6005.30
1280.70 6009.62
1281.70 6013.84
1282.70 6018.12
1283.71 6022.59
1284.71 6026.74
1285.70 6029.98
1286.71 6034.37
1287.72 6038.14
1288.71 6042.17
1289.71 6046.41
1290.70 6050.42
1291.70 6054.86
1292.69 6059.26
1293.70 6063.71
1294.70 6068.40
1295.70 6073.01
1296.70 6077.65
1297.71 6081.99
1298.71 6086.29
1299.70 6090.94
1300.70 6095.33
1301.71 6100.10
1302.69 6104.62
1303.71 6109.27
1304.70 6113.97
1305.71 6118.54
1306.71 6123.17
1307.71 6128.02
1308.70 6132.57
1309.71 6137.32
1310.71 6141.73
1311.70 6146.21
1312.71 6150.85
1313.71 6155.28
1314.70 6159.89
1315.71 6163.97
1316.70 6168.12
1317.70 6172.36
1318.71 6176.26
1319.70 6180.57
1320.70 6184.99
1321.70 6189.49
1322.70 6194.12
1323.69 6198.69
1324.69 6203.31
1325.71 6207.71
1326.70 6211.94
1327.70 6216.31
1328.71 6220.80
1329.70 6225.08
1330.70 6229.74
1331.69 6234.22
1332.70 6238.51
1333.70 6242.74
1334.72 6247.49
1335.70 6251.72
1336.70 6256.12
1337.70 6260.89
1338.71 6265.50
1339.71 6269.87
1340.70 6274.47
1341.70 6279.15
1342.70 6283.86
1343.71 6288.33
1344.70 6292.99
1345.71 6297.58
1346.69 6302.25
1347.72 6307.07
1348.70 6310.74
1349.70 6314.89
1350.70 6319.12
1351.71 6322.94
1352.71 6327.21
1353.70 6331.36
1354.70 6335.99
1355.71 6340.48
1356.70 6345.10
1357.70 6349.45
1358.71 6354.21
1359.71 6358.73
1360.70 6363.44
1361.70 6368.13
1362.70 6372.61
1363.71 6377.36
1364.70 6381.88
1365.70 6386.43
1366.70 6391.21
1367.70 6395.87
