8.55 9.15 9.53 1/2649 12656
8.55 9.15 9.53 1/2649 12675
8.55 9.15 9.53 2/2649 12694
8.55 9.15 9.53 6/2648 12713
8.55 9.15 9.53 2/2648 12736
8.58 9.15 9.52 2/2648 12763
8.58 9.15 9.52 6/2648 12782
8.58 9.15 9.52 4/2646 12801
8.58 9.15 9.52 5/2646 12820
8.58 9.15 9.52 3/2646 12839
8.38 9.09 9.50 3/2646 12858
8.38 9.09 9.50 4/2646 12877
8.38 9.09 9.50 5/2646 12897
8.38 9.09 9.50 3/2646 12916
8.38 9.09 9.50 4/2646 12935
9.15 9.24 9.55 2/2646 12954
9.15 9.24 9.55 3/2646 12973
9.15 9.24 9.55 5/2646 12992
9.15 9.24 9.55 2/2646 13011
9.15 9.24 9.55 1/2646 13030
9.14 9.24 9.55 3/2646 13049
9.14 9.24 9.55 4/2646 13068
9.14 9.24 9.55 5/2643 13087
9.14 9.24 9.55 7/2643 13106
9.14 9.24 9.55 2/2644 13126
9.13 9.23 9.54 2/2643 13145
9.13 9.23 9.54 1/2644 13165
9.13 9.23 9.54 5/2644 13184
9.13 9.23 9.54 2/2644 13203
9.13 9.23 9.54 5/2644 13222
9.20 9.25 9.55 8/2644 13241
9.20 9.25 9.55 3/2642 13261
9.20 9.25 9.55 5/2642 13280
9.20 9.25 9.55 10/2642 13299
9.20 9.25 9.55 3/2642 13318
10.14 9.44 9.61 4/2642 13337
10.14 9.44 9.61 1/2641 13357
10.14 9.44 9.61 3/2641 13376
10.14 9.44 9.61 7/2641 13395
10.14 9.44 9.61 5/2641 13414
9.89 9.40 9.59 4/2641 13433
9.89 9.40 9.59 2/2641 13456
9.89 9.40 9.59 4/2642 13476
9.89 9.40 9.59 3/2642 13495
9.89 9.40 9.59 6/2642 13514
9.58 9.34 9.57 1/2642 13533
9.58 9.34 9.57 2/2642 13552
9.58 9.34 9.57 4/2642 13571
9.58 9.34 9.57 5/2642 13590
9.58 9.34 9.57 5/2642 13609
9.45 9.32 9.57 6/2641 13628
9.45 9.32 9.57 9/2641 13647
9.45 9.32 9.57 2/2641 13666
9.45 9.32 9.57 3/2641 13685
9.45 9.32 9.57 8/2640 13704
9.66 9.37 9.58 8/2640 13723
9.66 9.37 9.58 2/2638 13743
9.66 9.37 9.58 3/2638 13762
9.66 9.37 9.58 2/2638 13782
9.66 9.37 9.58 4/2638 13803
9.60 9.36 9.58 3/2638 13822
9.60 9.36 9.58 4/2638 13854
9.60 9.36 9.58 11/2638 13874
9.60 9.36 9.58 6/2638 13894
9.60 9.36 9.58 4/2638 13913
9.60 9.36 9.58 2/2639 13934
9.47 9.34 9.57 9/2639 13953
9.47 9.34 9.57 7/2639 13972
9.47 9.34 9.57 3/2639 13993
9.47 9.34 9.57 1/2639 14013
9.36 9.32 9.56 4/2639 14032
9.36 9.32 9.56 3/2639 14051
9.36 9.32 9.56 11/2639 14070
9.36 9.32 9.56 1/2639 14089
9.36 9.32 9.56 4/2639 14108
9.36 9.32 9.56 2/2639 14127
9.17 9.28 9.54 5/2640 14147
9.17 9.28 9.54 3/2640 14166
9.17 9.28 9.54 11/2640 14185
9.17 9.28 9.54 4/2640 14204
9.17 9.28 9.54 3/2640 14223
9.87 9.42 9.59 1/2638 14243
9.87 9.42 9.59 9/2638 14262
9.87 9.42 9.59 2/2638 14281
9.87 9.42 9.59 9/2638 14300
9.87 9.42 9.59 6/2638 14319
9.64 9.38 9.58 1/2638 14339
9.64 9.38 9.58 3/2638 14358
9.64 9.38 9.58 2/2638 14380
9.64 9.38 9.58 11/2638 14399
9.64 9.38 9.58 3/2638 14418
9.67 9.39 9.58 1/2638 14437
9.67 9.39 9.58 8/2638 14456
9.67 9.39 9.58 5/2638 14475
9.67 9.39 9.58 3/2639 14495
9.67 9.39 9.58 2/2639 14514
9.94 9.45 9.60 5/2637 14533
9.94 9.45 9.60 5/2637 14552
9.94 9.45 9.60 1/2639 14573
9.94 9.45 9.60 6/2639 14592
9.94 9.45 9.60 2/2640 14612
10.02 9.48 9.60 6/2640 14635
10.02 9.48 9.60 6/2640 14655
10.02 9.48 9.60 3/2640 14674
10.02 9.48 9.60 12/2640 14693
10.02 9.48 9.60 4/2640 14712
10.10 9.50 9.61 3/2640 14731
10.10 9.50 9.61 5/2640 14750
10.10 9.50 9.61 5/2641 14770
10.10 9.50 9.61 3/2642 14790
10.10 9.50 9.61 7/2642 14809
9.77 9.44 9.59 3/2642 14828
9.77 9.44 9.59 1/2642 14847
9.77 9.44 9.59 1/2642 14866
9.77 9.44 9.59 2/2642 14885
9.77 9.44 9.59 5/2642 14905
9.55 9.40 9.58 5/2642 14924
9.55 9.40 9.58 3/2642 14943
9.55 9.40 9.58 13/2643 14963
9.55 9.40 9.58 10/2643 14982
9.55 9.40 9.58 3/2643 15001
9.67 9.43 9.59 1/2643 15020
9.67 9.43 9.59 2/2643 15039
9.67 9.43 9.59 1/2643 15059
9.67 9.43 9.59 3/2643 15078
9.67 9.43 9.59 4/2643 15097
9.53 9.41 9.58 8/2643 15116
9.53 9.41 9.58 2/2643 15135
9.53 9.41 9.58 4/2643 15154
9.53 9.41 9.58 3/2643 15173
9.53 9.41 9.58 1/2643 15192
9.25 9.35 9.56 2/2643 15211
9.25 9.35 9.56 2/2644 15231
9.25 9.35 9.56 3/2644 15250
9.25 9.35 9.56 2/2644 15269
9.25 9.35 9.56 2/2644 15288
9.15 9.33 9.55 1/2644 15307
9.15 9.33 9.55 2/2644 15326
9.15 9.33 9.55 2/2644 15345
9.15 9.33 9.55 1/2644 15364
9.15 9.33 9.55 5/2651 15391
9.38 9.37 9.56 3/2652 15411
9.38 9.37 9.56 7/2652 15430
9.38 9.37 9.56 5/2652 15449
9.38 9.37 9.56 1/2652 15468
9.38 9.37 9.56 4/2653 15488
9.11 9.32 9.54 8/2653 15507
9.11 9.32 9.54 1/2653 15526
9.11 9.32 9.54 6/2653 15545
9.11 9.32 9.54 1/2653 15564
9.11 9.32 9.54 8/2652 15587
9.50 9.39 9.57 8/2652 15610
9.50 9.39 9.57 10/2652 15629
9.50 9.39 9.57 2/2652 15648
9.50 9.39 9.57 9/2652 15667
9.50 9.39 9.57 7/2652 15686
9.38 9.37 9.56 3/2652 15705
9.38 9.37 9.56 2/2652 15724
9.38 9.37 9.56 6/2652 15743
9.38 9.37 9.56 3/2652 15762
9.38 9.37 9.56 7/2652 15781
9.43 9.38 9.56 1/2652 15804
9.43 9.38 9.56 5/2652 15827
9.43 9.38 9.56 5/2652 15846
9.43 9.38 9.56 7/2652 15865
9.43 9.38 9.56 5/2652 15884
9.64 9.43 9.57 1/2652 15903
9.64 9.43 9.57 9/2652 15922
9.64 9.43 9.57 7/2652 15941
9.64 9.43 9.57 3/2652 15960
9.64 9.43 9.57 5/2652 15979
9.99 9.50 9.60 1/2652 15998
9.99 9.50 9.60 4/2652 16017
9.99 9.50 9.60 4/2652 16036
9.99 9.50 9.60 3/2652 16055
9.99 9.50 9.60 4/2652 16074
10.31 9.58 9.62 3/2652 16094
10.31 9.58 9.62 3/2652 16113
10.31 9.58 9.62 6/2652 16132
10.31 9.58 9.62 2/2652 16151
10.31 9.58 9.62 1/2652 16170
9.88 9.50 9.60 9/2652 16189
9.88 9.50 9.60 2/2653 16209
9.88 9.50 9.60 13/2654 16229
9.88 9.50 9.60 4/2654 16248
9.88 9.50 9.60 3/2654 16267
10.29 9.59 9.63 4/2654 16286
10.29 9.59 9.63 3/2654 16305
10.29 9.59 9.63 3/2654 16324
10.29 9.59 9.63 4/2654 16343
10.29 9.59 9.63 4/2654 16362
10.51 9.65 9.64 4/2654 16381
10.51 9.65 9.64 2/2654 16400
10.51 9.65 9.64 9/2654 16419
10.51 9.65 9.64 3/2654 16438
10.51 9.65 9.64 4/2654 16457
10.87 9.74 9.67 4/2654 16476
10.87 9.74 9.67 4/2654 16495
10.87 9.74 9.67 2/2654 16514
10.87 9.74 9.67 6/2654 16533
10.87 9.74 9.67 2/2654 16553
10.56 9.69 9.66 7/2651 16574
10.56 9.69 9.66 2/2650 16593
10.56 9.69 9.66 1/2650 16612
10.56 9.69 9.66 5/2650 16631
10.56 9.69 9.66 2/2650 16650
10.27 9.65 9.64 3/2650 16669
10.27 9.65 9.64 2/2650 16688
10.27 9.65 9.64 5/2650 16707
10.27 9.65 9.64 3/2650 16726
10.27 9.65 9.64 2/2649 16745
10.33 9.67 9.65 5/2649 16768
10.33 9.67 9.65 2/2649 16795
10.33 9.67 9.65 3/2649 16822
10.33 9.67 9.65 5/2649 16845
10.33 9.67 9.65 2/2649 16864
10.23 9.66 9.65 2/2649 16883
10.23 9.66 9.65 1/2649 16902
10.23 9.66 9.65 3/2649 16921
10.23 9.66 9.65 7/2649 16940
10.23 9.66 9.65 1/2649 16959
10.05 9.63 9.64 4/2649 16978
10.05 9.63 9.64 3/2649 16997
10.05 9.63 9.64 4/2649 17016
10.05 9.63 9.64 2/2649 17035
10.05 9.63 9.64 5/2655 17061
10.36 9.70 9.66 9/2656 17081
10.36 9.70 9.66 8/2656 17100
10.36 9.70 9.66 5/2656 17119
10.36 9.70 9.66 4/2656 17138
10.36 9.70 9.66 2/2656 17157
10.25 9.69 9.66 2/2656 17176
10.25 9.69 9.66 12/2656 17195
10.25 9.69 9.66 6/2656 17214
10.25 9.69 9.66 10/2656 17233
10.25 9.69 9.66 5/2655 17260
10.31 9.71 9.67 5/2655 17279
10.31 9.71 9.67 6/2655 17298
10.31 9.71 9.67 5/2655 17317
10.31 9.71 9.67 3/2655 17336
10.31 9.71 9.67 3/2655 17355
10.05 9.67 9.65 1/2655 17374
10.05 9.67 9.65 2/2655 17393
10.05 9.67 9.65 2/2655 17412
