5057.72 29931.64
5058.73 29937.42
5059.73 29943.23
5060.72 29948.97
5061.73 29954.78
5062.71 29960.58
5063.71 29966.39
5064.72 29972.42
5065.71 29978.14
5066.72 29984.07
5067.71 29989.92
5068.71 29995.75
5069.71 30001.71
5070.72 30007.64
5071.71 30013.56
5072.71 30019.31
5073.72 30025.15
5074.72 30031.00
5075.73 30036.55
5076.72 30042.11
5077.72 30047.67
5078.72 30053.61
5079.71 30059.24
5080.71 30064.68
5081.72 30070.48
5082.72 30075.88
5083.72 30081.53
5084.72 30087.22
5085.72 30092.89
5086.72 30098.63
5087.72 30104.10
5088.72 30109.92
5089.72 30115.55
5090.72 30121.31
5091.73 30126.98
5092.72 30132.73
5093.72 30138.30
5094.71 30143.82
5095.72 30149.51
5096.71 30155.15
5097.72 30160.79
5098.72 30166.38
5099.72 30172.14
5100.72 30177.89
5101.74 30183.72
5102.72 30189.47
5103.72 30195.06
5104.72 30200.73
5105.74 30206.54
5106.72 30212.10
5107.72 30217.95
5108.73 30223.84
5109.73 30229.64
5110.71 30235.28
5111.72 30241.25
5112.71 30247.05
5113.74 30253.08
5114.73 30258.62
5115.71 30264.31
5116.72 30269.92
5117.73 30275.73
5118.72 30281.41
5119.71 30287.06
5120.72 30292.84
5121.72 30298.44
5122.71 30304.13
5123.71 30309.80
5124.72 30315.64
5125.72 30321.49
5126.71 30326.90
5127.72 30332.67
5128.72 30338.41
5129.73 30344.14
5130.72 30349.87
5131.71 30355.17
5132.73 30360.88
5133.71 30366.20
5134.73 30371.49
5135.72 30376.25
5136.72 30380.76
5137.73 30386.25
5138.72 30391.61
5139.71 30397.13
5140.73 30402.56
5141.72 30408.06
5142.72 30413.33
5143.71 30418.69
5144.73 30424.04
5145.71 30429.37
5146.72 30434.70
5147.74 30440.17
5148.72 30445.62
5149.72 30451.11
5150.73 30456.35
5151.71 30461.76
5152.73 30467.16
5153.73 30472.47
5154.71 30477.65
5155.71 30483.00
5156.73 30488.36
5157.72 30493.75
5158.71 30499.06
5159.71 30504.37
5160.73 30509.72
5161.71 30515.01
5162.71 30520.28
5163.73 30525.57
5164.73 30531.01
5165.72 30536.16
5166.71 30541.36
5167.73 30546.83
5168.72 30551.94
5169.71 30557.12
5170.72 30562.61
5171.71 30567.79
5172.72 30573.27
5173.71 30578.49
5174.73 30584.31
5175.71 30589.76
5176.71 30595.62
5177.73 30601.64
5178.72 30607.38
5179.72 30613.48
5180.73 30619.19
5181.72 30624.97
5182.72 30630.51
5183.71 30636.18
5184.72 30641.87
5185.72 30647.72
5186.73 30653.57
5187.72 30659.30
5188.72 30664.91
5189.72 30670.66
5190.72 30676.37
5191.73 30682.11
5192.73 30687.86
5193.71 30693.63
5194.72 30699.30
5195.71 30704.97
5196.73 30710.74
5197.72 30716.43
5198.71 30721.85
5199.71 30727.24
5200.73 30732.52
5201.72 30737.81
5202.71 30743.17
5203.73 30748.52
5204.73 30753.69
5205.72 30759.04
5206.71 30764.27
5207.71 30769.86
5208.73 30775.61
5209.72 30781.13
5210.72 30786.70
5211.74 30792.42
5212.71 30797.92
5213.73 30803.57
5214.72 30809.32
5215.72 30814.98
5216.72 30820.53
5217.72 30826.19
5218.72 30831.84
5219.73 30837.66
5220.72 30843.32
5221.74 30849.12
5222.72 30854.69
5223.72 30860.28
5224.73 30866.05
5225.72 30871.85
5226.72 30877.57
5227.72 30883.31
5228.72 30888.97
5229.73 30894.74
5230.72 30900.33
5231.72 30906.03
5232.72 30911.61
5233.73 30917.25
5234.73 30922.87
5235.72 30928.49
5236.72 30934.05
5237.71 30939.73
5238.72 30945.39
5239.72 30951.01
5240.72 30956.61
5241.72 30962.07
5242.71 30967.71
5243.73 30973.66
5244.73 30979.19
5245.71 30984.83
5246.71 30990.43
5247.72 30996.20
5248.71 31001.58
5249.72 31007.21
5250.72 31012.81
5251.71 31018.42
5252.72 31023.84
5253.72 31029.41
5254.71 31034.86
5255.72 31040.32
5256.71 31045.82
5257.73 31051.46
5258.72 31056.92
5259.71 31062.32
5260.72 31067.76
5261.71 31073.32
5262.72 31078.96
5263.72 31084.52
5264.72 31089.84
5265.72 31095.33
5266.71 31100.83
5267.72 31106.44
5268.71 31111.88
5269.72 31117.27
5270.72 31122.73
5271.71 31128.05
5272.73 31133.51
5273.72 31138.90
5274.72 31144.27
5275.71 31149.58
5276.72 31154.88
5277.72 31160.31
5278.71 31165.71
5279.72 31170.98
5280.72 31176.46
5281.72 31181.80
5282.73 31187.35
5283.72 31192.93
5284.72 31198.16
5285.71 31203.69
5286.72 31208.92
5287.71 31214.56
5288.71 31220.36
5289.71 31225.84
5290.71 31231.51
5291.77 31237.53
5292.73 31242.92
5293.73 31248.08
5294.72 31252.59
5295.72 31258.11
5296.72 31263.71
5297.72 31269.16
5298.71 31274.69
5299.72 31279.73
5300.72 31285.50
5301.71 31291.05
5302.72 31296.78
5303.71 31302.37
