12-16 16:31:25.480  5229  5229 I BatteryMgr:DataCollectionService: onStartCommand: begin
12-16 16:31:25.481  5229  5229 I BatteryMgr:DataCollectionService: onStartCommand: sampleRate => 1000
12-16 16:31:25.481  5229  5229 I BatteryMgr:DataCollectionService: onStartCommand: rawFields => Timestamp,BATTERY_PROPERTY_CURRENT_NOW,EXTRA_VOLTAGE
12-16 16:31:25.482  5229  5229 I BatteryMgr:DataCollectionService: onStartCommand: notification done
12-16 16:31:25.484  5229  5229 I BatteryMgr:DataCollectionService: started foreground
12-16 16:31:25.487  5229  5850 I BatteryMgr:DataCollectionService: collectData: begin
12-16 16:31:25.488  5229  5850 I BatteryMgr:DataCollectionService: stats => 1702740685488,-1563964,3619
12-16 16:31:26.491  5229  5850 I BatteryMgr:DataCollectionService: stats => 1702740686491,-1593260,3619
12-16 16:31:27.495  5229  5850 I BatteryMgr:DataCollectionService: stats => 1702740687495,-1588378,3619
12-16 16:31:28.499  5229  5850 I BatteryMgr:DataCollectionService: stats => 1702740688498,-1543456,3619
12-16 16:31:29.501  5229  5850 I BatteryMgr:DataCollectionService: stats => 1702740689501,-1608397,3619
12-16 16:31:30.504  5229  5850 I BatteryMgr:DataCollectionService: stats => 1702740690504,-1617674,3619
12-16 16:31:31.507  5229  5850 I BatteryMgr:DataCollectionService: stats => 1702740691507,-1691405,3619
12-16 16:31:32.512  5229  5850 I BatteryMgr:DataCollectionService: stats => 1702740692512,-1661620,3619
12-16 16:31:33.515  5229  5850 I BatteryMgr:DataCollectionService: stats => 1702740693515,-1597167,3619
12-16 16:31:34.519  5229  5850 I BatteryMgr:DataCollectionService: stats => 1702740694519,-1628417,3619
12-16 16:31:35.521  5229  5850 I BatteryMgr:DataCollectionService: stats => 1702740695521,-1616210,3616
12-16 16:31:36.524  5229  5850 I BatteryMgr:DataCollectionService: stats => 1702740696524,-1684569,3616
12-16 16:31:37.527  5229  5850 I BatteryMgr:DataCollectionService: stats => 1702740697527,-1611327,3616
12-16 16:31:38.530  5229  5850 I BatteryMgr:DataCollectionService: stats => 1702740698530,-1699706,3616
12-16 16:31:39.533  5229  5850 I BatteryMgr:DataCollectionService: stats => 1702740699533,-1683104,3616
12-16 16:31:40.538  5229  5850 I BatteryMgr:DataCollectionService: stats => 1702740700538,-1633788,3616
12-16 16:31:41.541  5229  5850 I BatteryMgr:DataCollectionService: stats => 1702740701541,-1672362,3616
12-16 16:31:42.544  5229  5850 I BatteryMgr:DataCollectionService: stats => 1702740702544,-1606932,3616
12-16 16:31:43.547  5229  5850 I BatteryMgr:DataCollectionService: stats => 1702740703547,-1683592,3616
12-16 16:31:44.553  5229  5850 I BatteryMgr:DataCollectionService: stats => 1702740704552,-1654784,3616
12-16 16:31:45.557  5229  5850 I BatteryMgr:DataCollectionService: stats => 1702740705557,-1700682,3614
12-16 16:31:46.560  5229  5850 I BatteryMgr:DataCollectionService: stats => 1702740706560,-1714842,3614
12-16 16:31:47.562  5229  5850 I BatteryMgr:DataCollectionService: stats => 1702740707562,-1725096,3614
12-16 16:31:48.565  5229  5850 I BatteryMgr:DataCollectionService: stats => 1702740708565,-1552245,3614
12-16 16:31:49.568  5229  5850 I BatteryMgr:DataCollectionService: stats => 1702740709568,-1566405,3614
12-16 16:31:50.571  5229  5850 I BatteryMgr:DataCollectionService: stats => 1702740710571,-1545409,3614
12-16 16:31:51.574  5229  5850 I BatteryMgr:DataCollectionService: stats => 1702740711574,-1606444,3614
12-16 16:31:52.577  5229  5850 I BatteryMgr:DataCollectionService: stats => 1702740712577,-1575194,3614
12-16 16:31:53.582  5229  5850 I BatteryMgr:DataCollectionService: stats => 1702740713582,-1713866,3614
12-16 16:31:54.585  5229  5850 I BatteryMgr:DataCollectionService: stats => 1702740714585,-1653807,3614
12-16 16:31:55.588  5229  5850 I BatteryMgr:DataCollectionService: stats => 1702740715588,-1726561,3613
12-16 16:31:56.595  5229  5850 I BatteryMgr:DataCollectionService: stats => 1702740716595,-1671385,3613
12-16 16:31:57.600  5229  5850 I BatteryMgr:DataCollectionService: stats => 1702740717600,-1668456,3612
12-16 16:31:58.603  5229  5850 I BatteryMgr:DataCollectionService: stats => 1702740718603,-1559081,3612
12-16 16:31:59.606  5229  5850 I BatteryMgr:DataCollectionService: stats => 1702740719605,-1670409,3612
12-16 16:32:00.609  5229  5850 I BatteryMgr:DataCollectionService: stats => 1702740720609,-1711424,3612
12-16 16:32:01.612  5229  5850 I BatteryMgr:DataCollectionService: stats => 1702740721611,-1713378,3612
12-16 16:32:02.614  5229  5850 I BatteryMgr:DataCollectionService: stats => 1702740722614,-1679686,3612
12-16 16:32:03.618  5229  5850 I BatteryMgr:DataCollectionService: stats => 1702740723618,-1711424,3612
12-16 16:32:04.621  5229  5850 I BatteryMgr:DataCollectionService: stats => 1702740724621,-1625975,3612
12-16 16:32:05.624  5229  5850 I BatteryMgr:DataCollectionService: stats => 1702740725624,-1724120,3614
12-16 16:32:06.627  5229  5850 I BatteryMgr:DataCollectionService: stats => 1702740726627,-1739745,3614
12-16 16:32:07.629  5229  5850 I BatteryMgr:DataCollectionService: stats => 1702740727629,-1675292,3614
12-16 16:32:08.639  5229  5850 I BatteryMgr:DataCollectionService: stats => 1702740728639,-1675292,3614
12-16 16:32:09.642  5229  5850 I BatteryMgr:DataCollectionService: stats => 1702740729642,-1702147,3614
12-16 16:32:10.645  5229  5850 I BatteryMgr:DataCollectionService: stats => 1702740730645,-1687499,3614
12-16 16:32:11.648  5229  5850 I BatteryMgr:DataCollectionService: stats => 1702740731648,-1662596,3614
12-16 16:32:12.651  5229  5850 I BatteryMgr:DataCollectionService: stats => 1702740732651,-1541014,3614
12-16 16:32:13.653  5229  5850 I BatteryMgr:DataCollectionService: stats => 1702740733653,-1654296,3614
12-16 16:32:14.658  5229  5850 I BatteryMgr:DataCollectionService: stats => 1702740734656,-1687987,3614
12-16 16:32:15.663  5229  5850 I BatteryMgr:DataCollectionService: stats => 1702740735663,-1705565,3610
12-16 16:32:16.666  5229  5850 I BatteryMgr:DataCollectionService: stats => 1702740736666,-1707030,3610
12-16 16:32:17.668  5229  5850 I BatteryMgr:DataCollectionService: stats => 1702740737668,-1725096,3610
12-16 16:32:18.673  5229  5850 I BatteryMgr:DataCollectionService: stats => 1702740738673,-1727538,3610
12-16 16:32:19.677  5229  5850 I BatteryMgr:DataCollectionService: stats => 1702740739677,-1698241,3610
12-16 16:32:20.680  5229  5850 I BatteryMgr:DataCollectionService: stats => 1702740740680,-1634276,3610
12-16 16:32:21.683  5229  5850 I BatteryMgr:DataCollectionService: stats => 1702740741683,-1640624,3610
12-16 16:32:22.686  5229  5850 I BatteryMgr:DataCollectionService: stats => 1702740742686,-1693846,3610
12-16 16:32:23.689  5229  5850 I BatteryMgr:DataCollectionService: stats => 1702740743689,-1690917,3610
12-16 16:32:24.691  5229  5850 I BatteryMgr:DataCollectionService: stats => 1702740744691,-1697264,3610
12-16 16:32:25.694  5229  5850 I BatteryMgr:DataCollectionService: stats => 1702740745694,-1715819,3608
12-16 16:32:26.699  5229  5850 I BatteryMgr:DataCollectionService: stats => 1702740746699,-1664061,3608
12-16 16:32:27.702  5229  5850 I BatteryMgr:DataCollectionService: stats => 1702740747702,-1677733,3608
12-16 16:32:28.705  5229  5850 I BatteryMgr:DataCollectionService: stats => 1702740748705,-1668944,3608
12-16 16:32:29.707  5229  5850 I BatteryMgr:DataCollectionService: stats => 1702740749707,-1665038,3608
12-16 16:32:30.715  5229  5850 I BatteryMgr:DataCollectionService: stats => 1702740750715,-1727049,3608
12-16 16:32:31.718  5229  5850 I BatteryMgr:DataCollectionService: stats => 1702740751718,-1681151,3608
12-16 16:32:32.722  5229  5850 I BatteryMgr:DataCollectionService: stats => 1702740752722,-1696288,3608
12-16 16:32:33.725  5229  5850 I BatteryMgr:DataCollectionService: stats => 1702740753725,-1687987,3609
12-16 16:32:34.728  5229  5850 I BatteryMgr:DataCollectionService: stats => 1702740754728,-1683592,3609
12-16 16:32:35.731  5229  5850 I BatteryMgr:DataCollectionService: stats => 1702740755731,-1706542,3609
12-16 16:32:36.734  5229  5850 I BatteryMgr:DataCollectionService: stats => 1702740756733,-1633788,3609
12-16 16:32:37.739  5229  5850 I BatteryMgr:DataCollectionService: stats => 1702740757738,-1631835,3609
12-16 16:32:38.742  5229  5850 I BatteryMgr:DataCollectionService: stats => 1702740758742,-1677733,3609
12-16 16:32:39.745  5229  5850 I BatteryMgr:DataCollectionService: stats => 1702740759745,-1624999,3609
12-16 16:32:40.749  5229  5850 I BatteryMgr:DataCollectionService: stats => 1702740760749,-1663573,3609
12-16 16:32:41.753  5229  5850 I BatteryMgr:DataCollectionService: stats => 1702740761753,-1690917,3609
12-16 16:32:42.756  5229  5850 I BatteryMgr:DataCollectionService: stats => 1702740762756,-1677245,3609
12-16 16:32:43.762  5229  5850 I BatteryMgr:DataCollectionService: stats => 1702740763762,-1667479,3609
12-16 16:32:44.769  5229  5850 I BatteryMgr:DataCollectionService: stats => 1702740764769,-1656737,3610
12-16 16:32:45.772  5229  5850 I BatteryMgr:DataCollectionService: stats => 1702740765772,-1676268,3610
12-16 16:32:46.776  5229  5850 I BatteryMgr:DataCollectionService: stats => 1702740766776,-1712889,3610
12-16 16:32:47.779  5229  5850 I BatteryMgr:DataCollectionService: stats => 1702740767779,-1620116,3610
12-16 16:32:48.782  5229  5850 I BatteryMgr:DataCollectionService: stats => 1702740768782,-1660155,3610
12-16 16:32:49.785  5229  5850 I BatteryMgr:DataCollectionService: stats => 1702740769785,-1675292,3610
12-16 16:32:50.790  5229  5850 I BatteryMgr:DataCollectionService: stats => 1702740770790,-1656737,3610
12-16 16:32:51.793  5229  5850 I BatteryMgr:DataCollectionService: stats => 1702740771793,-1599120,3610
12-16 16:32:52.796  5229  5850 I BatteryMgr:DataCollectionService: stats => 1702740772796,-1649413,3610
12-16 16:32:53.800  5229  5850 I BatteryMgr:DataCollectionService: stats => 1702740773800,-1636717,3610
12-16 16:32:54.805  5229  5850 I BatteryMgr:DataCollectionService: stats => 1702740774805,-1627440,3612
12-16 16:32:55.808  5229  5850 I BatteryMgr:DataCollectionService: stats => 1702740775808,-1669921,3612
12-16 16:32:56.811  5229  5850 I BatteryMgr:DataCollectionService: stats => 1702740776811,-1639647,3612
12-16 16:32:57.814  5229  5850 I BatteryMgr:DataCollectionService: stats => 1702740777813,-1623534,3612
12-16 16:32:58.817  5229  5850 I BatteryMgr:DataCollectionService: stats => 1702740778817,-1589354,3612
12-16 16:32:59.821  5229  5850 I BatteryMgr:DataCollectionService: stats => 1702740779821,-1643553,3612
12-16 16:33:00.824  5229  5850 I BatteryMgr:DataCollectionService: stats => 1702740780824,-1671874,3612
12-16 16:33:01.827  5229  5850 I BatteryMgr:DataCollectionService: stats => 1702740781827,-1648436,3612
12-16 16:33:02.830  5229  5850 I BatteryMgr:DataCollectionService: stats => 1702740782830,-1665526,3612
12-16 16:33:03.834  5229  5850 I BatteryMgr:DataCollectionService: stats => 1702740783834,-1627440,3612
12-16 16:33:04.840  5229  5850 I BatteryMgr:DataCollectionService: stats => 1702740784840,-1664061,3608
12-16 16:33:05.843  5229  5850 I BatteryMgr:DataCollectionService: stats => 1702740785843,-1683104,3608
12-16 16:33:06.845  5229  5850 I BatteryMgr:DataCollectionService: stats => 1702740786845,-1651366,3608
12-16 16:33:07.848  5229  5850 I BatteryMgr:DataCollectionService: stats => 1702740787848,-1657713,3608
12-16 16:33:08.852  5229  5850 I BatteryMgr:DataCollectionService: stats => 1702740788852,-1623046,3608
12-16 16:33:09.855  5229  5850 I BatteryMgr:DataCollectionService: stats => 1702740789854,-1647948,3608
12-16 16:33:10.857  5229  5850 I BatteryMgr:DataCollectionService: stats => 1702740790857,-1689452,3608
12-16 16:33:11.861  5229  5850 I BatteryMgr:DataCollectionService: stats => 1702740791861,-1624022,3608
12-16 16:33:12.865  5229  5850 I BatteryMgr:DataCollectionService: stats => 1702740792865,-1652831,3608
12-16 16:33:13.868  5229  5850 I BatteryMgr:DataCollectionService: stats => 1702740793868,-1687499,3608
12-16 16:33:14.874  5229  5850 I BatteryMgr:DataCollectionService: stats => 1702740794873,-1699706,3609
12-16 16:33:15.878  5229  5850 I BatteryMgr:DataCollectionService: stats => 1702740795878,-1623534,3609
12-16 16:33:16.881  5229  5850 I BatteryMgr:DataCollectionService: stats => 1702740796881,-1648924,3609
12-16 16:33:17.884  5229  5850 I BatteryMgr:DataCollectionService: stats => 1702740797883,-1664549,3609
12-16 16:33:18.886  5229  5850 I BatteryMgr:DataCollectionService: stats => 1702740798886,-1642577,3609
12-16 16:33:19.890  5229  5850 I BatteryMgr:DataCollectionService: stats => 1702740799889,-1607909,3609
12-16 16:33:20.892  5229  5850 I BatteryMgr:DataCollectionService: stats => 1702740800892,-1644042,3609
12-16 16:33:21.895  5229  5850 I BatteryMgr:DataCollectionService: stats => 1702740801895,-1658202,3609
12-16 16:33:22.897  5229  5850 I BatteryMgr:DataCollectionService: stats => 1702740802897,-1635741,3609
12-16 16:33:23.904  5229  5850 I BatteryMgr:DataCollectionService: stats => 1702740803904,-1606932,3609
12-16 16:33:24.907  5229  5850 I BatteryMgr:DataCollectionService: stats => 1702740804907,-1621092,3611
12-16 16:33:25.910  5229  5850 I BatteryMgr:DataCollectionService: stats => 1702740805910,-1642089,3611
12-16 16:33:26.915  5229  5850 I BatteryMgr:DataCollectionService: stats => 1702740806915,-1659667,3611
12-16 16:33:27.920  5229  5850 I BatteryMgr:DataCollectionService: stats => 1702740807920,-1657225,3611
12-16 16:33:28.923  5229  5850 I BatteryMgr:DataCollectionService: stats => 1702740808923,-1659178,3611
12-16 16:33:29.926  5229  5850 I BatteryMgr:DataCollectionService: stats => 1702740809926,-1680174,3611
12-16 16:33:30.929  5229  5850 I BatteryMgr:DataCollectionService: stats => 1702740810929,-1619628,3611
12-16 16:33:31.932  5229  5850 I BatteryMgr:DataCollectionService: stats => 1702740811932,-1640135,3611
12-16 16:33:32.935  5229  5850 I BatteryMgr:DataCollectionService: stats => 1702740812935,-1665038,3611
12-16 16:33:33.938  5229  5850 I BatteryMgr:DataCollectionService: stats => 1702740813938,-1682616,3611
12-16 16:33:34.943  5229  5850 I BatteryMgr:DataCollectionService: stats => 1702740814943,-1624510,3606
12-16 16:33:35.946  5229  5850 I BatteryMgr:DataCollectionService: stats => 1702740815946,-1686522,3606
12-16 16:33:36.949  5229  5850 I BatteryMgr:DataCollectionService: stats => 1702740816949,-1647948,3606
12-16 16:33:37.956  5229  5850 I BatteryMgr:DataCollectionService: stats => 1702740817956,-1655760,3606
12-16 16:33:38.960  5229  5850 I BatteryMgr:DataCollectionService: stats => 1702740818960,-1669921,3606
12-16 16:33:39.963  5229  5850 I BatteryMgr:DataCollectionService: stats => 1702740819963,-1645506,3606
12-16 16:33:40.967  5229  5850 I BatteryMgr:DataCollectionService: stats => 1702740820967,-1641112,3606
12-16 16:33:41.970  5229  5850 I BatteryMgr:DataCollectionService: stats => 1702740821970,-1639647,3606
12-16 16:33:42.973  5229  5850 I BatteryMgr:DataCollectionService: stats => 1702740822973,-1686034,3606
12-16 16:33:43.975  5229  5850 I BatteryMgr:DataCollectionService: stats => 1702740823975,-1666503,3606
12-16 16:33:44.980  5229  5850 I BatteryMgr:DataCollectionService: stats => 1702740824980,-1640135,3608
12-16 16:33:45.985  5229  5850 I BatteryMgr:DataCollectionService: stats => 1702740825985,-1668944,3608
12-16 16:33:46.988  5229  5850 I BatteryMgr:DataCollectionService: stats => 1702740826988,-1651854,3608
12-16 16:33:47.994  5229  5850 I BatteryMgr:DataCollectionService: stats => 1702740827993,-1627440,3608
12-16 16:33:48.998  5229  5850 I BatteryMgr:DataCollectionService: stats => 1702740828998,-1652831,3608
12-16 16:33:50.001  5229  5850 I BatteryMgr:DataCollectionService: stats => 1702740830001,-1583495,3612
12-16 16:33:51.004  5229  5850 I BatteryMgr:DataCollectionService: stats => 1702740831004,-1593260,3612
12-16 16:33:52.007  5229  5850 I BatteryMgr:DataCollectionService: stats => 1702740832007,-1655760,3612
12-16 16:33:53.010  5229  5850 I BatteryMgr:DataCollectionService: stats => 1702740833010,-1637206,3612
12-16 16:33:54.012  5229  5850 I BatteryMgr:DataCollectionService: stats => 1702740834012,-1598143,3612
12-16 16:33:55.015  5229  5850 I BatteryMgr:DataCollectionService: stats => 1702740835015,-1657225,3607
12-16 16:33:56.018  5229  5850 I BatteryMgr:DataCollectionService: stats => 1702740836018,-1621092,3607
12-16 16:33:57.022  5229  5850 I BatteryMgr:DataCollectionService: stats => 1702740837022,-1670409,3607
12-16 16:33:58.025  5229  5850 I BatteryMgr:DataCollectionService: stats => 1702740838025,-1601073,3607
12-16 16:33:59.029  5229  5850 I BatteryMgr:DataCollectionService: stats => 1702740839029,-1621092,3607
12-16 16:34:00.032  5229  5850 I BatteryMgr:DataCollectionService: stats => 1702740840032,-1657713,3607
12-16 16:34:01.039  5229  5850 I BatteryMgr:DataCollectionService: stats => 1702740841038,-1635741,3608
12-16 16:34:02.043  5229  5850 I BatteryMgr:DataCollectionService: stats => 1702740842043,-1602538,3608
12-16 16:34:03.046  5229  5850 I BatteryMgr:DataCollectionService: stats => 1702740843046,-1665526,3608
12-16 16:34:04.048  5229  5850 I BatteryMgr:DataCollectionService: stats => 1702740844048,-1665526,3608
12-16 16:34:05.051  5229  5850 I BatteryMgr:DataCollectionService: stats => 1702740845051,-1667479,3606
12-16 16:34:06.054  5229  5850 I BatteryMgr:DataCollectionService: stats => 1702740846054,-1602049,3606
12-16 16:34:07.057  5229  5850 I BatteryMgr:DataCollectionService: stats => 1702740847057,-1627440,3606
12-16 16:34:08.060  5229  5850 I BatteryMgr:DataCollectionService: stats => 1702740848060,-1662596,3606
12-16 16:34:09.064  5229  5850 I BatteryMgr:DataCollectionService: stats => 1702740849064,-1594237,3606
12-16 16:34:10.068  5229  5850 I BatteryMgr:DataCollectionService: stats => 1702740850068,-1651854,3606
12-16 16:34:11.072  5229  5850 I BatteryMgr:DataCollectionService: stats => 1702740851072,-1609374,3606
12-16 16:34:12.076  5229  5850 I BatteryMgr:DataCollectionService: stats => 1702740852076,-1665038,3606
12-16 16:34:13.082  5229  5850 I BatteryMgr:DataCollectionService: stats => 1702740853082,-1669921,3606
12-16 16:34:14.085  5229  5850 I BatteryMgr:DataCollectionService: stats => 1702740854085,-1610350,3606
12-16 16:34:15.088  5229  5850 I BatteryMgr:DataCollectionService: stats => 1702740855088,-1659178,3605
12-16 16:34:16.090  5229  5850 I BatteryMgr:DataCollectionService: stats => 1702740856090,-1648436,3605
12-16 16:34:17.094  5229  5850 I BatteryMgr:DataCollectionService: stats => 1702740857094,-1602049,3605
12-16 16:34:18.097  5229  5850 I BatteryMgr:DataCollectionService: stats => 1702740858097,-1660643,3605
12-16 16:34:19.101  5229  5850 I BatteryMgr:DataCollectionService: stats => 1702740859101,-1680174,3605
12-16 16:34:20.104  5229  5850 I BatteryMgr:DataCollectionService: stats => 1702740860104,-1674803,3605
12-16 16:34:21.108  5229  5850 I BatteryMgr:DataCollectionService: stats => 1702740861108,-1673827,3605
12-16 16:34:22.111  5229  5850 I BatteryMgr:DataCollectionService: stats => 1702740862111,-1648924,3605
12-16 16:34:23.116  5229  5850 I BatteryMgr:DataCollectionService: stats => 1702740863116,-1635253,3605
12-16 16:34:24.121  5229  5850 I BatteryMgr:DataCollectionService: stats => 1702740864120,-1620604,3605
12-16 16:34:25.124  5229  5850 I BatteryMgr:DataCollectionService: stats => 1702740865124,-1634276,3606
12-16 16:34:26.126  5229  5850 I BatteryMgr:DataCollectionService: stats => 1702740866126,-1648436,3606
12-16 16:34:27.129  5229  5850 I BatteryMgr:DataCollectionService: stats => 1702740867129,-1666014,3606
12-16 16:34:28.132  5229  5850 I BatteryMgr:DataCollectionService: stats => 1702740868132,-1633788,3607
12-16 16:34:29.135  5229  5850 I BatteryMgr:DataCollectionService: stats => 1702740869135,-1617186,3607
12-16 16:34:30.138  5229  5850 I BatteryMgr:DataCollectionService: stats => 1702740870138,-1658202,3607
12-16 16:34:31.142  5229  5850 I BatteryMgr:DataCollectionService: stats => 1702740871142,-1653319,3607
12-16 16:34:32.146  5229  5850 I BatteryMgr:DataCollectionService: stats => 1702740872146,-1668944,3607
12-16 16:34:33.149  5229  5850 I BatteryMgr:DataCollectionService: stats => 1702740873149,-1617674,3607
12-16 16:34:34.152  5229  5850 I BatteryMgr:DataCollectionService: stats => 1702740874152,-1601561,3607
12-16 16:34:35.157  5229  5850 I BatteryMgr:DataCollectionService: stats => 1702740875157,-1659178,3604
12-16 16:34:36.162  5229  5850 I BatteryMgr:DataCollectionService: stats => 1702740876162,-1651854,3604
12-16 16:34:37.165  5229  5850 I BatteryMgr:DataCollectionService: stats => 1702740877164,-1593749,3604
12-16 16:34:38.167  5229  5850 I BatteryMgr:DataCollectionService: stats => 1702740878167,-1639647,3604
12-16 16:34:39.170  5229  5850 I BatteryMgr:DataCollectionService: stats => 1702740879170,-1641112,3604
12-16 16:34:40.172  5229  5850 I BatteryMgr:DataCollectionService: stats => 1702740880172,-1631346,3604
12-16 16:34:41.175  5229  5850 I BatteryMgr:DataCollectionService: stats => 1702740881175,-1649901,3604
12-16 16:34:42.179  5229  5850 I BatteryMgr:DataCollectionService: stats => 1702740882179,-1658202,3604
12-16 16:34:43.188  5229  5850 I BatteryMgr:DataCollectionService: stats => 1702740883188,-1667479,3604
12-16 16:34:44.191  5229  5850 I BatteryMgr:DataCollectionService: stats => 1702740884191,-1627928,3604
12-16 16:34:45.196  5229  5850 I BatteryMgr:DataCollectionService: stats => 1702740885196,-1648436,3605
12-16 16:34:46.199  5229  5850 I BatteryMgr:DataCollectionService: stats => 1702740886199,-1670409,3605
12-16 16:34:47.202  5229  5850 I BatteryMgr:DataCollectionService: stats => 1702740887202,-1680174,3605
12-16 16:34:48.204  5229  5850 I BatteryMgr:DataCollectionService: stats => 1702740888204,-1636229,3605
12-16 16:34:49.208  5229  5850 I BatteryMgr:DataCollectionService: stats => 1702740889207,-1651854,3605
12-16 16:34:50.211  5229  5850 I BatteryMgr:DataCollectionService: stats => 1702740890211,-1684569,3605
12-16 16:34:51.214  5229  5850 I BatteryMgr:DataCollectionService: stats => 1702740891214,-1694335,3605
12-16 16:34:52.216  5229  5850 I BatteryMgr:DataCollectionService: stats => 1702740892216,-1641112,3605
12-16 16:34:53.222  5229  5850 I BatteryMgr:DataCollectionService: stats => 1702740893222,-1646483,3605
12-16 16:34:54.227  5229  5850 I BatteryMgr:DataCollectionService: stats => 1702740894227,-1671874,3605
12-16 16:34:55.230  5229  5850 I BatteryMgr:DataCollectionService: stats => 1702740895230,-1581053,3608
12-16 16:34:56.238  5229  5850 I BatteryMgr:DataCollectionService: stats => 1702740896238,-1647948,3608
12-16 16:34:57.241  5229  5850 I BatteryMgr:DataCollectionService: stats => 1702740897241,-1657713,3608
12-16 16:34:58.244  5229  5850 I BatteryMgr:DataCollectionService: stats => 1702740898244,-1655760,3608
12-16 16:34:59.248  5229  5850 I BatteryMgr:DataCollectionService: stats => 1702740899248,-1674315,3608
12-16 16:35:00.251  5229  5850 I BatteryMgr:DataCollectionService: stats => 1702740900251,-1663573,3608
12-16 16:35:01.254  5229  5850 I BatteryMgr:DataCollectionService: stats => 1702740901253,-1689940,3608
12-16 16:35:02.256  5229  5850 I BatteryMgr:DataCollectionService: stats => 1702740902256,-1605956,3608
12-16 16:35:03.262  5229  5850 I BatteryMgr:DataCollectionService: stats => 1702740903262,-1629881,3608
12-16 16:35:04.265  5229  5850 I BatteryMgr:DataCollectionService: stats => 1702740904265,-1618163,3608
12-16 16:35:05.268  5229  5850 I BatteryMgr:DataCollectionService: stats => 1702740905268,-1616210,3606
12-16 16:35:06.271  5229  5850 I BatteryMgr:DataCollectionService: stats => 1702740906270,-1606932,3606
12-16 16:35:07.274  5229  5850 I BatteryMgr:DataCollectionService: stats => 1702740907274,-1677733,3602
12-16 16:35:08.278  5229  5850 I BatteryMgr:DataCollectionService: stats => 1702740908278,-1660155,3602
12-16 16:35:09.280  5229  5850 I BatteryMgr:DataCollectionService: stats => 1702740909280,-1641112,3602
12-16 16:35:10.283  5229  5850 I BatteryMgr:DataCollectionService: stats => 1702740910283,-1661131,3602
12-16 16:35:11.288  5229  5850 I BatteryMgr:DataCollectionService: stats => 1702740911288,-1643065,3602
12-16 16:35:12.290  5229  5850 I BatteryMgr:DataCollectionService: stats => 1702740912290,-1628905,3602
12-16 16:35:13.293  5229  5850 I BatteryMgr:DataCollectionService: stats => 1702740913293,-1671385,3602
12-16 16:35:14.295  5229  5850 I BatteryMgr:DataCollectionService: stats => 1702740914295,-1620116,3602
12-16 16:35:15.298  5229  5850 I BatteryMgr:DataCollectionService: stats => 1702740915298,-1672362,3602
12-16 16:35:16.301  5229  5850 I BatteryMgr:DataCollectionService: stats => 1702740916301,-1641112,3602
12-16 16:35:17.304  5229  5850 I BatteryMgr:DataCollectionService: stats => 1702740917304,-1613768,3602
12-16 16:35:18.307  5229  5850 I BatteryMgr:DataCollectionService: stats => 1702740918307,-1651366,3602
12-16 16:35:19.311  5229  5850 I BatteryMgr:DataCollectionService: stats => 1702740919311,-1643065,3602
12-16 16:35:20.314  5229  5850 I BatteryMgr:DataCollectionService: stats => 1702740920314,-1667479,3602
12-16 16:35:21.319  5229  5850 I BatteryMgr:DataCollectionService: stats => 1702740921319,-1624999,3602
12-16 16:35:22.323  5229  5850 I BatteryMgr:DataCollectionService: stats => 1702740922323,-1598143,3602
12-16 16:35:23.326  5229  5850 I BatteryMgr:DataCollectionService: stats => 1702740923325,-1494628,3602
12-16 16:35:24.328  5229  5850 I BatteryMgr:DataCollectionService: stats => 1702740924328,-1658690,3602
12-16 16:35:25.331  5229  5850 I BatteryMgr:DataCollectionService: stats => 1702740925331,-1654296,3602
12-16 16:35:26.333  5229  5850 I BatteryMgr:DataCollectionService: stats => 1702740926333,-1643065,3602
12-16 16:35:27.336  5229  5850 I BatteryMgr:DataCollectionService: stats => 1702740927336,-1530760,3602
12-16 16:35:28.338  5229  5850 I BatteryMgr:DataCollectionService: stats => 1702740928338,-1655760,3602
12-16 16:35:29.341  5229  5850 I BatteryMgr:DataCollectionService: stats => 1702740929341,-1611815,3602
12-16 16:35:30.346  5229  5850 I BatteryMgr:DataCollectionService: stats => 1702740930346,-1657713,3602
12-16 16:35:31.349  5229  5850 I BatteryMgr:DataCollectionService: stats => 1702740931349,-1625487,3602
12-16 16:35:32.352  5229  5850 I BatteryMgr:DataCollectionService: stats => 1702740932352,-1533690,3602
12-16 16:35:33.354  5229  5850 I BatteryMgr:DataCollectionService: stats => 1702740933354,-1565428,3602
12-16 16:35:34.358  5229  5850 I BatteryMgr:DataCollectionService: stats => 1702740934358,-1617674,3602
12-16 16:35:35.363  5229  5850 I BatteryMgr:DataCollectionService: stats => 1702740935363,-1648436,3603
12-16 16:35:36.366  5229  5850 I BatteryMgr:DataCollectionService: stats => 1702740936366,-1655272,3603
12-16 16:35:37.368  5229  5850 I BatteryMgr:DataCollectionService: stats => 1702740937368,-1655760,3603
12-16 16:35:38.371  5229  5850 I BatteryMgr:DataCollectionService: stats => 1702740938371,-1668944,3603
12-16 16:35:39.374  5229  5850 I BatteryMgr:DataCollectionService: stats => 1702740939374,-1693358,3603
12-16 16:35:40.377  5229  5850 I BatteryMgr:DataCollectionService: stats => 1702740940376,-1703124,3603
12-16 16:35:41.379  5229  5850 I BatteryMgr:DataCollectionService: stats => 1702740941379,-1656737,3603
12-16 16:35:42.382  5229  5850 I BatteryMgr:DataCollectionService: stats => 1702740942382,-1683592,3603
12-16 16:35:43.387  5229  5850 I BatteryMgr:DataCollectionService: stats => 1702740943387,-1591796,3603
12-16 16:35:44.390  5229  5850 I BatteryMgr:DataCollectionService: stats => 1702740944390,-1698241,3603
12-16 16:35:45.392  5229  5850 I BatteryMgr:DataCollectionService: stats => 1702740945392,-1614256,3604
12-16 16:35:46.395  5229  5850 I BatteryMgr:DataCollectionService: stats => 1702740946395,-1533690,3604
12-16 16:35:47.401  5229  5850 I BatteryMgr:DataCollectionService: stats => 1702740947401,-1613280,3604
12-16 16:35:48.404  5229  5850 I BatteryMgr:DataCollectionService: stats => 1702740948404,-1632323,3604
12-16 16:35:49.407  5229  5850 I BatteryMgr:DataCollectionService: stats => 1702740949407,-1719237,3604
12-16 16:35:50.412  5229  5850 I BatteryMgr:DataCollectionService: stats => 1702740950412,-1605467,3604
12-16 16:35:51.414  5229  5850 I BatteryMgr:DataCollectionService: stats => 1702740951414,-1435546,3604
