--------- beginning of main
01-16 13:13:41.892  2265  2826 I VrApi   : OVR::Stats thread Suspend
01-16 13:13:41.899  2265  2826 I VrApi   : OVR::Stats thread stopped
01-16 13:13:42.004  2479  2822 I VrApi   : OVR::Stats thread Suspend
01-16 13:13:42.010  2479  2822 I VrApi   : OVR::Stats thread stopped
01-16 13:13:42.015  3186  3386 I VrApi   : OVR::Stats thread Resume
01-16 13:13:42.044  3186  3386 I VrApi   : OVR::Stats thread started
01-16 13:13:42.561  9662  9689 I VrApi   : ----------- vrapi_Initialize [start] ----------
01-16 13:13:42.576  9662  9689 I VrApi   : Client type: 0 flags: 0x0 placement: 0
01-16 13:13:42.732  9662  9689 I VrApi   : vrapi_Initialize: Connected to VrRuntimeService after 0.156041s
01-16 13:13:42.875  9662  9689 I VrApi   : SkipPushFinalBlack=1
01-16 13:13:42.876  9662  9689 I VrApi   : isActivityFocusAware = 1
01-16 13:13:42.887  9662  9689 I VrApi   : ----------- vrapi_Initialize [end] ----------
01-16 13:13:42.888  9662  9689 I VrApi   : ------------ vrapi_Shutdown [start] -----------
01-16 13:13:42.888  9662  9689 W VrApi   : IsOvrValid: ovr == nullptr. Package: com.polyarc.MossGame
01-16 13:13:42.892  9662  9689 I VrApi   : ------------ vrapi_Shutdown [end] -----------
01-16 13:13:46.443  9662  9689 I VrApi   : ----------- vrapi_Initialize [start] ----------
01-16 13:13:46.549  9662  9689 I VrApi   : Client type: 0 flags: 0x0 placement: 0
01-16 13:13:46.685  9662  9689 I VrApi   : vrapi_Initialize: Connected to VrRuntimeService after 0.135947s
01-16 13:13:46.707  9662  9689 I VrApi   : SkipPushFinalBlack=1
01-16 13:13:46.707  9662  9689 I VrApi   : isActivityFocusAware = 1
01-16 13:13:46.718  9662  9689 I VrApi   : ----------- vrapi_Initialize [end] ----------
01-16 13:13:46.721  9662  9689 I VrApi   : ---------- vrapi_EnterVrMode [start] ----------
01-16 13:13:46.751  9662  9689 I VrApi   : ovrModeParms::VRAPI_MODE_FLAG_RESET_WINDOW_FULLSCREEN = 1
01-16 13:13:46.751  9662  9689 I VrApi   : ovrModeParms::VRAPI_MODE_FLAG_NATIVE_WINDOW = 1
01-16 13:13:46.752  9662  9689 I VrApi   : ovrModeParms::VRAPI_MODE_FLAG_FRONT_BUFFER_SRGB = 1
01-16 13:13:46.752  9662  9689 I VrApi   : ovrModeParms::VRAPI_MODE_FLAG_PHASE_SYNC = 0
01-16 13:13:46.752  9662  9689 I VrApi   : ovrModeParms::VRAPI_MODE_FLAG_APP_SPACE_WARP = 0
01-16 13:13:46.752  9662  9689 I VrApi   : PhaseSync disabled
01-16 13:13:46.752  9662  9689 I VrApi   : HMD sensor attached.
01-16 13:13:46.759  9662  9689 I VrApi   : Creating Default swapchain
01-16 13:13:46.759  9662  9689 I VrApi   : Creating Loading Icon swapchain
01-16 13:13:46.759  9662  9689 I VrApi   : OVR::Stats thread started
01-16 13:13:46.759  9662  9689 I VrApi   : Initial BaseVsync 84058 
01-16 13:13:46.760  9662  9689 I VrApi   : ---------- vrapi_EnterVrMode [end] ----------
01-16 13:13:46.802  9662  9807 W VrApi   : Time to first swap: 4.247 seconds
01-16 13:13:46.802  9662  9807 I VrApi   : Opaque frame needs background layer.
01-16 13:13:48.014  9662  9916 I VrApi   : FPS=31/72,Prd=41ms,Tear=0,Early=15,Stale=17,Stale2/5/10/max=3/1/0/5,VSnc=1,Lat=1,Fov=0D,CPU4/GPU=5/2,2419/490MHz,OC=FF,TA=0/70/0,SP=N/F/E,Mem=2092MHz,Free=7722MB,PLS=0,Temp=25.7C/0.0C,TW=2.84ms,App=-231.82ms,GD=0.63ms,CPU&GPU=31644.56ms,LCnt=3(DR41,LM2),GPU%=0.29,CPU%=0.64(W0.91),DSF=1.00,CFL=15.45/27.63,ICFLp95=27.21,LD=0,SF=0.00,LP=0,DVFS=0
01-16 13:13:49.000  9662  9916 I VrApi   : FPS=22/72,Prd=40ms,Tear=0,Early=6,Stale=63,Stale2/5/10/max=0/0/3/31,VSnc=1,Lat=1,Fov=0D,CPU4/GPU=5/1,2419/441MHz,OC=FF,TA=0/70/70,SP=N/F/F,Mem=2092MHz,Free=7722MB,PLS=0,Temp=25.7C/0.0C,TW=2.46ms,App=-1.02ms,GD=0.70ms,CPU&GPU=18768.80ms,LCnt=2(DR0,LM0),GPU%=0.27,CPU%=0.97(W1.00),DSF=1.00,CFL=18.51/27.43,ICFLp95=26.37,LD=0,SF=0.00,LP=0,DVFS=0
01-16 13:13:50.000  9662  9916 I VrApi   : FPS=22/72,Prd=40ms,Tear=0,Early=6,Stale=63,Stale2/5/10/max=0/0/3/31,VSnc=1,Lat=1,Fov=0D,CPU4/GPU=5/1,2419/441MHz,OC=FF,TA=0/70/70,SP=N/N/N,Mem=2092MHz,Free=7722MB,PLS=0,Temp=25.7C/0.0C,TW=2.46ms,App=-1.02ms,GD=0.70ms,CPU&GPU=18768.80ms,LCnt=2(DR0,LM0),GPU%=0.27,CPU%=0.97(W1.00),DSF=1.00,CFL=18.51/27.43,ICFLp95=26.37,LD=0,SF=0.00,LP=0,DVFS=0
01-16 13:13:51.000  9662  9916 I VrApi   : FPS=4/72,Prd=44ms,Tear=0,Early=3,Stale=70,Stale2/5/10/max=0/0/1/91,VSnc=1,Lat=1,Fov=0D,CPU4/GPU=5/0,1478/305MHz,OC=FF,TA=0/70/70,SP=N/F/F,Mem=2092MHz,Free=7722MB,PLS=0,Temp=25.7C/0.0C,TW=3.54ms,App=-77.24ms,GD=1.01ms,CPU&GPU=17781.01ms,LCnt=2(DR0,LM0),GPU%=0.36,CPU%=0.40(W0.48),DSF=1.00,CFL=18.50/23.13,ICFLp95=21.74,LD=0,SF=0.00,LP=0,DVFS=0
01-16 13:13:51.770  3186  3386 I VrApi   : OVR::Stats thread Suspend
01-16 13:13:51.776  3186  3386 I VrApi   : OVR::Stats thread stopped
01-16 13:13:52.000  9662  9916 I VrApi   : FPS=73/72,Prd=47ms,Tear=0,Early=72,Stale=0,Stale2/5/10/max=0/0/0/0,VSnc=1,Lat=1,Fov=0D,CPU4/GPU=5/0,1574/305MHz,OC=FF,TA=0/70/70,SP=N/F/F,Mem=2092MHz,Free=7722MB,PLS=0,Temp=25.5C/0.0C,TW=3.55ms,App=0.40ms,GD=1.00ms,CPU&GPU=2.03ms,LCnt=2(DR0,LM0),GPU%=0.36,CPU%=0.46(W0.50),DSF=1.00,CFL=17.40/21.39,ICFLp95=20.41,LD=0,SF=0.00,LP=0,DVFS=0
01-16 13:13:53.000  9662  9916 I VrApi   : FPS=72/72,Prd=47ms,Tear=0,Early=66,Stale=1,Stale2/5/10/max=0/0/0/1,VSnc=1,Lat=1,Fov=0D,CPU4/GPU=5/3,1478/490MHz,OC=FF,TA=0/70/70,SP=N/F/F,Mem=2092MHz,Free=7722MB,PLS=0,Temp=25.5C/0.0C,TW=1.54ms,App=7.64ms,GD=0.63ms,CPU&GPU=6.95ms,LCnt=2(DR20,LM2),GPU%=0.73,CPU%=0.34(W0.35),DSF=1.00,CFL=17.25/27.35,ICFLp95=25.49,LD=0,SF=0.91,LP=0,DVFS=0
01-16 13:13:54.000  9662  9916 I VrApi   : FPS=72/72,Prd=52ms,Tear=0,Early=72,Stale=0,Stale2/5/10/max=0/0/0/0,VSnc=1,Lat=1,Fov=0D,CPU4/GPU=5/3,1478/490MHz,OC=FF,TA=0/70/70,SP=N/F/F,Mem=2092MHz,Free=7722MB,PLS=0,Temp=25.5C/0.0C,TW=1.53ms,App=8.08ms,GD=0.65ms,CPU&GPU=12.44ms,LCnt=2(DR72,LM2),GPU%=0.76,CPU%=0.30(W0.37),DSF=1.00,CFL=19.90/26.35,ICFLp95=24.94,LD=0,SF=0.91,LP=0,DVFS=0
01-16 13:13:55.000  9662  9916 I VrApi   : FPS=72/72,Prd=49ms,Tear=0,Early=72,Stale=0,Stale2/5/10/max=0/0/0/0,VSnc=1,Lat=1,Fov=0D,CPU4/GPU=5/3,1478/490MHz,OC=FF,TA=0/70/70,SP=N/F/F,Mem=2092MHz,Free=7722MB,PLS=0,Temp=25.5C/0.0C,TW=1.54ms,App=7.86ms,GD=0.63ms,CPU&GPU=12.62ms,LCnt=2(DR72,LM2),GPU%=0.75,CPU%=0.29(W0.32),DSF=1.00,CFL=18.11/23.07,ICFLp95=21.70,LD=0,SF=0.91,LP=0,DVFS=0
01-16 13:13:56.000  9662  9916 I VrApi   : FPS=72/72,Prd=48ms,Tear=0,Early=72,Stale=0,Stale2/5/10/max=0/0/0/0,VSnc=1,Lat=1,Fov=0D,CPU4/GPU=5/3,1478/490MHz,OC=FF,TA=0/70/70,SP=N/F/F,Mem=2092MHz,Free=7722MB,PLS=0,Temp=25.5C/0.0C,TW=1.55ms,App=8.06ms,GD=0.68ms,CPU&GPU=12.60ms,LCnt=2(DR72,LM2),GPU%=0.77,CPU%=0.28(W0.29),DSF=1.00,CFL=16.81/21.48,ICFLp95=19.97,LD=0,SF=0.91,LP=0,DVFS=0
01-16 13:13:57.001  9662  9916 I VrApi   : FPS=72/72,Prd=47ms,Tear=0,Early=72,Stale=0,Stale2/5/10/max=0/0/0/0,VSnc=1,Lat=1,Fov=0D,CPU4/GPU=5/3,1478/490MHz,OC=FF,TA=0/70/70,SP=N/F/F,Mem=2092MHz,Free=7722MB,PLS=0,Temp=25.5C/0.0C,TW=1.54ms,App=8.00ms,GD=0.67ms,CPU&GPU=12.74ms,LCnt=2(DR72,LM2),GPU%=0.76,CPU%=0.31(W0.36),DSF=1.00,CFL=16.45/20.03,ICFLp95=19.14,LD=0,SF=0.91,LP=0,DVFS=0
01-16 13:13:58.001  9662  9916 I VrApi   : FPS=72/72,Prd=47ms,Tear=0,Early=72,Stale=0,Stale2/5/10/max=0/0/0/0,VSnc=1,Lat=1,Fov=0D,CPU4/GPU=5/3,1478/490MHz,OC=FF,TA=0/70/70,SP=N/F/F,Mem=2092MHz,Free=7722MB,PLS=0,Temp=25.5C/0.0C,TW=1.54ms,App=7.62ms,GD=0.67ms,CPU&GPU=12.62ms,LCnt=2(DR72,LM2),GPU%=0.73,CPU%=0.39(W0.41),DSF=1.00,CFL=16.00/19.95,ICFLp95=18.71,LD=0,SF=0.91,LP=0,DVFS=0
01-16 13:13:59.001  9662  9916 I VrApi   : FPS=72/72,Prd=46ms,Tear=0,Early=71,Stale=0,Stale2/5/10/max=0/0/0/0,VSnc=1,Lat=1,Fov=0D,CPU4/GPU=5/3,1478/490MHz,OC=FF,TA=0/70/70,SP=N/F/F,Mem=2092MHz,Free=7722MB,PLS=0,Temp=25.5C/0.0C,TW=1.53ms,App=8.37ms,GD=0.67ms,CPU&GPU=12.55ms,LCnt=2(DR72,LM2),GPU%=0.78,CPU%=0.40(W0.42),DSF=1.00,CFL=16.01/19.79,ICFLp95=18.64,LD=0,SF=0.91,LP=0,DVFS=0
01-16 13:14:00.001  9662  9916 I VrApi   : FPS=72/72,Prd=46ms,Tear=0,Early=72,Stale=0,Stale2/5/10/max=0/0/0/0,VSnc=1,Lat=1,Fov=0D,CPU4/GPU=5/3,1478/490MHz,OC=FF,TA=0/70/70,SP=N/F/F,Mem=2092MHz,Free=7722MB,PLS=0,Temp=25.5C/0.0C,TW=1.54ms,App=8.53ms,GD=0.65ms,CPU&GPU=13.07ms,LCnt=2(DR72,LM2),GPU%=0.80,CPU%=0.41(W0.44),DSF=1.00,CFL=15.99/19.51,ICFLp95=18.37,LD=0,SF=0.91,LP=0,DVFS=0
01-16 13:14:01.001  9662  9916 I VrApi   : FPS=72/72,Prd=46ms,Tear=0,Early=72,Stale=0,Stale2/5/10/max=0/0/0/0,VSnc=1,Lat=1,Fov=0D,CPU4/GPU=5/3,1478/490MHz,OC=FF,TA=0/70/70,SP=N/F/F,Mem=2092MHz,Free=7722MB,PLS=0,Temp=25.5C/0.0C,TW=1.53ms,App=9.23ms,GD=0.66ms,CPU&GPU=13.15ms,LCnt=2(DR72,LM2),GPU%=0.84,CPU%=0.41(W0.44),DSF=1.00,CFL=15.84/19.47,ICFLp95=18.44,LD=0,SF=0.91,LP=0,DVFS=0
01-16 13:14:02.001  9662  9916 I VrApi   : FPS=72/72,Prd=46ms,Tear=0,Early=51,Stale=0,Stale2/5/10/max=0/0/0/0,VSnc=1,Lat=1,Fov=0D,CPU4/GPU=5/4,1478/525MHz,OC=FF,TA=0/70/70,SP=N/F/F,Mem=2092MHz,Free=7722MB,PLS=0,Temp=25.7C/0.0C,TW=1.45ms,App=8.43ms,GD=0.66ms,CPU&GPU=13.78ms,LCnt=2(DR72,LM2),GPU%=0.77,CPU%=0.38(W0.42),DSF=1.00,CFL=15.55/20.19,ICFLp95=18.44,LD=0,SF=0.91,LP=0,DVFS=0
01-16 13:14:03.001  9662  9916 I VrApi   : FPS=72/72,Prd=46ms,Tear=0,Early=69,Stale=0,Stale2/5/10/max=0/0/0/0,VSnc=1,Lat=1,Fov=0D,CPU4/GPU=5/4,1478/525MHz,OC=FF,TA=0/70/70,SP=N/F/F,Mem=2092MHz,Free=7722MB,PLS=0,Temp=25.7C/0.0C,TW=1.46ms,App=7.30ms,GD=0.61ms,CPU&GPU=12.82ms,LCnt=2(DR72,LM2),GPU%=0.70,CPU%=0.38(W0.44),DSF=1.00,CFL=15.57/19.42,ICFLp95=18.43,LD=0,SF=0.91,LP=0,DVFS=0
01-16 13:14:04.001  9662  9916 I VrApi   : FPS=72/72,Prd=46ms,Tear=0,Early=72,Stale=0,Stale2/5/10/max=0/0/0/0,VSnc=1,Lat=1,Fov=0D,CPU4/GPU=5/3,1478/490MHz,OC=FF,TA=0/70/70,SP=N/F/F,Mem=2092MHz,Free=7722MB,PLS=0,Temp=25.7C/0.0C,TW=1.53ms,App=7.82ms,GD=0.66ms,CPU&GPU=12.17ms,LCnt=2(DR72,LM2),GPU%=0.75,CPU%=0.45(W0.50),DSF=1.00,CFL=15.75/19.45,ICFLp95=18.41,LD=0,SF=0.91,LP=0,DVFS=0
01-16 13:14:05.001  9662  9916 I VrApi   : FPS=72/72,Prd=46ms,Tear=0,Early=72,Stale=0,Stale2/5/10/max=0/0/0/0,VSnc=1,Lat=1,Fov=0D,CPU4/GPU=5/3,1478/490MHz,OC=FF,TA=0/70/70,SP=N/F/F,Mem=2092MHz,Free=7722MB,PLS=0,Temp=25.7C/0.0C,TW=1.53ms,App=7.66ms,GD=0.66ms,CPU&GPU=12.55ms,LCnt=2(DR72,LM2),GPU%=0.74,CPU%=0.42(W0.48),DSF=1.00,CFL=15.93/19.31,ICFLp95=18.42,LD=0,SF=0.91,LP=0,DVFS=0
01-16 13:14:06.001  9662  9916 I VrApi   : FPS=72/72,Prd=46ms,Tear=0,Early=72,Stale=0,Stale2/5/10/max=0/0/0/0,VSnc=1,Lat=1,Fov=0D,CPU4/GPU=5/3,1478/490MHz,OC=FF,TA=0/70/70,SP=N/F/F,Mem=2092MHz,Free=7722MB,PLS=0,Temp=25.7C/0.0C,TW=1.53ms,App=7.56ms,GD=0.64ms,CPU&GPU=12.54ms,LCnt=2(DR72,LM2),GPU%=0.73,CPU%=0.42(W0.45),DSF=1.00,CFL=15.53/19.42,ICFLp95=18.39,LD=0,SF=0.91,LP=0,DVFS=0
01-16 13:14:07.001  9662  9916 I VrApi   : FPS=72/72,Prd=46ms,Tear=0,Early=72,Stale=0,Stale2/5/10/max=0/0/0/0,VSnc=1,Lat=1,Fov=0D,CPU4/GPU=5/3,1478/490MHz,OC=FF,TA=0/70/70,SP=N/F/F,Mem=2092MHz,Free=7722MB,PLS=0,Temp=25.7C/0.0C,TW=1.53ms,App=7.52ms,GD=0.66ms,CPU&GPU=12.46ms,LCnt=2(DR72,LM2),GPU%=0.73,CPU%=0.41(W0.48),DSF=1.00,CFL=15.67/19.99,ICFLp95=18.39,LD=0,SF=0.91,LP=0,DVFS=0
01-16 13:14:08.024  9662  9916 I VrApi   : FPS=72/72,Prd=46ms,Tear=0,Early=72,Stale=0,Stale2/5/10/max=0/0/0/0,VSnc=1,Lat=1,Fov=0D,CPU4/GPU=5/3,1478/490MHz,OC=FF,TA=0/70/70,SP=N/F/F,Mem=2092MHz,Free=7393MB,PLS=0,Temp=25.7C/0.0C,TW=1.53ms,App=7.54ms,GD=0.66ms,CPU&GPU=12.46ms,LCnt=2(DR72,LM2),GPU%=0.73,CPU%=0.39(W0.46),DSF=1.00,CFL=15.89/19.81,ICFLp95=18.40,LD=0,SF=0.91,LP=0,DVFS=0
01-16 13:14:09.001  9662  9916 I VrApi   : FPS=72/72,Prd=46ms,Tear=0,Early=72,Stale=0,Stale2/5/10/max=0/0/0/0,VSnc=1,Lat=1,Fov=0D,CPU4/GPU=5/3,1478/490MHz,OC=FF,TA=0/70/70,SP=N/F/F,Mem=2092MHz,Free=7393MB,PLS=0,Temp=25.7C/0.0C,TW=1.53ms,App=7.57ms,GD=0.64ms,CPU&GPU=12.45ms,LCnt=2(DR72,LM2),GPU%=0.73,CPU%=0.40(W0.46),DSF=1.00,CFL=15.77/19.54,ICFLp95=18.38,LD=0,SF=0.91,LP=0,DVFS=0
01-16 13:14:10.001  9662  9916 I VrApi   : FPS=72/72,Prd=46ms,Tear=0,Early=72,Stale=0,Stale2/5/10/max=0/0/0/0,VSnc=1,Lat=1,Fov=0D,CPU4/GPU=5/3,1478/490MHz,OC=FF,TA=0/70/70,SP=N/F/F,Mem=2092MHz,Free=7393MB,PLS=0,Temp=25.7C/0.0C,TW=1.53ms,App=7.54ms,GD=0.67ms,CPU&GPU=12.40ms,LCnt=2(DR72,LM2),GPU%=0.73,CPU%=0.41(W0.48),DSF=1.00,CFL=15.83/19.36,ICFLp95=18.33,LD=0,SF=0.91,LP=0,DVFS=0
01-16 13:14:11.001  9662  9916 I VrApi   : FPS=72/72,Prd=46ms,Tear=0,Early=72,Stale=0,Stale2/5/10/max=0/0/0/0,VSnc=1,Lat=1,Fov=0D,CPU4/GPU=5/3,2054/490MHz,OC=FF,TA=0/70/70,SP=N/F/F,Mem=2092MHz,Free=7393MB,PLS=0,Temp=25.7C/0.0C,TW=1.53ms,App=7.51ms,GD=0.66ms,CPU&GPU=12.42ms,LCnt=2(DR72,LM2),GPU%=0.73,CPU%=0.41(W0.50),DSF=1.00,CFL=15.81/19.29,ICFLp95=18.38,LD=0,SF=0.91,LP=0,DVFS=0
01-16 13:14:12.002  9662  9916 I VrApi   : FPS=72/72,Prd=46ms,Tear=0,Early=72,Stale=0,Stale2/5/10/max=0/0/0/0,VSnc=1,Lat=1,Fov=0D,CPU4/GPU=5/3,1478/490MHz,OC=FF,TA=0/70/70,SP=N/F/F,Mem=2092MHz,Free=7393MB,PLS=0,Temp=25.7C/0.0C,TW=1.52ms,App=7.55ms,GD=0.66ms,CPU&GPU=12.46ms,LCnt=2(DR72,LM2),GPU%=0.72,CPU%=0.38(W0.43),DSF=1.00,CFL=15.67/19.79,ICFLp95=18.56,LD=0,SF=0.91,LP=0,DVFS=0
01-16 13:14:13.002  9662  9916 I VrApi   : FPS=72/72,Prd=46ms,Tear=0,Early=72,Stale=0,Stale2/5/10/max=0/0/0/0,VSnc=1,Lat=1,Fov=0D,CPU4/GPU=5/3,1478/490MHz,OC=FF,TA=0/70/70,SP=N/F/F,Mem=2092MHz,Free=7393MB,PLS=0,Temp=25.7C/0.0C,TW=1.53ms,App=7.51ms,GD=0.66ms,CPU&GPU=12.46ms,LCnt=2(DR72,LM2),GPU%=0.72,CPU%=0.40(W0.43),DSF=1.00,CFL=15.95/19.65,ICFLp95=18.49,LD=0,SF=0.91,LP=0,DVFS=0
01-16 13:14:14.002  9662  9916 I VrApi   : FPS=72/72,Prd=46ms,Tear=0,Early=72,Stale=0,Stale2/5/10/max=0/0/0/0,VSnc=1,Lat=1,Fov=0D,CPU4/GPU=5/3,1478/490MHz,OC=FF,TA=0/70/70,SP=N/F/F,Mem=2092MHz,Free=7393MB,PLS=0,Temp=25.7C/0.0C,TW=1.53ms,App=7.43ms,GD=0.65ms,CPU&GPU=12.43ms,LCnt=2(DR72,LM2),GPU%=0.71,CPU%=0.47(W0.52),DSF=1.00,CFL=15.65/19.98,ICFLp95=18.45,LD=0,SF=0.91,LP=0,DVFS=0
01-16 13:14:15.002  9662  9916 I VrApi   : FPS=72/72,Prd=46ms,Tear=0,Early=72,Stale=0,Stale2/5/10/max=0/0/0/0,VSnc=1,Lat=1,Fov=0D,CPU4/GPU=5/3,1478/490MHz,OC=FF,TA=0/70/70,SP=N/F/F,Mem=2092MHz,Free=7393MB,PLS=0,Temp=25.7C/0.0C,TW=1.54ms,App=7.62ms,GD=0.70ms,CPU&GPU=12.44ms,LCnt=2(DR72,LM2),GPU%=0.74,CPU%=0.41(W0.42),DSF=1.00,CFL=15.83/20.44,ICFLp95=18.52,LD=0,SF=0.91,LP=0,DVFS=0
01-16 13:14:16.002  9662  9916 I VrApi   : FPS=72/72,Prd=46ms,Tear=0,Early=72,Stale=0,Stale2/5/10/max=0/0/0/0,VSnc=1,Lat=1,Fov=0D,CPU4/GPU=5/3,1478/490MHz,OC=FF,TA=0/70/70,SP=N/F/F,Mem=2092MHz,Free=7393MB,PLS=0,Temp=25.7C/0.0C,TW=1.53ms,App=7.82ms,GD=0.67ms,CPU&GPU=12.52ms,LCnt=2(DR72,LM2),GPU%=0.75,CPU%=0.37(W0.41),DSF=1.00,CFL=15.87/20.02,ICFLp95=18.52,LD=0,SF=0.91,LP=0,DVFS=0
01-16 13:14:17.002  9662  9916 I VrApi   : FPS=72/72,Prd=46ms,Tear=0,Early=72,Stale=0,Stale2/5/10/max=0/0/0/0,VSnc=1,Lat=1,Fov=0D,CPU4/GPU=5/3,1478/490MHz,OC=FF,TA=0/70/70,SP=N/F/F,Mem=2092MHz,Free=7393MB,PLS=0,Temp=25.7C/0.0C,TW=1.55ms,App=7.84ms,GD=0.69ms,CPU&GPU=12.57ms,LCnt=2(DR72,LM2),GPU%=0.75,CPU%=0.44(W0.52),DSF=1.00,CFL=15.88/19.26,ICFLp95=18.31,LD=0,SF=0.91,LP=0,DVFS=0
01-16 13:14:18.002  9662  9916 I VrApi   : FPS=72/72,Prd=46ms,Tear=0,Early=72,Stale=0,Stale2/5/10/max=0/0/0/0,VSnc=1,Lat=1,Fov=0D,CPU4/GPU=5/3,1478/490MHz,OC=FF,TA=0/70/70,SP=N/F/F,Mem=2092MHz,Free=7393MB,PLS=0,Temp=25.7C/0.0C,TW=1.54ms,App=7.70ms,GD=0.66ms,CPU&GPU=12.61ms,LCnt=2(DR72,LM2),GPU%=0.74,CPU%=0.42(W0.43),DSF=1.00,CFL=15.91/19.55,ICFLp95=18.48,LD=0,SF=0.91,LP=0,DVFS=0
01-16 13:14:19.002  9662  9916 I VrApi   : FPS=72/72,Prd=46ms,Tear=0,Early=72,Stale=0,Stale2/5/10/max=0/0/0/0,VSnc=1,Lat=1,Fov=0D,CPU4/GPU=5/3,1478/490MHz,OC=FF,TA=0/70/70,SP=N/F/F,Mem=2092MHz,Free=7393MB,PLS=0,Temp=25.7C/0.0C,TW=1.55ms,App=8.06ms,GD=0.69ms,CPU&GPU=12.59ms,LCnt=2(DR72,LM2),GPU%=0.76,CPU%=0.38(W0.41),DSF=1.00,CFL=15.92/19.40,ICFLp95=18.44,LD=0,SF=0.91,LP=0,DVFS=0
01-16 13:14:20.002  9662  9916 I VrApi   : FPS=72/72,Prd=46ms,Tear=0,Early=72,Stale=0,Stale2/5/10/max=0/0/0/0,VSnc=1,Lat=1,Fov=0D,CPU4/GPU=5/3,1478/490MHz,OC=FF,TA=0/70/70,SP=N/F/F,Mem=2092MHz,Free=7393MB,PLS=0,Temp=25.7C/0.0C,TW=1.54ms,App=8.11ms,GD=0.66ms,CPU&GPU=12.68ms,LCnt=2(DR72,LM2),GPU%=0.76,CPU%=0.43(W0.46),DSF=1.00,CFL=15.78/19.40,ICFLp95=18.43,LD=0,SF=0.91,LP=0,DVFS=0
01-16 13:14:21.002  9662  9916 I VrApi   : FPS=72/72,Prd=46ms,Tear=0,Early=71,Stale=0,Stale2/5/10/max=0/0/0/0,VSnc=1,Lat=1,Fov=0D,CPU4/GPU=5/3,1478/490MHz,OC=FF,TA=0/70/70,SP=N/F/F,Mem=2092MHz,Free=7393MB,PLS=0,Temp=25.7C/0.0C,TW=1.55ms,App=8.09ms,GD=0.65ms,CPU&GPU=12.84ms,LCnt=2(DR72,LM2),GPU%=0.76,CPU%=0.44(W0.50),DSF=1.00,CFL=15.64/19.85,ICFLp95=18.40,LD=0,SF=0.91,LP=0,DVFS=0
01-16 13:14:22.002  9662  9916 I VrApi   : FPS=72/72,Prd=46ms,Tear=0,Early=72,Stale=0,Stale2/5/10/max=0/0/0/0,VSnc=1,Lat=1,Fov=0D,CPU4/GPU=5/3,1478/490MHz,OC=FF,TA=0/70/70,SP=N/F/F,Mem=2092MHz,Free=7393MB,PLS=0,Temp=26.0C/0.0C,TW=1.55ms,App=7.97ms,GD=0.66ms,CPU&GPU=12.85ms,LCnt=2(DR72,LM2),GPU%=0.75,CPU%=0.47(W0.50),DSF=1.00,CFL=15.70/19.98,ICFLp95=18.42,LD=0,SF=0.91,LP=0,DVFS=0
01-16 13:14:23.002  9662  9916 I VrApi   : FPS=72/72,Prd=46ms,Tear=0,Early=72,Stale=0,Stale2/5/10/max=0/0/0/0,VSnc=1,Lat=1,Fov=0D,CPU4/GPU=5/3,1478/490MHz,OC=FF,TA=0/70/70,SP=N/F/F,Mem=2092MHz,Free=7393MB,PLS=0,Temp=26.0C/0.0C,TW=1.54ms,App=8.01ms,GD=0.65ms,CPU&GPU=12.66ms,LCnt=2(DR72,LM2),GPU%=0.76,CPU%=0.40(W0.46),DSF=1.00,CFL=15.73/19.31,ICFLp95=18.28,LD=0,SF=0.91,LP=0,DVFS=0
01-16 13:14:24.002  9662  9916 I VrApi   : FPS=72/72,Prd=46ms,Tear=0,Early=72,Stale=0,Stale2/5/10/max=0/0/0/0,VSnc=1,Lat=1,Fov=0D,CPU4/GPU=5/3,1478/490MHz,OC=FF,TA=0/70/70,SP=N/F/F,Mem=2092MHz,Free=7393MB,PLS=0,Temp=26.0C/0.0C,TW=1.54ms,App=8.08ms,GD=0.66ms,CPU&GPU=12.79ms,LCnt=2(DR72,LM2),GPU%=0.76,CPU%=0.36(W0.43),DSF=1.00,CFL=15.69/19.49,ICFLp95=18.41,LD=0,SF=0.91,LP=0,DVFS=0
01-16 13:14:25.003  9662  9916 I VrApi   : FPS=72/72,Prd=46ms,Tear=0,Early=72,Stale=0,Stale2/5/10/max=0/0/0/0,VSnc=1,Lat=1,Fov=0D,CPU4/GPU=5/3,1478/490MHz,OC=FF,TA=0/70/70,SP=N/F/F,Mem=2092MHz,Free=7393MB,PLS=0,Temp=26.0C/0.0C,TW=1.54ms,App=8.05ms,GD=0.68ms,CPU&GPU=12.86ms,LCnt=2(DR72,LM2),GPU%=0.76,CPU%=0.48(W0.50),DSF=1.00,CFL=15.62/20.68,ICFLp95=18.57,LD=0,SF=0.91,LP=0,DVFS=0
01-16 13:14:26.003  9662  9916 I VrApi   : FPS=72/72,Prd=46ms,Tear=0,Early=72,Stale=0,Stale2/5/10/max=0/0/0/0,VSnc=1,Lat=1,Fov=0D,CPU4/GPU=5/3,1478/490MHz,OC=FF,TA=0/70/70,SP=N/F/F,Mem=2092MHz,Free=7393MB,PLS=0,Temp=26.0C/0.0C,TW=1.54ms,App=8.08ms,GD=0.64ms,CPU&GPU=12.94ms,LCnt=2(DR72,LM2),GPU%=0.76,CPU%=0.39(W0.46),DSF=1.00,CFL=15.73/20.39,ICFLp95=18.56,LD=0,SF=0.91,LP=0,DVFS=0
01-16 13:14:27.003  9662  9916 I VrApi   : FPS=72/72,Prd=46ms,Tear=0,Early=72,Stale=0,Stale2/5/10/max=0/0/0/0,VSnc=1,Lat=1,Fov=0D,CPU4/GPU=5/3,1478/490MHz,OC=FF,TA=0/70/70,SP=N/F/F,Mem=2092MHz,Free=7393MB,PLS=0,Temp=26.0C/0.0C,TW=1.55ms,App=8.08ms,GD=0.66ms,CPU&GPU=12.88ms,LCnt=2(DR72,LM2),GPU%=0.76,CPU%=0.43(W0.52),DSF=1.00,CFL=15.81/19.62,ICFLp95=18.41,LD=0,SF=0.91,LP=0,DVFS=0
01-16 13:14:28.025  9662  9916 I VrApi   : FPS=72/72,Prd=46ms,Tear=0,Early=72,Stale=0,Stale2/5/10/max=0/0/0/0,VSnc=1,Lat=1,Fov=0D,CPU4/GPU=5/3,1478/490MHz,OC=FF,TA=0/70/70,SP=N/F/F,Mem=2092MHz,Free=7397MB,PLS=0,Temp=26.0C/0.0C,TW=1.53ms,App=8.10ms,GD=0.65ms,CPU&GPU=12.92ms,LCnt=2(DR72,LM2),GPU%=0.75,CPU%=0.42(W0.52),DSF=1.00,CFL=15.78/19.80,ICFLp95=18.43,LD=0,SF=0.91,LP=0,DVFS=0
01-16 13:14:29.003  9662  9916 I VrApi   : FPS=72/72,Prd=46ms,Tear=0,Early=72,Stale=0,Stale2/5/10/max=0/0/0/0,VSnc=1,Lat=1,Fov=0D,CPU4/GPU=5/3,1478/490MHz,OC=FF,TA=0/70/70,SP=N/F/F,Mem=2092MHz,Free=7397MB,PLS=0,Temp=26.0C/0.0C,TW=1.53ms,App=8.15ms,GD=0.66ms,CPU&GPU=12.75ms,LCnt=2(DR72,LM2),GPU%=0.76,CPU%=0.45(W0.52),DSF=1.00,CFL=15.86/21.27,ICFLp95=18.62,LD=0,SF=0.91,LP=0,DVFS=0
01-16 13:14:30.003  9662  9916 I VrApi   : FPS=72/72,Prd=46ms,Tear=0,Early=72,Stale=0,Stale2/5/10/max=0/0/0/0,VSnc=1,Lat=1,Fov=0D,CPU4/GPU=5/3,1478/490MHz,OC=FF,TA=0/70/70,SP=N/F/F,Mem=2092MHz,Free=7397MB,PLS=0,Temp=26.0C/0.0C,TW=1.53ms,App=8.15ms,GD=0.65ms,CPU&GPU=12.89ms,LCnt=2(DR72,LM2),GPU%=0.77,CPU%=0.44(W0.52),DSF=1.00,CFL=15.84/20.00,ICFLp95=18.45,LD=0,SF=0.91,LP=0,DVFS=0
01-16 13:14:31.003  9662  9916 I VrApi   : FPS=72/72,Prd=46ms,Tear=0,Early=72,Stale=0,Stale2/5/10/max=0/0/0/0,VSnc=1,Lat=1,Fov=0D,CPU4/GPU=5/3,1478/490MHz,OC=FF,TA=0/70/70,SP=N/F/F,Mem=2092MHz,Free=7397MB,PLS=0,Temp=26.0C/0.0C,TW=1.54ms,App=8.18ms,GD=0.66ms,CPU&GPU=12.94ms,LCnt=2(DR72,LM2),GPU%=0.77,CPU%=0.42(W0.50),DSF=1.00,CFL=15.87/20.45,ICFLp95=18.51,LD=0,SF=0.91,LP=0,DVFS=0
01-16 13:14:32.003  9662  9916 I VrApi   : FPS=72/72,Prd=46ms,Tear=0,Early=72,Stale=0,Stale2/5/10/max=0/0/0/0,VSnc=1,Lat=1,Fov=0D,CPU4/GPU=5/3,1478/490MHz,OC=FF,TA=0/70/70,SP=N/F/F,Mem=2092MHz,Free=7397MB,PLS=0,Temp=26.0C/0.0C,TW=1.53ms,App=8.24ms,GD=0.65ms,CPU&GPU=12.96ms,LCnt=2(DR72,LM2),GPU%=0.78,CPU%=0.45(W0.48),DSF=1.00,CFL=15.73/20.05,ICFLp95=18.48,LD=0,SF=0.91,LP=0,DVFS=0
01-16 13:14:33.003  9662  9916 I VrApi   : FPS=72/72,Prd=46ms,Tear=0,Early=71,Stale=0,Stale2/5/10/max=0/0/0/0,VSnc=1,Lat=1,Fov=0D,CPU4/GPU=5/3,1478/490MHz,OC=FF,TA=0/70/70,SP=N/F/F,Mem=2092MHz,Free=7397MB,PLS=0,Temp=26.0C/0.0C,TW=1.53ms,App=8.24ms,GD=0.66ms,CPU&GPU=13.15ms,LCnt=2(DR72,LM2),GPU%=0.77,CPU%=0.45(W0.50),DSF=1.00,CFL=15.74/19.87,ICFLp95=18.48,LD=0,SF=0.91,LP=0,DVFS=0
01-16 13:14:34.003  9662  9916 I VrApi   : FPS=72/72,Prd=46ms,Tear=0,Early=72,Stale=0,Stale2/5/10/max=0/0/0/0,VSnc=1,Lat=1,Fov=0D,CPU4/GPU=5/3,1478/490MHz,OC=FF,TA=0/70/70,SP=N/F/F,Mem=2092MHz,Free=7397MB,PLS=0,Temp=26.0C/0.0C,TW=1.53ms,App=8.22ms,GD=0.64ms,CPU&GPU=12.99ms,LCnt=2(DR72,LM2),GPU%=0.77,CPU%=0.37(W0.41),DSF=1.00,CFL=15.92/20.25,ICFLp95=18.51,LD=0,SF=0.91,LP=0,DVFS=0
01-16 13:14:35.003  9662  9916 I VrApi   : FPS=72/72,Prd=46ms,Tear=0,Early=72,Stale=0,Stale2/5/10/max=0/0/0/0,VSnc=1,Lat=1,Fov=0D,CPU4/GPU=5/3,1478/490MHz,OC=FF,TA=0/70/70,SP=N/F/F,Mem=1804MHz,Free=7397MB,PLS=0,Temp=26.0C/0.0C,TW=1.54ms,App=8.23ms,GD=0.66ms,CPU&GPU=12.95ms,LCnt=2(DR72,LM2),GPU%=0.77,CPU%=0.42(W0.52),DSF=1.00,CFL=15.64/19.80,ICFLp95=18.46,LD=0,SF=0.91,LP=0,DVFS=0
01-16 13:14:36.003  9662  9916 I VrApi   : FPS=72/72,Prd=46ms,Tear=0,Early=72,Stale=0,Stale2/5/10/max=0/0/0/0,VSnc=1,Lat=1,Fov=0D,CPU4/GPU=5/3,1478/490MHz,OC=FF,TA=0/70/70,SP=N/F/F,Mem=2092MHz,Free=7397MB,PLS=0,Temp=26.0C/0.0C,TW=1.53ms,App=8.29ms,GD=0.67ms,CPU&GPU=12.97ms,LCnt=2(DR72,LM2),GPU%=0.77,CPU%=0.42(W0.46),DSF=1.00,CFL=15.65/19.66,ICFLp95=18.42,LD=0,SF=0.91,LP=0,DVFS=0
01-16 13:14:37.003  9662  9916 I VrApi   : FPS=72/72,Prd=46ms,Tear=0,Early=71,Stale=0,Stale2/5/10/max=0/0/0/0,VSnc=1,Lat=1,Fov=0D,CPU4/GPU=5/3,1478/490MHz,OC=FF,TA=0/70/70,SP=N/F/F,Mem=2092MHz,Free=7397MB,PLS=0,Temp=26.0C/0.0C,TW=1.54ms,App=8.33ms,GD=0.66ms,CPU&GPU=12.98ms,LCnt=2(DR72,LM2),GPU%=0.78,CPU%=0.44(W0.52),DSF=1.00,CFL=15.79/19.85,ICFLp95=18.39,LD=0,SF=0.91,LP=0,DVFS=0
01-16 13:14:38.003  9662  9916 I VrApi   : FPS=72/72,Prd=46ms,Tear=0,Early=72,Stale=0,Stale2/5/10/max=0/0/0/0,VSnc=1,Lat=1,Fov=0D,CPU4/GPU=5/3,1478/490MHz,OC=FF,TA=0/70/70,SP=N/F/F,Mem=2092MHz,Free=7397MB,PLS=0,Temp=26.0C/0.0C,TW=1.54ms,App=8.37ms,GD=0.64ms,CPU&GPU=13.09ms,LCnt=2(DR72,LM2),GPU%=0.78,CPU%=0.42(W0.50),DSF=1.00,CFL=15.68/19.38,ICFLp95=18.36,LD=0,SF=0.91,LP=0,DVFS=0
01-16 13:14:39.003  9662  9916 I VrApi   : FPS=72/72,Prd=46ms,Tear=0,Early=72,Stale=0,Stale2/5/10/max=0/0/0/0,VSnc=1,Lat=1,Fov=0D,CPU4/GPU=5/3,1478/490MHz,OC=FF,TA=0/70/70,SP=N/F/F,Mem=2092MHz,Free=7397MB,PLS=0,Temp=26.0C/0.0C,TW=1.53ms,App=8.39ms,GD=0.66ms,CPU&GPU=13.08ms,LCnt=2(DR72,LM2),GPU%=0.79,CPU%=0.42(W0.50),DSF=1.00,CFL=15.87/19.67,ICFLp95=18.49,LD=0,SF=0.91,LP=0,DVFS=0
01-16 13:14:40.004  9662  9916 I VrApi   : FPS=72/72,Prd=46ms,Tear=0,Early=70,Stale=0,Stale2/5/10/max=0/0/0/0,VSnc=1,Lat=1,Fov=0D,CPU4/GPU=5/3,1478/490MHz,OC=FF,TA=0/70/70,SP=N/F/F,Mem=2092MHz,Free=7397MB,PLS=0,Temp=26.0C/0.0C,TW=1.54ms,App=8.37ms,GD=0.64ms,CPU&GPU=13.00ms,LCnt=2(DR72,LM2),GPU%=0.78,CPU%=0.38(W0.48),DSF=1.00,CFL=15.65/19.43,ICFLp95=18.38,LD=0,SF=0.91,LP=0,DVFS=0
01-16 13:14:41.004  9662  9916 I VrApi   : FPS=72/72,Prd=46ms,Tear=0,Early=70,Stale=0,Stale2/5/10/max=0/0/0/0,VSnc=1,Lat=1,Fov=0D,CPU4/GPU=5/3,1478/490MHz,OC=FF,TA=0/70/70,SP=N/F/F,Mem=2092MHz,Free=7397MB,PLS=0,Temp=26.0C/0.0C,TW=1.53ms,App=8.45ms,GD=0.65ms,CPU&GPU=13.04ms,LCnt=2(DR72,LM2),GPU%=0.78,CPU%=0.38(W0.43),DSF=1.00,CFL=15.76/19.46,ICFLp95=18.33,LD=0,SF=0.91,LP=0,DVFS=0
01-16 13:14:42.004  9662  9916 I VrApi   : FPS=72/72,Prd=46ms,Tear=0,Early=72,Stale=0,Stale2/5/10/max=0/0/0/0,VSnc=1,Lat=1,Fov=0D,CPU4/GPU=5/3,1478/490MHz,OC=FF,TA=0/70/70,SP=N/F/F,Mem=2092MHz,Free=7397MB,PLS=0,Temp=26.0C/0.0C,TW=1.54ms,App=8.41ms,GD=0.66ms,CPU&GPU=13.10ms,LCnt=2(DR72,LM2),GPU%=0.78,CPU%=0.47(W0.54),DSF=1.00,CFL=15.63/19.32,ICFLp95=18.34,LD=0,SF=0.91,LP=0,DVFS=0
01-16 13:14:43.004  9662  9916 I VrApi   : FPS=72/72,Prd=46ms,Tear=0,Early=71,Stale=0,Stale2/5/10/max=0/0/0/0,VSnc=1,Lat=1,Fov=0D,CPU4/GPU=5/3,1478/490MHz,OC=FF,TA=0/70/70,SP=N/F/F,Mem=2092MHz,Free=7397MB,PLS=0,Temp=26.0C/0.0C,TW=1.54ms,App=8.39ms,GD=0.65ms,CPU&GPU=13.12ms,LCnt=2(DR72,LM2),GPU%=0.78,CPU%=0.45(W0.54),DSF=1.00,CFL=15.65/19.17,ICFLp95=18.35,LD=0,SF=0.91,LP=0,DVFS=0
01-16 13:14:44.004  9662  9916 I VrApi   : FPS=72/72,Prd=46ms,Tear=0,Early=72,Stale=0,Stale2/5/10/max=0/0/0/0,VSnc=1,Lat=1,Fov=0D,CPU4/GPU=5/3,1478/490MHz,OC=FF,TA=0/70/70,SP=N/F/F,Mem=2092MHz,Free=7397MB,PLS=0,Temp=26.0C/0.0C,TW=1.53ms,App=8.43ms,GD=0.65ms,CPU&GPU=13.14ms,LCnt=2(DR72,LM2),GPU%=0.79,CPU%=0.49(W0.56),DSF=1.00,CFL=15.84/19.52,ICFLp95=18.25,LD=0,SF=0.91,LP=0,DVFS=0
01-16 13:14:45.004  9662  9916 I VrApi   : FPS=72/72,Prd=46ms,Tear=0,Early=72,Stale=0,Stale2/5/10/max=0/0/0/0,VSnc=1,Lat=1,Fov=0D,CPU4/GPU=5/3,1478/490MHz,OC=FF,TA=0/70/70,SP=N/F/F,Mem=2092MHz,Free=7397MB,PLS=0,Temp=26.0C/0.0C,TW=1.55ms,App=8.39ms,GD=0.65ms,CPU&GPU=13.22ms,LCnt=2(DR72,LM2),GPU%=0.79,CPU%=0.46(W0.58),DSF=1.00,CFL=15.84/19.40,ICFLp95=18.41,LD=0,SF=0.91,LP=0,DVFS=0
01-16 13:14:46.004  9662  9916 I VrApi   : FPS=72/72,Prd=46ms,Tear=0,Early=71,Stale=0,Stale2/5/10/max=0/0/0/0,VSnc=1,Lat=1,Fov=0D,CPU4/GPU=5/3,1478/490MHz,OC=FF,TA=0/70/70,SP=N/F/F,Mem=2092MHz,Free=7397MB,PLS=0,Temp=26.0C/0.0C,TW=1.54ms,App=8.49ms,GD=0.66ms,CPU&GPU=13.27ms,LCnt=2(DR72,LM2),GPU%=0.79,CPU%=0.37(W0.52),DSF=1.00,CFL=15.71/19.50,ICFLp95=18.40,LD=0,SF=0.91,LP=0,DVFS=0
01-16 13:14:47.004  9662  9916 I VrApi   : FPS=72/72,Prd=46ms,Tear=0,Early=70,Stale=0,Stale2/5/10/max=0/0/0/0,VSnc=1,Lat=1,Fov=0D,CPU4/GPU=5/3,1478/490MHz,OC=FF,TA=0/70/70,SP=N/F/F,Mem=2092MHz,Free=7397MB,PLS=0,Temp=26.0C/0.0C,TW=1.55ms,App=8.61ms,GD=0.66ms,CPU&GPU=13.34ms,LCnt=2(DR72,LM2),GPU%=0.80,CPU%=0.47(W0.52),DSF=1.00,CFL=15.58/19.26,ICFLp95=18.25,LD=0,SF=0.91,LP=0,DVFS=0
01-16 13:14:48.030  9662  9916 I VrApi   : FPS=72/72,Prd=46ms,Tear=0,Early=68,Stale=0,Stale2/5/10/max=0/0/0/0,VSnc=1,Lat=1,Fov=0D,CPU4/GPU=5/3,1478/490MHz,OC=FF,TA=0/70/70,SP=N/F/F,Mem=2092MHz,Free=7353MB,PLS=0,Temp=26.0C/0.0C,TW=1.54ms,App=8.47ms,GD=0.67ms,CPU&GPU=13.52ms,LCnt=2(DR72,LM2),GPU%=0.79,CPU%=0.38(W0.48),DSF=1.00,CFL=16.14/19.61,ICFLp95=18.54,LD=0,SF=0.91,LP=0,DVFS=0
01-16 13:14:49.004  9662  9916 I VrApi   : FPS=72/72,Prd=46ms,Tear=0,Early=72,Stale=0,Stale2/5/10/max=0/0/0/0,VSnc=1,Lat=1,Fov=0D,CPU4/GPU=5/3,1478/490MHz,OC=FF,TA=0/70/70,SP=N/F/F,Mem=2092MHz,Free=7353MB,PLS=0,Temp=26.0C/0.0C,TW=1.54ms,App=8.29ms,GD=0.68ms,CPU&GPU=13.38ms,LCnt=2(DR72,LM2),GPU%=0.77,CPU%=0.45(W0.50),DSF=1.00,CFL=15.79/19.62,ICFLp95=18.50,LD=0,SF=0.91,LP=0,DVFS=0
01-16 13:14:50.004  9662  9916 I VrApi   : FPS=72/72,Prd=46ms,Tear=0,Early=71,Stale=0,Stale2/5/10/max=0/0/0/0,VSnc=1,Lat=1,Fov=0D,CPU4/GPU=5/5,1478/490MHz,OC=FF,TA=0/70/70,SP=N/F/F,Mem=2092MHz,Free=7353MB,PLS=0,Temp=26.0C/0.0C,TW=1.94ms,App=9.15ms,GD=0.67ms,CPU&GPU=13.02ms,LCnt=2(DR72,LM2),GPU%=0.75,CPU%=0.29(W0.33),DSF=1.00,CFL=15.69/19.63,ICFLp95=18.45,LD=0,SF=0.91,LP=0,DVFS=0
01-16 13:14:51.004  9662  9916 I VrApi   : FPS=69/72,Prd=51ms,Tear=0,Early=63,Stale=6,Stale2/5/10/max=2/0/0/4,VSnc=1,Lat=1,Fov=0D,CPU4/GPU=5/5,1478/587MHz,OC=FF,TA=0/70/70,SP=N/F/F,Mem=2092MHz,Free=7353MB,PLS=0,Temp=26.0C/0.0C,TW=2.81ms,App=6.58ms,GD=0.62ms,CPU&GPU=14.13ms,LCnt=3(DR18,LM0),GPU%=0.76,CPU%=0.27(W0.32),DSF=1.00,CFL=14.91/27.28,ICFLp95=28.12,LD=0,SF=0.91,LP=0,DVFS=0
01-16 13:14:52.004  9662  9916 I VrApi   : FPS=72/72,Prd=51ms,Tear=0,Early=72,Stale=0,Stale2/5/10/max=0/0/0/0,VSnc=1,Lat=1,Fov=0D,CPU4/GPU=5/5,1478/587MHz,OC=FF,TA=0/70/70,SP=N/F/F,Mem=1555MHz,Free=7353MB,PLS=0,Temp=26.0C/0.0C,TW=2.81ms,App=6.92ms,GD=0.73ms,CPU&GPU=12.20ms,LCnt=3(DR0,LM0),GPU%=0.77,CPU%=0.29(W0.35),DSF=1.00,CFL=19.20/24.42,ICFLp95=23.33,LD=0,SF=0.91,LP=0,DVFS=0
01-16 13:14:53.004  9662  9916 I VrApi   : FPS=72/72,Prd=49ms,Tear=0,Early=72,Stale=0,Stale2/5/10/max=0/0/0/0,VSnc=1,Lat=1,Fov=0D,CPU4/GPU=5/5,1478/587MHz,OC=FF,TA=0/70/70,SP=N/F/F,Mem=1804MHz,Free=7353MB,PLS=0,Temp=26.0C/0.0C,TW=2.82ms,App=6.96ms,GD=0.73ms,CPU&GPU=12.51ms,LCnt=3(DR0,LM0),GPU%=0.78,CPU%=0.36(W0.38),DSF=1.00,CFL=18.20/22.43,ICFLp95=21.18,LD=0,SF=0.91,LP=0,DVFS=0
01-16 13:14:54.004  9662  9916 I VrApi   : FPS=72/72,Prd=48ms,Tear=0,Early=72,Stale=0,Stale2/5/10/max=0/0/0/0,VSnc=1,Lat=1,Fov=0D,CPU4/GPU=5/5,1478/587MHz,OC=FF,TA=0/70/70,SP=N/F/F,Mem=1555MHz,Free=7353MB,PLS=0,Temp=26.0C/0.0C,TW=2.84ms,App=7.03ms,GD=0.70ms,CPU&GPU=12.54ms,LCnt=3(DR0,LM0),GPU%=0.78,CPU%=0.41(W0.43),DSF=1.00,CFL=17.14/21.36,ICFLp95=20.16,LD=0,SF=0.91,LP=0,DVFS=0
01-16 13:14:55.005  9662  9916 I VrApi   : FPS=72/72,Prd=47ms,Tear=0,Early=72,Stale=0,Stale2/5/10/max=0/0/0/0,VSnc=1,Lat=1,Fov=0D,CPU4/GPU=5/5,1478/587MHz,OC=FF,TA=0/70/70,SP=N/F/F,Mem=1804MHz,Free=7353MB,PLS=0,Temp=26.0C/0.0C,TW=2.84ms,App=7.04ms,GD=0.68ms,CPU&GPU=12.45ms,LCnt=3(DR0,LM0),GPU%=0.78,CPU%=0.36(W0.38),DSF=1.00,CFL=16.85/20.79,ICFLp95=19.68,LD=0,SF=0.91,LP=0,DVFS=0
01-16 13:14:56.005  9662  9916 I VrApi   : FPS=72/72,Prd=47ms,Tear=0,Early=72,Stale=0,Stale2/5/10/max=0/0/0/0,VSnc=1,Lat=1,Fov=0D,CPU4/GPU=5/5,1478/587MHz,OC=FF,TA=0/70/70,SP=N/F/F,Mem=1804MHz,Free=7353MB,PLS=0,Temp=26.0C/0.0C,TW=2.84ms,App=7.08ms,GD=0.67ms,CPU&GPU=12.50ms,LCnt=3(DR0,LM0),GPU%=0.78,CPU%=0.39(W0.39),DSF=1.00,CFL=16.61/21.13,ICFLp95=19.54,LD=0,SF=0.91,LP=0,DVFS=0
01-16 13:14:57.005  9662  9916 I VrApi   : FPS=72/72,Prd=47ms,Tear=0,Early=72,Stale=0,Stale2/5/10/max=0/0/0/0,VSnc=1,Lat=1,Fov=0D,CPU4/GPU=5/5,1478/587MHz,OC=FF,TA=0/70/70,SP=N/F/F,Mem=1804MHz,Free=7353MB,PLS=0,Temp=26.0C/0.0C,TW=2.83ms,App=7.11ms,GD=0.66ms,CPU&GPU=12.56ms,LCnt=3(DR0,LM0),GPU%=0.79,CPU%=0.30(W0.30),DSF=1.00,CFL=16.72/20.69,ICFLp95=19.27,LD=0,SF=0.91,LP=0,DVFS=0
01-16 13:14:58.005  9662  9916 I VrApi   : FPS=72/72,Prd=47ms,Tear=0,Early=72,Stale=0,Stale2/5/10/max=0/0/0/0,VSnc=1,Lat=1,Fov=0D,CPU4/GPU=5/5,1478/587MHz,OC=FF,TA=0/70/70,SP=N/F/F,Mem=1804MHz,Free=7353MB,PLS=0,Temp=26.0C/0.0C,TW=2.84ms,App=7.09ms,GD=0.69ms,CPU&GPU=12.56ms,LCnt=3(DR0,LM0),GPU%=0.79,CPU%=0.31(W0.37),DSF=1.00,CFL=16.63/20.33,ICFLp95=19.11,LD=0,SF=0.91,LP=0,DVFS=0
01-16 13:14:59.005  9662  9916 I VrApi   : FPS=72/72,Prd=47ms,Tear=0,Early=72,Stale=0,Stale2/5/10/max=0/0/0/0,VSnc=1,Lat=1,Fov=1D,CPU4/GPU=5/5,1478/587MHz,OC=FF,TA=0/70/70,SP=N/F/F,Mem=1804MHz,Free=7353MB,PLS=0,Temp=26.0C/0.0C,TW=2.84ms,App=7.10ms,GD=0.67ms,CPU&GPU=12.51ms,LCnt=3(DR0,LM0),GPU%=0.76,CPU%=0.31(W0.38),DSF=1.00,CFL=16.51/19.99,ICFLp95=19.03,LD=0,SF=0.91,LP=0,DVFS=0
01-16 13:15:00.005  9662  9916 I VrApi   : FPS=71/72,Prd=47ms,Tear=0,Early=69,Stale=2,Stale2/5/10/max=1/0/0/2,VSnc=1,Lat=1,Fov=1D,CPU4/GPU=5/5,1478/587MHz,OC=FF,TA=0/70/70,SP=N/F/F,Mem=1804MHz,Free=7353MB,PLS=0,Temp=26.0C/0.0C,TW=1.61ms,App=1.03ms,GD=0.57ms,CPU&GPU=13.10ms,LCnt=3(DR0,LM0),GPU%=0.30,CPU%=0.66(W0.70),DSF=1.00,CFL=16.65/20.74,ICFLp95=19.21,LD=0,SF=0.91,LP=0,DVFS=0
01-16 13:15:00.702  9662 10019 W VrApi   : FrameIndex = 5092, RetiredClientFrameIndex = 5089, waited for 25 msec for frame to retire
01-16 13:15:00.728  9662 10019 W VrApi   : FrameIndex = 5092, RetiredClientFrameIndex = 5089, waited for 50 msec for frame to retire
01-16 13:15:00.753  9662 10019 W VrApi   : FrameIndex = 5092, RetiredClientFrameIndex = 5089, waited for 75 msec for frame to retire
01-16 13:15:01.005  9662  9916 I VrApi   : FPS=58/72,Prd=43ms,Tear=0,Early=53,Stale=16,Stale2/5/10/max=0/2/0/5,VSnc=1,Lat=1,Fov=1D,CPU4/GPU=5/5,1862/587MHz,OC=FF,TA=0/70/70,SP=N/F/F,Mem=2092MHz,Free=7353MB,PLS=0,Temp=26.0C/0.0C,TW=1.28ms,App=11.69ms,GD=0.54ms,CPU&GPU=10.87ms,LCnt=2(DR63,LM2),GPU%=0.52,CPU%=0.41(W0.62),DSF=1.00,CFL=15.75/20.39,ICFLp95=18.60,LD=0,SF=0.91,LP=0,DVFS=0
01-16 13:15:02.005  9662  9916 I VrApi   : FPS=59/72,Prd=47ms,Tear=1,Early=55,Stale=18,Stale2/5/10/max=1/0/1/15,VSnc=1,Lat=1,Fov=0D,CPU4/GPU=5/5,1478/587MHz,OC=FF,TA=0/70/70,SP=N/F/F,Mem=1804MHz,Free=7353MB,PLS=0,Temp=26.0C/0.0C,TW=1.29ms,App=3.11ms,GD=0.54ms,CPU&GPU=13.04ms,LCnt=2(DR73,LM2),GPU%=0.42,CPU%=0.43(W0.55),DSF=1.00,CFL=15.86/23.07,ICFLp95=23.29,LD=0,SF=0.91,LP=0,DVFS=0
01-16 13:15:03.005  9662  9916 I VrApi   : FPS=72/72,Prd=48ms,Tear=0,Early=72,Stale=0,Stale2/5/10/max=0/0/0/0,VSnc=1,Lat=1,Fov=0D,CPU4/GPU=5/5,1478/587MHz,OC=FF,TA=0/70/70,SP=N/F/F,Mem=2092MHz,Free=7353MB,PLS=0,Temp=26.0C/0.0C,TW=1.29ms,App=3.65ms,GD=0.53ms,CPU&GPU=7.01ms,LCnt=2(DR72,LM2),GPU%=0.43,CPU%=0.36(W0.38),DSF=1.00,CFL=17.66/22.30,ICFLp95=20.95,LD=0,SF=0.91,LP=0,DVFS=0
01-16 13:15:04.005  9662  9916 I VrApi   : FPS=72/72,Prd=47ms,Tear=0,Early=72,Stale=0,Stale2/5/10/max=0/0/0/0,VSnc=1,Lat=1,Fov=0D,CPU4/GPU=5/5,1478/587MHz,OC=FF,TA=0/70/70,SP=N/F/F,Mem=2092MHz,Free=7353MB,PLS=0,Temp=26.0C/0.0C,TW=1.30ms,App=3.88ms,GD=0.57ms,CPU&GPU=7.04ms,LCnt=2(DR72,LM2),GPU%=0.44,CPU%=0.29(W0.36),DSF=1.00,CFL=16.57/20.57,ICFLp95=19.56,LD=0,SF=0.91,LP=0,DVFS=0
01-16 13:15:05.005  9662  9916 I VrApi   : FPS=72/72,Prd=47ms,Tear=0,Early=72,Stale=0,Stale2/5/10/max=0/0/0/0,VSnc=1,Lat=1,Fov=0D,CPU4/GPU=5/4,1478/587MHz,OC=FF,TA=0/70/70,SP=N/F/F,Mem=2092MHz,Free=7353MB,PLS=0,Temp=26.0C/0.0C,TW=1.34ms,App=3.88ms,GD=0.67ms,CPU&GPU=7.20ms,LCnt=2(DR72,LM2),GPU%=0.45,CPU%=0.24(W0.30),DSF=1.00,CFL=16.11/19.94,ICFLp95=18.94,LD=0,SF=0.91,LP=0,DVFS=0
01-16 13:15:06.005  9662  9916 I VrApi   : FPS=72/72,Prd=46ms,Tear=0,Early=72,Stale=0,Stale2/5/10/max=0/0/0/0,VSnc=1,Lat=1,Fov=0D,CPU4/GPU=5/3,1478/525MHz,OC=FF,TA=0/70/70,SP=N/F/F,Mem=2092MHz,Free=7353MB,PLS=0,Temp=26.0C/0.0C,TW=1.46ms,App=4.24ms,GD=0.63ms,CPU&GPU=7.55ms,LCnt=2(DR72,LM2),GPU%=0.48,CPU%=0.32(W0.32),DSF=1.00,CFL=15.98/20.12,ICFLp95=18.58,LD=0,SF=0.91,LP=0,DVFS=0
01-16 13:15:07.005  9662  9916 I VrApi   : FPS=72/72,Prd=46ms,Tear=0,Early=72,Stale=0,Stale2/5/10/max=0/0/0/0,VSnc=1,Lat=1,Fov=0D,CPU4/GPU=5/3,1478/490MHz,OC=FF,TA=0/70/70,SP=N/F/F,Mem=2092MHz,Free=7353MB,PLS=0,Temp=25.7C/0.0C,TW=1.54ms,App=4.59ms,GD=0.65ms,CPU&GPU=8.04ms,LCnt=2(DR72,LM2),GPU%=0.51,CPU%=0.38(W0.42),DSF=1.00,CFL=15.57/20.47,ICFLp95=18.43,LD=0,SF=0.91,LP=0,DVFS=0
01-16 13:15:08.029  9662  9916 I VrApi   : FPS=72/72,Prd=46ms,Tear=0,Early=72,Stale=0,Stale2/5/10/max=0/0/0/0,VSnc=1,Lat=1,Fov=0D,CPU4/GPU=5/3,1478/490MHz,OC=FF,TA=0/70/70,SP=N/F/F,Mem=2092MHz,Free=7103MB,PLS=0,Temp=25.7C/0.0C,TW=1.52ms,App=4.54ms,GD=0.66ms,CPU&GPU=8.26ms,LCnt=2(DR72,LM2),GPU%=0.51,CPU%=0.32(W0.36),DSF=1.00,CFL=15.85/19.70,ICFLp95=18.43,LD=0,SF=0.91,LP=0,DVFS=0
01-16 13:15:09.005  9662  9916 I VrApi   : FPS=72/72,Prd=46ms,Tear=0,Early=72,Stale=0,Stale2/5/10/max=0/0/0/0,VSnc=1,Lat=1,Fov=0D,CPU4/GPU=5/3,1478/490MHz,OC=FF,TA=0/70/70,SP=N/F/F,Mem=2092MHz,Free=7103MB,PLS=0,Temp=25.7C/0.0C,TW=1.53ms,App=4.53ms,GD=0.64ms,CPU&GPU=8.05ms,LCnt=2(DR72,LM2),GPU%=0.51,CPU%=0.35(W0.42),DSF=1.00,CFL=15.88/19.51,ICFLp95=18.39,LD=0,SF=0.91,LP=0,DVFS=0
01-16 13:15:10.005  9662  9916 I VrApi   : FPS=72/72,Prd=46ms,Tear=0,Early=72,Stale=0,Stale2/5/10/max=0/0/0/0,VSnc=1,Lat=1,Fov=0D,CPU4/GPU=5/3,1478/490MHz,OC=FF,TA=0/70/70,SP=N/F/F,Mem=2092MHz,Free=7103MB,PLS=0,Temp=25.7C/0.0C,TW=1.52ms,App=4.56ms,GD=0.65ms,CPU&GPU=8.07ms,LCnt=2(DR72,LM2),GPU%=0.51,CPU%=0.38(W0.42),DSF=1.00,CFL=15.89/19.57,ICFLp95=18.40,LD=0,SF=0.91,LP=0,DVFS=0
01-16 13:15:11.006  9662  9916 I VrApi   : FPS=72/72,Prd=46ms,Tear=0,Early=72,Stale=0,Stale2/5/10/max=0/0/0/0,VSnc=1,Lat=1,Fov=0D,CPU4/GPU=5/3,1478/490MHz,OC=FF,TA=0/70/70,SP=N/F/F,Mem=2092MHz,Free=7103MB,PLS=0,Temp=25.7C/0.0C,TW=1.53ms,App=4.48ms,GD=0.67ms,CPU&GPU=8.04ms,LCnt=2(DR72,LM2),GPU%=0.51,CPU%=0.37(W0.40),DSF=1.00,CFL=15.60/19.40,ICFLp95=18.48,LD=0,SF=0.91,LP=0,DVFS=0
01-16 13:15:12.006  9662  9916 I VrApi   : FPS=72/72,Prd=46ms,Tear=0,Early=72,Stale=0,Stale2/5/10/max=0/0/0/0,VSnc=1,Lat=1,Fov=0D,CPU4/GPU=5/3,1478/490MHz,OC=FF,TA=0/70/70,SP=N/F/F,Mem=2092MHz,Free=7103MB,PLS=0,Temp=25.7C/0.0C,TW=1.53ms,App=4.56ms,GD=0.65ms,CPU&GPU=8.04ms,LCnt=2(DR72,LM2),GPU%=0.51,CPU%=0.32(W0.38),DSF=1.00,CFL=15.79/19.89,ICFLp95=18.46,LD=0,SF=0.91,LP=0,DVFS=0
01-16 13:15:13.006  9662  9916 I VrApi   : FPS=72/72,Prd=46ms,Tear=0,Early=72,Stale=0,Stale2/5/10/max=0/0/0/0,VSnc=1,Lat=1,Fov=0D,CPU4/GPU=5/3,1478/490MHz,OC=FF,TA=0/70/70,SP=N/F/F,Mem=2092MHz,Free=7103MB,PLS=0,Temp=25.7C/0.0C,TW=1.54ms,App=4.51ms,GD=0.64ms,CPU&GPU=8.06ms,LCnt=2(DR72,LM2),GPU%=0.51,CPU%=0.31(W0.35),DSF=1.00,CFL=15.80/20.08,ICFLp95=18.47,LD=0,SF=0.91,LP=0,DVFS=0
01-16 13:15:14.006  9662  9916 I VrApi   : FPS=72/72,Prd=46ms,Tear=0,Early=72,Stale=0,Stale2/5/10/max=0/0/0/0,VSnc=1,Lat=1,Fov=0D,CPU4/GPU=5/3,1478/490MHz,OC=FF,TA=0/70/70,SP=N/F/F,Mem=2092MHz,Free=7103MB,PLS=0,Temp=25.7C/0.0C,TW=1.54ms,App=4.48ms,GD=0.64ms,CPU&GPU=8.12ms,LCnt=2(DR72,LM2),GPU%=0.51,CPU%=0.40(W0.41),DSF=1.00,CFL=15.66/19.40,ICFLp95=18.48,LD=0,SF=0.91,LP=0,DVFS=0
01-16 13:15:15.006  9662  9916 I VrApi   : FPS=72/72,Prd=46ms,Tear=0,Early=72,Stale=0,Stale2/5/10/max=0/0/0/0,VSnc=1,Lat=1,Fov=0D,CPU4/GPU=5/3,1478/490MHz,OC=FF,TA=0/70/70,SP=N/F/F,Mem=2092MHz,Free=7103MB,PLS=0,Temp=25.7C/0.0C,TW=1.53ms,App=4.50ms,GD=0.66ms,CPU&GPU=8.04ms,LCnt=2(DR72,LM2),GPU%=0.51,CPU%=0.30(W0.32),DSF=1.00,CFL=15.69/19.68,ICFLp95=18.48,LD=0,SF=0.91,LP=0,DVFS=0
01-16 13:15:16.006  9662  9916 I VrApi   : FPS=72/72,Prd=46ms,Tear=0,Early=72,Stale=0,Stale2/5/10/max=0/0/0/0,VSnc=1,Lat=1,Fov=0D,CPU4/GPU=5/3,1478/490MHz,OC=FF,TA=0/70/70,SP=N/F/F,Mem=2092MHz,Free=7103MB,PLS=0,Temp=25.7C/0.0C,TW=1.52ms,App=4.51ms,GD=0.66ms,CPU&GPU=8.05ms,LCnt=2(DR72,LM2),GPU%=0.51,CPU%=0.36(W0.40),DSF=1.00,CFL=15.86/19.87,ICFLp95=18.39,LD=0,SF=0.91,LP=0,DVFS=0
01-16 13:15:17.006  9662  9916 I VrApi   : FPS=72/72,Prd=46ms,Tear=0,Early=72,Stale=0,Stale2/5/10/max=0/0/0/0,VSnc=1,Lat=1,Fov=0D,CPU4/GPU=5/3,1478/490MHz,OC=FF,TA=0/70/70,SP=N/F/F,Mem=2092MHz,Free=7103MB,PLS=0,Temp=25.7C/0.0C,TW=1.52ms,App=4.53ms,GD=0.65ms,CPU&GPU=8.02ms,LCnt=2(DR72,LM2),GPU%=0.51,CPU%=0.33(W0.35),DSF=1.00,CFL=15.72/19.36,ICFLp95=18.32,LD=0,SF=0.91,LP=0,DVFS=0
01-16 13:15:18.006  9662  9916 I VrApi   : FPS=72/72,Prd=46ms,Tear=0,Early=72,Stale=0,Stale2/5/10/max=0/0/0/0,VSnc=1,Lat=1,Fov=0D,CPU4/GPU=5/3,1478/490MHz,OC=FF,TA=0/70/70,SP=N/F/F,Mem=2092MHz,Free=7103MB,PLS=0,Temp=25.7C/0.0C,TW=1.52ms,App=4.56ms,GD=0.65ms,CPU&GPU=8.31ms,LCnt=2(DR72,LM2),GPU%=0.51,CPU%=0.36(W0.38),DSF=1.00,CFL=15.74/20.16,ICFLp95=18.51,LD=0,SF=0.91,LP=0,DVFS=0
01-16 13:15:19.006  9662  9916 I VrApi   : FPS=72/72,Prd=46ms,Tear=0,Early=72,Stale=0,Stale2/5/10/max=0/0/0/0,VSnc=1,Lat=1,Fov=0D,CPU4/GPU=5/3,1478/490MHz,OC=FF,TA=0/70/70,SP=N/F/F,Mem=2092MHz,Free=7103MB,PLS=0,Temp=25.7C/0.0C,TW=1.52ms,App=4.57ms,GD=0.65ms,CPU&GPU=8.18ms,LCnt=2(DR72,LM2),GPU%=0.51,CPU%=0.35(W0.38),DSF=1.00,CFL=15.66/19.44,ICFLp95=18.46,LD=0,SF=0.91,LP=0,DVFS=0
01-16 13:15:20.006  9662  9916 I VrApi   : FPS=72/72,Prd=46ms,Tear=0,Early=72,Stale=0,Stale2/5/10/max=0/0/0/0,VSnc=1,Lat=1,Fov=0D,CPU4/GPU=5/3,1478/490MHz,OC=FF,TA=0/70/70,SP=N/F/F,Mem=2092MHz,Free=7103MB,PLS=0,Temp=25.7C/0.0C,TW=1.53ms,App=4.63ms,GD=0.67ms,CPU&GPU=8.24ms,LCnt=2(DR72,LM2),GPU%=0.52,CPU%=0.37(W0.42),DSF=1.00,CFL=15.94/20.11,ICFLp95=18.43,LD=0,SF=0.91,LP=0,DVFS=0
01-16 13:15:21.006  9662  9916 I VrApi   : FPS=72/72,Prd=46ms,Tear=0,Early=72,Stale=0,Stale2/5/10/max=0/0/0/0,VSnc=1,Lat=1,Fov=0D,CPU4/GPU=5/3,1478/490MHz,OC=FF,TA=0/70/70,SP=N/F/F,Mem=2092MHz,Free=7103MB,PLS=0,Temp=25.7C/0.0C,TW=1.51ms,App=4.58ms,GD=0.66ms,CPU&GPU=8.51ms,LCnt=2(DR72,LM2),GPU%=0.51,CPU%=0.35(W0.35),DSF=1.00,CFL=15.90/19.33,ICFLp95=18.33,LD=0,SF=0.91,LP=0,DVFS=0
01-16 13:15:22.006  9662  9916 I VrApi   : FPS=72/72,Prd=46ms,Tear=0,Early=72,Stale=0,Stale2/5/10/max=0/0/0/0,VSnc=1,Lat=1,Fov=0D,CPU4/GPU=5/3,1478/490MHz,OC=FF,TA=0/70/70,SP=N/F/F,Mem=2092MHz,Free=7103MB,PLS=0,Temp=25.7C/0.0C,TW=1.53ms,App=4.56ms,GD=0.66ms,CPU&GPU=8.16ms,LCnt=2(DR72,LM2),GPU%=0.51,CPU%=0.26(W0.32),DSF=1.00,CFL=15.82/19.77,ICFLp95=18.52,LD=0,SF=0.91,LP=0,DVFS=0
01-16 13:15:23.006  9662  9916 I VrApi   : FPS=72/72,Prd=46ms,Tear=0,Early=72,Stale=0,Stale2/5/10/max=0/0/0/0,VSnc=1,Lat=1,Fov=0D,CPU4/GPU=5/3,1478/490MHz,OC=FF,TA=0/70/70,SP=N/F/F,Mem=2092MHz,Free=7103MB,PLS=0,Temp=25.7C/0.0C,TW=1.52ms,App=4.14ms,GD=0.65ms,CPU&GPU=8.32ms,LCnt=2(DR72,LM2),GPU%=0.49,CPU%=0.37(W0.39),DSF=1.00,CFL=15.68/19.83,ICFLp95=18.39,LD=0,SF=0.91,LP=0,DVFS=0
01-16 13:15:24.006  9662  9916 I VrApi   : FPS=72/72,Prd=46ms,Tear=0,Early=72,Stale=0,Stale2/5/10/max=0/0/0/0,VSnc=1,Lat=1,Fov=0D,CPU4/GPU=5/3,1478/490MHz,OC=FF,TA=0/70/70,SP=N/F/F,Mem=2092MHz,Free=7103MB,PLS=0,Temp=25.7C/0.0C,TW=1.52ms,App=4.49ms,GD=0.66ms,CPU&GPU=8.11ms,LCnt=2(DR72,LM2),GPU%=0.51,CPU%=0.31(W0.36),DSF=1.00,CFL=15.85/19.64,ICFLp95=18.35,LD=0,SF=0.91,LP=0,DVFS=0
01-16 13:15:25.006  9662  9916 I VrApi   : FPS=72/72,Prd=46ms,Tear=0,Early=72,Stale=0,Stale2/5/10/max=0/0/0/0,VSnc=1,Lat=1,Fov=0D,CPU4/GPU=5/3,1478/490MHz,OC=FF,TA=0/70/70,SP=N/F/F,Mem=2092MHz,Free=7103MB,PLS=0,Temp=25.7C/0.0C,TW=1.53ms,App=5.54ms,GD=0.65ms,CPU&GPU=9.03ms,LCnt=2(DR72,LM2),GPU%=0.58,CPU%=0.34(W0.40),DSF=1.00,CFL=15.77/19.88,ICFLp95=18.33,LD=0,SF=0.91,LP=0,DVFS=0
01-16 13:15:26.007  9662  9916 I VrApi   : FPS=72/72,Prd=46ms,Tear=0,Early=72,Stale=0,Stale2/5/10/max=0/0/0/0,VSnc=1,Lat=1,Fov=0D,CPU4/GPU=5/3,1478/490MHz,OC=FF,TA=0/70/70,SP=N/F/F,Mem=2092MHz,Free=7103MB,PLS=0,Temp=25.7C/0.0C,TW=1.52ms,App=5.74ms,GD=0.65ms,CPU&GPU=10.06ms,LCnt=2(DR72,LM2),GPU%=0.59,CPU%=0.31(W0.32),DSF=1.00,CFL=15.57/19.41,ICFLp95=18.46,LD=0,SF=0.91,LP=0,DVFS=0
01-16 13:15:27.007  9662  9916 I VrApi   : FPS=72/72,Prd=46ms,Tear=0,Early=72,Stale=0,Stale2/5/10/max=0/0/0/0,VSnc=1,Lat=1,Fov=0D,CPU4/GPU=5/3,1478/490MHz,OC=FF,TA=0/70/70,SP=N/F/F,Mem=2092MHz,Free=7103MB,PLS=0,Temp=25.7C/0.0C,TW=1.53ms,App=5.62ms,GD=0.68ms,CPU&GPU=9.95ms,LCnt=2(DR72,LM2),GPU%=0.58,CPU%=0.39(W0.46),DSF=1.00,CFL=15.57/19.59,ICFLp95=18.44,LD=0,SF=0.91,LP=0,DVFS=0
01-16 13:15:28.031  9662  9916 I VrApi   : FPS=72/72,Prd=46ms,Tear=0,Early=72,Stale=0,Stale2/5/10/max=0/0/0/0,VSnc=1,Lat=1,Fov=0D,CPU4/GPU=5/3,1478/490MHz,OC=FF,TA=0/70/70,SP=N/F/F,Mem=2092MHz,Free=7091MB,PLS=0,Temp=25.7C/0.0C,TW=1.52ms,App=5.67ms,GD=0.65ms,CPU&GPU=10.15ms,LCnt=2(DR72,LM2),GPU%=0.58,CPU%=0.42(W0.46),DSF=1.00,CFL=15.50/19.87,ICFLp95=18.40,LD=0,SF=0.91,LP=0,DVFS=0
01-16 13:15:29.007  9662  9916 I VrApi   : FPS=72/72,Prd=46ms,Tear=0,Early=72,Stale=0,Stale2/5/10/max=0/0/0/0,VSnc=1,Lat=1,Fov=0D,CPU4/GPU=5/3,1478/490MHz,OC=FF,TA=0/70/70,SP=N/F/F,Mem=2092MHz,Free=7091MB,PLS=0,Temp=25.7C/0.0C,TW=1.53ms,App=5.84ms,GD=0.69ms,CPU&GPU=10.14ms,LCnt=2(DR72,LM2),GPU%=0.60,CPU%=0.39(W0.46),DSF=1.00,CFL=15.52/20.05,ICFLp95=18.39,LD=0,SF=0.91,LP=0,DVFS=0
01-16 13:15:30.007  9662  9916 I VrApi   : FPS=72/72,Prd=46ms,Tear=0,Early=72,Stale=0,Stale2/5/10/max=0/0/0/0,VSnc=1,Lat=1,Fov=0D,CPU4/GPU=5/3,1478/490MHz,OC=FF,TA=0/70/70,SP=N/F/F,Mem=2092MHz,Free=7091MB,PLS=0,Temp=25.7C/0.0C,TW=1.53ms,App=5.74ms,GD=0.66ms,CPU&GPU=10.17ms,LCnt=2(DR72,LM2),GPU%=0.60,CPU%=0.31(W0.32),DSF=1.00,CFL=15.58/19.33,ICFLp95=18.33,LD=0,SF=0.91,LP=0,DVFS=0
01-16 13:15:31.007  9662  9916 I VrApi   : FPS=72/72,Prd=46ms,Tear=0,Early=72,Stale=0,Stale2/5/10/max=0/0/0/0,VSnc=1,Lat=1,Fov=0D,CPU4/GPU=5/3,1478/490MHz,OC=FF,TA=0/70/70,SP=N/F/F,Mem=2092MHz,Free=7091MB,PLS=0,Temp=25.7C/0.0C,TW=1.53ms,App=5.46ms,GD=0.66ms,CPU&GPU=10.19ms,LCnt=2(DR72,LM2),GPU%=0.58,CPU%=0.47(W0.52),DSF=1.00,CFL=15.65/19.57,ICFLp95=18.39,LD=0,SF=0.91,LP=0,DVFS=0
01-16 13:15:32.007  9662  9916 I VrApi   : FPS=72/72,Prd=46ms,Tear=0,Early=72,Stale=0,Stale2/5/10/max=0/0/0/0,VSnc=1,Lat=1,Fov=0D,CPU4/GPU=5/3,1478/490MHz,OC=FF,TA=0/70/70,SP=N/F/F,Mem=2092MHz,Free=7091MB,PLS=0,Temp=25.7C/0.0C,TW=1.54ms,App=5.77ms,GD=0.65ms,CPU&GPU=10.15ms,LCnt=2(DR72,LM2),GPU%=0.58,CPU%=0.36(W0.38),DSF=1.00,CFL=15.89/19.85,ICFLp95=18.50,LD=0,SF=0.91,LP=0,DVFS=0
01-16 13:15:33.007  9662  9916 I VrApi   : FPS=72/72,Prd=46ms,Tear=0,Early=72,Stale=0,Stale2/5/10/max=0/0/0/0,VSnc=1,Lat=1,Fov=0D,CPU4/GPU=5/3,1478/490MHz,OC=FF,TA=0/70/70,SP=N/F/F,Mem=2092MHz,Free=7091MB,PLS=0,Temp=25.7C/0.0C,TW=1.53ms,App=5.87ms,GD=0.66ms,CPU&GPU=10.14ms,LCnt=2(DR72,LM2),GPU%=0.61,CPU%=0.40(W0.50),DSF=1.00,CFL=15.60/19.41,ICFLp95=18.35,LD=0,SF=0.91,LP=0,DVFS=0
01-16 13:15:34.007  9662  9916 I VrApi   : FPS=72/72,Prd=46ms,Tear=0,Early=72,Stale=0,Stale2/5/10/max=0/0/0/0,VSnc=1,Lat=1,Fov=0D,CPU4/GPU=5/3,1478/490MHz,OC=FF,TA=0/70/70,SP=N/F/F,Mem=2092MHz,Free=7091MB,PLS=0,Temp=25.7C/0.0C,TW=1.52ms,App=5.76ms,GD=0.67ms,CPU&GPU=10.30ms,LCnt=2(DR72,LM2),GPU%=0.59,CPU%=0.38(W0.44),DSF=1.00,CFL=15.89/20.00,ICFLp95=18.45,LD=0,SF=0.91,LP=0,DVFS=0
01-16 13:15:35.007  9662  9916 I VrApi   : FPS=72/72,Prd=46ms,Tear=0,Early=72,Stale=0,Stale2/5/10/max=0/0/0/0,VSnc=1,Lat=1,Fov=0D,CPU4/GPU=5/3,1478/490MHz,OC=FF,TA=0/70/70,SP=N/F/F,Mem=2092MHz,Free=7091MB,PLS=0,Temp=25.7C/0.0C,TW=1.53ms,App=5.52ms,GD=0.65ms,CPU&GPU=10.29ms,LCnt=2(DR72,LM2),GPU%=0.59,CPU%=0.46(W0.48),DSF=1.00,CFL=15.81/19.43,ICFLp95=18.40,LD=0,SF=0.91,LP=0,DVFS=0
01-16 13:15:36.007  9662  9916 I VrApi   : FPS=72/72,Prd=46ms,Tear=0,Early=72,Stale=0,Stale2/5/10/max=0/0/0/0,VSnc=1,Lat=1,Fov=0D,CPU4/GPU=5/3,1478/490MHz,OC=FF,TA=0/70/70,SP=N/F/F,Mem=2092MHz,Free=7091MB,PLS=0,Temp=25.7C/0.0C,TW=1.56ms,App=5.63ms,GD=0.66ms,CPU&GPU=10.01ms,LCnt=2(DR72,LM2),GPU%=0.58,CPU%=0.39(W0.43),DSF=1.00,CFL=15.65/19.43,ICFLp95=18.38,LD=0,SF=0.91,LP=0,DVFS=0
01-16 13:15:37.007  9662  9916 I VrApi   : FPS=72/72,Prd=46ms,Tear=0,Early=72,Stale=0,Stale2/5/10/max=0/0/0/0,VSnc=1,Lat=1,Fov=0D,CPU4/GPU=5/3,1478/490MHz,OC=FF,TA=0/70/70,SP=N/F/F,Mem=2092MHz,Free=7091MB,PLS=0,Temp=25.7C/0.0C,TW=1.55ms,App=6.02ms,GD=0.64ms,CPU&GPU=10.27ms,LCnt=2(DR72,LM2),GPU%=0.56,CPU%=0.40(W0.42),DSF=1.00,CFL=15.79/20.01,ICFLp95=18.58,LD=0,SF=0.91,LP=0,DVFS=0
01-16 13:15:38.007  9662  9916 I VrApi   : FPS=66/72,Prd=44ms,Tear=0,Early=61,Stale=9,Stale2/5/10/max=1/0/0/4,VSnc=1,Lat=1,Fov=0D,CPU4/GPU=5/2,1862/441MHz,OC=FF,TA=0/70/70,SP=N/F/F,Mem=2092MHz,Free=7091MB,PLS=0,Temp=25.7C/0.0C,TW=1.65ms,App=0.95ms,GD=0.69ms,CPU&GPU=8.21ms,LCnt=2(DR72,LM2),GPU%=0.22,CPU%=0.57(W0.82),DSF=1.00,CFL=15.86/19.65,ICFLp95=18.51,LD=0,SF=0.91,LP=0,DVFS=0
01-16 13:15:39.007  9662  9916 I VrApi   : FPS=62/72,Prd=44ms,Tear=0,Early=59,Stale=14,Stale2/5/10/max=2/1/0/8,VSnc=1,Lat=1,Fov=0D,CPU4/GPU=5/5,1862/490MHz,OC=FF,TA=0/70/70,SP=N/F/F,Mem=2092MHz,Free=7091MB,PLS=0,Temp=25.7C/0.0C,TW=1.33ms,App=6.39ms,GD=0.62ms,CPU&GPU=13.22ms,LCnt=2(DR72,LM2),GPU%=0.64,CPU%=0.42(W0.48),DSF=1.00,CFL=15.83/20.48,ICFLp95=18.60,LD=0,SF=0.91,LP=0,DVFS=0
01-16 13:15:40.008  9662  9916 I VrApi   : FPS=72/72,Prd=46ms,Tear=0,Early=72,Stale=0,Stale2/5/10/max=0/0/0/0,VSnc=1,Lat=1,Fov=0D,CPU4/GPU=5/4,1478/587MHz,OC=FF,TA=0/70/70,SP=N/F/F,Mem=2092MHz,Free=7091MB,PLS=0,Temp=25.7C/0.0C,TW=1.47ms,App=7.47ms,GD=0.62ms,CPU&GPU=11.75ms,LCnt=2(DR72,LM2),GPU%=0.71,CPU%=0.42(W0.46),DSF=1.00,CFL=15.59/20.28,ICFLp95=18.52,LD=0,SF=0.91,LP=0,DVFS=0
01-16 13:15:41.008  9662  9916 I VrApi   : FPS=72/72,Prd=46ms,Tear=0,Early=72,Stale=0,Stale2/5/10/max=0/0/0/0,VSnc=1,Lat=1,Fov=0D,CPU4/GPU=5/3,1478/525MHz,OC=FF,TA=0/70/70,SP=N/F/F,Mem=2092MHz,Free=7091MB,PLS=0,Temp=25.7C/0.0C,TW=1.53ms,App=8.08ms,GD=0.64ms,CPU&GPU=12.58ms,LCnt=2(DR72,LM2),GPU%=0.76,CPU%=0.39(W0.45),DSF=1.00,CFL=15.87/19.88,ICFLp95=18.43,LD=0,SF=0.91,LP=0,DVFS=0
01-16 13:15:42.008  9662  9916 I VrApi   : FPS=72/72,Prd=46ms,Tear=0,Early=72,Stale=0,Stale2/5/10/max=0/0/0/0,VSnc=1,Lat=1,Fov=0D,CPU4/GPU=5/3,1478/490MHz,OC=FF,TA=0/70/70,SP=N/F/F,Mem=2092MHz,Free=7091MB,PLS=0,Temp=25.7C/0.0C,TW=1.53ms,App=8.46ms,GD=0.64ms,CPU&GPU=12.82ms,LCnt=2(DR72,LM2),GPU%=0.80,CPU%=0.37(W0.41),DSF=1.00,CFL=15.90/19.40,ICFLp95=18.32,LD=0,SF=0.91,LP=0,DVFS=0
01-16 13:15:43.008  9662  9916 I VrApi   : FPS=72/72,Prd=46ms,Tear=0,Early=50,Stale=0,Stale2/5/10/max=0/0/0/0,VSnc=1,Lat=1,Fov=0D,CPU4/GPU=5/5,1862/587MHz,OC=FF,TA=0/70/70,SP=N/F/F,Mem=2092MHz,Free=7091MB,PLS=0,Temp=25.7C/0.0C,TW=1.32ms,App=8.08ms,GD=0.60ms,CPU&GPU=14.00ms,LCnt=2(DR72,LM2),GPU%=0.76,CPU%=0.45(W0.46),DSF=1.00,CFL=15.65/19.70,ICFLp95=18.39,LD=0,SF=0.91,LP=0,DVFS=0
01-16 13:15:44.008  9662  9916 I VrApi   : FPS=72/72,Prd=46ms,Tear=0,Early=72,Stale=0,Stale2/5/10/max=0/0/0/0,VSnc=1,Lat=1,Fov=0D,CPU4/GPU=5/5,1478/587MHz,OC=FF,TA=0/70/70,SP=N/F/F,Mem=2092MHz,Free=7091MB,PLS=0,Temp=25.7C/0.0C,TW=1.32ms,App=7.75ms,GD=0.59ms,CPU&GPU=12.29ms,LCnt=2(DR72,LM2),GPU%=0.72,CPU%=0.49(W0.53),DSF=1.00,CFL=15.83/19.31,ICFLp95=18.28,LD=0,SF=0.91,LP=0,DVFS=0
01-16 13:15:45.008  9662  9916 I VrApi   : FPS=72/72,Prd=46ms,Tear=0,Early=71,Stale=0,Stale2/5/10/max=0/0/0/0,VSnc=1,Lat=1,Fov=0D,CPU4/GPU=5/5,1478/587MHz,OC=FF,TA=0/70/70,SP=N/F/F,Mem=2092MHz,Free=7091MB,PLS=0,Temp=25.7C/0.0C,TW=1.31ms,App=8.69ms,GD=0.61ms,CPU&GPU=13.14ms,LCnt=2(DR72,LM2),GPU%=0.78,CPU%=0.41(W0.46),DSF=1.00,CFL=15.64/19.53,ICFLp95=18.37,LD=0,SF=0.91,LP=0,DVFS=0
01-16 13:15:46.008  9662  9916 I VrApi   : FPS=72/72,Prd=46ms,Tear=0,Early=72,Stale=0,Stale2/5/10/max=0/0/0/0,VSnc=1,Lat=1,Fov=0D,CPU4/GPU=5/5,1478/587MHz,OC=FF,TA=0/70/70,SP=N/F/F,Mem=2092MHz,Free=7091MB,PLS=0,Temp=25.7C/0.0C,TW=1.32ms,App=6.90ms,GD=0.59ms,CPU&GPU=12.13ms,LCnt=2(DR72,LM2),GPU%=0.66,CPU%=0.45(W0.46),DSF=1.00,CFL=15.55/19.66,ICFLp95=18.26,LD=0,SF=0.91,LP=0,DVFS=0
01-16 13:15:47.008  9662  9916 I VrApi   : FPS=72/72,Prd=46ms,Tear=0,Early=72,Stale=0,Stale2/5/10/max=0/0/0/0,VSnc=1,Lat=1,Fov=0D,CPU4/GPU=5/4,1478/587MHz,OC=FF,TA=0/70/70,SP=N/F/F,Mem=1804MHz,Free=7091MB,PLS=0,Temp=25.7C/0.0C,TW=1.44ms,App=7.96ms,GD=0.62ms,CPU&GPU=11.97ms,LCnt=2(DR72,LM2),GPU%=0.74,CPU%=0.38(W0.50),DSF=1.00,CFL=15.67/19.19,ICFLp95=18.27,LD=0,SF=0.91,LP=0,DVFS=0
01-16 13:15:48.034  9662  9916 I VrApi   : FPS=72/72,Prd=46ms,Tear=0,Early=64,Stale=0,Stale2/5/10/max=0/0/0/0,VSnc=1,Lat=1,Fov=0D,CPU4/GPU=5/5,1478/525MHz,OC=FF,TA=0/70/70,SP=N/F/F,Mem=1804MHz,Free=7193MB,PLS=0,Temp=25.7C/0.0C,TW=1.31ms,App=9.12ms,GD=0.60ms,CPU&GPU=13.28ms,LCnt=2(DR72,LM2),GPU%=0.82,CPU%=0.38(W0.48),DSF=1.00,CFL=15.90/19.48,ICFLp95=18.45,LD=0,SF=0.91,LP=0,DVFS=0
01-16 13:15:49.008  9662  9916 I VrApi   : FPS=72/72,Prd=46ms,Tear=0,Early=68,Stale=0,Stale2/5/10/max=0/0/0/0,VSnc=1,Lat=1,Fov=0D,CPU4/GPU=5/5,1478/587MHz,OC=FF,TA=0/70/70,SP=N/F/F,Mem=2092MHz,Free=7193MB,PLS=0,Temp=25.7C/0.0C,TW=1.31ms,App=8.90ms,GD=0.60ms,CPU&GPU=13.61ms,LCnt=2(DR72,LM2),GPU%=0.80,CPU%=0.42(W0.45),DSF=1.00,CFL=15.56/20.04,ICFLp95=18.36,LD=0,SF=0.91,LP=0,DVFS=0
01-16 13:15:50.008  9662  9916 I VrApi   : FPS=72/72,Prd=46ms,Tear=0,Early=72,Stale=0,Stale2/5/10/max=0/0/0/0,VSnc=1,Lat=1,Fov=0D,CPU4/GPU=5/5,1478/587MHz,OC=FF,TA=0/70/70,SP=N/F/F,Mem=1804MHz,Free=7193MB,PLS=0,Temp=25.7C/0.0C,TW=1.31ms,App=8.02ms,GD=0.59ms,CPU&GPU=13.06ms,LCnt=2(DR72,LM2),GPU%=0.74,CPU%=0.36(W0.38),DSF=1.00,CFL=15.57/19.26,ICFLp95=18.22,LD=0,SF=0.91,LP=0,DVFS=0
01-16 13:15:51.008  9662  9916 I VrApi   : FPS=72/72,Prd=46ms,Tear=0,Early=72,Stale=0,Stale2/5/10/max=0/0/0/0,VSnc=1,Lat=1,Fov=0D,CPU4/GPU=5/5,1478/587MHz,OC=FF,TA=0/70/70,SP=N/F/F,Mem=1804MHz,Free=7193MB,PLS=0,Temp=25.7C/0.0C,TW=1.31ms,App=7.11ms,GD=0.59ms,CPU&GPU=12.33ms,LCnt=2(DR72,LM2),GPU%=0.68,CPU%=0.47(W0.48),DSF=1.00,CFL=15.48/19.27,ICFLp95=18.17,LD=0,SF=0.91,LP=0,DVFS=0
01-16 13:15:52.008  9662  9916 I VrApi   : FPS=72/72,Prd=46ms,Tear=0,Early=72,Stale=0,Stale2/5/10/max=0/0/0/0,VSnc=1,Lat=1,Fov=0D,CPU4/GPU=5/4,1478/587MHz,OC=FF,TA=0/70/70,SP=N/F/F,Mem=2092MHz,Free=7193MB,PLS=0,Temp=25.7C/0.0C,TW=1.44ms,App=7.91ms,GD=0.63ms,CPU&GPU=12.04ms,LCnt=2(DR72,LM2),GPU%=0.74,CPU%=0.45(W0.50),DSF=1.00,CFL=15.77/19.50,ICFLp95=18.34,LD=0,SF=0.91,LP=0,DVFS=0
01-16 13:15:53.008  9662  9916 I VrApi   : FPS=72/72,Prd=46ms,Tear=0,Early=72,Stale=0,Stale2/5/10/max=0/0/0/0,VSnc=1,Lat=1,Fov=0D,CPU4/GPU=5/4,1862/525MHz,OC=FF,TA=0/70/70,SP=N/F/F,Mem=2092MHz,Free=7193MB,PLS=0,Temp=25.7C/0.0C,TW=1.47ms,App=7.34ms,GD=0.61ms,CPU&GPU=12.50ms,LCnt=2(DR72,LM2),GPU%=0.69,CPU%=0.47(W0.48),DSF=1.00,CFL=15.79/19.63,ICFLp95=18.41,LD=0,SF=0.91,LP=0,DVFS=0
01-16 13:15:54.008  9662  9916 I VrApi   : FPS=72/72,Prd=46ms,Tear=0,Early=53,Stale=0,Stale2/5/10/max=0/0/0/0,VSnc=1,Lat=1,Fov=0D,CPU4/GPU=5/4,1478/525MHz,OC=FF,TA=0/70/70,SP=N/F/F,Mem=2092MHz,Free=7193MB,PLS=0,Temp=25.7C/0.0C,TW=1.47ms,App=9.42ms,GD=0.63ms,CPU&GPU=13.12ms,LCnt=2(DR72,LM2),GPU%=0.82,CPU%=0.46(W0.52),DSF=1.00,CFL=15.69/20.09,ICFLp95=18.36,LD=0,SF=0.91,LP=0,DVFS=0
01-16 13:15:55.008  9662  9916 I VrApi   : FPS=72/72,Prd=46ms,Tear=0,Early=63,Stale=0,Stale2/5/10/max=0/0/0/0,VSnc=1,Lat=1,Fov=0D,CPU4/GPU=5/4,1478/525MHz,OC=FF,TA=0/70/70,SP=N/F/F,Mem=2092MHz,Free=7193MB,PLS=0,Temp=25.7C/0.0C,TW=1.44ms,App=8.76ms,GD=0.63ms,CPU&GPU=13.49ms,LCnt=2(DR72,LM2),GPU%=0.81,CPU%=0.37(W0.41),DSF=1.00,CFL=15.72/19.35,ICFLp95=18.30,LD=0,SF=0.91,LP=0,DVFS=0
01-16 13:15:56.009  9662  9916 I VrApi   : FPS=72/72,Prd=46ms,Tear=0,Early=70,Stale=0,Stale2/5/10/max=0/0/0/0,VSnc=1,Lat=1,Fov=0D,CPU4/GPU=5/4,1478/525MHz,OC=FF,TA=0/70/70,SP=N/F/F,Mem=2092MHz,Free=7193MB,PLS=0,Temp=25.7C/0.0C,TW=1.48ms,App=8.95ms,GD=0.63ms,CPU&GPU=13.56ms,LCnt=2(DR72,LM2),GPU%=0.82,CPU%=0.44(W0.48),DSF=1.00,CFL=15.35/19.52,ICFLp95=18.51,LD=0,SF=0.91,LP=0,DVFS=0
01-16 13:15:57.009  9662  9916 I VrApi   : FPS=72/72,Prd=46ms,Tear=0,Early=67,Stale=0,Stale2/5/10/max=0/0/0/0,VSnc=1,Lat=1,Fov=0D,CPU4/GPU=5/4,1478/525MHz,OC=FF,TA=0/70/70,SP=N/F/F,Mem=2092MHz,Free=7193MB,PLS=0,Temp=25.7C/0.0C,TW=1.45ms,App=8.41ms,GD=0.62ms,CPU&GPU=13.35ms,LCnt=2(DR72,LM2),GPU%=0.78,CPU%=0.48(W0.54),DSF=1.00,CFL=15.70/19.86,ICFLp95=18.49,LD=0,SF=0.91,LP=0,DVFS=0
01-16 13:15:58.009  9662  9916 I VrApi   : FPS=72/72,Prd=46ms,Tear=0,Early=72,Stale=0,Stale2/5/10/max=0/0/0/0,VSnc=1,Lat=1,Fov=0D,CPU4/GPU=5/4,1478/525MHz,OC=FF,TA=0/70/70,SP=N/F/F,Mem=2092MHz,Free=7193MB,PLS=0,Temp=25.7C/0.0C,TW=1.45ms,App=8.03ms,GD=0.64ms,CPU&GPU=13.13ms,LCnt=2(DR72,LM2),GPU%=0.76,CPU%=0.46(W0.52),DSF=1.00,CFL=15.54/19.50,ICFLp95=18.42,LD=0,SF=0.91,LP=0,DVFS=0
01-16 13:15:59.009  9662  9916 I VrApi   : FPS=72/72,Prd=46ms,Tear=0,Early=72,Stale=0,Stale2/5/10/max=0/0/0/0,VSnc=1,Lat=1,Fov=0D,CPU4/GPU=5/3,1478/525MHz,OC=FF,TA=0/70/70,SP=N/F/F,Mem=2092MHz,Free=7193MB,PLS=0,Temp=25.7C/0.0C,TW=1.45ms,App=6.81ms,GD=0.63ms,CPU&GPU=12.30ms,LCnt=2(DR72,LM2),GPU%=0.71,CPU%=0.49(W0.54),DSF=1.00,CFL=15.61/19.56,ICFLp95=18.32,LD=0,SF=0.91,LP=0,DVFS=0
01-16 13:16:00.009  9662  9916 I VrApi   : FPS=72/72,Prd=46ms,Tear=0,Early=57,Stale=0,Stale2/5/10/max=0/0/0/0,VSnc=1,Lat=1,Fov=0D,CPU4/GPU=5/4,1478/490MHz,OC=FF,TA=0/70/70,SP=N/F/F,Mem=2092MHz,Free=7193MB,PLS=0,Temp=25.7C/0.0C,TW=1.44ms,App=9.10ms,GD=0.62ms,CPU&GPU=13.58ms,LCnt=2(DR72,LM2),GPU%=0.83,CPU%=0.44(W0.52),DSF=1.00,CFL=15.95/19.59,ICFLp95=18.30,LD=0,SF=0.91,LP=0,DVFS=0
01-16 13:16:01.009  9662  9916 I VrApi   : FPS=72/72,Prd=46ms,Tear=0,Early=67,Stale=0,Stale2/5/10/max=0/0/0/0,VSnc=1,Lat=1,Fov=0D,CPU4/GPU=5/4,1478/525MHz,OC=FF,TA=0/70/70,SP=N/F/F,Mem=2092MHz,Free=7193MB,PLS=0,Temp=25.7C/0.0C,TW=1.45ms,App=7.78ms,GD=0.62ms,CPU&GPU=13.65ms,LCnt=2(DR72,LM2),GPU%=0.73,CPU%=0.40(W0.48),DSF=1.00,CFL=15.81/19.48,ICFLp95=18.39,LD=0,SF=0.91,LP=0,DVFS=0
01-16 13:16:02.009  9662  9916 I VrApi   : FPS=72/72,Prd=46ms,Tear=0,Early=72,Stale=0,Stale2/5/10/max=0/0/0/0,VSnc=1,Lat=1,Fov=0D,CPU4/GPU=5/3,1478/525MHz,OC=FF,TA=0/70/70,SP=N/F/F,Mem=2092MHz,Free=7193MB,PLS=0,Temp=25.7C/0.0C,TW=1.46ms,App=5.69ms,GD=0.62ms,CPU&GPU=11.10ms,LCnt=2(DR72,LM2),GPU%=0.59,CPU%=0.36(W0.38),DSF=1.00,CFL=15.92/19.62,ICFLp95=18.41,LD=0,SF=0.91,LP=0,DVFS=0
01-16 13:16:03.009  9662  9916 I VrApi   : FPS=73/72,Prd=49ms,Tear=0,Early=72,Stale=0,Stale2/5/10/max=0/0/0/0,VSnc=1,Lat=1,Fov=0D,CPU4/GPU=5/3,1862/490MHz,OC=FF,TA=0/70/70,SP=N/F/F,Mem=2092MHz,Free=7193MB,PLS=0,Temp=25.7C/0.0C,TW=0.87ms,App=5.20ms,GD=0.00ms,CPU&GPU=10.04ms,LCnt=1(DR73,LM0),GPU%=0.46,CPU%=0.40(W0.54),DSF=1.00,CFL=13.76/27.63,ICFLp95=27.68,LD=0,SF=0.91,LP=0,DVFS=0
01-16 13:16:04.009  9662  9916 I VrApi   : FPS=72/72,Prd=51ms,Tear=0,Early=72,Stale=0,Stale2/5/10/max=0/0/0/0,VSnc=1,Lat=1,Fov=0D,CPU4/GPU=5/3,1478/490MHz,OC=FF,TA=0/70/70,SP=N/F/F,Mem=2092MHz,Free=7193MB,PLS=0,Temp=25.7C/0.0C,TW=0.80ms,App=4.91ms,GD=0.00ms,CPU&GPU=8.75ms,LCnt=1(DR72,LM0),GPU%=0.43,CPU%=0.38(W0.48),DSF=1.00,CFL=19.81/26.36,ICFLp95=24.81,LD=0,SF=0.91,LP=0,DVFS=0
01-16 13:16:05.009  9662  9916 I VrApi   : FPS=72/72,Prd=48ms,Tear=0,Early=72,Stale=0,Stale2/5/10/max=0/0/0/0,VSnc=1,Lat=1,Fov=0D,CPU4/GPU=5/3,1478/490MHz,OC=FF,TA=0/70/70,SP=N/F/F,Mem=2092MHz,Free=7193MB,PLS=0,Temp=25.7C/0.0C,TW=0.81ms,App=4.82ms,GD=0.00ms,CPU&GPU=8.48ms,LCnt=1(DR72,LM0),GPU%=0.43,CPU%=0.48(W0.54),DSF=1.00,CFL=17.60/22.60,ICFLp95=21.24,LD=0,SF=0.91,LP=0,DVFS=0
01-16 13:16:06.009  9662  9916 I VrApi   : FPS=72/72,Prd=47ms,Tear=0,Early=72,Stale=0,Stale2/5/10/max=0/0/0/0,VSnc=1,Lat=1,Fov=0D,CPU4/GPU=5/3,1478/490MHz,OC=FF,TA=0/70/70,SP=N/F/F,Mem=2092MHz,Free=7193MB,PLS=0,Temp=25.7C/0.0C,TW=0.83ms,App=4.84ms,GD=0.00ms,CPU&GPU=8.46ms,LCnt=1(DR72,LM0),GPU%=0.43,CPU%=0.44(W0.52),DSF=1.00,CFL=16.23/21.13,ICFLp95=19.61,LD=0,SF=0.91,LP=0,DVFS=0
01-16 13:16:07.009  9662  9916 I VrApi   : FPS=72/72,Prd=46ms,Tear=0,Early=72,Stale=0,Stale2/5/10/max=0/0/0/0,VSnc=1,Lat=1,Fov=0D,CPU4/GPU=5/3,1478/490MHz,OC=FF,TA=0/70/70,SP=N/F/F,Mem=2092MHz,Free=7193MB,PLS=0,Temp=25.7C/0.0C,TW=0.84ms,App=4.82ms,GD=0.00ms,CPU&GPU=8.54ms,LCnt=1(DR72,LM0),GPU%=0.43,CPU%=0.50(W0.56),DSF=1.00,CFL=16.04/20.19,ICFLp95=18.76,LD=0,SF=0.91,LP=0,DVFS=0
01-16 13:16:08.035  9662  9916 I VrApi   : FPS=72/72,Prd=46ms,Tear=0,Early=72,Stale=0,Stale2/5/10/max=0/0/0/0,VSnc=1,Lat=1,Fov=0D,CPU4/GPU=5/3,1478/490MHz,OC=FF,TA=0/70/70,SP=N/F/F,Mem=2092MHz,Free=7231MB,PLS=0,Temp=25.7C/0.0C,TW=0.84ms,App=4.81ms,GD=0.00ms,CPU&GPU=8.51ms,LCnt=1(DR72,LM0),GPU%=0.42,CPU%=0.43(W0.48),DSF=1.00,CFL=15.90/19.41,ICFLp95=18.40,LD=0,SF=0.91,LP=0,DVFS=0
01-16 13:16:09.009  9662  9916 I VrApi   : FPS=72/72,Prd=46ms,Tear=0,Early=72,Stale=0,Stale2/5/10/max=0/0/0/0,VSnc=1,Lat=1,Fov=0D,CPU4/GPU=5/3,1478/490MHz,OC=FF,TA=0/70/70,SP=N/F/F,Mem=2092MHz,Free=7231MB,PLS=0,Temp=25.7C/0.0C,TW=0.85ms,App=4.76ms,GD=0.00ms,CPU&GPU=8.49ms,LCnt=1(DR72,LM0),GPU%=0.42,CPU%=0.44(W0.50),DSF=1.00,CFL=15.59/19.60,ICFLp95=18.24,LD=0,SF=0.91,LP=0,DVFS=0
01-16 13:16:10.009  9662  9916 I VrApi   : FPS=72/72,Prd=46ms,Tear=0,Early=72,Stale=0,Stale2/5/10/max=0/0/0/0,VSnc=1,Lat=1,Fov=0D,CPU4/GPU=5/3,1478/490MHz,OC=FF,TA=0/70/70,SP=N/F/F,Mem=2092MHz,Free=7231MB,PLS=0,Temp=25.7C/0.0C,TW=0.84ms,App=4.59ms,GD=0.00ms,CPU&GPU=8.35ms,LCnt=1(DR72,LM0),GPU%=0.41,CPU%=0.43(W0.46),DSF=1.00,CFL=15.50/19.41,ICFLp95=18.16,LD=0,SF=0.91,LP=0,DVFS=0
01-16 13:16:11.010  9662  9916 I VrApi   : FPS=72/72,Prd=45ms,Tear=0,Early=72,Stale=0,Stale2/5/10/max=0/0/0/0,VSnc=1,Lat=1,Fov=0D,CPU4/GPU=5/3,1478/490MHz,OC=FF,TA=0/70/70,SP=N/F/F,Mem=2092MHz,Free=7231MB,PLS=0,Temp=25.7C/0.0C,TW=0.85ms,App=4.81ms,GD=0.00ms,CPU&GPU=8.41ms,LCnt=1(DR72,LM0),GPU%=0.43,CPU%=0.41(W0.43),DSF=1.00,CFL=15.35/19.06,ICFLp95=18.03,LD=0,SF=0.91,LP=0,DVFS=0
01-16 13:16:12.010  9662  9916 I VrApi   : FPS=72/72,Prd=46ms,Tear=0,Early=72,Stale=0,Stale2/5/10/max=0/0/0/0,VSnc=1,Lat=1,Fov=0D,CPU4/GPU=5/3,1478/490MHz,OC=FF,TA=0/70/70,SP=N/F/F,Mem=2092MHz,Free=7231MB,PLS=0,Temp=25.7C/0.0C,TW=0.86ms,App=4.87ms,GD=0.00ms,CPU&GPU=8.54ms,LCnt=1(DR72,LM0),GPU%=0.43,CPU%=0.45(W0.52),DSF=1.00,CFL=15.34/19.18,ICFLp95=17.97,LD=0,SF=0.91,LP=0,DVFS=0
01-16 13:16:13.010  9662  9916 I VrApi   : FPS=72/72,Prd=45ms,Tear=0,Early=72,Stale=0,Stale2/5/10/max=0/0/0/0,VSnc=1,Lat=1,Fov=0D,CPU4/GPU=5/3,1478/490MHz,OC=FF,TA=0/70/70,SP=N/F/F,Mem=2092MHz,Free=7231MB,PLS=0,Temp=25.7C/0.0C,TW=0.85ms,App=5.04ms,GD=0.00ms,CPU&GPU=8.62ms,LCnt=1(DR72,LM0),GPU%=0.44,CPU%=0.42(W0.46),DSF=1.00,CFL=15.35/19.20,ICFLp95=18.05,LD=0,SF=0.91,LP=0,DVFS=0
01-16 13:16:14.010  9662  9916 I VrApi   : FPS=72/72,Prd=45ms,Tear=0,Early=72,Stale=0,Stale2/5/10/max=0/0/0/0,VSnc=1,Lat=1,Fov=0D,CPU4/GPU=5/3,1478/490MHz,OC=FF,TA=0/70/70,SP=N/F/F,Mem=2092MHz,Free=7231MB,PLS=0,Temp=25.7C/0.0C,TW=0.82ms,App=4.86ms,GD=0.00ms,CPU&GPU=8.56ms,LCnt=1(DR72,LM0),GPU%=0.43,CPU%=0.37(W0.43),DSF=1.00,CFL=15.42/19.38,ICFLp95=18.12,LD=0,SF=0.91,LP=0,DVFS=0
01-16 13:16:15.010  9662  9916 I VrApi   : FPS=72/72,Prd=46ms,Tear=0,Early=72,Stale=0,Stale2/5/10/max=0/0/0/0,VSnc=1,Lat=1,Fov=0D,CPU4/GPU=5/3,1478/490MHz,OC=FF,TA=0/70/70,SP=N/F/F,Mem=2092MHz,Free=7231MB,PLS=0,Temp=25.7C/0.0C,TW=0.84ms,App=4.65ms,GD=0.00ms,CPU&GPU=8.54ms,LCnt=1(DR72,LM0),GPU%=0.42,CPU%=0.31(W0.41),DSF=1.00,CFL=15.38/19.55,ICFLp95=18.18,LD=0,SF=0.91,LP=0,DVFS=0
01-16 13:16:16.010  9662  9916 I VrApi   : FPS=72/72,Prd=46ms,Tear=0,Early=72,Stale=0,Stale2/5/10/max=0/0/0/0,VSnc=1,Lat=1,Fov=0D,CPU4/GPU=5/3,1478/490MHz,OC=FF,TA=0/70/70,SP=N/F/F,Mem=2092MHz,Free=7231MB,PLS=0,Temp=25.7C/0.0C,TW=0.83ms,App=4.88ms,GD=0.00ms,CPU&GPU=8.39ms,LCnt=1(DR72,LM0),GPU%=0.43,CPU%=0.37(W0.40),DSF=1.00,CFL=15.58/19.79,ICFLp95=18.15,LD=0,SF=0.91,LP=0,DVFS=0
01-16 13:16:17.010  9662  9916 I VrApi   : FPS=72/72,Prd=45ms,Tear=0,Early=72,Stale=0,Stale2/5/10/max=0/0/0/0,VSnc=1,Lat=1,Fov=0D,CPU4/GPU=5/3,1478/490MHz,OC=FF,TA=0/70/70,SP=N/F/F,Mem=2092MHz,Free=7231MB,PLS=0,Temp=25.7C/0.0C,TW=0.89ms,App=5.34ms,GD=0.00ms,CPU&GPU=8.57ms,LCnt=1(DR72,LM0),GPU%=0.46,CPU%=0.40(W0.43),DSF=1.00,CFL=15.42/19.12,ICFLp95=17.97,LD=0,SF=0.91,LP=0,DVFS=0
01-16 13:16:18.010  9662  9916 I VrApi   : FPS=72/72,Prd=46ms,Tear=0,Early=72,Stale=0,Stale2/5/10/max=0/0/0/0,VSnc=1,Lat=1,Fov=0D,CPU4/GPU=5/3,1478/490MHz,OC=FF,TA=0/70/70,SP=N/F/F,Mem=2092MHz,Free=7231MB,PLS=0,Temp=25.7C/0.0C,TW=0.87ms,App=6.71ms,GD=0.00ms,CPU&GPU=9.94ms,LCnt=1(DR72,LM0),GPU%=0.56,CPU%=0.39(W0.43),DSF=1.00,CFL=15.28/20.25,ICFLp95=18.12,LD=0,SF=0.91,LP=0,DVFS=0
01-16 13:16:19.010  9662  9916 I VrApi   : FPS=72/72,Prd=45ms,Tear=0,Early=72,Stale=0,Stale2/5/10/max=0/0/0/0,VSnc=1,Lat=1,Fov=0D,CPU4/GPU=5/3,1478/490MHz,OC=FF,TA=0/70/70,SP=N/F/F,Mem=2092MHz,Free=7231MB,PLS=0,Temp=25.7C/0.0C,TW=0.83ms,App=6.16ms,GD=0.00ms,CPU&GPU=10.20ms,LCnt=1(DR72,LM0),GPU%=0.52,CPU%=0.42(W0.44),DSF=1.00,CFL=15.46/19.29,ICFLp95=18.09,LD=0,SF=0.91,LP=0,DVFS=0
01-16 13:16:20.010  9662  9916 I VrApi   : FPS=72/72,Prd=46ms,Tear=0,Early=72,Stale=0,Stale2/5/10/max=0/0/0/0,VSnc=1,Lat=1,Fov=0D,CPU4/GPU=5/3,1478/490MHz,OC=FF,TA=0/70/70,SP=N/F/F,Mem=2092MHz,Free=7231MB,PLS=0,Temp=25.7C/0.0C,TW=0.86ms,App=5.46ms,GD=0.00ms,CPU&GPU=9.17ms,LCnt=1(DR72,LM0),GPU%=0.49,CPU%=0.44(W0.50),DSF=1.00,CFL=15.32/19.16,ICFLp95=18.12,LD=0,SF=0.91,LP=0,DVFS=0
01-16 13:16:21.010  9662  9916 I VrApi   : FPS=72/72,Prd=46ms,Tear=0,Early=72,Stale=0,Stale2/5/10/max=0/0/0/0,VSnc=1,Lat=1,Fov=0D,CPU4/GPU=5/3,1478/490MHz,OC=FF,TA=0/70/70,SP=N/F/F,Mem=2092MHz,Free=7231MB,PLS=0,Temp=25.7C/0.0C,TW=0.87ms,App=5.81ms,GD=0.00ms,CPU&GPU=9.39ms,LCnt=1(DR72,LM0),GPU%=0.50,CPU%=0.43(W0.44),DSF=1.00,CFL=15.39/19.17,ICFLp95=18.01,LD=0,SF=0.91,LP=0,DVFS=0
01-16 13:16:22.010  9662  9916 I VrApi   : FPS=72/72,Prd=46ms,Tear=0,Early=72,Stale=0,Stale2/5/10/max=0/0/0/0,VSnc=1,Lat=1,Fov=0D,CPU4/GPU=5/3,1478/490MHz,OC=FF,TA=0/70/70,SP=N/F/F,Mem=2092MHz,Free=7231MB,PLS=0,Temp=25.7C/0.0C,TW=0.86ms,App=5.60ms,GD=0.00ms,CPU&GPU=9.81ms,LCnt=1(DR72,LM0),GPU%=0.50,CPU%=0.40(W0.42),DSF=1.00,CFL=15.26/19.25,ICFLp95=18.01,LD=0,SF=0.91,LP=0,DVFS=0
01-16 13:16:23.010  9662  9916 I VrApi   : FPS=72/72,Prd=45ms,Tear=0,Early=72,Stale=0,Stale2/5/10/max=0/0/0/0,VSnc=1,Lat=1,Fov=0D,CPU4/GPU=5/3,1478/490MHz,OC=FF,TA=0/70/70,SP=N/F/F,Mem=2092MHz,Free=7231MB,PLS=0,Temp=25.7C/0.0C,TW=0.86ms,App=5.57ms,GD=0.00ms,CPU&GPU=9.20ms,LCnt=1(DR72,LM0),GPU%=0.49,CPU%=0.49(W0.56),DSF=1.00,CFL=15.37/18.85,ICFLp95=18.00,LD=0,SF=0.91,LP=0,DVFS=0
01-16 13:16:24.010  9662  9916 I VrApi   : FPS=72/72,Prd=45ms,Tear=0,Early=72,Stale=0,Stale2/5/10/max=0/0/0/0,VSnc=1,Lat=1,Fov=0D,CPU4/GPU=5/3,1478/490MHz,OC=FF,TA=0/70/70,SP=N/F/F,Mem=2092MHz,Free=7231MB,PLS=0,Temp=25.7C/0.0C,TW=0.84ms,App=5.47ms,GD=0.00ms,CPU&GPU=9.20ms,LCnt=1(DR72,LM0),GPU%=0.47,CPU%=0.35(W0.38),DSF=1.00,CFL=15.47/19.18,ICFLp95=18.13,LD=0,SF=0.91,LP=0,DVFS=0
01-16 13:16:25.010  9662  9916 I VrApi   : FPS=72/72,Prd=46ms,Tear=0,Early=72,Stale=0,Stale2/5/10/max=0/0/0/0,VSnc=1,Lat=1,Fov=0D,CPU4/GPU=5/3,1478/490MHz,OC=FF,TA=0/70/70,SP=N/F/F,Mem=2092MHz,Free=7231MB,PLS=0,Temp=25.7C/0.0C,TW=0.87ms,App=5.22ms,GD=0.00ms,CPU&GPU=8.98ms,LCnt=1(DR72,LM0),GPU%=0.46,CPU%=0.39(W0.41),DSF=1.00,CFL=15.63/19.25,ICFLp95=18.04,LD=0,SF=0.91,LP=0,DVFS=0
01-16 13:16:26.011  9662  9916 I VrApi   : FPS=72/72,Prd=46ms,Tear=0,Early=72,Stale=0,Stale2/5/10/max=0/0/0/0,VSnc=1,Lat=1,Fov=0D,CPU4/GPU=5/3,1478/490MHz,OC=FF,TA=0/70/70,SP=N/F/F,Mem=2092MHz,Free=7231MB,PLS=0,Temp=25.7C/0.0C,TW=0.87ms,App=5.11ms,GD=0.00ms,CPU&GPU=8.92ms,LCnt=1(DR72,LM0),GPU%=0.45,CPU%=0.42(W0.48),DSF=1.00,CFL=15.66/19.27,ICFLp95=18.05,LD=0,SF=0.91,LP=0,DVFS=0
01-16 13:16:27.011  9662  9916 I VrApi   : FPS=72/72,Prd=46ms,Tear=0,Early=72,Stale=0,Stale2/5/10/max=0/0/0/0,VSnc=1,Lat=1,Fov=0D,CPU4/GPU=5/3,1478/490MHz,OC=FF,TA=0/70/70,SP=N/F/F,Mem=2092MHz,Free=7231MB,PLS=0,Temp=25.7C/0.0C,TW=0.86ms,App=5.09ms,GD=0.00ms,CPU&GPU=8.93ms,LCnt=1(DR72,LM0),GPU%=0.45,CPU%=0.40(W0.42),DSF=1.00,CFL=15.44/19.29,ICFLp95=18.15,LD=0,SF=0.91,LP=0,DVFS=0
01-16 13:16:28.036  9662  9916 I VrApi   : FPS=72/72,Prd=45ms,Tear=0,Early=72,Stale=0,Stale2/5/10/max=0/0/0/0,VSnc=1,Lat=1,Fov=0D,CPU4/GPU=5/3,1478/490MHz,OC=FF,TA=0/70/70,SP=N/F/F,Mem=2092MHz,Free=7229MB,PLS=0,Temp=25.7C/0.0C,TW=0.87ms,App=6.04ms,GD=0.00ms,CPU&GPU=9.29ms,LCnt=1(DR72,LM0),GPU%=0.52,CPU%=0.38(W0.43),DSF=1.00,CFL=15.31/19.05,ICFLp95=18.03,LD=0,SF=0.91,LP=0,DVFS=0
01-16 13:16:29.011  9662  9916 I VrApi   : FPS=72/72,Prd=45ms,Tear=0,Early=72,Stale=0,Stale2/5/10/max=0/0/0/0,VSnc=1,Lat=1,Fov=0D,CPU4/GPU=5/3,1478/490MHz,OC=FF,TA=0/70/70,SP=N/F/F,Mem=2092MHz,Free=7229MB,PLS=0,Temp=25.7C/0.0C,TW=0.86ms,App=6.87ms,GD=0.00ms,CPU&GPU=9.74ms,LCnt=1(DR72,LM0),GPU%=0.57,CPU%=0.48(W0.57),DSF=1.00,CFL=15.32/19.18,ICFLp95=18.04,LD=0,SF=0.91,LP=0,DVFS=0
01-16 13:16:30.011  9662  9916 I VrApi   : FPS=72/72,Prd=46ms,Tear=0,Early=72,Stale=0,Stale2/5/10/max=0/0/0/0,VSnc=1,Lat=1,Fov=0D,CPU4/GPU=5/3,1478/490MHz,OC=FF,TA=0/70/70,SP=N/F/F,Mem=2092MHz,Free=7229MB,PLS=0,Temp=25.7C/0.0C,TW=0.85ms,App=6.48ms,GD=0.00ms,CPU&GPU=10.59ms,LCnt=1(DR72,LM0),GPU%=0.55,CPU%=0.41(W0.43),DSF=1.00,CFL=15.35/19.25,ICFLp95=18.09,LD=0,SF=0.91,LP=0,DVFS=0
01-16 13:16:31.011  9662  9916 I VrApi   : FPS=72/72,Prd=45ms,Tear=0,Early=72,Stale=0,Stale2/5/10/max=0/0/0/0,VSnc=1,Lat=1,Fov=0D,CPU4/GPU=5/3,1478/490MHz,OC=FF,TA=0/70/70,SP=N/F/F,Mem=2092MHz,Free=7229MB,PLS=0,Temp=25.7C/0.0C,TW=0.86ms,App=5.98ms,GD=0.00ms,CPU&GPU=9.58ms,LCnt=1(DR72,LM0),GPU%=0.51,CPU%=0.40(W0.43),DSF=1.00,CFL=15.37/19.21,ICFLp95=17.99,LD=0,SF=0.91,LP=0,DVFS=0
01-16 13:16:32.011  9662  9916 I VrApi   : FPS=72/72,Prd=46ms,Tear=0,Early=72,Stale=0,Stale2/5/10/max=0/0/0/0,VSnc=1,Lat=1,Fov=0D,CPU4/GPU=5/3,1478/490MHz,OC=FF,TA=0/70/70,SP=N/F/F,Mem=2092MHz,Free=7229MB,PLS=0,Temp=25.7C/0.0C,TW=0.86ms,App=6.06ms,GD=0.00ms,CPU&GPU=9.68ms,LCnt=1(DR72,LM0),GPU%=0.52,CPU%=0.44(W0.52),DSF=1.00,CFL=15.56/19.17,ICFLp95=18.09,LD=0,SF=0.91,LP=0,DVFS=0
01-16 13:16:33.011  9662  9916 I VrApi   : FPS=72/72,Prd=45ms,Tear=0,Early=72,Stale=0,Stale2/5/10/max=0/0/0/0,VSnc=1,Lat=1,Fov=0D,CPU4/GPU=5/3,1478/490MHz,OC=FF,TA=0/70/70,SP=N/F/F,Mem=2092MHz,Free=7229MB,PLS=0,Temp=25.7C/0.0C,TW=0.88ms,App=6.02ms,GD=0.00ms,CPU&GPU=9.55ms,LCnt=1(DR72,LM0),GPU%=0.51,CPU%=0.43(W0.48),DSF=1.00,CFL=15.45/19.10,ICFLp95=18.04,LD=0,SF=0.91,LP=0,DVFS=0
01-16 13:16:34.011  9662  9916 I VrApi   : FPS=72/72,Prd=46ms,Tear=0,Early=72,Stale=0,Stale2/5/10/max=0/0/0/0,VSnc=1,Lat=1,Fov=0D,CPU4/GPU=5/3,1478/490MHz,OC=FF,TA=0/70/70,SP=N/F/F,Mem=2092MHz,Free=7229MB,PLS=0,Temp=25.7C/0.0C,TW=0.85ms,App=5.49ms,GD=0.00ms,CPU&GPU=9.58ms,LCnt=1(DR72,LM0),GPU%=0.48,CPU%=0.46(W0.52),DSF=1.00,CFL=15.27/19.22,ICFLp95=18.17,LD=0,SF=0.91,LP=0,DVFS=0
01-16 13:16:35.011  9662  9916 I VrApi   : FPS=72/72,Prd=45ms,Tear=0,Early=72,Stale=0,Stale2/5/10/max=0/0/0/0,VSnc=1,Lat=1,Fov=0D,CPU4/GPU=5/3,1478/490MHz,OC=FF,TA=0/70/70,SP=N/F/F,Mem=2092MHz,Free=7229MB,PLS=0,Temp=25.7C/0.0C,TW=0.87ms,App=5.78ms,GD=0.00ms,CPU&GPU=9.25ms,LCnt=1(DR72,LM0),GPU%=0.50,CPU%=0.46(W0.50),DSF=1.00,CFL=15.45/18.98,ICFLp95=18.02,LD=0,SF=0.91,LP=0,DVFS=0
01-16 13:16:36.011  9662  9916 I VrApi   : FPS=72/72,Prd=45ms,Tear=0,Early=72,Stale=0,Stale2/5/10/max=0/0/0/0,VSnc=1,Lat=1,Fov=0D,CPU4/GPU=5/3,1478/490MHz,OC=FF,TA=0/70/70,SP=N/F/F,Mem=2092MHz,Free=7229MB,PLS=0,Temp=25.7C/0.0C,TW=0.82ms,App=5.14ms,GD=0.00ms,CPU&GPU=9.30ms,LCnt=1(DR72,LM0),GPU%=0.46,CPU%=0.47(W0.48),DSF=1.00,CFL=15.34/19.15,ICFLp95=18.11,LD=0,SF=0.91,LP=0,DVFS=0
01-16 13:16:37.011  9662  9916 I VrApi   : FPS=72/72,Prd=46ms,Tear=0,Early=72,Stale=0,Stale2/5/10/max=0/0/0/0,VSnc=1,Lat=1,Fov=0D,CPU4/GPU=5/3,1478/490MHz,OC=FF,TA=0/70/70,SP=N/F/F,Mem=2092MHz,Free=7229MB,PLS=0,Temp=25.7C/0.0C,TW=0.83ms,App=5.08ms,GD=0.00ms,CPU&GPU=8.62ms,LCnt=1(DR72,LM0),GPU%=0.44,CPU%=0.41(W0.54),DSF=1.00,CFL=15.40/19.96,ICFLp95=18.17,LD=0,SF=0.91,LP=0,DVFS=0
01-16 13:16:38.011  9662  9916 I VrApi   : FPS=72/72,Prd=46ms,Tear=0,Early=72,Stale=0,Stale2/5/10/max=0/0/0/0,VSnc=1,Lat=1,Fov=0D,CPU4/GPU=5/3,1478/490MHz,OC=FF,TA=0/70/70,SP=N/F/F,Mem=2092MHz,Free=7229MB,PLS=0,Temp=25.7C/0.0C,TW=0.82ms,App=5.03ms,GD=0.00ms,CPU&GPU=8.68ms,LCnt=1(DR72,LM0),GPU%=0.45,CPU%=0.36(W0.38),DSF=1.00,CFL=15.39/19.24,ICFLp95=18.14,LD=0,SF=0.91,LP=0,DVFS=0
01-16 13:16:39.011  9662  9916 I VrApi   : FPS=72/72,Prd=45ms,Tear=0,Early=72,Stale=0,Stale2/5/10/max=0/0/0/0,VSnc=1,Lat=1,Fov=0D,CPU4/GPU=5/3,1478/490MHz,OC=FF,TA=0/70/70,SP=N/F/F,Mem=2092MHz,Free=7229MB,PLS=0,Temp=25.7C/0.0C,TW=0.83ms,App=5.02ms,GD=0.00ms,CPU&GPU=8.70ms,LCnt=1(DR72,LM0),GPU%=0.44,CPU%=0.40(W0.46),DSF=1.00,CFL=15.39/19.37,ICFLp95=18.04,LD=0,SF=0.91,LP=0,DVFS=0
01-16 13:16:40.011  9662  9916 I VrApi   : FPS=72/72,Prd=46ms,Tear=0,Early=72,Stale=0,Stale2/5/10/max=0/0/0/0,VSnc=1,Lat=1,Fov=0D,CPU4/GPU=5/3,1478/490MHz,OC=FF,TA=0/70/70,SP=N/F/F,Mem=2092MHz,Free=7229MB,PLS=0,Temp=25.7C/0.0C,TW=0.82ms,App=4.97ms,GD=0.00ms,CPU&GPU=8.64ms,LCnt=1(DR72,LM0),GPU%=0.44,CPU%=0.42(W0.50),DSF=1.00,CFL=15.73/20.02,ICFLp95=18.13,LD=0,SF=0.91,LP=0,DVFS=0
01-16 13:16:41.012  9662  9916 I VrApi   : FPS=72/72,Prd=46ms,Tear=0,Early=72,Stale=0,Stale2/5/10/max=0/0/0/0,VSnc=1,Lat=1,Fov=0D,CPU4/GPU=5/3,1478/490MHz,OC=FF,TA=0/70/70,SP=N/F/F,Mem=2092MHz,Free=7229MB,PLS=0,Temp=25.7C/0.0C,TW=0.83ms,App=4.95ms,GD=0.00ms,CPU&GPU=8.62ms,LCnt=1(DR72,LM0),GPU%=0.43,CPU%=0.37(W0.41),DSF=1.00,CFL=15.38/19.17,ICFLp95=18.05,LD=0,SF=0.91,LP=0,DVFS=0
01-16 13:16:42.012  9662  9916 I VrApi   : FPS=72/72,Prd=45ms,Tear=0,Early=72,Stale=0,Stale2/5/10/max=0/0/0/0,VSnc=1,Lat=1,Fov=0D,CPU4/GPU=5/3,1478/490MHz,OC=FF,TA=0/70/70,SP=N/F/F,Mem=2092MHz,Free=7229MB,PLS=0,Temp=25.7C/0.0C,TW=0.83ms,App=4.99ms,GD=0.00ms,CPU&GPU=8.63ms,LCnt=1(DR72,LM0),GPU%=0.44,CPU%=0.36(W0.43),DSF=1.00,CFL=15.55/18.92,ICFLp95=17.90,LD=0,SF=0.91,LP=0,DVFS=0
01-16 13:16:43.012  9662  9916 I VrApi   : FPS=72/72,Prd=45ms,Tear=0,Early=72,Stale=0,Stale2/5/10/max=0/0/0/0,VSnc=1,Lat=1,Fov=0D,CPU4/GPU=5/3,1478/490MHz,OC=FF,TA=0/70/70,SP=N/F/F,Mem=2092MHz,Free=7229MB,PLS=0,Temp=25.7C/0.0C,TW=0.83ms,App=5.05ms,GD=0.00ms,CPU&GPU=8.66ms,LCnt=1(DR72,LM0),GPU%=0.45,CPU%=0.37(W0.46),DSF=1.00,CFL=15.32/19.12,ICFLp95=18.07,LD=0,SF=0.91,LP=0,DVFS=0
01-16 13:16:44.012  9662  9916 I VrApi   : FPS=72/72,Prd=46ms,Tear=0,Early=72,Stale=0,Stale2/5/10/max=0/0/0/0,VSnc=1,Lat=1,Fov=0D,CPU4/GPU=5/3,1478/490MHz,OC=FF,TA=0/70/70,SP=N/F/F,Mem=2092MHz,Free=7229MB,PLS=0,Temp=25.7C/0.0C,TW=0.84ms,App=5.04ms,GD=0.00ms,CPU&GPU=8.75ms,LCnt=1(DR72,LM0),GPU%=0.45,CPU%=0.39(W0.43),DSF=1.00,CFL=15.60/19.13,ICFLp95=18.01,LD=0,SF=0.91,LP=0,DVFS=0
01-16 13:16:45.012  9662  9916 I VrApi   : FPS=72/72,Prd=45ms,Tear=0,Early=72,Stale=0,Stale2/5/10/max=0/0/0/0,VSnc=1,Lat=1,Fov=0D,CPU4/GPU=5/3,1478/490MHz,OC=FF,TA=0/70/70,SP=N/F/F,Mem=2092MHz,Free=7229MB,PLS=0,Temp=25.7C/0.0C,TW=0.83ms,App=4.96ms,GD=0.00ms,CPU&GPU=8.68ms,LCnt=1(DR72,LM0),GPU%=0.43,CPU%=0.36(W0.50),DSF=1.00,CFL=15.47/19.14,ICFLp95=18.01,LD=0,SF=0.91,LP=0,DVFS=0
01-16 13:16:46.012  9662  9916 I VrApi   : FPS=72/72,Prd=45ms,Tear=0,Early=72,Stale=0,Stale2/5/10/max=0/0/0/0,VSnc=1,Lat=1,Fov=0D,CPU4/GPU=5/3,1478/490MHz,OC=FF,TA=0/70/70,SP=N/F/F,Mem=2092MHz,Free=7229MB,PLS=0,Temp=25.7C/0.0C,TW=0.84ms,App=4.89ms,GD=0.00ms,CPU&GPU=8.57ms,LCnt=1(DR72,LM0),GPU%=0.43,CPU%=0.40(W0.43),DSF=1.00,CFL=15.21/19.59,ICFLp95=18.14,LD=0,SF=0.91,LP=0,DVFS=0
01-16 13:16:47.012  9662  9916 I VrApi   : FPS=72/72,Prd=46ms,Tear=0,Early=72,Stale=0,Stale2/5/10/max=0/0/0/0,VSnc=1,Lat=1,Fov=0D,CPU4/GPU=5/3,1478/490MHz,OC=FF,TA=0/70/70,SP=N/F/F,Mem=2092MHz,Free=7229MB,PLS=0,Temp=25.7C/0.0C,TW=0.83ms,App=5.00ms,GD=0.00ms,CPU&GPU=8.66ms,LCnt=1(DR72,LM0),GPU%=0.44,CPU%=0.48(W0.56),DSF=1.00,CFL=15.33/19.43,ICFLp95=18.07,LD=0,SF=0.91,LP=0,DVFS=0
01-16 13:16:48.037  9662  9916 I VrApi   : FPS=72/72,Prd=45ms,Tear=0,Early=72,Stale=0,Stale2/5/10/max=0/0/0/0,VSnc=1,Lat=1,Fov=0D,CPU4/GPU=5/3,1478/490MHz,OC=FF,TA=0/70/70,SP=N/F/F,Mem=2092MHz,Free=7214MB,PLS=0,Temp=25.7C/0.0C,TW=0.84ms,App=5.04ms,GD=0.00ms,CPU&GPU=8.67ms,LCnt=1(DR72,LM0),GPU%=0.45,CPU%=0.41(W0.44),DSF=1.00,CFL=15.41/19.05,ICFLp95=18.01,LD=0,SF=0.91,LP=0,DVFS=0
01-16 13:16:49.012  9662  9916 I VrApi   : FPS=72/72,Prd=45ms,Tear=0,Early=72,Stale=0,Stale2/5/10/max=0/0/0/0,VSnc=1,Lat=1,Fov=0D,CPU4/GPU=5/3,1478/490MHz,OC=FF,TA=0/70/70,SP=N/F/F,Mem=2092MHz,Free=7214MB,PLS=0,Temp=25.7C/0.0C,TW=0.84ms,App=5.14ms,GD=0.00ms,CPU&GPU=8.81ms,LCnt=1(DR72,LM0),GPU%=0.45,CPU%=0.43(W0.46),DSF=1.00,CFL=15.53/19.07,ICFLp95=18.11,LD=0,SF=0.91,LP=0,DVFS=0
01-16 13:16:50.012  9662  9916 I VrApi   : FPS=72/72,Prd=46ms,Tear=0,Early=72,Stale=0,Stale2/5/10/max=0/0/0/0,VSnc=1,Lat=1,Fov=0D,CPU4/GPU=5/3,1478/490MHz,OC=FF,TA=0/70/70,SP=N/F/F,Mem=2092MHz,Free=7214MB,PLS=0,Temp=25.7C/0.0C,TW=0.84ms,App=5.22ms,GD=0.00ms,CPU&GPU=8.82ms,LCnt=1(DR72,LM0),GPU%=0.45,CPU%=0.35(W0.45),DSF=1.00,CFL=15.43/19.61,ICFLp95=18.15,LD=0,SF=0.91,LP=0,DVFS=0
01-16 13:16:51.012  9662  9916 I VrApi   : FPS=72/72,Prd=46ms,Tear=0,Early=72,Stale=0,Stale2/5/10/max=0/0/0/0,VSnc=1,Lat=1,Fov=0D,CPU4/GPU=5/3,1478/490MHz,OC=FF,TA=0/70/70,SP=N/F/F,Mem=2092MHz,Free=7214MB,PLS=0,Temp=25.7C/0.0C,TW=0.85ms,App=6.76ms,GD=0.00ms,CPU&GPU=9.65ms,LCnt=1(DR72,LM0),GPU%=0.58,CPU%=0.38(W0.41),DSF=1.00,CFL=15.62/18.99,ICFLp95=18.06,LD=0,SF=0.91,LP=0,DVFS=0
01-16 13:16:52.012  9662  9916 I VrApi   : FPS=72/72,Prd=46ms,Tear=0,Early=72,Stale=0,Stale2/5/10/max=0/0/0/0,VSnc=1,Lat=1,Fov=0D,CPU4/GPU=5/3,1478/490MHz,OC=FF,TA=0/70/70,SP=N/F/F,Mem=2092MHz,Free=7214MB,PLS=0,Temp=25.7C/0.0C,TW=0.85ms,App=7.53ms,GD=0.00ms,CPU&GPU=11.24ms,LCnt=1(DR72,LM0),GPU%=0.63,CPU%=0.37(W0.45),DSF=1.00,CFL=15.32/19.82,ICFLp95=18.19,LD=0,SF=0.91,LP=0,DVFS=0
01-16 13:16:53.012  9662  9916 I VrApi   : FPS=72/72,Prd=46ms,Tear=0,Early=43,Stale=0,Stale2/5/10/max=0/0/0/0,VSnc=1,Lat=1,Fov=1D,CPU4/GPU=5/4,1478/490MHz,OC=FF,TA=0/70/70,SP=N/F/F,Mem=2092MHz,Free=7214MB,PLS=0,Temp=25.7C/0.0C,TW=0.81ms,App=10.15ms,GD=0.00ms,CPU&GPU=13.93ms,LCnt=1(DR72,LM0),GPU%=0.80,CPU%=0.45(W0.48),DSF=1.00,CFL=15.34/19.56,ICFLp95=18.21,LD=0,SF=0.91,LP=0,DVFS=0
01-16 13:16:54.012  9662  9916 I VrApi   : FPS=72/72,Prd=46ms,Tear=0,Early=69,Stale=0,Stale2/5/10/max=0/0/0/0,VSnc=1,Lat=1,Fov=0D,CPU4/GPU=5/4,1478/587MHz,OC=FF,TA=0/70/70,SP=N/F/F,Mem=2092MHz,Free=7214MB,PLS=0,Temp=25.7C/0.0C,TW=0.78ms,App=6.51ms,GD=0.00ms,CPU&GPU=11.75ms,LCnt=1(DR72,LM0),GPU%=0.57,CPU%=0.47(W0.52),DSF=1.00,CFL=15.62/20.12,ICFLp95=18.44,LD=0,SF=0.91,LP=0,DVFS=0
01-16 13:16:55.013  9662  9916 I VrApi   : FPS=72/72,Prd=46ms,Tear=0,Early=72,Stale=0,Stale2/5/10/max=0/0/0/0,VSnc=1,Lat=1,Fov=0D,CPU4/GPU=5/4,1478/525MHz,OC=FF,TA=0/70/70,SP=N/F/F,Mem=2092MHz,Free=7214MB,PLS=0,Temp=25.7C/0.0C,TW=0.85ms,App=7.11ms,GD=0.00ms,CPU&GPU=10.75ms,LCnt=1(DR72,LM0),GPU%=0.59,CPU%=0.44(W0.48),DSF=1.00,CFL=15.49/19.34,ICFLp95=18.22,LD=0,SF=0.91,LP=0,DVFS=0
01-16 13:16:56.013  9662  9916 I VrApi   : FPS=72/72,Prd=46ms,Tear=0,Early=72,Stale=0,Stale2/5/10/max=0/0/0/0,VSnc=1,Lat=1,Fov=0D,CPU4/GPU=5/4,1478/525MHz,OC=FF,TA=0/70/70,SP=N/F/F,Mem=2092MHz,Free=7214MB,PLS=0,Temp=25.7C/0.0C,TW=0.83ms,App=6.78ms,GD=0.00ms,CPU&GPU=10.42ms,LCnt=1(DR72,LM0),GPU%=0.57,CPU%=0.42(W0.50),DSF=1.00,CFL=15.39/18.87,ICFLp95=18.00,LD=0,SF=0.91,LP=0,DVFS=0
01-16 13:16:57.013  9662  9916 I VrApi   : FPS=72/72,Prd=45ms,Tear=0,Early=72,Stale=0,Stale2/5/10/max=0/0/0/0,VSnc=1,Lat=1,Fov=0D,CPU4/GPU=5/4,1478/525MHz,OC=FF,TA=0/70/70,SP=N/F/F,Mem=2092MHz,Free=7214MB,PLS=0,Temp=25.7C/0.0C,TW=0.86ms,App=8.00ms,GD=0.00ms,CPU&GPU=11.39ms,LCnt=1(DR72,LM0),GPU%=0.65,CPU%=0.45(W0.48),DSF=1.00,CFL=15.36/18.88,ICFLp95=17.90,LD=0,SF=0.91,LP=0,DVFS=0
01-16 13:16:58.013  9662  9916 I VrApi   : FPS=72/72,Prd=46ms,Tear=0,Early=72,Stale=0,Stale2/5/10/max=0/0/0/0,VSnc=1,Lat=1,Fov=0D,CPU4/GPU=5/3,1478/525MHz,OC=FF,TA=0/70/70,SP=N/F/F,Mem=2092MHz,Free=7214MB,PLS=0,Temp=25.7C/0.0C,TW=0.85ms,App=8.60ms,GD=0.00ms,CPU&GPU=12.01ms,LCnt=1(DR72,LM0),GPU%=0.70,CPU%=0.42(W0.46),DSF=1.00,CFL=15.37/19.70,ICFLp95=18.17,LD=0,SF=0.91,LP=0,DVFS=0
01-16 13:16:59.013  9662  9916 I VrApi   : FPS=72/72,Prd=46ms,Tear=0,Early=71,Stale=0,Stale2/5/10/max=0/0/0/0,VSnc=1,Lat=1,Fov=0D,CPU4/GPU=5/3,1574/490MHz,OC=FF,TA=0/70/70,SP=N/F/F,Mem=2092MHz,Free=7214MB,PLS=0,Temp=25.7C/0.0C,TW=0.85ms,App=9.34ms,GD=0.00ms,CPU&GPU=13.03ms,LCnt=1(DR72,LM0),GPU%=0.75,CPU%=0.40(W0.50),DSF=1.00,CFL=15.55/19.65,ICFLp95=18.22,LD=0,SF=0.91,LP=0,DVFS=0
01-16 13:17:00.013  9662  9916 I VrApi   : FPS=72/72,Prd=46ms,Tear=0,Early=72,Stale=0,Stale2/5/10/max=0/0/0/0,VSnc=1,Lat=1,Fov=0D,CPU4/GPU=5/3,1478/490MHz,OC=FF,TA=0/70/70,SP=N/F/F,Mem=2092MHz,Free=7214MB,PLS=0,Temp=25.7C/0.0C,TW=0.86ms,App=7.18ms,GD=0.00ms,CPU&GPU=11.47ms,LCnt=1(DR72,LM0),GPU%=0.61,CPU%=0.39(W0.42),DSF=1.00,CFL=15.41/18.93,ICFLp95=17.98,LD=0,SF=0.91,LP=0,DVFS=0
01-16 13:17:01.013  9662  9916 I VrApi   : FPS=72/72,Prd=45ms,Tear=0,Early=72,Stale=0,Stale2/5/10/max=0/0/0/0,VSnc=1,Lat=1,Fov=0D,CPU4/GPU=5/3,1478/490MHz,OC=FF,TA=0/70/70,SP=N/F/F,Mem=2092MHz,Free=7214MB,PLS=0,Temp=25.7C/0.0C,TW=0.87ms,App=8.39ms,GD=0.00ms,CPU&GPU=11.62ms,LCnt=1(DR72,LM0),GPU%=0.69,CPU%=0.40(W0.50),DSF=1.00,CFL=15.42/18.95,ICFLp95=17.94,LD=0,SF=0.91,LP=0,DVFS=0
01-16 13:17:02.013  9662  9916 I VrApi   : FPS=72/72,Prd=45ms,Tear=0,Early=72,Stale=0,Stale2/5/10/max=0/0/0/0,VSnc=1,Lat=1,Fov=0D,CPU4/GPU=5/3,1478/490MHz,OC=FF,TA=0/70/70,SP=N/F/F,Mem=2092MHz,Free=7214MB,PLS=0,Temp=26.0C/0.0C,TW=0.90ms,App=7.88ms,GD=0.00ms,CPU&GPU=11.98ms,LCnt=1(DR72,LM0),GPU%=0.65,CPU%=0.40(W0.45),DSF=1.00,CFL=15.17/18.97,ICFLp95=17.97,LD=0,SF=0.91,LP=0,DVFS=0
01-16 13:17:03.013  9662  9916 I VrApi   : FPS=72/72,Prd=47ms,Tear=0,Early=71,Stale=0,Stale2/5/10/max=0/0/0/0,VSnc=1,Lat=1,Fov=0D,CPU4/GPU=5/3,1478/490MHz,OC=FF,TA=0/70/70,SP=N/F/F,Mem=2092MHz,Free=7214MB,PLS=0,Temp=26.0C/0.0C,TW=0.91ms,App=7.75ms,GD=0.00ms,CPU&GPU=11.86ms,LCnt=1(DR72,LM0),GPU%=0.65,CPU%=0.45(W0.46),DSF=1.00,CFL=15.15/20.91,ICFLp95=20.23,LD=0,SF=0.91,LP=0,DVFS=0
01-16 13:17:04.013  9662  9916 I VrApi   : FPS=72/72,Prd=46ms,Tear=0,Early=46,Stale=0,Stale2/5/10/max=0/0/0/0,VSnc=1,Lat=1,Fov=0D,CPU4/GPU=5/5,1478/490MHz,OC=FF,TA=0/70/70,SP=N/F/F,Mem=2092MHz,Free=7214MB,PLS=0,Temp=26.0C/0.0C,TW=1.35ms,App=9.58ms,GD=0.66ms,CPU&GPU=13.44ms,LCnt=2(DR72,LM2),GPU%=0.85,CPU%=0.52(W0.54),DSF=1.00,CFL=15.86/20.75,ICFLp95=19.11,LD=0,SF=0.91,LP=0,DVFS=0
01-16 13:17:05.013  9662  9916 I VrApi   : FPS=72/72,Prd=46ms,Tear=0,Early=41,Stale=0,Stale2/5/10/max=0/0/0/0,VSnc=1,Lat=1,Fov=0D,CPU4/GPU=5/5,1478/587MHz,OC=FF,TA=0/70/70,SP=N/F/F,Mem=2092MHz,Free=7214MB,PLS=0,Temp=26.0C/0.0C,TW=1.35ms,App=8.61ms,GD=0.63ms,CPU&GPU=13.90ms,LCnt=2(DR72,LM2),GPU%=0.78,CPU%=0.44(W0.45),DSF=1.00,CFL=15.66/19.50,ICFLp95=18.40,LD=0,SF=0.91,LP=0,DVFS=0
01-16 13:17:06.013  9662  9916 I VrApi   : FPS=72/72,Prd=46ms,Tear=0,Early=72,Stale=0,Stale2/5/10/max=0/0/0/0,VSnc=1,Lat=1,Fov=0D,CPU4/GPU=5/5,1478/587MHz,OC=FF,TA=0/70/70,SP=N/F/F,Mem=2092MHz,Free=7214MB,PLS=0,Temp=26.0C/0.0C,TW=1.35ms,App=8.03ms,GD=0.59ms,CPU&GPU=12.89ms,LCnt=2(DR72,LM2),GPU%=0.74,CPU%=0.41(W0.42),DSF=1.00,CFL=15.89/19.78,ICFLp95=18.39,LD=0,SF=0.91,LP=0,DVFS=0
01-16 13:17:07.013  9662  9916 I VrApi   : FPS=72/72,Prd=46ms,Tear=0,Early=34,Stale=0,Stale2/5/10/max=0/0/0/0,VSnc=1,Lat=1,Fov=1D,CPU4/GPU=5/5,1478/587MHz,OC=FF,TA=0/70/70,SP=N/F/F,Mem=2092MHz,Free=7214MB,PLS=0,Temp=26.0C/0.0C,TW=1.31ms,App=9.42ms,GD=0.63ms,CPU&GPU=14.48ms,LCnt=2(DR72,LM2),GPU%=0.84,CPU%=0.44(W0.50),DSF=1.00,CFL=15.59/19.54,ICFLp95=18.29,LD=0,SF=0.91,LP=0,DVFS=0
01-16 13:17:08.037  9662  9916 I VrApi   : FPS=72/72,Prd=46ms,Tear=0,Early=46,Stale=0,Stale2/5/10/max=0/0/0/0,VSnc=1,Lat=1,Fov=1D,CPU4/GPU=5/5,1478/587MHz,OC=FF,TA=0/70/70,SP=N/F/F,Mem=2092MHz,Free=7233MB,PLS=0,Temp=26.0C/0.0C,TW=1.32ms,App=9.33ms,GD=0.64ms,CPU&GPU=13.81ms,LCnt=2(DR72,LM2),GPU%=0.83,CPU%=0.38(W0.39),DSF=1.00,CFL=15.60/19.14,ICFLp95=18.32,LD=0,SF=0.91,LP=0,DVFS=0
01-16 13:17:09.014  9662  9916 I VrApi   : FPS=72/72,Prd=46ms,Tear=0,Early=34,Stale=0,Stale2/5/10/max=0/0/0/0,VSnc=1,Lat=1,Fov=1D,CPU4/GPU=5/5,1478/587MHz,OC=FF,TA=0/70/70,SP=N/F/F,Mem=2092MHz,Free=7233MB,PLS=0,Temp=26.0C/0.0C,TW=1.31ms,App=9.82ms,GD=0.61ms,CPU&GPU=14.27ms,LCnt=2(DR72,LM2),GPU%=0.86,CPU%=0.50(W0.52),DSF=1.00,CFL=15.61/19.26,ICFLp95=18.26,LD=0,SF=0.91,LP=0,DVFS=0
01-16 13:17:10.014  9662  9916 I VrApi   : FPS=72/72,Prd=46ms,Tear=0,Early=45,Stale=0,Stale2/5/10/max=0/0/0/0,VSnc=1,Lat=1,Fov=1D,CPU4/GPU=5/5,1478/587MHz,OC=FF,TA=0/70/70,SP=N/F/F,Mem=2092MHz,Free=7233MB,PLS=0,Temp=26.0C/0.0C,TW=1.32ms,App=7.28ms,GD=0.60ms,CPU&GPU=13.28ms,LCnt=2(DR72,LM2),GPU%=0.68,CPU%=0.43(W0.48),DSF=1.00,CFL=15.96/19.45,ICFLp95=18.28,LD=0,SF=0.91,LP=0,DVFS=0
01-16 13:17:11.014  9662  9916 I VrApi   : FPS=72/72,Prd=46ms,Tear=0,Early=71,Stale=0,Stale2/5/10/max=0/0/0/0,VSnc=1,Lat=1,Fov=0D,CPU4/GPU=5/5,1478/587MHz,OC=FF,TA=0/70/70,SP=N/F/F,Mem=2092MHz,Free=7233MB,PLS=0,Temp=26.0C/0.0C,TW=1.34ms,App=7.92ms,GD=0.59ms,CPU&GPU=11.86ms,LCnt=2(DR72,LM2),GPU%=0.73,CPU%=0.41(W0.48),DSF=1.00,CFL=15.66/21.16,ICFLp95=18.53,LD=0,SF=0.91,LP=0,DVFS=0
01-16 13:17:12.014  9662  9916 I VrApi   : FPS=72/72,Prd=46ms,Tear=0,Early=40,Stale=0,Stale2/5/10/max=0/0/0/0,VSnc=1,Lat=1,Fov=1D,CPU4/GPU=5/5,1478/587MHz,OC=FF,TA=0/70/70,SP=N/F/F,Mem=2092MHz,Free=7233MB,PLS=0,Temp=26.0C/0.0C,TW=1.34ms,App=8.66ms,GD=0.63ms,CPU&GPU=13.53ms,LCnt=2(DR72,LM2),GPU%=0.78,CPU%=0.49(W0.50),DSF=1.00,CFL=15.47/19.32,ICFLp95=18.37,LD=0,SF=0.91,LP=0,DVFS=0
01-16 13:17:13.014  9662  9916 I VrApi   : FPS=72/72,Prd=46ms,Tear=0,Early=36,Stale=0,Stale2/5/10/max=0/0/0/0,VSnc=1,Lat=1,Fov=1D,CPU4/GPU=5/5,1478/587MHz,OC=FF,TA=0/70/70,SP=N/F/F,Mem=2092MHz,Free=7233MB,PLS=0,Temp=26.0C/0.0C,TW=1.33ms,App=9.02ms,GD=0.61ms,CPU&GPU=13.88ms,LCnt=2(DR72,LM2),GPU%=0.82,CPU%=0.49(W0.57),DSF=1.00,CFL=15.64/19.65,ICFLp95=18.31,LD=0,SF=0.91,LP=0,DVFS=0
01-16 13:17:14.014  9662  9916 I VrApi   : FPS=72/72,Prd=46ms,Tear=0,Early=36,Stale=0,Stale2/5/10/max=0/0/0/0,VSnc=1,Lat=1,Fov=2D,CPU4/GPU=5/5,1478/587MHz,OC=FF,TA=0/70/70,SP=N/F/F,Mem=2092MHz,Free=7233MB,PLS=0,Temp=26.0C/0.0C,TW=1.33ms,App=9.14ms,GD=0.63ms,CPU&GPU=14.53ms,LCnt=2(DR72,LM2),GPU%=0.83,CPU%=0.46(W0.48),DSF=1.00,CFL=15.71/19.66,ICFLp95=18.39,LD=0,SF=0.91,LP=0,DVFS=0
01-16 13:17:15.014  9662  9916 I VrApi   : FPS=72/72,Prd=46ms,Tear=0,Early=36,Stale=0,Stale2/5/10/max=0/0/0/0,VSnc=1,Lat=1,Fov=2D,CPU4/GPU=5/5,1478/587MHz,OC=FF,TA=0/70/70,SP=N/F/F,Mem=2092MHz,Free=7233MB,PLS=0,Temp=26.0C/0.0C,TW=1.31ms,App=9.34ms,GD=0.61ms,CPU&GPU=14.37ms,LCnt=2(DR72,LM2),GPU%=0.84,CPU%=0.45(W0.48),DSF=1.00,CFL=15.82/19.57,ICFLp95=18.37,LD=0,SF=0.91,LP=0,DVFS=0
01-16 13:17:16.014  9662  9916 I VrApi   : FPS=72/72,Prd=46ms,Tear=0,Early=36,Stale=0,Stale2/5/10/max=0/0/0/0,VSnc=1,Lat=1,Fov=2D,CPU4/GPU=5/5,1478/587MHz,OC=FF,TA=0/70/70,SP=N/F/F,Mem=2092MHz,Free=7233MB,PLS=0,Temp=26.0C/0.0C,TW=1.32ms,App=9.13ms,GD=0.66ms,CPU&GPU=14.71ms,LCnt=2(DR72,LM2),GPU%=0.83,CPU%=0.45(W0.50),DSF=1.00,CFL=15.90/20.02,ICFLp95=18.82,LD=0,SF=0.91,LP=0,DVFS=0
01-16 13:17:17.014  9662  9916 I VrApi   : FPS=72/72,Prd=47ms,Tear=0,Early=37,Stale=0,Stale2/5/10/max=0/0/0/0,VSnc=1,Lat=1,Fov=2D,CPU4/GPU=5/5,1478/587MHz,OC=FF,TA=0/70/70,SP=N/F/F,Mem=2092MHz,Free=7233MB,PLS=0,Temp=26.0C/0.0C,TW=1.32ms,App=8.96ms,GD=0.66ms,CPU&GPU=13.95ms,LCnt=2(DR72,LM2),GPU%=0.81,CPU%=0.43(W0.46),DSF=1.00,CFL=16.19/21.21,ICFLp95=19.03,LD=0,SF=0.91,LP=0,DVFS=0
01-16 13:17:18.014  9662  9916 I VrApi   : FPS=72/72,Prd=46ms,Tear=0,Early=39,Stale=0,Stale2/5/10/max=0/0/0/0,VSnc=1,Lat=1,Fov=1D,CPU4/GPU=5/5,1478/587MHz,OC=FF,TA=0/70/70,SP=N/F/F,Mem=2092MHz,Free=7233MB,PLS=0,Temp=26.0C/0.0C,TW=1.32ms,App=8.88ms,GD=0.62ms,CPU&GPU=13.88ms,LCnt=2(DR72,LM2),GPU%=0.81,CPU%=0.42(W0.48),DSF=1.00,CFL=15.94/20.15,ICFLp95=18.76,LD=0,SF=0.91,LP=0,DVFS=0
01-16 13:17:19.014  9662  9916 I VrApi   : FPS=72/72,Prd=46ms,Tear=0,Early=42,Stale=0,Stale2/5/10/max=0/0/0/0,VSnc=1,Lat=1,Fov=1D,CPU4/GPU=5/5,1478/587MHz,OC=FF,TA=0/70/70,SP=N/F/F,Mem=2092MHz,Free=7233MB,PLS=0,Temp=26.0C/0.0C,TW=1.31ms,App=8.86ms,GD=0.62ms,CPU&GPU=13.77ms,LCnt=2(DR72,LM2),GPU%=0.80,CPU%=0.37(W0.45),DSF=1.00,CFL=15.73/19.70,ICFLp95=18.50,LD=0,SF=0.91,LP=0,DVFS=0
01-16 13:17:20.014  9662  9916 I VrApi   : FPS=72/72,Prd=46ms,Tear=0,Early=49,Stale=0,Stale2/5/10/max=0/0/0/0,VSnc=1,Lat=1,Fov=1D,CPU4/GPU=5/5,1478/587MHz,OC=FF,TA=0/70/70,SP=N/F/F,Mem=2092MHz,Free=7233MB,PLS=0,Temp=26.0C/0.0C,TW=1.32ms,App=8.84ms,GD=0.59ms,CPU&GPU=13.60ms,LCnt=2(DR72,LM2),GPU%=0.79,CPU%=0.42(W0.44),DSF=1.00,CFL=15.75/19.29,ICFLp95=18.26,LD=0,SF=0.91,LP=0,DVFS=0
01-16 13:17:21.014  9662  9916 I VrApi   : FPS=72/72,Prd=46ms,Tear=0,Early=61,Stale=0,Stale2/5/10/max=0/0/0/0,VSnc=1,Lat=1,Fov=1D,CPU4/GPU=5/5,1478/587MHz,OC=FF,TA=0/70/70,SP=N/F/F,Mem=2092MHz,Free=7233MB,PLS=0,Temp=26.0C/0.0C,TW=1.32ms,App=8.73ms,GD=0.60ms,CPU&GPU=13.48ms,LCnt=2(DR72,LM2),GPU%=0.79,CPU%=0.40(W0.50),DSF=1.00,CFL=15.57/19.40,ICFLp95=18.26,LD=0,SF=0.91,LP=0,DVFS=0
01-16 13:17:22.014  9662  9916 I VrApi   : FPS=72/72,Prd=46ms,Tear=0,Early=70,Stale=0,Stale2/5/10/max=0/0/0/0,VSnc=1,Lat=1,Fov=1D,CPU4/GPU=5/5,1478/587MHz,OC=FF,TA=0/70/70,SP=N/F/F,Mem=2092MHz,Free=7233MB,PLS=0,Temp=26.0C/0.0C,TW=1.32ms,App=8.55ms,GD=0.61ms,CPU&GPU=13.18ms,LCnt=2(DR72,LM2),GPU%=0.78,CPU%=0.45(W0.48),DSF=1.00,CFL=15.64/19.49,ICFLp95=18.19,LD=0,SF=0.91,LP=0,DVFS=0
01-16 13:17:23.015  9662  9916 I VrApi   : FPS=72/72,Prd=46ms,Tear=0,Early=64,Stale=0,Stale2/5/10/max=0/0/0/0,VSnc=1,Lat=1,Fov=1D,CPU4/GPU=5/5,1478/587MHz,OC=FF,TA=0/70/70,SP=N/F/F,Mem=2092MHz,Free=7233MB,PLS=0,Temp=26.0C/0.0C,TW=1.34ms,App=8.49ms,GD=0.63ms,CPU&GPU=13.31ms,LCnt=2(DR72,LM2),GPU%=0.77,CPU%=0.43(W0.48),DSF=1.00,CFL=15.70/19.65,ICFLp95=18.36,LD=0,SF=0.91,LP=0,DVFS=0
01-16 13:17:24.015  9662  9916 I VrApi   : FPS=72/72,Prd=46ms,Tear=0,Early=67,Stale=0,Stale2/5/10/max=0/0/0/0,VSnc=1,Lat=1,Fov=2D,CPU4/GPU=5/5,1478/587MHz,OC=FF,TA=0/70/70,SP=N/F/F,Mem=2092MHz,Free=7233MB,PLS=0,Temp=26.0C/0.0C,TW=1.33ms,App=7.55ms,GD=0.62ms,CPU&GPU=12.81ms,LCnt=2(DR72,LM2),GPU%=0.71,CPU%=0.49(W0.57),DSF=1.00,CFL=15.67/19.67,ICFLp95=18.44,LD=0,SF=0.91,LP=0,DVFS=0
01-16 13:17:25.015  9662  9916 I VrApi   : FPS=72/72,Prd=46ms,Tear=0,Early=72,Stale=0,Stale2/5/10/max=0/0/0/0,VSnc=1,Lat=1,Fov=2D,CPU4/GPU=5/5,1478/587MHz,OC=FF,TA=0/70/70,SP=N/F/F,Mem=2092MHz,Free=7233MB,PLS=0,Temp=26.0C/0.0C,TW=1.31ms,App=6.43ms,GD=0.64ms,CPU&GPU=12.08ms,LCnt=2(DR72,LM2),GPU%=0.63,CPU%=0.43(W0.50),DSF=1.00,CFL=15.69/19.46,ICFLp95=18.39,LD=0,SF=0.91,LP=0,DVFS=0
01-16 13:17:26.015  9662  9916 I VrApi   : FPS=72/72,Prd=46ms,Tear=0,Early=72,Stale=0,Stale2/5/10/max=0/0/0/0,VSnc=1,Lat=1,Fov=1D,CPU4/GPU=5/5,1478/587MHz,OC=FF,TA=0/70/70,SP=N/F/F,Mem=2092MHz,Free=7233MB,PLS=0,Temp=26.0C/0.0C,TW=1.35ms,App=6.94ms,GD=0.61ms,CPU&GPU=11.47ms,LCnt=2(DR72,LM2),GPU%=0.66,CPU%=0.48(W0.54),DSF=1.00,CFL=15.76/20.01,ICFLp95=18.35,LD=0,SF=0.91,LP=0,DVFS=0
01-16 13:17:27.015  9662  9916 I VrApi   : FPS=72/72,Prd=46ms,Tear=0,Early=71,Stale=0,Stale2/5/10/max=0/0/0/0,VSnc=1,Lat=1,Fov=0D,CPU4/GPU=5/5,1478/587MHz,OC=FF,TA=0/70/70,SP=N/F/F,Mem=2092MHz,Free=7233MB,PLS=0,Temp=26.0C/0.0C,TW=1.33ms,App=7.82ms,GD=0.61ms,CPU&GPU=12.46ms,LCnt=2(DR72,LM2),GPU%=0.72,CPU%=0.47(W0.52),DSF=1.00,CFL=15.77/19.49,ICFLp95=18.31,LD=0,SF=0.91,LP=0,DVFS=0
01-16 13:17:28.039  9662  9916 I VrApi   : FPS=72/72,Prd=46ms,Tear=0,Early=54,Stale=0,Stale2/5/10/max=0/0/0/0,VSnc=1,Lat=1,Fov=0D,CPU4/GPU=5/5,1478/587MHz,OC=FF,TA=0/70/70,SP=N/F/F,Mem=2092MHz,Free=7196MB,PLS=0,Temp=26.0C/0.0C,TW=1.35ms,App=8.50ms,GD=0.62ms,CPU&GPU=13.23ms,LCnt=2(DR72,LM2),GPU%=0.77,CPU%=0.41(W0.43),DSF=1.00,CFL=15.72/19.25,ICFLp95=18.20,LD=0,SF=0.91,LP=0,DVFS=0
01-16 13:17:29.015  9662  9916 I VrApi   : FPS=72/72,Prd=46ms,Tear=0,Early=71,Stale=0,Stale2/5/10/max=0/0/0/0,VSnc=1,Lat=1,Fov=0D,CPU4/GPU=5/5,1478/587MHz,OC=FF,TA=0/70/70,SP=N/F/F,Mem=2092MHz,Free=7196MB,PLS=0,Temp=26.0C/0.0C,TW=1.35ms,App=7.37ms,GD=0.61ms,CPU&GPU=12.21ms,LCnt=2(DR72,LM2),GPU%=0.69,CPU%=0.44(W0.50),DSF=1.00,CFL=15.63/19.41,ICFLp95=18.23,LD=0,SF=0.91,LP=0,DVFS=0
01-16 13:17:30.015  9662  9916 I VrApi   : FPS=72/72,Prd=46ms,Tear=0,Early=47,Stale=0,Stale2/5/10/max=0/0/0/0,VSnc=1,Lat=1,Fov=0D,CPU4/GPU=5/5,1478/587MHz,OC=FF,TA=0/70/70,SP=N/F/F,Mem=2092MHz,Free=7196MB,PLS=0,Temp=26.0C/0.0C,TW=1.34ms,App=8.34ms,GD=0.62ms,CPU&GPU=13.97ms,LCnt=2(DR72,LM2),GPU%=0.74,CPU%=0.44(W0.46),DSF=1.00,CFL=15.64/20.23,ICFLp95=18.34,LD=0,SF=0.91,LP=0,DVFS=0
01-16 13:17:31.015  9662  9916 I VrApi   : FPS=72/72,Prd=46ms,Tear=0,Early=71,Stale=0,Stale2/5/10/max=0/0/0/0,VSnc=1,Lat=1,Fov=0D,CPU4/GPU=5/5,1478/587MHz,OC=FF,TA=0/70/70,SP=N/F/F,Mem=2092MHz,Free=7196MB,PLS=0,Temp=26.0C/0.0C,TW=1.34ms,App=7.72ms,GD=0.59ms,CPU&GPU=12.34ms,LCnt=2(DR72,LM2),GPU%=0.71,CPU%=0.42(W0.46),DSF=1.00,CFL=15.61/20.09,ICFLp95=18.37,LD=0,SF=0.91,LP=0,DVFS=0
01-16 13:17:32.015  9662  9916 I VrApi   : FPS=72/72,Prd=46ms,Tear=0,Early=71,Stale=0,Stale2/5/10/max=0/0/0/0,VSnc=1,Lat=1,Fov=0D,CPU4/GPU=5/5,1478/587MHz,OC=FF,TA=0/70/70,SP=N/F/F,Mem=2092MHz,Free=7196MB,PLS=0,Temp=26.2C/0.0C,TW=1.34ms,App=8.46ms,GD=0.61ms,CPU&GPU=13.01ms,LCnt=2(DR72,LM2),GPU%=0.76,CPU%=0.43(W0.46),DSF=1.00,CFL=15.52/19.14,ICFLp95=18.09,LD=0,SF=0.91,LP=0,DVFS=0
01-16 13:17:33.015  9662  9916 I VrApi   : FPS=72/72,Prd=46ms,Tear=0,Early=71,Stale=0,Stale2/5/10/max=0/0/0/0,VSnc=1,Lat=1,Fov=0D,CPU4/GPU=5/5,1478/587MHz,OC=FF,TA=0/70/70,SP=N/F/F,Mem=2092MHz,Free=7196MB,PLS=0,Temp=26.2C/0.0C,TW=1.33ms,App=8.55ms,GD=0.60ms,CPU&GPU=13.25ms,LCnt=2(DR72,LM2),GPU%=0.77,CPU%=0.45(W0.46),DSF=1.00,CFL=15.69/20.23,ICFLp95=18.44,LD=0,SF=0.91,LP=0,DVFS=0
01-16 13:17:34.015  9662  9916 I VrApi   : FPS=72/72,Prd=46ms,Tear=0,Early=70,Stale=0,Stale2/5/10/max=0/0/0/0,VSnc=1,Lat=1,Fov=0D,CPU4/GPU=5/5,1478/587MHz,OC=FF,TA=0/70/70,SP=N/F/F,Mem=2092MHz,Free=7196MB,PLS=0,Temp=26.2C/0.0C,TW=1.35ms,App=8.56ms,GD=0.59ms,CPU&GPU=13.24ms,LCnt=2(DR72,LM2),GPU%=0.77,CPU%=0.43(W0.50),DSF=1.00,CFL=15.83/19.82,ICFLp95=18.38,LD=0,SF=0.91,LP=0,DVFS=0
01-16 13:17:35.015  9662  9916 I VrApi   : FPS=72/72,Prd=46ms,Tear=0,Early=71,Stale=0,Stale2/5/10/max=0/0/0/0,VSnc=1,Lat=1,Fov=0D,CPU4/GPU=5/5,1478/587MHz,OC=FF,TA=0/70/70,SP=N/F/F,Mem=2092MHz,Free=7196MB,PLS=0,Temp=26.2C/0.0C,TW=1.35ms,App=8.56ms,GD=0.60ms,CPU&GPU=13.22ms,LCnt=2(DR72,LM2),GPU%=0.77,CPU%=0.45(W0.46),DSF=1.00,CFL=15.53/20.32,ICFLp95=18.27,LD=0,SF=0.91,LP=0,DVFS=0
01-16 13:17:36.015  9662  9916 I VrApi   : FPS=72/72,Prd=46ms,Tear=0,Early=71,Stale=0,Stale2/5/10/max=0/0/0/0,VSnc=1,Lat=1,Fov=0D,CPU4/GPU=5/5,1478/587MHz,OC=FF,TA=0/70/70,SP=N/F/F,Mem=2092MHz,Free=7196MB,PLS=0,Temp=26.2C/0.0C,TW=1.35ms,App=8.59ms,GD=0.61ms,CPU&GPU=13.29ms,LCnt=2(DR72,LM2),GPU%=0.78,CPU%=0.40(W0.43),DSF=1.00,CFL=15.70/19.38,ICFLp95=18.30,LD=0,SF=0.91,LP=0,DVFS=0
01-16 13:17:37.015  9662  9916 I VrApi   : FPS=72/72,Prd=46ms,Tear=0,Early=71,Stale=0,Stale2/5/10/max=0/0/0/0,VSnc=1,Lat=1,Fov=0D,CPU4/GPU=5/5,1478/587MHz,OC=FF,TA=0/70/70,SP=N/F/F,Mem=2092MHz,Free=7196MB,PLS=0,Temp=26.2C/0.0C,TW=1.35ms,App=8.64ms,GD=0.59ms,CPU&GPU=13.33ms,LCnt=2(DR72,LM2),GPU%=0.78,CPU%=0.42(W0.46),DSF=1.00,CFL=15.29/19.39,ICFLp95=18.17,LD=0,SF=0.91,LP=0,DVFS=0
01-16 13:17:38.016  9662  9916 I VrApi   : FPS=72/72,Prd=46ms,Tear=0,Early=70,Stale=0,Stale2/5/10/max=0/0/0/0,VSnc=1,Lat=1,Fov=0D,CPU4/GPU=5/5,1478/587MHz,OC=FF,TA=0/70/70,SP=N/F/F,Mem=2092MHz,Free=7196MB,PLS=0,Temp=26.2C/0.0C,TW=1.34ms,App=8.71ms,GD=0.62ms,CPU&GPU=13.34ms,LCnt=2(DR72,LM2),GPU%=0.79,CPU%=0.47(W0.50),DSF=1.00,CFL=15.64/19.26,ICFLp95=18.18,LD=0,SF=0.91,LP=0,DVFS=0
01-16 13:17:39.016  9662  9916 I VrApi   : FPS=72/72,Prd=46ms,Tear=0,Early=71,Stale=0,Stale2/5/10/max=0/0/0/0,VSnc=1,Lat=1,Fov=0D,CPU4/GPU=5/5,1478/587MHz,OC=FF,TA=0/70/70,SP=N/F/F,Mem=2092MHz,Free=7196MB,PLS=0,Temp=26.2C/0.0C,TW=1.34ms,App=8.72ms,GD=0.61ms,CPU&GPU=13.40ms,LCnt=2(DR72,LM2),GPU%=0.78,CPU%=0.42(W0.46),DSF=1.00,CFL=15.74/19.60,ICFLp95=18.29,LD=0,SF=0.91,LP=0,DVFS=0
01-16 13:17:40.016  9662  9916 I VrApi   : FPS=72/72,Prd=46ms,Tear=0,Early=71,Stale=0,Stale2/5/10/max=0/0/0/0,VSnc=1,Lat=1,Fov=0D,CPU4/GPU=5/5,1478/587MHz,OC=FF,TA=0/70/70,SP=N/F/F,Mem=2092MHz,Free=7196MB,PLS=0,Temp=26.2C/0.0C,TW=1.34ms,App=8.61ms,GD=0.62ms,CPU&GPU=13.35ms,LCnt=2(DR72,LM2),GPU%=0.78,CPU%=0.44(W0.46),DSF=1.00,CFL=15.66/19.41,ICFLp95=18.16,LD=0,SF=0.91,LP=0,DVFS=0
01-16 13:17:41.016  9662  9916 I VrApi   : FPS=72/72,Prd=46ms,Tear=0,Early=71,Stale=0,Stale2/5/10/max=0/0/0/0,VSnc=1,Lat=1,Fov=0D,CPU4/GPU=5/5,1478/587MHz,OC=FF,TA=0/70/70,SP=N/F/F,Mem=2092MHz,Free=7196MB,PLS=0,Temp=26.2C/0.0C,TW=1.34ms,App=8.64ms,GD=0.63ms,CPU&GPU=13.40ms,LCnt=2(DR72,LM2),GPU%=0.78,CPU%=0.42(W0.46),DSF=1.00,CFL=15.63/19.30,ICFLp95=18.24,LD=0,SF=0.91,LP=0,DVFS=0
01-16 13:17:42.016  9662  9916 I VrApi   : FPS=72/72,Prd=46ms,Tear=0,Early=71,Stale=0,Stale2/5/10/max=0/0/0/0,VSnc=1,Lat=1,Fov=0D,CPU4/GPU=5/5,1478/587MHz,OC=FF,TA=0/70/70,SP=N/F/F,Mem=2092MHz,Free=7196MB,PLS=0,Temp=26.2C/0.0C,TW=1.34ms,App=8.59ms,GD=0.61ms,CPU&GPU=13.38ms,LCnt=2(DR72,LM2),GPU%=0.78,CPU%=0.40(W0.48),DSF=1.00,CFL=15.65/19.12,ICFLp95=18.13,LD=0,SF=0.91,LP=0,DVFS=0
01-16 13:17:42.135  2265  2826 I VrApi   : OVR::Stats thread Resume
01-16 13:17:42.156  3186  3386 I VrApi   : OVR::Stats thread Resume
01-16 13:17:42.188  2265  2826 I VrApi   : OVR::Stats thread started
01-16 13:17:42.206  2479  2822 I VrApi   : OVR::Stats thread Resume
01-16 13:17:42.228  2479  2822 I VrApi   : OVR::Stats thread started
