6561.46 33088.59
6562.45 33094.94
6563.45 33101.18
6564.46 33107.05
6565.46 33112.94
6566.45 33118.72
6567.46 33124.81
6568.46 33130.80
6569.45 33136.93
6570.45 33142.94
6571.46 33148.88
6572.46 33154.65
6573.46 33159.98
6574.45 33165.46
6575.46 33171.10
6576.46 33176.37
6577.46 33182.22
6578.46 33187.96
6579.45 33193.89
6580.47 33199.97
6581.45 33205.82
6582.45 33211.94
6583.47 33218.20
6584.46 33224.31
6585.45 33230.26
6586.47 33236.33
6587.46 33242.16
6588.45 33247.96
6589.45 33253.67
6590.46 33259.24
6591.46 33264.84
6592.48 33270.51
6593.46 33276.00
6594.45 33281.69
6595.46 33287.39
6596.46 33292.89
6597.46 33298.40
6598.46 33304.24
6599.46 33309.94
6600.46 33315.93
6601.46 33321.84
6602.46 33327.89
6603.45 33333.54
6604.46 33338.96
6605.46 33344.64
6606.45 33349.49
6607.46 33354.85
6608.45 33360.38
6609.46 33366.28
6610.46 33372.17
6611.46 33377.94
6612.45 33383.61
6613.46 33389.28
6614.46 33394.97
6615.45 33400.57
6616.45 33406.30
6617.47 33412.40
6618.46 33418.50
6619.46 33424.56
6620.46 33430.63
6621.47 33436.58
6622.46 33442.60
6623.46 33448.61
6624.47 33454.61
6625.46 33460.58
6626.46 33466.27
6627.47 33472.42
6628.46 33478.41
6629.46 33484.49
6630.46 33490.43
6631.46 33496.09
6632.46 33502.04
6633.46 33508.02
6634.46 33514.05
6635.46 33520.04
6636.45 33525.10
6637.46 33530.55
6638.45 33536.08
6639.45 33541.50
6640.47 33547.62
6641.46 33553.48
6642.47 33559.81
6643.46 33565.59
6644.46 33571.61
6645.47 33577.71
6646.46 33583.50
6647.45 33589.39
6648.47 33595.49
6649.47 33601.68
6650.47 33607.74
6651.46 33613.73
6652.46 33619.74
6653.46 33625.85
6654.47 33632.12
6655.46 33638.20
6656.45 33644.24
6657.46 33650.49
6658.45 33656.41
6659.47 33662.52
6660.47 33668.68
6661.45 33674.73
6662.47 33680.95
6663.46 33687.12
6664.45 33693.08
6665.47 33699.26
6666.47 33705.08
6667.47 33711.00
6668.46 33716.55
6669.45 33721.90
6670.47 33727.61
6671.46 33733.27
6672.45 33738.94
6673.46 33744.80
6674.46 33750.64
6675.47 33757.15
6676.46 33763.19
6677.45 33769.06
6678.47 33774.93
6679.46 33780.95
6680.45 33786.84
6681.46 33792.83
6682.46 33798.56
6683.46 33804.36
6684.46 33810.29
6685.45 33816.10
6686.46 33821.84
6687.46 33827.83
6688.47 33833.70
6689.46 33839.26
6690.46 33845.14
6691.45 33850.90
6692.46 33856.98
6693.46 33863.12
6694.46 33869.26
6695.46 33875.24
6696.46 33881.27
6697.46 33887.21
6698.48 33893.30
6699.47 33898.28
6700.47 33903.67
6701.46 33909.06
6702.46 33914.66
6703.46 33920.52
6704.46 33926.54
6705.46 33932.72
6706.45 33938.62
6707.46 33944.81
6708.46 33951.00
6709.45 33957.30
6710.47 33963.45
6711.46 33969.19
6712.46 33975.04
6713.46 33980.61
6714.47 33986.16
6715.46 33991.84
6716.45 33997.38
6717.45 34002.96
6718.47 34008.69
6719.46 34014.37
6720.46 34019.96
6721.46 34025.62
6722.47 34031.29
6723.46 34036.79
6724.46 34042.66
6725.46 34048.33
6726.46 34053.97
6727.46 34059.65
6728.46 34065.61
6729.46 34071.24
6730.47 34076.95
6731.46 34082.54
6732.45 34087.53
6733.46 34093.16
6734.46 34098.81
6735.46 34104.76
6736.46 34110.72
6737.47 34116.76
6738.46 34122.33
6739.47 34128.24
6740.47 34134.25
6741.46 34139.91
6742.46 34145.91
6743.47 34151.92
6744.47 34157.48
6745.46 34163.44
6746.47 34169.17
6747.46 34175.12
6748.46 34181.10
6749.46 34187.22
6750.46 34193.22
6751.46 34199.21
6752.47 34205.25
6753.46 34211.06
6754.47 34217.13
6755.46 34223.03
6756.47 34229.12
6757.46 34234.95
6758.46 34241.09
6759.47 34247.06
6760.47 34252.81
6761.47 34258.89
6762.46 34264.14
6763.45 34269.45
6764.47 34275.22
6765.46 34280.51
6766.47 34286.28
6767.47 34292.55
6768.46 34298.34
6769.46 34304.43
6770.47 34310.45
6771.47 34316.43
6772.46 34322.43
6773.46 34328.52
6774.45 34334.62
6775.47 34340.87
6776.47 34347.03
6777.46 34353.16
6778.45 34359.04
6779.46 34365.43
6780.46 34371.39
6781.46 34377.64
6782.45 34383.73
6783.46 34389.78
6784.47 34395.95
6785.47 34402.06
6786.46 34407.82
6787.46 34413.75
6788.46 34419.86
6789.47 34425.93
6790.46 34431.88
6791.46 34437.89
6792.47 34443.82
6793.46 34449.53
6794.47 34455.12
6795.46 34459.84
6796.46 34465.25
6797.48 34471.10
6798.47 34476.91
6799.46 34482.91
6800.46 34488.80
6801.47 34494.71
6802.47 34500.75
