6.73 6.45 6.23 4/2746 14182
6.73 6.45 6.23 19/2804 14288
6.73 6.45 6.23 8/2811 14376
6.73 6.45 6.23 4/2814 14401
6.73 6.45 6.23 3/2814 14424
6.51 6.41 6.22 3/2814 14451
6.51 6.41 6.22 13/2800 14486
6.51 6.41 6.22 5/2829 14550
6.51 6.41 6.22 3/2824 14575
6.51 6.41 6.22 6/2825 14607
6.31 6.37 6.21 4/2825 14626
6.31 6.37 6.21 3/2825 14654
6.31 6.37 6.21 4/2824 14677
6.31 6.37 6.21 4/2823 14698
6.31 6.37 6.21 5/2824 14724
6.05 6.32 6.19 12/2823 14743
6.05 6.32 6.19 4/2824 14776
6.05 6.32 6.19 4/2824 14799
6.05 6.32 6.19 1/2824 14820
6.05 6.32 6.19 9/2824 14839
6.36 6.38 6.21 3/2824 14861
6.36 6.38 6.21 3/2824 14880
6.36 6.38 6.21 10/2824 14900
6.36 6.38 6.21 5/2824 14919
6.36 6.38 6.21 3/2824 14938
6.57 6.42 6.23 4/2824 14957
6.57 6.42 6.23 4/2824 14976
6.57 6.42 6.23 8/2829 15000
6.57 6.42 6.23 9/2824 15019
6.57 6.42 6.23 4/2822 15038
6.45 6.40 6.22 2/2817 15057
6.45 6.40 6.22 3/2817 15076
6.45 6.40 6.22 10/2817 15096
6.45 6.40 6.22 5/2817 15115
6.45 6.40 6.22 9/2811 15134
6.41 6.39 6.22 2/2803 15153
6.41 6.39 6.22 1/2803 15172
6.41 6.39 6.22 4/2803 15191
6.41 6.39 6.22 8/2803 15213
6.41 6.39 6.22 16/2803 15232
6.94 6.50 6.26 3/2810 15260
6.94 6.50 6.26 6/2812 15296
6.94 6.50 6.26 3/2817 15325
6.94 6.50 6.26 12/2817 15346
6.94 6.50 6.26 3/2817 15365
6.70 6.46 6.24 1/2817 15384
6.70 6.46 6.24 3/2817 15403
6.70 6.46 6.24 10/2816 15423
6.70 6.46 6.24 8/2819 15446
6.70 6.46 6.24 4/2820 15467
6.65 6.45 6.24 13/2815 15488
6.65 6.45 6.24 3/2815 15509
6.65 6.45 6.24 6/2816 15534
6.65 6.45 6.24 5/2827 15571
6.65 6.45 6.24 1/2827 15590
6.51 6.43 6.24 4/2827 15609
6.51 6.43 6.24 6/2827 15628
6.51 6.43 6.24 3/2827 15647
6.51 6.43 6.24 8/2827 15668
6.51 6.43 6.24 6/2826 15687
6.31 6.39 6.22 3/2826 15708
6.31 6.39 6.22 5/2826 15727
6.31 6.39 6.22 6/2822 15746
6.31 6.39 6.22 9/2815 15765
6.31 6.39 6.22 5/2815 15789
6.05 6.33 6.21 2/2815 15812
6.05 6.33 6.21 2/2814 15831
6.05 6.33 6.21 6/2810 15850
6.05 6.33 6.21 3/2808 15869
6.05 6.33 6.21 2/2807 15888
5.80 6.27 6.19 9/2812 15912
5.80 6.27 6.19 3/2805 15931
5.80 6.27 6.19 2/2805 15950
5.80 6.27 6.19 3/2805 15969
5.80 6.27 6.19 5/2805 15989
5.50 6.20 6.16 2/2805 16008
5.50 6.20 6.16 5/2806 16028
5.50 6.20 6.16 3/2806 16047
5.50 6.20 6.16 10/2806 16066
5.50 6.20 6.16 2/2806 16085
5.38 6.17 6.15 2/2806 16104
5.38 6.17 6.15 1/2805 16123
5.38 6.17 6.15 5/2806 16143
5.38 6.17 6.15 9/2806 16162
5.38 6.17 6.15 6/2806 16182
5.27 6.13 6.14 2/2806 16201
5.27 6.13 6.14 11/2806 16220
5.27 6.13 6.14 6/2806 16239
5.27 6.13 6.14 4/2806 16258
5.27 6.13 6.14 6/2806 16277
5.33 6.13 6.14 8/2808 16298
5.33 6.13 6.14 10/2812 16321
5.33 6.13 6.14 12/2813 16341
5.33 6.13 6.14 10/2807 16360
5.33 6.13 6.14 3/2807 16379
5.46 6.14 6.15 6/2807 16399
5.46 6.14 6.15 7/2807 16418
5.46 6.14 6.15 5/2807 16437
5.46 6.14 6.15 10/2807 16456
5.46 6.14 6.15 6/2807 16475
5.34 6.11 6.13 6/2802 16494
5.34 6.11 6.13 4/2799 16514
5.34 6.11 6.13 6/2798 16533
5.34 6.11 6.13 8/2796 16552
5.34 6.11 6.13 11/2796 16571
5.40 6.10 6.13 3/2796 16593
5.40 6.10 6.13 2/2794 16612
5.40 6.10 6.13 5/2792 16631
5.40 6.10 6.13 6/2792 16650
5.40 6.10 6.13 5/2792 16669
5.93 6.20 6.16 10/2791 16688
5.93 6.20 6.16 5/2791 16707
5.93 6.20 6.16 5/2791 16726
5.93 6.20 6.16 6/2796 16750
5.93 6.20 6.16 3/2792 16770
5.85 6.18 6.16 5/2792 16789
5.85 6.18 6.16 7/2792 16809
5.85 6.18 6.16 11/2792 16828
5.85 6.18 6.16 4/2792 16847
5.85 6.18 6.16 4/2792 16866
6.10 6.23 6.17 8/2792 16886
6.10 6.23 6.17 6/2791 16905
6.10 6.23 6.17 5/2791 16924
6.10 6.23 6.17 6/2796 16950
6.10 6.23 6.17 7/2800 16973
6.02 6.21 6.17 8/2796 17006
6.02 6.21 6.17 9/2796 17026
6.02 6.21 6.17 3/2796 17045
6.02 6.21 6.17 9/2796 17064
6.02 6.21 6.17 4/2796 17083
5.93 6.19 6.16 5/2796 17103
5.93 6.19 6.16 6/2796 17122
5.93 6.19 6.16 8/2796 17141
5.93 6.19 6.16 1/2796 17160
5.93 6.19 6.16 9/2801 17184
6.18 6.24 6.18 7/2801 17203
6.18 6.24 6.18 2/2796 17222
6.18 6.24 6.18 3/2796 17242
6.18 6.24 6.18 10/2796 17261
6.18 6.24 6.18 7/2796 17280
6.41 6.28 6.19 12/2796 17299
6.41 6.28 6.19 5/2796 17318
6.41 6.28 6.19 1/2796 17337
6.41 6.28 6.19 1/2796 17356
6.41 6.28 6.19 12/2796 17375
6.13 6.23 6.17 3/2796 17394
6.13 6.23 6.17 7/2796 17413
6.13 6.23 6.17 5/2796 17433
6.13 6.23 6.17 10/2797 17453
6.13 6.23 6.17 2/2797 17472
5.96 6.19 6.16 5/2797 17491
5.96 6.19 6.16 3/2797 17511
5.96 6.19 6.16 4/2797 17530
5.96 6.19 6.16 4/2797 17549
5.96 6.19 6.16 2/2797 17568
6.04 6.20 6.17 6/2797 17587
6.04 6.20 6.17 4/2802 17611
6.04 6.20 6.17 4/2797 17631
6.04 6.20 6.17 11/2797 17652
6.04 6.20 6.17 3/2797 17671
5.88 6.17 6.16 8/2797 17690
5.88 6.17 6.16 13/2797 17709
5.88 6.17 6.16 4/2797 17728
5.88 6.17 6.16 6/2796 17748
5.88 6.17 6.16 6/2796 17767
5.73 6.13 6.14 3/2796 17786
5.73 6.13 6.14 5/2796 17805
5.73 6.13 6.14 3/2796 17824
5.73 6.13 6.14 6/2795 17844
5.73 6.13 6.14 3/2796 17865
5.75 6.13 6.14 6/2796 17884
5.75 6.13 6.14 7/2796 17903
5.75 6.13 6.14 5/2796 17922
5.75 6.13 6.14 5/2796 17942
5.75 6.13 6.14 10/2796 17961
5.53 6.08 6.13 14/2796 17980
5.53 6.08 6.13 9/2796 17999
5.53 6.08 6.13 12/2801 18023
5.53 6.08 6.13 15/2800 18043
5.53 6.08 6.13 2/2796 18062
5.57 6.07 6.13 4/2796 18082
5.57 6.07 6.13 5/2796 18101
5.57 6.07 6.13 9/2796 18120
5.57 6.07 6.13 7/2791 18139
5.57 6.07 6.13 7/2791 18158
5.52 6.06 6.12 5/2791 18193
5.52 6.06 6.12 3/2791 18212
5.52 6.06 6.12 3/2791 18231
5.52 6.06 6.12 2/2789 18250
5.52 6.06 6.12 7/2789 18270
5.16 5.97 6.09 6/2789 18289
5.16 5.97 6.09 3/2789 18308
5.16 5.97 6.09 4/2789 18327
5.16 5.97 6.09 3/2789 18346
5.16 5.97 6.09 6/2789 18365
5.71 6.07 6.12 8/2789 18384
5.71 6.07 6.12 4/2789 18403
5.71 6.07 6.12 5/2789 18422
5.71 6.07 6.12 5/2789 18441
5.71 6.07 6.12 11/2793 18466
5.73 6.07 6.12 4/2788 18485
5.73 6.07 6.12 8/2788 18504
5.73 6.07 6.12 1/2788 18523
5.73 6.07 6.12 3/2788 18542
5.73 6.07 6.12 6/2788 18561
5.67 6.05 6.12 1/2788 18580
5.67 6.05 6.12 6/2788 18599
5.67 6.05 6.12 8/2788 18618
5.67 6.05 6.12 3/2787 18637
5.67 6.05 6.12 5/2787 18657
5.78 6.07 6.12 10/2787 18676
5.78 6.07 6.12 3/2787 18695
5.78 6.07 6.12 5/2786 18714
5.78 6.07 6.12 6/2786 18733
5.78 6.07 6.12 10/2786 18752
5.88 6.08 6.13 6/2786 18771
5.88 6.08 6.13 9/2786 18790
5.88 6.08 6.13 5/2786 18809
5.88 6.08 6.13 6/2787 18833
5.88 6.08 6.13 9/2787 18852
5.73 6.05 6.11 6/2792 18877
5.73 6.05 6.11 10/2787 18897
5.73 6.05 6.11 8/2787 18916
5.73 6.05 6.11 4/2787 18935
5.73 6.05 6.11 10/2786 18954
5.83 6.07 6.12 2/2787 18974
5.83 6.07 6.12 8/2788 18994
5.83 6.07 6.12 2/2788 19013
5.83 6.07 6.12 10/2788 19032
5.83 6.07 6.12 2/2788 19051
5.68 6.03 6.11 5/2788 19071
5.68 6.03 6.11 5/2788 19090
5.68 6.03 6.11 3/2788 19109
5.68 6.03 6.11 6/2788 19128
5.68 6.03 6.11 12/2788 19147
5.39 5.96 6.08 3/2788 19166
5.39 5.96 6.08 6/2789 19186
5.39 5.96 6.08 3/2789 19205
5.39 5.96 6.08 7/2789 19224
5.39 5.96 6.08 7/2789 19243
5.68 6.02 6.10 12/2789 19262
5.68 6.02 6.10 3/2793 19287
5.68 6.02 6.10 4/2794 19307
5.68 6.02 6.10 4/2794 19333
5.68 6.02 6.10 5/2794 19352
5.78 6.03 6.11 3/2794 19383
5.78 6.03 6.11 7/2794 19406
5.78 6.03 6.11 8/2794 19425
5.78 6.03 6.11 3/2794 19444
5.78 6.03 6.11 6/2794 19463
5.48 5.96 6.08 6/2794 19482
5.48 5.96 6.08 7/2794 19502
5.48 5.96 6.08 3/2794 19521
5.48 5.96 6.08 6/2794 19540
5.48 5.96 6.08 5/2794 19559
5.44 5.95 6.08 3/2794 19578
5.44 5.95 6.08 3/2794 19597
5.44 5.95 6.08 4/2794 19616
5.44 5.95 6.08 6/2794 19635
5.44 5.95 6.08 2/2794 19654
5.01 5.85 6.04 5/2794 19673
5.01 5.85 6.04 6/2794 19693
5.01 5.85 6.04 3/2794 19712
5.01 5.85 6.04 8/2800 19737
5.01 5.85 6.04 5/2795 19757
4.92 5.82 6.03 7/2795 19776
4.92 5.82 6.03 3/2795 19795
4.92 5.82 6.03 7/2795 19814
4.92 5.82 6.03 3/2795 19833
4.92 5.82 6.03 5/2795 19855
5.17 5.85 6.04 6/2795 19874
5.17 5.85 6.04 5/2795 19893
5.17 5.85 6.04 3/2795 19913
5.17 5.85 6.04 2/2782 19933
5.17 5.85 6.04 8/2782 19952
4.92 5.79 6.02 1/2782 19971
4.92 5.79 6.02 3/2782 19990
4.92 5.79 6.02 5/2782 20009
4.92 5.79 6.02 4/2782 20028
4.92 5.79 6.02 4/2782 20047
5.08 5.81 6.03 15/2781 20066
5.08 5.81 6.03 8/2781 20085
5.08 5.81 6.03 6/2782 20106
5.08 5.81 6.03 3/2782 20126
5.08 5.81 6.03 3/2786 20149
5.24 5.83 6.03 15/2787 20169
5.24 5.83 6.03 13/2782 20188
5.24 5.83 6.03 2/2781 20207
5.24 5.83 6.03 6/2781 20226
5.24 5.83 6.03 6/2782 20246
5.06 5.78 6.02 10/2782 20265
5.06 5.78 6.02 1/2781 20284
5.06 5.78 6.02 4/2782 20304
5.06 5.78 6.02 6/2782 20324
5.06 5.78 6.02 5/2782 20343
5.29 5.82 6.03 6/2782 20362
5.29 5.82 6.03 3/2782 20381
5.29 5.82 6.03 6/2782 20400
5.29 5.82 6.03 11/2782 20419
5.29 5.82 6.03 6/2782 20438
5.27 5.81 6.02 2/2781 20457
5.27 5.81 6.02 7/2781 20476
5.27 5.81 6.02 4/2781 20495
5.27 5.81 6.02 6/2777 20515
5.27 5.81 6.02 1/2777 20534
5.25 5.79 6.02 5/2777 20569
5.25 5.79 6.02 3/2782 20593
5.25 5.79 6.02 4/2777 20612
5.25 5.79 6.02 9/2773 20631
5.25 5.79 6.02 3/2772 20650
5.47 5.83 6.03 3/2772 20670
5.47 5.83 6.03 1/2772 20689
5.47 5.83 6.03 4/2772 20708
5.47 5.83 6.03 4/2774 20731
5.47 5.83 6.03 6/2775 20751
5.35 5.80 6.01 4/2775 20770
5.35 5.80 6.01 7/2775 20789
5.35 5.80 6.01 7/2774 20808
5.35 5.80 6.01 9/2774 20827
5.35 5.80 6.01 5/2773 20846
5.40 5.80 6.01 11/2774 20866
5.40 5.80 6.01 1/2774 20885
5.40 5.80 6.01 2/2774 20904
5.40 5.80 6.01 8/2774 20923
5.40 5.80 6.01 8/2774 20943
5.61 5.84 6.02 4/2774 20962
5.61 5.84 6.02 7/2774 20982
5.61 5.84 6.02 9/2780 21007
5.61 5.84 6.02 10/2780 21026
5.61 5.84 6.02 6/2775 21045
5.56 5.83 6.02 13/2769 21065
5.56 5.83 6.02 6/2768 21085
5.56 5.83 6.02 2/2768 21104
5.56 5.83 6.02 7/2768 21123
5.56 5.83 6.02 5/2768 21143
5.76 5.86 6.03 4/2769 21163
5.76 5.86 6.03 8/2769 21182
5.76 5.86 6.03 6/2769 21201
5.76 5.86 6.03 9/2769 21220
5.76 5.86 6.03 3/2769 21239
5.86 5.88 6.04 3/2769 21258
5.86 5.88 6.04 7/2769 21277
5.86 5.88 6.04 3/2769 21296
5.86 5.88 6.04 4/2769 21315
5.86 5.88 6.04 3/2769 21334
5.71 5.85 6.02 7/2769 21354
5.71 5.85 6.02 8/2769 21373
5.71 5.85 6.02 6/2769 21392
5.71 5.85 6.02 7/2769 21411
5.71 5.85 6.02 13/2774 21435
6.21 5.95 6.06 8/2769 21454
6.21 5.95 6.06 2/2769 21473
6.21 5.95 6.06 4/2769 21492
6.21 5.95 6.06 4/2769 21511
6.21 5.95 6.06 6/2769 21530
6.36 5.99 6.07 6/2769 21550
6.36 5.99 6.07 8/2769 21569
6.36 5.99 6.07 18/2769 21588
6.36 5.99 6.07 3/2769 21607
6.36 5.99 6.07 5/2769 21626
6.25 5.97 6.06 5/2769 21645
6.25 5.97 6.06 5/2769 21664
6.25 5.97 6.06 6/2769 21683
6.25 5.97 6.06 4/2772 21709
6.25 5.97 6.06 1/2772 21728
6.39 6.00 6.07 10/2772 21764
6.39 6.00 6.07 3/2771 21783
6.39 6.00 6.07 7/2771 21802
6.39 6.00 6.07 3/2770 21821
6.39 6.00 6.07 4/2770 21840
7.16 6.17 6.13 1/2776 21865
7.16 6.17 6.13 6/2776 21884
7.16 6.17 6.13 6/2771 21903
7.16 6.17 6.13 3/2771 21922
7.16 6.17 6.13 6/2771 21941
6.82 6.12 6.11 11/2771 21960
6.82 6.12 6.11 5/2771 21980
6.82 6.12 6.11 9/2771 21999
6.82 6.12 6.11 9/2771 22018
6.82 6.12 6.11 2/2771 22037
6.92 6.15 6.12 5/2771 22056
6.92 6.15 6.12 9/2771 22075
6.92 6.15 6.12 7/2771 22094
6.92 6.15 6.12 6/2771 22113
6.92 6.15 6.12 9/2771 22132
6.85 6.15 6.12 7/2771 22151
6.85 6.15 6.12 4/2771 22171
6.85 6.15 6.12 2/2771 22190
6.85 6.15 6.12 11/2769 22209
6.85 6.15 6.12 13/2769 22228
6.70 6.13 6.11 3/2769 22247
6.70 6.13 6.11 4/2769 22266
6.70 6.13 6.11 5/2774 22290
6.70 6.13 6.11 5/2769 22309
6.70 6.13 6.11 3/2769 22328
7.04 6.21 6.14 3/2769 22347
7.04 6.21 6.14 7/2769 22366
7.04 6.21 6.14 3/2769 22386
7.04 6.21 6.14 1/2769 22408
7.04 6.21 6.14 6/2769 22428
6.80 6.17 6.13 9/2769 22447
6.80 6.17 6.13 7/2768 22466
6.80 6.17 6.13 2/2768 22485
6.80 6.17 6.13 8/2767 22504
6.80 6.17 6.13 8/2767 22523
6.49 6.12 6.11 4/2767 22542
6.49 6.12 6.11 2/2767 22561
6.49 6.12 6.11 12/2767 22581
6.49 6.12 6.11 2/2767 22600
6.49 6.12 6.11 4/2767 22619
6.85 6.20 6.14 5/2767 22638
6.85 6.20 6.14 10/2767 22657
6.85 6.20 6.14 4/2767 22676
6.85 6.20 6.14 8/2772 22700
6.85 6.20 6.14 5/2767 22719
6.63 6.16 6.12 11/2767 22738
6.63 6.16 6.12 5/2767 22757
6.63 6.16 6.12 5/2767 22776
6.63 6.16 6.12 5/2767 22796
6.63 6.16 6.12 4/2767 22815
6.50 6.14 6.12 11/2768 22835
6.50 6.14 6.12 3/2768 22854
6.50 6.14 6.12 1/2768 22873
6.50 6.14 6.12 3/2765 22892
6.50 6.14 6.12 5/2765 22911
6.38 6.12 6.11 3/2765 22942
6.38 6.12 6.11 6/2765 22961
6.38 6.12 6.11 5/2765 22980
6.38 6.12 6.11 7/2763 23000
6.38 6.12 6.11 6/2763 23019
6.43 6.14 6.12 5/2763 23038
6.43 6.14 6.12 6/2763 23057
6.43 6.14 6.12 1/2763 23076
6.43 6.14 6.12 7/2763 23095
6.43 6.14 6.12 6/2764 23115
6.63 6.19 6.13 4/2768 23138
6.63 6.19 6.13 6/2763 23157
6.63 6.19 6.13 4/2763 23176
6.63 6.19 6.13 5/2763 23196
6.63 6.19 6.13 8/2763 23215
7.46 6.37 6.19 5/2763 23234
7.46 6.37 6.19 3/2763 23253
7.46 6.37 6.19 5/2763 23272
7.46 6.37 6.19 6/2763 23291
7.46 6.37 6.19 6/2763 23310
7.11 6.31 6.17 3/2763 23329
7.11 6.31 6.17 5/2763 23348
7.11 6.31 6.17 5/2763 23367
7.11 6.31 6.17 3/2763 23386
7.11 6.31 6.17 5/2763 23406
7.10 6.32 6.18 9/2763 23425
7.10 6.32 6.18 3/2763 23444
7.10 6.32 6.18 2/2763 23463
7.10 6.32 6.18 3/2763 23482
7.10 6.32 6.18 6/2763 23501
7.81 6.48 6.23 9/2763 23520
7.81 6.48 6.23 9/2768 23545
7.81 6.48 6.23 4/2763 23564
7.81 6.48 6.23 9/2763 23583
7.81 6.48 6.23 4/2763 23603
7.75 6.49 6.23 5/2763 23622
7.75 6.49 6.23 6/2763 23641
7.75 6.49 6.23 7/2763 23660
7.75 6.49 6.23 8/2763 23679
7.75 6.49 6.23 3/2763 23698
7.36 6.43 6.22 11/2763 23717
7.36 6.43 6.22 8/2763 23736
7.36 6.43 6.22 1/2763 23755
7.36 6.43 6.22 7/2763 23774
7.36 6.43 6.22 5/2763 23793
7.50 6.48 6.23 6/2763 23813
7.50 6.48 6.23 5/2763 23832
7.50 6.48 6.23 2/2763 23851
7.50 6.48 6.23 4/2763 23870
7.50 6.48 6.23 12/2763 23889
7.06 6.40 6.21 10/2763 23908
7.06 6.40 6.21 7/2763 23927
7.06 6.40 6.21 10/2767 23950
7.06 6.40 6.21 10/2768 23971
7.06 6.40 6.21 10/2763 23990
6.89 6.38 6.20 1/2763 24010
6.89 6.38 6.20 12/2763 24029
6.89 6.38 6.20 6/2763 24048
6.89 6.38 6.20 5/2768 24074
6.89 6.38 6.20 2/2768 24093
6.50 6.31 6.18 4/2768 24124
6.50 6.31 6.18 9/2768 24147
6.50 6.31 6.18 5/2768 24166
6.50 6.31 6.18 15/2768 24185
6.50 6.31 6.18 7/2768 24204
6.14 6.23 6.16 5/2768 24224
6.14 6.23 6.16 8/2768 24244
6.14 6.23 6.16 2/2768 24263
6.14 6.23 6.16 3/2767 24282
6.14 6.23 6.16 1/2767 24301
6.21 6.25 6.16 5/2768 24321
6.21 6.25 6.16 5/2768 24340
6.21 6.25 6.16 6/2768 24360
6.21 6.25 6.16 7/2767 24383
6.21 6.25 6.16 6/2772 24407
5.95 6.19 6.14 6/2767 24426
5.95 6.19 6.14 4/2767 24446
5.95 6.19 6.14 5/2767 24465
5.95 6.19 6.14 6/2767 24485
5.95 6.19 6.14 4/2767 24504
6.11 6.22 6.16 8/2767 24524
6.11 6.22 6.16 2/2767 24543
6.11 6.22 6.16 8/2767 24565
6.11 6.22 6.16 2/2767 24584
6.11 6.22 6.16 7/2767 24603
6.11 6.22 6.15 8/2766 24622
6.11 6.22 6.15 3/2766 24642
6.11 6.22 6.15 2/2766 24661
6.11 6.22 6.15 6/2766 24680
6.11 6.22 6.15 8/2766 24699
6.10 6.22 6.15 8/2766 24718
6.10 6.22 6.15 5/2767 24738
6.10 6.22 6.15 10/2767 24757
6.10 6.22 6.15 12/2767 24776
6.10 6.22 6.15 2/2767 24795
6.09 6.21 6.15 3/2772 24819
6.09 6.21 6.15 10/2772 24838
6.09 6.21 6.15 8/2767 24858
6.09 6.21 6.15 5/2767 24878
6.09 6.21 6.15 1/2767 24897
6.64 6.32 6.19 7/2767 24916
6.64 6.32 6.19 8/2767 24935
6.64 6.32 6.19 3/2767 24954
6.64 6.32 6.19 4/2767 24973
6.64 6.32 6.19 9/2767 24992
6.43 6.29 6.18 1/2767 25011
6.43 6.29 6.18 1/2767 25030
6.43 6.29 6.18 3/2767 25050
6.43 6.29 6.18 3/2767 25069
6.43 6.29 6.18 6/2767 25088
6.48 6.30 6.18 4/2766 25107
6.48 6.30 6.18 3/2766 25126
6.48 6.30 6.18 2/2766 25145
6.48 6.30 6.18 9/2766 25164
6.48 6.30 6.18 3/2766 25183
7.24 6.46 6.23 8/2766 25202
7.24 6.46 6.23 4/2766 25221
7.24 6.46 6.23 3/2771 25245
7.24 6.46 6.23 5/2764 25265
7.24 6.46 6.23 17/2763 25284
6.90 6.40 6.22 3/2763 25319
6.90 6.40 6.22 4/2763 25338
6.90 6.40 6.22 8/2763 25357
6.90 6.40 6.22 8/2761 25376
6.90 6.40 6.22 3/2761 25395
6.83 6.39 6.22 4/2761 25414
6.83 6.39 6.22 4/2761 25433
6.83 6.39 6.22 2/2760 25452
6.83 6.39 6.22 5/2760 25472
6.83 6.39 6.22 8/2760 25491
7.24 6.49 6.25 3/2760 25510
7.24 6.49 6.25 6/2760 25529
7.24 6.49 6.25 4/2760 25548
7.24 6.49 6.25 5/2760 25568
7.24 6.49 6.25 4/2760 25587
7.22 6.50 6.25 2/2760 25606
7.22 6.50 6.25 5/2760 25625
7.22 6.50 6.25 4/2760 25644
7.22 6.50 6.25 10/2765 25668
7.22 6.50 6.25 4/2765 25688
7.04 6.47 6.24 6/2760 25713
7.04 6.47 6.24 6/2760 25734
7.04 6.47 6.24 3/2760 25754
7.04 6.47 6.24 2/2759 25773
7.04 6.47 6.24 7/2758 25792
7.12 6.50 6.25 10/2758 25812
7.12 6.50 6.25 5/2758 25831
7.12 6.50 6.25 20/2758 25850
7.12 6.50 6.25 15/2758 25869
7.12 6.50 6.25 4/2758 25889
6.79 6.44 6.24 10/2758 25908
6.79 6.44 6.24 6/2758 25927
6.79 6.44 6.24 3/2758 25946
6.79 6.44 6.24 5/2758 25968
6.79 6.44 6.24 4/2758 25987
6.97 6.48 6.25 3/2758 26006
6.97 6.48 6.25 12/2758 26026
6.97 6.48 6.25 8/2758 26047
6.97 6.48 6.25 10/2758 26067
6.97 6.48 6.25 8/2758 26087
7.05 6.51 6.26 12/2762 26111
7.05 6.51 6.26 4/2758 26131
7.05 6.51 6.26 6/2758 26150
7.05 6.51 6.26 6/2758 26169
7.05 6.51 6.26 2/2759 26189
6.97 6.50 6.26 1/2759 26208
6.97 6.50 6.26 8/2759 26227
6.97 6.50 6.26 6/2759 26246
6.97 6.50 6.26 3/2759 26265
6.97 6.50 6.26 3/2759 26284
6.97 6.51 6.26 3/2759 26304
6.97 6.51 6.26 1/2759 26323
6.97 6.51 6.26 3/2759 26342
6.97 6.51 6.26 3/2759 26361
6.97 6.51 6.26 4/2759 26380
7.13 6.55 6.28 2/2759 26399
7.13 6.55 6.28 11/2759 26418
7.13 6.55 6.28 9/2759 26437
7.13 6.55 6.28 1/2759 26456
7.13 6.55 6.28 3/2764 26482
7.20 6.57 6.29 5/2764 26514
7.20 6.57 6.29 7/2769 26542
7.20 6.57 6.29 5/2766 26561
7.20 6.57 6.29 7/2764 26580
7.20 6.57 6.29 1/2764 26599
7.35 6.61 6.30 2/2764 26618
7.35 6.61 6.30 3/2764 26637
7.35 6.61 6.30 5/2764 26656
7.35 6.61 6.30 3/2764 26675
7.35 6.61 6.30 4/2764 26694
7.08 6.57 6.29 6/2764 26713
7.08 6.57 6.29 13/2764 26733
7.08 6.57 6.29 5/2764 26752
7.08 6.57 6.29 7/2764 26771
7.08 6.57 6.29 5/2764 26790
7.15 6.59 6.30 4/2763 26809
7.15 6.59 6.30 2/2763 26828
7.15 6.59 6.30 7/2763 26847
7.15 6.59 6.30 3/2763 26866
7.15 6.59 6.30 5/2763 26885
6.82 6.53 6.28 9/2763 26904
6.82 6.53 6.28 7/2763 26925
6.82 6.53 6.28 12/2764 26945
6.82 6.53 6.28 6/2768 26968
6.82 6.53 6.28 17/2762 26987
6.43 6.46 6.26 8/2762 27006
6.43 6.46 6.26 7/2762 27025
6.43 6.46 6.26 7/2762 27044
6.43 6.46 6.26 5/2762 27063
6.43 6.46 6.26 5/2762 27082
6.64 6.50 6.27 3/2762 27101
6.64 6.50 6.27 6/2762 27120
6.64 6.50 6.27 6/2762 27140
6.64 6.50 6.27 2/2762 27159
6.64 6.50 6.27 5/2762 27178
6.64 6.50 6.27 8/2762 27197
6.59 6.49 6.27 4/2762 27216
6.59 6.49 6.27 11/2762 27235
6.59 6.49 6.27 1/2768 27263
6.59 6.49 6.27 1/2768 27282
6.59 6.49 6.27 5/2768 27301
6.30 6.43 6.25 2/2768 27320
6.30 6.43 6.25 3/2768 27340
6.30 6.43 6.25 5/2768 27360
6.30 6.43 6.25 5/2773 27384
6.30 6.43 6.25 4/2792 27429
6.68 6.51 6.28 6/2796 27453
6.68 6.51 6.28 3/2796 27472
6.68 6.51 6.28 11/2797 27492
6.68 6.51 6.28 4/2797 27511
6.68 6.51 6.28 1/2797 27530
7.10 6.60 6.31 4/2797 27549
7.10 6.60 6.31 9/2797 27569
7.10 6.60 6.31 6/2797 27588
7.10 6.60 6.31 3/2797 27607
7.10 6.60 6.31 6/2797 27626
6.85 6.56 6.30 2/2797 27645
6.85 6.56 6.30 5/2797 27664
6.85 6.56 6.30 1/2797 27683
6.85 6.56 6.30 8/2794 27702
6.85 6.56 6.30 3/2794 27733
7.03 6.60 6.31 6/2794 27756
7.03 6.60 6.31 6/2793 27775
7.03 6.60 6.31 4/2793 27795
7.03 6.60 6.31 17/2791 27814
7.03 6.60 6.31 6/2795 27837
7.18 6.64 6.33 3/2796 27857
7.18 6.64 6.33 4/2791 27876
7.18 6.64 6.33 6/2791 27895
7.18 6.64 6.33 6/2791 27914
7.18 6.64 6.33 5/2791 27933
6.69 6.54 6.30 4/2791 27952
6.69 6.54 6.30 5/2791 27971
6.69 6.54 6.30 4/2791 27991
6.69 6.54 6.30 2/2791 28010
6.69 6.54 6.30 8/2791 28029
6.95 6.60 6.32 3/2791 28048
6.95 6.60 6.32 3/2791 28067
6.95 6.60 6.32 4/2791 28086
6.95 6.60 6.32 4/2791 28105
6.95 6.60 6.32 8/2791 28124
6.64 6.54 6.30 2/2791 28143
6.64 6.54 6.30 4/2791 28162
6.64 6.54 6.30 11/2791 28181
6.64 6.54 6.30 2/2791 28201
6.64 6.54 6.30 4/2791 28220
6.51 6.52 6.29 10/2791 28239
6.51 6.52 6.29 8/2796 28263
6.51 6.52 6.29 6/2791 28282
6.51 6.52 6.29 4/2791 28301
6.51 6.52 6.29 5/2791 28320
6.47 6.51 6.29 3/2791 28339
6.47 6.51 6.29 2/2791 28358
6.47 6.51 6.29 7/2791 28378
6.47 6.51 6.29 3/2791 28398
6.47 6.51 6.29 5/2791 28417
6.51 6.52 6.30 6/2791 28436
6.51 6.52 6.30 5/2791 28455
6.51 6.52 6.30 6/2788 28474
6.51 6.52 6.30 7/2788 28493
6.51 6.52 6.30 2/2788 28512
6.47 6.51 6.29 2/2788 28531
6.47 6.51 6.29 9/2788 28551
6.47 6.51 6.29 8/2786 28570
6.47 6.51 6.29 17/2786 28589
6.35 6.48 6.29 6/2780 28610
6.35 6.48 6.29 5/2778 28629
6.35 6.48 6.29 5/2778 28648
6.35 6.48 6.29 6/2783 28672
6.35 6.48 6.29 6/2783 28691
6.35 6.48 6.29 11/2768 28710
6.16 6.44 6.27 9/2766 28729
6.16 6.44 6.27 3/2766 28749
6.16 6.44 6.27 5/2766 28768
6.16 6.44 6.27 14/2766 28787
6.16 6.44 6.27 4/2765 28807
6.23 6.45 6.28 3/2765 28826
6.23 6.45 6.28 4/2765 28845
6.23 6.45 6.28 4/2765 28864
6.23 6.45 6.28 4/2770 28890
6.23 6.45 6.28 7/2770 28921
6.53 6.51 6.30 4/2770 28944
6.53 6.51 6.30 2/2770 28963
6.53 6.51 6.30 6/2770 28982
6.53 6.51 6.30 10/2770 29001
6.53 6.51 6.30 3/2770 29021
6.41 6.48 6.29 11/2770 29040
6.41 6.48 6.29 15/2770 29059
6.41 6.48 6.29 4/2770 29078
6.41 6.48 6.29 3/2770 29097
6.41 6.48 6.29 8/2775 29121
6.86 6.58 6.32 3/2770 29140
6.86 6.58 6.32 2/2770 29159
6.86 6.58 6.32 3/2770 29178
6.86 6.58 6.32 11/2770 29197
6.86 6.58 6.32 10/2770 29216
6.95 6.60 6.33 2/2770 29236
6.95 6.60 6.33 8/2770 29255
6.95 6.60 6.33 6/2771 29275
6.95 6.60 6.33 5/2771 29294
6.95 6.60 6.33 4/2771 29313
7.03 6.62 6.34 6/2771 29332
7.03 6.62 6.34 6/2771 29351
7.03 6.62 6.34 8/2771 29370
7.03 6.62 6.34 5/2771 29389
7.03 6.62 6.34 5/2771 29408
6.87 6.60 6.33 8/2771 29428
6.87 6.60 6.33 5/2771 29447
6.87 6.60 6.33 5/2771 29466
6.87 6.60 6.33 4/2771 29485
6.87 6.60 6.33 5/2771 29504
6.64 6.55 6.32 9/2776 29528
6.64 6.55 6.32 3/2776 29547
6.64 6.55 6.32 5/2771 29569
6.64 6.55 6.32 10/2771 29588
6.64 6.55 6.32 8/2771 29607
6.51 6.53 6.31 3/2771 29626
6.51 6.53 6.31 10/2771 29646
6.51 6.53 6.31 2/2771 29665
6.51 6.53 6.31 6/2771 29684
6.51 6.53 6.31 5/2771 29703
6.71 6.57 6.33 2/2771 29722
6.71 6.57 6.33 9/2771 29741
6.71 6.57 6.33 3/2771 29760
6.71 6.57 6.33 4/2771 29779
6.71 6.57 6.33 2/2771 29798
6.33 6.49 6.30 3/2771 29817
6.33 6.49 6.30 5/2771 29837
6.33 6.49 6.30 4/2771 29856
6.33 6.49 6.30 6/2771 29875
6.33 6.49 6.30 5/2771 29894
6.14 6.45 6.29 15/2772 29914
6.14 6.45 6.29 3/2772 29933
6.14 6.45 6.29 6/2777 29957
6.14 6.45 6.29 5/2772 29976
6.14 6.45 6.29 8/2772 29995
6.37 6.49 6.31 8/2772 30014
6.37 6.49 6.31 9/2772 30034
6.37 6.49 6.31 6/2772 30053
6.37 6.49 6.31 3/2769 30072
6.37 6.49 6.31 4/2769 30104
6.10 6.43 6.29 3/2769 30127
6.10 6.43 6.29 2/2769 30148
6.10 6.43 6.29 9/2769 30167
6.10 6.43 6.29 6/2767 30186
6.10 6.43 6.29 10/2767 30205
6.09 6.43 6.29 5/2767 30224
6.09 6.43 6.29 6/2768 30244
6.09 6.43 6.29 3/2768 30264
6.09 6.43 6.29 7/2768 30283
6.09 6.43 6.29 3/2768 30302
6.57 6.52 6.32 7/2768 30321
6.57 6.52 6.32 3/2768 30340
6.57 6.52 6.32 5/2768 30359
6.57 6.52 6.32 8/2775 30385
6.57 6.52 6.32 6/2770 30404
6.52 6.51 6.31 6/2770 30423
6.52 6.51 6.31 2/2770 30442
6.52 6.51 6.31 3/2770 30462
6.52 6.51 6.31 5/2770 30481
6.52 6.51 6.31 5/2770 30500
6.40 6.49 6.31 8/2770 30519
6.40 6.49 6.31 8/2770 30538
6.40 6.49 6.31 4/2770 30557
6.40 6.49 6.31 6/2770 30576
6.40 6.49 6.31 6/2770 30595
6.29 6.46 6.30 3/2770 30614
6.29 6.46 6.30 2/2770 30633
6.29 6.46 6.30 5/2770 30652
6.29 6.46 6.30 7/2770 30672
6.29 6.46 6.30 4/2770 30691
6.74 6.55 6.33 11/2770 30710
6.74 6.55 6.33 10/2770 30729
6.74 6.55 6.33 6/2770 30748
6.74 6.55 6.33 4/2770 30767
6.74 6.55 6.33 11/2773 30789
6.44 6.49 6.31 5/2775 30810
6.44 6.49 6.31 3/2770 30829
6.44 6.49 6.31 7/2770 30848
6.44 6.49 6.31 10/2770 30868
6.44 6.49 6.31 5/2770 30887
6.81 6.57 6.34 6/2770 30906
6.81 6.57 6.34 3/2770 30925
6.81 6.57 6.34 5/2770 30944
6.81 6.57 6.34 3/2770 30963
6.81 6.57 6.34 6/2769 30982
6.98 6.61 6.35 1/2769 31001
6.98 6.61 6.35 7/2769 31020
6.98 6.61 6.35 7/2769 31039
6.98 6.61 6.35 6/2769 31059
6.98 6.61 6.35 3/2769 31078
7.23 6.67 6.37 6/2769 31097
7.23 6.67 6.37 3/2769 31116
7.23 6.67 6.37 4/2769 31135
7.23 6.67 6.37 2/2769 31154
7.23 6.67 6.37 5/2769 31173
7.13 6.66 6.37 6/2769 31192
7.13 6.66 6.37 6/2774 31216
7.13 6.66 6.37 4/2769 31235
7.13 6.66 6.37 8/2774 31261
7.13 6.66 6.37 4/2774 31289
6.80 6.59 6.35 7/2774 31316
6.80 6.59 6.35 5/2774 31335
6.80 6.59 6.35 9/2774 31354
6.80 6.59 6.35 3/2774 31373
6.80 6.59 6.35 6/2774 31392
6.57 6.55 6.34 6/2774 31411
6.57 6.55 6.34 5/2774 31430
6.57 6.55 6.34 6/2774 31450
6.57 6.55 6.34 8/2774 31469
6.57 6.55 6.34 6/2774 31489
6.61 6.56 6.34 10/2774 31508
6.61 6.56 6.34 11/2774 31528
6.61 6.56 6.34 4/2774 31547
6.61 6.56 6.34 12/2774 31566
6.61 6.56 6.34 8/2774 31585
6.40 6.52 6.33 4/2774 31605
6.40 6.52 6.33 9/2774 31624
6.40 6.52 6.33 1/2777 31647
6.40 6.52 6.33 7/2778 31667
6.40 6.52 6.33 2/2774 31687
6.45 6.52 6.33 9/2774 31707
6.45 6.52 6.33 3/2774 31726
6.45 6.52 6.33 4/2774 31745
6.45 6.52 6.33 2/2774 31768
6.45 6.52 6.33 11/2774 31787
6.57 6.55 6.34 9/2774 31806
6.57 6.55 6.34 7/2774 31825
6.57 6.55 6.34 8/2774 31844
6.57 6.55 6.34 6/2774 31863
6.57 6.55 6.34 5/2774 31882
6.12 6.46 6.31 9/2774 31902
6.12 6.46 6.31 5/2774 31921
6.12 6.46 6.31 4/2774 31940
6.12 6.46 6.31 6/2774 31959
6.12 6.46 6.31 8/2774 31978
6.44 6.52 6.33 7/2773 31997
6.44 6.52 6.33 5/2773 32016
6.44 6.52 6.33 6/2773 32035
6.44 6.52 6.33 10/2773 32054
6.44 6.52 6.33 3/2778 32078
6.48 6.52 6.34 6/2773 32097
6.48 6.52 6.34 4/2773 32117
6.48 6.52 6.34 4/2773 32137
6.48 6.52 6.34 4/2773 32156
6.48 6.52 6.34 7/2773 32175
6.52 6.53 6.34 4/2773 32195
6.52 6.53 6.34 5/2773 32214
6.52 6.53 6.34 5/2773 32233
6.52 6.53 6.34 9/2773 32252
6.52 6.53 6.34 6/2773 32271
6.40 6.51 6.33 11/2773 32291
6.40 6.51 6.33 3/2773 32311
6.40 6.51 6.33 5/2773 32330
6.40 6.51 6.33 8/2773 32349
6.40 6.51 6.33 7/2773 32368
6.61 6.55 6.35 2/2773 32387
6.61 6.55 6.35 3/2773 32406
6.61 6.55 6.35 2/2773 32425
6.61 6.55 6.35 3/2770 32444
6.61 6.55 6.35 15/2770 32471
6.72 6.57 6.36 10/2775 32511
6.72 6.57 6.36 10/2775 32535
6.72 6.57 6.36 3/2770 32554
6.72 6.57 6.36 5/2768 32573
6.72 6.57 6.36 2/2768 32592
6.74 6.58 6.36 10/2768 32611
6.74 6.58 6.36 4/2768 32630
6.74 6.58 6.36 9/2768 32649
6.74 6.58 6.36 6/2768 32668
6.74 6.58 6.36 12/2768 32687
6.68 6.57 6.36 3/2768 32706
6.68 6.57 6.36 3/2768 32725
6.68 6.57 6.36 3/2768 32745
6.68 6.57 6.36 6/2768 32764
6.68 6.57 6.36 8/2768 460
6.31 6.49 6.34 2/2768 483
6.31 6.49 6.34 11/2768 508
6.31 6.49 6.34 5/2768 541
6.31 6.49 6.34 9/2768 561
6.31 6.49 6.34 5/2769 656
6.12 6.45 6.32 4/2769 704
6.12 6.45 6.32 2/2769 750
6.12 6.45 6.32 5/2774 800
6.12 6.45 6.32 5/2769 835
6.12 6.45 6.32 5/2770 899
6.03 6.43 6.32 11/2771 950
6.03 6.43 6.32 12/2771 992
6.03 6.43 6.32 3/2771 1044
6.03 6.43 6.32 9/2771 1073
6.03 6.43 6.32 3/2771 1104
5.95 6.40 6.31 6/2771 1191
5.95 6.40 6.31 6/2771 1229
5.95 6.40 6.31 6/2771 1275
5.95 6.40 6.31 1/2771 1333
5.95 6.40 6.31 9/2771 1381
6.27 6.46 6.33 3/2779 1446
6.27 6.46 6.33 7/2778 1497
6.27 6.46 6.33 2/2778 1540
6.27 6.46 6.33 5/2778 1583
6.27 6.46 6.33 3/2778 1646
6.01 6.41 6.31 6/2778 1691
6.01 6.41 6.31 4/2778 1736
6.01 6.41 6.31 3/2778 1785
6.01 6.41 6.31 7/2782 1860
6.01 6.41 6.31 1/2780 1896
6.01 6.40 6.31 9/2777 1918
6.01 6.40 6.31 5/2777 1942
6.01 6.40 6.31 6/2778 1965
6.01 6.40 6.31 11/2778 1990
6.01 6.40 6.31 7/2778 2048
6.49 6.49 6.34 12/2778 2080
6.49 6.49 6.34 6/2778 2109
6.49 6.49 6.34 8/2778 2138
6.49 6.49 6.34 4/2777 2183
6.49 6.49 6.34 3/2777 2243
