02-28 14:21:23.472  5649  5649 I BatteryMgr:DataCollectionService: onStartCommand: begin
02-28 14:21:23.472  5649  5649 I BatteryMgr:DataCollectionService: onStartCommand: sampleRate => 1000
02-28 14:21:23.472  5649  5649 I BatteryMgr:DataCollectionService: onStartCommand: rawFields => Timestamp,BATTERY_PROPERTY_CURRENT_NOW,EXTRA_VOLTAGE
02-28 14:21:23.473  5649  5649 I BatteryMgr:DataCollectionService: onStartCommand: notification done
02-28 14:21:23.475  5649  5649 I BatteryMgr:DataCollectionService: started foreground
02-28 14:21:23.477  5649  6439 I BatteryMgr:DataCollectionService: collectData: begin
02-28 14:21:23.479  5649  6439 I BatteryMgr:DataCollectionService: stats => 1709126483479,-2064940,3466
02-28 14:21:24.481  5649  6439 I BatteryMgr:DataCollectionService: stats => 1709126484481,-2019041,3466
02-28 14:21:25.483  5649  6439 I BatteryMgr:DataCollectionService: stats => 1709126485483,-2048827,3466
02-28 14:21:26.485  5649  6439 I BatteryMgr:DataCollectionService: stats => 1709126486485,-1589842,3466
02-28 14:21:27.487  5649  6439 I BatteryMgr:DataCollectionService: stats => 1709126487487,-1582518,3505
02-28 14:21:28.489  5649  6439 I BatteryMgr:DataCollectionService: stats => 1709126488489,-1620116,3505
02-28 14:21:29.492  5649  6439 I BatteryMgr:DataCollectionService: stats => 1709126489491,-1614256,3505
02-28 14:21:30.494  5649  6439 I BatteryMgr:DataCollectionService: stats => 1709126490494,-1592284,3505
02-28 14:21:31.496  5649  6439 I BatteryMgr:DataCollectionService: stats => 1709126491496,-1579589,3505
02-28 14:21:32.498  5649  6439 I BatteryMgr:DataCollectionService: stats => 1709126492498,-2109373,3505
02-28 14:21:33.500  5649  6439 I BatteryMgr:DataCollectionService: stats => 1709126493500,-2138182,3505
02-28 14:21:34.502  5649  6439 I BatteryMgr:DataCollectionService: stats => 1709126494502,-2104002,3505
02-28 14:21:35.504  5649  6439 I BatteryMgr:DataCollectionService: stats => 1709126495504,-2126463,3505
02-28 14:21:36.506  5649  6439 I BatteryMgr:DataCollectionService: stats => 1709126496506,-2114256,3505
02-28 14:21:37.509  5649  6439 I BatteryMgr:DataCollectionService: stats => 1709126497509,-2123045,3505
02-28 14:21:38.511  5649  6439 I BatteryMgr:DataCollectionService: stats => 1709126498511,-2144041,3470
02-28 14:21:39.513  5649  6439 I BatteryMgr:DataCollectionService: stats => 1709126499513,-2136229,3470
02-28 14:21:40.515  5649  6439 I BatteryMgr:DataCollectionService: stats => 1709126500515,-1727538,3470
02-28 14:21:41.517  5649  6439 I BatteryMgr:DataCollectionService: stats => 1709126501517,-2107420,3470
02-28 14:21:42.519  5649  6439 I BatteryMgr:DataCollectionService: stats => 1709126502519,-2260741,3470
02-28 14:21:43.522  5649  6439 I BatteryMgr:DataCollectionService: stats => 1709126503522,-2130370,3470
02-28 14:21:44.524  5649  6439 I BatteryMgr:DataCollectionService: stats => 1709126504524,-2092772,3470
02-28 14:21:45.526  5649  6439 I BatteryMgr:DataCollectionService: stats => 1709126505526,-2102537,3470
02-28 14:21:46.529  5649  6439 I BatteryMgr:DataCollectionService: stats => 1709126506529,-2131346,3470
02-28 14:21:47.532  5649  6439 I BatteryMgr:DataCollectionService: stats => 1709126507532,-2123045,3470
02-28 14:21:48.534  5649  6439 I BatteryMgr:DataCollectionService: stats => 1709126508534,-2126952,3468
02-28 14:21:49.537  5649  6439 I BatteryMgr:DataCollectionService: stats => 1709126509537,-2128416,3468
02-28 14:21:50.539  5649  6439 I BatteryMgr:DataCollectionService: stats => 1709126510539,-2103514,3468
02-28 14:21:51.543  5649  6439 I BatteryMgr:DataCollectionService: stats => 1709126511543,-2085448,3468
02-28 14:21:52.546  5649  6439 I BatteryMgr:DataCollectionService: stats => 1709126512546,-2115721,3468
02-28 14:21:53.548  5649  6439 I BatteryMgr:DataCollectionService: stats => 1709126513548,-2161131,3468
02-28 14:21:54.551  5649  6439 I BatteryMgr:DataCollectionService: stats => 1709126514551,-2122069,3468
02-28 14:21:55.553  5649  6439 I BatteryMgr:DataCollectionService: stats => 1709126515553,-2106932,3468
02-28 14:21:56.555  5649  6439 I BatteryMgr:DataCollectionService: stats => 1709126516555,-2107420,3468
02-28 14:21:57.557  5649  6439 I BatteryMgr:DataCollectionService: stats => 1709126517557,-2080565,3468
02-28 14:21:58.560  5649  6439 I BatteryMgr:DataCollectionService: stats => 1709126518559,-2149412,3467
02-28 14:21:59.562  5649  6439 I BatteryMgr:DataCollectionService: stats => 1709126519562,-2103514,3467
02-28 14:22:00.564  5649  6439 I BatteryMgr:DataCollectionService: stats => 1709126520564,-2117186,3467
02-28 14:22:01.566  5649  6439 I BatteryMgr:DataCollectionService: stats => 1709126521566,-2126463,3467
02-28 14:22:02.568  5649  6439 I BatteryMgr:DataCollectionService: stats => 1709126522568,-2131834,3467
02-28 14:22:03.571  5649  6439 I BatteryMgr:DataCollectionService: stats => 1709126523571,-2142577,3467
02-28 14:22:04.573  5649  6439 I BatteryMgr:DataCollectionService: stats => 1709126524573,-1975584,3467
02-28 14:22:05.575  5649  6439 I BatteryMgr:DataCollectionService: stats => 1709126525575,-1575194,3467
02-28 14:22:06.577  5649  6439 I BatteryMgr:DataCollectionService: stats => 1709126526577,-2112791,3467
02-28 14:22:07.579  5649  6439 I BatteryMgr:DataCollectionService: stats => 1709126527579,-2225584,3467
02-28 14:22:08.583  5649  6439 I BatteryMgr:DataCollectionService: stats => 1709126528583,-2275877,3459
02-28 14:22:09.585  5649  6439 I BatteryMgr:DataCollectionService: stats => 1709126529585,-2302244,3459
02-28 14:22:10.588  5649  6439 I BatteryMgr:DataCollectionService: stats => 1709126530588,-2143553,3459
02-28 14:22:11.590  5649  6439 I BatteryMgr:DataCollectionService: stats => 1709126531590,-2150389,3459
02-28 14:22:12.592  5649  6439 I BatteryMgr:DataCollectionService: stats => 1709126532592,-2174315,3459
02-28 14:22:13.594  5649  6439 I BatteryMgr:DataCollectionService: stats => 1709126533594,-2197264,3459
02-28 14:22:14.596  5649  6439 I BatteryMgr:DataCollectionService: stats => 1709126534596,-2134276,3459
02-28 14:22:15.598  5649  6439 I BatteryMgr:DataCollectionService: stats => 1709126535598,-2123045,3459
02-28 14:22:16.600  5649  6439 I BatteryMgr:DataCollectionService: stats => 1709126536600,-2094237,3459
02-28 14:22:17.602  5649  6439 I BatteryMgr:DataCollectionService: stats => 1709126537602,-2144041,3459
02-28 14:22:18.604  5649  6439 I BatteryMgr:DataCollectionService: stats => 1709126538604,-2159666,3460
02-28 14:22:19.607  5649  6439 I BatteryMgr:DataCollectionService: stats => 1709126539607,-2122069,3460
02-28 14:22:20.609  5649  6439 I BatteryMgr:DataCollectionService: stats => 1709126540609,-2140623,3460
02-28 14:22:21.612  5649  6439 I BatteryMgr:DataCollectionService: stats => 1709126541611,-2126952,3460
02-28 14:22:22.614  5649  6439 I BatteryMgr:DataCollectionService: stats => 1709126542614,-2159178,3460
02-28 14:22:23.617  5649  6439 I BatteryMgr:DataCollectionService: stats => 1709126543617,-2144530,3460
02-28 14:22:24.619  5649  6439 I BatteryMgr:DataCollectionService: stats => 1709126544619,-2184080,3460
02-28 14:22:25.621  5649  6439 I BatteryMgr:DataCollectionService: stats => 1709126545621,-2167479,3460
02-28 14:22:26.623  5649  6439 I BatteryMgr:DataCollectionService: stats => 1709126546623,-2166991,3460
02-28 14:22:27.625  5649  6439 I BatteryMgr:DataCollectionService: stats => 1709126547625,-2155272,3460
02-28 14:22:28.627  5649  6439 I BatteryMgr:DataCollectionService: stats => 1709126548627,-2150877,3458
02-28 14:22:29.629  5649  6439 I BatteryMgr:DataCollectionService: stats => 1709126549629,-2124998,3458
02-28 14:22:30.631  5649  6439 I BatteryMgr:DataCollectionService: stats => 1709126550631,-2142577,3458
02-28 14:22:31.633  5649  6439 I BatteryMgr:DataCollectionService: stats => 1709126551633,-2128905,3458
02-28 14:22:32.635  5649  6439 I BatteryMgr:DataCollectionService: stats => 1709126552635,-2155760,3458
02-28 14:22:33.637  5649  6439 I BatteryMgr:DataCollectionService: stats => 1709126553637,-2138182,3458
02-28 14:22:34.639  5649  6439 I BatteryMgr:DataCollectionService: stats => 1709126554639,-2140135,3458
02-28 14:22:35.641  5649  6439 I BatteryMgr:DataCollectionService: stats => 1709126555641,-2140135,3458
02-28 14:22:36.644  5649  6439 I BatteryMgr:DataCollectionService: stats => 1709126556644,-2121580,3458
02-28 14:22:37.646  5649  6439 I BatteryMgr:DataCollectionService: stats => 1709126557646,-2179686,3458
02-28 14:22:38.649  5649  6439 I BatteryMgr:DataCollectionService: stats => 1709126558649,-2319823,3445
02-28 14:22:39.653  5649  6439 I BatteryMgr:DataCollectionService: stats => 1709126559653,-2311033,3443
02-28 14:22:40.655  5649  6439 I BatteryMgr:DataCollectionService: stats => 1709126560655,-2302733,3443
02-28 14:22:41.657  5649  6439 I BatteryMgr:DataCollectionService: stats => 1709126561657,-2253905,3443
02-28 14:22:42.660  5649  6439 I BatteryMgr:DataCollectionService: stats => 1709126562660,-2135252,3443
02-28 14:22:43.663  5649  6439 I BatteryMgr:DataCollectionService: stats => 1709126563663,-2103514,3443
02-28 14:22:44.665  5649  6439 I BatteryMgr:DataCollectionService: stats => 1709126564665,-2128905,3443
02-28 14:22:45.668  5649  6439 I BatteryMgr:DataCollectionService: stats => 1709126565668,-2141600,3443
02-28 14:22:46.670  5649  6439 I BatteryMgr:DataCollectionService: stats => 1709126566670,-2127440,3455
02-28 14:22:47.673  5649  6439 I BatteryMgr:DataCollectionService: stats => 1709126567673,-2158202,3455
02-28 14:22:48.675  5649  6439 I BatteryMgr:DataCollectionService: stats => 1709126568675,-2161619,3453
02-28 14:22:49.677  5649  6439 I BatteryMgr:DataCollectionService: stats => 1709126569677,-2155272,3453
02-28 14:22:50.679  5649  6439 I BatteryMgr:DataCollectionService: stats => 1709126570679,-2124510,3453
02-28 14:22:51.682  5649  6439 I BatteryMgr:DataCollectionService: stats => 1709126571682,-2187498,3453
02-28 14:22:52.685  5649  6439 I BatteryMgr:DataCollectionService: stats => 1709126572685,-2185057,3453
02-28 14:22:53.687  5649  6439 I BatteryMgr:DataCollectionService: stats => 1709126573687,-2153319,3453
02-28 14:22:54.689  5649  6439 I BatteryMgr:DataCollectionService: stats => 1709126574689,-2175780,3453
02-28 14:22:55.692  5649  6439 I BatteryMgr:DataCollectionService: stats => 1709126575692,-2141112,3453
02-28 14:22:56.694  5649  6439 I BatteryMgr:DataCollectionService: stats => 1709126576694,-2122069,3453
02-28 14:22:57.696  5649  6439 I BatteryMgr:DataCollectionService: stats => 1709126577696,-2166991,3453
02-28 14:22:58.698  5649  6439 I BatteryMgr:DataCollectionService: stats => 1709126578698,-2162596,3452
02-28 14:22:59.700  5649  6439 I BatteryMgr:DataCollectionService: stats => 1709126579700,-2160643,3452
02-28 14:23:00.702  5649  6439 I BatteryMgr:DataCollectionService: stats => 1709126580702,-2163573,3452
02-28 14:23:01.705  5649  6439 I BatteryMgr:DataCollectionService: stats => 1709126581705,-2172850,3452
02-28 14:23:02.707  5649  6439 I BatteryMgr:DataCollectionService: stats => 1709126582707,-2138670,3452
02-28 14:23:03.709  5649  6439 I BatteryMgr:DataCollectionService: stats => 1709126583709,-2109862,3452
02-28 14:23:04.711  5649  6439 I BatteryMgr:DataCollectionService: stats => 1709126584711,-2159666,3452
02-28 14:23:05.713  5649  6439 I BatteryMgr:DataCollectionService: stats => 1709126585713,-2176756,3452
02-28 14:23:06.715  5649  6439 I BatteryMgr:DataCollectionService: stats => 1709126586715,-2194823,3452
02-28 14:23:07.717  5649  6439 I BatteryMgr:DataCollectionService: stats => 1709126587717,-2154784,3452
02-28 14:23:08.720  5649  6439 I BatteryMgr:DataCollectionService: stats => 1709126588720,-2170409,3449
02-28 14:23:09.723  5649  6439 I BatteryMgr:DataCollectionService: stats => 1709126589723,-2278807,3449
02-28 14:23:10.725  5649  6439 I BatteryMgr:DataCollectionService: stats => 1709126590725,-2366209,3449
02-28 14:23:11.731  5649  6439 I BatteryMgr:DataCollectionService: stats => 1709126591731,-2339842,3449
02-28 14:23:12.734  5649  6439 I BatteryMgr:DataCollectionService: stats => 1709126592734,-2358885,3449
02-28 14:23:13.739  5649  6439 I BatteryMgr:DataCollectionService: stats => 1709126593739,-2183592,3449
02-28 14:23:14.742  5649  6439 I BatteryMgr:DataCollectionService: stats => 1709126594742,-2131346,3449
02-28 14:23:15.744  5649  6439 I BatteryMgr:DataCollectionService: stats => 1709126595744,-2178221,3449
02-28 14:23:16.751  5649  6439 I BatteryMgr:DataCollectionService: stats => 1709126596751,-2142577,3449
02-28 14:23:17.753  5649  6439 I BatteryMgr:DataCollectionService: stats => 1709126597753,-2159666,3449
02-28 14:23:18.755  5649  6439 I BatteryMgr:DataCollectionService: stats => 1709126598755,-2153319,3447
02-28 14:23:19.757  5649  6439 I BatteryMgr:DataCollectionService: stats => 1709126599757,-2149901,3447
02-28 14:23:20.759  5649  6439 I BatteryMgr:DataCollectionService: stats => 1709126600759,-2121092,3447
02-28 14:23:21.761  5649  6439 I BatteryMgr:DataCollectionService: stats => 1709126601761,-2155272,3447
02-28 14:23:22.764  5649  6439 I BatteryMgr:DataCollectionService: stats => 1709126602763,-2136229,3447
02-28 14:23:23.766  5649  6439 I BatteryMgr:DataCollectionService: stats => 1709126603766,-2137205,3447
02-28 14:23:24.768  5649  6439 I BatteryMgr:DataCollectionService: stats => 1709126604768,-2166014,3447
02-28 14:23:25.771  5649  6439 I BatteryMgr:DataCollectionService: stats => 1709126605771,-2165037,3447
02-28 14:23:26.773  5649  6439 I BatteryMgr:DataCollectionService: stats => 1709126606773,-2130370,3447
02-28 14:23:27.775  5649  6439 I BatteryMgr:DataCollectionService: stats => 1709126607775,-2133299,3447
02-28 14:23:28.778  5649  6439 I BatteryMgr:DataCollectionService: stats => 1709126608778,-2170897,3446
02-28 14:23:29.780  5649  6439 I BatteryMgr:DataCollectionService: stats => 1709126609780,-2159666,3446
02-28 14:23:30.782  5649  6439 I BatteryMgr:DataCollectionService: stats => 1709126610782,-2152830,3446
02-28 14:23:31.784  5649  6439 I BatteryMgr:DataCollectionService: stats => 1709126611784,-2142577,3446
02-28 14:23:32.786  5649  6439 I BatteryMgr:DataCollectionService: stats => 1709126612786,-2144530,3446
02-28 14:23:33.788  5649  6439 I BatteryMgr:DataCollectionService: stats => 1709126613788,-2143065,3446
02-28 14:23:34.790  5649  6439 I BatteryMgr:DataCollectionService: stats => 1709126614790,-2160643,3446
02-28 14:23:35.792  5649  6439 I BatteryMgr:DataCollectionService: stats => 1709126615792,-2128905,3446
02-28 14:23:36.794  5649  6439 I BatteryMgr:DataCollectionService: stats => 1709126616794,-2171385,3446
02-28 14:23:37.796  5649  6439 I BatteryMgr:DataCollectionService: stats => 1709126617796,-2149901,3446
02-28 14:23:38.798  5649  6439 I BatteryMgr:DataCollectionService: stats => 1709126618798,-2123534,3445
02-28 14:23:39.801  5649  6439 I BatteryMgr:DataCollectionService: stats => 1709126619801,-2181151,3445
02-28 14:23:40.803  5649  6439 I BatteryMgr:DataCollectionService: stats => 1709126620803,-2203612,3445
02-28 14:23:41.807  5649  6439 I BatteryMgr:DataCollectionService: stats => 1709126621807,-2271971,3445
02-28 14:23:42.810  5649  6439 I BatteryMgr:DataCollectionService: stats => 1709126622810,-2355467,3445
02-28 14:23:43.812  5649  6439 I BatteryMgr:DataCollectionService: stats => 1709126623812,-2342772,3445
02-28 14:23:44.814  5649  6439 I BatteryMgr:DataCollectionService: stats => 1709126624814,-2352537,3445
02-28 14:23:45.816  5649  6439 I BatteryMgr:DataCollectionService: stats => 1709126625816,-2155760,3445
02-28 14:23:46.819  5649  6439 I BatteryMgr:DataCollectionService: stats => 1709126626818,-2173338,3445
02-28 14:23:47.821  5649  6439 I BatteryMgr:DataCollectionService: stats => 1709126627821,-2168944,3445
02-28 14:23:48.823  5649  6439 I BatteryMgr:DataCollectionService: stats => 1709126628823,-2153319,3440
02-28 14:23:49.825  5649  6439 I BatteryMgr:DataCollectionService: stats => 1709126629825,-2483397,3422
02-28 14:23:50.827  5649  6439 I BatteryMgr:DataCollectionService: stats => 1709126630827,-2155760,3422
02-28 14:23:51.830  5649  6439 I BatteryMgr:DataCollectionService: stats => 1709126631830,-2175291,3422
02-28 14:23:52.833  5649  6439 I BatteryMgr:DataCollectionService: stats => 1709126632833,-2152342,3422
02-28 14:23:53.836  5649  6439 I BatteryMgr:DataCollectionService: stats => 1709126633836,-2180174,3422
02-28 14:23:54.838  5649  6439 I BatteryMgr:DataCollectionService: stats => 1709126634838,-2166502,3422
02-28 14:23:55.840  5649  6439 I BatteryMgr:DataCollectionService: stats => 1709126635840,-2157713,3422
02-28 14:23:56.842  5649  6439 I BatteryMgr:DataCollectionService: stats => 1709126636842,-2155760,3422
02-28 14:23:57.845  5649  6439 I BatteryMgr:DataCollectionService: stats => 1709126637845,-2162108,3422
02-28 14:23:58.846  5649  6439 I BatteryMgr:DataCollectionService: stats => 1709126638846,-2140135,3439
02-28 14:23:59.849  5649  6439 I BatteryMgr:DataCollectionService: stats => 1709126639849,-2170409,3439
02-28 14:24:00.851  5649  6439 I BatteryMgr:DataCollectionService: stats => 1709126640851,-2162596,3439
02-28 14:24:01.854  5649  6439 I BatteryMgr:DataCollectionService: stats => 1709126641854,-2141112,3439
02-28 14:24:02.856  5649  6439 I BatteryMgr:DataCollectionService: stats => 1709126642856,-2156248,3439
02-28 14:24:03.858  5649  6439 I BatteryMgr:DataCollectionService: stats => 1709126643858,-2172850,3439
02-28 14:24:04.860  5649  6439 I BatteryMgr:DataCollectionService: stats => 1709126644860,-2129393,3439
02-28 14:24:05.863  5649  6439 I BatteryMgr:DataCollectionService: stats => 1709126645862,-2185057,3439
02-28 14:24:06.865  5649  6439 I BatteryMgr:DataCollectionService: stats => 1709126646865,-2178221,3439
02-28 14:24:07.867  5649  6439 I BatteryMgr:DataCollectionService: stats => 1709126647867,-2173338,3439
02-28 14:24:08.869  5649  6439 I BatteryMgr:DataCollectionService: stats => 1709126648869,-2175780,3436
02-28 14:24:09.871  5649  6439 I BatteryMgr:DataCollectionService: stats => 1709126649871,-2158690,3436
02-28 14:24:10.874  5649  6439 I BatteryMgr:DataCollectionService: stats => 1709126650874,-2208983,3434
02-28 14:24:11.878  5649  6439 I BatteryMgr:DataCollectionService: stats => 1709126651878,-2128416,3434
02-28 14:24:12.880  5649  6439 I BatteryMgr:DataCollectionService: stats => 1709126652880,-2249998,3434
02-28 14:24:13.883  5649  6439 I BatteryMgr:DataCollectionService: stats => 1709126653883,-2385252,3434
02-28 14:24:14.886  5649  6439 I BatteryMgr:DataCollectionService: stats => 1709126654886,-2346190,3434
02-28 14:24:15.889  5649  6439 I BatteryMgr:DataCollectionService: stats => 1709126655888,-2370115,3434
02-28 14:24:16.891  5649  6439 I BatteryMgr:DataCollectionService: stats => 1709126656890,-2263670,3434
02-28 14:24:17.893  5649  6439 I BatteryMgr:DataCollectionService: stats => 1709126657893,-2157713,3434
02-28 14:24:18.895  5649  6439 I BatteryMgr:DataCollectionService: stats => 1709126658895,-2083983,3437
02-28 14:24:19.898  5649  6439 I BatteryMgr:DataCollectionService: stats => 1709126659898,-2178709,3437
02-28 14:24:20.900  5649  6439 I BatteryMgr:DataCollectionService: stats => 1709126660900,-2184080,3437
02-28 14:24:21.903  5649  6439 I BatteryMgr:DataCollectionService: stats => 1709126661903,-2158202,3437
02-28 14:24:22.905  5649  6439 I BatteryMgr:DataCollectionService: stats => 1709126662905,-2170897,3437
02-28 14:24:23.907  5649  6439 I BatteryMgr:DataCollectionService: stats => 1709126663907,-2181639,3437
02-28 14:24:24.909  5649  6439 I BatteryMgr:DataCollectionService: stats => 1709126664909,-2205565,3437
02-28 14:24:25.912  5649  6439 I BatteryMgr:DataCollectionService: stats => 1709126665911,-2167967,3437
02-28 14:24:26.913  5649  6439 I BatteryMgr:DataCollectionService: stats => 1709126666913,-2145506,3437
02-28 14:24:27.916  5649  6439 I BatteryMgr:DataCollectionService: stats => 1709126667916,-2175291,3437
02-28 14:24:28.918  5649  6439 I BatteryMgr:DataCollectionService: stats => 1709126668918,-2155760,3433
02-28 14:24:29.920  5649  6439 I BatteryMgr:DataCollectionService: stats => 1709126669920,-2160643,3433
02-28 14:24:30.923  5649  6439 I BatteryMgr:DataCollectionService: stats => 1709126670923,-2164549,3433
02-28 14:24:31.925  5649  6439 I BatteryMgr:DataCollectionService: stats => 1709126671925,-2144041,3433
02-28 14:24:32.928  5649  6439 I BatteryMgr:DataCollectionService: stats => 1709126672927,-2153319,3433
02-28 14:24:33.930  5649  6439 I BatteryMgr:DataCollectionService: stats => 1709126673930,-2160155,3433
02-28 14:24:34.932  5649  6439 I BatteryMgr:DataCollectionService: stats => 1709126674932,-2144530,3433
02-28 14:24:35.934  5649  6439 I BatteryMgr:DataCollectionService: stats => 1709126675934,-2191405,3433
02-28 14:24:36.936  5649  6439 I BatteryMgr:DataCollectionService: stats => 1709126676936,-2179198,3433
02-28 14:24:37.939  5649  6439 I BatteryMgr:DataCollectionService: stats => 1709126677939,-2185057,3433
02-28 14:24:38.941  5649  6439 I BatteryMgr:DataCollectionService: stats => 1709126678941,-2163084,3430
02-28 14:24:39.943  5649  6439 I BatteryMgr:DataCollectionService: stats => 1709126679943,-2190916,3430
02-28 14:24:40.945  5649  6439 I BatteryMgr:DataCollectionService: stats => 1709126680945,-2193846,3430
02-28 14:24:41.947  5649  6439 I BatteryMgr:DataCollectionService: stats => 1709126681947,-2194823,3430
02-28 14:24:42.950  5649  6439 I BatteryMgr:DataCollectionService: stats => 1709126682950,-2177733,3430
02-28 14:24:43.952  5649  6439 I BatteryMgr:DataCollectionService: stats => 1709126683952,-2274412,3430
02-28 14:24:44.955  5649  6439 I BatteryMgr:DataCollectionService: stats => 1709126684955,-2320799,3430
02-28 14:24:45.957  5649  6439 I BatteryMgr:DataCollectionService: stats => 1709126685957,-2394041,3430
02-28 14:24:46.959  5649  6439 I BatteryMgr:DataCollectionService: stats => 1709126686959,-2405272,3430
02-28 14:24:47.962  5649  6439 I BatteryMgr:DataCollectionService: stats => 1709126687962,-2370604,3430
02-28 14:24:48.964  5649  6439 I BatteryMgr:DataCollectionService: stats => 1709126688964,-2204588,3424
02-28 14:24:49.966  5649  6439 I BatteryMgr:DataCollectionService: stats => 1709126689966,-2243162,3423
02-28 14:24:50.969  5649  6439 I BatteryMgr:DataCollectionService: stats => 1709126690969,-2180662,3423
02-28 14:24:51.971  5649  6439 I BatteryMgr:DataCollectionService: stats => 1709126691971,-2208983,3423
02-28 14:24:52.974  5649  6439 I BatteryMgr:DataCollectionService: stats => 1709126692974,-2189452,3423
02-28 14:24:53.976  5649  6439 I BatteryMgr:DataCollectionService: stats => 1709126693975,-2172850,3423
02-28 14:24:54.977  5649  6439 I BatteryMgr:DataCollectionService: stats => 1709126694977,-2201659,3426
02-28 14:24:55.979  5649  6439 I BatteryMgr:DataCollectionService: stats => 1709126695979,-2158690,3426
02-28 14:24:56.981  5649  6439 I BatteryMgr:DataCollectionService: stats => 1709126696981,-2219237,3426
02-28 14:24:57.984  5649  6439 I BatteryMgr:DataCollectionService: stats => 1709126697984,-2232909,3426
02-28 14:24:58.986  5649  6439 I BatteryMgr:DataCollectionService: stats => 1709126698986,-2192869,3422
02-28 14:24:59.988  5649  6439 I BatteryMgr:DataCollectionService: stats => 1709126699988,-2195311,3422
02-28 14:25:00.990  5649  6439 I BatteryMgr:DataCollectionService: stats => 1709126700990,-2258299,3422
02-28 14:25:01.993  5649  6439 I BatteryMgr:DataCollectionService: stats => 1709126701993,-2215819,3422
02-28 14:25:02.995  5649  6439 I BatteryMgr:DataCollectionService: stats => 1709126702995,-2188475,3422
02-28 14:25:03.997  5649  6439 I BatteryMgr:DataCollectionService: stats => 1709126703997,-2188475,3422
02-28 14:25:04.999  5649  6439 I BatteryMgr:DataCollectionService: stats => 1709126704999,-2230467,3422
02-28 14:25:06.002  5649  6439 I BatteryMgr:DataCollectionService: stats => 1709126706002,-2203123,3422
02-28 14:25:07.004  5649  6439 I BatteryMgr:DataCollectionService: stats => 1709126707004,-2188963,3422
02-28 14:25:08.006  5649  6439 I BatteryMgr:DataCollectionService: stats => 1709126708006,-2186522,3422
02-28 14:25:09.008  5649  6439 I BatteryMgr:DataCollectionService: stats => 1709126709008,-2202147,3422
02-28 14:25:10.010  5649  6439 I BatteryMgr:DataCollectionService: stats => 1709126710010,-2242674,3422
02-28 14:25:11.012  5649  6439 I BatteryMgr:DataCollectionService: stats => 1709126711012,-2220213,3422
02-28 14:25:12.015  5649  6439 I BatteryMgr:DataCollectionService: stats => 1709126712015,-2253416,3422
02-28 14:25:13.017  5649  6439 I BatteryMgr:DataCollectionService: stats => 1709126713017,-2188475,3422
02-28 14:25:14.019  5649  6439 I BatteryMgr:DataCollectionService: stats => 1709126714019,-2216795,3422
02-28 14:25:15.022  5649  6439 I BatteryMgr:DataCollectionService: stats => 1709126715022,-2236815,3422
02-28 14:25:16.024  5649  6439 I BatteryMgr:DataCollectionService: stats => 1709126716024,-1952147,3422
02-28 14:25:17.027  5649  6439 I BatteryMgr:DataCollectionService: stats => 1709126717027,-2353514,3422
02-28 14:25:18.030  5649  6439 I BatteryMgr:DataCollectionService: stats => 1709126718030,-2379393,3422
02-28 14:25:19.033  5649  6439 I BatteryMgr:DataCollectionService: stats => 1709126719032,-2406248,3405
02-28 14:25:20.035  5649  6439 I BatteryMgr:DataCollectionService: stats => 1709126720035,-2189940,3405
02-28 14:25:21.037  5649  6439 I BatteryMgr:DataCollectionService: stats => 1709126721037,-2189452,3405
02-28 14:25:22.039  5649  6439 I BatteryMgr:DataCollectionService: stats => 1709126722039,-2183104,3405
02-28 14:25:23.041  5649  6439 I BatteryMgr:DataCollectionService: stats => 1709126723041,-2175780,3405
02-28 14:25:24.043  5649  6439 I BatteryMgr:DataCollectionService: stats => 1709126724043,-2206053,3405
02-28 14:25:25.045  5649  6439 I BatteryMgr:DataCollectionService: stats => 1709126725045,-2190916,3405
02-28 14:25:26.047  5649  6439 I BatteryMgr:DataCollectionService: stats => 1709126726047,-2175780,3405
