7.74 7.78 7.95 3/2877 27901
7.74 7.78 7.95 1/2877 27928
7.74 7.78 7.95 7/2878 27956
7.52 7.73 7.94 1/2878 27983
7.52 7.73 7.94 1/2878 28010
7.52 7.73 7.94 2/2878 28038
7.52 7.73 7.94 1/2874 28065
7.52 7.73 7.94 5/2874 28092
7.64 7.75 7.94 1/2874 28120
7.64 7.75 7.94 2/2874 28147
7.64 7.75 7.94 2/2874 28174
7.64 7.75 7.94 2/2874 28201
7.64 7.75 7.94 4/2874 28239
7.91 7.81 7.96 2/2874 28268
7.91 7.81 7.96 5/2874 28295
7.91 7.81 7.96 3/2874 28322
7.91 7.81 7.96 4/2874 28350
7.91 7.81 7.96 4/2874 28377
7.99 7.83 7.96 4/2874 28404
7.99 7.83 7.96 5/2874 28431
7.99 7.83 7.96 2/2874 28458
7.99 7.83 7.96 4/2874 28491
7.99 7.83 7.96 1/2874 28518
8.08 7.84 7.97 3/2874 28545
8.08 7.84 7.97 1/2874 28572
8.08 7.84 7.97 4/2874 28599
8.08 7.84 7.97 2/2874 28633
8.08 7.84 7.97 4/2874 28660
8.31 7.90 7.99 1/2874 28687
8.31 7.90 7.99 2/2874 28714
8.31 7.90 7.99 6/2874 28741
8.31 7.90 7.99 3/2874 28768
8.31 7.90 7.99 5/2874 28795
8.53 7.95 8.00 1/2874 28822
8.53 7.95 8.00 4/2874 28849
8.53 7.95 8.00 2/2874 28876
8.53 7.95 8.00 5/2874 28903
8.53 7.95 8.00 1/2874 28931
8.56 7.97 8.01 6/2874 28958
8.56 7.97 8.01 3/2874 28991
8.56 7.97 8.01 3/2874 29018
8.56 7.97 8.01 5/2874 29046
8.56 7.97 8.01 4/2874 29074
8.60 7.98 8.01 1/2874 29101
8.60 7.98 8.01 3/2874 29129
8.60 7.98 8.01 2/2874 29157
8.60 7.98 8.01 3/2874 29184
8.60 7.98 8.01 3/2874 29215
8.55 7.98 8.01 4/2874 29247
8.55 7.98 8.01 2/2874 29280
8.55 7.98 8.01 3/2874 29308
8.55 7.98 8.01 1/2874 29335
8.55 7.98 8.01 3/2874 29362
8.51 7.99 8.01 2/2874 29395
8.51 7.99 8.01 5/2874 29423
8.51 7.99 8.01 2/2874 29450
8.51 7.99 8.01 8/2874 29478
8.51 7.99 8.01 2/2874 29507
8.79 8.05 8.03 7/2874 29535
8.79 8.05 8.03 3/2874 29563
8.79 8.05 8.03 3/2874 29590
8.79 8.05 8.03 8/2874 29617
8.79 8.05 8.03 6/2874 29644
8.80 8.07 8.04 1/2874 29671
8.80 8.07 8.04 4/2874 29698
8.80 8.07 8.04 2/2874 29725
8.80 8.07 8.04 2/2874 29752
8.80 8.07 8.04 5/2874 29779
8.58 8.03 8.03 6/2874 29806
8.58 8.03 8.03 2/2872 29834
8.58 8.03 8.03 2/2872 29861
8.58 8.03 8.03 3/2872 29894
8.58 8.03 8.03 3/2872 29921
8.37 8.00 8.02 2/2872 29954
8.37 8.00 8.02 5/2868 29983
8.37 8.00 8.02 3/2872 30017
8.37 8.00 8.02 7/2872 30044
8.37 8.00 8.02 2/2872 30071
8.18 7.97 8.01 6/2872 30098
8.18 7.97 8.01 5/2872 30126
8.18 7.97 8.01 7/2872 30153
8.18 7.97 8.01 1/2872 30186
8.18 7.97 8.01 7/2872 30213
8.01 7.93 7.99 2/2871 30241
8.01 7.93 7.99 4/2871 30268
8.01 7.93 7.99 5/2871 30295
8.01 7.93 7.99 10/2871 30328
8.01 7.93 7.99 3/2871 30361
7.93 7.92 7.99 7/2871 30388
7.93 7.92 7.99 1/2871 30415
7.93 7.92 7.99 9/2871 30443
7.93 7.92 7.99 7/2871 30470
7.93 7.92 7.99 2/2871 30497
8.33 8.00 8.02 2/2871 30524
8.33 8.00 8.02 10/2871 30551
8.33 8.00 8.02 1/2871 30584
8.33 8.00 8.02 4/2870 30611
8.33 8.00 8.02 5/2869 30644
8.15 7.97 8.01 4/2869 30671
8.15 7.97 8.01 3/2868 30698
8.15 7.97 8.01 3/2868 30726
8.15 7.97 8.01 2/2868 30759
8.15 7.97 8.01 3/2868 30786
8.45 8.04 8.03 3/2868 30819
8.45 8.04 8.03 3/2868 30846
8.45 8.04 8.03 4/2868 30873
8.45 8.04 8.03 7/2868 30900
8.45 8.04 8.03 4/2868 30931
8.82 8.12 8.05 3/2864 30966
8.82 8.12 8.05 7/2865 30994
8.82 8.12 8.05 8/2865 31021
8.82 8.12 8.05 2/2865 31055
8.82 8.12 8.05 5/2864 31082
8.67 8.10 8.05 2/2864 31109
8.67 8.10 8.05 3/2863 31137
8.67 8.10 8.05 3/2863 31165
8.67 8.10 8.05 5/2863 31192
8.67 8.10 8.05 2/2863 31219
8.62 8.10 8.05 5/2863 31246
8.62 8.10 8.05 1/2863 31273
8.62 8.10 8.05 3/2863 31300
8.62 8.10 8.05 1/2863 31327
8.62 8.10 8.05 7/2863 31356
9.21 8.23 8.09 5/2863 31383
9.21 8.23 8.09 4/2860 31410
9.21 8.23 8.09 1/2860 31446
9.21 8.23 8.09 2/2860 31473
9.21 8.23 8.09 1/2860 31500
8.95 8.19 8.08 10/2860 31527
8.95 8.19 8.08 5/2860 31554
8.95 8.19 8.08 8/2860 31581
8.95 8.19 8.08 2/2860 31608
8.95 8.19 8.08 5/2860 31636
9.04 8.22 8.09 1/2860 31663
9.04 8.22 8.09 5/2861 31691
9.04 8.22 8.09 3/2861 31718
9.04 8.22 8.09 2/2861 31745
9.04 8.22 8.09 4/2861 31772
8.79 8.18 8.08 5/2861 31799
8.79 8.18 8.08 3/2861 31826
8.79 8.18 8.08 3/2861 31853
8.79 8.18 8.08 4/2861 31880
8.79 8.18 8.08 3/2861 31907
8.65 8.16 8.07 2/2861 31942
8.65 8.16 8.07 3/2861 31969
8.65 8.16 8.07 1/2868 32009
8.65 8.16 8.07 7/2868 32036
8.65 8.16 8.07 2/2869 32065
8.68 8.18 8.08 10/2869 32092
8.68 8.18 8.08 2/2869 32119
8.68 8.18 8.08 3/2870 32147
8.68 8.18 8.08 7/2870 32174
8.68 8.18 8.08 2/2870 32201
8.62 8.18 8.08 2/2871 32230
8.62 8.18 8.08 12/2871 32257
8.62 8.18 8.08 2/2871 32284
8.62 8.18 8.08 5/2871 32317
8.62 8.18 8.08 6/2871 32350
8.65 8.19 8.08 4/2867 32377
8.65 8.19 8.08 5/2873 32413
8.65 8.19 8.08 3/2873 32440
8.65 8.19 8.08 3/2869 32467
8.65 8.19 8.08 3/2877 32504
8.36 8.14 8.07 6/2878 32532
8.36 8.14 8.07 4/2878 32560
8.36 8.14 8.07 3/2878 32587
8.36 8.14 8.07 6/2878 32614
8.36 8.14 8.07 4/2878 32645
8.33 8.13 8.07 9/2879 32681
8.33 8.13 8.07 1/2879 32708
8.33 8.13 8.07 5/2879 32735
8.33 8.13 8.07 2/2879 300
8.33 8.13 8.07 2/2879 428
8.14 8.10 8.05 2/2879 555
8.14 8.10 8.05 5/2879 625
8.14 8.10 8.05 2/2879 664
8.14 8.10 8.05 5/2879 701
8.14 8.10 8.05 3/2879 768
8.13 8.10 8.05 3/2879 795
8.13 8.10 8.05 1/2879 872
8.13 8.10 8.05 1/2879 932
8.13 8.10 8.05 5/2879 1024
8.13 8.10 8.05 2/2879 1070
8.04 8.08 8.05 3/2879 1154
8.04 8.08 8.05 2/2879 1268
8.04 8.08 8.05 2/2879 1334
8.04 8.08 8.05 2/2879 1396
8.04 8.08 8.05 5/2879 1456
8.44 8.16 8.08 1/2879 1501
8.44 8.16 8.08 3/2879 1529
8.44 8.16 8.08 6/2881 1566
8.44 8.16 8.08 4/2881 1613
8.44 8.16 8.08 9/2881 1671
8.32 8.14 8.07 1/2882 1718
8.32 8.14 8.07 2/2882 1780
8.32 8.14 8.07 1/2881 1863
8.32 8.14 8.07 3/2881 1925
8.32 8.14 8.07 2/2881 1964
8.46 8.17 8.08 1/2881 2014
8.46 8.17 8.08 2/2881 2058
8.46 8.17 8.08 6/2881 2096
8.46 8.17 8.08 2/2881 2181
8.46 8.17 8.08 3/2881 2250
8.90 8.27 8.11 2/2881 2327
8.90 8.27 8.11 6/2881 2385
8.90 8.27 8.11 2/2878 2442
8.90 8.27 8.11 3/2878 2497
8.90 8.27 8.11 2/2877 2530
8.59 8.21 8.10 3/2877 2568
8.59 8.21 8.10 1/2877 2600
8.59 8.21 8.10 6/2877 2650
8.59 8.21 8.10 2/2877 2776
8.59 8.21 8.10 5/2871 2812
8.38 8.18 8.08 1/2875 2870
8.38 8.18 8.08 5/2875 2898
8.38 8.18 8.08 3/2871 2952
8.38 8.18 8.08 11/2875 3021
8.38 8.18 8.08 1/2880 3094
8.19 8.14 8.07 3/2880 3132
8.19 8.14 8.07 7/2880 3187
8.19 8.14 8.07 3/2880 3216
8.19 8.14 8.07 1/2880 3269
8.19 8.14 8.07 3/2880 3323
7.93 8.09 8.06 4/2880 3378
7.93 8.09 8.06 6/2880 3418
7.93 8.09 8.06 2/2880 3531
7.93 8.09 8.06 2/2880 3563
7.93 8.09 8.06 1/2880 3602
7.94 8.09 8.06 6/2880 3637
7.94 8.09 8.06 1/2880 3668
7.94 8.09 8.06 6/2880 3708
7.94 8.09 8.06 4/2880 3778
7.94 8.09 8.06 9/2880 3845
8.11 8.12 8.07 5/2880 3942
8.11 8.12 8.07 3/2880 3989
8.11 8.12 8.07 4/2880 4035
8.11 8.12 8.07 9/2880 4073
8.11 8.12 8.07 5/2880 4105
7.94 8.08 8.05 5/2880 4134
7.94 8.08 8.05 8/2880 4168
7.94 8.08 8.05 6/2880 4209
7.94 8.08 8.05 2/2880 4255
