7477.49 38539.10
7478.49 38545.42
7479.48 38551.49
7480.49 38557.84
7481.48 38563.72
7482.48 38569.79
7483.50 38576.02
7484.49 38582.21
7485.48 38588.43
7486.49 38594.36
7487.48 38600.19
7488.48 38606.25
7489.49 38612.29
7490.49 38618.33
7491.49 38624.37
7492.49 38629.95
7493.49 38635.90
7494.48 38641.63
7495.49 38647.55
7496.49 38653.71
7497.49 38659.97
7498.50 38666.26
7499.48 38672.21
7500.48 38678.24
7501.49 38684.17
7502.48 38690.16
7503.49 38696.45
7504.50 38702.45
7505.49 38708.51
7506.48 38714.63
7507.49 38720.60
7508.48 38726.56
7509.48 38732.60
7510.48 38738.85
7511.49 38744.99
7512.48 38751.27
7513.48 38757.29
7514.49 38763.46
7515.49 38769.34
7516.48 38775.42
7517.48 38781.52
7518.49 38788.03
7519.49 38794.23
7520.49 38799.85
7521.48 38805.49
7522.49 38811.15
7523.48 38817.08
7524.49 38823.14
7525.49 38828.89
7526.49 38834.71
7527.49 38840.48
7528.48 38846.54
7529.49 38852.55
7530.49 38858.53
7531.48 38864.15
7532.49 38870.17
7533.48 38876.00
7534.48 38881.80
7535.49 38887.66
7536.49 38893.33
7537.48 38899.02
7538.49 38905.21
7539.48 38911.07
7540.49 38917.18
7541.48 38923.27
7542.49 38929.31
7543.48 38935.16
7544.49 38941.10
7545.49 38947.12
7546.49 38953.13
7547.48 38959.27
7548.49 38965.33
7549.49 38971.07
7550.49 38976.24
7551.48 38981.78
7552.49 38987.16
7553.48 38992.30
7554.49 38998.07
7555.49 39004.00
7556.49 39009.97
7557.48 39015.78
7558.49 39022.00
7559.49 39028.36
7560.49 39034.43
7561.49 39040.58
7562.49 39046.69
7563.51 39052.76
7564.49 39058.84
7565.49 39064.96
7566.49 39070.85
7567.49 39076.80
7568.49 39082.67
7569.48 39088.58
7570.49 39094.22
7571.49 39100.12
7572.48 39105.89
7573.49 39111.77
7574.49 39117.36
7575.49 39122.97
7576.49 39128.68
7577.48 39134.36
7578.48 39140.10
7579.48 39145.94
7580.49 39151.72
7581.49 39157.24
7582.49 39162.16
7583.49 39167.20
7584.49 39172.60
7585.51 39178.15
7586.49 39183.62
7587.49 39189.40
7588.48 39195.13
7589.49 39201.32
7590.48 39207.11
7591.48 39212.79
7592.49 39218.86
7593.49 39224.53
7594.47 39230.56
7595.49 39236.72
7596.49 39242.64
7597.48 39248.39
7598.49 39254.39
7599.49 39260.18
7600.48 39266.20
7601.50 39272.50
7602.49 39278.26
7603.49 39284.09
7604.50 39290.21
7605.48 39296.02
7606.48 39301.99
7607.49 39307.81
7608.48 39313.62
7609.50 39319.85
7610.49 39325.71
7611.49 39331.58
7612.50 39337.61
7613.49 39342.95
7614.48 39348.44
7615.48 39353.69
7616.48 39359.13
7617.49 39364.68
7618.49 39370.61
7619.49 39376.51
7620.49 39382.28
7621.50 39388.11
7622.49 39392.30
7623.49 39397.63
7624.48 39403.10
7625.49 39408.83
7626.49 39414.69
7627.48 39419.96
7628.49 39425.86
7629.48 39431.66
7630.48 39437.60
7631.49 39443.69
7632.49 39449.54
7633.47 39455.37
7634.48 39461.16
7635.48 39467.02
7636.49 39473.20
7637.48 39479.24
7638.48 39485.42
7639.49 39491.74
7640.48 39497.79
7641.48 39503.75
7642.49 39509.92
7643.49 39516.03
7644.48 39521.87
7645.47 39527.09
7646.48 39532.43
7647.48 39537.88
7648.49 39543.58
7649.48 39549.21
7650.49 39555.57
7651.48 39561.77
7652.49 39567.78
7653.48 39573.87
7654.48 39579.90
7655.48 39585.97
7656.48 39592.02
7657.48 39598.25
7658.49 39604.52
7659.49 39610.24
7660.49 39615.91
7661.49 39621.79
7662.48 39627.57
7663.48 39633.48
7664.49 39639.67
7665.49 39645.85
7666.48 39651.78
7667.49 39657.80
7668.48 39663.89
7669.49 39669.97
7670.49 39676.30
7671.49 39682.19
7672.48 39688.18
7673.49 39694.26
7674.49 39700.40
7675.50 39706.38
7676.49 39711.78
7677.49 39717.22
7678.49 39722.41
7679.49 39727.90
7680.49 39733.77
7681.49 39739.66
7682.49 39745.41
7683.48 39751.77
7684.49 39758.07
7685.49 39764.05
7686.50 39770.03
7687.49 39775.88
7688.49 39781.80
7689.48 39787.71
7690.50 39793.72
7691.49 39799.77
7692.48 39805.70
7693.48 39811.78
7694.50 39817.67
7695.49 39823.23
7696.48 39828.92
7697.49 39834.67
7698.49 39840.31
7699.48 39846.05
7700.48 39851.71
7701.49 39857.53
7702.48 39863.22
7703.48 39869.12
7704.50 39874.68
7705.49 39880.25
7706.49 39885.78
7707.48 39891.30
7708.49 39896.74
7709.48 39902.03
7710.50 39907.84
7711.49 39913.20
7712.48 39918.81
7713.50 39925.06
7714.49 39930.99
7715.49 39937.04
7716.49 39943.04
7717.49 39949.18
7718.49 39955.08
