12-15 19:47:09.172  4875  4875 I BatteryMgr:DataCollectionService: onStartCommand: begin
12-15 19:47:09.173  4875  4875 I BatteryMgr:DataCollectionService: onStartCommand: sampleRate => 1000
12-15 19:47:09.173  4875  4875 I BatteryMgr:DataCollectionService: onStartCommand: rawFields => Timestamp,BATTERY_PROPERTY_CURRENT_NOW,EXTRA_VOLTAGE
12-15 19:47:09.174  4875  4875 I BatteryMgr:DataCollectionService: onStartCommand: notification done
12-15 19:47:09.179  4875  4875 I BatteryMgr:DataCollectionService: started foreground
12-15 19:47:09.184  4875  5294 I BatteryMgr:DataCollectionService: collectData: begin
12-15 19:47:09.186  4875  5294 I BatteryMgr:DataCollectionService: stats => 1702666029185,-1990233,3542
12-15 19:47:10.189  4875  5294 I BatteryMgr:DataCollectionService: stats => 1702666030189,-1985350,3541
12-15 19:47:11.193  4875  5294 I BatteryMgr:DataCollectionService: stats => 1702666031193,-2003416,3541
12-15 19:47:12.196  4875  5294 I BatteryMgr:DataCollectionService: stats => 1702666032196,-1985350,3541
12-15 19:47:13.199  4875  5294 I BatteryMgr:DataCollectionService: stats => 1702666033199,-1994627,3541
12-15 19:47:14.201  4875  5294 I BatteryMgr:DataCollectionService: stats => 1702666034201,-1994139,3541
12-15 19:47:15.205  4875  5294 I BatteryMgr:DataCollectionService: stats => 1702666035205,-2043944,3541
12-15 19:47:16.208  4875  5294 I BatteryMgr:DataCollectionService: stats => 1702666036208,-2017577,3541
12-15 19:47:17.210  4875  5294 I BatteryMgr:DataCollectionService: stats => 1702666037210,-1988768,3541
12-15 19:47:18.213  4875  5294 I BatteryMgr:DataCollectionService: stats => 1702666038213,-2009764,3541
12-15 19:47:19.216  4875  5294 I BatteryMgr:DataCollectionService: stats => 1702666039216,-2020995,3541
12-15 19:47:20.221  4875  5294 I BatteryMgr:DataCollectionService: stats => 1702666040221,-2005370,3541
12-15 19:47:21.224  4875  5294 I BatteryMgr:DataCollectionService: stats => 1702666041224,-1999998,3541
12-15 19:47:22.234  4875  5294 I BatteryMgr:DataCollectionService: stats => 1702666042234,-2047362,3541
12-15 19:47:23.237  4875  5294 I BatteryMgr:DataCollectionService: stats => 1702666043237,-1997557,3537
12-15 19:47:24.240  4875  5294 I BatteryMgr:DataCollectionService: stats => 1702666044240,-2014159,3537
12-15 19:47:25.243  4875  5294 I BatteryMgr:DataCollectionService: stats => 1702666045243,-1995116,3537
12-15 19:47:26.249  4875  5294 I BatteryMgr:DataCollectionService: stats => 1702666046249,-2004881,3537
12-15 19:47:27.261  4875  5294 I BatteryMgr:DataCollectionService: stats => 1702666047261,-2014159,3537
12-15 19:47:28.265  4875  5294 I BatteryMgr:DataCollectionService: stats => 1702666048265,-2171385,3537
12-15 19:47:29.268  4875  5294 I BatteryMgr:DataCollectionService: stats => 1702666049268,-2165526,3537
12-15 19:47:30.273  4875  5294 I BatteryMgr:DataCollectionService: stats => 1702666050273,-2161619,3537
12-15 19:47:31.277  4875  5294 I BatteryMgr:DataCollectionService: stats => 1702666051277,-2043455,3537
12-15 19:47:32.281  4875  5294 I BatteryMgr:DataCollectionService: stats => 1702666052281,-2006834,3537
12-15 19:47:33.283  4875  5294 I BatteryMgr:DataCollectionService: stats => 1702666053283,-1562987,3537
12-15 19:47:34.289  4875  5294 I BatteryMgr:DataCollectionService: stats => 1702666054289,-1558592,3537
12-15 19:47:35.291  4875  5294 I BatteryMgr:DataCollectionService: stats => 1702666055291,-1554198,3537
12-15 19:47:36.294  4875  5294 I BatteryMgr:DataCollectionService: stats => 1702666056293,-1567870,3537
12-15 19:47:37.296  4875  5294 I BatteryMgr:DataCollectionService: stats => 1702666057296,-1598143,3537
12-15 19:47:38.301  4875  5294 I BatteryMgr:DataCollectionService: stats => 1702666058300,-1686034,3537
12-15 19:47:39.302  4875  5294 I BatteryMgr:DataCollectionService: stats => 1702666059302,-1640624,3537
12-15 19:47:40.305  4875  5294 I BatteryMgr:DataCollectionService: stats => 1702666060305,-1584960,3537
12-15 19:47:41.307  4875  5294 I BatteryMgr:DataCollectionService: stats => 1702666061307,-1613768,3537
12-15 19:47:42.313  4875  5294 I BatteryMgr:DataCollectionService: stats => 1702666062313,-1667967,3558
12-15 19:47:43.315  4875  5294 I BatteryMgr:DataCollectionService: stats => 1702666063315,-1634764,3558
12-15 19:47:44.318  4875  5294 I BatteryMgr:DataCollectionService: stats => 1702666064318,-1665526,3558
12-15 19:47:45.321  4875  5294 I BatteryMgr:DataCollectionService: stats => 1702666065321,-1670897,3558
12-15 19:47:46.324  4875  5294 I BatteryMgr:DataCollectionService: stats => 1702666066324,-1662108,3558
12-15 19:47:47.329  4875  5294 I BatteryMgr:DataCollectionService: stats => 1702666067329,-1662108,3558
12-15 19:47:48.332  4875  5294 I BatteryMgr:DataCollectionService: stats => 1702666068332,-1703124,3558
12-15 19:47:49.334  4875  5294 I BatteryMgr:DataCollectionService: stats => 1702666069334,-1670409,3558
12-15 19:47:50.338  4875  5294 I BatteryMgr:DataCollectionService: stats => 1702666070338,-1676268,3558
12-15 19:47:51.341  4875  5294 I BatteryMgr:DataCollectionService: stats => 1702666071340,-1704100,3558
12-15 19:47:52.343  4875  5294 I BatteryMgr:DataCollectionService: stats => 1702666072343,-1718749,3557
12-15 19:47:53.346  4875  5294 I BatteryMgr:DataCollectionService: stats => 1702666073346,-1641600,3557
12-15 19:47:54.349  4875  5294 I BatteryMgr:DataCollectionService: stats => 1702666074349,-1646971,3557
12-15 19:47:55.353  4875  5294 I BatteryMgr:DataCollectionService: stats => 1702666075353,-1700682,3557
12-15 19:47:56.355  4875  5294 I BatteryMgr:DataCollectionService: stats => 1702666076355,-1653319,3557
12-15 19:47:57.358  4875  5294 I BatteryMgr:DataCollectionService: stats => 1702666077358,-1729003,3557
12-15 19:47:58.367  4875  5294 I BatteryMgr:DataCollectionService: stats => 1702666078363,-1734862,3557
12-15 19:47:59.370  4875  5294 I BatteryMgr:DataCollectionService: stats => 1702666079370,-1684569,3557
12-15 19:48:00.375  4875  5294 I BatteryMgr:DataCollectionService: stats => 1702666080375,-1663085,3557
12-15 19:48:01.380  4875  5294 I BatteryMgr:DataCollectionService: stats => 1702666081380,-1696776,3557
12-15 19:48:02.382  4875  5294 I BatteryMgr:DataCollectionService: stats => 1702666082382,-1694823,3558
12-15 19:48:03.384  4875  5294 I BatteryMgr:DataCollectionService: stats => 1702666083384,-1694823,3558
12-15 19:48:04.389  4875  5294 I BatteryMgr:DataCollectionService: stats => 1702666084389,-1699217,3558
12-15 19:48:05.395  4875  5294 I BatteryMgr:DataCollectionService: stats => 1702666085395,-1742186,3558
12-15 19:48:06.398  4875  5294 I BatteryMgr:DataCollectionService: stats => 1702666086398,-1711913,3558
12-15 19:48:07.401  4875  5294 I BatteryMgr:DataCollectionService: stats => 1702666087401,-1680174,3558
12-15 19:48:08.404  4875  5294 I BatteryMgr:DataCollectionService: stats => 1702666088404,-1711424,3558
12-15 19:48:09.409  4875  5294 I BatteryMgr:DataCollectionService: stats => 1702666089409,-1652342,3558
12-15 19:48:10.412  4875  5294 I BatteryMgr:DataCollectionService: stats => 1702666090412,-1650389,3558
12-15 19:48:11.414  4875  5294 I BatteryMgr:DataCollectionService: stats => 1702666091414,-1674315,3558
12-15 19:48:12.418  4875  5294 I BatteryMgr:DataCollectionService: stats => 1702666092418,-1696288,3558
12-15 19:48:13.420  4875  5294 I BatteryMgr:DataCollectionService: stats => 1702666093420,-1743651,3558
12-15 19:48:14.423  4875  5294 I BatteryMgr:DataCollectionService: stats => 1702666094423,-1687499,3558
12-15 19:48:15.425  4875  5294 I BatteryMgr:DataCollectionService: stats => 1702666095425,-1691893,3558
12-15 19:48:16.430  4875  5294 I BatteryMgr:DataCollectionService: stats => 1702666096430,-1652831,3558
12-15 19:48:17.433  4875  5294 I BatteryMgr:DataCollectionService: stats => 1702666097433,-1710936,3558
12-15 19:48:18.435  4875  5294 I BatteryMgr:DataCollectionService: stats => 1702666098435,-1682128,3558
12-15 19:48:19.439  4875  5294 I BatteryMgr:DataCollectionService: stats => 1702666099439,-1689452,3558
12-15 19:48:20.445  4875  5294 I BatteryMgr:DataCollectionService: stats => 1702666100445,-1802733,3558
12-15 19:48:21.448  4875  5294 I BatteryMgr:DataCollectionService: stats => 1702666101448,-1753417,3558
12-15 19:48:22.451  4875  5294 I BatteryMgr:DataCollectionService: stats => 1702666102451,-1724120,3556
12-15 19:48:23.454  4875  5294 I BatteryMgr:DataCollectionService: stats => 1702666103454,-1670409,3556
12-15 19:48:24.461  4875  5294 I BatteryMgr:DataCollectionService: stats => 1702666104461,-1729979,3556
12-15 19:48:25.465  4875  5294 I BatteryMgr:DataCollectionService: stats => 1702666105465,-1659178,3556
12-15 19:48:26.469  4875  5294 I BatteryMgr:DataCollectionService: stats => 1702666106469,-1708983,3556
12-15 19:48:27.473  4875  5294 I BatteryMgr:DataCollectionService: stats => 1702666107473,-1704588,3556
12-15 19:48:28.475  4875  5294 I BatteryMgr:DataCollectionService: stats => 1702666108475,-1721678,3556
12-15 19:48:29.479  4875  5294 I BatteryMgr:DataCollectionService: stats => 1702666109479,-1687499,3556
12-15 19:48:30.483  4875  5294 I BatteryMgr:DataCollectionService: stats => 1702666110483,-1664061,3556
12-15 19:48:31.487  4875  5294 I BatteryMgr:DataCollectionService: stats => 1702666111487,-1697753,3556
12-15 19:48:32.491  4875  5294 I BatteryMgr:DataCollectionService: stats => 1702666112491,-1693358,3558
12-15 19:48:33.494  4875  5294 I BatteryMgr:DataCollectionService: stats => 1702666113494,-1716307,3558
12-15 19:48:34.497  4875  5294 I BatteryMgr:DataCollectionService: stats => 1702666114496,-1657713,3558
12-15 19:48:35.500  4875  5294 I BatteryMgr:DataCollectionService: stats => 1702666115500,-1679686,3558
12-15 19:48:36.504  4875  5294 I BatteryMgr:DataCollectionService: stats => 1702666116503,-1692381,3558
12-15 19:48:37.506  4875  5294 I BatteryMgr:DataCollectionService: stats => 1702666117506,-1673827,3558
12-15 19:48:38.510  4875  5294 I BatteryMgr:DataCollectionService: stats => 1702666118510,-1739745,3558
12-15 19:48:39.515  4875  5294 I BatteryMgr:DataCollectionService: stats => 1702666119515,-1703124,3558
12-15 19:48:40.517  4875  5294 I BatteryMgr:DataCollectionService: stats => 1702666120517,-1713866,3558
12-15 19:48:41.519  4875  5294 I BatteryMgr:DataCollectionService: stats => 1702666121519,-1721678,3558
12-15 19:48:42.523  4875  5294 I BatteryMgr:DataCollectionService: stats => 1702666122522,-1751463,3554
12-15 19:48:43.531  4875  5294 I BatteryMgr:DataCollectionService: stats => 1702666123530,-1699217,3554
12-15 19:48:44.534  4875  5294 I BatteryMgr:DataCollectionService: stats => 1702666124534,-1645018,3554
12-15 19:48:45.536  4875  5294 I BatteryMgr:DataCollectionService: stats => 1702666125536,-1729003,3554
12-15 19:48:46.542  4875  5294 I BatteryMgr:DataCollectionService: stats => 1702666126542,-1673338,3554
12-15 19:48:47.546  4875  5294 I BatteryMgr:DataCollectionService: stats => 1702666127546,-1699706,3554
12-15 19:48:48.549  4875  5294 I BatteryMgr:DataCollectionService: stats => 1702666128549,-1693358,3554
12-15 19:48:49.554  4875  5294 I BatteryMgr:DataCollectionService: stats => 1702666129554,-1713866,3554
12-15 19:48:50.557  4875  5294 I BatteryMgr:DataCollectionService: stats => 1702666130557,-1652831,3554
12-15 19:48:51.559  4875  5294 I BatteryMgr:DataCollectionService: stats => 1702666131559,-1599120,3554
12-15 19:48:52.562  4875  5294 I BatteryMgr:DataCollectionService: stats => 1702666132562,-1662108,3559
12-15 19:48:53.568  4875  5294 I BatteryMgr:DataCollectionService: stats => 1702666133568,-1661620,3559
12-15 19:48:54.572  4875  5294 I BatteryMgr:DataCollectionService: stats => 1702666134572,-1700682,3559
12-15 19:48:55.575  4875  5294 I BatteryMgr:DataCollectionService: stats => 1702666135575,-1746581,3559
12-15 19:48:56.577  4875  5294 I BatteryMgr:DataCollectionService: stats => 1702666136577,-1670409,3559
12-15 19:48:57.580  4875  5294 I BatteryMgr:DataCollectionService: stats => 1702666137580,-1664549,3559
12-15 19:48:58.583  4875  5294 I BatteryMgr:DataCollectionService: stats => 1702666138583,-1656249,3559
12-15 19:48:59.586  4875  5294 I BatteryMgr:DataCollectionService: stats => 1702666139586,-1678221,3559
12-15 19:49:00.589  4875  5294 I BatteryMgr:DataCollectionService: stats => 1702666140589,-1655272,3559
12-15 19:49:01.591  4875  5294 I BatteryMgr:DataCollectionService: stats => 1702666141591,-1629393,3559
12-15 19:49:02.597  4875  5294 I BatteryMgr:DataCollectionService: stats => 1702666142597,-1666503,3558
12-15 19:49:03.599  4875  5294 I BatteryMgr:DataCollectionService: stats => 1702666143599,-1735350,3558
12-15 19:49:04.602  4875  5294 I BatteryMgr:DataCollectionService: stats => 1702666144602,-1676756,3558
12-15 19:49:05.606  4875  5294 I BatteryMgr:DataCollectionService: stats => 1702666145606,-1708983,3558
12-15 19:49:06.608  4875  5294 I BatteryMgr:DataCollectionService: stats => 1702666146608,-1660643,3558
12-15 19:49:07.610  4875  5294 I BatteryMgr:DataCollectionService: stats => 1702666147610,-1718749,3558
12-15 19:49:08.612  4875  5294 I BatteryMgr:DataCollectionService: stats => 1702666148612,-1669432,3558
12-15 19:49:09.615  4875  5294 I BatteryMgr:DataCollectionService: stats => 1702666149615,-1681151,3558
12-15 19:49:10.617  4875  5294 I BatteryMgr:DataCollectionService: stats => 1702666150617,-1681639,3558
12-15 19:49:11.620  4875  5294 I BatteryMgr:DataCollectionService: stats => 1702666151620,-1676268,3558
12-15 19:49:12.623  4875  5294 I BatteryMgr:DataCollectionService: stats => 1702666152622,-1679686,3556
12-15 19:49:13.626  4875  5294 I BatteryMgr:DataCollectionService: stats => 1702666153626,-1658202,3556
12-15 19:49:14.629  4875  5294 I BatteryMgr:DataCollectionService: stats => 1702666154628,-1684081,3556
12-15 19:49:15.633  4875  5294 I BatteryMgr:DataCollectionService: stats => 1702666155633,-1652831,3556
12-15 19:49:16.635  4875  5294 I BatteryMgr:DataCollectionService: stats => 1702666156635,-1679686,3556
12-15 19:49:17.640  4875  5294 I BatteryMgr:DataCollectionService: stats => 1702666157640,-1661131,3557
12-15 19:49:18.643  4875  5294 I BatteryMgr:DataCollectionService: stats => 1702666158643,-1703124,3557
12-15 19:49:19.646  4875  5294 I BatteryMgr:DataCollectionService: stats => 1702666159646,-1666503,3557
12-15 19:49:20.648  4875  5294 I BatteryMgr:DataCollectionService: stats => 1702666160648,-1662596,3557
12-15 19:49:21.652  4875  5294 I BatteryMgr:DataCollectionService: stats => 1702666161652,-1691405,3557
12-15 19:49:22.654  4875  5294 I BatteryMgr:DataCollectionService: stats => 1702666162654,-1784667,3554
12-15 19:49:23.656  4875  5294 I BatteryMgr:DataCollectionService: stats => 1702666163656,-1649413,3554
12-15 19:49:24.660  4875  5294 I BatteryMgr:DataCollectionService: stats => 1702666164660,-1695311,3554
12-15 19:49:25.662  4875  5294 I BatteryMgr:DataCollectionService: stats => 1702666165662,-1690917,3554
12-15 19:49:26.666  4875  5294 I BatteryMgr:DataCollectionService: stats => 1702666166665,-1665038,3554
12-15 19:49:27.668  4875  5294 I BatteryMgr:DataCollectionService: stats => 1702666167668,-1672850,3554
12-15 19:49:28.673  4875  5294 I BatteryMgr:DataCollectionService: stats => 1702666168673,-1700682,3554
12-15 19:49:29.675  4875  5294 I BatteryMgr:DataCollectionService: stats => 1702666169675,-1663085,3554
12-15 19:49:30.678  4875  5294 I BatteryMgr:DataCollectionService: stats => 1702666170677,-1710936,3554
12-15 19:49:31.679  4875  5294 I BatteryMgr:DataCollectionService: stats => 1702666171679,-1633788,3554
12-15 19:49:32.685  4875  5294 I BatteryMgr:DataCollectionService: stats => 1702666172685,-1692870,3558
12-15 19:49:33.687  4875  5294 I BatteryMgr:DataCollectionService: stats => 1702666173686,-1683592,3555
12-15 19:49:34.689  4875  5294 I BatteryMgr:DataCollectionService: stats => 1702666174689,-1661620,3555
12-15 19:49:35.692  4875  5294 I BatteryMgr:DataCollectionService: stats => 1702666175692,-1676268,3555
12-15 19:49:36.694  4875  5294 I BatteryMgr:DataCollectionService: stats => 1702666176694,-1689940,3555
12-15 19:49:37.696  4875  5294 I BatteryMgr:DataCollectionService: stats => 1702666177696,-1665038,3555
12-15 19:49:38.699  4875  5294 I BatteryMgr:DataCollectionService: stats => 1702666178699,-1644530,3555
12-15 19:49:39.702  4875  5294 I BatteryMgr:DataCollectionService: stats => 1702666179702,-1635741,3555
12-15 19:49:40.705  4875  5294 I BatteryMgr:DataCollectionService: stats => 1702666180705,-1616210,3555
12-15 19:49:41.707  4875  5294 I BatteryMgr:DataCollectionService: stats => 1702666181707,-1660155,3555
12-15 19:49:42.710  4875  5294 I BatteryMgr:DataCollectionService: stats => 1702666182710,-1629881,3557
12-15 19:49:43.713  4875  5294 I BatteryMgr:DataCollectionService: stats => 1702666183713,-1705565,3557
12-15 19:49:44.717  4875  5294 I BatteryMgr:DataCollectionService: stats => 1702666184717,-1628417,3557
12-15 19:49:45.720  4875  5294 I BatteryMgr:DataCollectionService: stats => 1702666185720,-1694823,3557
12-15 19:49:46.722  4875  5294 I BatteryMgr:DataCollectionService: stats => 1702666186722,-1650878,3557
12-15 19:49:47.726  4875  5294 I BatteryMgr:DataCollectionService: stats => 1702666187726,-1680174,3557
12-15 19:49:48.729  4875  5294 I BatteryMgr:DataCollectionService: stats => 1702666188728,-1632323,3557
12-15 19:49:49.731  4875  5294 I BatteryMgr:DataCollectionService: stats => 1702666189731,-1692381,3557
12-15 19:49:50.733  4875  5294 I BatteryMgr:DataCollectionService: stats => 1702666190733,-1706542,3557
12-15 19:49:51.736  4875  5294 I BatteryMgr:DataCollectionService: stats => 1702666191736,-1662596,3557
12-15 19:49:52.739  4875  5294 I BatteryMgr:DataCollectionService: stats => 1702666192739,-1723631,3555
12-15 19:49:53.742  4875  5294 I BatteryMgr:DataCollectionService: stats => 1702666193742,-1685546,3555
12-15 19:49:54.744  4875  5294 I BatteryMgr:DataCollectionService: stats => 1702666194744,-1774413,3555
12-15 19:49:55.746  4875  5294 I BatteryMgr:DataCollectionService: stats => 1702666195746,-1681639,3555
12-15 19:49:56.750  4875  5294 I BatteryMgr:DataCollectionService: stats => 1702666196749,-1713378,3555
12-15 19:49:57.752  4875  5294 I BatteryMgr:DataCollectionService: stats => 1702666197752,-1704588,3555
12-15 19:49:58.755  4875  5294 I BatteryMgr:DataCollectionService: stats => 1702666198755,-1738280,3555
12-15 19:49:59.757  4875  5294 I BatteryMgr:DataCollectionService: stats => 1702666199757,-1735350,3555
12-15 19:50:00.760  4875  5294 I BatteryMgr:DataCollectionService: stats => 1702666200759,-1746092,3555
12-15 19:50:01.767  4875  5294 I BatteryMgr:DataCollectionService: stats => 1702666201767,-1726073,3555
12-15 19:50:02.770  4875  5294 I BatteryMgr:DataCollectionService: stats => 1702666202770,-1702635,3553
12-15 19:50:03.773  4875  5294 I BatteryMgr:DataCollectionService: stats => 1702666203773,-1729003,3553
12-15 19:50:04.776  4875  5294 I BatteryMgr:DataCollectionService: stats => 1702666204776,-1688963,3553
12-15 19:50:05.779  4875  5294 I BatteryMgr:DataCollectionService: stats => 1702666205779,-1690428,3553
12-15 19:50:06.781  4875  5294 I BatteryMgr:DataCollectionService: stats => 1702666206781,-1703124,3553
12-15 19:50:07.784  4875  5294 I BatteryMgr:DataCollectionService: stats => 1702666207784,-1776366,3553
12-15 19:50:08.786  4875  5294 I BatteryMgr:DataCollectionService: stats => 1702666208786,-1752440,3553
12-15 19:50:09.792  4875  5294 I BatteryMgr:DataCollectionService: stats => 1702666209792,-1743651,3553
12-15 19:50:10.795  4875  5294 I BatteryMgr:DataCollectionService: stats => 1702666210794,-1708983,3553
12-15 19:50:11.799  4875  5294 I BatteryMgr:DataCollectionService: stats => 1702666211799,-1708006,3553
12-15 19:50:12.801  4875  5294 I BatteryMgr:DataCollectionService: stats => 1702666212801,-1684081,3553
12-15 19:50:13.805  4875  5294 I BatteryMgr:DataCollectionService: stats => 1702666213805,-1665526,3554
12-15 19:50:14.808  4875  5294 I BatteryMgr:DataCollectionService: stats => 1702666214808,-1703124,3554
12-15 19:50:15.810  4875  5294 I BatteryMgr:DataCollectionService: stats => 1702666215810,-1682128,3554
12-15 19:50:16.813  4875  5294 I BatteryMgr:DataCollectionService: stats => 1702666216813,-1708006,3554
12-15 19:50:17.821  4875  5294 I BatteryMgr:DataCollectionService: stats => 1702666217821,-1713866,3554
12-15 19:50:18.824  4875  5294 I BatteryMgr:DataCollectionService: stats => 1702666218824,-1684081,3554
12-15 19:50:19.827  4875  5294 I BatteryMgr:DataCollectionService: stats => 1702666219827,-1656249,3554
12-15 19:50:20.832  4875  5294 I BatteryMgr:DataCollectionService: stats => 1702666220832,-1722655,3554
12-15 19:50:21.836  4875  5294 I BatteryMgr:DataCollectionService: stats => 1702666221836,-1697753,3554
12-15 19:50:22.838  4875  5294 I BatteryMgr:DataCollectionService: stats => 1702666222838,-1717772,3552
12-15 19:50:23.841  4875  5294 I BatteryMgr:DataCollectionService: stats => 1702666223841,-1716795,3552
12-15 19:50:24.844  4875  5294 I BatteryMgr:DataCollectionService: stats => 1702666224844,-1713378,3552
12-15 19:50:25.846  4875  5294 I BatteryMgr:DataCollectionService: stats => 1702666225846,-1684081,3552
12-15 19:50:26.849  4875  5294 I BatteryMgr:DataCollectionService: stats => 1702666226849,-1678221,3552
12-15 19:50:27.852  4875  5294 I BatteryMgr:DataCollectionService: stats => 1702666227852,-1657713,3552
12-15 19:50:28.855  4875  5294 I BatteryMgr:DataCollectionService: stats => 1702666228855,-1671385,3552
12-15 19:50:29.860  4875  5294 I BatteryMgr:DataCollectionService: stats => 1702666229860,-1692870,3552
12-15 19:50:30.863  4875  5294 I BatteryMgr:DataCollectionService: stats => 1702666230863,-1720702,3552
12-15 19:50:31.865  4875  5294 I BatteryMgr:DataCollectionService: stats => 1702666231865,-1696776,3552
12-15 19:50:32.867  4875  5294 I BatteryMgr:DataCollectionService: stats => 1702666232867,-1769530,3548
12-15 19:50:33.871  4875  5294 I BatteryMgr:DataCollectionService: stats => 1702666233871,-1739745,3548
12-15 19:50:34.874  4875  5294 I BatteryMgr:DataCollectionService: stats => 1702666234874,-1694335,3548
12-15 19:50:35.877  4875  5294 I BatteryMgr:DataCollectionService: stats => 1702666235877,-1734374,3548
12-15 19:50:36.879  4875  5294 I BatteryMgr:DataCollectionService: stats => 1702666236879,-1719725,3548
12-15 19:50:37.882  4875  5294 I BatteryMgr:DataCollectionService: stats => 1702666237882,-1711913,3548
12-15 19:50:38.885  4875  5294 I BatteryMgr:DataCollectionService: stats => 1702666238885,-1690428,3548
12-15 19:50:39.888  4875  5294 I BatteryMgr:DataCollectionService: stats => 1702666239888,-1712401,3548
12-15 19:50:40.891  4875  5294 I BatteryMgr:DataCollectionService: stats => 1702666240891,-1665526,3548
12-15 19:50:41.893  4875  5294 I BatteryMgr:DataCollectionService: stats => 1702666241893,-1721678,3548
12-15 19:50:42.900  4875  5294 I BatteryMgr:DataCollectionService: stats => 1702666242900,-1751463,3549
12-15 19:50:43.903  4875  5294 I BatteryMgr:DataCollectionService: stats => 1702666243902,-1703124,3549
12-15 19:50:44.907  4875  5294 I BatteryMgr:DataCollectionService: stats => 1702666244907,-1794432,3549
12-15 19:50:45.910  4875  5294 I BatteryMgr:DataCollectionService: stats => 1702666245910,-1741210,3549
12-15 19:50:46.914  4875  5294 I BatteryMgr:DataCollectionService: stats => 1702666246914,-1714842,3549
12-15 19:50:47.916  4875  5294 I BatteryMgr:DataCollectionService: stats => 1702666247916,-1701171,3549
12-15 19:50:48.919  4875  5294 I BatteryMgr:DataCollectionService: stats => 1702666248919,-1676756,3549
12-15 19:50:49.922  4875  5294 I BatteryMgr:DataCollectionService: stats => 1702666249922,-1668944,3549
12-15 19:50:50.925  4875  5294 I BatteryMgr:DataCollectionService: stats => 1702666250925,-1739256,3549
12-15 19:50:51.928  4875  5294 I BatteryMgr:DataCollectionService: stats => 1702666251928,-1674315,3549
12-15 19:50:52.930  4875  5294 I BatteryMgr:DataCollectionService: stats => 1702666252930,-1704100,3551
12-15 19:50:53.932  4875  5294 I BatteryMgr:DataCollectionService: stats => 1702666253932,-1696776,3551
12-15 19:50:54.937  4875  5294 I BatteryMgr:DataCollectionService: stats => 1702666254937,-1734862,3551
12-15 19:50:55.939  4875  5294 I BatteryMgr:DataCollectionService: stats => 1702666255939,-1767577,3551
12-15 19:50:56.942  4875  5294 I BatteryMgr:DataCollectionService: stats => 1702666256942,-1693358,3551
12-15 19:50:57.946  4875  5294 I BatteryMgr:DataCollectionService: stats => 1702666257945,-1716307,3551
12-15 19:50:58.948  4875  5294 I BatteryMgr:DataCollectionService: stats => 1702666258948,-1703124,3551
12-15 19:50:59.953  4875  5294 I BatteryMgr:DataCollectionService: stats => 1702666259952,-1662596,3551
12-15 19:51:00.955  4875  5294 I BatteryMgr:DataCollectionService: stats => 1702666260955,-1673827,3551
12-15 19:51:01.958  4875  5294 I BatteryMgr:DataCollectionService: stats => 1702666261958,-1673827,3551
12-15 19:51:02.960  4875  5294 I BatteryMgr:DataCollectionService: stats => 1702666262960,-1687987,3552
12-15 19:51:03.964  4875  5294 I BatteryMgr:DataCollectionService: stats => 1702666263964,-1593749,3552
12-15 19:51:04.966  4875  5294 I BatteryMgr:DataCollectionService: stats => 1702666264966,-1692870,3552
12-15 19:51:05.969  4875  5294 I BatteryMgr:DataCollectionService: stats => 1702666265969,-1723631,3552
12-15 19:51:06.971  4875  5294 I BatteryMgr:DataCollectionService: stats => 1702666266971,-1701171,3552
12-15 19:51:07.974  4875  5294 I BatteryMgr:DataCollectionService: stats => 1702666267974,-1712889,3552
12-15 19:51:08.978  4875  5294 I BatteryMgr:DataCollectionService: stats => 1702666268978,-2064452,3532
12-15 19:51:09.981  4875  5294 I BatteryMgr:DataCollectionService: stats => 1702666269981,-2091307,3532
12-15 19:51:10.984  4875  5294 I BatteryMgr:DataCollectionService: stats => 1702666270984,-2054686,3532
12-15 19:51:11.987  4875  5294 I BatteryMgr:DataCollectionService: stats => 1702666271987,-2061522,3532
12-15 19:51:12.993  4875  5294 I BatteryMgr:DataCollectionService: stats => 1702666272993,-2049315,3529
12-15 19:51:13.996  4875  5294 I BatteryMgr:DataCollectionService: stats => 1702666273996,-2071776,3529
12-15 19:51:15.000  4875  5294 I BatteryMgr:DataCollectionService: stats => 1702666275000,-2087401,3529
12-15 19:51:16.005  4875  5294 I BatteryMgr:DataCollectionService: stats => 1702666276005,-2071776,3529
12-15 19:51:17.007  4875  5294 I BatteryMgr:DataCollectionService: stats => 1702666277007,-2071288,3529
12-15 19:51:18.009  4875  5294 I BatteryMgr:DataCollectionService: stats => 1702666278009,-1738768,3529
12-15 19:51:19.014  4875  5294 I BatteryMgr:DataCollectionService: stats => 1702666279014,-1974120,3529
12-15 19:51:20.018  4875  5294 I BatteryMgr:DataCollectionService: stats => 1702666280018,-1977538,3532
12-15 19:51:21.021  4875  5294 I BatteryMgr:DataCollectionService: stats => 1702666281021,-1983397,3532
12-15 19:51:22.023  4875  5294 I BatteryMgr:DataCollectionService: stats => 1702666282023,-1974120,3532
12-15 19:51:23.025  4875  5294 I BatteryMgr:DataCollectionService: stats => 1702666283025,-1983885,3530
12-15 19:51:24.028  4875  5294 I BatteryMgr:DataCollectionService: stats => 1702666284027,-1974120,3530
12-15 19:51:25.032  4875  5294 I BatteryMgr:DataCollectionService: stats => 1702666285032,-2009764,3530
12-15 19:51:26.035  4875  5294 I BatteryMgr:DataCollectionService: stats => 1702666286035,-2020018,3530
12-15 19:51:27.038  4875  5294 I BatteryMgr:DataCollectionService: stats => 1702666287038,-2044920,3530
12-15 19:51:28.041  4875  5294 I BatteryMgr:DataCollectionService: stats => 1702666288041,-2018553,3530
12-15 19:51:29.044  4875  5294 I BatteryMgr:DataCollectionService: stats => 1702666289044,-2055663,3530
12-15 19:51:30.047  4875  5294 I BatteryMgr:DataCollectionService: stats => 1702666290047,-2050780,3530
12-15 19:51:31.049  4875  5294 I BatteryMgr:DataCollectionService: stats => 1702666291049,-2022948,3530
12-15 19:51:32.052  4875  5294 I BatteryMgr:DataCollectionService: stats => 1702666292052,-2015623,3530
12-15 19:51:33.057  4875  5294 I BatteryMgr:DataCollectionService: stats => 1702666293057,-2015623,3526
12-15 19:51:34.059  4875  5294 I BatteryMgr:DataCollectionService: stats => 1702666294059,-2004393,3526
12-15 19:51:35.062  4875  5294 I BatteryMgr:DataCollectionService: stats => 1702666295062,-2027830,3526
12-15 19:51:36.064  4875  5294 I BatteryMgr:DataCollectionService: stats => 1702666296064,-2029784,3526
12-15 19:51:37.071  4875  5294 I BatteryMgr:DataCollectionService: stats => 1702666297071,-2039061,3526
12-15 19:51:38.073  4875  5294 I BatteryMgr:DataCollectionService: stats => 1702666298073,-2056151,3526
12-15 19:51:39.076  4875  5294 I BatteryMgr:DataCollectionService: stats => 1702666299076,-2034178,3526
12-15 19:51:40.078  4875  5294 I BatteryMgr:DataCollectionService: stats => 1702666300078,-2070311,3526
