4771.84 22904.99
4772.85 22909.68
4773.84 22914.70
4774.85 22919.49
4775.84 22924.42
4776.86 22929.29
4777.85 22934.16
4778.86 22939.19
4779.86 22944.12
4780.83 22948.80
4781.84 22953.68
4782.84 22958.71
4783.88 22963.80
4784.85 22967.70
4785.85 22972.30
4786.85 22976.98
4787.85 22982.01
4788.84 22986.95
4789.85 22992.05
4790.84 22997.04
4791.84 23002.02
4792.84 23007.04
4793.84 23011.87
4794.84 23016.67
4795.87 23021.75
4796.85 23026.58
4797.92 23031.70
4798.85 23036.34
4799.84 23040.97
4800.85 23045.93
4802.84 23055.90
4803.86 23060.97
4804.87 23065.63
4806.84 23075.22
4807.86 23080.23
4808.86 23085.03
4809.93 23090.17
4811.91 23099.94
4812.85 23104.23
4813.92 23109.17
4814.87 23113.80
4815.85 23118.20
4816.86 23123.15
4817.84 23127.86
4818.88 23132.85
4819.90 23137.65
4820.84 23142.00
4821.90 23147.07
4823.91 23156.46
4824.84 23160.77
4826.83 23170.64
4827.85 23175.29
4828.85 23180.08
4829.86 23184.77
4830.85 23189.52
4831.84 23194.43
4832.84 23199.33
4833.88 23204.28
4834.85 23208.70
4835.84 23213.43
4836.85 23216.89
4837.86 23221.80
4839.84 23231.25
4840.88 23236.10
4842.84 23245.43
4843.84 23250.43
4844.85 23255.51
4845.88 23260.58
4846.86 23265.12
4847.84 23269.64
4848.85 23274.44
4849.83 23279.07
4850.89 23284.04
4851.84 23288.67
4852.85 23293.27
4853.90 23298.50
4854.88 23303.37
4855.85 23307.87
4856.84 23312.59
4857.85 23317.64
4859.85 23327.27
4860.85 23332.18
4861.85 23337.09
4862.85 23341.90
4863.85 23346.62
4864.85 23351.29
4865.88 23356.30
4866.86 23361.12
4868.85 23371.26
4869.84 23375.90
4870.85 23380.66
4871.85 23385.53
4872.86 23390.37
4873.84 23394.87
4874.90 23399.89
4876.87 23408.98
4877.86 23413.51
4878.90 23418.29
4880.85 23427.41
4881.84 23432.08
4882.86 23436.94
4883.87 23441.60
4884.85 23446.15
4885.86 23450.94
4886.84 23455.47
4887.84 23460.46
4888.85 23465.22
4889.86 23469.80
4890.86 23474.60
4891.84 23479.22
4892.86 23484.03
4893.85 23488.74
4894.83 23493.49
4895.88 23498.56
4896.83 23503.18
4897.84 23508.00
4898.83 23512.94
4899.85 23517.83
4900.85 23522.81
4901.83 23527.46
4902.83 23532.35
4903.85 23537.25
4904.86 23542.20
4905.86 23547.19
4906.92 23552.19
4908.83 23561.67
4909.83 23566.69
4910.84 23571.73
4911.85 23576.68
4912.83 23581.50
4913.83 23586.55
4914.84 23591.56
4915.84 23596.30
4916.83 23601.23
4917.82 23606.06
4918.84 23611.12
4919.85 23616.26
4920.84 23621.42
4921.84 23626.66
4922.83 23631.59
4923.84 23636.54
4924.83 23641.56
4925.83 23646.84
4926.83 23651.88
4927.83 23656.73
4928.82 23661.64
4929.84 23666.42
4930.84 23670.73
4931.83 23674.88
4932.83 23679.48
4933.85 23684.48
4934.82 23689.39
4935.84 23694.40
4936.83 23699.02
4937.86 23703.82
4938.83 23708.55
4939.85 23713.40
4940.84 23718.35
4941.84 23723.26
4942.84 23727.95
4943.84 23733.17
4944.84 23737.83
4945.86 23742.80
4946.84 23747.40
4947.83 23752.08
4948.83 23757.24
4949.83 23762.20
4950.83 23767.15
4951.84 23772.22
4952.83 23776.97
4953.85 23781.85
4954.85 23786.59
4955.84 23791.46
4956.82 23796.36
4957.85 23801.47
4958.84 23806.33
4959.84 23811.29
4960.84 23816.11
4961.83 23820.79
4962.85 23825.57
4963.84 23830.52
4964.84 23835.25
4965.84 23840.04
4966.83 23844.94
4967.83 23849.97
4968.83 23855.00
4969.84 23859.88
4970.85 23864.83
4971.84 23869.84
4972.85 23874.62
4973.83 23879.34
4974.84 23884.37
4975.83 23889.40
4976.86 23894.53
4977.84 23899.23
4978.83 23904.03
4979.84 23908.61
4980.84 23913.37
4981.83 23918.26
4982.84 23923.19
4983.85 23927.91
4984.83 23932.40
4985.84 23937.13
4986.83 23941.89
4987.86 23946.91
4988.83 23951.79
4989.86 23956.57
4990.83 23961.38
4991.86 23966.52
4992.84 23971.43
4993.84 23976.58
4994.85 23981.40
4995.85 23986.11
4996.84 23991.13
4997.83 23995.88
4998.84 24000.71
4999.83 24005.21
5000.85 24010.25
5001.83 24015.09
5002.83 24020.00
5003.84 24025.05
5004.83 24029.57
5005.82 24034.23
5006.87 24039.12
5007.84 24043.67
5008.84 24048.35
5009.88 24053.17
5010.85 24057.51
5011.83 24061.95
5012.85 24066.69
5013.82 24071.11
