2088.59 12120.07
2089.59 12126.36
2090.59 12132.56
2091.59 12139.04
2092.60 12145.42
2093.59 12151.74
2094.59 12158.15
2095.58 12164.42
2096.59 12170.87
2097.58 12177.16
2098.60 12183.61
2099.60 12189.96
2100.59 12196.26
2101.59 12202.62
2102.59 12208.98
2103.61 12215.51
2104.59 12221.65
2105.59 12227.85
2106.59 12233.79
2107.60 12239.88
2108.59 12246.19
2109.60 12252.56
2110.58 12258.41
2111.60 12264.68
2112.60 12270.92
2113.60 12277.10
2114.59 12283.25
2115.60 12289.50
2116.60 12295.47
2117.58 12301.64
2118.60 12307.86
2119.60 12313.68
2120.60 12319.65
2121.60 12325.74
2122.58 12331.74
2123.59 12337.69
2124.60 12343.64
2125.59 12349.48
2126.59 12355.64
2127.59 12361.96
2128.59 12368.16
2129.59 12374.48
2130.58 12380.58
2131.58 12386.92
2132.58 12392.97
2133.58 12399.20
2134.59 12405.28
2135.59 12411.33
2136.60 12417.58
2137.59 12423.72
2138.60 12429.98
2139.59 12436.16
2140.59 12442.19
2141.59 12448.32
2142.59 12454.38
2143.59 12460.43
2144.59 12466.53
2145.59 12472.66
2146.59 12478.75
2147.59 12484.69
2148.59 12490.73
2149.59 12496.55
2150.59 12502.81
2151.59 12509.07
2152.59 12515.12
2153.60 12521.35
2154.59 12527.24
2155.59 12533.00
2156.60 12539.06
2157.58 12544.95
2158.59 12551.18
2159.60 12557.34
2160.60 12563.48
2161.58 12569.52
2162.58 12575.55
2163.58 12581.41
2164.60 12587.39
2165.60 12593.41
2166.59 12599.26
2167.59 12605.43
2168.59 12611.38
2169.58 12617.23
2170.60 12623.41
2171.59 12629.25
2172.60 12635.34
2173.58 12641.30
2174.60 12647.41
2175.59 12653.18
2176.58 12658.84
2177.59 12665.04
2178.58 12671.15
2179.59 12677.16
2180.59 12683.25
2181.59 12689.32
2182.58 12695.14
2183.59 12701.22
2184.58 12707.17
2185.59 12713.31
2186.59 12719.01
2187.59 12724.94
2188.60 12730.65
2189.59 12736.55
2190.59 12742.62
2191.60 12748.51
2192.59 12754.34
2193.60 12760.35
2194.59 12766.02
2195.62 12772.17
2196.59 12777.89
2197.60 12783.84
2198.59 12789.67
2199.59 12795.67
2200.59 12801.66
2201.59 12807.55
2202.58 12813.44
2203.58 12819.42
2204.58 12825.39
2205.60 12831.60
2206.59 12837.34
2207.59 12842.87
2208.60 12848.67
2209.58 12854.40
2210.58 12860.16
2211.58 12865.94
2212.58 12871.62
2213.60 12877.52
2214.58 12883.10
2215.58 12888.85
2216.59 12894.47
2217.59 12900.32
2218.59 12906.14
2219.59 12911.82
2220.59 12917.51
2221.59 12923.08
2222.58 12928.78
2223.58 12934.56
2224.59 12940.29
2225.59 12946.02
2226.59 12951.64
2227.58 12957.40
2228.59 12963.16
2229.59 12968.64
2230.59 12974.43
2231.59 12980.08
2232.59 12985.63
2233.59 12991.37
2234.59 12996.74
2235.59 13002.20
2236.59 13007.75
2237.59 13013.51
2238.59 13019.24
2239.59 13024.69
2240.60 13030.12
2241.59 13035.54
2242.59 13040.98
2243.58 13046.37
2244.60 13052.00
2245.59 13057.55
2246.59 13062.92
2247.59 13068.49
2248.59 13074.06
2249.59 13079.83
2250.60 13085.49
2251.58 13090.96
2252.60 13096.94
2253.58 13102.59
2254.60 13108.45
2255.60 13114.09
2256.58 13119.74
2257.59 13125.46
2258.60 13131.15
2259.58 13136.71
2260.60 13142.57
2261.59 13148.15
2262.60 13153.82
2263.59 13159.52
2264.58 13165.11
2265.59 13170.97
2266.60 13176.90
2267.58 13182.51
2268.58 13188.36
2269.59 13194.29
2270.59 13200.14
2271.58 13205.93
2272.59 13211.81
2273.59 13217.78
2274.59 13223.78
2275.59 13229.48
2276.59 13235.28
2277.59 13241.28
2278.59 13247.29
2279.59 13253.33
2280.59 13259.43
2281.59 13265.60
2282.59 13271.48
2283.59 13277.31
2284.59 13283.31
2285.60 13289.30
2286.59 13294.96
2287.59 13300.58
2288.59 13306.15
2289.59 13311.68
2290.59 13317.10
2291.60 13322.77
2292.60 13328.38
2293.60 13333.81
2294.59 13339.17
2295.58 13344.93
2296.61 13350.68
2297.58 13356.21
2298.58 13361.76
2299.59 13367.35
2300.58 13372.89
2301.60 13378.47
2302.60 13384.24
2303.60 13389.57
2304.59 13395.18
2305.59 13400.73
2306.58 13406.34
2307.59 13412.38
2308.59 13418.47
2309.59 13424.27
2310.59 13430.01
2311.59 13435.86
2312.58 13441.76
2313.58 13447.67
2314.59 13453.83
2315.59 13459.72
2316.59 13465.46
2317.59 13471.35
2318.58 13477.46
2319.58 13483.58
2320.59 13489.52
2321.59 13495.24
2322.59 13500.97
2323.59 13506.91
2324.59 13512.98
2325.59 13518.83
2326.59 13524.34
2327.59 13529.95
2328.59 13535.61
2329.59 13541.39
2330.59 13547.23
2331.59 13552.87
2332.59 13558.76
2333.59 13564.54
2334.60 13570.35
2335.59 13575.93
2336.59 13581.62
2337.59 13587.26
2338.58 13592.97
2339.60 13598.82
2340.60 13604.82
