10.70 11.31 10.56 5/3147 15047
10.65 11.29 10.55 9/3147 15074
10.65 11.29 10.55 6/3147 15102
10.65 11.29 10.55 13/3147 15129
10.65 11.29 10.55 9/3147 15156
10.65 11.29 10.55 4/3147 15183
10.59 11.26 10.55 4/3147 15212
10.59 11.26 10.55 4/3147 15239
10.59 11.26 10.55 10/3147 15268
10.59 11.26 10.55 4/3147 15296
10.59 11.26 10.55 8/3147 15323
10.95 11.33 10.57 7/3147 15351
10.95 11.33 10.57 6/3147 15378
10.95 11.33 10.57 4/3147 15405
10.95 11.33 10.57 5/3145 15432
10.95 11.33 10.57 8/3145 15459
11.35 11.40 10.60 21/3151 15495
11.35 11.40 10.60 2/3151 15526
11.35 11.40 10.60 14/3151 15563
11.35 11.40 10.60 6/3151 15593
11.35 11.40 10.60 1/3151 15621
11.72 11.48 10.63 9/3151 15649
11.72 11.48 10.63 21/3150 15677
11.72 11.48 10.63 7/3151 15705
11.72 11.48 10.63 6/3157 15743
11.72 11.48 10.63 3/3157 15770
11.83 11.51 10.64 4/3157 15798
11.83 11.51 10.64 5/3157 15827
11.83 11.51 10.64 10/3157 15854
11.83 11.51 10.64 9/3157 15881
11.83 11.51 10.64 15/3157 15908
11.60 11.46 10.63 16/3157 15936
11.60 11.46 10.63 5/3157 15971
11.60 11.46 10.63 7/3157 16006
11.60 11.46 10.63 6/3157 16039
11.60 11.46 10.63 26/3157 16074
11.47 11.44 10.63 11/3158 16111
11.47 11.44 10.63 17/3163 16153
11.47 11.44 10.63 8/3163 16181
11.47 11.44 10.63 14/3162 16208
11.47 11.44 10.63 10/3162 16235
12.08 11.57 10.68 22/3162 16263
12.08 11.57 10.68 11/3162 16290
12.08 11.57 10.68 6/3162 16317
12.08 11.57 10.68 8/3162 16344
12.08 11.57 10.68 11/3164 16373
12.15 11.59 10.69 17/3163 16400
12.15 11.59 10.69 8/3163 16428
12.15 11.59 10.69 11/3163 16479
12.15 11.59 10.69 3/3164 16526
12.15 11.59 10.69 8/3164 16555
12.86 11.75 10.75 12/3164 16582
12.86 11.75 10.75 5/3164 16609
12.86 11.75 10.75 4/3164 16636
12.86 11.75 10.75 8/3164 16663
12.86 11.75 10.75 9/3164 16692
13.03 11.80 10.77 5/3164 16720
13.03 11.80 10.77 6/3164 16749
13.03 11.80 10.77 10/3164 16777
13.03 11.80 10.77 17/3164 16805
13.03 11.80 10.77 4/3164 16833
12.95 11.80 10.77 6/3164 16860
12.95 11.80 10.77 3/3163 16887
12.95 11.80 10.77 12/3163 16914
12.95 11.80 10.77 6/3163 16941
12.95 11.80 10.77 4/3163 16973
12.71 11.77 10.77 12/3163 17000
12.71 11.77 10.77 8/3163 17027
12.71 11.77 10.77 6/3163 17055
12.71 11.77 10.77 2/3163 17082
12.71 11.77 10.77 7/3163 17111
12.09 11.66 10.74 4/3163 17138
12.09 11.66 10.74 4/3163 17165
12.09 11.66 10.74 7/3163 17192
12.09 11.66 10.74 6/3163 17219
12.09 11.66 10.74 8/3163 17247
12.41 11.73 10.77 9/3160 17274
12.41 11.73 10.77 6/3160 17301
12.41 11.73 10.77 7/3160 17328
12.41 11.73 10.77 7/3160 17372
12.41 11.73 10.77 5/3160 17419
12.21 11.70 10.76 5/3158 17462
12.21 11.70 10.76 7/3158 17490
12.21 11.70 10.76 8/3158 17517
12.21 11.70 10.76 8/3154 17544
12.21 11.70 10.76 5/3154 17575
12.04 11.68 10.76 4/3154 17612
12.04 11.68 10.76 8/3154 17653
12.04 11.68 10.76 5/3154 17720
12.04 11.68 10.76 4/3152 17797
12.04 11.68 10.76 7/3152 17828
12.27 11.73 10.78 18/3152 17859
12.27 11.73 10.78 5/3152 17896
12.27 11.73 10.78 8/3152 17931
12.27 11.73 10.78 4/3152 17961
12.27 11.73 10.78 4/3152 18000
12.17 11.72 10.78 5/3152 18035
12.17 11.72 10.78 19/3149 18073
12.17 11.72 10.78 3/3149 18110
12.17 11.72 10.78 10/3149 18176
12.17 11.72 10.78 5/3149 18205
11.92 11.67 10.77 7/3149 18233
11.92 11.67 10.77 1/3147 18261
11.92 11.67 10.77 5/3147 18289
11.92 11.67 10.77 4/3147 18317
11.92 11.67 10.77 8/3147 18344
11.84 11.66 10.77 5/3147 18371
11.84 11.66 10.77 7/3147 18398
11.84 11.66 10.77 13/3147 18425
11.84 11.66 10.77 6/3147 18454
11.84 11.66 10.77 14/3147 18481
12.42 11.79 10.82 15/3147 18508
12.42 11.79 10.82 3/3147 18536
12.42 11.79 10.82 3/3147 18566
12.42 11.79 10.82 8/3147 18594
12.42 11.79 10.82 6/3147 18621
12.06 11.72 10.80 5/3146 18648
12.06 11.72 10.80 9/3146 18693
12.06 11.72 10.80 6/3146 18720
12.06 11.72 10.80 5/3146 18750
12.06 11.72 10.80 2/3146 18779
12.14 11.74 10.82 10/3146 18810
12.14 11.74 10.82 3/3146 18842
12.14 11.74 10.82 12/3146 18870
12.14 11.74 10.82 4/3146 18909
12.14 11.74 10.82 8/3146 18957
12.29 11.78 10.83 9/3146 18991
12.29 11.78 10.83 8/3146 19020
12.29 11.78 10.83 3/3146 19050
12.29 11.78 10.83 5/3146 19080
12.29 11.78 10.83 9/3146 19108
12.26 11.79 10.84 6/3146 19137
12.26 11.79 10.84 4/3146 19167
12.26 11.79 10.84 7/3146 19236
12.26 11.79 10.84 6/3146 19315
12.26 11.79 10.84 6/3146 19343
12.32 11.81 10.85 2/3146 19383
12.32 11.81 10.85 6/3147 19415
12.32 11.81 10.85 18/3147 19442
12.32 11.81 10.85 3/3147 19470
12.32 11.81 10.85 5/3147 19498
12.06 11.76 10.84 2/3147 19525
12.06 11.76 10.84 2/3146 19552
12.06 11.76 10.84 14/3146 19580
12.06 11.76 10.84 4/3145 19607
12.06 11.76 10.84 11/3145 19636
11.81 11.71 10.83 4/3145 19671
11.81 11.71 10.83 15/3145 19698
11.81 11.71 10.83 3/3145 19726
11.81 11.71 10.83 5/3145 19753
11.81 11.71 10.83 16/3145 19781
12.31 11.82 10.87 6/3144 19808
12.31 11.82 10.87 3/3144 19847
12.31 11.82 10.87 10/3144 19887
12.31 11.82 10.87 5/3145 19924
12.31 11.82 10.87 16/3145 19964
12.36 11.84 10.88 5/3152 20005
12.36 11.84 10.88 5/3156 20039
12.36 11.84 10.88 10/3157 20068
12.36 11.84 10.88 15/3157 20095
12.36 11.84 10.88 13/3157 20122
11.85 11.74 10.85 8/3157 20149
11.85 11.74 10.85 9/3157 20176
11.85 11.74 10.85 3/3158 20206
11.85 11.74 10.85 4/3158 20233
11.85 11.74 10.85 4/3158 20261
11.87 11.74 10.86 3/3159 20290
11.87 11.74 10.86 7/3159 20317
11.87 11.74 10.86 6/3158 20345
11.87 11.74 10.86 6/3158 20372
11.87 11.74 10.86 9/3158 20399
12.12 11.80 10.88 6/3158 20426
12.12 11.80 10.88 2/3158 20453
12.12 11.80 10.88 6/3158 20481
12.12 11.80 10.88 7/3158 20508
12.12 11.80 10.88 2/3158 20535
12.19 11.82 10.90 7/3158 20563
12.19 11.82 10.90 5/3158 20591
12.19 11.82 10.90 3/3158 20619
12.19 11.82 10.90 5/3159 20647
12.19 11.82 10.90 5/3159 20674
12.25 11.84 10.91 15/3162 20704
12.25 11.84 10.91 5/3161 20731
12.25 11.84 10.91 6/3161 20759
12.25 11.84 10.91 8/3161 20786
12.25 11.84 10.91 12/3161 20813
11.83 11.76 10.89 11/3161 20840
11.83 11.76 10.89 10/3161 20867
11.83 11.76 10.89 6/3161 20896
11.83 11.76 10.89 5/3161 20923
11.83 11.76 10.89 5/3161 20950
12.41 11.88 10.93 3/3162 20978
12.41 11.88 10.93 32/3163 21006
12.41 11.88 10.93 6/3162 21033
12.41 11.88 10.93 4/3162 21060
12.41 11.88 10.93 5/3162 21087
12.77 11.96 10.96 8/3162 21114
12.77 11.96 10.96 12/3161 21142
12.77 11.96 10.96 12/3160 21170
12.77 11.96 10.96 12/3160 21197
12.77 11.96 10.96 2/3160 21224
12.23 11.87 10.94 12/3160 21251
12.23 11.87 10.94 13/3160 21279
12.23 11.87 10.94 5/3160 21306
12.23 11.87 10.94 4/3160 21333
12.23 11.87 10.94 7/3160 21360
11.73 11.77 10.91 11/3160 21387
11.73 11.77 10.91 15/3160 21415
11.73 11.77 10.91 3/3160 21442
11.73 11.77 10.91 5/3160 21470
11.73 11.77 10.91 12/3160 21499
11.35 11.69 10.89 1/3160 21527
11.35 11.69 10.89 8/3160 21563
11.35 11.69 10.89 8/3158 21602
11.35 11.69 10.89 19/3160 21640
11.35 11.69 10.89 5/3160 21679
11.73 11.76 10.92 3/3158 21706
11.73 11.76 10.92 10/3156 21734
11.73 11.76 10.92 4/3155 21761
11.73 11.76 10.92 8/3155 21788
11.73 11.76 10.92 12/3155 21816
11.19 11.65 10.88 9/3153 21843
11.19 11.65 10.88 6/3151 21871
11.19 11.65 10.88 2/3151 21898
11.19 11.65 10.88 5/3151 21925
11.19 11.65 10.88 16/3151 21952
