Current Battery Service state:
  AC powered: false
  USB powered: false
  Wireless powered: false
  Max charging current: 0
  Max charging voltage: 0
  Charge counter: 5163143
  status: 3
  health: 2
  present: true
  level: 90
  scale: 100
  voltage: 4053
  temperature: 240
  technology: Li-ion
Current Battery Service state:
  AC powered: false
  USB powered: false
  Wireless powered: false
  Max charging current: 0
  Max charging voltage: 0
  Charge counter: 5163143
  status: 3
  health: 2
  present: true
  level: 90
  scale: 100
  voltage: 4053
  temperature: 240
  technology: Li-ion
Current Battery Service state:
  AC powered: false
  USB powered: false
  Wireless powered: false
  Max charging current: 0
  Max charging voltage: 0
  Charge counter: 5163143
  status: 3
  health: 2
  present: true
  level: 90
  scale: 100
  voltage: 4053
  temperature: 240
  technology: Li-ion
Current Battery Service state:
  AC powered: false
  USB powered: false
  Wireless powered: false
  Max charging current: 0
  Max charging voltage: 0
  Charge counter: 5163143
  status: 3
  health: 2
  present: true
  level: 90
  scale: 100
  voltage: 4053
  temperature: 240
  technology: Li-ion
Current Battery Service state:
  AC powered: false
  USB powered: false
  Wireless powered: false
  Max charging current: 0
  Max charging voltage: 0
  Charge counter: 5157984
  status: 3
  health: 2
  present: true
  level: 89
  scale: 100
  voltage: 4038
  temperature: 242
  technology: Li-ion
Current Battery Service state:
  AC powered: false
  USB powered: false
  Wireless powered: false
  Max charging current: 0
  Max charging voltage: 0
  Charge counter: 5157984
  status: 3
  health: 2
  present: true
  level: 89
  scale: 100
  voltage: 4038
  temperature: 242
  technology: Li-ion
Current Battery Service state:
  AC powered: false
  USB powered: false
  Wireless powered: false
  Max charging current: 0
  Max charging voltage: 0
  Charge counter: 5157984
  status: 3
  health: 2
  present: true
  level: 89
  scale: 100
  voltage: 4038
  temperature: 242
  technology: Li-ion
Current Battery Service state:
  AC powered: false
  USB powered: false
  Wireless powered: false
  Max charging current: 0
  Max charging voltage: 0
  Charge counter: 5157984
  status: 3
  health: 2
  present: true
  level: 89
  scale: 100
  voltage: 4038
  temperature: 242
  technology: Li-ion
Current Battery Service state:
  AC powered: false
  USB powered: false
  Wireless powered: false
  Max charging current: 0
  Max charging voltage: 0
  Charge counter: 5157984
  status: 3
  health: 2
  present: true
  level: 89
  scale: 100
  voltage: 4038
  temperature: 242
  technology: Li-ion
Current Battery Service state:
  AC powered: false
  USB powered: false
  Wireless powered: false
  Max charging current: 0
  Max charging voltage: 0
  Charge counter: 5157984
  status: 3
  health: 2
  present: true
  level: 89
  scale: 100
  voltage: 4038
  temperature: 242
  technology: Li-ion
Current Battery Service state:
  AC powered: false
  USB powered: false
  Wireless powered: false
  Max charging current: 0
  Max charging voltage: 0
  Charge counter: 5157984
  status: 3
  health: 2
  present: true
  level: 89
  scale: 100
  voltage: 4038
  temperature: 242
  technology: Li-ion
Current Battery Service state:
  AC powered: false
  USB powered: false
  Wireless powered: false
  Max charging current: 0
  Max charging voltage: 0
  Charge counter: 5157984
  status: 3
  health: 2
  present: true
  level: 89
  scale: 100
  voltage: 4038
  temperature: 242
  technology: Li-ion
Current Battery Service state:
  AC powered: false
  USB powered: false
  Wireless powered: false
  Max charging current: 0
  Max charging voltage: 0
  Charge counter: 5157984
  status: 3
  health: 2
  present: true
  level: 89
  scale: 100
  voltage: 4038
  temperature: 242
  technology: Li-ion
Current Battery Service state:
  AC powered: false
  USB powered: false
  Wireless powered: false
  Max charging current: 0
  Max charging voltage: 0
  Charge counter: 5157984
  status: 3
  health: 2
  present: true
  level: 89
  scale: 100
  voltage: 4038
  temperature: 242
  technology: Li-ion
Current Battery Service state:
  AC powered: false
  USB powered: false
  Wireless powered: false
  Max charging current: 0
  Max charging voltage: 0
  Charge counter: 5152833
  status: 3
  health: 2
  present: true
  level: 89
  scale: 100
  voltage: 4062
  temperature: 245
  technology: Li-ion
Current Battery Service state:
  AC powered: false
  USB powered: false
  Wireless powered: false
  Max charging current: 0
  Max charging voltage: 0
  Charge counter: 5152833
  status: 3
  health: 2
  present: true
  level: 89
  scale: 100
  voltage: 4062
  temperature: 245
  technology: Li-ion
Current Battery Service state:
  AC powered: false
  USB powered: false
  Wireless powered: false
  Max charging current: 0
  Max charging voltage: 0
  Charge counter: 5152833
  status: 3
  health: 2
  present: true
  level: 89
  scale: 100
  voltage: 4062
  temperature: 245
  technology: Li-ion
Current Battery Service state:
  AC powered: false
  USB powered: false
  Wireless powered: false
  Max charging current: 0
  Max charging voltage: 0
  Charge counter: 5152833
  status: 3
  health: 2
  present: true
  level: 89
  scale: 100
  voltage: 4062
  temperature: 245
  technology: Li-ion
Current Battery Service state:
  AC powered: false
  USB powered: false
  Wireless powered: false
  Max charging current: 0
  Max charging voltage: 0
  Charge counter: 5152833
  status: 3
  health: 2
  present: true
  level: 89
  scale: 100
  voltage: 4062
  temperature: 245
  technology: Li-ion
Current Battery Service state:
  AC powered: false
  USB powered: false
  Wireless powered: false
  Max charging current: 0
  Max charging voltage: 0
  Charge counter: 5152833
  status: 3
  health: 2
  present: true
  level: 89
  scale: 100
  voltage: 4062
  temperature: 245
  technology: Li-ion
Current Battery Service state:
  AC powered: false
  USB powered: false
  Wireless powered: false
  Max charging current: 0
  Max charging voltage: 0
  Charge counter: 5152833
  status: 3
  health: 2
  present: true
  level: 89
  scale: 100
  voltage: 4062
  temperature: 245
  technology: Li-ion
Current Battery Service state:
  AC powered: false
  USB powered: false
  Wireless powered: false
  Max charging current: 0
  Max charging voltage: 0
  Charge counter: 5152833
  status: 3
  health: 2
  present: true
  level: 89
  scale: 100
  voltage: 4062
  temperature: 245
  technology: Li-ion
Current Battery Service state:
  AC powered: false
  USB powered: false
  Wireless powered: false
  Max charging current: 0
  Max charging voltage: 0
  Charge counter: 5152833
  status: 3
  health: 2
  present: true
  level: 89
  scale: 100
  voltage: 4062
  temperature: 245
  technology: Li-ion
Current Battery Service state:
  AC powered: false
  USB powered: false
  Wireless powered: false
  Max charging current: 0
  Max charging voltage: 0
  Charge counter: 5152833
  status: 3
  health: 2
  present: true
  level: 89
  scale: 100
  voltage: 4062
  temperature: 245
  technology: Li-ion
Current Battery Service state:
  AC powered: false
  USB powered: false
  Wireless powered: false
  Max charging current: 0
  Max charging voltage: 0
  Charge counter: 5148415
  status: 3
  health: 2
  present: true
  level: 89
  scale: 100
  voltage: 4034
  temperature: 242
  technology: Li-ion
Current Battery Service state:
  AC powered: false
  USB powered: false
  Wireless powered: false
  Max charging current: 0
  Max charging voltage: 0
  Charge counter: 5148415
  status: 3
  health: 2
  present: true
  level: 89
  scale: 100
  voltage: 4034
  temperature: 242
  technology: Li-ion
Current Battery Service state:
  AC powered: false
  USB powered: false
  Wireless powered: false
  Max charging current: 0
  Max charging voltage: 0
  Charge counter: 5148415
  status: 3
  health: 2
  present: true
  level: 89
  scale: 100
  voltage: 4034
  temperature: 242
  technology: Li-ion
Current Battery Service state:
  AC powered: false
  USB powered: false
  Wireless powered: false
  Max charging current: 0
  Max charging voltage: 0
  Charge counter: 5148415
  status: 3
  health: 2
  present: true
  level: 89
  scale: 100
  voltage: 4034
  temperature: 242
  technology: Li-ion
Current Battery Service state:
  AC powered: false
  USB powered: false
  Wireless powered: false
  Max charging current: 0
  Max charging voltage: 0
  Charge counter: 5148415
  status: 3
  health: 2
  present: true
  level: 89
  scale: 100
  voltage: 4034
  temperature: 242
  technology: Li-ion
Current Battery Service state:
  AC powered: false
  USB powered: false
  Wireless powered: false
  Max charging current: 0
  Max charging voltage: 0
  Charge counter: 5148415
  status: 3
  health: 2
  present: true
  level: 89
  scale: 100
  voltage: 4034
  temperature: 242
  technology: Li-ion
Current Battery Service state:
  AC powered: false
  USB powered: false
  Wireless powered: false
  Max charging current: 0
  Max charging voltage: 0
  Charge counter: 5148415
  status: 3
  health: 2
  present: true
  level: 89
  scale: 100
  voltage: 4034
  temperature: 242
  technology: Li-ion
Current Battery Service state:
  AC powered: false
  USB powered: false
  Wireless powered: false
  Max charging current: 0
  Max charging voltage: 0
  Charge counter: 5148415
  status: 3
  health: 2
  present: true
  level: 89
  scale: 100
  voltage: 4034
  temperature: 242
  technology: Li-ion
Current Battery Service state:
  AC powered: false
  USB powered: false
  Wireless powered: false
  Max charging current: 0
  Max charging voltage: 0
  Charge counter: 5148415
  status: 3
  health: 2
  present: true
  level: 89
  scale: 100
  voltage: 4034
  temperature: 242
  technology: Li-ion
Current Battery Service state:
  AC powered: false
  USB powered: false
  Wireless powered: false
  Max charging current: 0
  Max charging voltage: 0
  Charge counter: 5148415
  status: 3
  health: 2
  present: true
  level: 89
  scale: 100
  voltage: 4034
  temperature: 242
  technology: Li-ion
Current Battery Service state:
  AC powered: false
  USB powered: false
  Wireless powered: false
  Max charging current: 0
  Max charging voltage: 0
  Charge counter: 5143245
  status: 3
  health: 2
  present: true
  level: 89
  scale: 100
  voltage: 4041
  temperature: 242
  technology: Li-ion
Current Battery Service state:
  AC powered: false
  USB powered: false
  Wireless powered: false
  Max charging current: 0
  Max charging voltage: 0
  Charge counter: 5143245
  status: 3
  health: 2
  present: true
  level: 89
  scale: 100
  voltage: 4041
  temperature: 242
  technology: Li-ion
Current Battery Service state:
  AC powered: false
  USB powered: false
  Wireless powered: false
  Max charging current: 0
  Max charging voltage: 0
  Charge counter: 5141267
  status: 3
  health: 2
  present: true
  level: 89
  scale: 100
  voltage: 4034
  temperature: 245
  technology: Li-ion
Current Battery Service state:
  AC powered: false
  USB powered: false
  Wireless powered: false
  Max charging current: 0
  Max charging voltage: 0
  Charge counter: 5141267
  status: 3
  health: 2
  present: true
  level: 89
  scale: 100
  voltage: 4034
  temperature: 245
  technology: Li-ion
Current Battery Service state:
  AC powered: false
  USB powered: false
  Wireless powered: false
  Max charging current: 0
  Max charging voltage: 0
  Charge counter: 5140762
  status: 3
  health: 2
  present: true
  level: 89
  scale: 100
  voltage: 4035
  temperature: 245
  technology: Li-ion
Current Battery Service state:
  AC powered: false
  USB powered: false
  Wireless powered: false
  Max charging current: 0
  Max charging voltage: 0
  Charge counter: 5140762
  status: 3
  health: 2
  present: true
  level: 89
  scale: 100
  voltage: 4035
  temperature: 245
  technology: Li-ion
Current Battery Service state:
  AC powered: false
  USB powered: false
  Wireless powered: false
  Max charging current: 0
  Max charging voltage: 0
  Charge counter: 5140762
  status: 3
  health: 2
  present: true
  level: 89
  scale: 100
  voltage: 4035
  temperature: 245
  technology: Li-ion
Current Battery Service state:
  AC powered: false
  USB powered: false
  Wireless powered: false
  Max charging current: 0
  Max charging voltage: 0
  Charge counter: 5140762
  status: 3
  health: 2
  present: true
  level: 89
  scale: 100
  voltage: 4035
  temperature: 245
  technology: Li-ion
Current Battery Service state:
  AC powered: false
  USB powered: false
  Wireless powered: false
  Max charging current: 0
  Max charging voltage: 0
  Charge counter: 5140762
  status: 3
  health: 2
  present: true
  level: 89
  scale: 100
  voltage: 4035
  temperature: 245
  technology: Li-ion
Current Battery Service state:
  AC powered: false
  USB powered: false
  Wireless powered: false
  Max charging current: 0
  Max charging voltage: 0
  Charge counter: 5140762
  status: 3
  health: 2
  present: true
  level: 89
  scale: 100
  voltage: 4035
  temperature: 245
  technology: Li-ion
Current Battery Service state:
  AC powered: false
  USB powered: false
  Wireless powered: false
  Max charging current: 0
  Max charging voltage: 0
  Charge counter: 5137770
  status: 3
  health: 2
  present: true
  level: 89
  scale: 100
  voltage: 4038
  temperature: 245
  technology: Li-ion
Current Battery Service state:
  AC powered: false
  USB powered: false
  Wireless powered: false
  Max charging current: 0
  Max charging voltage: 0
  Charge counter: 5137770
  status: 3
  health: 2
  present: true
  level: 89
  scale: 100
  voltage: 4038
  temperature: 245
  technology: Li-ion
Current Battery Service state:
  AC powered: false
  USB powered: false
  Wireless powered: false
  Max charging current: 0
  Max charging voltage: 0
  Charge counter: 5137770
  status: 3
  health: 2
  present: true
  level: 89
  scale: 100
  voltage: 4038
  temperature: 245
  technology: Li-ion
Current Battery Service state:
  AC powered: false
  USB powered: false
  Wireless powered: false
  Max charging current: 0
  Max charging voltage: 0
  Charge counter: 5137770
  status: 3
  health: 2
  present: true
  level: 89
  scale: 100
  voltage: 4038
  temperature: 245
  technology: Li-ion
Current Battery Service state:
  AC powered: false
  USB powered: false
  Wireless powered: false
  Max charging current: 0
  Max charging voltage: 0
  Charge counter: 5137770
  status: 3
  health: 2
  present: true
  level: 89
  scale: 100
  voltage: 4038
  temperature: 245
  technology: Li-ion
Current Battery Service state:
  AC powered: false
  USB powered: false
  Wireless powered: false
  Max charging current: 0
  Max charging voltage: 0
  Charge counter: 5137770
  status: 3
  health: 2
  present: true
  level: 89
  scale: 100
  voltage: 4038
  temperature: 245
  technology: Li-ion
Current Battery Service state:
  AC powered: false
  USB powered: false
  Wireless powered: false
  Max charging current: 0
  Max charging voltage: 0
  Charge counter: 5137770
  status: 3
  health: 2
  present: true
  level: 89
  scale: 100
  voltage: 4038
  temperature: 245
  technology: Li-ion
Current Battery Service state:
  AC powered: false
  USB powered: false
  Wireless powered: false
  Max charging current: 0
  Max charging voltage: 0
  Charge counter: 5137770
  status: 3
  health: 2
  present: true
  level: 89
  scale: 100
  voltage: 4038
  temperature: 245
  technology: Li-ion
Current Battery Service state:
  AC powered: false
  USB powered: false
  Wireless powered: false
  Max charging current: 0
  Max charging voltage: 0
  Charge counter: 5137770
  status: 3
  health: 2
  present: true
  level: 89
  scale: 100
  voltage: 4038
  temperature: 245
  technology: Li-ion
Current Battery Service state:
  AC powered: false
  USB powered: false
  Wireless powered: false
  Max charging current: 0
  Max charging voltage: 0
  Charge counter: 5137770
  status: 3
  health: 2
  present: true
  level: 89
  scale: 100
  voltage: 4038
  temperature: 245
  technology: Li-ion
Current Battery Service state:
  AC powered: false
  USB powered: false
  Wireless powered: false
  Max charging current: 0
  Max charging voltage: 0
  Charge counter: 5132600
  status: 3
  health: 2
  present: true
  level: 89
  scale: 100
  voltage: 4023
  temperature: 240
  technology: Li-ion
Current Battery Service state:
  AC powered: false
  USB powered: false
  Wireless powered: false
  Max charging current: 0
  Max charging voltage: 0
  Charge counter: 5132600
  status: 3
  health: 2
  present: true
  level: 89
  scale: 100
  voltage: 4023
  temperature: 240
  technology: Li-ion
Current Battery Service state:
  AC powered: false
  USB powered: false
  Wireless powered: false
  Max charging current: 0
  Max charging voltage: 0
  Charge counter: 5132600
  status: 3
  health: 2
  present: true
  level: 89
  scale: 100
  voltage: 4023
  temperature: 240
  technology: Li-ion
Current Battery Service state:
  AC powered: false
  USB powered: false
  Wireless powered: false
  Max charging current: 0
  Max charging voltage: 0
  Charge counter: 5132600
  status: 3
  health: 2
  present: true
  level: 89
  scale: 100
  voltage: 4023
  temperature: 240
  technology: Li-ion
Current Battery Service state:
  AC powered: false
  USB powered: false
  Wireless powered: false
  Max charging current: 0
  Max charging voltage: 0
  Charge counter: 5132600
  status: 3
  health: 2
  present: true
  level: 89
  scale: 100
  voltage: 4023
  temperature: 240
  technology: Li-ion
Current Battery Service state:
  AC powered: false
  USB powered: false
  Wireless powered: false
  Max charging current: 0
  Max charging voltage: 0
  Charge counter: 5132600
  status: 3
  health: 2
  present: true
  level: 89
  scale: 100
  voltage: 4023
  temperature: 240
  technology: Li-ion
Current Battery Service state:
  AC powered: false
  USB powered: false
  Wireless powered: false
  Max charging current: 0
  Max charging voltage: 0
  Charge counter: 5132600
  status: 3
  health: 2
  present: true
  level: 89
  scale: 100
  voltage: 4023
  temperature: 240
  technology: Li-ion
Current Battery Service state:
  AC powered: false
  USB powered: false
  Wireless powered: false
  Max charging current: 0
  Max charging voltage: 0
  Charge counter: 5132600
  status: 3
  health: 2
  present: true
  level: 89
  scale: 100
  voltage: 4023
  temperature: 240
  technology: Li-ion
Current Battery Service state:
  AC powered: false
  USB powered: false
  Wireless powered: false
  Max charging current: 0
  Max charging voltage: 0
  Charge counter: 5132600
  status: 3
  health: 2
  present: true
  level: 89
  scale: 100
  voltage: 4023
  temperature: 240
  technology: Li-ion
Current Battery Service state:
  AC powered: false
  USB powered: false
  Wireless powered: false
  Max charging current: 0
  Max charging voltage: 0
  Charge counter: 5132600
  status: 3
  health: 2
  present: true
  level: 89
  scale: 100
  voltage: 4023
  temperature: 240
  technology: Li-ion
Current Battery Service state:
  AC powered: false
  USB powered: false
  Wireless powered: false
  Max charging current: 0
  Max charging voltage: 0
  Charge counter: 5127178
  status: 3
  health: 2
  present: true
  level: 89
  scale: 100
  voltage: 4016
  temperature: 247
  technology: Li-ion
Current Battery Service state:
  AC powered: false
  USB powered: false
  Wireless powered: false
  Max charging current: 0
  Max charging voltage: 0
  Charge counter: 5127178
  status: 3
  health: 2
  present: true
  level: 89
  scale: 100
  voltage: 4016
  temperature: 247
  technology: Li-ion
Current Battery Service state:
  AC powered: false
  USB powered: false
  Wireless powered: false
  Max charging current: 0
  Max charging voltage: 0
  Charge counter: 5127178
  status: 3
  health: 2
  present: true
  level: 89
  scale: 100
  voltage: 4016
  temperature: 247
  technology: Li-ion
Current Battery Service state:
  AC powered: false
  USB powered: false
  Wireless powered: false
  Max charging current: 0
  Max charging voltage: 0
  Charge counter: 5127178
  status: 3
  health: 2
  present: true
  level: 89
  scale: 100
  voltage: 4016
  temperature: 247
  technology: Li-ion
Current Battery Service state:
  AC powered: false
  USB powered: false
  Wireless powered: false
  Max charging current: 0
  Max charging voltage: 0
  Charge counter: 5127178
  status: 3
  health: 2
  present: true
  level: 89
  scale: 100
  voltage: 4016
  temperature: 247
  technology: Li-ion
Current Battery Service state:
  AC powered: false
  USB powered: false
  Wireless powered: false
  Max charging current: 0
  Max charging voltage: 0
  Charge counter: 5127178
  status: 3
  health: 2
  present: true
  level: 89
  scale: 100
  voltage: 4016
  temperature: 247
  technology: Li-ion
Current Battery Service state:
  AC powered: false
  USB powered: false
  Wireless powered: false
  Max charging current: 0
  Max charging voltage: 0
  Charge counter: 5127178
  status: 3
  health: 2
  present: true
  level: 89
  scale: 100
  voltage: 4016
  temperature: 247
  technology: Li-ion
Current Battery Service state:
  AC powered: false
  USB powered: false
  Wireless powered: false
  Max charging current: 0
  Max charging voltage: 0
  Charge counter: 5127178
  status: 3
  health: 2
  present: true
  level: 89
  scale: 100
  voltage: 4016
  temperature: 247
  technology: Li-ion
Current Battery Service state:
  AC powered: false
  USB powered: false
  Wireless powered: false
  Max charging current: 0
  Max charging voltage: 0
  Charge counter: 5127178
  status: 3
  health: 2
  present: true
  level: 89
  scale: 100
  voltage: 4016
  temperature: 247
  technology: Li-ion
Current Battery Service state:
  AC powered: false
  USB powered: false
  Wireless powered: false
  Max charging current: 0
  Max charging voltage: 0
  Charge counter: 5127178
  status: 3
  health: 2
  present: true
  level: 89
  scale: 100
  voltage: 4016
  temperature: 247
  technology: Li-ion
Current Battery Service state:
  AC powered: false
  USB powered: false
  Wireless powered: false
  Max charging current: 0
  Max charging voltage: 0
  Charge counter: 5121993
  status: 3
  health: 2
  present: true
  level: 89
  scale: 100
  voltage: 4028
  temperature: 242
  technology: Li-ion
Current Battery Service state:
  AC powered: false
  USB powered: false
  Wireless powered: false
  Max charging current: 0
  Max charging voltage: 0
  Charge counter: 5121993
  status: 3
  health: 2
  present: true
  level: 89
  scale: 100
  voltage: 4028
  temperature: 242
  technology: Li-ion
Current Battery Service state:
  AC powered: false
  USB powered: false
  Wireless powered: false
  Max charging current: 0
  Max charging voltage: 0
  Charge counter: 5121993
  status: 3
  health: 2
  present: true
  level: 89
  scale: 100
  voltage: 4028
  temperature: 242
  technology: Li-ion
Current Battery Service state:
  AC powered: false
  USB powered: false
  Wireless powered: false
  Max charging current: 0
  Max charging voltage: 0
  Charge counter: 5121993
  status: 3
  health: 2
  present: true
  level: 89
  scale: 100
  voltage: 4028
  temperature: 242
  technology: Li-ion
Current Battery Service state:
  AC powered: false
  USB powered: false
  Wireless powered: false
  Max charging current: 0
  Max charging voltage: 0
  Charge counter: 5121993
  status: 3
  health: 2
  present: true
  level: 89
  scale: 100
  voltage: 4028
  temperature: 242
  technology: Li-ion
Current Battery Service state:
  AC powered: false
  USB powered: false
  Wireless powered: false
  Max charging current: 0
  Max charging voltage: 0
  Charge counter: 5121993
  status: 3
  health: 2
  present: true
  level: 89
  scale: 100
  voltage: 4028
  temperature: 242
  technology: Li-ion
Current Battery Service state:
  AC powered: false
  USB powered: false
  Wireless powered: false
  Max charging current: 0
  Max charging voltage: 0
  Charge counter: 5121993
  status: 3
  health: 2
  present: true
  level: 89
  scale: 100
  voltage: 4028
  temperature: 242
  technology: Li-ion
Current Battery Service state:
  AC powered: false
  USB powered: false
  Wireless powered: false
  Max charging current: 0
  Max charging voltage: 0
  Charge counter: 5121993
  status: 3
  health: 2
  present: true
  level: 89
  scale: 100
  voltage: 4028
  temperature: 242
  technology: Li-ion
Current Battery Service state:
  AC powered: false
  USB powered: false
  Wireless powered: false
  Max charging current: 0
  Max charging voltage: 0
  Charge counter: 5121993
  status: 3
  health: 2
  present: true
  level: 89
  scale: 100
  voltage: 4028
  temperature: 242
  technology: Li-ion
Current Battery Service state:
  AC powered: false
  USB powered: false
  Wireless powered: false
  Max charging current: 0
  Max charging voltage: 0
  Charge counter: 5121993
  status: 3
  health: 2
  present: true
  level: 89
  scale: 100
  voltage: 4028
  temperature: 242
  technology: Li-ion
Current Battery Service state:
  AC powered: false
  USB powered: false
  Wireless powered: false
  Max charging current: 0
  Max charging voltage: 0
  Charge counter: 5116572
  status: 3
  health: 2
  present: true
  level: 89
  scale: 100
  voltage: 4018
  temperature: 247
  technology: Li-ion
Current Battery Service state:
  AC powered: false
  USB powered: false
  Wireless powered: false
  Max charging current: 0
  Max charging voltage: 0
  Charge counter: 5116572
  status: 3
  health: 2
  present: true
  level: 89
  scale: 100
  voltage: 4018
  temperature: 247
  technology: Li-ion
Current Battery Service state:
  AC powered: false
  USB powered: false
  Wireless powered: false
  Max charging current: 0
  Max charging voltage: 0
  Charge counter: 5116572
  status: 3
  health: 2
  present: true
  level: 89
  scale: 100
  voltage: 4018
  temperature: 247
  technology: Li-ion
Current Battery Service state:
  AC powered: false
  USB powered: false
  Wireless powered: false
  Max charging current: 0
  Max charging voltage: 0
  Charge counter: 5116572
  status: 3
  health: 2
  present: true
  level: 89
  scale: 100
  voltage: 4018
  temperature: 247
  technology: Li-ion
Current Battery Service state:
  AC powered: false
  USB powered: false
  Wireless powered: false
  Max charging current: 0
  Max charging voltage: 0
  Charge counter: 5114353
  status: 3
  health: 2
  present: true
  level: 89
  scale: 100
  voltage: 4017
  temperature: 247
  technology: Li-ion
Current Battery Service state:
  AC powered: false
  USB powered: false
  Wireless powered: false
  Max charging current: 0
  Max charging voltage: 0
  Charge counter: 5114353
  status: 3
  health: 2
  present: true
  level: 89
  scale: 100
  voltage: 4017
  temperature: 247
  technology: Li-ion
Current Battery Service state:
  AC powered: false
  USB powered: false
  Wireless powered: false
  Max charging current: 0
  Max charging voltage: 0
  Charge counter: 5114353
  status: 3
  health: 2
  present: true
  level: 89
  scale: 100
  voltage: 4017
  temperature: 247
  technology: Li-ion
Current Battery Service state:
  AC powered: false
  USB powered: false
  Wireless powered: false
  Max charging current: 0
  Max charging voltage: 0
  Charge counter: 5114353
  status: 3
  health: 2
  present: true
  level: 89
  scale: 100
  voltage: 4017
  temperature: 247
  technology: Li-ion
Current Battery Service state:
  AC powered: false
  USB powered: false
  Wireless powered: false
  Max charging current: 0
  Max charging voltage: 0
  Charge counter: 5114353
  status: 3
  health: 2
  present: true
  level: 89
  scale: 100
  voltage: 4017
  temperature: 247
  technology: Li-ion
Current Battery Service state:
  AC powered: false
  USB powered: false
  Wireless powered: false
  Max charging current: 0
  Max charging voltage: 0
  Charge counter: 5114353
  status: 3
  health: 2
  present: true
  level: 89
  scale: 100
  voltage: 4017
  temperature: 247
  technology: Li-ion
Current Battery Service state:
  AC powered: false
  USB powered: false
  Wireless powered: false
  Max charging current: 0
  Max charging voltage: 0
  Charge counter: 5111578
  status: 3
  health: 2
  present: true
  level: 89
  scale: 100
  voltage: 4013
  temperature: 245
  technology: Li-ion
Current Battery Service state:
  AC powered: false
  USB powered: false
  Wireless powered: false
  Max charging current: 0
  Max charging voltage: 0
  Charge counter: 5111578
  status: 3
  health: 2
  present: true
  level: 89
  scale: 100
  voltage: 4013
  temperature: 245
  technology: Li-ion
Current Battery Service state:
  AC powered: false
  USB powered: false
  Wireless powered: false
  Max charging current: 0
  Max charging voltage: 0
  Charge counter: 5111578
  status: 3
  health: 2
  present: true
  level: 89
  scale: 100
  voltage: 4013
  temperature: 245
  technology: Li-ion
Current Battery Service state:
  AC powered: false
  USB powered: false
  Wireless powered: false
  Max charging current: 0
  Max charging voltage: 0
  Charge counter: 5111578
  status: 3
  health: 2
  present: true
  level: 89
  scale: 100
  voltage: 4013
  temperature: 245
  technology: Li-ion
Current Battery Service state:
  AC powered: false
  USB powered: false
  Wireless powered: false
  Max charging current: 0
  Max charging voltage: 0
  Charge counter: 5111578
  status: 3
  health: 2
  present: true
  level: 89
  scale: 100
  voltage: 4013
  temperature: 245
  technology: Li-ion
Current Battery Service state:
  AC powered: false
  USB powered: false
  Wireless powered: false
  Max charging current: 0
  Max charging voltage: 0
  Charge counter: 5111578
  status: 3
  health: 2
  present: true
  level: 89
  scale: 100
  voltage: 4013
  temperature: 245
  technology: Li-ion
Current Battery Service state:
  AC powered: false
  USB powered: false
  Wireless powered: false
  Max charging current: 0
  Max charging voltage: 0
  Charge counter: 5111578
  status: 3
  health: 2
  present: true
  level: 89
  scale: 100
  voltage: 4013
  temperature: 245
  technology: Li-ion
Current Battery Service state:
  AC powered: false
  USB powered: false
  Wireless powered: false
  Max charging current: 0
  Max charging voltage: 0
  Charge counter: 5111578
  status: 3
  health: 2
  present: true
  level: 89
  scale: 100
  voltage: 4013
  temperature: 245
  technology: Li-ion
Current Battery Service state:
  AC powered: false
  USB powered: false
  Wireless powered: false
  Max charging current: 0
  Max charging voltage: 0
  Charge counter: 5111578
  status: 3
  health: 2
  present: true
  level: 89
  scale: 100
  voltage: 4013
  temperature: 245
  technology: Li-ion
Current Battery Service state:
  AC powered: false
  USB powered: false
  Wireless powered: false
  Max charging current: 0
  Max charging voltage: 0
  Charge counter: 5111578
  status: 3
  health: 2
  present: true
  level: 89
  scale: 100
  voltage: 4013
  temperature: 245
  technology: Li-ion
Current Battery Service state:
  AC powered: false
  USB powered: false
  Wireless powered: false
  Max charging current: 0
  Max charging voltage: 0
  Charge counter: 5106280
  status: 3
  health: 2
  present: true
  level: 89
  scale: 100
  voltage: 4020
  temperature: 247
  technology: Li-ion
Current Battery Service state:
  AC powered: false
  USB powered: false
  Wireless powered: false
  Max charging current: 0
  Max charging voltage: 0
  Charge counter: 5106280
  status: 3
  health: 2
  present: true
  level: 89
  scale: 100
  voltage: 4020
  temperature: 247
  technology: Li-ion
Current Battery Service state:
  AC powered: false
  USB powered: false
  Wireless powered: false
  Max charging current: 0
  Max charging voltage: 0
  Charge counter: 5106280
  status: 3
  health: 2
  present: true
  level: 89
  scale: 100
  voltage: 4020
  temperature: 247
  technology: Li-ion
Current Battery Service state:
  AC powered: false
  USB powered: false
  Wireless powered: false
  Max charging current: 0
  Max charging voltage: 0
  Charge counter: 5106280
  status: 3
  health: 2
  present: true
  level: 89
  scale: 100
  voltage: 4020
  temperature: 247
  technology: Li-ion
Current Battery Service state:
  AC powered: false
  USB powered: false
  Wireless powered: false
  Max charging current: 0
  Max charging voltage: 0
  Charge counter: 5103587
  status: 3
  health: 2
  present: true
  level: 89
  scale: 100
  voltage: 4006
  temperature: 250
  technology: Li-ion
Current Battery Service state:
  AC powered: false
  USB powered: false
  Wireless powered: false
  Max charging current: 0
  Max charging voltage: 0
  Charge counter: 5103587
  status: 3
  health: 2
  present: true
  level: 89
  scale: 100
  voltage: 4006
  temperature: 250
  technology: Li-ion
Current Battery Service state:
  AC powered: false
  USB powered: false
  Wireless powered: false
  Max charging current: 0
  Max charging voltage: 0
  Charge counter: 5103587
  status: 3
  health: 2
  present: true
  level: 89
  scale: 100
  voltage: 4006
  temperature: 250
  technology: Li-ion
Current Battery Service state:
  AC powered: false
  USB powered: false
  Wireless powered: false
  Max charging current: 0
  Max charging voltage: 0
  Charge counter: 5103587
  status: 3
  health: 2
  present: true
  level: 89
  scale: 100
  voltage: 4006
  temperature: 250
  technology: Li-ion
Current Battery Service state:
  AC powered: false
  USB powered: false
  Wireless powered: false
  Max charging current: 0
  Max charging voltage: 0
  Charge counter: 5103587
  status: 3
  health: 2
  present: true
  level: 89
  scale: 100
  voltage: 4006
  temperature: 250
  technology: Li-ion
Current Battery Service state:
  AC powered: false
  USB powered: false
  Wireless powered: false
  Max charging current: 0
  Max charging voltage: 0
  Charge counter: 5103587
  status: 3
  health: 2
  present: true
  level: 89
  scale: 100
  voltage: 4006
  temperature: 250
  technology: Li-ion
Current Battery Service state:
  AC powered: false
  USB powered: false
  Wireless powered: false
  Max charging current: 0
  Max charging voltage: 0
  Charge counter: 5100821
  status: 3
  health: 2
  present: true
  level: 89
  scale: 100
  voltage: 4000
  temperature: 250
  technology: Li-ion
Current Battery Service state:
  AC powered: false
  USB powered: false
  Wireless powered: false
  Max charging current: 0
  Max charging voltage: 0
  Charge counter: 5100821
  status: 3
  health: 2
  present: true
  level: 89
  scale: 100
  voltage: 4000
  temperature: 250
  technology: Li-ion
Current Battery Service state:
  AC powered: false
  USB powered: false
  Wireless powered: false
  Max charging current: 0
  Max charging voltage: 0
  Charge counter: 5100821
  status: 3
  health: 2
  present: true
  level: 89
  scale: 100
  voltage: 4000
  temperature: 250
  technology: Li-ion
Current Battery Service state:
  AC powered: false
  USB powered: false
  Wireless powered: false
  Max charging current: 0
  Max charging voltage: 0
  Charge counter: 5098204
  status: 3
  health: 2
  present: true
  level: 89
  scale: 100
  voltage: 4001
  temperature: 247
  technology: Li-ion
Current Battery Service state:
  AC powered: false
  USB powered: false
  Wireless powered: false
  Max charging current: 0
  Max charging voltage: 0
  Charge counter: 5098204
  status: 3
  health: 2
  present: true
  level: 89
  scale: 100
  voltage: 4001
  temperature: 247
  technology: Li-ion
Current Battery Service state:
  AC powered: false
  USB powered: false
  Wireless powered: false
  Max charging current: 0
  Max charging voltage: 0
  Charge counter: 5098204
  status: 3
  health: 2
  present: true
  level: 89
  scale: 100
  voltage: 4001
  temperature: 247
  technology: Li-ion
