timestamp,id,uuid,load,memoryUtil,memoryTotal,memoryFree,driver,name,serial,display_mode,display_active
1709154899.949049,0,GPU-a71d5fd4-b7db-93b7-1b7a-5a6e2a6a8c65,0.2,0.43369140625,10240.0,5799.0,472.12,NVIDIA GeForce RTX 3080,[N/A],Enabled,Enabled
1709154900.954185,0,GPU-a71d5fd4-b7db-93b7-1b7a-5a6e2a6a8c65,0.16,0.59462890625,10240.0,4151.0,472.12,NVIDIA GeForce RTX 3080,[N/A],Enabled,Enabled
1709154901.949211,0,GPU-a71d5fd4-b7db-93b7-1b7a-5a6e2a6a8c65,0.11,0.53974609375,10240.0,4713.0,472.12,NVIDIA GeForce RTX 3080,[N/A],Enabled,Enabled
1709154902.944268,0,GPU-a71d5fd4-b7db-93b7-1b7a-5a6e2a6a8c65,0.1,0.53974609375,10240.0,4713.0,472.12,NVIDIA GeForce RTX 3080,[N/A],Enabled,Enabled
1709154903.951675,0,GPU-a71d5fd4-b7db-93b7-1b7a-5a6e2a6a8c65,0.11,0.53974609375,10240.0,4713.0,472.12,NVIDIA GeForce RTX 3080,[N/A],Enabled,Enabled
1709154904.94702,0,GPU-a71d5fd4-b7db-93b7-1b7a-5a6e2a6a8c65,0.13,0.42724609375,10240.0,5865.0,472.12,NVIDIA GeForce RTX 3080,[N/A],Enabled,Enabled
1709154905.955326,0,GPU-a71d5fd4-b7db-93b7-1b7a-5a6e2a6a8c65,0.22,0.56025390625,10240.0,4503.0,472.12,NVIDIA GeForce RTX 3080,[N/A],Enabled,Enabled
1709154906.944184,0,GPU-a71d5fd4-b7db-93b7-1b7a-5a6e2a6a8c65,0.15,0.49208984375,10240.0,5201.0,472.12,NVIDIA GeForce RTX 3080,[N/A],Enabled,Enabled
1709154907.950181,0,GPU-a71d5fd4-b7db-93b7-1b7a-5a6e2a6a8c65,0.15,0.49208984375,10240.0,5201.0,472.12,NVIDIA GeForce RTX 3080,[N/A],Enabled,Enabled
1709154908.944221,0,GPU-a71d5fd4-b7db-93b7-1b7a-5a6e2a6a8c65,0.13,0.5357421875,10240.0,4754.0,472.12,NVIDIA GeForce RTX 3080,[N/A],Enabled,Enabled
1709154909.954911,0,GPU-a71d5fd4-b7db-93b7-1b7a-5a6e2a6a8c65,0.15,0.49306640625,10240.0,5191.0,472.12,NVIDIA GeForce RTX 3080,[N/A],Enabled,Enabled
1709154910.949548,0,GPU-a71d5fd4-b7db-93b7-1b7a-5a6e2a6a8c65,0.15,0.49306640625,10240.0,5191.0,472.12,NVIDIA GeForce RTX 3080,[N/A],Enabled,Enabled
1709154911.942205,0,GPU-a71d5fd4-b7db-93b7-1b7a-5a6e2a6a8c65,0.14,0.48935546875,10240.0,5229.0,472.12,NVIDIA GeForce RTX 3080,[N/A],Enabled,Enabled
1709154912.949469,0,GPU-a71d5fd4-b7db-93b7-1b7a-5a6e2a6a8c65,0.15,0.48935546875,10240.0,5229.0,472.12,NVIDIA GeForce RTX 3080,[N/A],Enabled,Enabled
1709154913.944344,0,GPU-a71d5fd4-b7db-93b7-1b7a-5a6e2a6a8c65,0.13,0.48935546875,10240.0,5229.0,472.12,NVIDIA GeForce RTX 3080,[N/A],Enabled,Enabled
1709154914.950746,0,GPU-a71d5fd4-b7db-93b7-1b7a-5a6e2a6a8c65,0.14,0.49306640625,10240.0,5191.0,472.12,NVIDIA GeForce RTX 3080,[N/A],Enabled,Enabled
1709154915.948979,0,GPU-a71d5fd4-b7db-93b7-1b7a-5a6e2a6a8c65,0.14,0.48935546875,10240.0,5229.0,472.12,NVIDIA GeForce RTX 3080,[N/A],Enabled,Enabled
1709154916.945129,0,GPU-a71d5fd4-b7db-93b7-1b7a-5a6e2a6a8c65,0.16,0.49306640625,10240.0,5191.0,472.12,NVIDIA GeForce RTX 3080,[N/A],Enabled,Enabled
1709154917.952644,0,GPU-a71d5fd4-b7db-93b7-1b7a-5a6e2a6a8c65,0.14,0.48935546875,10240.0,5229.0,472.12,NVIDIA GeForce RTX 3080,[N/A],Enabled,Enabled
1709154918.947113,0,GPU-a71d5fd4-b7db-93b7-1b7a-5a6e2a6a8c65,0.15,0.48935546875,10240.0,5229.0,472.12,NVIDIA GeForce RTX 3080,[N/A],Enabled,Enabled
1709154919.944204,0,GPU-a71d5fd4-b7db-93b7-1b7a-5a6e2a6a8c65,0.15,0.49306640625,10240.0,5191.0,472.12,NVIDIA GeForce RTX 3080,[N/A],Enabled,Enabled
1709154920.948931,0,GPU-a71d5fd4-b7db-93b7-1b7a-5a6e2a6a8c65,0.14,0.48935546875,10240.0,5229.0,472.12,NVIDIA GeForce RTX 3080,[N/A],Enabled,Enabled
1709154921.943718,0,GPU-a71d5fd4-b7db-93b7-1b7a-5a6e2a6a8c65,0.14,0.48935546875,10240.0,5229.0,472.12,NVIDIA GeForce RTX 3080,[N/A],Enabled,Enabled
1709154922.956083,0,GPU-a71d5fd4-b7db-93b7-1b7a-5a6e2a6a8c65,0.14,0.48935546875,10240.0,5229.0,472.12,NVIDIA GeForce RTX 3080,[N/A],Enabled,Enabled
1709154923.951435,0,GPU-a71d5fd4-b7db-93b7-1b7a-5a6e2a6a8c65,0.14,0.48935546875,10240.0,5229.0,472.12,NVIDIA GeForce RTX 3080,[N/A],Enabled,Enabled
1709154924.944152,0,GPU-a71d5fd4-b7db-93b7-1b7a-5a6e2a6a8c65,0.14,0.489453125,10240.0,5228.0,472.12,NVIDIA GeForce RTX 3080,[N/A],Enabled,Enabled
1709154925.945888,0,GPU-a71d5fd4-b7db-93b7-1b7a-5a6e2a6a8c65,0.14,0.489453125,10240.0,5228.0,472.12,NVIDIA GeForce RTX 3080,[N/A],Enabled,Enabled
1709154926.954101,0,GPU-a71d5fd4-b7db-93b7-1b7a-5a6e2a6a8c65,0.14,0.49169921875,10240.0,5205.0,472.12,NVIDIA GeForce RTX 3080,[N/A],Enabled,Enabled
1709154927.948924,0,GPU-a71d5fd4-b7db-93b7-1b7a-5a6e2a6a8c65,0.16,0.5025390625,10240.0,5094.0,472.12,NVIDIA GeForce RTX 3080,[N/A],Enabled,Enabled
1709154928.942691,0,GPU-a71d5fd4-b7db-93b7-1b7a-5a6e2a6a8c65,0.18,0.5025390625,10240.0,5094.0,472.12,NVIDIA GeForce RTX 3080,[N/A],Enabled,Enabled
1709154929.951461,0,GPU-a71d5fd4-b7db-93b7-1b7a-5a6e2a6a8c65,0.17,0.5025390625,10240.0,5094.0,472.12,NVIDIA GeForce RTX 3080,[N/A],Enabled,Enabled
1709154930.942771,0,GPU-a71d5fd4-b7db-93b7-1b7a-5a6e2a6a8c65,0.18,0.5025390625,10240.0,5094.0,472.12,NVIDIA GeForce RTX 3080,[N/A],Enabled,Enabled
1709154931.949566,0,GPU-a71d5fd4-b7db-93b7-1b7a-5a6e2a6a8c65,0.17,0.5025390625,10240.0,5094.0,472.12,NVIDIA GeForce RTX 3080,[N/A],Enabled,Enabled
1709154932.941744,0,GPU-a71d5fd4-b7db-93b7-1b7a-5a6e2a6a8c65,0.18,0.5025390625,10240.0,5094.0,472.12,NVIDIA GeForce RTX 3080,[N/A],Enabled,Enabled
1709154933.953394,0,GPU-a71d5fd4-b7db-93b7-1b7a-5a6e2a6a8c65,0.17,0.5025390625,10240.0,5094.0,472.12,NVIDIA GeForce RTX 3080,[N/A],Enabled,Enabled
1709154934.949132,0,GPU-a71d5fd4-b7db-93b7-1b7a-5a6e2a6a8c65,0.18,0.5025390625,10240.0,5094.0,472.12,NVIDIA GeForce RTX 3080,[N/A],Enabled,Enabled
1709154935.955918,0,GPU-a71d5fd4-b7db-93b7-1b7a-5a6e2a6a8c65,0.18,0.5025390625,10240.0,5094.0,472.12,NVIDIA GeForce RTX 3080,[N/A],Enabled,Enabled
1709154936.947788,0,GPU-a71d5fd4-b7db-93b7-1b7a-5a6e2a6a8c65,0.18,0.5025390625,10240.0,5094.0,472.12,NVIDIA GeForce RTX 3080,[N/A],Enabled,Enabled
1709154937.955136,0,GPU-a71d5fd4-b7db-93b7-1b7a-5a6e2a6a8c65,0.18,0.5025390625,10240.0,5094.0,472.12,NVIDIA GeForce RTX 3080,[N/A],Enabled,Enabled
1709154938.954291,0,GPU-a71d5fd4-b7db-93b7-1b7a-5a6e2a6a8c65,0.17,0.5025390625,10240.0,5094.0,472.12,NVIDIA GeForce RTX 3080,[N/A],Enabled,Enabled
1709154939.950432,0,GPU-a71d5fd4-b7db-93b7-1b7a-5a6e2a6a8c65,0.18,0.5025390625,10240.0,5094.0,472.12,NVIDIA GeForce RTX 3080,[N/A],Enabled,Enabled
1709154940.944085,0,GPU-a71d5fd4-b7db-93b7-1b7a-5a6e2a6a8c65,0.18,0.5025390625,10240.0,5094.0,472.12,NVIDIA GeForce RTX 3080,[N/A],Enabled,Enabled
1709154941.954209,0,GPU-a71d5fd4-b7db-93b7-1b7a-5a6e2a6a8c65,0.18,0.5025390625,10240.0,5094.0,472.12,NVIDIA GeForce RTX 3080,[N/A],Enabled,Enabled
1709154942.947181,0,GPU-a71d5fd4-b7db-93b7-1b7a-5a6e2a6a8c65,0.18,0.5025390625,10240.0,5094.0,472.12,NVIDIA GeForce RTX 3080,[N/A],Enabled,Enabled
1709154943.94517,0,GPU-a71d5fd4-b7db-93b7-1b7a-5a6e2a6a8c65,0.17,0.5025390625,10240.0,5094.0,472.12,NVIDIA GeForce RTX 3080,[N/A],Enabled,Enabled
1709154944.955142,0,GPU-a71d5fd4-b7db-93b7-1b7a-5a6e2a6a8c65,0.18,0.5025390625,10240.0,5094.0,472.12,NVIDIA GeForce RTX 3080,[N/A],Enabled,Enabled
1709154945.951446,0,GPU-a71d5fd4-b7db-93b7-1b7a-5a6e2a6a8c65,0.17,0.5025390625,10240.0,5094.0,472.12,NVIDIA GeForce RTX 3080,[N/A],Enabled,Enabled
1709154946.949148,0,GPU-a71d5fd4-b7db-93b7-1b7a-5a6e2a6a8c65,0.22,0.5025390625,10240.0,5094.0,472.12,NVIDIA GeForce RTX 3080,[N/A],Enabled,Enabled
1709154947.946304,0,GPU-a71d5fd4-b7db-93b7-1b7a-5a6e2a6a8c65,0.18,0.50341796875,10240.0,5085.0,472.12,NVIDIA GeForce RTX 3080,[N/A],Enabled,Enabled
1709154948.956876,0,GPU-a71d5fd4-b7db-93b7-1b7a-5a6e2a6a8c65,0.18,0.50341796875,10240.0,5085.0,472.12,NVIDIA GeForce RTX 3080,[N/A],Enabled,Enabled
1709154949.945287,0,GPU-a71d5fd4-b7db-93b7-1b7a-5a6e2a6a8c65,0.18,0.50341796875,10240.0,5085.0,472.12,NVIDIA GeForce RTX 3080,[N/A],Enabled,Enabled
1709154950.949463,0,GPU-a71d5fd4-b7db-93b7-1b7a-5a6e2a6a8c65,0.18,0.50341796875,10240.0,5085.0,472.12,NVIDIA GeForce RTX 3080,[N/A],Enabled,Enabled
1709154951.950437,0,GPU-a71d5fd4-b7db-93b7-1b7a-5a6e2a6a8c65,0.18,0.50341796875,10240.0,5085.0,472.12,NVIDIA GeForce RTX 3080,[N/A],Enabled,Enabled
1709154952.955894,0,GPU-a71d5fd4-b7db-93b7-1b7a-5a6e2a6a8c65,0.18,0.50341796875,10240.0,5085.0,472.12,NVIDIA GeForce RTX 3080,[N/A],Enabled,Enabled
1709154953.947014,0,GPU-a71d5fd4-b7db-93b7-1b7a-5a6e2a6a8c65,0.18,0.50341796875,10240.0,5085.0,472.12,NVIDIA GeForce RTX 3080,[N/A],Enabled,Enabled
1709154954.95702,0,GPU-a71d5fd4-b7db-93b7-1b7a-5a6e2a6a8c65,0.18,0.50341796875,10240.0,5085.0,472.12,NVIDIA GeForce RTX 3080,[N/A],Enabled,Enabled
1709154955.951597,0,GPU-a71d5fd4-b7db-93b7-1b7a-5a6e2a6a8c65,0.18,0.50341796875,10240.0,5085.0,472.12,NVIDIA GeForce RTX 3080,[N/A],Enabled,Enabled
1709154956.947141,0,GPU-a71d5fd4-b7db-93b7-1b7a-5a6e2a6a8c65,0.18,0.50341796875,10240.0,5085.0,472.12,NVIDIA GeForce RTX 3080,[N/A],Enabled,Enabled
1709154957.956819,0,GPU-a71d5fd4-b7db-93b7-1b7a-5a6e2a6a8c65,0.17,0.50341796875,10240.0,5085.0,472.12,NVIDIA GeForce RTX 3080,[N/A],Enabled,Enabled
1709154958.945362,0,GPU-a71d5fd4-b7db-93b7-1b7a-5a6e2a6a8c65,0.18,0.50341796875,10240.0,5085.0,472.12,NVIDIA GeForce RTX 3080,[N/A],Enabled,Enabled
1709154959.943382,0,GPU-a71d5fd4-b7db-93b7-1b7a-5a6e2a6a8c65,0.18,0.50341796875,10240.0,5085.0,472.12,NVIDIA GeForce RTX 3080,[N/A],Enabled,Enabled
1709154960.955986,0,GPU-a71d5fd4-b7db-93b7-1b7a-5a6e2a6a8c65,0.18,0.50341796875,10240.0,5085.0,472.12,NVIDIA GeForce RTX 3080,[N/A],Enabled,Enabled
1709154961.95124,0,GPU-a71d5fd4-b7db-93b7-1b7a-5a6e2a6a8c65,0.17,0.50341796875,10240.0,5085.0,472.12,NVIDIA GeForce RTX 3080,[N/A],Enabled,Enabled
1709154962.956336,0,GPU-a71d5fd4-b7db-93b7-1b7a-5a6e2a6a8c65,0.18,0.50341796875,10240.0,5085.0,472.12,NVIDIA GeForce RTX 3080,[N/A],Enabled,Enabled
1709154963.953874,0,GPU-a71d5fd4-b7db-93b7-1b7a-5a6e2a6a8c65,0.17,0.50341796875,10240.0,5085.0,472.12,NVIDIA GeForce RTX 3080,[N/A],Enabled,Enabled
1709154964.951225,0,GPU-a71d5fd4-b7db-93b7-1b7a-5a6e2a6a8c65,0.18,0.50341796875,10240.0,5085.0,472.12,NVIDIA GeForce RTX 3080,[N/A],Enabled,Enabled
1709154965.943586,0,GPU-a71d5fd4-b7db-93b7-1b7a-5a6e2a6a8c65,0.18,0.50341796875,10240.0,5085.0,472.12,NVIDIA GeForce RTX 3080,[N/A],Enabled,Enabled
1709154966.956829,0,GPU-a71d5fd4-b7db-93b7-1b7a-5a6e2a6a8c65,0.18,0.50341796875,10240.0,5085.0,472.12,NVIDIA GeForce RTX 3080,[N/A],Enabled,Enabled
1709154967.95555,0,GPU-a71d5fd4-b7db-93b7-1b7a-5a6e2a6a8c65,0.17,0.50341796875,10240.0,5085.0,472.12,NVIDIA GeForce RTX 3080,[N/A],Enabled,Enabled
1709154968.94607,0,GPU-a71d5fd4-b7db-93b7-1b7a-5a6e2a6a8c65,0.18,0.50341796875,10240.0,5085.0,472.12,NVIDIA GeForce RTX 3080,[N/A],Enabled,Enabled
1709154969.954382,0,GPU-a71d5fd4-b7db-93b7-1b7a-5a6e2a6a8c65,0.17,0.50341796875,10240.0,5085.0,472.12,NVIDIA GeForce RTX 3080,[N/A],Enabled,Enabled
1709154970.949708,0,GPU-a71d5fd4-b7db-93b7-1b7a-5a6e2a6a8c65,0.19,0.50419921875,10240.0,5077.0,472.12,NVIDIA GeForce RTX 3080,[N/A],Enabled,Enabled
1709154971.945494,0,GPU-a71d5fd4-b7db-93b7-1b7a-5a6e2a6a8c65,0.18,0.50419921875,10240.0,5077.0,472.12,NVIDIA GeForce RTX 3080,[N/A],Enabled,Enabled
1709154972.9559,0,GPU-a71d5fd4-b7db-93b7-1b7a-5a6e2a6a8c65,0.17,0.50419921875,10240.0,5077.0,472.12,NVIDIA GeForce RTX 3080,[N/A],Enabled,Enabled
1709154973.947567,0,GPU-a71d5fd4-b7db-93b7-1b7a-5a6e2a6a8c65,0.17,0.5025390625,10240.0,5094.0,472.12,NVIDIA GeForce RTX 3080,[N/A],Enabled,Enabled
1709154974.954478,0,GPU-a71d5fd4-b7db-93b7-1b7a-5a6e2a6a8c65,0.18,0.5017578125,10240.0,5102.0,472.12,NVIDIA GeForce RTX 3080,[N/A],Enabled,Enabled
1709154975.950231,0,GPU-a71d5fd4-b7db-93b7-1b7a-5a6e2a6a8c65,0.18,0.5017578125,10240.0,5102.0,472.12,NVIDIA GeForce RTX 3080,[N/A],Enabled,Enabled
1709154976.942549,0,GPU-a71d5fd4-b7db-93b7-1b7a-5a6e2a6a8c65,0.18,0.5017578125,10240.0,5102.0,472.12,NVIDIA GeForce RTX 3080,[N/A],Enabled,Enabled
1709154977.950304,0,GPU-a71d5fd4-b7db-93b7-1b7a-5a6e2a6a8c65,0.18,0.5017578125,10240.0,5102.0,472.12,NVIDIA GeForce RTX 3080,[N/A],Enabled,Enabled
1709154978.945155,0,GPU-a71d5fd4-b7db-93b7-1b7a-5a6e2a6a8c65,0.18,0.5017578125,10240.0,5102.0,472.12,NVIDIA GeForce RTX 3080,[N/A],Enabled,Enabled
1709154979.954028,0,GPU-a71d5fd4-b7db-93b7-1b7a-5a6e2a6a8c65,0.18,0.50087890625,10240.0,5111.0,472.12,NVIDIA GeForce RTX 3080,[N/A],Enabled,Enabled
1709154980.947035,0,GPU-a71d5fd4-b7db-93b7-1b7a-5a6e2a6a8c65,0.19,0.50087890625,10240.0,5111.0,472.12,NVIDIA GeForce RTX 3080,[N/A],Enabled,Enabled
1709154981.955259,0,GPU-a71d5fd4-b7db-93b7-1b7a-5a6e2a6a8c65,0.18,0.50087890625,10240.0,5111.0,472.12,NVIDIA GeForce RTX 3080,[N/A],Enabled,Enabled
1709154982.952083,0,GPU-a71d5fd4-b7db-93b7-1b7a-5a6e2a6a8c65,0.18,0.50087890625,10240.0,5111.0,472.12,NVIDIA GeForce RTX 3080,[N/A],Enabled,Enabled
1709154983.945932,0,GPU-a71d5fd4-b7db-93b7-1b7a-5a6e2a6a8c65,0.18,0.50087890625,10240.0,5111.0,472.12,NVIDIA GeForce RTX 3080,[N/A],Enabled,Enabled
1709154984.955042,0,GPU-a71d5fd4-b7db-93b7-1b7a-5a6e2a6a8c65,0.18,0.5017578125,10240.0,5102.0,472.12,NVIDIA GeForce RTX 3080,[N/A],Enabled,Enabled
1709154985.951469,0,GPU-a71d5fd4-b7db-93b7-1b7a-5a6e2a6a8c65,0.18,0.5017578125,10240.0,5102.0,472.12,NVIDIA GeForce RTX 3080,[N/A],Enabled,Enabled
1709154986.945547,0,GPU-a71d5fd4-b7db-93b7-1b7a-5a6e2a6a8c65,0.18,0.5017578125,10240.0,5102.0,472.12,NVIDIA GeForce RTX 3080,[N/A],Enabled,Enabled
1709154987.95412,0,GPU-a71d5fd4-b7db-93b7-1b7a-5a6e2a6a8c65,0.18,0.5017578125,10240.0,5102.0,472.12,NVIDIA GeForce RTX 3080,[N/A],Enabled,Enabled
1709154988.953936,0,GPU-a71d5fd4-b7db-93b7-1b7a-5a6e2a6a8c65,0.18,0.5017578125,10240.0,5102.0,472.12,NVIDIA GeForce RTX 3080,[N/A],Enabled,Enabled
1709154989.949031,0,GPU-a71d5fd4-b7db-93b7-1b7a-5a6e2a6a8c65,0.18,0.5017578125,10240.0,5102.0,472.12,NVIDIA GeForce RTX 3080,[N/A],Enabled,Enabled
1709154990.94898,0,GPU-a71d5fd4-b7db-93b7-1b7a-5a6e2a6a8c65,0.18,0.5017578125,10240.0,5102.0,472.12,NVIDIA GeForce RTX 3080,[N/A],Enabled,Enabled
1709154991.944993,0,GPU-a71d5fd4-b7db-93b7-1b7a-5a6e2a6a8c65,0.17,0.5017578125,10240.0,5102.0,472.12,NVIDIA GeForce RTX 3080,[N/A],Enabled,Enabled
1709154992.943473,0,GPU-a71d5fd4-b7db-93b7-1b7a-5a6e2a6a8c65,0.18,0.5017578125,10240.0,5102.0,472.12,NVIDIA GeForce RTX 3080,[N/A],Enabled,Enabled
1709154993.951771,0,GPU-a71d5fd4-b7db-93b7-1b7a-5a6e2a6a8c65,0.18,0.5017578125,10240.0,5102.0,472.12,NVIDIA GeForce RTX 3080,[N/A],Enabled,Enabled
1709154994.946314,0,GPU-a71d5fd4-b7db-93b7-1b7a-5a6e2a6a8c65,0.19,0.5017578125,10240.0,5102.0,472.12,NVIDIA GeForce RTX 3080,[N/A],Enabled,Enabled
1709154995.954727,0,GPU-a71d5fd4-b7db-93b7-1b7a-5a6e2a6a8c65,0.18,0.5017578125,10240.0,5102.0,472.12,NVIDIA GeForce RTX 3080,[N/A],Enabled,Enabled
1709154996.949055,0,GPU-a71d5fd4-b7db-93b7-1b7a-5a6e2a6a8c65,0.18,0.5017578125,10240.0,5102.0,472.12,NVIDIA GeForce RTX 3080,[N/A],Enabled,Enabled
1709154997.943808,0,GPU-a71d5fd4-b7db-93b7-1b7a-5a6e2a6a8c65,0.18,0.50341796875,10240.0,5085.0,472.12,NVIDIA GeForce RTX 3080,[N/A],Enabled,Enabled
1709154998.956175,0,GPU-a71d5fd4-b7db-93b7-1b7a-5a6e2a6a8c65,0.18,0.50341796875,10240.0,5085.0,472.12,NVIDIA GeForce RTX 3080,[N/A],Enabled,Enabled
1709154999.944831,0,GPU-a71d5fd4-b7db-93b7-1b7a-5a6e2a6a8c65,0.19,0.50341796875,10240.0,5085.0,472.12,NVIDIA GeForce RTX 3080,[N/A],Enabled,Enabled
1709155000.953567,0,GPU-a71d5fd4-b7db-93b7-1b7a-5a6e2a6a8c65,0.18,0.50263671875,10240.0,5093.0,472.12,NVIDIA GeForce RTX 3080,[N/A],Enabled,Enabled
1709155001.946036,0,GPU-a71d5fd4-b7db-93b7-1b7a-5a6e2a6a8c65,0.19,0.5017578125,10240.0,5102.0,472.12,NVIDIA GeForce RTX 3080,[N/A],Enabled,Enabled
1709155002.942453,0,GPU-a71d5fd4-b7db-93b7-1b7a-5a6e2a6a8c65,0.18,0.50087890625,10240.0,5111.0,472.12,NVIDIA GeForce RTX 3080,[N/A],Enabled,Enabled
1709155003.955,0,GPU-a71d5fd4-b7db-93b7-1b7a-5a6e2a6a8c65,0.18,0.50087890625,10240.0,5111.0,472.12,NVIDIA GeForce RTX 3080,[N/A],Enabled,Enabled
1709155004.951049,0,GPU-a71d5fd4-b7db-93b7-1b7a-5a6e2a6a8c65,0.19,0.50341796875,10240.0,5085.0,472.12,NVIDIA GeForce RTX 3080,[N/A],Enabled,Enabled
1709155005.948053,0,GPU-a71d5fd4-b7db-93b7-1b7a-5a6e2a6a8c65,0.18,0.50341796875,10240.0,5085.0,472.12,NVIDIA GeForce RTX 3080,[N/A],Enabled,Enabled
1709155006.954194,0,GPU-a71d5fd4-b7db-93b7-1b7a-5a6e2a6a8c65,0.18,0.50341796875,10240.0,5085.0,472.12,NVIDIA GeForce RTX 3080,[N/A],Enabled,Enabled
1709155007.946931,0,GPU-a71d5fd4-b7db-93b7-1b7a-5a6e2a6a8c65,0.18,0.50341796875,10240.0,5085.0,472.12,NVIDIA GeForce RTX 3080,[N/A],Enabled,Enabled
1709155008.953603,0,GPU-a71d5fd4-b7db-93b7-1b7a-5a6e2a6a8c65,0.18,0.50341796875,10240.0,5085.0,472.12,NVIDIA GeForce RTX 3080,[N/A],Enabled,Enabled
1709155009.946923,0,GPU-a71d5fd4-b7db-93b7-1b7a-5a6e2a6a8c65,0.17,0.50341796875,10240.0,5085.0,472.12,NVIDIA GeForce RTX 3080,[N/A],Enabled,Enabled
1709155010.953521,0,GPU-a71d5fd4-b7db-93b7-1b7a-5a6e2a6a8c65,0.18,0.50341796875,10240.0,5085.0,472.12,NVIDIA GeForce RTX 3080,[N/A],Enabled,Enabled
1709155011.943656,0,GPU-a71d5fd4-b7db-93b7-1b7a-5a6e2a6a8c65,0.18,0.50341796875,10240.0,5085.0,472.12,NVIDIA GeForce RTX 3080,[N/A],Enabled,Enabled
1709155012.955912,0,GPU-a71d5fd4-b7db-93b7-1b7a-5a6e2a6a8c65,0.18,0.50341796875,10240.0,5085.0,472.12,NVIDIA GeForce RTX 3080,[N/A],Enabled,Enabled
1709155013.950778,0,GPU-a71d5fd4-b7db-93b7-1b7a-5a6e2a6a8c65,0.17,0.50341796875,10240.0,5085.0,472.12,NVIDIA GeForce RTX 3080,[N/A],Enabled,Enabled
1709155014.945845,0,GPU-a71d5fd4-b7db-93b7-1b7a-5a6e2a6a8c65,0.18,0.50341796875,10240.0,5085.0,472.12,NVIDIA GeForce RTX 3080,[N/A],Enabled,Enabled
1709155015.956136,0,GPU-a71d5fd4-b7db-93b7-1b7a-5a6e2a6a8c65,0.18,0.50341796875,10240.0,5085.0,472.12,NVIDIA GeForce RTX 3080,[N/A],Enabled,Enabled
1709155016.949443,0,GPU-a71d5fd4-b7db-93b7-1b7a-5a6e2a6a8c65,0.18,0.50341796875,10240.0,5085.0,472.12,NVIDIA GeForce RTX 3080,[N/A],Enabled,Enabled
1709155017.945278,0,GPU-a71d5fd4-b7db-93b7-1b7a-5a6e2a6a8c65,0.18,0.50341796875,10240.0,5085.0,472.12,NVIDIA GeForce RTX 3080,[N/A],Enabled,Enabled
1709155018.954,0,GPU-a71d5fd4-b7db-93b7-1b7a-5a6e2a6a8c65,0.18,0.50341796875,10240.0,5085.0,472.12,NVIDIA GeForce RTX 3080,[N/A],Enabled,Enabled
1709155019.947075,0,GPU-a71d5fd4-b7db-93b7-1b7a-5a6e2a6a8c65,0.17,0.50341796875,10240.0,5085.0,472.12,NVIDIA GeForce RTX 3080,[N/A],Enabled,Enabled
1709155020.942745,0,GPU-a71d5fd4-b7db-93b7-1b7a-5a6e2a6a8c65,0.18,0.50341796875,10240.0,5085.0,472.12,NVIDIA GeForce RTX 3080,[N/A],Enabled,Enabled
1709155021.956319,0,GPU-a71d5fd4-b7db-93b7-1b7a-5a6e2a6a8c65,0.18,0.50341796875,10240.0,5085.0,472.12,NVIDIA GeForce RTX 3080,[N/A],Enabled,Enabled
1709155022.951638,0,GPU-a71d5fd4-b7db-93b7-1b7a-5a6e2a6a8c65,0.18,0.50341796875,10240.0,5085.0,472.12,NVIDIA GeForce RTX 3080,[N/A],Enabled,Enabled
1709155023.949593,0,GPU-a71d5fd4-b7db-93b7-1b7a-5a6e2a6a8c65,0.18,0.50341796875,10240.0,5085.0,472.12,NVIDIA GeForce RTX 3080,[N/A],Enabled,Enabled
1709155024.956311,0,GPU-a71d5fd4-b7db-93b7-1b7a-5a6e2a6a8c65,0.19,0.50341796875,10240.0,5085.0,472.12,NVIDIA GeForce RTX 3080,[N/A],Enabled,Enabled
1709155025.954043,0,GPU-a71d5fd4-b7db-93b7-1b7a-5a6e2a6a8c65,0.18,0.50341796875,10240.0,5085.0,472.12,NVIDIA GeForce RTX 3080,[N/A],Enabled,Enabled
1709155026.946003,0,GPU-a71d5fd4-b7db-93b7-1b7a-5a6e2a6a8c65,0.18,0.50341796875,10240.0,5085.0,472.12,NVIDIA GeForce RTX 3080,[N/A],Enabled,Enabled
1709155027.942655,0,GPU-a71d5fd4-b7db-93b7-1b7a-5a6e2a6a8c65,0.18,0.5033203125,10240.0,5086.0,472.12,NVIDIA GeForce RTX 3080,[N/A],Enabled,Enabled
1709155028.942107,0,GPU-a71d5fd4-b7db-93b7-1b7a-5a6e2a6a8c65,0.18,0.5033203125,10240.0,5086.0,472.12,NVIDIA GeForce RTX 3080,[N/A],Enabled,Enabled
1709155029.942514,0,GPU-a71d5fd4-b7db-93b7-1b7a-5a6e2a6a8c65,0.17,0.5033203125,10240.0,5086.0,472.12,NVIDIA GeForce RTX 3080,[N/A],Enabled,Enabled
1709155030.956203,0,GPU-a71d5fd4-b7db-93b7-1b7a-5a6e2a6a8c65,0.18,0.5033203125,10240.0,5086.0,472.12,NVIDIA GeForce RTX 3080,[N/A],Enabled,Enabled
1709155031.946113,0,GPU-a71d5fd4-b7db-93b7-1b7a-5a6e2a6a8c65,0.17,0.5033203125,10240.0,5086.0,472.12,NVIDIA GeForce RTX 3080,[N/A],Enabled,Enabled
1709155032.950392,0,GPU-a71d5fd4-b7db-93b7-1b7a-5a6e2a6a8c65,0.18,0.5033203125,10240.0,5086.0,472.12,NVIDIA GeForce RTX 3080,[N/A],Enabled,Enabled
1709155033.952525,0,GPU-a71d5fd4-b7db-93b7-1b7a-5a6e2a6a8c65,0.18,0.5033203125,10240.0,5086.0,472.12,NVIDIA GeForce RTX 3080,[N/A],Enabled,Enabled
1709155034.956921,0,GPU-a71d5fd4-b7db-93b7-1b7a-5a6e2a6a8c65,0.19,0.5033203125,10240.0,5086.0,472.12,NVIDIA GeForce RTX 3080,[N/A],Enabled,Enabled
1709155035.956316,0,GPU-a71d5fd4-b7db-93b7-1b7a-5a6e2a6a8c65,0.18,0.5033203125,10240.0,5086.0,472.12,NVIDIA GeForce RTX 3080,[N/A],Enabled,Enabled
1709155036.954361,0,GPU-a71d5fd4-b7db-93b7-1b7a-5a6e2a6a8c65,0.18,0.5033203125,10240.0,5086.0,472.12,NVIDIA GeForce RTX 3080,[N/A],Enabled,Enabled
1709155037.951223,0,GPU-a71d5fd4-b7db-93b7-1b7a-5a6e2a6a8c65,0.17,0.5033203125,10240.0,5086.0,472.12,NVIDIA GeForce RTX 3080,[N/A],Enabled,Enabled
1709155038.946226,0,GPU-a71d5fd4-b7db-93b7-1b7a-5a6e2a6a8c65,0.18,0.5033203125,10240.0,5086.0,472.12,NVIDIA GeForce RTX 3080,[N/A],Enabled,Enabled
1709155039.94264,0,GPU-a71d5fd4-b7db-93b7-1b7a-5a6e2a6a8c65,0.18,0.5033203125,10240.0,5086.0,472.12,NVIDIA GeForce RTX 3080,[N/A],Enabled,Enabled
1709155040.952698,0,GPU-a71d5fd4-b7db-93b7-1b7a-5a6e2a6a8c65,0.18,0.5033203125,10240.0,5086.0,472.12,NVIDIA GeForce RTX 3080,[N/A],Enabled,Enabled
1709155041.948427,0,GPU-a71d5fd4-b7db-93b7-1b7a-5a6e2a6a8c65,0.18,0.5033203125,10240.0,5086.0,472.12,NVIDIA GeForce RTX 3080,[N/A],Enabled,Enabled
1709155042.956953,0,GPU-a71d5fd4-b7db-93b7-1b7a-5a6e2a6a8c65,0.18,0.5033203125,10240.0,5086.0,472.12,NVIDIA GeForce RTX 3080,[N/A],Enabled,Enabled
1709155043.951439,0,GPU-a71d5fd4-b7db-93b7-1b7a-5a6e2a6a8c65,0.17,0.5033203125,10240.0,5086.0,472.12,NVIDIA GeForce RTX 3080,[N/A],Enabled,Enabled
1709155044.945319,0,GPU-a71d5fd4-b7db-93b7-1b7a-5a6e2a6a8c65,0.18,0.5033203125,10240.0,5086.0,472.12,NVIDIA GeForce RTX 3080,[N/A],Enabled,Enabled
1709155045.944302,0,GPU-a71d5fd4-b7db-93b7-1b7a-5a6e2a6a8c65,0.18,0.5033203125,10240.0,5086.0,472.12,NVIDIA GeForce RTX 3080,[N/A],Enabled,Enabled
1709155046.955822,0,GPU-a71d5fd4-b7db-93b7-1b7a-5a6e2a6a8c65,0.18,0.5033203125,10240.0,5086.0,472.12,NVIDIA GeForce RTX 3080,[N/A],Enabled,Enabled
1709155047.949171,0,GPU-a71d5fd4-b7db-93b7-1b7a-5a6e2a6a8c65,0.18,0.5033203125,10240.0,5086.0,472.12,NVIDIA GeForce RTX 3080,[N/A],Enabled,Enabled
1709155048.949185,0,GPU-a71d5fd4-b7db-93b7-1b7a-5a6e2a6a8c65,0.18,0.5033203125,10240.0,5086.0,472.12,NVIDIA GeForce RTX 3080,[N/A],Enabled,Enabled
1709155049.945825,0,GPU-a71d5fd4-b7db-93b7-1b7a-5a6e2a6a8c65,0.17,0.5033203125,10240.0,5086.0,472.12,NVIDIA GeForce RTX 3080,[N/A],Enabled,Enabled
1709155050.944282,0,GPU-a71d5fd4-b7db-93b7-1b7a-5a6e2a6a8c65,0.19,0.5033203125,10240.0,5086.0,472.12,NVIDIA GeForce RTX 3080,[N/A],Enabled,Enabled
1709155051.953972,0,GPU-a71d5fd4-b7db-93b7-1b7a-5a6e2a6a8c65,0.18,0.5033203125,10240.0,5086.0,472.12,NVIDIA GeForce RTX 3080,[N/A],Enabled,Enabled
1709155052.946924,0,GPU-a71d5fd4-b7db-93b7-1b7a-5a6e2a6a8c65,0.18,0.5033203125,10240.0,5086.0,472.12,NVIDIA GeForce RTX 3080,[N/A],Enabled,Enabled
1709155053.942242,0,GPU-a71d5fd4-b7db-93b7-1b7a-5a6e2a6a8c65,0.18,0.5033203125,10240.0,5086.0,472.12,NVIDIA GeForce RTX 3080,[N/A],Enabled,Enabled
1709155054.954916,0,GPU-a71d5fd4-b7db-93b7-1b7a-5a6e2a6a8c65,0.18,0.5033203125,10240.0,5086.0,472.12,NVIDIA GeForce RTX 3080,[N/A],Enabled,Enabled
1709155055.949357,0,GPU-a71d5fd4-b7db-93b7-1b7a-5a6e2a6a8c65,0.18,0.5033203125,10240.0,5086.0,472.12,NVIDIA GeForce RTX 3080,[N/A],Enabled,Enabled
1709155056.946399,0,GPU-a71d5fd4-b7db-93b7-1b7a-5a6e2a6a8c65,0.18,0.5033203125,10240.0,5086.0,472.12,NVIDIA GeForce RTX 3080,[N/A],Enabled,Enabled
1709155057.956317,0,GPU-a71d5fd4-b7db-93b7-1b7a-5a6e2a6a8c65,0.17,0.5033203125,10240.0,5086.0,472.12,NVIDIA GeForce RTX 3080,[N/A],Enabled,Enabled
1709155058.946235,0,GPU-a71d5fd4-b7db-93b7-1b7a-5a6e2a6a8c65,0.18,0.5033203125,10240.0,5086.0,472.12,NVIDIA GeForce RTX 3080,[N/A],Enabled,Enabled
1709155059.955907,0,GPU-a71d5fd4-b7db-93b7-1b7a-5a6e2a6a8c65,0.17,0.5033203125,10240.0,5086.0,472.12,NVIDIA GeForce RTX 3080,[N/A],Enabled,Enabled
1709155060.948846,0,GPU-a71d5fd4-b7db-93b7-1b7a-5a6e2a6a8c65,0.19,0.5033203125,10240.0,5086.0,472.12,NVIDIA GeForce RTX 3080,[N/A],Enabled,Enabled
1709155061.942553,0,GPU-a71d5fd4-b7db-93b7-1b7a-5a6e2a6a8c65,0.17,0.5033203125,10240.0,5086.0,472.12,NVIDIA GeForce RTX 3080,[N/A],Enabled,Enabled
1709155062.943755,0,GPU-a71d5fd4-b7db-93b7-1b7a-5a6e2a6a8c65,0.18,0.5033203125,10240.0,5086.0,472.12,NVIDIA GeForce RTX 3080,[N/A],Enabled,Enabled
1709155063.956078,0,GPU-a71d5fd4-b7db-93b7-1b7a-5a6e2a6a8c65,0.18,0.5033203125,10240.0,5086.0,472.12,NVIDIA GeForce RTX 3080,[N/A],Enabled,Enabled
1709155064.95038,0,GPU-a71d5fd4-b7db-93b7-1b7a-5a6e2a6a8c65,0.18,0.5033203125,10240.0,5086.0,472.12,NVIDIA GeForce RTX 3080,[N/A],Enabled,Enabled
1709155065.942682,0,GPU-a71d5fd4-b7db-93b7-1b7a-5a6e2a6a8c65,0.18,0.5033203125,10240.0,5086.0,472.12,NVIDIA GeForce RTX 3080,[N/A],Enabled,Enabled
1709155066.955936,0,GPU-a71d5fd4-b7db-93b7-1b7a-5a6e2a6a8c65,0.19,0.5033203125,10240.0,5086.0,472.12,NVIDIA GeForce RTX 3080,[N/A],Enabled,Enabled
1709155067.950567,0,GPU-a71d5fd4-b7db-93b7-1b7a-5a6e2a6a8c65,0.18,0.5033203125,10240.0,5086.0,472.12,NVIDIA GeForce RTX 3080,[N/A],Enabled,Enabled
1709155068.943735,0,GPU-a71d5fd4-b7db-93b7-1b7a-5a6e2a6a8c65,0.17,0.5033203125,10240.0,5086.0,472.12,NVIDIA GeForce RTX 3080,[N/A],Enabled,Enabled
1709155069.954078,0,GPU-a71d5fd4-b7db-93b7-1b7a-5a6e2a6a8c65,0.17,0.5033203125,10240.0,5086.0,472.12,NVIDIA GeForce RTX 3080,[N/A],Enabled,Enabled
1709155070.947023,0,GPU-a71d5fd4-b7db-93b7-1b7a-5a6e2a6a8c65,0.18,0.5033203125,10240.0,5086.0,472.12,NVIDIA GeForce RTX 3080,[N/A],Enabled,Enabled
1709155071.955905,0,GPU-a71d5fd4-b7db-93b7-1b7a-5a6e2a6a8c65,0.18,0.5033203125,10240.0,5086.0,472.12,NVIDIA GeForce RTX 3080,[N/A],Enabled,Enabled
1709155072.94947,0,GPU-a71d5fd4-b7db-93b7-1b7a-5a6e2a6a8c65,0.18,0.5033203125,10240.0,5086.0,472.12,NVIDIA GeForce RTX 3080,[N/A],Enabled,Enabled
1709155073.943583,0,GPU-a71d5fd4-b7db-93b7-1b7a-5a6e2a6a8c65,0.17,0.5033203125,10240.0,5086.0,472.12,NVIDIA GeForce RTX 3080,[N/A],Enabled,Enabled
1709155074.952138,0,GPU-a71d5fd4-b7db-93b7-1b7a-5a6e2a6a8c65,0.18,0.5033203125,10240.0,5086.0,472.12,NVIDIA GeForce RTX 3080,[N/A],Enabled,Enabled
1709155075.949812,0,GPU-a71d5fd4-b7db-93b7-1b7a-5a6e2a6a8c65,0.17,0.5033203125,10240.0,5086.0,472.12,NVIDIA GeForce RTX 3080,[N/A],Enabled,Enabled
1709155076.945907,0,GPU-a71d5fd4-b7db-93b7-1b7a-5a6e2a6a8c65,0.18,0.5033203125,10240.0,5086.0,472.12,NVIDIA GeForce RTX 3080,[N/A],Enabled,Enabled
1709155077.95623,0,GPU-a71d5fd4-b7db-93b7-1b7a-5a6e2a6a8c65,0.18,0.5033203125,10240.0,5086.0,472.12,NVIDIA GeForce RTX 3080,[N/A],Enabled,Enabled
1709155078.950774,0,GPU-a71d5fd4-b7db-93b7-1b7a-5a6e2a6a8c65,0.18,0.5033203125,10240.0,5086.0,472.12,NVIDIA GeForce RTX 3080,[N/A],Enabled,Enabled
1709155079.94703,0,GPU-a71d5fd4-b7db-93b7-1b7a-5a6e2a6a8c65,0.18,0.5033203125,10240.0,5086.0,472.12,NVIDIA GeForce RTX 3080,[N/A],Enabled,Enabled
1709155080.94375,0,GPU-a71d5fd4-b7db-93b7-1b7a-5a6e2a6a8c65,0.18,0.5033203125,10240.0,5086.0,472.12,NVIDIA GeForce RTX 3080,[N/A],Enabled,Enabled
1709155081.951503,0,GPU-a71d5fd4-b7db-93b7-1b7a-5a6e2a6a8c65,0.17,0.5033203125,10240.0,5086.0,472.12,NVIDIA GeForce RTX 3080,[N/A],Enabled,Enabled
1709155082.946248,0,GPU-a71d5fd4-b7db-93b7-1b7a-5a6e2a6a8c65,0.18,0.5033203125,10240.0,5086.0,472.12,NVIDIA GeForce RTX 3080,[N/A],Enabled,Enabled
1709155083.954448,0,GPU-a71d5fd4-b7db-93b7-1b7a-5a6e2a6a8c65,0.18,0.5033203125,10240.0,5086.0,472.12,NVIDIA GeForce RTX 3080,[N/A],Enabled,Enabled
1709155084.9471,0,GPU-a71d5fd4-b7db-93b7-1b7a-5a6e2a6a8c65,0.18,0.5033203125,10240.0,5086.0,472.12,NVIDIA GeForce RTX 3080,[N/A],Enabled,Enabled
1709155085.949052,0,GPU-a71d5fd4-b7db-93b7-1b7a-5a6e2a6a8c65,0.18,0.5033203125,10240.0,5086.0,472.12,NVIDIA GeForce RTX 3080,[N/A],Enabled,Enabled
1709155086.956175,0,GPU-a71d5fd4-b7db-93b7-1b7a-5a6e2a6a8c65,0.18,0.5033203125,10240.0,5086.0,472.12,NVIDIA GeForce RTX 3080,[N/A],Enabled,Enabled
1709155087.951482,0,GPU-a71d5fd4-b7db-93b7-1b7a-5a6e2a6a8c65,0.17,0.5033203125,10240.0,5086.0,472.12,NVIDIA GeForce RTX 3080,[N/A],Enabled,Enabled
1709155088.949217,0,GPU-a71d5fd4-b7db-93b7-1b7a-5a6e2a6a8c65,0.18,0.5033203125,10240.0,5086.0,472.12,NVIDIA GeForce RTX 3080,[N/A],Enabled,Enabled
1709155089.944912,0,GPU-a71d5fd4-b7db-93b7-1b7a-5a6e2a6a8c65,0.17,0.5033203125,10240.0,5086.0,472.12,NVIDIA GeForce RTX 3080,[N/A],Enabled,Enabled
1709155090.942825,0,GPU-a71d5fd4-b7db-93b7-1b7a-5a6e2a6a8c65,0.18,0.5033203125,10240.0,5086.0,472.12,NVIDIA GeForce RTX 3080,[N/A],Enabled,Enabled
1709155091.955978,0,GPU-a71d5fd4-b7db-93b7-1b7a-5a6e2a6a8c65,0.17,0.5033203125,10240.0,5086.0,472.12,NVIDIA GeForce RTX 3080,[N/A],Enabled,Enabled
1709155092.948306,0,GPU-a71d5fd4-b7db-93b7-1b7a-5a6e2a6a8c65,0.18,0.5033203125,10240.0,5086.0,472.12,NVIDIA GeForce RTX 3080,[N/A],Enabled,Enabled
1709155093.943972,0,GPU-a71d5fd4-b7db-93b7-1b7a-5a6e2a6a8c65,0.18,0.5033203125,10240.0,5086.0,472.12,NVIDIA GeForce RTX 3080,[N/A],Enabled,Enabled
1709155094.956563,0,GPU-a71d5fd4-b7db-93b7-1b7a-5a6e2a6a8c65,0.18,0.5033203125,10240.0,5086.0,472.12,NVIDIA GeForce RTX 3080,[N/A],Enabled,Enabled
1709155095.951483,0,GPU-a71d5fd4-b7db-93b7-1b7a-5a6e2a6a8c65,0.18,0.5033203125,10240.0,5086.0,472.12,NVIDIA GeForce RTX 3080,[N/A],Enabled,Enabled
1709155096.948928,0,GPU-a71d5fd4-b7db-93b7-1b7a-5a6e2a6a8c65,0.18,0.5033203125,10240.0,5086.0,472.12,NVIDIA GeForce RTX 3080,[N/A],Enabled,Enabled
1709155097.944267,0,GPU-a71d5fd4-b7db-93b7-1b7a-5a6e2a6a8c65,0.18,0.5033203125,10240.0,5086.0,472.12,NVIDIA GeForce RTX 3080,[N/A],Enabled,Enabled
1709155098.942296,0,GPU-a71d5fd4-b7db-93b7-1b7a-5a6e2a6a8c65,0.18,0.5033203125,10240.0,5086.0,472.12,NVIDIA GeForce RTX 3080,[N/A],Enabled,Enabled
1709155099.954206,0,GPU-a71d5fd4-b7db-93b7-1b7a-5a6e2a6a8c65,0.18,0.5033203125,10240.0,5086.0,472.12,NVIDIA GeForce RTX 3080,[N/A],Enabled,Enabled
1709155100.94607,0,GPU-a71d5fd4-b7db-93b7-1b7a-5a6e2a6a8c65,0.18,0.5033203125,10240.0,5086.0,472.12,NVIDIA GeForce RTX 3080,[N/A],Enabled,Enabled
1709155101.955316,0,GPU-a71d5fd4-b7db-93b7-1b7a-5a6e2a6a8c65,0.18,0.5033203125,10240.0,5086.0,472.12,NVIDIA GeForce RTX 3080,[N/A],Enabled,Enabled
1709155102.948754,0,GPU-a71d5fd4-b7db-93b7-1b7a-5a6e2a6a8c65,0.18,0.5033203125,10240.0,5086.0,472.12,NVIDIA GeForce RTX 3080,[N/A],Enabled,Enabled
1709155103.951251,0,GPU-a71d5fd4-b7db-93b7-1b7a-5a6e2a6a8c65,0.18,0.5033203125,10240.0,5086.0,472.12,NVIDIA GeForce RTX 3080,[N/A],Enabled,Enabled
1709155104.945669,0,GPU-a71d5fd4-b7db-93b7-1b7a-5a6e2a6a8c65,0.17,0.5033203125,10240.0,5086.0,472.12,NVIDIA GeForce RTX 3080,[N/A],Enabled,Enabled
1709155105.943699,0,GPU-a71d5fd4-b7db-93b7-1b7a-5a6e2a6a8c65,0.18,0.5033203125,10240.0,5086.0,472.12,NVIDIA GeForce RTX 3080,[N/A],Enabled,Enabled
1709155106.954686,0,GPU-a71d5fd4-b7db-93b7-1b7a-5a6e2a6a8c65,0.18,0.5033203125,10240.0,5086.0,472.12,NVIDIA GeForce RTX 3080,[N/A],Enabled,Enabled
1709155107.9515,0,GPU-a71d5fd4-b7db-93b7-1b7a-5a6e2a6a8c65,0.18,0.5033203125,10240.0,5086.0,472.12,NVIDIA GeForce RTX 3080,[N/A],Enabled,Enabled
1709155108.947413,0,GPU-a71d5fd4-b7db-93b7-1b7a-5a6e2a6a8c65,0.19,0.5033203125,10240.0,5086.0,472.12,NVIDIA GeForce RTX 3080,[N/A],Enabled,Enabled
1709155109.942411,0,GPU-a71d5fd4-b7db-93b7-1b7a-5a6e2a6a8c65,0.18,0.5033203125,10240.0,5086.0,472.12,NVIDIA GeForce RTX 3080,[N/A],Enabled,Enabled
1709155110.957078,0,GPU-a71d5fd4-b7db-93b7-1b7a-5a6e2a6a8c65,0.17,0.5033203125,10240.0,5086.0,472.12,NVIDIA GeForce RTX 3080,[N/A],Enabled,Enabled
1709155111.95005,0,GPU-a71d5fd4-b7db-93b7-1b7a-5a6e2a6a8c65,0.18,0.5033203125,10240.0,5086.0,472.12,NVIDIA GeForce RTX 3080,[N/A],Enabled,Enabled
1709155112.945,0,GPU-a71d5fd4-b7db-93b7-1b7a-5a6e2a6a8c65,0.18,0.5033203125,10240.0,5086.0,472.12,NVIDIA GeForce RTX 3080,[N/A],Enabled,Enabled
1709155113.942752,0,GPU-a71d5fd4-b7db-93b7-1b7a-5a6e2a6a8c65,0.18,0.5033203125,10240.0,5086.0,472.12,NVIDIA GeForce RTX 3080,[N/A],Enabled,Enabled
1709155114.955821,0,GPU-a71d5fd4-b7db-93b7-1b7a-5a6e2a6a8c65,0.18,0.5033203125,10240.0,5086.0,472.12,NVIDIA GeForce RTX 3080,[N/A],Enabled,Enabled
1709155115.95118,0,GPU-a71d5fd4-b7db-93b7-1b7a-5a6e2a6a8c65,0.17,0.5033203125,10240.0,5086.0,472.12,NVIDIA GeForce RTX 3080,[N/A],Enabled,Enabled
1709155116.949773,0,GPU-a71d5fd4-b7db-93b7-1b7a-5a6e2a6a8c65,0.17,0.5033203125,10240.0,5086.0,472.12,NVIDIA GeForce RTX 3080,[N/A],Enabled,Enabled
1709155117.943661,0,GPU-a71d5fd4-b7db-93b7-1b7a-5a6e2a6a8c65,0.16,0.5033203125,10240.0,5086.0,472.12,NVIDIA GeForce RTX 3080,[N/A],Enabled,Enabled
1709155118.956155,0,GPU-a71d5fd4-b7db-93b7-1b7a-5a6e2a6a8c65,0.16,0.4947265625,10240.0,5174.0,472.12,NVIDIA GeForce RTX 3080,[N/A],Enabled,Enabled
1709155119.948105,0,GPU-a71d5fd4-b7db-93b7-1b7a-5a6e2a6a8c65,0.15,0.4947265625,10240.0,5174.0,472.12,NVIDIA GeForce RTX 3080,[N/A],Enabled,Enabled
1709155120.956688,0,GPU-a71d5fd4-b7db-93b7-1b7a-5a6e2a6a8c65,0.14,0.491015625,10240.0,5212.0,472.12,NVIDIA GeForce RTX 3080,[N/A],Enabled,Enabled
1709155121.950481,0,GPU-a71d5fd4-b7db-93b7-1b7a-5a6e2a6a8c65,0.16,0.4947265625,10240.0,5174.0,472.12,NVIDIA GeForce RTX 3080,[N/A],Enabled,Enabled
1709155122.943654,0,GPU-a71d5fd4-b7db-93b7-1b7a-5a6e2a6a8c65,0.14,0.491015625,10240.0,5212.0,472.12,NVIDIA GeForce RTX 3080,[N/A],Enabled,Enabled
1709155123.956492,0,GPU-a71d5fd4-b7db-93b7-1b7a-5a6e2a6a8c65,0.14,0.491015625,10240.0,5212.0,472.12,NVIDIA GeForce RTX 3080,[N/A],Enabled,Enabled
1709155124.951723,0,GPU-a71d5fd4-b7db-93b7-1b7a-5a6e2a6a8c65,0.14,0.491015625,10240.0,5212.0,472.12,NVIDIA GeForce RTX 3080,[N/A],Enabled,Enabled
1709155125.948924,0,GPU-a71d5fd4-b7db-93b7-1b7a-5a6e2a6a8c65,0.16,0.4947265625,10240.0,5174.0,472.12,NVIDIA GeForce RTX 3080,[N/A],Enabled,Enabled
1709155126.948248,0,GPU-a71d5fd4-b7db-93b7-1b7a-5a6e2a6a8c65,0.14,0.491015625,10240.0,5212.0,472.12,NVIDIA GeForce RTX 3080,[N/A],Enabled,Enabled
1709155127.945143,0,GPU-a71d5fd4-b7db-93b7-1b7a-5a6e2a6a8c65,0.14,0.491015625,10240.0,5212.0,472.12,NVIDIA GeForce RTX 3080,[N/A],Enabled,Enabled
1709155128.95284,0,GPU-a71d5fd4-b7db-93b7-1b7a-5a6e2a6a8c65,0.13,0.491015625,10240.0,5212.0,472.12,NVIDIA GeForce RTX 3080,[N/A],Enabled,Enabled
1709155129.949537,0,GPU-a71d5fd4-b7db-93b7-1b7a-5a6e2a6a8c65,0.14,0.491015625,10240.0,5212.0,472.12,NVIDIA GeForce RTX 3080,[N/A],Enabled,Enabled
1709155130.956484,0,GPU-a71d5fd4-b7db-93b7-1b7a-5a6e2a6a8c65,0.14,0.491015625,10240.0,5212.0,472.12,NVIDIA GeForce RTX 3080,[N/A],Enabled,Enabled
