7.37 7.68 7.46 13/2710 32276
7.37 7.68 7.46 2/2710 32295
7.37 7.68 7.46 1/2710 32314
7.37 7.68 7.46 7/2710 32333
7.26 7.65 7.45 3/2710 32352
7.26 7.65 7.45 1/2710 32371
7.26 7.65 7.45 11/2710 32390
7.26 7.65 7.45 4/2710 32417
7.26 7.65 7.45 5/2710 32448
7.40 7.67 7.46 7/2710 32467
7.40 7.67 7.46 5/2710 32486
7.40 7.67 7.46 2/2716 32514
7.40 7.67 7.46 4/2716 32533
7.40 7.67 7.46 9/2716 32552
7.29 7.65 7.45 3/2716 32571
7.29 7.65 7.45 2/2716 32590
7.29 7.65 7.45 3/2716 32609
7.29 7.65 7.45 2/2716 32628
7.29 7.65 7.45 3/2716 32647
7.19 7.62 7.44 6/2716 32666
7.19 7.62 7.44 2/2716 32685
7.19 7.62 7.44 3/2716 32705
7.19 7.62 7.44 2/2716 32724
7.19 7.62 7.44 1/2716 32743
7.01 7.58 7.43 1/2716 32762
7.01 7.58 7.43 1/2716 324
7.01 7.58 7.43 3/2716 446
7.01 7.58 7.43 2/2716 553
7.01 7.58 7.43 3/2716 587
7.17 7.60 7.44 12/2716 644
7.17 7.60 7.44 3/2716 664
7.17 7.60 7.44 1/2716 685
7.17 7.60 7.44 6/2716 708
7.17 7.60 7.44 3/2716 732
7.08 7.57 7.43 2/2716 758
7.08 7.57 7.43 9/2716 848
7.08 7.57 7.43 1/2716 945
7.08 7.57 7.43 6/2716 989
7.08 7.57 7.43 3/2716 1038
7.39 7.63 7.45 3/2716 1077
7.39 7.63 7.45 3/2716 1114
7.39 7.63 7.45 4/2716 1145
7.39 7.63 7.45 6/2715 1214
7.39 7.63 7.45 3/2715 1258
7.20 7.59 7.44 3/2715 1339
7.20 7.59 7.44 3/2715 1405
7.20 7.59 7.44 3/2715 1426
7.20 7.59 7.44 3/2715 1448
7.20 7.59 7.44 4/2715 1469
7.18 7.58 7.43 11/2715 1499
7.18 7.58 7.43 2/2715 1520
7.18 7.58 7.43 4/2715 1550
7.18 7.58 7.43 13/2716 1591
7.18 7.58 7.43 4/2716 1654
7.09 7.55 7.43 5/2716 1696
7.09 7.55 7.43 4/2722 1769
7.09 7.55 7.43 4/2722 1816
7.09 7.55 7.43 2/2722 1864
7.09 7.55 7.43 5/2722 1911
7.24 7.57 7.43 5/2722 1932
7.24 7.57 7.43 2/2722 1956
7.24 7.57 7.43 9/2722 1991
7.24 7.57 7.43 5/2722 2015
7.24 7.57 7.43 9/2722 2048
7.06 7.53 7.42 5/2722 2095
7.06 7.53 7.42 4/2721 2157
7.06 7.53 7.42 2/2721 2218
7.06 7.53 7.42 5/2721 2281
7.06 7.53 7.42 1/2721 2326
7.38 7.59 7.44 2/2721 2357
7.38 7.59 7.44 2/2721 2391
7.38 7.59 7.44 1/2717 2424
7.38 7.59 7.44 11/2717 2445
7.38 7.59 7.44 5/2717 2474
7.43 7.60 7.44 2/2717 2495
7.43 7.60 7.44 5/2717 2516
7.43 7.60 7.44 1/2715 2541
7.43 7.60 7.44 2/2714 2578
7.43 7.60 7.44 3/2714 2598
7.39 7.59 7.44 5/2714 2620
7.39 7.59 7.44 4/2714 2642
7.39 7.59 7.44 6/2714 2677
7.39 7.59 7.44 3/2714 2727
7.39 7.59 7.44 6/2714 2796
7.28 7.56 7.43 2/2714 2864
7.28 7.56 7.43 3/2714 2901
7.28 7.56 7.43 1/2714 2939
7.28 7.56 7.43 3/2714 2961
7.28 7.56 7.43 3/2714 2997
7.28 7.56 7.43 7/2714 3040
7.34 7.57 7.44 3/2714 3098
7.34 7.57 7.44 9/2714 3139
7.34 7.57 7.44 3/2714 3222
7.34 7.57 7.44 2/2714 3265
7.34 7.57 7.44 8/2714 3285
7.31 7.56 7.43 3/2714 3309
7.31 7.56 7.43 1/2714 3379
7.31 7.56 7.43 4/2714 3408
7.31 7.56 7.43 3/2714 3441
7.31 7.56 7.43 6/2714 3476
7.53 7.60 7.45 3/2714 3503
7.53 7.60 7.45 7/2714 3527
7.53 7.60 7.45 4/2714 3549
7.53 7.60 7.45 1/2714 3577
7.53 7.60 7.45 2/2714 3604
7.32 7.55 7.44 1/2714 3626
7.32 7.55 7.44 5/2714 3650
7.32 7.55 7.44 5/2714 3673
7.32 7.55 7.44 1/2714 3700
7.32 7.55 7.44 9/2714 3752
7.38 7.56 7.44 2/2714 3780
7.38 7.56 7.44 6/2714 3848
7.38 7.56 7.44 4/2713 3890
7.38 7.56 7.44 3/2713 3945
7.38 7.56 7.44 3/2713 3983
7.59 7.60 7.45 1/2710 4008
7.59 7.60 7.45 1/2710 4063
7.59 7.60 7.45 6/2710 4106
7.59 7.60 7.45 6/2710 4129
7.59 7.60 7.45 2/2710 4156
7.94 7.68 7.48 3/2708 4182
7.94 7.68 7.48 3/2708 4219
7.94 7.68 7.48 2/2708 4242
7.94 7.68 7.48 5/2708 4266
7.94 7.68 7.48 5/2708 4297
7.87 7.66 7.47 1/2708 4324
7.87 7.66 7.47 2/2708 4349
7.87 7.66 7.47 1/2708 4377
7.87 7.66 7.47 5/2708 4411
7.87 7.66 7.47 1/2708 4436
8.12 7.72 7.49 3/2708 4459
8.12 7.72 7.49 2/2713 4487
8.12 7.72 7.49 4/2714 4507
8.12 7.72 7.49 1/2714 4527
8.12 7.72 7.49 1/2714 4548
8.19 7.74 7.50 8/2714 4569
8.19 7.74 7.50 4/2714 4593
8.19 7.74 7.50 1/2714 4613
8.19 7.74 7.50 2/2714 4632
8.19 7.74 7.50 6/2713 4652
8.17 7.75 7.51 3/2714 4672
8.17 7.75 7.51 5/2714 4693
8.17 7.75 7.51 5/2714 4714
8.17 7.75 7.51 2/2714 4734
8.17 7.75 7.51 5/2714 4775
7.92 7.70 7.49 3/2714 4797
7.92 7.70 7.49 7/2714 4818
7.92 7.70 7.49 1/2714 4837
7.92 7.70 7.49 4/2714 4856
7.92 7.70 7.49 4/2713 4876
7.84 7.69 7.49 1/2713 4896
7.84 7.69 7.49 3/2713 4917
7.84 7.69 7.49 2/2713 4936
7.84 7.69 7.49 4/2713 4955
7.84 7.69 7.49 2/2713 4977
7.78 7.68 7.49 2/2713 5031
7.78 7.68 7.49 5/2713 5070
7.78 7.68 7.49 4/2713 5089
7.78 7.68 7.49 5/2713 5108
7.78 7.68 7.49 4/2713 5129
7.95 7.72 7.50 6/2713 5149
7.95 7.72 7.50 5/2713 5168
7.95 7.72 7.50 1/2713 5190
7.95 7.72 7.50 1/2713 5215
7.95 7.72 7.50 3/2713 5249
8.04 7.74 7.51 5/2713 5276
8.04 7.74 7.51 6/2713 5296
8.04 7.74 7.51 2/2713 5316
8.04 7.74 7.51 5/2713 5337
8.04 7.74 7.51 2/2713 5371
8.04 7.74 7.51 6/2713 5424
8.04 7.74 7.51 6/2713 5481
8.04 7.74 7.51 3/2713 5502
8.04 7.74 7.51 7/2713 5535
8.04 7.74 7.51 1/2713 5556
8.03 7.75 7.51 4/2713 5577
8.03 7.75 7.51 1/2713 5598
8.03 7.75 7.51 3/2713 5648
8.03 7.75 7.51 3/2713 5672
8.03 7.75 7.51 1/2713 5700
7.87 7.72 7.51 4/2713 5719
7.87 7.72 7.51 1/2713 5745
7.87 7.72 7.51 2/2713 5777
7.87 7.72 7.51 2/2713 5797
7.87 7.72 7.51 4/2713 5816
7.88 7.72 7.51 5/2713 5836
7.88 7.72 7.51 2/2713 5859
7.88 7.72 7.51 5/2713 5893
7.88 7.72 7.51 3/2713 5916
7.88 7.72 7.51 5/2713 5935
8.45 7.84 7.55 3/2713 5954
8.45 7.84 7.55 11/2711 5973
8.45 7.84 7.55 1/2709 5992
8.45 7.84 7.55 2/2709 6012
8.45 7.84 7.55 2/2709 6031
8.25 7.81 7.54 3/2708 6051
8.25 7.81 7.54 2/2706 6070
8.25 7.81 7.54 3/2707 6090
8.25 7.81 7.54 2/2707 6109
8.25 7.81 7.54 3/2707 6128
7.99 7.76 7.53 4/2707 6147
7.99 7.76 7.53 4/2714 6176
7.99 7.76 7.53 4/2714 6196
7.99 7.76 7.53 6/2716 6217
7.99 7.76 7.53 8/2715 6236
7.75 7.72 7.51 5/2715 6257
7.75 7.72 7.51 2/2715 6276
7.75 7.72 7.51 2/2715 6295
7.75 7.72 7.51 7/2722 6323
7.75 7.72 7.51 4/2722 6342
8.01 7.77 7.53 5/2722 6361
8.01 7.77 7.53 1/2722 6381
8.01 7.77 7.53 4/2722 6400
8.01 7.77 7.53 4/2722 6419
8.01 7.77 7.53 9/2722 6439
7.85 7.74 7.52 2/2722 6458
7.85 7.74 7.52 4/2722 6477
7.85 7.74 7.52 1/2722 6496
7.85 7.74 7.52 3/2722 6515
7.85 7.74 7.52 1/2722 6534
8.35 7.85 7.56 2/2721 6553
8.35 7.85 7.56 2/2721 6572
8.35 7.85 7.56 1/2721 6591
8.35 7.85 7.56 7/2722 6611
8.35 7.85 7.56 1/2722 6630
8.08 7.80 7.54 1/2722 6650
8.08 7.80 7.54 4/2722 6669
8.08 7.80 7.54 1/2722 6688
8.08 7.80 7.54 2/2722 6707
8.08 7.80 7.54 7/2722 6727
8.39 7.87 7.57 5/2722 6746
8.39 7.87 7.57 6/2722 6765
8.39 7.87 7.57 5/2722 6784
8.39 7.87 7.57 2/2723 6804
8.39 7.87 7.57 4/2724 6825
8.20 7.84 7.56 7/2724 6844
8.20 7.84 7.56 1/2724 6864
8.20 7.84 7.56 2/2724 6883
8.20 7.84 7.56 4/2724 6902
8.20 7.84 7.56 1/2724 6921
8.18 7.84 7.56 3/2724 6940
8.18 7.84 7.56 4/2724 6959
8.18 7.84 7.56 1/2724 6978
8.18 7.84 7.56 7/2725 6998
8.18 7.84 7.56 3/2725 7017
8.09 7.83 7.56 6/2725 7036
8.09 7.83 7.56 3/2725 7056
8.09 7.83 7.56 4/2725 7083
8.09 7.83 7.56 3/2725 7110
8.09 7.83 7.56 6/2725 7129
8.56 7.93 7.59 5/2725 7148
8.56 7.93 7.59 2/2725 7167
8.56 7.93 7.59 2/2731 7194
8.56 7.93 7.59 1/2731 7213
