10.19 9.79 6.12 6/2949 6652
9.94 9.74 6.13 4/2952 6697
9.94 9.74 6.13 16/2976 6741
9.94 9.74 6.13 7/2992 6796
9.94 9.74 6.13 8/3001 6828
9.94 9.74 6.13 16/3015 6899
11.38 10.04 6.24 2/3023 6944
11.38 10.04 6.24 7/3021 6967
11.38 10.04 6.24 4/3020 6987
11.38 10.04 6.24 3/3021 7010
11.38 10.04 6.24 6/3021 7029
11.03 9.99 6.25 4/3021 7049
11.03 9.99 6.25 2/3025 7077
11.03 9.99 6.25 2/3019 7097
11.03 9.99 6.25 4/3018 7116
11.03 9.99 6.25 2/3018 7139
10.79 9.96 6.26 4/3018 7170
10.79 9.96 6.26 4/3021 7199
10.79 9.96 6.26 2/3021 7218
10.79 9.96 6.26 5/3021 7237
10.79 9.96 6.26 3/3021 7258
10.49 9.91 6.26 6/3021 7279
10.49 9.91 6.26 2/2978 7378
10.49 9.91 6.26 4/3004 7447
10.49 9.91 6.26 7/3019 7481
10.49 9.91 6.26 4/3018 7504
10.05 9.83 6.26 9/3030 7546
10.05 9.83 6.26 2/3029 7576
10.05 9.83 6.26 3/3031 7598
10.05 9.83 6.26 12/3030 7618
10.05 9.83 6.26 5/3028 7637
9.64 9.75 6.25 1/3022 7656
9.64 9.75 6.25 1/3023 7676
9.64 9.75 6.25 3/3023 7695
9.64 9.75 6.25 2/3023 7714
9.64 9.75 6.25 11/3021 7733
9.35 9.68 6.25 2/3021 7753
9.35 9.68 6.25 3/3020 7772
9.35 9.68 6.25 2/3020 7791
9.35 9.68 6.25 1/3020 7810
9.35 9.68 6.25 2/3019 7829
9.48 9.71 6.27 4/3019 7848
9.48 9.71 6.27 5/3017 7867
9.48 9.71 6.27 2/3017 7886
9.48 9.71 6.27 5/3017 7905
9.48 9.71 6.27 5/3017 7924
9.52 9.71 6.29 1/3017 7943
9.52 9.71 6.29 1/3017 7962
9.52 9.71 6.29 4/3017 7981
9.52 9.71 6.29 5/3017 8000
9.52 9.71 6.29 4/3017 8019
9.32 9.67 6.30 6/3017 8038
9.32 9.67 6.30 6/3017 8058
9.32 9.67 6.30 2/3017 8077
9.32 9.67 6.30 4/3017 8096
9.32 9.67 6.30 4/3016 8115
9.22 9.64 6.31 1/3016 8134
9.22 9.64 6.31 8/3016 8153
9.22 9.64 6.31 4/3016 8172
9.22 9.64 6.31 2/3014 8191
9.22 9.64 6.31 2/3014 8210
9.44 9.68 6.34 2/3014 8229
9.44 9.68 6.34 9/3015 8249
9.44 9.68 6.34 7/3013 8269
9.44 9.68 6.34 6/3011 8288
9.44 9.68 6.34 4/3010 8307
9.40 9.67 6.35 8/3005 8326
9.40 9.67 6.35 8/3003 8345
9.40 9.67 6.35 1/3000 8364
9.40 9.67 6.35 11/2994 8383
9.40 9.67 6.35 2/2993 8402
9.37 9.66 6.37 5/2987 8421
9.37 9.66 6.37 3/2987 8440
9.37 9.66 6.37 1/2985 8460
9.37 9.66 6.37 6/2985 8479
9.37 9.66 6.37 1/2985 8498
9.10 9.59 6.36 2/2985 8517
9.10 9.59 6.36 4/2985 8536
9.10 9.59 6.36 3/2985 8555
9.10 9.59 6.36 5/2985 8574
9.10 9.59 6.36 1/2985 8593
8.85 9.53 6.36 3/2985 8612
8.85 9.53 6.36 1/2985 8631
8.85 9.53 6.36 1/2985 8662
8.85 9.53 6.36 5/2985 8682
8.85 9.53 6.36 1/2985 8701
8.62 9.47 6.36 4/2985 8720
8.62 9.47 6.36 3/2985 8739
8.62 9.47 6.36 2/2985 8759
8.62 9.47 6.36 14/2988 8781
8.62 9.47 6.36 3/2988 8800
8.73 9.48 6.38 1/2988 8819
8.73 9.48 6.38 5/2987 8838
8.73 9.48 6.38 1/2984 8857
8.73 9.48 6.38 8/2984 8877
8.73 9.48 6.38 10/2984 8896
9.32 9.59 6.43 1/2984 8915
9.32 9.59 6.43 2/2984 8934
9.32 9.59 6.43 3/2984 8953
9.32 9.59 6.43 3/2984 8972
9.32 9.59 6.43 1/2984 8991
9.21 9.57 6.44 1/2984 9010
9.21 9.57 6.44 1/2984 9029
9.21 9.57 6.44 1/2984 9048
9.21 9.57 6.44 8/2984 9067
9.21 9.57 6.44 3/2984 9087
8.95 9.51 6.44 1/2983 9106
8.95 9.51 6.44 2/2983 9125
8.95 9.51 6.44 3/2983 9144
8.95 9.51 6.44 2/2983 9163
8.95 9.51 6.44 3/2983 9182
8.88 9.48 6.45 2/2983 9201
8.88 9.48 6.45 1/2983 9220
8.88 9.48 6.45 3/2983 9239
8.88 9.48 6.45 2/2983 9258
8.88 9.48 6.45 4/2983 9278
9.13 9.52 6.48 2/2983 9297
9.13 9.52 6.48 7/3004 9337
9.13 9.52 6.48 5/3004 9356
9.13 9.52 6.48 3/3004 9375
