Current Battery Service state:
  AC powered: false
  USB powered: false
  Wireless powered: false
  Max charging current: 0
  Max charging voltage: 0
  Charge counter: 5799661
  status: 3
  health: 2
  present: true
  level: 96
  scale: 100
  voltage: 4086
  temperature: 215
  technology: Li-ion
Current Battery Service state:
  AC powered: false
  USB powered: false
  Wireless powered: false
  Max charging current: 0
  Max charging voltage: 0
  Charge counter: 5799661
  status: 3
  health: 2
  present: true
  level: 96
  scale: 100
  voltage: 4086
  temperature: 215
  technology: Li-ion
Current Battery Service state:
  AC powered: false
  USB powered: false
  Wireless powered: false
  Max charging current: 0
  Max charging voltage: 0
  Charge counter: 5799661
  status: 3
  health: 2
  present: true
  level: 96
  scale: 100
  voltage: 4086
  temperature: 215
  technology: Li-ion
Current Battery Service state:
  AC powered: false
  USB powered: false
  Wireless powered: false
  Max charging current: 0
  Max charging voltage: 0
  Charge counter: 5799661
  status: 3
  health: 2
  present: true
  level: 96
  scale: 100
  voltage: 4086
  temperature: 215
  technology: Li-ion
Current Battery Service state:
  AC powered: false
  USB powered: false
  Wireless powered: false
  Max charging current: 0
  Max charging voltage: 0
  Charge counter: 5799661
  status: 3
  health: 2
  present: true
  level: 96
  scale: 100
  voltage: 4086
  temperature: 215
  technology: Li-ion
Current Battery Service state:
  AC powered: false
  USB powered: false
  Wireless powered: false
  Max charging current: 0
  Max charging voltage: 0
  Charge counter: 5799661
  status: 3
  health: 2
  present: true
  level: 96
  scale: 100
  voltage: 4086
  temperature: 215
  technology: Li-ion
Current Battery Service state:
  AC powered: false
  USB powered: false
  Wireless powered: false
  Max charging current: 0
  Max charging voltage: 0
  Charge counter: 5799661
  status: 3
  health: 2
  present: true
  level: 96
  scale: 100
  voltage: 4086
  temperature: 215
  technology: Li-ion
Current Battery Service state:
  AC powered: false
  USB powered: false
  Wireless powered: false
  Max charging current: 0
  Max charging voltage: 0
  Charge counter: 5799661
  status: 3
  health: 2
  present: true
  level: 96
  scale: 100
  voltage: 4086
  temperature: 215
  technology: Li-ion
Current Battery Service state:
  AC powered: false
  USB powered: false
  Wireless powered: false
  Max charging current: 0
  Max charging voltage: 0
  Charge counter: 5795268
  status: 3
  health: 2
  present: true
  level: 95
  scale: 100
  voltage: 4111
  temperature: 212
  technology: Li-ion
Current Battery Service state:
  AC powered: false
  USB powered: false
  Wireless powered: false
  Max charging current: 0
  Max charging voltage: 0
  Charge counter: 5795268
  status: 3
  health: 2
  present: true
  level: 95
  scale: 100
  voltage: 4111
  temperature: 212
  technology: Li-ion
Current Battery Service state:
  AC powered: false
  USB powered: false
  Wireless powered: false
  Max charging current: 0
  Max charging voltage: 0
  Charge counter: 5795268
  status: 3
  health: 2
  present: true
  level: 95
  scale: 100
  voltage: 4111
  temperature: 212
  technology: Li-ion
Current Battery Service state:
  AC powered: false
  USB powered: false
  Wireless powered: false
  Max charging current: 0
  Max charging voltage: 0
  Charge counter: 5795268
  status: 3
  health: 2
  present: true
  level: 95
  scale: 100
  voltage: 4111
  temperature: 212
  technology: Li-ion
Current Battery Service state:
  AC powered: false
  USB powered: false
  Wireless powered: false
  Max charging current: 0
  Max charging voltage: 0
  Charge counter: 5795268
  status: 3
  health: 2
  present: true
  level: 95
  scale: 100
  voltage: 4111
  temperature: 212
  technology: Li-ion
Current Battery Service state:
  AC powered: false
  USB powered: false
  Wireless powered: false
  Max charging current: 0
  Max charging voltage: 0
  Charge counter: 5792421
  status: 3
  health: 2
  present: true
  level: 95
  scale: 100
  voltage: 4091
  temperature: 212
  technology: Li-ion
Current Battery Service state:
  AC powered: false
  USB powered: false
  Wireless powered: false
  Max charging current: 0
  Max charging voltage: 0
  Charge counter: 5792421
  status: 3
  health: 2
  present: true
  level: 95
  scale: 100
  voltage: 4091
  temperature: 212
  technology: Li-ion
Current Battery Service state:
  AC powered: false
  USB powered: false
  Wireless powered: false
  Max charging current: 0
  Max charging voltage: 0
  Charge counter: 5791921
  status: 3
  health: 2
  present: true
  level: 95
  scale: 100
  voltage: 4091
  temperature: 212
  technology: Li-ion
Current Battery Service state:
  AC powered: false
  USB powered: false
  Wireless powered: false
  Max charging current: 0
  Max charging voltage: 0
  Charge counter: 5791921
  status: 3
  health: 2
  present: true
  level: 95
  scale: 100
  voltage: 4091
  temperature: 212
  technology: Li-ion
Current Battery Service state:
  AC powered: false
  USB powered: false
  Wireless powered: false
  Max charging current: 0
  Max charging voltage: 0
  Charge counter: 5791921
  status: 3
  health: 2
  present: true
  level: 95
  scale: 100
  voltage: 4091
  temperature: 212
  technology: Li-ion
Current Battery Service state:
  AC powered: false
  USB powered: false
  Wireless powered: false
  Max charging current: 0
  Max charging voltage: 0
  Charge counter: 5790406
  status: 3
  health: 2
  present: true
  level: 95
  scale: 100
  voltage: 4091
  temperature: 215
  technology: Li-ion
Current Battery Service state:
  AC powered: false
  USB powered: false
  Wireless powered: false
  Max charging current: 0
  Max charging voltage: 0
  Charge counter: 5790406
  status: 3
  health: 2
  present: true
  level: 95
  scale: 100
  voltage: 4091
  temperature: 215
  technology: Li-ion
Current Battery Service state:
  AC powered: false
  USB powered: false
  Wireless powered: false
  Max charging current: 0
  Max charging voltage: 0
  Charge counter: 5790406
  status: 3
  health: 2
  present: true
  level: 95
  scale: 100
  voltage: 4091
  temperature: 215
  technology: Li-ion
Current Battery Service state:
  AC powered: false
  USB powered: false
  Wireless powered: false
  Max charging current: 0
  Max charging voltage: 0
  Charge counter: 5790406
  status: 3
  health: 2
  present: true
  level: 95
  scale: 100
  voltage: 4091
  temperature: 215
  technology: Li-ion
Current Battery Service state:
  AC powered: false
  USB powered: false
  Wireless powered: false
  Max charging current: 0
  Max charging voltage: 0
  Charge counter: 5790406
  status: 3
  health: 2
  present: true
  level: 95
  scale: 100
  voltage: 4091
  temperature: 215
  technology: Li-ion
Current Battery Service state:
  AC powered: false
  USB powered: false
  Wireless powered: false
  Max charging current: 0
  Max charging voltage: 0
  Charge counter: 5790406
  status: 3
  health: 2
  present: true
  level: 95
  scale: 100
  voltage: 4091
  temperature: 215
  technology: Li-ion
Current Battery Service state:
  AC powered: false
  USB powered: false
  Wireless powered: false
  Max charging current: 0
  Max charging voltage: 0
  Charge counter: 5790406
  status: 3
  health: 2
  present: true
  level: 95
  scale: 100
  voltage: 4091
  temperature: 215
  technology: Li-ion
Current Battery Service state:
  AC powered: false
  USB powered: false
  Wireless powered: false
  Max charging current: 0
  Max charging voltage: 0
  Charge counter: 5790406
  status: 3
  health: 2
  present: true
  level: 95
  scale: 100
  voltage: 4091
  temperature: 215
  technology: Li-ion
Current Battery Service state:
  AC powered: false
  USB powered: false
  Wireless powered: false
  Max charging current: 0
  Max charging voltage: 0
  Charge counter: 5790406
  status: 3
  health: 2
  present: true
  level: 95
  scale: 100
  voltage: 4091
  temperature: 215
  technology: Li-ion
Current Battery Service state:
  AC powered: false
  USB powered: false
  Wireless powered: false
  Max charging current: 0
  Max charging voltage: 0
  Charge counter: 5790406
  status: 3
  health: 2
  present: true
  level: 95
  scale: 100
  voltage: 4091
  temperature: 215
  technology: Li-ion
Current Battery Service state:
  AC powered: false
  USB powered: false
  Wireless powered: false
  Max charging current: 0
  Max charging voltage: 0
  Charge counter: 5785537
  status: 3
  health: 2
  present: true
  level: 95
  scale: 100
  voltage: 4098
  temperature: 215
  technology: Li-ion
Current Battery Service state:
  AC powered: false
  USB powered: false
  Wireless powered: false
  Max charging current: 0
  Max charging voltage: 0
  Charge counter: 5785537
  status: 3
  health: 2
  present: true
  level: 95
  scale: 100
  voltage: 4098
  temperature: 215
  technology: Li-ion
Current Battery Service state:
  AC powered: false
  USB powered: false
  Wireless powered: false
  Max charging current: 0
  Max charging voltage: 0
  Charge counter: 5785537
  status: 3
  health: 2
  present: true
  level: 95
  scale: 100
  voltage: 4098
  temperature: 215
  technology: Li-ion
Current Battery Service state:
  AC powered: false
  USB powered: false
  Wireless powered: false
  Max charging current: 0
  Max charging voltage: 0
  Charge counter: 5785537
  status: 3
  health: 2
  present: true
  level: 95
  scale: 100
  voltage: 4098
  temperature: 215
  technology: Li-ion
Current Battery Service state:
  AC powered: false
  USB powered: false
  Wireless powered: false
  Max charging current: 0
  Max charging voltage: 0
  Charge counter: 5785537
  status: 3
  health: 2
  present: true
  level: 95
  scale: 100
  voltage: 4098
  temperature: 215
  technology: Li-ion
Current Battery Service state:
  AC powered: false
  USB powered: false
  Wireless powered: false
  Max charging current: 0
  Max charging voltage: 0
  Charge counter: 5785537
  status: 3
  health: 2
  present: true
  level: 95
  scale: 100
  voltage: 4098
  temperature: 215
  technology: Li-ion
Current Battery Service state:
  AC powered: false
  USB powered: false
  Wireless powered: false
  Max charging current: 0
  Max charging voltage: 0
  Charge counter: 5785537
  status: 3
  health: 2
  present: true
  level: 95
  scale: 100
  voltage: 4098
  temperature: 215
  technology: Li-ion
Current Battery Service state:
  AC powered: false
  USB powered: false
  Wireless powered: false
  Max charging current: 0
  Max charging voltage: 0
  Charge counter: 5785537
  status: 3
  health: 2
  present: true
  level: 95
  scale: 100
  voltage: 4098
  temperature: 215
  technology: Li-ion
Current Battery Service state:
  AC powered: false
  USB powered: false
  Wireless powered: false
  Max charging current: 0
  Max charging voltage: 0
  Charge counter: 5785537
  status: 3
  health: 2
  present: true
  level: 95
  scale: 100
  voltage: 4098
  temperature: 215
  technology: Li-ion
Current Battery Service state:
  AC powered: false
  USB powered: false
  Wireless powered: false
  Max charging current: 0
  Max charging voltage: 0
  Charge counter: 5785537
  status: 3
  health: 2
  present: true
  level: 95
  scale: 100
  voltage: 4098
  temperature: 215
  technology: Li-ion
Current Battery Service state:
  AC powered: false
  USB powered: false
  Wireless powered: false
  Max charging current: 0
  Max charging voltage: 0
  Charge counter: 5780368
  status: 3
  health: 2
  present: true
  level: 95
  scale: 100
  voltage: 4087
  temperature: 217
  technology: Li-ion
Current Battery Service state:
  AC powered: false
  USB powered: false
  Wireless powered: false
  Max charging current: 0
  Max charging voltage: 0
  Charge counter: 5780368
  status: 3
  health: 2
  present: true
  level: 95
  scale: 100
  voltage: 4087
  temperature: 217
  technology: Li-ion
Current Battery Service state:
  AC powered: false
  USB powered: false
  Wireless powered: false
  Max charging current: 0
  Max charging voltage: 0
  Charge counter: 5780368
  status: 3
  health: 2
  present: true
  level: 95
  scale: 100
  voltage: 4087
  temperature: 217
  technology: Li-ion
Current Battery Service state:
  AC powered: false
  USB powered: false
  Wireless powered: false
  Max charging current: 0
  Max charging voltage: 0
  Charge counter: 5780368
  status: 3
  health: 2
  present: true
  level: 95
  scale: 100
  voltage: 4087
  temperature: 217
  technology: Li-ion
Current Battery Service state:
  AC powered: false
  USB powered: false
  Wireless powered: false
  Max charging current: 0
  Max charging voltage: 0
  Charge counter: 5780368
  status: 3
  health: 2
  present: true
  level: 95
  scale: 100
  voltage: 4087
  temperature: 217
  technology: Li-ion
Current Battery Service state:
  AC powered: false
  USB powered: false
  Wireless powered: false
  Max charging current: 0
  Max charging voltage: 0
  Charge counter: 5780368
  status: 3
  health: 2
  present: true
  level: 95
  scale: 100
  voltage: 4087
  temperature: 217
  technology: Li-ion
Current Battery Service state:
  AC powered: false
  USB powered: false
  Wireless powered: false
  Max charging current: 0
  Max charging voltage: 0
  Charge counter: 5780368
  status: 3
  health: 2
  present: true
  level: 95
  scale: 100
  voltage: 4087
  temperature: 217
  technology: Li-ion
Current Battery Service state:
  AC powered: false
  USB powered: false
  Wireless powered: false
  Max charging current: 0
  Max charging voltage: 0
  Charge counter: 5780368
  status: 3
  health: 2
  present: true
  level: 95
  scale: 100
  voltage: 4087
  temperature: 217
  technology: Li-ion
Current Battery Service state:
  AC powered: false
  USB powered: false
  Wireless powered: false
  Max charging current: 0
  Max charging voltage: 0
  Charge counter: 5780368
  status: 3
  health: 2
  present: true
  level: 95
  scale: 100
  voltage: 4087
  temperature: 217
  technology: Li-ion
Current Battery Service state:
  AC powered: false
  USB powered: false
  Wireless powered: false
  Max charging current: 0
  Max charging voltage: 0
  Charge counter: 5780368
  status: 3
  health: 2
  present: true
  level: 95
  scale: 100
  voltage: 4087
  temperature: 217
  technology: Li-ion
Current Battery Service state:
  AC powered: false
  USB powered: false
  Wireless powered: false
  Max charging current: 0
  Max charging voltage: 0
  Charge counter: 5775288
  status: 3
  health: 2
  present: true
  level: 95
  scale: 100
  voltage: 4083
  temperature: 215
  technology: Li-ion
Current Battery Service state:
  AC powered: false
  USB powered: false
  Wireless powered: false
  Max charging current: 0
  Max charging voltage: 0
  Charge counter: 5775288
  status: 3
  health: 2
  present: true
  level: 95
  scale: 100
  voltage: 4083
  temperature: 215
  technology: Li-ion
Current Battery Service state:
  AC powered: false
  USB powered: false
  Wireless powered: false
  Max charging current: 0
  Max charging voltage: 0
  Charge counter: 5775288
  status: 3
  health: 2
  present: true
  level: 95
  scale: 100
  voltage: 4083
  temperature: 215
  technology: Li-ion
Current Battery Service state:
  AC powered: false
  USB powered: false
  Wireless powered: false
  Max charging current: 0
  Max charging voltage: 0
  Charge counter: 5775288
  status: 3
  health: 2
  present: true
  level: 95
  scale: 100
  voltage: 4083
  temperature: 215
  technology: Li-ion
Current Battery Service state:
  AC powered: false
  USB powered: false
  Wireless powered: false
  Max charging current: 0
  Max charging voltage: 0
  Charge counter: 5775288
  status: 3
  health: 2
  present: true
  level: 95
  scale: 100
  voltage: 4083
  temperature: 215
  technology: Li-ion
Current Battery Service state:
  AC powered: false
  USB powered: false
  Wireless powered: false
  Max charging current: 0
  Max charging voltage: 0
  Charge counter: 5775288
  status: 3
  health: 2
  present: true
  level: 95
  scale: 100
  voltage: 4083
  temperature: 215
  technology: Li-ion
Current Battery Service state:
  AC powered: false
  USB powered: false
  Wireless powered: false
  Max charging current: 0
  Max charging voltage: 0
  Charge counter: 5775288
  status: 3
  health: 2
  present: true
  level: 95
  scale: 100
  voltage: 4083
  temperature: 215
  technology: Li-ion
Current Battery Service state:
  AC powered: false
  USB powered: false
  Wireless powered: false
  Max charging current: 0
  Max charging voltage: 0
  Charge counter: 5775288
  status: 3
  health: 2
  present: true
  level: 95
  scale: 100
  voltage: 4083
  temperature: 215
  technology: Li-ion
Current Battery Service state:
  AC powered: false
  USB powered: false
  Wireless powered: false
  Max charging current: 0
  Max charging voltage: 0
  Charge counter: 5775288
  status: 3
  health: 2
  present: true
  level: 95
  scale: 100
  voltage: 4083
  temperature: 215
  technology: Li-ion
Current Battery Service state:
  AC powered: false
  USB powered: false
  Wireless powered: false
  Max charging current: 0
  Max charging voltage: 0
  Charge counter: 5775288
  status: 3
  health: 2
  present: true
  level: 95
  scale: 100
  voltage: 4083
  temperature: 215
  technology: Li-ion
Current Battery Service state:
  AC powered: false
  USB powered: false
  Wireless powered: false
  Max charging current: 0
  Max charging voltage: 0
  Charge counter: 5770206
  status: 3
  health: 2
  present: true
  level: 95
  scale: 100
  voltage: 4081
  temperature: 217
  technology: Li-ion
Current Battery Service state:
  AC powered: false
  USB powered: false
  Wireless powered: false
  Max charging current: 0
  Max charging voltage: 0
  Charge counter: 5770206
  status: 3
  health: 2
  present: true
  level: 95
  scale: 100
  voltage: 4081
  temperature: 217
  technology: Li-ion
Current Battery Service state:
  AC powered: false
  USB powered: false
  Wireless powered: false
  Max charging current: 0
  Max charging voltage: 0
  Charge counter: 5770206
  status: 3
  health: 2
  present: true
  level: 95
  scale: 100
  voltage: 4081
  temperature: 217
  technology: Li-ion
Current Battery Service state:
  AC powered: false
  USB powered: false
  Wireless powered: false
  Max charging current: 0
  Max charging voltage: 0
  Charge counter: 5770206
  status: 3
  health: 2
  present: true
  level: 95
  scale: 100
  voltage: 4081
  temperature: 217
  technology: Li-ion
Current Battery Service state:
  AC powered: false
  USB powered: false
  Wireless powered: false
  Max charging current: 0
  Max charging voltage: 0
  Charge counter: 5770206
  status: 3
  health: 2
  present: true
  level: 95
  scale: 100
  voltage: 4081
  temperature: 217
  technology: Li-ion
Current Battery Service state:
  AC powered: false
  USB powered: false
  Wireless powered: false
  Max charging current: 0
  Max charging voltage: 0
  Charge counter: 5770206
  status: 3
  health: 2
  present: true
  level: 95
  scale: 100
  voltage: 4081
  temperature: 217
  technology: Li-ion
Current Battery Service state:
  AC powered: false
  USB powered: false
  Wireless powered: false
  Max charging current: 0
  Max charging voltage: 0
  Charge counter: 5770206
  status: 3
  health: 2
  present: true
  level: 95
  scale: 100
  voltage: 4081
  temperature: 217
  technology: Li-ion
Current Battery Service state:
  AC powered: false
  USB powered: false
  Wireless powered: false
  Max charging current: 0
  Max charging voltage: 0
  Charge counter: 5770206
  status: 3
  health: 2
  present: true
  level: 95
  scale: 100
  voltage: 4081
  temperature: 217
  technology: Li-ion
Current Battery Service state:
  AC powered: false
  USB powered: false
  Wireless powered: false
  Max charging current: 0
  Max charging voltage: 0
  Charge counter: 5770206
  status: 3
  health: 2
  present: true
  level: 95
  scale: 100
  voltage: 4081
  temperature: 217
  technology: Li-ion
Current Battery Service state:
  AC powered: false
  USB powered: false
  Wireless powered: false
  Max charging current: 0
  Max charging voltage: 0
  Charge counter: 5770206
  status: 3
  health: 2
  present: true
  level: 95
  scale: 100
  voltage: 4081
  temperature: 217
  technology: Li-ion
Current Battery Service state:
  AC powered: false
  USB powered: false
  Wireless powered: false
  Max charging current: 0
  Max charging voltage: 0
  Charge counter: 5764030
  status: 3
  health: 2
  present: true
  level: 95
  scale: 100
  voltage: 4079
  temperature: 217
  technology: Li-ion
Current Battery Service state:
  AC powered: false
  USB powered: false
  Wireless powered: false
  Max charging current: 0
  Max charging voltage: 0
  Charge counter: 5764030
  status: 3
  health: 2
  present: true
  level: 95
  scale: 100
  voltage: 4079
  temperature: 217
  technology: Li-ion
Current Battery Service state:
  AC powered: false
  USB powered: false
  Wireless powered: false
  Max charging current: 0
  Max charging voltage: 0
  Charge counter: 5764030
  status: 3
  health: 2
  present: true
  level: 95
  scale: 100
  voltage: 4079
  temperature: 217
  technology: Li-ion
Current Battery Service state:
  AC powered: false
  USB powered: false
  Wireless powered: false
  Max charging current: 0
  Max charging voltage: 0
  Charge counter: 5764030
  status: 3
  health: 2
  present: true
  level: 95
  scale: 100
  voltage: 4079
  temperature: 217
  technology: Li-ion
Current Battery Service state:
  AC powered: false
  USB powered: false
  Wireless powered: false
  Max charging current: 0
  Max charging voltage: 0
  Charge counter: 5764030
  status: 3
  health: 2
  present: true
  level: 95
  scale: 100
  voltage: 4079
  temperature: 217
  technology: Li-ion
Current Battery Service state:
  AC powered: false
  USB powered: false
  Wireless powered: false
  Max charging current: 0
  Max charging voltage: 0
  Charge counter: 5764030
  status: 3
  health: 2
  present: true
  level: 95
  scale: 100
  voltage: 4079
  temperature: 217
  technology: Li-ion
Current Battery Service state:
  AC powered: false
  USB powered: false
  Wireless powered: false
  Max charging current: 0
  Max charging voltage: 0
  Charge counter: 5764030
  status: 3
  health: 2
  present: true
  level: 95
  scale: 100
  voltage: 4079
  temperature: 217
  technology: Li-ion
Current Battery Service state:
  AC powered: false
  USB powered: false
  Wireless powered: false
  Max charging current: 0
  Max charging voltage: 0
  Charge counter: 5764030
  status: 3
  health: 2
  present: true
  level: 95
  scale: 100
  voltage: 4079
  temperature: 217
  technology: Li-ion
Current Battery Service state:
  AC powered: false
  USB powered: false
  Wireless powered: false
  Max charging current: 0
  Max charging voltage: 0
  Charge counter: 5764030
  status: 3
  health: 2
  present: true
  level: 95
  scale: 100
  voltage: 4079
  temperature: 217
  technology: Li-ion
Current Battery Service state:
  AC powered: false
  USB powered: false
  Wireless powered: false
  Max charging current: 0
  Max charging voltage: 0
  Charge counter: 5764030
  status: 3
  health: 2
  present: true
  level: 95
  scale: 100
  voltage: 4079
  temperature: 217
  technology: Li-ion
Current Battery Service state:
  AC powered: false
  USB powered: false
  Wireless powered: false
  Max charging current: 0
  Max charging voltage: 0
  Charge counter: 5759470
  status: 3
  health: 2
  present: true
  level: 95
  scale: 100
  voltage: 4080
  temperature: 217
  technology: Li-ion
Current Battery Service state:
  AC powered: false
  USB powered: false
  Wireless powered: false
  Max charging current: 0
  Max charging voltage: 0
  Charge counter: 5759470
  status: 3
  health: 2
  present: true
  level: 95
  scale: 100
  voltage: 4080
  temperature: 217
  technology: Li-ion
Current Battery Service state:
  AC powered: false
  USB powered: false
  Wireless powered: false
  Max charging current: 0
  Max charging voltage: 0
  Charge counter: 5759470
  status: 3
  health: 2
  present: true
  level: 95
  scale: 100
  voltage: 4080
  temperature: 217
  technology: Li-ion
Current Battery Service state:
  AC powered: false
  USB powered: false
  Wireless powered: false
  Max charging current: 0
  Max charging voltage: 0
  Charge counter: 5759470
  status: 3
  health: 2
  present: true
  level: 95
  scale: 100
  voltage: 4080
  temperature: 217
  technology: Li-ion
Current Battery Service state:
  AC powered: false
  USB powered: false
  Wireless powered: false
  Max charging current: 0
  Max charging voltage: 0
  Charge counter: 5759470
  status: 3
  health: 2
  present: true
  level: 95
  scale: 100
  voltage: 4080
  temperature: 217
  technology: Li-ion
Current Battery Service state:
  AC powered: false
  USB powered: false
  Wireless powered: false
  Max charging current: 0
  Max charging voltage: 0
  Charge counter: 5759470
  status: 3
  health: 2
  present: true
  level: 95
  scale: 100
  voltage: 4080
  temperature: 217
  technology: Li-ion
Current Battery Service state:
  AC powered: false
  USB powered: false
  Wireless powered: false
  Max charging current: 0
  Max charging voltage: 0
  Charge counter: 5759470
  status: 3
  health: 2
  present: true
  level: 95
  scale: 100
  voltage: 4080
  temperature: 217
  technology: Li-ion
Current Battery Service state:
  AC powered: false
  USB powered: false
  Wireless powered: false
  Max charging current: 0
  Max charging voltage: 0
  Charge counter: 5759470
  status: 3
  health: 2
  present: true
  level: 95
  scale: 100
  voltage: 4080
  temperature: 217
  technology: Li-ion
Current Battery Service state:
  AC powered: false
  USB powered: false
  Wireless powered: false
  Max charging current: 0
  Max charging voltage: 0
  Charge counter: 5759470
  status: 3
  health: 2
  present: true
  level: 95
  scale: 100
  voltage: 4080
  temperature: 217
  technology: Li-ion
Current Battery Service state:
  AC powered: false
  USB powered: false
  Wireless powered: false
  Max charging current: 0
  Max charging voltage: 0
  Charge counter: 5759470
  status: 3
  health: 2
  present: true
  level: 95
  scale: 100
  voltage: 4080
  temperature: 217
  technology: Li-ion
Current Battery Service state:
  AC powered: false
  USB powered: false
  Wireless powered: false
  Max charging current: 0
  Max charging voltage: 0
  Charge counter: 5754365
  status: 3
  health: 2
  present: true
  level: 95
  scale: 100
  voltage: 4076
  temperature: 217
  technology: Li-ion
Current Battery Service state:
  AC powered: false
  USB powered: false
  Wireless powered: false
  Max charging current: 0
  Max charging voltage: 0
  Charge counter: 5754365
  status: 3
  health: 2
  present: true
  level: 95
  scale: 100
  voltage: 4076
  temperature: 217
  technology: Li-ion
Current Battery Service state:
  AC powered: false
  USB powered: false
  Wireless powered: false
  Max charging current: 0
  Max charging voltage: 0
  Charge counter: 5754365
  status: 3
  health: 2
  present: true
  level: 95
  scale: 100
  voltage: 4076
  temperature: 217
  technology: Li-ion
Current Battery Service state:
  AC powered: false
  USB powered: false
  Wireless powered: false
  Max charging current: 0
  Max charging voltage: 0
  Charge counter: 5754365
  status: 3
  health: 2
  present: true
  level: 95
  scale: 100
  voltage: 4076
  temperature: 217
  technology: Li-ion
Current Battery Service state:
  AC powered: false
  USB powered: false
  Wireless powered: false
  Max charging current: 0
  Max charging voltage: 0
  Charge counter: 5754365
  status: 3
  health: 2
  present: true
  level: 95
  scale: 100
  voltage: 4076
  temperature: 217
  technology: Li-ion
Current Battery Service state:
  AC powered: false
  USB powered: false
  Wireless powered: false
  Max charging current: 0
  Max charging voltage: 0
  Charge counter: 5754365
  status: 3
  health: 2
  present: true
  level: 95
  scale: 100
  voltage: 4076
  temperature: 217
  technology: Li-ion
Current Battery Service state:
  AC powered: false
  USB powered: false
  Wireless powered: false
  Max charging current: 0
  Max charging voltage: 0
  Charge counter: 5754365
  status: 3
  health: 2
  present: true
  level: 95
  scale: 100
  voltage: 4076
  temperature: 217
  technology: Li-ion
Current Battery Service state:
  AC powered: false
  USB powered: false
  Wireless powered: false
  Max charging current: 0
  Max charging voltage: 0
  Charge counter: 5754365
  status: 3
  health: 2
  present: true
  level: 95
  scale: 100
  voltage: 4076
  temperature: 217
  technology: Li-ion
Current Battery Service state:
  AC powered: false
  USB powered: false
  Wireless powered: false
  Max charging current: 0
  Max charging voltage: 0
  Charge counter: 5754365
  status: 3
  health: 2
  present: true
  level: 95
  scale: 100
  voltage: 4076
  temperature: 217
  technology: Li-ion
Current Battery Service state:
  AC powered: false
  USB powered: false
  Wireless powered: false
  Max charging current: 0
  Max charging voltage: 0
  Charge counter: 5754365
  status: 3
  health: 2
  present: true
  level: 95
  scale: 100
  voltage: 4076
  temperature: 217
  technology: Li-ion
Current Battery Service state:
  AC powered: false
  USB powered: false
  Wireless powered: false
  Max charging current: 0
  Max charging voltage: 0
  Charge counter: 5749094
  status: 3
  health: 2
  present: true
  level: 94
  scale: 100
  voltage: 4076
  temperature: 217
  technology: Li-ion
Current Battery Service state:
  AC powered: false
  USB powered: false
  Wireless powered: false
  Max charging current: 0
  Max charging voltage: 0
  Charge counter: 5749094
  status: 3
  health: 2
  present: true
  level: 94
  scale: 100
  voltage: 4076
  temperature: 217
  technology: Li-ion
Current Battery Service state:
  AC powered: false
  USB powered: false
  Wireless powered: false
  Max charging current: 0
  Max charging voltage: 0
  Charge counter: 5749094
  status: 3
  health: 2
  present: true
  level: 94
  scale: 100
  voltage: 4076
  temperature: 217
  technology: Li-ion
Current Battery Service state:
  AC powered: false
  USB powered: false
  Wireless powered: false
  Max charging current: 0
  Max charging voltage: 0
  Charge counter: 5749094
  status: 3
  health: 2
  present: true
  level: 94
  scale: 100
  voltage: 4076
  temperature: 217
  technology: Li-ion
Current Battery Service state:
  AC powered: false
  USB powered: false
  Wireless powered: false
  Max charging current: 0
  Max charging voltage: 0
  Charge counter: 5749094
  status: 3
  health: 2
  present: true
  level: 94
  scale: 100
  voltage: 4076
  temperature: 217
  technology: Li-ion
Current Battery Service state:
  AC powered: false
  USB powered: false
  Wireless powered: false
  Max charging current: 0
  Max charging voltage: 0
  Charge counter: 5749094
  status: 3
  health: 2
  present: true
  level: 94
  scale: 100
  voltage: 4076
  temperature: 217
  technology: Li-ion
Current Battery Service state:
  AC powered: false
  USB powered: false
  Wireless powered: false
  Max charging current: 0
  Max charging voltage: 0
  Charge counter: 5749094
  status: 3
  health: 2
  present: true
  level: 94
  scale: 100
  voltage: 4076
  temperature: 217
  technology: Li-ion
Current Battery Service state:
  AC powered: false
  USB powered: false
  Wireless powered: false
  Max charging current: 0
  Max charging voltage: 0
  Charge counter: 5749094
  status: 3
  health: 2
  present: true
  level: 94
  scale: 100
  voltage: 4076
  temperature: 217
  technology: Li-ion
Current Battery Service state:
  AC powered: false
  USB powered: false
  Wireless powered: false
  Max charging current: 0
  Max charging voltage: 0
  Charge counter: 5749094
  status: 3
  health: 2
  present: true
  level: 94
  scale: 100
  voltage: 4076
  temperature: 217
  technology: Li-ion
Current Battery Service state:
  AC powered: false
  USB powered: false
  Wireless powered: false
  Max charging current: 0
  Max charging voltage: 0
  Charge counter: 5749094
  status: 3
  health: 2
  present: true
  level: 94
  scale: 100
  voltage: 4076
  temperature: 217
  technology: Li-ion
Current Battery Service state:
  AC powered: false
  USB powered: false
  Wireless powered: false
  Max charging current: 0
  Max charging voltage: 0
  Charge counter: 5744004
  status: 3
  health: 2
  present: true
  level: 94
  scale: 100
  voltage: 4072
  temperature: 217
  technology: Li-ion
Current Battery Service state:
  AC powered: false
  USB powered: false
  Wireless powered: false
  Max charging current: 0
  Max charging voltage: 0
  Charge counter: 5744004
  status: 3
  health: 2
  present: true
  level: 94
  scale: 100
  voltage: 4072
  temperature: 217
  technology: Li-ion
Current Battery Service state:
  AC powered: false
  USB powered: false
  Wireless powered: false
  Max charging current: 0
  Max charging voltage: 0
  Charge counter: 5744004
  status: 3
  health: 2
  present: true
  level: 94
  scale: 100
  voltage: 4072
  temperature: 217
  technology: Li-ion
Current Battery Service state:
  AC powered: false
  USB powered: false
  Wireless powered: false
  Max charging current: 0
  Max charging voltage: 0
  Charge counter: 5744004
  status: 3
  health: 2
  present: true
  level: 94
  scale: 100
  voltage: 4072
  temperature: 217
  technology: Li-ion
Current Battery Service state:
  AC powered: false
  USB powered: false
  Wireless powered: false
  Max charging current: 0
  Max charging voltage: 0
  Charge counter: 5744004
  status: 3
  health: 2
  present: true
  level: 94
  scale: 100
  voltage: 4072
  temperature: 217
  technology: Li-ion
Current Battery Service state:
  AC powered: false
  USB powered: false
  Wireless powered: false
  Max charging current: 0
  Max charging voltage: 0
  Charge counter: 5744004
  status: 3
  health: 2
  present: true
  level: 94
  scale: 100
  voltage: 4072
  temperature: 217
  technology: Li-ion
Current Battery Service state:
  AC powered: false
  USB powered: false
  Wireless powered: false
  Max charging current: 0
  Max charging voltage: 0
  Charge counter: 5744004
  status: 3
  health: 2
  present: true
  level: 94
  scale: 100
  voltage: 4072
  temperature: 217
  technology: Li-ion
Current Battery Service state:
  AC powered: false
  USB powered: false
  Wireless powered: false
  Max charging current: 0
  Max charging voltage: 0
  Charge counter: 5740434
  status: 3
  health: 2
  present: true
  level: 94
  scale: 100
  voltage: 4074
  temperature: 217
  technology: Li-ion
Current Battery Service state:
  AC powered: false
  USB powered: false
  Wireless powered: false
  Max charging current: 0
  Max charging voltage: 0
  Charge counter: 5740434
  status: 3
  health: 2
  present: true
  level: 94
  scale: 100
  voltage: 4074
  temperature: 217
  technology: Li-ion
Current Battery Service state:
  AC powered: false
  USB powered: false
  Wireless powered: false
  Max charging current: 0
  Max charging voltage: 0
  Charge counter: 5740434
  status: 3
  health: 2
  present: true
  level: 94
  scale: 100
  voltage: 4074
  temperature: 217
  technology: Li-ion
Current Battery Service state:
  AC powered: false
  USB powered: false
  Wireless powered: false
  Max charging current: 0
  Max charging voltage: 0
  Charge counter: 5738895
  status: 3
  health: 2
  present: true
  level: 94
  scale: 100
  voltage: 4074
  temperature: 217
  technology: Li-ion
Current Battery Service state:
  AC powered: false
  USB powered: false
  Wireless powered: false
  Max charging current: 0
  Max charging voltage: 0
  Charge counter: 5738895
  status: 3
  health: 2
  present: true
  level: 94
  scale: 100
  voltage: 4074
  temperature: 217
  technology: Li-ion
Current Battery Service state:
  AC powered: false
  USB powered: false
  Wireless powered: false
  Max charging current: 0
  Max charging voltage: 0
  Charge counter: 5738895
  status: 3
  health: 2
  present: true
  level: 94
  scale: 100
  voltage: 4074
  temperature: 217
  technology: Li-ion
Current Battery Service state:
  AC powered: false
  USB powered: false
  Wireless powered: false
  Max charging current: 0
  Max charging voltage: 0
  Charge counter: 5738895
  status: 3
  health: 2
  present: true
  level: 94
  scale: 100
  voltage: 4074
  temperature: 217
  technology: Li-ion
Current Battery Service state:
  AC powered: false
  USB powered: false
  Wireless powered: false
  Max charging current: 0
  Max charging voltage: 0
  Charge counter: 5738895
  status: 3
  health: 2
  present: true
  level: 94
  scale: 100
  voltage: 4074
  temperature: 217
  technology: Li-ion
Current Battery Service state:
  AC powered: false
  USB powered: false
  Wireless powered: false
  Max charging current: 0
  Max charging voltage: 0
  Charge counter: 5736256
  status: 3
  health: 2
  present: true
  level: 94
  scale: 100
  voltage: 4069
  temperature: 217
  technology: Li-ion
Current Battery Service state:
  AC powered: false
  USB powered: false
  Wireless powered: false
  Max charging current: 0
  Max charging voltage: 0
  Charge counter: 5736256
  status: 3
  health: 2
  present: true
  level: 94
  scale: 100
  voltage: 4069
  temperature: 217
  technology: Li-ion
Current Battery Service state:
  AC powered: false
  USB powered: false
  Wireless powered: false
  Max charging current: 0
  Max charging voltage: 0
  Charge counter: 5736256
  status: 3
  health: 2
  present: true
  level: 94
  scale: 100
  voltage: 4069
  temperature: 217
  technology: Li-ion
Current Battery Service state:
  AC powered: false
  USB powered: false
  Wireless powered: false
  Max charging current: 0
  Max charging voltage: 0
  Charge counter: 5736256
  status: 3
  health: 2
  present: true
  level: 94
  scale: 100
  voltage: 4069
  temperature: 217
  technology: Li-ion
Current Battery Service state:
  AC powered: false
  USB powered: false
  Wireless powered: false
  Max charging current: 0
  Max charging voltage: 0
  Charge counter: 5736256
  status: 3
  health: 2
  present: true
  level: 94
  scale: 100
  voltage: 4069
  temperature: 217
  technology: Li-ion
Current Battery Service state:
  AC powered: false
  USB powered: false
  Wireless powered: false
  Max charging current: 0
  Max charging voltage: 0
  Charge counter: 5734108
  status: 3
  health: 2
  present: true
  level: 94
  scale: 100
  voltage: 4062
  temperature: 217
  technology: Li-ion
Current Battery Service state:
  AC powered: false
  USB powered: false
  Wireless powered: false
  Max charging current: 0
  Max charging voltage: 0
  Charge counter: 5734108
  status: 3
  health: 2
  present: true
  level: 94
  scale: 100
  voltage: 4062
  temperature: 217
  technology: Li-ion
Current Battery Service state:
  AC powered: false
  USB powered: false
  Wireless powered: false
  Max charging current: 0
  Max charging voltage: 0
  Charge counter: 5734108
  status: 3
  health: 2
  present: true
  level: 94
  scale: 100
  voltage: 4062
  temperature: 217
  technology: Li-ion
Current Battery Service state:
  AC powered: false
  USB powered: false
  Wireless powered: false
  Max charging current: 0
  Max charging voltage: 0
  Charge counter: 5734108
  status: 3
  health: 2
  present: true
  level: 94
  scale: 100
  voltage: 4062
  temperature: 217
  technology: Li-ion
Current Battery Service state:
  AC powered: false
  USB powered: false
  Wireless powered: false
  Max charging current: 0
  Max charging voltage: 0
  Charge counter: 5734108
  status: 3
  health: 2
  present: true
  level: 94
  scale: 100
  voltage: 4062
  temperature: 217
  technology: Li-ion
Current Battery Service state:
  AC powered: false
  USB powered: false
  Wireless powered: false
  Max charging current: 0
  Max charging voltage: 0
  Charge counter: 5734108
  status: 3
  health: 2
  present: true
  level: 94
  scale: 100
  voltage: 4062
  temperature: 217
  technology: Li-ion
Current Battery Service state:
  AC powered: false
  USB powered: false
  Wireless powered: false
  Max charging current: 0
  Max charging voltage: 0
  Charge counter: 5734108
  status: 3
  health: 2
  present: true
  level: 94
  scale: 100
  voltage: 4062
  temperature: 217
  technology: Li-ion
Current Battery Service state:
  AC powered: false
  USB powered: false
  Wireless powered: false
  Max charging current: 0
  Max charging voltage: 0
  Charge counter: 5734108
  status: 3
  health: 2
  present: true
  level: 94
  scale: 100
  voltage: 4062
  temperature: 217
  technology: Li-ion
Current Battery Service state:
  AC powered: false
  USB powered: false
  Wireless powered: false
  Max charging current: 0
  Max charging voltage: 0
  Charge counter: 5734108
  status: 3
  health: 2
  present: true
  level: 94
  scale: 100
  voltage: 4062
  temperature: 217
  technology: Li-ion
Current Battery Service state:
  AC powered: false
  USB powered: false
  Wireless powered: false
  Max charging current: 0
  Max charging voltage: 0
  Charge counter: 5734108
  status: 3
  health: 2
  present: true
  level: 94
  scale: 100
  voltage: 4062
  temperature: 217
  technology: Li-ion
Current Battery Service state:
  AC powered: false
  USB powered: false
  Wireless powered: false
  Max charging current: 0
  Max charging voltage: 0
  Charge counter: 5729041
  status: 3
  health: 2
  present: true
  level: 94
  scale: 100
  voltage: 4074
  temperature: 217
  technology: Li-ion
Current Battery Service state:
  AC powered: false
  USB powered: false
  Wireless powered: false
  Max charging current: 0
  Max charging voltage: 0
  Charge counter: 5729041
  status: 3
  health: 2
  present: true
  level: 94
  scale: 100
  voltage: 4074
  temperature: 217
  technology: Li-ion
Current Battery Service state:
  AC powered: false
  USB powered: false
  Wireless powered: false
  Max charging current: 0
  Max charging voltage: 0
  Charge counter: 5729041
  status: 3
  health: 2
  present: true
  level: 94
  scale: 100
  voltage: 4074
  temperature: 217
  technology: Li-ion
Current Battery Service state:
  AC powered: false
  USB powered: false
  Wireless powered: false
  Max charging current: 0
  Max charging voltage: 0
  Charge counter: 5729041
  status: 3
  health: 2
  present: true
  level: 94
  scale: 100
  voltage: 4074
  temperature: 217
  technology: Li-ion
Current Battery Service state:
  AC powered: false
  USB powered: false
  Wireless powered: false
  Max charging current: 0
  Max charging voltage: 0
  Charge counter: 5729041
  status: 3
  health: 2
  present: true
  level: 94
  scale: 100
  voltage: 4074
  temperature: 217
  technology: Li-ion
Current Battery Service state:
  AC powered: false
  USB powered: false
  Wireless powered: false
  Max charging current: 0
  Max charging voltage: 0
  Charge counter: 5729041
  status: 3
  health: 2
  present: true
  level: 94
  scale: 100
  voltage: 4074
  temperature: 217
  technology: Li-ion
Current Battery Service state:
  AC powered: false
  USB powered: false
  Wireless powered: false
  Max charging current: 0
  Max charging voltage: 0
  Charge counter: 5729041
  status: 3
  health: 2
  present: true
  level: 94
  scale: 100
  voltage: 4074
  temperature: 217
  technology: Li-ion
Current Battery Service state:
  AC powered: false
  USB powered: false
  Wireless powered: false
  Max charging current: 0
  Max charging voltage: 0
  Charge counter: 5729041
  status: 3
  health: 2
  present: true
  level: 94
  scale: 100
  voltage: 4074
  temperature: 217
  technology: Li-ion
Current Battery Service state:
  AC powered: false
  USB powered: false
  Wireless powered: false
  Max charging current: 0
  Max charging voltage: 0
  Charge counter: 5729041
  status: 3
  health: 2
  present: true
  level: 94
  scale: 100
  voltage: 4074
  temperature: 217
  technology: Li-ion
Current Battery Service state:
  AC powered: false
  USB powered: false
  Wireless powered: false
  Max charging current: 0
  Max charging voltage: 0
  Charge counter: 5729041
  status: 3
  health: 2
  present: true
  level: 94
  scale: 100
  voltage: 4074
  temperature: 217
  technology: Li-ion
Current Battery Service state:
  AC powered: false
  USB powered: false
  Wireless powered: false
  Max charging current: 0
  Max charging voltage: 0
  Charge counter: 5723975
  status: 3
  health: 2
  present: true
  level: 94
  scale: 100
  voltage: 4071
  temperature: 220
  technology: Li-ion
Current Battery Service state:
  AC powered: false
  USB powered: false
  Wireless powered: false
  Max charging current: 0
  Max charging voltage: 0
  Charge counter: 5723975
  status: 3
  health: 2
  present: true
  level: 94
  scale: 100
  voltage: 4071
  temperature: 220
  technology: Li-ion
Current Battery Service state:
  AC powered: false
  USB powered: false
  Wireless powered: false
  Max charging current: 0
  Max charging voltage: 0
  Charge counter: 5723975
  status: 3
  health: 2
  present: true
  level: 94
  scale: 100
  voltage: 4071
  temperature: 220
  technology: Li-ion
Current Battery Service state:
  AC powered: false
  USB powered: false
  Wireless powered: false
  Max charging current: 0
  Max charging voltage: 0
  Charge counter: 5723975
  status: 3
  health: 2
  present: true
  level: 94
  scale: 100
  voltage: 4071
  temperature: 220
  technology: Li-ion
Current Battery Service state:
  AC powered: false
  USB powered: false
  Wireless powered: false
  Max charging current: 0
  Max charging voltage: 0
  Charge counter: 5723975
  status: 3
  health: 2
  present: true
  level: 94
  scale: 100
  voltage: 4071
  temperature: 220
  technology: Li-ion
Current Battery Service state:
  AC powered: false
  USB powered: false
  Wireless powered: false
  Max charging current: 0
  Max charging voltage: 0
  Charge counter: 5723975
  status: 3
  health: 2
  present: true
  level: 94
  scale: 100
  voltage: 4071
  temperature: 220
  technology: Li-ion
Current Battery Service state:
  AC powered: false
  USB powered: false
  Wireless powered: false
  Max charging current: 0
  Max charging voltage: 0
  Charge counter: 5723975
  status: 3
  health: 2
  present: true
  level: 94
  scale: 100
  voltage: 4071
  temperature: 220
  technology: Li-ion
Current Battery Service state:
  AC powered: false
  USB powered: false
  Wireless powered: false
  Max charging current: 0
  Max charging voltage: 0
  Charge counter: 5723975
  status: 3
  health: 2
  present: true
  level: 94
  scale: 100
  voltage: 4071
  temperature: 220
  technology: Li-ion
Current Battery Service state:
  AC powered: false
  USB powered: false
  Wireless powered: false
  Max charging current: 0
  Max charging voltage: 0
  Charge counter: 5723975
  status: 3
  health: 2
  present: true
  level: 94
  scale: 100
  voltage: 4071
  temperature: 220
  technology: Li-ion
Current Battery Service state:
  AC powered: false
  USB powered: false
  Wireless powered: false
  Max charging current: 0
  Max charging voltage: 0
  Charge counter: 5723975
  status: 3
  health: 2
  present: true
  level: 94
  scale: 100
  voltage: 4071
  temperature: 220
  technology: Li-ion
Current Battery Service state:
  AC powered: false
  USB powered: false
  Wireless powered: false
  Max charging current: 0
  Max charging voltage: 0
  Charge counter: 5718768
  status: 3
  health: 2
  present: true
  level: 94
  scale: 100
  voltage: 4055
  temperature: 220
  technology: Li-ion
Current Battery Service state:
  AC powered: false
  USB powered: false
  Wireless powered: false
  Max charging current: 0
  Max charging voltage: 0
  Charge counter: 5718768
  status: 3
  health: 2
  present: true
  level: 94
  scale: 100
  voltage: 4055
  temperature: 220
  technology: Li-ion
Current Battery Service state:
  AC powered: false
  USB powered: false
  Wireless powered: false
  Max charging current: 0
  Max charging voltage: 0
  Charge counter: 5718768
  status: 3
  health: 2
  present: true
  level: 94
  scale: 100
  voltage: 4055
  temperature: 220
  technology: Li-ion
Current Battery Service state:
  AC powered: false
  USB powered: false
  Wireless powered: false
  Max charging current: 0
  Max charging voltage: 0
  Charge counter: 5718768
  status: 3
  health: 2
  present: true
  level: 94
  scale: 100
  voltage: 4055
  temperature: 220
  technology: Li-ion
Current Battery Service state:
  AC powered: false
  USB powered: false
  Wireless powered: false
  Max charging current: 0
  Max charging voltage: 0
  Charge counter: 5718768
  status: 3
  health: 2
  present: true
  level: 94
  scale: 100
  voltage: 4055
  temperature: 220
  technology: Li-ion
Current Battery Service state:
  AC powered: false
  USB powered: false
  Wireless powered: false
  Max charging current: 0
  Max charging voltage: 0
  Charge counter: 5718768
  status: 3
  health: 2
  present: true
  level: 94
  scale: 100
  voltage: 4055
  temperature: 220
  technology: Li-ion
Current Battery Service state:
  AC powered: false
  USB powered: false
  Wireless powered: false
  Max charging current: 0
  Max charging voltage: 0
  Charge counter: 5718768
  status: 3
  health: 2
  present: true
  level: 94
  scale: 100
  voltage: 4055
  temperature: 220
  technology: Li-ion
Current Battery Service state:
  AC powered: false
  USB powered: false
  Wireless powered: false
  Max charging current: 0
  Max charging voltage: 0
  Charge counter: 5718768
  status: 3
  health: 2
  present: true
  level: 94
  scale: 100
  voltage: 4055
  temperature: 220
  technology: Li-ion
Current Battery Service state:
  AC powered: false
  USB powered: false
  Wireless powered: false
  Max charging current: 0
  Max charging voltage: 0
  Charge counter: 5718768
  status: 3
  health: 2
  present: true
  level: 94
  scale: 100
  voltage: 4055
  temperature: 220
  technology: Li-ion
Current Battery Service state:
  AC powered: false
  USB powered: false
  Wireless powered: false
  Max charging current: 0
  Max charging voltage: 0
  Charge counter: 5718768
  status: 3
  health: 2
  present: true
  level: 94
  scale: 100
  voltage: 4055
  temperature: 220
  technology: Li-ion
Current Battery Service state:
  AC powered: false
  USB powered: false
  Wireless powered: false
  Max charging current: 0
  Max charging voltage: 0
  Charge counter: 5713379
  status: 3
  health: 2
  present: true
  level: 94
  scale: 100
  voltage: 4070
  temperature: 220
  technology: Li-ion
Current Battery Service state:
  AC powered: false
  USB powered: false
  Wireless powered: false
  Max charging current: 0
  Max charging voltage: 0
  Charge counter: 5713379
  status: 3
  health: 2
  present: true
  level: 94
  scale: 100
  voltage: 4070
  temperature: 220
  technology: Li-ion
Current Battery Service state:
  AC powered: false
  USB powered: false
  Wireless powered: false
  Max charging current: 0
  Max charging voltage: 0
  Charge counter: 5713379
  status: 3
  health: 2
  present: true
  level: 94
  scale: 100
  voltage: 4070
  temperature: 220
  technology: Li-ion
Current Battery Service state:
  AC powered: false
  USB powered: false
  Wireless powered: false
  Max charging current: 0
  Max charging voltage: 0
  Charge counter: 5713379
  status: 3
  health: 2
  present: true
  level: 94
  scale: 100
  voltage: 4070
  temperature: 220
  technology: Li-ion
Current Battery Service state:
  AC powered: false
  USB powered: false
  Wireless powered: false
  Max charging current: 0
  Max charging voltage: 0
  Charge counter: 5713379
  status: 3
  health: 2
  present: true
  level: 94
  scale: 100
  voltage: 4070
  temperature: 220
  technology: Li-ion
Current Battery Service state:
  AC powered: false
  USB powered: false
  Wireless powered: false
  Max charging current: 0
  Max charging voltage: 0
  Charge counter: 5713379
  status: 3
  health: 2
  present: true
  level: 94
  scale: 100
  voltage: 4070
  temperature: 220
  technology: Li-ion
Current Battery Service state:
  AC powered: false
  USB powered: false
  Wireless powered: false
  Max charging current: 0
  Max charging voltage: 0
  Charge counter: 5713379
  status: 3
  health: 2
  present: true
  level: 94
  scale: 100
  voltage: 4070
  temperature: 220
  technology: Li-ion
Current Battery Service state:
  AC powered: false
  USB powered: false
  Wireless powered: false
  Max charging current: 0
  Max charging voltage: 0
  Charge counter: 5713379
  status: 3
  health: 2
  present: true
  level: 94
  scale: 100
  voltage: 4070
  temperature: 220
  technology: Li-ion
Current Battery Service state:
  AC powered: false
  USB powered: false
  Wireless powered: false
  Max charging current: 0
  Max charging voltage: 0
  Charge counter: 5713379
  status: 3
  health: 2
  present: true
  level: 94
  scale: 100
  voltage: 4070
  temperature: 220
  technology: Li-ion
Current Battery Service state:
  AC powered: false
  USB powered: false
  Wireless powered: false
  Max charging current: 0
  Max charging voltage: 0
  Charge counter: 5713379
  status: 3
  health: 2
  present: true
  level: 94
  scale: 100
  voltage: 4070
  temperature: 220
  technology: Li-ion
Current Battery Service state:
  AC powered: false
  USB powered: false
  Wireless powered: false
  Max charging current: 0
  Max charging voltage: 0
  Charge counter: 5707865
  status: 3
  health: 2
  present: true
  level: 94
  scale: 100
  voltage: 4068
  temperature: 220
  technology: Li-ion
Current Battery Service state:
  AC powered: false
  USB powered: false
  Wireless powered: false
  Max charging current: 0
  Max charging voltage: 0
  Charge counter: 5707865
  status: 3
  health: 2
  present: true
  level: 94
  scale: 100
  voltage: 4068
  temperature: 220
  technology: Li-ion
Current Battery Service state:
  AC powered: false
  USB powered: false
  Wireless powered: false
  Max charging current: 0
  Max charging voltage: 0
  Charge counter: 5707865
  status: 3
  health: 2
  present: true
  level: 94
  scale: 100
  voltage: 4068
  temperature: 220
  technology: Li-ion
Current Battery Service state:
  AC powered: false
  USB powered: false
  Wireless powered: false
  Max charging current: 0
  Max charging voltage: 0
  Charge counter: 5707865
  status: 3
  health: 2
  present: true
  level: 94
  scale: 100
  voltage: 4068
  temperature: 220
  technology: Li-ion
Current Battery Service state:
  AC powered: false
  USB powered: false
  Wireless powered: false
  Max charging current: 0
  Max charging voltage: 0
  Charge counter: 5707865
  status: 3
  health: 2
  present: true
  level: 94
  scale: 100
  voltage: 4068
  temperature: 220
  technology: Li-ion
Current Battery Service state:
  AC powered: false
  USB powered: false
  Wireless powered: false
  Max charging current: 0
  Max charging voltage: 0
  Charge counter: 5707865
  status: 3
  health: 2
  present: true
  level: 94
  scale: 100
  voltage: 4068
  temperature: 220
  technology: Li-ion
Current Battery Service state:
  AC powered: false
  USB powered: false
  Wireless powered: false
  Max charging current: 0
  Max charging voltage: 0
  Charge counter: 5707865
  status: 3
  health: 2
  present: true
  level: 94
  scale: 100
  voltage: 4068
  temperature: 220
  technology: Li-ion
Current Battery Service state:
  AC powered: false
  USB powered: false
  Wireless powered: false
  Max charging current: 0
  Max charging voltage: 0
  Charge counter: 5707865
  status: 3
  health: 2
  present: true
  level: 94
  scale: 100
  voltage: 4068
  temperature: 220
  technology: Li-ion
Current Battery Service state:
  AC powered: false
  USB powered: false
  Wireless powered: false
  Max charging current: 0
  Max charging voltage: 0
  Charge counter: 5707865
  status: 3
  health: 2
  present: true
  level: 94
  scale: 100
  voltage: 4068
  temperature: 220
  technology: Li-ion
Current Battery Service state:
  AC powered: false
  USB powered: false
  Wireless powered: false
  Max charging current: 0
  Max charging voltage: 0
  Charge counter: 5707865
  status: 3
  health: 2
  present: true
  level: 94
  scale: 100
  voltage: 4068
  temperature: 220
  technology: Li-ion
Current Battery Service state:
  AC powered: false
  USB powered: false
  Wireless powered: false
  Max charging current: 0
  Max charging voltage: 0
  Charge counter: 5703281
  status: 3
  health: 2
  present: true
  level: 94
  scale: 100
  voltage: 4057
  temperature: 222
  technology: Li-ion
Current Battery Service state:
  AC powered: false
  USB powered: false
  Wireless powered: false
  Max charging current: 0
  Max charging voltage: 0
  Charge counter: 5703281
  status: 3
  health: 2
  present: true
  level: 94
  scale: 100
  voltage: 4057
  temperature: 222
  technology: Li-ion
Current Battery Service state:
  AC powered: false
  USB powered: false
  Wireless powered: false
  Max charging current: 0
  Max charging voltage: 0
  Charge counter: 5703281
  status: 3
  health: 2
  present: true
  level: 94
  scale: 100
  voltage: 4057
  temperature: 222
  technology: Li-ion
Current Battery Service state:
  AC powered: false
  USB powered: false
  Wireless powered: false
  Max charging current: 0
  Max charging voltage: 0
  Charge counter: 5703281
  status: 3
  health: 2
  present: true
  level: 94
  scale: 100
  voltage: 4057
  temperature: 222
  technology: Li-ion
Current Battery Service state:
  AC powered: false
  USB powered: false
  Wireless powered: false
  Max charging current: 0
  Max charging voltage: 0
  Charge counter: 5703281
  status: 3
  health: 2
  present: true
  level: 94
  scale: 100
  voltage: 4057
  temperature: 222
  technology: Li-ion
Current Battery Service state:
  AC powered: false
  USB powered: false
  Wireless powered: false
  Max charging current: 0
  Max charging voltage: 0
  Charge counter: 5703281
  status: 3
  health: 2
  present: true
  level: 94
  scale: 100
  voltage: 4057
  temperature: 222
  technology: Li-ion
Current Battery Service state:
  AC powered: false
  USB powered: false
  Wireless powered: false
  Max charging current: 0
  Max charging voltage: 0
  Charge counter: 5703281
  status: 3
  health: 2
  present: true
  level: 94
  scale: 100
  voltage: 4057
  temperature: 222
  technology: Li-ion
Current Battery Service state:
  AC powered: false
  USB powered: false
  Wireless powered: false
  Max charging current: 0
  Max charging voltage: 0
  Charge counter: 5703281
  status: 3
  health: 2
  present: true
  level: 94
  scale: 100
  voltage: 4057
  temperature: 222
  technology: Li-ion
Current Battery Service state:
  AC powered: false
  USB powered: false
  Wireless powered: false
  Max charging current: 0
  Max charging voltage: 0
  Charge counter: 5703281
  status: 3
  health: 2
  present: true
  level: 94
  scale: 100
  voltage: 4057
  temperature: 222
  technology: Li-ion
Current Battery Service state:
  AC powered: false
  USB powered: false
  Wireless powered: false
  Max charging current: 0
  Max charging voltage: 0
  Charge counter: 5703281
  status: 3
  health: 2
  present: true
  level: 94
  scale: 100
  voltage: 4057
  temperature: 222
  technology: Li-ion
Current Battery Service state:
  AC powered: false
  USB powered: false
  Wireless powered: false
  Max charging current: 0
  Max charging voltage: 0
  Charge counter: 5698083
  status: 3
  health: 2
  present: true
  level: 94
  scale: 100
  voltage: 4065
  temperature: 220
  technology: Li-ion
Current Battery Service state:
  AC powered: false
  USB powered: false
  Wireless powered: false
  Max charging current: 0
  Max charging voltage: 0
  Charge counter: 5698083
  status: 3
  health: 2
  present: true
  level: 94
  scale: 100
  voltage: 4065
  temperature: 220
  technology: Li-ion
Current Battery Service state:
  AC powered: false
  USB powered: false
  Wireless powered: false
  Max charging current: 0
  Max charging voltage: 0
  Charge counter: 5698083
  status: 3
  health: 2
  present: true
  level: 94
  scale: 100
  voltage: 4065
  temperature: 220
  technology: Li-ion
Current Battery Service state:
  AC powered: false
  USB powered: false
  Wireless powered: false
  Max charging current: 0
  Max charging voltage: 0
  Charge counter: 5698083
  status: 3
  health: 2
  present: true
  level: 94
  scale: 100
  voltage: 4065
  temperature: 220
  technology: Li-ion
Current Battery Service state:
  AC powered: false
  USB powered: false
  Wireless powered: false
  Max charging current: 0
  Max charging voltage: 0
  Charge counter: 5698083
  status: 3
  health: 2
  present: true
  level: 94
  scale: 100
  voltage: 4065
  temperature: 220
  technology: Li-ion
Current Battery Service state:
  AC powered: false
  USB powered: false
  Wireless powered: false
  Max charging current: 0
  Max charging voltage: 0
  Charge counter: 5698083
  status: 3
  health: 2
  present: true
  level: 94
  scale: 100
  voltage: 4065
  temperature: 220
  technology: Li-ion
Current Battery Service state:
  AC powered: false
  USB powered: false
  Wireless powered: false
  Max charging current: 0
  Max charging voltage: 0
  Charge counter: 5698083
  status: 3
  health: 2
  present: true
  level: 94
  scale: 100
  voltage: 4065
  temperature: 220
  technology: Li-ion
Current Battery Service state:
  AC powered: false
  USB powered: false
  Wireless powered: false
  Max charging current: 0
  Max charging voltage: 0
  Charge counter: 5698083
  status: 3
  health: 2
  present: true
  level: 94
  scale: 100
  voltage: 4065
  temperature: 220
  technology: Li-ion
Current Battery Service state:
  AC powered: false
  USB powered: false
  Wireless powered: false
  Max charging current: 0
  Max charging voltage: 0
  Charge counter: 5698083
  status: 3
  health: 2
  present: true
  level: 94
  scale: 100
  voltage: 4065
  temperature: 220
  technology: Li-ion
Current Battery Service state:
  AC powered: false
  USB powered: false
  Wireless powered: false
  Max charging current: 0
  Max charging voltage: 0
  Charge counter: 5698083
  status: 3
  health: 2
  present: true
  level: 94
  scale: 100
  voltage: 4065
  temperature: 220
  technology: Li-ion
Current Battery Service state:
  AC powered: false
  USB powered: false
  Wireless powered: false
  Max charging current: 0
  Max charging voltage: 0
  Charge counter: 5693042
  status: 3
  health: 2
  present: true
  level: 94
  scale: 100
  voltage: 4063
  temperature: 220
  technology: Li-ion
Current Battery Service state:
  AC powered: false
  USB powered: false
  Wireless powered: false
  Max charging current: 0
  Max charging voltage: 0
  Charge counter: 5693042
  status: 3
  health: 2
  present: true
  level: 94
  scale: 100
  voltage: 4063
  temperature: 220
  technology: Li-ion
Current Battery Service state:
  AC powered: false
  USB powered: false
  Wireless powered: false
  Max charging current: 0
  Max charging voltage: 0
  Charge counter: 5692032
  status: 3
  health: 2
  present: true
  level: 94
  scale: 100
  voltage: 4064
  temperature: 220
  technology: Li-ion
Current Battery Service state:
  AC powered: false
  USB powered: false
  Wireless powered: false
  Max charging current: 0
  Max charging voltage: 0
  Charge counter: 5692032
  status: 3
  health: 2
  present: true
  level: 94
  scale: 100
  voltage: 4064
  temperature: 220
  technology: Li-ion
Current Battery Service state:
  AC powered: false
  USB powered: false
  Wireless powered: false
  Max charging current: 0
  Max charging voltage: 0
  Charge counter: 5692032
  status: 3
  health: 2
  present: true
  level: 94
  scale: 100
  voltage: 4064
  temperature: 220
  technology: Li-ion
Current Battery Service state:
  AC powered: false
  USB powered: false
  Wireless powered: false
  Max charging current: 0
  Max charging voltage: 0
  Charge counter: 5692032
  status: 3
  health: 2
  present: true
  level: 94
  scale: 100
  voltage: 4064
  temperature: 220
  technology: Li-ion
Current Battery Service state:
  AC powered: false
  USB powered: false
  Wireless powered: false
  Max charging current: 0
  Max charging voltage: 0
  Charge counter: 5692032
  status: 3
  health: 2
  present: true
  level: 94
  scale: 100
  voltage: 4064
  temperature: 220
  technology: Li-ion
Current Battery Service state:
  AC powered: false
  USB powered: false
  Wireless powered: false
  Max charging current: 0
  Max charging voltage: 0
  Charge counter: 5692032
  status: 3
  health: 2
  present: true
  level: 94
  scale: 100
  voltage: 4064
  temperature: 220
  technology: Li-ion
Current Battery Service state:
  AC powered: false
  USB powered: false
  Wireless powered: false
  Max charging current: 0
  Max charging voltage: 0
  Charge counter: 5692032
  status: 3
  health: 2
  present: true
  level: 94
  scale: 100
  voltage: 4064
  temperature: 220
  technology: Li-ion
Current Battery Service state:
  AC powered: false
  USB powered: false
  Wireless powered: false
  Max charging current: 0
  Max charging voltage: 0
  Charge counter: 5692032
  status: 3
  health: 2
  present: true
  level: 94
  scale: 100
  voltage: 4064
  temperature: 220
  technology: Li-ion
Current Battery Service state:
  AC powered: false
  USB powered: false
  Wireless powered: false
  Max charging current: 0
  Max charging voltage: 0
  Charge counter: 5687550
  status: 3
  health: 2
  present: true
  level: 94
  scale: 100
  voltage: 4079
  temperature: 220
  technology: Li-ion
Current Battery Service state:
  AC powered: false
  USB powered: false
  Wireless powered: false
  Max charging current: 0
  Max charging voltage: 0
  Charge counter: 5687550
  status: 3
  health: 2
  present: true
  level: 94
  scale: 100
  voltage: 4079
  temperature: 220
  technology: Li-ion
Current Battery Service state:
  AC powered: false
  USB powered: false
  Wireless powered: false
  Max charging current: 0
  Max charging voltage: 0
  Charge counter: 5687550
  status: 3
  health: 2
  present: true
  level: 94
  scale: 100
  voltage: 4079
  temperature: 220
  technology: Li-ion
Current Battery Service state:
  AC powered: false
  USB powered: false
  Wireless powered: false
  Max charging current: 0
  Max charging voltage: 0
  Charge counter: 5687550
  status: 3
  health: 2
  present: true
  level: 94
  scale: 100
  voltage: 4079
  temperature: 220
  technology: Li-ion
Current Battery Service state:
  AC powered: false
  USB powered: false
  Wireless powered: false
  Max charging current: 0
  Max charging voltage: 0
  Charge counter: 5687550
  status: 3
  health: 2
  present: true
  level: 94
  scale: 100
  voltage: 4079
  temperature: 220
  technology: Li-ion
Current Battery Service state:
  AC powered: false
  USB powered: false
  Wireless powered: false
  Max charging current: 0
  Max charging voltage: 0
  Charge counter: 5687550
  status: 3
  health: 2
  present: true
  level: 94
  scale: 100
  voltage: 4079
  temperature: 220
  technology: Li-ion
Current Battery Service state:
  AC powered: false
  USB powered: false
  Wireless powered: false
  Max charging current: 0
  Max charging voltage: 0
  Charge counter: 5687550
  status: 3
  health: 2
  present: true
  level: 94
  scale: 100
  voltage: 4079
  temperature: 220
  technology: Li-ion
Current Battery Service state:
  AC powered: false
  USB powered: false
  Wireless powered: false
  Max charging current: 0
  Max charging voltage: 0
  Charge counter: 5687550
  status: 3
  health: 2
  present: true
  level: 94
  scale: 100
  voltage: 4079
  temperature: 220
  technology: Li-ion
Current Battery Service state:
  AC powered: false
  USB powered: false
  Wireless powered: false
  Max charging current: 0
  Max charging voltage: 0
  Charge counter: 5687550
  status: 3
  health: 2
  present: true
  level: 94
  scale: 100
  voltage: 4079
  temperature: 220
  technology: Li-ion
