7.59 6.31 5.95 9/2870 21710
7.30 6.27 5.94 8/2908 21802
7.30 6.27 5.94 6/2945 21894
7.30 6.27 5.94 11/2956 21940
7.30 6.27 5.94 5/2959 21971
7.30 6.27 5.94 7/2960 22005
8.80 6.60 6.05 9/2951 22095
8.80 6.60 6.05 4/2956 22138
8.80 6.60 6.05 3/2957 22167
8.80 6.60 6.05 3/2957 22202
8.80 6.60 6.05 1/2957 22237
8.41 6.55 6.04 5/2952 22265
8.41 6.55 6.04 3/2952 22293
8.41 6.55 6.04 3/2952 22320
8.41 6.55 6.04 6/2952 22347
8.41 6.55 6.04 1/2952 22374
8.06 6.51 6.03 3/2952 22401
8.06 6.51 6.03 2/2953 22429
8.06 6.51 6.03 1/2953 22456
8.06 6.51 6.03 2/2953 22483
8.06 6.51 6.03 6/2953 22510
7.65 6.45 6.01 3/2953 22537
7.65 6.45 6.01 4/2953 22564
7.65 6.45 6.01 1/2953 22592
7.65 6.45 6.01 2/2953 22619
7.65 6.45 6.01 7/2953 22646
8.24 6.59 6.06 7/2959 22679
8.24 6.59 6.06 6/2953 22706
8.24 6.59 6.06 2/2949 22733
8.24 6.59 6.06 3/2949 22760
8.24 6.59 6.06 5/2950 22788
7.82 6.53 6.04 10/2953 22818
7.82 6.53 6.04 4/2953 22845
7.82 6.53 6.04 6/2952 22873
7.82 6.53 6.04 4/2952 22900
7.82 6.53 6.04 4/2952 22927
8.24 6.64 6.08 1/2952 22954
8.24 6.64 6.08 4/2952 22981
8.24 6.64 6.08 3/2952 23009
8.24 6.64 6.08 1/2949 23036
8.24 6.64 6.08 1/2949 23063
8.06 6.63 6.08 11/2949 23090
8.06 6.63 6.08 2/2954 23122
8.06 6.63 6.08 6/2954 23150
8.06 6.63 6.08 3/2951 23196
8.06 6.63 6.08 3/2947 23223
8.13 6.67 6.10 4/2947 23250
8.13 6.67 6.10 4/2952 23282
8.13 6.67 6.10 10/2952 23309
8.13 6.67 6.10 2/2937 23336
8.13 6.67 6.10 4/2933 23363
8.04 6.68 6.10 2/2932 23390
8.04 6.68 6.10 8/2932 23417
8.04 6.68 6.10 4/2932 23444
8.04 6.68 6.10 3/2932 23473
8.04 6.68 6.10 9/2933 23503
7.64 6.61 6.09 4/2932 23530
7.64 6.61 6.09 7/2932 23557
7.64 6.61 6.09 4/2932 23584
7.64 6.61 6.09 5/2932 23611
7.64 6.61 6.09 3/2932 23638
7.83 6.67 6.11 1/2931 23665
7.83 6.67 6.11 4/2931 23692
7.83 6.67 6.11 5/2931 23719
7.83 6.67 6.11 5/2931 23747
7.83 6.67 6.11 2/2931 23774
7.68 6.66 6.11 4/2928 23804
7.68 6.66 6.11 2/2924 23831
7.68 6.66 6.11 3/2924 23858
7.68 6.66 6.11 3/2929 23898
7.68 6.66 6.11 2/2923 23933
7.39 6.62 6.09 2/2916 23972
7.39 6.62 6.09 7/2912 24030
7.39 6.62 6.09 10/2912 24063
7.39 6.62 6.09 4/2912 24094
8.24 6.80 6.16 4/2915 24126
8.24 6.80 6.16 2/2915 24153
8.24 6.80 6.16 1/2915 24181
8.24 6.80 6.16 3/2915 24208
8.24 6.80 6.16 3/2915 24235
7.74 6.72 6.14 8/2915 24262
7.74 6.72 6.14 2/2915 24289
7.74 6.72 6.14 6/2915 24316
7.74 6.72 6.14 8/2915 24343
7.74 6.72 6.14 2/2915 24371
7.52 6.70 6.13 4/2914 24398
7.52 6.70 6.13 9/2914 24426
7.52 6.70 6.13 7/2914 24458
7.52 6.70 6.13 2/2914 24485
7.52 6.70 6.13 5/2919 24521
7.32 6.67 6.12 6/2916 24549
7.32 6.67 6.12 3/2914 24577
7.32 6.67 6.12 6/2914 24605
7.32 6.67 6.12 9/2914 24632
7.32 6.67 6.12 2/2914 24659
6.97 6.61 6.11 5/2914 24687
6.97 6.61 6.11 4/2914 24716
6.97 6.61 6.11 5/2914 24744
6.97 6.61 6.11 3/2914 24771
6.97 6.61 6.11 7/2914 24798
6.57 6.53 6.08 3/2914 24825
6.57 6.53 6.08 6/2914 24852
6.57 6.53 6.08 2/2914 24879
6.57 6.53 6.08 9/2915 24927
6.57 6.53 6.08 1/2917 24956
6.37 6.49 6.07 2/2917 24984
6.37 6.49 6.07 2/2917 25012
6.37 6.49 6.07 2/2917 25041
6.37 6.49 6.07 5/2917 25082
6.37 6.49 6.07 2/2917 25109
6.50 6.51 6.08 4/2918 25138
6.50 6.51 6.08 2/2922 25171
6.50 6.51 6.08 6/2917 25198
6.50 6.51 6.08 6/2917 25225
6.50 6.51 6.08 9/2903 25252
7.18 6.65 6.13 5/2903 25279
7.18 6.65 6.13 1/2903 25307
7.18 6.65 6.13 4/2903 25334
7.18 6.65 6.13 2/2902 25361
7.18 6.65 6.13 2/2902 25388
6.84 6.59 6.11 5/2902 25415
6.84 6.59 6.11 7/2902 25442
6.84 6.59 6.11 1/2902 25469
6.84 6.59 6.11 3/2902 25496
6.84 6.59 6.11 5/2902 25523
6.62 6.55 6.10 4/2905 25553
6.62 6.55 6.10 3/2907 25591
6.62 6.55 6.10 6/2907 25618
6.62 6.55 6.10 3/2907 25653
6.62 6.55 6.10 2/2907 25688
6.57 6.54 6.10 2/2907 25715
6.57 6.54 6.10 3/2907 25742
6.57 6.54 6.10 4/2912 25774
6.57 6.54 6.10 2/2907 25802
6.57 6.54 6.10 12/2907 25829
6.44 6.51 6.10 3/2907 25857
6.44 6.51 6.10 5/2907 25884
6.44 6.51 6.10 1/2907 25912
6.44 6.51 6.10 2/2907 25939
6.44 6.51 6.10 8/2907 25966
6.24 6.47 6.08 8/2907 25993
6.24 6.47 6.08 9/2907 26022
6.24 6.47 6.08 5/2907 26052
6.24 6.47 6.08 2/2907 26079
6.24 6.47 6.08 4/2908 26107
6.06 6.43 6.07 4/2908 26134
6.06 6.43 6.07 1/2908 26161
6.06 6.43 6.07 6/2908 26189
6.06 6.43 6.07 2/2908 26216
6.06 6.43 6.07 2/2908 26243
6.14 6.44 6.08 1/2906 26270
6.14 6.44 6.08 1/2906 26297
6.14 6.44 6.08 12/2906 26324
6.14 6.44 6.08 5/2910 26355
6.14 6.44 6.08 4/2911 26383
5.97 6.40 6.07 1/2906 26410
5.97 6.40 6.07 11/2906 26437
5.97 6.40 6.07 4/2906 26464
5.97 6.40 6.07 9/2909 26497
5.97 6.40 6.07 9/2909 26524
5.81 6.36 6.06 8/2909 26551
5.81 6.36 6.06 1/2909 26579
5.81 6.36 6.06 1/2909 26606
5.81 6.36 6.06 4/2905 26652
5.81 6.36 6.06 5/2902 26679
6.87 6.57 6.13 1/2902 26706
6.87 6.57 6.13 1/2902 26733
6.87 6.57 6.13 1/2902 26762
6.87 6.57 6.13 4/2902 26790
6.87 6.57 6.13 6/2900 26817
6.48 6.49 6.10 2/2900 26844
6.48 6.49 6.10 7/2900 26871
6.48 6.49 6.10 3/2900 26898
6.48 6.49 6.10 6/2900 26925
6.48 6.49 6.10 1/2900 26952
6.44 6.49 6.10 4/2905 26984
6.44 6.49 6.10 1/2900 27011
6.44 6.49 6.10 2/2906 27046
6.44 6.49 6.10 3/2906 27073
6.44 6.49 6.10 4/2908 27105
6.48 6.49 6.11 1/2908 27133
6.48 6.49 6.11 4/2907 27160
6.48 6.49 6.11 4/2907 27188
6.48 6.49 6.11 1/2907 27215
6.48 6.49 6.11 8/2907 27242
6.44 6.49 6.11 3/2907 27269
6.44 6.49 6.11 2/2903 27296
6.44 6.49 6.11 3/2903 27323
6.44 6.49 6.11 8/2903 27359
6.44 6.49 6.11 4/2903 27395
6.41 6.48 6.10 4/2903 27422
6.41 6.48 6.10 3/2901 27449
6.41 6.48 6.10 3/2906 27482
6.41 6.48 6.10 2/2901 27509
6.41 6.48 6.10 3/2901 27536
6.22 6.44 6.09 4/2901 27563
6.22 6.44 6.09 8/2906 27595
6.22 6.44 6.09 1/2906 27622
6.22 6.44 6.09 3/2901 27649
6.22 6.44 6.09 6/2901 27676
5.96 6.38 6.08 1/2901 27704
5.96 6.38 6.08 3/2901 27731
5.96 6.38 6.08 5/2901 27758
5.96 6.38 6.08 3/2901 27785
5.96 6.38 6.08 5/2901 27812
5.80 6.34 6.06 6/2901 27839
5.80 6.34 6.06 5/2901 27866
5.80 6.34 6.06 2/2901 27893
5.80 6.34 6.06 3/2901 27920
5.80 6.34 6.06 4/2901 27947
5.66 6.30 6.05 11/2901 27975
5.66 6.30 6.05 11/2901 28002
5.66 6.30 6.05 3/2901 28029
5.66 6.30 6.05 4/2901 28056
5.66 6.30 6.05 10/2901 28083
6.00 6.36 6.08 1/2901 28110
6.00 6.36 6.08 2/2901 28137
6.00 6.36 6.08 4/2901 28164
6.00 6.36 6.08 7/2906 28196
6.00 6.36 6.08 3/2901 28223
6.24 6.41 6.09 2/2901 28250
6.24 6.41 6.09 3/2901 28278
6.24 6.41 6.09 5/2901 28305
6.24 6.41 6.09 6/2901 28345
6.24 6.41 6.09 2/2901 28372
5.98 6.35 6.07 2/2901 28399
5.98 6.35 6.07 4/2901 28426
5.98 6.35 6.07 3/2901 28453
5.98 6.35 6.07 4/2901 28480
5.98 6.35 6.07 9/2901 28507
5.75 6.29 6.06 5/2901 28534
5.75 6.29 6.06 4/2901 28562
5.75 6.29 6.06 4/2901 28589
5.75 6.29 6.06 1/2901 28616
5.75 6.29 6.06 10/2902 28646
5.44 6.22 6.04 1/2900 28673
5.44 6.22 6.04 2/2899 28700
5.44 6.22 6.04 4/2898 28727
5.44 6.22 6.04 1/2896 28754
5.44 6.22 6.04 12/2900 28786
5.97 6.32 6.07 5/2900 28813
5.97 6.32 6.07 4/2894 28840
5.97 6.32 6.07 3/2894 28868
5.97 6.32 6.07 1/2893 28896
5.97 6.32 6.07 6/2893 28923
6.05 6.33 6.07 3/2893 28950
6.05 6.33 6.07 12/2898 28984
6.05 6.33 6.07 2/2898 29017
6.05 6.33 6.07 6/2898 29052
6.05 6.33 6.07 10/2898 29087
5.97 6.31 6.07 8/2898 29114
5.97 6.31 6.07 1/2898 29141
5.97 6.31 6.07 4/2898 29169
5.97 6.31 6.07 1/2898 29196
5.97 6.31 6.07 1/2898 29223
5.73 6.25 6.05 8/2898 29250
5.73 6.25 6.05 5/2898 29277
5.73 6.25 6.05 10/2898 29304
5.73 6.25 6.05 2/2898 29331
5.73 6.25 6.05 3/2898 29358
5.59 6.21 6.04 2/2898 29385
5.59 6.21 6.04 2/2903 29417
5.59 6.21 6.04 4/2898 29444
5.59 6.21 6.04 4/2898 29472
5.59 6.21 6.04 7/2898 29499
5.54 6.19 6.03 3/2898 29526
5.54 6.19 6.03 2/2898 29553
5.54 6.19 6.03 3/2898 29580
5.54 6.19 6.03 4/2898 29608
5.54 6.19 6.03 6/2898 29635
5.66 6.21 6.04 9/2898 29662
5.66 6.21 6.04 6/2898 29689
5.66 6.21 6.04 3/2898 29716
5.66 6.21 6.04 2/2897 29744
5.66 6.21 6.04 5/2897 29771
5.45 6.15 6.02 7/2897 29798
5.45 6.15 6.02 1/2897 29825
5.45 6.15 6.02 4/2898 29854
5.45 6.15 6.02 3/2898 29881
5.45 6.15 6.02 3/2898 29908
5.33 6.12 6.01 3/2898 29935
5.33 6.12 6.01 1/2898 29963
5.33 6.12 6.01 9/2903 29996
5.33 6.12 6.01 5/2898 30042
5.33 6.12 6.01 1/2898 30070
5.62 6.17 6.03 6/2898 30097
5.62 6.17 6.03 6/2898 30124
5.62 6.17 6.03 15/2898 30151
5.62 6.17 6.03 4/2898 30178
5.62 6.17 6.03 2/2898 30205
6.06 6.25 6.05 1/2898 30232
6.06 6.25 6.05 3/2898 30259
6.06 6.25 6.05 2/2898 30287
6.06 6.25 6.05 2/2898 30314
6.06 6.25 6.05 1/2898 30343
5.73 6.18 6.03 2/2898 30370
5.73 6.18 6.03 7/2898 30397
5.73 6.18 6.03 3/2898 30424
5.73 6.18 6.03 2/2898 30451
5.73 6.18 6.03 3/2898 30478
5.35 6.09 6.00 2/2898 30505
5.35 6.09 6.00 6/2898 30532
5.35 6.09 6.00 3/2898 30559
5.35 6.09 6.00 6/2901 30589
5.35 6.09 6.00 10/2903 30618
5.48 6.10 6.01 7/2898 30646
5.48 6.10 6.01 2/2895 30673
5.48 6.10 6.01 5/2895 30700
5.48 6.10 6.01 7/2895 30735
5.48 6.10 6.01 1/2895 30770
5.44 6.09 6.00 6/2895 30797
5.44 6.09 6.00 2/2890 30830
5.44 6.09 6.00 16/2890 30857
5.44 6.09 6.00 5/2890 30884
5.44 6.09 6.00 2/2890 30911
5.41 6.07 6.00 3/2890 30939
5.41 6.07 6.00 4/2890 30966
5.41 6.07 6.00 3/2890 30993
5.41 6.07 6.00 6/2890 31020
5.41 6.07 6.00 3/2890 31047
5.70 6.12 6.02 1/2890 31074
5.70 6.12 6.02 9/2890 31101
5.70 6.12 6.02 1/2890 31128
5.70 6.12 6.02 2/2890 31155
5.70 6.12 6.02 6/2890 31182
5.96 6.17 6.03 5/2895 31214
5.96 6.17 6.03 5/2890 31242
5.96 6.17 6.03 3/2887 31269
5.96 6.17 6.03 9/2887 31297
5.96 6.17 6.03 2/2887 31324
5.64 6.10 6.01 2/2888 31352
5.64 6.10 6.01 3/2888 31379
5.64 6.10 6.01 2/2888 31407
5.64 6.10 6.01 2/2888 31434
5.64 6.10 6.01 8/2888 31461
5.59 6.08 6.00 3/2888 31488
5.59 6.08 6.00 3/2888 31516
5.59 6.08 6.00 3/2889 31544
5.59 6.08 6.00 3/2889 31571
5.59 6.08 6.00 4/2889 31598
5.46 6.04 5.99 5/2889 31625
5.46 6.04 5.99 1/2889 31652
5.46 6.04 5.99 3/2889 31679
5.46 6.04 5.99 10/2887 31719
5.46 6.04 5.99 3/2882 31746
5.19 5.98 5.97 6/2883 31775
5.19 5.98 5.97 3/2887 31806
5.19 5.98 5.97 10/2888 31835
5.19 5.98 5.97 3/2883 31862
5.19 5.98 5.97 4/2883 31889
5.41 6.01 5.98 8/2883 31916
5.41 6.01 5.98 2/2883 31943
5.41 6.01 5.98 1/2883 31970
5.41 6.01 5.98 1/2883 31997
5.41 6.01 5.98 10/2883 32024
5.14 5.94 5.96 3/2883 32051
5.14 5.94 5.96 1/2883 32078
5.14 5.94 5.96 2/2883 32105
5.14 5.94 5.96 1/2883 32133
5.14 5.94 5.96 6/2883 32160
4.89 5.88 5.94 2/2882 32187
4.89 5.88 5.94 1/2882 32214
4.89 5.88 5.94 5/2882 32241
4.89 5.88 5.94 1/2882 32268
4.89 5.88 5.94 8/2882 32295
4.66 5.81 5.92 5/2882 32322
4.66 5.81 5.92 4/2885 32356
4.66 5.81 5.92 6/2885 32383
4.66 5.81 5.92 7/2890 32429
4.66 5.81 5.92 8/2885 32465
5.32 5.93 5.96 2/2884 32492
5.32 5.93 5.96 5/2884 32519
5.32 5.93 5.96 5/2884 32546
5.32 5.93 5.96 2/2884 32573
5.32 5.93 5.96 1/2884 32600
5.54 5.97 5.97 1/2884 32627
5.54 5.97 5.97 5/2884 32654
5.54 5.97 5.97 3/2884 32681
5.54 5.97 5.97 2/2884 32708
5.54 5.97 5.97 2/2884 32736
5.41 5.93 5.96 3/2884 32763
5.41 5.93 5.96 2/2884 473
5.41 5.93 5.96 2/2884 501
5.41 5.93 5.96 7/2884 546
5.41 5.93 5.96 6/2884 577
5.78 6.00 5.98 3/2885 706
5.78 6.00 5.98 5/2885 760
5.78 6.00 5.98 6/2886 833
5.78 6.00 5.98 2/2887 880
5.78 6.00 5.98 4/2892 972
5.72 5.98 5.97 3/2892 1027
5.72 5.98 5.97 5/2887 1084
5.72 5.98 5.97 3/2887 1170
5.72 5.98 5.97 7/2887 1252
5.72 5.98 5.97 8/2887 1355
5.42 5.92 5.95 1/2887 1403
5.42 5.92 5.95 1/2887 1443
5.42 5.92 5.95 10/2887 1518
5.42 5.92 5.95 1/2887 1592
5.42 5.92 5.95 3/2887 1648
5.79 5.99 5.97 2/2887 1701
5.79 5.99 5.97 2/2887 1798
5.79 5.99 5.97 1/2887 1854
5.79 5.99 5.97 7/2887 1908
5.79 5.99 5.97 1/2887 1969
5.48 5.92 5.95 3/2887 2020
5.48 5.92 5.95 3/2887 2058
5.48 5.92 5.95 5/2887 2106
5.48 5.92 5.95 3/2887 2169
5.48 5.92 5.95 10/2881 2246
5.37 5.89 5.94 5/2881 2291
5.37 5.89 5.94 3/2886 2356
5.37 5.89 5.94 1/2881 2418
5.37 5.89 5.94 1/2881 2470
5.37 5.89 5.94 2/2881 2502
5.34 5.87 5.94 7/2881 2534
5.34 5.87 5.94 2/2881 2629
5.34 5.87 5.94 1/2881 2681
5.34 5.87 5.94 2/2881 2710
5.34 5.87 5.94 9/2881 2737
5.15 5.82 5.92 7/2881 2766
5.15 5.82 5.92 2/2881 2803
5.15 5.82 5.92 2/2881 2869
5.15 5.82 5.92 2/2881 2902
5.15 5.82 5.92 5/2881 2941
5.22 5.83 5.92 3/2881 3013
5.22 5.83 5.92 3/2879 3057
5.22 5.83 5.92 2/2878 3096
5.22 5.83 5.92 4/2878 3176
5.22 5.83 5.92 2/2878 3240
5.04 5.78 5.90 3/2878 3328
5.04 5.78 5.90 3/2876 3410
5.04 5.78 5.90 1/2881 3456
5.04 5.78 5.90 11/2879 3497
5.04 5.78 5.90 3/2876 3546
5.68 5.90 5.94 3/2876 3596
5.68 5.90 5.94 7/2876 3662
5.68 5.90 5.94 5/2876 3702
5.68 5.90 5.94 1/2876 3738
5.68 5.90 5.94 3/2876 3767
5.62 5.88 5.94 3/2876 3808
5.62 5.88 5.94 1/2876 3855
5.62 5.88 5.94 4/2876 3905
5.62 5.88 5.94 1/2876 3939
5.62 5.88 5.94 3/2876 3990
5.57 5.87 5.93 4/2876 4035
5.57 5.87 5.93 2/2876 4085
5.57 5.87 5.93 2/2876 4118
5.57 5.87 5.93 1/2876 4150
5.57 5.87 5.93 5/2876 4190
6.01 5.95 5.96 7/2876 4219
6.01 5.95 5.96 2/2876 4259
6.01 5.95 5.96 4/2876 4290
6.01 5.95 5.96 3/2876 4327
6.01 5.95 5.96 2/2881 4374
6.01 5.96 5.96 2/2876 4418
6.01 5.96 5.96 6/2876 4489
6.01 5.96 5.96 3/2876 4519
6.01 5.96 5.96 3/2875 4547
6.01 5.96 5.96 5/2875 4574
5.85 5.92 5.95 2/2875 4601
5.85 5.92 5.95 2/2877 4639
5.85 5.92 5.95 1/2877 4681
5.85 5.92 5.95 5/2877 4730
5.85 5.92 5.95 2/2877 4758
5.94 5.94 5.95 2/2877 4785
5.94 5.94 5.95 6/2877 4814
5.94 5.94 5.95 6/2877 4842
5.94 5.94 5.95 6/2877 4869
5.94 5.94 5.95 9/2877 4896
5.70 5.89 5.94 3/2877 4923
5.70 5.89 5.94 13/2877 4951
5.70 5.89 5.94 2/2878 4979
5.70 5.89 5.94 7/2879 5008
5.70 5.89 5.94 2/2879 5037
6.13 5.98 5.97 1/2884 5069
6.13 5.98 5.97 5/2879 5096
6.13 5.98 5.97 3/2879 5123
6.13 5.98 5.97 8/2879 5150
6.13 5.98 5.97 1/2879 5179
6.60 6.08 6.00 3/2879 5226
6.60 6.08 6.00 1/2879 5254
6.60 6.08 6.00 4/2879 5282
6.60 6.08 6.00 4/2879 5310
6.60 6.08 6.00 2/2879 5346
6.55 6.08 6.00 4/2879 5373
6.55 6.08 6.00 2/2879 5400
6.55 6.08 6.00 6/2884 5434
6.55 6.08 6.00 3/2884 5469
6.55 6.08 6.00 3/2884 5531
6.42 6.06 5.99 1/2884 5559
6.42 6.06 5.99 16/2884 5586
6.42 6.06 5.99 3/2884 5613
6.42 6.06 5.99 2/2884 5640
6.42 6.06 5.99 5/2884 5668
6.07 5.99 5.97 9/2884 5708
6.07 5.99 5.97 5/2888 5739
6.07 5.99 5.97 5/2889 5768
6.07 5.99 5.97 3/2884 5797
6.07 5.99 5.97 8/2903 5847
6.22 6.02 5.98 5/2912 5887
6.22 6.02 5.98 3/2912 5914
6.22 6.02 5.98 10/2912 5941
6.22 6.02 5.98 1/2912 5969
6.22 6.02 5.98 3/2912 5996
5.97 5.97 5.97 2/2912 6037
5.97 5.97 5.97 3/2912 6064
5.97 5.97 5.97 2/2912 6091
5.97 5.97 5.97 3/2912 6118
5.97 5.97 5.97 3/2912 6146
5.73 5.92 5.95 3/2912 6178
5.73 5.92 5.95 3/2912 6206
5.73 5.92 5.95 1/2912 6233
5.73 5.92 5.95 4/2912 6261
5.73 5.92 5.95 2/2912 6288
5.83 5.94 5.96 2/2912 6328
5.83 5.94 5.96 2/2911 6356
5.83 5.94 5.96 6/2911 6383
5.83 5.94 5.96 1/2916 6415
5.83 5.94 5.96 3/2911 6442
5.92 5.96 5.96 3/2911 6472
5.92 5.96 5.96 10/2911 6500
5.92 5.96 5.96 7/2911 6527
5.92 5.96 5.96 6/2911 6559
5.92 5.96 5.96 2/2911 6591
5.77 5.93 5.95 2/2911 6654
5.77 5.93 5.95 4/2911 6702
5.77 5.93 5.95 2/2911 6761
5.77 5.93 5.95 6/2911 6820
5.77 5.93 5.95 3/2911 6863
6.35 6.04 5.99 6/2911 6907
6.35 6.04 5.99 2/2911 6934
6.35 6.04 5.99 3/2911 6961
6.35 6.04 5.99 7/2911 6991
6.35 6.04 5.99 2/2911 7022
6.08 5.99 5.97 4/2911 7069
6.08 5.99 5.97 7/2911 7096
6.08 5.99 5.97 4/2911 7124
6.08 5.99 5.97 1/2910 7152
6.08 5.99 5.97 2/2915 7184
5.99 5.98 5.97 8/2916 7215
5.99 5.98 5.97 4/2911 7248
5.99 5.98 5.97 6/2911 7275
5.99 5.98 5.97 1/2911 7302
5.99 5.98 5.97 6/2911 7329
6.07 5.99 5.97 9/2911 7369
6.07 5.99 5.97 2/2911 7397
6.07 5.99 5.97 2/2908 7428
6.07 5.99 5.97 2/2908 7464
6.07 5.99 5.97 1/2908 7500
6.15 6.01 5.98 6/2908 7536
6.15 6.01 5.98 6/2908 7563
6.15 6.01 5.98 1/2906 7590
6.15 6.01 5.98 6/2906 7617
6.15 6.01 5.98 2/2906 7644
6.06 5.99 5.97 2/2906 7678
6.06 5.99 5.97 2/2906 7705
6.06 5.99 5.97 3/2906 7732
6.06 5.99 5.97 1/2906 7760
6.06 5.99 5.97 7/2902 7787
6.05 5.99 5.98 10/2897 7823
6.05 5.99 5.98 2/2902 7855
6.05 5.99 5.98 2/2897 7882
6.05 5.99 5.98 4/2897 7909
6.05 5.99 5.98 7/2889 7941
6.77 6.14 6.02 3/2885 7979
6.77 6.14 6.02 1/2885 8006
6.77 6.14 6.02 6/2885 8033
6.77 6.14 6.02 1/2885 8061
6.77 6.14 6.02 1/2885 8089
6.31 6.06 6.00 4/2885 8125
6.31 6.06 6.00 7/2885 8152
6.31 6.06 6.00 1/2885 8179
6.31 6.06 6.00 7/2885 8206
6.31 6.06 6.00 2/2885 8233
5.96 5.99 5.98 8/2885 8267
5.96 5.99 5.98 4/2885 8294
5.96 5.99 5.98 4/2885 8321
5.96 5.99 5.98 5/2885 8348
5.96 5.99 5.98 14/2885 8376
6.04 6.01 5.98 5/2885 8412
6.04 6.01 5.98 4/2885 8439
6.04 6.01 5.98 9/2890 8471
6.04 6.01 5.98 6/2890 8498
6.04 6.01 5.98 3/2885 8525
5.88 5.97 5.97 4/2885 8565
5.88 5.97 5.97 5/2884 8592
5.88 5.97 5.97 4/2884 8619
5.88 5.97 5.97 7/2884 8646
5.88 5.97 5.97 3/2884 8674
5.57 5.91 5.95 2/2884 8710
5.57 5.91 5.95 4/2884 8738
5.57 5.91 5.95 1/2884 8765
5.57 5.91 5.95 3/2884 8792
5.57 5.91 5.95 5/2884 8823
5.76 5.94 5.96 3/2884 8863
5.76 5.94 5.96 10/2885 8891
5.76 5.94 5.96 6/2886 8919
5.76 5.94 5.96 6/2886 8946
5.76 5.94 5.96 15/2886 8973
5.46 5.88 5.94 4/2886 9004
5.46 5.88 5.94 2/2886 9037
5.46 5.88 5.94 7/2886 9064
5.46 5.88 5.94 10/2886 9091
5.46 5.88 5.94 3/2891 9123
5.51 5.88 5.94 7/2886 9163
5.51 5.88 5.94 6/2886 9190
5.51 5.88 5.94 4/2891 9224
5.51 5.88 5.94 1/2891 9255
5.51 5.88 5.94 6/2891 9290
5.79 5.93 5.96 2/2891 9327
5.79 5.93 5.96 7/2891 9354
5.79 5.93 5.96 4/2891 9381
5.79 5.93 5.96 3/2891 9408
5.79 5.93 5.96 2/2891 9435
5.80 5.93 5.96 5/2891 9475
5.80 5.93 5.96 4/2891 9502
5.80 5.93 5.96 3/2891 9529
5.80 5.93 5.96 5/2891 9556
5.80 5.93 5.96 4/2891 9583
5.50 5.87 5.93 6/2891 9619
5.50 5.87 5.93 19/2891 9647
5.50 5.87 5.93 2/2891 9674
5.50 5.87 5.93 4/2891 9701
5.50 5.87 5.93 10/2891 9730
5.54 5.87 5.94 6/2896 9769
5.54 5.87 5.94 5/2894 9796
5.54 5.87 5.94 12/2891 9823
5.54 5.87 5.94 5/2891 9850
5.54 5.87 5.94 2/2891 9883
5.50 5.86 5.93 10/2891 9948
5.50 5.86 5.93 11/2891 9976
5.50 5.86 5.93 1/2891 10003
5.50 5.86 5.93 3/2891 10030
5.50 5.86 5.93 2/2891 10057
5.50 5.86 5.93 5/2891 10097
5.30 5.81 5.91 3/2891 10124
5.30 5.81 5.91 3/2891 10151
5.30 5.81 5.91 5/2891 10178
5.30 5.81 5.91 1/2890 10205
5.30 5.81 5.91 3/2890 10248
5.19 5.78 5.90 4/2890 10275
5.19 5.78 5.90 4/2890 10303
5.19 5.78 5.90 2/2890 10330
5.19 5.78 5.90 3/2890 10357
5.19 5.78 5.90 11/2889 10391
5.18 5.76 5.90 4/2890 10419
5.18 5.76 5.90 2/2894 10450
5.18 5.76 5.90 10/2889 10477
5.18 5.76 5.90 2/2891 10506
5.18 5.76 5.90 2/2891 10542
5.32 5.79 5.90 5/2891 10569
5.32 5.79 5.90 1/2891 10598
5.32 5.79 5.90 8/2891 10625
5.32 5.79 5.90 3/2891 10652
5.32 5.79 5.90 6/2891 10682
5.14 5.74 5.89 6/2891 10709
5.14 5.74 5.89 3/2891 10736
5.14 5.74 5.89 1/2891 10763
5.14 5.74 5.89 10/2891 10790
5.14 5.74 5.89 4/2891 10826
5.21 5.74 5.89 7/2891 10853
5.21 5.74 5.89 1/2891 10886
5.21 5.74 5.89 1/2891 10914
5.21 5.74 5.89 2/2890 10941
5.21 5.74 5.89 3/2890 10981
5.11 5.71 5.88 1/2890 11008
5.11 5.71 5.88 5/2887 11035
5.11 5.71 5.88 5/2892 11075
5.11 5.71 5.88 5/2887 11106
5.11 5.71 5.88 11/2887 11136
5.02 5.69 5.87 2/2887 11163
5.02 5.69 5.87 2/2885 11190
5.02 5.69 5.87 4/2886 11219
5.02 5.69 5.87 7/2886 11246
5.02 5.69 5.87 4/2886 11286
5.26 5.72 5.88 3/2886 11313
5.26 5.72 5.88 1/2886 11340
5.26 5.72 5.88 3/2886 11367
5.26 5.72 5.88 3/2886 11394
5.26 5.72 5.88 2/2886 11424
5.24 5.71 5.88 5/2886 11457
5.24 5.71 5.88 4/2886 11484
5.24 5.71 5.88 2/2886 11511
5.24 5.71 5.88 2/2886 11539
5.24 5.71 5.88 2/2886 11580
5.06 5.67 5.86 2/2885 11607
5.06 5.67 5.86 1/2885 11634
5.06 5.67 5.86 3/2883 11661
5.06 5.67 5.86 5/2887 11692
5.06 5.67 5.86 2/2888 11729
4.89 5.62 5.85 9/2883 11756
4.89 5.62 5.85 5/2883 11783
4.89 5.62 5.85 1/2883 11810
4.89 5.62 5.85 3/2883 11838
4.89 5.62 5.85 2/2883 11872
4.90 5.61 5.84 1/2883 11899
4.90 5.61 5.84 4/2883 11926
4.90 5.61 5.84 3/2883 11953
4.90 5.61 5.84 4/2883 11980
4.90 5.61 5.84 1/2883 12016
4.75 5.57 5.82 1/2883 12043
4.75 5.57 5.82 8/2883 12070
4.75 5.57 5.82 5/2883 12097
4.75 5.57 5.82 1/2883 12124
4.75 5.57 5.82 4/2883 12159
4.53 5.51 5.80 3/2883 12186
4.53 5.51 5.80 5/2883 12213
4.53 5.51 5.80 3/2883 12240
4.53 5.51 5.80 4/2883 12269
4.53 5.51 5.80 2/2883 12305
5.45 5.68 5.86 2/2888 12337
5.45 5.68 5.86 3/2884 12365
5.45 5.68 5.86 5/2884 12392
5.45 5.68 5.86 3/2884 12419
5.45 5.68 5.86 4/2884 12453
5.73 5.74 5.88 1/2884 12481
5.73 5.74 5.88 3/2884 12508
5.73 5.74 5.88 5/2884 12535
5.73 5.74 5.88 1/2884 12562
5.73 5.74 5.88 5/2884 12598
5.51 5.69 5.86 8/2884 12625
5.51 5.69 5.86 1/2884 12658
5.51 5.69 5.86 3/2884 12685
5.51 5.69 5.86 1/2884 12712
5.51 5.69 5.86 3/2884 12746
5.63 5.71 5.87 8/2884 12774
5.63 5.71 5.87 8/2889 12808
5.63 5.71 5.87 10/2890 12844
5.63 5.71 5.87 5/2890 12875
5.63 5.71 5.87 5/2890 12911
5.58 5.70 5.86 1/2890 12938
5.58 5.70 5.86 4/2895 12970
5.58 5.70 5.86 5/2895 12997
5.58 5.70 5.86 4/2890 13024
5.58 5.70 5.86 8/2890 13058
5.70 5.72 5.87 3/2890 13085
5.70 5.72 5.87 1/2888 13113
5.70 5.72 5.87 2/2889 13141
5.70 5.72 5.87 6/2889 13168
5.70 5.72 5.87 5/2889 13204
5.64 5.71 5.86 8/2889 13231
5.64 5.71 5.86 2/2889 13258
5.64 5.71 5.86 5/2889 13285
5.64 5.71 5.86 1/2889 13312
5.64 5.71 5.86 5/2889 13346
5.27 5.63 5.84 2/2889 13373
5.27 5.63 5.84 4/2889 13401
5.27 5.63 5.84 3/2889 13428
5.27 5.63 5.84 2/2889 13455
5.27 5.63 5.84 4/2889 13491
5.49 5.67 5.85 3/2889 13518
5.49 5.67 5.85 4/2889 13545
5.49 5.67 5.85 7/2889 13572
5.49 5.67 5.85 3/2894 13604
5.49 5.67 5.85 7/2889 13644
5.53 5.68 5.85 3/2889 13671
5.53 5.68 5.85 6/2889 13699
5.53 5.68 5.85 8/2890 13727
5.53 5.68 5.85 3/2889 13756
5.53 5.68 5.85 5/2889 13786
5.73 5.72 5.86 4/2889 13813
5.73 5.72 5.86 2/2889 13840
5.73 5.72 5.86 4/2889 13867
5.73 5.72 5.86 2/2889 13894
5.73 5.72 5.86 2/2889 13934
5.67 5.70 5.86 8/2889 13961
5.67 5.70 5.86 5/2889 13988
5.67 5.70 5.86 6/2889 14016
5.67 5.70 5.86 3/2889 14043
5.67 5.70 5.86 6/2888 14074
5.37 5.64 5.84 7/2888 14101
5.37 5.64 5.84 3/2888 14128
5.37 5.64 5.84 3/2888 14155
5.37 5.64 5.84 7/2888 14185
5.37 5.64 5.84 7/2895 14232
5.42 5.65 5.84 2/2903 14280
5.42 5.65 5.84 5/2897 14308
5.42 5.65 5.84 5/2903 14344
5.42 5.65 5.84 3/2903 14371
5.42 5.65 5.84 9/2903 14407
5.31 5.62 5.83 2/2903 14436
5.31 5.62 5.83 4/2905 14465
5.31 5.62 5.83 8/2905 14498
5.31 5.62 5.83 2/2904 14525
5.31 5.62 5.83 3/2904 14559
5.21 5.59 5.82 4/2902 14586
5.21 5.59 5.82 3/2899 14619
5.21 5.59 5.82 8/2899 14655
5.21 5.59 5.82 6/2899 14683
5.21 5.59 5.82 7/2899 14714
5.03 5.55 5.80 1/2899 14741
5.03 5.55 5.80 3/2897 14768
5.03 5.55 5.80 5/2897 14795
5.03 5.55 5.80 3/2896 14822
5.03 5.55 5.80 1/2896 14849
4.87 5.51 5.79 2/2896 14876
4.87 5.51 5.79 4/2900 14908
4.87 5.51 5.79 4/2895 14935
4.87 5.51 5.79 1/2895 14963
4.87 5.51 5.79 2/2895 14990
4.80 5.48 5.78 3/2895 15017
4.80 5.48 5.78 6/2895 15044
4.80 5.48 5.78 1/2895 15071
4.80 5.48 5.78 1/2895 15098
4.80 5.48 5.78 4/2895 15125
4.89 5.49 5.78 3/2895 15152
4.89 5.49 5.78 5/2895 15179
4.89 5.49 5.78 4/2895 15206
4.89 5.49 5.78 5/2895 15233
4.89 5.49 5.78 11/2895 15261
4.90 5.48 5.77 2/2895 15288
4.90 5.48 5.77 1/2895 15315
4.90 5.48 5.77 1/2895 15342
4.90 5.48 5.77 4/2895 15369
4.90 5.48 5.77 3/2895 15396
4.91 5.47 5.77 6/2895 15423
4.91 5.47 5.77 4/2895 15450
4.91 5.47 5.77 4/2900 15482
4.91 5.47 5.77 12/2895 15509
4.91 5.47 5.77 3/2895 15538
5.00 5.48 5.77 2/2893 15566
5.00 5.48 5.77 1/2890 15594
5.00 5.48 5.77 10/2892 15636
