Current Battery Service state:
  AC powered: false
  USB powered: false
  Wireless powered: false
  Max charging current: 0
  Max charging voltage: 0
  Charge counter: 3076657
  status: 3
  health: 2
  present: true
  level: 84
  scale: 100
  voltage: 4041
  temperature: 332
  technology: Li-ion
Current Battery Service state:
  AC powered: false
  USB powered: false
  Wireless powered: false
  Max charging current: 0
  Max charging voltage: 0
  Charge counter: 3076657
  status: 3
  health: 2
  present: true
  level: 84
  scale: 100
  voltage: 4041
  temperature: 332
  technology: Li-ion
Current Battery Service state:
  AC powered: false
  USB powered: false
  Wireless powered: false
  Max charging current: 0
  Max charging voltage: 0
  Charge counter: 3076657
  status: 3
  health: 2
  present: true
  level: 84
  scale: 100
  voltage: 4041
  temperature: 332
  technology: Li-ion
Current Battery Service state:
  AC powered: false
  USB powered: false
  Wireless powered: false
  Max charging current: 0
  Max charging voltage: 0
  Charge counter: 3076657
  status: 3
  health: 2
  present: true
  level: 84
  scale: 100
  voltage: 4041
  temperature: 332
  technology: Li-ion
Current Battery Service state:
  AC powered: false
  USB powered: false
  Wireless powered: false
  Max charging current: 0
  Max charging voltage: 0
  Charge counter: 3076657
  status: 3
  health: 2
  present: true
  level: 84
  scale: 100
  voltage: 4041
  temperature: 332
  technology: Li-ion
Current Battery Service state:
  AC powered: false
  USB powered: false
  Wireless powered: false
  Max charging current: 0
  Max charging voltage: 0
  Charge counter: 3076657
  status: 3
  health: 2
  present: true
  level: 84
  scale: 100
  voltage: 4041
  temperature: 332
  technology: Li-ion
Current Battery Service state:
  AC powered: false
  USB powered: false
  Wireless powered: false
  Max charging current: 0
  Max charging voltage: 0
  Charge counter: 3076657
  status: 3
  health: 2
  present: true
  level: 84
  scale: 100
  voltage: 4041
  temperature: 332
  technology: Li-ion
Current Battery Service state:
  AC powered: false
  USB powered: false
  Wireless powered: false
  Max charging current: 0
  Max charging voltage: 0
  Charge counter: 3076657
  status: 3
  health: 2
  present: true
  level: 84
  scale: 100
  voltage: 4041
  temperature: 332
  technology: Li-ion
Current Battery Service state:
  AC powered: false
  USB powered: false
  Wireless powered: false
  Max charging current: 0
  Max charging voltage: 0
  Charge counter: 3076657
  status: 3
  health: 2
  present: true
  level: 84
  scale: 100
  voltage: 4041
  temperature: 332
  technology: Li-ion
Current Battery Service state:
  AC powered: false
  USB powered: false
  Wireless powered: false
  Max charging current: 0
  Max charging voltage: 0
  Charge counter: 3076657
  status: 3
  health: 2
  present: true
  level: 84
  scale: 100
  voltage: 4041
  temperature: 332
  technology: Li-ion
Current Battery Service state:
  AC powered: false
  USB powered: false
  Wireless powered: false
  Max charging current: 0
  Max charging voltage: 0
  Charge counter: 3072258
  status: 3
  health: 2
  present: true
  level: 84
  scale: 100
  voltage: 4040
  temperature: 332
  technology: Li-ion
Current Battery Service state:
  AC powered: false
  USB powered: false
  Wireless powered: false
  Max charging current: 0
  Max charging voltage: 0
  Charge counter: 3072258
  status: 3
  health: 2
  present: true
  level: 84
  scale: 100
  voltage: 4040
  temperature: 332
  technology: Li-ion
Current Battery Service state:
  AC powered: false
  USB powered: false
  Wireless powered: false
  Max charging current: 0
  Max charging voltage: 0
  Charge counter: 3072258
  status: 3
  health: 2
  present: true
  level: 84
  scale: 100
  voltage: 4040
  temperature: 332
  technology: Li-ion
Current Battery Service state:
  AC powered: false
  USB powered: false
  Wireless powered: false
  Max charging current: 0
  Max charging voltage: 0
  Charge counter: 3072258
  status: 3
  health: 2
  present: true
  level: 84
  scale: 100
  voltage: 4040
  temperature: 332
  technology: Li-ion
Current Battery Service state:
  AC powered: false
  USB powered: false
  Wireless powered: false
  Max charging current: 0
  Max charging voltage: 0
  Charge counter: 3072258
  status: 3
  health: 2
  present: true
  level: 84
  scale: 100
  voltage: 4040
  temperature: 332
  technology: Li-ion
Current Battery Service state:
  AC powered: false
  USB powered: false
  Wireless powered: false
  Max charging current: 0
  Max charging voltage: 0
  Charge counter: 3072258
  status: 3
  health: 2
  present: true
  level: 84
  scale: 100
  voltage: 4040
  temperature: 332
  technology: Li-ion
Current Battery Service state:
  AC powered: false
  USB powered: false
  Wireless powered: false
  Max charging current: 0
  Max charging voltage: 0
  Charge counter: 3072258
  status: 3
  health: 2
  present: true
  level: 84
  scale: 100
  voltage: 4040
  temperature: 332
  technology: Li-ion
Current Battery Service state:
  AC powered: false
  USB powered: false
  Wireless powered: false
  Max charging current: 0
  Max charging voltage: 0
  Charge counter: 3072258
  status: 3
  health: 2
  present: true
  level: 84
  scale: 100
  voltage: 4040
  temperature: 332
  technology: Li-ion
Current Battery Service state:
  AC powered: false
  USB powered: false
  Wireless powered: false
  Max charging current: 0
  Max charging voltage: 0
  Charge counter: 3072258
  status: 3
  health: 2
  present: true
  level: 84
  scale: 100
  voltage: 4040
  temperature: 332
  technology: Li-ion
Current Battery Service state:
  AC powered: false
  USB powered: false
  Wireless powered: false
  Max charging current: 0
  Max charging voltage: 0
  Charge counter: 3072258
  status: 3
  health: 2
  present: true
  level: 84
  scale: 100
  voltage: 4040
  temperature: 332
  technology: Li-ion
Current Battery Service state:
  AC powered: false
  USB powered: false
  Wireless powered: false
  Max charging current: 0
  Max charging voltage: 0
  Charge counter: 3068219
  status: 3
  health: 2
  present: true
  level: 84
  scale: 100
  voltage: 4045
  temperature: 335
  technology: Li-ion
Current Battery Service state:
  AC powered: false
  USB powered: false
  Wireless powered: false
  Max charging current: 0
  Max charging voltage: 0
  Charge counter: 3068219
  status: 3
  health: 2
  present: true
  level: 84
  scale: 100
  voltage: 4045
  temperature: 335
  technology: Li-ion
Current Battery Service state:
  AC powered: false
  USB powered: false
  Wireless powered: false
  Max charging current: 0
  Max charging voltage: 0
  Charge counter: 3068219
  status: 3
  health: 2
  present: true
  level: 84
  scale: 100
  voltage: 4045
  temperature: 335
  technology: Li-ion
Current Battery Service state:
  AC powered: false
  USB powered: false
  Wireless powered: false
  Max charging current: 0
  Max charging voltage: 0
  Charge counter: 3068219
  status: 3
  health: 2
  present: true
  level: 84
  scale: 100
  voltage: 4045
  temperature: 335
  technology: Li-ion
Current Battery Service state:
  AC powered: false
  USB powered: false
  Wireless powered: false
  Max charging current: 0
  Max charging voltage: 0
  Charge counter: 3068219
  status: 3
  health: 2
  present: true
  level: 84
  scale: 100
  voltage: 4045
  temperature: 335
  technology: Li-ion
Current Battery Service state:
  AC powered: false
  USB powered: false
  Wireless powered: false
  Max charging current: 0
  Max charging voltage: 0
  Charge counter: 3068219
  status: 3
  health: 2
  present: true
  level: 84
  scale: 100
  voltage: 4045
  temperature: 335
  technology: Li-ion
Current Battery Service state:
  AC powered: false
  USB powered: false
  Wireless powered: false
  Max charging current: 0
  Max charging voltage: 0
  Charge counter: 3068219
  status: 3
  health: 2
  present: true
  level: 84
  scale: 100
  voltage: 4045
  temperature: 335
  technology: Li-ion
Current Battery Service state:
  AC powered: false
  USB powered: false
  Wireless powered: false
  Max charging current: 0
  Max charging voltage: 0
  Charge counter: 3068219
  status: 3
  health: 2
  present: true
  level: 84
  scale: 100
  voltage: 4045
  temperature: 335
  technology: Li-ion
Current Battery Service state:
  AC powered: false
  USB powered: false
  Wireless powered: false
  Max charging current: 0
  Max charging voltage: 0
  Charge counter: 3068219
  status: 3
  health: 2
  present: true
  level: 84
  scale: 100
  voltage: 4045
  temperature: 335
  technology: Li-ion
Current Battery Service state:
  AC powered: false
  USB powered: false
  Wireless powered: false
  Max charging current: 0
  Max charging voltage: 0
  Charge counter: 3068219
  status: 3
  health: 2
  present: true
  level: 84
  scale: 100
  voltage: 4045
  temperature: 335
  technology: Li-ion
Current Battery Service state:
  AC powered: false
  USB powered: false
  Wireless powered: false
  Max charging current: 0
  Max charging voltage: 0
  Charge counter: 3064117
  status: 3
  health: 2
  present: true
  level: 84
  scale: 100
  voltage: 4034
  temperature: 335
  technology: Li-ion
Current Battery Service state:
  AC powered: false
  USB powered: false
  Wireless powered: false
  Max charging current: 0
  Max charging voltage: 0
  Charge counter: 3064117
  status: 3
  health: 2
  present: true
  level: 84
  scale: 100
  voltage: 4034
  temperature: 335
  technology: Li-ion
Current Battery Service state:
  AC powered: false
  USB powered: false
  Wireless powered: false
  Max charging current: 0
  Max charging voltage: 0
  Charge counter: 3064117
  status: 3
  health: 2
  present: true
  level: 84
  scale: 100
  voltage: 4034
  temperature: 335
  technology: Li-ion
Current Battery Service state:
  AC powered: false
  USB powered: false
  Wireless powered: false
  Max charging current: 0
  Max charging voltage: 0
  Charge counter: 3064117
  status: 3
  health: 2
  present: true
  level: 84
  scale: 100
  voltage: 4034
  temperature: 335
  technology: Li-ion
Current Battery Service state:
  AC powered: false
  USB powered: false
  Wireless powered: false
  Max charging current: 0
  Max charging voltage: 0
  Charge counter: 3064117
  status: 3
  health: 2
  present: true
  level: 84
  scale: 100
  voltage: 4034
  temperature: 335
  technology: Li-ion
Current Battery Service state:
  AC powered: false
  USB powered: false
  Wireless powered: false
  Max charging current: 0
  Max charging voltage: 0
  Charge counter: 3064117
  status: 3
  health: 2
  present: true
  level: 84
  scale: 100
  voltage: 4034
  temperature: 335
  technology: Li-ion
Current Battery Service state:
  AC powered: false
  USB powered: false
  Wireless powered: false
  Max charging current: 0
  Max charging voltage: 0
  Charge counter: 3064117
  status: 3
  health: 2
  present: true
  level: 84
  scale: 100
  voltage: 4034
  temperature: 335
  technology: Li-ion
Current Battery Service state:
  AC powered: false
  USB powered: false
  Wireless powered: false
  Max charging current: 0
  Max charging voltage: 0
  Charge counter: 3064117
  status: 3
  health: 2
  present: true
  level: 84
  scale: 100
  voltage: 4034
  temperature: 335
  technology: Li-ion
Current Battery Service state:
  AC powered: false
  USB powered: false
  Wireless powered: false
  Max charging current: 0
  Max charging voltage: 0
  Charge counter: 3064117
  status: 3
  health: 2
  present: true
  level: 84
  scale: 100
  voltage: 4034
  temperature: 335
  technology: Li-ion
Current Battery Service state:
  AC powered: false
  USB powered: false
  Wireless powered: false
  Max charging current: 0
  Max charging voltage: 0
  Charge counter: 3064117
  status: 3
  health: 2
  present: true
  level: 84
  scale: 100
  voltage: 4034
  temperature: 335
  technology: Li-ion
Current Battery Service state:
  AC powered: false
  USB powered: false
  Wireless powered: false
  Max charging current: 0
  Max charging voltage: 0
  Charge counter: 3059872
  status: 3
  health: 2
  present: true
  level: 84
  scale: 100
  voltage: 4032
  temperature: 335
  technology: Li-ion
Current Battery Service state:
  AC powered: false
  USB powered: false
  Wireless powered: false
  Max charging current: 0
  Max charging voltage: 0
  Charge counter: 3059872
  status: 3
  health: 2
  present: true
  level: 84
  scale: 100
  voltage: 4032
  temperature: 335
  technology: Li-ion
Current Battery Service state:
  AC powered: false
  USB powered: false
  Wireless powered: false
  Max charging current: 0
  Max charging voltage: 0
  Charge counter: 3059872
  status: 3
  health: 2
  present: true
  level: 84
  scale: 100
  voltage: 4032
  temperature: 335
  technology: Li-ion
Current Battery Service state:
  AC powered: false
  USB powered: false
  Wireless powered: false
  Max charging current: 0
  Max charging voltage: 0
  Charge counter: 3059872
  status: 3
  health: 2
  present: true
  level: 84
  scale: 100
  voltage: 4032
  temperature: 335
  technology: Li-ion
Current Battery Service state:
  AC powered: false
  USB powered: false
  Wireless powered: false
  Max charging current: 0
  Max charging voltage: 0
  Charge counter: 3059872
  status: 3
  health: 2
  present: true
  level: 84
  scale: 100
  voltage: 4032
  temperature: 335
  technology: Li-ion
Current Battery Service state:
  AC powered: false
  USB powered: false
  Wireless powered: false
  Max charging current: 0
  Max charging voltage: 0
  Charge counter: 3059872
  status: 3
  health: 2
  present: true
  level: 84
  scale: 100
  voltage: 4032
  temperature: 335
  technology: Li-ion
Current Battery Service state:
  AC powered: false
  USB powered: false
  Wireless powered: false
  Max charging current: 0
  Max charging voltage: 0
  Charge counter: 3059872
  status: 3
  health: 2
  present: true
  level: 84
  scale: 100
  voltage: 4032
  temperature: 335
  technology: Li-ion
Current Battery Service state:
  AC powered: false
  USB powered: false
  Wireless powered: false
  Max charging current: 0
  Max charging voltage: 0
  Charge counter: 3059872
  status: 3
  health: 2
  present: true
  level: 84
  scale: 100
  voltage: 4032
  temperature: 335
  technology: Li-ion
Current Battery Service state:
  AC powered: false
  USB powered: false
  Wireless powered: false
  Max charging current: 0
  Max charging voltage: 0
  Charge counter: 3059872
  status: 3
  health: 2
  present: true
  level: 84
  scale: 100
  voltage: 4032
  temperature: 335
  technology: Li-ion
Current Battery Service state:
  AC powered: false
  USB powered: false
  Wireless powered: false
  Max charging current: 0
  Max charging voltage: 0
  Charge counter: 3059872
  status: 3
  health: 2
  present: true
  level: 84
  scale: 100
  voltage: 4032
  temperature: 335
  technology: Li-ion
Current Battery Service state:
  AC powered: false
  USB powered: false
  Wireless powered: false
  Max charging current: 0
  Max charging voltage: 0
  Charge counter: 3059872
  status: 3
  health: 2
  present: true
  level: 84
  scale: 100
  voltage: 4032
  temperature: 335
  technology: Li-ion
Current Battery Service state:
  AC powered: false
  USB powered: false
  Wireless powered: false
  Max charging current: 0
  Max charging voltage: 0
  Charge counter: 3055460
  status: 3
  health: 2
  present: true
  level: 84
  scale: 100
  voltage: 4030
  temperature: 337
  technology: Li-ion
Current Battery Service state:
  AC powered: false
  USB powered: false
  Wireless powered: false
  Max charging current: 0
  Max charging voltage: 0
  Charge counter: 3055460
  status: 3
  health: 2
  present: true
  level: 84
  scale: 100
  voltage: 4030
  temperature: 337
  technology: Li-ion
Current Battery Service state:
  AC powered: false
  USB powered: false
  Wireless powered: false
  Max charging current: 0
  Max charging voltage: 0
  Charge counter: 3055460
  status: 3
  health: 2
  present: true
  level: 84
  scale: 100
  voltage: 4030
  temperature: 337
  technology: Li-ion
Current Battery Service state:
  AC powered: false
  USB powered: false
  Wireless powered: false
  Max charging current: 0
  Max charging voltage: 0
  Charge counter: 3055460
  status: 3
  health: 2
  present: true
  level: 84
  scale: 100
  voltage: 4030
  temperature: 337
  technology: Li-ion
Current Battery Service state:
  AC powered: false
  USB powered: false
  Wireless powered: false
  Max charging current: 0
  Max charging voltage: 0
  Charge counter: 3055460
  status: 3
  health: 2
  present: true
  level: 84
  scale: 100
  voltage: 4030
  temperature: 337
  technology: Li-ion
Current Battery Service state:
  AC powered: false
  USB powered: false
  Wireless powered: false
  Max charging current: 0
  Max charging voltage: 0
  Charge counter: 3055460
  status: 3
  health: 2
  present: true
  level: 84
  scale: 100
  voltage: 4030
  temperature: 337
  technology: Li-ion
Current Battery Service state:
  AC powered: false
  USB powered: false
  Wireless powered: false
  Max charging current: 0
  Max charging voltage: 0
  Charge counter: 3055460
  status: 3
  health: 2
  present: true
  level: 84
  scale: 100
  voltage: 4030
  temperature: 337
  technology: Li-ion
Current Battery Service state:
  AC powered: false
  USB powered: false
  Wireless powered: false
  Max charging current: 0
  Max charging voltage: 0
  Charge counter: 3055460
  status: 3
  health: 2
  present: true
  level: 84
  scale: 100
  voltage: 4030
  temperature: 337
  technology: Li-ion
Current Battery Service state:
  AC powered: false
  USB powered: false
  Wireless powered: false
  Max charging current: 0
  Max charging voltage: 0
  Charge counter: 3055460
  status: 3
  health: 2
  present: true
  level: 84
  scale: 100
  voltage: 4030
  temperature: 337
  technology: Li-ion
Current Battery Service state:
  AC powered: false
  USB powered: false
  Wireless powered: false
  Max charging current: 0
  Max charging voltage: 0
  Charge counter: 3055460
  status: 3
  health: 2
  present: true
  level: 84
  scale: 100
  voltage: 4030
  temperature: 337
  technology: Li-ion
Current Battery Service state:
  AC powered: false
  USB powered: false
  Wireless powered: false
  Max charging current: 0
  Max charging voltage: 0
  Charge counter: 3051603
  status: 3
  health: 2
  present: true
  level: 84
  scale: 100
  voltage: 4029
  temperature: 337
  technology: Li-ion
Current Battery Service state:
  AC powered: false
  USB powered: false
  Wireless powered: false
  Max charging current: 0
  Max charging voltage: 0
  Charge counter: 3051603
  status: 3
  health: 2
  present: true
  level: 84
  scale: 100
  voltage: 4029
  temperature: 337
  technology: Li-ion
Current Battery Service state:
  AC powered: false
  USB powered: false
  Wireless powered: false
  Max charging current: 0
  Max charging voltage: 0
  Charge counter: 3051603
  status: 3
  health: 2
  present: true
  level: 84
  scale: 100
  voltage: 4029
  temperature: 337
  technology: Li-ion
Current Battery Service state:
  AC powered: false
  USB powered: false
  Wireless powered: false
  Max charging current: 0
  Max charging voltage: 0
  Charge counter: 3051603
  status: 3
  health: 2
  present: true
  level: 84
  scale: 100
  voltage: 4029
  temperature: 337
  technology: Li-ion
Current Battery Service state:
  AC powered: false
  USB powered: false
  Wireless powered: false
  Max charging current: 0
  Max charging voltage: 0
  Charge counter: 3051603
  status: 3
  health: 2
  present: true
  level: 84
  scale: 100
  voltage: 4029
  temperature: 337
  technology: Li-ion
Current Battery Service state:
  AC powered: false
  USB powered: false
  Wireless powered: false
  Max charging current: 0
  Max charging voltage: 0
  Charge counter: 3051603
  status: 3
  health: 2
  present: true
  level: 84
  scale: 100
  voltage: 4029
  temperature: 337
  technology: Li-ion
Current Battery Service state:
  AC powered: false
  USB powered: false
  Wireless powered: false
  Max charging current: 0
  Max charging voltage: 0
  Charge counter: 3051603
  status: 3
  health: 2
  present: true
  level: 84
  scale: 100
  voltage: 4029
  temperature: 337
  technology: Li-ion
Current Battery Service state:
  AC powered: false
  USB powered: false
  Wireless powered: false
  Max charging current: 0
  Max charging voltage: 0
  Charge counter: 3051603
  status: 3
  health: 2
  present: true
  level: 84
  scale: 100
  voltage: 4029
  temperature: 337
  technology: Li-ion
Current Battery Service state:
  AC powered: false
  USB powered: false
  Wireless powered: false
  Max charging current: 0
  Max charging voltage: 0
  Charge counter: 3051603
  status: 3
  health: 2
  present: true
  level: 84
  scale: 100
  voltage: 4029
  temperature: 337
  technology: Li-ion
Current Battery Service state:
  AC powered: false
  USB powered: false
  Wireless powered: false
  Max charging current: 0
  Max charging voltage: 0
  Charge counter: 3051603
  status: 3
  health: 2
  present: true
  level: 84
  scale: 100
  voltage: 4029
  temperature: 337
  technology: Li-ion
Current Battery Service state:
  AC powered: false
  USB powered: false
  Wireless powered: false
  Max charging current: 0
  Max charging voltage: 0
  Charge counter: 3047206
  status: 3
  health: 2
  present: true
  level: 83
  scale: 100
  voltage: 4023
  temperature: 337
  technology: Li-ion
Current Battery Service state:
  AC powered: false
  USB powered: false
  Wireless powered: false
  Max charging current: 0
  Max charging voltage: 0
  Charge counter: 3047206
  status: 3
  health: 2
  present: true
  level: 83
  scale: 100
  voltage: 4023
  temperature: 337
  technology: Li-ion
Current Battery Service state:
  AC powered: false
  USB powered: false
  Wireless powered: false
  Max charging current: 0
  Max charging voltage: 0
  Charge counter: 3047206
  status: 3
  health: 2
  present: true
  level: 83
  scale: 100
  voltage: 4023
  temperature: 337
  technology: Li-ion
Current Battery Service state:
  AC powered: false
  USB powered: false
  Wireless powered: false
  Max charging current: 0
  Max charging voltage: 0
  Charge counter: 3047206
  status: 3
  health: 2
  present: true
  level: 83
  scale: 100
  voltage: 4023
  temperature: 337
  technology: Li-ion
Current Battery Service state:
  AC powered: false
  USB powered: false
  Wireless powered: false
  Max charging current: 0
  Max charging voltage: 0
  Charge counter: 3047206
  status: 3
  health: 2
  present: true
  level: 83
  scale: 100
  voltage: 4023
  temperature: 337
  technology: Li-ion
Current Battery Service state:
  AC powered: false
  USB powered: false
  Wireless powered: false
  Max charging current: 0
  Max charging voltage: 0
  Charge counter: 3047206
  status: 3
  health: 2
  present: true
  level: 83
  scale: 100
  voltage: 4023
  temperature: 337
  technology: Li-ion
Current Battery Service state:
  AC powered: false
  USB powered: false
  Wireless powered: false
  Max charging current: 0
  Max charging voltage: 0
  Charge counter: 3047206
  status: 3
  health: 2
  present: true
  level: 83
  scale: 100
  voltage: 4023
  temperature: 337
  technology: Li-ion
Current Battery Service state:
  AC powered: false
  USB powered: false
  Wireless powered: false
  Max charging current: 0
  Max charging voltage: 0
  Charge counter: 3047206
  status: 3
  health: 2
  present: true
  level: 83
  scale: 100
  voltage: 4023
  temperature: 337
  technology: Li-ion
Current Battery Service state:
  AC powered: false
  USB powered: false
  Wireless powered: false
  Max charging current: 0
  Max charging voltage: 0
  Charge counter: 3043141
  status: 3
  health: 2
  present: true
  level: 83
  scale: 100
  voltage: 4023
  temperature: 340
  technology: Li-ion
Current Battery Service state:
  AC powered: false
  USB powered: false
  Wireless powered: false
  Max charging current: 0
  Max charging voltage: 0
  Charge counter: 3043141
  status: 3
  health: 2
  present: true
  level: 83
  scale: 100
  voltage: 4023
  temperature: 340
  technology: Li-ion
Current Battery Service state:
  AC powered: false
  USB powered: false
  Wireless powered: false
  Max charging current: 0
  Max charging voltage: 0
  Charge counter: 3042699
  status: 3
  health: 2
  present: true
  level: 83
  scale: 100
  voltage: 4022
  temperature: 340
  technology: Li-ion
Current Battery Service state:
  AC powered: false
  USB powered: false
  Wireless powered: false
  Max charging current: 0
  Max charging voltage: 0
  Charge counter: 3042699
  status: 3
  health: 2
  present: true
  level: 83
  scale: 100
  voltage: 4022
  temperature: 340
  technology: Li-ion
Current Battery Service state:
  AC powered: false
  USB powered: false
  Wireless powered: false
  Max charging current: 0
  Max charging voltage: 0
  Charge counter: 3042699
  status: 3
  health: 2
  present: true
  level: 83
  scale: 100
  voltage: 4022
  temperature: 340
  technology: Li-ion
Current Battery Service state:
  AC powered: false
  USB powered: false
  Wireless powered: false
  Max charging current: 0
  Max charging voltage: 0
  Charge counter: 3042699
  status: 3
  health: 2
  present: true
  level: 83
  scale: 100
  voltage: 4022
  temperature: 340
  technology: Li-ion
Current Battery Service state:
  AC powered: false
  USB powered: false
  Wireless powered: false
  Max charging current: 0
  Max charging voltage: 0
  Charge counter: 3042699
  status: 3
  health: 2
  present: true
  level: 83
  scale: 100
  voltage: 4022
  temperature: 340
  technology: Li-ion
Current Battery Service state:
  AC powered: false
  USB powered: false
  Wireless powered: false
  Max charging current: 0
  Max charging voltage: 0
  Charge counter: 3042699
  status: 3
  health: 2
  present: true
  level: 83
  scale: 100
  voltage: 4022
  temperature: 340
  technology: Li-ion
Current Battery Service state:
  AC powered: false
  USB powered: false
  Wireless powered: false
  Max charging current: 0
  Max charging voltage: 0
  Charge counter: 3042699
  status: 3
  health: 2
  present: true
  level: 83
  scale: 100
  voltage: 4022
  temperature: 340
  technology: Li-ion
Current Battery Service state:
  AC powered: false
  USB powered: false
  Wireless powered: false
  Max charging current: 0
  Max charging voltage: 0
  Charge counter: 3039035
  status: 3
  health: 2
  present: true
  level: 83
  scale: 100
  voltage: 4021
  temperature: 342
  technology: Li-ion
Current Battery Service state:
  AC powered: false
  USB powered: false
  Wireless powered: false
  Max charging current: 0
  Max charging voltage: 0
  Charge counter: 3038661
  status: 3
  health: 2
  present: true
  level: 83
  scale: 100
  voltage: 4020
  temperature: 342
  technology: Li-ion
Current Battery Service state:
  AC powered: false
  USB powered: false
  Wireless powered: false
  Max charging current: 0
  Max charging voltage: 0
  Charge counter: 3038661
  status: 3
  health: 2
  present: true
  level: 83
  scale: 100
  voltage: 4020
  temperature: 342
  technology: Li-ion
Current Battery Service state:
  AC powered: false
  USB powered: false
  Wireless powered: false
  Max charging current: 0
  Max charging voltage: 0
  Charge counter: 3038223
  status: 3
  health: 2
  present: true
  level: 83
  scale: 100
  voltage: 4021
  temperature: 342
  technology: Li-ion
Current Battery Service state:
  AC powered: false
  USB powered: false
  Wireless powered: false
  Max charging current: 0
  Max charging voltage: 0
  Charge counter: 3038223
  status: 3
  health: 2
  present: true
  level: 83
  scale: 100
  voltage: 4021
  temperature: 342
  technology: Li-ion
Current Battery Service state:
  AC powered: false
  USB powered: false
  Wireless powered: false
  Max charging current: 0
  Max charging voltage: 0
  Charge counter: 3038223
  status: 3
  health: 2
  present: true
  level: 83
  scale: 100
  voltage: 4021
  temperature: 342
  technology: Li-ion
Current Battery Service state:
  AC powered: false
  USB powered: false
  Wireless powered: false
  Max charging current: 0
  Max charging voltage: 0
  Charge counter: 3038223
  status: 3
  health: 2
  present: true
  level: 83
  scale: 100
  voltage: 4021
  temperature: 342
  technology: Li-ion
Current Battery Service state:
  AC powered: false
  USB powered: false
  Wireless powered: false
  Max charging current: 0
  Max charging voltage: 0
  Charge counter: 3038223
  status: 3
  health: 2
  present: true
  level: 83
  scale: 100
  voltage: 4021
  temperature: 342
  technology: Li-ion
Current Battery Service state:
  AC powered: false
  USB powered: false
  Wireless powered: false
  Max charging current: 0
  Max charging voltage: 0
  Charge counter: 3038223
  status: 3
  health: 2
  present: true
  level: 83
  scale: 100
  voltage: 4021
  temperature: 342
  technology: Li-ion
Current Battery Service state:
  AC powered: false
  USB powered: false
  Wireless powered: false
  Max charging current: 0
  Max charging voltage: 0
  Charge counter: 3038223
  status: 3
  health: 2
  present: true
  level: 83
  scale: 100
  voltage: 4021
  temperature: 342
  technology: Li-ion
Current Battery Service state:
  AC powered: false
  USB powered: false
  Wireless powered: false
  Max charging current: 0
  Max charging voltage: 0
  Charge counter: 3038223
  status: 3
  health: 2
  present: true
  level: 83
  scale: 100
  voltage: 4021
  temperature: 342
  technology: Li-ion
Current Battery Service state:
  AC powered: false
  USB powered: false
  Wireless powered: false
  Max charging current: 0
  Max charging voltage: 0
  Charge counter: 3038223
  status: 3
  health: 2
  present: true
  level: 83
  scale: 100
  voltage: 4021
  temperature: 342
  technology: Li-ion
Current Battery Service state:
  AC powered: false
  USB powered: false
  Wireless powered: false
  Max charging current: 0
  Max charging voltage: 0
  Charge counter: 3038223
  status: 3
  health: 2
  present: true
  level: 83
  scale: 100
  voltage: 4021
  temperature: 342
  technology: Li-ion
Current Battery Service state:
  AC powered: false
  USB powered: false
  Wireless powered: false
  Max charging current: 0
  Max charging voltage: 0
  Charge counter: 3033325
  status: 3
  health: 2
  present: true
  level: 83
  scale: 100
  voltage: 4019
  temperature: 342
  technology: Li-ion
Current Battery Service state:
  AC powered: false
  USB powered: false
  Wireless powered: false
  Max charging current: 0
  Max charging voltage: 0
  Charge counter: 3033325
  status: 3
  health: 2
  present: true
  level: 83
  scale: 100
  voltage: 4019
  temperature: 342
  technology: Li-ion
Current Battery Service state:
  AC powered: false
  USB powered: false
  Wireless powered: false
  Max charging current: 0
  Max charging voltage: 0
  Charge counter: 3033325
  status: 3
  health: 2
  present: true
  level: 83
  scale: 100
  voltage: 4019
  temperature: 342
  technology: Li-ion
Current Battery Service state:
  AC powered: false
  USB powered: false
  Wireless powered: false
  Max charging current: 0
  Max charging voltage: 0
  Charge counter: 3033325
  status: 3
  health: 2
  present: true
  level: 83
  scale: 100
  voltage: 4019
  temperature: 342
  technology: Li-ion
Current Battery Service state:
  AC powered: false
  USB powered: false
  Wireless powered: false
  Max charging current: 0
  Max charging voltage: 0
  Charge counter: 3033325
  status: 3
  health: 2
  present: true
  level: 83
  scale: 100
  voltage: 4019
  temperature: 342
  technology: Li-ion
Current Battery Service state:
  AC powered: false
  USB powered: false
  Wireless powered: false
  Max charging current: 0
  Max charging voltage: 0
  Charge counter: 3033325
  status: 3
  health: 2
  present: true
  level: 83
  scale: 100
  voltage: 4019
  temperature: 342
  technology: Li-ion
Current Battery Service state:
  AC powered: false
  USB powered: false
  Wireless powered: false
  Max charging current: 0
  Max charging voltage: 0
  Charge counter: 3033325
  status: 3
  health: 2
  present: true
  level: 83
  scale: 100
  voltage: 4019
  temperature: 342
  technology: Li-ion
Current Battery Service state:
  AC powered: false
  USB powered: false
  Wireless powered: false
  Max charging current: 0
  Max charging voltage: 0
  Charge counter: 3033325
  status: 3
  health: 2
  present: true
  level: 83
  scale: 100
  voltage: 4019
  temperature: 342
  technology: Li-ion
Current Battery Service state:
  AC powered: false
  USB powered: false
  Wireless powered: false
  Max charging current: 0
  Max charging voltage: 0
  Charge counter: 3033325
  status: 3
  health: 2
  present: true
  level: 83
  scale: 100
  voltage: 4019
  temperature: 342
  technology: Li-ion
Current Battery Service state:
  AC powered: false
  USB powered: false
  Wireless powered: false
  Max charging current: 0
  Max charging voltage: 0
  Charge counter: 3028866
  status: 3
  health: 2
  present: true
  level: 83
  scale: 100
  voltage: 4019
  temperature: 342
  technology: Li-ion
Current Battery Service state:
  AC powered: false
  USB powered: false
  Wireless powered: false
  Max charging current: 0
  Max charging voltage: 0
  Charge counter: 3028866
  status: 3
  health: 2
  present: true
  level: 83
  scale: 100
  voltage: 4019
  temperature: 342
  technology: Li-ion
Current Battery Service state:
  AC powered: false
  USB powered: false
  Wireless powered: false
  Max charging current: 0
  Max charging voltage: 0
  Charge counter: 3028866
  status: 3
  health: 2
  present: true
  level: 83
  scale: 100
  voltage: 4019
  temperature: 342
  technology: Li-ion
Current Battery Service state:
  AC powered: false
  USB powered: false
  Wireless powered: false
  Max charging current: 0
  Max charging voltage: 0
  Charge counter: 3028866
  status: 3
  health: 2
  present: true
  level: 83
  scale: 100
  voltage: 4019
  temperature: 342
  technology: Li-ion
Current Battery Service state:
  AC powered: false
  USB powered: false
  Wireless powered: false
  Max charging current: 0
  Max charging voltage: 0
  Charge counter: 3028866
  status: 3
  health: 2
  present: true
  level: 83
  scale: 100
  voltage: 4019
  temperature: 342
  technology: Li-ion
Current Battery Service state:
  AC powered: false
  USB powered: false
  Wireless powered: false
  Max charging current: 0
  Max charging voltage: 0
  Charge counter: 3028866
  status: 3
  health: 2
  present: true
  level: 83
  scale: 100
  voltage: 4019
  temperature: 342
  technology: Li-ion
Current Battery Service state:
  AC powered: false
  USB powered: false
  Wireless powered: false
  Max charging current: 0
  Max charging voltage: 0
  Charge counter: 3028866
  status: 3
  health: 2
  present: true
  level: 83
  scale: 100
  voltage: 4019
  temperature: 342
  technology: Li-ion
Current Battery Service state:
  AC powered: false
  USB powered: false
  Wireless powered: false
  Max charging current: 0
  Max charging voltage: 0
  Charge counter: 3028866
  status: 3
  health: 2
  present: true
  level: 83
  scale: 100
  voltage: 4019
  temperature: 342
  technology: Li-ion
Current Battery Service state:
  AC powered: false
  USB powered: false
  Wireless powered: false
  Max charging current: 0
  Max charging voltage: 0
  Charge counter: 3028866
  status: 3
  health: 2
  present: true
  level: 83
  scale: 100
  voltage: 4019
  temperature: 342
  technology: Li-ion
Current Battery Service state:
  AC powered: false
  USB powered: false
  Wireless powered: false
  Max charging current: 0
  Max charging voltage: 0
  Charge counter: 3028866
  status: 3
  health: 2
  present: true
  level: 83
  scale: 100
  voltage: 4019
  temperature: 342
  technology: Li-ion
Current Battery Service state:
  AC powered: false
  USB powered: false
  Wireless powered: false
  Max charging current: 0
  Max charging voltage: 0
  Charge counter: 3028866
  status: 3
  health: 2
  present: true
  level: 83
  scale: 100
  voltage: 4019
  temperature: 342
  technology: Li-ion
Current Battery Service state:
  AC powered: false
  USB powered: false
  Wireless powered: false
  Max charging current: 0
  Max charging voltage: 0
  Charge counter: 3024401
  status: 3
  health: 2
  present: true
  level: 83
  scale: 100
  voltage: 4014
  temperature: 342
  technology: Li-ion
Current Battery Service state:
  AC powered: false
  USB powered: false
  Wireless powered: false
  Max charging current: 0
  Max charging voltage: 0
  Charge counter: 3024401
  status: 3
  health: 2
  present: true
  level: 83
  scale: 100
  voltage: 4014
  temperature: 342
  technology: Li-ion
Current Battery Service state:
  AC powered: false
  USB powered: false
  Wireless powered: false
  Max charging current: 0
  Max charging voltage: 0
  Charge counter: 3024401
  status: 3
  health: 2
  present: true
  level: 83
  scale: 100
  voltage: 4014
  temperature: 342
  technology: Li-ion
Current Battery Service state:
  AC powered: false
  USB powered: false
  Wireless powered: false
  Max charging current: 0
  Max charging voltage: 0
  Charge counter: 3024401
  status: 3
  health: 2
  present: true
  level: 83
  scale: 100
  voltage: 4014
  temperature: 342
  technology: Li-ion
Current Battery Service state:
  AC powered: false
  USB powered: false
  Wireless powered: false
  Max charging current: 0
  Max charging voltage: 0
  Charge counter: 3024401
  status: 3
  health: 2
  present: true
  level: 83
  scale: 100
  voltage: 4014
  temperature: 342
  technology: Li-ion
Current Battery Service state:
  AC powered: false
  USB powered: false
  Wireless powered: false
  Max charging current: 0
  Max charging voltage: 0
  Charge counter: 3024401
  status: 3
  health: 2
  present: true
  level: 83
  scale: 100
  voltage: 4014
  temperature: 342
  technology: Li-ion
Current Battery Service state:
  AC powered: false
  USB powered: false
  Wireless powered: false
  Max charging current: 0
  Max charging voltage: 0
  Charge counter: 3021490
  status: 3
  health: 2
  present: true
  level: 83
  scale: 100
  voltage: 4015
  temperature: 342
  technology: Li-ion
Current Battery Service state:
  AC powered: false
  USB powered: false
  Wireless powered: false
  Max charging current: 0
  Max charging voltage: 0
  Charge counter: 3021490
  status: 3
  health: 2
  present: true
  level: 83
  scale: 100
  voltage: 4015
  temperature: 342
  technology: Li-ion
Current Battery Service state:
  AC powered: false
  USB powered: false
  Wireless powered: false
  Max charging current: 0
  Max charging voltage: 0
  Charge counter: 3021490
  status: 3
  health: 2
  present: true
  level: 83
  scale: 100
  voltage: 4015
  temperature: 342
  technology: Li-ion
Current Battery Service state:
  AC powered: false
  USB powered: false
  Wireless powered: false
  Max charging current: 0
  Max charging voltage: 0
  Charge counter: 3021490
  status: 3
  health: 2
  present: true
  level: 83
  scale: 100
  voltage: 4015
  temperature: 342
  technology: Li-ion
Current Battery Service state:
  AC powered: false
  USB powered: false
  Wireless powered: false
  Max charging current: 0
  Max charging voltage: 0
  Charge counter: 3020153
  status: 3
  health: 2
  present: true
  level: 82
  scale: 100
  voltage: 4015
  temperature: 342
  technology: Li-ion
Current Battery Service state:
  AC powered: false
  USB powered: false
  Wireless powered: false
  Max charging current: 0
  Max charging voltage: 0
  Charge counter: 3020153
  status: 3
  health: 2
  present: true
  level: 82
  scale: 100
  voltage: 4015
  temperature: 342
  technology: Li-ion
Current Battery Service state:
  AC powered: false
  USB powered: false
  Wireless powered: false
  Max charging current: 0
  Max charging voltage: 0
  Charge counter: 3020153
  status: 3
  health: 2
  present: true
  level: 82
  scale: 100
  voltage: 4015
  temperature: 342
  technology: Li-ion
Current Battery Service state:
  AC powered: false
  USB powered: false
  Wireless powered: false
  Max charging current: 0
  Max charging voltage: 0
  Charge counter: 3020153
  status: 3
  health: 2
  present: true
  level: 82
  scale: 100
  voltage: 4015
  temperature: 342
  technology: Li-ion
Current Battery Service state:
  AC powered: false
  USB powered: false
  Wireless powered: false
  Max charging current: 0
  Max charging voltage: 0
  Charge counter: 3020153
  status: 3
  health: 2
  present: true
  level: 82
  scale: 100
  voltage: 4015
  temperature: 342
  technology: Li-ion
Current Battery Service state:
  AC powered: false
  USB powered: false
  Wireless powered: false
  Max charging current: 0
  Max charging voltage: 0
  Charge counter: 3020153
  status: 3
  health: 2
  present: true
  level: 82
  scale: 100
  voltage: 4015
  temperature: 342
  technology: Li-ion
Current Battery Service state:
  AC powered: false
  USB powered: false
  Wireless powered: false
  Max charging current: 0
  Max charging voltage: 0
  Charge counter: 3020153
  status: 3
  health: 2
  present: true
  level: 82
  scale: 100
  voltage: 4015
  temperature: 342
  technology: Li-ion
Current Battery Service state:
  AC powered: false
  USB powered: false
  Wireless powered: false
  Max charging current: 0
  Max charging voltage: 0
  Charge counter: 3020153
  status: 3
  health: 2
  present: true
  level: 82
  scale: 100
  voltage: 4015
  temperature: 342
  technology: Li-ion
Current Battery Service state:
  AC powered: false
  USB powered: false
  Wireless powered: false
  Max charging current: 0
  Max charging voltage: 0
  Charge counter: 3020153
  status: 3
  health: 2
  present: true
  level: 82
  scale: 100
  voltage: 4015
  temperature: 342
  technology: Li-ion
Current Battery Service state:
  AC powered: false
  USB powered: false
  Wireless powered: false
  Max charging current: 0
  Max charging voltage: 0
  Charge counter: 3020153
  status: 3
  health: 2
  present: true
  level: 82
  scale: 100
  voltage: 4015
  temperature: 342
  technology: Li-ion
Current Battery Service state:
  AC powered: false
  USB powered: false
  Wireless powered: false
  Max charging current: 0
  Max charging voltage: 0
  Charge counter: 3015711
  status: 3
  health: 2
  present: true
  level: 82
  scale: 100
  voltage: 4013
  temperature: 345
  technology: Li-ion
Current Battery Service state:
  AC powered: false
  USB powered: false
  Wireless powered: false
  Max charging current: 0
  Max charging voltage: 0
  Charge counter: 3015711
  status: 3
  health: 2
  present: true
  level: 82
  scale: 100
  voltage: 4013
  temperature: 345
  technology: Li-ion
Current Battery Service state:
  AC powered: false
  USB powered: false
  Wireless powered: false
  Max charging current: 0
  Max charging voltage: 0
  Charge counter: 3015711
  status: 3
  health: 2
  present: true
  level: 82
  scale: 100
  voltage: 4013
  temperature: 345
  technology: Li-ion
Current Battery Service state:
  AC powered: false
  USB powered: false
  Wireless powered: false
  Max charging current: 0
  Max charging voltage: 0
  Charge counter: 3015711
  status: 3
  health: 2
  present: true
  level: 82
  scale: 100
  voltage: 4013
  temperature: 345
  technology: Li-ion
Current Battery Service state:
  AC powered: false
  USB powered: false
  Wireless powered: false
  Max charging current: 0
  Max charging voltage: 0
  Charge counter: 3015711
  status: 3
  health: 2
  present: true
  level: 82
  scale: 100
  voltage: 4013
  temperature: 345
  technology: Li-ion
Current Battery Service state:
  AC powered: false
  USB powered: false
  Wireless powered: false
  Max charging current: 0
  Max charging voltage: 0
  Charge counter: 3015711
  status: 3
  health: 2
  present: true
  level: 82
  scale: 100
  voltage: 4013
  temperature: 345
  technology: Li-ion
Current Battery Service state:
  AC powered: false
  USB powered: false
  Wireless powered: false
  Max charging current: 0
  Max charging voltage: 0
  Charge counter: 3015711
  status: 3
  health: 2
  present: true
  level: 82
  scale: 100
  voltage: 4013
  temperature: 345
  technology: Li-ion
Current Battery Service state:
  AC powered: false
  USB powered: false
  Wireless powered: false
  Max charging current: 0
  Max charging voltage: 0
  Charge counter: 3015711
  status: 3
  health: 2
  present: true
  level: 82
  scale: 100
  voltage: 4013
  temperature: 345
  technology: Li-ion
Current Battery Service state:
  AC powered: false
  USB powered: false
  Wireless powered: false
  Max charging current: 0
  Max charging voltage: 0
  Charge counter: 3015711
  status: 3
  health: 2
  present: true
  level: 82
  scale: 100
  voltage: 4013
  temperature: 345
  technology: Li-ion
Current Battery Service state:
  AC powered: false
  USB powered: false
  Wireless powered: false
  Max charging current: 0
  Max charging voltage: 0
  Charge counter: 3015711
  status: 3
  health: 2
  present: true
  level: 82
  scale: 100
  voltage: 4013
  temperature: 345
  technology: Li-ion
Current Battery Service state:
  AC powered: false
  USB powered: false
  Wireless powered: false
  Max charging current: 0
  Max charging voltage: 0
  Charge counter: 3011281
  status: 3
  health: 2
  present: true
  level: 82
  scale: 100
  voltage: 4012
  temperature: 345
  technology: Li-ion
Current Battery Service state:
  AC powered: false
  USB powered: false
  Wireless powered: false
  Max charging current: 0
  Max charging voltage: 0
  Charge counter: 3011281
  status: 3
  health: 2
  present: true
  level: 82
  scale: 100
  voltage: 4012
  temperature: 345
  technology: Li-ion
Current Battery Service state:
  AC powered: false
  USB powered: false
  Wireless powered: false
  Max charging current: 0
  Max charging voltage: 0
  Charge counter: 3011281
  status: 3
  health: 2
  present: true
  level: 82
  scale: 100
  voltage: 4012
  temperature: 345
  technology: Li-ion
Current Battery Service state:
  AC powered: false
  USB powered: false
  Wireless powered: false
  Max charging current: 0
  Max charging voltage: 0
  Charge counter: 3011281
  status: 3
  health: 2
  present: true
  level: 82
  scale: 100
  voltage: 4012
  temperature: 345
  technology: Li-ion
Current Battery Service state:
  AC powered: false
  USB powered: false
  Wireless powered: false
  Max charging current: 0
  Max charging voltage: 0
  Charge counter: 3011281
  status: 3
  health: 2
  present: true
  level: 82
  scale: 100
  voltage: 4012
  temperature: 345
  technology: Li-ion
Current Battery Service state:
  AC powered: false
  USB powered: false
  Wireless powered: false
  Max charging current: 0
  Max charging voltage: 0
  Charge counter: 3011281
  status: 3
  health: 2
  present: true
  level: 82
  scale: 100
  voltage: 4012
  temperature: 345
  technology: Li-ion
Current Battery Service state:
  AC powered: false
  USB powered: false
  Wireless powered: false
  Max charging current: 0
  Max charging voltage: 0
  Charge counter: 3011281
  status: 3
  health: 2
  present: true
  level: 82
  scale: 100
  voltage: 4012
  temperature: 345
  technology: Li-ion
Current Battery Service state:
  AC powered: false
  USB powered: false
  Wireless powered: false
  Max charging current: 0
  Max charging voltage: 0
  Charge counter: 3011281
  status: 3
  health: 2
  present: true
  level: 82
  scale: 100
  voltage: 4012
  temperature: 345
  technology: Li-ion
Current Battery Service state:
  AC powered: false
  USB powered: false
  Wireless powered: false
  Max charging current: 0
  Max charging voltage: 0
  Charge counter: 3011281
  status: 3
  health: 2
  present: true
  level: 82
  scale: 100
  voltage: 4012
  temperature: 345
  technology: Li-ion
Current Battery Service state:
  AC powered: false
  USB powered: false
  Wireless powered: false
  Max charging current: 0
  Max charging voltage: 0
  Charge counter: 3011281
  status: 3
  health: 2
  present: true
  level: 82
  scale: 100
  voltage: 4012
  temperature: 345
  technology: Li-ion
Current Battery Service state:
  AC powered: false
  USB powered: false
  Wireless powered: false
  Max charging current: 0
  Max charging voltage: 0
  Charge counter: 3006954
  status: 3
  health: 2
  present: true
  level: 82
  scale: 100
  voltage: 4014
  temperature: 345
  technology: Li-ion
Current Battery Service state:
  AC powered: false
  USB powered: false
  Wireless powered: false
  Max charging current: 0
  Max charging voltage: 0
  Charge counter: 3006954
  status: 3
  health: 2
  present: true
  level: 82
  scale: 100
  voltage: 4014
  temperature: 345
  technology: Li-ion
Current Battery Service state:
  AC powered: false
  USB powered: false
  Wireless powered: false
  Max charging current: 0
  Max charging voltage: 0
  Charge counter: 3006954
  status: 3
  health: 2
  present: true
  level: 82
  scale: 100
  voltage: 4014
  temperature: 345
  technology: Li-ion
Current Battery Service state:
  AC powered: false
  USB powered: false
  Wireless powered: false
  Max charging current: 0
  Max charging voltage: 0
  Charge counter: 3006954
  status: 3
  health: 2
  present: true
  level: 82
  scale: 100
  voltage: 4014
  temperature: 345
  technology: Li-ion
Current Battery Service state:
  AC powered: false
  USB powered: false
  Wireless powered: false
  Max charging current: 0
  Max charging voltage: 0
  Charge counter: 3006954
  status: 3
  health: 2
  present: true
  level: 82
  scale: 100
  voltage: 4014
  temperature: 345
  technology: Li-ion
Current Battery Service state:
  AC powered: false
  USB powered: false
  Wireless powered: false
  Max charging current: 0
  Max charging voltage: 0
  Charge counter: 3004318
  status: 3
  health: 2
  present: true
  level: 82
  scale: 100
  voltage: 4014
  temperature: 345
  technology: Li-ion
Current Battery Service state:
  AC powered: false
  USB powered: false
  Wireless powered: false
  Max charging current: 0
  Max charging voltage: 0
  Charge counter: 3004318
  status: 3
  health: 2
  present: true
  level: 82
  scale: 100
  voltage: 4014
  temperature: 345
  technology: Li-ion
Current Battery Service state:
  AC powered: false
  USB powered: false
  Wireless powered: false
  Max charging current: 0
  Max charging voltage: 0
  Charge counter: 3004318
  status: 3
  health: 2
  present: true
  level: 82
  scale: 100
  voltage: 4014
  temperature: 345
  technology: Li-ion
Current Battery Service state:
  AC powered: false
  USB powered: false
  Wireless powered: false
  Max charging current: 0
  Max charging voltage: 0
  Charge counter: 3004318
  status: 3
  health: 2
  present: true
  level: 82
  scale: 100
  voltage: 4014
  temperature: 345
  technology: Li-ion
Current Battery Service state:
  AC powered: false
  USB powered: false
  Wireless powered: false
  Max charging current: 0
  Max charging voltage: 0
  Charge counter: 3004318
  status: 3
  health: 2
  present: true
  level: 82
  scale: 100
  voltage: 4014
  temperature: 345
  technology: Li-ion
Current Battery Service state:
  AC powered: false
  USB powered: false
  Wireless powered: false
  Max charging current: 0
  Max charging voltage: 0
  Charge counter: 3002635
  status: 3
  health: 2
  present: true
  level: 82
  scale: 100
  voltage: 4016
  temperature: 347
  technology: Li-ion
Current Battery Service state:
  AC powered: false
  USB powered: false
  Wireless powered: false
  Max charging current: 0
  Max charging voltage: 0
  Charge counter: 3002635
  status: 3
  health: 2
  present: true
  level: 82
  scale: 100
  voltage: 4016
  temperature: 347
  technology: Li-ion
Current Battery Service state:
  AC powered: false
  USB powered: false
  Wireless powered: false
  Max charging current: 0
  Max charging voltage: 0
  Charge counter: 3002635
  status: 3
  health: 2
  present: true
  level: 82
  scale: 100
  voltage: 4016
  temperature: 347
  technology: Li-ion
Current Battery Service state:
  AC powered: false
  USB powered: false
  Wireless powered: false
  Max charging current: 0
  Max charging voltage: 0
  Charge counter: 3002635
  status: 3
  health: 2
  present: true
  level: 82
  scale: 100
  voltage: 4016
  temperature: 347
  technology: Li-ion
Current Battery Service state:
  AC powered: false
  USB powered: false
  Wireless powered: false
  Max charging current: 0
  Max charging voltage: 0
  Charge counter: 3002635
  status: 3
  health: 2
  present: true
  level: 82
  scale: 100
  voltage: 4016
  temperature: 347
  technology: Li-ion
Current Battery Service state:
  AC powered: false
  USB powered: false
  Wireless powered: false
  Max charging current: 0
  Max charging voltage: 0
  Charge counter: 3002635
  status: 3
  health: 2
  present: true
  level: 82
  scale: 100
  voltage: 4016
  temperature: 347
  technology: Li-ion
Current Battery Service state:
  AC powered: false
  USB powered: false
  Wireless powered: false
  Max charging current: 0
  Max charging voltage: 0
  Charge counter: 3002635
  status: 3
  health: 2
  present: true
  level: 82
  scale: 100
  voltage: 4016
  temperature: 347
  technology: Li-ion
Current Battery Service state:
  AC powered: false
  USB powered: false
  Wireless powered: false
  Max charging current: 0
  Max charging voltage: 0
  Charge counter: 3002635
  status: 3
  health: 2
  present: true
  level: 82
  scale: 100
  voltage: 4016
  temperature: 347
  technology: Li-ion
Current Battery Service state:
  AC powered: false
  USB powered: false
  Wireless powered: false
  Max charging current: 0
  Max charging voltage: 0
  Charge counter: 3002635
  status: 3
  health: 2
  present: true
  level: 82
  scale: 100
  voltage: 4016
  temperature: 347
  technology: Li-ion
Current Battery Service state:
  AC powered: false
  USB powered: false
  Wireless powered: false
  Max charging current: 0
  Max charging voltage: 0
  Charge counter: 3002635
  status: 3
  health: 2
  present: true
  level: 82
  scale: 100
  voltage: 4016
  temperature: 347
  technology: Li-ion
Current Battery Service state:
  AC powered: false
  USB powered: false
  Wireless powered: false
  Max charging current: 0
  Max charging voltage: 0
  Charge counter: 2998311
  status: 3
  health: 2
  present: true
  level: 82
  scale: 100
  voltage: 4012
  temperature: 347
  technology: Li-ion
Current Battery Service state:
  AC powered: false
  USB powered: false
  Wireless powered: false
  Max charging current: 0
  Max charging voltage: 0
  Charge counter: 2998311
  status: 3
  health: 2
  present: true
  level: 82
  scale: 100
  voltage: 4012
  temperature: 347
  technology: Li-ion
Current Battery Service state:
  AC powered: false
  USB powered: false
  Wireless powered: false
  Max charging current: 0
  Max charging voltage: 0
  Charge counter: 2998311
  status: 3
  health: 2
  present: true
  level: 82
  scale: 100
  voltage: 4012
  temperature: 347
  technology: Li-ion
Current Battery Service state:
  AC powered: false
  USB powered: false
  Wireless powered: false
  Max charging current: 0
  Max charging voltage: 0
  Charge counter: 2998311
  status: 3
  health: 2
  present: true
  level: 82
  scale: 100
  voltage: 4012
  temperature: 347
  technology: Li-ion
Current Battery Service state:
  AC powered: false
  USB powered: false
  Wireless powered: false
  Max charging current: 0
  Max charging voltage: 0
  Charge counter: 2998311
  status: 3
  health: 2
  present: true
  level: 82
  scale: 100
  voltage: 4012
  temperature: 347
  technology: Li-ion
Current Battery Service state:
  AC powered: false
  USB powered: false
  Wireless powered: false
  Max charging current: 0
  Max charging voltage: 0
  Charge counter: 2998311
  status: 3
  health: 2
  present: true
  level: 82
  scale: 100
  voltage: 4012
  temperature: 347
  technology: Li-ion
Current Battery Service state:
  AC powered: false
  USB powered: false
  Wireless powered: false
  Max charging current: 0
  Max charging voltage: 0
  Charge counter: 2998311
  status: 3
  health: 2
  present: true
  level: 82
  scale: 100
  voltage: 4012
  temperature: 347
  technology: Li-ion
Current Battery Service state:
  AC powered: false
  USB powered: false
  Wireless powered: false
  Max charging current: 0
  Max charging voltage: 0
  Charge counter: 2998311
  status: 3
  health: 2
  present: true
  level: 82
  scale: 100
  voltage: 4012
  temperature: 347
  technology: Li-ion
Current Battery Service state:
  AC powered: false
  USB powered: false
  Wireless powered: false
  Max charging current: 0
  Max charging voltage: 0
  Charge counter: 2998311
  status: 3
  health: 2
  present: true
  level: 82
  scale: 100
  voltage: 4012
  temperature: 347
  technology: Li-ion
Current Battery Service state:
  AC powered: false
  USB powered: false
  Wireless powered: false
  Max charging current: 0
  Max charging voltage: 0
  Charge counter: 2998311
  status: 3
  health: 2
  present: true
  level: 82
  scale: 100
  voltage: 4012
  temperature: 347
  technology: Li-ion
Current Battery Service state:
  AC powered: false
  USB powered: false
  Wireless powered: false
  Max charging current: 0
  Max charging voltage: 0
  Charge counter: 2993989
  status: 3
  health: 2
  present: true
  level: 82
  scale: 100
  voltage: 4011
  temperature: 347
  technology: Li-ion
Current Battery Service state:
  AC powered: false
  USB powered: false
  Wireless powered: false
  Max charging current: 0
  Max charging voltage: 0
  Charge counter: 2993989
  status: 3
  health: 2
  present: true
  level: 82
  scale: 100
  voltage: 4011
  temperature: 347
  technology: Li-ion
Current Battery Service state:
  AC powered: false
  USB powered: false
  Wireless powered: false
  Max charging current: 0
  Max charging voltage: 0
  Charge counter: 2993989
  status: 3
  health: 2
  present: true
  level: 82
  scale: 100
  voltage: 4011
  temperature: 347
  technology: Li-ion
Current Battery Service state:
  AC powered: false
  USB powered: false
  Wireless powered: false
  Max charging current: 0
  Max charging voltage: 0
  Charge counter: 2993989
  status: 3
  health: 2
  present: true
  level: 82
  scale: 100
  voltage: 4011
  temperature: 347
  technology: Li-ion
Current Battery Service state:
  AC powered: false
  USB powered: false
  Wireless powered: false
  Max charging current: 0
  Max charging voltage: 0
  Charge counter: 2993989
  status: 3
  health: 2
  present: true
  level: 82
  scale: 100
  voltage: 4011
  temperature: 347
  technology: Li-ion
Current Battery Service state:
  AC powered: false
  USB powered: false
  Wireless powered: false
  Max charging current: 0
  Max charging voltage: 0
  Charge counter: 2993989
  status: 3
  health: 2
  present: true
  level: 82
  scale: 100
  voltage: 4011
  temperature: 347
  technology: Li-ion
Current Battery Service state:
  AC powered: false
  USB powered: false
  Wireless powered: false
  Max charging current: 0
  Max charging voltage: 0
  Charge counter: 2993989
  status: 3
  health: 2
  present: true
  level: 82
  scale: 100
  voltage: 4011
  temperature: 347
  technology: Li-ion
Current Battery Service state:
  AC powered: false
  USB powered: false
  Wireless powered: false
  Max charging current: 0
  Max charging voltage: 0
  Charge counter: 2993989
  status: 3
  health: 2
  present: true
  level: 82
  scale: 100
  voltage: 4011
  temperature: 347
  technology: Li-ion
Current Battery Service state:
  AC powered: false
  USB powered: false
  Wireless powered: false
  Max charging current: 0
  Max charging voltage: 0
  Charge counter: 2993989
  status: 3
  health: 2
  present: true
  level: 82
  scale: 100
  voltage: 4011
  temperature: 347
  technology: Li-ion
Current Battery Service state:
  AC powered: false
  USB powered: false
  Wireless powered: false
  Max charging current: 0
  Max charging voltage: 0
  Charge counter: 2993989
  status: 3
  health: 2
  present: true
  level: 82
  scale: 100
  voltage: 4011
  temperature: 347
  technology: Li-ion
Current Battery Service state:
  AC powered: false
  USB powered: false
  Wireless powered: false
  Max charging current: 0
  Max charging voltage: 0
  Charge counter: 2989703
  status: 3
  health: 2
  present: true
  level: 82
  scale: 100
  voltage: 4009
  temperature: 350
  technology: Li-ion
Current Battery Service state:
  AC powered: false
  USB powered: false
  Wireless powered: false
  Max charging current: 0
  Max charging voltage: 0
  Charge counter: 2989703
  status: 3
  health: 2
  present: true
  level: 82
  scale: 100
  voltage: 4009
  temperature: 350
  technology: Li-ion
Current Battery Service state:
  AC powered: false
  USB powered: false
  Wireless powered: false
  Max charging current: 0
  Max charging voltage: 0
  Charge counter: 2989703
  status: 3
  health: 2
  present: true
  level: 82
  scale: 100
  voltage: 4009
  temperature: 350
  technology: Li-ion
Current Battery Service state:
  AC powered: false
  USB powered: false
  Wireless powered: false
  Max charging current: 0
  Max charging voltage: 0
  Charge counter: 2989703
  status: 3
  health: 2
  present: true
  level: 82
  scale: 100
  voltage: 4009
  temperature: 350
  technology: Li-ion
Current Battery Service state:
  AC powered: false
  USB powered: false
  Wireless powered: false
  Max charging current: 0
  Max charging voltage: 0
  Charge counter: 2989703
  status: 3
  health: 2
  present: true
  level: 82
  scale: 100
  voltage: 4009
  temperature: 350
  technology: Li-ion
Current Battery Service state:
  AC powered: false
  USB powered: false
  Wireless powered: false
  Max charging current: 0
  Max charging voltage: 0
  Charge counter: 2989703
  status: 3
  health: 2
  present: true
  level: 82
  scale: 100
  voltage: 4009
  temperature: 350
  technology: Li-ion
Current Battery Service state:
  AC powered: false
  USB powered: false
  Wireless powered: false
  Max charging current: 0
  Max charging voltage: 0
  Charge counter: 2986773
  status: 3
  health: 2
  present: true
  level: 82
  scale: 100
  voltage: 4009
  temperature: 350
  technology: Li-ion
Current Battery Service state:
  AC powered: false
  USB powered: false
  Wireless powered: false
  Max charging current: 0
  Max charging voltage: 0
  Charge counter: 2986773
  status: 3
  health: 2
  present: true
  level: 82
  scale: 100
  voltage: 4009
  temperature: 350
  technology: Li-ion
Current Battery Service state:
  AC powered: false
  USB powered: false
  Wireless powered: false
  Max charging current: 0
  Max charging voltage: 0
  Charge counter: 2986773
  status: 3
  health: 2
  present: true
  level: 82
  scale: 100
  voltage: 4009
  temperature: 350
  technology: Li-ion
Current Battery Service state:
  AC powered: false
  USB powered: false
  Wireless powered: false
  Max charging current: 0
  Max charging voltage: 0
  Charge counter: 2986773
  status: 3
  health: 2
  present: true
  level: 82
  scale: 100
  voltage: 4009
  temperature: 350
  technology: Li-ion
Current Battery Service state:
  AC powered: false
  USB powered: false
  Wireless powered: false
  Max charging current: 0
  Max charging voltage: 0
  Charge counter: 2985473
  status: 3
  health: 2
  present: true
  level: 82
  scale: 100
  voltage: 4007
  temperature: 350
  technology: Li-ion
Current Battery Service state:
  AC powered: false
  USB powered: false
  Wireless powered: false
  Max charging current: 0
  Max charging voltage: 0
  Charge counter: 2985473
  status: 3
  health: 2
  present: true
  level: 82
  scale: 100
  voltage: 4007
  temperature: 350
  technology: Li-ion
Current Battery Service state:
  AC powered: false
  USB powered: false
  Wireless powered: false
  Max charging current: 0
  Max charging voltage: 0
  Charge counter: 2985473
  status: 3
  health: 2
  present: true
  level: 82
  scale: 100
  voltage: 4007
  temperature: 350
  technology: Li-ion
Current Battery Service state:
  AC powered: false
  USB powered: false
  Wireless powered: false
  Max charging current: 0
  Max charging voltage: 0
  Charge counter: 2985473
  status: 3
  health: 2
  present: true
  level: 82
  scale: 100
  voltage: 4007
  temperature: 350
  technology: Li-ion
Current Battery Service state:
  AC powered: false
  USB powered: false
  Wireless powered: false
  Max charging current: 0
  Max charging voltage: 0
  Charge counter: 2985473
  status: 3
  health: 2
  present: true
  level: 82
  scale: 100
  voltage: 4007
  temperature: 350
  technology: Li-ion
Current Battery Service state:
  AC powered: false
  USB powered: false
  Wireless powered: false
  Max charging current: 0
  Max charging voltage: 0
  Charge counter: 2985473
  status: 3
  health: 2
  present: true
  level: 82
  scale: 100
  voltage: 4007
  temperature: 350
  technology: Li-ion
Current Battery Service state:
  AC powered: false
  USB powered: false
  Wireless powered: false
  Max charging current: 0
  Max charging voltage: 0
  Charge counter: 2985473
  status: 3
  health: 2
  present: true
  level: 82
  scale: 100
  voltage: 4007
  temperature: 350
  technology: Li-ion
Current Battery Service state:
  AC powered: false
  USB powered: false
  Wireless powered: false
  Max charging current: 0
  Max charging voltage: 0
  Charge counter: 2985473
  status: 3
  health: 2
  present: true
  level: 82
  scale: 100
  voltage: 4007
  temperature: 350
  technology: Li-ion
Current Battery Service state:
  AC powered: false
  USB powered: false
  Wireless powered: false
  Max charging current: 0
  Max charging voltage: 0
  Charge counter: 2985473
  status: 3
  health: 2
  present: true
  level: 82
  scale: 100
  voltage: 4007
  temperature: 350
  technology: Li-ion
Current Battery Service state:
  AC powered: false
  USB powered: false
  Wireless powered: false
  Max charging current: 0
  Max charging voltage: 0
  Charge counter: 2985473
  status: 3
  health: 2
  present: true
  level: 82
  scale: 100
  voltage: 4007
  temperature: 350
  technology: Li-ion
Current Battery Service state:
  AC powered: false
  USB powered: false
  Wireless powered: false
  Max charging current: 0
  Max charging voltage: 0
  Charge counter: 2980889
  status: 3
  health: 2
  present: true
  level: 82
  scale: 100
  voltage: 3997
  temperature: 350
  technology: Li-ion
Current Battery Service state:
  AC powered: false
  USB powered: false
  Wireless powered: false
  Max charging current: 0
  Max charging voltage: 0
  Charge counter: 2980889
  status: 3
  health: 2
  present: true
  level: 82
  scale: 100
  voltage: 3997
  temperature: 350
  technology: Li-ion
Current Battery Service state:
  AC powered: false
  USB powered: false
  Wireless powered: false
  Max charging current: 0
  Max charging voltage: 0
  Charge counter: 2980889
  status: 3
  health: 2
  present: true
  level: 82
  scale: 100
  voltage: 3997
  temperature: 350
  technology: Li-ion
Current Battery Service state:
  AC powered: false
  USB powered: false
  Wireless powered: false
  Max charging current: 0
  Max charging voltage: 0
  Charge counter: 2980889
  status: 3
  health: 2
  present: true
  level: 82
  scale: 100
  voltage: 3997
  temperature: 350
  technology: Li-ion
Current Battery Service state:
  AC powered: false
  USB powered: false
  Wireless powered: false
  Max charging current: 0
  Max charging voltage: 0
  Charge counter: 2980889
  status: 3
  health: 2
  present: true
  level: 82
  scale: 100
  voltage: 3997
  temperature: 350
  technology: Li-ion
Current Battery Service state:
  AC powered: false
  USB powered: false
  Wireless powered: false
  Max charging current: 0
  Max charging voltage: 0
  Charge counter: 2980889
  status: 3
  health: 2
  present: true
  level: 82
  scale: 100
  voltage: 3997
  temperature: 350
  technology: Li-ion
Current Battery Service state:
  AC powered: false
  USB powered: false
  Wireless powered: false
  Max charging current: 0
  Max charging voltage: 0
  Charge counter: 2980889
  status: 3
  health: 2
  present: true
  level: 82
  scale: 100
  voltage: 3997
  temperature: 350
  technology: Li-ion
Current Battery Service state:
  AC powered: false
  USB powered: false
  Wireless powered: false
  Max charging current: 0
  Max charging voltage: 0
  Charge counter: 2980889
  status: 3
  health: 2
  present: true
  level: 82
  scale: 100
  voltage: 3997
  temperature: 350
  technology: Li-ion
Current Battery Service state:
  AC powered: false
  USB powered: false
  Wireless powered: false
  Max charging current: 0
  Max charging voltage: 0
  Charge counter: 2980889
  status: 3
  health: 2
  present: true
  level: 82
  scale: 100
  voltage: 3997
  temperature: 350
  technology: Li-ion
Current Battery Service state:
  AC powered: false
  USB powered: false
  Wireless powered: false
  Max charging current: 0
  Max charging voltage: 0
  Charge counter: 2980889
  status: 3
  health: 2
  present: true
  level: 82
  scale: 100
  voltage: 3997
  temperature: 350
  technology: Li-ion
Current Battery Service state:
  AC powered: false
  USB powered: false
  Wireless powered: false
  Max charging current: 0
  Max charging voltage: 0
  Charge counter: 2976566
  status: 3
  health: 2
  present: true
  level: 81
  scale: 100
  voltage: 4005
  temperature: 352
  technology: Li-ion
Current Battery Service state:
  AC powered: false
  USB powered: false
  Wireless powered: false
  Max charging current: 0
  Max charging voltage: 0
  Charge counter: 2976566
  status: 3
  health: 2
  present: true
  level: 81
  scale: 100
  voltage: 4005
  temperature: 352
  technology: Li-ion
Current Battery Service state:
  AC powered: false
  USB powered: false
  Wireless powered: false
  Max charging current: 0
  Max charging voltage: 0
  Charge counter: 2976566
  status: 3
  health: 2
  present: true
  level: 81
  scale: 100
  voltage: 4005
  temperature: 352
  technology: Li-ion
Current Battery Service state:
  AC powered: false
  USB powered: false
  Wireless powered: false
  Max charging current: 0
  Max charging voltage: 0
  Charge counter: 2976566
  status: 3
  health: 2
  present: true
  level: 81
  scale: 100
  voltage: 4005
  temperature: 352
  technology: Li-ion
Current Battery Service state:
  AC powered: false
  USB powered: false
  Wireless powered: false
  Max charging current: 0
  Max charging voltage: 0
  Charge counter: 2976566
  status: 3
  health: 2
  present: true
  level: 81
  scale: 100
  voltage: 4005
  temperature: 352
  technology: Li-ion
Current Battery Service state:
  AC powered: false
  USB powered: false
  Wireless powered: false
  Max charging current: 0
  Max charging voltage: 0
  Charge counter: 2976566
  status: 3
  health: 2
  present: true
  level: 81
  scale: 100
  voltage: 4005
  temperature: 352
  technology: Li-ion
Current Battery Service state:
  AC powered: false
  USB powered: false
  Wireless powered: false
  Max charging current: 0
  Max charging voltage: 0
  Charge counter: 2976566
  status: 3
  health: 2
  present: true
  level: 81
  scale: 100
  voltage: 4005
  temperature: 352
  technology: Li-ion
Current Battery Service state:
  AC powered: false
  USB powered: false
  Wireless powered: false
  Max charging current: 0
  Max charging voltage: 0
  Charge counter: 2976566
  status: 3
  health: 2
  present: true
  level: 81
  scale: 100
  voltage: 4005
  temperature: 352
  technology: Li-ion
Current Battery Service state:
  AC powered: false
  USB powered: false
  Wireless powered: false
  Max charging current: 0
  Max charging voltage: 0
  Charge counter: 2976566
  status: 3
  health: 2
  present: true
  level: 81
  scale: 100
  voltage: 4005
  temperature: 352
  technology: Li-ion
Current Battery Service state:
  AC powered: false
  USB powered: false
  Wireless powered: false
  Max charging current: 0
  Max charging voltage: 0
  Charge counter: 2976566
  status: 3
  health: 2
  present: true
  level: 81
  scale: 100
  voltage: 4005
  temperature: 352
  technology: Li-ion
Current Battery Service state:
  AC powered: false
  USB powered: false
  Wireless powered: false
  Max charging current: 0
  Max charging voltage: 0
  Charge counter: 2972326
  status: 3
  health: 2
  present: true
  level: 81
  scale: 100
  voltage: 4008
  temperature: 352
  technology: Li-ion
Current Battery Service state:
  AC powered: false
  USB powered: false
  Wireless powered: false
  Max charging current: 0
  Max charging voltage: 0
  Charge counter: 2972326
  status: 3
  health: 2
  present: true
  level: 81
  scale: 100
  voltage: 4008
  temperature: 352
  technology: Li-ion
Current Battery Service state:
  AC powered: false
  USB powered: false
  Wireless powered: false
  Max charging current: 0
  Max charging voltage: 0
  Charge counter: 2972326
  status: 3
  health: 2
  present: true
  level: 81
  scale: 100
  voltage: 4008
  temperature: 352
  technology: Li-ion
Current Battery Service state:
  AC powered: false
  USB powered: false
  Wireless powered: false
  Max charging current: 0
  Max charging voltage: 0
  Charge counter: 2972326
  status: 3
  health: 2
  present: true
  level: 81
  scale: 100
  voltage: 4008
  temperature: 352
  technology: Li-ion
Current Battery Service state:
  AC powered: false
  USB powered: false
  Wireless powered: false
  Max charging current: 0
  Max charging voltage: 0
  Charge counter: 2972326
  status: 3
  health: 2
  present: true
  level: 81
  scale: 100
  voltage: 4008
  temperature: 352
  technology: Li-ion
Current Battery Service state:
  AC powered: false
  USB powered: false
  Wireless powered: false
  Max charging current: 0
  Max charging voltage: 0
  Charge counter: 2972326
  status: 3
  health: 2
  present: true
  level: 81
  scale: 100
  voltage: 4008
  temperature: 352
  technology: Li-ion
Current Battery Service state:
  AC powered: false
  USB powered: false
  Wireless powered: false
  Max charging current: 0
  Max charging voltage: 0
  Charge counter: 2969228
  status: 3
  health: 2
  present: true
  level: 81
  scale: 100
  voltage: 4002
  temperature: 352
  technology: Li-ion
Current Battery Service state:
  AC powered: false
  USB powered: false
  Wireless powered: false
  Max charging current: 0
  Max charging voltage: 0
  Charge counter: 2969228
  status: 3
  health: 2
  present: true
  level: 81
  scale: 100
  voltage: 4002
  temperature: 352
  technology: Li-ion
Current Battery Service state:
  AC powered: false
  USB powered: false
  Wireless powered: false
  Max charging current: 0
  Max charging voltage: 0
  Charge counter: 2969228
  status: 3
  health: 2
  present: true
  level: 81
  scale: 100
  voltage: 4002
  temperature: 352
  technology: Li-ion
Current Battery Service state:
  AC powered: false
  USB powered: false
  Wireless powered: false
  Max charging current: 0
  Max charging voltage: 0
  Charge counter: 2969228
  status: 3
  health: 2
  present: true
  level: 81
  scale: 100
  voltage: 4002
  temperature: 352
  technology: Li-ion
Current Battery Service state:
  AC powered: false
  USB powered: false
  Wireless powered: false
  Max charging current: 0
  Max charging voltage: 0
  Charge counter: 2967918
  status: 3
  health: 2
  present: true
  level: 81
  scale: 100
  voltage: 4002
  temperature: 352
  technology: Li-ion
Current Battery Service state:
  AC powered: false
  USB powered: false
  Wireless powered: false
  Max charging current: 0
  Max charging voltage: 0
  Charge counter: 2967918
  status: 3
  health: 2
  present: true
  level: 81
  scale: 100
  voltage: 4002
  temperature: 352
  technology: Li-ion
