7.87 7.40 5.04 3/2725 10969
7.80 7.39 5.05 5/2725 10988
7.80 7.39 5.05 6/2725 11007
7.80 7.39 5.05 3/2727 11029
7.80 7.39 5.05 2/2727 11049
7.80 7.39 5.05 6/2727 11070
7.82 7.40 5.06 5/2728 11092
7.82 7.40 5.06 1/2728 11112
7.82 7.40 5.06 1/2728 11131
7.82 7.40 5.06 3/2730 11153
7.82 7.40 5.06 5/2730 11172
7.67 7.38 5.07 5/2730 11192
7.67 7.38 5.07 4/2730 11211
7.67 7.38 5.07 4/2730 11231
7.67 7.38 5.07 6/2730 11250
7.67 7.38 5.07 2/2737 11276
7.46 7.34 5.07 2/2738 11296
7.46 7.34 5.07 2/2738 11316
7.46 7.34 5.07 4/2738 11335
7.46 7.34 5.07 4/2738 11354
7.46 7.34 5.07 2/2738 11373
7.34 7.32 5.07 1/2737 11392
7.34 7.32 5.07 3/2738 11412
7.34 7.32 5.07 1/2738 11431
7.34 7.32 5.07 6/2738 11450
7.34 7.32 5.07 7/2738 11469
7.31 7.31 5.09 7/2740 11490
7.31 7.31 5.09 2/2740 11509
7.31 7.31 5.09 3/2740 11528
7.31 7.31 5.09 5/2740 11547
7.31 7.31 5.09 1/2740 11566
7.21 7.29 5.09 2/2739 11585
7.21 7.29 5.09 4/2739 11604
7.21 7.29 5.09 8/2740 11624
7.21 7.29 5.09 1/2740 11643
7.21 7.29 5.09 3/2739 11662
7.03 7.25 5.09 4/2739 11681
7.03 7.25 5.09 5/2739 11700
7.03 7.25 5.09 1/2739 11719
7.03 7.25 5.09 1/2741 11740
7.03 7.25 5.09 6/2741 11759
6.95 7.23 5.10 3/2741 11778
6.95 7.23 5.10 3/2741 11797
6.95 7.23 5.10 2/2741 11816
6.95 7.23 5.10 2/2741 11835
6.95 7.23 5.10 2/2741 11854
6.95 7.22 5.11 2/2741 11873
6.95 7.22 5.11 4/2741 11892
6.95 7.22 5.11 1/2741 11911
6.95 7.22 5.11 3/2741 11930
6.95 7.22 5.11 3/2741 11949
7.12 7.25 5.13 1/2742 11969
7.12 7.25 5.13 5/2742 11988
7.12 7.25 5.13 7/2742 12007
7.12 7.25 5.13 6/2742 12026
7.12 7.25 5.13 3/2742 12046
7.35 7.30 5.15 4/2742 12065
7.35 7.30 5.15 3/2742 12084
7.35 7.30 5.15 2/2742 12104
7.35 7.30 5.15 5/2742 12129
7.35 7.30 5.15 6/2742 12153
7.32 7.30 5.16 2/2742 12172
7.32 7.30 5.16 2/2742 12191
7.32 7.30 5.16 3/2742 12210
7.32 7.30 5.16 6/2742 12229
7.32 7.30 5.16 6/2741 12248
7.21 7.27 5.17 4/2741 12268
7.21 7.27 5.17 4/2741 12287
7.21 7.27 5.17 2/2741 12307
7.21 7.27 5.17 3/2741 12326
7.21 7.27 5.17 3/2741 12345
7.20 7.27 5.18 5/2741 12366
7.20 7.27 5.18 1/2741 12386
7.20 7.27 5.18 1/2741 12406
7.20 7.27 5.18 4/2741 12425
7.20 7.27 5.18 2/2741 12444
7.26 7.28 5.19 5/2741 12463
7.26 7.28 5.19 3/2741 12482
7.26 7.28 5.19 4/2741 12501
7.26 7.28 5.19 3/2741 12520
7.26 7.28 5.19 2/2741 12539
7.32 7.29 5.21 5/2741 12558
7.32 7.29 5.21 2/2742 12578
7.32 7.29 5.21 2/2742 12597
7.32 7.29 5.21 2/2742 12616
7.32 7.29 5.21 4/2742 12635
7.45 7.32 5.23 6/2742 12654
7.45 7.32 5.23 6/2742 12673
7.45 7.32 5.23 2/2742 12693
7.45 7.32 5.23 5/2742 12713
7.45 7.32 5.23 2/2742 12732
7.50 7.33 5.25 4/2742 12753
7.50 7.33 5.25 3/2742 12773
7.50 7.33 5.25 2/2742 12794
7.50 7.33 5.25 2/2742 12814
7.50 7.33 5.25 4/2750 12843
7.70 7.38 5.27 2/2750 12862
7.70 7.38 5.27 3/2750 12881
7.70 7.38 5.27 1/2750 12900
7.70 7.38 5.27 8/2750 12920
7.70 7.38 5.27 2/2750 12939
7.48 7.34 5.27 6/2750 12959
7.48 7.34 5.27 8/2750 12978
7.48 7.34 5.27 4/2750 12997
7.48 7.34 5.27 2/2750 13016
7.48 7.34 5.27 3/2750 13035
7.28 7.30 5.27 2/2750 13054
7.28 7.30 5.27 4/2750 13073
7.28 7.30 5.27 5/2750 13092
7.28 7.30 5.27 1/2750 13111
7.28 7.30 5.27 5/2750 13130
7.58 7.36 5.30 10/2750 13149
7.58 7.36 5.30 2/2750 13168
7.58 7.36 5.30 2/2750 13187
7.58 7.36 5.30 2/2750 13206
7.58 7.36 5.30 2/2750 13225
7.45 7.34 5.30 1/2750 13244
7.45 7.34 5.30 3/2750 13263
7.45 7.34 5.30 5/2750 13282
7.45 7.34 5.30 7/2750 13305
7.45 7.34 5.30 6/2750 13324
7.42 7.33 5.31 5/2750 13343
7.42 7.33 5.31 2/2750 13362
7.42 7.33 5.31 6/2750 13381
7.42 7.33 5.31 1/2750 13400
7.42 7.33 5.31 2/2750 13421
7.38 7.33 5.32 1/2750 13442
7.38 7.33 5.32 3/2750 13461
7.38 7.33 5.32 1/2750 13480
7.38 7.33 5.32 5/2750 13499
7.38 7.33 5.32 2/2750 13518
7.59 7.37 5.35 3/2750 13537
7.59 7.37 5.35 4/2750 13556
7.59 7.37 5.35 2/2750 13575
7.59 7.37 5.35 3/2750 13594
7.59 7.37 5.35 4/2750 13614
7.63 7.38 5.36 6/2750 13634
7.63 7.38 5.36 13/2750 13655
7.63 7.38 5.36 5/2750 13675
7.63 7.38 5.36 4/2750 13694
7.63 7.38 5.36 2/2750 13714
7.58 7.37 5.37 3/2750 13734
7.58 7.37 5.37 3/2749 13754
7.58 7.37 5.37 2/2749 13773
7.58 7.37 5.37 6/2749 13793
7.58 7.37 5.37 3/2754 13819
7.93 7.45 5.41 9/2754 13838
7.93 7.45 5.41 3/2754 13857
7.93 7.45 5.41 1/2760 13882
7.93 7.45 5.41 4/2760 13901
7.93 7.45 5.41 4/2760 13924
7.94 7.46 5.42 2/2760 13944
7.94 7.46 5.42 2/2760 13963
7.94 7.46 5.42 6/2760 13984
7.94 7.46 5.42 2/2760 14005
7.94 7.46 5.42 6/2760 14024
8.02 7.49 5.44 3/2760 14043
8.02 7.49 5.44 5/2760 14062
8.02 7.49 5.44 2/2761 14082
8.02 7.49 5.44 2/2760 14101
8.02 7.49 5.44 2/2760 14120
8.42 7.58 5.48 5/2760 14140
8.42 7.58 5.48 5/2760 14160
8.42 7.58 5.48 2/2760 14179
8.42 7.58 5.48 3/2760 14198
8.42 7.58 5.48 3/2760 14217
8.23 7.55 5.48 3/2760 14236
8.23 7.55 5.48 3/2760 14255
8.23 7.55 5.48 4/2761 14275
8.23 7.55 5.48 1/2761 14294
8.23 7.55 5.48 1/2761 14314
8.13 7.54 5.49 3/2761 14334
8.13 7.54 5.49 2/2761 14353
8.13 7.54 5.49 4/2761 14372
8.13 7.54 5.49 3/2761 14391
8.13 7.54 5.49 4/2761 14410
8.20 7.57 5.51 5/2761 14429
8.20 7.57 5.51 5/2761 14448
8.20 7.57 5.51 4/2761 14467
8.20 7.57 5.51 5/2761 14490
8.20 7.57 5.51 6/2761 14513
7.94 7.52 5.51 1/2761 14532
7.94 7.52 5.51 3/2761 14551
7.94 7.52 5.51 1/2761 14571
7.94 7.52 5.51 5/2761 14591
7.94 7.52 5.51 2/2761 14610
7.79 7.50 5.51 3/2761 14629
7.79 7.50 5.51 7/2761 14648
7.79 7.50 5.51 3/2761 14667
7.79 7.50 5.51 3/2761 14686
7.79 7.50 5.51 4/2761 14705
7.88 7.52 5.53 4/2761 14724
7.88 7.52 5.53 2/2761 14743
7.88 7.52 5.53 2/2761 14762
7.88 7.52 5.53 2/2761 14781
7.88 7.52 5.53 2/2761 14800
7.89 7.53 5.54 6/2761 14819
7.89 7.53 5.54 5/2761 14838
7.89 7.53 5.54 2/2761 14857
7.89 7.53 5.54 3/2761 14876
7.89 7.53 5.54 4/2761 14895
7.74 7.51 5.55 2/2761 14914
7.74 7.51 5.55 4/2761 14933
7.74 7.51 5.55 2/2761 14952
7.74 7.51 5.55 7/2761 14971
7.74 7.51 5.55 4/2761 14990
8.08 7.58 5.58 7/2761 15009
8.08 7.58 5.58 2/2761 15028
8.08 7.58 5.58 3/2761 15047
8.08 7.58 5.58 4/2761 15066
8.08 7.58 5.58 5/2761 15085
8.00 7.57 5.59 4/2761 15104
8.00 7.57 5.59 3/2761 15123
8.00 7.57 5.59 6/2761 15142
8.00 7.57 5.59 4/2761 15161
8.00 7.57 5.59 2/2761 15180
8.00 7.58 5.60 3/2761 15199
8.00 7.58 5.60 2/2761 15218
8.00 7.58 5.60 3/2761 15237
8.00 7.58 5.60 7/2761 15256
8.00 7.58 5.60 2/2761 15275
8.08 7.60 5.62 5/2761 15294
8.08 7.60 5.62 2/2761 15313
8.08 7.60 5.62 3/2761 15332
8.08 7.60 5.62 2/2761 15351
8.08 7.60 5.62 7/2761 15370
7.91 7.58 5.62 2/2761 15389
7.91 7.58 5.62 5/2761 15408
7.91 7.58 5.62 6/2761 15427
7.91 7.58 5.62 4/2761 15447
7.91 7.58 5.62 1/2761 15467
7.76 7.55 5.63 5/2761 15486
7.76 7.55 5.63 2/2761 15505
7.76 7.55 5.63 5/2761 15524
7.76 7.55 5.63 1/2761 15543
7.76 7.55 5.63 3/2761 15562
8.18 7.64 5.67 2/2761 15581
8.18 7.64 5.67 2/2761 15600
8.18 7.64 5.67 5/2761 15619
8.18 7.64 5.67 3/2761 15642
8.18 7.64 5.67 7/2761 15661
8.08 7.63 5.67 1/2761 15680
8.08 7.63 5.67 3/2761 15699
8.08 7.63 5.67 5/2761 15718
8.08 7.63 5.67 3/2761 15737
8.08 7.63 5.67 2/2761 15756
7.92 7.60 5.68 2/2761 15775
7.92 7.60 5.68 1/2761 15794
7.92 7.60 5.68 2/2761 15815
7.92 7.60 5.68 1/2761 15834
7.92 7.60 5.68 4/2761 15853
7.92 7.60 5.68 2/2761 15874
7.68 7.56 5.67 3/2761 15893
7.68 7.56 5.67 3/2761 15912
7.68 7.56 5.67 2/2761 15931
7.68 7.56 5.67 5/2761 15950
7.68 7.56 5.67 1/2761 15969
