556.01 3036.07
557.03 3042.51
558.01 3048.52
559.01 3054.93
560.01 3061.25
561.07 3067.76
562.01 3073.74
563.01 3079.97
564.01 3086.10
565.01 3092.40
566.01 3098.67
567.01 3104.96
568.01 3111.22
569.00 3117.61
570.00 3123.79
571.01 3130.08
572.01 3136.34
573.01 3142.79
574.00 3148.90
575.02 3155.09
576.01 3161.26
577.00 3167.22
578.00 3173.37
579.01 3179.32
580.00 3185.06
581.00 3190.81
582.01 3196.75
583.01 3202.86
584.02 3209.05
585.02 3215.12
586.02 3221.18
587.02 3227.19
588.02 3233.14
589.02 3239.08
590.01 3244.83
591.01 3250.68
592.00 3256.50
593.00 3262.19
594.01 3267.82
595.01 3273.30
596.01 3278.95
597.01 3284.66
598.01 3290.13
599.01 3295.60
600.01 3301.02
601.02 3306.42
602.01 3311.83
603.01 3317.32
604.01 3322.78
605.01 3328.32
606.01 3333.88
607.01 3339.26
608.01 3344.55
609.01 3349.93
610.01 3355.31
611.01 3360.39
612.02 3365.89
613.02 3371.36
614.01 3376.84
615.02 3382.43
616.02 3387.95
617.02 3393.47
618.02 3398.93
619.02 3404.48
620.03 3409.97
621.02 3415.24
622.02 3420.50
623.02 3425.82
624.00 3431.26
625.02 3436.44
626.00 3441.85
627.00 3447.81
628.00 3454.17
629.02 3460.25
630.02 3466.38
631.02 3472.55
632.01 3478.75
633.01 3485.07
634.00 3491.20
635.01 3497.50
636.02 3503.67
637.01 3508.96
638.01 3512.87
639.01 3517.34
640.01 3522.33
641.01 3527.43
642.01 3532.87
643.01 3538.15
644.01 3544.36
645.01 3550.48
646.00 3556.59
647.01 3562.87
648.01 3569.34
649.01 3575.69
650.01 3582.13
651.02 3588.69
652.02 3595.13
653.01 3601.33
654.01 3607.65
655.00 3613.98
656.02 3620.47
657.00 3626.32
658.01 3632.63
659.01 3638.89
660.01 3645.07
661.01 3651.07
662.01 3657.14
663.01 3663.10
664.01 3669.15
665.01 3675.22
666.01 3680.92
667.02 3686.68
668.02 3692.41
669.02 3698.41
670.02 3704.15
671.00 3709.73
672.00 3715.53
673.00 3721.72
674.00 3727.48
675.02 3733.48
676.02 3739.61
677.01 3745.52
678.00 3751.36
679.00 3756.99
680.01 3762.87
681.01 3768.62
682.01 3774.59
683.01 3780.42
684.01 3786.45
685.01 3792.72
686.01 3798.80
687.00 3804.64
688.01 3810.79
689.01 3816.84
690.01 3822.88
691.01 3828.89
692.01 3835.01
693.01 3841.09
694.01 3847.01
695.01 3853.05
696.01 3859.03
697.01 3865.03
698.01 3871.00
699.01 3876.95
700.01 3882.41
701.01 3888.75
702.00 3894.69
703.01 3900.68
704.01 3906.52
705.01 3912.31
706.00 3918.21
707.01 3924.06
708.02 3929.93
709.02 3935.90
710.02 3941.80
711.00 3947.50
712.00 3953.70
713.00 3959.51
714.00 3965.38
715.02 3971.36
716.01 3977.13
717.02 3983.04
718.00 3988.69
719.02 3994.57
720.02 4000.14
721.01 4005.85
722.02 4011.65
723.02 4017.32
724.02 4023.08
725.00 4028.71
726.00 4034.17
727.00 4039.86
728.01 4045.44
729.01 4050.78
730.01 4056.23
731.01 4062.04
732.01 4067.77
733.01 4073.51
734.01 4079.04
735.01 4084.58
736.01 4090.22
737.01 4095.86
738.01 4101.47
739.01 4106.87
740.01 4112.44
741.01 4117.91
742.01 4123.36
743.01 4128.71
744.01 4134.12
745.01 4139.51
746.01 4144.96
747.01 4150.33
748.01 4155.73
749.01 4161.00
750.01 4166.30
751.02 4171.75
752.02 4177.11
753.01 4182.33
754.01 4187.58
755.00 4192.81
756.00 4198.29
757.01 4203.91
758.01 4209.96
759.02 4216.27
760.02 4222.47
761.02 4228.56
762.01 4234.46
763.02 4240.41
764.02 4246.66
765.02 4252.48
766.02 4258.31
767.02 4264.11
768.01 4270.19
769.01 4276.22
770.01 4282.11
771.01 4288.16
772.01 4294.08
773.01 4299.94
774.01 4305.62
775.01 4311.63
776.01 4317.79
777.01 4323.92
778.01 4330.04
779.01 4336.23
780.01 4342.37
781.00 4348.54
782.01 4354.79
783.01 4360.99
784.01 4367.18
785.01 4373.29
786.01 4379.15
787.01 4384.80
788.01 4390.47
789.01 4396.03
790.01 4401.84
791.01 4407.58
792.01 4413.25
793.02 4419.15
794.01 4425.18
795.01 4431.00
796.01 4437.03
797.01 4442.81
798.02 4448.51
799.01 4453.94
800.00 4459.78
