timestamp,id,uuid,load,memoryUtil,memoryTotal,memoryUsed,memoryFree,driver,name,serial,display_mode,display_active
1705417230.473777,0,GPU-a71d5fd4-b7db-93b7-1b7a-5a6e2a6a8c65,0.02,0.14013671875,10240.0,8805.0,472.12,NVIDIA GeForce RTX 3080,[N/A],Enabled,Enabled
1705417231.481782,0,GPU-a71d5fd4-b7db-93b7-1b7a-5a6e2a6a8c65,0.0,0.14013671875,10240.0,8805.0,472.12,NVIDIA GeForce RTX 3080,[N/A],Enabled,Enabled
1705417232.481739,0,GPU-a71d5fd4-b7db-93b7-1b7a-5a6e2a6a8c65,0.0,0.14013671875,10240.0,8805.0,472.12,NVIDIA GeForce RTX 3080,[N/A],Enabled,Enabled
1705417233.468901,0,GPU-a71d5fd4-b7db-93b7-1b7a-5a6e2a6a8c65,0.01,0.14013671875,10240.0,8805.0,472.12,NVIDIA GeForce RTX 3080,[N/A],Enabled,Enabled
1705417234.476209,0,GPU-a71d5fd4-b7db-93b7-1b7a-5a6e2a6a8c65,0.0,0.14013671875,10240.0,8805.0,472.12,NVIDIA GeForce RTX 3080,[N/A],Enabled,Enabled
1705417235.479887,0,GPU-a71d5fd4-b7db-93b7-1b7a-5a6e2a6a8c65,0.0,0.14013671875,10240.0,8805.0,472.12,NVIDIA GeForce RTX 3080,[N/A],Enabled,Enabled
1705417236.467455,0,GPU-a71d5fd4-b7db-93b7-1b7a-5a6e2a6a8c65,0.0,0.14013671875,10240.0,8805.0,472.12,NVIDIA GeForce RTX 3080,[N/A],Enabled,Enabled
1705417237.470569,0,GPU-a71d5fd4-b7db-93b7-1b7a-5a6e2a6a8c65,0.0,0.14013671875,10240.0,8805.0,472.12,NVIDIA GeForce RTX 3080,[N/A],Enabled,Enabled
1705417238.477518,0,GPU-a71d5fd4-b7db-93b7-1b7a-5a6e2a6a8c65,0.01,0.14013671875,10240.0,8805.0,472.12,NVIDIA GeForce RTX 3080,[N/A],Enabled,Enabled
1705417239.477091,0,GPU-a71d5fd4-b7db-93b7-1b7a-5a6e2a6a8c65,0.01,0.14013671875,10240.0,8805.0,472.12,NVIDIA GeForce RTX 3080,[N/A],Enabled,Enabled
1705417240.480818,0,GPU-a71d5fd4-b7db-93b7-1b7a-5a6e2a6a8c65,0.0,0.14013671875,10240.0,8805.0,472.12,NVIDIA GeForce RTX 3080,[N/A],Enabled,Enabled
1705417241.476677,0,GPU-a71d5fd4-b7db-93b7-1b7a-5a6e2a6a8c65,0.0,0.14013671875,10240.0,8805.0,472.12,NVIDIA GeForce RTX 3080,[N/A],Enabled,Enabled
1705417242.478772,0,GPU-a71d5fd4-b7db-93b7-1b7a-5a6e2a6a8c65,0.01,0.14013671875,10240.0,8805.0,472.12,NVIDIA GeForce RTX 3080,[N/A],Enabled,Enabled
1705417243.482915,0,GPU-a71d5fd4-b7db-93b7-1b7a-5a6e2a6a8c65,0.01,0.14013671875,10240.0,8805.0,472.12,NVIDIA GeForce RTX 3080,[N/A],Enabled,Enabled
1705417244.466784,0,GPU-a71d5fd4-b7db-93b7-1b7a-5a6e2a6a8c65,0.01,0.14013671875,10240.0,8805.0,472.12,NVIDIA GeForce RTX 3080,[N/A],Enabled,Enabled
1705417245.481299,0,GPU-a71d5fd4-b7db-93b7-1b7a-5a6e2a6a8c65,0.0,0.14013671875,10240.0,8805.0,472.12,NVIDIA GeForce RTX 3080,[N/A],Enabled,Enabled
1705417246.479762,0,GPU-a71d5fd4-b7db-93b7-1b7a-5a6e2a6a8c65,0.0,0.14013671875,10240.0,8805.0,472.12,NVIDIA GeForce RTX 3080,[N/A],Enabled,Enabled
1705417247.479902,0,GPU-a71d5fd4-b7db-93b7-1b7a-5a6e2a6a8c65,0.01,0.14013671875,10240.0,8805.0,472.12,NVIDIA GeForce RTX 3080,[N/A],Enabled,Enabled
1705417248.481914,0,GPU-a71d5fd4-b7db-93b7-1b7a-5a6e2a6a8c65,0.02,0.14013671875,10240.0,8805.0,472.12,NVIDIA GeForce RTX 3080,[N/A],Enabled,Enabled
1705417249.481041,0,GPU-a71d5fd4-b7db-93b7-1b7a-5a6e2a6a8c65,0.01,0.14013671875,10240.0,8805.0,472.12,NVIDIA GeForce RTX 3080,[N/A],Enabled,Enabled
1705417250.473109,0,GPU-a71d5fd4-b7db-93b7-1b7a-5a6e2a6a8c65,0.0,0.14013671875,10240.0,8805.0,472.12,NVIDIA GeForce RTX 3080,[N/A],Enabled,Enabled
1705417251.474131,0,GPU-a71d5fd4-b7db-93b7-1b7a-5a6e2a6a8c65,0.0,0.14013671875,10240.0,8805.0,472.12,NVIDIA GeForce RTX 3080,[N/A],Enabled,Enabled
1705417252.476341,0,GPU-a71d5fd4-b7db-93b7-1b7a-5a6e2a6a8c65,0.01,0.14013671875,10240.0,8805.0,472.12,NVIDIA GeForce RTX 3080,[N/A],Enabled,Enabled
1705417253.477759,0,GPU-a71d5fd4-b7db-93b7-1b7a-5a6e2a6a8c65,0.01,0.14013671875,10240.0,8805.0,472.12,NVIDIA GeForce RTX 3080,[N/A],Enabled,Enabled
1705417254.478266,0,GPU-a71d5fd4-b7db-93b7-1b7a-5a6e2a6a8c65,0.05,0.14013671875,10240.0,8805.0,472.12,NVIDIA GeForce RTX 3080,[N/A],Enabled,Enabled
1705417255.469877,0,GPU-a71d5fd4-b7db-93b7-1b7a-5a6e2a6a8c65,0.0,0.14013671875,10240.0,8805.0,472.12,NVIDIA GeForce RTX 3080,[N/A],Enabled,Enabled
1705417256.473799,0,GPU-a71d5fd4-b7db-93b7-1b7a-5a6e2a6a8c65,0.0,0.14013671875,10240.0,8805.0,472.12,NVIDIA GeForce RTX 3080,[N/A],Enabled,Enabled
1705417257.476843,0,GPU-a71d5fd4-b7db-93b7-1b7a-5a6e2a6a8c65,0.01,0.14013671875,10240.0,8805.0,472.12,NVIDIA GeForce RTX 3080,[N/A],Enabled,Enabled
1705417258.476698,0,GPU-a71d5fd4-b7db-93b7-1b7a-5a6e2a6a8c65,0.01,0.14013671875,10240.0,8805.0,472.12,NVIDIA GeForce RTX 3080,[N/A],Enabled,Enabled
1705417259.478832,0,GPU-a71d5fd4-b7db-93b7-1b7a-5a6e2a6a8c65,0.01,0.14013671875,10240.0,8805.0,472.12,NVIDIA GeForce RTX 3080,[N/A],Enabled,Enabled
1705417260.479948,0,GPU-a71d5fd4-b7db-93b7-1b7a-5a6e2a6a8c65,0.0,0.14013671875,10240.0,8805.0,472.12,NVIDIA GeForce RTX 3080,[N/A],Enabled,Enabled
1705417261.468603,0,GPU-a71d5fd4-b7db-93b7-1b7a-5a6e2a6a8c65,0.0,0.14013671875,10240.0,8805.0,472.12,NVIDIA GeForce RTX 3080,[N/A],Enabled,Enabled
1705417262.470563,0,GPU-a71d5fd4-b7db-93b7-1b7a-5a6e2a6a8c65,0.01,0.14013671875,10240.0,8805.0,472.12,NVIDIA GeForce RTX 3080,[N/A],Enabled,Enabled
1705417263.472009,0,GPU-a71d5fd4-b7db-93b7-1b7a-5a6e2a6a8c65,0.01,0.14013671875,10240.0,8805.0,472.12,NVIDIA GeForce RTX 3080,[N/A],Enabled,Enabled
1705417264.473015,0,GPU-a71d5fd4-b7db-93b7-1b7a-5a6e2a6a8c65,0.01,0.14013671875,10240.0,8805.0,472.12,NVIDIA GeForce RTX 3080,[N/A],Enabled,Enabled
1705417265.476204,0,GPU-a71d5fd4-b7db-93b7-1b7a-5a6e2a6a8c65,0.0,0.14013671875,10240.0,8805.0,472.12,NVIDIA GeForce RTX 3080,[N/A],Enabled,Enabled
1705417266.480124,0,GPU-a71d5fd4-b7db-93b7-1b7a-5a6e2a6a8c65,0.0,0.14013671875,10240.0,8805.0,472.12,NVIDIA GeForce RTX 3080,[N/A],Enabled,Enabled
1705417267.470093,0,GPU-a71d5fd4-b7db-93b7-1b7a-5a6e2a6a8c65,0.0,0.14013671875,10240.0,8805.0,472.12,NVIDIA GeForce RTX 3080,[N/A],Enabled,Enabled
1705417268.47986,0,GPU-a71d5fd4-b7db-93b7-1b7a-5a6e2a6a8c65,0.01,0.14013671875,10240.0,8805.0,472.12,NVIDIA GeForce RTX 3080,[N/A],Enabled,Enabled
1705417269.480933,0,GPU-a71d5fd4-b7db-93b7-1b7a-5a6e2a6a8c65,0.01,0.14013671875,10240.0,8805.0,472.12,NVIDIA GeForce RTX 3080,[N/A],Enabled,Enabled
1705417270.481817,0,GPU-a71d5fd4-b7db-93b7-1b7a-5a6e2a6a8c65,0.0,0.14013671875,10240.0,8805.0,472.12,NVIDIA GeForce RTX 3080,[N/A],Enabled,Enabled
1705417271.472669,0,GPU-a71d5fd4-b7db-93b7-1b7a-5a6e2a6a8c65,0.0,0.14013671875,10240.0,8805.0,472.12,NVIDIA GeForce RTX 3080,[N/A],Enabled,Enabled
1705417272.478596,0,GPU-a71d5fd4-b7db-93b7-1b7a-5a6e2a6a8c65,0.0,0.14013671875,10240.0,8805.0,472.12,NVIDIA GeForce RTX 3080,[N/A],Enabled,Enabled
1705417273.48155,0,GPU-a71d5fd4-b7db-93b7-1b7a-5a6e2a6a8c65,0.0,0.14013671875,10240.0,8805.0,472.12,NVIDIA GeForce RTX 3080,[N/A],Enabled,Enabled
1705417274.472822,0,GPU-a71d5fd4-b7db-93b7-1b7a-5a6e2a6a8c65,0.0,0.14013671875,10240.0,8805.0,472.12,NVIDIA GeForce RTX 3080,[N/A],Enabled,Enabled
1705417275.480548,0,GPU-a71d5fd4-b7db-93b7-1b7a-5a6e2a6a8c65,0.0,0.14013671875,10240.0,8805.0,472.12,NVIDIA GeForce RTX 3080,[N/A],Enabled,Enabled
1705417276.470399,0,GPU-a71d5fd4-b7db-93b7-1b7a-5a6e2a6a8c65,0.0,0.14013671875,10240.0,8805.0,472.12,NVIDIA GeForce RTX 3080,[N/A],Enabled,Enabled
1705417277.473046,0,GPU-a71d5fd4-b7db-93b7-1b7a-5a6e2a6a8c65,0.0,0.14013671875,10240.0,8805.0,472.12,NVIDIA GeForce RTX 3080,[N/A],Enabled,Enabled
1705417278.47556,0,GPU-a71d5fd4-b7db-93b7-1b7a-5a6e2a6a8c65,0.0,0.14013671875,10240.0,8805.0,472.12,NVIDIA GeForce RTX 3080,[N/A],Enabled,Enabled
1705417279.47995,0,GPU-a71d5fd4-b7db-93b7-1b7a-5a6e2a6a8c65,0.01,0.14013671875,10240.0,8805.0,472.12,NVIDIA GeForce RTX 3080,[N/A],Enabled,Enabled
1705417280.468542,0,GPU-a71d5fd4-b7db-93b7-1b7a-5a6e2a6a8c65,0.0,0.14013671875,10240.0,8805.0,472.12,NVIDIA GeForce RTX 3080,[N/A],Enabled,Enabled
1705417281.468176,0,GPU-a71d5fd4-b7db-93b7-1b7a-5a6e2a6a8c65,0.0,0.14013671875,10240.0,8805.0,472.12,NVIDIA GeForce RTX 3080,[N/A],Enabled,Enabled
1705417282.468568,0,GPU-a71d5fd4-b7db-93b7-1b7a-5a6e2a6a8c65,0.0,0.14013671875,10240.0,8805.0,472.12,NVIDIA GeForce RTX 3080,[N/A],Enabled,Enabled
1705417283.473315,0,GPU-a71d5fd4-b7db-93b7-1b7a-5a6e2a6a8c65,0.0,0.14013671875,10240.0,8805.0,472.12,NVIDIA GeForce RTX 3080,[N/A],Enabled,Enabled
1705417284.477385,0,GPU-a71d5fd4-b7db-93b7-1b7a-5a6e2a6a8c65,0.01,0.14013671875,10240.0,8805.0,472.12,NVIDIA GeForce RTX 3080,[N/A],Enabled,Enabled
1705417285.477335,0,GPU-a71d5fd4-b7db-93b7-1b7a-5a6e2a6a8c65,0.0,0.13935546875,10240.0,8813.0,472.12,NVIDIA GeForce RTX 3080,[N/A],Enabled,Enabled
1705417286.47774,0,GPU-a71d5fd4-b7db-93b7-1b7a-5a6e2a6a8c65,0.0,0.13935546875,10240.0,8813.0,472.12,NVIDIA GeForce RTX 3080,[N/A],Enabled,Enabled
1705417287.479278,0,GPU-a71d5fd4-b7db-93b7-1b7a-5a6e2a6a8c65,0.0,0.13935546875,10240.0,8813.0,472.12,NVIDIA GeForce RTX 3080,[N/A],Enabled,Enabled
1705417288.467161,0,GPU-a71d5fd4-b7db-93b7-1b7a-5a6e2a6a8c65,0.0,0.13935546875,10240.0,8813.0,472.12,NVIDIA GeForce RTX 3080,[N/A],Enabled,Enabled
1705417289.470786,0,GPU-a71d5fd4-b7db-93b7-1b7a-5a6e2a6a8c65,0.01,0.13935546875,10240.0,8813.0,472.12,NVIDIA GeForce RTX 3080,[N/A],Enabled,Enabled
1705417290.481522,0,GPU-a71d5fd4-b7db-93b7-1b7a-5a6e2a6a8c65,0.01,0.13935546875,10240.0,8813.0,472.12,NVIDIA GeForce RTX 3080,[N/A],Enabled,Enabled
1705417291.481066,0,GPU-a71d5fd4-b7db-93b7-1b7a-5a6e2a6a8c65,0.0,0.13935546875,10240.0,8813.0,472.12,NVIDIA GeForce RTX 3080,[N/A],Enabled,Enabled
1705417292.47132,0,GPU-a71d5fd4-b7db-93b7-1b7a-5a6e2a6a8c65,0.0,0.13935546875,10240.0,8813.0,472.12,NVIDIA GeForce RTX 3080,[N/A],Enabled,Enabled
1705417293.473839,0,GPU-a71d5fd4-b7db-93b7-1b7a-5a6e2a6a8c65,0.01,0.13935546875,10240.0,8813.0,472.12,NVIDIA GeForce RTX 3080,[N/A],Enabled,Enabled
1705417294.473121,0,GPU-a71d5fd4-b7db-93b7-1b7a-5a6e2a6a8c65,0.01,0.13935546875,10240.0,8813.0,472.12,NVIDIA GeForce RTX 3080,[N/A],Enabled,Enabled
1705417295.48097,0,GPU-a71d5fd4-b7db-93b7-1b7a-5a6e2a6a8c65,0.01,0.13935546875,10240.0,8813.0,472.12,NVIDIA GeForce RTX 3080,[N/A],Enabled,Enabled
1705417296.470781,0,GPU-a71d5fd4-b7db-93b7-1b7a-5a6e2a6a8c65,0.0,0.13935546875,10240.0,8813.0,472.12,NVIDIA GeForce RTX 3080,[N/A],Enabled,Enabled
1705417297.473978,0,GPU-a71d5fd4-b7db-93b7-1b7a-5a6e2a6a8c65,0.0,0.13935546875,10240.0,8813.0,472.12,NVIDIA GeForce RTX 3080,[N/A],Enabled,Enabled
1705417298.476562,0,GPU-a71d5fd4-b7db-93b7-1b7a-5a6e2a6a8c65,0.01,0.13935546875,10240.0,8813.0,472.12,NVIDIA GeForce RTX 3080,[N/A],Enabled,Enabled
1705417299.478979,0,GPU-a71d5fd4-b7db-93b7-1b7a-5a6e2a6a8c65,0.01,0.13935546875,10240.0,8813.0,472.12,NVIDIA GeForce RTX 3080,[N/A],Enabled,Enabled
1705417300.477311,0,GPU-a71d5fd4-b7db-93b7-1b7a-5a6e2a6a8c65,0.01,0.13935546875,10240.0,8813.0,472.12,NVIDIA GeForce RTX 3080,[N/A],Enabled,Enabled
1705417301.476914,0,GPU-a71d5fd4-b7db-93b7-1b7a-5a6e2a6a8c65,0.0,0.13935546875,10240.0,8813.0,472.12,NVIDIA GeForce RTX 3080,[N/A],Enabled,Enabled
1705417302.476084,0,GPU-a71d5fd4-b7db-93b7-1b7a-5a6e2a6a8c65,0.0,0.13935546875,10240.0,8813.0,472.12,NVIDIA GeForce RTX 3080,[N/A],Enabled,Enabled
1705417303.467722,0,GPU-a71d5fd4-b7db-93b7-1b7a-5a6e2a6a8c65,0.01,0.13935546875,10240.0,8813.0,472.12,NVIDIA GeForce RTX 3080,[N/A],Enabled,Enabled
1705417304.473644,0,GPU-a71d5fd4-b7db-93b7-1b7a-5a6e2a6a8c65,0.01,0.13935546875,10240.0,8813.0,472.12,NVIDIA GeForce RTX 3080,[N/A],Enabled,Enabled
1705417305.476998,0,GPU-a71d5fd4-b7db-93b7-1b7a-5a6e2a6a8c65,0.01,0.13935546875,10240.0,8813.0,472.12,NVIDIA GeForce RTX 3080,[N/A],Enabled,Enabled
1705417306.476885,0,GPU-a71d5fd4-b7db-93b7-1b7a-5a6e2a6a8c65,0.0,0.13935546875,10240.0,8813.0,472.12,NVIDIA GeForce RTX 3080,[N/A],Enabled,Enabled
1705417307.472107,0,GPU-a71d5fd4-b7db-93b7-1b7a-5a6e2a6a8c65,0.0,0.13935546875,10240.0,8813.0,472.12,NVIDIA GeForce RTX 3080,[N/A],Enabled,Enabled
1705417308.473028,0,GPU-a71d5fd4-b7db-93b7-1b7a-5a6e2a6a8c65,0.01,0.13935546875,10240.0,8813.0,472.12,NVIDIA GeForce RTX 3080,[N/A],Enabled,Enabled
1705417309.476478,0,GPU-a71d5fd4-b7db-93b7-1b7a-5a6e2a6a8c65,0.01,0.13935546875,10240.0,8813.0,472.12,NVIDIA GeForce RTX 3080,[N/A],Enabled,Enabled
1705417310.475673,0,GPU-a71d5fd4-b7db-93b7-1b7a-5a6e2a6a8c65,0.0,0.13935546875,10240.0,8813.0,472.12,NVIDIA GeForce RTX 3080,[N/A],Enabled,Enabled
1705417311.476781,0,GPU-a71d5fd4-b7db-93b7-1b7a-5a6e2a6a8c65,0.0,0.13935546875,10240.0,8813.0,472.12,NVIDIA GeForce RTX 3080,[N/A],Enabled,Enabled
1705417312.471374,0,GPU-a71d5fd4-b7db-93b7-1b7a-5a6e2a6a8c65,0.0,0.13935546875,10240.0,8813.0,472.12,NVIDIA GeForce RTX 3080,[N/A],Enabled,Enabled
1705417313.475384,0,GPU-a71d5fd4-b7db-93b7-1b7a-5a6e2a6a8c65,0.0,0.13935546875,10240.0,8813.0,472.12,NVIDIA GeForce RTX 3080,[N/A],Enabled,Enabled
1705417314.47516,0,GPU-a71d5fd4-b7db-93b7-1b7a-5a6e2a6a8c65,0.01,0.13935546875,10240.0,8813.0,472.12,NVIDIA GeForce RTX 3080,[N/A],Enabled,Enabled
1705417315.478598,0,GPU-a71d5fd4-b7db-93b7-1b7a-5a6e2a6a8c65,0.0,0.13935546875,10240.0,8813.0,472.12,NVIDIA GeForce RTX 3080,[N/A],Enabled,Enabled
1705417316.480304,0,GPU-a71d5fd4-b7db-93b7-1b7a-5a6e2a6a8c65,0.0,0.13935546875,10240.0,8813.0,472.12,NVIDIA GeForce RTX 3080,[N/A],Enabled,Enabled
1705417317.477391,0,GPU-a71d5fd4-b7db-93b7-1b7a-5a6e2a6a8c65,0.0,0.13935546875,10240.0,8813.0,472.12,NVIDIA GeForce RTX 3080,[N/A],Enabled,Enabled
1705417318.478372,0,GPU-a71d5fd4-b7db-93b7-1b7a-5a6e2a6a8c65,0.0,0.13935546875,10240.0,8813.0,472.12,NVIDIA GeForce RTX 3080,[N/A],Enabled,Enabled
1705417319.469889,0,GPU-a71d5fd4-b7db-93b7-1b7a-5a6e2a6a8c65,0.01,0.13935546875,10240.0,8813.0,472.12,NVIDIA GeForce RTX 3080,[N/A],Enabled,Enabled
1705417320.469883,0,GPU-a71d5fd4-b7db-93b7-1b7a-5a6e2a6a8c65,0.0,0.13935546875,10240.0,8813.0,472.12,NVIDIA GeForce RTX 3080,[N/A],Enabled,Enabled
1705417321.470021,0,GPU-a71d5fd4-b7db-93b7-1b7a-5a6e2a6a8c65,0.0,0.13935546875,10240.0,8813.0,472.12,NVIDIA GeForce RTX 3080,[N/A],Enabled,Enabled
1705417322.470028,0,GPU-a71d5fd4-b7db-93b7-1b7a-5a6e2a6a8c65,0.0,0.13935546875,10240.0,8813.0,472.12,NVIDIA GeForce RTX 3080,[N/A],Enabled,Enabled
1705417323.46986,0,GPU-a71d5fd4-b7db-93b7-1b7a-5a6e2a6a8c65,0.0,0.13935546875,10240.0,8813.0,472.12,NVIDIA GeForce RTX 3080,[N/A],Enabled,Enabled
1705417324.474555,0,GPU-a71d5fd4-b7db-93b7-1b7a-5a6e2a6a8c65,0.01,0.13935546875,10240.0,8813.0,472.12,NVIDIA GeForce RTX 3080,[N/A],Enabled,Enabled
1705417325.47876,0,GPU-a71d5fd4-b7db-93b7-1b7a-5a6e2a6a8c65,0.0,0.13935546875,10240.0,8813.0,472.12,NVIDIA GeForce RTX 3080,[N/A],Enabled,Enabled
1705417326.469749,0,GPU-a71d5fd4-b7db-93b7-1b7a-5a6e2a6a8c65,0.0,0.13935546875,10240.0,8813.0,472.12,NVIDIA GeForce RTX 3080,[N/A],Enabled,Enabled
1705417327.473759,0,GPU-a71d5fd4-b7db-93b7-1b7a-5a6e2a6a8c65,0.0,0.13935546875,10240.0,8813.0,472.12,NVIDIA GeForce RTX 3080,[N/A],Enabled,Enabled
1705417328.475111,0,GPU-a71d5fd4-b7db-93b7-1b7a-5a6e2a6a8c65,0.0,0.13935546875,10240.0,8813.0,472.12,NVIDIA GeForce RTX 3080,[N/A],Enabled,Enabled
1705417329.475592,0,GPU-a71d5fd4-b7db-93b7-1b7a-5a6e2a6a8c65,0.01,0.13935546875,10240.0,8813.0,472.12,NVIDIA GeForce RTX 3080,[N/A],Enabled,Enabled
1705417330.481099,0,GPU-a71d5fd4-b7db-93b7-1b7a-5a6e2a6a8c65,0.01,0.13935546875,10240.0,8813.0,472.12,NVIDIA GeForce RTX 3080,[N/A],Enabled,Enabled
1705417331.469258,0,GPU-a71d5fd4-b7db-93b7-1b7a-5a6e2a6a8c65,0.0,0.13935546875,10240.0,8813.0,472.12,NVIDIA GeForce RTX 3080,[N/A],Enabled,Enabled
1705417332.468224,0,GPU-a71d5fd4-b7db-93b7-1b7a-5a6e2a6a8c65,0.0,0.13935546875,10240.0,8813.0,472.12,NVIDIA GeForce RTX 3080,[N/A],Enabled,Enabled
1705417333.468907,0,GPU-a71d5fd4-b7db-93b7-1b7a-5a6e2a6a8c65,0.0,0.13935546875,10240.0,8813.0,472.12,NVIDIA GeForce RTX 3080,[N/A],Enabled,Enabled
1705417334.472587,0,GPU-a71d5fd4-b7db-93b7-1b7a-5a6e2a6a8c65,0.01,0.13935546875,10240.0,8813.0,472.12,NVIDIA GeForce RTX 3080,[N/A],Enabled,Enabled
1705417335.480444,0,GPU-a71d5fd4-b7db-93b7-1b7a-5a6e2a6a8c65,0.01,0.13935546875,10240.0,8813.0,472.12,NVIDIA GeForce RTX 3080,[N/A],Enabled,Enabled
1705417336.470975,0,GPU-a71d5fd4-b7db-93b7-1b7a-5a6e2a6a8c65,0.0,0.13935546875,10240.0,8813.0,472.12,NVIDIA GeForce RTX 3080,[N/A],Enabled,Enabled
1705417337.477525,0,GPU-a71d5fd4-b7db-93b7-1b7a-5a6e2a6a8c65,0.0,0.13935546875,10240.0,8813.0,472.12,NVIDIA GeForce RTX 3080,[N/A],Enabled,Enabled
1705417338.468373,0,GPU-a71d5fd4-b7db-93b7-1b7a-5a6e2a6a8c65,0.01,0.13935546875,10240.0,8813.0,472.12,NVIDIA GeForce RTX 3080,[N/A],Enabled,Enabled
1705417339.475157,0,GPU-a71d5fd4-b7db-93b7-1b7a-5a6e2a6a8c65,0.01,0.13935546875,10240.0,8813.0,472.12,NVIDIA GeForce RTX 3080,[N/A],Enabled,Enabled
1705417340.479839,0,GPU-a71d5fd4-b7db-93b7-1b7a-5a6e2a6a8c65,0.01,0.13935546875,10240.0,8813.0,472.12,NVIDIA GeForce RTX 3080,[N/A],Enabled,Enabled
1705417341.475054,0,GPU-a71d5fd4-b7db-93b7-1b7a-5a6e2a6a8c65,0.0,0.13935546875,10240.0,8813.0,472.12,NVIDIA GeForce RTX 3080,[N/A],Enabled,Enabled
1705417342.478093,0,GPU-a71d5fd4-b7db-93b7-1b7a-5a6e2a6a8c65,0.0,0.13935546875,10240.0,8813.0,472.12,NVIDIA GeForce RTX 3080,[N/A],Enabled,Enabled
1705417343.47767,0,GPU-a71d5fd4-b7db-93b7-1b7a-5a6e2a6a8c65,0.01,0.13935546875,10240.0,8813.0,472.12,NVIDIA GeForce RTX 3080,[N/A],Enabled,Enabled
1705417344.480688,0,GPU-a71d5fd4-b7db-93b7-1b7a-5a6e2a6a8c65,0.01,0.13935546875,10240.0,8813.0,472.12,NVIDIA GeForce RTX 3080,[N/A],Enabled,Enabled
1705417345.471888,0,GPU-a71d5fd4-b7db-93b7-1b7a-5a6e2a6a8c65,0.01,0.13935546875,10240.0,8813.0,472.12,NVIDIA GeForce RTX 3080,[N/A],Enabled,Enabled
1705417346.474239,0,GPU-a71d5fd4-b7db-93b7-1b7a-5a6e2a6a8c65,0.0,0.13935546875,10240.0,8813.0,472.12,NVIDIA GeForce RTX 3080,[N/A],Enabled,Enabled
1705417347.479746,0,GPU-a71d5fd4-b7db-93b7-1b7a-5a6e2a6a8c65,0.0,0.13935546875,10240.0,8813.0,472.12,NVIDIA GeForce RTX 3080,[N/A],Enabled,Enabled
1705417348.468437,0,GPU-a71d5fd4-b7db-93b7-1b7a-5a6e2a6a8c65,0.01,0.13935546875,10240.0,8813.0,472.12,NVIDIA GeForce RTX 3080,[N/A],Enabled,Enabled
1705417349.467831,0,GPU-a71d5fd4-b7db-93b7-1b7a-5a6e2a6a8c65,0.01,0.13935546875,10240.0,8813.0,472.12,NVIDIA GeForce RTX 3080,[N/A],Enabled,Enabled
