11008.70 48109.34
11009.71 48113.33
11010.70 48115.29
11011.79 48119.94
11012.70 48123.63
11013.73 48128.62
11014.76 48133.84
11015.70 48137.24
11016.81 48141.58
11017.70 48145.47
11018.75 48150.95
11019.71 48155.55
11020.70 48160.70
11021.70 48165.88
11022.70 48170.96
11023.76 48176.61
11024.70 48181.34
11025.70 48186.55
11026.70 48191.88
11027.71 48197.27
11028.75 48202.89
11029.77 48208.28
11030.70 48213.18
11031.70 48218.38
11032.70 48223.71
11033.71 48227.94
11034.71 48232.76
11035.70 48237.59
11036.70 48242.27
11037.79 48247.70
11038.71 48252.58
11039.74 48257.42
11040.76 48262.49
11041.80 48268.04
11042.81 48273.17
11043.73 48278.10
11044.76 48283.70
11045.78 48289.47
11046.80 48294.54
11047.72 48299.30
11048.75 48304.82
11049.77 48310.30
11050.70 48315.29
11051.70 48320.52
11052.71 48325.78
11053.70 48330.99
11054.71 48336.58
11055.72 48342.00
11056.75 48347.50
11057.77 48352.86
11058.79 48358.31
11059.82 48363.79
11060.74 48368.67
11061.76 48373.70
11062.79 48378.98
11063.81 48384.28
11064.73 48389.21
11065.75 48394.66
11066.79 48400.22
11067.81 48405.56
11068.72 48410.18
11069.75 48414.92
11070.77 48419.59
11071.80 48424.29
11072.82 48428.28
11073.75 48432.45
11074.77 48437.14
11075.80 48442.07
11076.72 48446.64
11077.71 48451.67
11078.71 48456.76
11079.70 48461.72
11080.71 48466.52
11081.73 48471.57
11082.75 48476.72
11083.78 48481.81
11084.80 48486.75
11085.83 48491.87
11086.75 48496.66
11087.77 48501.92
11088.79 48507.19
11089.82 48512.71
11090.74 48517.33
11091.77 48522.68
11092.79 48528.03
11093.71 48532.85
11094.73 48538.29
11095.76 48543.78
11096.78 48549.21
11097.71 48554.13
11098.71 48559.47
11099.72 48564.58
11100.71 48569.95
11101.71 48575.30
11102.71 48580.35
11103.71 48585.50
11104.71 48590.51
11105.72 48594.96
11106.71 48599.90
11107.72 48605.03
11108.76 48610.73
11109.77 48616.33
11110.81 48622.24
11111.73 48627.38
11112.76 48633.03
11113.79 48638.38
11114.81 48643.81
11115.73 48649.04
11116.77 48654.74
11117.77 48660.12
11118.81 48666.07
11119.82 48671.79
11120.74 48677.07
11121.77 48682.91
11122.79 48688.82
11123.82 48694.69
11124.74 48699.90
11125.71 48705.45
11126.79 48711.60
11127.81 48717.63
