02-28 12:59:23.221  5649  5649 I BatteryMgr:DataCollectionService: onStartCommand: begin
02-28 12:59:23.222  5649  5649 I BatteryMgr:DataCollectionService: onStartCommand: sampleRate => 1000
02-28 12:59:23.222  5649  5649 I BatteryMgr:DataCollectionService: onStartCommand: rawFields => Timestamp,BATTERY_PROPERTY_CURRENT_NOW,EXTRA_VOLTAGE
02-28 12:59:23.223  5649  5649 I BatteryMgr:DataCollectionService: onStartCommand: notification done
02-28 12:59:23.227  5649  5649 I BatteryMgr:DataCollectionService: started foreground
02-28 12:59:23.232  5649  6437 I BatteryMgr:DataCollectionService: collectData: begin
02-28 12:59:23.234  5649  6437 I BatteryMgr:DataCollectionService: stats => 1709121563234,-2362303,3755
02-28 12:59:24.238  5649  6437 I BatteryMgr:DataCollectionService: stats => 1709121564238,-2336912,3761
02-28 12:59:25.241  5649  6437 I BatteryMgr:DataCollectionService: stats => 1709121565241,-2337889,3761
02-28 12:59:26.247  5649  6437 I BatteryMgr:DataCollectionService: stats => 1709121566246,-2042479,3761
02-28 12:59:27.252  5649  6437 I BatteryMgr:DataCollectionService: stats => 1709121567252,-2091307,3761
02-28 12:59:28.256  5649  6437 I BatteryMgr:DataCollectionService: stats => 1709121568256,-2019530,3761
02-28 12:59:29.260  5649  6437 I BatteryMgr:DataCollectionService: stats => 1709121569259,-2014159,3761
02-28 12:59:30.266  5649  6437 I BatteryMgr:DataCollectionService: stats => 1709121570266,-1980956,3761
02-28 12:59:31.269  5649  6437 I BatteryMgr:DataCollectionService: stats => 1709121571269,-1971190,3761
02-28 12:59:32.272  5649  6437 I BatteryMgr:DataCollectionService: stats => 1709121572272,-2413572,3761
02-28 12:59:33.280  5649  6437 I BatteryMgr:DataCollectionService: stats => 1709121573279,-2388182,3760
02-28 12:59:34.282  5649  6437 I BatteryMgr:DataCollectionService: stats => 1709121574282,-1997557,3760
02-28 12:59:35.285  5649  6437 I BatteryMgr:DataCollectionService: stats => 1709121575285,-2437987,3760
02-28 12:59:36.292  5649  6437 I BatteryMgr:DataCollectionService: stats => 1709121576291,-2514647,3760
02-28 12:59:37.300  5649  6437 I BatteryMgr:DataCollectionService: stats => 1709121577300,-2534178,3760
02-28 12:59:38.305  5649  6437 I BatteryMgr:DataCollectionService: stats => 1709121578304,-2535643,3760
02-28 12:59:39.307  5649  6437 I BatteryMgr:DataCollectionService: stats => 1709121579307,-2556151,3760
02-28 12:59:40.310  5649  6437 I BatteryMgr:DataCollectionService: stats => 1709121580310,-2525389,3760
02-28 12:59:41.313  5649  6437 I BatteryMgr:DataCollectionService: stats => 1709121581313,-2474119,3751
02-28 12:59:42.316  5649  6437 I BatteryMgr:DataCollectionService: stats => 1709121582316,-2408201,3751
02-28 12:59:43.319  5649  6437 I BatteryMgr:DataCollectionService: stats => 1709121583319,-2379393,3759
02-28 12:59:44.322  5649  6437 I BatteryMgr:DataCollectionService: stats => 1709121584322,-2445799,3759
02-28 12:59:45.324  5649  6437 I BatteryMgr:DataCollectionService: stats => 1709121585324,-2511229,3759
02-28 12:59:46.328  5649  6437 I BatteryMgr:DataCollectionService: stats => 1709121586328,-2510252,3751
02-28 12:59:47.337  5649  6437 I BatteryMgr:DataCollectionService: stats => 1709121587337,-2432615,3751
02-28 12:59:48.340  5649  6437 I BatteryMgr:DataCollectionService: stats => 1709121588340,-2505858,3751
02-28 12:59:49.347  5649  6437 I BatteryMgr:DataCollectionService: stats => 1709121589347,-2456541,3751
02-28 12:59:50.351  5649  6437 I BatteryMgr:DataCollectionService: stats => 1709121590351,-2369139,3751
02-28 12:59:51.354  5649  6437 I BatteryMgr:DataCollectionService: stats => 1709121591354,-2411131,3751
02-28 12:59:52.358  5649  6437 I BatteryMgr:DataCollectionService: stats => 1709121592358,-2029295,3751
02-28 12:59:53.360  5649  6437 I BatteryMgr:DataCollectionService: stats => 1709121593360,-2393553,3758
02-28 12:59:54.363  5649  6437 I BatteryMgr:DataCollectionService: stats => 1709121594363,-2402342,3758
02-28 12:59:55.374  5649  6437 I BatteryMgr:DataCollectionService: stats => 1709121595374,-2413084,3758
02-28 12:59:56.379  5649  6437 I BatteryMgr:DataCollectionService: stats => 1709121596379,-2390135,3758
02-28 12:59:57.381  5649  6437 I BatteryMgr:DataCollectionService: stats => 1709121597381,-2420897,3758
02-28 12:59:58.386  5649  6437 I BatteryMgr:DataCollectionService: stats => 1709121598386,-2412596,3758
02-28 12:59:59.390  5649  6437 I BatteryMgr:DataCollectionService: stats => 1709121599390,-2419920,3758
02-28 13:00:00.392  5649  6437 I BatteryMgr:DataCollectionService: stats => 1709121600392,-2414061,3758
02-28 13:00:01.394  5649  6437 I BatteryMgr:DataCollectionService: stats => 1709121601394,-2407225,3758
02-28 13:00:02.399  5649  6437 I BatteryMgr:DataCollectionService: stats => 1709121602399,-2412108,3758
02-28 13:00:03.403  5649  6437 I BatteryMgr:DataCollectionService: stats => 1709121603403,-2402342,3755
02-28 13:00:04.412  5649  6437 I BatteryMgr:DataCollectionService: stats => 1709121604407,-2437987,3755
02-28 13:00:05.416  5649  6437 I BatteryMgr:DataCollectionService: stats => 1709121605416,-2408690,3755
02-28 13:00:06.419  5649  6437 I BatteryMgr:DataCollectionService: stats => 1709121606419,-2408690,3755
02-28 13:00:07.422  5649  6437 I BatteryMgr:DataCollectionService: stats => 1709121607422,-2412596,3755
02-28 13:00:08.429  5649  6437 I BatteryMgr:DataCollectionService: stats => 1709121608429,-2416990,3755
02-28 13:00:09.431  5649  6437 I BatteryMgr:DataCollectionService: stats => 1709121609431,-2416990,3755
02-28 13:00:10.434  5649  6437 I BatteryMgr:DataCollectionService: stats => 1709121610434,-2440428,3755
02-28 13:00:11.438  5649  6437 I BatteryMgr:DataCollectionService: stats => 1709121611438,-2456541,3755
02-28 13:00:12.441  5649  6437 I BatteryMgr:DataCollectionService: stats => 1709121612441,-2451658,3755
02-28 13:00:13.444  5649  6437 I BatteryMgr:DataCollectionService: stats => 1709121613444,-2418455,3753
02-28 13:00:14.447  5649  6437 I BatteryMgr:DataCollectionService: stats => 1709121614446,-2470213,3753
02-28 13:00:15.458  5649  6437 I BatteryMgr:DataCollectionService: stats => 1709121615458,-2523436,3753
02-28 13:00:16.462  5649  6437 I BatteryMgr:DataCollectionService: stats => 1709121616462,-2513182,3753
02-28 13:00:17.470  5649  6437 I BatteryMgr:DataCollectionService: stats => 1709121617469,-2508787,3753
02-28 13:00:18.472  5649  6437 I BatteryMgr:DataCollectionService: stats => 1709121618472,-2541502,3753
02-28 13:00:19.474  5649  6437 I BatteryMgr:DataCollectionService: stats => 1709121619474,-2615233,3753
02-28 13:00:20.477  5649  6437 I BatteryMgr:DataCollectionService: stats => 1709121620477,-2538084,3753
02-28 13:00:21.482  5649  6437 I BatteryMgr:DataCollectionService: stats => 1709121621482,-2541990,3753
02-28 13:00:22.486  5649  6437 I BatteryMgr:DataCollectionService: stats => 1709121622486,-2422362,3753
02-28 13:00:23.491  5649  6437 I BatteryMgr:DataCollectionService: stats => 1709121623491,-2428221,3750
02-28 13:00:24.498  5649  6437 I BatteryMgr:DataCollectionService: stats => 1709121624498,-2430662,3750
02-28 13:00:25.502  5649  6437 I BatteryMgr:DataCollectionService: stats => 1709121625502,-2411131,3750
02-28 13:00:26.507  5649  6437 I BatteryMgr:DataCollectionService: stats => 1709121626507,-2481932,3750
02-28 13:00:27.510  5649  6437 I BatteryMgr:DataCollectionService: stats => 1709121627510,-2421873,3750
02-28 13:00:28.513  5649  6437 I BatteryMgr:DataCollectionService: stats => 1709121628513,-2429197,3750
02-28 13:00:29.515  5649  6437 I BatteryMgr:DataCollectionService: stats => 1709121629515,-2437987,3750
02-28 13:00:30.519  5649  6437 I BatteryMgr:DataCollectionService: stats => 1709121630519,-2427733,3750
02-28 13:00:31.522  5649  6437 I BatteryMgr:DataCollectionService: stats => 1709121631522,-2430174,3750
02-28 13:00:32.525  5649  6437 I BatteryMgr:DataCollectionService: stats => 1709121632525,-2427244,3750
02-28 13:00:33.528  5649  6437 I BatteryMgr:DataCollectionService: stats => 1709121633528,-2404295,3750
02-28 13:00:34.533  5649  6437 I BatteryMgr:DataCollectionService: stats => 1709121634533,-2400389,3750
02-28 13:00:35.536  5649  6437 I BatteryMgr:DataCollectionService: stats => 1709121635536,-2433104,3750
02-28 13:00:36.539  5649  6437 I BatteryMgr:DataCollectionService: stats => 1709121636539,-2436522,3750
02-28 13:00:37.542  5649  6437 I BatteryMgr:DataCollectionService: stats => 1709121637542,-2405272,3750
02-28 13:00:38.547  5649  6437 I BatteryMgr:DataCollectionService: stats => 1709121638546,-2412596,3750
02-28 13:00:39.549  5649  6437 I BatteryMgr:DataCollectionService: stats => 1709121639549,-2439940,3750
02-28 13:00:40.552  5649  6437 I BatteryMgr:DataCollectionService: stats => 1709121640552,-2435545,3750
02-28 13:00:41.554  5649  6437 I BatteryMgr:DataCollectionService: stats => 1709121641554,-2463377,3750
02-28 13:00:42.558  5649  6437 I BatteryMgr:DataCollectionService: stats => 1709121642558,-2416014,3750
02-28 13:00:43.561  5649  6437 I BatteryMgr:DataCollectionService: stats => 1709121643561,-2460447,3747
02-28 13:00:44.569  5649  6437 I BatteryMgr:DataCollectionService: stats => 1709121644569,-2442869,3747
02-28 13:00:45.574  5649  6437 I BatteryMgr:DataCollectionService: stats => 1709121645574,-2482420,3747
02-28 13:00:46.579  5649  6437 I BatteryMgr:DataCollectionService: stats => 1709121646578,-2413572,3747
02-28 13:00:47.588  5649  6437 I BatteryMgr:DataCollectionService: stats => 1709121647587,-2478514,3747
02-28 13:00:48.591  5649  6437 I BatteryMgr:DataCollectionService: stats => 1709121648591,-2623533,3747
02-28 13:00:49.593  5649  6437 I BatteryMgr:DataCollectionService: stats => 1709121649593,-2578123,3747
02-28 13:00:50.597  5649  6437 I BatteryMgr:DataCollectionService: stats => 1709121650597,-2624998,3736
02-28 13:00:51.603  5649  6437 I BatteryMgr:DataCollectionService: stats => 1709121651603,-2573729,3736
02-28 13:00:52.615  5649  6437 I BatteryMgr:DataCollectionService: stats => 1709121652615,-2594236,3736
02-28 13:00:53.619  5649  6437 I BatteryMgr:DataCollectionService: stats => 1709121653619,-2602537,3737
02-28 13:00:54.623  5649  6437 I BatteryMgr:DataCollectionService: stats => 1709121654623,-2559080,3737
02-28 13:00:55.626  5649  6437 I BatteryMgr:DataCollectionService: stats => 1709121655626,-2416990,3737
02-28 13:00:56.629  5649  6437 I BatteryMgr:DataCollectionService: stats => 1709121656629,-2446776,3737
02-28 13:00:57.633  5649  6437 I BatteryMgr:DataCollectionService: stats => 1709121657633,-2441405,3737
02-28 13:00:58.635  5649  6437 I BatteryMgr:DataCollectionService: stats => 1709121658635,-2453612,3737
02-28 13:00:59.640  5649  6437 I BatteryMgr:DataCollectionService: stats => 1709121659640,-2444334,3737
02-28 13:01:00.647  5649  6437 I BatteryMgr:DataCollectionService: stats => 1709121660647,-2459959,3737
02-28 13:01:01.650  5649  6437 I BatteryMgr:DataCollectionService: stats => 1709121661650,-2407713,3737
02-28 13:01:02.655  5649  6437 I BatteryMgr:DataCollectionService: stats => 1709121662655,-2449705,3737
02-28 13:01:03.658  5649  6437 I BatteryMgr:DataCollectionService: stats => 1709121663658,-2452635,3743
02-28 13:01:04.661  5649  6437 I BatteryMgr:DataCollectionService: stats => 1709121664661,-2449217,3743
02-28 13:01:05.667  5649  6437 I BatteryMgr:DataCollectionService: stats => 1709121665666,-2465330,3743
02-28 13:01:06.670  5649  6437 I BatteryMgr:DataCollectionService: stats => 1709121666669,-2470701,3743
02-28 13:01:07.672  5649  6437 I BatteryMgr:DataCollectionService: stats => 1709121667672,-2449705,3743
02-28 13:01:08.675  5649  6437 I BatteryMgr:DataCollectionService: stats => 1709121668675,-2444334,3744
02-28 13:01:09.679  5649  6437 I BatteryMgr:DataCollectionService: stats => 1709121669678,-2461424,3744
02-28 13:01:10.687  5649  6437 I BatteryMgr:DataCollectionService: stats => 1709121670686,-2446776,3744
02-28 13:01:11.689  5649  6437 I BatteryMgr:DataCollectionService: stats => 1709121671689,-2508787,3744
02-28 13:01:12.695  5649  6437 I BatteryMgr:DataCollectionService: stats => 1709121672695,-2449705,3744
02-28 13:01:13.699  5649  6437 I BatteryMgr:DataCollectionService: stats => 1709121673699,-2428221,3744
02-28 13:01:14.702  5649  6437 I BatteryMgr:DataCollectionService: stats => 1709121674702,-2436033,3744
02-28 13:01:15.708  5649  6437 I BatteryMgr:DataCollectionService: stats => 1709121675707,-2467283,3744
02-28 13:01:16.711  5649  6437 I BatteryMgr:DataCollectionService: stats => 1709121676711,-2450194,3744
02-28 13:01:17.714  5649  6437 I BatteryMgr:DataCollectionService: stats => 1709121677714,-2478514,3744
02-28 13:01:18.718  5649  6437 I BatteryMgr:DataCollectionService: stats => 1709121678718,-2529783,3744
02-28 13:01:19.726  5649  6437 I BatteryMgr:DataCollectionService: stats => 1709121679726,-2565428,3744
02-28 13:01:20.729  5649  6437 I BatteryMgr:DataCollectionService: stats => 1709121680729,-2618651,3744
02-28 13:01:21.736  5649  6437 I BatteryMgr:DataCollectionService: stats => 1709121681736,-2600096,3744
02-28 13:01:22.739  5649  6437 I BatteryMgr:DataCollectionService: stats => 1709121682739,-2615233,3744
02-28 13:01:23.742  5649  6437 I BatteryMgr:DataCollectionService: stats => 1709121683742,-2592772,3731
02-28 13:01:24.745  5649  6437 I BatteryMgr:DataCollectionService: stats => 1709121684745,-2562010,3731
02-28 13:01:25.750  5649  6437 I BatteryMgr:DataCollectionService: stats => 1709121685750,-2464842,3731
02-28 13:01:26.753  5649  6437 I BatteryMgr:DataCollectionService: stats => 1709121686753,-2461424,3731
02-28 13:01:27.756  5649  6437 I BatteryMgr:DataCollectionService: stats => 1709121687756,-2468260,3731
02-28 13:01:28.762  5649  6437 I BatteryMgr:DataCollectionService: stats => 1709121688762,-2470701,3731
02-28 13:01:29.767  5649  6437 I BatteryMgr:DataCollectionService: stats => 1709121689767,-2470701,3731
02-28 13:01:30.769  5649  6437 I BatteryMgr:DataCollectionService: stats => 1709121690769,-2483397,3731
02-28 13:01:31.773  5649  6437 I BatteryMgr:DataCollectionService: stats => 1709121691773,-2469725,3731
02-28 13:01:32.776  5649  6437 I BatteryMgr:DataCollectionService: stats => 1709121692776,-2446287,3731
02-28 13:01:33.780  5649  6437 I BatteryMgr:DataCollectionService: stats => 1709121693780,-2461424,3740
02-28 13:01:34.783  5649  6437 I BatteryMgr:DataCollectionService: stats => 1709121694783,-2474119,3740
02-28 13:01:35.788  5649  6437 I BatteryMgr:DataCollectionService: stats => 1709121695788,-2435545,3740
02-28 13:01:36.791  5649  6437 I BatteryMgr:DataCollectionService: stats => 1709121696791,-2467283,3740
02-28 13:01:37.794  5649  6437 I BatteryMgr:DataCollectionService: stats => 1709121697794,-2452147,3740
02-28 13:01:38.797  5649  6437 I BatteryMgr:DataCollectionService: stats => 1709121698797,-2440916,3740
02-28 13:01:39.808  5649  6437 I BatteryMgr:DataCollectionService: stats => 1709121699808,-2455076,3740
02-28 13:01:40.811  5649  6437 I BatteryMgr:DataCollectionService: stats => 1709121700811,-2444334,3740
02-28 13:01:41.817  5649  6437 I BatteryMgr:DataCollectionService: stats => 1709121701817,-2431639,3740
02-28 13:01:42.822  5649  6437 I BatteryMgr:DataCollectionService: stats => 1709121702822,-2473143,3740
02-28 13:01:43.824  5649  6437 I BatteryMgr:DataCollectionService: stats => 1709121703824,-2498533,3738
02-28 13:01:44.829  5649  6437 I BatteryMgr:DataCollectionService: stats => 1709121704829,-2470701,3738
02-28 13:01:45.832  5649  6437 I BatteryMgr:DataCollectionService: stats => 1709121705831,-2478026,3738
02-28 13:01:46.834  5649  6437 I BatteryMgr:DataCollectionService: stats => 1709121706834,-2461424,3738
02-28 13:01:47.845  5649  6437 I BatteryMgr:DataCollectionService: stats => 1709121707845,-2450194,3738
02-28 13:01:48.848  5649  6437 I BatteryMgr:DataCollectionService: stats => 1709121708848,-2495115,3737
02-28 13:01:49.850  5649  6437 I BatteryMgr:DataCollectionService: stats => 1709121709850,-2481444,3737
02-28 13:01:50.856  5649  6437 I BatteryMgr:DataCollectionService: stats => 1709121710856,-2643065,3737
02-28 13:01:51.862  5649  6437 I BatteryMgr:DataCollectionService: stats => 1709121711862,-2626951,3737
02-28 13:01:52.868  5649  6437 I BatteryMgr:DataCollectionService: stats => 1709121712868,-2656248,3737
02-28 13:01:53.872  5649  6437 I BatteryMgr:DataCollectionService: stats => 1709121713871,-2621092,3727
02-28 13:01:54.875  5649  6437 I BatteryMgr:DataCollectionService: stats => 1709121714875,-2613768,3727
02-28 13:01:55.878  5649  6437 I BatteryMgr:DataCollectionService: stats => 1709121715878,-2543944,3727
02-28 13:01:56.888  5649  6437 I BatteryMgr:DataCollectionService: stats => 1709121716888,-2595213,3727
02-28 13:01:57.891  5649  6437 I BatteryMgr:DataCollectionService: stats => 1709121717891,-2624998,3727
02-28 13:01:58.897  5649  6437 I BatteryMgr:DataCollectionService: stats => 1709121718897,-2490233,3727
02-28 13:01:59.900  5649  6437 I BatteryMgr:DataCollectionService: stats => 1709121719900,-2461912,3727
02-28 13:02:00.904  5649  6437 I BatteryMgr:DataCollectionService: stats => 1709121720904,-2478514,3727
02-28 13:02:01.907  5649  6437 I BatteryMgr:DataCollectionService: stats => 1709121721907,-2445799,3727
02-28 13:02:02.912  5649  6437 I BatteryMgr:DataCollectionService: stats => 1709121722912,-2446287,3727
02-28 13:02:03.915  5649  6437 I BatteryMgr:DataCollectionService: stats => 1709121723915,-2497557,3734
02-28 13:02:04.918  5649  6437 I BatteryMgr:DataCollectionService: stats => 1709121724918,-2504881,3734
02-28 13:02:05.924  5649  6437 I BatteryMgr:DataCollectionService: stats => 1709121725924,-2462401,3734
02-28 13:02:06.927  5649  6437 I BatteryMgr:DataCollectionService: stats => 1709121726927,-2431639,3734
02-28 13:02:07.930  5649  6437 I BatteryMgr:DataCollectionService: stats => 1709121727930,-2467283,3734
02-28 13:02:08.936  5649  6437 I BatteryMgr:DataCollectionService: stats => 1709121728936,-2482908,3734
02-28 13:02:09.965  5649  6437 I BatteryMgr:DataCollectionService: stats => 1709121729965,-2528319,3734
02-28 13:02:10.969  5649  6437 I BatteryMgr:DataCollectionService: stats => 1709121730969,-2493162,3734
02-28 13:02:11.971  5649  6437 I BatteryMgr:DataCollectionService: stats => 1709121731971,-2456053,3734
02-28 13:02:12.976  5649  6437 I BatteryMgr:DataCollectionService: stats => 1709121732976,-2474119,3734
02-28 13:02:13.979  5649  6437 I BatteryMgr:DataCollectionService: stats => 1709121733979,-2473143,3735
02-28 13:02:14.983  5649  6437 I BatteryMgr:DataCollectionService: stats => 1709121734983,-2462401,3735
02-28 13:02:15.986  5649  6437 I BatteryMgr:DataCollectionService: stats => 1709121735986,-2453612,3735
02-28 13:02:16.989  5649  6437 I BatteryMgr:DataCollectionService: stats => 1709121736989,-2544920,3735
02-28 13:02:17.991  5649  6437 I BatteryMgr:DataCollectionService: stats => 1709121737991,-2458494,3735
02-28 13:02:18.995  5649  6437 I BatteryMgr:DataCollectionService: stats => 1709121738995,-2466307,3735
02-28 13:02:19.999  5649  6437 I BatteryMgr:DataCollectionService: stats => 1709121739999,-2451658,3735
02-28 13:02:21.004  5649  6437 I BatteryMgr:DataCollectionService: stats => 1709121741004,-2506834,3735
02-28 13:02:22.008  5649  6437 I BatteryMgr:DataCollectionService: stats => 1709121742008,-2584471,3735
02-28 13:02:23.013  5649  6437 I BatteryMgr:DataCollectionService: stats => 1709121743012,-2589354,3735
02-28 13:02:24.019  5649  6437 I BatteryMgr:DataCollectionService: stats => 1709121744019,-2644529,3728
02-28 13:02:25.022  5649  6437 I BatteryMgr:DataCollectionService: stats => 1709121745022,-2609861,3728
02-28 13:02:26.025  5649  6437 I BatteryMgr:DataCollectionService: stats => 1709121746025,-2609861,3728
02-28 13:02:27.030  5649  6437 I BatteryMgr:DataCollectionService: stats => 1709121747030,-2653807,3728
02-28 13:02:28.035  5649  6437 I BatteryMgr:DataCollectionService: stats => 1709121748035,-2607420,3728
02-28 13:02:29.038  5649  6437 I BatteryMgr:DataCollectionService: stats => 1709121749038,-2490721,3731
02-28 13:02:30.042  5649  6437 I BatteryMgr:DataCollectionService: stats => 1709121750042,-2488768,3731
02-28 13:02:31.045  5649  6437 I BatteryMgr:DataCollectionService: stats => 1709121751045,-2503904,3731
02-28 13:02:32.048  5649  6437 I BatteryMgr:DataCollectionService: stats => 1709121752048,-2463865,3731
02-28 13:02:33.052  5649  6437 I BatteryMgr:DataCollectionService: stats => 1709121753052,-2467283,3731
02-28 13:02:34.057  5649  6437 I BatteryMgr:DataCollectionService: stats => 1709121754057,-2460447,3732
02-28 13:02:35.059  5649  6437 I BatteryMgr:DataCollectionService: stats => 1709121755059,-2481932,3732
02-28 13:02:36.062  5649  6437 I BatteryMgr:DataCollectionService: stats => 1709121756062,-2454100,3732
02-28 13:02:37.065  5649  6437 I BatteryMgr:DataCollectionService: stats => 1709121757065,-2463865,3732
02-28 13:02:38.070  5649  6437 I BatteryMgr:DataCollectionService: stats => 1709121758070,-2457029,3732
02-28 13:02:39.074  5649  6437 I BatteryMgr:DataCollectionService: stats => 1709121759074,-2444822,3732
02-28 13:02:40.077  5649  6437 I BatteryMgr:DataCollectionService: stats => 1709121760077,-2424315,3732
02-28 13:02:41.079  5649  6437 I BatteryMgr:DataCollectionService: stats => 1709121761079,-2446776,3732
02-28 13:02:42.089  5649  6437 I BatteryMgr:DataCollectionService: stats => 1709121762089,-2487303,3732
02-28 13:02:43.092  5649  6437 I BatteryMgr:DataCollectionService: stats => 1709121763092,-2478514,3732
02-28 13:02:44.095  5649  6437 I BatteryMgr:DataCollectionService: stats => 1709121764094,-2496580,3731
02-28 13:02:45.098  5649  6437 I BatteryMgr:DataCollectionService: stats => 1709121765098,-2463865,3731
02-28 13:02:46.103  5649  6437 I BatteryMgr:DataCollectionService: stats => 1709121766103,-2415037,3731
02-28 13:02:47.105  5649  6437 I BatteryMgr:DataCollectionService: stats => 1709121767105,-2438963,3731
02-28 13:02:48.111  5649  6437 I BatteryMgr:DataCollectionService: stats => 1709121768111,-2467772,3731
02-28 13:02:49.117  5649  6437 I BatteryMgr:DataCollectionService: stats => 1709121769117,-2437010,3731
02-28 13:02:50.125  5649  6437 I BatteryMgr:DataCollectionService: stats => 1709121770125,-2501463,3731
02-28 13:02:51.132  5649  6437 I BatteryMgr:DataCollectionService: stats => 1709121771132,-2429686,3731
02-28 13:02:52.138  5649  6437 I BatteryMgr:DataCollectionService: stats => 1709121772138,-2436522,3731
02-28 13:02:53.143  5649  6437 I BatteryMgr:DataCollectionService: stats => 1709121773142,-2468260,3731
02-28 13:02:54.145  5649  6437 I BatteryMgr:DataCollectionService: stats => 1709121774145,-2568358,3731
02-28 13:02:55.153  5649  6437 I BatteryMgr:DataCollectionService: stats => 1709121775153,-2615721,3731
02-28 13:02:56.157  5649  6437 I BatteryMgr:DataCollectionService: stats => 1709121776157,-2641111,3731
02-28 13:02:57.160  5649  6437 I BatteryMgr:DataCollectionService: stats => 1709121777160,-2551756,3731
02-28 13:02:58.173  5649  6437 I BatteryMgr:DataCollectionService: stats => 1709121778173,-2593260,3731
02-28 13:02:59.178  5649  6437 I BatteryMgr:DataCollectionService: stats => 1709121779178,-2637205,3731
02-28 13:03:00.182  5649  6437 I BatteryMgr:DataCollectionService: stats => 1709121780182,-2601072,3731
02-28 13:03:01.186  5649  6437 I BatteryMgr:DataCollectionService: stats => 1709121781186,-2551756,3731
02-28 13:03:02.192  5649  6437 I BatteryMgr:DataCollectionService: stats => 1709121782192,-2489256,3731
02-28 13:03:03.195  5649  6437 I BatteryMgr:DataCollectionService: stats => 1709121783195,-2365721,3731
02-28 13:03:04.199  5649  6437 I BatteryMgr:DataCollectionService: stats => 1709121784199,-2373045,3734
02-28 13:03:05.206  5649  6437 I BatteryMgr:DataCollectionService: stats => 1709121785206,-2449217,3734
02-28 13:03:06.210  5649  6437 I BatteryMgr:DataCollectionService: stats => 1709121786210,-2461424,3734
02-28 13:03:07.212  5649  6437 I BatteryMgr:DataCollectionService: stats => 1709121787212,-2416014,3734
02-28 13:03:08.215  5649  6437 I BatteryMgr:DataCollectionService: stats => 1709121788215,-2442381,3734
02-28 13:03:09.221  5649  6437 I BatteryMgr:DataCollectionService: stats => 1709121789221,-2446287,3734
02-28 13:03:10.224  5649  6437 I BatteryMgr:DataCollectionService: stats => 1709121790223,-2446287,3734
02-28 13:03:11.226  5649  6437 I BatteryMgr:DataCollectionService: stats => 1709121791226,-2439451,3730
02-28 13:03:12.229  5649  6437 I BatteryMgr:DataCollectionService: stats => 1709121792229,-2451170,3730
02-28 13:03:13.236  5649  6437 I BatteryMgr:DataCollectionService: stats => 1709121793236,-2425780,3730
02-28 13:03:14.239  5649  6437 I BatteryMgr:DataCollectionService: stats => 1709121794239,-2441893,3730
02-28 13:03:15.242  5649  6437 I BatteryMgr:DataCollectionService: stats => 1709121795242,-2434080,3730
02-28 13:03:16.246  5649  6437 I BatteryMgr:DataCollectionService: stats => 1709121796246,-2437987,3730
