Current Battery Service state:
  AC powered: false
  USB powered: false
  Wireless powered: false
  Max charging current: 0
  Max charging voltage: 0
  Charge counter: 4362376
  status: 3
  health: 2
  present: true
  level: 71
  scale: 100
  voltage: 3761
  temperature: 275
  technology: Li-ion
Current Battery Service state:
  AC powered: false
  USB powered: false
  Wireless powered: false
  Max charging current: 0
  Max charging voltage: 0
  Charge counter: 4362376
  status: 3
  health: 2
  present: true
  level: 71
  scale: 100
  voltage: 3761
  temperature: 275
  technology: Li-ion
Current Battery Service state:
  AC powered: false
  USB powered: false
  Wireless powered: false
  Max charging current: 0
  Max charging voltage: 0
  Charge counter: 4362376
  status: 3
  health: 2
  present: true
  level: 71
  scale: 100
  voltage: 3761
  temperature: 275
  technology: Li-ion
Current Battery Service state:
  AC powered: false
  USB powered: false
  Wireless powered: false
  Max charging current: 0
  Max charging voltage: 0
  Charge counter: 4362376
  status: 3
  health: 2
  present: true
  level: 71
  scale: 100
  voltage: 3761
  temperature: 275
  technology: Li-ion
Current Battery Service state:
  AC powered: false
  USB powered: false
  Wireless powered: false
  Max charging current: 0
  Max charging voltage: 0
  Charge counter: 4362376
  status: 3
  health: 2
  present: true
  level: 71
  scale: 100
  voltage: 3761
  temperature: 275
  technology: Li-ion
Current Battery Service state:
  AC powered: false
  USB powered: false
  Wireless powered: false
  Max charging current: 0
  Max charging voltage: 0
  Charge counter: 4362376
  status: 3
  health: 2
  present: true
  level: 71
  scale: 100
  voltage: 3761
  temperature: 275
  technology: Li-ion
Current Battery Service state:
  AC powered: false
  USB powered: false
  Wireless powered: false
  Max charging current: 0
  Max charging voltage: 0
  Charge counter: 4362376
  status: 3
  health: 2
  present: true
  level: 71
  scale: 100
  voltage: 3761
  temperature: 275
  technology: Li-ion
Current Battery Service state:
  AC powered: false
  USB powered: false
  Wireless powered: false
  Max charging current: 0
  Max charging voltage: 0
  Charge counter: 4362376
  status: 3
  health: 2
  present: true
  level: 71
  scale: 100
  voltage: 3761
  temperature: 275
  technology: Li-ion
Current Battery Service state:
  AC powered: false
  USB powered: false
  Wireless powered: false
  Max charging current: 0
  Max charging voltage: 0
  Charge counter: 4362376
  status: 3
  health: 2
  present: true
  level: 71
  scale: 100
  voltage: 3761
  temperature: 275
  technology: Li-ion
Current Battery Service state:
  AC powered: false
  USB powered: false
  Wireless powered: false
  Max charging current: 0
  Max charging voltage: 0
  Charge counter: 4356379
  status: 3
  health: 2
  present: true
  level: 71
  scale: 100
  voltage: 3760
  temperature: 277
  technology: Li-ion
Current Battery Service state:
  AC powered: false
  USB powered: false
  Wireless powered: false
  Max charging current: 0
  Max charging voltage: 0
  Charge counter: 4356379
  status: 3
  health: 2
  present: true
  level: 71
  scale: 100
  voltage: 3760
  temperature: 277
  technology: Li-ion
Current Battery Service state:
  AC powered: false
  USB powered: false
  Wireless powered: false
  Max charging current: 0
  Max charging voltage: 0
  Charge counter: 4356379
  status: 3
  health: 2
  present: true
  level: 71
  scale: 100
  voltage: 3760
  temperature: 277
  technology: Li-ion
Current Battery Service state:
  AC powered: false
  USB powered: false
  Wireless powered: false
  Max charging current: 0
  Max charging voltage: 0
  Charge counter: 4356379
  status: 3
  health: 2
  present: true
  level: 71
  scale: 100
  voltage: 3760
  temperature: 277
  technology: Li-ion
Current Battery Service state:
  AC powered: false
  USB powered: false
  Wireless powered: false
  Max charging current: 0
  Max charging voltage: 0
  Charge counter: 4356379
  status: 3
  health: 2
  present: true
  level: 71
  scale: 100
  voltage: 3760
  temperature: 277
  technology: Li-ion
Current Battery Service state:
  AC powered: false
  USB powered: false
  Wireless powered: false
  Max charging current: 0
  Max charging voltage: 0
  Charge counter: 4356379
  status: 3
  health: 2
  present: true
  level: 71
  scale: 100
  voltage: 3760
  temperature: 277
  technology: Li-ion
Current Battery Service state:
  AC powered: false
  USB powered: false
  Wireless powered: false
  Max charging current: 0
  Max charging voltage: 0
  Charge counter: 4356379
  status: 3
  health: 2
  present: true
  level: 71
  scale: 100
  voltage: 3760
  temperature: 277
  technology: Li-ion
Current Battery Service state:
  AC powered: false
  USB powered: false
  Wireless powered: false
  Max charging current: 0
  Max charging voltage: 0
  Charge counter: 4356379
  status: 3
  health: 2
  present: true
  level: 71
  scale: 100
  voltage: 3760
  temperature: 277
  technology: Li-ion
Current Battery Service state:
  AC powered: false
  USB powered: false
  Wireless powered: false
  Max charging current: 0
  Max charging voltage: 0
  Charge counter: 4351630
  status: 3
  health: 2
  present: true
  level: 71
  scale: 100
  voltage: 3751
  temperature: 275
  technology: Li-ion
Current Battery Service state:
  AC powered: false
  USB powered: false
  Wireless powered: false
  Max charging current: 0
  Max charging voltage: 0
  Charge counter: 4351630
  status: 3
  health: 2
  present: true
  level: 71
  scale: 100
  voltage: 3751
  temperature: 275
  technology: Li-ion
Current Battery Service state:
  AC powered: false
  USB powered: false
  Wireless powered: false
  Max charging current: 0
  Max charging voltage: 0
  Charge counter: 4349614
  status: 3
  health: 2
  present: true
  level: 71
  scale: 100
  voltage: 3759
  temperature: 275
  technology: Li-ion
Current Battery Service state:
  AC powered: false
  USB powered: false
  Wireless powered: false
  Max charging current: 0
  Max charging voltage: 0
  Charge counter: 4349614
  status: 3
  health: 2
  present: true
  level: 71
  scale: 100
  voltage: 3759
  temperature: 275
  technology: Li-ion
Current Battery Service state:
  AC powered: false
  USB powered: false
  Wireless powered: false
  Max charging current: 0
  Max charging voltage: 0
  Charge counter: 4349614
  status: 3
  health: 2
  present: true
  level: 71
  scale: 100
  voltage: 3759
  temperature: 275
  technology: Li-ion
Current Battery Service state:
  AC powered: false
  USB powered: false
  Wireless powered: false
  Max charging current: 0
  Max charging voltage: 0
  Charge counter: 4347773
  status: 3
  health: 2
  present: true
  level: 71
  scale: 100
  voltage: 3751
  temperature: 277
  technology: Li-ion
Current Battery Service state:
  AC powered: false
  USB powered: false
  Wireless powered: false
  Max charging current: 0
  Max charging voltage: 0
  Charge counter: 4347773
  status: 3
  health: 2
  present: true
  level: 71
  scale: 100
  voltage: 3751
  temperature: 277
  technology: Li-ion
Current Battery Service state:
  AC powered: false
  USB powered: false
  Wireless powered: false
  Max charging current: 0
  Max charging voltage: 0
  Charge counter: 4347773
  status: 3
  health: 2
  present: true
  level: 71
  scale: 100
  voltage: 3751
  temperature: 277
  technology: Li-ion
Current Battery Service state:
  AC powered: false
  USB powered: false
  Wireless powered: false
  Max charging current: 0
  Max charging voltage: 0
  Charge counter: 4347773
  status: 3
  health: 2
  present: true
  level: 71
  scale: 100
  voltage: 3751
  temperature: 277
  technology: Li-ion
Current Battery Service state:
  AC powered: false
  USB powered: false
  Wireless powered: false
  Max charging current: 0
  Max charging voltage: 0
  Charge counter: 4347773
  status: 3
  health: 2
  present: true
  level: 71
  scale: 100
  voltage: 3751
  temperature: 277
  technology: Li-ion
Current Battery Service state:
  AC powered: false
  USB powered: false
  Wireless powered: false
  Max charging current: 0
  Max charging voltage: 0
  Charge counter: 4347773
  status: 3
  health: 2
  present: true
  level: 71
  scale: 100
  voltage: 3751
  temperature: 277
  technology: Li-ion
Current Battery Service state:
  AC powered: false
  USB powered: false
  Wireless powered: false
  Max charging current: 0
  Max charging voltage: 0
  Charge counter: 4347773
  status: 3
  health: 2
  present: true
  level: 71
  scale: 100
  voltage: 3751
  temperature: 277
  technology: Li-ion
Current Battery Service state:
  AC powered: false
  USB powered: false
  Wireless powered: false
  Max charging current: 0
  Max charging voltage: 0
  Charge counter: 4343163
  status: 3
  health: 2
  present: true
  level: 71
  scale: 100
  voltage: 3758
  temperature: 277
  technology: Li-ion
Current Battery Service state:
  AC powered: false
  USB powered: false
  Wireless powered: false
  Max charging current: 0
  Max charging voltage: 0
  Charge counter: 4343163
  status: 3
  health: 2
  present: true
  level: 71
  scale: 100
  voltage: 3758
  temperature: 277
  technology: Li-ion
Current Battery Service state:
  AC powered: false
  USB powered: false
  Wireless powered: false
  Max charging current: 0
  Max charging voltage: 0
  Charge counter: 4343163
  status: 3
  health: 2
  present: true
  level: 71
  scale: 100
  voltage: 3758
  temperature: 277
  technology: Li-ion
Current Battery Service state:
  AC powered: false
  USB powered: false
  Wireless powered: false
  Max charging current: 0
  Max charging voltage: 0
  Charge counter: 4343163
  status: 3
  health: 2
  present: true
  level: 71
  scale: 100
  voltage: 3758
  temperature: 277
  technology: Li-ion
Current Battery Service state:
  AC powered: false
  USB powered: false
  Wireless powered: false
  Max charging current: 0
  Max charging voltage: 0
  Charge counter: 4343163
  status: 3
  health: 2
  present: true
  level: 71
  scale: 100
  voltage: 3758
  temperature: 277
  technology: Li-ion
Current Battery Service state:
  AC powered: false
  USB powered: false
  Wireless powered: false
  Max charging current: 0
  Max charging voltage: 0
  Charge counter: 4343163
  status: 3
  health: 2
  present: true
  level: 71
  scale: 100
  voltage: 3758
  temperature: 277
  technology: Li-ion
Current Battery Service state:
  AC powered: false
  USB powered: false
  Wireless powered: false
  Max charging current: 0
  Max charging voltage: 0
  Charge counter: 4343163
  status: 3
  health: 2
  present: true
  level: 71
  scale: 100
  voltage: 3758
  temperature: 277
  technology: Li-ion
Current Battery Service state:
  AC powered: false
  USB powered: false
  Wireless powered: false
  Max charging current: 0
  Max charging voltage: 0
  Charge counter: 4343163
  status: 3
  health: 2
  present: true
  level: 71
  scale: 100
  voltage: 3758
  temperature: 277
  technology: Li-ion
Current Battery Service state:
  AC powered: false
  USB powered: false
  Wireless powered: false
  Max charging current: 0
  Max charging voltage: 0
  Charge counter: 4343163
  status: 3
  health: 2
  present: true
  level: 71
  scale: 100
  voltage: 3758
  temperature: 277
  technology: Li-ion
Current Battery Service state:
  AC powered: false
  USB powered: false
  Wireless powered: false
  Max charging current: 0
  Max charging voltage: 0
  Charge counter: 4343163
  status: 3
  health: 2
  present: true
  level: 71
  scale: 100
  voltage: 3758
  temperature: 277
  technology: Li-ion
Current Battery Service state:
  AC powered: false
  USB powered: false
  Wireless powered: false
  Max charging current: 0
  Max charging voltage: 0
  Charge counter: 4336472
  status: 3
  health: 2
  present: true
  level: 71
  scale: 100
  voltage: 3755
  temperature: 275
  technology: Li-ion
Current Battery Service state:
  AC powered: false
  USB powered: false
  Wireless powered: false
  Max charging current: 0
  Max charging voltage: 0
  Charge counter: 4336472
  status: 3
  health: 2
  present: true
  level: 71
  scale: 100
  voltage: 3755
  temperature: 275
  technology: Li-ion
Current Battery Service state:
  AC powered: false
  USB powered: false
  Wireless powered: false
  Max charging current: 0
  Max charging voltage: 0
  Charge counter: 4336472
  status: 3
  health: 2
  present: true
  level: 71
  scale: 100
  voltage: 3755
  temperature: 275
  technology: Li-ion
Current Battery Service state:
  AC powered: false
  USB powered: false
  Wireless powered: false
  Max charging current: 0
  Max charging voltage: 0
  Charge counter: 4336472
  status: 3
  health: 2
  present: true
  level: 71
  scale: 100
  voltage: 3755
  temperature: 275
  technology: Li-ion
Current Battery Service state:
  AC powered: false
  USB powered: false
  Wireless powered: false
  Max charging current: 0
  Max charging voltage: 0
  Charge counter: 4336472
  status: 3
  health: 2
  present: true
  level: 71
  scale: 100
  voltage: 3755
  temperature: 275
  technology: Li-ion
Current Battery Service state:
  AC powered: false
  USB powered: false
  Wireless powered: false
  Max charging current: 0
  Max charging voltage: 0
  Charge counter: 4336472
  status: 3
  health: 2
  present: true
  level: 71
  scale: 100
  voltage: 3755
  temperature: 275
  technology: Li-ion
Current Battery Service state:
  AC powered: false
  USB powered: false
  Wireless powered: false
  Max charging current: 0
  Max charging voltage: 0
  Charge counter: 4336472
  status: 3
  health: 2
  present: true
  level: 71
  scale: 100
  voltage: 3755
  temperature: 275
  technology: Li-ion
Current Battery Service state:
  AC powered: false
  USB powered: false
  Wireless powered: false
  Max charging current: 0
  Max charging voltage: 0
  Charge counter: 4336472
  status: 3
  health: 2
  present: true
  level: 71
  scale: 100
  voltage: 3755
  temperature: 275
  technology: Li-ion
Current Battery Service state:
  AC powered: false
  USB powered: false
  Wireless powered: false
  Max charging current: 0
  Max charging voltage: 0
  Charge counter: 4336472
  status: 3
  health: 2
  present: true
  level: 71
  scale: 100
  voltage: 3755
  temperature: 275
  technology: Li-ion
Current Battery Service state:
  AC powered: false
  USB powered: false
  Wireless powered: false
  Max charging current: 0
  Max charging voltage: 0
  Charge counter: 4336472
  status: 3
  health: 2
  present: true
  level: 71
  scale: 100
  voltage: 3755
  temperature: 275
  technology: Li-ion
Current Battery Service state:
  AC powered: false
  USB powered: false
  Wireless powered: false
  Max charging current: 0
  Max charging voltage: 0
  Charge counter: 4329732
  status: 3
  health: 2
  present: true
  level: 71
  scale: 100
  voltage: 3753
  temperature: 275
  technology: Li-ion
Current Battery Service state:
  AC powered: false
  USB powered: false
  Wireless powered: false
  Max charging current: 0
  Max charging voltage: 0
  Charge counter: 4329732
  status: 3
  health: 2
  present: true
  level: 71
  scale: 100
  voltage: 3753
  temperature: 275
  technology: Li-ion
Current Battery Service state:
  AC powered: false
  USB powered: false
  Wireless powered: false
  Max charging current: 0
  Max charging voltage: 0
  Charge counter: 4329732
  status: 3
  health: 2
  present: true
  level: 71
  scale: 100
  voltage: 3753
  temperature: 275
  technology: Li-ion
Current Battery Service state:
  AC powered: false
  USB powered: false
  Wireless powered: false
  Max charging current: 0
  Max charging voltage: 0
  Charge counter: 4329732
  status: 3
  health: 2
  present: true
  level: 71
  scale: 100
  voltage: 3753
  temperature: 275
  technology: Li-ion
Current Battery Service state:
  AC powered: false
  USB powered: false
  Wireless powered: false
  Max charging current: 0
  Max charging voltage: 0
  Charge counter: 4329732
  status: 3
  health: 2
  present: true
  level: 71
  scale: 100
  voltage: 3753
  temperature: 275
  technology: Li-ion
Current Battery Service state:
  AC powered: false
  USB powered: false
  Wireless powered: false
  Max charging current: 0
  Max charging voltage: 0
  Charge counter: 4329732
  status: 3
  health: 2
  present: true
  level: 71
  scale: 100
  voltage: 3753
  temperature: 275
  technology: Li-ion
Current Battery Service state:
  AC powered: false
  USB powered: false
  Wireless powered: false
  Max charging current: 0
  Max charging voltage: 0
  Charge counter: 4329732
  status: 3
  health: 2
  present: true
  level: 71
  scale: 100
  voltage: 3753
  temperature: 275
  technology: Li-ion
Current Battery Service state:
  AC powered: false
  USB powered: false
  Wireless powered: false
  Max charging current: 0
  Max charging voltage: 0
  Charge counter: 4329732
  status: 3
  health: 2
  present: true
  level: 71
  scale: 100
  voltage: 3753
  temperature: 275
  technology: Li-ion
Current Battery Service state:
  AC powered: false
  USB powered: false
  Wireless powered: false
  Max charging current: 0
  Max charging voltage: 0
  Charge counter: 4329732
  status: 3
  health: 2
  present: true
  level: 71
  scale: 100
  voltage: 3753
  temperature: 275
  technology: Li-ion
Current Battery Service state:
  AC powered: false
  USB powered: false
  Wireless powered: false
  Max charging current: 0
  Max charging voltage: 0
  Charge counter: 4329732
  status: 3
  health: 2
  present: true
  level: 71
  scale: 100
  voltage: 3753
  temperature: 275
  technology: Li-ion
Current Battery Service state:
  AC powered: false
  USB powered: false
  Wireless powered: false
  Max charging current: 0
  Max charging voltage: 0
  Charge counter: 4322761
  status: 3
  health: 2
  present: true
  level: 71
  scale: 100
  voltage: 3750
  temperature: 277
  technology: Li-ion
Current Battery Service state:
  AC powered: false
  USB powered: false
  Wireless powered: false
  Max charging current: 0
  Max charging voltage: 0
  Charge counter: 4322761
  status: 3
  health: 2
  present: true
  level: 71
  scale: 100
  voltage: 3750
  temperature: 277
  technology: Li-ion
Current Battery Service state:
  AC powered: false
  USB powered: false
  Wireless powered: false
  Max charging current: 0
  Max charging voltage: 0
  Charge counter: 4322761
  status: 3
  health: 2
  present: true
  level: 71
  scale: 100
  voltage: 3750
  temperature: 277
  technology: Li-ion
Current Battery Service state:
  AC powered: false
  USB powered: false
  Wireless powered: false
  Max charging current: 0
  Max charging voltage: 0
  Charge counter: 4322761
  status: 3
  health: 2
  present: true
  level: 71
  scale: 100
  voltage: 3750
  temperature: 277
  technology: Li-ion
Current Battery Service state:
  AC powered: false
  USB powered: false
  Wireless powered: false
  Max charging current: 0
  Max charging voltage: 0
  Charge counter: 4320111
  status: 3
  health: 2
  present: true
  level: 71
  scale: 100
  voltage: 3750
  temperature: 277
  technology: Li-ion
Current Battery Service state:
  AC powered: false
  USB powered: false
  Wireless powered: false
  Max charging current: 0
  Max charging voltage: 0
  Charge counter: 4320111
  status: 3
  health: 2
  present: true
  level: 71
  scale: 100
  voltage: 3750
  temperature: 277
  technology: Li-ion
Current Battery Service state:
  AC powered: false
  USB powered: false
  Wireless powered: false
  Max charging current: 0
  Max charging voltage: 0
  Charge counter: 4320111
  status: 3
  health: 2
  present: true
  level: 71
  scale: 100
  voltage: 3750
  temperature: 277
  technology: Li-ion
Current Battery Service state:
  AC powered: false
  USB powered: false
  Wireless powered: false
  Max charging current: 0
  Max charging voltage: 0
  Charge counter: 4320111
  status: 3
  health: 2
  present: true
  level: 71
  scale: 100
  voltage: 3750
  temperature: 277
  technology: Li-ion
Current Battery Service state:
  AC powered: false
  USB powered: false
  Wireless powered: false
  Max charging current: 0
  Max charging voltage: 0
  Charge counter: 4320111
  status: 3
  health: 2
  present: true
  level: 71
  scale: 100
  voltage: 3750
  temperature: 277
  technology: Li-ion
Current Battery Service state:
  AC powered: false
  USB powered: false
  Wireless powered: false
  Max charging current: 0
  Max charging voltage: 0
  Charge counter: 4320111
  status: 3
  health: 2
  present: true
  level: 71
  scale: 100
  voltage: 3750
  temperature: 277
  technology: Li-ion
Current Battery Service state:
  AC powered: false
  USB powered: false
  Wireless powered: false
  Max charging current: 0
  Max charging voltage: 0
  Charge counter: 4316069
  status: 3
  health: 2
  present: true
  level: 70
  scale: 100
  voltage: 3750
  temperature: 277
  technology: Li-ion
Current Battery Service state:
  AC powered: false
  USB powered: false
  Wireless powered: false
  Max charging current: 0
  Max charging voltage: 0
  Charge counter: 4316069
  status: 3
  health: 2
  present: true
  level: 70
  scale: 100
  voltage: 3750
  temperature: 277
  technology: Li-ion
Current Battery Service state:
  AC powered: false
  USB powered: false
  Wireless powered: false
  Max charging current: 0
  Max charging voltage: 0
  Charge counter: 4316069
  status: 3
  health: 2
  present: true
  level: 70
  scale: 100
  voltage: 3750
  temperature: 277
  technology: Li-ion
Current Battery Service state:
  AC powered: false
  USB powered: false
  Wireless powered: false
  Max charging current: 0
  Max charging voltage: 0
  Charge counter: 4316069
  status: 3
  health: 2
  present: true
  level: 70
  scale: 100
  voltage: 3750
  temperature: 277
  technology: Li-ion
Current Battery Service state:
  AC powered: false
  USB powered: false
  Wireless powered: false
  Max charging current: 0
  Max charging voltage: 0
  Charge counter: 4316069
  status: 3
  health: 2
  present: true
  level: 70
  scale: 100
  voltage: 3750
  temperature: 277
  technology: Li-ion
Current Battery Service state:
  AC powered: false
  USB powered: false
  Wireless powered: false
  Max charging current: 0
  Max charging voltage: 0
  Charge counter: 4316069
  status: 3
  health: 2
  present: true
  level: 70
  scale: 100
  voltage: 3750
  temperature: 277
  technology: Li-ion
Current Battery Service state:
  AC powered: false
  USB powered: false
  Wireless powered: false
  Max charging current: 0
  Max charging voltage: 0
  Charge counter: 4316069
  status: 3
  health: 2
  present: true
  level: 70
  scale: 100
  voltage: 3750
  temperature: 277
  technology: Li-ion
Current Battery Service state:
  AC powered: false
  USB powered: false
  Wireless powered: false
  Max charging current: 0
  Max charging voltage: 0
  Charge counter: 4316069
  status: 3
  health: 2
  present: true
  level: 70
  scale: 100
  voltage: 3750
  temperature: 277
  technology: Li-ion
Current Battery Service state:
  AC powered: false
  USB powered: false
  Wireless powered: false
  Max charging current: 0
  Max charging voltage: 0
  Charge counter: 4316069
  status: 3
  health: 2
  present: true
  level: 70
  scale: 100
  voltage: 3750
  temperature: 277
  technology: Li-ion
Current Battery Service state:
  AC powered: false
  USB powered: false
  Wireless powered: false
  Max charging current: 0
  Max charging voltage: 0
  Charge counter: 4316069
  status: 3
  health: 2
  present: true
  level: 70
  scale: 100
  voltage: 3750
  temperature: 277
  technology: Li-ion
Current Battery Service state:
  AC powered: false
  USB powered: false
  Wireless powered: false
  Max charging current: 0
  Max charging voltage: 0
  Charge counter: 4309320
  status: 3
  health: 2
  present: true
  level: 70
  scale: 100
  voltage: 3747
  temperature: 275
  technology: Li-ion
Current Battery Service state:
  AC powered: false
  USB powered: false
  Wireless powered: false
  Max charging current: 0
  Max charging voltage: 0
  Charge counter: 4309320
  status: 3
  health: 2
  present: true
  level: 70
  scale: 100
  voltage: 3747
  temperature: 275
  technology: Li-ion
Current Battery Service state:
  AC powered: false
  USB powered: false
  Wireless powered: false
  Max charging current: 0
  Max charging voltage: 0
  Charge counter: 4309320
  status: 3
  health: 2
  present: true
  level: 70
  scale: 100
  voltage: 3747
  temperature: 275
  technology: Li-ion
Current Battery Service state:
  AC powered: false
  USB powered: false
  Wireless powered: false
  Max charging current: 0
  Max charging voltage: 0
  Charge counter: 4309320
  status: 3
  health: 2
  present: true
  level: 70
  scale: 100
  voltage: 3747
  temperature: 275
  technology: Li-ion
Current Battery Service state:
  AC powered: false
  USB powered: false
  Wireless powered: false
  Max charging current: 0
  Max charging voltage: 0
  Charge counter: 4309320
  status: 3
  health: 2
  present: true
  level: 70
  scale: 100
  voltage: 3747
  temperature: 275
  technology: Li-ion
Current Battery Service state:
  AC powered: false
  USB powered: false
  Wireless powered: false
  Max charging current: 0
  Max charging voltage: 0
  Charge counter: 4309320
  status: 3
  health: 2
  present: true
  level: 70
  scale: 100
  voltage: 3747
  temperature: 275
  technology: Li-ion
Current Battery Service state:
  AC powered: false
  USB powered: false
  Wireless powered: false
  Max charging current: 0
  Max charging voltage: 0
  Charge counter: 4309320
  status: 3
  health: 2
  present: true
  level: 70
  scale: 100
  voltage: 3747
  temperature: 275
  technology: Li-ion
Current Battery Service state:
  AC powered: false
  USB powered: false
  Wireless powered: false
  Max charging current: 0
  Max charging voltage: 0
  Charge counter: 4304420
  status: 3
  health: 2
  present: true
  level: 70
  scale: 100
  voltage: 3736
  temperature: 277
  technology: Li-ion
Current Battery Service state:
  AC powered: false
  USB powered: false
  Wireless powered: false
  Max charging current: 0
  Max charging voltage: 0
  Charge counter: 4304420
  status: 3
  health: 2
  present: true
  level: 70
  scale: 100
  voltage: 3736
  temperature: 277
  technology: Li-ion
Current Battery Service state:
  AC powered: false
  USB powered: false
  Wireless powered: false
  Max charging current: 0
  Max charging voltage: 0
  Charge counter: 4304420
  status: 3
  health: 2
  present: true
  level: 70
  scale: 100
  voltage: 3736
  temperature: 277
  technology: Li-ion
Current Battery Service state:
  AC powered: false
  USB powered: false
  Wireless powered: false
  Max charging current: 0
  Max charging voltage: 0
  Charge counter: 4302262
  status: 3
  health: 2
  present: true
  level: 70
  scale: 100
  voltage: 3737
  temperature: 277
  technology: Li-ion
Current Battery Service state:
  AC powered: false
  USB powered: false
  Wireless powered: false
  Max charging current: 0
  Max charging voltage: 0
  Charge counter: 4302262
  status: 3
  health: 2
  present: true
  level: 70
  scale: 100
  voltage: 3737
  temperature: 277
  technology: Li-ion
Current Battery Service state:
  AC powered: false
  USB powered: false
  Wireless powered: false
  Max charging current: 0
  Max charging voltage: 0
  Charge counter: 4302262
  status: 3
  health: 2
  present: true
  level: 70
  scale: 100
  voltage: 3737
  temperature: 277
  technology: Li-ion
Current Battery Service state:
  AC powered: false
  USB powered: false
  Wireless powered: false
  Max charging current: 0
  Max charging voltage: 0
  Charge counter: 4302262
  status: 3
  health: 2
  present: true
  level: 70
  scale: 100
  voltage: 3737
  temperature: 277
  technology: Li-ion
Current Battery Service state:
  AC powered: false
  USB powered: false
  Wireless powered: false
  Max charging current: 0
  Max charging voltage: 0
  Charge counter: 4302262
  status: 3
  health: 2
  present: true
  level: 70
  scale: 100
  voltage: 3737
  temperature: 277
  technology: Li-ion
Current Battery Service state:
  AC powered: false
  USB powered: false
  Wireless powered: false
  Max charging current: 0
  Max charging voltage: 0
  Charge counter: 4302262
  status: 3
  health: 2
  present: true
  level: 70
  scale: 100
  voltage: 3737
  temperature: 277
  technology: Li-ion
Current Battery Service state:
  AC powered: false
  USB powered: false
  Wireless powered: false
  Max charging current: 0
  Max charging voltage: 0
  Charge counter: 4302262
  status: 3
  health: 2
  present: true
  level: 70
  scale: 100
  voltage: 3737
  temperature: 277
  technology: Li-ion
Current Battery Service state:
  AC powered: false
  USB powered: false
  Wireless powered: false
  Max charging current: 0
  Max charging voltage: 0
  Charge counter: 4302262
  status: 3
  health: 2
  present: true
  level: 70
  scale: 100
  voltage: 3737
  temperature: 277
  technology: Li-ion
Current Battery Service state:
  AC powered: false
  USB powered: false
  Wireless powered: false
  Max charging current: 0
  Max charging voltage: 0
  Charge counter: 4302262
  status: 3
  health: 2
  present: true
  level: 70
  scale: 100
  voltage: 3737
  temperature: 277
  technology: Li-ion
Current Battery Service state:
  AC powered: false
  USB powered: false
  Wireless powered: false
  Max charging current: 0
  Max charging voltage: 0
  Charge counter: 4302262
  status: 3
  health: 2
  present: true
  level: 70
  scale: 100
  voltage: 3737
  temperature: 277
  technology: Li-ion
Current Battery Service state:
  AC powered: false
  USB powered: false
  Wireless powered: false
  Max charging current: 0
  Max charging voltage: 0
  Charge counter: 4295449
  status: 3
  health: 2
  present: true
  level: 70
  scale: 100
  voltage: 3743
  temperature: 277
  technology: Li-ion
Current Battery Service state:
  AC powered: false
  USB powered: false
  Wireless powered: false
  Max charging current: 0
  Max charging voltage: 0
  Charge counter: 4295449
  status: 3
  health: 2
  present: true
  level: 70
  scale: 100
  voltage: 3743
  temperature: 277
  technology: Li-ion
Current Battery Service state:
  AC powered: false
  USB powered: false
  Wireless powered: false
  Max charging current: 0
  Max charging voltage: 0
  Charge counter: 4295449
  status: 3
  health: 2
  present: true
  level: 70
  scale: 100
  voltage: 3743
  temperature: 277
  technology: Li-ion
Current Battery Service state:
  AC powered: false
  USB powered: false
  Wireless powered: false
  Max charging current: 0
  Max charging voltage: 0
  Charge counter: 4295449
  status: 3
  health: 2
  present: true
  level: 70
  scale: 100
  voltage: 3743
  temperature: 277
  technology: Li-ion
Current Battery Service state:
  AC powered: false
  USB powered: false
  Wireless powered: false
  Max charging current: 0
  Max charging voltage: 0
  Charge counter: 4295449
  status: 3
  health: 2
  present: true
  level: 70
  scale: 100
  voltage: 3743
  temperature: 277
  technology: Li-ion
Current Battery Service state:
  AC powered: false
  USB powered: false
  Wireless powered: false
  Max charging current: 0
  Max charging voltage: 0
  Charge counter: 4291835
  status: 3
  health: 2
  present: true
  level: 70
  scale: 100
  voltage: 3744
  temperature: 277
  technology: Li-ion
Current Battery Service state:
  AC powered: false
  USB powered: false
  Wireless powered: false
  Max charging current: 0
  Max charging voltage: 0
  Charge counter: 4291835
  status: 3
  health: 2
  present: true
  level: 70
  scale: 100
  voltage: 3744
  temperature: 277
  technology: Li-ion
Current Battery Service state:
  AC powered: false
  USB powered: false
  Wireless powered: false
  Max charging current: 0
  Max charging voltage: 0
  Charge counter: 4291835
  status: 3
  health: 2
  present: true
  level: 70
  scale: 100
  voltage: 3744
  temperature: 277
  technology: Li-ion
Current Battery Service state:
  AC powered: false
  USB powered: false
  Wireless powered: false
  Max charging current: 0
  Max charging voltage: 0
  Charge counter: 4291835
  status: 3
  health: 2
  present: true
  level: 70
  scale: 100
  voltage: 3744
  temperature: 277
  technology: Li-ion
Current Battery Service state:
  AC powered: false
  USB powered: false
  Wireless powered: false
  Max charging current: 0
  Max charging voltage: 0
  Charge counter: 4291835
  status: 3
  health: 2
  present: true
  level: 70
  scale: 100
  voltage: 3744
  temperature: 277
  technology: Li-ion
Current Battery Service state:
  AC powered: false
  USB powered: false
  Wireless powered: false
  Max charging current: 0
  Max charging voltage: 0
  Charge counter: 4288421
  status: 3
  health: 2
  present: true
  level: 70
  scale: 100
  voltage: 3744
  temperature: 277
  technology: Li-ion
Current Battery Service state:
  AC powered: false
  USB powered: false
  Wireless powered: false
  Max charging current: 0
  Max charging voltage: 0
  Charge counter: 4288421
  status: 3
  health: 2
  present: true
  level: 70
  scale: 100
  voltage: 3744
  temperature: 277
  technology: Li-ion
Current Battery Service state:
  AC powered: false
  USB powered: false
  Wireless powered: false
  Max charging current: 0
  Max charging voltage: 0
  Charge counter: 4288421
  status: 3
  health: 2
  present: true
  level: 70
  scale: 100
  voltage: 3744
  temperature: 277
  technology: Li-ion
Current Battery Service state:
  AC powered: false
  USB powered: false
  Wireless powered: false
  Max charging current: 0
  Max charging voltage: 0
  Charge counter: 4288421
  status: 3
  health: 2
  present: true
  level: 70
  scale: 100
  voltage: 3744
  temperature: 277
  technology: Li-ion
Current Battery Service state:
  AC powered: false
  USB powered: false
  Wireless powered: false
  Max charging current: 0
  Max charging voltage: 0
  Charge counter: 4288421
  status: 3
  health: 2
  present: true
  level: 70
  scale: 100
  voltage: 3744
  temperature: 277
  technology: Li-ion
Current Battery Service state:
  AC powered: false
  USB powered: false
  Wireless powered: false
  Max charging current: 0
  Max charging voltage: 0
  Charge counter: 4288421
  status: 3
  health: 2
  present: true
  level: 70
  scale: 100
  voltage: 3744
  temperature: 277
  technology: Li-ion
Current Battery Service state:
  AC powered: false
  USB powered: false
  Wireless powered: false
  Max charging current: 0
  Max charging voltage: 0
  Charge counter: 4288421
  status: 3
  health: 2
  present: true
  level: 70
  scale: 100
  voltage: 3744
  temperature: 277
  technology: Li-ion
Current Battery Service state:
  AC powered: false
  USB powered: false
  Wireless powered: false
  Max charging current: 0
  Max charging voltage: 0
  Charge counter: 4288421
  status: 3
  health: 2
  present: true
  level: 70
  scale: 100
  voltage: 3744
  temperature: 277
  technology: Li-ion
Current Battery Service state:
  AC powered: false
  USB powered: false
  Wireless powered: false
  Max charging current: 0
  Max charging voltage: 0
  Charge counter: 4288421
  status: 3
  health: 2
  present: true
  level: 70
  scale: 100
  voltage: 3744
  temperature: 277
  technology: Li-ion
Current Battery Service state:
  AC powered: false
  USB powered: false
  Wireless powered: false
  Max charging current: 0
  Max charging voltage: 0
  Charge counter: 4288421
  status: 3
  health: 2
  present: true
  level: 70
  scale: 100
  voltage: 3744
  temperature: 277
  technology: Li-ion
Current Battery Service state:
  AC powered: false
  USB powered: false
  Wireless powered: false
  Max charging current: 0
  Max charging voltage: 0
  Charge counter: 4281384
  status: 3
  health: 2
  present: true
  level: 70
  scale: 100
  voltage: 3731
  temperature: 277
  technology: Li-ion
Current Battery Service state:
  AC powered: false
  USB powered: false
  Wireless powered: false
  Max charging current: 0
  Max charging voltage: 0
  Charge counter: 4281384
  status: 3
  health: 2
  present: true
  level: 70
  scale: 100
  voltage: 3731
  temperature: 277
  technology: Li-ion
Current Battery Service state:
  AC powered: false
  USB powered: false
  Wireless powered: false
  Max charging current: 0
  Max charging voltage: 0
  Charge counter: 4281384
  status: 3
  health: 2
  present: true
  level: 70
  scale: 100
  voltage: 3731
  temperature: 277
  technology: Li-ion
Current Battery Service state:
  AC powered: false
  USB powered: false
  Wireless powered: false
  Max charging current: 0
  Max charging voltage: 0
  Charge counter: 4281384
  status: 3
  health: 2
  present: true
  level: 70
  scale: 100
  voltage: 3731
  temperature: 277
  technology: Li-ion
Current Battery Service state:
  AC powered: false
  USB powered: false
  Wireless powered: false
  Max charging current: 0
  Max charging voltage: 0
  Charge counter: 4281384
  status: 3
  health: 2
  present: true
  level: 70
  scale: 100
  voltage: 3731
  temperature: 277
  technology: Li-ion
Current Battery Service state:
  AC powered: false
  USB powered: false
  Wireless powered: false
  Max charging current: 0
  Max charging voltage: 0
  Charge counter: 4281384
  status: 3
  health: 2
  present: true
  level: 70
  scale: 100
  voltage: 3731
  temperature: 277
  technology: Li-ion
Current Battery Service state:
  AC powered: false
  USB powered: false
  Wireless powered: false
  Max charging current: 0
  Max charging voltage: 0
  Charge counter: 4281384
  status: 3
  health: 2
  present: true
  level: 70
  scale: 100
  voltage: 3731
  temperature: 277
  technology: Li-ion
Current Battery Service state:
  AC powered: false
  USB powered: false
  Wireless powered: false
  Max charging current: 0
  Max charging voltage: 0
  Charge counter: 4281384
  status: 3
  health: 2
  present: true
  level: 70
  scale: 100
  voltage: 3731
  temperature: 277
  technology: Li-ion
Current Battery Service state:
  AC powered: false
  USB powered: false
  Wireless powered: false
  Max charging current: 0
  Max charging voltage: 0
  Charge counter: 4281384
  status: 3
  health: 2
  present: true
  level: 70
  scale: 100
  voltage: 3731
  temperature: 277
  technology: Li-ion
Current Battery Service state:
  AC powered: false
  USB powered: false
  Wireless powered: false
  Max charging current: 0
  Max charging voltage: 0
  Charge counter: 4281384
  status: 3
  health: 2
  present: true
  level: 70
  scale: 100
  voltage: 3731
  temperature: 277
  technology: Li-ion
Current Battery Service state:
  AC powered: false
  USB powered: false
  Wireless powered: false
  Max charging current: 0
  Max charging voltage: 0
  Charge counter: 4274472
  status: 3
  health: 2
  present: true
  level: 70
  scale: 100
  voltage: 3740
  temperature: 277
  technology: Li-ion
Current Battery Service state:
  AC powered: false
  USB powered: false
  Wireless powered: false
  Max charging current: 0
  Max charging voltage: 0
  Charge counter: 4274472
  status: 3
  health: 2
  present: true
  level: 70
  scale: 100
  voltage: 3740
  temperature: 277
  technology: Li-ion
Current Battery Service state:
  AC powered: false
  USB powered: false
  Wireless powered: false
  Max charging current: 0
  Max charging voltage: 0
  Charge counter: 4274472
  status: 3
  health: 2
  present: true
  level: 70
  scale: 100
  voltage: 3740
  temperature: 277
  technology: Li-ion
Current Battery Service state:
  AC powered: false
  USB powered: false
  Wireless powered: false
  Max charging current: 0
  Max charging voltage: 0
  Charge counter: 4274472
  status: 3
  health: 2
  present: true
  level: 70
  scale: 100
  voltage: 3740
  temperature: 277
  technology: Li-ion
Current Battery Service state:
  AC powered: false
  USB powered: false
  Wireless powered: false
  Max charging current: 0
  Max charging voltage: 0
  Charge counter: 4274472
  status: 3
  health: 2
  present: true
  level: 70
  scale: 100
  voltage: 3740
  temperature: 277
  technology: Li-ion
Current Battery Service state:
  AC powered: false
  USB powered: false
  Wireless powered: false
  Max charging current: 0
  Max charging voltage: 0
  Charge counter: 4274472
  status: 3
  health: 2
  present: true
  level: 70
  scale: 100
  voltage: 3740
  temperature: 277
  technology: Li-ion
Current Battery Service state:
  AC powered: false
  USB powered: false
  Wireless powered: false
  Max charging current: 0
  Max charging voltage: 0
  Charge counter: 4274472
  status: 3
  health: 2
  present: true
  level: 70
  scale: 100
  voltage: 3740
  temperature: 277
  technology: Li-ion
Current Battery Service state:
  AC powered: false
  USB powered: false
  Wireless powered: false
  Max charging current: 0
  Max charging voltage: 0
  Charge counter: 4274472
  status: 3
  health: 2
  present: true
  level: 70
  scale: 100
  voltage: 3740
  temperature: 277
  technology: Li-ion
Current Battery Service state:
  AC powered: false
  USB powered: false
  Wireless powered: false
  Max charging current: 0
  Max charging voltage: 0
  Charge counter: 4274472
  status: 3
  health: 2
  present: true
  level: 70
  scale: 100
  voltage: 3740
  temperature: 277
  technology: Li-ion
Current Battery Service state:
  AC powered: false
  USB powered: false
  Wireless powered: false
  Max charging current: 0
  Max charging voltage: 0
  Charge counter: 4274472
  status: 3
  health: 2
  present: true
  level: 70
  scale: 100
  voltage: 3740
  temperature: 277
  technology: Li-ion
Current Battery Service state:
  AC powered: false
  USB powered: false
  Wireless powered: false
  Max charging current: 0
  Max charging voltage: 0
  Charge counter: 4267658
  status: 3
  health: 2
  present: true
  level: 70
  scale: 100
  voltage: 3738
  temperature: 277
  technology: Li-ion
Current Battery Service state:
  AC powered: false
  USB powered: false
  Wireless powered: false
  Max charging current: 0
  Max charging voltage: 0
  Charge counter: 4267658
  status: 3
  health: 2
  present: true
  level: 70
  scale: 100
  voltage: 3738
  temperature: 277
  technology: Li-ion
Current Battery Service state:
  AC powered: false
  USB powered: false
  Wireless powered: false
  Max charging current: 0
  Max charging voltage: 0
  Charge counter: 4267658
  status: 3
  health: 2
  present: true
  level: 70
  scale: 100
  voltage: 3738
  temperature: 277
  technology: Li-ion
Current Battery Service state:
  AC powered: false
  USB powered: false
  Wireless powered: false
  Max charging current: 0
  Max charging voltage: 0
  Charge counter: 4267658
  status: 3
  health: 2
  present: true
  level: 70
  scale: 100
  voltage: 3738
  temperature: 277
  technology: Li-ion
Current Battery Service state:
  AC powered: false
  USB powered: false
  Wireless powered: false
  Max charging current: 0
  Max charging voltage: 0
  Charge counter: 4267658
  status: 3
  health: 2
  present: true
  level: 70
  scale: 100
  voltage: 3738
  temperature: 277
  technology: Li-ion
Current Battery Service state:
  AC powered: false
  USB powered: false
  Wireless powered: false
  Max charging current: 0
  Max charging voltage: 0
  Charge counter: 4267658
  status: 3
  health: 2
  present: true
  level: 70
  scale: 100
  voltage: 3738
  temperature: 277
  technology: Li-ion
Current Battery Service state:
  AC powered: false
  USB powered: false
  Wireless powered: false
  Max charging current: 0
  Max charging voltage: 0
  Charge counter: 4263559
  status: 3
  health: 2
  present: true
  level: 70
  scale: 100
  voltage: 3737
  temperature: 277
  technology: Li-ion
Current Battery Service state:
  AC powered: false
  USB powered: false
  Wireless powered: false
  Max charging current: 0
  Max charging voltage: 0
  Charge counter: 4263559
  status: 3
  health: 2
  present: true
  level: 70
  scale: 100
  voltage: 3737
  temperature: 277
  technology: Li-ion
Current Battery Service state:
  AC powered: false
  USB powered: false
  Wireless powered: false
  Max charging current: 0
  Max charging voltage: 0
  Charge counter: 4263559
  status: 3
  health: 2
  present: true
  level: 70
  scale: 100
  voltage: 3737
  temperature: 277
  technology: Li-ion
Current Battery Service state:
  AC powered: false
  USB powered: false
  Wireless powered: false
  Max charging current: 0
  Max charging voltage: 0
  Charge counter: 4263559
  status: 3
  health: 2
  present: true
  level: 70
  scale: 100
  voltage: 3737
  temperature: 277
  technology: Li-ion
Current Battery Service state:
  AC powered: false
  USB powered: false
  Wireless powered: false
  Max charging current: 0
  Max charging voltage: 0
  Charge counter: 4260669
  status: 3
  health: 2
  present: true
  level: 70
  scale: 100
  voltage: 3727
  temperature: 280
  technology: Li-ion
Current Battery Service state:
  AC powered: false
  USB powered: false
  Wireless powered: false
  Max charging current: 0
  Max charging voltage: 0
  Charge counter: 4260669
  status: 3
  health: 2
  present: true
  level: 70
  scale: 100
  voltage: 3727
  temperature: 280
  technology: Li-ion
Current Battery Service state:
  AC powered: false
  USB powered: false
  Wireless powered: false
  Max charging current: 0
  Max charging voltage: 0
  Charge counter: 4260669
  status: 3
  health: 2
  present: true
  level: 70
  scale: 100
  voltage: 3727
  temperature: 280
  technology: Li-ion
Current Battery Service state:
  AC powered: false
  USB powered: false
  Wireless powered: false
  Max charging current: 0
  Max charging voltage: 0
  Charge counter: 4260669
  status: 3
  health: 2
  present: true
  level: 70
  scale: 100
  voltage: 3727
  temperature: 280
  technology: Li-ion
Current Battery Service state:
  AC powered: false
  USB powered: false
  Wireless powered: false
  Max charging current: 0
  Max charging voltage: 0
  Charge counter: 4260669
  status: 3
  health: 2
  present: true
  level: 70
  scale: 100
  voltage: 3727
  temperature: 280
  technology: Li-ion
Current Battery Service state:
  AC powered: false
  USB powered: false
  Wireless powered: false
  Max charging current: 0
  Max charging voltage: 0
  Charge counter: 4260669
  status: 3
  health: 2
  present: true
  level: 70
  scale: 100
  voltage: 3727
  temperature: 280
  technology: Li-ion
Current Battery Service state:
  AC powered: false
  USB powered: false
  Wireless powered: false
  Max charging current: 0
  Max charging voltage: 0
  Charge counter: 4260669
  status: 3
  health: 2
  present: true
  level: 70
  scale: 100
  voltage: 3727
  temperature: 280
  technology: Li-ion
Current Battery Service state:
  AC powered: false
  USB powered: false
  Wireless powered: false
  Max charging current: 0
  Max charging voltage: 0
  Charge counter: 4260669
  status: 3
  health: 2
  present: true
  level: 70
  scale: 100
  voltage: 3727
  temperature: 280
  technology: Li-ion
Current Battery Service state:
  AC powered: false
  USB powered: false
  Wireless powered: false
  Max charging current: 0
  Max charging voltage: 0
  Charge counter: 4260669
  status: 3
  health: 2
  present: true
  level: 70
  scale: 100
  voltage: 3727
  temperature: 280
  technology: Li-ion
Current Battery Service state:
  AC powered: false
  USB powered: false
  Wireless powered: false
  Max charging current: 0
  Max charging voltage: 0
  Charge counter: 4260669
  status: 3
  health: 2
  present: true
  level: 70
  scale: 100
  voltage: 3727
  temperature: 280
  technology: Li-ion
Current Battery Service state:
  AC powered: false
  USB powered: false
  Wireless powered: false
  Max charging current: 0
  Max charging voltage: 0
  Charge counter: 4253636
  status: 3
  health: 2
  present: true
  level: 70
  scale: 100
  voltage: 3737
  temperature: 280
  technology: Li-ion
Current Battery Service state:
  AC powered: false
  USB powered: false
  Wireless powered: false
  Max charging current: 0
  Max charging voltage: 0
  Charge counter: 4252943
  status: 3
  health: 2
  present: true
  level: 70
  scale: 100
  voltage: 3734
  temperature: 280
  technology: Li-ion
Current Battery Service state:
  AC powered: false
  USB powered: false
  Wireless powered: false
  Max charging current: 0
  Max charging voltage: 0
  Charge counter: 4252943
  status: 3
  health: 2
  present: true
  level: 70
  scale: 100
  voltage: 3734
  temperature: 280
  technology: Li-ion
Current Battery Service state:
  AC powered: false
  USB powered: false
  Wireless powered: false
  Max charging current: 0
  Max charging voltage: 0
  Charge counter: 4252943
  status: 3
  health: 2
  present: true
  level: 70
  scale: 100
  voltage: 3734
  temperature: 280
  technology: Li-ion
Current Battery Service state:
  AC powered: false
  USB powered: false
  Wireless powered: false
  Max charging current: 0
  Max charging voltage: 0
  Charge counter: 4252943
  status: 3
  health: 2
  present: true
  level: 70
  scale: 100
  voltage: 3734
  temperature: 280
  technology: Li-ion
Current Battery Service state:
  AC powered: false
  USB powered: false
  Wireless powered: false
  Max charging current: 0
  Max charging voltage: 0
  Charge counter: 4252943
  status: 3
  health: 2
  present: true
  level: 70
  scale: 100
  voltage: 3734
  temperature: 280
  technology: Li-ion
Current Battery Service state:
  AC powered: false
  USB powered: false
  Wireless powered: false
  Max charging current: 0
  Max charging voltage: 0
  Charge counter: 4252943
  status: 3
  health: 2
  present: true
  level: 70
  scale: 100
  voltage: 3734
  temperature: 280
  technology: Li-ion
Current Battery Service state:
  AC powered: false
  USB powered: false
  Wireless powered: false
  Max charging current: 0
  Max charging voltage: 0
  Charge counter: 4252943
  status: 3
  health: 2
  present: true
  level: 70
  scale: 100
  voltage: 3734
  temperature: 280
  technology: Li-ion
Current Battery Service state:
  AC powered: false
  USB powered: false
  Wireless powered: false
  Max charging current: 0
  Max charging voltage: 0
  Charge counter: 4252943
  status: 3
  health: 2
  present: true
  level: 70
  scale: 100
  voltage: 3734
  temperature: 280
  technology: Li-ion
Current Battery Service state:
  AC powered: false
  USB powered: false
  Wireless powered: false
  Max charging current: 0
  Max charging voltage: 0
  Charge counter: 4252943
  status: 3
  health: 2
  present: true
  level: 70
  scale: 100
  voltage: 3734
  temperature: 280
  technology: Li-ion
Current Battery Service state:
  AC powered: false
  USB powered: false
  Wireless powered: false
  Max charging current: 0
  Max charging voltage: 0
  Charge counter: 4246750
  status: 3
  health: 2
  present: true
  level: 69
  scale: 100
  voltage: 3735
  temperature: 277
  technology: Li-ion
Current Battery Service state:
  AC powered: false
  USB powered: false
  Wireless powered: false
  Max charging current: 0
  Max charging voltage: 0
  Charge counter: 4246750
  status: 3
  health: 2
  present: true
  level: 69
  scale: 100
  voltage: 3735
  temperature: 277
  technology: Li-ion
Current Battery Service state:
  AC powered: false
  USB powered: false
  Wireless powered: false
  Max charging current: 0
  Max charging voltage: 0
  Charge counter: 4246750
  status: 3
  health: 2
  present: true
  level: 69
  scale: 100
  voltage: 3735
  temperature: 277
  technology: Li-ion
Current Battery Service state:
  AC powered: false
  USB powered: false
  Wireless powered: false
  Max charging current: 0
  Max charging voltage: 0
  Charge counter: 4246750
  status: 3
  health: 2
  present: true
  level: 69
  scale: 100
  voltage: 3735
  temperature: 277
  technology: Li-ion
Current Battery Service state:
  AC powered: false
  USB powered: false
  Wireless powered: false
  Max charging current: 0
  Max charging voltage: 0
  Charge counter: 4246750
  status: 3
  health: 2
  present: true
  level: 69
  scale: 100
  voltage: 3735
  temperature: 277
  technology: Li-ion
Current Battery Service state:
  AC powered: false
  USB powered: false
  Wireless powered: false
  Max charging current: 0
  Max charging voltage: 0
  Charge counter: 4246750
  status: 3
  health: 2
  present: true
  level: 69
  scale: 100
  voltage: 3735
  temperature: 277
  technology: Li-ion
Current Battery Service state:
  AC powered: false
  USB powered: false
  Wireless powered: false
  Max charging current: 0
  Max charging voltage: 0
  Charge counter: 4246750
  status: 3
  health: 2
  present: true
  level: 69
  scale: 100
  voltage: 3735
  temperature: 277
  technology: Li-ion
Current Battery Service state:
  AC powered: false
  USB powered: false
  Wireless powered: false
  Max charging current: 0
  Max charging voltage: 0
  Charge counter: 4246750
  status: 3
  health: 2
  present: true
  level: 69
  scale: 100
  voltage: 3735
  temperature: 277
  technology: Li-ion
Current Battery Service state:
  AC powered: false
  USB powered: false
  Wireless powered: false
  Max charging current: 0
  Max charging voltage: 0
  Charge counter: 4246750
  status: 3
  health: 2
  present: true
  level: 69
  scale: 100
  voltage: 3735
  temperature: 277
  technology: Li-ion
Current Battery Service state:
  AC powered: false
  USB powered: false
  Wireless powered: false
  Max charging current: 0
  Max charging voltage: 0
  Charge counter: 4246750
  status: 3
  health: 2
  present: true
  level: 69
  scale: 100
  voltage: 3735
  temperature: 277
  technology: Li-ion
Current Battery Service state:
  AC powered: false
  USB powered: false
  Wireless powered: false
  Max charging current: 0
  Max charging voltage: 0
  Charge counter: 4239810
  status: 3
  health: 2
  present: true
  level: 69
  scale: 100
  voltage: 3728
  temperature: 280
  technology: Li-ion
Current Battery Service state:
  AC powered: false
  USB powered: false
  Wireless powered: false
  Max charging current: 0
  Max charging voltage: 0
  Charge counter: 4239810
  status: 3
  health: 2
  present: true
  level: 69
  scale: 100
  voltage: 3728
  temperature: 280
  technology: Li-ion
Current Battery Service state:
  AC powered: false
  USB powered: false
  Wireless powered: false
  Max charging current: 0
  Max charging voltage: 0
  Charge counter: 4239810
  status: 3
  health: 2
  present: true
  level: 69
  scale: 100
  voltage: 3728
  temperature: 280
  technology: Li-ion
Current Battery Service state:
  AC powered: false
  USB powered: false
  Wireless powered: false
  Max charging current: 0
  Max charging voltage: 0
  Charge counter: 4239810
  status: 3
  health: 2
  present: true
  level: 69
  scale: 100
  voltage: 3728
  temperature: 280
  technology: Li-ion
Current Battery Service state:
  AC powered: false
  USB powered: false
  Wireless powered: false
  Max charging current: 0
  Max charging voltage: 0
  Charge counter: 4239810
  status: 3
  health: 2
  present: true
  level: 69
  scale: 100
  voltage: 3728
  temperature: 280
  technology: Li-ion
Current Battery Service state:
  AC powered: false
  USB powered: false
  Wireless powered: false
  Max charging current: 0
  Max charging voltage: 0
  Charge counter: 4239810
  status: 3
  health: 2
  present: true
  level: 69
  scale: 100
  voltage: 3728
  temperature: 280
  technology: Li-ion
Current Battery Service state:
  AC powered: false
  USB powered: false
  Wireless powered: false
  Max charging current: 0
  Max charging voltage: 0
  Charge counter: 4235282
  status: 3
  health: 2
  present: true
  level: 69
  scale: 100
  voltage: 3731
  temperature: 277
  technology: Li-ion
Current Battery Service state:
  AC powered: false
  USB powered: false
  Wireless powered: false
  Max charging current: 0
  Max charging voltage: 0
  Charge counter: 4235282
  status: 3
  health: 2
  present: true
  level: 69
  scale: 100
  voltage: 3731
  temperature: 277
  technology: Li-ion
Current Battery Service state:
  AC powered: false
  USB powered: false
  Wireless powered: false
  Max charging current: 0
  Max charging voltage: 0
  Charge counter: 4235282
  status: 3
  health: 2
  present: true
  level: 69
  scale: 100
  voltage: 3731
  temperature: 277
  technology: Li-ion
Current Battery Service state:
  AC powered: false
  USB powered: false
  Wireless powered: false
  Max charging current: 0
  Max charging voltage: 0
  Charge counter: 4235282
  status: 3
  health: 2
  present: true
  level: 69
  scale: 100
  voltage: 3731
  temperature: 277
  technology: Li-ion
Current Battery Service state:
  AC powered: false
  USB powered: false
  Wireless powered: false
  Max charging current: 0
  Max charging voltage: 0
  Charge counter: 4232527
  status: 3
  health: 2
  present: true
  level: 69
  scale: 100
  voltage: 3732
  temperature: 277
  technology: Li-ion
Current Battery Service state:
  AC powered: false
  USB powered: false
  Wireless powered: false
  Max charging current: 0
  Max charging voltage: 0
  Charge counter: 4232527
  status: 3
  health: 2
  present: true
  level: 69
  scale: 100
  voltage: 3732
  temperature: 277
  technology: Li-ion
Current Battery Service state:
  AC powered: false
  USB powered: false
  Wireless powered: false
  Max charging current: 0
  Max charging voltage: 0
  Charge counter: 4232527
  status: 3
  health: 2
  present: true
  level: 69
  scale: 100
  voltage: 3732
  temperature: 277
  technology: Li-ion
Current Battery Service state:
  AC powered: false
  USB powered: false
  Wireless powered: false
  Max charging current: 0
  Max charging voltage: 0
  Charge counter: 4232527
  status: 3
  health: 2
  present: true
  level: 69
  scale: 100
  voltage: 3732
  temperature: 277
  technology: Li-ion
Current Battery Service state:
  AC powered: false
  USB powered: false
  Wireless powered: false
  Max charging current: 0
  Max charging voltage: 0
  Charge counter: 4232527
  status: 3
  health: 2
  present: true
  level: 69
  scale: 100
  voltage: 3732
  temperature: 277
  technology: Li-ion
Current Battery Service state:
  AC powered: false
  USB powered: false
  Wireless powered: false
  Max charging current: 0
  Max charging voltage: 0
  Charge counter: 4232527
  status: 3
  health: 2
  present: true
  level: 69
  scale: 100
  voltage: 3732
  temperature: 277
  technology: Li-ion
Current Battery Service state:
  AC powered: false
  USB powered: false
  Wireless powered: false
  Max charging current: 0
  Max charging voltage: 0
  Charge counter: 4232527
  status: 3
  health: 2
  present: true
  level: 69
  scale: 100
  voltage: 3732
  temperature: 277
  technology: Li-ion
Current Battery Service state:
  AC powered: false
  USB powered: false
  Wireless powered: false
  Max charging current: 0
  Max charging voltage: 0
  Charge counter: 4232527
  status: 3
  health: 2
  present: true
  level: 69
  scale: 100
  voltage: 3732
  temperature: 277
  technology: Li-ion
Current Battery Service state:
  AC powered: false
  USB powered: false
  Wireless powered: false
  Max charging current: 0
  Max charging voltage: 0
  Charge counter: 4232527
  status: 3
  health: 2
  present: true
  level: 69
  scale: 100
  voltage: 3732
  temperature: 277
  technology: Li-ion
Current Battery Service state:
  AC powered: false
  USB powered: false
  Wireless powered: false
  Max charging current: 0
  Max charging voltage: 0
  Charge counter: 4232527
  status: 3
  health: 2
  present: true
  level: 69
  scale: 100
  voltage: 3732
  temperature: 277
  technology: Li-ion
Current Battery Service state:
  AC powered: false
  USB powered: false
  Wireless powered: false
  Max charging current: 0
  Max charging voltage: 0
  Charge counter: 4225696
  status: 3
  health: 2
  present: true
  level: 69
  scale: 100
  voltage: 3731
  temperature: 277
  technology: Li-ion
Current Battery Service state:
  AC powered: false
  USB powered: false
  Wireless powered: false
  Max charging current: 0
  Max charging voltage: 0
  Charge counter: 4225696
  status: 3
  health: 2
  present: true
  level: 69
  scale: 100
  voltage: 3731
  temperature: 277
  technology: Li-ion
Current Battery Service state:
  AC powered: false
  USB powered: false
  Wireless powered: false
  Max charging current: 0
  Max charging voltage: 0
  Charge counter: 4225696
  status: 3
  health: 2
  present: true
  level: 69
  scale: 100
  voltage: 3731
  temperature: 277
  technology: Li-ion
Current Battery Service state:
  AC powered: false
  USB powered: false
  Wireless powered: false
  Max charging current: 0
  Max charging voltage: 0
  Charge counter: 4225696
  status: 3
  health: 2
  present: true
  level: 69
  scale: 100
  voltage: 3731
  temperature: 277
  technology: Li-ion
Current Battery Service state:
  AC powered: false
  USB powered: false
  Wireless powered: false
  Max charging current: 0
  Max charging voltage: 0
  Charge counter: 4225696
  status: 3
  health: 2
  present: true
  level: 69
  scale: 100
  voltage: 3731
  temperature: 277
  technology: Li-ion
Current Battery Service state:
  AC powered: false
  USB powered: false
  Wireless powered: false
  Max charging current: 0
  Max charging voltage: 0
  Charge counter: 4225696
  status: 3
  health: 2
  present: true
  level: 69
  scale: 100
  voltage: 3731
  temperature: 277
  technology: Li-ion
Current Battery Service state:
  AC powered: false
  USB powered: false
  Wireless powered: false
  Max charging current: 0
  Max charging voltage: 0
  Charge counter: 4225696
  status: 3
  health: 2
  present: true
  level: 69
  scale: 100
  voltage: 3731
  temperature: 277
  technology: Li-ion
Current Battery Service state:
  AC powered: false
  USB powered: false
  Wireless powered: false
  Max charging current: 0
  Max charging voltage: 0
  Charge counter: 4225696
  status: 3
  health: 2
  present: true
  level: 69
  scale: 100
  voltage: 3731
  temperature: 277
  technology: Li-ion
Current Battery Service state:
  AC powered: false
  USB powered: false
  Wireless powered: false
  Max charging current: 0
  Max charging voltage: 0
  Charge counter: 4225696
  status: 3
  health: 2
  present: true
  level: 69
  scale: 100
  voltage: 3731
  temperature: 277
  technology: Li-ion
Current Battery Service state:
  AC powered: false
  USB powered: false
  Wireless powered: false
  Max charging current: 0
  Max charging voltage: 0
  Charge counter: 4225696
  status: 3
  health: 2
  present: true
  level: 69
  scale: 100
  voltage: 3731
  temperature: 277
  technology: Li-ion
Current Battery Service state:
  AC powered: false
  USB powered: false
  Wireless powered: false
  Max charging current: 0
  Max charging voltage: 0
  Charge counter: 4218877
  status: 3
  health: 2
  present: true
  level: 69
  scale: 100
  voltage: 3731
  temperature: 280
  technology: Li-ion
Current Battery Service state:
  AC powered: false
  USB powered: false
  Wireless powered: false
  Max charging current: 0
  Max charging voltage: 0
  Charge counter: 4218877
  status: 3
  health: 2
  present: true
  level: 69
  scale: 100
  voltage: 3731
  temperature: 280
  technology: Li-ion
Current Battery Service state:
  AC powered: false
  USB powered: false
  Wireless powered: false
  Max charging current: 0
  Max charging voltage: 0
  Charge counter: 4218877
  status: 3
  health: 2
  present: true
  level: 69
  scale: 100
  voltage: 3731
  temperature: 280
  technology: Li-ion
Current Battery Service state:
  AC powered: false
  USB powered: false
  Wireless powered: false
  Max charging current: 0
  Max charging voltage: 0
  Charge counter: 4218877
  status: 3
  health: 2
  present: true
  level: 69
  scale: 100
  voltage: 3731
  temperature: 280
  technology: Li-ion
Current Battery Service state:
  AC powered: false
  USB powered: false
  Wireless powered: false
  Max charging current: 0
  Max charging voltage: 0
  Charge counter: 4218877
  status: 3
  health: 2
  present: true
  level: 69
  scale: 100
  voltage: 3731
  temperature: 280
  technology: Li-ion
Current Battery Service state:
  AC powered: false
  USB powered: false
  Wireless powered: false
  Max charging current: 0
  Max charging voltage: 0
  Charge counter: 4218877
  status: 3
  health: 2
  present: true
  level: 69
  scale: 100
  voltage: 3731
  temperature: 280
  technology: Li-ion
Current Battery Service state:
  AC powered: false
  USB powered: false
  Wireless powered: false
  Max charging current: 0
  Max charging voltage: 0
  Charge counter: 4218877
  status: 3
  health: 2
  present: true
  level: 69
  scale: 100
  voltage: 3731
  temperature: 280
  technology: Li-ion
Current Battery Service state:
  AC powered: false
  USB powered: false
  Wireless powered: false
  Max charging current: 0
  Max charging voltage: 0
  Charge counter: 4218877
  status: 3
  health: 2
  present: true
  level: 69
  scale: 100
  voltage: 3731
  temperature: 280
  technology: Li-ion
Current Battery Service state:
  AC powered: false
  USB powered: false
  Wireless powered: false
  Max charging current: 0
  Max charging voltage: 0
  Charge counter: 4218877
  status: 3
  health: 2
  present: true
  level: 69
  scale: 100
  voltage: 3731
  temperature: 280
  technology: Li-ion
Current Battery Service state:
  AC powered: false
  USB powered: false
  Wireless powered: false
  Max charging current: 0
  Max charging voltage: 0
  Charge counter: 4218877
  status: 3
  health: 2
  present: true
  level: 69
  scale: 100
  voltage: 3731
  temperature: 280
  technology: Li-ion
Current Battery Service state:
  AC powered: false
  USB powered: false
  Wireless powered: false
  Max charging current: 0
  Max charging voltage: 0
  Charge counter: 4211764
  status: 3
  health: 2
  present: true
  level: 69
  scale: 100
  voltage: 3734
  temperature: 280
  technology: Li-ion
Current Battery Service state:
  AC powered: false
  USB powered: false
  Wireless powered: false
  Max charging current: 0
  Max charging voltage: 0
  Charge counter: 4211764
  status: 3
  health: 2
  present: true
  level: 69
  scale: 100
  voltage: 3734
  temperature: 280
  technology: Li-ion
Current Battery Service state:
  AC powered: false
  USB powered: false
  Wireless powered: false
  Max charging current: 0
  Max charging voltage: 0
  Charge counter: 4211764
  status: 3
  health: 2
  present: true
  level: 69
  scale: 100
  voltage: 3734
  temperature: 280
  technology: Li-ion
Current Battery Service state:
  AC powered: false
  USB powered: false
  Wireless powered: false
  Max charging current: 0
  Max charging voltage: 0
  Charge counter: 4211764
  status: 3
  health: 2
  present: true
  level: 69
  scale: 100
  voltage: 3734
  temperature: 280
  technology: Li-ion
Current Battery Service state:
  AC powered: false
  USB powered: false
  Wireless powered: false
  Max charging current: 0
  Max charging voltage: 0
  Charge counter: 4211764
  status: 3
  health: 2
  present: true
  level: 69
  scale: 100
  voltage: 3734
  temperature: 280
  technology: Li-ion
Current Battery Service state:
  AC powered: false
  USB powered: false
  Wireless powered: false
  Max charging current: 0
  Max charging voltage: 0
  Charge counter: 4211764
  status: 3
  health: 2
  present: true
  level: 69
  scale: 100
  voltage: 3734
  temperature: 280
  technology: Li-ion
Current Battery Service state:
  AC powered: false
  USB powered: false
  Wireless powered: false
  Max charging current: 0
  Max charging voltage: 0
  Charge counter: 4211764
  status: 3
  health: 2
  present: true
  level: 69
  scale: 100
  voltage: 3734
  temperature: 280
  technology: Li-ion
Current Battery Service state:
  AC powered: false
  USB powered: false
  Wireless powered: false
  Max charging current: 0
  Max charging voltage: 0
  Charge counter: 4206392
  status: 3
  health: 2
  present: true
  level: 69
  scale: 100
  voltage: 3730
  temperature: 280
  technology: Li-ion
Current Battery Service state:
  AC powered: false
  USB powered: false
  Wireless powered: false
  Max charging current: 0
  Max charging voltage: 0
  Charge counter: 4206392
  status: 3
  health: 2
  present: true
  level: 69
  scale: 100
  voltage: 3730
  temperature: 280
  technology: Li-ion
Current Battery Service state:
  AC powered: false
  USB powered: false
  Wireless powered: false
  Max charging current: 0
  Max charging voltage: 0
  Charge counter: 4206392
  status: 3
  health: 2
  present: true
  level: 69
  scale: 100
  voltage: 3730
  temperature: 280
  technology: Li-ion
Current Battery Service state:
  AC powered: false
  USB powered: false
  Wireless powered: false
  Max charging current: 0
  Max charging voltage: 0
  Charge counter: 4204359
  status: 3
  health: 2
  present: true
  level: 69
  scale: 100
  voltage: 3730
  temperature: 275
  technology: Li-ion
Current Battery Service state:
  AC powered: false
  USB powered: false
  Wireless powered: false
  Max charging current: 0
  Max charging voltage: 0
  Charge counter: 4204359
  status: 3
  health: 2
  present: true
  level: 69
  scale: 100
  voltage: 3730
  temperature: 275
  technology: Li-ion
Current Battery Service state:
  AC powered: false
  USB powered: false
  Wireless powered: false
  Max charging current: 0
  Max charging voltage: 0
  Charge counter: 4204359
  status: 3
  health: 2
  present: true
  level: 69
  scale: 100
  voltage: 3730
  temperature: 275
  technology: Li-ion
