7.44 7.83 7.78 1/2873 21741
7.44 7.83 7.78 4/2873 21768
7.40 7.81 7.78 2/2873 21795
7.40 7.81 7.78 4/2873 21822
7.40 7.81 7.78 3/2871 21849
7.40 7.81 7.78 5/2871 21877
7.40 7.81 7.78 5/2871 21904
7.45 7.82 7.78 5/2871 21931
7.45 7.82 7.78 1/2871 21958
7.45 7.82 7.78 5/2873 21987
7.45 7.82 7.78 1/2873 22014
7.45 7.82 7.78 5/2873 22041
7.65 7.85 7.79 1/2873 22068
7.65 7.85 7.79 2/2873 22095
7.65 7.85 7.79 3/2873 22122
7.65 7.85 7.79 3/2873 22149
7.65 7.85 7.79 4/2873 22180
7.60 7.84 7.79 1/2873 22212
7.60 7.84 7.79 1/2873 22239
7.60 7.84 7.79 9/2873 22266
7.60 7.84 7.79 3/2873 22293
7.60 7.84 7.79 6/2873 22320
7.47 7.81 7.78 4/2873 22347
7.47 7.81 7.78 10/2878 22381
7.47 7.81 7.78 3/2878 22409
7.47 7.81 7.78 4/2878 22436
7.47 7.81 7.78 1/2878 22463
7.35 7.78 7.77 4/2878 22490
7.35 7.78 7.77 1/2878 22518
7.35 7.78 7.77 4/2878 22545
7.35 7.78 7.77 2/2878 22572
7.35 7.78 7.77 4/2878 22599
7.33 7.76 7.76 6/2878 22626
7.33 7.76 7.76 5/2878 22653
7.33 7.76 7.76 6/2878 22680
7.33 7.76 7.76 7/2878 22707
7.33 7.76 7.76 5/2879 22735
7.38 7.77 7.76 4/2879 22762
7.38 7.77 7.76 6/2879 22789
7.38 7.77 7.76 1/2879 22817
7.38 7.77 7.76 1/2878 22845
7.38 7.77 7.76 2/2879 22873
7.27 7.74 7.75 2/2879 22900
7.27 7.74 7.75 2/2879 22927
7.27 7.74 7.75 2/2879 22954
7.27 7.74 7.75 5/2880 22982
7.27 7.74 7.75 3/2880 23009
7.17 7.71 7.74 3/2880 23036
7.17 7.71 7.74 4/2880 23063
7.17 7.71 7.74 8/2880 23090
7.17 7.71 7.74 1/2880 23118
7.17 7.71 7.74 2/2880 23145
7.39 7.75 7.76 4/2880 23172
7.39 7.75 7.76 2/2880 23199
7.39 7.75 7.76 5/2880 23226
7.39 7.75 7.76 3/2880 23253
7.39 7.75 7.76 3/2880 23280
7.36 7.73 7.75 2/2880 23307
7.36 7.73 7.75 1/2880 23334
7.36 7.73 7.75 5/2880 23361
7.36 7.73 7.75 1/2880 23388
7.36 7.73 7.75 3/2880 23415
7.41 7.74 7.75 4/2880 23443
7.41 7.74 7.75 3/2880 23470
7.41 7.74 7.75 2/2880 23497
7.41 7.74 7.75 2/2880 23524
7.41 7.74 7.75 4/2880 23568
7.46 7.74 7.76 4/2880 23595
7.46 7.74 7.76 1/2880 23622
7.46 7.74 7.76 3/2879 23649
7.46 7.74 7.76 1/2879 23677
7.46 7.74 7.76 2/2879 23704
7.42 7.73 7.75 4/2879 23731
7.42 7.73 7.75 4/2879 23759
7.42 7.73 7.75 6/2879 23786
7.42 7.73 7.75 8/2879 23813
7.42 7.73 7.75 1/2879 23844
7.39 7.72 7.75 3/2879 23879
7.39 7.72 7.75 1/2879 23909
7.39 7.72 7.75 2/2879 23937
7.39 7.72 7.75 2/2879 23964
7.39 7.72 7.75 4/2879 23991
7.36 7.71 7.74 5/2879 24018
7.36 7.71 7.74 8/2875 24045
7.36 7.71 7.74 2/2875 24074
7.36 7.71 7.74 3/2875 24101
7.36 7.71 7.74 5/2875 24128
7.81 7.79 7.77 6/2875 24156
7.81 7.79 7.77 1/2873 24183
7.81 7.79 7.77 2/2873 24210
7.81 7.79 7.77 3/2873 24237
7.81 7.79 7.77 5/2873 24264
7.91 7.81 7.78 3/2873 24291
7.91 7.81 7.78 5/2873 24318
7.91 7.81 7.78 3/2873 24345
7.91 7.81 7.78 2/2873 24372
7.91 7.81 7.78 5/2873 24400
7.83 7.80 7.77 3/2874 24428
7.83 7.80 7.77 5/2874 24455
7.83 7.80 7.77 5/2874 24482
7.83 7.80 7.77 3/2874 24509
7.83 7.80 7.77 5/2874 24536
7.83 7.80 7.77 3/2874 24563
7.77 7.79 7.77 4/2874 24590
7.77 7.79 7.77 4/2874 24617
7.77 7.79 7.77 8/2874 24645
7.77 7.79 7.77 3/2874 24672
7.77 7.79 7.77 6/2874 24700
7.79 7.79 7.77 1/2874 24727
7.79 7.79 7.77 1/2874 24754
7.79 7.79 7.77 2/2874 24781
7.79 7.79 7.77 5/2874 24808
7.79 7.79 7.77 3/2874 24835
7.88 7.81 7.78 9/2874 24862
7.88 7.81 7.78 2/2874 24889
7.88 7.81 7.78 3/2874 24916
7.88 7.81 7.78 8/2874 24943
7.88 7.81 7.78 5/2874 24970
7.89 7.81 7.78 3/2874 24998
7.89 7.81 7.78 3/2874 25025
7.89 7.81 7.78 7/2874 25052
7.89 7.81 7.78 7/2874 25079
7.89 7.81 7.78 4/2874 25106
7.90 7.82 7.78 4/2874 25133
7.90 7.82 7.78 1/2874 25160
7.90 7.82 7.78 2/2874 25187
7.90 7.82 7.78 6/2874 25214
7.90 7.82 7.78 3/2874 25242
8.07 7.85 7.79 7/2880 25277
8.07 7.85 7.79 1/2880 25305
8.07 7.85 7.79 8/2880 25332
8.07 7.85 7.79 7/2880 25359
8.07 7.85 7.79 1/2880 25386
8.14 7.87 7.80 5/2880 25413
8.14 7.87 7.80 3/2880 25440
8.14 7.87 7.80 6/2880 25467
8.14 7.87 7.80 3/2880 25498
8.14 7.87 7.80 10/2874 25529
8.13 7.88 7.80 3/2874 25556
8.13 7.88 7.80 2/2874 25583
8.13 7.88 7.80 4/2874 25610
8.13 7.88 7.80 1/2874 25638
8.13 7.88 7.80 7/2874 25665
8.36 7.93 7.82 8/2880 25700
8.36 7.93 7.82 3/2880 25728
8.36 7.93 7.82 4/2880 25755
8.36 7.93 7.82 4/2880 25782
8.36 7.93 7.82 3/2880 25809
8.17 7.90 7.81 4/2880 25836
8.17 7.90 7.81 4/2880 25863
8.17 7.90 7.81 4/2880 25890
8.17 7.90 7.81 7/2881 25918
8.17 7.90 7.81 2/2881 25946
8.08 7.88 7.80 4/2881 25973
8.08 7.88 7.80 1/2881 26000
8.08 7.88 7.80 5/2881 26027
8.08 7.88 7.80 2/2881 26054
8.08 7.88 7.80 4/2881 26081
7.91 7.85 7.79 2/2881 26108
7.91 7.85 7.79 3/2881 26135
7.91 7.85 7.79 3/2881 26162
7.91 7.85 7.79 4/2881 26189
7.91 7.85 7.79 5/2881 26216
7.92 7.85 7.80 1/2881 26244
7.92 7.85 7.80 2/2881 26271
7.92 7.85 7.80 1/2881 26298
7.92 7.85 7.80 6/2881 26325
7.92 7.85 7.80 3/2881 26352
7.93 7.86 7.80 2/2881 26379
7.93 7.86 7.80 2/2881 26406
7.93 7.86 7.80 1/2886 26443
7.93 7.86 7.80 3/2886 26470
7.93 7.86 7.80 5/2886 26498
8.33 7.94 7.83 4/2883 26525
8.33 7.94 7.83 1/2883 26552
8.33 7.94 7.83 2/2883 26580
8.33 7.94 7.83 2/2883 26607
8.33 7.94 7.83 5/2883 26634
8.39 7.96 7.83 5/2883 26661
8.39 7.96 7.83 10/2883 26688
8.39 7.96 7.83 3/2883 26715
8.39 7.96 7.83 5/2883 26742
8.39 7.96 7.83 1/2883 26769
8.28 7.94 7.83 6/2883 26796
8.28 7.94 7.83 5/2883 26823
8.28 7.94 7.83 9/2883 26850
8.28 7.94 7.83 2/2883 26878
8.28 7.94 7.83 1/2883 26905
8.57 8.01 7.85 1/2883 26932
8.57 8.01 7.85 4/2880 26959
8.57 8.01 7.85 2/2880 26986
8.57 8.01 7.85 4/2880 27013
8.57 8.01 7.85 5/2880 27040
8.37 7.98 7.84 5/2880 27067
8.37 7.98 7.84 3/2878 27094
8.37 7.98 7.84 3/2878 27121
8.37 7.98 7.84 3/2878 27152
8.37 7.98 7.84 3/2878 27184
8.42 7.99 7.85 4/2878 27211
8.42 7.99 7.85 7/2878 27238
8.42 7.99 7.85 2/2878 27265
8.42 7.99 7.85 1/2878 27292
8.42 7.99 7.85 3/2878 27319
8.22 7.96 7.83 8/2874 27346
8.22 7.96 7.83 2/2874 27374
8.22 7.96 7.83 4/2874 27401
8.22 7.96 7.83 5/2874 27428
8.22 7.96 7.83 4/2874 27455
7.97 7.91 7.82 3/2872 27483
7.97 7.91 7.82 2/2872 27510
7.97 7.91 7.82 1/2872 27537
7.97 7.91 7.82 1/2873 27566
7.97 7.91 7.82 7/2873 27593
8.21 7.96 7.84 7/2873 27620
8.21 7.96 7.84 1/2873 27647
8.21 7.96 7.84 4/2873 27674
8.21 7.96 7.84 3/2873 27701
8.21 7.96 7.84 1/2873 27728
8.11 7.95 7.83 3/2873 27755
8.11 7.95 7.83 4/2873 27782
8.11 7.95 7.83 2/2873 27810
8.11 7.95 7.83 9/2873 27837
8.11 7.95 7.83 5/2873 27864
8.42 8.01 7.85 3/2873 27891
8.42 8.01 7.85 4/2873 27918
8.42 8.01 7.85 2/2873 27945
8.42 8.01 7.85 2/2873 27972
8.42 8.01 7.85 4/2873 27999
8.31 8.00 7.85 5/2873 28026
8.31 8.00 7.85 6/2873 28053
8.31 8.00 7.85 2/2870 28080
8.31 8.00 7.85 1/2870 28108
