2287.59 13046.98
2288.58 13052.65
2289.58 13058.28
2290.58 13063.92
2291.58 13069.53
2292.58 13075.24
2293.58 13080.77
2294.58 13086.53
2295.58 13092.38
2296.58 13098.10
2297.58 13103.64
2298.58 13109.32
2299.58 13115.33
2300.59 13121.20
2301.58 13127.03
2302.58 13132.93
2303.58 13139.07
2304.58 13144.95
2305.59 13151.16
2306.57 13157.23
2307.58 13163.77
2308.58 13169.73
2309.58 13175.88
2310.57 13181.88
2311.58 13187.18
2312.58 13193.02
2313.58 13198.89
2314.59 13204.80
2315.58 13211.02
2316.59 13217.27
2317.58 13223.39
2318.59 13229.40
2319.59 13235.53
2320.59 13241.56
2321.58 13247.50
2322.59 13253.69
2323.59 13259.93
2324.58 13266.04
2325.59 13272.19
2326.59 13278.23
2327.59 13284.45
2328.58 13290.63
2329.58 13296.94
2330.59 13303.33
2331.58 13309.60
2332.58 13315.81
2333.58 13321.63
2334.58 13327.81
2335.58 13334.02
2336.58 13339.98
2337.59 13346.17
2338.58 13352.41
2339.59 13358.55
2340.58 13364.67
2341.58 13370.25
2342.58 13375.80
2343.58 13381.42
2344.57 13387.03
2345.59 13393.17
2346.58 13398.85
2347.57 13404.72
2348.59 13410.68
2349.58 13416.58
2350.59 13422.76
2351.59 13428.84
2352.58 13435.08
2353.59 13441.30
2354.58 13447.33
2355.58 13453.52
2356.58 13459.83
2357.57 13465.98
2358.58 13472.03
2359.58 13478.45
2360.58 13484.61
2361.58 13490.90
2362.58 13497.03
2363.58 13503.19
2364.59 13509.36
2365.59 13515.41
2366.58 13521.55
2367.57 13527.61
2368.58 13533.45
2369.57 13539.22
2370.58 13544.91
2371.58 13550.77
2372.58 13556.33
2373.58 13561.78
2374.59 13566.71
2375.58 13571.98
2376.59 13577.22
2377.58 13582.67
2378.58 13588.18
2379.58 13594.21
2380.58 13600.28
2381.59 13606.30
2382.58 13612.26
2383.58 13618.34
2384.59 13624.41
2385.58 13630.37
2386.58 13636.41
2387.58 13642.56
2388.59 13648.63
2389.58 13654.69
2390.57 13660.82
2391.58 13667.11
2392.58 13673.21
2393.59 13679.12
2394.59 13685.13
2395.58 13691.31
2396.58 13697.22
2397.59 13703.13
2398.58 13708.94
2399.58 13715.22
2400.58 13721.26
2401.59 13727.57
2402.58 13733.66
2403.57 13739.60
2404.59 13745.14
2405.58 13750.95
2406.58 13756.40
2407.59 13761.89
2408.59 13767.72
2409.58 13773.59
2410.58 13779.78
2411.58 13785.97
2412.59 13792.23
2413.58 13798.30
2414.58 13804.34
2415.58 13810.66
2416.58 13816.41
2417.58 13822.50
2418.58 13828.68
2419.58 13835.00
2420.59 13841.13
2421.58 13847.00
2422.58 13853.12
2423.58 13859.22
2424.58 13864.79
2425.59 13870.69
2426.58 13876.53
2427.57 13882.47
2428.59 13888.63
2429.59 13894.70
2430.58 13900.58
2431.58 13906.41
2432.58 13912.54
2433.58 13918.74
2434.59 13924.79
2435.58 13931.15
2436.59 13936.97
2437.57 13942.10
2438.59 13947.95
2439.58 13953.57
2440.59 13959.37
2441.58 13965.28
2442.59 13971.50
2443.58 13977.67
2444.59 13983.82
2445.59 13990.15
2446.58 13996.15
2447.58 14002.28
2448.58 14008.38
2449.58 14014.39
2450.58 14020.30
2451.59 14026.58
2452.59 14032.99
2453.59 14039.04
2454.58 14045.11
2455.60 14051.44
2456.59 14057.61
2457.58 14063.48
2458.58 14069.52
2459.59 14075.80
2460.58 14081.74
2461.59 14087.92
2462.58 14094.03
2463.59 14100.24
2464.58 14106.26
2465.59 14112.65
2466.58 14118.76
2467.58 14124.37
2468.58 14130.21
2469.59 14136.12
2470.58 14141.79
2471.58 14147.45
2472.58 14153.08
2473.59 14158.71
2474.59 14164.23
2475.58 14169.62
2476.58 14175.44
2477.59 14181.02
2478.58 14186.77
2479.59 14192.28
2480.59 14197.82
2481.58 14203.58
2482.57 14209.20
2483.59 14215.30
2484.59 14221.18
2485.58 14227.25
2486.58 14233.26
2487.59 14239.33
2488.59 14245.43
2489.58 14251.69
2490.59 14257.71
2491.58 14263.60
2492.58 14269.08
2493.59 14274.58
2494.58 14280.23
2495.59 14285.76
2496.59 14291.39
2497.57 14296.81
2498.59 14302.46
2499.58 14307.89
2500.59 14312.66
2501.59 14317.87
2502.58 14323.03
2503.59 14328.37
2504.59 14334.23
2505.59 14340.31
2506.58 14346.02
2507.58 14352.23
2508.58 14358.36
2509.58 14364.23
2510.58 14370.25
2511.58 14376.35
2512.59 14382.73
2513.58 14389.01
2514.58 14395.34
2515.59 14401.87
2516.58 14407.89
2517.57 14414.05
2518.59 14420.58
