423.48 1392.63
424.48 1394.11
425.56 1395.31
426.58 1398.76
427.50 1402.11
428.53 1405.64
429.55 1409.11
430.57 1412.68
431.60 1416.15
432.52 1419.34
433.48 1422.65
434.57 1426.43
435.48 1429.66
436.48 1433.03
437.54 1436.68
438.52 1440.02
439.59 1443.73
440.51 1446.93
441.47 1450.33
442.56 1453.93
443.58 1457.32
444.50 1460.51
445.52 1463.85
446.55 1467.11
447.48 1470.17
448.49 1473.32
449.48 1475.89
450.48 1476.67
451.48 1479.18
452.59 1481.32
453.51 1484.07
454.50 1486.63
455.48 1488.21
456.58 1490.44
457.48 1492.38
458.48 1494.98
459.48 1497.87
460.48 1500.70
461.48 1503.38
462.53 1506.52
463.48 1509.34
464.48 1512.28
465.50 1515.36
466.53 1518.48
467.55 1521.66
468.57 1524.83
469.49 1527.65
470.51 1530.78
471.54 1533.89
472.56 1536.94
473.58 1540.01
474.49 1542.70
475.53 1545.73
476.56 1548.94
477.58 1552.13
478.50 1555.01
479.53 1558.25
480.55 1561.43
481.49 1564.32
482.60 1567.33
483.52 1569.87
484.54 1572.92
485.48 1575.70
486.49 1578.77
487.49 1581.72
488.50 1584.74
489.48 1587.73
490.59 1591.17
491.51 1594.00
492.53 1597.06
493.55 1600.14
494.48 1602.93
495.51 1606.03
496.53 1609.10
497.55 1612.07
498.48 1614.95
499.48 1617.87
500.48 1620.62
501.50 1623.75
502.49 1626.55
503.49 1629.15
504.49 1631.36
505.48 1634.01
506.49 1636.89
507.50 1639.61
508.48 1642.31
509.48 1645.16
510.50 1647.94
511.48 1650.71
512.49 1653.28
513.50 1655.88
514.48 1658.67
515.52 1661.85
516.48 1664.47
517.48 1667.06
518.49 1669.80
519.49 1672.61
520.48 1675.35
521.52 1678.42
522.49 1681.21
523.50 1684.15
524.49 1687.06
525.49 1689.64
526.48 1692.29
527.49 1695.22
528.48 1698.11
529.48 1701.09
530.48 1703.91
531.49 1706.73
532.48 1709.61
533.52 1712.55
534.49 1715.23
535.48 1717.96
536.49 1720.78
537.52 1723.61
538.49 1726.17
539.49 1728.67
540.48 1731.27
541.48 1734.01
542.48 1736.82
543.48 1739.51
544.48 1742.04
545.49 1744.67
546.49 1746.74
547.49 1748.59
548.48 1750.94
549.48 1753.23
550.49 1755.78
551.48 1758.09
552.48 1760.50
553.48 1762.95
554.48 1765.46
555.48 1768.00
556.48 1770.50
557.48 1772.85
558.49 1775.31
559.49 1777.64
560.48 1780.09
561.48 1782.58
562.48 1785.13
563.49 1787.77
564.49 1790.44
565.48 1793.05
566.48 1795.62
567.49 1798.38
568.49 1800.60
569.48 1802.80
570.48 1805.10
571.49 1807.55
572.48 1809.97
573.50 1812.62
574.49 1815.26
575.48 1817.64
576.49 1820.13
577.48 1822.65
578.48 1825.28
579.49 1827.83
580.49 1830.20
581.49 1832.73
582.48 1835.24
583.49 1837.81
584.48 1840.34
585.49 1842.87
586.48 1845.36
587.49 1847.76
588.48 1850.29
589.49 1852.58
590.48 1854.40
591.49 1856.80
592.49 1859.22
593.50 1861.66
594.49 1864.08
595.48 1866.45
596.51 1868.95
597.49 1871.32
598.49 1873.83
599.49 1876.33
600.49 1878.76
601.49 1881.26
602.48 1883.75
603.48 1886.28
604.48 1888.81
605.48 1891.38
606.48 1894.21
607.49 1897.05
608.49 1899.86
609.49 1902.40
610.48 1904.95
611.48 1907.22
612.49 1909.75
613.49 1912.39
614.49 1915.04
615.52 1917.75
616.51 1920.03
617.49 1922.44
618.49 1925.11
619.48 1927.75
620.48 1930.09
621.48 1932.76
622.48 1935.09
623.49 1937.60
624.50 1939.97
625.48 1942.45
626.49 1945.18
627.53 1947.83
628.48 1950.13
629.49 1952.74
630.48 1955.27
631.48 1957.83
632.49 1960.06
633.48 1962.14
634.48 1964.84
635.49 1967.54
636.48 1969.98
637.48 1972.45
638.49 1974.85
639.48 1977.16
640.49 1979.60
641.48 1982.18
642.49 1984.86
643.48 1987.35
644.48 1988.75
645.49 1990.33
646.49 1992.02
647.49 1993.84
648.49 1995.59
649.48 1997.38
650.50 1999.11
651.50 2000.69
652.49 2003.16
653.49 2005.62
654.48 2007.72
655.50 2010.09
656.49 2012.60
657.48 2015.23
658.49 2017.95
659.50 2020.66
660.49 2023.28
661.49 2025.82
662.48 2028.17
663.49 2030.69
664.48 2033.36
665.48 2035.91
666.49 2038.51
667.48 2041.16
668.49 2043.88
669.49 2046.57
670.48 2049.19
671.53 2051.94
672.48 2054.36
673.48 2056.99
674.49 2059.54
675.49 2061.81
676.49 2064.12
677.50 2066.71
678.49 2069.40
679.49 2071.97
680.48 2074.34
681.48 2076.97
682.49 2079.57
683.48 2082.05
684.48 2084.58
685.48 2086.86
686.49 2089.35
687.54 2092.05
688.50 2094.55
689.49 2097.18
690.50 2099.71
691.49 2102.17
692.48 2104.63
693.49 2107.13
694.49 2109.61
695.50 2112.11
696.53 2114.46
697.49 2116.37
698.49 2118.73
699.48 2121.20
700.49 2123.61
701.48 2126.08
702.49 2128.65
703.48 2131.17
704.49 2133.72
705.49 2136.14
706.49 2138.63
707.50 2141.12
708.48 2143.61
709.50 2146.09
710.49 2148.46
711.49 2150.96
712.49 2153.55
713.48 2156.17
714.51 2158.83
715.49 2161.37
716.49 2163.91
717.51 2166.56
718.49 2168.72
719.49 2170.97
720.49 2173.42
721.49 2175.85
722.48 2178.26
723.51 2180.84
724.49 2183.30
725.49 2185.80
726.49 2188.36
727.48 2191.04
728.49 2193.57
729.49 2196.00
730.48 2198.31
731.49 2200.81
732.48 2203.39
733.49 2206.03
734.49 2208.62
735.49 2211.27
736.50 2213.87
737.53 2216.41
738.49 2218.91
739.50 2221.21
740.54 2223.31
741.49 2225.86
742.49 2228.53
743.49 2230.95
744.49 2233.36
745.49 2235.77
746.49 2238.22
747.48 2240.72
748.49 2243.34
749.51 2246.06
750.49 2248.59
751.48 2251.11
752.49 2253.85
753.52 2256.67
754.48 2259.25
755.48 2261.91
756.53 2264.78
757.50 2267.42
758.49 2270.07
759.49 2272.71
760.49 2275.14
761.48 2277.26
762.49 2279.77
763.53 2282.50
764.52 2285.13
765.50 2287.61
766.49 2290.14
767.49 2292.65
768.49 2295.29
769.49 2297.94
770.49 2300.65
771.49 2303.35
772.49 2306.12
773.50 2308.85
774.51 2311.61
775.51 2314.31
776.50 2316.95
777.49 2319.65
778.48 2322.51
779.49 2325.22
780.49 2327.80
781.49 2330.42
782.52 2332.66
783.49 2334.59
784.49 2337.24
785.49 2339.75
786.50 2342.33
787.49 2345.02
788.49 2347.73
789.50 2350.19
790.49 2352.45
791.50 2354.72
792.49 2357.04
793.49 2359.59
794.48 2362.11
795.50 2364.69
796.48 2367.11
797.49 2369.34
798.51 2371.80
799.48 2374.12
800.49 2376.55
801.49 2379.20
802.49 2381.87
803.51 2384.45
804.48 2386.50
805.49 2388.76
806.48 2391.24
807.50 2393.84
808.49 2396.44
809.49 2399.13
810.49 2401.76
811.49 2404.43
812.49 2406.96
813.52 2409.75
814.49 2412.42
815.49 2415.21
816.52 2418.12
817.49 2420.74
818.49 2423.36
819.49 2426.08
820.50 2428.82
821.49 2431.39
822.49 2434.06
823.48 2436.84
824.49 2439.62
825.48 2441.96
826.49 2444.21
827.49 2446.96
828.48 2449.60
829.49 2452.39
830.49 2455.15
831.49 2457.75
832.49 2460.51
833.50 2463.27
834.49 2465.93
835.49 2468.58
836.50 2471.13
837.49 2473.49
838.49 2475.90
839.48 2478.46
840.49 2481.21
841.50 2484.02
842.49 2486.69
843.50 2489.52
844.49 2492.30
845.50 2495.00
846.48 2497.53
847.50 2499.90
848.49 2502.42
849.49 2505.21
850.49 2507.74
851.49 2510.26
852.50 2512.92
853.50 2515.66
854.49 2518.37
855.49 2521.17
856.49 2523.94
857.49 2526.64
858.52 2529.34
859.49 2531.93
860.49 2534.51
861.50 2537.21
862.50 2539.89
863.49 2542.40
864.49 2545.06
865.49 2547.78
866.49 2550.48
867.49 2552.97
868.49 2555.27
869.50 2557.61
870.50 2560.34
871.50 2563.13
872.50 2565.95
873.49 2568.68
874.50 2571.28
875.50 2573.85
876.50 2576.39
877.51 2579.05
878.49 2581.72
879.52 2584.47
880.49 2586.88
881.50 2589.53
882.49 2592.03
883.49 2594.80
884.49 2597.12
885.50 2599.51
886.49 2602.00
887.49 2604.51
888.49 2606.99
889.48 2609.41
890.49 2611.33
891.51 2613.65
892.50 2616.14
893.49 2618.65
894.50 2621.27
895.49 2623.74
896.50 2626.28
897.49 2628.72
898.49 2631.18
899.49 2633.66
900.49 2636.26
901.49 2638.79
902.49 2641.31
903.49 2643.75
904.49 2646.28
905.50 2648.70
906.50 2651.31
907.50 2653.94
908.50 2656.46
909.50 2658.93
910.48 2661.24
911.49 2663.20
912.50 2665.18
913.51 2667.63
914.49 2669.98
915.49 2672.47
916.51 2675.02
917.50 2677.55
918.51 2679.97
919.51 2682.52
920.50 2684.93
921.49 2687.33
922.50 2689.90
923.49 2692.43
924.49 2694.50
925.49 2696.93
926.49 2699.19
927.50 2701.60
928.49 2704.16
929.50 2706.89
930.51 2709.55
931.50 2711.78
932.50 2713.95
933.50 2715.80
934.50 2718.01
935.50 2720.43
936.49 2722.85
937.49 2725.37
938.50 2727.99
939.50 2730.66
940.49 2733.20
941.49 2735.87
942.49 2738.57
943.50 2741.31
944.49 2743.95
945.49 2746.57
946.49 2749.27
947.50 2751.74
948.49 2754.39
949.50 2757.10
950.49 2759.73
951.51 2762.46
952.49 2765.04
953.49 2767.74
954.50 2770.12
955.50 2772.55
956.48 2775.35
957.50 2777.85
958.50 2780.30
959.49 2782.76
960.50 2785.30
961.49 2787.85
962.49 2790.44
963.49 2792.91
964.50 2795.73
965.49 2798.30
966.49 2800.73
967.50 2803.07
968.50 2805.47
969.50 2807.93
970.49 2810.32
971.50 2812.77
972.50 2815.29
973.50 2817.84
974.50 2820.32
975.50 2822.46
976.50 2824.37
977.50 2826.81
978.49 2829.13
979.49 2831.71
980.49 2834.17
981.49 2836.61
982.49 2839.08
983.50 2841.65
984.50 2844.11
985.50 2846.50
986.49 2848.99
987.50 2851.57
988.50 2854.25
989.49 2856.70
990.50 2859.24
991.49 2861.84
992.50 2864.47
993.49 2867.16
994.50 2869.72
995.50 2872.26
996.50 2874.75
997.49 2876.70
998.49 2878.89
999.49 2881.36
1000.50 2883.86
1001.49 2886.29
1002.50 2888.80
1003.49 2891.43
1004.49 2894.17
1005.49 2896.97
1006.49 2899.44
1007.50 2902.05
1008.50 2904.80
1009.49 2907.40
1010.49 2909.65
1011.52 2912.33
1012.49 2914.87
1013.50 2917.51
1014.49 2920.13
1015.50 2922.79
1016.49 2925.42
1017.49 2928.13
1018.50 2930.56
1019.49 2932.77
1020.50 2935.36
1021.50 2937.99
1022.49 2940.64
1023.49 2943.19
1024.52 2945.64
1025.49 2948.27
1026.49 2951.12
1027.49 2953.84
1028.50 2956.65
1029.50 2959.33
1030.49 2962.01
1031.49 2964.57
1032.50 2967.21
1033.50 2969.59
1034.49 2972.02
1035.50 2974.65
1036.49 2977.01
1037.50 2979.43
1038.50 2981.70
1039.50 2984.14
1040.51 2986.33
1041.49 2988.61
1042.49 2991.27
1043.49 2993.92
1044.51 2996.61
1045.50 2999.22
1046.49 3001.85
1047.50 3004.54
1048.49 3007.09
1049.49 3009.67
1050.51 3012.37
1051.51 3014.97
1052.49 3017.57
1053.50 3020.29
1054.49 3022.89
1055.50 3025.56
1056.50 3028.00
1057.50 3030.67
1058.50 3033.35
1059.51 3036.03
1060.50 3038.35
1061.50 3040.23
1062.49 3042.04
1063.50 3044.40
1064.49 3046.88
1065.50 3049.43
1066.49 3051.87
1067.49 3054.37
1068.52 3057.06
1069.49 3059.69
1070.50 3062.34
1071.50 3064.93
1072.49 3067.58
1073.49 3070.15
1074.49 3072.83
1075.49 3075.48
1076.50 3078.14
1077.51 3080.88
1078.49 3083.54
1079.49 3086.22
1080.49 3088.93
1081.50 3091.74
1082.50 3094.42
1083.49 3096.56
1084.50 3099.09
1085.50 3101.69
1086.49 3104.36
1087.50 3107.07
1088.49 3109.62
1089.50 3111.64
1090.50 3114.35
1091.50 3116.96
1092.50 3119.66
1093.50 3122.43
1094.49 3125.10
1095.50 3127.90
1096.49 3130.62
1097.49 3133.34
1098.50 3136.09
1099.50 3138.77
1100.50 3141.53
1101.49 3144.25
1102.50 3147.10
1103.50 3149.97
1104.49 3152.28
1105.50 3154.78
1106.49 3157.49
1107.49 3160.33
1108.50 3163.14
1109.50 3165.96
1110.49 3168.70
1111.50 3171.33
1112.49 3174.02
1113.50 3176.81
1114.51 3179.39
1115.49 3181.68
1116.50 3184.22
1117.50 3186.72
1118.49 3189.22
1119.49 3191.74
1120.50 3194.39
1121.50 3196.80
1122.49 3199.33
1123.49 3202.08
1124.50 3204.83
1125.50 3207.17
1126.50 3209.18
1127.49 3211.65
1128.51 3214.28
1129.51 3217.08
1130.49 3219.84
1131.49 3222.17
1132.51 3224.65
1133.49 3227.18
1134.50 3229.76
1135.49 3232.30
1136.50 3234.92
1137.50 3237.63
1138.50 3240.31
1139.51 3242.90
1140.50 3245.68
1141.50 3248.29
1142.49 3251.03
1143.49 3253.86
1144.51 3256.77
1145.50 3259.57
1146.49 3262.11
1147.50 3264.38
1148.50 3266.87
1149.50 3269.65
1150.50 3272.44
1151.49 3275.05
1152.50 3277.76
1153.49 3280.40
1154.49 3283.15
1155.50 3285.96
1156.50 3288.70
1157.50 3291.45
1158.50 3293.99
1159.50 3296.73
1160.50 3299.49
1161.51 3302.17
1162.50 3304.92
1163.49 3307.70
1164.52 3310.50
1165.50 3313.23
1166.49 3315.94
1167.52 3318.62
1168.50 3321.02
1169.51 3323.32
1170.49 3325.96
1171.50 3328.58
1172.49 3331.24
1173.50 3334.01
1174.50 3336.78
1175.50 3339.53
1176.50 3342.25
1177.50 3344.86
1178.61 3347.90
1179.50 3350.36
1180.50 3353.17
1181.51 3355.82
1182.50 3358.41
1183.50 3361.00
1184.50 3363.69
1185.50 3366.40
1186.49 3369.07
1187.50 3371.89
1188.50 3374.65
1189.51 3377.37
1190.50 3379.77
1191.49 3382.16
1192.50 3384.95
1193.50 3387.79
1194.50 3390.62
1195.49 3393.47
1196.49 3396.34
1197.51 3399.18
1198.50 3401.87
1199.50 3404.68
1200.51 3407.38
1201.50 3410.04
1202.52 3412.81
1203.52 3415.59
1204.50 3418.34
1205.49 3421.01
1206.50 3423.76
1207.49 3426.46
1208.50 3429.16
1209.52 3431.86
1210.50 3434.51
1211.50 3436.83
1212.50 3439.12
1213.50 3441.83
1214.49 3444.49
1215.50 3447.26
1216.49 3450.05
1217.51 3452.78
1218.52 3455.37
1219.50 3457.97
1220.50 3460.67
1221.50 3463.32
1222.49 3465.98
1223.51 3468.75
1224.50 3471.52
1225.50 3474.15
1226.51 3476.66
1227.50 3479.15
1228.50 3481.45
1229.50 3483.74
1230.50 3485.97
1231.50 3488.18
1232.50 3490.47
1233.50 3492.39
1234.50 3494.64
1235.50 3497.24
1236.50 3499.88
1237.51 3502.53
1238.49 3505.03
1239.50 3507.73
1240.50 3510.42
1241.50 3512.92
1242.50 3515.64
1243.51 3518.40
1244.49 3520.76
1245.50 3523.44
1246.49 3526.07
1247.50 3528.77
1248.50 3531.41
1249.50 3534.18
1250.50 3536.99
1251.50 3539.50
1252.51 3542.05
1253.51 3544.62
1254.52 3547.14
1255.50 3549.59
1256.49 3552.21
1257.50 3554.83
1258.51 3557.54
1259.50 3560.15
1260.53 3562.96
1261.49 3565.44
1262.50 3568.07
1263.49 3570.67
1264.51 3573.32
1265.50 3575.82
1266.50 3578.37
1267.51 3580.99
1268.53 3583.60
1269.52 3586.15
1270.50 3588.70
1271.50 3591.15
1272.55 3593.71
1273.49 3596.11
1274.50 3598.72
1275.51 3601.22
1276.51 3603.36
1277.50 3605.78
1278.50 3608.36
1279.51 3611.07
1280.50 3613.76
1281.51 3616.41
1282.50 3619.00
1283.50 3621.68
1284.50 3624.35
1285.51 3626.99
1286.50 3629.62
1287.50 3632.31
1288.50 3635.00
1289.49 3637.74
1290.50 3640.44
1291.50 3643.07
1292.50 3645.70
1293.51 3648.34
1294.49 3650.91
1295.54 3653.64
1296.54 3656.19
1297.50 3658.25
1298.49 3660.52
1299.51 3663.15
1300.50 3665.83
1301.50 3668.35
1302.50 3670.84
1303.54 3673.29
1304.50 3675.55
1305.50 3677.94
1306.50 3680.18
1307.51 3682.49
1308.51 3684.96
1309.53 3687.62
1310.49 3690.15
1311.50 3692.57
1312.51 3695.17
1313.52 3697.82
1314.50 3700.34
1315.50 3702.94
1316.50 3705.54
1317.52 3708.18
1318.50 3710.25
1319.50 3712.34
1320.50 3715.11
1321.50 3717.65
1322.50 3720.09
1323.51 3722.54
1324.50 3725.09
1325.49 3727.54
1326.51 3730.01
1327.49 3732.41
1328.50 3735.00
1329.51 3737.68
1330.51 3740.13
1331.50 3742.41
1332.50 3744.85
1333.50 3747.50
1334.52 3749.98
1335.51 3752.28
1336.49 3754.64
1337.50 3757.01
1338.50 3759.43
1339.52 3761.76
1340.50 3763.73
1341.50 3765.81
1342.50 3768.34
1343.51 3770.74
1344.50 3773.22
1345.49 3775.66
1346.50 3778.21
1347.50 3780.70
1348.50 3783.18
1349.51 3785.73
1350.50 3788.36
1351.49 3791.02
1352.51 3793.55
1353.50 3795.89
1354.50 3798.24
1355.51 3800.62
1356.50 3802.90
1357.50 3805.25
1358.50 3807.58
1359.50 3809.92
1360.51 3812.68
1361.50 3815.02
1362.50 3817.00
1363.51 3819.43
1364.50 3821.76
1365.50 3824.03
1366.50 3826.32
1367.51 3828.61
1368.53 3830.93
1369.51 3833.26
1370.50 3835.55
1371.50 3837.83
1372.50 3840.26
1373.50 3842.61
1374.50 3845.09
1375.50 3847.52
1376.50 3849.89
1377.51 3852.33
1378.51 3854.63
1379.51 3856.99
1380.51 3859.45
1381.51 3861.80
1382.50 3864.14
