Current Battery Service state:
  AC powered: false
  USB powered: false
  Wireless powered: false
  Max charging current: 0
  Max charging voltage: 0
  Charge counter: 5148916
  status: 3
  health: 2
  present: true
  level: 85
  scale: 100
  voltage: 3918
  temperature: 240
  technology: Li-ion
Current Battery Service state:
  AC powered: false
  USB powered: false
  Wireless powered: false
  Max charging current: 0
  Max charging voltage: 0
  Charge counter: 5148916
  status: 3
  health: 2
  present: true
  level: 85
  scale: 100
  voltage: 3918
  temperature: 240
  technology: Li-ion
Current Battery Service state:
  AC powered: false
  USB powered: false
  Wireless powered: false
  Max charging current: 0
  Max charging voltage: 0
  Charge counter: 5148916
  status: 3
  health: 2
  present: true
  level: 85
  scale: 100
  voltage: 3918
  temperature: 240
  technology: Li-ion
Current Battery Service state:
  AC powered: false
  USB powered: false
  Wireless powered: false
  Max charging current: 0
  Max charging voltage: 0
  Charge counter: 5148916
  status: 3
  health: 2
  present: true
  level: 85
  scale: 100
  voltage: 3918
  temperature: 240
  technology: Li-ion
Current Battery Service state:
  AC powered: false
  USB powered: false
  Wireless powered: false
  Max charging current: 0
  Max charging voltage: 0
  Charge counter: 5148916
  status: 3
  health: 2
  present: true
  level: 85
  scale: 100
  voltage: 3918
  temperature: 240
  technology: Li-ion
Current Battery Service state:
  AC powered: false
  USB powered: false
  Wireless powered: false
  Max charging current: 0
  Max charging voltage: 0
  Charge counter: 5148916
  status: 3
  health: 2
  present: true
  level: 85
  scale: 100
  voltage: 3918
  temperature: 240
  technology: Li-ion
Current Battery Service state:
  AC powered: false
  USB powered: false
  Wireless powered: false
  Max charging current: 0
  Max charging voltage: 0
  Charge counter: 5148916
  status: 3
  health: 2
  present: true
  level: 85
  scale: 100
  voltage: 3918
  temperature: 240
  technology: Li-ion
Current Battery Service state:
  AC powered: false
  USB powered: false
  Wireless powered: false
  Max charging current: 0
  Max charging voltage: 0
  Charge counter: 5148916
  status: 3
  health: 2
  present: true
  level: 85
  scale: 100
  voltage: 3918
  temperature: 240
  technology: Li-ion
Current Battery Service state:
  AC powered: false
  USB powered: false
  Wireless powered: false
  Max charging current: 0
  Max charging voltage: 0
  Charge counter: 5148916
  status: 3
  health: 2
  present: true
  level: 85
  scale: 100
  voltage: 3918
  temperature: 240
  technology: Li-ion
Current Battery Service state:
  AC powered: false
  USB powered: false
  Wireless powered: false
  Max charging current: 0
  Max charging voltage: 0
  Charge counter: 5148916
  status: 3
  health: 2
  present: true
  level: 85
  scale: 100
  voltage: 3918
  temperature: 240
  technology: Li-ion
Current Battery Service state:
  AC powered: false
  USB powered: false
  Wireless powered: false
  Max charging current: 0
  Max charging voltage: 0
  Charge counter: 5143173
  status: 3
  health: 2
  present: true
  level: 85
  scale: 100
  voltage: 3912
  temperature: 240
  technology: Li-ion
Current Battery Service state:
  AC powered: false
  USB powered: false
  Wireless powered: false
  Max charging current: 0
  Max charging voltage: 0
  Charge counter: 5143173
  status: 3
  health: 2
  present: true
  level: 85
  scale: 100
  voltage: 3912
  temperature: 240
  technology: Li-ion
Current Battery Service state:
  AC powered: false
  USB powered: false
  Wireless powered: false
  Max charging current: 0
  Max charging voltage: 0
  Charge counter: 5143173
  status: 3
  health: 2
  present: true
  level: 85
  scale: 100
  voltage: 3912
  temperature: 240
  technology: Li-ion
Current Battery Service state:
  AC powered: false
  USB powered: false
  Wireless powered: false
  Max charging current: 0
  Max charging voltage: 0
  Charge counter: 5140736
  status: 3
  health: 2
  present: true
  level: 85
  scale: 100
  voltage: 3904
  temperature: 240
  technology: Li-ion
Current Battery Service state:
  AC powered: false
  USB powered: false
  Wireless powered: false
  Max charging current: 0
  Max charging voltage: 0
  Charge counter: 5140736
  status: 3
  health: 2
  present: true
  level: 85
  scale: 100
  voltage: 3904
  temperature: 240
  technology: Li-ion
Current Battery Service state:
  AC powered: false
  USB powered: false
  Wireless powered: false
  Max charging current: 0
  Max charging voltage: 0
  Charge counter: 5140736
  status: 3
  health: 2
  present: true
  level: 85
  scale: 100
  voltage: 3904
  temperature: 240
  technology: Li-ion
Current Battery Service state:
  AC powered: false
  USB powered: false
  Wireless powered: false
  Max charging current: 0
  Max charging voltage: 0
  Charge counter: 5140736
  status: 3
  health: 2
  present: true
  level: 85
  scale: 100
  voltage: 3904
  temperature: 240
  technology: Li-ion
Current Battery Service state:
  AC powered: false
  USB powered: false
  Wireless powered: false
  Max charging current: 0
  Max charging voltage: 0
  Charge counter: 5140736
  status: 3
  health: 2
  present: true
  level: 85
  scale: 100
  voltage: 3904
  temperature: 240
  technology: Li-ion
Current Battery Service state:
  AC powered: false
  USB powered: false
  Wireless powered: false
  Max charging current: 0
  Max charging voltage: 0
  Charge counter: 5140736
  status: 3
  health: 2
  present: true
  level: 85
  scale: 100
  voltage: 3904
  temperature: 240
  technology: Li-ion
Current Battery Service state:
  AC powered: false
  USB powered: false
  Wireless powered: false
  Max charging current: 0
  Max charging voltage: 0
  Charge counter: 5140736
  status: 3
  health: 2
  present: true
  level: 85
  scale: 100
  voltage: 3904
  temperature: 240
  technology: Li-ion
Current Battery Service state:
  AC powered: false
  USB powered: false
  Wireless powered: false
  Max charging current: 0
  Max charging voltage: 0
  Charge counter: 5136868
  status: 3
  health: 2
  present: true
  level: 85
  scale: 100
  voltage: 3907
  temperature: 242
  technology: Li-ion
Current Battery Service state:
  AC powered: false
  USB powered: false
  Wireless powered: false
  Max charging current: 0
  Max charging voltage: 0
  Charge counter: 5136868
  status: 3
  health: 2
  present: true
  level: 85
  scale: 100
  voltage: 3907
  temperature: 242
  technology: Li-ion
Current Battery Service state:
  AC powered: false
  USB powered: false
  Wireless powered: false
  Max charging current: 0
  Max charging voltage: 0
  Charge counter: 5136868
  status: 3
  health: 2
  present: true
  level: 85
  scale: 100
  voltage: 3907
  temperature: 242
  technology: Li-ion
Current Battery Service state:
  AC powered: false
  USB powered: false
  Wireless powered: false
  Max charging current: 0
  Max charging voltage: 0
  Charge counter: 5136868
  status: 3
  health: 2
  present: true
  level: 85
  scale: 100
  voltage: 3907
  temperature: 242
  technology: Li-ion
Current Battery Service state:
  AC powered: false
  USB powered: false
  Wireless powered: false
  Max charging current: 0
  Max charging voltage: 0
  Charge counter: 5136868
  status: 3
  health: 2
  present: true
  level: 85
  scale: 100
  voltage: 3907
  temperature: 242
  technology: Li-ion
Current Battery Service state:
  AC powered: false
  USB powered: false
  Wireless powered: false
  Max charging current: 0
  Max charging voltage: 0
  Charge counter: 5136868
  status: 3
  health: 2
  present: true
  level: 85
  scale: 100
  voltage: 3907
  temperature: 242
  technology: Li-ion
Current Battery Service state:
  AC powered: false
  USB powered: false
  Wireless powered: false
  Max charging current: 0
  Max charging voltage: 0
  Charge counter: 5136868
  status: 3
  health: 2
  present: true
  level: 85
  scale: 100
  voltage: 3907
  temperature: 242
  technology: Li-ion
Current Battery Service state:
  AC powered: false
  USB powered: false
  Wireless powered: false
  Max charging current: 0
  Max charging voltage: 0
  Charge counter: 5136868
  status: 3
  health: 2
  present: true
  level: 85
  scale: 100
  voltage: 3907
  temperature: 242
  technology: Li-ion
Current Battery Service state:
  AC powered: false
  USB powered: false
  Wireless powered: false
  Max charging current: 0
  Max charging voltage: 0
  Charge counter: 5131752
  status: 3
  health: 2
  present: true
  level: 85
  scale: 100
  voltage: 3905
  temperature: 242
  technology: Li-ion
Current Battery Service state:
  AC powered: false
  USB powered: false
  Wireless powered: false
  Max charging current: 0
  Max charging voltage: 0
  Charge counter: 5131752
  status: 3
  health: 2
  present: true
  level: 85
  scale: 100
  voltage: 3905
  temperature: 242
  technology: Li-ion
Current Battery Service state:
  AC powered: false
  USB powered: false
  Wireless powered: false
  Max charging current: 0
  Max charging voltage: 0
  Charge counter: 5130447
  status: 3
  health: 2
  present: true
  level: 85
  scale: 100
  voltage: 3901
  temperature: 242
  technology: Li-ion
Current Battery Service state:
  AC powered: false
  USB powered: false
  Wireless powered: false
  Max charging current: 0
  Max charging voltage: 0
  Charge counter: 5130447
  status: 3
  health: 2
  present: true
  level: 85
  scale: 100
  voltage: 3901
  temperature: 242
  technology: Li-ion
Current Battery Service state:
  AC powered: false
  USB powered: false
  Wireless powered: false
  Max charging current: 0
  Max charging voltage: 0
  Charge counter: 5130447
  status: 3
  health: 2
  present: true
  level: 85
  scale: 100
  voltage: 3901
  temperature: 242
  technology: Li-ion
Current Battery Service state:
  AC powered: false
  USB powered: false
  Wireless powered: false
  Max charging current: 0
  Max charging voltage: 0
  Charge counter: 5130447
  status: 3
  health: 2
  present: true
  level: 85
  scale: 100
  voltage: 3901
  temperature: 242
  technology: Li-ion
Current Battery Service state:
  AC powered: false
  USB powered: false
  Wireless powered: false
  Max charging current: 0
  Max charging voltage: 0
  Charge counter: 5130447
  status: 3
  health: 2
  present: true
  level: 85
  scale: 100
  voltage: 3901
  temperature: 242
  technology: Li-ion
Current Battery Service state:
  AC powered: false
  USB powered: false
  Wireless powered: false
  Max charging current: 0
  Max charging voltage: 0
  Charge counter: 5130447
  status: 3
  health: 2
  present: true
  level: 85
  scale: 100
  voltage: 3901
  temperature: 242
  technology: Li-ion
Current Battery Service state:
  AC powered: false
  USB powered: false
  Wireless powered: false
  Max charging current: 0
  Max charging voltage: 0
  Charge counter: 5130447
  status: 3
  health: 2
  present: true
  level: 85
  scale: 100
  voltage: 3901
  temperature: 242
  technology: Li-ion
Current Battery Service state:
  AC powered: false
  USB powered: false
  Wireless powered: false
  Max charging current: 0
  Max charging voltage: 0
  Charge counter: 5130447
  status: 3
  health: 2
  present: true
  level: 85
  scale: 100
  voltage: 3901
  temperature: 242
  technology: Li-ion
Current Battery Service state:
  AC powered: false
  USB powered: false
  Wireless powered: false
  Max charging current: 0
  Max charging voltage: 0
  Charge counter: 5130447
  status: 3
  health: 2
  present: true
  level: 85
  scale: 100
  voltage: 3901
  temperature: 242
  technology: Li-ion
Current Battery Service state:
  AC powered: false
  USB powered: false
  Wireless powered: false
  Max charging current: 0
  Max charging voltage: 0
  Charge counter: 5130447
  status: 3
  health: 2
  present: true
  level: 85
  scale: 100
  voltage: 3901
  temperature: 242
  technology: Li-ion
Current Battery Service state:
  AC powered: false
  USB powered: false
  Wireless powered: false
  Max charging current: 0
  Max charging voltage: 0
  Charge counter: 5123847
  status: 3
  health: 2
  present: true
  level: 85
  scale: 100
  voltage: 3899
  temperature: 245
  technology: Li-ion
Current Battery Service state:
  AC powered: false
  USB powered: false
  Wireless powered: false
  Max charging current: 0
  Max charging voltage: 0
  Charge counter: 5123847
  status: 3
  health: 2
  present: true
  level: 85
  scale: 100
  voltage: 3899
  temperature: 245
  technology: Li-ion
Current Battery Service state:
  AC powered: false
  USB powered: false
  Wireless powered: false
  Max charging current: 0
  Max charging voltage: 0
  Charge counter: 5123847
  status: 3
  health: 2
  present: true
  level: 85
  scale: 100
  voltage: 3899
  temperature: 245
  technology: Li-ion
Current Battery Service state:
  AC powered: false
  USB powered: false
  Wireless powered: false
  Max charging current: 0
  Max charging voltage: 0
  Charge counter: 5123847
  status: 3
  health: 2
  present: true
  level: 85
  scale: 100
  voltage: 3899
  temperature: 245
  technology: Li-ion
Current Battery Service state:
  AC powered: false
  USB powered: false
  Wireless powered: false
  Max charging current: 0
  Max charging voltage: 0
  Charge counter: 5123847
  status: 3
  health: 2
  present: true
  level: 85
  scale: 100
  voltage: 3899
  temperature: 245
  technology: Li-ion
Current Battery Service state:
  AC powered: false
  USB powered: false
  Wireless powered: false
  Max charging current: 0
  Max charging voltage: 0
  Charge counter: 5123847
  status: 3
  health: 2
  present: true
  level: 85
  scale: 100
  voltage: 3899
  temperature: 245
  technology: Li-ion
Current Battery Service state:
  AC powered: false
  USB powered: false
  Wireless powered: false
  Max charging current: 0
  Max charging voltage: 0
  Charge counter: 5123847
  status: 3
  health: 2
  present: true
  level: 85
  scale: 100
  voltage: 3899
  temperature: 245
  technology: Li-ion
Current Battery Service state:
  AC powered: false
  USB powered: false
  Wireless powered: false
  Max charging current: 0
  Max charging voltage: 0
  Charge counter: 5123847
  status: 3
  health: 2
  present: true
  level: 85
  scale: 100
  voltage: 3899
  temperature: 245
  technology: Li-ion
Current Battery Service state:
  AC powered: false
  USB powered: false
  Wireless powered: false
  Max charging current: 0
  Max charging voltage: 0
  Charge counter: 5123847
  status: 3
  health: 2
  present: true
  level: 85
  scale: 100
  voltage: 3899
  temperature: 245
  technology: Li-ion
Current Battery Service state:
  AC powered: false
  USB powered: false
  Wireless powered: false
  Max charging current: 0
  Max charging voltage: 0
  Charge counter: 5123847
  status: 3
  health: 2
  present: true
  level: 85
  scale: 100
  voltage: 3899
  temperature: 245
  technology: Li-ion
Current Battery Service state:
  AC powered: false
  USB powered: false
  Wireless powered: false
  Max charging current: 0
  Max charging voltage: 0
  Charge counter: 5117232
  status: 3
  health: 2
  present: true
  level: 84
  scale: 100
  voltage: 3897
  temperature: 245
  technology: Li-ion
Current Battery Service state:
  AC powered: false
  USB powered: false
  Wireless powered: false
  Max charging current: 0
  Max charging voltage: 0
  Charge counter: 5117232
  status: 3
  health: 2
  present: true
  level: 84
  scale: 100
  voltage: 3897
  temperature: 245
  technology: Li-ion
Current Battery Service state:
  AC powered: false
  USB powered: false
  Wireless powered: false
  Max charging current: 0
  Max charging voltage: 0
  Charge counter: 5115533
  status: 3
  health: 2
  present: true
  level: 84
  scale: 100
  voltage: 3896
  temperature: 242
  technology: Li-ion
Current Battery Service state:
  AC powered: false
  USB powered: false
  Wireless powered: false
  Max charging current: 0
  Max charging voltage: 0
  Charge counter: 5115533
  status: 3
  health: 2
  present: true
  level: 84
  scale: 100
  voltage: 3896
  temperature: 242
  technology: Li-ion
Current Battery Service state:
  AC powered: false
  USB powered: false
  Wireless powered: false
  Max charging current: 0
  Max charging voltage: 0
  Charge counter: 5115533
  status: 3
  health: 2
  present: true
  level: 84
  scale: 100
  voltage: 3896
  temperature: 242
  technology: Li-ion
Current Battery Service state:
  AC powered: false
  USB powered: false
  Wireless powered: false
  Max charging current: 0
  Max charging voltage: 0
  Charge counter: 5115533
  status: 3
  health: 2
  present: true
  level: 84
  scale: 100
  voltage: 3896
  temperature: 242
  technology: Li-ion
Current Battery Service state:
  AC powered: false
  USB powered: false
  Wireless powered: false
  Max charging current: 0
  Max charging voltage: 0
  Charge counter: 5115533
  status: 3
  health: 2
  present: true
  level: 84
  scale: 100
  voltage: 3896
  temperature: 242
  technology: Li-ion
Current Battery Service state:
  AC powered: false
  USB powered: false
  Wireless powered: false
  Max charging current: 0
  Max charging voltage: 0
  Charge counter: 5115533
  status: 3
  health: 2
  present: true
  level: 84
  scale: 100
  voltage: 3896
  temperature: 242
  technology: Li-ion
Current Battery Service state:
  AC powered: false
  USB powered: false
  Wireless powered: false
  Max charging current: 0
  Max charging voltage: 0
  Charge counter: 5115533
  status: 3
  health: 2
  present: true
  level: 84
  scale: 100
  voltage: 3896
  temperature: 242
  technology: Li-ion
Current Battery Service state:
  AC powered: false
  USB powered: false
  Wireless powered: false
  Max charging current: 0
  Max charging voltage: 0
  Charge counter: 5115533
  status: 3
  health: 2
  present: true
  level: 84
  scale: 100
  voltage: 3896
  temperature: 242
  technology: Li-ion
Current Battery Service state:
  AC powered: false
  USB powered: false
  Wireless powered: false
  Max charging current: 0
  Max charging voltage: 0
  Charge counter: 5111054
  status: 3
  health: 2
  present: true
  level: 84
  scale: 100
  voltage: 3894
  temperature: 245
  technology: Li-ion
Current Battery Service state:
  AC powered: false
  USB powered: false
  Wireless powered: false
  Max charging current: 0
  Max charging voltage: 0
  Charge counter: 5111054
  status: 3
  health: 2
  present: true
  level: 84
  scale: 100
  voltage: 3894
  temperature: 245
  technology: Li-ion
Current Battery Service state:
  AC powered: false
  USB powered: false
  Wireless powered: false
  Max charging current: 0
  Max charging voltage: 0
  Charge counter: 5111054
  status: 3
  health: 2
  present: true
  level: 84
  scale: 100
  voltage: 3894
  temperature: 245
  technology: Li-ion
Current Battery Service state:
  AC powered: false
  USB powered: false
  Wireless powered: false
  Max charging current: 0
  Max charging voltage: 0
  Charge counter: 5111054
  status: 3
  health: 2
  present: true
  level: 84
  scale: 100
  voltage: 3894
  temperature: 245
  technology: Li-ion
Current Battery Service state:
  AC powered: false
  USB powered: false
  Wireless powered: false
  Max charging current: 0
  Max charging voltage: 0
  Charge counter: 5111054
  status: 3
  health: 2
  present: true
  level: 84
  scale: 100
  voltage: 3894
  temperature: 245
  technology: Li-ion
Current Battery Service state:
  AC powered: false
  USB powered: false
  Wireless powered: false
  Max charging current: 0
  Max charging voltage: 0
  Charge counter: 5111054
  status: 3
  health: 2
  present: true
  level: 84
  scale: 100
  voltage: 3894
  temperature: 245
  technology: Li-ion
Current Battery Service state:
  AC powered: false
  USB powered: false
  Wireless powered: false
  Max charging current: 0
  Max charging voltage: 0
  Charge counter: 5111054
  status: 3
  health: 2
  present: true
  level: 84
  scale: 100
  voltage: 3894
  temperature: 245
  technology: Li-ion
Current Battery Service state:
  AC powered: false
  USB powered: false
  Wireless powered: false
  Max charging current: 0
  Max charging voltage: 0
  Charge counter: 5111054
  status: 3
  health: 2
  present: true
  level: 84
  scale: 100
  voltage: 3894
  temperature: 245
  technology: Li-ion
Current Battery Service state:
  AC powered: false
  USB powered: false
  Wireless powered: false
  Max charging current: 0
  Max charging voltage: 0
  Charge counter: 5111054
  status: 3
  health: 2
  present: true
  level: 84
  scale: 100
  voltage: 3894
  temperature: 245
  technology: Li-ion
Current Battery Service state:
  AC powered: false
  USB powered: false
  Wireless powered: false
  Max charging current: 0
  Max charging voltage: 0
  Charge counter: 5111054
  status: 3
  health: 2
  present: true
  level: 84
  scale: 100
  voltage: 3894
  temperature: 245
  technology: Li-ion
Current Battery Service state:
  AC powered: false
  USB powered: false
  Wireless powered: false
  Max charging current: 0
  Max charging voltage: 0
  Charge counter: 5104706
  status: 3
  health: 2
  present: true
  level: 84
  scale: 100
  voltage: 3894
  temperature: 247
  technology: Li-ion
Current Battery Service state:
  AC powered: false
  USB powered: false
  Wireless powered: false
  Max charging current: 0
  Max charging voltage: 0
  Charge counter: 5104706
  status: 3
  health: 2
  present: true
  level: 84
  scale: 100
  voltage: 3894
  temperature: 247
  technology: Li-ion
Current Battery Service state:
  AC powered: false
  USB powered: false
  Wireless powered: false
  Max charging current: 0
  Max charging voltage: 0
  Charge counter: 5104706
  status: 3
  health: 2
  present: true
  level: 84
  scale: 100
  voltage: 3894
  temperature: 247
  technology: Li-ion
Current Battery Service state:
  AC powered: false
  USB powered: false
  Wireless powered: false
  Max charging current: 0
  Max charging voltage: 0
  Charge counter: 5104706
  status: 3
  health: 2
  present: true
  level: 84
  scale: 100
  voltage: 3894
  temperature: 247
  technology: Li-ion
Current Battery Service state:
  AC powered: false
  USB powered: false
  Wireless powered: false
  Max charging current: 0
  Max charging voltage: 0
  Charge counter: 5104706
  status: 3
  health: 2
  present: true
  level: 84
  scale: 100
  voltage: 3894
  temperature: 247
  technology: Li-ion
Current Battery Service state:
  AC powered: false
  USB powered: false
  Wireless powered: false
  Max charging current: 0
  Max charging voltage: 0
  Charge counter: 5104706
  status: 3
  health: 2
  present: true
  level: 84
  scale: 100
  voltage: 3894
  temperature: 247
  technology: Li-ion
Current Battery Service state:
  AC powered: false
  USB powered: false
  Wireless powered: false
  Max charging current: 0
  Max charging voltage: 0
  Charge counter: 5104706
  status: 3
  health: 2
  present: true
  level: 84
  scale: 100
  voltage: 3894
  temperature: 247
  technology: Li-ion
Current Battery Service state:
  AC powered: false
  USB powered: false
  Wireless powered: false
  Max charging current: 0
  Max charging voltage: 0
  Charge counter: 5104706
  status: 3
  health: 2
  present: true
  level: 84
  scale: 100
  voltage: 3894
  temperature: 247
  technology: Li-ion
Current Battery Service state:
  AC powered: false
  USB powered: false
  Wireless powered: false
  Max charging current: 0
  Max charging voltage: 0
  Charge counter: 5104706
  status: 3
  health: 2
  present: true
  level: 84
  scale: 100
  voltage: 3894
  temperature: 247
  technology: Li-ion
Current Battery Service state:
  AC powered: false
  USB powered: false
  Wireless powered: false
  Max charging current: 0
  Max charging voltage: 0
  Charge counter: 5104706
  status: 3
  health: 2
  present: true
  level: 84
  scale: 100
  voltage: 3894
  temperature: 247
  technology: Li-ion
Current Battery Service state:
  AC powered: false
  USB powered: false
  Wireless powered: false
  Max charging current: 0
  Max charging voltage: 0
  Charge counter: 5098642
  status: 3
  health: 2
  present: true
  level: 84
  scale: 100
  voltage: 3883
  temperature: 245
  technology: Li-ion
Current Battery Service state:
  AC powered: false
  USB powered: false
  Wireless powered: false
  Max charging current: 0
  Max charging voltage: 0
  Charge counter: 5098642
  status: 3
  health: 2
  present: true
  level: 84
  scale: 100
  voltage: 3883
  temperature: 245
  technology: Li-ion
Current Battery Service state:
  AC powered: false
  USB powered: false
  Wireless powered: false
  Max charging current: 0
  Max charging voltage: 0
  Charge counter: 5098642
  status: 3
  health: 2
  present: true
  level: 84
  scale: 100
  voltage: 3883
  temperature: 245
  technology: Li-ion
Current Battery Service state:
  AC powered: false
  USB powered: false
  Wireless powered: false
  Max charging current: 0
  Max charging voltage: 0
  Charge counter: 5098642
  status: 3
  health: 2
  present: true
  level: 84
  scale: 100
  voltage: 3883
  temperature: 245
  technology: Li-ion
Current Battery Service state:
  AC powered: false
  USB powered: false
  Wireless powered: false
  Max charging current: 0
  Max charging voltage: 0
  Charge counter: 5098642
  status: 3
  health: 2
  present: true
  level: 84
  scale: 100
  voltage: 3883
  temperature: 245
  technology: Li-ion
Current Battery Service state:
  AC powered: false
  USB powered: false
  Wireless powered: false
  Max charging current: 0
  Max charging voltage: 0
  Charge counter: 5098642
  status: 3
  health: 2
  present: true
  level: 84
  scale: 100
  voltage: 3883
  temperature: 245
  technology: Li-ion
Current Battery Service state:
  AC powered: false
  USB powered: false
  Wireless powered: false
  Max charging current: 0
  Max charging voltage: 0
  Charge counter: 5098642
  status: 3
  health: 2
  present: true
  level: 84
  scale: 100
  voltage: 3883
  temperature: 245
  technology: Li-ion
Current Battery Service state:
  AC powered: false
  USB powered: false
  Wireless powered: false
  Max charging current: 0
  Max charging voltage: 0
  Charge counter: 5098642
  status: 3
  health: 2
  present: true
  level: 84
  scale: 100
  voltage: 3883
  temperature: 245
  technology: Li-ion
Current Battery Service state:
  AC powered: false
  USB powered: false
  Wireless powered: false
  Max charging current: 0
  Max charging voltage: 0
  Charge counter: 5098642
  status: 3
  health: 2
  present: true
  level: 84
  scale: 100
  voltage: 3883
  temperature: 245
  technology: Li-ion
Current Battery Service state:
  AC powered: false
  USB powered: false
  Wireless powered: false
  Max charging current: 0
  Max charging voltage: 0
  Charge counter: 5098642
  status: 3
  health: 2
  present: true
  level: 84
  scale: 100
  voltage: 3883
  temperature: 245
  technology: Li-ion
Current Battery Service state:
  AC powered: false
  USB powered: false
  Wireless powered: false
  Max charging current: 0
  Max charging voltage: 0
  Charge counter: 5092699
  status: 3
  health: 2
  present: true
  level: 84
  scale: 100
  voltage: 3917
  temperature: 247
  technology: Li-ion
Current Battery Service state:
  AC powered: false
  USB powered: false
  Wireless powered: false
  Max charging current: 0
  Max charging voltage: 0
  Charge counter: 5092699
  status: 3
  health: 2
  present: true
  level: 84
  scale: 100
  voltage: 3917
  temperature: 247
  technology: Li-ion
Current Battery Service state:
  AC powered: false
  USB powered: false
  Wireless powered: false
  Max charging current: 0
  Max charging voltage: 0
  Charge counter: 5092699
  status: 3
  health: 2
  present: true
  level: 84
  scale: 100
  voltage: 3917
  temperature: 247
  technology: Li-ion
Current Battery Service state:
  AC powered: false
  USB powered: false
  Wireless powered: false
  Max charging current: 0
  Max charging voltage: 0
  Charge counter: 5092699
  status: 3
  health: 2
  present: true
  level: 84
  scale: 100
  voltage: 3917
  temperature: 247
  technology: Li-ion
Current Battery Service state:
  AC powered: false
  USB powered: false
  Wireless powered: false
  Max charging current: 0
  Max charging voltage: 0
  Charge counter: 5092699
  status: 3
  health: 2
  present: true
  level: 84
  scale: 100
  voltage: 3917
  temperature: 247
  technology: Li-ion
Current Battery Service state:
  AC powered: false
  USB powered: false
  Wireless powered: false
  Max charging current: 0
  Max charging voltage: 0
  Charge counter: 5092699
  status: 3
  health: 2
  present: true
  level: 84
  scale: 100
  voltage: 3917
  temperature: 247
  technology: Li-ion
Current Battery Service state:
  AC powered: false
  USB powered: false
  Wireless powered: false
  Max charging current: 0
  Max charging voltage: 0
  Charge counter: 5092699
  status: 3
  health: 2
  present: true
  level: 84
  scale: 100
  voltage: 3917
  temperature: 247
  technology: Li-ion
Current Battery Service state:
  AC powered: false
  USB powered: false
  Wireless powered: false
  Max charging current: 0
  Max charging voltage: 0
  Charge counter: 5092699
  status: 3
  health: 2
  present: true
  level: 84
  scale: 100
  voltage: 3917
  temperature: 247
  technology: Li-ion
Current Battery Service state:
  AC powered: false
  USB powered: false
  Wireless powered: false
  Max charging current: 0
  Max charging voltage: 0
  Charge counter: 5092699
  status: 3
  health: 2
  present: true
  level: 84
  scale: 100
  voltage: 3917
  temperature: 247
  technology: Li-ion
Current Battery Service state:
  AC powered: false
  USB powered: false
  Wireless powered: false
  Max charging current: 0
  Max charging voltage: 0
  Charge counter: 5092699
  status: 3
  health: 2
  present: true
  level: 84
  scale: 100
  voltage: 3917
  temperature: 247
  technology: Li-ion
Current Battery Service state:
  AC powered: false
  USB powered: false
  Wireless powered: false
  Max charging current: 0
  Max charging voltage: 0
  Charge counter: 5087203
  status: 3
  health: 2
  present: true
  level: 84
  scale: 100
  voltage: 3917
  temperature: 245
  technology: Li-ion
Current Battery Service state:
  AC powered: false
  USB powered: false
  Wireless powered: false
  Max charging current: 0
  Max charging voltage: 0
  Charge counter: 5086027
  status: 3
  health: 2
  present: true
  level: 84
  scale: 100
  voltage: 3918
  temperature: 245
  technology: Li-ion
Current Battery Service state:
  AC powered: false
  USB powered: false
  Wireless powered: false
  Max charging current: 0
  Max charging voltage: 0
  Charge counter: 5086027
  status: 3
  health: 2
  present: true
  level: 84
  scale: 100
  voltage: 3918
  temperature: 245
  technology: Li-ion
Current Battery Service state:
  AC powered: false
  USB powered: false
  Wireless powered: false
  Max charging current: 0
  Max charging voltage: 0
  Charge counter: 5086027
  status: 3
  health: 2
  present: true
  level: 84
  scale: 100
  voltage: 3918
  temperature: 245
  technology: Li-ion
Current Battery Service state:
  AC powered: false
  USB powered: false
  Wireless powered: false
  Max charging current: 0
  Max charging voltage: 0
  Charge counter: 5086027
  status: 3
  health: 2
  present: true
  level: 84
  scale: 100
  voltage: 3918
  temperature: 245
  technology: Li-ion
Current Battery Service state:
  AC powered: false
  USB powered: false
  Wireless powered: false
  Max charging current: 0
  Max charging voltage: 0
  Charge counter: 5086027
  status: 3
  health: 2
  present: true
  level: 84
  scale: 100
  voltage: 3918
  temperature: 245
  technology: Li-ion
Current Battery Service state:
  AC powered: false
  USB powered: false
  Wireless powered: false
  Max charging current: 0
  Max charging voltage: 0
  Charge counter: 5086027
  status: 3
  health: 2
  present: true
  level: 84
  scale: 100
  voltage: 3918
  temperature: 245
  technology: Li-ion
Current Battery Service state:
  AC powered: false
  USB powered: false
  Wireless powered: false
  Max charging current: 0
  Max charging voltage: 0
  Charge counter: 5086027
  status: 3
  health: 2
  present: true
  level: 84
  scale: 100
  voltage: 3918
  temperature: 245
  technology: Li-ion
Current Battery Service state:
  AC powered: false
  USB powered: false
  Wireless powered: false
  Max charging current: 0
  Max charging voltage: 0
  Charge counter: 5086027
  status: 3
  health: 2
  present: true
  level: 84
  scale: 100
  voltage: 3918
  temperature: 245
  technology: Li-ion
Current Battery Service state:
  AC powered: false
  USB powered: false
  Wireless powered: false
  Max charging current: 0
  Max charging voltage: 0
  Charge counter: 5086027
  status: 3
  health: 2
  present: true
  level: 84
  scale: 100
  voltage: 3918
  temperature: 245
  technology: Li-ion
Current Battery Service state:
  AC powered: false
  USB powered: false
  Wireless powered: false
  Max charging current: 0
  Max charging voltage: 0
  Charge counter: 5080984
  status: 3
  health: 2
  present: true
  level: 84
  scale: 100
  voltage: 3920
  temperature: 245
  technology: Li-ion
Current Battery Service state:
  AC powered: false
  USB powered: false
  Wireless powered: false
  Max charging current: 0
  Max charging voltage: 0
  Charge counter: 5080984
  status: 3
  health: 2
  present: true
  level: 84
  scale: 100
  voltage: 3920
  temperature: 245
  technology: Li-ion
Current Battery Service state:
  AC powered: false
  USB powered: false
  Wireless powered: false
  Max charging current: 0
  Max charging voltage: 0
  Charge counter: 5080984
  status: 3
  health: 2
  present: true
  level: 84
  scale: 100
  voltage: 3920
  temperature: 245
  technology: Li-ion
Current Battery Service state:
  AC powered: false
  USB powered: false
  Wireless powered: false
  Max charging current: 0
  Max charging voltage: 0
  Charge counter: 5079878
  status: 3
  health: 2
  present: true
  level: 84
  scale: 100
  voltage: 3919
  temperature: 245
  technology: Li-ion
Current Battery Service state:
  AC powered: false
  USB powered: false
  Wireless powered: false
  Max charging current: 0
  Max charging voltage: 0
  Charge counter: 5079878
  status: 3
  health: 2
  present: true
  level: 84
  scale: 100
  voltage: 3919
  temperature: 245
  technology: Li-ion
Current Battery Service state:
  AC powered: false
  USB powered: false
  Wireless powered: false
  Max charging current: 0
  Max charging voltage: 0
  Charge counter: 5079878
  status: 3
  health: 2
  present: true
  level: 84
  scale: 100
  voltage: 3919
  temperature: 245
  technology: Li-ion
Current Battery Service state:
  AC powered: false
  USB powered: false
  Wireless powered: false
  Max charging current: 0
  Max charging voltage: 0
  Charge counter: 5079878
  status: 3
  health: 2
  present: true
  level: 84
  scale: 100
  voltage: 3919
  temperature: 245
  technology: Li-ion
Current Battery Service state:
  AC powered: false
  USB powered: false
  Wireless powered: false
  Max charging current: 0
  Max charging voltage: 0
  Charge counter: 5079878
  status: 3
  health: 2
  present: true
  level: 84
  scale: 100
  voltage: 3919
  temperature: 245
  technology: Li-ion
Current Battery Service state:
  AC powered: false
  USB powered: false
  Wireless powered: false
  Max charging current: 0
  Max charging voltage: 0
  Charge counter: 5079878
  status: 3
  health: 2
  present: true
  level: 84
  scale: 100
  voltage: 3919
  temperature: 245
  technology: Li-ion
Current Battery Service state:
  AC powered: false
  USB powered: false
  Wireless powered: false
  Max charging current: 0
  Max charging voltage: 0
  Charge counter: 5079878
  status: 3
  health: 2
  present: true
  level: 84
  scale: 100
  voltage: 3919
  temperature: 245
  technology: Li-ion
Current Battery Service state:
  AC powered: false
  USB powered: false
  Wireless powered: false
  Max charging current: 0
  Max charging voltage: 0
  Charge counter: 5075479
  status: 3
  health: 2
  present: true
  level: 84
  scale: 100
  voltage: 3915
  temperature: 245
  technology: Li-ion
Current Battery Service state:
  AC powered: false
  USB powered: false
  Wireless powered: false
  Max charging current: 0
  Max charging voltage: 0
  Charge counter: 5075479
  status: 3
  health: 2
  present: true
  level: 84
  scale: 100
  voltage: 3915
  temperature: 245
  technology: Li-ion
Current Battery Service state:
  AC powered: false
  USB powered: false
  Wireless powered: false
  Max charging current: 0
  Max charging voltage: 0
  Charge counter: 5075479
  status: 3
  health: 2
  present: true
  level: 84
  scale: 100
  voltage: 3915
  temperature: 245
  technology: Li-ion
Current Battery Service state:
  AC powered: false
  USB powered: false
  Wireless powered: false
  Max charging current: 0
  Max charging voltage: 0
  Charge counter: 5075479
  status: 3
  health: 2
  present: true
  level: 84
  scale: 100
  voltage: 3915
  temperature: 245
  technology: Li-ion
Current Battery Service state:
  AC powered: false
  USB powered: false
  Wireless powered: false
  Max charging current: 0
  Max charging voltage: 0
  Charge counter: 5075479
  status: 3
  health: 2
  present: true
  level: 84
  scale: 100
  voltage: 3915
  temperature: 245
  technology: Li-ion
Current Battery Service state:
  AC powered: false
  USB powered: false
  Wireless powered: false
  Max charging current: 0
  Max charging voltage: 0
  Charge counter: 5075479
  status: 3
  health: 2
  present: true
  level: 84
  scale: 100
  voltage: 3915
  temperature: 245
  technology: Li-ion
Current Battery Service state:
  AC powered: false
  USB powered: false
  Wireless powered: false
  Max charging current: 0
  Max charging voltage: 0
  Charge counter: 5075479
  status: 3
  health: 2
  present: true
  level: 84
  scale: 100
  voltage: 3915
  temperature: 245
  technology: Li-ion
Current Battery Service state:
  AC powered: false
  USB powered: false
  Wireless powered: false
  Max charging current: 0
  Max charging voltage: 0
  Charge counter: 5075479
  status: 3
  health: 2
  present: true
  level: 84
  scale: 100
  voltage: 3915
  temperature: 245
  technology: Li-ion
Current Battery Service state:
  AC powered: false
  USB powered: false
  Wireless powered: false
  Max charging current: 0
  Max charging voltage: 0
  Charge counter: 5075479
  status: 3
  health: 2
  present: true
  level: 84
  scale: 100
  voltage: 3915
  temperature: 245
  technology: Li-ion
Current Battery Service state:
  AC powered: false
  USB powered: false
  Wireless powered: false
  Max charging current: 0
  Max charging voltage: 0
  Charge counter: 5075479
  status: 3
  health: 2
  present: true
  level: 84
  scale: 100
  voltage: 3915
  temperature: 245
  technology: Li-ion
Current Battery Service state:
  AC powered: false
  USB powered: false
  Wireless powered: false
  Max charging current: 0
  Max charging voltage: 0
  Charge counter: 5069922
  status: 3
  health: 2
  present: true
  level: 84
  scale: 100
  voltage: 3920
  temperature: 245
  technology: Li-ion
Current Battery Service state:
  AC powered: false
  USB powered: false
  Wireless powered: false
  Max charging current: 0
  Max charging voltage: 0
  Charge counter: 5069922
  status: 3
  health: 2
  present: true
  level: 84
  scale: 100
  voltage: 3920
  temperature: 245
  technology: Li-ion
Current Battery Service state:
  AC powered: false
  USB powered: false
  Wireless powered: false
  Max charging current: 0
  Max charging voltage: 0
  Charge counter: 5069922
  status: 3
  health: 2
  present: true
  level: 84
  scale: 100
  voltage: 3920
  temperature: 245
  technology: Li-ion
Current Battery Service state:
  AC powered: false
  USB powered: false
  Wireless powered: false
  Max charging current: 0
  Max charging voltage: 0
  Charge counter: 5069922
  status: 3
  health: 2
  present: true
  level: 84
  scale: 100
  voltage: 3920
  temperature: 245
  technology: Li-ion
Current Battery Service state:
  AC powered: false
  USB powered: false
  Wireless powered: false
  Max charging current: 0
  Max charging voltage: 0
  Charge counter: 5069922
  status: 3
  health: 2
  present: true
  level: 84
  scale: 100
  voltage: 3920
  temperature: 245
  technology: Li-ion
Current Battery Service state:
  AC powered: false
  USB powered: false
  Wireless powered: false
  Max charging current: 0
  Max charging voltage: 0
  Charge counter: 5069922
  status: 3
  health: 2
  present: true
  level: 84
  scale: 100
  voltage: 3920
  temperature: 245
  technology: Li-ion
Current Battery Service state:
  AC powered: false
  USB powered: false
  Wireless powered: false
  Max charging current: 0
  Max charging voltage: 0
  Charge counter: 5069922
  status: 3
  health: 2
  present: true
  level: 84
  scale: 100
  voltage: 3920
  temperature: 245
  technology: Li-ion
Current Battery Service state:
  AC powered: false
  USB powered: false
  Wireless powered: false
  Max charging current: 0
  Max charging voltage: 0
  Charge counter: 5069922
  status: 3
  health: 2
  present: true
  level: 84
  scale: 100
  voltage: 3920
  temperature: 245
  technology: Li-ion
Current Battery Service state:
  AC powered: false
  USB powered: false
  Wireless powered: false
  Max charging current: 0
  Max charging voltage: 0
  Charge counter: 5069922
  status: 3
  health: 2
  present: true
  level: 84
  scale: 100
  voltage: 3920
  temperature: 245
  technology: Li-ion
Current Battery Service state:
  AC powered: false
  USB powered: false
  Wireless powered: false
  Max charging current: 0
  Max charging voltage: 0
  Charge counter: 5069922
  status: 3
  health: 2
  present: true
  level: 84
  scale: 100
  voltage: 3920
  temperature: 245
  technology: Li-ion
Current Battery Service state:
  AC powered: false
  USB powered: false
  Wireless powered: false
  Max charging current: 0
  Max charging voltage: 0
  Charge counter: 5064522
  status: 3
  health: 2
  present: true
  level: 84
  scale: 100
  voltage: 3922
  temperature: 245
  technology: Li-ion
Current Battery Service state:
  AC powered: false
  USB powered: false
  Wireless powered: false
  Max charging current: 0
  Max charging voltage: 0
  Charge counter: 5064522
  status: 3
  health: 2
  present: true
  level: 84
  scale: 100
  voltage: 3922
  temperature: 245
  technology: Li-ion
Current Battery Service state:
  AC powered: false
  USB powered: false
  Wireless powered: false
  Max charging current: 0
  Max charging voltage: 0
  Charge counter: 5064522
  status: 3
  health: 2
  present: true
  level: 84
  scale: 100
  voltage: 3922
  temperature: 245
  technology: Li-ion
Current Battery Service state:
  AC powered: false
  USB powered: false
  Wireless powered: false
  Max charging current: 0
  Max charging voltage: 0
  Charge counter: 5064522
  status: 3
  health: 2
  present: true
  level: 84
  scale: 100
  voltage: 3922
  temperature: 245
  technology: Li-ion
Current Battery Service state:
  AC powered: false
  USB powered: false
  Wireless powered: false
  Max charging current: 0
  Max charging voltage: 0
  Charge counter: 5064522
  status: 3
  health: 2
  present: true
  level: 84
  scale: 100
  voltage: 3922
  temperature: 245
  technology: Li-ion
Current Battery Service state:
  AC powered: false
  USB powered: false
  Wireless powered: false
  Max charging current: 0
  Max charging voltage: 0
  Charge counter: 5064522
  status: 3
  health: 2
  present: true
  level: 84
  scale: 100
  voltage: 3922
  temperature: 245
  technology: Li-ion
Current Battery Service state:
  AC powered: false
  USB powered: false
  Wireless powered: false
  Max charging current: 0
  Max charging voltage: 0
  Charge counter: 5064522
  status: 3
  health: 2
  present: true
  level: 84
  scale: 100
  voltage: 3922
  temperature: 245
  technology: Li-ion
Current Battery Service state:
  AC powered: false
  USB powered: false
  Wireless powered: false
  Max charging current: 0
  Max charging voltage: 0
  Charge counter: 5064522
  status: 3
  health: 2
  present: true
  level: 84
  scale: 100
  voltage: 3922
  temperature: 245
  technology: Li-ion
Current Battery Service state:
  AC powered: false
  USB powered: false
  Wireless powered: false
  Max charging current: 0
  Max charging voltage: 0
  Charge counter: 5064522
  status: 3
  health: 2
  present: true
  level: 84
  scale: 100
  voltage: 3922
  temperature: 245
  technology: Li-ion
Current Battery Service state:
  AC powered: false
  USB powered: false
  Wireless powered: false
  Max charging current: 0
  Max charging voltage: 0
  Charge counter: 5064522
  status: 3
  health: 2
  present: true
  level: 84
  scale: 100
  voltage: 3922
  temperature: 245
  technology: Li-ion
Current Battery Service state:
  AC powered: false
  USB powered: false
  Wireless powered: false
  Max charging current: 0
  Max charging voltage: 0
  Charge counter: 5059109
  status: 3
  health: 2
  present: true
  level: 84
  scale: 100
  voltage: 3920
  temperature: 242
  technology: Li-ion
Current Battery Service state:
  AC powered: false
  USB powered: false
  Wireless powered: false
  Max charging current: 0
  Max charging voltage: 0
  Charge counter: 5059109
  status: 3
  health: 2
  present: true
  level: 84
  scale: 100
  voltage: 3920
  temperature: 242
  technology: Li-ion
Current Battery Service state:
  AC powered: false
  USB powered: false
  Wireless powered: false
  Max charging current: 0
  Max charging voltage: 0
  Charge counter: 5059109
  status: 3
  health: 2
  present: true
  level: 84
  scale: 100
  voltage: 3920
  temperature: 242
  technology: Li-ion
Current Battery Service state:
  AC powered: false
  USB powered: false
  Wireless powered: false
  Max charging current: 0
  Max charging voltage: 0
  Charge counter: 5059109
  status: 3
  health: 2
  present: true
  level: 84
  scale: 100
  voltage: 3920
  temperature: 242
  technology: Li-ion
Current Battery Service state:
  AC powered: false
  USB powered: false
  Wireless powered: false
  Max charging current: 0
  Max charging voltage: 0
  Charge counter: 5059109
  status: 3
  health: 2
  present: true
  level: 84
  scale: 100
  voltage: 3920
  temperature: 242
  technology: Li-ion
Current Battery Service state:
  AC powered: false
  USB powered: false
  Wireless powered: false
  Max charging current: 0
  Max charging voltage: 0
  Charge counter: 5059109
  status: 3
  health: 2
  present: true
  level: 84
  scale: 100
  voltage: 3920
  temperature: 242
  technology: Li-ion
Current Battery Service state:
  AC powered: false
  USB powered: false
  Wireless powered: false
  Max charging current: 0
  Max charging voltage: 0
  Charge counter: 5055907
  status: 3
  health: 2
  present: true
  level: 84
  scale: 100
  voltage: 3920
  temperature: 242
  technology: Li-ion
Current Battery Service state:
  AC powered: false
  USB powered: false
  Wireless powered: false
  Max charging current: 0
  Max charging voltage: 0
  Charge counter: 5055907
  status: 3
  health: 2
  present: true
  level: 84
  scale: 100
  voltage: 3920
  temperature: 242
  technology: Li-ion
Current Battery Service state:
  AC powered: false
  USB powered: false
  Wireless powered: false
  Max charging current: 0
  Max charging voltage: 0
  Charge counter: 5055907
  status: 3
  health: 2
  present: true
  level: 84
  scale: 100
  voltage: 3920
  temperature: 242
  technology: Li-ion
Current Battery Service state:
  AC powered: false
  USB powered: false
  Wireless powered: false
  Max charging current: 0
  Max charging voltage: 0
  Charge counter: 5055907
  status: 3
  health: 2
  present: true
  level: 84
  scale: 100
  voltage: 3920
  temperature: 242
  technology: Li-ion
Current Battery Service state:
  AC powered: false
  USB powered: false
  Wireless powered: false
  Max charging current: 0
  Max charging voltage: 0
  Charge counter: 5053738
  status: 3
  health: 2
  present: true
  level: 83
  scale: 100
  voltage: 3919
  temperature: 242
  technology: Li-ion
Current Battery Service state:
  AC powered: false
  USB powered: false
  Wireless powered: false
  Max charging current: 0
  Max charging voltage: 0
  Charge counter: 5053738
  status: 3
  health: 2
  present: true
  level: 83
  scale: 100
  voltage: 3919
  temperature: 242
  technology: Li-ion
Current Battery Service state:
  AC powered: false
  USB powered: false
  Wireless powered: false
  Max charging current: 0
  Max charging voltage: 0
  Charge counter: 5053738
  status: 3
  health: 2
  present: true
  level: 83
  scale: 100
  voltage: 3919
  temperature: 242
  technology: Li-ion
Current Battery Service state:
  AC powered: false
  USB powered: false
  Wireless powered: false
  Max charging current: 0
  Max charging voltage: 0
  Charge counter: 5053738
  status: 3
  health: 2
  present: true
  level: 83
  scale: 100
  voltage: 3919
  temperature: 242
  technology: Li-ion
Current Battery Service state:
  AC powered: false
  USB powered: false
  Wireless powered: false
  Max charging current: 0
  Max charging voltage: 0
  Charge counter: 5053738
  status: 3
  health: 2
  present: true
  level: 83
  scale: 100
  voltage: 3919
  temperature: 242
  technology: Li-ion
Current Battery Service state:
  AC powered: false
  USB powered: false
  Wireless powered: false
  Max charging current: 0
  Max charging voltage: 0
  Charge counter: 5053738
  status: 3
  health: 2
  present: true
  level: 83
  scale: 100
  voltage: 3919
  temperature: 242
  technology: Li-ion
Current Battery Service state:
  AC powered: false
  USB powered: false
  Wireless powered: false
  Max charging current: 0
  Max charging voltage: 0
  Charge counter: 5053738
  status: 3
  health: 2
  present: true
  level: 83
  scale: 100
  voltage: 3919
  temperature: 242
  technology: Li-ion
Current Battery Service state:
  AC powered: false
  USB powered: false
  Wireless powered: false
  Max charging current: 0
  Max charging voltage: 0
  Charge counter: 5053738
  status: 3
  health: 2
  present: true
  level: 83
  scale: 100
  voltage: 3919
  temperature: 242
  technology: Li-ion
Current Battery Service state:
  AC powered: false
  USB powered: false
  Wireless powered: false
  Max charging current: 0
  Max charging voltage: 0
  Charge counter: 5053738
  status: 3
  health: 2
  present: true
  level: 83
  scale: 100
  voltage: 3919
  temperature: 242
  technology: Li-ion
Current Battery Service state:
  AC powered: false
  USB powered: false
  Wireless powered: false
  Max charging current: 0
  Max charging voltage: 0
  Charge counter: 5053738
  status: 3
  health: 2
  present: true
  level: 83
  scale: 100
  voltage: 3919
  temperature: 242
  technology: Li-ion
Current Battery Service state:
  AC powered: false
  USB powered: false
  Wireless powered: false
  Max charging current: 0
  Max charging voltage: 0
  Charge counter: 5048166
  status: 3
  health: 2
  present: true
  level: 83
  scale: 100
  voltage: 3917
  temperature: 245
  technology: Li-ion
Current Battery Service state:
  AC powered: false
  USB powered: false
  Wireless powered: false
  Max charging current: 0
  Max charging voltage: 0
  Charge counter: 5048166
  status: 3
  health: 2
  present: true
  level: 83
  scale: 100
  voltage: 3917
  temperature: 245
  technology: Li-ion
Current Battery Service state:
  AC powered: false
  USB powered: false
  Wireless powered: false
  Max charging current: 0
  Max charging voltage: 0
  Charge counter: 5048166
  status: 3
  health: 2
  present: true
  level: 83
  scale: 100
  voltage: 3917
  temperature: 245
  technology: Li-ion
Current Battery Service state:
  AC powered: false
  USB powered: false
  Wireless powered: false
  Max charging current: 0
  Max charging voltage: 0
  Charge counter: 5048166
  status: 3
  health: 2
  present: true
  level: 83
  scale: 100
  voltage: 3917
  temperature: 245
  technology: Li-ion
Current Battery Service state:
  AC powered: false
  USB powered: false
  Wireless powered: false
  Max charging current: 0
  Max charging voltage: 0
  Charge counter: 5048166
  status: 3
  health: 2
  present: true
  level: 83
  scale: 100
  voltage: 3917
  temperature: 245
  technology: Li-ion
Current Battery Service state:
  AC powered: false
  USB powered: false
  Wireless powered: false
  Max charging current: 0
  Max charging voltage: 0
  Charge counter: 5048166
  status: 3
  health: 2
  present: true
  level: 83
  scale: 100
  voltage: 3917
  temperature: 245
  technology: Li-ion
Current Battery Service state:
  AC powered: false
  USB powered: false
  Wireless powered: false
  Max charging current: 0
  Max charging voltage: 0
  Charge counter: 5048166
  status: 3
  health: 2
  present: true
  level: 83
  scale: 100
  voltage: 3917
  temperature: 245
  technology: Li-ion
Current Battery Service state:
  AC powered: false
  USB powered: false
  Wireless powered: false
  Max charging current: 0
  Max charging voltage: 0
  Charge counter: 5048166
  status: 3
  health: 2
  present: true
  level: 83
  scale: 100
  voltage: 3917
  temperature: 245
  technology: Li-ion
Current Battery Service state:
  AC powered: false
  USB powered: false
  Wireless powered: false
  Max charging current: 0
  Max charging voltage: 0
  Charge counter: 5048166
  status: 3
  health: 2
  present: true
  level: 83
  scale: 100
  voltage: 3917
  temperature: 245
  technology: Li-ion
Current Battery Service state:
  AC powered: false
  USB powered: false
  Wireless powered: false
  Max charging current: 0
  Max charging voltage: 0
  Charge counter: 5048166
  status: 3
  health: 2
  present: true
  level: 83
  scale: 100
  voltage: 3917
  temperature: 245
  technology: Li-ion
Current Battery Service state:
  AC powered: false
  USB powered: false
  Wireless powered: false
  Max charging current: 0
  Max charging voltage: 0
  Charge counter: 5042637
  status: 3
  health: 2
  present: true
  level: 83
  scale: 100
  voltage: 3913
  temperature: 245
  technology: Li-ion
Current Battery Service state:
  AC powered: false
  USB powered: false
  Wireless powered: false
  Max charging current: 0
  Max charging voltage: 0
  Charge counter: 5042637
  status: 3
  health: 2
  present: true
  level: 83
  scale: 100
  voltage: 3913
  temperature: 245
  technology: Li-ion
Current Battery Service state:
  AC powered: false
  USB powered: false
  Wireless powered: false
  Max charging current: 0
  Max charging voltage: 0
  Charge counter: 5042637
  status: 3
  health: 2
  present: true
  level: 83
  scale: 100
  voltage: 3913
  temperature: 245
  technology: Li-ion
Current Battery Service state:
  AC powered: false
  USB powered: false
  Wireless powered: false
  Max charging current: 0
  Max charging voltage: 0
  Charge counter: 5042637
  status: 3
  health: 2
  present: true
  level: 83
  scale: 100
  voltage: 3913
  temperature: 245
  technology: Li-ion
Current Battery Service state:
  AC powered: false
  USB powered: false
  Wireless powered: false
  Max charging current: 0
  Max charging voltage: 0
  Charge counter: 5042637
  status: 3
  health: 2
  present: true
  level: 83
  scale: 100
  voltage: 3913
  temperature: 245
  technology: Li-ion
Current Battery Service state:
  AC powered: false
  USB powered: false
  Wireless powered: false
  Max charging current: 0
  Max charging voltage: 0
  Charge counter: 5042637
  status: 3
  health: 2
  present: true
  level: 83
  scale: 100
  voltage: 3913
  temperature: 245
  technology: Li-ion
Current Battery Service state:
  AC powered: false
  USB powered: false
  Wireless powered: false
  Max charging current: 0
  Max charging voltage: 0
  Charge counter: 5042637
  status: 3
  health: 2
  present: true
  level: 83
  scale: 100
  voltage: 3913
  temperature: 245
  technology: Li-ion
Current Battery Service state:
  AC powered: false
  USB powered: false
  Wireless powered: false
  Max charging current: 0
  Max charging voltage: 0
  Charge counter: 5042637
  status: 3
  health: 2
  present: true
  level: 83
  scale: 100
  voltage: 3913
  temperature: 245
  technology: Li-ion
Current Battery Service state:
  AC powered: false
  USB powered: false
  Wireless powered: false
  Max charging current: 0
  Max charging voltage: 0
  Charge counter: 5042637
  status: 3
  health: 2
  present: true
  level: 83
  scale: 100
  voltage: 3913
  temperature: 245
  technology: Li-ion
Current Battery Service state:
  AC powered: false
  USB powered: false
  Wireless powered: false
  Max charging current: 0
  Max charging voltage: 0
  Charge counter: 5042637
  status: 3
  health: 2
  present: true
  level: 83
  scale: 100
  voltage: 3913
  temperature: 245
  technology: Li-ion
Current Battery Service state:
  AC powered: false
  USB powered: false
  Wireless powered: false
  Max charging current: 0
  Max charging voltage: 0
  Charge counter: 5037070
  status: 3
  health: 2
  present: true
  level: 83
  scale: 100
  voltage: 3918
  temperature: 242
  technology: Li-ion
Current Battery Service state:
  AC powered: false
  USB powered: false
  Wireless powered: false
  Max charging current: 0
  Max charging voltage: 0
  Charge counter: 5037070
  status: 3
  health: 2
  present: true
  level: 83
  scale: 100
  voltage: 3918
  temperature: 242
  technology: Li-ion
Current Battery Service state:
  AC powered: false
  USB powered: false
  Wireless powered: false
  Max charging current: 0
  Max charging voltage: 0
  Charge counter: 5037070
  status: 3
  health: 2
  present: true
  level: 83
  scale: 100
  voltage: 3918
  temperature: 242
  technology: Li-ion
Current Battery Service state:
  AC powered: false
  USB powered: false
  Wireless powered: false
  Max charging current: 0
  Max charging voltage: 0
  Charge counter: 5037070
  status: 3
  health: 2
  present: true
  level: 83
  scale: 100
  voltage: 3918
  temperature: 242
  technology: Li-ion
Current Battery Service state:
  AC powered: false
  USB powered: false
  Wireless powered: false
  Max charging current: 0
  Max charging voltage: 0
  Charge counter: 5037070
  status: 3
  health: 2
  present: true
  level: 83
  scale: 100
  voltage: 3918
  temperature: 242
  technology: Li-ion
Current Battery Service state:
  AC powered: false
  USB powered: false
  Wireless powered: false
  Max charging current: 0
  Max charging voltage: 0
  Charge counter: 5037070
  status: 3
  health: 2
  present: true
  level: 83
  scale: 100
  voltage: 3918
  temperature: 242
  technology: Li-ion
Current Battery Service state:
  AC powered: false
  USB powered: false
  Wireless powered: false
  Max charging current: 0
  Max charging voltage: 0
  Charge counter: 5037070
  status: 3
  health: 2
  present: true
  level: 83
  scale: 100
  voltage: 3918
  temperature: 242
  technology: Li-ion
Current Battery Service state:
  AC powered: false
  USB powered: false
  Wireless powered: false
  Max charging current: 0
  Max charging voltage: 0
  Charge counter: 5033256
  status: 3
  health: 2
  present: true
  level: 83
  scale: 100
  voltage: 3917
  temperature: 245
  technology: Li-ion
Current Battery Service state:
  AC powered: false
  USB powered: false
  Wireless powered: false
  Max charging current: 0
  Max charging voltage: 0
  Charge counter: 5033256
  status: 3
  health: 2
  present: true
  level: 83
  scale: 100
  voltage: 3917
  temperature: 245
  technology: Li-ion
Current Battery Service state:
  AC powered: false
  USB powered: false
  Wireless powered: false
  Max charging current: 0
  Max charging voltage: 0
  Charge counter: 5033256
  status: 3
  health: 2
  present: true
  level: 83
  scale: 100
  voltage: 3917
  temperature: 245
  technology: Li-ion
Current Battery Service state:
  AC powered: false
  USB powered: false
  Wireless powered: false
  Max charging current: 0
  Max charging voltage: 0
  Charge counter: 5031625
  status: 3
  health: 2
  present: true
  level: 83
  scale: 100
  voltage: 3916
  temperature: 245
  technology: Li-ion
Current Battery Service state:
  AC powered: false
  USB powered: false
  Wireless powered: false
  Max charging current: 0
  Max charging voltage: 0
  Charge counter: 5031625
  status: 3
  health: 2
  present: true
  level: 83
  scale: 100
  voltage: 3916
  temperature: 245
  technology: Li-ion
Current Battery Service state:
  AC powered: false
  USB powered: false
  Wireless powered: false
  Max charging current: 0
  Max charging voltage: 0
  Charge counter: 5031625
  status: 3
  health: 2
  present: true
  level: 83
  scale: 100
  voltage: 3916
  temperature: 245
  technology: Li-ion
Current Battery Service state:
  AC powered: false
  USB powered: false
  Wireless powered: false
  Max charging current: 0
  Max charging voltage: 0
  Charge counter: 5031625
  status: 3
  health: 2
  present: true
  level: 83
  scale: 100
  voltage: 3916
  temperature: 245
  technology: Li-ion
Current Battery Service state:
  AC powered: false
  USB powered: false
  Wireless powered: false
  Max charging current: 0
  Max charging voltage: 0
  Charge counter: 5031625
  status: 3
  health: 2
  present: true
  level: 83
  scale: 100
  voltage: 3916
  temperature: 245
  technology: Li-ion
Current Battery Service state:
  AC powered: false
  USB powered: false
  Wireless powered: false
  Max charging current: 0
  Max charging voltage: 0
  Charge counter: 5031625
  status: 3
  health: 2
  present: true
  level: 83
  scale: 100
  voltage: 3916
  temperature: 245
  technology: Li-ion
Current Battery Service state:
  AC powered: false
  USB powered: false
  Wireless powered: false
  Max charging current: 0
  Max charging voltage: 0
  Charge counter: 5031625
  status: 3
  health: 2
  present: true
  level: 83
  scale: 100
  voltage: 3916
  temperature: 245
  technology: Li-ion
Current Battery Service state:
  AC powered: false
  USB powered: false
  Wireless powered: false
  Max charging current: 0
  Max charging voltage: 0
  Charge counter: 5031625
  status: 3
  health: 2
  present: true
  level: 83
  scale: 100
  voltage: 3916
  temperature: 245
  technology: Li-ion
Current Battery Service state:
  AC powered: false
  USB powered: false
  Wireless powered: false
  Max charging current: 0
  Max charging voltage: 0
  Charge counter: 5027016
  status: 3
  health: 2
  present: true
  level: 83
  scale: 100
  voltage: 3916
  temperature: 245
  technology: Li-ion
Current Battery Service state:
  AC powered: false
  USB powered: false
  Wireless powered: false
  Max charging current: 0
  Max charging voltage: 0
  Charge counter: 5027016
  status: 3
  health: 2
  present: true
  level: 83
  scale: 100
  voltage: 3916
  temperature: 245
  technology: Li-ion
Current Battery Service state:
  AC powered: false
  USB powered: false
  Wireless powered: false
  Max charging current: 0
  Max charging voltage: 0
  Charge counter: 5025930
  status: 3
  health: 2
  present: true
  level: 83
  scale: 100
  voltage: 3916
  temperature: 245
  technology: Li-ion
Current Battery Service state:
  AC powered: false
  USB powered: false
  Wireless powered: false
  Max charging current: 0
  Max charging voltage: 0
  Charge counter: 5025930
  status: 3
  health: 2
  present: true
  level: 83
  scale: 100
  voltage: 3916
  temperature: 245
  technology: Li-ion
Current Battery Service state:
  AC powered: false
  USB powered: false
  Wireless powered: false
  Max charging current: 0
  Max charging voltage: 0
  Charge counter: 5025930
  status: 3
  health: 2
  present: true
  level: 83
  scale: 100
  voltage: 3916
  temperature: 245
  technology: Li-ion
Current Battery Service state:
  AC powered: false
  USB powered: false
  Wireless powered: false
  Max charging current: 0
  Max charging voltage: 0
  Charge counter: 5025930
  status: 3
  health: 2
  present: true
  level: 83
  scale: 100
  voltage: 3916
  temperature: 245
  technology: Li-ion
Current Battery Service state:
  AC powered: false
  USB powered: false
  Wireless powered: false
  Max charging current: 0
  Max charging voltage: 0
  Charge counter: 5025930
  status: 3
  health: 2
  present: true
  level: 83
  scale: 100
  voltage: 3916
  temperature: 245
  technology: Li-ion
Current Battery Service state:
  AC powered: false
  USB powered: false
  Wireless powered: false
  Max charging current: 0
  Max charging voltage: 0
  Charge counter: 5025930
  status: 3
  health: 2
  present: true
  level: 83
  scale: 100
  voltage: 3916
  temperature: 245
  technology: Li-ion
Current Battery Service state:
  AC powered: false
  USB powered: false
  Wireless powered: false
  Max charging current: 0
  Max charging voltage: 0
  Charge counter: 5025930
  status: 3
  health: 2
  present: true
  level: 83
  scale: 100
  voltage: 3916
  temperature: 245
  technology: Li-ion
Current Battery Service state:
  AC powered: false
  USB powered: false
  Wireless powered: false
  Max charging current: 0
  Max charging voltage: 0
  Charge counter: 5025930
  status: 3
  health: 2
  present: true
  level: 83
  scale: 100
  voltage: 3916
  temperature: 245
  technology: Li-ion
Current Battery Service state:
  AC powered: false
  USB powered: false
  Wireless powered: false
  Max charging current: 0
  Max charging voltage: 0
  Charge counter: 5025930
  status: 3
  health: 2
  present: true
  level: 83
  scale: 100
  voltage: 3916
  temperature: 245
  technology: Li-ion
Current Battery Service state:
  AC powered: false
  USB powered: false
  Wireless powered: false
  Max charging current: 0
  Max charging voltage: 0
  Charge counter: 5025930
  status: 3
  health: 2
  present: true
  level: 83
  scale: 100
  voltage: 3916
  temperature: 245
  technology: Li-ion
Current Battery Service state:
  AC powered: false
  USB powered: false
  Wireless powered: false
  Max charging current: 0
  Max charging voltage: 0
  Charge counter: 5020630
  status: 3
  health: 2
  present: true
  level: 83
  scale: 100
  voltage: 3918
  temperature: 245
  technology: Li-ion
Current Battery Service state:
  AC powered: false
  USB powered: false
  Wireless powered: false
  Max charging current: 0
  Max charging voltage: 0
  Charge counter: 5020630
  status: 3
  health: 2
  present: true
  level: 83
  scale: 100
  voltage: 3918
  temperature: 245
  technology: Li-ion
Current Battery Service state:
  AC powered: false
  USB powered: false
  Wireless powered: false
  Max charging current: 0
  Max charging voltage: 0
  Charge counter: 5020630
  status: 3
  health: 2
  present: true
  level: 83
  scale: 100
  voltage: 3918
  temperature: 245
  technology: Li-ion
Current Battery Service state:
  AC powered: false
  USB powered: false
  Wireless powered: false
  Max charging current: 0
  Max charging voltage: 0
  Charge counter: 5020630
  status: 3
  health: 2
  present: true
  level: 83
  scale: 100
  voltage: 3918
  temperature: 245
  technology: Li-ion
Current Battery Service state:
  AC powered: false
  USB powered: false
  Wireless powered: false
  Max charging current: 0
  Max charging voltage: 0
  Charge counter: 5020630
  status: 3
  health: 2
  present: true
  level: 83
  scale: 100
  voltage: 3918
  temperature: 245
  technology: Li-ion
Current Battery Service state:
  AC powered: false
  USB powered: false
  Wireless powered: false
  Max charging current: 0
  Max charging voltage: 0
  Charge counter: 5020630
  status: 3
  health: 2
  present: true
  level: 83
  scale: 100
  voltage: 3918
  temperature: 245
  technology: Li-ion
