02-28 05:05:07.761  5400  5400 I BatteryMgr:DataCollectionService: onStartCommand: begin
02-28 05:05:07.762  5400  5400 I BatteryMgr:DataCollectionService: onStartCommand: sampleRate => 1000
02-28 05:05:07.762  5400  5400 I BatteryMgr:DataCollectionService: onStartCommand: rawFields => Timestamp,BATTERY_PROPERTY_CURRENT_NOW,EXTRA_VOLTAGE
02-28 05:05:07.763  5400  5400 I BatteryMgr:DataCollectionService: onStartCommand: notification done
02-28 05:05:07.766  5400  5400 I BatteryMgr:DataCollectionService: started foreground
02-28 05:05:07.769  5400  5857 I BatteryMgr:DataCollectionService: collectData: begin
02-28 05:05:07.770  5400  5857 I BatteryMgr:DataCollectionService: stats => 1709093107770,-2065916,3724
02-28 05:05:08.772  5400  5857 I BatteryMgr:DataCollectionService: stats => 1709093108772,-2031737,3724
02-28 05:05:09.775  5400  5857 I BatteryMgr:DataCollectionService: stats => 1709093109775,-2033202,3724
02-28 05:05:10.777  5400  5857 I BatteryMgr:DataCollectionService: stats => 1709093110777,-1893065,3724
02-28 05:05:11.780  5400  5857 I BatteryMgr:DataCollectionService: stats => 1709093111780,-1532225,3724
02-28 05:05:12.782  5400  5857 I BatteryMgr:DataCollectionService: stats => 1709093112782,-1689452,3735
02-28 05:05:13.784  5400  5857 I BatteryMgr:DataCollectionService: stats => 1709093113784,-1671385,3735
02-28 05:05:14.786  5400  5857 I BatteryMgr:DataCollectionService: stats => 1709093114786,-1605956,3735
02-28 05:05:15.788  5400  5857 I BatteryMgr:DataCollectionService: stats => 1709093115788,-1516112,3735
02-28 05:05:16.790  5400  5857 I BatteryMgr:DataCollectionService: stats => 1709093116790,-1613768,3735
02-28 05:05:17.793  5400  5857 I BatteryMgr:DataCollectionService: stats => 1709093117793,-1955565,3735
02-28 05:05:18.795  5400  5857 I BatteryMgr:DataCollectionService: stats => 1709093118795,-2125487,3735
02-28 05:05:19.797  5400  5857 I BatteryMgr:DataCollectionService: stats => 1709093119797,-1519530,3735
02-28 05:05:20.799  5400  5857 I BatteryMgr:DataCollectionService: stats => 1709093120799,-1897459,3735
02-28 05:05:21.801  5400  5857 I BatteryMgr:DataCollectionService: stats => 1709093121801,-1965819,3735
02-28 05:05:22.803  5400  5857 I BatteryMgr:DataCollectionService: stats => 1709093122803,-1945799,3720
02-28 05:05:23.805  5400  5857 I BatteryMgr:DataCollectionService: stats => 1709093123805,-1950682,3720
02-28 05:05:24.808  5400  5857 I BatteryMgr:DataCollectionService: stats => 1709093124808,-1983885,3720
02-28 05:05:25.809  5400  5857 I BatteryMgr:DataCollectionService: stats => 1709093125809,-1999998,3720
02-28 05:05:26.812  5400  5857 I BatteryMgr:DataCollectionService: stats => 1709093126812,-1985838,3720
02-28 05:05:27.819  5400  5857 I BatteryMgr:DataCollectionService: stats => 1709093127819,-1987303,3720
02-28 05:05:28.822  5400  5857 I BatteryMgr:DataCollectionService: stats => 1709093128822,-1976561,3720
02-28 05:05:29.824  5400  5857 I BatteryMgr:DataCollectionService: stats => 1709093129824,-1965819,3720
02-28 05:05:30.827  5400  5857 I BatteryMgr:DataCollectionService: stats => 1709093130827,-1979002,3720
02-28 05:05:31.829  5400  5857 I BatteryMgr:DataCollectionService: stats => 1709093131829,-2025389,3720
02-28 05:05:32.831  5400  5857 I BatteryMgr:DataCollectionService: stats => 1709093132831,-1993651,3717
02-28 05:05:33.833  5400  5857 I BatteryMgr:DataCollectionService: stats => 1709093133833,-1972655,3717
02-28 05:05:34.835  5400  5857 I BatteryMgr:DataCollectionService: stats => 1709093134835,-1962889,3717
02-28 05:05:35.837  5400  5857 I BatteryMgr:DataCollectionService: stats => 1709093135837,-1928709,3717
02-28 05:05:36.840  5400  5857 I BatteryMgr:DataCollectionService: stats => 1709093136839,-1467284,3717
02-28 05:05:37.842  5400  5857 I BatteryMgr:DataCollectionService: stats => 1709093137842,-1980467,3717
02-28 05:05:38.845  5400  5857 I BatteryMgr:DataCollectionService: stats => 1709093138845,-2041502,3717
02-28 05:05:39.847  5400  5857 I BatteryMgr:DataCollectionService: stats => 1709093139847,-1985350,3717
02-28 05:05:40.849  5400  5857 I BatteryMgr:DataCollectionService: stats => 1709093140849,-1991698,3717
02-28 05:05:41.852  5400  5857 I BatteryMgr:DataCollectionService: stats => 1709093141851,-1983885,3717
02-28 05:05:42.854  5400  5857 I BatteryMgr:DataCollectionService: stats => 1709093142854,-1993651,3717
02-28 05:05:43.856  5400  5857 I BatteryMgr:DataCollectionService: stats => 1709093143856,-1969237,3717
02-28 05:05:44.858  5400  5857 I BatteryMgr:DataCollectionService: stats => 1709093144858,-2000975,3717
02-28 05:05:45.860  5400  5857 I BatteryMgr:DataCollectionService: stats => 1709093145860,-2070799,3717
02-28 05:05:46.863  5400  5857 I BatteryMgr:DataCollectionService: stats => 1709093146863,-2119627,3717
02-28 05:05:47.865  5400  5857 I BatteryMgr:DataCollectionService: stats => 1709093147865,-2108397,3717
02-28 05:05:48.868  5400  5857 I BatteryMgr:DataCollectionService: stats => 1709093148868,-2130370,3717
02-28 05:05:49.870  5400  5857 I BatteryMgr:DataCollectionService: stats => 1709093149870,-1987303,3717
02-28 05:05:50.872  5400  5857 I BatteryMgr:DataCollectionService: stats => 1709093150872,-1992674,3717
02-28 05:05:51.874  5400  5857 I BatteryMgr:DataCollectionService: stats => 1709093151874,-2025389,3717
02-28 05:05:52.876  5400  5857 I BatteryMgr:DataCollectionService: stats => 1709093152876,-2018553,3714
02-28 05:05:53.880  5400  5857 I BatteryMgr:DataCollectionService: stats => 1709093153880,-1985838,3714
02-28 05:05:54.882  5400  5857 I BatteryMgr:DataCollectionService: stats => 1709093154882,-2018553,3714
02-28 05:05:55.885  5400  5857 I BatteryMgr:DataCollectionService: stats => 1709093155885,-2037596,3714
02-28 05:05:56.888  5400  5857 I BatteryMgr:DataCollectionService: stats => 1709093156888,-2031737,3714
02-28 05:05:57.891  5400  5857 I BatteryMgr:DataCollectionService: stats => 1709093157890,-2014159,3714
02-28 05:05:58.893  5400  5857 I BatteryMgr:DataCollectionService: stats => 1709093158893,-2041502,3714
02-28 05:05:59.896  5400  5857 I BatteryMgr:DataCollectionService: stats => 1709093159896,-2008299,3714
02-28 05:06:00.898  5400  5857 I BatteryMgr:DataCollectionService: stats => 1709093160898,-1995116,3714
02-28 05:06:01.900  5400  5857 I BatteryMgr:DataCollectionService: stats => 1709093161900,-2003416,3714
02-28 05:06:02.902  5400  5857 I BatteryMgr:DataCollectionService: stats => 1709093162902,-2009764,3714
02-28 05:06:03.904  5400  5857 I BatteryMgr:DataCollectionService: stats => 1709093163904,-2001463,3714
02-28 05:06:04.906  5400  5857 I BatteryMgr:DataCollectionService: stats => 1709093164906,-1989745,3714
02-28 05:06:05.908  5400  5857 I BatteryMgr:DataCollectionService: stats => 1709093165908,-2003416,3714
02-28 05:06:06.910  5400  5857 I BatteryMgr:DataCollectionService: stats => 1709093166910,-2002928,3714
02-28 05:06:07.912  5400  5857 I BatteryMgr:DataCollectionService: stats => 1709093167912,-2011717,3714
02-28 05:06:08.914  5400  5857 I BatteryMgr:DataCollectionService: stats => 1709093168914,-2028319,3714
02-28 05:06:09.917  5400  5857 I BatteryMgr:DataCollectionService: stats => 1709093169917,-1985350,3715
02-28 05:06:10.919  5400  5857 I BatteryMgr:DataCollectionService: stats => 1709093170918,-1972166,3715
02-28 05:06:11.921  5400  5857 I BatteryMgr:DataCollectionService: stats => 1709093171921,-2013670,3715
02-28 05:06:12.923  5400  5857 I BatteryMgr:DataCollectionService: stats => 1709093172923,-2012206,3713
02-28 05:06:13.925  5400  5857 I BatteryMgr:DataCollectionService: stats => 1709093173925,-1996581,3713
02-28 05:06:14.927  5400  5857 I BatteryMgr:DataCollectionService: stats => 1709093174927,-1998534,3713
02-28 05:06:15.929  5400  5857 I BatteryMgr:DataCollectionService: stats => 1709093175929,-2007811,3713
02-28 05:06:16.932  5400  5857 I BatteryMgr:DataCollectionService: stats => 1709093176931,-1980956,3713
02-28 05:06:17.934  5400  5857 I BatteryMgr:DataCollectionService: stats => 1709093177934,-2029295,3713
02-28 05:06:18.937  5400  5857 I BatteryMgr:DataCollectionService: stats => 1709093178937,-2158690,3713
02-28 05:06:19.939  5400  5857 I BatteryMgr:DataCollectionService: stats => 1709093179939,-2135252,3713
02-28 05:06:20.941  5400  5857 I BatteryMgr:DataCollectionService: stats => 1709093180941,-2016112,3713
02-28 05:06:21.943  5400  5857 I BatteryMgr:DataCollectionService: stats => 1709093181943,-2005858,3713
02-28 05:06:22.945  5400  5857 I BatteryMgr:DataCollectionService: stats => 1709093182945,-1987791,3712
02-28 05:06:23.947  5400  5857 I BatteryMgr:DataCollectionService: stats => 1709093183947,-1993163,3712
02-28 05:06:24.949  5400  5857 I BatteryMgr:DataCollectionService: stats => 1709093184949,-2030760,3712
02-28 05:06:25.951  5400  5857 I BatteryMgr:DataCollectionService: stats => 1709093185951,-2007811,3712
02-28 05:06:26.953  5400  5857 I BatteryMgr:DataCollectionService: stats => 1709093186953,-2013182,3712
02-28 05:06:27.955  5400  5857 I BatteryMgr:DataCollectionService: stats => 1709093187955,-2008788,3712
02-28 05:06:28.957  5400  5857 I BatteryMgr:DataCollectionService: stats => 1709093188957,-1988768,3712
02-28 05:06:29.959  5400  5857 I BatteryMgr:DataCollectionService: stats => 1709093189959,-1969725,3712
02-28 05:06:30.963  5400  5857 I BatteryMgr:DataCollectionService: stats => 1709093190962,-2001463,3712
02-28 05:06:31.965  5400  5857 I BatteryMgr:DataCollectionService: stats => 1709093191965,-2009276,3712
02-28 05:06:32.967  5400  5857 I BatteryMgr:DataCollectionService: stats => 1709093192967,-2038573,3712
02-28 05:06:33.969  5400  5857 I BatteryMgr:DataCollectionService: stats => 1709093193969,-2002440,3712
02-28 05:06:34.971  5400  5857 I BatteryMgr:DataCollectionService: stats => 1709093194971,-2006834,3712
02-28 05:06:35.974  5400  5857 I BatteryMgr:DataCollectionService: stats => 1709093195974,-1979979,3712
02-28 05:06:36.981  5400  5857 I BatteryMgr:DataCollectionService: stats => 1709093196981,-1979491,3712
02-28 05:06:37.983  5400  5857 I BatteryMgr:DataCollectionService: stats => 1709093197983,-2022459,3712
02-28 05:06:38.986  5400  5857 I BatteryMgr:DataCollectionService: stats => 1709093198986,-1990721,3712
02-28 05:06:39.988  5400  5857 I BatteryMgr:DataCollectionService: stats => 1709093199988,-2005858,3712
02-28 05:06:40.990  5400  5857 I BatteryMgr:DataCollectionService: stats => 1709093200990,-1999998,3712
02-28 05:06:41.993  5400  5857 I BatteryMgr:DataCollectionService: stats => 1709093201992,-2011229,3712
02-28 05:06:42.995  5400  5857 I BatteryMgr:DataCollectionService: stats => 1709093202995,-2054686,3711
02-28 05:06:43.999  5400  5857 I BatteryMgr:DataCollectionService: stats => 1709093203998,-2000975,3711
02-28 05:06:45.001  5400  5857 I BatteryMgr:DataCollectionService: stats => 1709093205001,-1994627,3711
02-28 05:06:46.003  5400  5857 I BatteryMgr:DataCollectionService: stats => 1709093206003,-2020995,3711
02-28 05:06:47.005  5400  5857 I BatteryMgr:DataCollectionService: stats => 1709093207005,-2004393,3711
02-28 05:06:48.007  5400  5857 I BatteryMgr:DataCollectionService: stats => 1709093208007,-2196287,3711
02-28 05:06:49.009  5400  5857 I BatteryMgr:DataCollectionService: stats => 1709093209009,-2190428,3711
02-28 05:06:50.011  5400  5857 I BatteryMgr:DataCollectionService: stats => 1709093210011,-2157225,3711
02-28 05:06:51.013  5400  5857 I BatteryMgr:DataCollectionService: stats => 1709093211013,-2155760,3711
02-28 05:06:52.016  5400  5857 I BatteryMgr:DataCollectionService: stats => 1709093212016,-2086424,3711
02-28 05:06:53.018  5400  5857 I BatteryMgr:DataCollectionService: stats => 1709093213018,-2014647,3704
02-28 05:06:54.020  5400  5857 I BatteryMgr:DataCollectionService: stats => 1709093214020,-1982909,3704
02-28 05:06:55.022  5400  5857 I BatteryMgr:DataCollectionService: stats => 1709093215022,-1977538,3704
02-28 05:06:56.024  5400  5857 I BatteryMgr:DataCollectionService: stats => 1709093216024,-1993651,3704
02-28 05:06:57.026  5400  5857 I BatteryMgr:DataCollectionService: stats => 1709093217026,-1939452,3704
02-28 05:06:58.028  5400  5857 I BatteryMgr:DataCollectionService: stats => 1709093218028,-1962889,3711
02-28 05:06:59.030  5400  5857 I BatteryMgr:DataCollectionService: stats => 1709093219030,-1968260,3711
02-28 05:07:00.032  5400  5857 I BatteryMgr:DataCollectionService: stats => 1709093220032,-2007323,3711
02-28 05:07:01.034  5400  5857 I BatteryMgr:DataCollectionService: stats => 1709093221034,-1997557,3711
02-28 05:07:02.038  5400  5857 I BatteryMgr:DataCollectionService: stats => 1709093222038,-1980467,3711
02-28 05:07:03.041  5400  5857 I BatteryMgr:DataCollectionService: stats => 1709093223041,-2025389,3711
02-28 05:07:04.043  5400  5857 I BatteryMgr:DataCollectionService: stats => 1709093224043,-1998534,3711
02-28 05:07:05.045  5400  5857 I BatteryMgr:DataCollectionService: stats => 1709093225045,-1968260,3711
02-28 05:07:06.047  5400  5857 I BatteryMgr:DataCollectionService: stats => 1709093226047,-1999998,3711
02-28 05:07:07.049  5400  5857 I BatteryMgr:DataCollectionService: stats => 1709093227049,-2006346,3711
02-28 05:07:08.051  5400  5857 I BatteryMgr:DataCollectionService: stats => 1709093228051,-1983397,3711
02-28 05:07:09.054  5400  5857 I BatteryMgr:DataCollectionService: stats => 1709093229054,-1969237,3711
02-28 05:07:10.056  5400  5857 I BatteryMgr:DataCollectionService: stats => 1709093230056,-2007323,3711
02-28 05:07:11.058  5400  5857 I BatteryMgr:DataCollectionService: stats => 1709093231058,-2006834,3711
02-28 05:07:12.060  5400  5857 I BatteryMgr:DataCollectionService: stats => 1709093232060,-1978514,3711
02-28 05:07:13.063  5400  5857 I BatteryMgr:DataCollectionService: stats => 1709093233062,-2010252,3710
02-28 05:07:14.065  5400  5857 I BatteryMgr:DataCollectionService: stats => 1709093234065,-1945799,3710
02-28 05:07:15.067  5400  5857 I BatteryMgr:DataCollectionService: stats => 1709093235067,-1958983,3710
02-28 05:07:16.069  5400  5857 I BatteryMgr:DataCollectionService: stats => 1709093236069,-1963377,3710
02-28 05:07:17.071  5400  5857 I BatteryMgr:DataCollectionService: stats => 1709093237071,-1994139,3710
02-28 05:07:18.074  5400  5857 I BatteryMgr:DataCollectionService: stats => 1709093238074,-2057616,3710
02-28 05:07:19.077  5400  5857 I BatteryMgr:DataCollectionService: stats => 1709093239077,-2059569,3710
02-28 05:07:20.080  5400  5857 I BatteryMgr:DataCollectionService: stats => 1709093240080,-2120604,3710
02-28 05:07:21.082  5400  5857 I BatteryMgr:DataCollectionService: stats => 1709093241082,-2198729,3710
02-28 05:07:22.085  5400  5857 I BatteryMgr:DataCollectionService: stats => 1709093242085,-2130370,3710
02-28 05:07:23.088  5400  5857 I BatteryMgr:DataCollectionService: stats => 1709093243088,-2116698,3700
02-28 05:07:24.090  5400  5857 I BatteryMgr:DataCollectionService: stats => 1709093244090,-2020995,3700
02-28 05:07:25.093  5400  5857 I BatteryMgr:DataCollectionService: stats => 1709093245093,-1980467,3700
02-28 05:07:26.095  5400  5857 I BatteryMgr:DataCollectionService: stats => 1709093246095,-1962889,3700
02-28 05:07:27.097  5400  5857 I BatteryMgr:DataCollectionService: stats => 1709093247097,-1994627,3700
02-28 05:07:28.099  5400  5857 I BatteryMgr:DataCollectionService: stats => 1709093248099,-1974120,3700
02-28 05:07:29.102  5400  5857 I BatteryMgr:DataCollectionService: stats => 1709093249102,-1987791,3700
02-28 05:07:30.104  5400  5857 I BatteryMgr:DataCollectionService: stats => 1709093250104,-1993163,3700
02-28 05:07:31.107  5400  5857 I BatteryMgr:DataCollectionService: stats => 1709093251107,-2005858,3700
02-28 05:07:32.109  5400  5857 I BatteryMgr:DataCollectionService: stats => 1709093252109,-1958983,3700
02-28 05:07:33.112  5400  5857 I BatteryMgr:DataCollectionService: stats => 1709093253111,-1968260,3708
02-28 05:07:34.114  5400  5857 I BatteryMgr:DataCollectionService: stats => 1709093254114,-1972655,3708
02-28 05:07:35.116  5400  5857 I BatteryMgr:DataCollectionService: stats => 1709093255116,-1989745,3708
02-28 05:07:36.118  5400  5857 I BatteryMgr:DataCollectionService: stats => 1709093256118,-1996581,3708
02-28 05:07:37.121  5400  5857 I BatteryMgr:DataCollectionService: stats => 1709093257121,-2016112,3708
02-28 05:07:38.123  5400  5857 I BatteryMgr:DataCollectionService: stats => 1709093258123,-2004881,3708
02-28 05:07:39.125  5400  5857 I BatteryMgr:DataCollectionService: stats => 1709093259125,-1983397,3708
02-28 05:07:40.128  5400  5857 I BatteryMgr:DataCollectionService: stats => 1709093260128,-1930174,3708
02-28 05:07:41.130  5400  5857 I BatteryMgr:DataCollectionService: stats => 1709093261130,-1977538,3708
02-28 05:07:42.132  5400  5857 I BatteryMgr:DataCollectionService: stats => 1709093262132,-1995116,3708
02-28 05:07:43.134  5400  5857 I BatteryMgr:DataCollectionService: stats => 1709093263134,-1950682,3709
02-28 05:07:44.136  5400  5857 I BatteryMgr:DataCollectionService: stats => 1709093264136,-2010741,3709
02-28 05:07:45.138  5400  5857 I BatteryMgr:DataCollectionService: stats => 1709093265138,-2019530,3709
02-28 05:07:46.141  5400  5857 I BatteryMgr:DataCollectionService: stats => 1709093266141,-2097166,3709
02-28 05:07:47.144  5400  5857 I BatteryMgr:DataCollectionService: stats => 1709093267144,-1984862,3709
02-28 05:07:48.146  5400  5857 I BatteryMgr:DataCollectionService: stats => 1709093268146,-2116698,3709
02-28 05:07:49.148  5400  5857 I BatteryMgr:DataCollectionService: stats => 1709093269148,-1961913,3709
02-28 05:07:50.150  5400  5857 I BatteryMgr:DataCollectionService: stats => 1709093270150,-1975584,3707
02-28 05:07:51.153  5400  5857 I BatteryMgr:DataCollectionService: stats => 1709093271152,-2018065,3707
02-28 05:07:52.156  5400  5857 I BatteryMgr:DataCollectionService: stats => 1709093272156,-1966795,3707
02-28 05:07:53.158  5400  5857 I BatteryMgr:DataCollectionService: stats => 1709093273158,-1946776,3708
02-28 05:07:54.160  5400  5857 I BatteryMgr:DataCollectionService: stats => 1709093274160,-1985350,3708
02-28 05:07:55.162  5400  5857 I BatteryMgr:DataCollectionService: stats => 1709093275162,-2001952,3708
02-28 05:07:56.166  5400  5857 I BatteryMgr:DataCollectionService: stats => 1709093276166,-1982420,3708
02-28 05:07:57.168  5400  5857 I BatteryMgr:DataCollectionService: stats => 1709093277168,-2006834,3708
02-28 05:07:58.170  5400  5857 I BatteryMgr:DataCollectionService: stats => 1709093278170,-2014159,3708
02-28 05:07:59.172  5400  5857 I BatteryMgr:DataCollectionService: stats => 1709093279172,-1953124,3708
02-28 05:08:00.175  5400  5857 I BatteryMgr:DataCollectionService: stats => 1709093280175,-1958495,3708
02-28 05:08:01.177  5400  5857 I BatteryMgr:DataCollectionService: stats => 1709093281177,-1989256,3708
02-28 05:08:02.180  5400  5857 I BatteryMgr:DataCollectionService: stats => 1709093282180,-1958006,3708
02-28 05:08:03.182  5400  5857 I BatteryMgr:DataCollectionService: stats => 1709093283182,-2004881,3705
02-28 05:08:04.185  5400  5857 I BatteryMgr:DataCollectionService: stats => 1709093284185,-2010741,3705
02-28 05:08:05.187  5400  5857 I BatteryMgr:DataCollectionService: stats => 1709093285187,-1965331,3705
02-28 05:08:06.190  5400  5857 I BatteryMgr:DataCollectionService: stats => 1709093286190,-1971678,3705
02-28 05:08:07.193  5400  5857 I BatteryMgr:DataCollectionService: stats => 1709093287193,-1994627,3705
02-28 05:08:08.195  5400  5857 I BatteryMgr:DataCollectionService: stats => 1709093288195,-2009764,3705
02-28 05:08:09.197  5400  5857 I BatteryMgr:DataCollectionService: stats => 1709093289197,-1980467,3705
02-28 05:08:10.200  5400  5857 I BatteryMgr:DataCollectionService: stats => 1709093290199,-2038084,3705
02-28 05:08:11.202  5400  5857 I BatteryMgr:DataCollectionService: stats => 1709093291202,-1960936,3705
02-28 05:08:12.206  5400  5857 I BatteryMgr:DataCollectionService: stats => 1709093292206,-1956053,3705
02-28 05:08:13.208  5400  5857 I BatteryMgr:DataCollectionService: stats => 1709093293208,-1944334,3707
02-28 05:08:14.211  5400  5857 I BatteryMgr:DataCollectionService: stats => 1709093294211,-1984862,3707
02-28 05:08:15.213  5400  5857 I BatteryMgr:DataCollectionService: stats => 1709093295213,-1999510,3707
02-28 05:08:16.215  5400  5857 I BatteryMgr:DataCollectionService: stats => 1709093296215,-2141112,3707
02-28 05:08:17.217  5400  5857 I BatteryMgr:DataCollectionService: stats => 1709093297217,-2133299,3707
02-28 05:08:18.220  5400  5857 I BatteryMgr:DataCollectionService: stats => 1709093298220,-2036620,3707
02-28 05:08:19.222  5400  5857 I BatteryMgr:DataCollectionService: stats => 1709093299222,-2157225,3707
02-28 05:08:20.224  5400  5857 I BatteryMgr:DataCollectionService: stats => 1709093300224,-2087401,3707
02-28 05:08:21.227  5400  5857 I BatteryMgr:DataCollectionService: stats => 1709093301227,-1963377,3707
02-28 05:08:22.231  5400  5857 I BatteryMgr:DataCollectionService: stats => 1709093302231,-2019530,3707
02-28 05:08:23.233  5400  5857 I BatteryMgr:DataCollectionService: stats => 1709093303233,-1980956,3704
02-28 05:08:24.236  5400  5857 I BatteryMgr:DataCollectionService: stats => 1709093304236,-1985350,3704
02-28 05:08:25.238  5400  5857 I BatteryMgr:DataCollectionService: stats => 1709093305238,-2026366,3704
02-28 05:08:26.240  5400  5857 I BatteryMgr:DataCollectionService: stats => 1709093306240,-1999510,3704
02-28 05:08:27.242  5400  5857 I BatteryMgr:DataCollectionService: stats => 1709093307242,-1977049,3704
02-28 05:08:28.245  5400  5857 I BatteryMgr:DataCollectionService: stats => 1709093308244,-1971678,3704
02-28 05:08:29.247  5400  5857 I BatteryMgr:DataCollectionService: stats => 1709093309247,-1991209,3704
02-28 05:08:30.249  5400  5857 I BatteryMgr:DataCollectionService: stats => 1709093310249,-1977538,3704
02-28 05:08:31.251  5400  5857 I BatteryMgr:DataCollectionService: stats => 1709093311251,-2009276,3704
02-28 05:08:32.253  5400  5857 I BatteryMgr:DataCollectionService: stats => 1709093312253,-1982420,3704
02-28 05:08:33.255  5400  5857 I BatteryMgr:DataCollectionService: stats => 1709093313255,-1970213,3704
02-28 05:08:34.257  5400  5857 I BatteryMgr:DataCollectionService: stats => 1709093314257,-1973143,3704
02-28 05:08:35.259  5400  5857 I BatteryMgr:DataCollectionService: stats => 1709093315259,-2009764,3704
02-28 05:08:36.261  5400  5857 I BatteryMgr:DataCollectionService: stats => 1709093316261,-1999510,3704
02-28 05:08:37.263  5400  5857 I BatteryMgr:DataCollectionService: stats => 1709093317263,-1985350,3704
02-28 05:08:38.266  5400  5857 I BatteryMgr:DataCollectionService: stats => 1709093318266,-1968748,3704
02-28 05:08:39.269  5400  5857 I BatteryMgr:DataCollectionService: stats => 1709093319269,-2000975,3704
02-28 05:08:40.272  5400  5857 I BatteryMgr:DataCollectionService: stats => 1709093320272,-1947752,3704
02-28 05:08:41.275  5400  5857 I BatteryMgr:DataCollectionService: stats => 1709093321275,-1974120,3704
02-28 05:08:42.277  5400  5857 I BatteryMgr:DataCollectionService: stats => 1709093322277,-2007323,3704
02-28 05:08:43.279  5400  5857 I BatteryMgr:DataCollectionService: stats => 1709093323279,-1999022,3702
02-28 05:08:44.281  5400  5857 I BatteryMgr:DataCollectionService: stats => 1709093324281,-2012206,3702
02-28 05:08:45.284  5400  5857 I BatteryMgr:DataCollectionService: stats => 1709093325284,-1996092,3702
02-28 05:08:46.286  5400  5857 I BatteryMgr:DataCollectionService: stats => 1709093326286,-1992186,3702
02-28 05:08:47.288  5400  5857 I BatteryMgr:DataCollectionService: stats => 1709093327288,-1724608,3702
02-28 05:08:48.290  5400  5857 I BatteryMgr:DataCollectionService: stats => 1709093328290,-1996581,3702
02-28 05:08:49.292  5400  5857 I BatteryMgr:DataCollectionService: stats => 1709093329292,-2138182,3702
02-28 05:08:50.296  5400  5857 I BatteryMgr:DataCollectionService: stats => 1709093330296,-2145994,3702
02-28 05:08:51.298  5400  5857 I BatteryMgr:DataCollectionService: stats => 1709093331298,-2181151,3702
02-28 05:08:52.301  5400  5857 I BatteryMgr:DataCollectionService: stats => 1709093332301,-2130370,3702
02-28 05:08:53.303  5400  5857 I BatteryMgr:DataCollectionService: stats => 1709093333303,-1984373,3702
02-28 05:08:54.305  5400  5857 I BatteryMgr:DataCollectionService: stats => 1709093334305,-1959471,3702
02-28 05:08:55.307  5400  5857 I BatteryMgr:DataCollectionService: stats => 1709093335307,-1778807,3702
02-28 05:08:56.310  5400  5857 I BatteryMgr:DataCollectionService: stats => 1709093336310,-1843260,3702
02-28 05:08:57.313  5400  5857 I BatteryMgr:DataCollectionService: stats => 1709093337312,-1851073,3710
02-28 05:08:58.315  5400  5857 I BatteryMgr:DataCollectionService: stats => 1709093338315,-1871092,3710
02-28 05:08:59.317  5400  5857 I BatteryMgr:DataCollectionService: stats => 1709093339317,-1948729,3710
02-28 05:09:00.320  5400  5857 I BatteryMgr:DataCollectionService: stats => 1709093340320,-1907713,3710
02-28 05:09:01.322  5400  5857 I BatteryMgr:DataCollectionService: stats => 1709093341322,-1864745,3710
02-28 05:09:02.325  5400  5857 I BatteryMgr:DataCollectionService: stats => 1709093342325,-1879881,3710
02-28 05:09:03.327  5400  5857 I BatteryMgr:DataCollectionService: stats => 1709093343327,-1879393,3708
