8.40 8.76 8.57 1/2881 24477
8.40 8.76 8.57 1/2881 24504
8.52 8.78 8.58 3/2881 24531
8.52 8.78 8.58 3/2881 24558
8.52 8.78 8.58 7/2881 24585
8.52 8.78 8.58 3/2881 24612
8.52 8.78 8.58 4/2881 24640
8.40 8.75 8.57 3/2881 24667
8.40 8.75 8.57 2/2881 24694
8.40 8.75 8.57 1/2883 24723
8.40 8.75 8.57 4/2883 24751
8.40 8.75 8.57 2/2883 24778
8.53 8.77 8.58 2/2883 24805
8.53 8.77 8.58 2/2883 24832
8.53 8.77 8.58 3/2883 24859
8.53 8.77 8.58 5/2883 24886
8.53 8.77 8.58 3/2883 24913
8.49 8.76 8.58 3/2883 24940
8.49 8.76 8.58 1/2883 24967
8.49 8.76 8.58 3/2883 24994
8.49 8.76 8.58 5/2883 25021
8.49 8.76 8.58 1/2881 25048
8.37 8.73 8.57 2/2882 25092
8.37 8.73 8.57 4/2882 25119
8.37 8.73 8.57 1/2882 25146
8.37 8.73 8.57 2/2882 25173
8.37 8.73 8.57 6/2887 25208
8.34 8.72 8.56 3/2887 25235
8.34 8.72 8.56 1/2887 25262
8.34 8.72 8.56 6/2887 25289
8.34 8.72 8.56 3/2887 25316
8.34 8.72 8.56 2/2885 25343
8.23 8.69 8.55 2/2885 25370
8.23 8.69 8.55 2/2885 25398
8.23 8.69 8.55 2/2885 25425
8.23 8.69 8.55 3/2885 25452
8.23 8.69 8.55 5/2885 25479
8.21 8.68 8.55 5/2887 25508
8.21 8.68 8.55 2/2887 25535
8.21 8.68 8.55 2/2887 25562
8.21 8.68 8.55 2/2887 25589
8.21 8.68 8.55 4/2887 25616
8.12 8.65 8.54 4/2887 25643
8.12 8.65 8.54 2/2887 25670
8.12 8.65 8.54 2/2886 25698
8.12 8.65 8.54 3/2886 25725
8.12 8.65 8.54 5/2886 25752
8.27 8.67 8.55 1/2886 25779
8.27 8.67 8.55 3/2886 25806
8.27 8.67 8.55 4/2886 25833
8.27 8.67 8.55 1/2886 25860
8.27 8.67 8.55 2/2886 25887
8.01 8.61 8.53 2/2886 25914
8.01 8.61 8.53 1/2885 25941
8.01 8.61 8.53 1/2882 25968
8.01 8.61 8.53 3/2882 25995
8.01 8.61 8.53 7/2882 26023
7.84 8.57 8.52 6/2882 26050
7.84 8.57 8.52 5/2882 26077
7.84 8.57 8.52 3/2880 26104
7.84 8.57 8.52 5/2880 26131
7.84 8.57 8.52 1/2880 26158
7.94 8.58 8.52 5/2880 26185
7.94 8.58 8.52 1/2880 26212
7.94 8.58 8.52 2/2880 26239
7.94 8.58 8.52 2/2880 26266
7.94 8.58 8.52 6/2880 26293
7.86 8.55 8.51 3/2878 26321
7.86 8.55 8.51 3/2878 26348
7.86 8.55 8.51 2/2877 26375
7.86 8.55 8.51 9/2877 26402
7.86 8.55 8.51 1/2879 26431
8.03 8.57 8.52 4/2879 26458
8.03 8.57 8.52 1/2879 26485
8.03 8.57 8.52 7/2879 26512
8.03 8.57 8.52 3/2879 26539
8.03 8.57 8.52 6/2879 26566
8.19 8.60 8.53 3/2878 26593
8.19 8.60 8.53 2/2878 26621
8.19 8.60 8.53 5/2878 26648
8.19 8.60 8.53 4/2878 26675
8.19 8.60 8.53 13/2878 26702
8.50 8.65 8.55 8/2878 26741
8.50 8.65 8.55 2/2878 26768
8.50 8.65 8.55 6/2878 26795
8.50 8.65 8.55 2/2878 26822
8.50 8.65 8.55 6/2874 26850
8.54 8.66 8.55 1/2874 26877
8.54 8.66 8.55 7/2874 26904
8.54 8.66 8.55 3/2874 26932
8.54 8.66 8.55 4/2873 26959
8.54 8.66 8.55 4/2871 26986
8.25 8.60 8.53 7/2871 27013
8.25 8.60 8.53 7/2871 27040
8.25 8.60 8.53 6/2871 27068
8.25 8.60 8.53 5/2871 27095
8.25 8.60 8.53 3/2871 27122
8.23 8.59 8.53 1/2869 27149
8.23 8.59 8.53 8/2869 27176
8.23 8.59 8.53 6/2869 27203
8.23 8.59 8.53 13/2869 27230
8.23 8.59 8.53 3/2869 27258
8.13 8.56 8.52 7/2869 27285
8.13 8.56 8.52 3/2869 27312
8.13 8.56 8.52 2/2869 27339
8.13 8.56 8.52 3/2869 27366
8.13 8.56 8.52 3/2869 27393
8.20 8.57 8.52 6/2869 27420
8.20 8.57 8.52 2/2869 27447
8.20 8.57 8.52 7/2869 27474
8.20 8.57 8.52 3/2869 27501
8.20 8.57 8.52 1/2869 27528
8.67 8.66 8.55 2/2869 27556
8.67 8.66 8.55 3/2868 27583
8.67 8.66 8.55 2/2868 27610
8.67 8.66 8.55 2/2868 27637
8.67 8.66 8.55 2/2868 27664
8.53 8.63 8.54 1/2868 27691
8.53 8.63 8.54 1/2868 27718
8.53 8.63 8.54 3/2866 27745
8.53 8.63 8.54 5/2866 27772
8.53 8.63 8.54 3/2866 27799
8.33 8.59 8.53 4/2866 27826
8.33 8.59 8.53 4/2864 27854
8.33 8.59 8.53 5/2864 27881
8.33 8.59 8.53 2/2864 27908
8.33 8.59 8.53 3/2864 27935
8.30 8.58 8.53 2/2864 27962
8.30 8.58 8.53 1/2864 27989
8.30 8.58 8.53 2/2864 28016
8.30 8.58 8.53 4/2864 28043
8.30 8.58 8.53 6/2864 28070
8.12 8.53 8.51 11/2864 28097
8.12 8.53 8.51 5/2864 28124
8.12 8.53 8.51 3/2864 28151
8.12 8.53 8.51 7/2864 28179
8.12 8.53 8.51 3/2864 28206
7.95 8.49 8.50 3/2864 28233
7.95 8.49 8.50 1/2864 28260
7.95 8.49 8.50 1/2864 28287
7.95 8.49 8.50 3/2864 28314
7.95 8.49 8.50 1/2864 28341
7.95 8.49 8.50 2/2864 28376
8.27 8.55 8.52 2/2864 28403
8.27 8.55 8.52 4/2864 28432
8.27 8.55 8.52 1/2864 28459
8.27 8.55 8.52 10/2870 28497
8.27 8.55 8.52 3/2870 28524
8.49 8.59 8.53 2/2870 28553
8.49 8.59 8.53 4/2870 28580
8.49 8.59 8.53 8/2870 28607
8.49 8.59 8.53 1/2870 28634
8.49 8.59 8.53 6/2870 28661
8.69 8.63 8.55 1/2870 28689
8.69 8.63 8.55 4/2870 28716
8.69 8.63 8.55 1/2870 28743
8.69 8.63 8.55 7/2870 28770
8.69 8.63 8.55 5/2870 28798
8.64 8.62 8.54 4/2870 28825
8.64 8.62 8.54 4/2870 28852
8.64 8.62 8.54 4/2870 28879
8.64 8.62 8.54 2/2870 28906
8.64 8.62 8.54 3/2870 28933
8.67 8.63 8.55 1/2870 28960
8.67 8.63 8.55 3/2870 28987
8.67 8.63 8.55 2/2870 29014
8.67 8.63 8.55 3/2870 29041
8.67 8.63 8.55 2/2870 29068
8.93 8.68 8.56 3/2870 29097
8.93 8.68 8.56 6/2870 29124
8.93 8.68 8.56 4/2870 29151
8.93 8.68 8.56 1/2870 29178
8.93 8.68 8.56 1/2870 29205
8.94 8.69 8.57 3/2870 29232
8.94 8.69 8.57 4/2870 29260
8.94 8.69 8.57 6/2870 29287
8.94 8.69 8.57 6/2870 29314
8.94 8.69 8.57 12/2876 29350
9.02 8.71 8.57 5/2877 29379
9.02 8.71 8.57 4/2877 29406
9.02 8.71 8.57 6/2877 29435
9.02 8.71 8.57 4/2877 29462
9.02 8.71 8.57 6/2877 29489
9.10 8.73 8.58 1/2880 29519
9.10 8.73 8.58 8/2880 29546
9.10 8.73 8.58 2/2880 29573
9.10 8.73 8.58 9/2880 29600
9.10 8.73 8.58 4/2880 29627
9.01 8.72 8.58 3/2883 29657
9.01 8.72 8.58 4/2883 29684
9.01 8.72 8.58 7/2883 29711
9.01 8.72 8.58 6/2882 29739
9.01 8.72 8.58 1/2882 29766
8.69 8.66 8.56 3/2883 29794
8.69 8.66 8.56 5/2883 29822
8.69 8.66 8.56 2/2882 29849
8.69 8.66 8.56 3/2882 29876
8.69 8.66 8.56 2/2882 29903
8.48 8.61 8.55 1/2882 29930
8.48 8.61 8.55 1/2882 29957
8.48 8.61 8.55 3/2881 29986
8.48 8.61 8.55 1/2881 30013
8.48 8.61 8.55 3/2881 30048
8.44 8.60 8.54 3/2881 30083
8.44 8.60 8.54 6/2881 30110
8.44 8.60 8.54 5/2881 30137
8.44 8.60 8.54 4/2878 30165
8.44 8.60 8.54 5/2878 30192
8.56 8.63 8.55 3/2878 30219
8.56 8.63 8.55 1/2878 30246
8.56 8.63 8.55 1/2878 30273
8.56 8.63 8.55 6/2876 30300
8.56 8.63 8.55 5/2876 30327
8.84 8.68 8.57 1/2876 30354
8.84 8.68 8.57 4/2876 30382
8.84 8.68 8.57 4/2880 30413
8.84 8.68 8.57 6/2880 30440
8.84 8.68 8.57 7/2880 30467
8.61 8.64 8.56 4/2880 30494
8.61 8.64 8.56 5/2880 30521
8.61 8.64 8.56 3/2880 30548
8.61 8.64 8.56 3/2880 30575
8.61 8.64 8.56 2/2880 30602
8.40 8.59 8.54 5/2880 30629
8.40 8.59 8.54 4/2880 30656
8.40 8.59 8.54 4/2880 30684
8.40 8.59 8.54 3/2880 30711
8.40 8.59 8.54 2/2880 30738
8.29 8.57 8.53 6/2879 30765
8.29 8.57 8.53 1/2879 30792
8.29 8.57 8.53 5/2879 30819
8.29 8.57 8.53 2/2879 30846
8.29 8.57 8.53 3/2879 30873
8.35 8.57 8.54 2/2879 30900
8.35 8.57 8.54 1/2879 30927
