3966.00 22416.94
3967.00 22423.07
3968.00 22429.35
3969.00 22434.62
3969.99 22440.21
3971.01 22446.46
3972.00 22452.57
3972.99 22458.27
3974.00 22464.17
3975.00 22469.64
3975.99 22474.95
3976.99 22480.64
3978.00 22486.39
3978.99 22491.95
3980.00 22497.59
3981.00 22503.32
3982.00 22509.15
3983.01 22515.00
3984.00 22520.88
3985.00 22526.76
3985.99 22532.66
3987.00 22538.59
3988.00 22544.33
3989.01 22550.61
3990.00 22556.38
3990.99 22562.46
3992.00 22568.54
3993.00 22574.49
3993.99 22580.80
3995.00 22586.90
3996.00 22593.06
3996.99 22599.23
3998.00 22605.48
3999.00 22611.53
4000.00 22617.55
4001.00 22623.69
4002.00 22629.60
4003.00 22635.57
4003.99 22641.26
4005.00 22647.00
4006.00 22652.92
4007.01 22659.36
4007.99 22665.40
4009.00 22671.92
4010.00 22677.93
4011.01 22684.19
4012.00 22690.49
4013.01 22696.93
4014.00 22703.13
4014.99 22709.17
4016.00 22715.18
4016.99 22721.30
4018.00 22727.45
4018.99 22733.70
4019.99 22739.94
4021.00 22745.76
4022.00 22751.68
4023.01 22757.91
4024.00 22763.98
4024.99 22770.11
4025.99 22776.26
4027.01 22782.61
4028.00 22788.69
4029.01 22794.49
4030.00 22800.41
4030.99 22806.57
4031.99 22812.70
4033.00 22818.97
4034.00 22824.88
4035.01 22830.22
4036.00 22835.86
4036.99 22841.67
4038.00 22847.61
4038.99 22853.68
4040.00 22859.86
4041.00 22866.08
4042.00 22872.42
4043.00 22878.60
4044.00 22884.83
4045.00 22891.01
4046.00 22897.29
4047.00 22903.52
4048.01 22909.75
4049.00 22915.84
4050.00 22922.09
4050.99 22928.25
4052.00 22934.41
4053.00 22940.41
4054.00 22946.46
4055.00 22952.70
4056.00 22958.84
4057.00 22965.12
4058.00 22971.35
4059.01 22977.77
4060.00 22983.64
4061.00 22990.02
4062.01 22996.16
4063.00 23002.21
4064.00 23008.46
4065.00 23014.07
4066.00 23019.84
4067.00 23025.45
4068.00 23031.03
4069.00 23037.08
4070.00 23043.11
4071.00 23048.98
4072.01 23055.29
4073.00 23061.53
4074.00 23067.70
4074.99 23073.84
4076.01 23079.93
4076.99 23085.83
4078.00 23091.62
4079.00 23097.49
4080.00 23103.50
4080.99 23109.33
4082.00 23115.28
4083.00 23121.27
4083.99 23127.47
4085.01 23133.82
4086.01 23139.95
4087.00 23146.04
4088.01 23152.37
4089.01 23158.52
4090.00 23164.45
4091.01 23170.79
4092.00 23177.03
4093.00 23183.27
4093.99 23189.47
4095.00 23195.61
4096.00 23201.32
4097.00 23207.13
4098.01 23212.29
4099.00 23218.07
4100.00 23223.50
4101.00 23229.02
4102.00 23234.71
4103.00 23240.61
4104.01 23246.35
4105.00 23252.27
4106.00 23257.94
4106.99 23263.56
4108.00 23269.32
4109.00 23275.25
4110.01 23281.27
4111.00 23287.20
4111.99 23293.20
4112.99 23299.22
4114.00 23305.47
4115.00 23311.60
4116.00 23317.56
4117.01 23323.82
4118.00 23329.90
4119.01 23336.04
4120.01 23342.03
4120.99 23348.16
4121.99 23354.11
4123.01 23359.74
4124.00 23365.65
4124.99 23371.36
4126.00 23377.41
4127.00 23383.45
4128.00 23389.38
4129.00 23395.41
4130.00 23401.54
4131.00 23407.62
4132.00 23413.68
4133.00 23419.91
4134.00 23426.01
4135.01 23431.94
4136.00 23438.09
4136.99 23444.08
4138.01 23450.27
4139.00 23456.19
4140.02 23462.40
4141.00 23468.16
4142.00 23474.27
4143.01 23480.38
4144.00 23484.90
4145.00 23490.63
4145.99 23496.43
4147.01 23502.50
4148.00 23508.56
4149.00 23514.14
4150.00 23520.26
4151.00 23526.23
4151.99 23532.21
4152.99 23537.90
4154.00 23543.72
4154.99 23549.07
4156.00 23554.88
4156.99 23560.55
4158.00 23566.54
4159.00 23572.85
4159.99 23579.05
4161.00 23585.21
4162.00 23591.36
4163.00 23597.72
4164.01 23603.93
4164.99 23610.03
4165.99 23616.07
4167.00 23622.55
4167.99 23628.60
4169.00 23634.51
4170.00 23640.69
4171.00 23646.92
4171.99 23652.96
4173.00 23659.08
4174.00 23665.12
4175.00 23671.27
4175.99 23677.37
4177.00 23683.61
4178.00 23689.71
4179.01 23695.75
4180.00 23701.81
4180.99 23707.93
4182.00 23714.18
4182.99 23720.31
4184.01 23726.76
4185.00 23732.20
4186.00 23737.77
4186.99 23743.51
4188.00 23749.22
4189.00 23755.36
4189.99 23761.35
4191.00 23767.60
4192.01 23773.87
4193.00 23780.20
4194.00 23786.30
4194.99 23792.44
4196.01 23798.55
4197.00 23804.77
4198.00 23810.94
4199.00 23817.21
4200.00 23823.36
