01-16 15:57:33.712  3849  3849 I BatteryMgr:DataCollectionService: onStartCommand: begin
01-16 15:57:33.716  3849  3849 I BatteryMgr:DataCollectionService: onStartCommand: sampleRate => 1000
01-16 15:57:33.716  3849  3849 I BatteryMgr:DataCollectionService: onStartCommand: rawFields => Timestamp,BATTERY_PROPERTY_CURRENT_NOW,EXTRA_VOLTAGE
01-16 15:57:33.726  3849  3849 I BatteryMgr:DataCollectionService: onStartCommand: notification done
01-16 15:57:33.728  3849  3849 I BatteryMgr:DataCollectionService: started foreground
01-16 15:57:33.757  3849  3877 I BatteryMgr:DataCollectionService: collectData: begin
01-16 15:57:33.763  3849  3877 I BatteryMgr:DataCollectionService: stats => 1705417053763,-1972655,4053
01-16 15:57:34.770  3849  3877 I BatteryMgr:DataCollectionService: stats => 1705417054770,-1847167,4053
01-16 15:57:35.815  3849  3877 I BatteryMgr:DataCollectionService: stats => 1705417055814,-1955077,4053
01-16 15:57:36.826  3849  3877 I BatteryMgr:DataCollectionService: stats => 1705417056826,-2062010,4053
01-16 15:57:37.832  3849  3877 I BatteryMgr:DataCollectionService: stats => 1705417057832,-1903319,4053
01-16 15:57:38.839  3849  3877 I BatteryMgr:DataCollectionService: stats => 1705417058838,-2228026,4038
01-16 15:57:39.844  3849  3877 I BatteryMgr:DataCollectionService: stats => 1705417059844,-1687499,4038
01-16 15:57:40.850  3849  3877 I BatteryMgr:DataCollectionService: stats => 1705417060850,-1683592,4038
01-16 15:57:41.855  3849  3877 I BatteryMgr:DataCollectionService: stats => 1705417061855,-1922850,4038
01-16 15:57:42.869  3849  3877 I BatteryMgr:DataCollectionService: stats => 1705417062869,-2070799,4038
01-16 15:57:43.894  3849  3877 I BatteryMgr:DataCollectionService: stats => 1705417063894,-2326658,4038
01-16 15:57:44.899  3849  3877 I BatteryMgr:DataCollectionService: stats => 1705417064899,-1827635,4038
01-16 15:57:45.905  3849  3877 I BatteryMgr:DataCollectionService: stats => 1705417065904,-1688475,4038
01-16 15:57:46.909  3849  3877 I BatteryMgr:DataCollectionService: stats => 1705417066909,-1643065,4038
01-16 15:57:47.914  3849  3877 I BatteryMgr:DataCollectionService: stats => 1705417067914,-1474120,4038
01-16 15:57:48.919  3849  3877 I BatteryMgr:DataCollectionService: stats => 1705417068919,-1587401,4062
01-16 15:57:49.923  3849  3877 I BatteryMgr:DataCollectionService: stats => 1705417069923,-1350585,4062
01-16 15:57:50.928  3849  3877 I BatteryMgr:DataCollectionService: stats => 1705417070928,-1470702,4062
01-16 15:57:51.932  3849  3877 I BatteryMgr:DataCollectionService: stats => 1705417071932,-1533202,4062
01-16 15:57:52.938  3849  3877 I BatteryMgr:DataCollectionService: stats => 1705417072938,-1458495,4062
01-16 15:57:53.942  3849  3877 I BatteryMgr:DataCollectionService: stats => 1705417073942,-1475096,4062
01-16 15:57:54.947  3849  3877 I BatteryMgr:DataCollectionService: stats => 1705417074947,-1498046,4062
01-16 15:57:55.954  3849  3877 I BatteryMgr:DataCollectionService: stats => 1705417075954,-1789061,4062
01-16 15:57:56.960  3849  3877 I BatteryMgr:DataCollectionService: stats => 1705417076960,-1841795,4062
01-16 15:57:57.964  3849  3877 I BatteryMgr:DataCollectionService: stats => 1705417077964,-1906737,4062
01-16 15:57:58.968  3849  3877 I BatteryMgr:DataCollectionService: stats => 1705417078968,-1883788,4034
01-16 15:57:59.973  3849  3877 I BatteryMgr:DataCollectionService: stats => 1705417079973,-1803221,4034
01-16 15:58:00.981  3849  3877 I BatteryMgr:DataCollectionService: stats => 1705417080980,-1970213,4034
01-16 15:58:01.986  3849  3877 I BatteryMgr:DataCollectionService: stats => 1705417081986,-1972166,4034
01-16 15:58:02.992  3849  3877 I BatteryMgr:DataCollectionService: stats => 1705417082992,-1827147,4034
01-16 15:58:03.997  3849  3877 I BatteryMgr:DataCollectionService: stats => 1705417083997,-1945311,4034
01-16 15:58:05.001  3849  3877 I BatteryMgr:DataCollectionService: stats => 1705417085001,-1885252,4034
01-16 15:58:06.006  3849  3877 I BatteryMgr:DataCollectionService: stats => 1705417086005,-1833983,4034
01-16 15:58:07.010  3849  3877 I BatteryMgr:DataCollectionService: stats => 1705417087010,-1756835,4034
01-16 15:58:08.015  3849  3877 I BatteryMgr:DataCollectionService: stats => 1705417088015,-1742186,4034
01-16 15:58:09.020  3849  3877 I BatteryMgr:DataCollectionService: stats => 1705417089020,-1821776,4041
01-16 15:58:10.024  3849  3877 I BatteryMgr:DataCollectionService: stats => 1705417090024,-1879881,4041
01-16 15:58:11.028  3849  3877 I BatteryMgr:DataCollectionService: stats => 1705417091028,-1873045,4034
01-16 15:58:12.033  3849  3877 I BatteryMgr:DataCollectionService: stats => 1705417092033,-1818358,4034
01-16 15:58:13.039  3849  3877 I BatteryMgr:DataCollectionService: stats => 1705417093039,-1799803,4035
01-16 15:58:14.043  3849  3877 I BatteryMgr:DataCollectionService: stats => 1705417094043,-1783690,4035
01-16 15:58:15.048  3849  3877 I BatteryMgr:DataCollectionService: stats => 1705417095047,-1840819,4035
01-16 15:58:16.052  3849  3877 I BatteryMgr:DataCollectionService: stats => 1705417096052,-1782225,4035
01-16 15:58:17.056  3849  3877 I BatteryMgr:DataCollectionService: stats => 1705417097056,-1806639,4035
01-16 15:58:18.062  3849  3877 I BatteryMgr:DataCollectionService: stats => 1705417098062,-1762694,4035
01-16 15:58:19.067  3849  3877 I BatteryMgr:DataCollectionService: stats => 1705417099067,-1737303,4038
01-16 15:58:20.071  3849  3877 I BatteryMgr:DataCollectionService: stats => 1705417100071,-1806639,4038
01-16 15:58:21.075  3849  3877 I BatteryMgr:DataCollectionService: stats => 1705417101075,-1780760,4038
01-16 15:58:22.081  3849  3877 I BatteryMgr:DataCollectionService: stats => 1705417102081,-1918456,4038
01-16 15:58:23.086  3849  3877 I BatteryMgr:DataCollectionService: stats => 1705417103086,-1797362,4038
01-16 15:58:24.091  3849  3877 I BatteryMgr:DataCollectionService: stats => 1705417104091,-1710448,4038
01-16 15:58:25.096  3849  3877 I BatteryMgr:DataCollectionService: stats => 1705417105096,-1938963,4038
01-16 15:58:26.103  3849  3877 I BatteryMgr:DataCollectionService: stats => 1705417106102,-1936522,4038
01-16 15:58:27.108  3849  3877 I BatteryMgr:DataCollectionService: stats => 1705417107108,-2051268,4038
01-16 15:58:28.113  3849  3877 I BatteryMgr:DataCollectionService: stats => 1705417108112,-1944823,4038
01-16 15:58:29.118  3849  3877 I BatteryMgr:DataCollectionService: stats => 1705417109118,-2014159,4023
01-16 15:58:30.123  3849  3877 I BatteryMgr:DataCollectionService: stats => 1705417110123,-1886229,4023
01-16 15:58:31.129  3849  3877 I BatteryMgr:DataCollectionService: stats => 1705417111128,-1968260,4023
01-16 15:58:32.133  3849  3877 I BatteryMgr:DataCollectionService: stats => 1705417112133,-1987791,4023
01-16 15:58:33.138  3849  3877 I BatteryMgr:DataCollectionService: stats => 1705417113138,-1891600,4023
01-16 15:58:34.143  3849  3877 I BatteryMgr:DataCollectionService: stats => 1705417114143,-1971190,4023
01-16 15:58:35.148  3849  3877 I BatteryMgr:DataCollectionService: stats => 1705417115148,-1870116,4023
01-16 15:58:36.152  3849  3877 I BatteryMgr:DataCollectionService: stats => 1705417116152,-1919920,4023
01-16 15:58:37.157  3849  3877 I BatteryMgr:DataCollectionService: stats => 1705417117157,-1999510,4023
01-16 15:58:38.162  3849  3877 I BatteryMgr:DataCollectionService: stats => 1705417118162,-2019530,4016
01-16 15:58:39.167  3849  3877 I BatteryMgr:DataCollectionService: stats => 1705417119167,-1826170,4016
01-16 15:58:40.172  3849  3877 I BatteryMgr:DataCollectionService: stats => 1705417120172,-1989745,4016
01-16 15:58:41.177  3849  3877 I BatteryMgr:DataCollectionService: stats => 1705417121177,-1838377,4016
01-16 15:58:42.181  3849  3877 I BatteryMgr:DataCollectionService: stats => 1705417122181,-1944823,4016
01-16 15:58:43.186  3849  3877 I BatteryMgr:DataCollectionService: stats => 1705417123186,-1973631,4016
01-16 15:58:44.191  3849  3877 I BatteryMgr:DataCollectionService: stats => 1705417124191,-1795409,4016
01-16 15:58:45.196  3849  3877 I BatteryMgr:DataCollectionService: stats => 1705417125196,-1846190,4016
01-16 15:58:46.202  3849  3877 I BatteryMgr:DataCollectionService: stats => 1705417126202,-1817381,4016
01-16 15:58:47.207  3849  3877 I BatteryMgr:DataCollectionService: stats => 1705417127206,-1843260,4016
01-16 15:58:48.212  3849  3877 I BatteryMgr:DataCollectionService: stats => 1705417128212,-1795897,4028
01-16 15:58:49.217  3849  3877 I BatteryMgr:DataCollectionService: stats => 1705417129217,-1966307,4028
01-16 15:58:50.222  3849  3877 I BatteryMgr:DataCollectionService: stats => 1705417130222,-2005858,4028
01-16 15:58:51.227  3849  3877 I BatteryMgr:DataCollectionService: stats => 1705417131227,-1813963,4028
01-16 15:58:52.232  3849  3877 I BatteryMgr:DataCollectionService: stats => 1705417132232,-2014647,4028
01-16 15:58:53.237  3849  3877 I BatteryMgr:DataCollectionService: stats => 1705417133237,-1994139,4028
01-16 15:58:54.243  3849  3877 I BatteryMgr:DataCollectionService: stats => 1705417134243,-1794920,4028
01-16 15:58:55.248  3849  3877 I BatteryMgr:DataCollectionService: stats => 1705417135248,-2126463,4028
01-16 15:58:56.253  3849  3877 I BatteryMgr:DataCollectionService: stats => 1705417136252,-2002928,4028
01-16 15:58:57.258  3849  3877 I BatteryMgr:DataCollectionService: stats => 1705417137258,-1899413,4028
01-16 15:58:58.263  3849  3877 I BatteryMgr:DataCollectionService: stats => 1705417138263,-1907225,4018
01-16 15:58:59.267  3849  3877 I BatteryMgr:DataCollectionService: stats => 1705417139267,-1809081,4018
01-16 15:59:00.277  3849  3877 I BatteryMgr:DataCollectionService: stats => 1705417140276,-1922362,4018
01-16 15:59:01.282  3849  3877 I BatteryMgr:DataCollectionService: stats => 1705417141282,-1962401,4018
01-16 15:59:02.286  3849  3877 I BatteryMgr:DataCollectionService: stats => 1705417142286,-1997557,4018
01-16 15:59:03.291  3849  3877 I BatteryMgr:DataCollectionService: stats => 1705417143291,-1916991,4017
01-16 15:59:04.299  3849  3877 I BatteryMgr:DataCollectionService: stats => 1705417144299,-2030272,4017
01-16 15:59:05.304  3849  3877 I BatteryMgr:DataCollectionService: stats => 1705417145304,-2101561,4017
01-16 15:59:06.314  3849  3877 I BatteryMgr:DataCollectionService: stats => 1705417146313,-1903319,4017
01-16 15:59:07.318  3849  3877 I BatteryMgr:DataCollectionService: stats => 1705417147318,-2016600,4017
01-16 15:59:08.322  3849  3877 I BatteryMgr:DataCollectionService: stats => 1705417148322,-1939940,4013
01-16 15:59:09.326  3849  3877 I BatteryMgr:DataCollectionService: stats => 1705417149326,-1784178,4013
01-16 15:59:10.331  3849  3877 I BatteryMgr:DataCollectionService: stats => 1705417150331,-1914061,4013
01-16 15:59:11.336  3849  3877 I BatteryMgr:DataCollectionService: stats => 1705417151335,-2031737,4013
01-16 15:59:12.342  3849  3877 I BatteryMgr:DataCollectionService: stats => 1705417152342,-1950682,4013
01-16 15:59:13.347  3849  3877 I BatteryMgr:DataCollectionService: stats => 1705417153347,-2110838,4013
01-16 15:59:14.352  3849  3877 I BatteryMgr:DataCollectionService: stats => 1705417154352,-1900877,4013
01-16 15:59:15.357  3849  3877 I BatteryMgr:DataCollectionService: stats => 1705417155357,-1910643,4013
01-16 15:59:16.363  3849  3877 I BatteryMgr:DataCollectionService: stats => 1705417156363,-1883299,4013
01-16 15:59:17.368  3849  3877 I BatteryMgr:DataCollectionService: stats => 1705417157367,-1776366,4013
01-16 15:59:18.372  3849  3877 I BatteryMgr:DataCollectionService: stats => 1705417158372,-1814452,4020
01-16 15:59:19.378  3849  3877 I BatteryMgr:DataCollectionService: stats => 1705417159378,-1798338,4020
01-16 15:59:20.383  3849  3877 I BatteryMgr:DataCollectionService: stats => 1705417160383,-1887694,4020
01-16 15:59:21.394  3849  3877 I BatteryMgr:DataCollectionService: stats => 1705417161394,-1854002,4020
01-16 15:59:22.401  3849  3877 I BatteryMgr:DataCollectionService: stats => 1705417162400,-2022948,4006
01-16 15:59:23.405  3849  3877 I BatteryMgr:DataCollectionService: stats => 1705417163405,-1907225,4006
01-16 15:59:24.411  3849  3877 I BatteryMgr:DataCollectionService: stats => 1705417164411,-2070799,4006
01-16 15:59:25.418  3849  3877 I BatteryMgr:DataCollectionService: stats => 1705417165418,-1925291,4006
01-16 15:59:26.424  3849  3877 I BatteryMgr:DataCollectionService: stats => 1705417166423,-1963377,4006
01-16 15:59:27.432  3849  3877 I BatteryMgr:DataCollectionService: stats => 1705417167432,-2090819,4006
01-16 15:59:28.438  3849  3877 I BatteryMgr:DataCollectionService: stats => 1705417168438,-2114256,4000
01-16 15:59:29.444  3849  3877 I BatteryMgr:DataCollectionService: stats => 1705417169443,-2076659,4000
01-16 15:59:30.450  3849  3877 I BatteryMgr:DataCollectionService: stats => 1705417170450,-2073241,4000
01-16 15:59:31.458  3849  3877 I BatteryMgr:DataCollectionService: stats => 1705417171458,-2041502,4001
01-16 15:59:32.466  3849  3877 I BatteryMgr:DataCollectionService: stats => 1705417172466,-2029295,4001
01-16 15:59:33.470  3849  3877 I BatteryMgr:DataCollectionService: stats => 1705417173470,-1850584,4001
