02-28 05:09:45.191  5400  5400 I BatteryMgr:DataCollectionService: onStartCommand: begin
02-28 05:09:45.192  5400  5400 I BatteryMgr:DataCollectionService: onStartCommand: sampleRate => 1000
02-28 05:09:45.192  5400  5400 I BatteryMgr:DataCollectionService: onStartCommand: rawFields => Timestamp,BATTERY_PROPERTY_CURRENT_NOW,EXTRA_VOLTAGE
02-28 05:09:45.192  5400  5400 I BatteryMgr:DataCollectionService: onStartCommand: notification done
02-28 05:09:45.195  5400  5400 I BatteryMgr:DataCollectionService: started foreground
02-28 05:09:45.197  5400  5857 I BatteryMgr:DataCollectionService: collectData: begin
02-28 05:09:45.199  5400  5857 I BatteryMgr:DataCollectionService: stats => 1709093385199,-1991209,3696
02-28 05:09:46.201  5400  5857 I BatteryMgr:DataCollectionService: stats => 1709093386201,-1868163,3696
02-28 05:09:47.203  5400  5857 I BatteryMgr:DataCollectionService: stats => 1709093387203,-1883299,3696
02-28 05:09:48.205  5400  5857 I BatteryMgr:DataCollectionService: stats => 1709093388205,-1916991,3696
02-28 05:09:49.207  5400  5857 I BatteryMgr:DataCollectionService: stats => 1709093389207,-1545409,3696
02-28 05:09:50.211  5400  5857 I BatteryMgr:DataCollectionService: stats => 1709093390211,-1564940,3696
02-28 05:09:51.213  5400  5857 I BatteryMgr:DataCollectionService: stats => 1709093391213,-1528807,3696
02-28 05:09:52.215  5400  5857 I BatteryMgr:DataCollectionService: stats => 1709093392215,-1479003,3696
02-28 05:09:53.217  5400  5857 I BatteryMgr:DataCollectionService: stats => 1709093393217,-1469725,3731
02-28 05:09:54.219  5400  5857 I BatteryMgr:DataCollectionService: stats => 1709093394219,-1730956,3731
02-28 05:09:55.221  5400  5857 I BatteryMgr:DataCollectionService: stats => 1709093395221,-1940428,3731
02-28 05:09:56.224  5400  5857 I BatteryMgr:DataCollectionService: stats => 1709093396224,-1982420,3731
02-28 05:09:57.225  5400  5857 I BatteryMgr:DataCollectionService: stats => 1709093397225,-1682616,3731
02-28 05:09:58.228  5400  5857 I BatteryMgr:DataCollectionService: stats => 1709093398228,-1726561,3731
02-28 05:09:59.230  5400  5857 I BatteryMgr:DataCollectionService: stats => 1709093399230,-1977538,3731
02-28 05:10:00.232  5400  5857 I BatteryMgr:DataCollectionService: stats => 1709093400232,-1996092,3731
02-28 05:10:01.235  5400  5857 I BatteryMgr:DataCollectionService: stats => 1709093401234,-1979002,3731
02-28 05:10:02.237  5400  5857 I BatteryMgr:DataCollectionService: stats => 1709093402237,-1997557,3731
02-28 05:10:03.239  5400  5857 I BatteryMgr:DataCollectionService: stats => 1709093403239,-2054198,3698
02-28 05:10:04.241  5400  5857 I BatteryMgr:DataCollectionService: stats => 1709093404241,-2002440,3698
02-28 05:10:05.243  5400  5857 I BatteryMgr:DataCollectionService: stats => 1709093405243,-1979002,3698
02-28 05:10:06.245  5400  5857 I BatteryMgr:DataCollectionService: stats => 1709093406245,-1979979,3698
02-28 05:10:07.248  5400  5857 I BatteryMgr:DataCollectionService: stats => 1709093407248,-1994627,3698
02-28 05:10:08.250  5400  5857 I BatteryMgr:DataCollectionService: stats => 1709093408250,-1983885,3698
02-28 05:10:09.252  5400  5857 I BatteryMgr:DataCollectionService: stats => 1709093409252,-2000975,3698
02-28 05:10:10.254  5400  5857 I BatteryMgr:DataCollectionService: stats => 1709093410254,-2008299,3698
02-28 05:10:11.258  5400  5857 I BatteryMgr:DataCollectionService: stats => 1709093411257,-2055663,3698
02-28 05:10:12.260  5400  5857 I BatteryMgr:DataCollectionService: stats => 1709093412260,-2147459,3698
02-28 05:10:13.264  5400  5857 I BatteryMgr:DataCollectionService: stats => 1709093413264,-2154784,3691
02-28 05:10:14.267  5400  5857 I BatteryMgr:DataCollectionService: stats => 1709093414267,-2025389,3691
02-28 05:10:15.269  5400  5857 I BatteryMgr:DataCollectionService: stats => 1709093415269,-1638182,3691
02-28 05:10:16.271  5400  5857 I BatteryMgr:DataCollectionService: stats => 1709093416271,-2177733,3691
02-28 05:10:17.274  5400  5857 I BatteryMgr:DataCollectionService: stats => 1709093417274,-2045409,3691
02-28 05:10:18.276  5400  5857 I BatteryMgr:DataCollectionService: stats => 1709093418276,-2026854,3691
02-28 05:10:19.278  5400  5857 I BatteryMgr:DataCollectionService: stats => 1709093419278,-2006834,3691
02-28 05:10:20.280  5400  5857 I BatteryMgr:DataCollectionService: stats => 1709093420280,-2006346,3691
02-28 05:10:21.282  5400  5857 I BatteryMgr:DataCollectionService: stats => 1709093421282,-1987303,3691
02-28 05:10:22.284  5400  5857 I BatteryMgr:DataCollectionService: stats => 1709093422284,-2001952,3691
02-28 05:10:23.286  5400  5857 I BatteryMgr:DataCollectionService: stats => 1709093423286,-2017088,3697
02-28 05:10:24.289  5400  5857 I BatteryMgr:DataCollectionService: stats => 1709093424289,-1984862,3697
02-28 05:10:25.291  5400  5857 I BatteryMgr:DataCollectionService: stats => 1709093425291,-1988768,3697
02-28 05:10:26.293  5400  5857 I BatteryMgr:DataCollectionService: stats => 1709093426293,-2018553,3697
02-28 05:10:27.295  5400  5857 I BatteryMgr:DataCollectionService: stats => 1709093427295,-2009764,3697
02-28 05:10:28.298  5400  5857 I BatteryMgr:DataCollectionService: stats => 1709093428298,-2012206,3697
02-28 05:10:29.300  5400  5857 I BatteryMgr:DataCollectionService: stats => 1709093429300,-2058104,3697
02-28 05:10:30.303  5400  5857 I BatteryMgr:DataCollectionService: stats => 1709093430303,-2037596,3695
02-28 05:10:31.305  5400  5857 I BatteryMgr:DataCollectionService: stats => 1709093431305,-2018553,3695
02-28 05:10:32.308  5400  5857 I BatteryMgr:DataCollectionService: stats => 1709093432308,-2022948,3696
02-28 05:10:33.310  5400  5857 I BatteryMgr:DataCollectionService: stats => 1709093433310,-2028807,3696
02-28 05:10:34.313  5400  5857 I BatteryMgr:DataCollectionService: stats => 1709093434313,-2002928,3696
02-28 05:10:35.315  5400  5857 I BatteryMgr:DataCollectionService: stats => 1709093435315,-2030272,3696
02-28 05:10:36.317  5400  5857 I BatteryMgr:DataCollectionService: stats => 1709093436317,-2089842,3696
02-28 05:10:37.320  5400  5857 I BatteryMgr:DataCollectionService: stats => 1709093437320,-2035155,3696
02-28 05:10:38.322  5400  5857 I BatteryMgr:DataCollectionService: stats => 1709093438322,-2068358,3696
02-28 05:10:39.324  5400  5857 I BatteryMgr:DataCollectionService: stats => 1709093439324,-2008299,3696
02-28 05:10:40.325  5400  5857 I BatteryMgr:DataCollectionService: stats => 1709093440325,-1983885,3696
02-28 05:10:41.328  5400  5857 I BatteryMgr:DataCollectionService: stats => 1709093441328,-2009276,3696
02-28 05:10:42.330  5400  5857 I BatteryMgr:DataCollectionService: stats => 1709093442329,-2034178,3696
02-28 05:10:43.333  5400  5857 I BatteryMgr:DataCollectionService: stats => 1709093443333,-1992186,3697
02-28 05:10:44.335  5400  5857 I BatteryMgr:DataCollectionService: stats => 1709093444335,-2163573,3697
02-28 05:10:45.337  5400  5857 I BatteryMgr:DataCollectionService: stats => 1709093445337,-2214842,3697
02-28 05:10:46.340  5400  5857 I BatteryMgr:DataCollectionService: stats => 1709093446340,-2195311,3697
02-28 05:10:47.343  5400  5857 I BatteryMgr:DataCollectionService: stats => 1709093447343,-2183104,3697
02-28 05:10:48.345  5400  5857 I BatteryMgr:DataCollectionService: stats => 1709093448345,-2177733,3697
02-28 05:10:49.347  5400  5857 I BatteryMgr:DataCollectionService: stats => 1709093449347,-2047362,3697
02-28 05:10:50.349  5400  5857 I BatteryMgr:DataCollectionService: stats => 1709093450349,-2034178,3697
02-28 05:10:51.351  5400  5857 I BatteryMgr:DataCollectionService: stats => 1709093451351,-2030272,3697
02-28 05:10:52.353  5400  5857 I BatteryMgr:DataCollectionService: stats => 1709093452353,-1985838,3697
02-28 05:10:53.356  5400  5857 I BatteryMgr:DataCollectionService: stats => 1709093453356,-2012206,3695
02-28 05:10:54.358  5400  5857 I BatteryMgr:DataCollectionService: stats => 1709093454358,-2034178,3695
02-28 05:10:55.360  5400  5857 I BatteryMgr:DataCollectionService: stats => 1709093455360,-2028807,3695
02-28 05:10:56.363  5400  5857 I BatteryMgr:DataCollectionService: stats => 1709093456363,-2001952,3695
02-28 05:10:57.365  5400  5857 I BatteryMgr:DataCollectionService: stats => 1709093457365,-2064940,3695
02-28 05:10:58.367  5400  5857 I BatteryMgr:DataCollectionService: stats => 1709093458367,-2065428,3695
02-28 05:10:59.370  5400  5857 I BatteryMgr:DataCollectionService: stats => 1709093459370,-2025877,3695
02-28 05:11:00.372  5400  5857 I BatteryMgr:DataCollectionService: stats => 1709093460372,-2027830,3695
02-28 05:11:01.374  5400  5857 I BatteryMgr:DataCollectionService: stats => 1709093461374,-2017088,3695
02-28 05:11:02.377  5400  5857 I BatteryMgr:DataCollectionService: stats => 1709093462377,-2081541,3695
02-28 05:11:03.379  5400  5857 I BatteryMgr:DataCollectionService: stats => 1709093463379,-2009276,3691
02-28 05:11:04.381  5400  5857 I BatteryMgr:DataCollectionService: stats => 1709093464381,-2027342,3691
02-28 05:11:05.384  5400  5857 I BatteryMgr:DataCollectionService: stats => 1709093465384,-2029784,3691
02-28 05:11:06.386  5400  5857 I BatteryMgr:DataCollectionService: stats => 1709093466386,-1997069,3691
02-28 05:11:07.388  5400  5857 I BatteryMgr:DataCollectionService: stats => 1709093467388,-2045897,3691
02-28 05:11:08.390  5400  5857 I BatteryMgr:DataCollectionService: stats => 1709093468390,-2051268,3691
02-28 05:11:09.393  5400  5857 I BatteryMgr:DataCollectionService: stats => 1709093469393,-2030272,3691
02-28 05:11:10.396  5400  5857 I BatteryMgr:DataCollectionService: stats => 1709093470396,-2034666,3691
02-28 05:11:11.398  5400  5857 I BatteryMgr:DataCollectionService: stats => 1709093471398,-2039061,3691
02-28 05:11:12.400  5400  5857 I BatteryMgr:DataCollectionService: stats => 1709093472400,-2011229,3691
02-28 05:11:13.401  5400  5857 I BatteryMgr:DataCollectionService: stats => 1709093473401,-2032713,3693
02-28 05:11:14.404  5400  5857 I BatteryMgr:DataCollectionService: stats => 1709093474404,-2167479,3693
02-28 05:11:15.406  5400  5857 I BatteryMgr:DataCollectionService: stats => 1709093475406,-2158690,3684
02-28 05:11:16.409  5400  5857 I BatteryMgr:DataCollectionService: stats => 1709093476409,-2111327,3684
02-28 05:11:17.411  5400  5857 I BatteryMgr:DataCollectionService: stats => 1709093477411,-2220701,3684
02-28 05:11:18.414  5400  5857 I BatteryMgr:DataCollectionService: stats => 1709093478414,-2191405,3684
02-28 05:11:19.418  5400  5857 I BatteryMgr:DataCollectionService: stats => 1709093479418,-2096190,3684
02-28 05:11:20.420  5400  5857 I BatteryMgr:DataCollectionService: stats => 1709093480420,-2014159,3684
02-28 05:11:21.422  5400  5857 I BatteryMgr:DataCollectionService: stats => 1709093481422,-2036131,3684
02-28 05:11:22.424  5400  5857 I BatteryMgr:DataCollectionService: stats => 1709093482424,-2078612,3684
02-28 05:11:23.427  5400  5857 I BatteryMgr:DataCollectionService: stats => 1709093483427,-2006834,3688
02-28 05:11:24.430  5400  5857 I BatteryMgr:DataCollectionService: stats => 1709093484430,-2054198,3688
02-28 05:11:25.433  5400  5857 I BatteryMgr:DataCollectionService: stats => 1709093485433,-2023436,3688
02-28 05:11:26.435  5400  5857 I BatteryMgr:DataCollectionService: stats => 1709093486435,-2026854,3688
02-28 05:11:27.437  5400  5857 I BatteryMgr:DataCollectionService: stats => 1709093487437,-2022948,3688
02-28 05:11:28.439  5400  5857 I BatteryMgr:DataCollectionService: stats => 1709093488439,-2028319,3688
02-28 05:11:29.441  5400  5857 I BatteryMgr:DataCollectionService: stats => 1709093489441,-2039061,3688
02-28 05:11:30.443  5400  5857 I BatteryMgr:DataCollectionService: stats => 1709093490443,-2011229,3688
02-28 05:11:31.446  5400  5857 I BatteryMgr:DataCollectionService: stats => 1709093491446,-2060057,3688
02-28 05:11:32.447  5400  5857 I BatteryMgr:DataCollectionService: stats => 1709093492447,-2019041,3688
02-28 05:11:33.449  5400  5857 I BatteryMgr:DataCollectionService: stats => 1709093493449,-1987303,3691
02-28 05:11:34.452  5400  5857 I BatteryMgr:DataCollectionService: stats => 1709093494452,-2012206,3691
02-28 05:11:35.454  5400  5857 I BatteryMgr:DataCollectionService: stats => 1709093495454,-1998534,3691
02-28 05:11:36.457  5400  5857 I BatteryMgr:DataCollectionService: stats => 1709093496457,-1991209,3691
02-28 05:11:37.458  5400  5857 I BatteryMgr:DataCollectionService: stats => 1709093497458,-2005858,3691
02-28 05:11:38.461  5400  5857 I BatteryMgr:DataCollectionService: stats => 1709093498461,-2066405,3691
02-28 05:11:39.463  5400  5857 I BatteryMgr:DataCollectionService: stats => 1709093499463,-2004881,3691
02-28 05:11:40.466  5400  5857 I BatteryMgr:DataCollectionService: stats => 1709093500465,-1998045,3691
02-28 05:11:41.469  5400  5857 I BatteryMgr:DataCollectionService: stats => 1709093501469,-2025877,3691
02-28 05:11:42.471  5400  5857 I BatteryMgr:DataCollectionService: stats => 1709093502471,-2026366,3691
02-28 05:11:43.474  5400  5857 I BatteryMgr:DataCollectionService: stats => 1709093503474,-2049315,3690
02-28 05:11:44.476  5400  5857 I BatteryMgr:DataCollectionService: stats => 1709093504476,-2033690,3690
02-28 05:11:45.479  5400  5857 I BatteryMgr:DataCollectionService: stats => 1709093505479,-2023436,3690
02-28 05:11:46.481  5400  5857 I BatteryMgr:DataCollectionService: stats => 1709093506481,-2077147,3690
02-28 05:11:47.483  5400  5857 I BatteryMgr:DataCollectionService: stats => 1709093507483,-2182616,3690
02-28 05:11:48.485  5400  5857 I BatteryMgr:DataCollectionService: stats => 1709093508485,-2258299,3690
02-28 05:11:49.488  5400  5857 I BatteryMgr:DataCollectionService: stats => 1709093509488,-2224119,3690
02-28 05:11:50.491  5400  5857 I BatteryMgr:DataCollectionService: stats => 1709093510491,-2181639,3690
02-28 05:11:51.493  5400  5857 I BatteryMgr:DataCollectionService: stats => 1709093511493,-2043944,3690
02-28 05:11:52.496  5400  5857 I BatteryMgr:DataCollectionService: stats => 1709093512495,-2000975,3690
02-28 05:11:53.498  5400  5857 I BatteryMgr:DataCollectionService: stats => 1709093513498,-1983397,3690
02-28 05:11:54.500  5400  5857 I BatteryMgr:DataCollectionService: stats => 1709093514500,-1985350,3690
02-28 05:11:55.503  5400  5857 I BatteryMgr:DataCollectionService: stats => 1709093515503,-2027830,3690
02-28 05:11:56.505  5400  5857 I BatteryMgr:DataCollectionService: stats => 1709093516505,-2023924,3689
02-28 05:11:57.507  5400  5857 I BatteryMgr:DataCollectionService: stats => 1709093517507,-2013670,3689
02-28 05:11:58.509  5400  5857 I BatteryMgr:DataCollectionService: stats => 1709093518508,-2030272,3689
02-28 05:11:59.511  5400  5857 I BatteryMgr:DataCollectionService: stats => 1709093519511,-1986815,3689
02-28 05:12:00.513  5400  5857 I BatteryMgr:DataCollectionService: stats => 1709093520513,-2006346,3689
02-28 05:12:01.515  5400  5857 I BatteryMgr:DataCollectionService: stats => 1709093521515,-1989745,3689
02-28 05:12:02.517  5400  5857 I BatteryMgr:DataCollectionService: stats => 1709093522517,-1992674,3689
02-28 05:12:03.518  5400  5857 I BatteryMgr:DataCollectionService: stats => 1709093523518,-2000487,3689
02-28 05:12:04.521  5400  5857 I BatteryMgr:DataCollectionService: stats => 1709093524521,-1996092,3689
02-28 05:12:05.523  5400  5857 I BatteryMgr:DataCollectionService: stats => 1709093525523,-2013670,3689
02-28 05:12:06.525  5400  5857 I BatteryMgr:DataCollectionService: stats => 1709093526525,-1997069,3689
02-28 05:12:07.527  5400  5857 I BatteryMgr:DataCollectionService: stats => 1709093527527,-1999998,3689
02-28 05:12:08.530  5400  5857 I BatteryMgr:DataCollectionService: stats => 1709093528530,-2014159,3689
02-28 05:12:09.533  5400  5857 I BatteryMgr:DataCollectionService: stats => 1709093529533,-2045409,3689
02-28 05:12:10.535  5400  5857 I BatteryMgr:DataCollectionService: stats => 1709093530535,-1998534,3689
02-28 05:12:11.537  5400  5857 I BatteryMgr:DataCollectionService: stats => 1709093531537,-1976073,3689
02-28 05:12:12.539  5400  5857 I BatteryMgr:DataCollectionService: stats => 1709093532539,-2002440,3689
02-28 05:12:13.541  5400  5857 I BatteryMgr:DataCollectionService: stats => 1709093533541,-2029295,3689
02-28 05:12:14.544  5400  5857 I BatteryMgr:DataCollectionService: stats => 1709093534544,-1983885,3689
02-28 05:12:15.547  5400  5857 I BatteryMgr:DataCollectionService: stats => 1709093535547,-2035155,3689
02-28 05:12:16.549  5400  5857 I BatteryMgr:DataCollectionService: stats => 1709093536549,-2010741,3689
02-28 05:12:17.551  5400  5857 I BatteryMgr:DataCollectionService: stats => 1709093537551,-2181639,3689
02-28 05:12:18.553  5400  5857 I BatteryMgr:DataCollectionService: stats => 1709093538553,-2155272,3689
02-28 05:12:19.555  5400  5857 I BatteryMgr:DataCollectionService: stats => 1709093539555,-2198241,3689
02-28 05:12:20.558  5400  5857 I BatteryMgr:DataCollectionService: stats => 1709093540558,-2173338,3689
02-28 05:12:21.561  5400  5857 I BatteryMgr:DataCollectionService: stats => 1709093541561,-2162108,3689
02-28 05:12:22.563  5400  5857 I BatteryMgr:DataCollectionService: stats => 1709093542563,-2065916,3689
02-28 05:12:23.565  5400  5857 I BatteryMgr:DataCollectionService: stats => 1709093543565,-2025389,3683
02-28 05:12:24.567  5400  5857 I BatteryMgr:DataCollectionService: stats => 1709093544567,-2005370,3683
02-28 05:12:25.570  5400  5857 I BatteryMgr:DataCollectionService: stats => 1709093545570,-2006834,3683
02-28 05:12:26.572  5400  5857 I BatteryMgr:DataCollectionService: stats => 1709093546572,-1985350,3683
02-28 05:12:27.574  5400  5857 I BatteryMgr:DataCollectionService: stats => 1709093547574,-1987303,3683
02-28 05:12:28.577  5400  5857 I BatteryMgr:DataCollectionService: stats => 1709093548576,-1998045,3683
02-28 05:12:29.579  5400  5857 I BatteryMgr:DataCollectionService: stats => 1709093549579,-2009276,3683
02-28 05:12:30.581  5400  5857 I BatteryMgr:DataCollectionService: stats => 1709093550581,-1991698,3683
02-28 05:12:31.584  5400  5857 I BatteryMgr:DataCollectionService: stats => 1709093551584,-1995116,3683
02-28 05:12:32.586  5400  5857 I BatteryMgr:DataCollectionService: stats => 1709093552586,-2029295,3683
02-28 05:12:33.588  5400  5857 I BatteryMgr:DataCollectionService: stats => 1709093553588,-2038573,3687
02-28 05:12:34.590  5400  5857 I BatteryMgr:DataCollectionService: stats => 1709093554590,-1989745,3687
02-28 05:12:35.592  5400  5857 I BatteryMgr:DataCollectionService: stats => 1709093555592,-1973143,3687
02-28 05:12:36.594  5400  5857 I BatteryMgr:DataCollectionService: stats => 1709093556594,-1992186,3687
02-28 05:12:37.596  5400  5857 I BatteryMgr:DataCollectionService: stats => 1709093557596,-1980956,3687
02-28 05:12:38.598  5400  5857 I BatteryMgr:DataCollectionService: stats => 1709093558598,-1990233,3687
02-28 05:12:39.600  5400  5857 I BatteryMgr:DataCollectionService: stats => 1709093559600,-1997557,3687
02-28 05:12:40.602  5400  5857 I BatteryMgr:DataCollectionService: stats => 1709093560602,-1997557,3687
02-28 05:12:41.605  5400  5857 I BatteryMgr:DataCollectionService: stats => 1709093561605,-1988768,3687
02-28 05:12:42.606  5400  5857 I BatteryMgr:DataCollectionService: stats => 1709093562606,-1990721,3687
02-28 05:12:43.608  5400  5857 I BatteryMgr:DataCollectionService: stats => 1709093563608,-2010741,3687
02-28 05:12:44.612  5400  5857 I BatteryMgr:DataCollectionService: stats => 1709093564612,-1997069,3687
02-28 05:12:45.614  5400  5857 I BatteryMgr:DataCollectionService: stats => 1709093565614,-1958495,3687
02-28 05:12:46.616  5400  5857 I BatteryMgr:DataCollectionService: stats => 1709093566616,-1998534,3687
02-28 05:12:47.618  5400  5857 I BatteryMgr:DataCollectionService: stats => 1709093567618,-1971678,3687
02-28 05:12:48.620  5400  5857 I BatteryMgr:DataCollectionService: stats => 1709093568620,-1958006,3687
02-28 05:12:49.624  5400  5857 I BatteryMgr:DataCollectionService: stats => 1709093569624,-2055174,3687
02-28 05:12:50.626  5400  5857 I BatteryMgr:DataCollectionService: stats => 1709093570626,-2166014,3687
02-28 05:12:51.629  5400  5857 I BatteryMgr:DataCollectionService: stats => 1709093571629,-2186522,3687
02-28 05:12:52.631  5400  5857 I BatteryMgr:DataCollectionService: stats => 1709093572631,-2236815,3687
02-28 05:12:53.633  5400  5857 I BatteryMgr:DataCollectionService: stats => 1709093573633,-2145506,3678
02-28 05:12:54.636  5400  5857 I BatteryMgr:DataCollectionService: stats => 1709093574636,-1982420,3687
02-28 05:12:55.639  5400  5857 I BatteryMgr:DataCollectionService: stats => 1709093575639,-1963377,3687
02-28 05:12:56.641  5400  5857 I BatteryMgr:DataCollectionService: stats => 1709093576641,-2012206,3687
02-28 05:12:57.643  5400  5857 I BatteryMgr:DataCollectionService: stats => 1709093577642,-1999510,3687
02-28 05:12:58.645  5400  5857 I BatteryMgr:DataCollectionService: stats => 1709093578645,-1967284,3687
02-28 05:12:59.648  5400  5857 I BatteryMgr:DataCollectionService: stats => 1709093579648,-1991209,3687
02-28 05:13:00.651  5400  5857 I BatteryMgr:DataCollectionService: stats => 1709093580651,-2023924,3687
02-28 05:13:01.653  5400  5857 I BatteryMgr:DataCollectionService: stats => 1709093581653,-1992674,3687
02-28 05:13:02.654  5400  5857 I BatteryMgr:DataCollectionService: stats => 1709093582654,-1971678,3687
02-28 05:13:03.656  5400  5857 I BatteryMgr:DataCollectionService: stats => 1709093583656,-2021483,3685
02-28 05:13:04.659  5400  5857 I BatteryMgr:DataCollectionService: stats => 1709093584659,-2015623,3685
02-28 05:13:05.661  5400  5857 I BatteryMgr:DataCollectionService: stats => 1709093585661,-2025877,3685
02-28 05:13:06.663  5400  5857 I BatteryMgr:DataCollectionService: stats => 1709093586663,-2004881,3685
02-28 05:13:07.665  5400  5857 I BatteryMgr:DataCollectionService: stats => 1709093587665,-2021971,3685
02-28 05:13:08.667  5400  5857 I BatteryMgr:DataCollectionService: stats => 1709093588667,-1975096,3685
02-28 05:13:09.668  5400  5857 I BatteryMgr:DataCollectionService: stats => 1709093589668,-1975096,3685
02-28 05:13:10.671  5400  5857 I BatteryMgr:DataCollectionService: stats => 1709093590670,-1991209,3685
02-28 05:13:11.672  5400  5857 I BatteryMgr:DataCollectionService: stats => 1709093591672,-1993651,3685
02-28 05:13:12.675  5400  5857 I BatteryMgr:DataCollectionService: stats => 1709093592674,-1981932,3685
02-28 05:13:13.677  5400  5857 I BatteryMgr:DataCollectionService: stats => 1709093593677,-1996092,3685
02-28 05:13:14.679  5400  5857 I BatteryMgr:DataCollectionService: stats => 1709093594679,-2011717,3685
02-28 05:13:15.681  5400  5857 I BatteryMgr:DataCollectionService: stats => 1709093595681,-1989745,3685
02-28 05:13:16.683  5400  5857 I BatteryMgr:DataCollectionService: stats => 1709093596683,-2020995,3685
02-28 05:13:17.685  5400  5857 I BatteryMgr:DataCollectionService: stats => 1709093597685,-2004881,3685
02-28 05:13:18.687  5400  5857 I BatteryMgr:DataCollectionService: stats => 1709093598687,-1995116,3685
02-28 05:13:19.689  5400  5857 I BatteryMgr:DataCollectionService: stats => 1709093599689,-1976561,3685
02-28 05:13:20.691  5400  5857 I BatteryMgr:DataCollectionService: stats => 1709093600691,-2149901,3685
02-28 05:13:21.694  5400  5857 I BatteryMgr:DataCollectionService: stats => 1709093601694,-2072752,3685
02-28 05:13:22.696  5400  5857 I BatteryMgr:DataCollectionService: stats => 1709093602696,-2166502,3685
02-28 05:13:23.699  5400  5857 I BatteryMgr:DataCollectionService: stats => 1709093603699,-2181639,3674
02-28 05:13:24.701  5400  5857 I BatteryMgr:DataCollectionService: stats => 1709093604701,-2137205,3674
02-28 05:13:25.704  5400  5857 I BatteryMgr:DataCollectionService: stats => 1709093605704,-1704588,3674
02-28 05:13:26.707  5400  5857 I BatteryMgr:DataCollectionService: stats => 1709093606707,-2014647,3699
02-28 05:13:27.709  5400  5857 I BatteryMgr:DataCollectionService: stats => 1709093607709,-1966795,3699
02-28 05:13:28.710  5400  5857 I BatteryMgr:DataCollectionService: stats => 1709093608710,-1932127,3699
02-28 05:13:29.713  5400  5857 I BatteryMgr:DataCollectionService: stats => 1709093609713,-1967772,3699
02-28 05:13:30.715  5400  5857 I BatteryMgr:DataCollectionService: stats => 1709093610715,-1985350,3699
02-28 05:13:31.717  5400  5857 I BatteryMgr:DataCollectionService: stats => 1709093611717,-1978514,3699
02-28 05:13:32.720  5400  5857 I BatteryMgr:DataCollectionService: stats => 1709093612720,-1972655,3699
02-28 05:13:33.722  5400  5857 I BatteryMgr:DataCollectionService: stats => 1709093613722,-1973631,3685
02-28 05:13:34.725  5400  5857 I BatteryMgr:DataCollectionService: stats => 1709093614725,-1959959,3685
02-28 05:13:35.727  5400  5857 I BatteryMgr:DataCollectionService: stats => 1709093615727,-1955565,3685
02-28 05:13:36.729  5400  5857 I BatteryMgr:DataCollectionService: stats => 1709093616729,-1509764,3685
02-28 05:13:37.731  5400  5857 I BatteryMgr:DataCollectionService: stats => 1709093617731,-1879881,3685
02-28 05:13:38.734  5400  5857 I BatteryMgr:DataCollectionService: stats => 1709093618734,-1914061,3685
02-28 05:13:39.736  5400  5857 I BatteryMgr:DataCollectionService: stats => 1709093619736,-1893065,3685
02-28 05:13:40.738  5400  5857 I BatteryMgr:DataCollectionService: stats => 1709093620738,-1907225,3685
02-28 05:13:41.740  5400  5857 I BatteryMgr:DataCollectionService: stats => 1709093621740,-1886717,3685
02-28 05:13:42.742  5400  5857 I BatteryMgr:DataCollectionService: stats => 1709093622742,-1890135,3685
02-28 05:13:43.744  5400  5857 I BatteryMgr:DataCollectionService: stats => 1709093623744,-1933592,3688
