2815.27 16492.53
2816.27 16498.28
2817.27 16504.19
2818.27 16510.10
2819.27 16515.99
2820.27 16521.80
2821.26 16527.62
2822.27 16533.42
2823.28 16539.42
2824.26 16545.30
2825.28 16551.25
2826.26 16557.08
2827.26 16562.84
2828.28 16568.81
2829.26 16574.81
2830.26 16580.77
2831.27 16586.71
2832.28 16592.60
2833.26 16597.77
2834.26 16602.45
2835.25 16608.25
2836.26 16614.14
2837.26 16619.91
2838.27 16625.82
2839.27 16631.44
2840.27 16637.18
2841.26 16642.87
2842.26 16648.82
2843.25 16654.60
2844.25 16660.62
2845.25 16666.67
2846.25 16672.58
2847.26 16678.50
2848.26 16683.93
2849.26 16689.15
2850.26 16694.21
2851.27 16699.58
2852.27 16704.86
2853.27 16710.06
2854.27 16715.21
2855.27 16720.67
2856.27 16726.07
2857.27 16731.37
2858.27 16736.75
2859.27 16742.04
2860.27 16747.49
2861.27 16752.77
2862.27 16757.95
2863.27 16763.22
2864.27 16768.57
2865.27 16773.86
2866.26 16779.24
2867.26 16784.21
2868.26 16789.66
2869.26 16795.04
2870.28 16800.54
2871.26 16805.87
2872.26 16811.20
2873.26 16816.53
2874.28 16821.98
2875.28 16827.01
2876.28 16832.31
2877.28 16837.70
2878.28 16843.27
2879.26 16848.56
2880.26 16853.93
2881.26 16859.34
2882.27 16864.73
2883.27 16869.97
2884.27 16875.23
2885.26 16880.52
2886.27 16886.00
2887.27 16891.33
2888.27 16896.78
2889.27 16902.16
2890.27 16907.72
2891.26 16913.33
2892.27 16919.26
2893.27 16925.17
2894.27 16931.33
2895.27 16937.39
2896.26 16943.27
2897.27 16949.29
2898.27 16955.29
2899.27 16961.38
2900.27 16967.60
2901.27 16973.66
2902.27 16979.74
2903.26 16985.82
2904.27 16991.91
2905.27 16997.78
2906.25 17003.66
2907.27 17009.56
2908.27 17015.40
2909.27 17021.31
2910.27 17027.46
2911.27 17033.30
2912.26 17039.12
2913.26 17045.11
2914.26 17051.06
2915.26 17057.06
2916.29 17063.14
2917.28 17069.01
2918.28 17075.17
2919.26 17081.18
2920.26 17087.39
2921.26 17093.43
2922.26 17099.42
2923.26 17105.37
2924.26 17111.44
2925.27 17117.52
2926.26 17123.69
2927.27 17129.57
2928.26 17135.52
2929.26 17141.29
2930.26 17147.13
2931.26 17153.06
2932.26 17158.95
2933.26 17164.68
2934.27 17170.64
2935.26 17176.55
2936.27 17182.56
2937.27 17188.49
2938.27 17194.59
2939.26 17200.46
2940.27 17206.44
2941.27 17212.43
2942.26 17218.20
2943.27 17224.23
2944.26 17230.15
2945.26 17235.96
2946.27 17241.87
2947.27 17247.85
2948.27 17253.64
2949.27 17259.46
2950.27 17265.36
2951.27 17271.19
2952.27 17276.91
2953.27 17282.99
2954.27 17288.94
2955.25 17294.74
2956.26 17300.56
2957.27 17306.31
2958.26 17312.23
2959.27 17318.08
2960.25 17323.86
2961.26 17330.11
2962.26 17336.06
2963.26 17342.12
2964.28 17348.21
2965.26 17353.96
2966.26 17359.92
2967.26 17365.65
2968.26 17371.81
2969.26 17377.86
2970.26 17384.15
2971.26 17390.19
2972.26 17396.43
2973.26 17402.46
2974.26 17408.47
2975.26 17414.42
2976.26 17420.31
2977.27 17426.25
2978.27 17432.37
2979.26 17438.30
2980.26 17444.30
2981.26 17450.26
2982.27 17455.89
2983.27 17461.83
2984.27 17467.85
2985.27 17473.84
2986.27 17480.01
2987.27 17485.76
2988.27 17491.67
2989.27 17497.69
2990.27 17503.73
2991.27 17509.76
2992.27 17515.74
2993.27 17521.43
2994.27 17527.24
2995.27 17533.29
2996.27 17538.90
2997.25 17544.58
2998.26 17550.28
2999.26 17555.91
3000.27 17561.84
3001.26 17567.51
3002.26 17573.21
3003.26 17578.87
3004.26 17584.39
3005.26 17589.96
3006.28 17595.80
3007.28 17601.43
3008.26 17606.90
3009.26 17612.60
3010.26 17618.22
3011.27 17623.85
3012.27 17629.39
3013.27 17635.12
3014.26 17640.58
3015.26 17646.13
3016.27 17651.75
3017.27 17657.37
3018.27 17663.01
3019.27 17668.75
3020.27 17674.40
3021.27 17680.09
3022.27 17685.80
3023.27 17691.53
3024.27 17697.13
3025.26 17702.75
3026.26 17708.56
3027.26 17714.23
3028.26 17719.95
3029.26 17725.66
3030.27 17731.32
3031.26 17736.91
3032.25 17742.39
3033.26 17748.06
3034.25 17753.65
3035.25 17759.24
3036.25 17764.40
3037.25 17769.46
3038.25 17774.50
3039.27 17779.74
3040.27 17785.12
3041.27 17790.29
3042.27 17795.33
3043.25 17800.53
3044.26 17806.25
3045.26 17811.70
3046.27 17817.53
3047.26 17822.81
3048.26 17828.52
3049.26 17834.25
3050.26 17839.98
3051.26 17845.57
3052.26 17851.34
3053.26 17856.85
3054.26 17862.72
3055.26 17868.30
3056.26 17874.10
3057.27 17879.84
3058.26 17885.43
3059.26 17891.06
3060.27 17896.81
3061.27 17902.55
3062.26 17908.23
3063.27 17913.72
3064.27 17919.12
