4993.73 23478.56
4994.73 23484.58
4995.73 23490.71
4996.73 23496.55
4997.73 23502.26
4998.73 23508.32
4999.73 23514.21
5000.74 23520.43
5001.73 23526.19
5002.73 23532.32
5003.73 23537.92
5004.74 23543.88
5005.74 23549.64
5006.74 23555.28
5007.74 23561.21
5008.74 23567.28
5009.73 23573.21
5010.74 23579.13
5011.74 23585.18
5012.73 23590.74
5013.73 23596.51
5014.74 23601.95
5015.73 23607.59
5016.74 23613.53
5017.74 23618.75
5018.73 23623.97
5019.74 23629.70
5020.73 23635.65
5021.74 23641.63
5022.74 23647.70
5023.74 23654.02
5024.74 23660.06
5025.73 23665.99
5026.73 23671.90
5027.74 23678.02
5028.73 23684.03
5029.74 23690.12
5030.73 23696.04
5031.73 23702.31
5032.74 23708.33
5033.74 23714.56
5034.74 23720.78
5035.73 23726.70
5036.73 23732.82
5037.73 23738.78
5038.74 23744.73
5039.74 23750.65
5040.73 23756.69
5041.74 23762.90
5042.74 23769.15
5043.73 23775.40
5044.74 23781.68
5045.74 23787.68
5046.73 23793.71
5047.73 23798.98
5048.73 23804.53
5049.74 23810.52
5050.74 23816.21
5051.73 23822.14
5052.73 23828.26
5053.72 23834.14
5054.74 23840.51
5055.74 23846.59
5056.74 23852.70
5057.73 23858.77
5058.73 23865.00
5059.74 23871.09
5060.74 23877.16
5061.74 23883.35
5062.73 23889.40
5063.74 23895.51
5064.73 23901.29
5065.73 23907.38
5066.73 23913.00
5067.73 23918.61
5068.74 23924.56
5069.73 23930.32
5070.73 23936.46
5071.74 23942.49
5072.74 23948.57
5073.73 23954.50
5074.74 23960.30
5075.73 23966.32
5076.74 23972.42
5077.73 23977.90
5078.73 23983.63
5079.74 23989.49
5080.74 23995.08
5081.73 24000.51
5082.73 24006.08
5083.74 24012.17
5084.74 24018.33
5085.74 24024.40
5086.73 24030.41
5087.74 24036.75
5088.73 24042.84
5089.72 24048.74
5090.74 24054.80
5091.73 24060.98
5092.74 24067.03
5093.74 24073.10
5094.74 24079.16
5095.74 24085.12
5096.73 24090.95
5097.75 24096.65
5098.74 24102.22
5099.73 24107.80
5100.74 24113.20
5101.73 24118.60
5102.74 24124.27
5103.74 24129.88
5104.74 24135.34
5105.73 24140.90
5106.73 24146.72
5107.74 24152.37
5108.74 24158.13
5109.73 24163.54
5110.74 24168.39
5111.74 24173.87
5112.74 24179.16
5113.74 24184.32
5114.73 24190.01
5115.73 24195.82
5116.74 24201.62
5117.74 24207.47
5118.73 24213.24
5119.74 24219.04
5120.74 24224.87
5121.74 24230.93
5122.73 24236.64
5123.74 24242.65
5124.73 24248.32
5125.73 24254.11
5126.74 24260.16
5127.73 24265.96
5128.73 24272.00
5129.73 24278.05
5130.73 24284.00
5131.72 24288.80
5132.74 24294.98
5133.74 24300.72
5134.73 24306.57
5135.74 24312.69
5136.73 24318.64
5137.73 24324.35
5138.74 24330.04
5139.74 24335.79
5140.74 24341.39
5141.73 24346.96
5142.74 24352.72
5143.73 24357.87
5144.75 24363.42
5145.74 24368.88
5146.73 24374.79
5147.74 24380.75
5148.73 24386.73
5149.74 24392.70
5150.74 24398.80
5151.73 24404.56
5152.74 24410.59
5153.73 24416.45
5154.74 24422.50
5155.74 24428.52
5156.74 24434.69
5157.74 24440.76
5158.75 24446.79
5159.74 24452.63
5160.73 24458.78
5161.73 24464.84
5162.74 24470.70
5163.73 24476.96
5164.73 24482.99
5165.73 24489.25
5166.74 24495.34
5167.74 24501.27
5168.73 24507.41
5169.74 24513.52
5170.74 24519.81
5171.74 24526.13
5172.74 24532.31
5173.74 24537.56
5174.73 24543.11
5175.74 24548.74
5176.74 24554.46
5177.73 24560.23
5178.73 24566.43
5179.74 24572.69
5180.74 24578.56
5181.74 24584.46
5182.74 24590.63
5183.74 24596.70
5184.73 24602.44
5185.73 24608.68
5186.74 24615.06
5187.74 24621.22
5188.74 24627.27
5189.74 24632.82
5190.74 24638.74
5191.74 24644.77
5192.74 24650.89
5193.74 24656.99
5194.73 24662.83
5195.74 24668.46
5196.74 24674.44
5197.74 24680.22
5198.74 24686.09
5199.74 24691.94
5200.74 24697.94
5201.73 24703.65
5202.74 24709.61
5203.74 24715.16
5204.74 24720.82
5205.74 24726.58
5206.74 24731.75
5207.72 24737.22
5208.73 24743.03
5209.73 24748.86
5210.74 24754.77
5211.74 24760.90
5212.73 24766.94
5213.74 24772.94
5214.74 24778.94
5215.74 24785.08
5216.74 24791.16
5217.74 24797.10
5218.73 24802.98
5219.75 24808.79
5220.74 24814.77
5221.74 24820.37
5222.73 24826.21
5223.75 24831.82
5224.74 24837.41
5225.74 24842.73
5226.75 24848.30
5227.74 24853.85
5228.74 24859.38
5229.74 24864.72
5230.73 24869.99
5231.74 24875.83
5232.74 24881.61
5233.73 24887.37
5234.74 24893.21
