02-28 04:29:53.944  5400  5400 I BatteryMgr:DataCollectionService: onStartCommand: begin
02-28 04:29:53.944  5400  5400 I BatteryMgr:DataCollectionService: onStartCommand: sampleRate => 1000
02-28 04:29:53.944  5400  5400 I BatteryMgr:DataCollectionService: onStartCommand: rawFields => Timestamp,BATTERY_PROPERTY_CURRENT_NOW,EXTRA_VOLTAGE
02-28 04:29:53.945  5400  5400 I BatteryMgr:DataCollectionService: onStartCommand: notification done
02-28 04:29:53.948  5400  5400 I BatteryMgr:DataCollectionService: started foreground
02-28 04:29:53.952  5400  5859 I BatteryMgr:DataCollectionService: collectData: begin
02-28 04:29:53.954  5400  5859 I BatteryMgr:DataCollectionService: stats => 1709090993954,-1870604,3911
02-28 04:29:54.956  5400  5859 I BatteryMgr:DataCollectionService: stats => 1709090994956,-1814940,3911
02-28 04:29:55.959  5400  5859 I BatteryMgr:DataCollectionService: stats => 1709090995959,-1813475,3911
02-28 04:29:56.961  5400  5859 I BatteryMgr:DataCollectionService: stats => 1709090996961,-1439940,3911
02-28 04:29:57.964  5400  5859 I BatteryMgr:DataCollectionService: stats => 1709090997964,-1438964,3911
02-28 04:29:58.966  5400  5859 I BatteryMgr:DataCollectionService: stats => 1709090998966,-1444823,3911
02-28 04:29:59.970  5400  5859 I BatteryMgr:DataCollectionService: stats => 1709090999970,-1437010,3911
02-28 04:30:00.972  5400  5859 I BatteryMgr:DataCollectionService: stats => 1709091000972,-1388182,3947
02-28 04:30:01.980  5400  5859 I BatteryMgr:DataCollectionService: stats => 1709091001980,-1392089,3951
02-28 04:30:02.982  5400  5859 I BatteryMgr:DataCollectionService: stats => 1709091002982,-1772948,3951
02-28 04:30:03.985  5400  5859 I BatteryMgr:DataCollectionService: stats => 1709091003985,-1787596,3951
02-28 04:30:04.989  5400  5859 I BatteryMgr:DataCollectionService: stats => 1709091004989,-1716307,3951
02-28 04:30:05.992  5400  5859 I BatteryMgr:DataCollectionService: stats => 1709091005992,-1411620,3951
02-28 04:30:06.995  5400  5859 I BatteryMgr:DataCollectionService: stats => 1709091006995,-1853026,3951
02-28 04:30:07.998  5400  5859 I BatteryMgr:DataCollectionService: stats => 1709091007998,-1870604,3951
02-28 04:30:09.001  5400  5859 I BatteryMgr:DataCollectionService: stats => 1709091009001,-1868651,3951
02-28 04:30:10.004  5400  5859 I BatteryMgr:DataCollectionService: stats => 1709091010004,-1848631,3951
02-28 04:30:11.007  5400  5859 I BatteryMgr:DataCollectionService: stats => 1709091011007,-1822752,3920
02-28 04:30:12.009  5400  5859 I BatteryMgr:DataCollectionService: stats => 1709091012009,-1837401,3920
02-28 04:30:13.012  5400  5859 I BatteryMgr:DataCollectionService: stats => 1709091013012,-1842772,3920
02-28 04:30:14.016  5400  5859 I BatteryMgr:DataCollectionService: stats => 1709091014016,-1826659,3920
02-28 04:30:15.018  5400  5859 I BatteryMgr:DataCollectionService: stats => 1709091015018,-1865721,3920
02-28 04:30:16.021  5400  5859 I BatteryMgr:DataCollectionService: stats => 1709091016021,-1886229,3920
02-28 04:30:17.023  5400  5859 I BatteryMgr:DataCollectionService: stats => 1709091017023,-1847655,3920
02-28 04:30:18.025  5400  5859 I BatteryMgr:DataCollectionService: stats => 1709091018025,-1839842,3920
02-28 04:30:19.029  5400  5859 I BatteryMgr:DataCollectionService: stats => 1709091019029,-1856932,3920
02-28 04:30:20.031  5400  5859 I BatteryMgr:DataCollectionService: stats => 1709091020031,-1770995,3920
02-28 04:30:21.034  5400  5859 I BatteryMgr:DataCollectionService: stats => 1709091021034,-1509764,3924
02-28 04:30:22.036  5400  5859 I BatteryMgr:DataCollectionService: stats => 1709091022036,-2054686,3924
02-28 04:30:23.039  5400  5859 I BatteryMgr:DataCollectionService: stats => 1709091023039,-1985838,3924
02-28 04:30:24.043  5400  5859 I BatteryMgr:DataCollectionService: stats => 1709091024043,-2027342,3924
02-28 04:30:25.045  5400  5859 I BatteryMgr:DataCollectionService: stats => 1709091025045,-1853514,3924
02-28 04:30:26.048  5400  5859 I BatteryMgr:DataCollectionService: stats => 1709091026048,-1888182,3924
02-28 04:30:27.050  5400  5859 I BatteryMgr:DataCollectionService: stats => 1709091027050,-1884764,3924
02-28 04:30:28.053  5400  5859 I BatteryMgr:DataCollectionService: stats => 1709091028053,-1887206,3924
02-28 04:30:29.055  5400  5859 I BatteryMgr:DataCollectionService: stats => 1709091029055,-1904295,3924
02-28 04:30:30.058  5400  5859 I BatteryMgr:DataCollectionService: stats => 1709091030058,-1858885,3917
02-28 04:30:31.061  5400  5859 I BatteryMgr:DataCollectionService: stats => 1709091031060,-1884764,3917
02-28 04:30:32.063  5400  5859 I BatteryMgr:DataCollectionService: stats => 1709091032063,-1869627,3917
02-28 04:30:33.066  5400  5859 I BatteryMgr:DataCollectionService: stats => 1709091033066,-1887206,3917
02-28 04:30:34.069  5400  5859 I BatteryMgr:DataCollectionService: stats => 1709091034069,-1859862,3917
02-28 04:30:35.072  5400  5859 I BatteryMgr:DataCollectionService: stats => 1709091035071,-1884764,3917
02-28 04:30:36.074  5400  5859 I BatteryMgr:DataCollectionService: stats => 1709091036074,-1857420,3917
02-28 04:30:37.077  5400  5859 I BatteryMgr:DataCollectionService: stats => 1709091037077,-1863280,3917
02-28 04:30:38.079  5400  5859 I BatteryMgr:DataCollectionService: stats => 1709091038079,-1872069,3917
02-28 04:30:39.082  5400  5859 I BatteryMgr:DataCollectionService: stats => 1709091039082,-1920897,3917
02-28 04:30:40.085  5400  5859 I BatteryMgr:DataCollectionService: stats => 1709091040084,-1902342,3917
02-28 04:30:41.087  5400  5859 I BatteryMgr:DataCollectionService: stats => 1709091041087,-1900389,3915
02-28 04:30:42.090  5400  5859 I BatteryMgr:DataCollectionService: stats => 1709091042090,-1877440,3915
02-28 04:30:43.094  5400  5859 I BatteryMgr:DataCollectionService: stats => 1709091043094,-1861815,3915
02-28 04:30:44.097  5400  5859 I BatteryMgr:DataCollectionService: stats => 1709091044097,-1889159,3915
02-28 04:30:45.100  5400  5859 I BatteryMgr:DataCollectionService: stats => 1709091045100,-1858885,3915
02-28 04:30:46.102  5400  5859 I BatteryMgr:DataCollectionService: stats => 1709091046102,-1858397,3915
02-28 04:30:47.106  5400  5859 I BatteryMgr:DataCollectionService: stats => 1709091047106,-1872069,3915
02-28 04:30:48.109  5400  5859 I BatteryMgr:DataCollectionService: stats => 1709091048108,-1854491,3915
02-28 04:30:49.111  5400  5859 I BatteryMgr:DataCollectionService: stats => 1709091049111,-1880370,3915
02-28 04:30:50.114  5400  5859 I BatteryMgr:DataCollectionService: stats => 1709091050114,-1856444,3915
02-28 04:30:51.117  5400  5859 I BatteryMgr:DataCollectionService: stats => 1709091051117,-1892088,3916
02-28 04:30:52.120  5400  5859 I BatteryMgr:DataCollectionService: stats => 1709091052120,-1996092,3916
02-28 04:30:53.123  5400  5859 I BatteryMgr:DataCollectionService: stats => 1709091053123,-2002928,3916
02-28 04:30:54.127  5400  5859 I BatteryMgr:DataCollectionService: stats => 1709091054127,-2031737,3916
02-28 04:30:55.131  5400  5859 I BatteryMgr:DataCollectionService: stats => 1709091055130,-2045897,3916
02-28 04:30:56.134  5400  5859 I BatteryMgr:DataCollectionService: stats => 1709091056134,-2000975,3916
02-28 04:30:57.138  5400  5859 I BatteryMgr:DataCollectionService: stats => 1709091057137,-1898924,3916
02-28 04:30:58.141  5400  5859 I BatteryMgr:DataCollectionService: stats => 1709091058141,-1901366,3916
02-28 04:30:59.143  5400  5859 I BatteryMgr:DataCollectionService: stats => 1709091059143,-1864745,3916
02-28 04:31:00.148  5400  5859 I BatteryMgr:DataCollectionService: stats => 1709091060147,-1880370,3916
02-28 04:31:01.150  5400  5859 I BatteryMgr:DataCollectionService: stats => 1709091061150,-1874022,3913
02-28 04:31:02.152  5400  5859 I BatteryMgr:DataCollectionService: stats => 1709091062152,-1843749,3913
02-28 04:31:03.155  5400  5859 I BatteryMgr:DataCollectionService: stats => 1709091063155,-1869627,3913
02-28 04:31:04.158  5400  5859 I BatteryMgr:DataCollectionService: stats => 1709091064158,-1911620,3913
02-28 04:31:05.161  5400  5859 I BatteryMgr:DataCollectionService: stats => 1709091065160,-1897459,3913
02-28 04:31:06.163  5400  5859 I BatteryMgr:DataCollectionService: stats => 1709091066163,-1908202,3913
02-28 04:31:07.165  5400  5859 I BatteryMgr:DataCollectionService: stats => 1709091067165,-1893553,3913
02-28 04:31:08.168  5400  5859 I BatteryMgr:DataCollectionService: stats => 1709091068168,-1874510,3913
02-28 04:31:09.171  5400  5859 I BatteryMgr:DataCollectionService: stats => 1709091069171,-1894041,3913
02-28 04:31:10.174  5400  5859 I BatteryMgr:DataCollectionService: stats => 1709091070174,-1897459,3913
02-28 04:31:11.177  5400  5859 I BatteryMgr:DataCollectionService: stats => 1709091071177,-1896483,3911
02-28 04:31:12.179  5400  5859 I BatteryMgr:DataCollectionService: stats => 1709091072179,-1886717,3911
02-28 04:31:13.182  5400  5859 I BatteryMgr:DataCollectionService: stats => 1709091073182,-1861327,3911
02-28 04:31:14.185  5400  5859 I BatteryMgr:DataCollectionService: stats => 1709091074185,-1861815,3911
02-28 04:31:15.188  5400  5859 I BatteryMgr:DataCollectionService: stats => 1709091075188,-1847167,3911
02-28 04:31:16.190  5400  5859 I BatteryMgr:DataCollectionService: stats => 1709091076190,-1893065,3911
02-28 04:31:17.193  5400  5859 I BatteryMgr:DataCollectionService: stats => 1709091077193,-1917967,3911
02-28 04:31:18.195  5400  5859 I BatteryMgr:DataCollectionService: stats => 1709091078195,-1866698,3911
02-28 04:31:19.198  5400  5859 I BatteryMgr:DataCollectionService: stats => 1709091079198,-1884764,3911
02-28 04:31:20.200  5400  5859 I BatteryMgr:DataCollectionService: stats => 1709091080200,-1842772,3911
02-28 04:31:21.203  5400  5859 I BatteryMgr:DataCollectionService: stats => 1709091081203,-1878417,3914
02-28 04:31:22.207  5400  5859 I BatteryMgr:DataCollectionService: stats => 1709091082207,-1901854,3914
02-28 04:31:23.210  5400  5859 I BatteryMgr:DataCollectionService: stats => 1709091083210,-1931151,3909
02-28 04:31:24.214  5400  5859 I BatteryMgr:DataCollectionService: stats => 1709091084213,-2049803,3909
02-28 04:31:25.217  5400  5859 I BatteryMgr:DataCollectionService: stats => 1709091085217,-2073729,3909
02-28 04:31:26.220  5400  5859 I BatteryMgr:DataCollectionService: stats => 1709091086220,-2074217,3909
02-28 04:31:27.223  5400  5859 I BatteryMgr:DataCollectionService: stats => 1709091087223,-2048338,3909
02-28 04:31:28.225  5400  5859 I BatteryMgr:DataCollectionService: stats => 1709091088225,-1889647,3909
02-28 04:31:29.228  5400  5859 I BatteryMgr:DataCollectionService: stats => 1709091089228,-1897459,3909
02-28 04:31:30.230  5400  5859 I BatteryMgr:DataCollectionService: stats => 1709091090230,-1854002,3909
02-28 04:31:31.233  5400  5859 I BatteryMgr:DataCollectionService: stats => 1709091091233,-1947752,3911
02-28 04:31:32.236  5400  5859 I BatteryMgr:DataCollectionService: stats => 1709091092236,-1866209,3911
02-28 04:31:33.239  5400  5859 I BatteryMgr:DataCollectionService: stats => 1709091093239,-1997557,3911
02-28 04:31:34.243  5400  5859 I BatteryMgr:DataCollectionService: stats => 1709091094242,-2002440,3911
02-28 04:31:35.245  5400  5859 I BatteryMgr:DataCollectionService: stats => 1709091095245,-1864745,3911
02-28 04:31:36.248  5400  5859 I BatteryMgr:DataCollectionService: stats => 1709091096248,-1876463,3911
02-28 04:31:37.250  5400  5859 I BatteryMgr:DataCollectionService: stats => 1709091097250,-1905272,3908
02-28 04:31:38.253  5400  5859 I BatteryMgr:DataCollectionService: stats => 1709091098253,-1900877,3908
02-28 04:31:39.256  5400  5859 I BatteryMgr:DataCollectionService: stats => 1709091099256,-1865233,3908
02-28 04:31:40.258  5400  5859 I BatteryMgr:DataCollectionService: stats => 1709091100258,-1865233,3908
02-28 04:31:41.261  5400  5859 I BatteryMgr:DataCollectionService: stats => 1709091101261,-1922850,3910
02-28 04:31:42.264  5400  5859 I BatteryMgr:DataCollectionService: stats => 1709091102264,-1826659,3910
02-28 04:31:43.267  5400  5859 I BatteryMgr:DataCollectionService: stats => 1709091103267,-1911620,3910
02-28 04:31:44.269  5400  5859 I BatteryMgr:DataCollectionService: stats => 1709091104269,-1897459,3910
02-28 04:31:45.272  5400  5859 I BatteryMgr:DataCollectionService: stats => 1709091105272,-1881346,3910
02-28 04:31:46.274  5400  5859 I BatteryMgr:DataCollectionService: stats => 1709091106274,-1859374,3910
02-28 04:31:47.276  5400  5859 I BatteryMgr:DataCollectionService: stats => 1709091107276,-1871581,3910
02-28 04:31:48.279  5400  5859 I BatteryMgr:DataCollectionService: stats => 1709091108279,-1879393,3910
02-28 04:31:49.282  5400  5859 I BatteryMgr:DataCollectionService: stats => 1709091109282,-1866698,3910
02-28 04:31:50.284  5400  5859 I BatteryMgr:DataCollectionService: stats => 1709091110284,-1874999,3910
02-28 04:31:51.288  5400  5859 I BatteryMgr:DataCollectionService: stats => 1709091111288,-1900877,3909
02-28 04:31:52.290  5400  5859 I BatteryMgr:DataCollectionService: stats => 1709091112290,-1892088,3909
02-28 04:31:53.293  5400  5859 I BatteryMgr:DataCollectionService: stats => 1709091113293,-1874510,3909
02-28 04:31:54.296  5400  5859 I BatteryMgr:DataCollectionService: stats => 1709091114296,-1887694,3909
02-28 04:31:55.298  5400  5859 I BatteryMgr:DataCollectionService: stats => 1709091115298,-1895018,3909
02-28 04:31:56.301  5400  5859 I BatteryMgr:DataCollectionService: stats => 1709091116301,-1923827,3909
02-28 04:31:57.305  5400  5859 I BatteryMgr:DataCollectionService: stats => 1709091117305,-1891600,3909
02-28 04:31:58.307  5400  5859 I BatteryMgr:DataCollectionService: stats => 1709091118307,-1891112,3909
02-28 04:31:59.309  5400  5859 I BatteryMgr:DataCollectionService: stats => 1709091119309,-1868651,3909
02-28 04:32:00.312  5400  5859 I BatteryMgr:DataCollectionService: stats => 1709091120312,-1853026,3909
02-28 04:32:01.314  5400  5859 I BatteryMgr:DataCollectionService: stats => 1709091121314,-1853514,3910
02-28 04:32:02.318  5400  5859 I BatteryMgr:DataCollectionService: stats => 1709091122318,-1857420,3910
02-28 04:32:03.320  5400  5859 I BatteryMgr:DataCollectionService: stats => 1709091123320,-1993651,3910
02-28 04:32:04.324  5400  5859 I BatteryMgr:DataCollectionService: stats => 1709091124324,-2027830,3910
02-28 04:32:05.327  5400  5859 I BatteryMgr:DataCollectionService: stats => 1709091125327,-2048827,3910
02-28 04:32:06.330  5400  5859 I BatteryMgr:DataCollectionService: stats => 1709091126330,-2061034,3910
02-28 04:32:07.333  5400  5859 I BatteryMgr:DataCollectionService: stats => 1709091127333,-1936522,3910
02-28 04:32:08.336  5400  5859 I BatteryMgr:DataCollectionService: stats => 1709091128336,-1853026,3910
02-28 04:32:09.340  5400  5859 I BatteryMgr:DataCollectionService: stats => 1709091129340,-1857909,3910
02-28 04:32:10.342  5400  5859 I BatteryMgr:DataCollectionService: stats => 1709091130342,-1860350,3910
02-28 04:32:11.345  5400  5859 I BatteryMgr:DataCollectionService: stats => 1709091131345,-1934569,3903
02-28 04:32:12.347  5400  5859 I BatteryMgr:DataCollectionService: stats => 1709091132347,-1868651,3903
02-28 04:32:13.350  5400  5859 I BatteryMgr:DataCollectionService: stats => 1709091133349,-1860350,3903
02-28 04:32:14.353  5400  5859 I BatteryMgr:DataCollectionService: stats => 1709091134353,-1885252,3903
02-28 04:32:15.355  5400  5859 I BatteryMgr:DataCollectionService: stats => 1709091135355,-1884764,3903
02-28 04:32:16.358  5400  5859 I BatteryMgr:DataCollectionService: stats => 1709091136358,-1880858,3906
02-28 04:32:17.361  5400  5859 I BatteryMgr:DataCollectionService: stats => 1709091137361,-1925291,3906
02-28 04:32:18.363  5400  5859 I BatteryMgr:DataCollectionService: stats => 1709091138363,-1874022,3906
02-28 04:32:19.366  5400  5859 I BatteryMgr:DataCollectionService: stats => 1709091139366,-1875487,3906
02-28 04:32:20.370  5400  5859 I BatteryMgr:DataCollectionService: stats => 1709091140370,-1902831,3906
02-28 04:32:21.372  5400  5859 I BatteryMgr:DataCollectionService: stats => 1709091141372,-1885741,3905
02-28 04:32:22.375  5400  5859 I BatteryMgr:DataCollectionService: stats => 1709091142375,-1912108,3905
02-28 04:32:23.378  5400  5859 I BatteryMgr:DataCollectionService: stats => 1709091143377,-1909178,3905
02-28 04:32:24.381  5400  5859 I BatteryMgr:DataCollectionService: stats => 1709091144381,-1898436,3905
02-28 04:32:25.384  5400  5859 I BatteryMgr:DataCollectionService: stats => 1709091145384,-1888670,3905
02-28 04:32:26.387  5400  5859 I BatteryMgr:DataCollectionService: stats => 1709091146387,-1916502,3905
02-28 04:32:27.389  5400  5859 I BatteryMgr:DataCollectionService: stats => 1709091147389,-1884764,3905
02-28 04:32:28.391  5400  5859 I BatteryMgr:DataCollectionService: stats => 1709091148391,-1868163,3905
02-28 04:32:29.394  5400  5859 I BatteryMgr:DataCollectionService: stats => 1709091149394,-1897459,3905
02-28 04:32:30.397  5400  5859 I BatteryMgr:DataCollectionService: stats => 1709091150397,-1902342,3905
02-28 04:32:31.399  5400  5859 I BatteryMgr:DataCollectionService: stats => 1709091151399,-1902342,3904
02-28 04:32:32.402  5400  5859 I BatteryMgr:DataCollectionService: stats => 1709091152402,-1915038,3904
02-28 04:32:33.406  5400  5859 I BatteryMgr:DataCollectionService: stats => 1709091153406,-1891600,3904
02-28 04:32:34.409  5400  5859 I BatteryMgr:DataCollectionService: stats => 1709091154409,-1958495,3904
02-28 04:32:35.412  5400  5859 I BatteryMgr:DataCollectionService: stats => 1709091155411,-2041502,3904
02-28 04:32:36.414  5400  5859 I BatteryMgr:DataCollectionService: stats => 1709091156414,-2087401,3904
02-28 04:32:37.418  5400  5859 I BatteryMgr:DataCollectionService: stats => 1709091157418,-2062498,3904
02-28 04:32:38.421  5400  5859 I BatteryMgr:DataCollectionService: stats => 1709091158421,-2072752,3904
02-28 04:32:39.424  5400  5859 I BatteryMgr:DataCollectionService: stats => 1709091159424,-1905272,3904
02-28 04:32:40.426  5400  5859 I BatteryMgr:DataCollectionService: stats => 1709091160426,-1898436,3904
02-28 04:32:41.429  5400  5859 I BatteryMgr:DataCollectionService: stats => 1709091161429,-1885741,3903
02-28 04:32:42.431  5400  5859 I BatteryMgr:DataCollectionService: stats => 1709091162431,-1906737,3903
02-28 04:32:43.433  5400  5859 I BatteryMgr:DataCollectionService: stats => 1709091163433,-1900389,3903
02-28 04:32:44.436  5400  5859 I BatteryMgr:DataCollectionService: stats => 1709091164436,-1895018,3903
02-28 04:32:45.439  5400  5859 I BatteryMgr:DataCollectionService: stats => 1709091165439,-1921385,3903
02-28 04:32:46.442  5400  5859 I BatteryMgr:DataCollectionService: stats => 1709091166442,-1885252,3903
02-28 04:32:47.444  5400  5859 I BatteryMgr:DataCollectionService: stats => 1709091167444,-1886229,3903
02-28 04:32:48.448  5400  5859 I BatteryMgr:DataCollectionService: stats => 1709091168448,-1900389,3903
02-28 04:32:49.450  5400  5859 I BatteryMgr:DataCollectionService: stats => 1709091169450,-1915526,3903
02-28 04:32:50.453  5400  5859 I BatteryMgr:DataCollectionService: stats => 1709091170453,-1943846,3903
02-28 04:32:51.456  5400  5859 I BatteryMgr:DataCollectionService: stats => 1709091171456,-1907225,3902
02-28 04:32:52.458  5400  5859 I BatteryMgr:DataCollectionService: stats => 1709091172458,-1916991,3902
02-28 04:32:53.460  5400  5859 I BatteryMgr:DataCollectionService: stats => 1709091173460,-1908202,3902
02-28 04:32:54.463  5400  5859 I BatteryMgr:DataCollectionService: stats => 1709091174463,-1879881,3902
02-28 04:32:55.465  5400  5859 I BatteryMgr:DataCollectionService: stats => 1709091175465,-1890135,3902
02-28 04:32:56.468  5400  5859 I BatteryMgr:DataCollectionService: stats => 1709091176468,-1892088,3902
02-28 04:32:57.470  5400  5859 I BatteryMgr:DataCollectionService: stats => 1709091177470,-1911620,3902
02-28 04:32:58.472  5400  5859 I BatteryMgr:DataCollectionService: stats => 1709091178472,-1875487,3902
02-28 04:32:59.475  5400  5859 I BatteryMgr:DataCollectionService: stats => 1709091179475,-1877928,3902
02-28 04:33:00.478  5400  5859 I BatteryMgr:DataCollectionService: stats => 1709091180478,-1912108,3902
02-28 04:33:01.481  5400  5859 I BatteryMgr:DataCollectionService: stats => 1709091181481,-1893553,3901
02-28 04:33:02.484  5400  5859 I BatteryMgr:DataCollectionService: stats => 1709091182484,-1901854,3901
02-28 04:33:03.486  5400  5859 I BatteryMgr:DataCollectionService: stats => 1709091183486,-1928709,3901
02-28 04:33:04.489  5400  5859 I BatteryMgr:DataCollectionService: stats => 1709091184489,-1910643,3901
02-28 04:33:05.492  5400  5859 I BatteryMgr:DataCollectionService: stats => 1709091185492,-1991209,3901
02-28 04:33:06.495  5400  5859 I BatteryMgr:DataCollectionService: stats => 1709091186495,-2120604,3895
02-28 04:33:07.504  5400  5859 I BatteryMgr:DataCollectionService: stats => 1709091187504,-2083983,3895
02-28 04:33:08.506  5400  5859 I BatteryMgr:DataCollectionService: stats => 1709091188506,-2068358,3888
02-28 04:33:09.508  5400  5859 I BatteryMgr:DataCollectionService: stats => 1709091189508,-2102049,3888
02-28 04:33:10.511  5400  5859 I BatteryMgr:DataCollectionService: stats => 1709091190510,-1913084,3888
02-28 04:33:11.513  5400  5859 I BatteryMgr:DataCollectionService: stats => 1709091191513,-1923827,3898
02-28 04:33:12.516  5400  5859 I BatteryMgr:DataCollectionService: stats => 1709091192516,-1901854,3898
02-28 04:33:13.518  5400  5859 I BatteryMgr:DataCollectionService: stats => 1709091193518,-1894530,3898
02-28 04:33:14.522  5400  5859 I BatteryMgr:DataCollectionService: stats => 1709091194522,-1905272,3898
02-28 04:33:15.524  5400  5859 I BatteryMgr:DataCollectionService: stats => 1709091195524,-1904295,3898
02-28 04:33:16.527  5400  5859 I BatteryMgr:DataCollectionService: stats => 1709091196527,-1927245,3898
02-28 04:33:17.529  5400  5859 I BatteryMgr:DataCollectionService: stats => 1709091197529,-1889159,3898
02-28 04:33:18.532  5400  5859 I BatteryMgr:DataCollectionService: stats => 1709091198532,-1926268,3898
02-28 04:33:19.534  5400  5859 I BatteryMgr:DataCollectionService: stats => 1709091199534,-1923827,3898
02-28 04:33:20.537  5400  5859 I BatteryMgr:DataCollectionService: stats => 1709091200537,-1931639,3898
02-28 04:33:21.539  5400  5859 I BatteryMgr:DataCollectionService: stats => 1709091201539,-1930174,3897
02-28 04:33:22.542  5400  5859 I BatteryMgr:DataCollectionService: stats => 1709091202542,-1921874,3897
02-28 04:33:23.544  5400  5859 I BatteryMgr:DataCollectionService: stats => 1709091203544,-1933592,3897
02-28 04:33:24.547  5400  5859 I BatteryMgr:DataCollectionService: stats => 1709091204546,-1943358,3897
02-28 04:33:25.549  5400  5859 I BatteryMgr:DataCollectionService: stats => 1709091205549,-1912108,3897
02-28 04:33:26.551  5400  5859 I BatteryMgr:DataCollectionService: stats => 1709091206551,-1915526,3897
02-28 04:33:27.553  5400  5859 I BatteryMgr:DataCollectionService: stats => 1709091207553,-1919920,3897
02-28 04:33:28.556  5400  5859 I BatteryMgr:DataCollectionService: stats => 1709091208556,-1891600,3897
02-28 04:33:29.558  5400  5859 I BatteryMgr:DataCollectionService: stats => 1709091209558,-1920897,3897
02-28 04:33:30.561  5400  5859 I BatteryMgr:DataCollectionService: stats => 1709091210561,-1918456,3897
02-28 04:33:31.564  5400  5859 I BatteryMgr:DataCollectionService: stats => 1709091211564,-1670897,3897
02-28 04:33:32.567  5400  5859 I BatteryMgr:DataCollectionService: stats => 1709091212566,-1888670,3897
02-28 04:33:33.569  5400  5859 I BatteryMgr:DataCollectionService: stats => 1709091213569,-1901854,3897
02-28 04:33:34.572  5400  5859 I BatteryMgr:DataCollectionService: stats => 1709091214572,-1892088,3897
02-28 04:33:35.575  5400  5859 I BatteryMgr:DataCollectionService: stats => 1709091215575,-1901854,3897
02-28 04:33:36.577  5400  5859 I BatteryMgr:DataCollectionService: stats => 1709091216577,-1999022,3897
02-28 04:33:37.581  5400  5859 I BatteryMgr:DataCollectionService: stats => 1709091217581,-2052733,3897
02-28 04:33:38.583  5400  5859 I BatteryMgr:DataCollectionService: stats => 1709091218583,-2159178,3897
02-28 04:33:39.586  5400  5859 I BatteryMgr:DataCollectionService: stats => 1709091219586,-1923338,3897
02-28 04:33:40.590  5400  5859 I BatteryMgr:DataCollectionService: stats => 1709091220590,-1965819,3897
02-28 04:33:41.594  5400  5859 I BatteryMgr:DataCollectionService: stats => 1709091221594,-2012694,3893
02-28 04:33:42.597  5400  5859 I BatteryMgr:DataCollectionService: stats => 1709091222597,-1851073,3893
02-28 04:33:43.600  5400  5859 I BatteryMgr:DataCollectionService: stats => 1709091223600,-1875975,3893
02-28 04:33:44.602  5400  5859 I BatteryMgr:DataCollectionService: stats => 1709091224602,-1835448,3893
02-28 04:33:45.605  5400  5859 I BatteryMgr:DataCollectionService: stats => 1709091225605,-1845702,3893
