8.65 9.20 7.99 10/2904 15268
8.65 9.20 7.99 7/2906 15297
8.44 9.15 7.98 2/2906 15324
8.44 9.15 7.98 5/2906 15351
8.44 9.15 7.98 8/2906 15378
8.44 9.15 7.98 3/2906 15405
8.44 9.15 7.98 6/2912 15443
8.48 9.15 7.98 1/2911 15470
8.48 9.15 7.98 3/2911 15497
8.48 9.15 7.98 3/2911 15524
8.48 9.15 7.98 3/2910 15551
8.48 9.15 7.98 2/2910 15579
8.37 9.11 7.98 4/2911 15607
8.37 9.11 7.98 3/2911 15634
8.37 9.11 7.98 2/2911 15661
8.37 9.11 7.98 1/2910 15688
8.37 9.11 7.98 6/2910 15715
8.18 9.06 7.97 5/2910 15742
8.18 9.06 7.97 4/2910 15769
8.18 9.06 7.97 3/2910 15796
8.18 9.06 7.97 1/2910 15823
8.18 9.06 7.97 1/2910 15850
8.24 9.06 7.97 5/2910 15877
8.24 9.06 7.97 1/2910 15905
8.24 9.06 7.97 6/2907 15932
8.24 9.06 7.97 5/2907 15959
8.24 9.06 7.97 5/2906 15986
7.98 8.99 7.96 2/2906 16013
7.98 8.99 7.96 2/2906 16040
7.98 8.99 7.96 2/2904 16067
7.98 8.99 7.96 4/2904 16094
7.98 8.99 7.96 4/2902 16121
7.82 8.94 7.95 4/2902 16160
7.82 8.94 7.95 2/2902 16187
7.82 8.94 7.95 6/2902 16215
7.82 8.94 7.95 5/2902 16242
7.82 8.94 7.95 7/2901 16269
7.92 8.94 7.95 3/2901 16296
7.92 8.94 7.95 2/2897 16323
7.92 8.94 7.95 1/2897 16351
7.92 8.94 7.95 10/2897 16378
7.92 8.94 7.95 3/2897 16405
7.84 8.91 7.95 4/2897 16432
7.84 8.91 7.95 3/2895 16459
7.84 8.91 7.95 6/2895 16486
7.84 8.91 7.95 5/2895 16514
7.84 8.91 7.95 5/2894 16543
7.70 8.86 7.94 1/2894 16570
7.70 8.86 7.94 3/2894 16597
7.70 8.86 7.94 2/2893 16624
7.70 8.86 7.94 2/2893 16651
7.70 8.86 7.94 6/2893 16678
7.48 8.80 7.92 5/2893 16705
7.48 8.80 7.92 5/2893 16732
7.48 8.80 7.92 3/2893 16759
7.48 8.80 7.92 4/2893 16786
7.48 8.80 7.92 3/2893 16813
7.68 8.82 7.93 3/2891 16841
7.68 8.82 7.93 5/2891 16869
7.68 8.82 7.93 2/2891 16896
7.68 8.82 7.93 7/2891 16924
7.68 8.82 7.93 2/2891 16951
7.71 8.80 7.93 4/2891 16978
7.71 8.80 7.93 4/2891 17005
7.71 8.80 7.93 1/2891 17032
7.71 8.80 7.93 3/2891 17059
7.71 8.80 7.93 8/2888 17086
7.65 8.77 7.93 4/2888 17113
7.65 8.77 7.93 5/2888 17141
7.65 8.77 7.93 2/2886 17168
7.65 8.77 7.93 2/2886 17195
7.65 8.77 7.93 1/2883 17222
8.08 8.84 7.95 5/2883 17249
8.08 8.84 7.95 2/2883 17276
8.08 8.84 7.95 5/2883 17303
8.08 8.84 7.95 4/2883 17330
8.08 8.84 7.95 5/2883 17357
8.15 8.85 7.96 3/2883 17384
8.15 8.85 7.96 5/2883 17411
8.15 8.85 7.96 3/2883 17439
8.15 8.85 7.96 1/2883 17466
8.15 8.85 7.96 3/2883 17493
8.22 8.85 7.97 6/2883 17520
8.22 8.85 7.97 3/2883 17547
8.22 8.85 7.97 1/2883 17574
8.22 8.85 7.97 5/2883 17601
8.22 8.85 7.97 5/2883 17628
8.12 8.82 7.96 6/2883 17655
8.12 8.82 7.96 13/2883 17682
8.12 8.82 7.96 4/2883 17709
8.12 8.82 7.96 1/2883 17736
8.12 8.82 7.96 6/2883 17764
8.19 8.82 7.97 6/2883 17803
8.19 8.82 7.97 2/2883 17830
8.19 8.82 7.97 5/2883 17857
8.19 8.82 7.97 1/2883 17884
8.19 8.82 7.97 6/2883 17912
8.02 8.78 7.96 6/2882 17939
8.02 8.78 7.96 9/2888 17974
8.02 8.78 7.96 5/2888 18001
8.02 8.78 7.96 2/2888 18029
8.02 8.78 7.96 1/2888 18056
7.94 8.75 7.95 1/2888 18084
7.94 8.75 7.95 8/2888 18111
7.94 8.75 7.95 2/2888 18138
7.94 8.75 7.95 6/2888 18165
7.94 8.75 7.95 2/2888 18192
7.86 8.72 7.95 4/2888 18219
7.86 8.72 7.95 1/2888 18246
7.86 8.72 7.95 2/2888 18273
7.86 8.72 7.95 5/2888 18300
7.86 8.72 7.95 8/2888 18327
7.71 8.67 7.93 4/2888 18354
7.71 8.67 7.93 8/2888 18382
7.71 8.67 7.93 3/2888 18409
7.71 8.67 7.93 3/2888 18436
7.71 8.67 7.93 1/2888 18463
7.89 8.69 7.95 4/2888 18490
7.89 8.69 7.95 2/2888 18517
7.89 8.69 7.95 4/2888 18544
7.89 8.69 7.95 1/2888 18571
7.89 8.69 7.95 2/2888 18598
8.14 8.73 7.96 2/2888 18625
8.14 8.73 7.96 7/2888 18652
8.14 8.73 7.96 3/2888 18680
8.14 8.73 7.96 7/2888 18707
8.14 8.73 7.96 2/2888 18734
7.97 8.69 7.95 5/2885 18761
7.97 8.69 7.95 5/2885 18788
7.97 8.69 7.95 3/2885 18815
7.97 8.69 7.95 3/2885 18843
7.97 8.69 7.95 4/2885 18870
7.81 8.64 7.94 4/2885 18897
7.81 8.64 7.94 3/2885 18924
7.81 8.64 7.94 1/2885 18951
7.81 8.64 7.94 6/2885 18978
7.81 8.64 7.94 1/2885 19006
7.75 8.61 7.94 3/2885 19033
7.75 8.61 7.94 8/2885 19060
7.75 8.61 7.94 4/2885 19087
7.75 8.61 7.94 1/2885 19114
7.75 8.61 7.94 1/2885 19141
7.85 8.62 7.94 1/2885 19168
7.85 8.62 7.94 2/2885 19195
7.85 8.62 7.94 6/2885 19222
7.85 8.62 7.94 2/2885 19249
7.85 8.62 7.94 4/2885 19276
7.86 8.61 7.94 4/2885 19304
7.86 8.61 7.94 2/2885 19332
7.86 8.61 7.94 4/2885 19359
7.86 8.61 7.94 2/2885 19386
7.86 8.61 7.94 5/2885 19413
7.71 8.57 7.93 2/2885 19448
7.71 8.57 7.93 4/2885 19479
7.71 8.57 7.93 2/2885 19506
7.71 8.57 7.93 2/2885 19533
7.71 8.57 7.93 5/2885 19560
7.57 8.52 7.92 11/2885 19587
7.57 8.52 7.92 6/2881 19616
7.57 8.52 7.92 2/2881 19643
7.57 8.52 7.92 4/2881 19672
7.57 8.52 7.92 10/2881 19699
7.93 8.58 7.94 4/2881 19726
7.93 8.58 7.94 1/2879 19753
7.93 8.58 7.94 3/2879 19780
7.93 8.58 7.94 4/2879 19808
7.93 8.58 7.94 4/2879 19835
7.85 8.56 7.94 5/2879 19862
7.85 8.56 7.94 3/2879 19889
7.85 8.56 7.94 1/2879 19916
7.85 8.56 7.94 4/2879 19944
7.85 8.56 7.94 4/2879 19971
7.63 8.50 7.92 2/2879 19998
7.63 8.50 7.92 8/2880 20026
7.63 8.50 7.92 3/2880 20053
7.63 8.50 7.92 5/2880 20080
7.63 8.50 7.92 3/2880 20108
7.50 8.45 7.91 9/2880 20135
7.50 8.45 7.91 1/2880 20162
7.50 8.45 7.91 3/2880 20189
7.50 8.45 7.91 4/2880 20216
7.50 8.45 7.91 6/2880 20244
7.29 8.40 7.89 4/2880 20271
7.29 8.40 7.89 1/2880 20298
7.29 8.40 7.89 6/2880 20325
7.29 8.40 7.89 3/2880 20352
7.29 8.40 7.89 3/2880 20379
7.11 8.34 7.88 3/2880 20406
7.11 8.34 7.88 3/2880 20433
7.11 8.34 7.88 2/2880 20460
7.11 8.34 7.88 2/2880 20487
7.11 8.34 7.88 7/2880 20514
7.26 8.35 7.88 4/2880 20542
7.26 8.35 7.88 7/2880 20569
7.26 8.35 7.88 2/2880 20596
7.26 8.35 7.88 6/2880 20623
7.26 8.35 7.88 6/2880 20650
7.32 8.35 7.89 2/2880 20677
7.32 8.35 7.89 6/2880 20704
7.32 8.35 7.89 1/2877 20731
7.32 8.35 7.89 3/2877 20758
7.32 8.35 7.89 4/2877 20785
7.46 8.36 7.89 2/2877 20812
7.46 8.36 7.89 2/2877 20839
7.46 8.36 7.89 5/2877 20867
7.46 8.36 7.89 4/2877 20894
7.46 8.36 7.89 3/2877 20921
7.34 8.32 7.88 4/2877 20948
7.34 8.32 7.88 5/2878 20977
7.34 8.32 7.88 8/2878 21004
7.34 8.32 7.88 3/2878 21031
7.34 8.32 7.88 2/2878 21058
7.55 8.35 7.89 2/2878 21094
7.55 8.35 7.89 4/2878 21121
7.55 8.35 7.89 1/2878 21148
7.55 8.35 7.89 2/2878 21176
7.55 8.35 7.89 4/2878 21203
7.43 8.31 7.88 5/2878 21230
7.43 8.31 7.88 4/2884 21265
7.43 8.31 7.88 7/2884 21292
7.43 8.31 7.88 5/2884 21320
7.43 8.31 7.88 4/2884 21347
7.39 8.29 7.88 6/2884 21374
7.39 8.29 7.88 7/2884 21401
7.39 8.29 7.88 4/2884 21428
7.39 8.29 7.88 4/2884 21455
7.39 8.29 7.88 3/2884 21483
7.84 8.36 7.91 4/2884 21510
7.84 8.36 7.91 3/2884 21537
7.84 8.36 7.91 2/2887 21564
7.84 8.36 7.91 4/2883 21591
