2649.46 14371.84
2650.45 14377.55
2651.46 14383.33
2652.46 14389.14
2653.45 14394.87
2654.46 14400.75
2655.45 14406.62
2656.45 14412.37
2657.46 14418.08
2658.46 14423.73
2659.47 14429.25
2660.46 14433.96
2661.46 14439.12
2662.46 14444.76
2663.46 14449.45
2664.45 14454.69
2665.46 14460.25
2666.45 14465.26
2667.45 14470.52
2668.45 14474.35
2669.47 14478.83
2670.45 14483.23
2671.46 14487.94
2672.46 14492.33
2673.47 14497.12
2674.48 14502.23
2675.46 14506.47
2676.45 14511.04
2677.45 14516.25
2678.46 14520.68
2679.46 14525.45
2680.45 14530.64
2681.45 14535.01
2682.46 14539.87
2683.45 14545.01
2684.45 14549.27
2685.45 14553.60
2686.46 14558.43
2687.46 14562.64
2688.46 14567.30
2689.45 14572.32
2690.45 14576.77
2691.45 14581.72
2692.46 14586.78
2693.47 14591.09
2694.46 14595.80
2695.46 14600.95
2696.46 14605.15
2697.46 14609.77
2698.46 14614.38
2699.46 14618.92
2700.46 14624.02
2701.46 14629.71
2702.48 14634.73
2703.45 14639.67
2704.45 14645.11
2705.46 14649.84
2706.45 14654.53
2707.46 14659.84
2708.45 14664.52
2709.45 14669.23
2710.46 14674.32
2711.45 14678.98
2712.45 14683.70
2713.45 14688.97
2714.46 14693.19
2715.46 14697.87
2716.45 14702.82
2717.45 14707.51
2718.46 14712.67
2719.46 14717.82
2720.45 14722.22
2721.45 14727.07
2722.46 14732.49
2723.45 14737.07
2724.46 14742.10
2725.45 14747.19
2726.46 14751.82
2727.46 14756.51
2728.46 14761.92
2729.45 14766.43
2730.46 14771.50
2731.46 14777.06
2732.46 14781.62
2733.45 14786.53
2734.45 14791.80
2735.45 14796.57
2736.45 14801.63
2737.45 14807.07
2738.46 14812.01
2739.46 14817.19
2740.46 14822.66
2741.46 14827.53
2742.46 14832.64
2743.46 14838.39
2744.48 14843.55
2745.46 14848.32
2746.48 14853.98
2747.58 14859.42
2748.46 14864.00
2749.51 14869.72
2750.46 14874.12
2751.47 14878.96
2752.46 14884.40
2753.46 14889.13
2754.46 14894.27
2755.45 14899.61
2756.47 14904.52
2757.45 14909.23
2758.45 14914.84
2759.46 14919.59
2760.46 14924.79
2761.46 14928.89
2762.46 14933.24
2763.45 14937.76
2764.45 14942.85
2765.46 14947.55
2766.45 14952.34
2767.45 14958.11
2768.46 14963.09
2769.45 14968.25
2770.45 14974.25
2771.45 14977.85
2772.46 14982.84
2773.47 14988.21
2774.46 14992.73
2775.46 14998.09
2776.45 15002.44
2777.45 15006.96
2778.45 15012.15
2779.45 15017.28
2780.46 15021.92
2781.45 15027.20
2782.46 15032.50
2783.45 15036.93
2784.45 15042.31
2785.45 15047.15
2786.45 15051.39
2787.45 15056.15
2788.45 15061.07
2789.47 15066.00
2790.45 15071.10
2791.46 15076.44
2792.46 15081.08
2793.45 15086.06
2794.45 15091.32
2795.46 15096.10
2796.45 15101.20
2797.45 15106.27
2798.45 15110.92
2799.46 15116.68
2800.46 15122.14
2801.45 15127.30
2802.45 15132.77
2803.45 15138.15
2804.45 15143.90
2805.46 15149.33
2806.46 15155.37
2807.46 15161.46
2808.45 15166.42
2809.45 15172.10
2810.46 15177.65
2811.46 15182.81
2812.46 15188.36
2813.46 15193.99
2814.46 15198.98
2815.45 15204.61
2816.45 15210.24
2817.46 15215.28
2818.45 15221.08
2819.45 15226.88
2820.45 15231.90
2821.46 15237.55
2822.46 15243.26
2823.46 15248.24
2824.46 15253.85
2825.46 15259.48
2826.45 15264.69
2827.46 15267.50
2828.47 15271.14
2829.46 15274.17
2830.46 15277.89
2831.45 15282.41
2832.46 15286.84
2833.46 15291.75
2834.46 15296.87
2835.45 15301.57
2836.45 15306.28
2837.45 15310.06
2838.46 15315.12
2839.46 15319.67
2840.46 15324.94
2841.45 15330.01
2842.46 15334.88
2843.46 15339.85
2844.46 15344.73
2845.46 15350.55
2846.46 15354.85
2847.45 15359.98
2848.45 15365.63
2849.46 15371.62
2850.46 15377.60
2851.46 15383.35
2852.46 15389.08
2853.45 15394.93
2854.46 15400.59
2855.45 15406.03
2856.45 15411.95
2857.46 15417.94
2858.46 15424.04
2859.46 15430.15
2860.45 15436.43
2861.46 15442.74
2862.45 15448.79
2863.45 15455.01
2864.45 15461.42
2865.45 15467.60
2866.46 15473.78
2867.46 15479.98
2868.46 15486.14
2869.46 15492.32
2870.45 15498.58
2871.45 15504.78
2872.45 15511.10
2873.45 15517.23
2874.45 15523.48
2875.45 15529.83
2876.46 15536.22
2877.46 15542.39
2878.45 15548.69
2879.45 15555.08
2880.45 15561.02
2881.47 15567.28
2882.46 15573.66
2883.46 15579.80
2884.45 15585.92
2885.46 15592.16
2886.45 15598.51
2887.45 15604.90
2888.46 15611.20
