255.17 1409.96
256.16 1415.82
257.16 1422.01
258.16 1428.08
259.16 1434.14
260.17 1440.56
261.17 1446.75
262.16 1452.83
263.17 1458.92
264.17 1464.46
265.16 1470.17
266.17 1475.58
267.17 1481.13
268.17 1486.60
269.17 1492.43
270.16 1498.13
271.17 1504.30
272.17 1510.32
273.16 1516.11
274.16 1522.00
275.16 1528.19
276.17 1534.32
277.17 1540.19
278.16 1546.19
279.16 1552.13
280.17 1558.12
281.18 1564.24
282.16 1570.13
283.17 1575.99
284.17 1582.02
285.17 1587.82
286.17 1593.87
287.17 1599.82
288.17 1605.48
289.16 1611.36
290.17 1617.38
291.17 1623.34
292.16 1629.30
293.17 1635.40
294.17 1641.02
295.17 1646.99
296.17 1652.33
297.16 1657.22
298.17 1662.76
299.17 1668.26
300.16 1673.66
301.17 1679.51
302.16 1685.54
303.17 1691.58
304.16 1697.40
305.18 1703.63
306.18 1709.78
307.17 1715.91
308.17 1722.18
309.17 1728.46
310.17 1734.56
311.18 1740.59
312.16 1746.58
313.18 1752.92
314.17 1758.97
315.17 1765.09
316.17 1770.96
317.17 1777.29
318.17 1783.58
319.17 1789.64
320.16 1795.89
321.16 1802.07
322.18 1808.08
323.17 1814.08
324.17 1819.93
325.17 1826.11
326.17 1831.67
327.16 1836.89
328.17 1842.70
329.18 1848.35
330.17 1853.79
331.17 1859.58
332.17 1865.10
333.17 1871.15
334.17 1877.04
335.16 1883.20
336.16 1889.32
337.17 1895.35
338.17 1901.39
339.17 1907.55
340.17 1913.51
341.18 1919.41
342.18 1925.34
343.17 1931.34
344.17 1937.41
345.17 1943.28
346.16 1949.30
347.16 1955.23
348.18 1961.19
349.18 1967.25
350.17 1973.27
351.17 1979.09
352.18 1985.10
353.17 1990.88
354.17 1996.69
355.17 2002.92
356.17 2008.75
357.16 2014.53
358.17 2020.32
359.16 2026.16
360.17 2031.26
361.17 2036.85
362.17 2042.26
363.18 2047.74
364.18 2053.26
365.16 2058.88
366.17 2064.66
367.18 2070.55
368.20 2076.73
369.17 2082.57
370.16 2088.11
371.17 2093.93
372.16 2099.37
373.17 2104.96
374.17 2110.64
375.17 2116.48
376.16 2122.02
377.16 2127.62
378.18 2133.33
379.17 2138.60
380.16 2144.15
381.17 2149.82
382.18 2155.47
383.17 2161.07
384.17 2167.11
385.17 2173.07
386.17 2178.96
387.17 2184.78
388.16 2190.56
389.18 2196.50
390.18 2201.67
391.17 2207.15
392.17 2212.64
393.17 2217.95
394.18 2223.43
395.18 2228.90
396.17 2234.47
397.17 2240.05
398.16 2245.81
399.18 2251.77
400.17 2257.54
401.17 2263.22
402.17 2269.20
403.17 2274.95
404.16 2280.59
405.17 2286.32
406.18 2292.10
407.17 2297.93
408.17 2303.70
409.16 2309.51
410.18 2315.52
411.17 2321.21
412.19 2327.00
413.17 2332.72
414.18 2338.45
415.17 2344.34
416.16 2350.24
417.17 2356.16
418.16 2361.90
419.18 2367.92
420.17 2373.80
421.18 2379.61
422.17 2385.38
423.16 2390.18
424.17 2395.45
425.16 2400.65
426.18 2406.21
427.17 2412.02
428.17 2417.92
429.17 2423.77
430.17 2429.74
431.16 2435.43
432.17 2441.34
433.16 2447.31
434.16 2453.24
435.17 2459.53
436.18 2465.71
437.17 2471.54
438.16 2477.86
439.16 2483.68
440.18 2489.77
441.18 2495.93
442.18 2501.78
443.16 2507.90
444.16 2513.96
445.18 2520.58
446.19 2526.74
447.17 2532.56
448.17 2538.33
449.16 2544.38
450.17 2550.46
451.17 2556.37
452.17 2562.34
453.17 2567.93
454.16 2573.70
455.17 2579.32
456.17 2584.38
457.17 2589.99
458.16 2595.54
459.17 2601.67
460.17 2607.87
461.17 2613.89
462.18 2619.79
463.17 2625.41
464.18 2631.49
465.16 2637.42
466.16 2643.47
467.16 2649.47
468.17 2655.65
469.17 2661.73
470.17 2667.82
471.18 2673.75
472.17 2679.59
473.17 2685.46
474.17 2691.24
475.17 2697.23
476.17 2703.33
477.16 2709.33
478.17 2715.29
479.17 2721.48
480.17 2727.36
481.17 2733.34
