02-28 13:20:40.717  5649  5649 I BatteryMgr:DataCollectionService: onStartCommand: begin
02-28 13:20:40.717  5649  5649 I BatteryMgr:DataCollectionService: onStartCommand: sampleRate => 1000
02-28 13:20:40.717  5649  5649 I BatteryMgr:DataCollectionService: onStartCommand: rawFields => Timestamp,BATTERY_PROPERTY_CURRENT_NOW,EXTRA_VOLTAGE
02-28 13:20:40.721  5649  5649 I BatteryMgr:DataCollectionService: onStartCommand: notification done
02-28 13:20:40.725  5649  5649 I BatteryMgr:DataCollectionService: started foreground
02-28 13:20:40.728  5649  6439 I BatteryMgr:DataCollectionService: collectData: begin
02-28 13:20:40.731  5649  6439 I BatteryMgr:DataCollectionService: stats => 1709122840731,-2525877,3620
02-28 13:20:41.735  5649  6439 I BatteryMgr:DataCollectionService: stats => 1709122841734,-2531736,3620
02-28 13:20:42.737  5649  6439 I BatteryMgr:DataCollectionService: stats => 1709122842737,-2587889,3620
02-28 13:20:43.741  5649  6439 I BatteryMgr:DataCollectionService: stats => 1709122843741,-2312498,3620
02-28 13:20:44.744  5649  6439 I BatteryMgr:DataCollectionService: stats => 1709122844744,-2231932,3647
02-28 13:20:45.752  5649  6439 I BatteryMgr:DataCollectionService: stats => 1709122845752,-2217772,3647
02-28 13:20:46.755  5649  6439 I BatteryMgr:DataCollectionService: stats => 1709122846755,-2281248,3647
02-28 13:20:47.759  5649  6439 I BatteryMgr:DataCollectionService: stats => 1709122847758,-2199705,3649
02-28 13:20:48.766  5649  6439 I BatteryMgr:DataCollectionService: stats => 1709122848766,-2245116,3649
02-28 13:20:49.769  5649  6439 I BatteryMgr:DataCollectionService: stats => 1709122849769,-2425291,3649
02-28 13:20:50.776  5649  6439 I BatteryMgr:DataCollectionService: stats => 1709122850776,-2701170,3649
02-28 13:20:51.778  5649  6439 I BatteryMgr:DataCollectionService: stats => 1709122851778,-2703611,3649
02-28 13:20:52.783  5649  6439 I BatteryMgr:DataCollectionService: stats => 1709122852783,-2744139,3649
02-28 13:20:53.789  5649  6439 I BatteryMgr:DataCollectionService: stats => 1709122853789,-2677244,3649
02-28 13:20:54.793  5649  6439 I BatteryMgr:DataCollectionService: stats => 1709122854793,-2636717,3624
02-28 13:20:55.800  5649  6439 I BatteryMgr:DataCollectionService: stats => 1709122855800,-2671385,3624
02-28 13:20:56.804  5649  6439 I BatteryMgr:DataCollectionService: stats => 1709122856804,-2728025,3624
02-28 13:20:57.807  5649  6439 I BatteryMgr:DataCollectionService: stats => 1709122857807,-2306151,3624
02-28 13:20:58.810  5649  6439 I BatteryMgr:DataCollectionService: stats => 1709122858810,-2566893,3624
02-28 13:20:59.813  5649  6439 I BatteryMgr:DataCollectionService: stats => 1709122859812,-2730467,3624
02-28 13:21:00.816  5649  6439 I BatteryMgr:DataCollectionService: stats => 1709122860816,-2656736,3624
02-28 13:21:01.820  5649  6439 I BatteryMgr:DataCollectionService: stats => 1709122861820,-2721190,3624
02-28 13:21:02.826  5649  6439 I BatteryMgr:DataCollectionService: stats => 1709122862826,-2740232,3624
02-28 13:21:03.836  5649  6439 I BatteryMgr:DataCollectionService: stats => 1709122863836,-2685545,3624
02-28 13:21:04.840  5649  6439 I BatteryMgr:DataCollectionService: stats => 1709122864840,-2666502,3621
02-28 13:21:05.851  5649  6439 I BatteryMgr:DataCollectionService: stats => 1709122865851,-2704588,3621
02-28 13:21:06.854  5649  6439 I BatteryMgr:DataCollectionService: stats => 1709122866854,-2651365,3621
02-28 13:21:07.857  5649  6439 I BatteryMgr:DataCollectionService: stats => 1709122867857,-2697752,3621
02-28 13:21:08.860  5649  6439 I BatteryMgr:DataCollectionService: stats => 1709122868860,-2700682,3621
02-28 13:21:09.865  5649  6439 I BatteryMgr:DataCollectionService: stats => 1709122869865,-2664549,3621
02-28 13:21:10.878  5649  6439 I BatteryMgr:DataCollectionService: stats => 1709122870878,-2702635,3621
02-28 13:21:11.883  5649  6439 I BatteryMgr:DataCollectionService: stats => 1709122871883,-2670408,3621
02-28 13:21:12.887  5649  6439 I BatteryMgr:DataCollectionService: stats => 1709122872887,-2691893,3621
02-28 13:21:13.896  5649  6439 I BatteryMgr:DataCollectionService: stats => 1709122873896,-2712889,3621
02-28 13:21:14.899  5649  6439 I BatteryMgr:DataCollectionService: stats => 1709122874899,-2684080,3617
02-28 13:21:15.902  5649  6439 I BatteryMgr:DataCollectionService: stats => 1709122875902,-2678221,3617
02-28 13:21:16.916  5649  6439 I BatteryMgr:DataCollectionService: stats => 1709122876916,-2743162,3618
02-28 13:21:17.922  5649  6439 I BatteryMgr:DataCollectionService: stats => 1709122877922,-2683592,3618
02-28 13:21:18.926  5649  6439 I BatteryMgr:DataCollectionService: stats => 1709122878926,-2705076,3618
02-28 13:21:19.931  5649  6439 I BatteryMgr:DataCollectionService: stats => 1709122879931,-2705076,3618
02-28 13:21:20.934  5649  6439 I BatteryMgr:DataCollectionService: stats => 1709122880934,-2684080,3618
02-28 13:21:21.936  5649  6439 I BatteryMgr:DataCollectionService: stats => 1709122881936,-2260741,3618
02-28 13:21:22.943  5649  6439 I BatteryMgr:DataCollectionService: stats => 1709122882942,-2607420,3618
02-28 13:21:23.946  5649  6439 I BatteryMgr:DataCollectionService: stats => 1709122883946,-2699217,3618
02-28 13:21:24.958  5649  6439 I BatteryMgr:DataCollectionService: stats => 1709122884958,-2719725,3615
02-28 13:21:25.966  5649  6439 I BatteryMgr:DataCollectionService: stats => 1709122885965,-2728025,3615
02-28 13:21:26.968  5649  6439 I BatteryMgr:DataCollectionService: stats => 1709122886968,-2674803,3615
02-28 13:21:27.970  5649  6439 I BatteryMgr:DataCollectionService: stats => 1709122887970,-2676268,3615
02-28 13:21:28.974  5649  6439 I BatteryMgr:DataCollectionService: stats => 1709122888974,-2715330,3615
02-28 13:21:29.978  5649  6439 I BatteryMgr:DataCollectionService: stats => 1709122889978,-2633299,3615
02-28 13:21:30.983  5649  6439 I BatteryMgr:DataCollectionService: stats => 1709122890983,-2713865,3615
02-28 13:21:31.994  5649  6439 I BatteryMgr:DataCollectionService: stats => 1709122891994,-2702635,3615
02-28 13:21:32.997  5649  6439 I BatteryMgr:DataCollectionService: stats => 1709122892997,-2657713,3615
02-28 13:21:34.001  5649  6439 I BatteryMgr:DataCollectionService: stats => 1709122894000,-2666014,3615
02-28 13:21:35.007  5649  6439 I BatteryMgr:DataCollectionService: stats => 1709122895007,-2721190,3617
02-28 13:21:36.011  5649  6439 I BatteryMgr:DataCollectionService: stats => 1709122896011,-2690916,3617
02-28 13:21:37.016  5649  6439 I BatteryMgr:DataCollectionService: stats => 1709122897015,-2732420,3617
02-28 13:21:38.020  5649  6439 I BatteryMgr:DataCollectionService: stats => 1709122898020,-2717772,3617
02-28 13:21:39.024  5649  6439 I BatteryMgr:DataCollectionService: stats => 1709122899024,-2717283,3617
02-28 13:21:40.027  5649  6439 I BatteryMgr:DataCollectionService: stats => 1709122900027,-2730955,3617
02-28 13:21:41.045  5649  6439 I BatteryMgr:DataCollectionService: stats => 1709122901045,-2719236,3617
02-28 13:21:42.048  5649  6439 I BatteryMgr:DataCollectionService: stats => 1709122902048,-2700193,3617
02-28 13:21:43.050  5649  6439 I BatteryMgr:DataCollectionService: stats => 1709122903050,-2740721,3617
02-28 13:21:44.054  5649  6439 I BatteryMgr:DataCollectionService: stats => 1709122904054,-2715818,3617
02-28 13:21:45.057  5649  6439 I BatteryMgr:DataCollectionService: stats => 1709122905057,-2745115,3614
02-28 13:21:46.062  5649  6439 I BatteryMgr:DataCollectionService: stats => 1709122906062,-2725096,3614
02-28 13:21:47.069  5649  6439 I BatteryMgr:DataCollectionService: stats => 1709122907069,-2695311,3614
02-28 13:21:48.075  5649  6439 I BatteryMgr:DataCollectionService: stats => 1709122908075,-2663572,3614
02-28 13:21:49.077  5649  6439 I BatteryMgr:DataCollectionService: stats => 1709122909077,-2705565,3614
02-28 13:21:50.092  5649  6439 I BatteryMgr:DataCollectionService: stats => 1709122910092,-2728514,3614
02-28 13:21:51.095  5649  6439 I BatteryMgr:DataCollectionService: stats => 1709122911095,-2669920,3614
02-28 13:21:52.101  5649  6439 I BatteryMgr:DataCollectionService: stats => 1709122912101,-2719725,3614
02-28 13:21:53.107  5649  6439 I BatteryMgr:DataCollectionService: stats => 1709122913107,-2668455,3614
02-28 13:21:54.112  5649  6439 I BatteryMgr:DataCollectionService: stats => 1709122914112,-2714842,3614
02-28 13:21:55.117  5649  6439 I BatteryMgr:DataCollectionService: stats => 1709122915117,-2747557,3613
02-28 13:21:56.121  5649  6439 I BatteryMgr:DataCollectionService: stats => 1709122916121,-2733397,3613
02-28 13:21:57.131  5649  6439 I BatteryMgr:DataCollectionService: stats => 1709122917131,-2650877,3613
02-28 13:21:58.134  5649  6439 I BatteryMgr:DataCollectionService: stats => 1709122918134,-2707029,3613
02-28 13:21:59.138  5649  6439 I BatteryMgr:DataCollectionService: stats => 1709122919138,-2673826,3613
02-28 13:22:00.147  5649  6439 I BatteryMgr:DataCollectionService: stats => 1709122920147,-2687498,3613
02-28 13:22:01.151  5649  6439 I BatteryMgr:DataCollectionService: stats => 1709122921151,-2695311,3614
02-28 13:22:02.159  5649  6439 I BatteryMgr:DataCollectionService: stats => 1709122922159,-2710936,3614
02-28 13:22:03.162  5649  6439 I BatteryMgr:DataCollectionService: stats => 1709122923162,-2630369,3614
02-28 13:22:04.167  5649  6439 I BatteryMgr:DataCollectionService: stats => 1709122924167,-2691404,3614
02-28 13:22:05.170  5649  6439 I BatteryMgr:DataCollectionService: stats => 1709122925170,-2710447,3613
02-28 13:22:06.178  5649  6439 I BatteryMgr:DataCollectionService: stats => 1709122926178,-2669432,3613
02-28 13:22:07.182  5649  6439 I BatteryMgr:DataCollectionService: stats => 1709122927182,-2703123,3613
02-28 13:22:08.186  5649  6439 I BatteryMgr:DataCollectionService: stats => 1709122928186,-2737791,3613
02-28 13:22:09.196  5649  6439 I BatteryMgr:DataCollectionService: stats => 1709122929195,-2684568,3613
02-28 13:22:10.200  5649  6439 I BatteryMgr:DataCollectionService: stats => 1709122930199,-2724119,3613
02-28 13:22:11.204  5649  6439 I BatteryMgr:DataCollectionService: stats => 1709122931204,-2692869,3613
02-28 13:22:12.211  5649  6439 I BatteryMgr:DataCollectionService: stats => 1709122932210,-2729490,3613
02-28 13:22:13.214  5649  6439 I BatteryMgr:DataCollectionService: stats => 1709122933214,-2690428,3613
02-28 13:22:14.221  5649  6439 I BatteryMgr:DataCollectionService: stats => 1709122934220,-2709959,3613
02-28 13:22:15.229  5649  6439 I BatteryMgr:DataCollectionService: stats => 1709122935229,-2723143,3611
02-28 13:22:16.236  5649  6439 I BatteryMgr:DataCollectionService: stats => 1709122936236,-2683104,3611
02-28 13:22:17.240  5649  6439 I BatteryMgr:DataCollectionService: stats => 1709122937240,-2719236,3611
02-28 13:22:18.251  5649  6439 I BatteryMgr:DataCollectionService: stats => 1709122938251,-2680662,3611
02-28 13:22:19.254  5649  6439 I BatteryMgr:DataCollectionService: stats => 1709122939254,-2705565,3611
02-28 13:22:20.258  5649  6439 I BatteryMgr:DataCollectionService: stats => 1709122940258,-2670897,3613
02-28 13:22:21.269  5649  6439 I BatteryMgr:DataCollectionService: stats => 1709122941268,-2713377,3613
02-28 13:22:22.273  5649  6439 I BatteryMgr:DataCollectionService: stats => 1709122942273,-2683592,3613
02-28 13:22:23.278  5649  6439 I BatteryMgr:DataCollectionService: stats => 1709122943278,-2699217,3613
02-28 13:22:24.284  5649  6439 I BatteryMgr:DataCollectionService: stats => 1709122944284,-2708006,3613
02-28 13:22:25.286  5649  6439 I BatteryMgr:DataCollectionService: stats => 1709122945286,-2716795,3610
02-28 13:22:26.291  5649  6439 I BatteryMgr:DataCollectionService: stats => 1709122946290,-2698729,3610
02-28 13:22:27.294  5649  6439 I BatteryMgr:DataCollectionService: stats => 1709122947294,-2686033,3610
02-28 13:22:28.298  5649  6439 I BatteryMgr:DataCollectionService: stats => 1709122948298,-2702635,3610
02-28 13:22:29.307  5649  6439 I BatteryMgr:DataCollectionService: stats => 1709122949307,-2735350,3610
02-28 13:22:30.317  5649  6439 I BatteryMgr:DataCollectionService: stats => 1709122950317,-2690428,3610
02-28 13:22:31.321  5649  6439 I BatteryMgr:DataCollectionService: stats => 1709122951320,-2675779,3610
02-28 13:22:32.326  5649  6439 I BatteryMgr:DataCollectionService: stats => 1709122952325,-2693846,3610
02-28 13:22:33.329  5649  6439 I BatteryMgr:DataCollectionService: stats => 1709122953329,-2696775,3610
02-28 13:22:34.331  5649  6439 I BatteryMgr:DataCollectionService: stats => 1709122954331,-2655272,3610
02-28 13:22:35.334  5649  6439 I BatteryMgr:DataCollectionService: stats => 1709122955334,-2743162,3612
02-28 13:22:36.355  5649  6439 I BatteryMgr:DataCollectionService: stats => 1709122956355,-2703123,3612
02-28 13:22:37.357  5649  6439 I BatteryMgr:DataCollectionService: stats => 1709122957357,-2642576,3612
02-28 13:22:38.360  5649  6439 I BatteryMgr:DataCollectionService: stats => 1709122958360,-2585936,3612
02-28 13:22:39.369  5649  6439 I BatteryMgr:DataCollectionService: stats => 1709122959369,-2670897,3611
02-28 13:22:40.373  5649  6439 I BatteryMgr:DataCollectionService: stats => 1709122960373,-2676268,3611
02-28 13:22:41.378  5649  6439 I BatteryMgr:DataCollectionService: stats => 1709122961378,-2644041,3611
02-28 13:22:42.385  5649  6439 I BatteryMgr:DataCollectionService: stats => 1709122962385,-2646971,3611
02-28 13:22:43.388  5649  6439 I BatteryMgr:DataCollectionService: stats => 1709122963388,-2726072,3611
02-28 13:22:44.397  5649  6439 I BatteryMgr:DataCollectionService: stats => 1709122964397,-2618651,3611
02-28 13:22:45.401  5649  6439 I BatteryMgr:DataCollectionService: stats => 1709122965401,-2663572,3611
02-28 13:22:46.404  5649  6439 I BatteryMgr:DataCollectionService: stats => 1709122966404,-2687986,3611
02-28 13:22:47.413  5649  6439 I BatteryMgr:DataCollectionService: stats => 1709122967413,-2711912,3611
02-28 13:22:48.417  5649  6439 I BatteryMgr:DataCollectionService: stats => 1709122968417,-2687986,3611
02-28 13:22:49.422  5649  6439 I BatteryMgr:DataCollectionService: stats => 1709122969422,-2655272,3611
02-28 13:22:50.429  5649  6439 I BatteryMgr:DataCollectionService: stats => 1709122970429,-2677244,3611
02-28 13:22:51.433  5649  6439 I BatteryMgr:DataCollectionService: stats => 1709122971433,-2755369,3611
02-28 13:22:52.437  5649  6439 I BatteryMgr:DataCollectionService: stats => 1709122972437,-2654295,3611
02-28 13:22:53.446  5649  6439 I BatteryMgr:DataCollectionService: stats => 1709122973445,-2698729,3611
02-28 13:22:54.448  5649  6439 I BatteryMgr:DataCollectionService: stats => 1709122974448,-2700193,3611
02-28 13:22:55.451  5649  6439 I BatteryMgr:DataCollectionService: stats => 1709122975451,-2698240,3608
02-28 13:22:56.455  5649  6439 I BatteryMgr:DataCollectionService: stats => 1709122976455,-2713865,3608
02-28 13:22:57.465  5649  6439 I BatteryMgr:DataCollectionService: stats => 1709122977465,-2635252,3608
02-28 13:22:58.469  5649  6439 I BatteryMgr:DataCollectionService: stats => 1709122978469,-2654783,3608
02-28 13:22:59.473  5649  6439 I BatteryMgr:DataCollectionService: stats => 1709122979473,-2709959,3608
02-28 13:23:00.477  5649  6439 I BatteryMgr:DataCollectionService: stats => 1709122980477,-2714842,3608
02-28 13:23:01.480  5649  6439 I BatteryMgr:DataCollectionService: stats => 1709122981480,-2696775,3608
02-28 13:23:02.483  5649  6439 I BatteryMgr:DataCollectionService: stats => 1709122982482,-2699217,3608
02-28 13:23:03.486  5649  6439 I BatteryMgr:DataCollectionService: stats => 1709122983486,-2724607,3608
02-28 13:23:04.489  5649  6439 I BatteryMgr:DataCollectionService: stats => 1709122984489,-2681150,3608
02-28 13:23:05.492  5649  6439 I BatteryMgr:DataCollectionService: stats => 1709122985492,-2685545,3608
02-28 13:23:06.496  5649  6439 I BatteryMgr:DataCollectionService: stats => 1709122986496,-2715818,3608
02-28 13:23:07.501  5649  6439 I BatteryMgr:DataCollectionService: stats => 1709122987501,-2656736,3608
02-28 13:23:08.504  5649  6439 I BatteryMgr:DataCollectionService: stats => 1709122988504,-2724119,3608
02-28 13:23:09.510  5649  6439 I BatteryMgr:DataCollectionService: stats => 1709122989510,-2692869,3608
02-28 13:23:10.517  5649  6439 I BatteryMgr:DataCollectionService: stats => 1709122990517,-2677244,3608
02-28 13:23:11.521  5649  6439 I BatteryMgr:DataCollectionService: stats => 1709122991521,-2674803,3608
02-28 13:23:12.523  5649  6439 I BatteryMgr:DataCollectionService: stats => 1709122992523,-2680662,3608
02-28 13:23:13.527  5649  6439 I BatteryMgr:DataCollectionService: stats => 1709122993527,-2700682,3608
02-28 13:23:14.530  5649  6439 I BatteryMgr:DataCollectionService: stats => 1709122994530,-2644041,3608
02-28 13:23:15.535  5649  6439 I BatteryMgr:DataCollectionService: stats => 1709122995535,-2749022,3603
02-28 13:23:16.538  5649  6439 I BatteryMgr:DataCollectionService: stats => 1709122996538,-2693846,3603
02-28 13:23:17.542  5649  6439 I BatteryMgr:DataCollectionService: stats => 1709122997542,-2710447,3606
02-28 13:23:18.545  5649  6439 I BatteryMgr:DataCollectionService: stats => 1709122998545,-2699217,3606
02-28 13:23:19.549  5649  6439 I BatteryMgr:DataCollectionService: stats => 1709122999549,-2677244,3606
02-28 13:23:20.554  5649  6439 I BatteryMgr:DataCollectionService: stats => 1709123000554,-2720213,3606
02-28 13:23:21.556  5649  6439 I BatteryMgr:DataCollectionService: stats => 1709123001556,-2728514,3606
02-28 13:23:22.560  5649  6439 I BatteryMgr:DataCollectionService: stats => 1709123002560,-2710936,3606
02-28 13:23:23.563  5649  6439 I BatteryMgr:DataCollectionService: stats => 1709123003563,-2809080,3606
02-28 13:23:24.566  5649  6439 I BatteryMgr:DataCollectionService: stats => 1709123004566,-2682127,3600
02-28 13:23:25.570  5649  6439 I BatteryMgr:DataCollectionService: stats => 1709123005570,-2710447,3606
02-28 13:23:26.575  5649  6439 I BatteryMgr:DataCollectionService: stats => 1709123006575,-2688475,3606
02-28 13:23:27.579  5649  6439 I BatteryMgr:DataCollectionService: stats => 1709123007579,-2653807,3606
02-28 13:23:28.582  5649  6439 I BatteryMgr:DataCollectionService: stats => 1709123008582,-2714354,3606
02-28 13:23:29.585  5649  6439 I BatteryMgr:DataCollectionService: stats => 1709123009585,-2713865,3606
02-28 13:23:30.589  5649  6439 I BatteryMgr:DataCollectionService: stats => 1709123010589,-2663572,3606
02-28 13:23:31.593  5649  6439 I BatteryMgr:DataCollectionService: stats => 1709123011593,-2676268,3606
02-28 13:23:32.596  5649  6439 I BatteryMgr:DataCollectionService: stats => 1709123012595,-2691893,3606
02-28 13:23:33.601  5649  6439 I BatteryMgr:DataCollectionService: stats => 1709123013601,-2664549,3606
02-28 13:23:34.603  5649  6439 I BatteryMgr:DataCollectionService: stats => 1709123014603,-2646971,3606
02-28 13:23:35.606  5649  6439 I BatteryMgr:DataCollectionService: stats => 1709123015606,-2769529,3608
02-28 13:23:36.609  5649  6439 I BatteryMgr:DataCollectionService: stats => 1709123016609,-2686522,3608
02-28 13:23:37.614  5649  6439 I BatteryMgr:DataCollectionService: stats => 1709123017614,-2653807,3608
02-28 13:23:38.621  5649  6439 I BatteryMgr:DataCollectionService: stats => 1709123018621,-2765135,3608
02-28 13:23:39.624  5649  6439 I BatteryMgr:DataCollectionService: stats => 1709123019624,-2743162,3608
02-28 13:23:40.626  5649  6439 I BatteryMgr:DataCollectionService: stats => 1709123020626,-2742674,3608
02-28 13:23:41.630  5649  6439 I BatteryMgr:DataCollectionService: stats => 1709123021629,-2726072,3608
02-28 13:23:42.633  5649  6439 I BatteryMgr:DataCollectionService: stats => 1709123022633,-2657713,3608
02-28 13:23:43.637  5649  6439 I BatteryMgr:DataCollectionService: stats => 1709123023637,-2680662,3608
02-28 13:23:44.641  5649  6439 I BatteryMgr:DataCollectionService: stats => 1709123024640,-2721678,3608
02-28 13:23:45.643  5649  6439 I BatteryMgr:DataCollectionService: stats => 1709123025643,-2708982,3603
02-28 13:23:46.646  5649  6439 I BatteryMgr:DataCollectionService: stats => 1709123026646,-2677244,3603
02-28 13:23:47.656  5649  6439 I BatteryMgr:DataCollectionService: stats => 1709123027656,-2701170,3603
02-28 13:23:48.663  5649  6439 I BatteryMgr:DataCollectionService: stats => 1709123028663,-2701658,3603
02-28 13:23:49.667  5649  6439 I BatteryMgr:DataCollectionService: stats => 1709123029666,-2691893,3603
02-28 13:23:50.671  5649  6439 I BatteryMgr:DataCollectionService: stats => 1709123030671,-2678221,3603
02-28 13:23:51.675  5649  6439 I BatteryMgr:DataCollectionService: stats => 1709123031675,-2654295,3603
02-28 13:23:52.679  5649  6439 I BatteryMgr:DataCollectionService: stats => 1709123032679,-2614744,3603
02-28 13:23:53.684  5649  6439 I BatteryMgr:DataCollectionService: stats => 1709123033683,-2735838,3603
02-28 13:23:54.688  5649  6439 I BatteryMgr:DataCollectionService: stats => 1709123034688,-2697752,3603
02-28 13:23:55.695  5649  6439 I BatteryMgr:DataCollectionService: stats => 1709123035695,-2712400,3603
02-28 13:23:56.698  5649  6439 I BatteryMgr:DataCollectionService: stats => 1709123036698,-2757322,3603
02-28 13:23:57.702  5649  6439 I BatteryMgr:DataCollectionService: stats => 1709123037702,-2740232,3603
02-28 13:23:58.705  5649  6439 I BatteryMgr:DataCollectionService: stats => 1709123038705,-2684568,3603
02-28 13:23:59.708  5649  6439 I BatteryMgr:DataCollectionService: stats => 1709123039708,-2771971,3603
02-28 13:24:00.712  5649  6439 I BatteryMgr:DataCollectionService: stats => 1709123040712,-2707518,3603
02-28 13:24:01.719  5649  6439 I BatteryMgr:DataCollectionService: stats => 1709123041718,-2704100,3603
02-28 13:24:02.721  5649  6439 I BatteryMgr:DataCollectionService: stats => 1709123042721,-2760740,3603
02-28 13:24:03.724  5649  6439 I BatteryMgr:DataCollectionService: stats => 1709123043724,-2694334,3603
02-28 13:24:04.727  5649  6439 I BatteryMgr:DataCollectionService: stats => 1709123044727,-2705076,3603
02-28 13:24:05.736  5649  6439 I BatteryMgr:DataCollectionService: stats => 1709123045736,-2716307,3603
02-28 13:24:06.740  5649  6439 I BatteryMgr:DataCollectionService: stats => 1709123046740,-2676756,3603
02-28 13:24:07.757  5649  6439 I BatteryMgr:DataCollectionService: stats => 1709123047757,-2700193,3603
02-28 13:24:08.761  5649  6439 I BatteryMgr:DataCollectionService: stats => 1709123048761,-2741209,3603
02-28 13:24:09.775  5649  6439 I BatteryMgr:DataCollectionService: stats => 1709123049775,-2643065,3603
02-28 13:24:10.778  5649  6439 I BatteryMgr:DataCollectionService: stats => 1709123050778,-2736815,3603
02-28 13:24:11.781  5649  6439 I BatteryMgr:DataCollectionService: stats => 1709123051781,-2739744,3603
02-28 13:24:12.784  5649  6439 I BatteryMgr:DataCollectionService: stats => 1709123052784,-2695799,3603
02-28 13:24:13.788  5649  6439 I BatteryMgr:DataCollectionService: stats => 1709123053788,-2642088,3603
02-28 13:24:14.804  5649  6439 I BatteryMgr:DataCollectionService: stats => 1709123054804,-2719725,3602
02-28 13:24:15.807  5649  6439 I BatteryMgr:DataCollectionService: stats => 1709123055807,-2708006,3602
02-28 13:24:16.816  5649  6439 I BatteryMgr:DataCollectionService: stats => 1709123056816,-2695311,3602
02-28 13:24:17.819  5649  6439 I BatteryMgr:DataCollectionService: stats => 1709123057819,-2740232,3602
02-28 13:24:18.825  5649  6439 I BatteryMgr:DataCollectionService: stats => 1709123058825,-2661619,3602
02-28 13:24:19.828  5649  6439 I BatteryMgr:DataCollectionService: stats => 1709123059828,-2700193,3602
02-28 13:24:20.831  5649  6439 I BatteryMgr:DataCollectionService: stats => 1709123060831,-2740721,3602
02-28 13:24:21.835  5649  6439 I BatteryMgr:DataCollectionService: stats => 1709123061835,-2644041,3602
02-28 13:24:22.838  5649  6439 I BatteryMgr:DataCollectionService: stats => 1709123062838,-2730955,3602
02-28 13:24:23.841  5649  6439 I BatteryMgr:DataCollectionService: stats => 1709123063841,-2780760,3602
02-28 13:24:24.853  5649  6439 I BatteryMgr:DataCollectionService: stats => 1709123064853,-2708494,3602
02-28 13:24:25.859  5649  6439 I BatteryMgr:DataCollectionService: stats => 1709123065859,-2793943,3602
02-28 13:24:26.867  5649  6439 I BatteryMgr:DataCollectionService: stats => 1709123066867,-2722654,3602
02-28 13:24:27.873  5649  6439 I BatteryMgr:DataCollectionService: stats => 1709123067873,-2767576,3600
02-28 13:24:28.880  5649  6439 I BatteryMgr:DataCollectionService: stats => 1709123068880,-2784666,3600
02-28 13:24:29.884  5649  6439 I BatteryMgr:DataCollectionService: stats => 1709123069883,-2805174,3600
02-28 13:24:30.887  5649  6439 I BatteryMgr:DataCollectionService: stats => 1709123070886,-2720213,3600
02-28 13:24:31.898  5649  6439 I BatteryMgr:DataCollectionService: stats => 1709123071898,-2711424,3600
02-28 13:24:32.902  5649  6439 I BatteryMgr:DataCollectionService: stats => 1709123072902,-2676268,3602
02-28 13:24:33.905  5649  6439 I BatteryMgr:DataCollectionService: stats => 1709123073904,-2308104,3602
02-28 13:24:34.909  5649  6439 I BatteryMgr:DataCollectionService: stats => 1709123074908,-2696775,3601
02-28 13:24:35.913  5649  6439 I BatteryMgr:DataCollectionService: stats => 1709123075913,-2735350,3601
02-28 13:24:36.916  5649  6439 I BatteryMgr:DataCollectionService: stats => 1709123076916,-2690916,3601
02-28 13:24:37.919  5649  6439 I BatteryMgr:DataCollectionService: stats => 1709123077919,-2648924,3601
02-28 13:24:38.924  5649  6439 I BatteryMgr:DataCollectionService: stats => 1709123078923,-2759764,3601
02-28 13:24:39.930  5649  6439 I BatteryMgr:DataCollectionService: stats => 1709123079930,-2711424,3601
02-28 13:24:40.939  5649  6439 I BatteryMgr:DataCollectionService: stats => 1709123080939,-2708494,3601
02-28 13:24:41.943  5649  6439 I BatteryMgr:DataCollectionService: stats => 1709123081943,-2752439,3601
02-28 13:24:42.949  5649  6439 I BatteryMgr:DataCollectionService: stats => 1709123082948,-2754393,3601
