4503.82 25894.15
4504.83 25899.91
4505.81 25905.84
4506.81 25911.94
4507.81 25918.01
4508.81 25923.80
4509.81 25929.78
4510.81 25935.78
4511.83 25941.98
4512.81 25947.44
4513.82 25953.41
4514.81 25959.17
4515.81 25965.20
4516.83 25971.33
4517.82 25977.29
4518.82 25983.19
4519.81 25988.52
4520.81 25994.21
4521.82 26000.29
4522.82 26006.73
4523.82 26012.75
4524.81 26019.16
4525.82 26025.59
4526.80 26031.62
4527.81 26037.93
4528.80 26044.01
4529.81 26050.41
4530.81 26056.81
4531.82 26063.03
4532.82 26069.34
4533.82 26075.34
4534.82 26081.42
4535.82 26087.84
4536.82 26093.88
4537.82 26100.07
4538.82 26106.15
4539.82 26112.24
4540.82 26118.44
4541.82 26124.73
4542.82 26130.94
4543.82 26137.14
4544.82 26143.29
4545.81 26149.37
4546.81 26155.54
4547.82 26161.76
4548.81 26167.89
4549.81 26174.03
4550.81 26180.28
4551.81 26186.38
4552.81 26192.50
4553.81 26198.64
4554.83 26204.73
4555.82 26210.62
4556.83 26216.68
4557.83 26222.72
4558.84 26228.90
4559.81 26234.86
4560.81 26241.01
4561.81 26247.18
4562.81 26253.13
4563.81 26259.08
4564.81 26265.30
4565.81 26271.37
4566.82 26277.67
4567.82 26283.69
4568.82 26289.66
4569.82 26295.79
4570.81 26301.88
4571.81 26308.05
4572.81 26314.04
4573.82 26319.95
4574.82 26325.99
4575.81 26331.85
4576.81 26337.77
4577.82 26343.93
4578.82 26349.66
4579.81 26355.57
4580.80 26361.39
4581.80 26367.20
4582.82 26373.10
4583.82 26378.84
4584.80 26384.61
4585.80 26390.27
4586.80 26396.15
4587.82 26402.21
4588.82 26407.93
4589.82 26413.78
4590.82 26419.61
4591.82 26425.34
4592.81 26431.17
4593.81 26436.68
4594.81 26442.32
4595.83 26447.98
4596.81 26453.64
4597.82 26459.19
4598.81 26464.84
4599.81 26470.36
4600.81 26475.83
4601.81 26481.29
4602.81 26486.70
4603.83 26492.38
4604.81 26497.68
4605.82 26503.25
4606.81 26508.83
4607.82 26514.43
4608.81 26519.76
4609.82 26525.30
4610.81 26530.77
4611.81 26536.33
4612.81 26541.83
4613.82 26547.42
4614.82 26552.96
4615.82 26558.80
4616.81 26564.79
4617.81 26570.92
4618.82 26577.17
4619.82 26583.10
4620.82 26589.12
4621.82 26595.11
4622.82 26600.99
4623.82 26606.71
4624.82 26612.84
4625.82 26618.94
4626.82 26624.88
4627.82 26630.84
4628.82 26636.75
4629.82 26642.78
4630.82 26648.60
4631.82 26654.59
4632.82 26660.58
4633.82 26666.28
4634.81 26672.40
4635.82 26678.46
4636.81 26684.59
4637.81 26690.62
4638.81 26696.74
4639.81 26702.87
4640.81 26708.87
4641.83 26714.82
4642.81 26720.76
4643.81 26726.69
4644.82 26732.59
4645.82 26738.30
4646.82 26744.00
4647.83 26749.74
4648.81 26755.07
4649.81 26760.75
4650.81 26766.44
4651.81 26771.97
4652.82 26777.54
4653.82 26783.18
4654.81 26789.05
4655.81 26794.99
4656.81 26800.88
4657.81 26806.73
4658.82 26812.56
4659.80 26818.32
4660.82 26824.23
4661.82 26830.27
4662.81 26836.40
4663.81 26842.45
4664.81 26848.41
4665.82 26854.49
4666.82 26860.64
4667.82 26866.53
4668.82 26872.53
4669.82 26878.67
4670.82 26884.50
4671.82 26890.55
4672.80 26896.54
4673.80 26902.61
4674.82 26908.36
4675.82 26914.22
4676.81 26920.36
4677.82 26926.27
4678.82 26932.26
4679.81 26938.51
4680.81 26944.47
4681.81 26950.47
4682.83 26956.49
4683.81 26962.07
4684.81 26968.07
4685.81 26974.23
4686.81 26980.34
4687.82 26986.33
4688.83 26992.15
4689.82 26998.11
4690.81 27003.95
4691.82 27009.98
4692.81 27016.06
4693.81 27022.14
4694.82 27028.34
4695.81 27034.65
4696.81 27040.80
4697.82 27046.90
4698.82 27053.01
4699.81 27058.99
4700.81 27065.09
4701.81 27071.17
4702.82 27077.43
4703.82 27083.62
4704.82 27089.73
4705.82 27095.94
4706.82 27101.91
4707.81 27107.77
4708.82 27113.94
4709.82 27119.92
4710.82 27126.02
4711.82 27132.04
4712.82 27138.05
4713.82 27144.01
4714.82 27150.19
4715.82 27156.24
4716.82 27162.42
4717.82 27168.56
4718.82 27174.48
4719.80 27180.30
4720.80 27186.40
4721.80 27192.37
4722.82 27198.58
4723.82 27204.65
4724.81 27210.64
4725.82 27216.98
4726.82 27223.14
4727.81 27229.17
4728.81 27235.34
4729.82 27241.55
4730.81 27247.76
4731.82 27253.92
4732.81 27260.20
4733.83 27266.26
4734.81 27272.19
4735.82 27278.22
4736.81 27284.40
4737.82 27290.66
4738.81 27296.80
4739.82 27302.89
4740.82 27309.06
4741.82 27315.42
4742.82 27321.30
4743.81 27327.39
4744.81 27333.34
4745.82 27339.51
4746.82 27345.77
4747.82 27351.84
4748.81 27358.07
4749.81 27363.90
4750.82 27370.16
4751.81 27376.17
4752.81 27381.95
4753.81 27387.92
4754.82 27393.49
4755.81 27398.97
4756.81 27404.51
