5858.37 30545.16
5859.37 30551.51
5860.38 30557.86
5861.37 30564.07
5862.37 30570.13
5863.37 30576.34
5864.37 30582.50
5865.37 30588.71
5866.37 30594.56
5867.37 30600.68
5868.37 30606.66
5869.36 30612.53
5870.38 30618.77
5871.38 30624.66
5872.37 30630.64
5873.38 30637.01
5874.37 30642.92
5875.37 30648.87
5876.38 30654.73
5877.38 30659.81
5878.37 30664.91
5879.37 30670.23
5880.38 30675.51
5881.38 30680.76
5882.37 30686.91
5883.37 30693.03
5884.37 30699.37
5885.37 30704.89
5886.38 30710.78
5887.38 30716.57
5888.37 30722.36
5889.37 30727.65
5890.38 30733.28
5891.38 30738.97
5892.37 30744.91
5893.37 30750.92
5894.36 30756.68
5895.38 30762.68
5896.37 30768.10
5897.38 30773.37
5898.37 30778.23
5899.39 30783.42
5900.38 30788.78
5901.37 30794.07
5902.39 30799.73
5903.38 30805.47
5904.38 30811.00
5905.38 30816.63
5906.38 30822.36
5907.38 30828.04
5908.38 30833.20
5909.38 30838.87
5910.38 30844.42
5911.38 30850.09
5912.38 30855.71
5913.38 30861.29
5914.38 30866.73
5915.38 30872.46
5916.37 30878.18
5917.39 30883.79
5918.38 30889.51
5919.38 30894.89
5920.38 30900.39
5921.38 30905.73
5922.38 30911.42
5923.37 30916.76
5924.38 30922.51
5925.39 30928.30
5926.39 30933.61
5927.38 30939.06
5928.39 30944.04
5929.38 30949.00
5930.39 30954.23
5931.39 30959.27
5932.38 30964.66
5933.38 30970.45
5934.38 30975.74
5935.38 30981.14
5936.39 30986.81
5937.38 30992.24
5938.38 30997.98
5939.38 31003.50
5940.38 31008.93
5941.38 31014.45
5942.38 31019.89
5943.38 31025.37
5944.39 31031.19
5945.39 31036.82
5946.38 31042.11
5947.38 31047.61
5948.38 31053.11
5949.38 31058.54
5950.39 31064.21
5951.38 31069.74
5952.39 31075.52
5953.38 31080.76
5954.39 31085.98
5955.39 31091.43
5956.39 31096.67
5957.38 31102.38
5958.38 31107.86
5959.38 31112.87
5960.38 31117.80
5961.38 31122.23
5962.38 31127.19
5963.38 31132.27
5964.39 31137.39
5965.38 31142.38
5966.39 31147.61
5967.38 31152.63
5968.39 31157.85
5969.38 31163.13
5970.38 31168.59
5971.38 31174.07
5972.38 31179.60
5973.37 31185.13
5974.38 31190.69
5975.38 31196.08
5976.39 31201.54
5977.38 31206.89
5978.38 31212.69
5979.38 31218.10
5980.37 31223.54
5981.39 31229.06
5982.38 31234.78
5983.38 31240.29
5984.39 31245.92
5985.38 31251.33
5986.38 31256.71
5987.39 31262.24
5988.39 31267.74
5989.39 31273.10
5990.39 31278.74
5991.38 31283.69
5992.38 31288.34
5993.38 31293.35
5994.39 31298.29
5995.39 31303.58
5996.42 31309.10
5997.39 31314.81
5998.38 31320.30
5999.38 31325.99
6000.37 31331.70
6001.39 31337.22
6002.38 31342.56
6003.38 31348.21
6004.38 31353.57
6005.39 31359.27
6006.39 31364.63
6007.38 31369.62
6008.38 31375.25
6009.38 31380.96
6010.38 31386.54
6011.38 31392.13
6012.39 31397.80
6013.38 31403.11
6014.38 31408.53
6015.38 31414.02
6016.38 31419.34
6017.38 31425.11
6018.38 31430.45
6019.38 31435.70
6020.38 31441.14
6021.38 31446.23
6022.38 31451.21
6023.38 31456.03
6024.39 31460.72
6025.38 31465.70
6026.37 31470.86
6027.38 31476.30
6028.39 31482.06
6029.39 31487.72
6030.39 31493.50
6031.38 31499.04
6032.37 31504.78
6033.38 31510.53
6034.38 31516.15
6035.38 31521.91
6036.39 31527.76
6037.38 31533.18
6038.38 31539.15
6039.39 31545.06
6040.39 31550.58
6041.38 31556.30
6042.39 31562.05
6043.38 31567.69
6044.39 31573.51
6045.38 31579.42
6046.38 31585.13
6047.38 31590.96
6048.38 31596.68
6049.39 31602.29
6050.39 31608.04
6051.39 31613.80
6052.39 31619.41
6053.38 31625.08
6054.38 31630.32
6055.38 31635.23
6056.38 31640.49
6057.41 31645.97
6058.38 31651.12
6059.38 31656.62
6060.39 31662.26
6061.38 31667.88
6062.39 31673.26
6063.38 31678.74
6064.39 31684.56
6065.38 31690.27
6066.39 31696.17
6067.39 31701.96
6068.39 31707.41
6069.39 31713.26
6070.38 31718.86
6071.38 31724.93
6072.38 31730.61
6073.39 31736.32
6074.39 31741.98
6075.38 31747.64
6076.38 31753.22
6077.38 31758.77
6078.38 31764.22
6079.38 31769.45
6080.38 31775.05
6081.38 31780.52
6082.38 31785.79
6083.38 31790.77
6084.39 31796.21
6085.39 31801.33
6086.39 31806.18
6087.38 31810.60
6088.39 31815.47
6089.39 31820.39
6090.39 31825.56
6091.39 31830.86
6092.40 31836.40
6093.39 31842.02
6094.38 31847.48
6095.38 31853.03
6096.39 31858.67
6097.38 31864.23
