02-24 10:52:49.580  5565  5565 I BatteryMgr:DataCollectionService: onStartCommand: begin
02-24 10:52:49.580  5565  5565 I BatteryMgr:DataCollectionService: onStartCommand: sampleRate => 1000
02-24 10:52:49.580  5565  5565 I BatteryMgr:DataCollectionService: onStartCommand: rawFields => Timestamp,BATTERY_PROPERTY_CURRENT_NOW,EXTRA_VOLTAGE
02-24 10:52:49.581  5565  5565 I BatteryMgr:DataCollectionService: onStartCommand: notification done
02-24 10:52:49.584  5565  5565 I BatteryMgr:DataCollectionService: started foreground
02-24 10:52:49.587  5565  5627 I BatteryMgr:DataCollectionService: collectData: begin
02-24 10:52:49.589  5565  5627 I BatteryMgr:DataCollectionService: stats => 1708768369589,-2291014,3739
02-24 10:52:50.592  5565  5627 I BatteryMgr:DataCollectionService: stats => 1708768370592,-2284178,3739
02-24 10:52:51.595  5565  5627 I BatteryMgr:DataCollectionService: stats => 1708768371595,-2295408,3739
02-24 10:52:52.599  5565  5627 I BatteryMgr:DataCollectionService: stats => 1708768372598,-2335936,3739
02-24 10:52:53.603  5565  5627 I BatteryMgr:DataCollectionService: stats => 1708768373603,-2398436,3731
02-24 10:52:54.617  5565  5627 I BatteryMgr:DataCollectionService: stats => 1708768374617,-2412596,3727
02-24 10:52:55.621  5565  5627 I BatteryMgr:DataCollectionService: stats => 1708768375621,-2406248,3727
02-24 10:52:56.624  5565  5627 I BatteryMgr:DataCollectionService: stats => 1708768376624,-2448240,3727
02-24 10:52:57.627  5565  5627 I BatteryMgr:DataCollectionService: stats => 1708768377627,-2368651,3727
02-24 10:52:58.630  5565  5627 I BatteryMgr:DataCollectionService: stats => 1708768378630,-2891600,3727
02-24 10:52:59.633  5565  5627 I BatteryMgr:DataCollectionService: stats => 1708768379633,-2398436,3727
02-24 10:53:00.636  5565  5627 I BatteryMgr:DataCollectionService: stats => 1708768380636,-2456541,3727
02-24 10:53:01.640  5565  5627 I BatteryMgr:DataCollectionService: stats => 1708768381640,-2410155,3727
02-24 10:53:02.648  5565  5627 I BatteryMgr:DataCollectionService: stats => 1708768382646,-2375487,3727
02-24 10:53:03.651  5565  5627 I BatteryMgr:DataCollectionService: stats => 1708768383651,-2431639,3727
02-24 10:53:04.657  5565  5627 I BatteryMgr:DataCollectionService: stats => 1708768384657,-2500487,3727
02-24 10:53:05.660  5565  5627 I BatteryMgr:DataCollectionService: stats => 1708768385660,-2519041,3727
02-24 10:53:06.664  5565  5627 I BatteryMgr:DataCollectionService: stats => 1708768386663,-2352537,3727
02-24 10:53:07.667  5565  5627 I BatteryMgr:DataCollectionService: stats => 1708768387667,-2314940,3727
02-24 10:53:08.676  5565  5627 I BatteryMgr:DataCollectionService: stats => 1708768388676,-2540037,3727
02-24 10:53:09.692  5565  5627 I BatteryMgr:DataCollectionService: stats => 1708768389692,-2684568,3727
02-24 10:53:10.701  5565  5627 I BatteryMgr:DataCollectionService: stats => 1708768390701,-2475584,3727
02-24 10:53:11.705  5565  5627 I BatteryMgr:DataCollectionService: stats => 1708768391705,-2500487,3727
02-24 10:53:12.709  5565  5627 I BatteryMgr:DataCollectionService: stats => 1708768392709,-2362791,3727
02-24 10:53:13.714  5565  5627 I BatteryMgr:DataCollectionService: stats => 1708768393714,-2356932,3726
02-24 10:53:14.718  5565  5627 I BatteryMgr:DataCollectionService: stats => 1708768394718,-2503904,3726
02-24 10:53:15.725  5565  5627 I BatteryMgr:DataCollectionService: stats => 1708768395724,-2409666,3726
02-24 10:53:16.730  5565  5627 I BatteryMgr:DataCollectionService: stats => 1708768396730,-2321776,3726
02-24 10:53:17.733  5565  5627 I BatteryMgr:DataCollectionService: stats => 1708768397733,-2265135,3726
02-24 10:53:18.738  5565  5627 I BatteryMgr:DataCollectionService: stats => 1708768398737,-2257811,3726
02-24 10:53:19.741  5565  5627 I BatteryMgr:DataCollectionService: stats => 1708768399741,-2370604,3726
02-24 10:53:20.745  5565  5627 I BatteryMgr:DataCollectionService: stats => 1708768400745,-2277342,3726
02-24 10:53:21.749  5565  5627 I BatteryMgr:DataCollectionService: stats => 1708768401749,-2296873,3726
02-24 10:53:22.754  5565  5627 I BatteryMgr:DataCollectionService: stats => 1708768402754,-2303709,3726
02-24 10:53:23.760  5565  5627 I BatteryMgr:DataCollectionService: stats => 1708768403759,-2258299,3728
02-24 10:53:24.766  5565  5627 I BatteryMgr:DataCollectionService: stats => 1708768404766,-2271971,3728
02-24 10:53:25.776  5565  5627 I BatteryMgr:DataCollectionService: stats => 1708768405776,-2317381,3728
02-24 10:53:26.779  5565  5627 I BatteryMgr:DataCollectionService: stats => 1708768406779,-2347655,3728
02-24 10:53:27.784  5565  5627 I BatteryMgr:DataCollectionService: stats => 1708768407784,-2329100,3728
02-24 10:53:28.787  5565  5627 I BatteryMgr:DataCollectionService: stats => 1708768408787,-2361326,3725
02-24 10:53:29.791  5565  5627 I BatteryMgr:DataCollectionService: stats => 1708768409791,-2290526,3725
02-24 10:53:30.796  5565  5627 I BatteryMgr:DataCollectionService: stats => 1708768410796,-2451170,3725
02-24 10:53:31.800  5565  5627 I BatteryMgr:DataCollectionService: stats => 1708768411800,-2406248,3725
02-24 10:53:32.804  5565  5627 I BatteryMgr:DataCollectionService: stats => 1708768412804,-2319823,3727
02-24 10:53:33.808  5565  5627 I BatteryMgr:DataCollectionService: stats => 1708768413808,-2352049,3727
02-24 10:53:34.812  5565  5627 I BatteryMgr:DataCollectionService: stats => 1708768414812,-2332030,3727
02-24 10:53:35.816  5565  5627 I BatteryMgr:DataCollectionService: stats => 1708768415816,-2264158,3727
02-24 10:53:36.820  5565  5627 I BatteryMgr:DataCollectionService: stats => 1708768416820,-2344725,3727
02-24 10:53:37.825  5565  5627 I BatteryMgr:DataCollectionService: stats => 1708768417825,-2260741,3727
02-24 10:53:38.828  5565  5627 I BatteryMgr:DataCollectionService: stats => 1708768418828,-2273436,3727
02-24 10:53:39.831  5565  5627 I BatteryMgr:DataCollectionService: stats => 1708768419831,-2332518,3727
02-24 10:53:40.834  5565  5627 I BatteryMgr:DataCollectionService: stats => 1708768420834,-2234862,3727
02-24 10:53:41.838  5565  5627 I BatteryMgr:DataCollectionService: stats => 1708768421838,-2393553,3727
02-24 10:53:42.843  5565  5627 I BatteryMgr:DataCollectionService: stats => 1708768422843,-2312498,3727
02-24 10:53:43.848  5565  5627 I BatteryMgr:DataCollectionService: stats => 1708768423848,-2302733,3726
02-24 10:53:44.852  5565  5627 I BatteryMgr:DataCollectionService: stats => 1708768424852,-2318846,3726
02-24 10:53:45.856  5565  5627 I BatteryMgr:DataCollectionService: stats => 1708768425856,-2230955,3726
02-24 10:53:46.860  5565  5627 I BatteryMgr:DataCollectionService: stats => 1708768426859,-2363768,3726
02-24 10:53:47.863  5565  5627 I BatteryMgr:DataCollectionService: stats => 1708768427862,-2404783,3726
02-24 10:53:48.867  5565  5627 I BatteryMgr:DataCollectionService: stats => 1708768428867,-2345701,3726
02-24 10:53:49.871  5565  5627 I BatteryMgr:DataCollectionService: stats => 1708768429871,-2435545,3726
02-24 10:53:50.874  5565  5627 I BatteryMgr:DataCollectionService: stats => 1708768430874,-2434569,3726
02-24 10:53:51.878  5565  5627 I BatteryMgr:DataCollectionService: stats => 1708768431878,-2360838,3726
02-24 10:53:52.883  5565  5627 I BatteryMgr:DataCollectionService: stats => 1708768432883,-2333983,3726
02-24 10:53:53.894  5565  5627 I BatteryMgr:DataCollectionService: stats => 1708768433894,-2294920,3722
02-24 10:53:54.898  5565  5627 I BatteryMgr:DataCollectionService: stats => 1708768434898,-2272948,3722
02-24 10:53:55.901  5565  5627 I BatteryMgr:DataCollectionService: stats => 1708768435901,-2308592,3722
02-24 10:53:56.904  5565  5627 I BatteryMgr:DataCollectionService: stats => 1708768436904,-2435545,3722
02-24 10:53:57.907  5565  5627 I BatteryMgr:DataCollectionService: stats => 1708768437907,-2328612,3722
02-24 10:53:58.910  5565  5627 I BatteryMgr:DataCollectionService: stats => 1708768438910,-2459471,3722
02-24 10:53:59.914  5565  5627 I BatteryMgr:DataCollectionService: stats => 1708768439914,-2446287,3722
02-24 10:54:00.918  5565  5627 I BatteryMgr:DataCollectionService: stats => 1708768440918,-2357420,3722
02-24 10:54:01.923  5565  5627 I BatteryMgr:DataCollectionService: stats => 1708768441923,-2489256,3722
02-24 10:54:02.928  5565  5627 I BatteryMgr:DataCollectionService: stats => 1708768442928,-2295408,3722
02-24 10:54:03.932  5565  5627 I BatteryMgr:DataCollectionService: stats => 1708768443932,-2311033,3723
02-24 10:54:04.935  5565  5627 I BatteryMgr:DataCollectionService: stats => 1708768444935,-2321776,3723
02-24 10:54:05.938  5565  5627 I BatteryMgr:DataCollectionService: stats => 1708768445938,-2366698,3723
02-24 10:54:06.942  5565  5627 I BatteryMgr:DataCollectionService: stats => 1708768446942,-2516600,3723
02-24 10:54:07.946  5565  5627 I BatteryMgr:DataCollectionService: stats => 1708768447946,-2369627,3723
02-24 10:54:08.949  5565  5627 I BatteryMgr:DataCollectionService: stats => 1708768448949,-2328123,3723
02-24 10:54:09.953  5565  5627 I BatteryMgr:DataCollectionService: stats => 1708768449953,-2285155,3723
02-24 10:54:10.957  5565  5627 I BatteryMgr:DataCollectionService: stats => 1708768450957,-2305174,3723
02-24 10:54:11.961  5565  5627 I BatteryMgr:DataCollectionService: stats => 1708768451961,-2305174,3723
02-24 10:54:12.965  5565  5627 I BatteryMgr:DataCollectionService: stats => 1708768452965,-2237303,3723
02-24 10:54:13.968  5565  5627 I BatteryMgr:DataCollectionService: stats => 1708768453968,-2271483,3725
02-24 10:54:14.973  5565  5627 I BatteryMgr:DataCollectionService: stats => 1708768454973,-2345701,3719
02-24 10:54:15.978  5565  5627 I BatteryMgr:DataCollectionService: stats => 1708768455978,-2304198,3719
02-24 10:54:16.981  5565  5627 I BatteryMgr:DataCollectionService: stats => 1708768456981,-2332518,3719
02-24 10:54:17.985  5565  5627 I BatteryMgr:DataCollectionService: stats => 1708768457984,-2596678,3719
02-24 10:54:18.988  5565  5627 I BatteryMgr:DataCollectionService: stats => 1708768458988,-2503904,3719
02-24 10:54:19.992  5565  5627 I BatteryMgr:DataCollectionService: stats => 1708768459991,-2429686,3719
02-24 10:54:20.997  5565  5627 I BatteryMgr:DataCollectionService: stats => 1708768460997,-2280760,3719
02-24 10:54:22.003  5565  5627 I BatteryMgr:DataCollectionService: stats => 1708768462003,-2351073,3719
02-24 10:54:23.007  5565  5627 I BatteryMgr:DataCollectionService: stats => 1708768463007,-2424803,3719
02-24 10:54:24.012  5565  5627 I BatteryMgr:DataCollectionService: stats => 1708768464012,-2420897,3712
02-24 10:54:25.017  5565  5627 I BatteryMgr:DataCollectionService: stats => 1708768465017,-2418944,3712
02-24 10:54:26.020  5565  5627 I BatteryMgr:DataCollectionService: stats => 1708768466020,-2389158,3712
02-24 10:54:27.024  5565  5627 I BatteryMgr:DataCollectionService: stats => 1708768467024,-2498045,3712
02-24 10:54:28.028  5565  5627 I BatteryMgr:DataCollectionService: stats => 1708768468028,-2454588,3712
02-24 10:54:29.032  5565  5627 I BatteryMgr:DataCollectionService: stats => 1708768469032,-2446287,3712
02-24 10:54:30.037  5565  5627 I BatteryMgr:DataCollectionService: stats => 1708768470036,-2374510,3712
02-24 10:54:31.044  5565  5627 I BatteryMgr:DataCollectionService: stats => 1708768471044,-2278319,3712
02-24 10:54:32.048  5565  5627 I BatteryMgr:DataCollectionService: stats => 1708768472048,-2344237,3712
02-24 10:54:33.053  5565  5627 I BatteryMgr:DataCollectionService: stats => 1708768473053,-2303709,3712
02-24 10:54:34.056  5565  5627 I BatteryMgr:DataCollectionService: stats => 1708768474056,-2315916,3719
02-24 10:54:35.059  5565  5627 I BatteryMgr:DataCollectionService: stats => 1708768475059,-2260252,3719
02-24 10:54:36.062  5565  5627 I BatteryMgr:DataCollectionService: stats => 1708768476062,-2254881,3719
02-24 10:54:37.069  5565  5627 I BatteryMgr:DataCollectionService: stats => 1708768477069,-2269041,3719
02-24 10:54:38.073  5565  5627 I BatteryMgr:DataCollectionService: stats => 1708768478073,-2380858,3719
02-24 10:54:39.080  5565  5627 I BatteryMgr:DataCollectionService: stats => 1708768479080,-2350096,3719
02-24 10:54:40.087  5565  5627 I BatteryMgr:DataCollectionService: stats => 1708768480087,-2441405,3719
02-24 10:54:41.091  5565  5627 I BatteryMgr:DataCollectionService: stats => 1708768481091,-2454100,3719
02-24 10:54:42.094  5565  5627 I BatteryMgr:DataCollectionService: stats => 1708768482094,-2380369,3719
02-24 10:54:43.097  5565  5627 I BatteryMgr:DataCollectionService: stats => 1708768483097,-2379393,3719
02-24 10:54:44.101  5565  5627 I BatteryMgr:DataCollectionService: stats => 1708768484101,-2365721,3715
02-24 10:54:45.104  5565  5627 I BatteryMgr:DataCollectionService: stats => 1708768485103,-2318358,3715
02-24 10:54:46.107  5565  5627 I BatteryMgr:DataCollectionService: stats => 1708768486106,-2309569,3715
02-24 10:54:47.110  5565  5627 I BatteryMgr:DataCollectionService: stats => 1708768487110,-2264647,3715
02-24 10:54:48.115  5565  5627 I BatteryMgr:DataCollectionService: stats => 1708768488115,-2289549,3718
02-24 10:54:49.119  5565  5627 I BatteryMgr:DataCollectionService: stats => 1708768489119,-2280272,3718
02-24 10:54:50.124  5565  5627 I BatteryMgr:DataCollectionService: stats => 1708768490124,-2318358,3718
02-24 10:54:51.132  5565  5627 I BatteryMgr:DataCollectionService: stats => 1708768491132,-2339354,3718
02-24 10:54:52.136  5565  5627 I BatteryMgr:DataCollectionService: stats => 1708768492136,-2503904,3718
02-24 10:54:53.139  5565  5627 I BatteryMgr:DataCollectionService: stats => 1708768493139,-2470701,3718
02-24 10:54:54.142  5565  5627 I BatteryMgr:DataCollectionService: stats => 1708768494142,-2424803,3716
02-24 10:54:55.146  5565  5627 I BatteryMgr:DataCollectionService: stats => 1708768495146,-2392576,3716
02-24 10:54:56.150  5565  5627 I BatteryMgr:DataCollectionService: stats => 1708768496150,-2378905,3716
02-24 10:54:57.155  5565  5627 I BatteryMgr:DataCollectionService: stats => 1708768497155,-2383299,3716
02-24 10:54:58.160  5565  5627 I BatteryMgr:DataCollectionService: stats => 1708768498160,-2389158,3716
02-24 10:54:59.165  5565  5627 I BatteryMgr:DataCollectionService: stats => 1708768499165,-2436033,3716
02-24 10:55:00.170  5565  5627 I BatteryMgr:DataCollectionService: stats => 1708768500170,-2355955,3716
02-24 10:55:01.174  5565  5627 I BatteryMgr:DataCollectionService: stats => 1708768501174,-2329100,3716
02-24 10:55:02.177  5565  5627 I BatteryMgr:DataCollectionService: stats => 1708768502177,-2278807,3716
02-24 10:55:03.181  5565  5627 I BatteryMgr:DataCollectionService: stats => 1708768503180,-2297850,3716
02-24 10:55:04.184  5565  5627 I BatteryMgr:DataCollectionService: stats => 1708768504184,-2296385,3716
02-24 10:55:05.187  5565  5627 I BatteryMgr:DataCollectionService: stats => 1708768505187,-2311033,3716
02-24 10:55:06.191  5565  5627 I BatteryMgr:DataCollectionService: stats => 1708768506191,-2370604,3716
02-24 10:55:07.197  5565  5627 I BatteryMgr:DataCollectionService: stats => 1708768507197,-2373045,3716
02-24 10:55:08.204  5565  5627 I BatteryMgr:DataCollectionService: stats => 1708768508204,-2333983,3716
02-24 10:55:09.208  5565  5627 I BatteryMgr:DataCollectionService: stats => 1708768509208,-2303709,3716
02-24 10:55:10.212  5565  5627 I BatteryMgr:DataCollectionService: stats => 1708768510212,-2286619,3716
02-24 10:55:11.215  5565  5627 I BatteryMgr:DataCollectionService: stats => 1708768511215,-2394041,3716
02-24 10:55:12.218  5565  5627 I BatteryMgr:DataCollectionService: stats => 1708768512218,-2334959,3716
02-24 10:55:13.221  5565  5627 I BatteryMgr:DataCollectionService: stats => 1708768513221,-2305174,3716
02-24 10:55:14.225  5565  5627 I BatteryMgr:DataCollectionService: stats => 1708768514225,-2427244,3715
02-24 10:55:15.230  5565  5627 I BatteryMgr:DataCollectionService: stats => 1708768515230,-2391600,3715
02-24 10:55:16.233  5565  5627 I BatteryMgr:DataCollectionService: stats => 1708768516233,-2352537,3715
02-24 10:55:17.238  5565  5627 I BatteryMgr:DataCollectionService: stats => 1708768517238,-2422850,3715
02-24 10:55:18.249  5565  5627 I BatteryMgr:DataCollectionService: stats => 1708768518249,-2475096,3715
02-24 10:55:19.253  5565  5627 I BatteryMgr:DataCollectionService: stats => 1708768519253,-2484862,3715
02-24 10:55:20.256  5565  5627 I BatteryMgr:DataCollectionService: stats => 1708768520256,-2354979,3715
02-24 10:55:21.260  5565  5627 I BatteryMgr:DataCollectionService: stats => 1708768521260,-2378416,3715
02-24 10:55:22.263  5565  5627 I BatteryMgr:DataCollectionService: stats => 1708768522263,-2409666,3715
02-24 10:55:23.276  5565  5627 I BatteryMgr:DataCollectionService: stats => 1708768523276,-2380369,3708
02-24 10:55:24.280  5565  5627 I BatteryMgr:DataCollectionService: stats => 1708768524280,-2429197,3708
02-24 10:55:25.284  5565  5627 I BatteryMgr:DataCollectionService: stats => 1708768525284,-2421385,3708
02-24 10:55:26.288  5565  5627 I BatteryMgr:DataCollectionService: stats => 1708768526288,-2329588,3708
02-24 10:55:27.292  5565  5627 I BatteryMgr:DataCollectionService: stats => 1708768527292,-2465330,3708
02-24 10:55:28.296  5565  5627 I BatteryMgr:DataCollectionService: stats => 1708768528296,-2501463,3708
02-24 10:55:29.299  5565  5627 I BatteryMgr:DataCollectionService: stats => 1708768529299,-2360838,3708
02-24 10:55:30.302  5565  5627 I BatteryMgr:DataCollectionService: stats => 1708768530302,-2323729,3708
02-24 10:55:31.305  5565  5627 I BatteryMgr:DataCollectionService: stats => 1708768531305,-2303221,3708
02-24 10:55:32.311  5565  5627 I BatteryMgr:DataCollectionService: stats => 1708768532311,-2487303,3708
02-24 10:55:33.318  5565  5627 I BatteryMgr:DataCollectionService: stats => 1708768533317,-2438475,3704
02-24 10:55:34.323  5565  5627 I BatteryMgr:DataCollectionService: stats => 1708768534323,-2461424,3704
02-24 10:55:35.328  5565  5627 I BatteryMgr:DataCollectionService: stats => 1708768535328,-2468260,3704
02-24 10:55:36.332  5565  5627 I BatteryMgr:DataCollectionService: stats => 1708768536332,-2345213,3704
02-24 10:55:37.335  5565  5627 I BatteryMgr:DataCollectionService: stats => 1708768537335,-2461424,3704
02-24 10:55:38.339  5565  5627 I BatteryMgr:DataCollectionService: stats => 1708768538339,-2372069,3704
02-24 10:55:39.344  5565  5627 I BatteryMgr:DataCollectionService: stats => 1708768539344,-2299803,3704
02-24 10:55:40.348  5565  5627 I BatteryMgr:DataCollectionService: stats => 1708768540348,-2447752,3704
02-24 10:55:41.351  5565  5627 I BatteryMgr:DataCollectionService: stats => 1708768541351,-2400389,3704
02-24 10:55:42.357  5565  5627 I BatteryMgr:DataCollectionService: stats => 1708768542357,-2403807,3704
02-24 10:55:43.361  5565  5627 I BatteryMgr:DataCollectionService: stats => 1708768543361,-2416990,3705
02-24 10:55:44.365  5565  5627 I BatteryMgr:DataCollectionService: stats => 1708768544365,-2463377,3705
02-24 10:55:45.371  5565  5627 I BatteryMgr:DataCollectionService: stats => 1708768545371,-2440916,3705
02-24 10:55:46.375  5565  5627 I BatteryMgr:DataCollectionService: stats => 1708768546375,-2360838,3705
02-24 10:55:47.378  5565  5627 I BatteryMgr:DataCollectionService: stats => 1708768547378,-2278807,3705
02-24 10:55:48.382  5565  5627 I BatteryMgr:DataCollectionService: stats => 1708768548382,-2327147,3705
02-24 10:55:49.385  5565  5627 I BatteryMgr:DataCollectionService: stats => 1708768549384,-2462889,3705
02-24 10:55:50.389  5565  5627 I BatteryMgr:DataCollectionService: stats => 1708768550389,-2366209,3705
02-24 10:55:51.393  5565  5627 I BatteryMgr:DataCollectionService: stats => 1708768551393,-2380858,3705
02-24 10:55:52.397  5565  5627 I BatteryMgr:DataCollectionService: stats => 1708768552397,-2373045,3705
02-24 10:55:53.400  5565  5627 I BatteryMgr:DataCollectionService: stats => 1708768553400,-2333983,3708
02-24 10:55:54.403  5565  5627 I BatteryMgr:DataCollectionService: stats => 1708768554403,-2353026,3708
02-24 10:55:55.407  5565  5627 I BatteryMgr:DataCollectionService: stats => 1708768555407,-2346678,3708
02-24 10:55:56.413  5565  5627 I BatteryMgr:DataCollectionService: stats => 1708768556413,-2456053,3708
02-24 10:55:57.415  5565  5627 I BatteryMgr:DataCollectionService: stats => 1708768557415,-2350584,3700
02-24 10:55:58.418  5565  5627 I BatteryMgr:DataCollectionService: stats => 1708768558418,-2384276,3700
02-24 10:55:59.421  5565  5627 I BatteryMgr:DataCollectionService: stats => 1708768559421,-2354490,3700
02-24 10:56:00.424  5565  5627 I BatteryMgr:DataCollectionService: stats => 1708768560424,-2382322,3700
02-24 10:56:01.427  5565  5627 I BatteryMgr:DataCollectionService: stats => 1708768561427,-2342283,3700
02-24 10:56:02.431  5565  5627 I BatteryMgr:DataCollectionService: stats => 1708768562431,-2334471,3700
02-24 10:56:03.434  5565  5627 I BatteryMgr:DataCollectionService: stats => 1708768563434,-2322264,3708
02-24 10:56:04.439  5565  5627 I BatteryMgr:DataCollectionService: stats => 1708768564439,-2375975,3708
02-24 10:56:05.443  5565  5627 I BatteryMgr:DataCollectionService: stats => 1708768565443,-2316893,3708
02-24 10:56:06.447  5565  5627 I BatteryMgr:DataCollectionService: stats => 1708768566447,-2319334,3708
02-24 10:56:07.450  5565  5627 I BatteryMgr:DataCollectionService: stats => 1708768567450,-2370115,3708
02-24 10:56:08.454  5565  5627 I BatteryMgr:DataCollectionService: stats => 1708768568454,-2389158,3708
02-24 10:56:09.456  5565  5627 I BatteryMgr:DataCollectionService: stats => 1708768569456,-2381834,3708
02-24 10:56:10.459  5565  5627 I BatteryMgr:DataCollectionService: stats => 1708768570459,-2352537,3708
02-24 10:56:11.462  5565  5627 I BatteryMgr:DataCollectionService: stats => 1708768571462,-2335448,3708
02-24 10:56:12.468  5565  5627 I BatteryMgr:DataCollectionService: stats => 1708768572467,-2313475,3708
02-24 10:56:13.471  5565  5630 I BatteryMgr:DataCollectionService: stats => 1708768573471,-2317869,3707
02-24 10:56:14.476  5565  5630 I BatteryMgr:DataCollectionService: stats => 1708768574476,-2375487,3707
02-24 10:56:15.481  5565  5630 I BatteryMgr:DataCollectionService: stats => 1708768575481,-2406248,3707
02-24 10:56:16.485  5565  5630 I BatteryMgr:DataCollectionService: stats => 1708768576485,-2377928,3707
02-24 10:56:17.490  5565  5630 I BatteryMgr:DataCollectionService: stats => 1708768577489,-2412108,3707
02-24 10:56:18.494  5565  5630 I BatteryMgr:DataCollectionService: stats => 1708768578493,-2590330,3707
02-24 10:56:19.497  5565  5630 I BatteryMgr:DataCollectionService: stats => 1708768579497,-2586424,3707
02-24 10:56:20.500  5565  5630 I BatteryMgr:DataCollectionService: stats => 1708768580500,-2551756,3707
02-24 10:56:21.505  5565  5630 I BatteryMgr:DataCollectionService: stats => 1708768581505,-2364256,3707
02-24 10:56:22.509  5565  5630 I BatteryMgr:DataCollectionService: stats => 1708768582509,-2359862,3707
02-24 10:56:23.515  5565  5630 I BatteryMgr:DataCollectionService: stats => 1708768583515,-2371092,3704
02-24 10:56:24.519  5565  5630 I BatteryMgr:DataCollectionService: stats => 1708768584519,-2363768,3704
02-24 10:56:25.523  5565  5630 I BatteryMgr:DataCollectionService: stats => 1708768585523,-2358885,3704
02-24 10:56:26.527  5565  5630 I BatteryMgr:DataCollectionService: stats => 1708768586527,-2405760,3704
02-24 10:56:27.530  5565  5630 I BatteryMgr:DataCollectionService: stats => 1708768587530,-2328612,3704
02-24 10:56:28.533  5565  5630 I BatteryMgr:DataCollectionService: stats => 1708768588533,-2336912,3704
02-24 10:56:29.536  5565  5630 I BatteryMgr:DataCollectionService: stats => 1708768589536,-2338865,3704
02-24 10:56:30.539  5565  5630 I BatteryMgr:DataCollectionService: stats => 1708768590539,-2361326,3704
02-24 10:56:31.547  5565  5630 I BatteryMgr:DataCollectionService: stats => 1708768591547,-2351561,3704
02-24 10:56:32.552  5565  5630 I BatteryMgr:DataCollectionService: stats => 1708768592552,-2407225,3704
02-24 10:56:33.555  5565  5630 I BatteryMgr:DataCollectionService: stats => 1708768593555,-2388182,3704
02-24 10:56:34.559  5565  5630 I BatteryMgr:DataCollectionService: stats => 1708768594559,-2381834,3704
02-24 10:56:35.562  5565  5630 I BatteryMgr:DataCollectionService: stats => 1708768595562,-2354979,3704
02-24 10:56:36.565  5565  5630 I BatteryMgr:DataCollectionService: stats => 1708768596565,-2347655,3704
02-24 10:56:37.570  5565  5630 I BatteryMgr:DataCollectionService: stats => 1708768597570,-2349119,3704
02-24 10:56:38.573  5565  5630 I BatteryMgr:DataCollectionService: stats => 1708768598573,-2350096,3704
02-24 10:56:39.577  5565  5630 I BatteryMgr:DataCollectionService: stats => 1708768599576,-2343748,3704
02-24 10:56:40.581  5565  5630 I BatteryMgr:DataCollectionService: stats => 1708768600581,-2354979,3704
02-24 10:56:41.590  5565  5630 I BatteryMgr:DataCollectionService: stats => 1708768601590,-2354490,3704
02-24 10:56:42.597  5565  5630 I BatteryMgr:DataCollectionService: stats => 1708768602597,-2372069,3704
02-24 10:56:43.601  5565  5630 I BatteryMgr:DataCollectionService: stats => 1708768603601,-2397947,3703
02-24 10:56:44.605  5565  5630 I BatteryMgr:DataCollectionService: stats => 1708768604605,-2370604,3703
02-24 10:56:45.610  5565  5630 I BatteryMgr:DataCollectionService: stats => 1708768605610,-2403807,3703
02-24 10:56:46.613  5565  5630 I BatteryMgr:DataCollectionService: stats => 1708768606613,-2445799,3703
02-24 10:56:47.616  5565  5630 I BatteryMgr:DataCollectionService: stats => 1708768607616,-2389158,3703
02-24 10:56:48.625  5565  5630 I BatteryMgr:DataCollectionService: stats => 1708768608625,-2393065,3703
02-24 10:56:49.629  5565  5630 I BatteryMgr:DataCollectionService: stats => 1708768609629,-2351073,3703
02-24 10:56:50.633  5565  5630 I BatteryMgr:DataCollectionService: stats => 1708768610633,-2395018,3703
02-24 10:56:51.640  5565  5630 I BatteryMgr:DataCollectionService: stats => 1708768611640,-2395018,3703
02-24 10:56:52.643  5565  5630 I BatteryMgr:DataCollectionService: stats => 1708768612643,-2499998,3695
02-24 10:56:53.646  5565  5630 I BatteryMgr:DataCollectionService: stats => 1708768613646,-2382811,3701
02-24 10:56:54.649  5565  5630 I BatteryMgr:DataCollectionService: stats => 1708768614649,-2339842,3701
02-24 10:56:55.653  5565  5630 I BatteryMgr:DataCollectionService: stats => 1708768615652,-2338377,3701
02-24 10:56:56.656  5565  5630 I BatteryMgr:DataCollectionService: stats => 1708768616655,-2297362,3701
02-24 10:56:57.659  5565  5630 I BatteryMgr:DataCollectionService: stats => 1708768617659,-2337401,3701
02-24 10:56:58.663  5565  5630 I BatteryMgr:DataCollectionService: stats => 1708768618663,-2336424,3701
02-24 10:56:59.667  5565  5630 I BatteryMgr:DataCollectionService: stats => 1708768619666,-2484862,3701
02-24 10:57:00.670  5565  5630 I BatteryMgr:DataCollectionService: stats => 1708768620670,-2489256,3701
02-24 10:57:01.676  5565  5630 I BatteryMgr:DataCollectionService: stats => 1708768621676,-2406248,3701
02-24 10:57:02.679  5565  5630 I BatteryMgr:DataCollectionService: stats => 1708768622679,-2407713,3701
02-24 10:57:03.683  5565  5630 I BatteryMgr:DataCollectionService: stats => 1708768623683,-2477537,3694
02-24 10:57:04.686  5565  5630 I BatteryMgr:DataCollectionService: stats => 1708768624686,-2455076,3694
02-24 10:57:05.690  5565  5630 I BatteryMgr:DataCollectionService: stats => 1708768625690,-2475096,3694
02-24 10:57:06.693  5565  5630 I BatteryMgr:DataCollectionService: stats => 1708768626693,-2465819,3694
02-24 10:57:07.697  5565  5630 I BatteryMgr:DataCollectionService: stats => 1708768627697,-2361326,3694
02-24 10:57:08.702  5565  5630 I BatteryMgr:DataCollectionService: stats => 1708768628702,-2417479,3694
02-24 10:57:09.710  5565  5630 I BatteryMgr:DataCollectionService: stats => 1708768629710,-2392088,3694
02-24 10:57:10.713  5565  5630 I BatteryMgr:DataCollectionService: stats => 1708768630713,-2437010,3694
02-24 10:57:11.716  5565  5630 I BatteryMgr:DataCollectionService: stats => 1708768631716,-2422362,3697
02-24 10:57:12.721  5565  5630 I BatteryMgr:DataCollectionService: stats => 1708768632721,-2366209,3697
02-24 10:57:13.724  5565  5630 I BatteryMgr:DataCollectionService: stats => 1708768633724,-2458006,3693
02-24 10:57:14.727  5565  5630 I BatteryMgr:DataCollectionService: stats => 1708768634727,-2351561,3693
02-24 10:57:15.730  5565  5630 I BatteryMgr:DataCollectionService: stats => 1708768635730,-2437987,3693
02-24 10:57:16.734  5565  5630 I BatteryMgr:DataCollectionService: stats => 1708768636734,-2506346,3693
02-24 10:57:17.738  5565  5630 I BatteryMgr:DataCollectionService: stats => 1708768637738,-2547361,3693
02-24 10:57:18.748  5565  5630 I BatteryMgr:DataCollectionService: stats => 1708768638748,-2666502,3693
02-24 10:57:19.752  5565  5630 I BatteryMgr:DataCollectionService: stats => 1708768639752,-2633787,3693
02-24 10:57:20.756  5565  5630 I BatteryMgr:DataCollectionService: stats => 1708768640756,-2624510,3693
02-24 10:57:21.759  5565  5630 I BatteryMgr:DataCollectionService: stats => 1708768641759,-2509764,3693
02-24 10:57:22.762  5565  5630 I BatteryMgr:DataCollectionService: stats => 1708768642762,-2423826,3693
02-24 10:57:23.765  5565  5630 I BatteryMgr:DataCollectionService: stats => 1708768643765,-2350584,3698
02-24 10:57:24.768  5565  5630 I BatteryMgr:DataCollectionService: stats => 1708768644768,-2333006,3698
02-24 10:57:25.772  5565  5630 I BatteryMgr:DataCollectionService: stats => 1708768645772,-2360838,3698
02-24 10:57:26.776  5565  5630 I BatteryMgr:DataCollectionService: stats => 1708768646776,-2490721,3698
02-24 10:57:27.782  5565  5630 I BatteryMgr:DataCollectionService: stats => 1708768647782,-2495115,3698
02-24 10:57:28.788  5565  5630 I BatteryMgr:DataCollectionService: stats => 1708768648788,-2437987,3698
02-24 10:57:29.795  5565  5630 I BatteryMgr:DataCollectionService: stats => 1708768649795,-2528319,3693
02-24 10:57:30.800  5565  5630 I BatteryMgr:DataCollectionService: stats => 1708768650800,-2542479,3693
02-24 10:57:31.803  5565  5630 I BatteryMgr:DataCollectionService: stats => 1708768651803,-2453612,3693
02-24 10:57:32.806  5565  5630 I BatteryMgr:DataCollectionService: stats => 1708768652805,-2491209,3693
02-24 10:57:33.809  5565  5630 I BatteryMgr:DataCollectionService: stats => 1708768653809,-2499022,3689
02-24 10:57:34.813  5565  5630 I BatteryMgr:DataCollectionService: stats => 1708768654813,-2531736,3689
02-24 10:57:35.816  5565  5630 I BatteryMgr:DataCollectionService: stats => 1708768655816,-2498045,3689
02-24 10:57:36.821  5565  5630 I BatteryMgr:DataCollectionService: stats => 1708768656821,-2433592,3689
02-24 10:57:37.828  5565  5630 I BatteryMgr:DataCollectionService: stats => 1708768657828,-2570311,3689
02-24 10:57:38.832  5565  5630 I BatteryMgr:DataCollectionService: stats => 1708768658831,-2448240,3689
02-24 10:57:39.836  5565  5630 I BatteryMgr:DataCollectionService: stats => 1708768659836,-2457029,3689
02-24 10:57:40.840  5565  5630 I BatteryMgr:DataCollectionService: stats => 1708768660840,-2516111,3689
02-24 10:57:41.843  5565  5630 I BatteryMgr:DataCollectionService: stats => 1708768661843,-2546385,3689
02-24 10:57:42.846  5565  5630 I BatteryMgr:DataCollectionService: stats => 1708768662846,-2358885,3689
02-24 10:57:43.850  5565  5630 I BatteryMgr:DataCollectionService: stats => 1708768663850,-2408690,3695
02-24 10:57:44.854  5565  5630 I BatteryMgr:DataCollectionService: stats => 1708768664854,-2421873,3695
02-24 10:57:45.858  5565  5630 I BatteryMgr:DataCollectionService: stats => 1708768665858,-2422850,3695
02-24 10:57:46.866  5565  5630 I BatteryMgr:DataCollectionService: stats => 1708768666866,-2545897,3695
02-24 10:57:47.872  5565  5630 I BatteryMgr:DataCollectionService: stats => 1708768667872,-2402830,3695
02-24 10:57:48.876  5565  5630 I BatteryMgr:DataCollectionService: stats => 1708768668876,-2424803,3695
02-24 10:57:49.880  5565  5630 I BatteryMgr:DataCollectionService: stats => 1708768669880,-2356444,3695
02-24 10:57:50.883  5565  5630 I BatteryMgr:DataCollectionService: stats => 1708768670882,-2361326,3695
02-24 10:57:51.886  5565  5630 I BatteryMgr:DataCollectionService: stats => 1708768671886,-2368162,3695
02-24 10:57:52.889  5565  5630 I BatteryMgr:DataCollectionService: stats => 1708768672889,-2375487,3695
02-24 10:57:53.893  5565  5630 I BatteryMgr:DataCollectionService: stats => 1708768673893,-2516111,3695
02-24 10:57:54.899  5565  5630 I BatteryMgr:DataCollectionService: stats => 1708768674899,-2558592,3695
02-24 10:57:55.910  5565  5630 I BatteryMgr:DataCollectionService: stats => 1708768675910,-2549803,3695
02-24 10:57:56.914  5565  5630 I BatteryMgr:DataCollectionService: stats => 1708768676914,-2382322,3695
02-24 10:57:57.917  5565  5630 I BatteryMgr:DataCollectionService: stats => 1708768677917,-2494139,3695
02-24 10:57:58.921  5565  5630 I BatteryMgr:DataCollectionService: stats => 1708768678921,-2473143,3695
02-24 10:57:59.924  5565  5630 I BatteryMgr:DataCollectionService: stats => 1708768679924,-2446287,3695
02-24 10:58:00.928  5565  5630 I BatteryMgr:DataCollectionService: stats => 1708768680928,-2505369,3695
02-24 10:58:01.932  5565  5630 I BatteryMgr:DataCollectionService: stats => 1708768681931,-2397459,3695
02-24 10:58:02.934  5565  5630 I BatteryMgr:DataCollectionService: stats => 1708768682934,-2476561,3695
02-24 10:58:03.938  5565  5630 I BatteryMgr:DataCollectionService: stats => 1708768683938,-2408690,3688
02-24 10:58:04.947  5565  5630 I BatteryMgr:DataCollectionService: stats => 1708768684946,-2699217,3688
02-24 10:58:05.950  5565  5630 I BatteryMgr:DataCollectionService: stats => 1708768685950,-2422850,3691
02-24 10:58:06.955  5565  5630 I BatteryMgr:DataCollectionService: stats => 1708768686954,-2358397,3691
02-24 10:58:07.958  5565  5630 I BatteryMgr:DataCollectionService: stats => 1708768687958,-2385740,3691
02-24 10:58:08.962  5565  5630 I BatteryMgr:DataCollectionService: stats => 1708768688962,-2401854,3691
02-24 10:58:09.965  5565  5630 I BatteryMgr:DataCollectionService: stats => 1708768689965,-2327635,3691
02-24 10:58:10.968  5565  5630 I BatteryMgr:DataCollectionService: stats => 1708768690968,-2417479,3691
02-24 10:58:11.971  5565  5630 I BatteryMgr:DataCollectionService: stats => 1708768691971,-2414061,3691
02-24 10:58:12.974  5565  5630 I BatteryMgr:DataCollectionService: stats => 1708768692974,-2537108,3691
02-24 10:58:13.982  5565  5630 I BatteryMgr:DataCollectionService: stats => 1708768693982,-2527342,3685
02-24 10:58:14.988  5565  5630 I BatteryMgr:DataCollectionService: stats => 1708768694988,-2546385,3685
02-24 10:58:15.992  5565  5630 I BatteryMgr:DataCollectionService: stats => 1708768695992,-2481932,3685
02-24 10:58:16.995  5565  5630 I BatteryMgr:DataCollectionService: stats => 1708768696995,-2529295,3685
02-24 10:58:17.998  5565  5630 I BatteryMgr:DataCollectionService: stats => 1708768697998,-2697752,3685
02-24 10:58:19.001  5565  5630 I BatteryMgr:DataCollectionService: stats => 1708768699001,-2547850,3685
02-24 10:58:20.004  5565  5630 I BatteryMgr:DataCollectionService: stats => 1708768700004,-2554686,3685
02-24 10:58:21.008  5565  5630 I BatteryMgr:DataCollectionService: stats => 1708768701008,-2350584,3685
02-24 10:58:22.011  5565  5630 I BatteryMgr:DataCollectionService: stats => 1708768702011,-2422362,3685
02-24 10:58:23.015  5565  5630 I BatteryMgr:DataCollectionService: stats => 1708768703015,-2456053,3685
02-24 10:58:24.019  5565  5630 I BatteryMgr:DataCollectionService: stats => 1708768704018,-2543944,3687
02-24 10:58:25.024  5565  5630 I BatteryMgr:DataCollectionService: stats => 1708768705024,-2460936,3687
02-24 10:58:26.027  5565  5630 I BatteryMgr:DataCollectionService: stats => 1708768706027,-2392576,3686
02-24 10:58:27.030  5565  5630 I BatteryMgr:DataCollectionService: stats => 1708768707030,-2351073,3686
02-24 10:58:28.036  5565  5630 I BatteryMgr:DataCollectionService: stats => 1708768708036,-2335936,3686
02-24 10:58:29.039  5565  5630 I BatteryMgr:DataCollectionService: stats => 1708768709039,-2376463,3686
02-24 10:58:30.042  5565  5630 I BatteryMgr:DataCollectionService: stats => 1708768710042,-2514647,3686
02-24 10:58:31.046  5565  5630 I BatteryMgr:DataCollectionService: stats => 1708768711046,-2427733,3686
02-24 10:58:32.051  5565  5630 I BatteryMgr:DataCollectionService: stats => 1708768712051,-2530760,3686
02-24 10:58:33.055  5565  5630 I BatteryMgr:DataCollectionService: stats => 1708768713055,-2443846,3686
02-24 10:58:34.060  5565  5630 I BatteryMgr:DataCollectionService: stats => 1708768714059,-2461424,3688
02-24 10:58:35.063  5565  5630 I BatteryMgr:DataCollectionService: stats => 1708768715063,-2347655,3688
02-24 10:58:36.066  5565  5630 I BatteryMgr:DataCollectionService: stats => 1708768716066,-2380369,3688
02-24 10:58:37.070  5565  5630 I BatteryMgr:DataCollectionService: stats => 1708768717070,-2336424,3688
02-24 10:58:38.073  5565  5630 I BatteryMgr:DataCollectionService: stats => 1708768718073,-2357908,3688
02-24 10:58:39.076  5565  5630 I BatteryMgr:DataCollectionService: stats => 1708768719076,-2359862,3688
02-24 10:58:40.079  5565  5630 I BatteryMgr:DataCollectionService: stats => 1708768720079,-2397947,3688
02-24 10:58:41.081  5565  5630 I BatteryMgr:DataCollectionService: stats => 1708768721081,-2424803,3688
02-24 10:58:42.085  5565  5630 I BatteryMgr:DataCollectionService: stats => 1708768722085,-2395506,3688
02-24 10:58:43.088  5565  5630 I BatteryMgr:DataCollectionService: stats => 1708768723088,-2430662,3688
02-24 10:58:44.091  5565  5630 I BatteryMgr:DataCollectionService: stats => 1708768724091,-2470701,3687
02-24 10:58:45.096  5565  5630 I BatteryMgr:DataCollectionService: stats => 1708768725096,-2438963,3687
02-24 10:58:46.100  5565  5630 I BatteryMgr:DataCollectionService: stats => 1708768726100,-2373045,3687
02-24 10:58:47.104  5565  5630 I BatteryMgr:DataCollectionService: stats => 1708768727104,-2373533,3690
02-24 10:58:48.108  5565  5630 I BatteryMgr:DataCollectionService: stats => 1708768728107,-2484373,3690
02-24 10:58:49.112  5565  5630 I BatteryMgr:DataCollectionService: stats => 1708768729112,-2533201,3690
02-24 10:58:50.115  5565  5630 I BatteryMgr:DataCollectionService: stats => 1708768730115,-2408201,3690
02-24 10:58:51.119  5565  5630 I BatteryMgr:DataCollectionService: stats => 1708768731119,-2394530,3690
02-24 10:58:52.122  5565  5630 I BatteryMgr:DataCollectionService: stats => 1708768732122,-2473143,3690
02-24 10:58:53.125  5565  5630 I BatteryMgr:DataCollectionService: stats => 1708768733125,-2318358,3690
02-24 10:58:54.128  5565  5630 I BatteryMgr:DataCollectionService: stats => 1708768734128,-2353026,3692
02-24 10:58:55.133  5565  5630 I BatteryMgr:DataCollectionService: stats => 1708768735133,-2367674,3692
02-24 10:58:56.138  5565  5630 I BatteryMgr:DataCollectionService: stats => 1708768736138,-2362303,3692
02-24 10:58:57.141  5565  5630 I BatteryMgr:DataCollectionService: stats => 1708768737141,-2374998,3692
02-24 10:58:58.144  5565  5630 I BatteryMgr:DataCollectionService: stats => 1708768738144,-2427244,3692
02-24 10:58:59.148  5565  5630 I BatteryMgr:DataCollectionService: stats => 1708768739148,-2421873,3692
02-24 10:59:00.152  5565  5630 I BatteryMgr:DataCollectionService: stats => 1708768740152,-2403807,3692
02-24 10:59:01.155  5565  5630 I BatteryMgr:DataCollectionService: stats => 1708768741154,-2437987,3692
02-24 10:59:02.158  5565  5630 I BatteryMgr:DataCollectionService: stats => 1708768742158,-2473143,3692
02-24 10:59:03.161  5565  5630 I BatteryMgr:DataCollectionService: stats => 1708768743161,-2456541,3692
02-24 10:59:04.164  5565  5630 I BatteryMgr:DataCollectionService: stats => 1708768744164,-2562498,3683
02-24 10:59:05.169  5565  5630 I BatteryMgr:DataCollectionService: stats => 1708768745169,-2397947,3683
02-24 10:59:06.179  5565  5630 I BatteryMgr:DataCollectionService: stats => 1708768746179,-2390623,3683
02-24 10:59:07.183  5565  5630 I BatteryMgr:DataCollectionService: stats => 1708768747183,-2432127,3683
02-24 10:59:08.186  5565  5630 I BatteryMgr:DataCollectionService: stats => 1708768748186,-2426756,3683
02-24 10:59:09.190  5565  5630 I BatteryMgr:DataCollectionService: stats => 1708768749190,-2419920,3683
02-24 10:59:10.193  5565  5630 I BatteryMgr:DataCollectionService: stats => 1708768750193,-2392576,3683
02-24 10:59:11.196  5565  5630 I BatteryMgr:DataCollectionService: stats => 1708768751196,-2373533,3683
02-24 10:59:12.199  5565  5630 I BatteryMgr:DataCollectionService: stats => 1708768752199,-2341307,3683
02-24 10:59:13.202  5565  5630 I BatteryMgr:DataCollectionService: stats => 1708768753202,-2343748,3683
02-24 10:59:14.204  5565  5630 I BatteryMgr:DataCollectionService: stats => 1708768754204,-2344237,3689
02-24 10:59:15.209  5565  5630 I BatteryMgr:DataCollectionService: stats => 1708768755209,-2431639,3689
02-24 10:59:16.214  5565  5630 I BatteryMgr:DataCollectionService: stats => 1708768756214,-2529783,3689
02-24 10:59:17.218  5565  5630 I BatteryMgr:DataCollectionService: stats => 1708768757218,-2478514,3689
02-24 10:59:18.221  5565  5630 I BatteryMgr:DataCollectionService: stats => 1708768758221,-2413572,3689
02-24 10:59:19.224  5565  5630 I BatteryMgr:DataCollectionService: stats => 1708768759224,-2378905,3689
02-24 10:59:20.228  5565  5630 I BatteryMgr:DataCollectionService: stats => 1708768760227,-2411131,3689
02-24 10:59:21.231  5565  5630 I BatteryMgr:DataCollectionService: stats => 1708768761231,-2380858,3689
02-24 10:59:22.234  5565  5630 I BatteryMgr:DataCollectionService: stats => 1708768762234,-2360838,3689
02-24 10:59:23.237  5565  5630 I BatteryMgr:DataCollectionService: stats => 1708768763236,-2346678,3689
02-24 10:59:24.239  5565  5630 I BatteryMgr:DataCollectionService: stats => 1708768764239,-2332030,3691
02-24 10:59:25.243  5565  5630 I BatteryMgr:DataCollectionService: stats => 1708768765243,-2413084,3691
02-24 10:59:26.246  5565  5630 I BatteryMgr:DataCollectionService: stats => 1708768766246,-2551756,3691
02-24 10:59:27.256  5565  5630 I BatteryMgr:DataCollectionService: stats => 1708768767256,-2429686,3691
02-24 10:59:28.261  5565  5630 I BatteryMgr:DataCollectionService: stats => 1708768768261,-2390623,3687
02-24 10:59:29.264  5565  5630 I BatteryMgr:DataCollectionService: stats => 1708768769264,-2496580,3687
02-24 10:59:30.268  5565  5630 I BatteryMgr:DataCollectionService: stats => 1708768770268,-2466307,3687
02-24 10:59:31.272  5565  5630 I BatteryMgr:DataCollectionService: stats => 1708768771272,-2359862,3687
02-24 10:59:32.275  5565  5630 I BatteryMgr:DataCollectionService: stats => 1708768772275,-2362791,3687
02-24 10:59:33.278  5565  5630 I BatteryMgr:DataCollectionService: stats => 1708768773277,-2390135,3687
02-24 10:59:34.280  5565  5630 I BatteryMgr:DataCollectionService: stats => 1708768774280,-2388182,3687
02-24 10:59:35.283  5565  5630 I BatteryMgr:DataCollectionService: stats => 1708768775283,-2376951,3687
02-24 10:59:36.286  5565  5630 I BatteryMgr:DataCollectionService: stats => 1708768776286,-2383787,3687
02-24 10:59:37.290  5565  5630 I BatteryMgr:DataCollectionService: stats => 1708768777290,-2538084,3687
02-24 10:59:38.297  5565  5630 I BatteryMgr:DataCollectionService: stats => 1708768778297,-2461912,3687
02-24 10:59:39.301  5565  5630 I BatteryMgr:DataCollectionService: stats => 1708768779301,-2412596,3687
02-24 10:59:40.306  5565  5630 I BatteryMgr:DataCollectionService: stats => 1708768780306,-2374510,3683
02-24 10:59:41.309  5565  5630 I BatteryMgr:DataCollectionService: stats => 1708768781309,-2337401,3683
02-24 10:59:42.312  5565  5630 I BatteryMgr:DataCollectionService: stats => 1708768782312,-2373533,3683
02-24 10:59:43.315  5565  5630 I BatteryMgr:DataCollectionService: stats => 1708768783315,-2406737,3683
02-24 10:59:44.318  5565  5630 I BatteryMgr:DataCollectionService: stats => 1708768784318,-2326658,3689
02-24 10:59:45.321  5565  5630 I BatteryMgr:DataCollectionService: stats => 1708768785321,-2415526,3689
02-24 10:59:46.324  5565  5630 I BatteryMgr:DataCollectionService: stats => 1708768786324,-2395506,3689
02-24 10:59:47.327  5565  5630 I BatteryMgr:DataCollectionService: stats => 1708768787327,-2353514,3689
02-24 10:59:48.330  5565  5630 I BatteryMgr:DataCollectionService: stats => 1708768788330,-2310057,3689
02-24 10:59:49.334  5565  5630 I BatteryMgr:DataCollectionService: stats => 1708768789334,-2284178,3689
02-24 10:59:50.337  5565  5630 I BatteryMgr:DataCollectionService: stats => 1708768790337,-2286619,3689
02-24 10:59:51.341  5565  5630 I BatteryMgr:DataCollectionService: stats => 1708768791341,-2357420,3689
02-24 10:59:52.345  5565  5630 I BatteryMgr:DataCollectionService: stats => 1708768792344,-2407225,3689
02-24 10:59:53.348  5565  5630 I BatteryMgr:DataCollectionService: stats => 1708768793348,-2375975,3689
02-24 10:59:54.351  5565  5630 I BatteryMgr:DataCollectionService: stats => 1708768794351,-2465819,3681
02-24 10:59:55.355  5565  5630 I BatteryMgr:DataCollectionService: stats => 1708768795355,-2426756,3681
02-24 10:59:56.358  5565  5630 I BatteryMgr:DataCollectionService: stats => 1708768796358,-2477049,3681
02-24 10:59:57.361  5565  5630 I BatteryMgr:DataCollectionService: stats => 1708768797361,-2480955,3681
02-24 10:59:58.364  5565  5630 I BatteryMgr:DataCollectionService: stats => 1708768798364,-2309080,3681
02-24 10:59:59.367  5565  5630 I BatteryMgr:DataCollectionService: stats => 1708768799367,-2434569,3681
02-24 11:00:00.375  5565  5630 I BatteryMgr:DataCollectionService: stats => 1708768800375,-2363768,3681
02-24 11:00:01.379  5565  5630 I BatteryMgr:DataCollectionService: stats => 1708768801379,-2399901,3681
02-24 11:00:02.383  5565  5630 I BatteryMgr:DataCollectionService: stats => 1708768802383,-2418455,3681
02-24 11:00:03.388  5565  5630 I BatteryMgr:DataCollectionService: stats => 1708768803388,-2544432,3681
02-24 11:00:04.390  5565  5630 I BatteryMgr:DataCollectionService: stats => 1708768804390,-2357908,3686
02-24 11:00:05.393  5565  5630 I BatteryMgr:DataCollectionService: stats => 1708768805393,-2333006,3686
02-24 11:00:06.396  5565  5630 I BatteryMgr:DataCollectionService: stats => 1708768806396,-2374998,3686
02-24 11:00:07.400  5565  5630 I BatteryMgr:DataCollectionService: stats => 1708768807400,-2518553,3686
02-24 11:00:08.407  5565  5630 I BatteryMgr:DataCollectionService: stats => 1708768808407,-2540526,3686
02-24 11:00:09.410  5565  5630 I BatteryMgr:DataCollectionService: stats => 1708768809410,-2399901,3675
02-24 11:00:10.416  5565  5630 I BatteryMgr:DataCollectionService: stats => 1708768810415,-2516111,3675
02-24 11:00:11.420  5565  5630 I BatteryMgr:DataCollectionService: stats => 1708768811420,-2479979,3675
02-24 11:00:12.422  5565  5630 I BatteryMgr:DataCollectionService: stats => 1708768812422,-2422362,3675
02-24 11:00:13.425  5565  5630 I BatteryMgr:DataCollectionService: stats => 1708768813425,-2468748,3675
02-24 11:00:14.429  5565  5630 I BatteryMgr:DataCollectionService: stats => 1708768814429,-2518553,3677
02-24 11:00:15.435  5565  5630 I BatteryMgr:DataCollectionService: stats => 1708768815435,-2476561,3677
02-24 11:00:16.438  5565  5630 I BatteryMgr:DataCollectionService: stats => 1708768816438,-2454100,3677
02-24 11:00:17.441  5565  5630 I BatteryMgr:DataCollectionService: stats => 1708768817441,-2458494,3677
02-24 11:00:18.446  5565  5630 I BatteryMgr:DataCollectionService: stats => 1708768818446,-2424803,3677
02-24 11:00:19.452  5565  5630 I BatteryMgr:DataCollectionService: stats => 1708768819452,-2451170,3677
02-24 11:00:20.456  5565  5630 I BatteryMgr:DataCollectionService: stats => 1708768820456,-2397459,3677
02-24 11:00:21.460  5565  5630 I BatteryMgr:DataCollectionService: stats => 1708768821460,-2345213,3677
02-24 11:00:22.466  5565  5630 I BatteryMgr:DataCollectionService: stats => 1708768822466,-2394530,3677
02-24 11:00:23.469  5565  5630 I BatteryMgr:DataCollectionService: stats => 1708768823468,-2420897,3677
02-24 11:00:24.473  5565  5630 I BatteryMgr:DataCollectionService: stats => 1708768824473,-2460447,3680
02-24 11:00:25.477  5565  5630 I BatteryMgr:DataCollectionService: stats => 1708768825476,-2518553,3680
02-24 11:00:26.488  5565  5630 I BatteryMgr:DataCollectionService: stats => 1708768826488,-2463377,3680
02-24 11:00:27.493  5565  5630 I BatteryMgr:DataCollectionService: stats => 1708768827493,-2389158,3680
02-24 11:00:28.496  5565  5630 I BatteryMgr:DataCollectionService: stats => 1708768828496,-2296385,3680
02-24 11:00:29.504  5565  5630 I BatteryMgr:DataCollectionService: stats => 1708768829504,-2437010,3680
02-24 11:00:30.508  5565  5630 I BatteryMgr:DataCollectionService: stats => 1708768830508,-2267576,3680
02-24 11:00:31.511  5565  5630 I BatteryMgr:DataCollectionService: stats => 1708768831511,-2312987,3680
02-24 11:00:32.514  5565  5630 I BatteryMgr:DataCollectionService: stats => 1708768832514,-2420408,3680
02-24 11:00:33.517  5565  5630 I BatteryMgr:DataCollectionService: stats => 1708768833517,-2336912,3680
02-24 11:00:34.520  5565  5630 I BatteryMgr:DataCollectionService: stats => 1708768834520,-2350096,3685
02-24 11:00:35.523  5565  5630 I BatteryMgr:DataCollectionService: stats => 1708768835523,-2303221,3685
02-24 11:00:36.533  5565  5630 I BatteryMgr:DataCollectionService: stats => 1708768836533,-2303221,3685
02-24 11:00:37.536  5565  5630 I BatteryMgr:DataCollectionService: stats => 1708768837536,-2427244,3685
02-24 11:00:38.541  5565  5630 I BatteryMgr:DataCollectionService: stats => 1708768838541,-2314451,3685
02-24 11:00:39.544  5565  5630 I BatteryMgr:DataCollectionService: stats => 1708768839544,-2323240,3685
02-24 11:00:40.547  5565  5630 I BatteryMgr:DataCollectionService: stats => 1708768840547,-2380369,3685
02-24 11:00:41.550  5565  5630 I BatteryMgr:DataCollectionService: stats => 1708768841550,-2523436,3685
02-24 11:00:42.554  5565  5630 I BatteryMgr:DataCollectionService: stats => 1708768842554,-2441893,3685
02-24 11:00:43.556  5565  5630 I BatteryMgr:DataCollectionService: stats => 1708768843556,-2321287,3685
02-24 11:00:44.560  5565  5630 I BatteryMgr:DataCollectionService: stats => 1708768844560,-2454588,3685
02-24 11:00:45.563  5565  5630 I BatteryMgr:DataCollectionService: stats => 1708768845563,-2379881,3685
02-24 11:00:46.567  5565  5630 I BatteryMgr:DataCollectionService: stats => 1708768846567,-2414061,3685
02-24 11:00:47.570  5565  5630 I BatteryMgr:DataCollectionService: stats => 1708768847570,-2272948,3685
02-24 11:00:48.576  5565  5630 I BatteryMgr:DataCollectionService: stats => 1708768848576,-2302244,3685
02-24 11:00:49.578  5565  5630 I BatteryMgr:DataCollectionService: stats => 1708768849578,-2306639,3684
02-24 11:00:50.582  5565  5630 I BatteryMgr:DataCollectionService: stats => 1708768850582,-2403807,3684
02-24 11:00:51.585  5565  5630 I BatteryMgr:DataCollectionService: stats => 1708768851585,-2347166,3684
02-24 11:00:52.588  5565  5630 I BatteryMgr:DataCollectionService: stats => 1708768852588,-2442869,3684
02-24 11:00:53.591  5565  5630 I BatteryMgr:DataCollectionService: stats => 1708768853591,-2435545,3684
02-24 11:00:54.594  5565  5630 I BatteryMgr:DataCollectionService: stats => 1708768854594,-2393553,3676
02-24 11:00:55.598  5565  5630 I BatteryMgr:DataCollectionService: stats => 1708768855598,-2472166,3676
02-24 11:00:56.602  5565  5630 I BatteryMgr:DataCollectionService: stats => 1708768856602,-2353026,3676
02-24 11:00:57.605  5565  5630 I BatteryMgr:DataCollectionService: stats => 1708768857605,-2260252,3676
02-24 11:00:58.611  5565  5630 I BatteryMgr:DataCollectionService: stats => 1708768858611,-2478514,3676
02-24 11:00:59.616  5565  5630 I BatteryMgr:DataCollectionService: stats => 1708768859616,-2539061,3676
02-24 11:01:00.622  5565  5630 I BatteryMgr:DataCollectionService: stats => 1708768860622,-2472654,3676
02-24 11:01:01.625  5565  5630 I BatteryMgr:DataCollectionService: stats => 1708768861625,-2562498,3676
02-24 11:01:02.635  5565  5630 I BatteryMgr:DataCollectionService: stats => 1708768862634,-2604490,3676
02-24 11:01:03.639  5565  5630 I BatteryMgr:DataCollectionService: stats => 1708768863638,-2572752,3667
02-24 11:01:04.645  5565  5630 I BatteryMgr:DataCollectionService: stats => 1708768864645,-2547850,3667
02-24 11:01:05.650  5565  5630 I BatteryMgr:DataCollectionService: stats => 1708768865650,-2734373,3667
02-24 11:01:06.653  5565  5630 I BatteryMgr:DataCollectionService: stats => 1708768866653,-2619139,3667
02-24 11:01:07.659  5565  5630 I BatteryMgr:DataCollectionService: stats => 1708768867659,-2479490,3667
02-24 11:01:08.664  5565  5630 I BatteryMgr:DataCollectionService: stats => 1708768868664,-2496092,3667
02-24 11:01:09.667  5565  5630 I BatteryMgr:DataCollectionService: stats => 1708768869667,-2463865,3667
02-24 11:01:10.670  5565  5630 I BatteryMgr:DataCollectionService: stats => 1708768870670,-2473143,3667
02-24 11:01:11.673  5565  5630 I BatteryMgr:DataCollectionService: stats => 1708768871673,-2360350,3667
02-24 11:01:12.675  5565  5630 I BatteryMgr:DataCollectionService: stats => 1708768872675,-2473631,3667
02-24 11:01:13.695  5565  5630 I BatteryMgr:DataCollectionService: stats => 1708768873695,-2478026,3672
02-24 11:01:14.700  5565  5630 I BatteryMgr:DataCollectionService: stats => 1708768874700,-2491697,3672
02-24 11:01:15.703  5565  5630 I BatteryMgr:DataCollectionService: stats => 1708768875703,-2451658,3672
02-24 11:01:16.706  5565  5630 I BatteryMgr:DataCollectionService: stats => 1708768876706,-2424315,3672
02-24 11:01:17.709  5565  5630 I BatteryMgr:DataCollectionService: stats => 1708768877709,-2376951,3672
02-24 11:01:18.713  5565  5630 I BatteryMgr:DataCollectionService: stats => 1708768878713,-2350096,3672
02-24 11:01:19.716  5565  5630 I BatteryMgr:DataCollectionService: stats => 1708768879716,-2504881,3672
02-24 11:01:20.720  5565  5630 I BatteryMgr:DataCollectionService: stats => 1708768880720,-2381834,3672
02-24 11:01:21.724  5565  5630 I BatteryMgr:DataCollectionService: stats => 1708768881724,-2469237,3672
02-24 11:01:22.728  5565  5630 I BatteryMgr:DataCollectionService: stats => 1708768882728,-2547850,3672
02-24 11:01:23.732  5565  5630 I BatteryMgr:DataCollectionService: stats => 1708768883732,-2411131,3675
02-24 11:01:24.738  5565  5630 I BatteryMgr:DataCollectionService: stats => 1708768884738,-2405760,3675
02-24 11:01:25.741  5565  5630 I BatteryMgr:DataCollectionService: stats => 1708768885741,-2479002,3675
02-24 11:01:26.744  5565  5630 I BatteryMgr:DataCollectionService: stats => 1708768886744,-2478026,3670
02-24 11:01:27.747  5565  5630 I BatteryMgr:DataCollectionService: stats => 1708768887747,-2466795,3670
02-24 11:01:28.750  5565  5630 I BatteryMgr:DataCollectionService: stats => 1708768888750,-2470213,3670
02-24 11:01:29.753  5565  5630 I BatteryMgr:DataCollectionService: stats => 1708768889753,-2484373,3670
02-24 11:01:30.755  5565  5630 I BatteryMgr:DataCollectionService: stats => 1708768890755,-2342283,3670
02-24 11:01:31.758  5565  5630 I BatteryMgr:DataCollectionService: stats => 1708768891758,-2345213,3670
02-24 11:01:32.761  5565  5630 I BatteryMgr:DataCollectionService: stats => 1708768892761,-2382322,3670
02-24 11:01:33.768  5565  5630 I BatteryMgr:DataCollectionService: stats => 1708768893768,-2358397,3677
02-24 11:01:34.772  5565  5630 I BatteryMgr:DataCollectionService: stats => 1708768894772,-2358885,3677
02-24 11:01:35.776  5565  5630 I BatteryMgr:DataCollectionService: stats => 1708768895776,-2346190,3677
02-24 11:01:36.779  5565  5630 I BatteryMgr:DataCollectionService: stats => 1708768896779,-2315916,3677
02-24 11:01:37.782  5565  5630 I BatteryMgr:DataCollectionService: stats => 1708768897782,-2342772,3677
02-24 11:01:38.785  5565  5630 I BatteryMgr:DataCollectionService: stats => 1708768898784,-2319823,3677
02-24 11:01:39.787  5565  5630 I BatteryMgr:DataCollectionService: stats => 1708768899787,-2316893,3677
02-24 11:01:40.790  5565  5630 I BatteryMgr:DataCollectionService: stats => 1708768900790,-2357908,3677
02-24 11:01:41.794  5565  5630 I BatteryMgr:DataCollectionService: stats => 1708768901794,-2362791,3677
02-24 11:01:42.798  5565  5630 I BatteryMgr:DataCollectionService: stats => 1708768902798,-2372557,3677
02-24 11:01:43.801  5565  5630 I BatteryMgr:DataCollectionService: stats => 1708768903801,-2372069,3676
02-24 11:01:44.807  5565  5630 I BatteryMgr:DataCollectionService: stats => 1708768904807,-2351073,3676
02-24 11:01:45.810  5565  5630 I BatteryMgr:DataCollectionService: stats => 1708768905810,-2320311,3676
02-24 11:01:46.814  5565  5630 I BatteryMgr:DataCollectionService: stats => 1708768906814,-2331053,3676
02-24 11:01:47.818  5565  5630 I BatteryMgr:DataCollectionService: stats => 1708768907817,-2304686,3676
02-24 11:01:48.820  5565  5630 I BatteryMgr:DataCollectionService: stats => 1708768908820,-2354979,3676
02-24 11:01:49.823  5565  5630 I BatteryMgr:DataCollectionService: stats => 1708768909823,-2351073,3676
02-24 11:01:50.826  5565  5630 I BatteryMgr:DataCollectionService: stats => 1708768910826,-2365721,3676
02-24 11:01:51.829  5565  5630 I BatteryMgr:DataCollectionService: stats => 1708768911829,-2359373,3676
02-24 11:01:52.833  5565  5630 I BatteryMgr:DataCollectionService: stats => 1708768912833,-2368162,3676
02-24 11:01:53.836  5565  5630 I BatteryMgr:DataCollectionService: stats => 1708768913836,-2338865,3676
02-24 11:01:54.838  5565  5630 I BatteryMgr:DataCollectionService: stats => 1708768914838,-2363768,3676
02-24 11:01:55.844  5565  5630 I BatteryMgr:DataCollectionService: stats => 1708768915844,-2330565,3676
02-24 11:01:56.849  5565  5630 I BatteryMgr:DataCollectionService: stats => 1708768916849,-2317381,3676
02-24 11:01:57.852  5565  5630 I BatteryMgr:DataCollectionService: stats => 1708768917852,-2338865,3676
02-24 11:01:58.855  5565  5630 I BatteryMgr:DataCollectionService: stats => 1708768918855,-2359373,3676
02-24 11:01:59.858  5565  5630 I BatteryMgr:DataCollectionService: stats => 1708768919857,-2380369,3676
02-24 11:02:00.860  5565  5630 I BatteryMgr:DataCollectionService: stats => 1708768920860,-2369627,3676
02-24 11:02:01.863  5565  5630 I BatteryMgr:DataCollectionService: stats => 1708768921863,-2359373,3676
02-24 11:02:02.865  5565  5630 I BatteryMgr:DataCollectionService: stats => 1708768922865,-2351073,3676
02-24 11:02:03.868  5565  5630 I BatteryMgr:DataCollectionService: stats => 1708768923868,-2481444,3668
02-24 11:02:04.870  5565  5630 I BatteryMgr:DataCollectionService: stats => 1708768924870,-2318846,3668
02-24 11:02:05.873  5565  5630 I BatteryMgr:DataCollectionService: stats => 1708768925873,-2311033,3668
02-24 11:02:06.880  5565  5630 I BatteryMgr:DataCollectionService: stats => 1708768926880,-2368651,3668
02-24 11:02:07.884  5565  5630 I BatteryMgr:DataCollectionService: stats => 1708768927884,-2347655,3668
02-24 11:02:08.887  5565  5630 I BatteryMgr:DataCollectionService: stats => 1708768928887,-2400389,3668
02-24 11:02:09.890  5565  5630 I BatteryMgr:DataCollectionService: stats => 1708768929890,-2380858,3674
02-24 11:02:10.894  5565  5630 I BatteryMgr:DataCollectionService: stats => 1708768930893,-2412596,3674
02-24 11:02:11.896  5565  5630 I BatteryMgr:DataCollectionService: stats => 1708768931896,-2358885,3674
02-24 11:02:12.899  5565  5630 I BatteryMgr:DataCollectionService: stats => 1708768932899,-2339354,3674
02-24 11:02:13.902  5565  5630 I BatteryMgr:DataCollectionService: stats => 1708768933902,-2329588,3676
02-24 11:02:14.905  5565  5630 I BatteryMgr:DataCollectionService: stats => 1708768934905,-2336912,3676
02-24 11:02:15.908  5565  5630 I BatteryMgr:DataCollectionService: stats => 1708768935908,-2340330,3676
02-24 11:02:16.911  5565  5630 I BatteryMgr:DataCollectionService: stats => 1708768936911,-2420897,3676
02-24 11:02:17.914  5565  5630 I BatteryMgr:DataCollectionService: stats => 1708768937914,-2368162,3676
02-24 11:02:18.918  5565  5630 I BatteryMgr:DataCollectionService: stats => 1708768938918,-2384276,3676
02-24 11:02:19.925  5565  5630 I BatteryMgr:DataCollectionService: stats => 1708768939925,-2490233,3676
02-24 11:02:20.931  5565  5630 I BatteryMgr:DataCollectionService: stats => 1708768940931,-2506346,3676
02-24 11:02:21.936  5565  5630 I BatteryMgr:DataCollectionService: stats => 1708768941936,-2508787,3676
02-24 11:02:22.939  5565  5630 I BatteryMgr:DataCollectionService: stats => 1708768942939,-2530760,3676
02-24 11:02:23.943  5565  5630 I BatteryMgr:DataCollectionService: stats => 1708768943943,-2530760,3662
02-24 11:02:24.947  5565  5630 I BatteryMgr:DataCollectionService: stats => 1708768944947,-2506346,3662
02-24 11:02:25.950  5565  5630 I BatteryMgr:DataCollectionService: stats => 1708768945950,-2553709,3662
02-24 11:02:26.954  5565  5630 I BatteryMgr:DataCollectionService: stats => 1708768946954,-2536619,3662
02-24 11:02:27.958  5565  5630 I BatteryMgr:DataCollectionService: stats => 1708768947958,-2569822,3662
02-24 11:02:28.965  5565  5630 I BatteryMgr:DataCollectionService: stats => 1708768948965,-2720213,3662
02-24 11:02:29.968  5565  5630 I BatteryMgr:DataCollectionService: stats => 1708768949968,-2736815,3662
02-24 11:02:30.971  5565  5630 I BatteryMgr:DataCollectionService: stats => 1708768950971,-2605467,3662
02-24 11:02:31.974  5565  5630 I BatteryMgr:DataCollectionService: stats => 1708768951974,-2579588,3662
02-24 11:02:32.978  5565  5630 I BatteryMgr:DataCollectionService: stats => 1708768952977,-2521483,3662
02-24 11:02:33.980  5565  5630 I BatteryMgr:DataCollectionService: stats => 1708768953980,-2449705,3665
02-24 11:02:34.984  5565  5630 I BatteryMgr:DataCollectionService: stats => 1708768954984,-2392576,3665
02-24 11:02:35.988  5565  5630 I BatteryMgr:DataCollectionService: stats => 1708768955988,-2542479,3665
02-24 11:02:36.991  5565  5630 I BatteryMgr:DataCollectionService: stats => 1708768956991,-2448240,3665
02-24 11:02:37.996  5565  5630 I BatteryMgr:DataCollectionService: stats => 1708768957996,-2534178,3665
02-24 11:02:39.000  5565  5630 I BatteryMgr:DataCollectionService: stats => 1708768959000,-2513670,3665
02-24 11:02:40.004  5565  5630 I BatteryMgr:DataCollectionService: stats => 1708768960004,-2498533,3665
02-24 11:02:41.007  5565  5630 I BatteryMgr:DataCollectionService: stats => 1708768961007,-2441893,3665
02-24 11:02:42.010  5565  5630 I BatteryMgr:DataCollectionService: stats => 1708768962010,-2480467,3665
02-24 11:02:43.014  5565  5630 I BatteryMgr:DataCollectionService: stats => 1708768963014,-2407225,3665
02-24 11:02:44.017  5565  5630 I BatteryMgr:DataCollectionService: stats => 1708768964017,-2479490,3663
02-24 11:02:45.021  5565  5630 I BatteryMgr:DataCollectionService: stats => 1708768965021,-2499022,3663
02-24 11:02:46.024  5565  5630 I BatteryMgr:DataCollectionService: stats => 1708768966024,-2539549,3663
02-24 11:02:47.027  5565  5630 I BatteryMgr:DataCollectionService: stats => 1708768967027,-2423826,3661
02-24 11:02:48.031  5565  5630 I BatteryMgr:DataCollectionService: stats => 1708768968031,-2528319,3661
02-24 11:02:49.035  5565  5630 I BatteryMgr:DataCollectionService: stats => 1708768969035,-2370115,3661
