9.88 10.04 10.41 6/2899 14869
9.88 10.04 10.41 20/2899 14896
9.88 10.04 10.41 10/2902 14926
9.88 10.04 10.41 5/2902 14953
9.57 9.97 10.38 6/2902 14980
9.57 9.97 10.38 5/2904 15009
9.57 9.97 10.38 6/2905 15037
9.57 9.97 10.38 10/2905 15064
9.57 9.97 10.38 11/2905 15097
9.52 9.95 10.38 7/2907 15132
9.52 9.95 10.38 10/2907 15160
9.52 9.95 10.38 3/2906 15190
9.52 9.95 10.38 3/2910 15223
9.52 9.95 10.38 10/2910 15250
9.48 9.94 10.37 3/2911 15284
9.48 9.94 10.37 5/2911 15311
9.48 9.94 10.37 7/2912 15342
9.48 9.94 10.37 12/2908 15369
9.48 9.94 10.37 5/2912 15402
9.36 9.91 10.36 3/2912 15429
9.36 9.91 10.36 6/2912 15456
9.36 9.91 10.36 17/2912 15484
9.36 9.91 10.36 14/2912 15511
9.36 9.91 10.36 14/2912 15538
9.41 9.91 10.35 3/2912 15565
9.41 9.91 10.35 18/2912 15592
9.41 9.91 10.35 9/2918 15627
9.41 9.91 10.35 5/2918 15654
9.41 9.91 10.35 5/2918 15687
9.30 9.88 10.34 4/2918 15714
9.30 9.88 10.34 6/2918 15742
9.30 9.88 10.34 8/2918 15769
9.30 9.88 10.34 3/2918 15797
9.30 9.88 10.34 9/2918 15824
9.03 9.81 10.32 4/2919 15853
9.03 9.81 10.32 17/2919 15880
9.03 9.81 10.32 11/2925 15926
9.03 9.81 10.32 8/2927 15969
9.03 9.81 10.32 12/2928 15997
9.43 9.88 10.34 11/2928 16026
9.43 9.88 10.34 9/2935 16062
9.43 9.88 10.34 14/2935 16089
9.43 9.88 10.34 8/2935 16119
9.43 9.88 10.34 4/2935 16146
9.88 9.97 10.36 5/2935 16173
9.88 9.97 10.36 17/2935 16200
9.88 9.97 10.36 13/2935 16227
9.88 9.97 10.36 6/2935 16257
9.88 9.97 10.36 23/2935 16284
10.29 10.05 10.39 7/2935 16311
10.29 10.05 10.39 2/2935 16338
10.29 10.05 10.39 18/2935 16365
10.29 10.05 10.39 7/2934 16392
10.29 10.05 10.39 12/2934 16420
10.10 10.02 10.37 15/2934 16447
10.10 10.02 10.37 14/2934 16474
10.10 10.02 10.37 1/2934 16505
10.10 10.02 10.37 16/2934 16532
10.10 10.02 10.37 8/2934 16559
10.34 10.07 10.39 2/2934 16586
10.34 10.07 10.39 7/2935 16614
10.34 10.07 10.39 13/2935 16641
10.34 10.07 10.39 5/2935 16668
10.34 10.07 10.39 15/2935 16696
10.71 10.15 10.41 10/2935 16723
10.71 10.15 10.41 6/2935 16750
10.71 10.15 10.41 9/2934 16777
10.71 10.15 10.41 28/2941 16820
10.71 10.15 10.41 6/2942 16849
11.21 10.26 10.45 14/2942 16876
11.21 10.26 10.45 14/2942 16903
11.21 10.26 10.45 3/2942 16941
11.21 10.26 10.45 10/2938 16969
11.21 10.26 10.45 14/2943 17003
11.44 10.32 10.47 6/2943 17031
11.44 10.32 10.47 13/2943 17058
11.44 10.32 10.47 12/2943 17085
11.44 10.32 10.47 9/2942 17113
11.44 10.32 10.47 8/2942 17140
11.24 10.30 10.46 16/2942 17168
11.24 10.30 10.46 19/2942 17202
11.24 10.30 10.46 13/2942 17229
11.24 10.30 10.46 8/2942 17264
11.24 10.30 10.46 7/2942 17291
12.34 10.55 10.54 36/2938 17318
12.34 10.55 10.54 11/2943 17353
12.34 10.55 10.54 5/2967 17409
12.34 10.55 10.54 3/2973 17447
12.34 10.55 10.54 9/2973 17474
12.48 10.60 10.56 13/2969 17501
12.48 10.60 10.56 19/2973 17534
12.48 10.60 10.56 30/2973 17561
12.48 10.60 10.56 20/2971 17590
12.48 10.60 10.56 9/2970 17618
12.28 10.59 10.55 17/2971 17646
12.28 10.59 10.55 14/2971 17674
12.28 10.59 10.55 5/2974 17720
12.28 10.59 10.55 17/2978 17766
12.28 10.59 10.55 13/2977 17801
12.90 10.75 10.61 7/2975 17840
12.90 10.75 10.61 9/2973 17867
12.90 10.75 10.61 10/2973 17894
12.90 10.75 10.61 13/2970 17922
12.90 10.75 10.61 17/2970 17955
13.15 10.84 10.63 11/2968 17982
13.15 10.84 10.63 5/2962 18015
13.15 10.84 10.63 8/2961 18043
13.15 10.84 10.63 4/2965 18076
13.15 10.84 10.63 18/2961 18104
12.57 10.76 10.61 9/2965 18137
12.57 10.76 10.61 3/2961 18164
12.57 10.76 10.61 13/2965 18197
12.57 10.76 10.61 20/2965 18224
12.57 10.76 10.61 10/2965 18251
12.77 10.83 10.63 15/2965 18278
12.77 10.83 10.63 5/2965 18311
12.77 10.83 10.63 11/2965 18339
12.77 10.83 10.63 11/2965 18366
12.77 10.83 10.63 22/2965 18393
12.23 10.75 10.61 2/2965 18420
12.23 10.75 10.61 10/2965 18447
12.23 10.75 10.61 7/2965 18486
12.23 10.75 10.61 13/2965 18513
12.23 10.75 10.61 17/2951 18540
12.21 10.77 10.62 11/2951 18567
12.21 10.77 10.62 14/2947 18594
12.21 10.77 10.62 6/2951 18627
12.21 10.77 10.62 17/2950 18655
12.21 10.77 10.62 6/2950 18682
12.43 10.84 10.64 6/2950 18715
12.43 10.84 10.64 11/2946 18742
12.43 10.84 10.64 5/2950 18775
12.43 10.84 10.64 12/2950 18802
12.43 10.84 10.64 23/2950 18829
12.32 10.84 10.64 6/2950 18856
12.32 10.84 10.64 14/2950 18883
12.32 10.84 10.64 16/2950 18910
12.32 10.84 10.64 13/2950 18937
12.32 10.84 10.64 5/2950 18965
12.21 10.84 10.64 20/2950 18992
12.21 10.84 10.64 6/2950 19019
12.21 10.84 10.64 11/2950 19046
12.21 10.84 10.64 13/2950 19073
12.21 10.84 10.64 9/2949 19100
12.35 10.90 10.66 15/2949 19127
12.35 10.90 10.66 4/2951 19156
12.35 10.90 10.66 12/2950 19183
12.35 10.90 10.66 11/2950 19210
12.35 10.90 10.66 7/2950 19238
12.17 10.88 10.66 2/2950 19271
12.17 10.88 10.66 6/2950 19298
12.17 10.88 10.66 13/2947 19325
12.17 10.88 10.66 10/2938 19352
12.17 10.88 10.66 14/2937 19379
11.99 10.87 10.65 8/2937 19406
11.99 10.87 10.65 7/2937 19433
11.99 10.87 10.65 4/2937 19468
11.99 10.87 10.65 13/2933 19503
11.99 10.87 10.65 5/2933 19530
12.23 10.94 10.68 9/2933 19558
12.23 10.94 10.68 6/2933 19591
12.23 10.94 10.68 10/2930 19618
12.23 10.94 10.68 10/2926 19646
12.23 10.94 10.68 15/2926 19673
11.89 10.89 10.66 6/2926 19700
11.89 10.89 10.66 7/2926 19727
11.89 10.89 10.66 7/2926 19754
11.89 10.89 10.66 5/2926 19781
11.89 10.89 10.66 19/2926 19808
11.89 10.89 10.66 29/2926 19836
12.70 11.07 10.72 4/2926 19864
12.70 11.07 10.72 5/2927 19893
12.70 11.07 10.72 8/2927 19920
12.70 11.07 10.72 3/2927 19953
12.70 11.07 10.72 17/2927 19986
12.81 11.12 10.74 10/2927 20013
12.81 11.12 10.74 3/2927 20040
12.81 11.12 10.74 4/2927 20067
12.81 11.12 10.74 7/2927 20094
12.81 11.12 10.74 7/2927 20121
12.82 11.15 10.75 14/2927 20149
12.82 11.15 10.75 8/2927 20176
12.82 11.15 10.75 12/2927 20203
12.82 11.15 10.75 12/2927 20230
12.82 11.15 10.75 11/2927 20258
12.76 11.17 10.76 8/2927 20285
12.76 11.17 10.76 4/2927 20312
12.76 11.17 10.76 11/2927 20339
12.76 11.17 10.76 2/2927 20366
12.76 11.17 10.76 17/2927 20393
13.90 11.43 10.85 5/2927 20421
13.90 11.43 10.85 9/2927 20448
13.90 11.43 10.85 4/2927 20475
13.90 11.43 10.85 9/2927 20508
13.90 11.43 10.85 9/2927 20535
13.91 11.47 10.87 5/2927 20562
13.91 11.47 10.87 13/2927 20589
13.91 11.47 10.87 5/2927 20622
13.91 11.47 10.87 9/2927 20655
13.91 11.47 10.87 13/2923 20682
13.91 11.51 10.88 9/2927 20715
13.91 11.51 10.88 11/2923 20743
13.91 11.51 10.88 4/2927 20776
13.91 11.51 10.88 7/2927 20803
13.91 11.51 10.88 16/2923 20830
14.32 11.64 10.93 11/2927 20863
14.32 11.64 10.93 2/2927 20890
14.32 11.64 10.93 3/2932 20927
14.32 11.64 10.93 7/2932 20954
14.32 11.64 10.93 8/2932 20981
14.30 11.68 10.94 12/2932 21014
14.30 11.68 10.94 2/2932 21041
14.30 11.68 10.94 4/2932 21069
14.30 11.68 10.94 13/2932 21096
14.30 11.68 10.94 11/2932 21129
14.43 11.75 10.97 10/2932 21156
14.43 11.75 10.97 12/2932 21191
14.43 11.75 10.97 15/2932 21226
14.43 11.75 10.97 8/2932 21253
14.43 11.75 10.97 14/2932 21286
15.04 11.92 11.03 13/2932 21313
15.04 11.92 11.03 12/2932 21340
15.04 11.92 11.03 14/2932 21387
15.04 11.92 11.03 8/2932 21420
15.04 11.92 11.03 7/2932 21447
14.39 11.84 11.01 9/2932 21474
14.39 11.84 11.01 4/2931 21501
14.39 11.84 11.01 15/2932 21532
14.39 11.84 11.01 15/2932 21559
14.39 11.84 11.01 4/2932 21586
15.16 12.04 11.08 14/2932 21619
15.16 12.04 11.08 11/2932 21646
15.16 12.04 11.08 15/2932 21674
15.16 12.04 11.08 5/2932 21702
15.16 12.04 11.08 18/2932 21730
14.83 12.02 11.08 12/2932 21757
14.83 12.02 11.08 9/2932 21784
14.83 12.02 11.08 7/2932 21811
14.83 12.02 11.08 14/2932 21838
