6378.16 16857.22
6379.16 16858.91
6380.23 16862.04
6381.15 16864.88
6382.18 16868.49
6383.21 16872.23
6384.14 16874.84
6385.14 16877.23
6386.15 16879.79
6387.20 16882.94
6388.16 16885.77
6389.15 16888.63
6390.15 16891.46
6391.15 16894.35
6392.15 16897.37
6393.15 16900.36
6394.27 16903.77
6395.19 16906.50
6396.22 16909.56
6397.24 16912.60
6398.15 16915.05
6399.18 16917.90
6400.21 16921.00
6401.23 16924.00
6402.26 16927.15
6403.18 16929.91
6404.15 16932.83
6405.18 16935.92
6406.22 16939.05
6407.17 16941.89
6408.20 16944.99
6409.22 16948.04
6410.15 16950.80
6411.15 16953.83
6412.19 16956.98
6413.21 16960.08
6414.24 16963.20
6415.18 16966.05
6416.18 16969.03
6417.21 16972.15
6418.23 16975.19
6419.26 16978.02
6420.17 16980.42
6421.20 16983.54
6422.23 16986.66
6423.25 16989.77
6424.27 16992.80
6425.19 16995.56
6426.22 16998.51
6427.17 17001.41
6428.16 17004.37
6429.16 17007.24
6430.14 17010.12
6431.18 17013.35
6432.16 17016.20
6433.15 17019.03
6434.15 17021.66
6435.15 17024.42
6436.16 17027.19
6437.15 17029.88
6438.15 17032.66
6439.16 17035.42
6440.19 17038.05
6441.18 17040.10
6442.15 17042.38
6443.15 17044.97
6444.15 17047.66
6445.15 17050.33
6446.15 17053.06
6447.15 17055.73
6448.15 17058.44
6449.17 17061.30
6450.16 17063.96
6451.16 17066.36
6452.15 17068.98
6453.15 17071.65
6454.16 17074.34
6455.15 17077.02
6456.15 17079.82
6457.15 17082.57
6458.15 17085.28
6459.15 17087.97
6460.15 17090.60
6461.15 17093.30
6462.15 17095.62
6463.15 17097.96
6464.18 17100.73
6465.15 17103.39
6466.18 17106.10
6467.15 17108.62
6468.16 17111.37
6469.15 17114.08
6470.16 17116.75
6471.15 17119.13
6472.15 17121.40
6473.15 17123.76
6474.15 17126.20
6475.15 17128.75
6476.16 17131.19
6477.16 17133.54
6478.15 17135.99
6479.16 17138.53
6480.15 17140.95
6481.16 17143.37
6482.15 17145.69
6483.16 17148.01
6484.16 17150.03
6485.15 17152.37
6486.16 17154.86
6487.15 17157.33
6488.16 17159.85
6489.15 17162.26
6490.15 17164.82
6491.15 17167.56
6492.15 17170.27
6493.16 17172.91
6494.15 17175.41
6495.16 17177.96
6496.15 17180.42
6497.19 17183.14
6498.15 17185.71
6499.16 17188.30
6500.16 17190.62
6501.15 17193.10
6502.16 17195.68
6503.15 17198.13
6504.16 17200.84
6505.15 17202.92
6506.16 17204.94
6507.15 17207.49
6508.16 17210.15
6509.16 17212.73
6510.16 17215.36
6511.16 17217.79
6512.19 17220.64
6513.20 17223.34
6514.15 17225.78
6515.19 17228.52
6516.16 17231.07
6517.15 17233.71
6518.15 17236.31
6519.16 17238.91
6520.15 17241.37
6521.15 17243.92
6522.15 17246.49
6523.16 17249.04
6524.16 17251.52
6525.16 17254.05
6526.16 17256.35
6527.15 17258.38
6528.16 17260.80
6529.15 17263.25
6530.15 17265.74
6531.15 17268.22
6532.15 17270.65
6533.16 17273.32
6534.16 17275.88
6535.16 17278.45
6536.16 17281.12
6537.15 17283.68
6538.16 17286.43
6539.16 17289.17
6540.16 17291.89
6541.16 17294.55
6542.15 17297.30
6543.15 17300.12
6544.16 17302.91
6545.15 17305.64
6546.16 17308.39
6547.16 17310.99
6548.15 17312.86
6549.15 17315.01
6550.16 17317.60
6551.15 17319.97
6552.16 17322.30
6553.16 17324.70
6554.15 17327.09
6555.16 17329.55
6556.16 17332.05
6557.15 17334.52
6558.16 17337.06
6559.17 17339.61
6560.16 17342.01
6561.19 17344.56
6562.16 17346.99
6563.15 17349.51
6564.15 17352.05
6565.15 17354.72
6566.15 17357.27
6567.15 17359.76
6568.15 17362.43
6569.15 17364.87
6570.17 17367.12
6571.17 17369.79
6572.20 17372.32
6573.16 17374.84
6574.15 17377.37
6575.15 17380.08
6576.16 17382.54
6577.15 17385.01
6578.16 17387.47
6579.15 17389.91
6580.15 17392.43
6581.16 17394.99
6582.15 17397.46
6583.17 17400.23
6584.15 17402.86
6585.16 17405.44
6586.16 17407.86
6587.16 17410.43
6588.16 17413.07
6589.15 17415.66
6590.17 17418.20
6591.16 17420.28
6592.15 17422.53
6593.18 17425.25
6594.18 17427.90
6595.16 17430.49
6596.16 17433.01
6597.16 17435.54
6598.15 17438.05
6599.18 17440.73
6600.15 17443.08
6601.16 17445.70
6602.17 17448.31
6603.15 17450.93
6604.17 17453.67
6605.16 17456.20
6606.16 17458.80
6607.16 17461.54
6608.18 17464.32
6609.16 17466.82
6610.16 17469.25
6611.15 17471.72
6612.16 17474.00
6613.17 17476.11
6614.15 17478.45
6615.16 17480.89
6616.17 17483.31
6617.15 17485.67
6618.16 17487.97
6619.16 17490.35
6620.16 17492.70
6621.15 17495.15
6622.16 17497.72
6623.18 17500.35
6624.16 17503.01
6625.16 17505.67
6626.18 17508.10
6627.16 17510.56
6628.16 17512.82
6629.16 17514.89
6630.15 17517.29
6631.15 17519.86
6632.15 17522.18
6633.15 17524.50
6634.16 17526.51
6635.16 17528.91
6636.16 17531.52
6637.16 17534.16
6638.17 17536.84
6639.15 17539.40
6640.15 17541.99
6641.16 17544.60
6642.17 17547.36
6643.16 17550.02
6644.17 17552.70
6645.16 17555.42
6646.17 17558.00
6647.16 17560.59
6648.16 17563.17
6649.17 17565.70
6650.16 17568.05
6651.16 17570.55
6652.15 17573.16
6653.16 17575.54
6654.16 17578.03
6655.16 17580.09
6656.17 17582.32
6657.15 17585.03
6658.16 17587.51
6659.16 17590.09
6660.15 17592.68
6661.15 17595.25
6662.15 17597.90
6663.16 17600.49
6664.16 17603.07
6665.18 17605.83
6666.17 17608.41
6667.16 17610.96
6668.20 17613.63
6669.15 17616.14
6670.15 17618.74
6671.16 17621.51
6672.16 17624.17
6673.15 17626.65
6674.16 17629.07
6675.16 17631.65
6676.15 17634.09
6677.15 17635.96
6678.16 17638.20
6679.17 17640.64
6680.18 17643.02
6681.16 17645.40
6682.17 17647.85
6683.16 17650.28
6684.16 17652.70
6685.16 17655.28
6686.16 17657.95
6687.16 17660.50
6688.16 17663.05
6689.15 17665.63
6690.17 17668.14
6691.16 17670.61
6692.20 17673.17
6693.16 17675.61
6694.17 17678.34
6695.16 17681.05
6696.16 17683.70
6697.16 17686.25
6698.16 17688.67
6699.16 17690.98
6700.16 17693.63
6701.15 17696.15
6702.17 17698.77
6703.16 17701.25
6704.20 17703.93
6705.15 17706.51
6706.16 17709.15
6707.17 17711.75
6708.20 17714.54
6709.17 17717.24
6710.15 17719.79
6711.15 17722.31
6712.16 17724.88
6713.20 17727.61
6714.16 17730.23
6715.16 17732.88
6716.20 17735.63
6717.16 17738.15
6718.15 17740.87
6719.17 17743.30
6720.16 17745.30
6721.17 17747.80
6722.16 17750.30
6723.15 17753.03
6724.16 17755.68
6725.16 17758.27
6726.15 17760.78
6727.15 17763.37
6728.16 17765.99
6729.16 17768.58
6730.15 17771.12
6731.16 17773.74
6732.16 17776.34
6733.15 17778.84
6734.16 17781.37
6735.16 17783.95
6736.15 17786.39
6737.16 17788.81
6738.17 17791.28
6739.16 17793.88
6740.16 17796.33
6741.16 17798.42
6742.16 17800.55
6743.17 17803.01
6744.16 17805.47
6745.17 17808.16
6746.15 17810.68
6747.16 17813.14
6748.16 17815.66
6749.17 17818.22
6750.16 17820.85
6751.16 17823.48
6752.16 17825.92
6753.16 17828.45
6754.16 17830.97
6755.19 17833.66
6756.17 17836.20
6757.16 17838.62
6758.16 17841.06
6759.16 17843.61
6760.17 17846.12
6761.18 17848.66
6762.16 17850.88
6763.16 17853.04
6764.16 17855.35
6765.16 17857.84
6766.16 17860.34
6767.16 17862.80
6768.17 17865.32
6769.17 17867.93
6770.17 17870.53
6771.16 17873.18
6772.16 17875.82
6773.17 17878.50
6774.16 17881.23
6775.16 17884.00
6776.16 17886.74
6777.16 17889.36
6778.16 17892.03
6779.17 17894.66
6780.15 17897.18
6781.17 17899.77
6782.15 17902.31
6783.16 17904.93
6784.16 17907.00
6785.17 17909.41
6786.17 17912.13
6787.17 17914.78
6788.16 17917.46
6789.17 17920.19
6790.16 17922.82
6791.17 17925.52
6792.17 17928.31
6793.16 17931.08
6794.20 17933.85
6795.16 17936.41
6796.16 17939.14
6797.16 17941.81
6798.15 17944.45
6799.17 17947.33
6800.17 17950.19
6801.17 17953.02
6802.16 17955.71
6803.16 17958.41
6804.16 17961.05
6805.17 17963.34
6806.16 17965.44
6807.16 17968.05
6808.15 17970.71
6809.16 17973.39
6810.17 17975.89
6811.16 17978.42
6812.16 17980.72
6813.17 17983.26
6814.16 17985.53
6815.16 17987.99
6816.16 17990.48
6817.16 17993.06
6818.16 17995.55
6819.15 17997.99
6820.17 18000.44
6821.15 18002.85
6822.17 18005.41
6823.15 18008.00
6824.16 18010.64
6825.16 18013.30
6826.15 18015.72
6827.17 18017.76
6828.16 18020.14
6829.15 18022.80
6830.16 18025.51
6831.17 18028.15
6832.16 18030.62
6833.16 18033.18
6834.17 18035.80
6835.16 18038.43
6836.16 18041.03
6837.16 18043.59
6838.16 18046.25
6839.16 18048.85
6840.16 18051.28
6841.16 18053.82
6842.16 18056.35
6843.16 18059.03
6844.16 18061.73
6845.17 18064.42
6846.16 18067.03
6847.16 18069.57
6848.16 18071.85
6849.16 18074.03
6850.16 18076.74
6851.17 18079.61
6852.17 18082.36
6853.17 18084.92
6854.17 18087.21
6855.16 18089.56
6856.16 18091.91
6857.16 18094.33
6858.16 18097.07
6859.16 18099.88
6860.17 18102.32
6861.16 18104.76
6862.17 18107.19
6863.16 18109.39
6864.17 18111.87
6865.16 18114.26
6866.16 18116.71
6867.16 18119.25
6868.17 18121.80
6869.16 18124.39
6870.17 18126.56
6871.16 18128.95
6872.15 18131.43
6873.16 18134.07
6874.17 18136.70
6875.16 18139.43
6876.17 18142.08
6877.16 18144.63
6878.17 18147.17
6879.16 18149.75
6880.16 18152.32
6881.17 18154.93
6882.16 18157.55
6883.17 18160.28
6884.20 18163.04
6885.15 18165.63
6886.17 18168.31
6887.20 18170.78
6888.16 18172.98
6889.17 18175.49
6890.17 18178.07
6891.17 18180.36
6892.16 18182.33
6893.16 18184.77
6894.16 18187.35
6895.17 18189.65
6896.16 18192.00
6897.16 18194.24
6898.17 18196.56
6899.20 18198.84
6900.16 18200.96
6901.17 18203.34
6902.19 18205.81
6903.16 18208.28
6904.16 18210.68
6905.16 18213.05
6906.15 18215.44
6907.17 18217.83
6908.20 18220.37
6909.16 18222.72
6910.16 18225.23
6911.15 18227.56
6912.16 18229.90
6913.17 18231.78
6914.19 18233.97
6915.16 18236.23
6916.17 18238.78
6917.16 18241.25
6918.17 18243.81
6919.17 18246.23
6920.17 18248.60
6921.17 18251.05
6922.16 18253.53
6923.16 18256.13
6924.19 18258.84
6925.17 18261.33
6926.20 18263.86
6927.17 18266.12
6928.16 18268.50
6929.19 18271.07
6930.16 18273.29
6931.16 18275.72
6932.17 18278.04
6933.16 18280.50
6934.17 18282.61
6935.17 18284.81
6936.17 18287.35
6937.16 18290.00
6938.17 18292.70
6939.16 18295.36
6940.19 18298.02
6941.16 18300.60
6942.17 18303.36
6943.16 18306.05
6944.16 18308.44
6945.17 18310.70
6946.17 18313.43
6947.16 18316.00
6948.17 18318.78
6949.17 18321.54
6950.17 18324.16
6951.16 18326.72
6952.16 18329.29
6953.16 18331.76
6954.17 18334.14
6955.16 18336.38
6956.17 18338.59
6957.16 18341.23
6958.16 18344.00
6959.17 18346.70
6960.17 18349.30
6961.17 18352.08
6962.16 18354.73
6963.20 18357.43
6964.19 18359.94
6965.16 18362.38
6966.16 18364.86
6967.20 18367.38
6968.17 18369.84
6969.16 18372.36
6970.17 18374.87
6971.16 18377.49
6972.17 18380.13
6973.16 18382.80
6974.17 18385.59
6975.15 18388.17
6976.20 18390.86
6977.16 18392.79
6978.16 18395.04
6979.17 18397.60
6980.16 18400.11
6981.16 18402.59
6982.17 18405.05
6983.18 18407.66
6984.17 18410.21
6985.16 18412.76
6986.17 18415.31
6987.17 18417.77
6988.17 18420.42
6989.16 18422.95
6990.16 18425.34
6991.17 18427.69
6992.17 18429.98
6993.17 18432.19
6994.16 18434.77
6995.16 18437.33
6996.19 18440.09
6997.16 18442.65
6998.17 18445.00
6999.16 18447.07
7000.16 18449.64
7001.16 18452.33
7002.16 18454.94
7003.16 18457.60
7004.19 18460.40
7005.17 18463.00
7006.17 18465.63
7007.17 18468.22
7008.16 18470.82
7009.19 18473.52
7010.19 18476.16
7011.16 18478.68
7012.16 18481.33
7013.16 18484.02
7014.17 18486.62
7015.16 18489.22
7016.17 18491.94
7017.17 18494.56
7018.16 18497.13
7019.16 18499.80
7020.18 18502.03
7021.17 18504.37
7022.16 18506.93
7023.16 18509.53
7024.16 18512.08
7025.16 18514.76
7026.18 18517.55
7027.16 18520.13
7028.16 18522.80
7029.17 18525.48
7030.16 18528.11
7031.17 18530.76
7032.17 18533.39
7033.16 18536.09
7034.17 18538.63
7035.17 18541.22
7036.17 18543.79
7037.18 18546.42
7038.16 18549.10
7039.16 18551.75
7040.16 18554.35
7041.16 18556.66
7042.16 18558.78
7043.18 18561.39
7044.16 18563.77
7045.17 18566.35
7046.16 18568.85
7047.16 18571.23
7048.16 18573.58
7049.16 18575.98
7050.16 18578.44
7051.17 18580.87
7052.17 18583.41
7053.16 18585.79
7054.17 18588.42
7055.17 18590.84
7056.17 18593.51
7057.17 18596.17
7058.16 18598.66
7059.18 18601.18
7060.18 18603.61
7061.17 18605.90
7062.17 18608.11
7063.16 18610.17
7064.16 18612.65
7065.17 18615.32
7066.16 18617.74
7067.16 18620.29
7068.16 18622.97
7069.18 18625.72
7070.17 18628.34
7071.17 18631.01
7072.17 18633.73
7073.16 18636.37
7074.17 18639.01
7075.18 18641.69
7076.17 18644.28
7077.16 18646.81
7078.17 18649.51
7079.16 18652.23
7080.17 18654.81
7081.17 18657.40
7082.17 18659.95
7083.16 18662.59
7084.17 18664.83
7085.16 18667.04
7086.16 18669.55
7087.17 18672.10
7088.16 18674.64
7089.16 18677.29
7090.17 18680.06
7091.17 18682.83
7092.16 18685.44
7093.17 18688.09
7094.18 18690.63
7095.17 18693.15
7096.17 18695.83
7097.16 18698.22
7098.18 18700.87
7099.17 18703.59
7100.18 18706.26
7101.17 18708.85
7102.17 18711.46
7103.17 18714.06
7104.17 18716.66
7105.17 18719.13
7106.16 18721.22
7107.17 18723.62
7108.17 18726.23
7109.18 18728.80
7110.16 18731.32
7111.17 18733.92
7112.16 18736.27
7113.17 18738.72
7114.17 18741.38
7115.16 18744.09
7116.17 18746.73
7117.17 18749.36
7118.17 18751.88
7119.17 18754.52
7120.17 18757.13
7121.17 18759.73
7122.16 18762.27
7123.17 18764.97
7124.16 18767.47
7125.17 18769.87
7126.16 18772.42
7127.18 18774.53
7128.16 18776.71
7129.17 18779.50
7130.16 18782.08
7131.16 18784.71
7132.17 18787.26
7133.17 18789.91
7134.17 18792.59
7135.17 18795.36
7136.16 18798.12
7137.18 18800.87
7138.17 18803.42
7139.16 18806.15
7140.17 18808.87
7141.16 18811.63
7142.19 18814.39
7143.17 18817.04
7144.17 18819.71
7145.17 18822.51
7146.16 18825.18
7147.17 18827.86
7148.16 18830.32
7149.17 18832.46
7150.16 18835.11
7151.18 18837.87
7152.17 18840.52
7153.17 18843.30
7154.17 18845.98
7155.16 18848.55
7156.16 18850.93
7157.16 18853.21
7158.17 18855.61
7159.17 18857.96
7160.17 18860.27
7161.16 18862.55
7162.17 18864.87
7163.18 18867.27
7164.18 18869.73
7165.16 18872.27
7166.17 18875.08
7167.18 18877.62
7168.17 18880.12
7169.16 18882.63
7170.18 18884.77
7171.17 18887.08
7172.17 18889.70
7173.17 18892.29
7174.17 18894.98
7175.17 18897.60
7176.17 18900.23
7177.17 18902.89
7178.18 18905.40
7179.17 18907.94
7180.17 18910.51
7181.18 18913.26
7182.17 18915.96
7183.17 18918.67
7184.17 18921.32
7185.16 18924.02
7186.16 18926.70
7187.17 18929.31
7188.18 18932.02
7189.16 18934.76
7190.17 18937.46
7191.17 18939.88
7192.18 18942.20
7193.17 18944.84
7194.17 18947.48
7195.16 18950.21
7196.17 18952.89
7197.16 18955.44
7198.17 18958.29
7199.16 18960.96
7200.17 18963.52
7201.17 18966.07
7202.17 18968.74
7203.17 18971.29
7204.17 18974.03
7205.16 18976.52
7206.16 18979.11
7207.18 18981.71
7208.17 18984.38
7209.18 18987.00
7210.17 18989.46
7211.17 18991.94
7212.16 18993.25
7213.17 18995.51
7214.17 18997.63
7215.16 19000.06
7216.17 19002.38
7217.17 19004.60
7218.17 19007.17
7219.16 19009.74
7220.16 19012.20
7221.17 19014.86
7222.17 19017.28
7223.18 19019.91
7224.30 19022.06
7225.28 19024.32
7227.18 19028.85
7228.16 19030.85
7229.16 19033.65
7230.16 19036.29
7231.17 19038.96
7232.17 19041.49
7233.16 19043.92
7234.18 19046.17
7235.17 19048.22
7236.17 19050.52
7237.17 19052.72
7238.21 19055.35
7239.17 19057.90
7240.18 19060.36
7241.17 19062.79
7242.17 19065.40
7243.18 19068.06
7244.22 19071.00
7245.18 19073.69
7246.17 19076.42
7247.17 19078.77
7248.18 19081.13
7249.16 19083.50
7250.17 19086.13
7251.17 19088.46
7252.17 19090.74
7253.21 19093.19
7254.17 19095.68
7255.17 19098.01
7256.20 19100.00
7257.17 19102.21
7258.17 19104.80
7259.22 19107.29
7260.18 19108.85
7261.18 19110.64
7262.16 19113.14
7263.16 19115.90
7264.17 19118.41
7265.19 19121.04
7266.17 19123.57
7267.17 19125.99
7268.18 19128.55
7269.18 19131.09
7270.17 19133.64
7271.16 19136.21
7272.18 19138.81
7273.17 19141.35
7274.17 19143.61
7275.17 19146.15
7276.17 19148.68
7277.17 19150.61
7278.17 19152.68
7279.22 19155.38
7280.17 19157.85
7281.17 19160.58
7282.17 19163.06
7283.17 19165.56
7284.17 19168.02
7285.16 19170.51
7286.17 19172.98
7287.17 19175.27
7288.17 19177.77
7289.16 19180.28
7290.18 19182.79
7291.16 19185.53
7292.18 19188.03
7293.16 19190.31
7294.18 19192.90
7295.16 19195.24
7296.17 19197.71
7297.17 19200.10
7298.17 19202.34
7299.17 19204.39
7300.18 19206.43
7301.17 19208.91
7302.17 19211.38
7303.17 19213.80
7304.18 19216.36
7305.17 19218.89
7306.16 19221.31
7307.17 19223.90
7308.17 19226.45
7309.17 19229.02
7310.17 19231.54
7311.18 19234.00
7312.17 19236.53
7313.18 19239.07
7314.17 19241.55
7315.17 19244.08
7316.17 19246.56
7317.18 19249.00
7318.17 19251.40
7319.18 19253.94
7320.18 19256.08
7321.18 19258.15
7322.17 19260.63
7323.17 19263.25
7324.18 19265.72
7325.18 19268.22
7326.18 19270.60
7327.17 19273.08
7328.17 19275.60
7329.17 19278.14
7330.16 19280.65
7331.16 19283.26
7332.18 19285.94
7333.18 19288.60
7334.18 19291.37
7335.17 19294.10
7336.18 19296.55
7337.17 19298.87
