6.94 7.83 6.51 6/2811 2823
6.94 7.83 6.51 3/2811 2904
6.94 7.83 6.51 4/2828 3053
7.51 7.94 6.55 3/2858 3214
7.51 7.94 6.55 10/2920 3460
7.51 7.94 6.55 2/2938 3621
7.51 7.94 6.55 2/2938 3684
7.51 7.94 6.55 2/2934 3716
7.39 7.90 6.55 4/2934 3760
7.39 7.90 6.55 1/2929 3812
7.39 7.90 6.55 3/2929 3900
7.39 7.90 6.55 3/2929 3961
7.39 7.90 6.55 4/2930 4023
7.36 7.89 6.55 3/2932 4107
7.36 7.89 6.55 8/2932 4207
7.36 7.89 6.55 2/2932 4245
7.36 7.89 6.55 3/2932 4280
7.36 7.89 6.55 2/2932 4327
7.25 7.86 6.55 4/2932 4365
7.25 7.86 6.55 2/2932 4408
7.25 7.86 6.55 3/2932 4437
7.25 7.86 6.55 3/2932 4468
7.25 7.86 6.55 4/2932 4500
7.23 7.84 6.55 3/2932 4548
7.23 7.84 6.55 2/2932 4590
7.23 7.84 6.55 3/2932 4627
7.23 7.84 6.55 3/2932 4676
7.23 7.84 6.55 1/2938 4716
7.21 7.83 6.55 2/2948 4828
7.21 7.83 6.55 3/2950 4896
7.21 7.83 6.55 2/2950 4925
7.21 7.83 6.55 8/2950 4957
7.21 7.83 6.55 3/2949 4986
7.11 7.80 6.55 5/2949 5013
7.11 7.80 6.55 5/2949 5040
7.11 7.80 6.55 5/2949 5067
7.11 7.80 6.55 2/2949 5095
7.11 7.80 6.55 4/2949 5123
7.02 7.77 6.55 5/2949 5183
7.02 7.77 6.55 3/2949 5214
7.02 7.77 6.55 4/2950 5243
7.02 7.77 6.55 1/2950 5271
7.02 7.77 6.55 3/2950 5298
7.10 7.77 6.55 5/2950 5325
7.10 7.77 6.55 1/2950 5355
7.10 7.77 6.55 2/2949 5382
7.10 7.77 6.55 3/2949 5410
7.10 7.77 6.55 3/2949 5441
7.01 7.74 6.55 2/2973 5500
7.01 7.74 6.55 9/2972 5528
7.01 7.74 6.55 3/2972 5557
7.01 7.74 6.55 1/2972 5589
7.01 7.74 6.55 3/2973 5618
6.93 7.71 6.55 1/2973 5645
6.93 7.71 6.55 3/2973 5673
6.93 7.71 6.55 5/2973 5700
6.93 7.71 6.55 2/2973 5727
6.93 7.71 6.55 3/2973 5755
6.78 7.67 6.54 2/2973 5783
6.78 7.67 6.54 2/2972 5810
6.78 7.67 6.54 4/2971 5837
6.78 7.67 6.54 3/2970 5864
6.78 7.67 6.54 8/2970 5891
6.63 7.62 6.53 2/2970 5918
6.63 7.62 6.53 3/2967 5948
6.63 7.62 6.53 2/2956 5975
6.63 7.62 6.53 12/2956 6002
6.63 7.62 6.53 3/2956 6029
6.66 7.61 6.53 8/2956 6056
6.66 7.61 6.53 1/2949 6084
6.66 7.61 6.53 3/2947 6111
6.66 7.61 6.53 6/2947 6138
6.66 7.61 6.53 2/2947 6165
6.77 7.62 6.54 6/2947 6192
6.77 7.62 6.54 4/2945 6219
6.77 7.62 6.54 2/2944 6246
6.77 7.62 6.54 1/2944 6273
6.77 7.62 6.54 3/2944 6300
6.87 7.62 6.55 3/2944 6327
6.87 7.62 6.55 3/2943 6354
6.87 7.62 6.55 2/2943 6382
6.87 7.62 6.55 8/2943 6409
6.87 7.62 6.55 8/2943 6436
6.88 7.61 6.55 3/2943 6463
6.88 7.61 6.55 5/2943 6490
6.88 7.61 6.55 4/2943 6517
6.88 7.61 6.55 2/2943 6552
6.88 7.61 6.55 2/2943 6579
6.73 7.57 6.54 1/2943 6606
6.73 7.57 6.54 1/2942 6641
6.73 7.57 6.54 2/2942 6668
6.73 7.57 6.54 1/2943 6697
6.73 7.57 6.54 5/2943 6724
6.75 7.56 6.55 2/2943 6751
6.75 7.56 6.55 4/2943 6779
6.75 7.56 6.55 7/2943 6806
6.75 7.56 6.55 5/2942 6833
6.75 7.56 6.55 5/2942 6860
7.17 7.63 6.58 1/2942 6887
7.17 7.63 6.58 4/2942 6914
7.17 7.63 6.58 1/2942 6941
7.17 7.63 6.58 9/2942 6968
7.17 7.63 6.58 2/2942 6995
7.16 7.62 6.58 2/2942 7022
7.16 7.62 6.58 4/2941 7049
7.16 7.62 6.58 7/2940 7077
7.16 7.62 6.58 9/2940 7104
7.16 7.62 6.58 3/2940 7131
7.23 7.63 6.59 5/2940 7158
7.23 7.63 6.59 7/2940 7185
7.23 7.63 6.59 4/2940 7212
7.23 7.63 6.59 3/2940 7240
7.23 7.63 6.59 3/2940 7267
7.05 7.59 6.58 1/2940 7294
7.05 7.59 6.58 8/2940 7321
7.05 7.59 6.58 8/2940 7348
7.05 7.59 6.58 1/2940 7376
7.05 7.59 6.58 4/2940 7403
7.04 7.58 6.58 8/2940 7430
7.04 7.58 6.58 3/2940 7457
7.04 7.58 6.58 3/2938 7484
7.04 7.58 6.58 1/2936 7511
7.04 7.58 6.58 2/2935 7538
7.12 7.58 6.59 1/2935 7565
7.12 7.58 6.59 5/2940 7599
7.12 7.58 6.59 1/2942 7628
7.12 7.58 6.59 8/2942 7655
7.12 7.58 6.59 2/2942 7683
7.19 7.59 6.60 3/2944 7712
7.19 7.59 6.60 8/2944 7739
7.19 7.59 6.60 7/2944 7766
7.19 7.59 6.60 1/2944 7793
7.19 7.59 6.60 2/2944 7820
7.19 7.59 6.60 2/2944 7847
7.26 7.60 6.60 3/2944 7877
7.26 7.60 6.60 4/2944 7904
7.26 7.60 6.60 1/2944 7931
7.26 7.60 6.60 4/2944 7958
7.26 7.60 6.60 7/2944 7985
7.24 7.59 6.61 3/2944 8013
7.24 7.59 6.61 1/2944 8042
7.24 7.59 6.61 5/2944 8069
7.24 7.59 6.61 6/2944 8096
7.24 7.59 6.61 1/2944 8123
7.22 7.58 6.61 8/2945 8151
7.22 7.58 6.61 10/2945 8178
7.22 7.58 6.61 3/2945 8213
7.22 7.58 6.61 6/2945 8240
7.22 7.58 6.61 7/2945 8267
7.20 7.57 6.61 2/2945 8295
7.20 7.57 6.61 7/2945 8322
7.20 7.57 6.61 4/2945 8353
7.20 7.57 6.61 2/2945 8380
7.20 7.57 6.61 11/2945 8407
7.02 7.53 6.60 8/2944 8434
7.02 7.53 6.60 11/2944 8461
7.02 7.53 6.60 10/2944 8488
7.02 7.53 6.60 10/2944 8515
7.02 7.52 6.60 2/2944 8542
7.02 7.52 6.60 1/2944 8569
7.02 7.52 6.60 4/2944 8597
7.02 7.52 6.60 9/2943 8624
7.02 7.52 6.60 11/2943 8651
7.02 7.52 6.60 2/2943 8678
7.74 7.66 6.65 2/2943 8705
7.74 7.66 6.65 2/2943 8732
7.74 7.66 6.65 6/2943 8759
7.74 7.66 6.65 2/2943 8786
7.74 7.66 6.65 8/2943 8813
7.68 7.65 6.66 1/2943 8841
7.68 7.65 6.66 4/2943 8868
7.68 7.65 6.66 1/2943 8895
7.68 7.65 6.66 3/2943 8923
7.68 7.65 6.66 7/2942 8950
7.95 7.70 6.68 4/2942 8977
7.95 7.70 6.68 1/2942 9004
7.95 7.70 6.68 7/2942 9031
7.95 7.70 6.68 2/2942 9058
7.95 7.70 6.68 1/2942 9085
7.79 7.67 6.68 1/2944 9114
7.79 7.67 6.68 3/2944 9141
7.79 7.67 6.68 1/2944 9168
7.79 7.67 6.68 3/2944 9195
7.79 7.67 6.68 2/2944 9223
7.57 7.63 6.67 3/2941 9250
7.57 7.63 6.67 4/2939 9277
7.57 7.63 6.67 13/2939 9304
7.57 7.63 6.67 2/2939 9331
7.57 7.63 6.67 10/2939 9358
8.00 7.72 6.70 4/2936 9385
8.00 7.72 6.70 3/2936 9412
8.00 7.72 6.70 2/2936 9440
8.00 7.72 6.70 2/2936 9467
8.00 7.72 6.70 2/2936 9494
8.64 7.86 6.75 2/2936 9522
8.64 7.86 6.75 7/2936 9549
8.64 7.86 6.75 1/2936 9576
8.64 7.86 6.75 3/2936 9603
8.64 7.86 6.75 2/2936 9630
8.59 7.86 6.76 7/2936 9657
8.59 7.86 6.76 3/2936 9684
8.59 7.86 6.76 4/2936 9711
8.59 7.86 6.76 5/2936 9738
8.59 7.86 6.76 1/2936 9765
8.54 7.86 6.77 3/2936 9792
8.54 7.86 6.77 4/2936 9819
8.54 7.86 6.77 1/2935 9851
8.54 7.86 6.77 2/2935 9888
8.54 7.86 6.77 7/2935 9926
8.34 7.83 6.76 1/2935 9963
8.34 7.83 6.76 2/2936 9991
8.34 7.83 6.76 1/2936 10018
8.34 7.83 6.76 1/2936 10045
8.34 7.83 6.76 8/2936 10072
8.23 7.82 6.76 5/2936 10099
8.23 7.82 6.76 8/2936 10126
8.23 7.82 6.76 1/2936 10153
8.23 7.82 6.76 8/2936 10181
8.23 7.82 6.76 1/2936 10208
8.05 7.79 6.76 1/2936 10235
8.05 7.79 6.76 2/2936 10262
8.05 7.79 6.76 3/2936 10289
8.05 7.79 6.76 4/2936 10316
8.05 7.79 6.76 1/2936 10343
8.69 7.92 6.81 6/2936 10370
8.69 7.92 6.81 1/2936 10397
8.69 7.92 6.81 8/2936 10424
8.69 7.92 6.81 7/2936 10451
8.69 7.92 6.81 6/2939 10482
8.87 7.97 6.83 3/2939 10509
8.87 7.97 6.83 1/2939 10536
8.87 7.97 6.83 2/2939 10563
8.87 7.97 6.83 5/2939 10590
8.87 7.97 6.83 4/2967 10648
8.64 7.94 6.83 20/2967 10675
8.64 7.94 6.83 7/2967 10702
8.64 7.94 6.83 2/2967 10729
8.64 7.94 6.83 4/2967 10756
8.64 7.94 6.83 1/2967 10783
8.43 7.91 6.82 1/2967 10811
8.43 7.91 6.82 2/2967 10838
8.43 7.91 6.82 4/2967 10865
8.43 7.91 6.82 1/2967 10892
8.43 7.91 6.82 3/2967 10919
8.24 7.88 6.82 7/2972 10953
8.24 7.88 6.82 3/2971 10981
8.24 7.88 6.82 4/2971 11009
8.24 7.88 6.82 2/2971 11036
8.24 7.88 6.82 2/2971 11063
8.06 7.85 6.81 5/2971 11090
8.06 7.85 6.81 3/2970 11118
8.06 7.85 6.81 6/2970 11145
8.06 7.85 6.81 2/2970 11172
8.06 7.85 6.81 7/2970 11199
8.05 7.85 6.82 4/2971 11227
8.05 7.85 6.82 11/2971 11254
8.05 7.85 6.82 1/2970 11281
8.05 7.85 6.82 10/2970 11308
8.05 7.85 6.82 5/2970 11335
7.89 7.82 6.81 1/2970 11362
7.89 7.82 6.81 1/2970 11389
7.89 7.82 6.81 16/2970 11416
7.89 7.82 6.81 8/2970 11444
7.89 7.82 6.81 1/2970 11471
7.74 7.79 6.81 2/2970 11498
7.74 7.79 6.81 10/2970 11525
7.74 7.79 6.81 6/2969 11560
7.74 7.79 6.81 4/2968 11587
7.74 7.79 6.81 1/2968 11614
7.68 7.77 6.81 1/2968 11641
7.68 7.77 6.81 3/2968 11668
7.68 7.77 6.81 14/2968 11695
7.68 7.77 6.81 3/2968 11723
7.68 7.77 6.81 2/2968 11750
7.54 7.74 6.81 1/2968 11777
7.54 7.74 6.81 4/2968 11804
7.54 7.74 6.81 3/2968 11831
7.54 7.74 6.81 3/2968 11858
7.54 7.74 6.81 6/2968 11885
7.90 7.82 6.83 6/2968 11912
7.90 7.82 6.83 5/2968 11939
7.90 7.82 6.83 3/2968 11966
7.90 7.82 6.83 4/2968 11993
7.90 7.82 6.83 1/2968 12021
7.99 7.84 6.85 7/2968 12048
7.99 7.84 6.85 10/2968 12075
7.99 7.84 6.85 2/2968 12102
7.99 7.84 6.85 2/2968 12129
7.99 7.84 6.85 1/2968 12156
7.83 7.80 6.84 5/2967 12183
7.83 7.80 6.84 1/2969 12212
7.83 7.80 6.84 5/2966 12240
7.83 7.80 6.84 1/2966 12267
7.83 7.80 6.84 1/2958 12294
7.76 7.79 6.84 2/2958 12321
7.76 7.79 6.84 7/2958 12349
7.76 7.79 6.84 7/2958 12376
7.76 7.79 6.84 8/2958 12403
7.76 7.79 6.84 2/2946 12431
7.54 7.74 6.83 3/2946 12458
7.54 7.74 6.83 5/2946 12485
7.54 7.74 6.83 3/2945 12512
7.54 7.74 6.83 1/2945 12539
7.54 7.74 6.83 5/2944 12568
7.34 7.70 6.82 1/2941 12595
7.34 7.70 6.82 1/2941 12622
7.34 7.70 6.82 1/2941 12650
7.34 7.70 6.82 4/2941 12677
7.34 7.70 6.82 12/2941 12704
7.39 7.70 6.83 4/2939 12731
7.39 7.70 6.83 10/2942 12761
7.39 7.70 6.83 4/2942 12788
7.39 7.70 6.83 10/2942 12815
7.39 7.70 6.83 2/2942 12842
7.52 7.73 6.84 4/2942 12873
7.52 7.73 6.84 3/2942 12900
7.52 7.73 6.84 3/2942 12927
7.52 7.73 6.84 3/2942 12955
7.52 7.73 6.84 1/2942 12982
7.32 7.68 6.83 10/2942 13009
7.32 7.68 6.83 2/2942 13036
7.32 7.68 6.83 3/2942 13063
7.32 7.68 6.83 3/2942 13090
7.32 7.68 6.83 3/2942 13117
7.29 7.67 6.83 7/2942 13144
7.29 7.67 6.83 7/2942 13171
7.29 7.67 6.83 1/2942 13206
7.29 7.67 6.83 6/2942 13233
7.29 7.67 6.83 2/2942 13261
7.11 7.62 6.82 6/2942 13288
7.11 7.62 6.82 4/2942 13315
7.11 7.62 6.82 5/2942 13346
7.11 7.62 6.82 2/2942 13373
7.11 7.62 6.82 13/2943 13401
7.10 7.61 6.82 2/2943 13428
7.10 7.61 6.82 7/2943 13455
7.10 7.61 6.82 4/2943 13482
7.10 7.61 6.82 2/2943 13509
7.10 7.61 6.82 6/2943 13536
7.01 7.59 6.82 3/2943 13564
7.01 7.59 6.82 2/2943 13591
7.01 7.59 6.82 3/2943 13619
7.01 7.59 6.82 3/2941 13646
7.01 7.59 6.82 2/2941 13673
7.25 7.63 6.83 2/2941 13700
7.25 7.63 6.83 3/2941 13727
7.25 7.63 6.83 2/2941 13754
7.25 7.63 6.83 4/2941 13781
7.25 7.63 6.83 5/2941 13808
7.15 7.60 6.83 8/2941 13835
7.15 7.60 6.83 1/2941 13863
7.15 7.60 6.83 10/2941 13891
7.15 7.60 6.83 4/2941 13918
7.15 7.60 6.83 2/2890 13945
6.98 7.56 6.82 1/2890 13972
6.98 7.56 6.82 2/2890 13999
6.98 7.56 6.82 7/2890 14026
6.98 7.56 6.82 6/2890 14053
6.98 7.56 6.82 1/2890 14080
6.82 7.51 6.81 7/2889 14107
6.82 7.51 6.81 6/2888 14134
6.82 7.51 6.81 1/2888 14161
6.82 7.51 6.81 5/2888 14189
6.82 7.51 6.81 2/2888 14216
6.99 7.54 6.82 1/2891 14250
6.99 7.54 6.82 2/2890 14277
6.99 7.54 6.82 5/2890 14304
6.99 7.54 6.82 2/2890 14331
6.99 7.54 6.82 6/2889 14358
7.47 7.63 6.85 5/2888 14385
7.47 7.63 6.85 4/2888 14412
7.47 7.63 6.85 3/2888 14439
7.47 7.63 6.85 1/2889 14468
7.47 7.63 6.85 3/2889 14495
7.44 7.62 6.85 4/2889 14522
7.44 7.62 6.85 5/2889 14549
7.44 7.62 6.85 7/2889 14576
7.44 7.62 6.85 3/2889 14603
7.44 7.62 6.85 1/2889 14630
7.32 7.59 6.85 4/2889 14657
7.32 7.59 6.85 6/2889 14684
7.32 7.59 6.85 1/2889 14711
7.32 7.59 6.85 8/2889 14738
7.32 7.59 6.85 10/2890 14767
7.22 7.56 6.85 1/2890 14794
7.22 7.56 6.85 5/2890 14821
7.22 7.56 6.85 1/2890 14856
7.22 7.56 6.85 4/2890 14883
7.22 7.56 6.85 1/2890 14910
7.20 7.56 6.85 10/2890 14937
7.20 7.56 6.85 1/2834 14964
7.20 7.56 6.85 1/2834 14991
7.20 7.56 6.85 2/2834 15018
7.20 7.56 6.85 8/2834 15045
7.18 7.55 6.85 1/2834 15073
7.18 7.55 6.85 2/2833 15101
7.18 7.55 6.85 1/2833 15128
7.18 7.55 6.85 3/2833 15155
7.18 7.55 6.85 8/2833 15182
7.33 7.57 6.86 5/2833 15209
7.33 7.57 6.86 1/2833 15236
7.33 7.57 6.86 1/2833 15263
7.33 7.57 6.86 1/2833 15290
7.33 7.57 6.86 2/2833 15317
7.38 7.58 6.87 2/2833 15344
7.38 7.58 6.87 10/2833 15371
7.38 7.58 6.87 3/2833 15399
7.38 7.58 6.87 4/2833 15426
7.38 7.58 6.87 6/2833 15453
7.35 7.57 6.87 2/2833 15480
7.35 7.57 6.87 3/2833 15507
7.35 7.57 6.87 1/2833 15534
7.35 7.57 6.87 3/2833 15561
7.35 7.57 6.87 6/2833 15588
7.24 7.54 6.86 7/2833 15615
7.24 7.54 6.86 2/2833 15642
7.24 7.54 6.86 7/2833 15669
7.24 7.54 6.86 10/2833 15697
7.24 7.54 6.86 1/2833 15724
7.14 7.52 6.86 1/2833 15751
7.14 7.52 6.86 7/2833 15778
7.14 7.52 6.86 3/2833 15805
7.14 7.52 6.86 7/2833 15832
7.14 7.52 6.86 5/2833 15859
6.97 7.47 6.85 2/2831 15886
6.97 7.47 6.85 1/2830 15913
6.97 7.47 6.85 1/2830 15940
6.97 7.47 6.85 1/2830 15967
6.97 7.47 6.85 7/2830 15995
7.29 7.53 6.87 1/2828 16022
7.29 7.53 6.87 12/2828 16049
7.29 7.53 6.87 2/2828 16076
7.29 7.53 6.87 7/2828 16103
7.29 7.53 6.87 5/2828 16130
7.19 7.51 6.86 3/2828 16157
7.19 7.51 6.86 5/2828 16184
7.19 7.51 6.86 2/2828 16211
7.19 7.51 6.86 1/2828 16238
7.19 7.51 6.86 6/2828 16265
7.01 7.46 6.85 5/2828 16293
7.01 7.46 6.85 7/2828 16320
7.01 7.46 6.85 2/2828 16347
7.01 7.46 6.85 5/2828 16374
7.01 7.46 6.85 8/2828 16401
7.01 7.46 6.85 3/2828 16428
7.01 7.46 6.85 1/2828 16455
7.01 7.46 6.85 4/2828 16490
7.01 7.46 6.85 3/2828 16517
7.01 7.46 6.85 5/2828 16544
6.93 7.43 6.85 3/2828 16571
6.93 7.43 6.85 5/2828 16598
6.93 7.43 6.85 1/2828 16626
6.93 7.43 6.85 3/2828 16653
6.93 7.43 6.85 3/2828 16680
6.94 7.42 6.85 12/2828 16707
6.94 7.42 6.85 2/2824 16734
6.94 7.42 6.85 8/2824 16761
6.94 7.42 6.85 2/2824 16788
6.94 7.42 6.85 2/2824 16815
7.10 7.45 6.86 4/2824 16842
7.10 7.45 6.86 9/2824 16869
7.10 7.45 6.86 6/2824 16897
7.10 7.45 6.86 7/2824 16925
7.10 7.45 6.86 2/2824 16952
7.01 7.43 6.86 1/2824 16979
7.01 7.43 6.86 1/2824 17006
7.01 7.43 6.86 5/2824 17033
7.01 7.43 6.86 4/2824 17060
7.01 7.43 6.86 7/2824 17088
7.01 7.42 6.86 3/2824 17115
7.01 7.42 6.86 9/2824 17142
7.01 7.42 6.86 4/2824 17169
7.01 7.42 6.86 2/2824 17196
7.01 7.42 6.86 3/2824 17224
6.93 7.40 6.85 6/2824 17251
6.93 7.40 6.85 1/2824 17278
6.93 7.40 6.85 10/2824 17305
6.93 7.40 6.85 1/2824 17332
6.93 7.40 6.85 6/2824 17359
6.86 7.37 6.85 1/2824 17386
6.86 7.37 6.85 6/2824 17413
6.86 7.37 6.85 3/2823 17440
6.86 7.37 6.85 1/2823 17467
6.86 7.37 6.85 3/2823 17494
6.87 7.37 6.85 7/2823 17522
6.87 7.37 6.85 11/2828 17556
6.87 7.37 6.85 3/2830 17585
6.87 7.37 6.85 3/2830 17612
6.87 7.37 6.85 11/2832 17644
7.04 7.39 6.86 1/2832 17671
7.04 7.39 6.86 3/2832 17698
7.04 7.39 6.86 7/2832 17725
7.04 7.39 6.86 1/2832 17752
7.04 7.39 6.86 11/2832 17779
7.20 7.42 6.87 6/2832 17809
7.20 7.42 6.87 5/2832 17837
7.20 7.42 6.87 1/2838 17872
7.20 7.42 6.87 3/2838 17899
7.20 7.42 6.87 1/2838 17926
7.34 7.45 6.88 3/2838 17953
7.34 7.45 6.88 2/2838 17980
7.34 7.45 6.88 8/2808 18008
7.34 7.45 6.88 4/2797 18051
7.34 7.45 6.88 3/2796 18078
7.31 7.44 6.89 1/2785 18105
7.31 7.44 6.89 2/2785 18132
7.31 7.44 6.89 4/2772 18167
7.31 7.44 6.89 5/2772 18195
7.31 7.44 6.89 4/2772 18222
7.29 7.43 6.89 4/2772 18249
7.29 7.43 6.89 9/2772 18277
7.29 7.43 6.89 4/2772 18308
7.29 7.43 6.89 3/2772 18337
7.29 7.43 6.89 1/2772 18364
7.51 7.47 6.90 6/2772 18391
7.51 7.47 6.90 3/2772 18418
7.51 7.47 6.90 5/2772 18445
7.51 7.47 6.90 3/2772 18472
7.51 7.47 6.90 3/2758 18500
7.39 7.45 6.90 2/2758 18527
7.39 7.45 6.90 1/2758 18554
7.39 7.45 6.90 3/2758 18581
7.39 7.45 6.90 6/2758 18608
7.39 7.45 6.90 3/2758 18635
7.35 7.44 6.90 7/2758 18662
7.35 7.44 6.90 2/2758 18689
7.35 7.44 6.90 1/2758 18716
7.35 7.44 6.90 1/2758 18743
7.35 7.44 6.90 2/2758 18770
7.25 7.42 6.89 4/2758 18798
7.25 7.42 6.89 2/2758 18825
7.25 7.42 6.89 2/2758 18853
7.25 7.42 6.89 1/2758 18880
7.25 7.42 6.89 2/2758 18907
7.06 7.38 6.88 3/2758 18934
7.06 7.38 6.88 1/2758 18961
7.06 7.38 6.88 8/2758 18988
7.06 7.38 6.88 4/2759 19016
7.06 7.38 6.88 4/2759 19043
6.90 7.34 6.87 3/2759 19070
6.90 7.34 6.87 3/2759 19098
6.90 7.34 6.87 12/2759 19125
6.90 7.34 6.87 5/2759 19152
6.90 7.34 6.87 4/2759 19179
6.83 7.31 6.87 1/2759 19206
6.83 7.31 6.87 6/2755 19233
6.83 7.31 6.87 3/2755 19260
6.83 7.31 6.87 6/2754 19287
6.83 7.31 6.87 8/2755 19315
6.92 7.33 6.88 7/2755 19342
6.92 7.33 6.88 9/2753 19369
6.92 7.33 6.88 8/2753 19397
6.92 7.33 6.88 2/2753 19425
6.92 7.33 6.88 3/2753 19452
7.33 7.40 6.90 2/2753 19479
7.33 7.40 6.90 2/2753 19506
7.33 7.40 6.90 3/2752 19533
7.33 7.40 6.90 8/2748 19560
7.33 7.40 6.90 3/2749 19588
7.30 7.40 6.90 7/2749 19615
7.30 7.40 6.90 8/2749 19642
7.30 7.40 6.90 6/2747 19669
7.30 7.40 6.90 2/2746 19696
7.30 7.40 6.90 3/2746 19724
7.36 7.41 6.91 1/2746 19751
7.36 7.41 6.91 2/2747 19779
7.36 7.41 6.91 4/2747 19814
7.36 7.41 6.91 2/2746 19841
7.36 7.41 6.91 3/2746 19868
7.33 7.40 6.91 1/2746 19895
7.33 7.40 6.91 3/2746 19922
7.33 7.40 6.91 3/2746 19949
7.33 7.40 6.91 3/2746 19976
7.33 7.40 6.91 3/2746 20003
7.54 7.44 6.93 4/2746 20030
7.54 7.44 6.93 5/2748 20060
7.54 7.44 6.93 8/2748 20087
7.54 7.44 6.93 2/2748 20114
7.54 7.44 6.93 7/2748 20141
7.74 7.49 6.94 6/2748 20168
7.74 7.49 6.94 2/2748 20195
7.74 7.49 6.94 6/2748 20222
7.74 7.49 6.94 1/2748 20249
7.74 7.49 6.94 7/2748 20276
7.84 7.51 6.96 10/2748 20303
7.84 7.51 6.96 3/2748 20331
7.84 7.51 6.96 2/2748 20358
7.84 7.51 6.96 5/2748 20385
7.84 7.51 6.96 8/2748 20412
7.69 7.49 6.95 2/2748 20439
7.69 7.49 6.95 5/2748 20466
7.69 7.49 6.95 2/2748 20493
7.69 7.49 6.95 3/2748 20520
7.69 7.49 6.95 4/2743 20547
7.80 7.51 6.96 4/2742 20574
7.80 7.51 6.96 6/2742 20601
7.80 7.51 6.96 6/2742 20628
7.80 7.51 6.96 10/2742 20656
7.80 7.51 6.96 6/2742 20683
7.57 7.47 6.95 2/2742 20710
7.57 7.47 6.95 1/2742 20737
7.57 7.47 6.95 3/2742 20764
7.57 7.47 6.95 3/2742 20791
7.57 7.47 6.95 2/2742 20818
7.45 7.45 6.95 7/2742 20845
7.45 7.45 6.95 13/2747 20879
7.45 7.45 6.95 2/2747 20906
7.45 7.45 6.95 2/2747 20933
7.45 7.45 6.95 2/2747 20961
7.65 7.49 6.96 6/2747 20988
7.65 7.49 6.96 2/2747 21015
7.65 7.49 6.96 3/2747 21042
7.65 7.49 6.96 2/2747 21069
7.65 7.49 6.96 8/2747 21096
7.92 7.55 6.98 3/2744 21123
7.92 7.55 6.98 9/2744 21150
7.92 7.55 6.98 6/2744 21177
7.92 7.55 6.98 1/2744 21204
7.92 7.55 6.98 2/2744 21231
7.85 7.54 6.98 2/2744 21259
7.85 7.54 6.98 7/2744 21286
7.85 7.54 6.98 1/2744 21313
7.85 7.54 6.98 2/2744 21340
7.85 7.54 6.98 1/2744 21367
7.62 7.49 6.97 6/2744 21394
7.62 7.49 6.97 4/2744 21421
7.62 7.49 6.97 1/2744 21456
7.62 7.49 6.97 1/2744 21483
7.62 7.49 6.97 3/2744 21510
7.57 7.49 6.97 11/2744 21537
7.57 7.49 6.97 2/2744 21564
7.57 7.49 6.97 5/2744 21596
7.57 7.49 6.97 2/2744 21623
7.57 7.49 6.97 2/2744 21650
7.52 7.48 6.97 4/2741 21677
7.52 7.48 6.97 7/2741 21704
7.52 7.48 6.97 1/2741 21731
7.52 7.48 6.97 3/2741 21758
7.52 7.48 6.97 2/2741 21785
7.64 7.50 6.99 2/2741 21812
7.64 7.50 6.99 2/2741 21839
7.64 7.50 6.99 2/2741 21867
7.64 7.50 6.99 2/2741 21895
7.64 7.50 6.99 2/2741 21922
7.67 7.51 6.99 1/2741 21949
7.67 7.51 6.99 4/2741 21976
7.67 7.51 6.99 3/2741 22003
7.67 7.51 6.99 4/2741 22030
7.67 7.51 6.99 7/2741 22057
7.46 7.47 6.98 5/2741 22084
7.46 7.47 6.98 6/2741 22111
7.46 7.47 6.98 6/2741 22138
7.46 7.47 6.98 2/2741 22166
7.46 7.47 6.98 4/2741 22193
7.46 7.47 6.98 2/2741 22220
7.50 7.48 6.99 6/2741 22247
7.50 7.48 6.99 1/2741 22274
7.50 7.48 6.99 2/2741 22301
7.50 7.48 6.99 6/2741 22328
7.50 7.48 6.99 2/2741 22355
7.30 7.44 6.98 1/2741 22382
7.30 7.44 6.98 3/2741 22409
7.30 7.44 6.98 2/2741 22436
7.30 7.44 6.98 3/2741 22464
7.30 7.44 6.98 3/2741 22491
7.36 7.45 6.98 8/2738 22518
7.36 7.45 6.98 5/2738 22545
7.36 7.45 6.98 8/2738 22572
7.36 7.45 6.98 1/2738 22599
7.36 7.45 6.98 4/2738 22626
7.41 7.46 6.99 1/2736 22653
7.41 7.46 6.99 10/2736 22681
7.41 7.46 6.99 3/2736 22708
7.41 7.46 6.99 5/2736 22735
7.41 7.46 6.99 3/2736 22766
7.70 7.52 7.01 3/2735 22794
7.70 7.52 7.01 9/2735 22821
7.70 7.52 7.01 4/2735 22848
7.70 7.52 7.01 3/2735 22875
7.70 7.52 7.01 1/2735 22902
7.64 7.51 7.01 5/2735 22929
7.64 7.51 7.01 10/2735 22956
7.64 7.51 7.01 1/2735 22983
7.64 7.51 7.01 5/2735 23010
7.64 7.51 7.01 7/2735 23037
7.59 7.50 7.01 5/2734 23064
7.59 7.50 7.01 1/2734 23100
7.59 7.50 7.01 2/2734 23127
7.59 7.50 7.01 1/2734 23154
7.59 7.50 7.01 6/2734 23181
7.54 7.49 7.01 3/2734 23208
7.54 7.49 7.01 4/2734 23235
7.54 7.49 7.01 9/2734 23262
7.54 7.49 7.01 1/2734 23289
7.54 7.49 7.01 4/2734 23316
7.66 7.52 7.02 4/2735 23344
7.66 7.52 7.02 1/2735 23372
7.66 7.52 7.02 2/2735 23399
7.66 7.52 7.02 2/2735 23426
7.66 7.52 7.02 2/2735 23453
7.85 7.56 7.04 4/2735 23480
7.85 7.56 7.04 4/2735 23507
7.85 7.56 7.04 3/2735 23534
7.85 7.56 7.04 2/2735 23561
7.85 7.56 7.04 1/2735 23588
7.70 7.53 7.03 3/2735 23615
7.70 7.53 7.03 4/2735 23642
7.70 7.53 7.03 1/2735 23669
7.70 7.53 7.03 3/2735 23697
7.70 7.53 7.03 6/2735 23724
7.64 7.52 7.03 4/2735 23751
7.64 7.52 7.03 3/2735 23778
7.64 7.52 7.03 4/2735 23806
7.64 7.52 7.03 5/2735 23833
7.64 7.52 7.03 7/2735 23860
7.75 7.55 7.04 2/2735 23887
7.75 7.55 7.04 2/2735 23914
7.75 7.55 7.04 8/2735 23941
7.75 7.55 7.04 12/2735 23968
7.75 7.55 7.04 6/2735 23996
7.69 7.54 7.04 3/2735 24023
7.69 7.54 7.04 3/2735 24050
7.69 7.54 7.04 3/2735 24077
7.69 7.54 7.04 1/2735 24104
7.69 7.54 7.04 3/2735 24131
7.63 7.53 7.04 1/2740 24165
7.63 7.53 7.04 3/2740 24192
7.63 7.53 7.04 6/2740 24219
7.63 7.53 7.04 8/2740 24246
7.63 7.53 7.04 12/2740 24273
7.90 7.59 7.06 5/2742 24303
7.90 7.59 7.06 7/2742 24330
7.90 7.59 7.06 4/2742 24357
7.90 7.59 7.06 6/2742 24384
7.90 7.59 7.06 4/2742 24411
8.47 7.71 7.10 1/2743 24439
8.47 7.71 7.10 4/2743 24466
8.47 7.71 7.10 7/2743 24493
8.47 7.71 7.10 5/2743 24520
8.47 7.71 7.10 1/2743 24547
8.27 7.68 7.10 1/2743 24574
8.27 7.68 7.10 3/2743 24602
8.27 7.68 7.10 3/2743 24629
8.27 7.68 7.10 4/2743 24656
8.27 7.68 7.10 6/2744 24684
8.09 7.65 7.09 7/2744 24711
8.09 7.65 7.09 4/2744 24746
8.09 7.65 7.09 2/2744 24773
8.09 7.65 7.09 5/2744 24800
8.09 7.65 7.09 1/2744 24827
8.40 7.72 7.12 6/2744 24854
8.40 7.72 7.12 13/2744 24881
8.40 7.72 7.12 4/2744 24909
8.40 7.72 7.12 5/2744 24936
8.40 7.72 7.12 3/2744 24963
8.21 7.70 7.11 4/2744 24990
8.21 7.70 7.11 1/2744 25017
8.21 7.70 7.11 9/2744 25044
8.21 7.70 7.11 1/2744 25071
8.21 7.70 7.11 10/2744 25098
8.76 7.82 7.15 1/2744 25125
8.76 7.82 7.15 3/2744 25152
8.76 7.82 7.15 3/2744 25179
8.76 7.82 7.15 6/2744 25207
8.76 7.82 7.15 2/2744 25234
8.94 7.87 7.17 1/2744 25261
8.94 7.87 7.17 4/2744 25288
8.94 7.87 7.17 1/2744 25315
8.94 7.87 7.17 2/2744 25342
8.94 7.87 7.17 5/2744 25369
8.78 7.86 7.17 4/2744 25396
8.78 7.86 7.17 3/2744 25423
8.78 7.86 7.17 6/2744 25450
8.78 7.86 7.17 5/2744 25477
8.78 7.86 7.17 4/2744 25505
8.64 7.84 7.17 1/2744 25532
8.64 7.84 7.17 5/2744 25559
8.64 7.84 7.17 8/2744 25586
8.64 7.84 7.17 7/2744 25613
8.64 7.84 7.17 3/2744 25640
8.43 7.81 7.17 1/2744 25667
8.43 7.81 7.17 7/2744 25694
8.43 7.81 7.17 1/2744 25721
8.43 7.81 7.17 5/2744 25748
8.43 7.81 7.17 2/2744 25775
8.63 7.86 7.19 5/2741 25803
8.63 7.86 7.19 2/2741 25830
8.63 7.86 7.19 1/2741 25857
8.63 7.86 7.19 3/2741 25884
8.63 7.86 7.19 7/2741 25911
8.82 7.92 7.21 2/2739 25938
8.82 7.92 7.21 3/2739 25965
8.82 7.92 7.21 6/2746 26001
8.82 7.92 7.21 2/2744 26028
8.82 7.92 7.21 4/2744 26055
8.76 7.92 7.21 5/2744 26082
8.76 7.92 7.21 3/2744 26110
8.76 7.92 7.21 6/2744 26137
8.76 7.92 7.21 1/2744 26164
8.76 7.92 7.21 2/2744 26191
8.70 7.92 7.22 2/2744 26218
8.70 7.92 7.22 1/2744 26245
8.70 7.92 7.22 6/2744 26272
8.70 7.92 7.22 4/2744 26299
8.70 7.92 7.22 3/2744 26326
8.48 7.89 7.21 7/2743 26353
8.48 7.89 7.21 1/2743 26388
8.48 7.89 7.21 3/2743 26416
8.48 7.89 7.21 1/2743 26443
8.48 7.89 7.21 6/2743 26470
8.52 7.91 7.22 1/2742 26497
8.52 7.91 7.22 7/2742 26528
8.52 7.91 7.22 3/2754 26572
8.52 7.91 7.22 5/2753 26599
8.52 7.91 7.22 7/2754 26627
8.48 7.91 7.22 6/2754 26654
8.48 7.91 7.22 4/2754 26681
8.48 7.91 7.22 2/2767 26727
8.48 7.91 7.22 5/2767 26755
8.48 7.91 7.22 1/2766 26782
8.52 7.93 7.23 2/2766 26809
8.52 7.93 7.23 6/2767 26837
8.52 7.93 7.23 7/2767 26864
8.52 7.93 7.23 9/2767 26891
8.52 7.93 7.23 1/2767 26918
8.64 7.96 7.25 3/2767 26945
8.64 7.96 7.25 3/2766 26972
8.64 7.96 7.25 7/2766 26999
8.64 7.96 7.25 2/2766 27026
8.64 7.96 7.25 4/2766 27053
8.51 7.94 7.25 8/2766 27081
8.51 7.94 7.25 14/2766 27108
8.51 7.94 7.25 2/2766 27135
8.51 7.94 7.25 7/2766 27162
8.51 7.94 7.25 6/2766 27189
8.55 7.96 7.26 5/2766 27216
8.55 7.96 7.26 2/2766 27243
8.55 7.96 7.26 1/2766 27270
8.55 7.96 7.26 1/2766 27297
8.55 7.96 7.26 3/2766 27324
8.34 7.93 7.25 2/2766 27351
8.34 7.93 7.25 4/2766 27379
8.34 7.93 7.25 5/2766 27406
8.34 7.93 7.25 9/2766 27433
8.34 7.93 7.25 1/2766 27460
8.32 7.93 7.25 6/2771 27494
8.32 7.93 7.25 6/2771 27521
8.32 7.93 7.25 1/2771 27548
8.32 7.93 7.25 6/2770 27575
8.32 7.93 7.25 10/2771 27603
8.21 7.91 7.25 4/2771 27630
8.21 7.91 7.25 1/2771 27657
8.21 7.91 7.25 3/2770 27685
8.21 7.91 7.25 2/2769 27712
8.21 7.91 7.25 2/2772 27745
8.27 7.93 7.26 1/2772 27772
8.27 7.93 7.26 8/2772 27799
8.27 7.93 7.26 6/2771 27826
8.27 7.93 7.26 8/2768 27853
8.27 7.93 7.26 6/2769 27881
8.09 7.90 7.26 3/2769 27908
8.09 7.90 7.26 9/2769 27935
8.09 7.90 7.26 8/2769 27962
8.09 7.90 7.26 1/2769 27990
8.09 7.90 7.26 3/2769 28017
7.84 7.85 7.24 4/2769 28044
7.84 7.85 7.24 3/2769 28083
7.84 7.85 7.24 3/2769 28110
7.84 7.85 7.24 6/2769 28137
7.84 7.85 7.24 6/2769 28164
7.62 7.81 7.23 1/2769 28191
7.62 7.81 7.23 2/2769 28218
7.62 7.81 7.23 3/2767 28245
7.62 7.81 7.23 2/2767 28272
7.62 7.81 7.23 2/2767 28300
7.81 7.84 7.25 2/2766 28327
7.81 7.84 7.25 6/2766 28354
7.81 7.84 7.25 1/2765 28381
7.81 7.84 7.25 1/2765 28408
7.81 7.84 7.25 1/2765 28435
7.74 7.83 7.25 2/2765 28462
7.74 7.83 7.25 3/2765 28489
7.74 7.83 7.25 6/2763 28516
7.74 7.83 7.25 6/2763 28543
7.74 7.83 7.25 2/2763 28570
7.76 7.83 7.25 1/2763 28598
7.76 7.83 7.25 7/2763 28625
7.76 7.83 7.25 3/2763 28652
7.76 7.83 7.25 3/2763 28679
7.76 7.83 7.25 1/2763 28706
7.62 7.80 7.24 8/2763 28733
7.62 7.80 7.24 1/2763 28760
7.62 7.80 7.24 8/2763 28787
7.62 7.80 7.24 3/2763 28814
7.62 7.80 7.24 4/2763 28841
7.49 7.77 7.24 2/2763 28868
7.49 7.77 7.24 5/2763 28896
7.49 7.77 7.24 3/2763 28923
7.49 7.77 7.24 5/2763 28968
7.49 7.77 7.24 3/2763 28995
7.77 7.82 7.26 1/2763 29022
7.77 7.82 7.26 7/2763 29049
7.77 7.82 7.26 2/2763 29076
7.77 7.82 7.26 8/2763 29103
7.77 7.82 7.26 3/2763 29131
7.71 7.81 7.26 3/2760 29158
7.71 7.81 7.26 7/2760 29185
7.71 7.81 7.26 2/2760 29213
7.71 7.81 7.26 1/2760 29240
7.71 7.81 7.26 2/2760 29267
7.73 7.81 7.26 2/2758 29294
7.73 7.81 7.26 5/2758 29321
7.73 7.81 7.26 1/2758 29348
7.73 7.81 7.26 5/2758 29375
7.73 7.81 7.26 3/2758 29403
7.68 7.80 7.26 2/2758 29430
7.68 7.80 7.26 1/2758 29457
7.68 7.80 7.26 5/2758 29484
7.68 7.80 7.26 1/2758 29512
7.68 7.80 7.26 1/2758 29539
7.62 7.79 7.26 9/2758 29567
7.62 7.79 7.26 7/2758 29594
7.62 7.79 7.26 1/2758 29621
7.62 7.79 7.26 1/2758 29648
7.62 7.79 7.26 3/2758 29675
7.57 7.77 7.26 5/2758 29702
7.57 7.77 7.26 10/2758 29737
7.57 7.77 7.26 3/2758 29764
7.57 7.77 7.26 2/2758 29791
7.57 7.77 7.26 10/2758 29819
7.61 7.78 7.26 2/2758 29846
7.61 7.78 7.26 4/2758 29877
7.61 7.78 7.26 2/2758 29904
7.61 7.78 7.26 1/2758 29931
7.61 7.78 7.26 6/2758 29958
7.64 7.78 7.26 3/2758 29985
7.64 7.78 7.26 2/2758 30012
7.64 7.78 7.26 4/2758 30039
7.64 7.78 7.26 1/2758 30066
7.64 7.78 7.26 7/2758 30093
7.91 7.83 7.28 8/2758 30121
7.91 7.83 7.28 1/2758 30148
7.91 7.83 7.28 2/2758 30175
7.91 7.83 7.28 3/2758 30202
7.91 7.83 7.28 2/2758 30229
8.00 7.85 7.29 3/2758 30256
8.00 7.85 7.29 2/2758 30284
8.00 7.85 7.29 1/2758 30311
8.00 7.85 7.29 1/2758 30338
8.00 7.85 7.29 5/2758 30365
7.75 7.81 7.28 1/2758 30392
7.75 7.81 7.28 2/2758 30420
7.75 7.81 7.28 7/2758 30447
7.75 7.81 7.28 5/2758 30474
7.75 7.81 7.28 5/2758 30501
7.53 7.76 7.27 16/2758 30528
7.53 7.76 7.27 3/2758 30555
7.53 7.76 7.27 3/2758 30582
7.53 7.76 7.27 4/2758 30609
7.53 7.76 7.27 7/2758 30636
7.49 7.75 7.27 3/2758 30663
7.49 7.75 7.27 6/2758 30690
