02-22 15:56:29.893  5667  5667 I BatteryMgr:DataCollectionService: onStartCommand: begin
02-22 15:56:29.893  5667  5667 I BatteryMgr:DataCollectionService: onStartCommand: sampleRate => 1000
02-22 15:56:29.893  5667  5667 I BatteryMgr:DataCollectionService: onStartCommand: rawFields => Timestamp,BATTERY_PROPERTY_CURRENT_NOW,EXTRA_VOLTAGE
02-22 15:56:29.894  5667  5667 I BatteryMgr:DataCollectionService: onStartCommand: notification done
02-22 15:56:29.896  5667  5667 I BatteryMgr:DataCollectionService: started foreground
02-22 15:56:29.897  5667 12699 I BatteryMgr:DataCollectionService: collectData: begin
02-22 15:56:29.900  5667 12699 I BatteryMgr:DataCollectionService: stats => 1708613789900,-1911620,3810
02-22 15:56:30.076  5667 12699 I BatteryMgr:DataCollectionService: stats => 1708613790076,-1911620,3810
02-22 15:56:30.589  5667 12699 I BatteryMgr:DataCollectionService: stats => 1708613790589,-1911620,3810
02-22 15:56:30.904  5667 12699 I BatteryMgr:DataCollectionService: stats => 1708613790903,-1892088,3810
02-22 15:56:31.079  5667 12699 I BatteryMgr:DataCollectionService: stats => 1708613791079,-1892088,3810
02-22 15:56:31.591  5667 12699 I BatteryMgr:DataCollectionService: stats => 1708613791591,-1892088,3810
02-22 15:56:31.906  5667 12699 I BatteryMgr:DataCollectionService: stats => 1708613791906,-1969237,3805
02-22 15:56:32.082  5667 12699 I BatteryMgr:DataCollectionService: stats => 1708613792082,-1969237,3805
02-22 15:56:32.608  5667 12699 I BatteryMgr:DataCollectionService: stats => 1708613792608,-1969237,3805
02-22 15:56:32.910  5667 12699 I BatteryMgr:DataCollectionService: stats => 1708613792909,-2000975,3805
02-22 15:56:33.089  5667 12699 I BatteryMgr:DataCollectionService: stats => 1708613793088,-2000975,3805
02-22 15:56:33.616  5667 12699 I BatteryMgr:DataCollectionService: stats => 1708613793616,-2000975,3805
02-22 15:56:33.914  5667 12699 I BatteryMgr:DataCollectionService: stats => 1708613793914,-2149412,3805
02-22 15:56:34.097  5667 12699 I BatteryMgr:DataCollectionService: stats => 1708613794097,-2149412,3805
02-22 15:56:34.621  5667 12699 I BatteryMgr:DataCollectionService: stats => 1708613794620,-2149412,3805
02-22 15:56:34.918  5667 12699 I BatteryMgr:DataCollectionService: stats => 1708613794917,-1874022,3805
02-22 15:56:35.100  5667 12699 I BatteryMgr:DataCollectionService: stats => 1708613795100,-1874022,3805
02-22 15:56:35.623  5667 12699 I BatteryMgr:DataCollectionService: stats => 1708613795623,-1874022,3805
02-22 15:56:35.920  5667 12699 I BatteryMgr:DataCollectionService: stats => 1708613795920,-1654296,3805
02-22 15:56:36.112  5667 12699 I BatteryMgr:DataCollectionService: stats => 1708613796112,-1654296,3823
02-22 15:56:36.626  5667 12699 I BatteryMgr:DataCollectionService: stats => 1708613796626,-1654296,3823
02-22 15:56:36.923  5667 12699 I BatteryMgr:DataCollectionService: stats => 1708613796923,-1797850,3823
02-22 15:56:37.115  5667 12699 I BatteryMgr:DataCollectionService: stats => 1708613797115,-1797850,3823
02-22 15:56:37.629  5667 12699 I BatteryMgr:DataCollectionService: stats => 1708613797629,-1797850,3823
02-22 15:56:37.925  5667 12699 I BatteryMgr:DataCollectionService: stats => 1708613797925,-1722167,3823
02-22 15:56:38.118  5667 12699 I BatteryMgr:DataCollectionService: stats => 1708613798118,-1722167,3823
02-22 15:56:38.632  5667 12699 I BatteryMgr:DataCollectionService: stats => 1708613798632,-1722167,3823
02-22 15:56:38.929  5667 12699 I BatteryMgr:DataCollectionService: stats => 1708613798929,-2064940,3823
02-22 15:56:39.121  5667 12699 I BatteryMgr:DataCollectionService: stats => 1708613799120,-2064940,3823
02-22 15:56:39.636  5667 12699 I BatteryMgr:DataCollectionService: stats => 1708613799636,-2064940,3823
02-22 15:56:39.932  5667 12699 I BatteryMgr:DataCollectionService: stats => 1708613799932,-2023436,3823
02-22 15:56:40.126  5667 12699 I BatteryMgr:DataCollectionService: stats => 1708613800126,-2023436,3823
02-22 15:56:40.640  5667 12699 I BatteryMgr:DataCollectionService: stats => 1708613800640,-2023436,3823
02-22 15:56:40.934  5667 12699 I BatteryMgr:DataCollectionService: stats => 1708613800934,-2090330,3823
02-22 15:56:41.128  5667 12699 I BatteryMgr:DataCollectionService: stats => 1708613801128,-2090330,3823
02-22 15:56:41.643  5667 12699 I BatteryMgr:DataCollectionService: stats => 1708613801643,-2090330,3823
02-22 15:56:41.937  5667 12699 I BatteryMgr:DataCollectionService: stats => 1708613801937,-1583983,3823
02-22 15:56:42.132  5667 12699 I BatteryMgr:DataCollectionService: stats => 1708613802132,-1583983,3823
02-22 15:56:42.647  5667 12699 I BatteryMgr:DataCollectionService: stats => 1708613802647,-1583983,3823
02-22 15:56:42.941  5667 12699 I BatteryMgr:DataCollectionService: stats => 1708613802941,-1968260,3823
02-22 15:56:43.136  5667 12699 I BatteryMgr:DataCollectionService: stats => 1708613803136,-1968260,3823
02-22 15:56:43.650  5667 12699 I BatteryMgr:DataCollectionService: stats => 1708613803650,-1968260,3823
02-22 15:56:43.955  5667 12699 I BatteryMgr:DataCollectionService: stats => 1708613803955,-2292479,3823
02-22 15:56:44.139  5667 12699 I BatteryMgr:DataCollectionService: stats => 1708613804139,-2292479,3823
02-22 15:56:44.653  5667 12699 I BatteryMgr:DataCollectionService: stats => 1708613804653,-2292479,3823
02-22 15:56:44.959  5667 12699 I BatteryMgr:DataCollectionService: stats => 1708613804959,-2353026,3823
02-22 15:56:45.143  5667 12699 I BatteryMgr:DataCollectionService: stats => 1708613805143,-2353026,3823
02-22 15:56:45.656  5667 12699 I BatteryMgr:DataCollectionService: stats => 1708613805656,-2353026,3823
02-22 15:56:45.961  5667 12699 I BatteryMgr:DataCollectionService: stats => 1708613805961,-2333983,3823
02-22 15:56:46.153  5667 12699 I BatteryMgr:DataCollectionService: stats => 1708613806153,-2333983,3781
02-22 15:56:46.667  5667 12699 I BatteryMgr:DataCollectionService: stats => 1708613806667,-2333983,3781
02-22 15:56:46.967  5667 12699 I BatteryMgr:DataCollectionService: stats => 1708613806967,-2410643,3781
02-22 15:56:47.156  5667 12699 I BatteryMgr:DataCollectionService: stats => 1708613807156,-2410643,3781
02-22 15:56:47.669  5667 12699 I BatteryMgr:DataCollectionService: stats => 1708613807669,-2410643,3781
02-22 15:56:47.971  5667 12699 I BatteryMgr:DataCollectionService: stats => 1708613807971,-2481932,3781
02-22 15:56:48.163  5667 12699 I BatteryMgr:DataCollectionService: stats => 1708613808163,-2481932,3781
02-22 15:56:48.679  5667 12699 I BatteryMgr:DataCollectionService: stats => 1708613808678,-2481932,3781
02-22 15:56:48.974  5667 12699 I BatteryMgr:DataCollectionService: stats => 1708613808974,-2502928,3781
02-22 15:56:49.166  5667 12699 I BatteryMgr:DataCollectionService: stats => 1708613809166,-2502928,3781
02-22 15:56:49.681  5667 12699 I BatteryMgr:DataCollectionService: stats => 1708613809681,-2502928,3781
02-22 15:56:49.986  5667 12699 I BatteryMgr:DataCollectionService: stats => 1708613809986,-2556151,3781
02-22 15:56:50.172  5667 12699 I BatteryMgr:DataCollectionService: stats => 1708613810172,-2556151,3781
02-22 15:56:50.688  5667 12699 I BatteryMgr:DataCollectionService: stats => 1708613810688,-2556151,3781
02-22 15:56:50.988  5667 12699 I BatteryMgr:DataCollectionService: stats => 1708613810988,-2541990,3781
02-22 15:56:51.175  5667 12699 I BatteryMgr:DataCollectionService: stats => 1708613811175,-2541990,3781
02-22 15:56:51.691  5667 12699 I BatteryMgr:DataCollectionService: stats => 1708613811691,-2541990,3781
02-22 15:56:51.993  5667 12699 I BatteryMgr:DataCollectionService: stats => 1708613811993,-2543944,3781
02-22 15:56:52.181  5667 12699 I BatteryMgr:DataCollectionService: stats => 1708613812181,-2543944,3781
02-22 15:56:52.694  5667 12699 I BatteryMgr:DataCollectionService: stats => 1708613812694,-2543944,3781
02-22 15:56:52.997  5667 12699 I BatteryMgr:DataCollectionService: stats => 1708613812997,-2511717,3781
02-22 15:56:53.184  5667 12699 I BatteryMgr:DataCollectionService: stats => 1708613813184,-2511717,3781
02-22 15:56:53.697  5667 12699 I BatteryMgr:DataCollectionService: stats => 1708613813697,-2511717,3781
02-22 15:56:54.000  5667 12699 I BatteryMgr:DataCollectionService: stats => 1708613814000,-2541502,3781
02-22 15:56:54.195  5667 12699 I BatteryMgr:DataCollectionService: stats => 1708613814195,-2541502,3781
02-22 15:56:54.714  5667 12699 I BatteryMgr:DataCollectionService: stats => 1708613814714,-2541502,3781
02-22 15:56:55.003  5667 12699 I BatteryMgr:DataCollectionService: stats => 1708613815003,-2481444,3781
02-22 15:56:55.199  5667 12699 I BatteryMgr:DataCollectionService: stats => 1708613815199,-2481444,3781
02-22 15:56:55.721  5667 12699 I BatteryMgr:DataCollectionService: stats => 1708613815721,-2481444,3781
02-22 15:56:56.010  5667 12699 I BatteryMgr:DataCollectionService: stats => 1708613816010,-2463377,3781
02-22 15:56:56.207  5667 12699 I BatteryMgr:DataCollectionService: stats => 1708613816207,-2463377,3768
02-22 15:56:56.724  5667 12699 I BatteryMgr:DataCollectionService: stats => 1708613816724,-2463377,3768
02-22 15:56:57.013  5667 12699 I BatteryMgr:DataCollectionService: stats => 1708613817013,-2032713,3768
02-22 15:56:57.209  5667 12699 I BatteryMgr:DataCollectionService: stats => 1708613817209,-2032713,3768
02-22 15:56:57.729  5667 12699 I BatteryMgr:DataCollectionService: stats => 1708613817729,-2032713,3768
02-22 15:56:58.016  5667 12699 I BatteryMgr:DataCollectionService: stats => 1708613818016,-2475584,3768
02-22 15:56:58.215  5667 12699 I BatteryMgr:DataCollectionService: stats => 1708613818215,-2475584,3768
02-22 15:56:58.732  5667 12699 I BatteryMgr:DataCollectionService: stats => 1708613818732,-2475584,3768
02-22 15:56:59.024  5667 12699 I BatteryMgr:DataCollectionService: stats => 1708613819024,-2379393,3768
02-22 15:56:59.227  5667 12699 I BatteryMgr:DataCollectionService: stats => 1708613819227,-2379393,3768
02-22 15:56:59.735  5667 12699 I BatteryMgr:DataCollectionService: stats => 1708613819735,-2379393,3768
02-22 15:57:00.035  5667 12699 I BatteryMgr:DataCollectionService: stats => 1708613820035,-2395506,3768
02-22 15:57:00.230  5667 12699 I BatteryMgr:DataCollectionService: stats => 1708613820230,-2395506,3768
02-22 15:57:00.741  5667 12699 I BatteryMgr:DataCollectionService: stats => 1708613820741,-2395506,3768
02-22 15:57:01.039  5667 12699 I BatteryMgr:DataCollectionService: stats => 1708613821039,-2394530,3772
02-22 15:57:01.234  5667 12699 I BatteryMgr:DataCollectionService: stats => 1708613821234,-2394530,3772
02-22 15:57:01.745  5667 12699 I BatteryMgr:DataCollectionService: stats => 1708613821745,-2394530,3772
02-22 15:57:02.041  5667 12699 I BatteryMgr:DataCollectionService: stats => 1708613822041,-2387205,3772
02-22 15:57:02.237  5667 12699 I BatteryMgr:DataCollectionService: stats => 1708613822237,-2387205,3772
02-22 15:57:02.748  5667 12699 I BatteryMgr:DataCollectionService: stats => 1708613822748,-2387205,3772
02-22 15:57:03.044  5667 12699 I BatteryMgr:DataCollectionService: stats => 1708613823044,-2118162,3772
02-22 15:57:03.239  5667 12699 I BatteryMgr:DataCollectionService: stats => 1708613823239,-2118162,3772
02-22 15:57:03.751  5667 12699 I BatteryMgr:DataCollectionService: stats => 1708613823751,-2118162,3772
02-22 15:57:04.048  5667 12699 I BatteryMgr:DataCollectionService: stats => 1708613824048,-2012206,3772
02-22 15:57:04.242  5667 12699 I BatteryMgr:DataCollectionService: stats => 1708613824242,-2012206,3772
02-22 15:57:04.756  5667 12699 I BatteryMgr:DataCollectionService: stats => 1708613824756,-2012206,3772
02-22 15:57:05.050  5667 12699 I BatteryMgr:DataCollectionService: stats => 1708613825050,-1905272,3772
02-22 15:57:05.245  5667 12699 I BatteryMgr:DataCollectionService: stats => 1708613825245,-1905272,3772
02-22 15:57:05.758  5667 12699 I BatteryMgr:DataCollectionService: stats => 1708613825758,-1905272,3772
02-22 15:57:06.053  5667 12699 I BatteryMgr:DataCollectionService: stats => 1708613826053,-1938963,3772
02-22 15:57:06.248  5667 12699 I BatteryMgr:DataCollectionService: stats => 1708613826248,-1938963,3798
02-22 15:57:06.761  5667 12699 I BatteryMgr:DataCollectionService: stats => 1708613826761,-1938963,3798
02-22 15:57:07.057  5667 12699 I BatteryMgr:DataCollectionService: stats => 1708613827057,-1946288,3798
02-22 15:57:07.250  5667 12699 I BatteryMgr:DataCollectionService: stats => 1708613827250,-1946288,3798
02-22 15:57:07.765  5667 12699 I BatteryMgr:DataCollectionService: stats => 1708613827765,-1946288,3798
02-22 15:57:08.061  5667 12699 I BatteryMgr:DataCollectionService: stats => 1708613828061,-1983885,3798
02-22 15:57:08.253  5667 12699 I BatteryMgr:DataCollectionService: stats => 1708613828253,-1983885,3798
02-22 15:57:08.769  5667 12699 I BatteryMgr:DataCollectionService: stats => 1708613828769,-1983885,3798
02-22 15:57:09.064  5667 12699 I BatteryMgr:DataCollectionService: stats => 1708613829064,-1952635,3798
02-22 15:57:09.256  5667 12699 I BatteryMgr:DataCollectionService: stats => 1708613829256,-1952635,3798
02-22 15:57:09.772  5667 12699 I BatteryMgr:DataCollectionService: stats => 1708613829772,-1952635,3798
02-22 15:57:10.067  5667 12699 I BatteryMgr:DataCollectionService: stats => 1708613830067,-1984862,3796
02-22 15:57:10.260  5667 12699 I BatteryMgr:DataCollectionService: stats => 1708613830260,-1984862,3796
02-22 15:57:10.774  5667 12699 I BatteryMgr:DataCollectionService: stats => 1708613830774,-1984862,3796
02-22 15:57:11.069  5667 12699 I BatteryMgr:DataCollectionService: stats => 1708613831069,-1950682,3796
02-22 15:57:11.263  5667 12699 I BatteryMgr:DataCollectionService: stats => 1708613831263,-1950682,3796
02-22 15:57:11.778  5667 12699 I BatteryMgr:DataCollectionService: stats => 1708613831778,-1930663,3796
02-22 15:57:12.072  5667 12699 I BatteryMgr:DataCollectionService: stats => 1708613832072,-1930663,3796
02-22 15:57:12.268  5667 12699 I BatteryMgr:DataCollectionService: stats => 1708613832268,-1930663,3796
02-22 15:57:12.780  5667 12699 I BatteryMgr:DataCollectionService: stats => 1708613832780,-1926268,3796
02-22 15:57:13.076  5667 12699 I BatteryMgr:DataCollectionService: stats => 1708613833076,-1926268,3796
02-22 15:57:13.272  5667 12699 I BatteryMgr:DataCollectionService: stats => 1708613833272,-1926268,3796
02-22 15:57:13.784  5667 12699 I BatteryMgr:DataCollectionService: stats => 1708613833784,-1959959,3796
02-22 15:57:14.079  5667 12699 I BatteryMgr:DataCollectionService: stats => 1708613834079,-1959959,3796
02-22 15:57:14.275  5667 12699 I BatteryMgr:DataCollectionService: stats => 1708613834275,-1959959,3796
02-22 15:57:14.786  5667 12699 I BatteryMgr:DataCollectionService: stats => 1708613834786,-1956541,3796
02-22 15:57:15.081  5667 12699 I BatteryMgr:DataCollectionService: stats => 1708613835081,-1956541,3796
02-22 15:57:15.277  5667 12699 I BatteryMgr:DataCollectionService: stats => 1708613835277,-1956541,3796
02-22 15:57:15.789  5667 12699 I BatteryMgr:DataCollectionService: stats => 1708613835789,-1945799,3796
02-22 15:57:16.084  5667 12699 I BatteryMgr:DataCollectionService: stats => 1708613836084,-1945799,3796
02-22 15:57:16.280  5667 12699 I BatteryMgr:DataCollectionService: stats => 1708613836279,-1945799,3798
02-22 15:57:16.791  5667 12699 I BatteryMgr:DataCollectionService: stats => 1708613836791,-2040038,3792
02-22 15:57:17.088  5667 12699 I BatteryMgr:DataCollectionService: stats => 1708613837088,-2040038,3792
02-22 15:57:17.283  5667 12699 I BatteryMgr:DataCollectionService: stats => 1708613837283,-2040038,3792
02-22 15:57:17.796  5667 12699 I BatteryMgr:DataCollectionService: stats => 1708613837795,-1965819,3792
02-22 15:57:18.090  5667 12699 I BatteryMgr:DataCollectionService: stats => 1708613838090,-1965819,3792
02-22 15:57:18.285  5667 12699 I BatteryMgr:DataCollectionService: stats => 1708613838285,-1965819,3792
02-22 15:57:18.798  5667 12699 I BatteryMgr:DataCollectionService: stats => 1708613838798,-1926268,3792
02-22 15:57:19.093  5667 12699 I BatteryMgr:DataCollectionService: stats => 1708613839093,-1926268,3792
02-22 15:57:19.288  5667 12699 I BatteryMgr:DataCollectionService: stats => 1708613839288,-1926268,3792
02-22 15:57:19.801  5667 12699 I BatteryMgr:DataCollectionService: stats => 1708613839801,-1918456,3792
02-22 15:57:20.099  5667 12699 I BatteryMgr:DataCollectionService: stats => 1708613840099,-1918456,3792
02-22 15:57:20.291  5667 12699 I BatteryMgr:DataCollectionService: stats => 1708613840290,-1918456,3792
02-22 15:57:20.803  5667 12699 I BatteryMgr:DataCollectionService: stats => 1708613840803,-1942381,3792
02-22 15:57:21.103  5667 12699 I BatteryMgr:DataCollectionService: stats => 1708613841103,-1942381,3792
02-22 15:57:21.296  5667 12699 I BatteryMgr:DataCollectionService: stats => 1708613841295,-1942381,3792
02-22 15:57:21.806  5667 12699 I BatteryMgr:DataCollectionService: stats => 1708613841806,-1916991,3792
02-22 15:57:22.106  5667 12699 I BatteryMgr:DataCollectionService: stats => 1708613842106,-1916991,3792
02-22 15:57:22.299  5667 12699 I BatteryMgr:DataCollectionService: stats => 1708613842299,-1916991,3792
02-22 15:57:22.810  5667 12699 I BatteryMgr:DataCollectionService: stats => 1708613842810,-1922850,3792
02-22 15:57:23.109  5667 12699 I BatteryMgr:DataCollectionService: stats => 1708613843109,-1922850,3792
02-22 15:57:23.303  5667 12699 I BatteryMgr:DataCollectionService: stats => 1708613843302,-1922850,3792
02-22 15:57:23.813  5667 12699 I BatteryMgr:DataCollectionService: stats => 1708613843813,-1947264,3792
02-22 15:57:24.112  5667 12699 I BatteryMgr:DataCollectionService: stats => 1708613844112,-1947264,3792
02-22 15:57:24.305  5667 12699 I BatteryMgr:DataCollectionService: stats => 1708613844305,-1947264,3792
02-22 15:57:24.816  5667 12699 I BatteryMgr:DataCollectionService: stats => 1708613844816,-1981444,3792
02-22 15:57:25.115  5667 12699 I BatteryMgr:DataCollectionService: stats => 1708613845115,-1981444,3792
02-22 15:57:25.310  5667 12699 I BatteryMgr:DataCollectionService: stats => 1708613845309,-1981444,3792
02-22 15:57:25.819  5667 12699 I BatteryMgr:DataCollectionService: stats => 1708613845819,-1952635,3792
02-22 15:57:26.117  5667 12699 I BatteryMgr:DataCollectionService: stats => 1708613846117,-1952635,3792
02-22 15:57:26.312  5667 12699 I BatteryMgr:DataCollectionService: stats => 1708613846312,-1952635,3797
02-22 15:57:26.824  5667 12699 I BatteryMgr:DataCollectionService: stats => 1708613846824,-1913573,3797
02-22 15:57:27.120  5667 12699 I BatteryMgr:DataCollectionService: stats => 1708613847120,-1913573,3797
02-22 15:57:27.315  5667 12699 I BatteryMgr:DataCollectionService: stats => 1708613847315,-1913573,3797
02-22 15:57:27.827  5667 12699 I BatteryMgr:DataCollectionService: stats => 1708613847827,-1957518,3797
02-22 15:57:28.122  5667 12699 I BatteryMgr:DataCollectionService: stats => 1708613848122,-1957518,3797
02-22 15:57:28.317  5667 12699 I BatteryMgr:DataCollectionService: stats => 1708613848317,-1957518,3797
02-22 15:57:28.830  5667 12699 I BatteryMgr:DataCollectionService: stats => 1708613848830,-1974120,3797
02-22 15:57:29.126  5667 12699 I BatteryMgr:DataCollectionService: stats => 1708613849126,-1974120,3797
02-22 15:57:29.320  5667 12699 I BatteryMgr:DataCollectionService: stats => 1708613849319,-1974120,3797
02-22 15:57:29.833  5667 12699 I BatteryMgr:DataCollectionService: stats => 1708613849833,-1979002,3797
02-22 15:57:30.129  5667 12699 I BatteryMgr:DataCollectionService: stats => 1708613850129,-1979002,3797
02-22 15:57:30.323  5667 12699 I BatteryMgr:DataCollectionService: stats => 1708613850323,-1979002,3797
02-22 15:57:30.836  5667 12699 I BatteryMgr:DataCollectionService: stats => 1708613850836,-2000487,3797
02-22 15:57:31.132  5667 12699 I BatteryMgr:DataCollectionService: stats => 1708613851132,-2000487,3797
02-22 15:57:31.325  5667 12699 I BatteryMgr:DataCollectionService: stats => 1708613851325,-2000487,3797
02-22 15:57:31.838  5667 12699 I BatteryMgr:DataCollectionService: stats => 1708613851838,-2179686,3797
02-22 15:57:32.136  5667 12699 I BatteryMgr:DataCollectionService: stats => 1708613852136,-2179686,3797
02-22 15:57:32.328  5667 12699 I BatteryMgr:DataCollectionService: stats => 1708613852328,-2179686,3797
02-22 15:57:32.840  5667 12699 I BatteryMgr:DataCollectionService: stats => 1708613852840,-1940916,3797
02-22 15:57:33.139  5667 12699 I BatteryMgr:DataCollectionService: stats => 1708613853139,-1940916,3797
02-22 15:57:33.330  5667 12699 I BatteryMgr:DataCollectionService: stats => 1708613853330,-1940916,3797
02-22 15:57:33.843  5667 12699 I BatteryMgr:DataCollectionService: stats => 1708613853843,-1962889,3797
02-22 15:57:34.142  5667 12699 I BatteryMgr:DataCollectionService: stats => 1708613854142,-1962889,3797
02-22 15:57:34.332  5667 12699 I BatteryMgr:DataCollectionService: stats => 1708613854332,-1962889,3797
02-22 15:57:34.845  5667 12699 I BatteryMgr:DataCollectionService: stats => 1708613854845,-1921385,3797
02-22 15:57:35.146  5667 12699 I BatteryMgr:DataCollectionService: stats => 1708613855146,-1921385,3797
02-22 15:57:35.337  5667 12699 I BatteryMgr:DataCollectionService: stats => 1708613855337,-1921385,3797
02-22 15:57:35.848  5667 12699 I BatteryMgr:DataCollectionService: stats => 1708613855848,-1938475,3797
02-22 15:57:36.149  5667 12699 I BatteryMgr:DataCollectionService: stats => 1708613856149,-1938475,3797
02-22 15:57:36.340  5667 12699 I BatteryMgr:DataCollectionService: stats => 1708613856340,-1938475,3798
02-22 15:57:36.851  5667 12699 I BatteryMgr:DataCollectionService: stats => 1708613856851,-1920409,3798
02-22 15:57:37.152  5667 12699 I BatteryMgr:DataCollectionService: stats => 1708613857152,-1920409,3798
02-22 15:57:37.343  5667 12699 I BatteryMgr:DataCollectionService: stats => 1708613857343,-1920409,3798
02-22 15:57:37.853  5667 12699 I BatteryMgr:DataCollectionService: stats => 1708613857853,-1927733,3798
02-22 15:57:38.155  5667 12699 I BatteryMgr:DataCollectionService: stats => 1708613858154,-1927733,3798
02-22 15:57:38.348  5667 12699 I BatteryMgr:DataCollectionService: stats => 1708613858347,-1927733,3798
02-22 15:57:38.856  5667 12699 I BatteryMgr:DataCollectionService: stats => 1708613858855,-1940916,3798
02-22 15:57:39.157  5667 12699 I BatteryMgr:DataCollectionService: stats => 1708613859157,-1940916,3798
02-22 15:57:39.350  5667 12699 I BatteryMgr:DataCollectionService: stats => 1708613859350,-1940916,3798
02-22 15:57:39.858  5667 12699 I BatteryMgr:DataCollectionService: stats => 1708613859858,-1942381,3798
02-22 15:57:40.159  5667 12699 I BatteryMgr:DataCollectionService: stats => 1708613860159,-1942381,3798
02-22 15:57:40.353  5667 12699 I BatteryMgr:DataCollectionService: stats => 1708613860353,-1942381,3798
02-22 15:57:40.861  5667 12699 I BatteryMgr:DataCollectionService: stats => 1708613860861,-1892088,3798
02-22 15:57:41.163  5667 12699 I BatteryMgr:DataCollectionService: stats => 1708613861163,-1892088,3798
02-22 15:57:41.356  5667 12699 I BatteryMgr:DataCollectionService: stats => 1708613861356,-1892088,3798
02-22 15:57:41.865  5667 12699 I BatteryMgr:DataCollectionService: stats => 1708613861865,-1964354,3798
02-22 15:57:42.166  5667 12699 I BatteryMgr:DataCollectionService: stats => 1708613862166,-1964354,3798
02-22 15:57:42.363  5667 12699 I BatteryMgr:DataCollectionService: stats => 1708613862363,-1964354,3798
02-22 15:57:42.868  5667 12699 I BatteryMgr:DataCollectionService: stats => 1708613862868,-1966795,3798
02-22 15:57:43.168  5667 12699 I BatteryMgr:DataCollectionService: stats => 1708613863168,-1966795,3798
02-22 15:57:43.367  5667 12699 I BatteryMgr:DataCollectionService: stats => 1708613863367,-1966795,3798
02-22 15:57:43.870  5667 12699 I BatteryMgr:DataCollectionService: stats => 1708613863870,-1948241,3798
02-22 15:57:44.172  5667 12699 I BatteryMgr:DataCollectionService: stats => 1708613864172,-1948241,3798
02-22 15:57:44.369  5667 12699 I BatteryMgr:DataCollectionService: stats => 1708613864369,-1948241,3798
02-22 15:57:44.872  5667 12699 I BatteryMgr:DataCollectionService: stats => 1708613864872,-1909178,3798
02-22 15:57:45.175  5667 12699 I BatteryMgr:DataCollectionService: stats => 1708613865175,-1909178,3798
02-22 15:57:45.372  5667 12699 I BatteryMgr:DataCollectionService: stats => 1708613865372,-1909178,3798
02-22 15:57:45.876  5667 12699 I BatteryMgr:DataCollectionService: stats => 1708613865876,-1940916,3798
02-22 15:57:46.187  5667 12699 I BatteryMgr:DataCollectionService: stats => 1708613866187,-1940916,3797
02-22 15:57:46.376  5667 12699 I BatteryMgr:DataCollectionService: stats => 1708613866376,-1940916,3797
02-22 15:57:46.879  5667 12699 I BatteryMgr:DataCollectionService: stats => 1708613866879,-1956541,3797
02-22 15:57:47.189  5667 12699 I BatteryMgr:DataCollectionService: stats => 1708613867189,-1956541,3797
02-22 15:57:47.379  5667 12699 I BatteryMgr:DataCollectionService: stats => 1708613867379,-1956541,3797
02-22 15:57:47.881  5667 12699 I BatteryMgr:DataCollectionService: stats => 1708613867881,-1952635,3797
02-22 15:57:48.192  5667 12699 I BatteryMgr:DataCollectionService: stats => 1708613868192,-1952635,3797
02-22 15:57:48.381  5667 12699 I BatteryMgr:DataCollectionService: stats => 1708613868381,-1952635,3797
02-22 15:57:48.884  5667 12699 I BatteryMgr:DataCollectionService: stats => 1708613868884,-1958495,3797
02-22 15:57:49.195  5667 12699 I BatteryMgr:DataCollectionService: stats => 1708613869194,-1958495,3797
02-22 15:57:49.384  5667 12699 I BatteryMgr:DataCollectionService: stats => 1708613869384,-1958495,3797
02-22 15:57:49.888  5667 12699 I BatteryMgr:DataCollectionService: stats => 1708613869888,-2002928,3797
02-22 15:57:50.197  5667 12699 I BatteryMgr:DataCollectionService: stats => 1708613870197,-2002928,3797
02-22 15:57:50.386  5667 12699 I BatteryMgr:DataCollectionService: stats => 1708613870386,-2002928,3797
02-22 15:57:50.891  5667 12699 I BatteryMgr:DataCollectionService: stats => 1708613870891,-2123045,3797
02-22 15:57:51.200  5667 12699 I BatteryMgr:DataCollectionService: stats => 1708613871199,-2123045,3797
02-22 15:57:51.390  5667 12699 I BatteryMgr:DataCollectionService: stats => 1708613871390,-2123045,3797
02-22 15:57:51.894  5667 12699 I BatteryMgr:DataCollectionService: stats => 1708613871894,-2110838,3797
02-22 15:57:52.202  5667 12699 I BatteryMgr:DataCollectionService: stats => 1708613872202,-2110838,3797
02-22 15:57:52.393  5667 12699 I BatteryMgr:DataCollectionService: stats => 1708613872393,-2110838,3797
02-22 15:57:52.896  5667 12699 I BatteryMgr:DataCollectionService: stats => 1708613872896,-2117186,3797
02-22 15:57:53.205  5667 12699 I BatteryMgr:DataCollectionService: stats => 1708613873205,-2117186,3797
02-22 15:57:53.396  5667 12699 I BatteryMgr:DataCollectionService: stats => 1708613873396,-2117186,3797
02-22 15:57:53.899  5667 12699 I BatteryMgr:DataCollectionService: stats => 1708613873899,-2102049,3797
02-22 15:57:54.209  5667 12699 I BatteryMgr:DataCollectionService: stats => 1708613874209,-2102049,3797
02-22 15:57:54.399  5667 12699 I BatteryMgr:DataCollectionService: stats => 1708613874399,-2102049,3797
02-22 15:57:54.903  5667 12699 I BatteryMgr:DataCollectionService: stats => 1708613874902,-2060545,3797
02-22 15:57:55.212  5667 12699 I BatteryMgr:DataCollectionService: stats => 1708613875212,-2060545,3797
02-22 15:57:55.402  5667 12699 I BatteryMgr:DataCollectionService: stats => 1708613875402,-2060545,3797
02-22 15:57:55.905  5667 12699 I BatteryMgr:DataCollectionService: stats => 1708613875905,-1932616,3797
02-22 15:57:56.215  5667 12699 I BatteryMgr:DataCollectionService: stats => 1708613876215,-1932616,3795
02-22 15:57:56.405  5667 12699 I BatteryMgr:DataCollectionService: stats => 1708613876405,-1932616,3795
02-22 15:57:56.908  5667 12699 I BatteryMgr:DataCollectionService: stats => 1708613876907,-1913084,3795
02-22 15:57:57.219  5667 12699 I BatteryMgr:DataCollectionService: stats => 1708613877219,-1913084,3795
02-22 15:57:57.408  5667 12699 I BatteryMgr:DataCollectionService: stats => 1708613877408,-1913084,3795
02-22 15:57:57.910  5667 12699 I BatteryMgr:DataCollectionService: stats => 1708613877910,-1950194,3795
02-22 15:57:58.222  5667 12699 I BatteryMgr:DataCollectionService: stats => 1708613878222,-1950194,3795
02-22 15:57:58.410  5667 12699 I BatteryMgr:DataCollectionService: stats => 1708613878410,-1950194,3795
02-22 15:57:58.913  5667 12699 I BatteryMgr:DataCollectionService: stats => 1708613878913,-1931151,3795
02-22 15:57:59.225  5667 12699 I BatteryMgr:DataCollectionService: stats => 1708613879225,-1931151,3795
02-22 15:57:59.414  5667 12699 I BatteryMgr:DataCollectionService: stats => 1708613879414,-1931151,3795
02-22 15:57:59.916  5667 12699 I BatteryMgr:DataCollectionService: stats => 1708613879916,-2023436,3795
02-22 15:58:00.228  5667 12699 I BatteryMgr:DataCollectionService: stats => 1708613880228,-2023436,3795
02-22 15:58:00.418  5667 12699 I BatteryMgr:DataCollectionService: stats => 1708613880418,-2023436,3795
02-22 15:58:00.919  5667 12699 I BatteryMgr:DataCollectionService: stats => 1708613880919,-2077147,3795
02-22 15:58:01.234  5667 12699 I BatteryMgr:DataCollectionService: stats => 1708613881233,-2077147,3795
02-22 15:58:01.420  5667 12699 I BatteryMgr:DataCollectionService: stats => 1708613881420,-2077147,3795
02-22 15:58:01.921  5667 12699 I BatteryMgr:DataCollectionService: stats => 1708613881921,-1938963,3795
02-22 15:58:02.236  5667 12699 I BatteryMgr:DataCollectionService: stats => 1708613882236,-1938963,3795
02-22 15:58:02.423  5667 12699 I BatteryMgr:DataCollectionService: stats => 1708613882423,-1938963,3795
02-22 15:58:02.924  5667 12699 I BatteryMgr:DataCollectionService: stats => 1708613882924,-1900389,3795
02-22 15:58:03.239  5667 12699 I BatteryMgr:DataCollectionService: stats => 1708613883239,-1900389,3795
02-22 15:58:03.425  5667 12699 I BatteryMgr:DataCollectionService: stats => 1708613883425,-1900389,3795
02-22 15:58:03.927  5667 12699 I BatteryMgr:DataCollectionService: stats => 1708613883927,-1955565,3795
02-22 15:58:04.241  5667 12699 I BatteryMgr:DataCollectionService: stats => 1708613884241,-1955565,3795
02-22 15:58:04.430  5667 12699 I BatteryMgr:DataCollectionService: stats => 1708613884430,-1955565,3795
02-22 15:58:04.930  5667 12699 I BatteryMgr:DataCollectionService: stats => 1708613884930,-1961913,3795
02-22 15:58:05.244  5667 12699 I BatteryMgr:DataCollectionService: stats => 1708613885244,-1961913,3795
02-22 15:58:05.433  5667 12699 I BatteryMgr:DataCollectionService: stats => 1708613885433,-1961913,3795
02-22 15:58:05.934  5667 12699 I BatteryMgr:DataCollectionService: stats => 1708613885933,-2117186,3795
02-22 15:58:06.247  5667 12699 I BatteryMgr:DataCollectionService: stats => 1708613886247,-2117186,3786
02-22 15:58:06.436  5667 12699 I BatteryMgr:DataCollectionService: stats => 1708613886436,-2117186,3786
02-22 15:58:06.936  5667 12699 I BatteryMgr:DataCollectionService: stats => 1708613886936,-2025877,3786
02-22 15:58:07.249  5667 12699 I BatteryMgr:DataCollectionService: stats => 1708613887249,-2025877,3786
02-22 15:58:07.440  5667 12699 I BatteryMgr:DataCollectionService: stats => 1708613887440,-2025877,3786
02-22 15:58:07.940  5667 12699 I BatteryMgr:DataCollectionService: stats => 1708613887940,-1970213,3786
02-22 15:58:08.254  5667 12699 I BatteryMgr:DataCollectionService: stats => 1708613888254,-1970213,3786
02-22 15:58:08.442  5667 12699 I BatteryMgr:DataCollectionService: stats => 1708613888442,-1970213,3786
02-22 15:58:08.943  5667 12699 I BatteryMgr:DataCollectionService: stats => 1708613888943,-2017088,3786
02-22 15:58:09.256  5667 12699 I BatteryMgr:DataCollectionService: stats => 1708613889256,-2017088,3786
02-22 15:58:09.445  5667 12699 I BatteryMgr:DataCollectionService: stats => 1708613889445,-2017088,3786
02-22 15:58:09.945  5667 12699 I BatteryMgr:DataCollectionService: stats => 1708613889945,-2053709,3788
02-22 15:58:10.260  5667 12699 I BatteryMgr:DataCollectionService: stats => 1708613890260,-2053709,3788
02-22 15:58:10.447  5667 12699 I BatteryMgr:DataCollectionService: stats => 1708613890447,-2053709,3788
02-22 15:58:10.949  5667 12699 I BatteryMgr:DataCollectionService: stats => 1708613890949,-1982909,3788
02-22 15:58:11.263  5667 12699 I BatteryMgr:DataCollectionService: stats => 1708613891263,-1982909,3788
02-22 15:58:11.450  5667 12699 I BatteryMgr:DataCollectionService: stats => 1708613891450,-1982909,3788
02-22 15:58:11.953  5667 12699 I BatteryMgr:DataCollectionService: stats => 1708613891953,-1965819,3788
02-22 15:58:12.266  5667 12699 I BatteryMgr:DataCollectionService: stats => 1708613892266,-1965819,3788
02-22 15:58:12.454  5667 12699 I BatteryMgr:DataCollectionService: stats => 1708613892454,-1965819,3788
02-22 15:58:12.956  5667 12699 I BatteryMgr:DataCollectionService: stats => 1708613892956,-2007811,3788
02-22 15:58:13.268  5667 12699 I BatteryMgr:DataCollectionService: stats => 1708613893268,-2007811,3788
02-22 15:58:13.457  5667 12699 I BatteryMgr:DataCollectionService: stats => 1708613893457,-2007811,3788
02-22 15:58:13.959  5667 12699 I BatteryMgr:DataCollectionService: stats => 1708613893959,-1994627,3788
02-22 15:58:14.272  5667 12699 I BatteryMgr:DataCollectionService: stats => 1708613894272,-1994627,3788
02-22 15:58:14.460  5667 12699 I BatteryMgr:DataCollectionService: stats => 1708613894460,-1994627,3788
02-22 15:58:14.962  5667 12699 I BatteryMgr:DataCollectionService: stats => 1708613894962,-2001463,3788
02-22 15:58:15.275  5667 12699 I BatteryMgr:DataCollectionService: stats => 1708613895275,-2001463,3788
02-22 15:58:15.462  5667 12699 I BatteryMgr:DataCollectionService: stats => 1708613895462,-2001463,3788
02-22 15:58:15.965  5667 12699 I BatteryMgr:DataCollectionService: stats => 1708613895965,-2009764,3788
02-22 15:58:16.277  5667 12699 I BatteryMgr:DataCollectionService: stats => 1708613896277,-2009764,3790
02-22 15:58:16.465  5667 12699 I BatteryMgr:DataCollectionService: stats => 1708613896465,-2009764,3790
02-22 15:58:16.971  5667 12699 I BatteryMgr:DataCollectionService: stats => 1708613896971,-1993163,3790
02-22 15:58:17.279  5667 12699 I BatteryMgr:DataCollectionService: stats => 1708613897279,-1993163,3790
02-22 15:58:17.469  5667 12699 I BatteryMgr:DataCollectionService: stats => 1708613897468,-1993163,3790
02-22 15:58:17.973  5667 12699 I BatteryMgr:DataCollectionService: stats => 1708613897973,-2013182,3790
02-22 15:58:18.282  5667 12699 I BatteryMgr:DataCollectionService: stats => 1708613898282,-2013182,3790
02-22 15:58:18.471  5667 12699 I BatteryMgr:DataCollectionService: stats => 1708613898471,-2013182,3790
02-22 15:58:18.976  5667 12699 I BatteryMgr:DataCollectionService: stats => 1708613898976,-2003905,3790
02-22 15:58:19.285  5667 12699 I BatteryMgr:DataCollectionService: stats => 1708613899284,-2003905,3790
02-22 15:58:19.474  5667 12699 I BatteryMgr:DataCollectionService: stats => 1708613899474,-2003905,3790
02-22 15:58:19.980  5667 12699 I BatteryMgr:DataCollectionService: stats => 1708613899980,-1966795,3790
02-22 15:58:20.288  5667 12699 I BatteryMgr:DataCollectionService: stats => 1708613900288,-1966795,3790
02-22 15:58:20.476  5667 12699 I BatteryMgr:DataCollectionService: stats => 1708613900476,-1966795,3790
02-22 15:58:20.983  5667 12699 I BatteryMgr:DataCollectionService: stats => 1708613900983,-1974120,3790
02-22 15:58:21.292  5667 12699 I BatteryMgr:DataCollectionService: stats => 1708613901292,-1974120,3790
02-22 15:58:21.480  5667 12699 I BatteryMgr:DataCollectionService: stats => 1708613901480,-1974120,3790
02-22 15:58:21.986  5667 12699 I BatteryMgr:DataCollectionService: stats => 1708613901986,-2019041,3790
02-22 15:58:22.295  5667 12699 I BatteryMgr:DataCollectionService: stats => 1708613902295,-2019041,3790
02-22 15:58:22.483  5667 12699 I BatteryMgr:DataCollectionService: stats => 1708613902483,-2019041,3790
02-22 15:58:22.989  5667 12699 I BatteryMgr:DataCollectionService: stats => 1708613902989,-2012206,3790
02-22 15:58:23.300  5667 12699 I BatteryMgr:DataCollectionService: stats => 1708613903300,-2012206,3790
02-22 15:58:23.486  5667 12699 I BatteryMgr:DataCollectionService: stats => 1708613903486,-2012206,3790
02-22 15:58:23.994  5667 12699 I BatteryMgr:DataCollectionService: stats => 1708613903994,-2033202,3790
02-22 15:58:24.304  5667 12699 I BatteryMgr:DataCollectionService: stats => 1708613904304,-2033202,3790
02-22 15:58:24.489  5667 12699 I BatteryMgr:DataCollectionService: stats => 1708613904489,-2033202,3790
02-22 15:58:24.996  5667 12699 I BatteryMgr:DataCollectionService: stats => 1708613904996,-1989745,3790
02-22 15:58:25.307  5667 12699 I BatteryMgr:DataCollectionService: stats => 1708613905307,-1989745,3790
02-22 15:58:25.493  5667 12699 I BatteryMgr:DataCollectionService: stats => 1708613905492,-1989745,3790
02-22 15:58:25.998  5667 12699 I BatteryMgr:DataCollectionService: stats => 1708613905998,-2000487,3790
02-22 15:58:26.310  5667 12699 I BatteryMgr:DataCollectionService: stats => 1708613906310,-2000487,3790
02-22 15:58:26.496  5667 12699 I BatteryMgr:DataCollectionService: stats => 1708613906496,-2000487,3790
02-22 15:58:27.001  5667 12699 I BatteryMgr:DataCollectionService: stats => 1708613907001,-1979002,3790
02-22 15:58:27.314  5667 12699 I BatteryMgr:DataCollectionService: stats => 1708613907314,-1979002,3790
02-22 15:58:27.499  5667 12699 I BatteryMgr:DataCollectionService: stats => 1708613907499,-1979002,3790
02-22 15:58:28.003  5667 12699 I BatteryMgr:DataCollectionService: stats => 1708613908003,-1981444,3790
02-22 15:58:28.317  5667 12699 I BatteryMgr:DataCollectionService: stats => 1708613908317,-1981444,3790
02-22 15:58:28.502  5667 12699 I BatteryMgr:DataCollectionService: stats => 1708613908502,-1981444,3790
02-22 15:58:29.007  5667 12699 I BatteryMgr:DataCollectionService: stats => 1708613909007,-1977538,3790
02-22 15:58:29.319  5667 12699 I BatteryMgr:DataCollectionService: stats => 1708613909319,-1977538,3790
02-22 15:58:29.505  5667 12699 I BatteryMgr:DataCollectionService: stats => 1708613909504,-1977538,3790
02-22 15:58:30.016  5667 12699 I BatteryMgr:DataCollectionService: stats => 1708613910016,-1952147,3790
02-22 15:58:30.322  5667 12699 I BatteryMgr:DataCollectionService: stats => 1708613910322,-1952147,3790
02-22 15:58:30.509  5667 12699 I BatteryMgr:DataCollectionService: stats => 1708613910509,-1952147,3790
02-22 15:58:31.020  5667 12699 I BatteryMgr:DataCollectionService: stats => 1708613911020,-1986327,3790
02-22 15:58:31.326  5667 12699 I BatteryMgr:DataCollectionService: stats => 1708613911326,-1986327,3790
02-22 15:58:31.511  5667 12699 I BatteryMgr:DataCollectionService: stats => 1708613911511,-1986327,3790
02-22 15:58:32.024  5667 12699 I BatteryMgr:DataCollectionService: stats => 1708613912023,-1958006,3790
02-22 15:58:32.329  5667 12699 I BatteryMgr:DataCollectionService: stats => 1708613912329,-1958006,3790
02-22 15:58:32.514  5667 12699 I BatteryMgr:DataCollectionService: stats => 1708613912514,-1958006,3790
02-22 15:58:33.026  5667 12699 I BatteryMgr:DataCollectionService: stats => 1708613913026,-1995116,3790
02-22 15:58:33.332  5667 12699 I BatteryMgr:DataCollectionService: stats => 1708613913332,-1995116,3790
02-22 15:58:33.516  5667 12699 I BatteryMgr:DataCollectionService: stats => 1708613913516,-1995116,3790
02-22 15:58:34.029  5667 12699 I BatteryMgr:DataCollectionService: stats => 1708613914029,-1979002,3790
02-22 15:58:34.335  5667 12699 I BatteryMgr:DataCollectionService: stats => 1708613914335,-1979002,3790
02-22 15:58:34.519  5667 12699 I BatteryMgr:DataCollectionService: stats => 1708613914519,-1979002,3790
02-22 15:58:35.032  5667 12699 I BatteryMgr:DataCollectionService: stats => 1708613915032,-1907225,3790
02-22 15:58:35.338  5667 12699 I BatteryMgr:DataCollectionService: stats => 1708613915338,-1907225,3790
02-22 15:58:35.522  5667 12699 I BatteryMgr:DataCollectionService: stats => 1708613915522,-1907225,3790
02-22 15:58:36.036  5667 12699 I BatteryMgr:DataCollectionService: stats => 1708613916035,-1970702,3790
02-22 15:58:36.341  5667 12699 I BatteryMgr:DataCollectionService: stats => 1708613916341,-1970702,3790
02-22 15:58:36.526  5667 12699 I BatteryMgr:DataCollectionService: stats => 1708613916526,-1970702,3790
02-22 15:58:37.039  5667 12699 I BatteryMgr:DataCollectionService: stats => 1708613917039,-1981444,3790
02-22 15:58:37.344  5667 12699 I BatteryMgr:DataCollectionService: stats => 1708613917344,-1981444,3790
02-22 15:58:37.528  5667 12699 I BatteryMgr:DataCollectionService: stats => 1708613917528,-1981444,3790
02-22 15:58:38.042  5667 12699 I BatteryMgr:DataCollectionService: stats => 1708613918042,-1916502,3790
02-22 15:58:38.346  5667 12699 I BatteryMgr:DataCollectionService: stats => 1708613918346,-1916502,3790
02-22 15:58:38.532  5667 12699 I BatteryMgr:DataCollectionService: stats => 1708613918532,-1916502,3790
02-22 15:58:39.045  5667 12699 I BatteryMgr:DataCollectionService: stats => 1708613919045,-2015623,3790
02-22 15:58:39.349  5667 12699 I BatteryMgr:DataCollectionService: stats => 1708613919349,-2015623,3790
02-22 15:58:39.536  5667 12699 I BatteryMgr:DataCollectionService: stats => 1708613919535,-2015623,3790
02-22 15:58:40.049  5667 12699 I BatteryMgr:DataCollectionService: stats => 1708613920049,-1967772,3790
02-22 15:58:40.353  5667 12699 I BatteryMgr:DataCollectionService: stats => 1708613920353,-1967772,3790
02-22 15:58:40.539  5667 12699 I BatteryMgr:DataCollectionService: stats => 1708613920539,-1967772,3790
02-22 15:58:41.052  5667 12699 I BatteryMgr:DataCollectionService: stats => 1708613921052,-1967772,3790
02-22 15:58:41.355  5667 12699 I BatteryMgr:DataCollectionService: stats => 1708613921355,-1967772,3790
02-22 15:58:41.542  5667 12699 I BatteryMgr:DataCollectionService: stats => 1708613921542,-1967772,3790
02-22 15:58:42.056  5667 12699 I BatteryMgr:DataCollectionService: stats => 1708613922056,-1949706,3790
02-22 15:58:42.358  5667 12699 I BatteryMgr:DataCollectionService: stats => 1708613922358,-1949706,3790
02-22 15:58:42.546  5667 12699 I BatteryMgr:DataCollectionService: stats => 1708613922544,-1949706,3790
02-22 15:58:43.060  5667 12699 I BatteryMgr:DataCollectionService: stats => 1708613923059,-1992186,3790
02-22 15:58:43.361  5667 12699 I BatteryMgr:DataCollectionService: stats => 1708613923361,-1992186,3790
02-22 15:58:43.549  5667 12699 I BatteryMgr:DataCollectionService: stats => 1708613923549,-1992186,3790
02-22 15:58:44.062  5667 12699 I BatteryMgr:DataCollectionService: stats => 1708613924062,-1955565,3790
02-22 15:58:44.364  5667 12699 I BatteryMgr:DataCollectionService: stats => 1708613924363,-1955565,3790
02-22 15:58:44.552  5667 12699 I BatteryMgr:DataCollectionService: stats => 1708613924552,-1955565,3790
02-22 15:58:45.065  5667 12699 I BatteryMgr:DataCollectionService: stats => 1708613925065,-1979979,3790
02-22 15:58:45.368  5667 12699 I BatteryMgr:DataCollectionService: stats => 1708613925368,-1979979,3790
02-22 15:58:45.555  5667 12699 I BatteryMgr:DataCollectionService: stats => 1708613925555,-1979979,3790
02-22 15:58:46.067  5667 12699 I BatteryMgr:DataCollectionService: stats => 1708613926067,-1976561,3790
02-22 15:58:46.370  5667 12699 I BatteryMgr:DataCollectionService: stats => 1708613926370,-1976561,3789
02-22 15:58:46.558  5667 12699 I BatteryMgr:DataCollectionService: stats => 1708613926558,-1976561,3789
02-22 15:58:47.069  5667 12699 I BatteryMgr:DataCollectionService: stats => 1708613927069,-1972655,3789
02-22 15:58:47.373  5667 12699 I BatteryMgr:DataCollectionService: stats => 1708613927373,-1972655,3789
02-22 15:58:47.561  5667 12699 I BatteryMgr:DataCollectionService: stats => 1708613927561,-1972655,3789
02-22 15:58:48.072  5667 12699 I BatteryMgr:DataCollectionService: stats => 1708613928072,-2003905,3789
02-22 15:58:48.375  5667 12699 I BatteryMgr:DataCollectionService: stats => 1708613928375,-2003905,3789
02-22 15:58:48.564  5667 12699 I BatteryMgr:DataCollectionService: stats => 1708613928564,-2003905,3789
02-22 15:58:49.075  5667 12699 I BatteryMgr:DataCollectionService: stats => 1708613929075,-1979002,3789
02-22 15:58:49.379  5667 12699 I BatteryMgr:DataCollectionService: stats => 1708613929379,-1979002,3789
02-22 15:58:49.566  5667 12699 I BatteryMgr:DataCollectionService: stats => 1708613929566,-1979002,3789
02-22 15:58:50.077  5667 12699 I BatteryMgr:DataCollectionService: stats => 1708613930077,-1945799,3789
02-22 15:58:50.382  5667 12699 I BatteryMgr:DataCollectionService: stats => 1708613930381,-1945799,3789
02-22 15:58:50.575  5667 12699 I BatteryMgr:DataCollectionService: stats => 1708613930575,-2110350,3789
02-22 15:58:51.080  5667 12699 I BatteryMgr:DataCollectionService: stats => 1708613931080,-2110350,3789
02-22 15:58:51.385  5667 12699 I BatteryMgr:DataCollectionService: stats => 1708613931384,-2110350,3789
02-22 15:58:51.579  5667 12699 I BatteryMgr:DataCollectionService: stats => 1708613931579,-2097166,3789
02-22 15:58:52.083  5667 12699 I BatteryMgr:DataCollectionService: stats => 1708613932083,-2097166,3789
02-22 15:58:52.387  5667 12699 I BatteryMgr:DataCollectionService: stats => 1708613932387,-2097166,3789
02-22 15:58:52.582  5667 12699 I BatteryMgr:DataCollectionService: stats => 1708613932582,-2122557,3789
02-22 15:58:53.087  5667 12699 I BatteryMgr:DataCollectionService: stats => 1708613933087,-2122557,3789
02-22 15:58:53.390  5667 12699 I BatteryMgr:DataCollectionService: stats => 1708613933390,-2122557,3789
02-22 15:58:53.588  5667 12699 I BatteryMgr:DataCollectionService: stats => 1708613933588,-1976073,3789
02-22 15:58:54.091  5667 12699 I BatteryMgr:DataCollectionService: stats => 1708613934091,-1976073,3789
02-22 15:58:54.393  5667 12699 I BatteryMgr:DataCollectionService: stats => 1708613934393,-1976073,3789
02-22 15:58:54.590  5667 12699 I BatteryMgr:DataCollectionService: stats => 1708613934590,-2008788,3789
02-22 15:58:55.094  5667 12699 I BatteryMgr:DataCollectionService: stats => 1708613935094,-2008788,3789
02-22 15:58:55.396  5667 12699 I BatteryMgr:DataCollectionService: stats => 1708613935395,-2008788,3789
02-22 15:58:55.593  5667 12699 I BatteryMgr:DataCollectionService: stats => 1708613935593,-1964354,3789
02-22 15:58:56.097  5667 12699 I BatteryMgr:DataCollectionService: stats => 1708613936096,-1964354,3789
02-22 15:58:56.398  5667 12699 I BatteryMgr:DataCollectionService: stats => 1708613936398,-1964354,3789
02-22 15:58:56.595  5667 12699 I BatteryMgr:DataCollectionService: stats => 1708613936595,-1982420,3789
02-22 15:58:57.101  5667 12699 I BatteryMgr:DataCollectionService: stats => 1708613937101,-1982420,3789
02-22 15:58:57.400  5667 12699 I BatteryMgr:DataCollectionService: stats => 1708613937400,-1982420,3789
02-22 15:58:57.599  5667 12699 I BatteryMgr:DataCollectionService: stats => 1708613937599,-2004881,3789
02-22 15:58:58.103  5667 12699 I BatteryMgr:DataCollectionService: stats => 1708613938103,-2004881,3789
02-22 15:58:58.403  5667 12699 I BatteryMgr:DataCollectionService: stats => 1708613938403,-2004881,3789
02-22 15:58:58.601  5667 12699 I BatteryMgr:DataCollectionService: stats => 1708613938601,-1906249,3789
02-22 15:58:59.106  5667 12699 I BatteryMgr:DataCollectionService: stats => 1708613939106,-1906249,3789
02-22 15:58:59.408  5667 12699 I BatteryMgr:DataCollectionService: stats => 1708613939408,-1906249,3789
02-22 15:58:59.606  5667 12699 I BatteryMgr:DataCollectionService: stats => 1708613939606,-2024413,3785
02-22 15:59:00.108  5667 12699 I BatteryMgr:DataCollectionService: stats => 1708613940108,-2024413,3785
02-22 15:59:00.413  5667 12699 I BatteryMgr:DataCollectionService: stats => 1708613940413,-2024413,3785
02-22 15:59:00.610  5667 12699 I BatteryMgr:DataCollectionService: stats => 1708613940610,-2118651,3785
02-22 15:59:01.114  5667 12699 I BatteryMgr:DataCollectionService: stats => 1708613941114,-2118651,3785
02-22 15:59:01.416  5667 12699 I BatteryMgr:DataCollectionService: stats => 1708613941416,-2118651,3785
02-22 15:59:01.614  5667 12699 I BatteryMgr:DataCollectionService: stats => 1708613941614,-1980467,3785
02-22 15:59:02.117  5667 12699 I BatteryMgr:DataCollectionService: stats => 1708613942117,-1980467,3785
02-22 15:59:02.420  5667 12699 I BatteryMgr:DataCollectionService: stats => 1708613942420,-1980467,3785
02-22 15:59:02.617  5667 12699 I BatteryMgr:DataCollectionService: stats => 1708613942617,-1973143,3785
02-22 15:59:03.119  5667 12699 I BatteryMgr:DataCollectionService: stats => 1708613943119,-1973143,3785
02-22 15:59:03.423  5667 12699 I BatteryMgr:DataCollectionService: stats => 1708613943423,-1973143,3785
02-22 15:59:03.621  5667 12699 I BatteryMgr:DataCollectionService: stats => 1708613943621,-1956053,3785
02-22 15:59:04.122  5667 12699 I BatteryMgr:DataCollectionService: stats => 1708613944122,-1956053,3785
02-22 15:59:04.426  5667 12699 I BatteryMgr:DataCollectionService: stats => 1708613944426,-1956053,3785
02-22 15:59:04.623  5667 12699 I BatteryMgr:DataCollectionService: stats => 1708613944623,-1973143,3785
02-22 15:59:05.125  5667 12699 I BatteryMgr:DataCollectionService: stats => 1708613945125,-1973143,3785
02-22 15:59:05.428  5667 12699 I BatteryMgr:DataCollectionService: stats => 1708613945428,-1973143,3785
02-22 15:59:05.628  5667 12699 I BatteryMgr:DataCollectionService: stats => 1708613945628,-1966795,3785
02-22 15:59:06.129  5667 12699 I BatteryMgr:DataCollectionService: stats => 1708613946129,-1966795,3785
02-22 15:59:06.431  5667 12699 I BatteryMgr:DataCollectionService: stats => 1708613946431,-1966795,3786
02-22 15:59:06.630  5667 12699 I BatteryMgr:DataCollectionService: stats => 1708613946630,-1984373,3786
02-22 15:59:07.132  5667 12699 I BatteryMgr:DataCollectionService: stats => 1708613947132,-1984373,3786
02-22 15:59:07.434  5667 12699 I BatteryMgr:DataCollectionService: stats => 1708613947434,-1984373,3786
02-22 15:59:07.633  5667 12699 I BatteryMgr:DataCollectionService: stats => 1708613947633,-1976561,3786
02-22 15:59:08.138  5667 12699 I BatteryMgr:DataCollectionService: stats => 1708613948138,-1976561,3786
02-22 15:59:08.438  5667 12699 I BatteryMgr:DataCollectionService: stats => 1708613948437,-1976561,3786
02-22 15:59:08.635  5667 12699 I BatteryMgr:DataCollectionService: stats => 1708613948635,-1970702,3786
02-22 15:59:09.142  5667 12699 I BatteryMgr:DataCollectionService: stats => 1708613949142,-1970702,3786
02-22 15:59:09.440  5667 12699 I BatteryMgr:DataCollectionService: stats => 1708613949440,-1970702,3786
02-22 15:59:09.637  5667 12699 I BatteryMgr:DataCollectionService: stats => 1708613949637,-1993163,3786
02-22 15:59:10.145  5667 12699 I BatteryMgr:DataCollectionService: stats => 1708613950145,-1993163,3786
02-22 15:59:10.444  5667 12699 I BatteryMgr:DataCollectionService: stats => 1708613950443,-1993163,3785
02-22 15:59:10.640  5667 12699 I BatteryMgr:DataCollectionService: stats => 1708613950640,-1935057,3785
02-22 15:59:11.149  5667 12699 I BatteryMgr:DataCollectionService: stats => 1708613951149,-1935057,3785
02-22 15:59:11.447  5667 12699 I BatteryMgr:DataCollectionService: stats => 1708613951447,-1935057,3785
02-22 15:59:11.644  5667 12699 I BatteryMgr:DataCollectionService: stats => 1708613951644,-1992186,3785
02-22 15:59:12.152  5667 12699 I BatteryMgr:DataCollectionService: stats => 1708613952152,-1992186,3785
02-22 15:59:12.451  5667 12699 I BatteryMgr:DataCollectionService: stats => 1708613952451,-1992186,3785
02-22 15:59:12.646  5667 12699 I BatteryMgr:DataCollectionService: stats => 1708613952646,-1966307,3785
02-22 15:59:13.154  5667 12699 I BatteryMgr:DataCollectionService: stats => 1708613953154,-1966307,3785
02-22 15:59:13.454  5667 12699 I BatteryMgr:DataCollectionService: stats => 1708613953454,-1966307,3785
02-22 15:59:13.649  5667 12699 I BatteryMgr:DataCollectionService: stats => 1708613953649,-1959959,3785
02-22 15:59:14.159  5667 12699 I BatteryMgr:DataCollectionService: stats => 1708613954159,-1959959,3785
02-22 15:59:14.456  5667 12699 I BatteryMgr:DataCollectionService: stats => 1708613954456,-1959959,3785
02-22 15:59:14.653  5667 12699 I BatteryMgr:DataCollectionService: stats => 1708613954653,-1971678,3785
02-22 15:59:15.162  5667 12699 I BatteryMgr:DataCollectionService: stats => 1708613955162,-1971678,3785
02-22 15:59:15.460  5667 12699 I BatteryMgr:DataCollectionService: stats => 1708613955460,-1971678,3785
02-22 15:59:15.656  5667 12699 I BatteryMgr:DataCollectionService: stats => 1708613955656,-1947752,3785
02-22 15:59:16.164  5667 12699 I BatteryMgr:DataCollectionService: stats => 1708613956164,-1947752,3785
02-22 15:59:16.462  5667 12699 I BatteryMgr:DataCollectionService: stats => 1708613956462,-1947752,3787
02-22 15:59:16.659  5667 12699 I BatteryMgr:DataCollectionService: stats => 1708613956659,-1962401,3787
02-22 15:59:17.168  5667 12699 I BatteryMgr:DataCollectionService: stats => 1708613957168,-1962401,3787
02-22 15:59:17.465  5667 12699 I BatteryMgr:DataCollectionService: stats => 1708613957465,-1962401,3787
02-22 15:59:17.662  5667 12699 I BatteryMgr:DataCollectionService: stats => 1708613957662,-1962889,3787
02-22 15:59:18.172  5667 12699 I BatteryMgr:DataCollectionService: stats => 1708613958172,-1962889,3787
02-22 15:59:18.468  5667 12699 I BatteryMgr:DataCollectionService: stats => 1708613958468,-1962889,3787
02-22 15:59:18.666  5667 12699 I BatteryMgr:DataCollectionService: stats => 1708613958666,-2000975,3787
02-22 15:59:19.175  5667 12699 I BatteryMgr:DataCollectionService: stats => 1708613959175,-2000975,3787
02-22 15:59:19.472  5667 12699 I BatteryMgr:DataCollectionService: stats => 1708613959472,-2000975,3787
02-22 15:59:19.669  5667 12699 I BatteryMgr:DataCollectionService: stats => 1708613959669,-1991209,3787
02-22 15:59:20.178  5667 12699 I BatteryMgr:DataCollectionService: stats => 1708613960178,-1991209,3787
02-22 15:59:20.475  5667 12699 I BatteryMgr:DataCollectionService: stats => 1708613960475,-1991209,3787
02-22 15:59:20.672  5667 12699 I BatteryMgr:DataCollectionService: stats => 1708613960672,-1969237,3787
02-22 15:59:21.182  5667 12699 I BatteryMgr:DataCollectionService: stats => 1708613961182,-1969237,3787
02-22 15:59:21.478  5667 12699 I BatteryMgr:DataCollectionService: stats => 1708613961478,-1969237,3787
02-22 15:59:21.675  5667 12699 I BatteryMgr:DataCollectionService: stats => 1708613961674,-1943358,3787
02-22 15:59:22.186  5667 12699 I BatteryMgr:DataCollectionService: stats => 1708613962186,-1943358,3787
02-22 15:59:22.481  5667 12699 I BatteryMgr:DataCollectionService: stats => 1708613962481,-1943358,3787
02-22 15:59:22.677  5667 12699 I BatteryMgr:DataCollectionService: stats => 1708613962677,-1950682,3787
02-22 15:59:23.188  5667 12699 I BatteryMgr:DataCollectionService: stats => 1708613963188,-1950682,3787
02-22 15:59:23.484  5667 12699 I BatteryMgr:DataCollectionService: stats => 1708613963483,-1950682,3787
02-22 15:59:23.682  5667 12699 I BatteryMgr:DataCollectionService: stats => 1708613963681,-1991698,3787
02-22 15:59:24.191  5667 12699 I BatteryMgr:DataCollectionService: stats => 1708613964191,-1991698,3787
02-22 15:59:24.487  5667 12699 I BatteryMgr:DataCollectionService: stats => 1708613964487,-1991698,3787
02-22 15:59:24.684  5667 12699 I BatteryMgr:DataCollectionService: stats => 1708613964684,-1976073,3787
02-22 15:59:25.195  5667 12699 I BatteryMgr:DataCollectionService: stats => 1708613965195,-1976073,3787
02-22 15:59:25.490  5667 12699 I BatteryMgr:DataCollectionService: stats => 1708613965490,-1976073,3787
02-22 15:59:25.687  5667 12699 I BatteryMgr:DataCollectionService: stats => 1708613965687,-2019041,3787
02-22 15:59:26.197  5667 12699 I BatteryMgr:DataCollectionService: stats => 1708613966197,-2019041,3787
02-22 15:59:26.492  5667 12699 I BatteryMgr:DataCollectionService: stats => 1708613966492,-2019041,3783
02-22 15:59:26.690  5667 12699 I BatteryMgr:DataCollectionService: stats => 1708613966690,-1968260,3783
02-22 15:59:27.200  5667 12699 I BatteryMgr:DataCollectionService: stats => 1708613967200,-1968260,3783
02-22 15:59:27.494  5667 12699 I BatteryMgr:DataCollectionService: stats => 1708613967494,-1978026,3783
02-22 15:59:27.694  5667 12699 I BatteryMgr:DataCollectionService: stats => 1708613967694,-1978026,3783
02-22 15:59:28.203  5667 12699 I BatteryMgr:DataCollectionService: stats => 1708613968203,-1978026,3783
02-22 15:59:28.498  5667 12699 I BatteryMgr:DataCollectionService: stats => 1708613968498,-1996581,3783
02-22 15:59:28.697  5667 12699 I BatteryMgr:DataCollectionService: stats => 1708613968697,-1996581,3783
02-22 15:59:29.210  5667 12699 I BatteryMgr:DataCollectionService: stats => 1708613969210,-1996581,3783
02-22 15:59:29.504  5667 12699 I BatteryMgr:DataCollectionService: stats => 1708613969504,-1935057,3783
02-22 15:59:29.700  5667 12699 I BatteryMgr:DataCollectionService: stats => 1708613969700,-1935057,3783
02-22 15:59:30.213  5667 12699 I BatteryMgr:DataCollectionService: stats => 1708613970213,-1935057,3783
02-22 15:59:30.506  5667 12699 I BatteryMgr:DataCollectionService: stats => 1708613970506,-1994627,3783
02-22 15:59:30.703  5667 12699 I BatteryMgr:DataCollectionService: stats => 1708613970702,-1994627,3783
02-22 15:59:31.216  5667 12699 I BatteryMgr:DataCollectionService: stats => 1708613971216,-1994627,3783
02-22 15:59:31.508  5667 12699 I BatteryMgr:DataCollectionService: stats => 1708613971508,-2001952,3783
02-22 15:59:31.707  5667 12699 I BatteryMgr:DataCollectionService: stats => 1708613971707,-2001952,3783
02-22 15:59:32.220  5667 12699 I BatteryMgr:DataCollectionService: stats => 1708613972220,-2001952,3783
02-22 15:59:32.512  5667 12699 I BatteryMgr:DataCollectionService: stats => 1708613972512,-1964842,3783
02-22 15:59:32.710  5667 12699 I BatteryMgr:DataCollectionService: stats => 1708613972710,-1964842,3783
02-22 15:59:33.224  5667 12699 I BatteryMgr:DataCollectionService: stats => 1708613973224,-1964842,3783
02-22 15:59:33.515  5667 12699 I BatteryMgr:DataCollectionService: stats => 1708613973515,-1998045,3783
02-22 15:59:33.712  5667 12699 I BatteryMgr:DataCollectionService: stats => 1708613973712,-1998045,3783
02-22 15:59:34.226  5667 12699 I BatteryMgr:DataCollectionService: stats => 1708613974226,-1998045,3783
02-22 15:59:34.517  5667 12699 I BatteryMgr:DataCollectionService: stats => 1708613974517,-1971190,3783
02-22 15:59:34.715  5667 12699 I BatteryMgr:DataCollectionService: stats => 1708613974715,-1971190,3783
02-22 15:59:35.229  5667 12699 I BatteryMgr:DataCollectionService: stats => 1708613975229,-1971190,3783
02-22 15:59:35.520  5667 12699 I BatteryMgr:DataCollectionService: stats => 1708613975519,-1970213,3783
02-22 15:59:35.718  5667 12699 I BatteryMgr:DataCollectionService: stats => 1708613975717,-1970213,3783
02-22 15:59:36.234  5667 12699 I BatteryMgr:DataCollectionService: stats => 1708613976233,-1970213,3783
02-22 15:59:36.523  5667 12699 I BatteryMgr:DataCollectionService: stats => 1708613976523,-1966795,3784
02-22 15:59:36.721  5667 12699 I BatteryMgr:DataCollectionService: stats => 1708613976721,-1966795,3784
02-22 15:59:37.237  5667 12699 I BatteryMgr:DataCollectionService: stats => 1708613977237,-1966795,3784
02-22 15:59:37.528  5667 12699 I BatteryMgr:DataCollectionService: stats => 1708613977528,-1996581,3784
02-22 15:59:37.725  5667 12699 I BatteryMgr:DataCollectionService: stats => 1708613977725,-1996581,3784
02-22 15:59:38.240  5667 12699 I BatteryMgr:DataCollectionService: stats => 1708613978240,-1996581,3784
02-22 15:59:38.531  5667 12699 I BatteryMgr:DataCollectionService: stats => 1708613978531,-1977049,3784
02-22 15:59:38.728  5667 12699 I BatteryMgr:DataCollectionService: stats => 1708613978728,-1977049,3784
02-22 15:59:39.242  5667 12699 I BatteryMgr:DataCollectionService: stats => 1708613979242,-1977049,3784
02-22 15:59:39.534  5667 12699 I BatteryMgr:DataCollectionService: stats => 1708613979534,-1994139,3784
02-22 15:59:39.731  5667 12699 I BatteryMgr:DataCollectionService: stats => 1708613979731,-1994139,3784
02-22 15:59:40.248  5667 12699 I BatteryMgr:DataCollectionService: stats => 1708613980248,-1994139,3784
02-22 15:59:40.539  5667 12699 I BatteryMgr:DataCollectionService: stats => 1708613980539,-1972655,3784
02-22 15:59:40.733  5667 12699 I BatteryMgr:DataCollectionService: stats => 1708613980733,-1972655,3784
02-22 15:59:41.252  5667 12699 I BatteryMgr:DataCollectionService: stats => 1708613981252,-1972655,3784
02-22 15:59:41.542  5667 12699 I BatteryMgr:DataCollectionService: stats => 1708613981542,-2004881,3784
02-22 15:59:41.736  5667 12699 I BatteryMgr:DataCollectionService: stats => 1708613981736,-2004881,3784
02-22 15:59:42.255  5667 12699 I BatteryMgr:DataCollectionService: stats => 1708613982255,-2004881,3784
02-22 15:59:42.544  5667 12699 I BatteryMgr:DataCollectionService: stats => 1708613982544,-1968748,3784
02-22 15:59:42.739  5667 12699 I BatteryMgr:DataCollectionService: stats => 1708613982739,-1968748,3784
02-22 15:59:43.257  5667 12699 I BatteryMgr:DataCollectionService: stats => 1708613983257,-1968748,3784
02-22 15:59:43.547  5667 12699 I BatteryMgr:DataCollectionService: stats => 1708613983547,-1979002,3784
02-22 15:59:43.742  5667 12699 I BatteryMgr:DataCollectionService: stats => 1708613983742,-1979002,3784
02-22 15:59:44.264  5667 12699 I BatteryMgr:DataCollectionService: stats => 1708613984263,-1979002,3784
02-22 15:59:44.549  5667 12699 I BatteryMgr:DataCollectionService: stats => 1708613984549,-1961424,3784
02-22 15:59:44.746  5667 12699 I BatteryMgr:DataCollectionService: stats => 1708613984746,-1961424,3784
02-22 15:59:45.266  5667 12699 I BatteryMgr:DataCollectionService: stats => 1708613985266,-1961424,3784
02-22 15:59:45.552  5667 12699 I BatteryMgr:DataCollectionService: stats => 1708613985552,-2008299,3784
02-22 15:59:45.748  5667 12699 I BatteryMgr:DataCollectionService: stats => 1708613985748,-2008299,3784
02-22 15:59:46.269  5667 12699 I BatteryMgr:DataCollectionService: stats => 1708613986268,-2008299,3784
02-22 15:59:46.555  5667 12699 I BatteryMgr:DataCollectionService: stats => 1708613986555,-2017088,3781
02-22 15:59:46.751  5667 12699 I BatteryMgr:DataCollectionService: stats => 1708613986751,-2017088,3781
02-22 15:59:47.272  5667 12699 I BatteryMgr:DataCollectionService: stats => 1708613987272,-2017088,3781
02-22 15:59:47.557  5667 12699 I BatteryMgr:DataCollectionService: stats => 1708613987557,-2018553,3781
02-22 15:59:47.754  5667 12699 I BatteryMgr:DataCollectionService: stats => 1708613987754,-2018553,3781
02-22 15:59:48.275  5667 12699 I BatteryMgr:DataCollectionService: stats => 1708613988275,-2018553,3781
02-22 15:59:48.560  5667 12699 I BatteryMgr:DataCollectionService: stats => 1708613988560,-1987791,3781
02-22 15:59:48.757  5667 12699 I BatteryMgr:DataCollectionService: stats => 1708613988756,-1987791,3781
02-22 15:59:49.277  5667 12699 I BatteryMgr:DataCollectionService: stats => 1708613989277,-1987791,3781
02-22 15:59:49.566  5667 12699 I BatteryMgr:DataCollectionService: stats => 1708613989566,-2004393,3781
02-22 15:59:49.760  5667 12699 I BatteryMgr:DataCollectionService: stats => 1708613989760,-2004393,3781
02-22 15:59:50.280  5667 12699 I BatteryMgr:DataCollectionService: stats => 1708613990280,-2004393,3781
02-22 15:59:50.569  5667 12699 I BatteryMgr:DataCollectionService: stats => 1708613990569,-2135741,3773
02-22 15:59:50.763  5667 12699 I BatteryMgr:DataCollectionService: stats => 1708613990763,-2135741,3773
02-22 15:59:51.283  5667 12699 I BatteryMgr:DataCollectionService: stats => 1708613991283,-2135741,3773
02-22 15:59:51.571  5667 12699 I BatteryMgr:DataCollectionService: stats => 1708613991571,-2146971,3773
02-22 15:59:51.766  5667 12699 I BatteryMgr:DataCollectionService: stats => 1708613991766,-2146971,3773
02-22 15:59:52.286  5667 12699 I BatteryMgr:DataCollectionService: stats => 1708613992286,-2146971,3773
02-22 15:59:52.574  5667 12699 I BatteryMgr:DataCollectionService: stats => 1708613992574,-2124510,3773
02-22 15:59:52.769  5667 12699 I BatteryMgr:DataCollectionService: stats => 1708613992768,-2124510,3773
02-22 15:59:53.289  5667 12699 I BatteryMgr:DataCollectionService: stats => 1708613993289,-2124510,3773
02-22 15:59:53.579  5667 12699 I BatteryMgr:DataCollectionService: stats => 1708613993578,-2004881,3773
02-22 15:59:53.771  5667 12699 I BatteryMgr:DataCollectionService: stats => 1708613993771,-2004881,3773
02-22 15:59:54.292  5667 12699 I BatteryMgr:DataCollectionService: stats => 1708613994292,-2004881,3773
02-22 15:59:54.581  5667 12699 I BatteryMgr:DataCollectionService: stats => 1708613994581,-2016600,3773
02-22 15:59:54.774  5667 12699 I BatteryMgr:DataCollectionService: stats => 1708613994774,-2016600,3773
02-22 15:59:55.295  5667 12699 I BatteryMgr:DataCollectionService: stats => 1708613995295,-2016600,3773
02-22 15:59:55.584  5667 12699 I BatteryMgr:DataCollectionService: stats => 1708613995584,-1970213,3773
02-22 15:59:55.778  5667 12699 I BatteryMgr:DataCollectionService: stats => 1708613995778,-1970213,3773
02-22 15:59:56.310  5667 12699 I BatteryMgr:DataCollectionService: stats => 1708613996310,-1970213,3773
02-22 15:59:56.586  5667 12699 I BatteryMgr:DataCollectionService: stats => 1708613996586,-1989745,3783
02-22 15:59:56.780  5667 12699 I BatteryMgr:DataCollectionService: stats => 1708613996780,-1989745,3783
02-22 15:59:57.315  5667 12699 I BatteryMgr:DataCollectionService: stats => 1708613997315,-1989745,3783
02-22 15:59:57.592  5667 12699 I BatteryMgr:DataCollectionService: stats => 1708613997592,-2000975,3783
02-22 15:59:57.783  5667 12699 I BatteryMgr:DataCollectionService: stats => 1708613997783,-2000975,3783
02-22 15:59:58.318  5667 12699 I BatteryMgr:DataCollectionService: stats => 1708613998318,-2000975,3783
02-22 15:59:58.595  5667 12699 I BatteryMgr:DataCollectionService: stats => 1708613998595,-1974120,3783
02-22 15:59:58.786  5667 12699 I BatteryMgr:DataCollectionService: stats => 1708613998786,-1974120,3783
02-22 15:59:59.320  5667 12699 I BatteryMgr:DataCollectionService: stats => 1708613999320,-1974120,3783
02-22 15:59:59.597  5667 12699 I BatteryMgr:DataCollectionService: stats => 1708613999597,-2068846,3783
02-22 15:59:59.789  5667 12699 I BatteryMgr:DataCollectionService: stats => 1708613999789,-2068846,3783
02-22 16:00:00.328  5667 12699 I BatteryMgr:DataCollectionService: stats => 1708614000328,-2068846,3783
02-22 16:00:00.601  5667 12699 I BatteryMgr:DataCollectionService: stats => 1708614000601,-2141600,3783
02-22 16:00:00.791  5667 12699 I BatteryMgr:DataCollectionService: stats => 1708614000791,-2141600,3783
02-22 16:00:01.331  5667 12699 I BatteryMgr:DataCollectionService: stats => 1708614001331,-2141600,3783
02-22 16:00:01.607  5667 12699 I BatteryMgr:DataCollectionService: stats => 1708614001607,-2139159,3783
02-22 16:00:01.794  5667 12699 I BatteryMgr:DataCollectionService: stats => 1708614001794,-2139159,3783
02-22 16:00:02.333  5667 12699 I BatteryMgr:DataCollectionService: stats => 1708614002333,-2139159,3783
02-22 16:00:02.609  5667 12699 I BatteryMgr:DataCollectionService: stats => 1708614002609,-2023436,3783
02-22 16:00:02.796  5667 12699 I BatteryMgr:DataCollectionService: stats => 1708614002796,-2023436,3783
02-22 16:00:03.612  5667 12699 I BatteryMgr:DataCollectionService: stats => 1708614003612,-2019530,3783
02-22 16:00:03.800  5667 12699 I BatteryMgr:DataCollectionService: stats => 1708614003800,-2019530,3783
02-22 16:00:04.339  5667 12699 I BatteryMgr:DataCollectionService: stats => 1708614004339,-2019530,3783
02-22 16:00:04.614  5667 12699 I BatteryMgr:DataCollectionService: stats => 1708614004614,-1993651,3783
02-22 16:00:04.804  5667 12699 I BatteryMgr:DataCollectionService: stats => 1708614004803,-1993651,3783
02-22 16:00:05.344  5667 12699 I BatteryMgr:DataCollectionService: stats => 1708614005344,-1993651,3783
02-22 16:00:05.619  5667 12699 I BatteryMgr:DataCollectionService: stats => 1708614005619,-2021971,3783
02-22 16:00:05.806  5667 12699 I BatteryMgr:DataCollectionService: stats => 1708614005806,-2021971,3783
02-22 16:00:06.347  5667 12699 I BatteryMgr:DataCollectionService: stats => 1708614006347,-2021971,3779
02-22 16:00:06.622  5667 12699 I BatteryMgr:DataCollectionService: stats => 1708614006622,-2041502,3779
02-22 16:00:06.812  5667 12699 I BatteryMgr:DataCollectionService: stats => 1708614006809,-2041502,3779
02-22 16:00:07.350  5667 12699 I BatteryMgr:DataCollectionService: stats => 1708614007350,-2041502,3779
02-22 16:00:07.624  5667 12699 I BatteryMgr:DataCollectionService: stats => 1708614007624,-1633299,3779
02-22 16:00:07.816  5667 12699 I BatteryMgr:DataCollectionService: stats => 1708614007816,-1633299,3779
02-22 16:00:08.352  5667 12699 I BatteryMgr:DataCollectionService: stats => 1708614008352,-1633299,3779
02-22 16:00:08.627  5667 12699 I BatteryMgr:DataCollectionService: stats => 1708614008626,-1999022,3779
02-22 16:00:08.819  5667 12699 I BatteryMgr:DataCollectionService: stats => 1708614008819,-1999022,3779
02-22 16:00:09.355  5667 12699 I BatteryMgr:DataCollectionService: stats => 1708614009355,-1999022,3779
02-22 16:00:09.632  5667 12699 I BatteryMgr:DataCollectionService: stats => 1708614009632,-1976073,3779
02-22 16:00:09.822  5667 12699 I BatteryMgr:DataCollectionService: stats => 1708614009821,-1976073,3779
02-22 16:00:10.359  5667 12699 I BatteryMgr:DataCollectionService: stats => 1708614010359,-1976073,3779
02-22 16:00:10.635  5667 12699 I BatteryMgr:DataCollectionService: stats => 1708614010634,-2002928,3779
02-22 16:00:10.826  5667 12699 I BatteryMgr:DataCollectionService: stats => 1708614010826,-2002928,3779
02-22 16:00:11.362  5667 12699 I BatteryMgr:DataCollectionService: stats => 1708614011362,-2002928,3779
02-22 16:00:11.637  5667 12699 I BatteryMgr:DataCollectionService: stats => 1708614011637,-1999510,3779
02-22 16:00:11.831  5667 12699 I BatteryMgr:DataCollectionService: stats => 1708614011831,-1999510,3779
02-22 16:00:12.365  5667 12699 I BatteryMgr:DataCollectionService: stats => 1708614012365,-1999510,3779
02-22 16:00:12.639  5667 12699 I BatteryMgr:DataCollectionService: stats => 1708614012639,-1970702,3779
02-22 16:00:12.833  5667 12699 I BatteryMgr:DataCollectionService: stats => 1708614012833,-1970702,3779
02-22 16:00:13.368  5667 12699 I BatteryMgr:DataCollectionService: stats => 1708614013368,-1970702,3779
02-22 16:00:13.644  5667 12699 I BatteryMgr:DataCollectionService: stats => 1708614013644,-1991698,3779
02-22 16:00:13.836  5667 12699 I BatteryMgr:DataCollectionService: stats => 1708614013836,-1991698,3779
02-22 16:00:14.371  5667 12699 I BatteryMgr:DataCollectionService: stats => 1708614014371,-1991698,3779
02-22 16:00:14.647  5667 12699 I BatteryMgr:DataCollectionService: stats => 1708614014647,-1978026,3779
02-22 16:00:14.839  5667 12699 I BatteryMgr:DataCollectionService: stats => 1708614014839,-1978026,3779
02-22 16:00:15.373  5667 12699 I BatteryMgr:DataCollectionService: stats => 1708614015373,-1978026,3779
02-22 16:00:15.650  5667 12699 I BatteryMgr:DataCollectionService: stats => 1708614015650,-1981444,3779
02-22 16:00:15.843  5667 12699 I BatteryMgr:DataCollectionService: stats => 1708614015843,-1981444,3779
02-22 16:00:16.378  5667 12699 I BatteryMgr:DataCollectionService: stats => 1708614016378,-1981444,3780
02-22 16:00:16.653  5667 12699 I BatteryMgr:DataCollectionService: stats => 1708614016653,-2021971,3780
02-22 16:00:16.846  5667 12699 I BatteryMgr:DataCollectionService: stats => 1708614016846,-2021971,3780
