1006.47 5099.27
1007.47 5103.25
1008.47 5106.97
1009.48 5110.59
1010.54 5114.84
1011.46 5117.08
1012.47 5119.63
1013.50 5123.73
1014.47 5128.21
1015.55 5133.44
1016.47 5137.92
1017.47 5143.70
1018.52 5149.49
1019.48 5154.70
1020.57 5160.89
1021.49 5165.78
1022.52 5171.23
1023.54 5176.45
1024.57 5181.71
1025.49 5186.46
1026.51 5191.69
1027.47 5196.62
1028.56 5202.32
1029.58 5207.76
1030.50 5212.47
1031.53 5217.84
1032.56 5223.20
1033.58 5228.70
1034.50 5233.44
1035.52 5238.80
1036.55 5244.07
1037.57 5249.50
1038.47 5253.53
1039.52 5258.62
1040.54 5263.84
1041.57 5268.04
1042.49 5272.41
1043.51 5277.24
1044.54 5282.46
1045.56 5287.81
1046.48 5292.53
1047.50 5297.91
1048.53 5303.22
1049.55 5308.51
1050.58 5313.91
1051.50 5318.83
1052.47 5323.79
1053.54 5329.55
1054.57 5334.85
1055.49 5339.64
1056.47 5344.39
1057.47 5349.70
1058.48 5355.26
1059.48 5360.36
1060.47 5365.46
1061.47 5370.79
1062.47 5376.01
1063.47 5381.12
1064.48 5386.58
1065.47 5392.02
1066.47 5397.02
1067.47 5402.32
1068.48 5407.51
1069.48 5412.56
1070.47 5417.99
1071.47 5421.90
1072.49 5426.77
1073.49 5431.59
1074.48 5436.48
1075.55 5442.39
1076.49 5447.35
1077.51 5453.05
1078.53 5458.62
1079.48 5463.85
1080.58 5469.89
1081.50 5474.98
1082.53 5480.78
1083.55 5486.63
1084.57 5491.29
1085.49 5496.39
1086.52 5502.01
1087.54 5507.13
1088.57 5512.77
1089.49 5518.03
1090.51 5523.68
1091.54 5529.11
1092.56 5534.40
1093.48 5539.50
1094.51 5545.15
1095.53 5550.77
1096.56 5556.24
1097.48 5561.19
1098.50 5566.48
1099.53 5572.12
1100.55 5577.64
1101.57 5582.69
1102.49 5587.19
1103.52 5592.33
1104.54 5597.08
1105.57 5602.20
1106.49 5606.71
1107.51 5611.88
1108.54 5617.00
1109.56 5622.48
1110.59 5627.62
1111.51 5632.10
1112.53 5637.23
1113.66 5643.21
1114.58 5648.04
1115.50 5652.78
1116.53 5658.31
1117.55 5663.41
1118.57 5668.71
1119.49 5673.38
1120.52 5678.54
1121.54 5683.55
1122.57 5688.70
1123.49 5693.34
1124.51 5698.36
1125.64 5704.28
1126.56 5708.89
1127.49 5713.34
1128.51 5718.57
1129.53 5723.76
1130.55 5728.86
1131.58 5733.71
1132.50 5738.17
1133.53 5743.28
1134.47 5748.01
1135.57 5752.94
1136.47 5756.98
1137.47 5760.90
1138.48 5765.19
1139.47 5769.46
1140.48 5773.50
1141.47 5777.53
1142.48 5782.17
1143.48 5786.40
1144.48 5791.34
1145.48 5796.18
1146.47 5800.89
1147.47 5806.15
1148.48 5811.64
1149.48 5816.75
1150.47 5822.04
1151.48 5827.38
1152.48 5832.77
1153.49 5837.85
1154.47 5843.14
1155.49 5848.63
1156.47 5853.91
1157.47 5859.35
1158.49 5864.32
1159.48 5869.25
1160.48 5874.37
1161.47 5879.78
1162.47 5885.20
1163.48 5890.66
1164.47 5895.76
1165.48 5901.22
1166.47 5906.66
1167.47 5911.99
1168.47 5917.56
1169.48 5923.13
1170.47 5928.61
1171.48 5934.03
1172.48 5939.38
1173.47 5944.59
1174.48 5950.00
1175.47 5955.20
1176.47 5960.54
1177.47 5966.21
1178.48 5971.78
1179.48 5976.53
1180.47 5981.50
1181.47 5986.54
1182.48 5992.06
1183.48 5997.48
1184.48 6002.75
1185.47 6008.19
1186.47 6013.72
1187.47 6019.37
1188.48 6024.78
1189.48 6030.35
1190.48 6035.86
1191.47 6041.41
1192.47 6047.15
1193.48 6052.82
1194.48 6058.37
1195.48 6063.95
1196.47 6069.38
1197.47 6073.98
1198.48 6078.60
1199.48 6083.79
1200.48 6089.12
1201.48 6094.34
1202.49 6099.78
1203.49 6105.29
1204.49 6110.85
1205.50 6116.45
1206.50 6121.57
1207.51 6126.86
1208.49 6131.89
1209.51 6137.17
1210.52 6142.37
1211.52 6147.38
1212.53 6152.78
1213.48 6157.72
1214.52 6163.25
1215.54 6168.41
1216.55 6173.74
1217.48 6178.43
1218.52 6183.80
1219.54 6189.12
1220.56 6194.41
1221.49 6199.06
1222.52 6204.34
1223.54 6209.56
1224.56 6214.97
1225.58 6220.47
1226.51 6225.30
1227.53 6229.55
1228.56 6234.08
1229.48 6238.20
1230.50 6242.61
1231.52 6247.55
1232.55 6252.84
1233.48 6257.61
1234.48 6262.61
1235.48 6267.79
1236.47 6272.79
1237.47 6277.84
1238.48 6283.12
1239.48 6288.24
1240.47 6293.41
1241.47 6298.43
1242.47 6303.50
1243.48 6308.75
1244.48 6314.05
1245.48 6319.35
1246.47 6322.77
