10.42 10.64 9.90 6/3167 32320
10.42 10.64 9.90 3/3167 32347
10.71 10.70 9.93 12/3167 32375
10.71 10.70 9.93 11/3167 32402
10.71 10.70 9.93 11/3167 32430
10.71 10.70 9.93 18/3167 32457
10.71 10.70 9.93 14/3167 32484
10.81 10.72 9.94 10/3167 32511
10.81 10.72 9.94 5/3167 32538
10.81 10.72 9.94 13/3167 32566
10.81 10.72 9.94 10/3167 32593
10.81 10.72 9.94 15/3167 32620
10.59 10.67 9.93 9/3167 32648
10.59 10.67 9.93 6/3167 32675
10.59 10.67 9.93 3/3167 32703
10.59 10.67 9.93 3/3167 32730
10.59 10.67 9.93 4/3167 32757
10.54 10.66 9.93 10/3167 336
10.54 10.66 9.93 8/3167 521
10.54 10.66 9.93 7/3167 590
10.54 10.66 9.93 6/3168 652
10.54 10.66 9.93 4/3168 684
10.42 10.63 9.92 8/3168 755
10.42 10.63 9.92 7/3168 787
10.42 10.63 9.92 5/3167 819
10.42 10.63 9.92 2/3167 934
10.42 10.63 9.92 13/3167 1015
10.86 10.72 9.95 4/3167 1059
10.86 10.72 9.95 8/3167 1148
10.86 10.72 9.95 6/3160 1239
10.86 10.72 9.95 7/3154 1315
10.86 10.72 9.95 6/3154 1379
10.72 10.69 9.95 5/3154 1415
10.72 10.69 9.95 4/3154 1485
10.72 10.69 9.95 17/3154 1523
10.72 10.69 9.95 7/3154 1554
10.72 10.69 9.95 7/3154 1586
10.50 10.65 9.94 6/3154 1637
10.50 10.65 9.94 6/3154 1686
10.50 10.65 9.94 13/3150 1744
10.50 10.65 9.94 8/3150 1857
10.50 10.65 9.94 10/3150 1922
10.62 10.67 9.95 3/3150 1977
10.62 10.67 9.95 4/3153 2036
10.62 10.67 9.95 6/3156 2076
10.62 10.67 9.95 6/3156 2107
10.62 10.67 9.95 4/3156 2169
10.25 10.59 9.93 2/3156 2283
10.25 10.59 9.93 9/3156 2350
10.25 10.59 9.93 6/3156 2430
10.25 10.59 9.93 5/3156 2471
10.25 10.59 9.93 4/3156 2516
9.99 10.53 9.91 6/3156 2544
9.99 10.53 9.91 7/3156 2580
9.99 10.53 9.91 9/3156 2624
9.99 10.53 9.91 3/3156 2681
9.99 10.53 9.91 4/3156 2736
9.91 10.51 9.91 8/3156 2802
9.91 10.51 9.91 13/3156 2857
9.91 10.51 9.91 10/3156 2946
9.91 10.51 9.91 6/3156 2977
9.91 10.51 9.91 2/3156 3005
9.68 10.45 9.89 5/3156 3066
9.68 10.45 9.89 2/3156 3127
9.68 10.45 9.89 3/3156 3160
9.68 10.45 9.89 4/3156 3212
9.68 10.45 9.89 4/3156 3275
9.54 10.41 9.88 2/3156 3349
9.54 10.41 9.88 4/3156 3390
9.54 10.41 9.88 8/3156 3451
9.54 10.41 9.88 17/3156 3502
9.54 10.41 9.88 8/3156 3561
9.82 10.45 9.90 3/3156 3592
9.82 10.45 9.90 6/3156 3621
9.82 10.45 9.90 5/3156 3651
9.82 10.45 9.90 4/3156 3690
9.82 10.45 9.90 10/3156 3725
10.23 10.53 9.93 10/3156 3755
10.23 10.53 9.93 4/3156 3785
10.23 10.53 9.93 3/3156 3818
10.23 10.53 9.93 11/3156 3846
10.23 10.53 9.93 4/3156 3881
10.37 10.55 9.94 3/3156 3910
10.37 10.55 9.94 6/3157 3943
10.37 10.55 9.94 9/3157 3972
10.37 10.55 9.94 14/3157 3999
10.37 10.55 9.94 5/3156 4057
10.10 10.49 9.92 3/3156 4113
10.10 10.49 9.92 8/3156 4174
10.10 10.49 9.92 12/3156 4267
10.10 10.49 9.92 5/3156 4334
10.10 10.49 9.92 4/3156 4372
10.02 10.47 9.91 4/3156 4418
10.02 10.47 9.91 4/3156 4460
10.02 10.47 9.91 8/3155 4503
10.02 10.47 9.91 6/3155 4536
10.02 10.47 9.91 4/3155 4571
9.85 10.43 9.90 8/3155 4612
9.85 10.43 9.90 8/3155 4649
9.85 10.43 9.90 4/3155 4708
9.85 10.43 9.90 6/3155 4779
9.85 10.43 9.90 10/3155 4826
9.70 10.39 9.89 4/3155 4877
9.70 10.39 9.89 3/3154 4919
9.70 10.39 9.89 2/3151 4973
9.70 10.39 9.89 5/3151 5047
9.70 10.39 9.89 11/3151 5075
9.89 10.41 9.91 6/3151 5112
9.89 10.41 9.91 11/3151 5140
9.89 10.41 9.91 7/3149 5179
9.89 10.41 9.91 4/3149 5207
9.89 10.41 9.91 5/3149 5239
9.58 10.34 9.88 3/3149 5267
9.58 10.34 9.88 7/3150 5302
9.58 10.34 9.88 5/3150 5333
9.58 10.34 9.88 7/3150 5360
9.58 10.34 9.88 8/3150 5388
9.45 10.30 9.87 8/3150 5416
9.45 10.30 9.87 9/3150 5444
9.45 10.30 9.87 8/3150 5474
9.45 10.30 9.87 7/3150 5503
9.45 10.30 9.87 5/3150 5531
9.90 10.38 9.90 4/3150 5563
9.90 10.38 9.90 3/3150 5590
9.90 10.38 9.90 5/3150 5620
9.90 10.38 9.90 10/3150 5657
9.90 10.38 9.90 3/3150 5707
10.22 10.44 9.92 2/3150 5735
10.22 10.44 9.92 8/3150 5762
10.22 10.44 9.92 6/3150 5789
10.22 10.44 9.92 3/3150 5818
10.22 10.44 9.92 5/3150 5846
10.53 10.50 9.95 9/3150 5875
10.53 10.50 9.95 4/3150 5902
10.53 10.50 9.95 3/3150 5929
10.53 10.50 9.95 4/3150 5957
10.53 10.50 9.95 5/3150 5985
11.05 10.61 9.98 6/3150 6012
11.05 10.61 9.98 3/3150 6040
11.05 10.61 9.98 4/3150 6067
11.05 10.61 9.98 7/3150 6095
11.05 10.61 9.98 9/3150 6123
11.36 10.68 10.01 7/3150 6150
11.36 10.68 10.01 3/3150 6177
11.36 10.68 10.01 6/3150 6204
11.36 10.68 10.01 7/3150 6231
11.36 10.68 10.01 4/3150 6259
10.93 10.60 9.99 2/3150 6286
10.93 10.60 9.99 15/3150 6313
10.93 10.60 9.99 7/3150 6340
10.93 10.60 9.99 2/3150 6367
10.93 10.60 9.99 11/3150 6396
10.70 10.56 9.98 4/3150 6423
10.70 10.56 9.98 4/3150 6450
10.70 10.56 9.98 3/3150 6477
10.70 10.56 9.98 8/3150 6504
10.70 10.56 9.98 3/3150 6532
10.64 10.55 9.98 10/3150 6559
10.64 10.55 9.98 18/3150 6586
10.64 10.55 9.98 6/3150 6617
10.64 10.55 9.98 7/3150 6652
10.64 10.55 9.98 7/3150 6689
11.07 10.64 10.01 6/3150 6729
11.07 10.64 10.01 3/3150 6768
11.07 10.64 10.01 2/3155 6802
11.07 10.64 10.01 10/3155 6830
11.07 10.64 10.01 4/3155 6857
10.99 10.63 10.01 5/3155 6884
10.99 10.63 10.01 8/3155 6911
10.99 10.63 10.01 7/3155 6938
10.99 10.63 10.01 9/3155 6966
10.99 10.63 10.01 2/3155 6993
11.63 10.77 10.06 10/3155 7021
11.63 10.77 10.06 12/3155 7048
11.63 10.77 10.06 2/3155 7075
11.63 10.77 10.06 4/3155 7103
11.63 10.77 10.06 8/3155 7130
12.06 10.87 10.10 5/3155 7157
12.06 10.87 10.10 6/3154 7184
12.06 10.87 10.10 4/3153 7211
12.06 10.87 10.10 7/3155 7241
12.06 10.87 10.10 5/3155 7268
12.37 10.96 10.13 14/3155 7295
12.37 10.96 10.13 7/3156 7324
12.37 10.96 10.13 5/3156 7351
12.37 10.96 10.13 9/3156 7379
12.37 10.96 10.13 5/3156 7406
11.86 10.88 10.11 10/3156 7433
11.86 10.88 10.11 4/3156 7460
11.86 10.88 10.11 12/3156 7487
11.86 10.88 10.11 8/3156 7515
11.86 10.88 10.11 5/3156 7542
11.55 10.83 10.10 12/3156 7569
11.55 10.83 10.10 9/3156 7596
11.55 10.83 10.10 3/3156 7624
11.55 10.83 10.10 11/3156 7652
11.55 10.83 10.10 11/3157 7680
11.35 10.80 10.09 6/3157 7707
11.35 10.80 10.09 8/3157 7734
11.35 10.80 10.09 6/3156 7761
11.35 10.80 10.09 4/3156 7789
11.35 10.80 10.09 12/3156 7816
11.56 10.85 10.11 3/3156 7843
11.56 10.85 10.11 3/3156 7870
11.56 10.85 10.11 15/3156 7897
11.56 10.85 10.11 4/3156 7926
11.56 10.85 10.11 13/3156 7953
11.44 10.84 10.11 10/3156 7980
11.44 10.84 10.11 5/3156 8007
11.44 10.84 10.11 14/3156 8034
11.44 10.84 10.11 13/3161 8072
11.44 10.84 10.11 6/3161 8099
11.40 10.84 10.11 13/3161 8126
11.40 10.84 10.11 4/3161 8153
11.40 10.84 10.11 9/3161 8181
11.40 10.84 10.11 16/3161 8209
11.40 10.84 10.11 7/3161 8236
11.61 10.89 10.14 5/3161 8263
11.61 10.89 10.14 8/3161 8290
11.61 10.89 10.14 8/3161 8322
11.61 10.89 10.14 12/3161 8357
11.61 10.89 10.14 9/3161 8386
11.40 10.86 10.13 7/3161 8413
11.40 10.86 10.13 12/3162 8441
11.40 10.86 10.13 8/3159 8477
11.40 10.86 10.13 25/3159 8516
