Current Battery Service state:
  AC powered: false
  USB powered: false
  Wireless powered: false
  Max charging current: 0
  Max charging voltage: 0
  Charge counter: 5559493
  status: 3
  health: 2
  present: true
  level: 91
  scale: 100
  voltage: 4044
  temperature: 222
  technology: Li-ion
Current Battery Service state:
  AC powered: false
  USB powered: false
  Wireless powered: false
  Max charging current: 0
  Max charging voltage: 0
  Charge counter: 5559493
  status: 3
  health: 2
  present: true
  level: 91
  scale: 100
  voltage: 4044
  temperature: 222
  technology: Li-ion
Current Battery Service state:
  AC powered: false
  USB powered: false
  Wireless powered: false
  Max charging current: 0
  Max charging voltage: 0
  Charge counter: 5559493
  status: 3
  health: 2
  present: true
  level: 91
  scale: 100
  voltage: 4044
  temperature: 222
  technology: Li-ion
Current Battery Service state:
  AC powered: false
  USB powered: false
  Wireless powered: false
  Max charging current: 0
  Max charging voltage: 0
  Charge counter: 5559493
  status: 3
  health: 2
  present: true
  level: 91
  scale: 100
  voltage: 4044
  temperature: 222
  technology: Li-ion
Current Battery Service state:
  AC powered: false
  USB powered: false
  Wireless powered: false
  Max charging current: 0
  Max charging voltage: 0
  Charge counter: 5559493
  status: 3
  health: 2
  present: true
  level: 91
  scale: 100
  voltage: 4044
  temperature: 222
  technology: Li-ion
Current Battery Service state:
  AC powered: false
  USB powered: false
  Wireless powered: false
  Max charging current: 0
  Max charging voltage: 0
  Charge counter: 5559493
  status: 3
  health: 2
  present: true
  level: 91
  scale: 100
  voltage: 4044
  temperature: 222
  technology: Li-ion
Current Battery Service state:
  AC powered: false
  USB powered: false
  Wireless powered: false
  Max charging current: 0
  Max charging voltage: 0
  Charge counter: 5554861
  status: 3
  health: 2
  present: true
  level: 91
  scale: 100
  voltage: 4059
  temperature: 225
  technology: Li-ion
Current Battery Service state:
  AC powered: false
  USB powered: false
  Wireless powered: false
  Max charging current: 0
  Max charging voltage: 0
  Charge counter: 5554861
  status: 3
  health: 2
  present: true
  level: 91
  scale: 100
  voltage: 4059
  temperature: 225
  technology: Li-ion
Current Battery Service state:
  AC powered: false
  USB powered: false
  Wireless powered: false
  Max charging current: 0
  Max charging voltage: 0
  Charge counter: 5554861
  status: 3
  health: 2
  present: true
  level: 91
  scale: 100
  voltage: 4059
  temperature: 225
  technology: Li-ion
Current Battery Service state:
  AC powered: false
  USB powered: false
  Wireless powered: false
  Max charging current: 0
  Max charging voltage: 0
  Charge counter: 5554861
  status: 3
  health: 2
  present: true
  level: 91
  scale: 100
  voltage: 4059
  temperature: 225
  technology: Li-ion
Current Battery Service state:
  AC powered: false
  USB powered: false
  Wireless powered: false
  Max charging current: 0
  Max charging voltage: 0
  Charge counter: 5554861
  status: 3
  health: 2
  present: true
  level: 91
  scale: 100
  voltage: 4059
  temperature: 225
  technology: Li-ion
Current Battery Service state:
  AC powered: false
  USB powered: false
  Wireless powered: false
  Max charging current: 0
  Max charging voltage: 0
  Charge counter: 5554861
  status: 3
  health: 2
  present: true
  level: 91
  scale: 100
  voltage: 4059
  temperature: 225
  technology: Li-ion
Current Battery Service state:
  AC powered: false
  USB powered: false
  Wireless powered: false
  Max charging current: 0
  Max charging voltage: 0
  Charge counter: 5554861
  status: 3
  health: 2
  present: true
  level: 91
  scale: 100
  voltage: 4059
  temperature: 225
  technology: Li-ion
Current Battery Service state:
  AC powered: false
  USB powered: false
  Wireless powered: false
  Max charging current: 0
  Max charging voltage: 0
  Charge counter: 5554861
  status: 3
  health: 2
  present: true
  level: 91
  scale: 100
  voltage: 4059
  temperature: 225
  technology: Li-ion
Current Battery Service state:
  AC powered: false
  USB powered: false
  Wireless powered: false
  Max charging current: 0
  Max charging voltage: 0
  Charge counter: 5554861
  status: 3
  health: 2
  present: true
  level: 91
  scale: 100
  voltage: 4059
  temperature: 225
  technology: Li-ion
Current Battery Service state:
  AC powered: false
  USB powered: false
  Wireless powered: false
  Max charging current: 0
  Max charging voltage: 0
  Charge counter: 5554861
  status: 3
  health: 2
  present: true
  level: 91
  scale: 100
  voltage: 4059
  temperature: 225
  technology: Li-ion
Current Battery Service state:
  AC powered: false
  USB powered: false
  Wireless powered: false
  Max charging current: 0
  Max charging voltage: 0
  Charge counter: 5550306
  status: 3
  health: 2
  present: true
  level: 91
  scale: 100
  voltage: 4039
  temperature: 225
  technology: Li-ion
Current Battery Service state:
  AC powered: false
  USB powered: false
  Wireless powered: false
  Max charging current: 0
  Max charging voltage: 0
  Charge counter: 5550306
  status: 3
  health: 2
  present: true
  level: 91
  scale: 100
  voltage: 4039
  temperature: 225
  technology: Li-ion
Current Battery Service state:
  AC powered: false
  USB powered: false
  Wireless powered: false
  Max charging current: 0
  Max charging voltage: 0
  Charge counter: 5550306
  status: 3
  health: 2
  present: true
  level: 91
  scale: 100
  voltage: 4039
  temperature: 225
  technology: Li-ion
Current Battery Service state:
  AC powered: false
  USB powered: false
  Wireless powered: false
  Max charging current: 0
  Max charging voltage: 0
  Charge counter: 5550306
  status: 3
  health: 2
  present: true
  level: 91
  scale: 100
  voltage: 4039
  temperature: 225
  technology: Li-ion
Current Battery Service state:
  AC powered: false
  USB powered: false
  Wireless powered: false
  Max charging current: 0
  Max charging voltage: 0
  Charge counter: 5550306
  status: 3
  health: 2
  present: true
  level: 91
  scale: 100
  voltage: 4039
  temperature: 225
  technology: Li-ion
Current Battery Service state:
  AC powered: false
  USB powered: false
  Wireless powered: false
  Max charging current: 0
  Max charging voltage: 0
  Charge counter: 5550306
  status: 3
  health: 2
  present: true
  level: 91
  scale: 100
  voltage: 4039
  temperature: 225
  technology: Li-ion
Current Battery Service state:
  AC powered: false
  USB powered: false
  Wireless powered: false
  Max charging current: 0
  Max charging voltage: 0
  Charge counter: 5550306
  status: 3
  health: 2
  present: true
  level: 91
  scale: 100
  voltage: 4039
  temperature: 225
  technology: Li-ion
Current Battery Service state:
  AC powered: false
  USB powered: false
  Wireless powered: false
  Max charging current: 0
  Max charging voltage: 0
  Charge counter: 5550306
  status: 3
  health: 2
  present: true
  level: 91
  scale: 100
  voltage: 4039
  temperature: 225
  technology: Li-ion
Current Battery Service state:
  AC powered: false
  USB powered: false
  Wireless powered: false
  Max charging current: 0
  Max charging voltage: 0
  Charge counter: 5550306
  status: 3
  health: 2
  present: true
  level: 91
  scale: 100
  voltage: 4039
  temperature: 225
  technology: Li-ion
Current Battery Service state:
  AC powered: false
  USB powered: false
  Wireless powered: false
  Max charging current: 0
  Max charging voltage: 0
  Charge counter: 5550306
  status: 3
  health: 2
  present: true
  level: 91
  scale: 100
  voltage: 4039
  temperature: 225
  technology: Li-ion
Current Battery Service state:
  AC powered: false
  USB powered: false
  Wireless powered: false
  Max charging current: 0
  Max charging voltage: 0
  Charge counter: 5545309
  status: 3
  health: 2
  present: true
  level: 91
  scale: 100
  voltage: 4037
  temperature: 225
  technology: Li-ion
Current Battery Service state:
  AC powered: false
  USB powered: false
  Wireless powered: false
  Max charging current: 0
  Max charging voltage: 0
  Charge counter: 5545309
  status: 3
  health: 2
  present: true
  level: 91
  scale: 100
  voltage: 4037
  temperature: 225
  technology: Li-ion
Current Battery Service state:
  AC powered: false
  USB powered: false
  Wireless powered: false
  Max charging current: 0
  Max charging voltage: 0
  Charge counter: 5545309
  status: 3
  health: 2
  present: true
  level: 91
  scale: 100
  voltage: 4037
  temperature: 225
  technology: Li-ion
Current Battery Service state:
  AC powered: false
  USB powered: false
  Wireless powered: false
  Max charging current: 0
  Max charging voltage: 0
  Charge counter: 5545309
  status: 3
  health: 2
  present: true
  level: 91
  scale: 100
  voltage: 4037
  temperature: 225
  technology: Li-ion
Current Battery Service state:
  AC powered: false
  USB powered: false
  Wireless powered: false
  Max charging current: 0
  Max charging voltage: 0
  Charge counter: 5545309
  status: 3
  health: 2
  present: true
  level: 91
  scale: 100
  voltage: 4037
  temperature: 225
  technology: Li-ion
Current Battery Service state:
  AC powered: false
  USB powered: false
  Wireless powered: false
  Max charging current: 0
  Max charging voltage: 0
  Charge counter: 5545309
  status: 3
  health: 2
  present: true
  level: 91
  scale: 100
  voltage: 4037
  temperature: 225
  technology: Li-ion
Current Battery Service state:
  AC powered: false
  USB powered: false
  Wireless powered: false
  Max charging current: 0
  Max charging voltage: 0
  Charge counter: 5545309
  status: 3
  health: 2
  present: true
  level: 91
  scale: 100
  voltage: 4037
  temperature: 225
  technology: Li-ion
Current Battery Service state:
  AC powered: false
  USB powered: false
  Wireless powered: false
  Max charging current: 0
  Max charging voltage: 0
  Charge counter: 5541881
  status: 3
  health: 2
  present: true
  level: 91
  scale: 100
  voltage: 4028
  temperature: 225
  technology: Li-ion
Current Battery Service state:
  AC powered: false
  USB powered: false
  Wireless powered: false
  Max charging current: 0
  Max charging voltage: 0
  Charge counter: 5541881
  status: 3
  health: 2
  present: true
  level: 91
  scale: 100
  voltage: 4028
  temperature: 225
  technology: Li-ion
Current Battery Service state:
  AC powered: false
  USB powered: false
  Wireless powered: false
  Max charging current: 0
  Max charging voltage: 0
  Charge counter: 5541881
  status: 3
  health: 2
  present: true
  level: 91
  scale: 100
  voltage: 4028
  temperature: 225
  technology: Li-ion
Current Battery Service state:
  AC powered: false
  USB powered: false
  Wireless powered: false
  Max charging current: 0
  Max charging voltage: 0
  Charge counter: 5540219
  status: 3
  health: 2
  present: true
  level: 91
  scale: 100
  voltage: 4022
  temperature: 225
  technology: Li-ion
Current Battery Service state:
  AC powered: false
  USB powered: false
  Wireless powered: false
  Max charging current: 0
  Max charging voltage: 0
  Charge counter: 5540219
  status: 3
  health: 2
  present: true
  level: 91
  scale: 100
  voltage: 4022
  temperature: 225
  technology: Li-ion
Current Battery Service state:
  AC powered: false
  USB powered: false
  Wireless powered: false
  Max charging current: 0
  Max charging voltage: 0
  Charge counter: 5540219
  status: 3
  health: 2
  present: true
  level: 91
  scale: 100
  voltage: 4022
  temperature: 225
  technology: Li-ion
Current Battery Service state:
  AC powered: false
  USB powered: false
  Wireless powered: false
  Max charging current: 0
  Max charging voltage: 0
  Charge counter: 5540219
  status: 3
  health: 2
  present: true
  level: 91
  scale: 100
  voltage: 4022
  temperature: 225
  technology: Li-ion
Current Battery Service state:
  AC powered: false
  USB powered: false
  Wireless powered: false
  Max charging current: 0
  Max charging voltage: 0
  Charge counter: 5540219
  status: 3
  health: 2
  present: true
  level: 91
  scale: 100
  voltage: 4022
  temperature: 225
  technology: Li-ion
Current Battery Service state:
  AC powered: false
  USB powered: false
  Wireless powered: false
  Max charging current: 0
  Max charging voltage: 0
  Charge counter: 5536901
  status: 3
  health: 2
  present: true
  level: 91
  scale: 100
  voltage: 4033
  temperature: 225
  technology: Li-ion
Current Battery Service state:
  AC powered: false
  USB powered: false
  Wireless powered: false
  Max charging current: 0
  Max charging voltage: 0
  Charge counter: 5536901
  status: 3
  health: 2
  present: true
  level: 91
  scale: 100
  voltage: 4033
  temperature: 225
  technology: Li-ion
Current Battery Service state:
  AC powered: false
  USB powered: false
  Wireless powered: false
  Max charging current: 0
  Max charging voltage: 0
  Charge counter: 5536901
  status: 3
  health: 2
  present: true
  level: 91
  scale: 100
  voltage: 4033
  temperature: 225
  technology: Li-ion
Current Battery Service state:
  AC powered: false
  USB powered: false
  Wireless powered: false
  Max charging current: 0
  Max charging voltage: 0
  Charge counter: 5536901
  status: 3
  health: 2
  present: true
  level: 91
  scale: 100
  voltage: 4033
  temperature: 225
  technology: Li-ion
Current Battery Service state:
  AC powered: false
  USB powered: false
  Wireless powered: false
  Max charging current: 0
  Max charging voltage: 0
  Charge counter: 5536901
  status: 3
  health: 2
  present: true
  level: 91
  scale: 100
  voltage: 4033
  temperature: 225
  technology: Li-ion
Current Battery Service state:
  AC powered: false
  USB powered: false
  Wireless powered: false
  Max charging current: 0
  Max charging voltage: 0
  Charge counter: 5534818
  status: 3
  health: 2
  present: true
  level: 91
  scale: 100
  voltage: 4032
  temperature: 225
  technology: Li-ion
Current Battery Service state:
  AC powered: false
  USB powered: false
  Wireless powered: false
  Max charging current: 0
  Max charging voltage: 0
  Charge counter: 5534818
  status: 3
  health: 2
  present: true
  level: 91
  scale: 100
  voltage: 4032
  temperature: 225
  technology: Li-ion
Current Battery Service state:
  AC powered: false
  USB powered: false
  Wireless powered: false
  Max charging current: 0
  Max charging voltage: 0
  Charge counter: 5534818
  status: 3
  health: 2
  present: true
  level: 91
  scale: 100
  voltage: 4032
  temperature: 225
  technology: Li-ion
Current Battery Service state:
  AC powered: false
  USB powered: false
  Wireless powered: false
  Max charging current: 0
  Max charging voltage: 0
  Charge counter: 5534818
  status: 3
  health: 2
  present: true
  level: 91
  scale: 100
  voltage: 4032
  temperature: 225
  technology: Li-ion
Current Battery Service state:
  AC powered: false
  USB powered: false
  Wireless powered: false
  Max charging current: 0
  Max charging voltage: 0
  Charge counter: 5534818
  status: 3
  health: 2
  present: true
  level: 91
  scale: 100
  voltage: 4032
  temperature: 225
  technology: Li-ion
Current Battery Service state:
  AC powered: false
  USB powered: false
  Wireless powered: false
  Max charging current: 0
  Max charging voltage: 0
  Charge counter: 5534818
  status: 3
  health: 2
  present: true
  level: 91
  scale: 100
  voltage: 4032
  temperature: 225
  technology: Li-ion
Current Battery Service state:
  AC powered: false
  USB powered: false
  Wireless powered: false
  Max charging current: 0
  Max charging voltage: 0
  Charge counter: 5534818
  status: 3
  health: 2
  present: true
  level: 91
  scale: 100
  voltage: 4032
  temperature: 225
  technology: Li-ion
Current Battery Service state:
  AC powered: false
  USB powered: false
  Wireless powered: false
  Max charging current: 0
  Max charging voltage: 0
  Charge counter: 5534818
  status: 3
  health: 2
  present: true
  level: 91
  scale: 100
  voltage: 4032
  temperature: 225
  technology: Li-ion
Current Battery Service state:
  AC powered: false
  USB powered: false
  Wireless powered: false
  Max charging current: 0
  Max charging voltage: 0
  Charge counter: 5534818
  status: 3
  health: 2
  present: true
  level: 91
  scale: 100
  voltage: 4032
  temperature: 225
  technology: Li-ion
Current Battery Service state:
  AC powered: false
  USB powered: false
  Wireless powered: false
  Max charging current: 0
  Max charging voltage: 0
  Charge counter: 5534818
  status: 3
  health: 2
  present: true
  level: 91
  scale: 100
  voltage: 4032
  temperature: 225
  technology: Li-ion
Current Battery Service state:
  AC powered: false
  USB powered: false
  Wireless powered: false
  Max charging current: 0
  Max charging voltage: 0
  Charge counter: 5529738
  status: 3
  health: 2
  present: true
  level: 91
  scale: 100
  voltage: 4030
  temperature: 225
  technology: Li-ion
Current Battery Service state:
  AC powered: false
  USB powered: false
  Wireless powered: false
  Max charging current: 0
  Max charging voltage: 0
  Charge counter: 5529738
  status: 3
  health: 2
  present: true
  level: 91
  scale: 100
  voltage: 4030
  temperature: 225
  technology: Li-ion
Current Battery Service state:
  AC powered: false
  USB powered: false
  Wireless powered: false
  Max charging current: 0
  Max charging voltage: 0
  Charge counter: 5529738
  status: 3
  health: 2
  present: true
  level: 91
  scale: 100
  voltage: 4030
  temperature: 225
  technology: Li-ion
Current Battery Service state:
  AC powered: false
  USB powered: false
  Wireless powered: false
  Max charging current: 0
  Max charging voltage: 0
  Charge counter: 5529738
  status: 3
  health: 2
  present: true
  level: 91
  scale: 100
  voltage: 4030
  temperature: 225
  technology: Li-ion
Current Battery Service state:
  AC powered: false
  USB powered: false
  Wireless powered: false
  Max charging current: 0
  Max charging voltage: 0
  Charge counter: 5529738
  status: 3
  health: 2
  present: true
  level: 91
  scale: 100
  voltage: 4030
  temperature: 225
  technology: Li-ion
Current Battery Service state:
  AC powered: false
  USB powered: false
  Wireless powered: false
  Max charging current: 0
  Max charging voltage: 0
  Charge counter: 5529738
  status: 3
  health: 2
  present: true
  level: 91
  scale: 100
  voltage: 4030
  temperature: 225
  technology: Li-ion
Current Battery Service state:
  AC powered: false
  USB powered: false
  Wireless powered: false
  Max charging current: 0
  Max charging voltage: 0
  Charge counter: 5529738
  status: 3
  health: 2
  present: true
  level: 91
  scale: 100
  voltage: 4030
  temperature: 225
  technology: Li-ion
Current Battery Service state:
  AC powered: false
  USB powered: false
  Wireless powered: false
  Max charging current: 0
  Max charging voltage: 0
  Charge counter: 5529738
  status: 3
  health: 2
  present: true
  level: 91
  scale: 100
  voltage: 4030
  temperature: 225
  technology: Li-ion
Current Battery Service state:
  AC powered: false
  USB powered: false
  Wireless powered: false
  Max charging current: 0
  Max charging voltage: 0
  Charge counter: 5529738
  status: 3
  health: 2
  present: true
  level: 91
  scale: 100
  voltage: 4030
  temperature: 225
  technology: Li-ion
Current Battery Service state:
  AC powered: false
  USB powered: false
  Wireless powered: false
  Max charging current: 0
  Max charging voltage: 0
  Charge counter: 5529738
  status: 3
  health: 2
  present: true
  level: 91
  scale: 100
  voltage: 4030
  temperature: 225
  technology: Li-ion
Current Battery Service state:
  AC powered: false
  USB powered: false
  Wireless powered: false
  Max charging current: 0
  Max charging voltage: 0
  Charge counter: 5524627
  status: 3
  health: 2
  present: true
  level: 90
  scale: 100
  voltage: 4020
  temperature: 227
  technology: Li-ion
Current Battery Service state:
  AC powered: false
  USB powered: false
  Wireless powered: false
  Max charging current: 0
  Max charging voltage: 0
  Charge counter: 5524627
  status: 3
  health: 2
  present: true
  level: 90
  scale: 100
  voltage: 4020
  temperature: 227
  technology: Li-ion
Current Battery Service state:
  AC powered: false
  USB powered: false
  Wireless powered: false
  Max charging current: 0
  Max charging voltage: 0
  Charge counter: 5524627
  status: 3
  health: 2
  present: true
  level: 90
  scale: 100
  voltage: 4020
  temperature: 227
  technology: Li-ion
Current Battery Service state:
  AC powered: false
  USB powered: false
  Wireless powered: false
  Max charging current: 0
  Max charging voltage: 0
  Charge counter: 5524627
  status: 3
  health: 2
  present: true
  level: 90
  scale: 100
  voltage: 4020
  temperature: 227
  technology: Li-ion
Current Battery Service state:
  AC powered: false
  USB powered: false
  Wireless powered: false
  Max charging current: 0
  Max charging voltage: 0
  Charge counter: 5524627
  status: 3
  health: 2
  present: true
  level: 90
  scale: 100
  voltage: 4020
  temperature: 227
  technology: Li-ion
Current Battery Service state:
  AC powered: false
  USB powered: false
  Wireless powered: false
  Max charging current: 0
  Max charging voltage: 0
  Charge counter: 5524627
  status: 3
  health: 2
  present: true
  level: 90
  scale: 100
  voltage: 4020
  temperature: 227
  technology: Li-ion
Current Battery Service state:
  AC powered: false
  USB powered: false
  Wireless powered: false
  Max charging current: 0
  Max charging voltage: 0
  Charge counter: 5524627
  status: 3
  health: 2
  present: true
  level: 90
  scale: 100
  voltage: 4020
  temperature: 227
  technology: Li-ion
Current Battery Service state:
  AC powered: false
  USB powered: false
  Wireless powered: false
  Max charging current: 0
  Max charging voltage: 0
  Charge counter: 5524627
  status: 3
  health: 2
  present: true
  level: 90
  scale: 100
  voltage: 4020
  temperature: 227
  technology: Li-ion
Current Battery Service state:
  AC powered: false
  USB powered: false
  Wireless powered: false
  Max charging current: 0
  Max charging voltage: 0
  Charge counter: 5524627
  status: 3
  health: 2
  present: true
  level: 90
  scale: 100
  voltage: 4020
  temperature: 227
  technology: Li-ion
Current Battery Service state:
  AC powered: false
  USB powered: false
  Wireless powered: false
  Max charging current: 0
  Max charging voltage: 0
  Charge counter: 5524627
  status: 3
  health: 2
  present: true
  level: 90
  scale: 100
  voltage: 4020
  temperature: 227
  technology: Li-ion
Current Battery Service state:
  AC powered: false
  USB powered: false
  Wireless powered: false
  Max charging current: 0
  Max charging voltage: 0
  Charge counter: 5518931
  status: 3
  health: 2
  present: true
  level: 90
  scale: 100
  voltage: 4029
  temperature: 227
  technology: Li-ion
Current Battery Service state:
  AC powered: false
  USB powered: false
  Wireless powered: false
  Max charging current: 0
  Max charging voltage: 0
  Charge counter: 5518931
  status: 3
  health: 2
  present: true
  level: 90
  scale: 100
  voltage: 4029
  temperature: 227
  technology: Li-ion
Current Battery Service state:
  AC powered: false
  USB powered: false
  Wireless powered: false
  Max charging current: 0
  Max charging voltage: 0
  Charge counter: 5518931
  status: 3
  health: 2
  present: true
  level: 90
  scale: 100
  voltage: 4029
  temperature: 227
  technology: Li-ion
Current Battery Service state:
  AC powered: false
  USB powered: false
  Wireless powered: false
  Max charging current: 0
  Max charging voltage: 0
  Charge counter: 5518931
  status: 3
  health: 2
  present: true
  level: 90
  scale: 100
  voltage: 4029
  temperature: 227
  technology: Li-ion
Current Battery Service state:
  AC powered: false
  USB powered: false
  Wireless powered: false
  Max charging current: 0
  Max charging voltage: 0
  Charge counter: 5518931
  status: 3
  health: 2
  present: true
  level: 90
  scale: 100
  voltage: 4029
  temperature: 227
  technology: Li-ion
Current Battery Service state:
  AC powered: false
  USB powered: false
  Wireless powered: false
  Max charging current: 0
  Max charging voltage: 0
  Charge counter: 5518931
  status: 3
  health: 2
  present: true
  level: 90
  scale: 100
  voltage: 4029
  temperature: 227
  technology: Li-ion
Current Battery Service state:
  AC powered: false
  USB powered: false
  Wireless powered: false
  Max charging current: 0
  Max charging voltage: 0
  Charge counter: 5518931
  status: 3
  health: 2
  present: true
  level: 90
  scale: 100
  voltage: 4029
  temperature: 227
  technology: Li-ion
Current Battery Service state:
  AC powered: false
  USB powered: false
  Wireless powered: false
  Max charging current: 0
  Max charging voltage: 0
  Charge counter: 5518931
  status: 3
  health: 2
  present: true
  level: 90
  scale: 100
  voltage: 4029
  temperature: 227
  technology: Li-ion
Current Battery Service state:
  AC powered: false
  USB powered: false
  Wireless powered: false
  Max charging current: 0
  Max charging voltage: 0
  Charge counter: 5518931
  status: 3
  health: 2
  present: true
  level: 90
  scale: 100
  voltage: 4029
  temperature: 227
  technology: Li-ion
Current Battery Service state:
  AC powered: false
  USB powered: false
  Wireless powered: false
  Max charging current: 0
  Max charging voltage: 0
  Charge counter: 5518931
  status: 3
  health: 2
  present: true
  level: 90
  scale: 100
  voltage: 4029
  temperature: 227
  technology: Li-ion
Current Battery Service state:
  AC powered: false
  USB powered: false
  Wireless powered: false
  Max charging current: 0
  Max charging voltage: 0
  Charge counter: 5513877
  status: 3
  health: 2
  present: true
  level: 90
  scale: 100
  voltage: 4028
  temperature: 225
  technology: Li-ion
Current Battery Service state:
  AC powered: false
  USB powered: false
  Wireless powered: false
  Max charging current: 0
  Max charging voltage: 0
  Charge counter: 5513877
  status: 3
  health: 2
  present: true
  level: 90
  scale: 100
  voltage: 4028
  temperature: 225
  technology: Li-ion
Current Battery Service state:
  AC powered: false
  USB powered: false
  Wireless powered: false
  Max charging current: 0
  Max charging voltage: 0
  Charge counter: 5513877
  status: 3
  health: 2
  present: true
  level: 90
  scale: 100
  voltage: 4028
  temperature: 225
  technology: Li-ion
Current Battery Service state:
  AC powered: false
  USB powered: false
  Wireless powered: false
  Max charging current: 0
  Max charging voltage: 0
  Charge counter: 5513877
  status: 3
  health: 2
  present: true
  level: 90
  scale: 100
  voltage: 4028
  temperature: 225
  technology: Li-ion
Current Battery Service state:
  AC powered: false
  USB powered: false
  Wireless powered: false
  Max charging current: 0
  Max charging voltage: 0
  Charge counter: 5513877
  status: 3
  health: 2
  present: true
  level: 90
  scale: 100
  voltage: 4028
  temperature: 225
  technology: Li-ion
Current Battery Service state:
  AC powered: false
  USB powered: false
  Wireless powered: false
  Max charging current: 0
  Max charging voltage: 0
  Charge counter: 5513877
  status: 3
  health: 2
  present: true
  level: 90
  scale: 100
  voltage: 4028
  temperature: 225
  technology: Li-ion
Current Battery Service state:
  AC powered: false
  USB powered: false
  Wireless powered: false
  Max charging current: 0
  Max charging voltage: 0
  Charge counter: 5513877
  status: 3
  health: 2
  present: true
  level: 90
  scale: 100
  voltage: 4028
  temperature: 225
  technology: Li-ion
Current Battery Service state:
  AC powered: false
  USB powered: false
  Wireless powered: false
  Max charging current: 0
  Max charging voltage: 0
  Charge counter: 5513877
  status: 3
  health: 2
  present: true
  level: 90
  scale: 100
  voltage: 4028
  temperature: 225
  technology: Li-ion
Current Battery Service state:
  AC powered: false
  USB powered: false
  Wireless powered: false
  Max charging current: 0
  Max charging voltage: 0
  Charge counter: 5513877
  status: 3
  health: 2
  present: true
  level: 90
  scale: 100
  voltage: 4028
  temperature: 225
  technology: Li-ion
Current Battery Service state:
  AC powered: false
  USB powered: false
  Wireless powered: false
  Max charging current: 0
  Max charging voltage: 0
  Charge counter: 5513877
  status: 3
  health: 2
  present: true
  level: 90
  scale: 100
  voltage: 4028
  temperature: 225
  technology: Li-ion
Current Battery Service state:
  AC powered: false
  USB powered: false
  Wireless powered: false
  Max charging current: 0
  Max charging voltage: 0
  Charge counter: 5509127
  status: 3
  health: 2
  present: true
  level: 90
  scale: 100
  voltage: 4013
  temperature: 227
  technology: Li-ion
Current Battery Service state:
  AC powered: false
  USB powered: false
  Wireless powered: false
  Max charging current: 0
  Max charging voltage: 0
  Charge counter: 5509127
  status: 3
  health: 2
  present: true
  level: 90
  scale: 100
  voltage: 4013
  temperature: 227
  technology: Li-ion
Current Battery Service state:
  AC powered: false
  USB powered: false
  Wireless powered: false
  Max charging current: 0
  Max charging voltage: 0
  Charge counter: 5509127
  status: 3
  health: 2
  present: true
  level: 90
  scale: 100
  voltage: 4013
  temperature: 227
  technology: Li-ion
Current Battery Service state:
  AC powered: false
  USB powered: false
  Wireless powered: false
  Max charging current: 0
  Max charging voltage: 0
  Charge counter: 5509127
  status: 3
  health: 2
  present: true
  level: 90
  scale: 100
  voltage: 4013
  temperature: 227
  technology: Li-ion
Current Battery Service state:
  AC powered: false
  USB powered: false
  Wireless powered: false
  Max charging current: 0
  Max charging voltage: 0
  Charge counter: 5509127
  status: 3
  health: 2
  present: true
  level: 90
  scale: 100
  voltage: 4013
  temperature: 227
  technology: Li-ion
Current Battery Service state:
  AC powered: false
  USB powered: false
  Wireless powered: false
  Max charging current: 0
  Max charging voltage: 0
  Charge counter: 5509127
  status: 3
  health: 2
  present: true
  level: 90
  scale: 100
  voltage: 4013
  temperature: 227
  technology: Li-ion
Current Battery Service state:
  AC powered: false
  USB powered: false
  Wireless powered: false
  Max charging current: 0
  Max charging voltage: 0
  Charge counter: 5509127
  status: 3
  health: 2
  present: true
  level: 90
  scale: 100
  voltage: 4013
  temperature: 227
  technology: Li-ion
Current Battery Service state:
  AC powered: false
  USB powered: false
  Wireless powered: false
  Max charging current: 0
  Max charging voltage: 0
  Charge counter: 5509127
  status: 3
  health: 2
  present: true
  level: 90
  scale: 100
  voltage: 4013
  temperature: 227
  technology: Li-ion
Current Battery Service state:
  AC powered: false
  USB powered: false
  Wireless powered: false
  Max charging current: 0
  Max charging voltage: 0
  Charge counter: 5509127
  status: 3
  health: 2
  present: true
  level: 90
  scale: 100
  voltage: 4013
  temperature: 227
  technology: Li-ion
Current Battery Service state:
  AC powered: false
  USB powered: false
  Wireless powered: false
  Max charging current: 0
  Max charging voltage: 0
  Charge counter: 5509127
  status: 3
  health: 2
  present: true
  level: 90
  scale: 100
  voltage: 4013
  temperature: 227
  technology: Li-ion
Current Battery Service state:
  AC powered: false
  USB powered: false
  Wireless powered: false
  Max charging current: 0
  Max charging voltage: 0
  Charge counter: 5503879
  status: 3
  health: 2
  present: true
  level: 90
  scale: 100
  voltage: 4023
  temperature: 227
  technology: Li-ion
Current Battery Service state:
  AC powered: false
  USB powered: false
  Wireless powered: false
  Max charging current: 0
  Max charging voltage: 0
  Charge counter: 5503879
  status: 3
  health: 2
  present: true
  level: 90
  scale: 100
  voltage: 4023
  temperature: 227
  technology: Li-ion
Current Battery Service state:
  AC powered: false
  USB powered: false
  Wireless powered: false
  Max charging current: 0
  Max charging voltage: 0
  Charge counter: 5503879
  status: 3
  health: 2
  present: true
  level: 90
  scale: 100
  voltage: 4023
  temperature: 227
  technology: Li-ion
Current Battery Service state:
  AC powered: false
  USB powered: false
  Wireless powered: false
  Max charging current: 0
  Max charging voltage: 0
  Charge counter: 5503879
  status: 3
  health: 2
  present: true
  level: 90
  scale: 100
  voltage: 4023
  temperature: 227
  technology: Li-ion
Current Battery Service state:
  AC powered: false
  USB powered: false
  Wireless powered: false
  Max charging current: 0
  Max charging voltage: 0
  Charge counter: 5503879
  status: 3
  health: 2
  present: true
  level: 90
  scale: 100
  voltage: 4023
  temperature: 227
  technology: Li-ion
Current Battery Service state:
  AC powered: false
  USB powered: false
  Wireless powered: false
  Max charging current: 0
  Max charging voltage: 0
  Charge counter: 5503879
  status: 3
  health: 2
  present: true
  level: 90
  scale: 100
  voltage: 4023
  temperature: 227
  technology: Li-ion
Current Battery Service state:
  AC powered: false
  USB powered: false
  Wireless powered: false
  Max charging current: 0
  Max charging voltage: 0
  Charge counter: 5503879
  status: 3
  health: 2
  present: true
  level: 90
  scale: 100
  voltage: 4023
  temperature: 227
  technology: Li-ion
Current Battery Service state:
  AC powered: false
  USB powered: false
  Wireless powered: false
  Max charging current: 0
  Max charging voltage: 0
  Charge counter: 5503879
  status: 3
  health: 2
  present: true
  level: 90
  scale: 100
  voltage: 4023
  temperature: 227
  technology: Li-ion
Current Battery Service state:
  AC powered: false
  USB powered: false
  Wireless powered: false
  Max charging current: 0
  Max charging voltage: 0
  Charge counter: 5503879
  status: 3
  health: 2
  present: true
  level: 90
  scale: 100
  voltage: 4023
  temperature: 227
  technology: Li-ion
Current Battery Service state:
  AC powered: false
  USB powered: false
  Wireless powered: false
  Max charging current: 0
  Max charging voltage: 0
  Charge counter: 5503879
  status: 3
  health: 2
  present: true
  level: 90
  scale: 100
  voltage: 4023
  temperature: 227
  technology: Li-ion
Current Battery Service state:
  AC powered: false
  USB powered: false
  Wireless powered: false
  Max charging current: 0
  Max charging voltage: 0
  Charge counter: 5498780
  status: 3
  health: 2
  present: true
  level: 90
  scale: 100
  voltage: 4021
  temperature: 227
  technology: Li-ion
Current Battery Service state:
  AC powered: false
  USB powered: false
  Wireless powered: false
  Max charging current: 0
  Max charging voltage: 0
  Charge counter: 5498780
  status: 3
  health: 2
  present: true
  level: 90
  scale: 100
  voltage: 4021
  temperature: 227
  technology: Li-ion
Current Battery Service state:
  AC powered: false
  USB powered: false
  Wireless powered: false
  Max charging current: 0
  Max charging voltage: 0
  Charge counter: 5498780
  status: 3
  health: 2
  present: true
  level: 90
  scale: 100
  voltage: 4021
  temperature: 227
  technology: Li-ion
Current Battery Service state:
  AC powered: false
  USB powered: false
  Wireless powered: false
  Max charging current: 0
  Max charging voltage: 0
  Charge counter: 5498780
  status: 3
  health: 2
  present: true
  level: 90
  scale: 100
  voltage: 4021
  temperature: 227
  technology: Li-ion
Current Battery Service state:
  AC powered: false
  USB powered: false
  Wireless powered: false
  Max charging current: 0
  Max charging voltage: 0
  Charge counter: 5498780
  status: 3
  health: 2
  present: true
  level: 90
  scale: 100
  voltage: 4021
  temperature: 227
  technology: Li-ion
Current Battery Service state:
  AC powered: false
  USB powered: false
  Wireless powered: false
  Max charging current: 0
  Max charging voltage: 0
  Charge counter: 5498780
  status: 3
  health: 2
  present: true
  level: 90
  scale: 100
  voltage: 4021
  temperature: 227
  technology: Li-ion
Current Battery Service state:
  AC powered: false
  USB powered: false
  Wireless powered: false
  Max charging current: 0
  Max charging voltage: 0
  Charge counter: 5498780
  status: 3
  health: 2
  present: true
  level: 90
  scale: 100
  voltage: 4021
  temperature: 227
  technology: Li-ion
Current Battery Service state:
  AC powered: false
  USB powered: false
  Wireless powered: false
  Max charging current: 0
  Max charging voltage: 0
  Charge counter: 5498780
  status: 3
  health: 2
  present: true
  level: 90
  scale: 100
  voltage: 4021
  temperature: 227
  technology: Li-ion
Current Battery Service state:
  AC powered: false
  USB powered: false
  Wireless powered: false
  Max charging current: 0
  Max charging voltage: 0
  Charge counter: 5498780
  status: 3
  health: 2
  present: true
  level: 90
  scale: 100
  voltage: 4021
  temperature: 227
  technology: Li-ion
Current Battery Service state:
  AC powered: false
  USB powered: false
  Wireless powered: false
  Max charging current: 0
  Max charging voltage: 0
  Charge counter: 5498780
  status: 3
  health: 2
  present: true
  level: 90
  scale: 100
  voltage: 4021
  temperature: 227
  technology: Li-ion
Current Battery Service state:
  AC powered: false
  USB powered: false
  Wireless powered: false
  Max charging current: 0
  Max charging voltage: 0
  Charge counter: 5493644
  status: 3
  health: 2
  present: true
  level: 90
  scale: 100
  voltage: 4022
  temperature: 225
  technology: Li-ion
Current Battery Service state:
  AC powered: false
  USB powered: false
  Wireless powered: false
  Max charging current: 0
  Max charging voltage: 0
  Charge counter: 5493644
  status: 3
  health: 2
  present: true
  level: 90
  scale: 100
  voltage: 4022
  temperature: 225
  technology: Li-ion
Current Battery Service state:
  AC powered: false
  USB powered: false
  Wireless powered: false
  Max charging current: 0
  Max charging voltage: 0
  Charge counter: 5492574
  status: 3
  health: 2
  present: true
  level: 90
  scale: 100
  voltage: 4007
  temperature: 227
  technology: Li-ion
Current Battery Service state:
  AC powered: false
  USB powered: false
  Wireless powered: false
  Max charging current: 0
  Max charging voltage: 0
  Charge counter: 5492574
  status: 3
  health: 2
  present: true
  level: 90
  scale: 100
  voltage: 4007
  temperature: 227
  technology: Li-ion
Current Battery Service state:
  AC powered: false
  USB powered: false
  Wireless powered: false
  Max charging current: 0
  Max charging voltage: 0
  Charge counter: 5492574
  status: 3
  health: 2
  present: true
  level: 90
  scale: 100
  voltage: 4007
  temperature: 227
  technology: Li-ion
Current Battery Service state:
  AC powered: false
  USB powered: false
  Wireless powered: false
  Max charging current: 0
  Max charging voltage: 0
  Charge counter: 5492574
  status: 3
  health: 2
  present: true
  level: 90
  scale: 100
  voltage: 4007
  temperature: 227
  technology: Li-ion
Current Battery Service state:
  AC powered: false
  USB powered: false
  Wireless powered: false
  Max charging current: 0
  Max charging voltage: 0
  Charge counter: 5492574
  status: 3
  health: 2
  present: true
  level: 90
  scale: 100
  voltage: 4007
  temperature: 227
  technology: Li-ion
Current Battery Service state:
  AC powered: false
  USB powered: false
  Wireless powered: false
  Max charging current: 0
  Max charging voltage: 0
  Charge counter: 5492574
  status: 3
  health: 2
  present: true
  level: 90
  scale: 100
  voltage: 4007
  temperature: 227
  technology: Li-ion
Current Battery Service state:
  AC powered: false
  USB powered: false
  Wireless powered: false
  Max charging current: 0
  Max charging voltage: 0
  Charge counter: 5492574
  status: 3
  health: 2
  present: true
  level: 90
  scale: 100
  voltage: 4007
  temperature: 227
  technology: Li-ion
Current Battery Service state:
  AC powered: false
  USB powered: false
  Wireless powered: false
  Max charging current: 0
  Max charging voltage: 0
  Charge counter: 5492574
  status: 3
  health: 2
  present: true
  level: 90
  scale: 100
  voltage: 4007
  temperature: 227
  technology: Li-ion
Current Battery Service state:
  AC powered: false
  USB powered: false
  Wireless powered: false
  Max charging current: 0
  Max charging voltage: 0
  Charge counter: 5488222
  status: 3
  health: 2
  present: true
  level: 90
  scale: 100
  voltage: 4019
  temperature: 227
  technology: Li-ion
Current Battery Service state:
  AC powered: false
  USB powered: false
  Wireless powered: false
  Max charging current: 0
  Max charging voltage: 0
  Charge counter: 5488222
  status: 3
  health: 2
  present: true
  level: 90
  scale: 100
  voltage: 4019
  temperature: 227
  technology: Li-ion
Current Battery Service state:
  AC powered: false
  USB powered: false
  Wireless powered: false
  Max charging current: 0
  Max charging voltage: 0
  Charge counter: 5488222
  status: 3
  health: 2
  present: true
  level: 90
  scale: 100
  voltage: 4019
  temperature: 227
  technology: Li-ion
Current Battery Service state:
  AC powered: false
  USB powered: false
  Wireless powered: false
  Max charging current: 0
  Max charging voltage: 0
  Charge counter: 5488222
  status: 3
  health: 2
  present: true
  level: 90
  scale: 100
  voltage: 4019
  temperature: 227
  technology: Li-ion
Current Battery Service state:
  AC powered: false
  USB powered: false
  Wireless powered: false
  Max charging current: 0
  Max charging voltage: 0
  Charge counter: 5488222
  status: 3
  health: 2
  present: true
  level: 90
  scale: 100
  voltage: 4019
  temperature: 227
  technology: Li-ion
Current Battery Service state:
  AC powered: false
  USB powered: false
  Wireless powered: false
  Max charging current: 0
  Max charging voltage: 0
  Charge counter: 5488222
  status: 3
  health: 2
  present: true
  level: 90
  scale: 100
  voltage: 4019
  temperature: 227
  technology: Li-ion
Current Battery Service state:
  AC powered: false
  USB powered: false
  Wireless powered: false
  Max charging current: 0
  Max charging voltage: 0
  Charge counter: 5488222
  status: 3
  health: 2
  present: true
  level: 90
  scale: 100
  voltage: 4019
  temperature: 227
  technology: Li-ion
Current Battery Service state:
  AC powered: false
  USB powered: false
  Wireless powered: false
  Max charging current: 0
  Max charging voltage: 0
  Charge counter: 5488222
  status: 3
  health: 2
  present: true
  level: 90
  scale: 100
  voltage: 4019
  temperature: 227
  technology: Li-ion
Current Battery Service state:
  AC powered: false
  USB powered: false
  Wireless powered: false
  Max charging current: 0
  Max charging voltage: 0
  Charge counter: 5488222
  status: 3
  health: 2
  present: true
  level: 90
  scale: 100
  voltage: 4019
  temperature: 227
  technology: Li-ion
Current Battery Service state:
  AC powered: false
  USB powered: false
  Wireless powered: false
  Max charging current: 0
  Max charging voltage: 0
  Charge counter: 5488222
  status: 3
  health: 2
  present: true
  level: 90
  scale: 100
  voltage: 4019
  temperature: 227
  technology: Li-ion
Current Battery Service state:
  AC powered: false
  USB powered: false
  Wireless powered: false
  Max charging current: 0
  Max charging voltage: 0
  Charge counter: 5483080
  status: 3
  health: 2
  present: true
  level: 90
  scale: 100
  voltage: 4016
  temperature: 227
  technology: Li-ion
Current Battery Service state:
  AC powered: false
  USB powered: false
  Wireless powered: false
  Max charging current: 0
  Max charging voltage: 0
  Charge counter: 5483080
  status: 3
  health: 2
  present: true
  level: 90
  scale: 100
  voltage: 4016
  temperature: 227
  technology: Li-ion
Current Battery Service state:
  AC powered: false
  USB powered: false
  Wireless powered: false
  Max charging current: 0
  Max charging voltage: 0
  Charge counter: 5483080
  status: 3
  health: 2
  present: true
  level: 90
  scale: 100
  voltage: 4016
  temperature: 227
  technology: Li-ion
Current Battery Service state:
  AC powered: false
  USB powered: false
  Wireless powered: false
  Max charging current: 0
  Max charging voltage: 0
  Charge counter: 5483080
  status: 3
  health: 2
  present: true
  level: 90
  scale: 100
  voltage: 4016
  temperature: 227
  technology: Li-ion
Current Battery Service state:
  AC powered: false
  USB powered: false
  Wireless powered: false
  Max charging current: 0
  Max charging voltage: 0
  Charge counter: 5480735
  status: 3
  health: 2
  present: true
  level: 90
  scale: 100
  voltage: 4016
  temperature: 227
  technology: Li-ion
Current Battery Service state:
  AC powered: false
  USB powered: false
  Wireless powered: false
  Max charging current: 0
  Max charging voltage: 0
  Charge counter: 5480735
  status: 3
  health: 2
  present: true
  level: 90
  scale: 100
  voltage: 4016
  temperature: 227
  technology: Li-ion
Current Battery Service state:
  AC powered: false
  USB powered: false
  Wireless powered: false
  Max charging current: 0
  Max charging voltage: 0
  Charge counter: 5480735
  status: 3
  health: 2
  present: true
  level: 90
  scale: 100
  voltage: 4016
  temperature: 227
  technology: Li-ion
Current Battery Service state:
  AC powered: false
  USB powered: false
  Wireless powered: false
  Max charging current: 0
  Max charging voltage: 0
  Charge counter: 5480735
  status: 3
  health: 2
  present: true
  level: 90
  scale: 100
  voltage: 4016
  temperature: 227
  technology: Li-ion
Current Battery Service state:
  AC powered: false
  USB powered: false
  Wireless powered: false
  Max charging current: 0
  Max charging voltage: 0
  Charge counter: 5480735
  status: 3
  health: 2
  present: true
  level: 90
  scale: 100
  voltage: 4016
  temperature: 227
  technology: Li-ion
Current Battery Service state:
  AC powered: false
  USB powered: false
  Wireless powered: false
  Max charging current: 0
  Max charging voltage: 0
  Charge counter: 5480735
  status: 3
  health: 2
  present: true
  level: 90
  scale: 100
  voltage: 4016
  temperature: 227
  technology: Li-ion
Current Battery Service state:
  AC powered: false
  USB powered: false
  Wireless powered: false
  Max charging current: 0
  Max charging voltage: 0
  Charge counter: 5477632
  status: 3
  health: 2
  present: true
  level: 90
  scale: 100
  voltage: 4015
  temperature: 227
  technology: Li-ion
Current Battery Service state:
  AC powered: false
  USB powered: false
  Wireless powered: false
  Max charging current: 0
  Max charging voltage: 0
  Charge counter: 5477632
  status: 3
  health: 2
  present: true
  level: 90
  scale: 100
  voltage: 4015
  temperature: 227
  technology: Li-ion
Current Battery Service state:
  AC powered: false
  USB powered: false
  Wireless powered: false
  Max charging current: 0
  Max charging voltage: 0
  Charge counter: 5477632
  status: 3
  health: 2
  present: true
  level: 90
  scale: 100
  voltage: 4015
  temperature: 227
  technology: Li-ion
Current Battery Service state:
  AC powered: false
  USB powered: false
  Wireless powered: false
  Max charging current: 0
  Max charging voltage: 0
  Charge counter: 5477632
  status: 3
  health: 2
  present: true
  level: 90
  scale: 100
  voltage: 4015
  temperature: 227
  technology: Li-ion
Current Battery Service state:
  AC powered: false
  USB powered: false
  Wireless powered: false
  Max charging current: 0
  Max charging voltage: 0
  Charge counter: 5477632
  status: 3
  health: 2
  present: true
  level: 90
  scale: 100
  voltage: 4015
  temperature: 227
  technology: Li-ion
Current Battery Service state:
  AC powered: false
  USB powered: false
  Wireless powered: false
  Max charging current: 0
  Max charging voltage: 0
  Charge counter: 5477632
  status: 3
  health: 2
  present: true
  level: 90
  scale: 100
  voltage: 4015
  temperature: 227
  technology: Li-ion
Current Battery Service state:
  AC powered: false
  USB powered: false
  Wireless powered: false
  Max charging current: 0
  Max charging voltage: 0
  Charge counter: 5477632
  status: 3
  health: 2
  present: true
  level: 90
  scale: 100
  voltage: 4015
  temperature: 227
  technology: Li-ion
Current Battery Service state:
  AC powered: false
  USB powered: false
  Wireless powered: false
  Max charging current: 0
  Max charging voltage: 0
  Charge counter: 5477632
  status: 3
  health: 2
  present: true
  level: 90
  scale: 100
  voltage: 4015
  temperature: 227
  technology: Li-ion
Current Battery Service state:
  AC powered: false
  USB powered: false
  Wireless powered: false
  Max charging current: 0
  Max charging voltage: 0
  Charge counter: 5477632
  status: 3
  health: 2
  present: true
  level: 90
  scale: 100
  voltage: 4015
  temperature: 227
  technology: Li-ion
Current Battery Service state:
  AC powered: false
  USB powered: false
  Wireless powered: false
  Max charging current: 0
  Max charging voltage: 0
  Charge counter: 5477632
  status: 3
  health: 2
  present: true
  level: 90
  scale: 100
  voltage: 4015
  temperature: 227
  technology: Li-ion
Current Battery Service state:
  AC powered: false
  USB powered: false
  Wireless powered: false
  Max charging current: 0
  Max charging voltage: 0
  Charge counter: 5472224
  status: 3
  health: 2
  present: true
  level: 90
  scale: 100
  voltage: 4014
  temperature: 230
  technology: Li-ion
Current Battery Service state:
  AC powered: false
  USB powered: false
  Wireless powered: false
  Max charging current: 0
  Max charging voltage: 0
  Charge counter: 5472224
  status: 3
  health: 2
  present: true
  level: 90
  scale: 100
  voltage: 4014
  temperature: 230
  technology: Li-ion
Current Battery Service state:
  AC powered: false
  USB powered: false
  Wireless powered: false
  Max charging current: 0
  Max charging voltage: 0
  Charge counter: 5472224
  status: 3
  health: 2
  present: true
  level: 90
  scale: 100
  voltage: 4014
  temperature: 230
  technology: Li-ion
Current Battery Service state:
  AC powered: false
  USB powered: false
  Wireless powered: false
  Max charging current: 0
  Max charging voltage: 0
  Charge counter: 5472224
  status: 3
  health: 2
  present: true
  level: 90
  scale: 100
  voltage: 4014
  temperature: 230
  technology: Li-ion
Current Battery Service state:
  AC powered: false
  USB powered: false
  Wireless powered: false
  Max charging current: 0
  Max charging voltage: 0
  Charge counter: 5472224
  status: 3
  health: 2
  present: true
  level: 90
  scale: 100
  voltage: 4014
  temperature: 230
  technology: Li-ion
Current Battery Service state:
  AC powered: false
  USB powered: false
  Wireless powered: false
  Max charging current: 0
  Max charging voltage: 0
  Charge counter: 5472224
  status: 3
  health: 2
  present: true
  level: 90
  scale: 100
  voltage: 4014
  temperature: 230
  technology: Li-ion
Current Battery Service state:
  AC powered: false
  USB powered: false
  Wireless powered: false
  Max charging current: 0
  Max charging voltage: 0
  Charge counter: 5472224
  status: 3
  health: 2
  present: true
  level: 90
  scale: 100
  voltage: 4014
  temperature: 230
  technology: Li-ion
Current Battery Service state:
  AC powered: false
  USB powered: false
  Wireless powered: false
  Max charging current: 0
  Max charging voltage: 0
  Charge counter: 5472224
  status: 3
  health: 2
  present: true
  level: 90
  scale: 100
  voltage: 4014
  temperature: 230
  technology: Li-ion
Current Battery Service state:
  AC powered: false
  USB powered: false
  Wireless powered: false
  Max charging current: 0
  Max charging voltage: 0
  Charge counter: 5472224
  status: 3
  health: 2
  present: true
  level: 90
  scale: 100
  voltage: 4014
  temperature: 230
  technology: Li-ion
Current Battery Service state:
  AC powered: false
  USB powered: false
  Wireless powered: false
  Max charging current: 0
  Max charging voltage: 0
  Charge counter: 5472224
  status: 3
  health: 2
  present: true
  level: 90
  scale: 100
  voltage: 4014
  temperature: 230
  technology: Li-ion
Current Battery Service state:
  AC powered: false
  USB powered: false
  Wireless powered: false
  Max charging current: 0
  Max charging voltage: 0
  Charge counter: 5467068
  status: 3
  health: 2
  present: true
  level: 90
  scale: 100
  voltage: 4013
  temperature: 230
  technology: Li-ion
Current Battery Service state:
  AC powered: false
  USB powered: false
  Wireless powered: false
  Max charging current: 0
  Max charging voltage: 0
  Charge counter: 5467068
  status: 3
  health: 2
  present: true
  level: 90
  scale: 100
  voltage: 4013
  temperature: 230
  technology: Li-ion
Current Battery Service state:
  AC powered: false
  USB powered: false
  Wireless powered: false
  Max charging current: 0
  Max charging voltage: 0
  Charge counter: 5467068
  status: 3
  health: 2
  present: true
  level: 90
  scale: 100
  voltage: 4013
  temperature: 230
  technology: Li-ion
Current Battery Service state:
  AC powered: false
  USB powered: false
  Wireless powered: false
  Max charging current: 0
  Max charging voltage: 0
  Charge counter: 5467068
  status: 3
  health: 2
  present: true
  level: 90
  scale: 100
  voltage: 4013
  temperature: 230
  technology: Li-ion
Current Battery Service state:
  AC powered: false
  USB powered: false
  Wireless powered: false
  Max charging current: 0
  Max charging voltage: 0
  Charge counter: 5467068
  status: 3
  health: 2
  present: true
  level: 90
  scale: 100
  voltage: 4013
  temperature: 230
  technology: Li-ion
Current Battery Service state:
  AC powered: false
  USB powered: false
  Wireless powered: false
  Max charging current: 0
  Max charging voltage: 0
  Charge counter: 5467068
  status: 3
  health: 2
  present: true
  level: 90
  scale: 100
  voltage: 4013
  temperature: 230
  technology: Li-ion
Current Battery Service state:
  AC powered: false
  USB powered: false
  Wireless powered: false
  Max charging current: 0
  Max charging voltage: 0
  Charge counter: 5467068
  status: 3
  health: 2
  present: true
  level: 90
  scale: 100
  voltage: 4013
  temperature: 230
  technology: Li-ion
Current Battery Service state:
  AC powered: false
  USB powered: false
  Wireless powered: false
  Max charging current: 0
  Max charging voltage: 0
  Charge counter: 5467068
  status: 3
  health: 2
  present: true
  level: 90
  scale: 100
  voltage: 4013
  temperature: 230
  technology: Li-ion
Current Battery Service state:
  AC powered: false
  USB powered: false
  Wireless powered: false
  Max charging current: 0
  Max charging voltage: 0
  Charge counter: 5467068
  status: 3
  health: 2
  present: true
  level: 90
  scale: 100
  voltage: 4013
  temperature: 230
  technology: Li-ion
Current Battery Service state:
  AC powered: false
  USB powered: false
  Wireless powered: false
  Max charging current: 0
  Max charging voltage: 0
  Charge counter: 5467068
  status: 3
  health: 2
  present: true
  level: 90
  scale: 100
  voltage: 4013
  temperature: 230
  technology: Li-ion
Current Battery Service state:
  AC powered: false
  USB powered: false
  Wireless powered: false
  Max charging current: 0
  Max charging voltage: 0
  Charge counter: 5461945
  status: 3
  health: 2
  present: true
  level: 90
  scale: 100
  voltage: 4013
  temperature: 230
  technology: Li-ion
Current Battery Service state:
  AC powered: false
  USB powered: false
  Wireless powered: false
  Max charging current: 0
  Max charging voltage: 0
  Charge counter: 5461945
  status: 3
  health: 2
  present: true
  level: 90
  scale: 100
  voltage: 4013
  temperature: 230
  technology: Li-ion
Current Battery Service state:
  AC powered: false
  USB powered: false
  Wireless powered: false
  Max charging current: 0
  Max charging voltage: 0
  Charge counter: 5461945
  status: 3
  health: 2
  present: true
  level: 90
  scale: 100
  voltage: 4013
  temperature: 230
  technology: Li-ion
Current Battery Service state:
  AC powered: false
  USB powered: false
  Wireless powered: false
  Max charging current: 0
  Max charging voltage: 0
  Charge counter: 5461945
  status: 3
  health: 2
  present: true
  level: 90
  scale: 100
  voltage: 4013
  temperature: 230
  technology: Li-ion
Current Battery Service state:
  AC powered: false
  USB powered: false
  Wireless powered: false
  Max charging current: 0
  Max charging voltage: 0
  Charge counter: 5461945
  status: 3
  health: 2
  present: true
  level: 90
  scale: 100
  voltage: 4013
  temperature: 230
  technology: Li-ion
Current Battery Service state:
  AC powered: false
  USB powered: false
  Wireless powered: false
  Max charging current: 0
  Max charging voltage: 0
  Charge counter: 5461945
  status: 3
  health: 2
  present: true
  level: 90
  scale: 100
  voltage: 4013
  temperature: 230
  technology: Li-ion
Current Battery Service state:
  AC powered: false
  USB powered: false
  Wireless powered: false
  Max charging current: 0
  Max charging voltage: 0
  Charge counter: 5461945
  status: 3
  health: 2
  present: true
  level: 90
  scale: 100
  voltage: 4013
  temperature: 230
  technology: Li-ion
Current Battery Service state:
  AC powered: false
  USB powered: false
  Wireless powered: false
  Max charging current: 0
  Max charging voltage: 0
  Charge counter: 5461945
  status: 3
  health: 2
  present: true
  level: 90
  scale: 100
  voltage: 4013
  temperature: 230
  technology: Li-ion
Current Battery Service state:
  AC powered: false
  USB powered: false
  Wireless powered: false
  Max charging current: 0
  Max charging voltage: 0
  Charge counter: 5461945
  status: 3
  health: 2
  present: true
  level: 90
  scale: 100
  voltage: 4013
  temperature: 230
  technology: Li-ion
Current Battery Service state:
  AC powered: false
  USB powered: false
  Wireless powered: false
  Max charging current: 0
  Max charging voltage: 0
  Charge counter: 5461945
  status: 3
  health: 2
  present: true
  level: 90
  scale: 100
  voltage: 4013
  temperature: 230
  technology: Li-ion
Current Battery Service state:
  AC powered: false
  USB powered: false
  Wireless powered: false
  Max charging current: 0
  Max charging voltage: 0
  Charge counter: 5456607
  status: 3
  health: 2
  present: true
  level: 89
  scale: 100
  voltage: 4011
  temperature: 227
  technology: Li-ion
Current Battery Service state:
  AC powered: false
  USB powered: false
  Wireless powered: false
  Max charging current: 0
  Max charging voltage: 0
  Charge counter: 5456607
  status: 3
  health: 2
  present: true
  level: 89
  scale: 100
  voltage: 4011
  temperature: 227
  technology: Li-ion
Current Battery Service state:
  AC powered: false
  USB powered: false
  Wireless powered: false
  Max charging current: 0
  Max charging voltage: 0
  Charge counter: 5456607
  status: 3
  health: 2
  present: true
  level: 89
  scale: 100
  voltage: 4011
  temperature: 227
  technology: Li-ion
Current Battery Service state:
  AC powered: false
  USB powered: false
  Wireless powered: false
  Max charging current: 0
  Max charging voltage: 0
  Charge counter: 5456607
  status: 3
  health: 2
  present: true
  level: 89
  scale: 100
  voltage: 4011
  temperature: 227
  technology: Li-ion
Current Battery Service state:
  AC powered: false
  USB powered: false
  Wireless powered: false
  Max charging current: 0
  Max charging voltage: 0
  Charge counter: 5456607
  status: 3
  health: 2
  present: true
  level: 89
  scale: 100
  voltage: 4011
  temperature: 227
  technology: Li-ion
Current Battery Service state:
  AC powered: false
  USB powered: false
  Wireless powered: false
  Max charging current: 0
  Max charging voltage: 0
  Charge counter: 5456607
  status: 3
  health: 2
  present: true
  level: 89
  scale: 100
  voltage: 4011
  temperature: 227
  technology: Li-ion
Current Battery Service state:
  AC powered: false
  USB powered: false
  Wireless powered: false
  Max charging current: 0
  Max charging voltage: 0
  Charge counter: 5456607
  status: 3
  health: 2
  present: true
  level: 89
  scale: 100
  voltage: 4011
  temperature: 227
  technology: Li-ion
Current Battery Service state:
  AC powered: false
  USB powered: false
  Wireless powered: false
  Max charging current: 0
  Max charging voltage: 0
  Charge counter: 5456607
  status: 3
  health: 2
  present: true
  level: 89
  scale: 100
  voltage: 4011
  temperature: 227
  technology: Li-ion
Current Battery Service state:
  AC powered: false
  USB powered: false
  Wireless powered: false
  Max charging current: 0
  Max charging voltage: 0
  Charge counter: 5452344
  status: 3
  health: 2
  present: true
  level: 89
  scale: 100
  voltage: 4010
  temperature: 230
  technology: Li-ion
Current Battery Service state:
  AC powered: false
  USB powered: false
  Wireless powered: false
  Max charging current: 0
  Max charging voltage: 0
  Charge counter: 5452344
  status: 3
  health: 2
  present: true
  level: 89
  scale: 100
  voltage: 4010
  temperature: 230
  technology: Li-ion
Current Battery Service state:
  AC powered: false
  USB powered: false
  Wireless powered: false
  Max charging current: 0
  Max charging voltage: 0
  Charge counter: 5451314
  status: 3
  health: 2
  present: true
  level: 89
  scale: 100
  voltage: 4010
  temperature: 230
  technology: Li-ion
Current Battery Service state:
  AC powered: false
  USB powered: false
  Wireless powered: false
  Max charging current: 0
  Max charging voltage: 0
  Charge counter: 5451314
  status: 3
  health: 2
  present: true
  level: 89
  scale: 100
  voltage: 4010
  temperature: 230
  technology: Li-ion
Current Battery Service state:
  AC powered: false
  USB powered: false
  Wireless powered: false
  Max charging current: 0
  Max charging voltage: 0
  Charge counter: 5451314
  status: 3
  health: 2
  present: true
  level: 89
  scale: 100
  voltage: 4010
  temperature: 230
  technology: Li-ion
Current Battery Service state:
  AC powered: false
  USB powered: false
  Wireless powered: false
  Max charging current: 0
  Max charging voltage: 0
  Charge counter: 5451314
  status: 3
  health: 2
  present: true
  level: 89
  scale: 100
  voltage: 4010
  temperature: 230
  technology: Li-ion
Current Battery Service state:
  AC powered: false
  USB powered: false
  Wireless powered: false
  Max charging current: 0
  Max charging voltage: 0
  Charge counter: 5451314
  status: 3
  health: 2
  present: true
  level: 89
  scale: 100
  voltage: 4010
  temperature: 230
  technology: Li-ion
Current Battery Service state:
  AC powered: false
  USB powered: false
  Wireless powered: false
  Max charging current: 0
  Max charging voltage: 0
  Charge counter: 5451314
  status: 3
  health: 2
  present: true
  level: 89
  scale: 100
  voltage: 4010
  temperature: 230
  technology: Li-ion
Current Battery Service state:
  AC powered: false
  USB powered: false
  Wireless powered: false
  Max charging current: 0
  Max charging voltage: 0
  Charge counter: 5451314
  status: 3
  health: 2
  present: true
  level: 89
  scale: 100
  voltage: 4010
  temperature: 230
  technology: Li-ion
Current Battery Service state:
  AC powered: false
  USB powered: false
  Wireless powered: false
  Max charging current: 0
  Max charging voltage: 0
  Charge counter: 5451314
  status: 3
  health: 2
  present: true
  level: 89
  scale: 100
  voltage: 4010
  temperature: 230
  technology: Li-ion
Current Battery Service state:
  AC powered: false
  USB powered: false
  Wireless powered: false
  Max charging current: 0
  Max charging voltage: 0
  Charge counter: 5451314
  status: 3
  health: 2
  present: true
  level: 89
  scale: 100
  voltage: 4010
  temperature: 230
  technology: Li-ion
Current Battery Service state:
  AC powered: false
  USB powered: false
  Wireless powered: false
  Max charging current: 0
  Max charging voltage: 0
  Charge counter: 5451314
  status: 3
  health: 2
  present: true
  level: 89
  scale: 100
  voltage: 4010
  temperature: 230
  technology: Li-ion
Current Battery Service state:
  AC powered: false
  USB powered: false
  Wireless powered: false
  Max charging current: 0
  Max charging voltage: 0
  Charge counter: 5446137
  status: 3
  health: 2
  present: true
  level: 89
  scale: 100
  voltage: 4008
  temperature: 230
  technology: Li-ion
Current Battery Service state:
  AC powered: false
  USB powered: false
  Wireless powered: false
  Max charging current: 0
  Max charging voltage: 0
  Charge counter: 5446137
  status: 3
  health: 2
  present: true
  level: 89
  scale: 100
  voltage: 4008
  temperature: 230
  technology: Li-ion
Current Battery Service state:
  AC powered: false
  USB powered: false
  Wireless powered: false
  Max charging current: 0
  Max charging voltage: 0
  Charge counter: 5446137
  status: 3
  health: 2
  present: true
  level: 89
  scale: 100
  voltage: 4008
  temperature: 230
  technology: Li-ion
Current Battery Service state:
  AC powered: false
  USB powered: false
  Wireless powered: false
  Max charging current: 0
  Max charging voltage: 0
  Charge counter: 5446137
  status: 3
  health: 2
  present: true
  level: 89
  scale: 100
  voltage: 4008
  temperature: 230
  technology: Li-ion
Current Battery Service state:
  AC powered: false
  USB powered: false
  Wireless powered: false
  Max charging current: 0
  Max charging voltage: 0
  Charge counter: 5446137
  status: 3
  health: 2
  present: true
  level: 89
  scale: 100
  voltage: 4008
  temperature: 230
  technology: Li-ion
Current Battery Service state:
  AC powered: false
  USB powered: false
  Wireless powered: false
  Max charging current: 0
  Max charging voltage: 0
  Charge counter: 5446137
  status: 3
  health: 2
  present: true
  level: 89
  scale: 100
  voltage: 4008
  temperature: 230
  technology: Li-ion
Current Battery Service state:
  AC powered: false
  USB powered: false
  Wireless powered: false
  Max charging current: 0
  Max charging voltage: 0
  Charge counter: 5446137
  status: 3
  health: 2
  present: true
  level: 89
  scale: 100
  voltage: 4008
  temperature: 230
  technology: Li-ion
Current Battery Service state:
  AC powered: false
  USB powered: false
  Wireless powered: false
  Max charging current: 0
  Max charging voltage: 0
  Charge counter: 5442525
  status: 3
  health: 2
  present: true
  level: 89
  scale: 100
  voltage: 4003
  temperature: 230
  technology: Li-ion
Current Battery Service state:
  AC powered: false
  USB powered: false
  Wireless powered: false
  Max charging current: 0
  Max charging voltage: 0
  Charge counter: 5442525
  status: 3
  health: 2
  present: true
  level: 89
  scale: 100
  voltage: 4003
  temperature: 230
  technology: Li-ion
Current Battery Service state:
  AC powered: false
  USB powered: false
  Wireless powered: false
  Max charging current: 0
  Max charging voltage: 0
  Charge counter: 5442525
  status: 3
  health: 2
  present: true
  level: 89
  scale: 100
  voltage: 4003
  temperature: 230
  technology: Li-ion
Current Battery Service state:
  AC powered: false
  USB powered: false
  Wireless powered: false
  Max charging current: 0
  Max charging voltage: 0
  Charge counter: 5440883
  status: 3
  health: 2
  present: true
  level: 89
  scale: 100
  voltage: 4002
  temperature: 230
  technology: Li-ion
Current Battery Service state:
  AC powered: false
  USB powered: false
  Wireless powered: false
  Max charging current: 0
  Max charging voltage: 0
  Charge counter: 5440883
  status: 3
  health: 2
  present: true
  level: 89
  scale: 100
  voltage: 4002
  temperature: 230
  technology: Li-ion
Current Battery Service state:
  AC powered: false
  USB powered: false
  Wireless powered: false
  Max charging current: 0
  Max charging voltage: 0
  Charge counter: 5440883
  status: 3
  health: 2
  present: true
  level: 89
  scale: 100
  voltage: 4002
  temperature: 230
  technology: Li-ion
Current Battery Service state:
  AC powered: false
  USB powered: false
  Wireless powered: false
  Max charging current: 0
  Max charging voltage: 0
  Charge counter: 5440883
  status: 3
  health: 2
  present: true
  level: 89
  scale: 100
  voltage: 4002
  temperature: 230
  technology: Li-ion
Current Battery Service state:
  AC powered: false
  USB powered: false
  Wireless powered: false
  Max charging current: 0
  Max charging voltage: 0
  Charge counter: 5440883
  status: 3
  health: 2
  present: true
  level: 89
  scale: 100
  voltage: 4002
  temperature: 230
  technology: Li-ion
Current Battery Service state:
  AC powered: false
  USB powered: false
  Wireless powered: false
  Max charging current: 0
  Max charging voltage: 0
  Charge counter: 5440883
  status: 3
  health: 2
  present: true
  level: 89
  scale: 100
  voltage: 4002
  temperature: 230
  technology: Li-ion
Current Battery Service state:
  AC powered: false
  USB powered: false
  Wireless powered: false
  Max charging current: 0
  Max charging voltage: 0
  Charge counter: 5440883
  status: 3
  health: 2
  present: true
  level: 89
  scale: 100
  voltage: 4002
  temperature: 230
  technology: Li-ion
