02-28 20:11:06.200  5806  5806 I BatteryMgr:DataCollectionService: onStartCommand: begin
02-28 20:11:06.200  5806  5806 I BatteryMgr:DataCollectionService: onStartCommand: sampleRate => 1000
02-28 20:11:06.201  5806  5806 I BatteryMgr:DataCollectionService: onStartCommand: rawFields => Timestamp,BATTERY_PROPERTY_CURRENT_NOW,EXTRA_VOLTAGE
02-28 20:11:06.202  5806  5806 I BatteryMgr:DataCollectionService: onStartCommand: notification done
02-28 20:11:06.205  5806  5806 I BatteryMgr:DataCollectionService: started foreground
02-28 20:11:06.208  5806  6395 I BatteryMgr:DataCollectionService: collectData: begin
02-28 20:11:06.210  5806  6395 I BatteryMgr:DataCollectionService: stats => 1709147466210,-1764159,4044
02-28 20:11:07.214  5806  6395 I BatteryMgr:DataCollectionService: stats => 1709147467214,-1740721,4044
02-28 20:11:08.217  5806  6395 I BatteryMgr:DataCollectionService: stats => 1709147468217,-1815917,4044
02-28 20:11:09.223  5806  6395 I BatteryMgr:DataCollectionService: stats => 1709147469222,-1538085,4044
02-28 20:11:10.227  5806  6395 I BatteryMgr:DataCollectionService: stats => 1709147470227,-1546385,4044
02-28 20:11:11.231  5806  6395 I BatteryMgr:DataCollectionService: stats => 1709147471231,-1604003,4044
02-28 20:11:12.234  5806  6395 I BatteryMgr:DataCollectionService: stats => 1709147472234,-1510253,4044
02-28 20:11:13.239  5806  6395 I BatteryMgr:DataCollectionService: stats => 1709147473239,-1333007,4059
02-28 20:11:14.243  5806  6395 I BatteryMgr:DataCollectionService: stats => 1709147474243,-1339354,4059
02-28 20:11:15.247  5806  6395 I BatteryMgr:DataCollectionService: stats => 1709147475246,-1730956,4059
02-28 20:11:16.250  5806  6395 I BatteryMgr:DataCollectionService: stats => 1709147476250,-1778807,4059
02-28 20:11:17.253  5806  6395 I BatteryMgr:DataCollectionService: stats => 1709147477253,-1709471,4059
02-28 20:11:18.257  5806  6395 I BatteryMgr:DataCollectionService: stats => 1709147478256,-1350585,4059
02-28 20:11:19.260  5806  6395 I BatteryMgr:DataCollectionService: stats => 1709147479260,-1805663,4059
02-28 20:11:20.263  5806  6395 I BatteryMgr:DataCollectionService: stats => 1709147480263,-1769042,4059
02-28 20:11:21.266  5806  6395 I BatteryMgr:DataCollectionService: stats => 1709147481266,-1789061,4059
02-28 20:11:22.269  5806  6395 I BatteryMgr:DataCollectionService: stats => 1709147482269,-1797362,4059
02-28 20:11:23.273  5806  6395 I BatteryMgr:DataCollectionService: stats => 1709147483273,-1816893,4039
02-28 20:11:24.276  5806  6395 I BatteryMgr:DataCollectionService: stats => 1709147484276,-1800780,4039
02-28 20:11:25.280  5806  6395 I BatteryMgr:DataCollectionService: stats => 1709147485280,-1815428,4039
02-28 20:11:26.284  5806  6395 I BatteryMgr:DataCollectionService: stats => 1709147486284,-1800780,4039
02-28 20:11:27.287  5806  6395 I BatteryMgr:DataCollectionService: stats => 1709147487287,-1773436,4039
02-28 20:11:28.290  5806  6395 I BatteryMgr:DataCollectionService: stats => 1709147488290,-1796874,4039
02-28 20:11:29.293  5806  6395 I BatteryMgr:DataCollectionService: stats => 1709147489293,-1796874,4039
02-28 20:11:30.296  5806  6395 I BatteryMgr:DataCollectionService: stats => 1709147490296,-1790038,4039
02-28 20:11:31.300  5806  6395 I BatteryMgr:DataCollectionService: stats => 1709147491300,-1793456,4039
02-28 20:11:32.304  5806  6395 I BatteryMgr:DataCollectionService: stats => 1709147492304,-1814452,4039
02-28 20:11:33.308  5806  6395 I BatteryMgr:DataCollectionService: stats => 1709147493308,-1833983,4037
02-28 20:11:34.311  5806  6395 I BatteryMgr:DataCollectionService: stats => 1709147494311,-1769530,4037
02-28 20:11:35.315  5806  6395 I BatteryMgr:DataCollectionService: stats => 1709147495315,-1342772,4037
02-28 20:11:36.317  5806  6395 I BatteryMgr:DataCollectionService: stats => 1709147496317,-1785643,4037
02-28 20:11:37.322  5806  6395 I BatteryMgr:DataCollectionService: stats => 1709147497322,-1834959,4037
02-28 20:11:38.327  5806  6395 I BatteryMgr:DataCollectionService: stats => 1709147498327,-1837401,4037
02-28 20:11:39.331  5806  6395 I BatteryMgr:DataCollectionService: stats => 1709147499331,-1939940,4037
02-28 20:11:40.335  5806  6395 I BatteryMgr:DataCollectionService: stats => 1709147500334,-1979491,4028
02-28 20:11:41.339  5806  6395 I BatteryMgr:DataCollectionService: stats => 1709147501339,-2020018,4028
02-28 20:11:42.343  5806  6395 I BatteryMgr:DataCollectionService: stats => 1709147502343,-1984862,4028
02-28 20:11:43.346  5806  6395 I BatteryMgr:DataCollectionService: stats => 1709147503346,-1963866,4022
02-28 20:11:44.350  5806  6395 I BatteryMgr:DataCollectionService: stats => 1709147504350,-1804198,4022
02-28 20:11:45.354  5806  6395 I BatteryMgr:DataCollectionService: stats => 1709147505354,-1843260,4022
02-28 20:11:46.358  5806  6395 I BatteryMgr:DataCollectionService: stats => 1709147506358,-1832030,4022
02-28 20:11:47.362  5806  6395 I BatteryMgr:DataCollectionService: stats => 1709147507362,-1822752,4022
02-28 20:11:48.365  5806  6395 I BatteryMgr:DataCollectionService: stats => 1709147508365,-1836424,4033
02-28 20:11:49.369  5806  6395 I BatteryMgr:DataCollectionService: stats => 1709147509369,-1863280,4033
02-28 20:11:50.373  5806  6395 I BatteryMgr:DataCollectionService: stats => 1709147510373,-1812987,4033
02-28 20:11:51.376  5806  6395 I BatteryMgr:DataCollectionService: stats => 1709147511376,-1997069,4033
02-28 20:11:52.380  5806  6395 I BatteryMgr:DataCollectionService: stats => 1709147512380,-1827147,4033
02-28 20:11:53.384  5806  6395 I BatteryMgr:DataCollectionService: stats => 1709147513384,-1851073,4032
02-28 20:11:54.388  5806  6395 I BatteryMgr:DataCollectionService: stats => 1709147514388,-1817381,4032
02-28 20:11:55.392  5806  6395 I BatteryMgr:DataCollectionService: stats => 1709147515392,-1856932,4032
02-28 20:11:56.395  5806  6395 I BatteryMgr:DataCollectionService: stats => 1709147516395,-1835936,4032
02-28 20:11:57.398  5806  6395 I BatteryMgr:DataCollectionService: stats => 1709147517398,-1818846,4032
02-28 20:11:58.402  5806  6395 I BatteryMgr:DataCollectionService: stats => 1709147518402,-1828612,4032
02-28 20:11:59.406  5806  6395 I BatteryMgr:DataCollectionService: stats => 1709147519406,-1814452,4032
02-28 20:12:00.409  5806  6395 I BatteryMgr:DataCollectionService: stats => 1709147520409,-1807616,4032
02-28 20:12:01.412  5806  6395 I BatteryMgr:DataCollectionService: stats => 1709147521411,-1820799,4032
02-28 20:12:02.414  5806  6395 I BatteryMgr:DataCollectionService: stats => 1709147522414,-1846190,4032
02-28 20:12:03.418  5806  6395 I BatteryMgr:DataCollectionService: stats => 1709147523418,-1829588,4030
02-28 20:12:04.421  5806  6395 I BatteryMgr:DataCollectionService: stats => 1709147524421,-1835448,4030
02-28 20:12:05.425  5806  6395 I BatteryMgr:DataCollectionService: stats => 1709147525425,-1819823,4030
02-28 20:12:06.428  5806  6395 I BatteryMgr:DataCollectionService: stats => 1709147526428,-1810057,4030
02-28 20:12:07.432  5806  6395 I BatteryMgr:DataCollectionService: stats => 1709147527431,-1817870,4030
02-28 20:12:08.435  5806  6395 I BatteryMgr:DataCollectionService: stats => 1709147528435,-1820311,4030
02-28 20:12:09.439  5806  6395 I BatteryMgr:DataCollectionService: stats => 1709147529439,-1825194,4030
02-28 20:12:10.442  5806  6395 I BatteryMgr:DataCollectionService: stats => 1709147530442,-1837401,4030
02-28 20:12:11.447  5806  6395 I BatteryMgr:DataCollectionService: stats => 1709147531447,-1854491,4030
02-28 20:12:12.450  5806  6395 I BatteryMgr:DataCollectionService: stats => 1709147532450,-1954588,4030
02-28 20:12:13.454  5806  6395 I BatteryMgr:DataCollectionService: stats => 1709147533454,-2013182,4020
02-28 20:12:14.458  5806  6395 I BatteryMgr:DataCollectionService: stats => 1709147534458,-2015623,4020
02-28 20:12:15.461  5806  6395 I BatteryMgr:DataCollectionService: stats => 1709147535461,-1953612,4020
02-28 20:12:16.465  5806  6395 I BatteryMgr:DataCollectionService: stats => 1709147536465,-1810545,4020
02-28 20:12:17.468  5806  6395 I BatteryMgr:DataCollectionService: stats => 1709147537468,-1835936,4020
02-28 20:12:18.472  5806  6395 I BatteryMgr:DataCollectionService: stats => 1709147538472,-1839842,4020
02-28 20:12:19.475  5806  6395 I BatteryMgr:DataCollectionService: stats => 1709147539475,-1802245,4020
02-28 20:12:20.478  5806  6395 I BatteryMgr:DataCollectionService: stats => 1709147540478,-1819335,4020
02-28 20:12:21.481  5806  6395 I BatteryMgr:DataCollectionService: stats => 1709147541481,-1809081,4020
02-28 20:12:22.484  5806  6395 I BatteryMgr:DataCollectionService: stats => 1709147542484,-1814452,4020
02-28 20:12:23.487  5806  6395 I BatteryMgr:DataCollectionService: stats => 1709147543487,-1797362,4029
02-28 20:12:24.491  5806  6395 I BatteryMgr:DataCollectionService: stats => 1709147544491,-1833495,4029
02-28 20:12:25.495  5806  6395 I BatteryMgr:DataCollectionService: stats => 1709147545495,-1824217,4029
02-28 20:12:26.498  5806  6395 I BatteryMgr:DataCollectionService: stats => 1709147546498,-1817381,4029
02-28 20:12:27.501  5806  6395 I BatteryMgr:DataCollectionService: stats => 1709147547501,-1809081,4029
02-28 20:12:28.504  5806  6395 I BatteryMgr:DataCollectionService: stats => 1709147548504,-1811034,4029
02-28 20:12:29.508  5806  6395 I BatteryMgr:DataCollectionService: stats => 1709147549508,-1838377,4029
02-28 20:12:30.512  5806  6395 I BatteryMgr:DataCollectionService: stats => 1709147550511,-1814452,4029
02-28 20:12:31.515  5806  6395 I BatteryMgr:DataCollectionService: stats => 1709147551515,-1834471,4029
02-28 20:12:32.519  5806  6395 I BatteryMgr:DataCollectionService: stats => 1709147552519,-1812010,4029
02-28 20:12:33.522  5806  6395 I BatteryMgr:DataCollectionService: stats => 1709147553521,-1807127,4028
02-28 20:12:34.525  5806  6395 I BatteryMgr:DataCollectionService: stats => 1709147554525,-1849608,4028
02-28 20:12:35.529  5806  6395 I BatteryMgr:DataCollectionService: stats => 1709147555529,-1835936,4028
02-28 20:12:36.533  5806  6395 I BatteryMgr:DataCollectionService: stats => 1709147556533,-1844725,4028
02-28 20:12:37.536  5806  6395 I BatteryMgr:DataCollectionService: stats => 1709147557536,-1848143,4028
02-28 20:12:38.539  5806  6395 I BatteryMgr:DataCollectionService: stats => 1709147558539,-1819335,4028
02-28 20:12:39.543  5806  6395 I BatteryMgr:DataCollectionService: stats => 1709147559543,-1830077,4028
02-28 20:12:40.546  5806  6395 I BatteryMgr:DataCollectionService: stats => 1709147560546,-1827147,4028
02-28 20:12:41.550  5806  6395 I BatteryMgr:DataCollectionService: stats => 1709147561549,-1833495,4028
02-28 20:12:42.553  5806  6395 I BatteryMgr:DataCollectionService: stats => 1709147562553,-1917967,4028
02-28 20:12:43.557  5806  6395 I BatteryMgr:DataCollectionService: stats => 1709147563557,-2012694,4013
02-28 20:12:44.561  5806  6395 I BatteryMgr:DataCollectionService: stats => 1709147564561,-1997557,4013
02-28 20:12:45.565  5806  6395 I BatteryMgr:DataCollectionService: stats => 1709147565565,-2007811,4013
02-28 20:12:46.568  5806  6395 I BatteryMgr:DataCollectionService: stats => 1709147566568,-1990233,4013
02-28 20:12:47.571  5806  6395 I BatteryMgr:DataCollectionService: stats => 1709147567571,-1896483,4013
02-28 20:12:48.575  5806  6395 I BatteryMgr:DataCollectionService: stats => 1709147568575,-1816405,4013
02-28 20:12:49.578  5806  6395 I BatteryMgr:DataCollectionService: stats => 1709147569578,-1830565,4013
02-28 20:12:50.581  5806  6395 I BatteryMgr:DataCollectionService: stats => 1709147570581,-1825194,4013
02-28 20:12:51.585  5806  6395 I BatteryMgr:DataCollectionService: stats => 1709147571585,-1845213,4013
02-28 20:12:52.588  5806  6395 I BatteryMgr:DataCollectionService: stats => 1709147572588,-1848143,4013
02-28 20:12:53.592  5806  6395 I BatteryMgr:DataCollectionService: stats => 1709147573592,-1839842,4023
02-28 20:12:54.595  5806  6395 I BatteryMgr:DataCollectionService: stats => 1709147574595,-1833495,4023
02-28 20:12:55.598  5806  6395 I BatteryMgr:DataCollectionService: stats => 1709147575598,-1833495,4023
02-28 20:12:56.601  5806  6395 I BatteryMgr:DataCollectionService: stats => 1709147576601,-1791991,4023
02-28 20:12:57.605  5806  6395 I BatteryMgr:DataCollectionService: stats => 1709147577605,-1859862,4023
02-28 20:12:58.608  5806  6395 I BatteryMgr:DataCollectionService: stats => 1709147578608,-1850584,4023
02-28 20:12:59.611  5806  6395 I BatteryMgr:DataCollectionService: stats => 1709147579611,-1827147,4023
02-28 20:13:00.614  5806  6395 I BatteryMgr:DataCollectionService: stats => 1709147580614,-1848143,4023
02-28 20:13:01.618  5806  6395 I BatteryMgr:DataCollectionService: stats => 1709147581617,-1838377,4023
02-28 20:13:02.621  5806  6395 I BatteryMgr:DataCollectionService: stats => 1709147582621,-1826659,4023
02-28 20:13:03.624  5806  6395 I BatteryMgr:DataCollectionService: stats => 1709147583624,-1851073,4021
02-28 20:13:04.628  5806  6395 I BatteryMgr:DataCollectionService: stats => 1709147584628,-1877928,4021
02-28 20:13:05.631  5806  6395 I BatteryMgr:DataCollectionService: stats => 1709147585631,-1855956,4021
02-28 20:13:06.635  5806  6395 I BatteryMgr:DataCollectionService: stats => 1709147586634,-1849608,4021
02-28 20:13:07.638  5806  6395 I BatteryMgr:DataCollectionService: stats => 1709147587637,-1838377,4021
02-28 20:13:08.645  5806  6395 I BatteryMgr:DataCollectionService: stats => 1709147588645,-1837401,4021
02-28 20:13:09.648  5806  6395 I BatteryMgr:DataCollectionService: stats => 1709147589648,-1839842,4021
02-28 20:13:10.652  5806  6395 I BatteryMgr:DataCollectionService: stats => 1709147590652,-1838866,4021
02-28 20:13:11.655  5806  6395 I BatteryMgr:DataCollectionService: stats => 1709147591655,-1839842,4021
02-28 20:13:12.658  5806  6395 I BatteryMgr:DataCollectionService: stats => 1709147592658,-1887694,4021
02-28 20:13:13.661  5806  6395 I BatteryMgr:DataCollectionService: stats => 1709147593661,-1829100,4022
02-28 20:13:14.664  5806  6395 I BatteryMgr:DataCollectionService: stats => 1709147594664,-1811034,4022
02-28 20:13:15.668  5806  6395 I BatteryMgr:DataCollectionService: stats => 1709147595668,-2041502,4007
02-28 20:13:16.672  5806  6395 I BatteryMgr:DataCollectionService: stats => 1709147596671,-2034178,4007
02-28 20:13:17.675  5806  6395 I BatteryMgr:DataCollectionService: stats => 1709147597675,-1987303,4007
02-28 20:13:18.679  5806  6395 I BatteryMgr:DataCollectionService: stats => 1709147598679,-2017088,4007
02-28 20:13:19.682  5806  6395 I BatteryMgr:DataCollectionService: stats => 1709147599682,-2048338,4007
02-28 20:13:20.685  5806  6395 I BatteryMgr:DataCollectionService: stats => 1709147600685,-2040038,4007
02-28 20:13:21.688  5806  6395 I BatteryMgr:DataCollectionService: stats => 1709147601688,-1856932,4007
02-28 20:13:22.692  5806  6395 I BatteryMgr:DataCollectionService: stats => 1709147602692,-1836913,4007
02-28 20:13:23.695  5806  6395 I BatteryMgr:DataCollectionService: stats => 1709147603695,-1853514,4019
02-28 20:13:24.698  5806  6395 I BatteryMgr:DataCollectionService: stats => 1709147604698,-1857420,4019
02-28 20:13:25.702  5806  6395 I BatteryMgr:DataCollectionService: stats => 1709147605701,-1842284,4019
02-28 20:13:26.705  5806  6395 I BatteryMgr:DataCollectionService: stats => 1709147606705,-1843749,4019
02-28 20:13:27.708  5806  6395 I BatteryMgr:DataCollectionService: stats => 1709147607708,-1862792,4019
02-28 20:13:28.711  5806  6395 I BatteryMgr:DataCollectionService: stats => 1709147608711,-1858885,4019
02-28 20:13:29.715  5806  6395 I BatteryMgr:DataCollectionService: stats => 1709147609715,-1863768,4019
02-28 20:13:30.718  5806  6395 I BatteryMgr:DataCollectionService: stats => 1709147610718,-1833495,4019
02-28 20:13:31.721  5806  6395 I BatteryMgr:DataCollectionService: stats => 1709147611721,-1824217,4019
02-28 20:13:32.724  5806  6395 I BatteryMgr:DataCollectionService: stats => 1709147612724,-1877440,4019
02-28 20:13:33.727  5806  6395 I BatteryMgr:DataCollectionService: stats => 1709147613727,-1857909,4016
02-28 20:13:34.731  5806  6395 I BatteryMgr:DataCollectionService: stats => 1709147614731,-1867186,4016
02-28 20:13:35.734  5806  6395 I BatteryMgr:DataCollectionService: stats => 1709147615734,-1852049,4016
02-28 20:13:36.738  5806  6395 I BatteryMgr:DataCollectionService: stats => 1709147616738,-1874510,4016
02-28 20:13:37.741  5806  6395 I BatteryMgr:DataCollectionService: stats => 1709147617741,-1866698,4016
02-28 20:13:38.745  5806  6395 I BatteryMgr:DataCollectionService: stats => 1709147618745,-1823241,4016
02-28 20:13:39.747  5806  6395 I BatteryMgr:DataCollectionService: stats => 1709147619747,-1834471,4016
02-28 20:13:40.751  5806  6395 I BatteryMgr:DataCollectionService: stats => 1709147620751,-1888670,4016
02-28 20:13:41.756  5806  6395 I BatteryMgr:DataCollectionService: stats => 1709147621755,-1877928,4016
02-28 20:13:42.759  5806  6395 I BatteryMgr:DataCollectionService: stats => 1709147622759,-1886229,4016
02-28 20:13:43.762  5806  6395 I BatteryMgr:DataCollectionService: stats => 1709147623762,-1881346,4015
02-28 20:13:44.765  5806  6395 I BatteryMgr:DataCollectionService: stats => 1709147624765,-1923827,4015
02-28 20:13:45.769  5806  6395 I BatteryMgr:DataCollectionService: stats => 1709147625769,-1992674,4015
02-28 20:13:46.772  5806  6395 I BatteryMgr:DataCollectionService: stats => 1709147626772,-1989256,4015
02-28 20:13:47.776  5806  6395 I BatteryMgr:DataCollectionService: stats => 1709147627776,-2023924,4015
02-28 20:13:48.779  5806  6395 I BatteryMgr:DataCollectionService: stats => 1709147628779,-2028807,4015
02-28 20:13:49.783  5806  6395 I BatteryMgr:DataCollectionService: stats => 1709147629782,-2001952,4015
02-28 20:13:50.786  5806  6395 I BatteryMgr:DataCollectionService: stats => 1709147630786,-1887206,4015
02-28 20:13:51.789  5806  6395 I BatteryMgr:DataCollectionService: stats => 1709147631789,-1872069,4015
02-28 20:13:52.793  5806  6395 I BatteryMgr:DataCollectionService: stats => 1709147632793,-1874999,4015
02-28 20:13:53.797  5806  6395 I BatteryMgr:DataCollectionService: stats => 1709147633797,-1834471,4014
02-28 20:13:54.800  5806  6395 I BatteryMgr:DataCollectionService: stats => 1709147634800,-1860838,4014
02-28 20:13:55.803  5806  6395 I BatteryMgr:DataCollectionService: stats => 1709147635803,-1853026,4014
02-28 20:13:56.806  5806  6395 I BatteryMgr:DataCollectionService: stats => 1709147636806,-1869139,4014
02-28 20:13:57.809  5806  6395 I BatteryMgr:DataCollectionService: stats => 1709147637809,-1851561,4014
02-28 20:13:58.812  5806  6395 I BatteryMgr:DataCollectionService: stats => 1709147638812,-1850096,4014
02-28 20:13:59.816  5806  6395 I BatteryMgr:DataCollectionService: stats => 1709147639816,-1865721,4014
02-28 20:14:00.820  5806  6395 I BatteryMgr:DataCollectionService: stats => 1709147640819,-1857909,4014
02-28 20:14:01.823  5806  6395 I BatteryMgr:DataCollectionService: stats => 1709147641823,-1848143,4014
02-28 20:14:02.826  5806  6395 I BatteryMgr:DataCollectionService: stats => 1709147642826,-1875975,4014
02-28 20:14:03.829  5806  6395 I BatteryMgr:DataCollectionService: stats => 1709147643829,-1832030,4013
02-28 20:14:04.832  5806  6395 I BatteryMgr:DataCollectionService: stats => 1709147644832,-1852538,4013
02-28 20:14:05.836  5806  6395 I BatteryMgr:DataCollectionService: stats => 1709147645835,-1854491,4013
02-28 20:14:06.839  5806  6395 I BatteryMgr:DataCollectionService: stats => 1709147646839,-1840819,4013
02-28 20:14:07.843  5806  6395 I BatteryMgr:DataCollectionService: stats => 1709147647843,-1834959,4013
02-28 20:14:08.846  5806  6395 I BatteryMgr:DataCollectionService: stats => 1709147648846,-1841795,4013
02-28 20:14:09.849  5806  6395 I BatteryMgr:DataCollectionService: stats => 1709147649849,-1882323,4013
02-28 20:14:10.852  5806  6395 I BatteryMgr:DataCollectionService: stats => 1709147650852,-1826659,4013
02-28 20:14:11.855  5806  6395 I BatteryMgr:DataCollectionService: stats => 1709147651855,-1832030,4013
02-28 20:14:12.858  5806  6395 I BatteryMgr:DataCollectionService: stats => 1709147652858,-1850584,4013
02-28 20:14:13.861  5806  6395 I BatteryMgr:DataCollectionService: stats => 1709147653861,-1851073,4013
02-28 20:14:14.864  5806  6395 I BatteryMgr:DataCollectionService: stats => 1709147654864,-1844725,4013
02-28 20:14:15.867  5806  6395 I BatteryMgr:DataCollectionService: stats => 1709147655867,-1873045,4013
02-28 20:14:16.871  5806  6395 I BatteryMgr:DataCollectionService: stats => 1709147656871,-1866209,4013
02-28 20:14:17.875  5806  6395 I BatteryMgr:DataCollectionService: stats => 1709147657874,-2046873,4013
02-28 20:14:18.878  5806  6395 I BatteryMgr:DataCollectionService: stats => 1709147658878,-1999998,4013
02-28 20:14:19.882  5806  6395 I BatteryMgr:DataCollectionService: stats => 1709147659882,-2004393,4013
02-28 20:14:20.885  5806  6395 I BatteryMgr:DataCollectionService: stats => 1709147660885,-2013670,4013
02-28 20:14:21.889  5806  6395 I BatteryMgr:DataCollectionService: stats => 1709147661889,-1863280,4013
02-28 20:14:22.892  5806  6395 I BatteryMgr:DataCollectionService: stats => 1709147662892,-1862792,4013
02-28 20:14:23.896  5806  6395 I BatteryMgr:DataCollectionService: stats => 1709147663895,-1881834,4011
02-28 20:14:24.898  5806  6395 I BatteryMgr:DataCollectionService: stats => 1709147664898,-1875487,4011
02-28 20:14:25.902  5806  6395 I BatteryMgr:DataCollectionService: stats => 1709147665902,-1862792,4011
02-28 20:14:26.905  5806  6395 I BatteryMgr:DataCollectionService: stats => 1709147666905,-1861815,4011
02-28 20:14:27.908  5806  6395 I BatteryMgr:DataCollectionService: stats => 1709147667908,-1872557,4011
02-28 20:14:28.911  5806  6395 I BatteryMgr:DataCollectionService: stats => 1709147668911,-1872557,4011
02-28 20:14:29.915  5806  6395 I BatteryMgr:DataCollectionService: stats => 1709147669915,-1876463,4011
02-28 20:14:30.919  5806  6395 I BatteryMgr:DataCollectionService: stats => 1709147670919,-1873045,4010
02-28 20:14:31.922  5806  6395 I BatteryMgr:DataCollectionService: stats => 1709147671922,-1849120,4010
02-28 20:14:32.925  5806  6395 I BatteryMgr:DataCollectionService: stats => 1709147672925,-1860838,4010
02-28 20:14:33.928  5806  6395 I BatteryMgr:DataCollectionService: stats => 1709147673928,-1844725,4010
02-28 20:14:34.931  5806  6395 I BatteryMgr:DataCollectionService: stats => 1709147674931,-1868163,4010
02-28 20:14:35.934  5806  6395 I BatteryMgr:DataCollectionService: stats => 1709147675934,-1875487,4010
02-28 20:14:36.937  5806  6395 I BatteryMgr:DataCollectionService: stats => 1709147676937,-1865233,4010
02-28 20:14:37.940  5806  6395 I BatteryMgr:DataCollectionService: stats => 1709147677940,-1856932,4010
02-28 20:14:38.944  5806  6395 I BatteryMgr:DataCollectionService: stats => 1709147678944,-1869139,4010
02-28 20:14:39.948  5806  6395 I BatteryMgr:DataCollectionService: stats => 1709147679948,-1866698,4010
02-28 20:14:40.951  5806  6395 I BatteryMgr:DataCollectionService: stats => 1709147680951,-1849120,4010
02-28 20:14:41.954  5806  6395 I BatteryMgr:DataCollectionService: stats => 1709147681954,-1857909,4010
02-28 20:14:42.958  5806  6395 I BatteryMgr:DataCollectionService: stats => 1709147682957,-1888670,4010
02-28 20:14:43.961  5806  6395 I BatteryMgr:DataCollectionService: stats => 1709147683961,-1831542,4008
02-28 20:14:44.965  5806  6395 I BatteryMgr:DataCollectionService: stats => 1709147684965,-1838866,4008
02-28 20:14:45.968  5806  6395 I BatteryMgr:DataCollectionService: stats => 1709147685968,-1661620,4008
02-28 20:14:46.972  5806  6395 I BatteryMgr:DataCollectionService: stats => 1709147686972,-1830077,4008
02-28 20:14:47.976  5806  6395 I BatteryMgr:DataCollectionService: stats => 1709147687976,-1910155,4008
02-28 20:14:48.979  5806  6395 I BatteryMgr:DataCollectionService: stats => 1709147688979,-1986327,4008
02-28 20:14:49.983  5806  6395 I BatteryMgr:DataCollectionService: stats => 1709147689983,-1949706,4003
02-28 20:14:50.987  5806  6395 I BatteryMgr:DataCollectionService: stats => 1709147690987,-1984862,4003
02-28 20:14:51.991  5806  6395 I BatteryMgr:DataCollectionService: stats => 1709147691991,-1970702,4003
02-28 20:14:52.996  5806  6395 I BatteryMgr:DataCollectionService: stats => 1709147692996,-1958495,4003
02-28 20:14:53.999  5806  6395 I BatteryMgr:DataCollectionService: stats => 1709147693999,-1829588,4002
02-28 20:14:55.002  5806  6395 I BatteryMgr:DataCollectionService: stats => 1709147695002,-1843749,4002
02-28 20:14:56.005  5806  6395 I BatteryMgr:DataCollectionService: stats => 1709147696005,-1847167,4002
02-28 20:14:57.009  5806  6395 I BatteryMgr:DataCollectionService: stats => 1709147697009,-1863280,4002
02-28 20:14:58.012  5806  6395 I BatteryMgr:DataCollectionService: stats => 1709147698012,-1853514,4002
02-28 20:14:59.015  5806  6395 I BatteryMgr:DataCollectionService: stats => 1709147699015,-1830077,4002
