9.21 8.86 7.18 5/2734 28027
9.21 8.86 7.18 8/2734 28046
9.21 8.86 7.18 3/2734 28065
9.03 8.83 7.18 2/2734 28084
9.03 8.83 7.18 8/2734 28103
9.03 8.83 7.18 1/2734 28122
9.03 8.83 7.18 4/2734 28141
9.03 8.83 7.18 5/2734 28160
8.95 8.82 7.19 3/2734 28179
8.95 8.82 7.19 2/2734 28198
8.95 8.82 7.19 2/2731 28217
8.95 8.82 7.19 1/2731 28236
8.95 8.82 7.19 4/2731 28255
9.35 8.91 7.22 3/2731 28274
9.35 8.91 7.22 2/2731 28293
9.35 8.91 7.22 4/2731 28312
9.35 8.91 7.22 5/2731 28331
9.35 8.91 7.22 4/2731 28350
9.16 8.87 7.22 4/2731 28369
9.16 8.87 7.22 5/2731 28388
9.16 8.87 7.22 4/2731 28407
9.16 8.87 7.22 5/2731 28426
9.16 8.87 7.22 5/2731 28445
8.91 8.83 7.21 4/2732 28465
8.91 8.83 7.21 2/2732 28484
8.91 8.83 7.21 2/2732 28503
8.91 8.83 7.21 3/2730 28522
8.91 8.83 7.21 1/2730 28541
8.84 8.81 7.22 1/2730 28560
8.84 8.81 7.22 1/2732 28581
8.84 8.81 7.22 11/2732 28604
8.84 8.81 7.22 3/2732 28623
8.84 8.81 7.22 2/2732 28642
9.25 8.90 7.26 1/2732 28661
9.25 8.90 7.26 8/2732 28680
9.25 8.90 7.26 2/2732 28700
9.25 8.90 7.26 10/2732 28719
9.25 8.90 7.26 6/2732 28738
8.99 8.85 7.25 5/2732 28757
8.99 8.85 7.25 3/2732 28776
8.99 8.85 7.25 3/2732 28795
8.99 8.85 7.25 3/2732 28814
8.99 8.85 7.25 3/2732 28837
8.99 8.85 7.26 5/2732 28856
8.99 8.85 7.26 2/2732 28875
8.99 8.85 7.26 3/2732 28894
8.99 8.85 7.26 2/2731 28913
8.99 8.85 7.26 4/2731 28932
8.83 8.82 7.26 2/2731 28951
8.83 8.82 7.26 3/2731 28970
8.83 8.82 7.26 3/2731 28989
8.83 8.82 7.26 3/2731 29008
8.83 8.82 7.26 2/2731 29027
8.68 8.79 7.26 2/2731 29046
8.68 8.79 7.26 8/2731 29065
8.68 8.79 7.26 7/2731 29084
8.68 8.79 7.26 3/2731 29103
8.68 8.79 7.26 10/2731 29122
8.79 8.81 7.27 13/2731 29141
8.79 8.81 7.27 3/2731 29160
8.79 8.81 7.27 10/2731 29179
8.79 8.81 7.27 12/2731 29198
8.79 8.81 7.27 3/2731 29217
8.73 8.80 7.27 1/2731 29236
8.73 8.80 7.27 3/2731 29255
8.73 8.80 7.27 6/2730 29274
8.73 8.80 7.27 2/2730 29293
8.73 8.80 7.27 11/2730 29312
8.67 8.78 7.28 2/2730 29331
8.67 8.78 7.28 8/2730 29350
8.67 8.78 7.28 12/2731 29370
8.67 8.78 7.28 5/2730 29389
8.67 8.78 7.28 6/2730 29408
8.70 8.79 7.29 3/2731 29428
8.70 8.79 7.29 10/2731 29447
8.70 8.79 7.29 3/2731 29466
8.70 8.79 7.29 3/2731 29485
8.70 8.79 7.29 3/2731 29504
9.12 8.88 7.32 2/2731 29523
9.12 8.88 7.32 5/2731 29542
9.12 8.88 7.32 5/2731 29561
9.12 8.88 7.32 1/2731 29580
9.12 8.88 7.32 7/2731 29599
9.19 8.89 7.34 2/2731 29618
9.19 8.89 7.34 3/2731 29637
9.19 8.89 7.34 4/2731 29656
9.19 8.89 7.34 3/2731 29675
9.19 8.89 7.34 4/2731 29694
8.93 8.85 7.33 3/2731 29713
8.93 8.85 7.33 2/2731 29732
8.93 8.85 7.33 5/2731 29751
8.93 8.85 7.33 3/2731 29770
8.93 8.85 7.33 4/2731 29789
8.78 8.82 7.33 2/2731 29808
8.78 8.82 7.33 9/2730 29827
8.78 8.82 7.33 4/2729 29846
8.78 8.82 7.33 5/2729 29865
8.78 8.82 7.33 2/2729 29884
9.28 8.92 7.37 1/2729 29903
9.28 8.92 7.37 3/2729 29922
9.28 8.92 7.37 2/2731 29943
9.28 8.92 7.37 7/2731 29962
9.28 8.92 7.37 6/2731 29985
8.94 8.85 7.36 1/2731 30004
8.94 8.85 7.36 4/2731 30023
8.94 8.85 7.36 16/2731 30042
8.94 8.85 7.36 3/2731 30062
8.94 8.85 7.36 3/2731 30081
8.62 8.79 7.35 4/2731 30100
8.62 8.79 7.35 4/2731 30119
8.62 8.79 7.35 10/2731 30138
8.62 8.79 7.35 2/2731 30157
8.62 8.79 7.35 4/2730 30176
8.49 8.76 7.34 2/2730 30195
8.49 8.76 7.34 6/2730 30214
8.49 8.76 7.34 6/2730 30233
8.49 8.76 7.34 2/2730 30252
8.49 8.76 7.34 3/2730 30271
8.29 8.71 7.34 5/2729 30290
8.29 8.71 7.34 3/2729 30309
8.29 8.71 7.34 5/2730 30329
8.29 8.71 7.34 4/2730 30348
8.29 8.71 7.34 5/2730 30367
8.75 8.80 7.37 2/2730 30386
8.75 8.80 7.37 2/2730 30405
8.75 8.80 7.37 9/2730 30424
8.75 8.80 7.37 4/2731 30444
8.75 8.80 7.37 4/2731 30463
8.53 8.75 7.36 4/2731 30482
8.53 8.75 7.36 3/2731 30501
8.53 8.75 7.36 2/2731 30520
8.53 8.75 7.36 6/2731 30539
8.53 8.75 7.36 5/2731 30558
8.25 8.69 7.35 5/2731 30577
8.25 8.69 7.35 2/2731 30596
8.25 8.69 7.35 3/2731 30615
8.25 8.69 7.35 3/2731 30634
8.25 8.69 7.35 10/2731 30653
8.39 8.71 7.37 2/2730 30672
8.39 8.71 7.37 5/2730 30691
8.39 8.71 7.37 6/2730 30710
8.39 8.71 7.37 3/2730 30729
8.39 8.71 7.37 1/2730 30748
8.76 8.78 7.40 3/2730 30767
8.76 8.78 7.40 4/2730 30786
8.76 8.78 7.40 7/2730 30805
8.76 8.78 7.40 4/2730 30824
8.76 8.78 7.40 3/2730 30843
8.69 8.77 7.40 3/2730 30862
8.69 8.77 7.40 4/2730 30881
8.69 8.77 7.40 10/2730 30900
8.69 8.77 7.40 4/2730 30919
8.69 8.77 7.40 9/2730 30938
8.64 8.76 7.40 2/2730 30957
8.64 8.76 7.40 1/2730 30976
8.64 8.76 7.40 2/2730 30995
8.64 8.76 7.40 2/2730 31014
8.64 8.76 7.40 5/2730 31033
8.67 8.76 7.41 2/2730 31052
8.67 8.76 7.41 2/2727 31071
8.67 8.76 7.41 7/2727 31090
8.67 8.76 7.41 4/2727 31109
8.67 8.76 7.41 8/2727 31132
8.61 8.75 7.41 2/2727 31151
8.61 8.75 7.41 3/2726 31170
8.61 8.75 7.41 5/2727 31190
8.61 8.75 7.41 4/2727 31209
8.61 8.75 7.41 5/2727 31228
8.65 8.75 7.42 4/2727 31247
8.65 8.75 7.42 11/2728 31267
8.65 8.75 7.42 5/2728 31286
8.65 8.75 7.42 1/2728 31305
8.65 8.75 7.42 5/2728 31324
8.43 8.71 7.42 3/2728 31343
8.43 8.71 7.42 5/2728 31362
8.43 8.71 7.42 4/2728 31381
8.43 8.71 7.42 5/2728 31400
8.43 8.71 7.42 3/2728 31419
8.24 8.66 7.41 3/2731 31441
8.24 8.66 7.41 8/2731 31460
8.24 8.66 7.41 7/2731 31479
8.24 8.66 7.41 2/2731 31498
8.24 8.66 7.41 4/2731 31517
8.30 8.67 7.42 4/2731 31536
8.30 8.67 7.42 4/2731 31555
8.30 8.67 7.42 3/2731 31574
8.30 8.67 7.42 5/2731 31593
8.30 8.67 7.42 4/2731 31612
8.52 8.71 7.44 3/2731 31631
8.52 8.71 7.44 2/2731 31650
8.52 8.71 7.44 5/2731 31669
8.52 8.71 7.44 5/2731 31688
8.52 8.71 7.44 2/2731 31707
8.64 8.73 7.45 8/2731 31726
8.64 8.73 7.45 1/2731 31745
8.64 8.73 7.45 3/2731 31764
8.64 8.73 7.45 3/2731 31783
8.64 8.73 7.45 3/2731 31802
8.50 8.70 7.45 3/2731 31821
8.50 8.70 7.45 7/2731 31840
8.50 8.70 7.45 7/2731 31859
8.50 8.70 7.45 2/2731 31878
8.50 8.70 7.45 5/2731 31897
8.70 8.74 7.47 4/2731 31919
8.70 8.74 7.47 8/2731 31938
8.70 8.74 7.47 8/2731 31957
8.70 8.74 7.47 1/2731 31976
8.70 8.74 7.47 2/2731 31995
9.13 8.83 7.50 1/2731 32014
9.13 8.83 7.50 2/2731 32033
9.13 8.83 7.50 3/2731 32055
9.13 8.83 7.50 6/2737 32082
9.13 8.83 7.50 2/2737 32101
8.80 8.76 7.49 5/2737 32120
8.80 8.76 7.49 3/2737 32139
8.80 8.76 7.49 1/2737 32158
8.80 8.76 7.49 3/2737 32177
8.80 8.76 7.49 6/2737 32196
8.65 8.73 7.49 5/2737 32215
8.65 8.73 7.49 1/2737 32234
8.65 8.73 7.49 5/2737 32253
8.65 8.73 7.49 7/2723 32273
8.65 8.73 7.49 12/2723 32296
8.68 8.74 7.49 3/2723 32315
8.68 8.74 7.49 8/2723 32334
8.68 8.74 7.49 2/2724 32354
8.68 8.74 7.49 9/2711 32374
8.68 8.74 7.49 3/2711 32393
8.95 8.79 7.52 8/2711 32412
8.95 8.79 7.52 5/2711 32431
8.95 8.79 7.52 4/2711 32450
8.95 8.79 7.52 8/2711 32469
8.95 8.79 7.52 4/2711 32488
9.27 8.86 7.55 8/2711 32507
9.27 8.86 7.55 8/2711 32526
9.27 8.86 7.55 4/2709 32545
9.27 8.86 7.55 6/2709 32564
9.27 8.86 7.55 9/2694 32586
8.93 8.80 7.53 2/2694 32609
8.93 8.80 7.53 2/2694 32628
8.93 8.80 7.53 5/2694 32647
8.93 8.80 7.53 4/2694 32666
8.93 8.80 7.53 8/2694 32685
8.77 8.77 7.53 2/2694 32704
8.77 8.77 7.53 1/2694 32723
8.77 8.77 7.53 7/2694 32742
8.77 8.77 7.53 9/2694 32761
8.77 8.77 7.53 8/2682 323
8.47 8.70 7.52 1/2680 432
8.47 8.70 7.52 9/2680 553
8.47 8.70 7.52 1/2680 587
8.47 8.70 7.52 4/2680 640
8.47 8.70 7.52 5/2680 667
8.27 8.66 7.51 3/2680 696
8.27 8.66 7.51 1/2680 751
8.27 8.66 7.51 3/2680 776
8.27 8.66 7.51 3/2680 795
8.27 8.66 7.51 18/2680 818
8.01 8.60 7.50 11/2680 905
