11.59 11.81 11.39 7/3057 11262
11.59 11.81 11.39 8/3057 11289
11.59 11.81 11.39 3/3057 11316
11.59 11.81 11.39 3/3056 11343
11.59 11.81 11.39 8/3056 11371
11.94 11.88 11.41 11/3056 11398
11.94 11.88 11.41 3/3056 11425
11.94 11.88 11.41 4/3056 11452
11.94 11.88 11.41 12/3056 11480
11.94 11.88 11.41 4/3056 11508
11.62 11.82 11.39 3/3053 11535
11.62 11.82 11.39 3/3053 11562
11.62 11.82 11.39 4/3053 11589
11.62 11.82 11.39 12/3053 11617
11.62 11.82 11.39 4/3053 11645
11.73 11.84 11.40 19/3051 11672
11.73 11.84 11.40 4/3051 11699
11.73 11.84 11.40 8/3051 11726
11.73 11.84 11.40 3/3051 11754
11.73 11.84 11.40 6/3051 11786
11.52 11.79 11.39 7/3051 11821
11.52 11.79 11.39 10/3051 11861
11.52 11.79 11.39 8/3051 11896
11.52 11.79 11.39 6/3051 11932
11.52 11.79 11.39 9/3051 11959
11.47 11.78 11.38 14/3051 11986
11.47 11.78 11.38 2/3056 12020
11.47 11.78 11.38 6/3056 12047
11.47 11.78 11.38 6/3056 12075
11.47 11.78 11.38 5/3056 12102
11.92 11.86 11.41 4/3056 12130
11.92 11.86 11.41 7/3056 12157
11.92 11.86 11.41 4/3056 12184
11.92 11.86 11.41 7/3056 12212
11.92 11.86 11.41 7/3056 12239
11.44 11.77 11.39 11/3056 12266
11.44 11.77 11.39 2/3056 12294
11.44 11.77 11.39 13/3056 12321
11.44 11.77 11.39 8/3056 12351
11.44 11.77 11.39 12/3056 12378
11.81 11.84 11.41 11/3056 12406
11.81 11.84 11.41 2/3056 12433
11.81 11.84 11.41 7/3056 12460
11.81 11.84 11.41 4/3056 12488
11.81 11.84 11.41 11/3056 12516
11.98 11.87 11.42 9/3056 12543
11.98 11.87 11.42 3/3056 12571
11.98 11.87 11.42 10/3056 12599
11.98 11.87 11.42 7/3056 12627
11.98 11.87 11.42 6/3056 12655
11.74 11.82 11.41 12/3056 12682
11.74 11.82 11.41 10/3057 12720
11.74 11.82 11.41 3/3057 12747
11.74 11.82 11.41 8/3057 12775
11.74 11.82 11.41 5/3057 12802
11.60 11.79 11.40 6/3057 12834
11.60 11.79 11.40 13/3057 12864
11.60 11.79 11.40 6/3057 12891
11.60 11.79 11.40 1/3057 12919
11.60 11.79 11.40 10/3057 12947
11.56 11.78 11.40 12/3057 12974
11.56 11.78 11.40 5/3058 13002
11.56 11.78 11.40 9/3058 13031
11.56 11.78 11.40 12/3058 13059
11.56 11.78 11.40 4/3058 13086
11.27 11.72 11.38 9/3057 13113
11.27 11.72 11.38 2/3057 13140
11.27 11.72 11.38 4/3057 13168
11.27 11.72 11.38 2/3057 13195
11.27 11.72 11.38 12/3057 13222
12.21 11.90 11.45 10/3057 13249
12.21 11.90 11.45 5/3057 13276
12.21 11.90 11.45 14/3057 13304
12.21 11.90 11.45 11/3057 13332
12.21 11.90 11.45 8/3058 13361
11.87 11.84 11.43 14/3058 13388
11.87 11.84 11.43 11/3058 13415
11.87 11.84 11.43 10/3058 13443
11.87 11.84 11.43 8/3058 13470
11.87 11.84 11.43 3/3058 13501
11.80 11.83 11.42 14/3058 13540
11.80 11.83 11.42 13/3058 13571
11.80 11.83 11.42 6/3058 13599
11.80 11.83 11.42 14/3065 13640
11.80 11.83 11.42 17/3065 13679
11.58 11.78 11.41 10/3065 13718
11.58 11.78 11.41 13/3062 13745
11.58 11.78 11.41 15/3062 13773
11.58 11.78 11.41 15/3062 13800
11.58 11.78 11.41 11/3062 13827
11.53 11.76 11.41 16/3062 13854
11.53 11.76 11.41 8/3060 13881
11.53 11.76 11.41 15/3060 13909
11.53 11.76 11.41 2/3060 13936
11.53 11.76 11.41 7/3060 13964
11.41 11.74 11.40 16/3059 13991
11.41 11.74 11.40 14/3059 14018
11.41 11.74 11.40 6/3059 14046
11.41 11.74 11.40 7/3059 14073
11.41 11.74 11.40 8/3059 14100
11.62 11.77 11.41 9/3059 14127
11.62 11.77 11.41 4/3059 14154
11.62 11.77 11.41 17/3059 14182
11.62 11.77 11.41 6/3059 14209
11.62 11.77 11.41 9/3059 14236
11.57 11.76 11.41 10/3059 14264
11.57 11.76 11.41 3/3059 14291
11.57 11.76 11.41 7/3059 14319
11.57 11.76 11.41 7/3059 14346
11.57 11.76 11.41 8/3058 14373
12.16 11.88 11.45 6/3058 14400
12.16 11.88 11.45 4/3057 14428
12.16 11.88 11.45 6/3057 14455
12.16 11.88 11.45 8/3057 14482
12.16 11.88 11.45 16/3057 14509
12.39 11.93 11.47 5/3057 14537
12.39 11.93 11.47 9/3057 14565
12.39 11.93 11.47 7/3057 14592
12.39 11.93 11.47 22/3057 14620
12.39 11.93 11.47 3/3057 14647
12.76 12.02 11.50 13/3057 14674
12.76 12.02 11.50 8/3057 14702
12.76 12.02 11.50 6/3057 14729
12.76 12.02 11.50 11/3057 14756
12.76 12.02 11.50 8/3057 14783
12.62 12.00 11.50 11/3057 14810
12.62 12.00 11.50 7/3057 14839
12.62 12.00 11.50 3/3057 14866
12.62 12.00 11.50 9/3057 14893
12.62 12.00 11.50 5/3057 14920
12.97 12.08 11.53 4/3057 14947
12.97 12.08 11.53 7/3057 14975
12.97 12.08 11.53 4/3057 15002
12.97 12.08 11.53 7/3057 15029
12.97 12.08 11.53 9/3056 15056
12.41 11.98 11.50 15/3056 15083
12.41 11.98 11.50 11/3056 15111
12.41 11.98 11.50 4/3056 15139
12.41 11.98 11.50 21/3056 15166
12.41 11.98 11.50 4/3056 15197
12.54 12.02 11.51 4/3056 15224
12.54 12.02 11.51 9/3056 15255
12.54 12.02 11.51 7/3056 15283
12.54 12.02 11.51 4/3054 15314
12.54 12.02 11.51 5/3054 15349
12.82 12.08 11.54 2/3054 15384
12.82 12.08 11.54 7/3059 15427
12.82 12.08 11.54 4/3059 15463
12.82 12.08 11.54 8/3057 15490
12.82 12.08 11.54 8/3057 15519
13.23 12.18 11.57 2/3057 15547
13.23 12.18 11.57 5/3057 15588
13.23 12.18 11.57 9/3057 15615
13.23 12.18 11.57 9/3057 15643
13.23 12.18 11.57 4/3057 15671
12.97 12.14 11.56 8/3057 15699
12.97 12.14 11.56 4/3057 15727
12.97 12.14 11.56 7/3057 15754
12.97 12.14 11.56 11/3057 15782
12.97 12.14 11.56 2/3057 15809
13.22 12.21 11.59 7/3057 15838
13.22 12.21 11.59 9/3057 15865
13.22 12.21 11.59 5/3057 15892
13.22 12.21 11.59 7/3057 15919
13.22 12.21 11.59 7/3057 15946
13.04 12.19 11.58 5/3057 15974
13.04 12.19 11.58 4/3057 16001
13.04 12.19 11.58 5/3057 16029
13.04 12.19 11.58 16/3057 16056
13.04 12.19 11.58 4/3057 16084
12.47 12.08 11.55 8/3057 16113
12.47 12.08 11.55 7/3057 16140
12.47 12.08 11.55 9/3057 16167
12.47 12.08 11.55 10/3057 16194
12.47 12.08 11.55 13/3057 16221
12.44 12.08 11.56 8/3057 16249
12.44 12.08 11.56 6/3057 16276
12.44 12.08 11.56 4/3057 16303
12.44 12.08 11.56 6/3057 16330
12.44 12.08 11.56 4/3057 16359
12.96 12.20 11.60 6/3057 16387
12.96 12.20 11.60 5/3057 16414
12.96 12.20 11.60 9/3057 16441
12.96 12.20 11.60 3/3057 16469
12.96 12.20 11.60 11/3057 16497
12.56 12.13 11.58 13/3057 16525
12.56 12.13 11.58 13/3057 16553
12.56 12.13 11.58 9/3057 16580
12.56 12.13 11.58 12/3057 16607
12.56 12.13 11.58 7/3057 16634
12.20 12.06 11.56 12/3057 16663
12.20 12.06 11.56 13/3057 16691
12.20 12.06 11.56 8/3057 16719
12.20 12.06 11.56 4/3057 16748
12.20 12.06 11.56 6/3057 16775
12.18 12.06 11.56 10/3057 16803
12.18 12.06 11.56 7/3058 16831
12.18 12.06 11.56 11/3058 16858
12.18 12.06 11.56 12/3058 16885
12.18 12.06 11.56 19/3058 16919
12.41 12.11 11.58 13/3058 16963
12.41 12.11 11.58 9/3058 17004
12.41 12.11 11.58 4/3058 17039
12.41 12.11 11.58 3/3057 17074
12.41 12.11 11.58 14/3058 17102
12.46 12.12 11.59 6/3057 17129
12.46 12.12 11.59 10/3054 17156
12.46 12.12 11.59 14/3053 17187
12.46 12.12 11.59 13/3053 17214
12.46 12.12 11.59 2/3054 17243
12.18 12.07 11.57 9/3054 17270
12.18 12.07 11.57 5/3052 17297
12.18 12.07 11.57 7/3052 17325
12.18 12.07 11.57 6/3052 17352
12.18 12.07 11.57 12/3052 17380
11.68 11.97 11.54 6/3051 17409
11.68 11.97 11.54 6/3052 17437
11.68 11.97 11.54 6/3052 17466
11.68 11.97 11.54 7/3052 17494
11.68 11.97 11.54 8/3052 17522
11.47 11.92 11.53 4/3052 17549
11.47 11.92 11.53 12/3052 17576
11.47 11.92 11.53 6/3052 17624
11.47 11.92 11.53 5/3052 17669
11.47 11.92 11.53 6/3052 17729
11.19 11.85 11.51 4/3052 17798
