11594.43 50934.09
11595.42 50938.27
11596.44 50940.44
11597.53 50945.41
11598.45 50949.17
11599.48 50953.85
11600.43 50958.47
11601.44 50962.03
11602.44 50966.02
11603.43 50970.10
11604.49 50975.47
11605.43 50979.91
11606.43 50984.86
11607.43 50989.95
11608.43 50995.04
11609.43 51000.41
11610.43 51005.65
11611.46 51011.16
11612.49 51016.23
11613.51 51020.88
11614.53 51025.18
11615.45 51029.09
11616.43 51033.50
11617.50 51038.61
11618.52 51044.02
11619.44 51048.94
11620.43 51054.25
11621.49 51060.07
11622.52 51065.30
11623.44 51070.16
11624.46 51075.52
11625.49 51081.05
11626.43 51086.14
11627.53 51092.19
11628.44 51096.87
11629.44 51102.36
11630.43 51107.67
11631.43 51113.03
11632.44 51118.42
11633.44 51123.96
11634.44 51129.48
11635.43 51134.81
11636.43 51139.29
11637.43 51144.24
11638.43 51149.04
11639.44 51154.13
11640.43 51158.94
11641.44 51164.26
11642.44 51169.65
11643.44 51174.95
11644.44 51179.92
11645.44 51184.74
11646.45 51188.79
11647.44 51192.75
11648.44 51196.85
11649.44 51201.10
11650.43 51206.01
11651.44 51211.11
11652.44 51216.06
11653.43 51221.00
11654.43 51225.74
11655.44 51230.33
11656.44 51235.44
11657.45 51240.79
11658.44 51245.83
11659.44 51250.70
11660.44 51255.79
11661.44 51260.93
11662.44 51265.99
11663.43 51271.31
11664.44 51276.16
11665.44 51281.27
11666.43 51286.40
11667.44 51291.55
11668.45 51296.71
11669.44 51301.64
11670.43 51306.70
11671.44 51312.08
11672.44 51317.00
11673.44 51321.77
11674.45 51327.08
11675.45 51332.19
11676.44 51336.80
11677.43 51341.09
11678.44 51345.81
11679.44 51350.31
11680.45 51354.76
11681.43 51359.82
11682.43 51365.13
11683.44 51370.36
11684.44 51375.69
11685.43 51380.83
11686.43 51385.81
11687.44 51390.21
11688.45 51394.27
11689.45 51398.62
11690.45 51402.87
11691.43 51407.09
11692.43 51411.85
11693.44 51416.49
11694.45 51421.10
11695.45 51425.70
11696.43 51429.86
11697.44 51434.17
11698.44 51438.62
11699.45 51443.49
11700.45 51448.16
11701.45 51452.78
11702.45 51457.10
11703.45 51461.36
11704.44 51465.57
11705.44 51469.80
11706.44 51473.64
11707.44 51477.32
11708.44 51481.64
11709.44 51485.53
11710.45 51489.44
11711.43 51493.30
11712.43 51497.15
11713.45 51500.96
11714.44 51505.51
11715.45 51510.04
11716.44 51514.53
11717.44 51518.80
11718.43 51523.33
11719.44 51528.07
11720.43 51532.79
11721.43 51537.27
11722.44 51541.88
11723.43 51546.56
11724.44 51551.07
11725.43 51556.04
11726.45 51561.03
11727.45 51565.98
11728.44 51570.75
11729.44 51575.52
11730.45 51580.40
11731.45 51584.64
11732.44 51588.94
11733.44 51593.79
11734.44 51598.91
11735.45 51603.83
11736.43 51608.81
11737.44 51613.36
11738.44 51618.08
11739.45 51622.04
11740.45 51626.02
11741.43 51630.10
11742.44 51633.81
11743.44 51637.73
11744.45 51641.86
11745.44 51646.43
11746.45 51650.72
11747.45 51655.26
11748.44 51659.80
11749.43 51664.59
11750.43 51669.31
11751.44 51673.59
11752.44 51677.92
11753.44 51682.31
11754.45 51686.88
11755.45 51691.77
11756.43 51696.55
11757.44 51701.26
11758.45 51706.14
11759.43 51710.90
11760.43 51715.38
11761.45 51719.89
11762.45 51724.36
11763.44 51729.16
11764.44 51733.92
11765.45 51738.52
11766.44 51742.68
11767.44 51747.14
11768.44 51751.99
11769.43 51756.46
11770.45 51760.35
11771.44 51764.21
11772.44 51767.82
11773.45 51771.62
11774.44 51775.53
11775.44 51779.72
11776.44 51783.80
11777.45 51788.29
11778.45 51792.79
11779.44 51797.25
11780.43 51801.80
11781.44 51806.08
11782.45 51810.59
11783.43 51814.88
11784.44 51819.35
11785.45 51823.62
11786.45 51827.74
11787.45 51831.97
11788.45 51836.18
11789.45 51840.60
11790.45 51845.00
11791.45 51849.30
11792.45 51853.81
11793.43 51858.25
11794.43 51862.70
11795.44 51867.10
11796.44 51871.69
11797.45 51876.22
11798.45 51880.71
11799.45 51885.36
11800.46 51889.53
11801.44 51893.57
11802.44 51896.79
11803.44 51900.07
11804.44 51903.93
11805.44 51907.62
11806.45 51911.34
11807.45 51914.66
11808.45 51917.79
11809.45 51921.73
11810.46 51925.37
11811.45 51928.71
11812.45 51931.91
11813.45 51934.90
11814.45 51938.21
11815.44 51942.43
11816.45 51946.32
11817.45 51949.93
11818.47 51953.50
11819.45 51957.25
11820.45 51961.53
11821.44 51965.40
11822.44 51969.73
11823.46 51973.94
11824.45 51977.84
11825.45 51981.77
11826.44 51985.99
11827.45 51990.50
11828.44 51995.45
11829.45 52000.26
11830.45 52005.04
11831.44 52009.93
11832.45 52014.52
11833.43 52018.38
11834.44 52022.82
11835.44 52026.68
11836.44 52030.67
11837.44 52034.85
11838.44 52039.21
11839.44 52043.18
11840.45 52047.77
11841.45 52052.43
11842.44 52057.10
11843.44 52061.83
11844.44 52066.50
11845.44 52071.20
11846.44 52075.85
11847.45 52080.36
11848.45 52085.03
11849.45 52089.67
11850.45 52094.39
11851.46 52098.46
11852.45 52101.79
11853.45 52105.58
11854.45 52109.48
11855.44 52113.74
11856.44 52117.83
11857.45 52121.55
11858.45 52125.76
11859.45 52130.08
11860.44 52133.76
11861.45 52137.41
11862.45 52141.60
11863.45 52145.82
11864.44 52150.14
11865.44 52153.91
11866.44 52157.56
11867.45 52161.36
11868.45 52165.17
11869.45 52169.01
11870.44 52173.04
11871.45 52177.37
11872.45 52182.04
11873.44 52186.77
11874.45 52191.05
11875.45 52195.57
11876.45 52200.02
11877.44 52204.61
11878.44 52209.23
11879.46 52213.54
11880.45 52217.79
11881.45 52222.08
11882.44 52226.26
11883.45 52230.76
11884.45 52235.04
11885.44 52238.97
11886.44 52243.30
11887.45 52247.53
11888.44 52250.72
11889.44 52254.78
11890.44 52258.97
11891.45 52262.95
11892.45 52266.92
11893.45 52270.23
11894.45 52274.37
11895.44 52278.33
11896.44 52281.89
11897.45 52285.78
11898.45 52289.09
11899.45 52292.71
11900.45 52296.45
11901.44 52300.22
11902.45 52304.29
11903.45 52309.02
11904.44 52313.68
11905.44 52318.21
11906.45 52322.41
11907.45 52326.96
11908.44 52331.45
11909.46 52335.73
11910.45 52340.16
11911.45 52344.56
11912.44 52349.10
11913.44 52353.38
11914.45 52357.52
11915.44 52361.67
11916.45 52366.33
11917.44 52370.68
11918.44 52374.90
11919.44 52379.10
11920.45 52383.39
11921.45 52387.56
11922.44 52391.88
11923.45 52396.28
11924.45 52400.49
11925.45 52404.79
11926.45 52409.06
11927.45 52413.08
11928.44 52416.58
11929.45 52419.91
11930.45 52423.68
11931.45 52427.10
11932.45 52430.97
11933.45 52434.62
11934.45 52438.98
11935.45 52443.29
11936.45 52447.34
11937.44 52451.35
11938.44 52455.31
11939.44 52459.20
11940.44 52463.30
11941.45 52466.54
11942.45 52470.49
11943.44 52474.68
11944.45 52478.99
11945.46 52482.98
11946.45 52486.65
11947.44 52490.65
11948.45 52494.56
11949.45 52498.23
11950.45 52501.72
11951.45 52505.70
11952.45 52509.82
11953.45 52513.92
11954.44 52517.83
11955.45 52522.11
11956.45 52526.06
11957.45 52530.07
11958.45 52534.18
11959.45 52537.82
11960.45 52541.73
11961.45 52544.65
11962.45 52548.18
11963.45 52551.76
11964.44 52555.68
11965.44 52559.55
11966.44 52563.70
11967.45 52566.94
11968.45 52570.27
11969.46 52573.63
11970.44 52576.99
11971.45 52580.33
11972.45 52583.51
11973.44 52586.92
11974.45 52590.44
11975.45 52594.11
11976.45 52598.44
11977.45 52602.69
11978.45 52606.93
11979.44 52611.26
11980.45 52615.76
11981.44 52620.01
11982.44 52624.21
11983.45 52628.17
11984.43 52632.49
11985.45 52636.88
11986.44 52641.32
11987.45 52645.23
11988.46 52648.90
11989.46 52652.13
11990.44 52656.32
11991.45 52659.99
11992.45 52662.92
11993.45 52665.93
11994.44 52668.96
11995.44 52672.75
11996.44 52676.63
11997.44 52680.26
11998.45 52684.51
11999.45 52688.62
12000.44 52692.51
12001.46 52696.77
12002.45 52700.93
12003.45 52705.32
12004.45 52709.64
12005.45 52713.78
12006.45 52717.95
12007.45 52722.30
12008.45 52726.78
12009.45 52731.08
12010.45 52735.65
12011.45 52740.15
12012.45 52744.75
12013.45 52749.13
12014.44 52753.44
12015.45 52757.72
12016.44 52762.28
12017.45 52766.75
12018.45 52771.29
12019.45 52775.69
12020.45 52779.94
12021.45 52784.44
12022.45 52788.34
12023.45 52792.18
12024.45 52795.66
12025.45 52799.32
12026.44 52803.21
12027.45 52807.12
12028.44 52811.00
12029.45 52814.92
12030.45 52818.21
12031.45 52822.54
12032.45 52826.86
12033.45 52831.04
12034.44 52835.40
12035.43 52839.66
12036.44 52844.09
12037.45 52848.45
12038.44 52852.84
12039.45 52857.35
12040.45 52861.88
12041.45 52865.81
12042.44 52869.38
12043.45 52873.49
12044.44 52877.60
12045.45 52882.28
12046.45 52886.94
12047.45 52891.00
12048.45 52895.49
12049.45 52900.18
12050.45 52904.05
12051.45 52907.92
12052.45 52911.93
12053.45 52915.81
12054.46 52919.49
12055.44 52922.93
12056.44 52926.52
12057.45 52929.78
12058.45 52933.46
12059.45 52937.33
12060.46 52941.52
12061.46 52945.83
12062.45 52949.88
12063.44 52954.34
12064.44 52958.70
12065.44 52963.32
12066.46 52967.86
12067.44 52972.12
12068.44 52976.21
12069.45 52980.23
12070.45 52984.41
12071.45 52988.58
12072.46 52992.90
12073.45 52996.01
12074.45 52999.95
12075.45 53003.58
12076.45 53007.85
12077.45 53012.15
12078.46 53016.41
12079.44 53020.47
12080.46 53024.63
12081.44 53028.98
12082.45 53033.50
12083.46 53037.87
12084.45 53042.16
12085.45 53046.33
12086.45 53050.38
12087.45 53054.23
12088.45 53058.05
12089.45 53062.62
12090.45 53066.93
12091.45 53071.11
12092.45 53075.83
12093.45 53080.54
12094.45 53085.14
12095.44 53089.66
12096.45 53094.50
12097.45 53099.10
12098.45 53103.76
12099.45 53108.64
12100.45 53113.11
12101.45 53117.61
12102.45 53122.14
12103.45 53126.58
12104.45 53130.95
12105.44 53135.22
12106.45 53139.46
12107.45 53143.78
12108.46 53148.01
12109.45 53152.08
12110.45 53156.18
12111.45 53160.39
12112.45 53164.83
12113.45 53169.17
12114.45 53173.50
12115.46 53177.87
12116.45 53182.10
12117.45 53185.71
12118.45 53189.26
12119.46 53192.87
12120.45 53196.26
12121.45 53200.14
12122.44 53204.18
12123.45 53208.56
12124.45 53212.92
12125.45 53217.69
12126.45 53221.65
12127.45 53225.55
12128.45 53230.09
12129.45 53234.72
12130.45 53239.41
12131.45 53244.03
12132.45 53248.39
12133.47 53253.17
12134.46 53257.42
12135.45 53261.87
12136.45 53266.00
12137.44 53270.44
12138.45 53274.74
12139.45 53279.04
12140.46 53283.42
12141.44 53287.73
12142.44 53292.14
12143.45 53296.81
12144.44 53301.24
12145.45 53305.67
12146.45 53310.21
12147.44 53314.56
12148.44 53318.60
12149.45 53322.53
12150.45 53325.93
12151.45 53330.00
12152.44 53334.60
12153.45 53338.25
12154.45 53341.80
12155.45 53346.20
12156.45 53350.74
12157.46 53355.09
12158.45 53359.68
12159.45 53364.16
12160.46 53368.49
12161.44 53372.89
12162.46 53377.10
12163.45 53381.37
12164.45 53385.88
12165.45 53390.21
12166.45 53394.42
12167.46 53398.26
12168.44 53402.55
12169.45 53407.08
12170.45 53411.58
12171.44 53415.75
12172.45 53419.92
12173.45 53424.12
12174.45 53428.53
12175.45 53432.82
12176.46 53437.27
12177.45 53441.74
12178.46 53445.98
12179.46 53450.63
12180.45 53454.52
12181.45 53458.62
12182.45 53462.81
12183.44 53467.03
12184.44 53471.45
12185.44 53476.37
12186.45 53480.44
12187.45 53484.80
12188.45 53489.05
12189.45 53493.17
12190.45 53497.33
12191.45 53501.44
12192.45 53505.28
12193.45 53509.09
12194.45 53512.89
12195.45 53516.27
12196.45 53519.62
12197.45 53523.38
12198.46 53527.26
12199.45 53531.17
12200.45 53534.11
12201.44 53537.98
12202.45 53542.26
12203.45 53546.35
12204.46 53550.44
12205.45 53554.47
12206.46 53558.76
12207.45 53562.94
12208.45 53567.25
12209.46 53571.61
12210.45 53575.90
12211.45 53580.12
12212.44 53583.75
12213.45 53587.17
12214.45 53590.17
12215.44 53593.49
12216.45 53597.18
12217.45 53600.82
12218.45 53604.64
12219.45 53608.51
12220.45 53612.39
12221.45 53616.74
12222.45 53620.93
12223.46 53624.72
12224.45 53628.72
12225.45 53632.86
12226.46 53636.71
12227.46 53639.85
12228.45 53643.24
12229.44 53646.89
12230.45 53651.09
12231.46 53654.97
12232.46 53658.24
12233.45 53662.18
12234.45 53666.21
12235.45 53669.51
12236.45 53672.97
12237.45 53676.83
12238.45 53680.96
12239.46 53684.06
12240.46 53687.18
12241.45 53691.09
12242.45 53695.20
12243.45 53698.98
12244.45 53702.47
12245.47 53705.42
12246.46 53707.50
12247.45 53710.42
12248.47 53714.08
12249.46 53716.72
12250.45 53720.07
12251.47 53724.08
12252.45 53727.61
12253.44 53730.61
12254.45 53734.18
12255.45 53738.12
12256.46 53741.64
12257.45 53744.83
12258.45 53748.61
12259.46 53752.00
12260.46 53755.03
12261.45 53758.22
12262.45 53761.91
12263.46 53766.37
12264.45 53770.43
12265.46 53774.69
12266.46 53778.94
12267.46 53783.35
12268.45 53787.48
12269.45 53791.59
12270.44 53795.90
12271.45 53800.29
12272.45 53804.71
12273.45 53809.06
12274.45 53813.57
12275.46 53817.31
12276.46 53820.62
12277.45 53824.34
12278.46 53828.09
12279.45 53832.13
12280.46 53836.20
12281.45 53840.85
12282.45 53845.12
12283.45 53848.37
12284.45 53852.13
12285.46 53856.35
12286.45 53860.59
12287.46 53864.55
12288.46 53867.41
12289.45 53870.54
12290.46 53874.65
12291.46 53878.76
12292.44 53881.67
12293.46 53885.19
12294.45 53888.89
12295.45 53892.88
12296.44 53896.82
12297.45 53900.76
12298.46 53904.58
12299.46 53907.71
12300.45 53910.89
12301.45 53914.35
12302.47 53917.54
12303.46 53920.44
12304.45 53923.69
12305.45 53927.51
12306.45 53930.25
12307.45 53932.50
12308.46 53934.87
12309.47 53937.33
12310.44 53939.77
12311.46 53942.24
12312.44 53944.72
12313.46 53947.27
12314.46 53949.98
12315.47 53953.41
12316.47 53956.38
12317.45 53959.14
12318.46 53962.17
12319.44 53965.02
12320.46 53967.97
12321.46 53971.22
12322.46 53974.27
12323.45 53977.19
12324.45 53980.03
12325.46 53982.81
12326.46 53985.78
12327.46 53988.88
12328.46 53992.11
12329.46 53995.45
12330.46 53998.63
12331.47 54001.70
12332.45 54005.40
12333.45 54009.42
12334.45 54013.38
12335.46 54016.80
12336.45 54020.14
12337.44 54022.63
12338.46 54025.99
12339.46 54028.98
12340.46 54032.44
12341.45 54035.92
12342.46 54039.82
12343.45 54043.68
12344.45 54046.75
12345.46 54050.91
12346.46 54055.44
12347.45 54059.79
12348.45 54064.37
12349.46 54068.50
12350.46 54071.62
12351.46 54075.81
12352.45 54079.22
12353.46 54083.48
12354.47 54086.57
12355.45 54089.17
12356.46 54092.99
12357.46 54097.03
12358.45 54101.52
12359.46 54105.95
12360.46 54110.43
12361.45 54114.81
12362.45 54118.82
12363.46 54123.16
12364.45 54127.40
12365.47 54131.69
12366.45 54136.04
12367.45 54140.05
12368.46 54144.60
12369.46 54148.16
12370.45 54151.86
12371.45 54155.52
12372.45 54159.26
12373.46 54163.45
12374.45 54167.28
12375.46 54171.17
12376.46 54175.36
12377.46 54179.82
12378.45 54184.37
12379.45 54188.74
12380.45 54193.07
12381.45 54196.73
12382.46 54200.92
12383.46 54205.46
12384.45 54209.51
12385.45 54213.95
12386.46 54218.13
12387.45 54222.33
12388.45 54226.57
12389.45 54230.63
12390.45 54234.83
12391.46 54238.69
12392.46 54242.99
12393.46 54247.26
12394.46 54251.52
12395.46 54255.95
12396.45 54260.40
12397.45 54264.64
12398.46 54269.15
12399.45 54273.22
12400.45 54277.25
12401.45 54280.41
12402.45 54283.46
12403.46 54287.20
12404.46 54290.65
12405.45 54294.08
12406.45 54297.86
12407.45 54302.13
12408.45 54305.35
12409.44 54308.57
12410.46 54312.00
12411.46 54315.58
12412.44 54318.87
12413.44 54322.13
12414.44 54325.41
12415.45 54328.70
12416.45 54332.32
12417.46 54335.68
12418.46 54338.93
12419.46 54343.10
12420.45 54347.46
12421.46 54351.68
12422.45 54356.06
12423.46 54360.11
12424.46 54364.15
12425.45 54368.34
12426.46 54371.73
12427.46 54375.59
12428.46 54379.30
12429.46 54383.67
12430.45 54387.77
12431.45 54391.76
12432.45 54395.39
12433.45 54398.94
12434.45 54402.32
12435.45 54406.07
12436.45 54409.55
12437.45 54413.17
12438.45 54416.94
12439.45 54420.55
12440.46 54424.42
12441.45 54427.60
12442.46 54431.58
12443.46 54435.03
12444.45 54438.48
12445.46 54442.30
12446.46 54446.21
12447.47 54449.89
12448.44 54453.28
12449.44 54456.56
12450.45 54459.16
12451.44 54462.57
12452.51 54466.05
12454.50 54472.25
12455.45 54475.70
12456.45 54479.81
12457.45 54483.69
12458.45 54487.72
12459.46 54491.66
12460.45 54495.26
12461.46 54499.52
12462.45 54503.79
12463.46 54507.03
12464.47 54509.93
12465.46 54512.80
12466.45 54515.88
12467.47 54519.71
12468.45 54523.23
12469.45 54526.97
12470.45 54530.82
12471.46 54534.98
12472.46 54539.16
12473.45 54543.51
12474.45 54547.56
12475.45 54551.79
12476.45 54555.95
12477.46 54560.34
12478.46 54564.77
12479.45 54568.99
12480.45 54573.41
12481.46 54577.84
12482.46 54581.76
12483.44 54585.56
12484.45 54589.35
12485.47 54592.64
12486.47 54596.04
12487.45 54599.60
12488.46 54603.41
12489.46 54607.35
12490.45 54611.29
12491.44 54615.01
12492.44 54618.75
12493.46 54622.70
12494.46 54627.07
12495.45 54630.66
12496.46 54634.63
12497.45 54638.17
12498.46 54641.89
12499.45 54645.64
12500.45 54649.46
12501.46 54653.86
12502.45 54658.61
12503.45 54663.34
12504.46 54667.89
12505.44 54672.41
12506.47 54676.08
12507.45 54679.43
12508.45 54683.30
12509.46 54687.35
12510.46 54691.60
12511.45 54695.90
12512.46 54700.47
12513.46 54704.39
12514.46 54708.54
12515.45 54712.87
12516.46 54717.50
12517.45 54721.88
12518.45 54726.34
12519.45 54730.86
12520.45 54735.26
12521.45 54738.92
12522.45 54743.17
12523.46 54747.50
12524.45 54751.58
12525.46 54756.06
12526.46 54760.22
12527.46 54763.94
12528.46 54767.46
12529.46 54771.18
12530.46 54774.87
12531.47 54778.03
12532.47 54781.11
12533.46 54785.01
12534.45 54788.94
12535.47 54793.30
12536.45 54797.22
12537.45 54801.41
12538.45 54805.42
12539.45 54809.95
12540.46 54814.34
12541.45 54818.87
12542.45 54823.17
12543.46 54827.40
12544.47 54830.95
12545.46 54835.00
12546.48 54838.71
12547.47 54842.10
12548.45 54845.56
12549.47 54849.07
12550.46 54852.98
12551.46 54857.34
12552.45 54861.53
12553.45 54865.87
12554.46 54869.34
12555.45 54870.57
12556.45 54872.33
