02-22 16:18:19.965  5667  5667 I BatteryMgr:DataCollectionService: onStartCommand: begin
02-22 16:18:19.965  5667  5667 I BatteryMgr:DataCollectionService: onStartCommand: sampleRate => 1000
02-22 16:18:19.965  5667  5667 I BatteryMgr:DataCollectionService: onStartCommand: rawFields => Timestamp,BATTERY_PROPERTY_CURRENT_NOW,EXTRA_VOLTAGE
02-22 16:18:19.966  5667  5667 I BatteryMgr:DataCollectionService: onStartCommand: notification done
02-22 16:18:19.970  5667  5667 I BatteryMgr:DataCollectionService: started foreground
02-22 16:18:19.975  5667 12699 I BatteryMgr:DataCollectionService: collectData: begin
02-22 16:18:19.978  5667 12699 I BatteryMgr:DataCollectionService: stats => 1708615099978,-2307616,3686
02-22 16:18:20.484  5667 12699 I BatteryMgr:DataCollectionService: stats => 1708615100483,-2716307,3686
02-22 16:18:20.485  5667 12700 I BatteryMgr:DataCollectionService: stats => 1708615100485,-2716307,3686
02-22 16:18:20.980  5667 12700 I BatteryMgr:DataCollectionService: stats => 1708615100980,-2716307,3686
02-22 16:18:21.486  5667 12699 I BatteryMgr:DataCollectionService: stats => 1708615101486,-2367674,3686
02-22 16:18:21.486  5667 12700 I BatteryMgr:DataCollectionService: stats => 1708615101486,-2367674,3686
02-22 16:18:21.982  5667 12700 I BatteryMgr:DataCollectionService: stats => 1708615101982,-2367674,3686
02-22 16:18:22.491  5667 12700 I BatteryMgr:DataCollectionService: stats => 1708615102491,-2419920,3686
02-22 16:18:22.492  5667 12699 I BatteryMgr:DataCollectionService: stats => 1708615102492,-2419920,3686
02-22 16:18:22.984  5667 12699 I BatteryMgr:DataCollectionService: stats => 1708615102984,-2419920,3686
02-22 16:18:23.494  5667 12700 I BatteryMgr:DataCollectionService: stats => 1708615103494,-1978026,3686
02-22 16:18:23.495  5667 12699 I BatteryMgr:DataCollectionService: stats => 1708615103494,-1978026,3686
02-22 16:18:23.987  5667 12699 I BatteryMgr:DataCollectionService: stats => 1708615103987,-1978026,3686
02-22 16:18:24.497  5667 12699 I BatteryMgr:DataCollectionService: stats => 1708615104497,-2002928,3686
02-22 16:18:24.499  5667 12700 I BatteryMgr:DataCollectionService: stats => 1708615104499,-2002928,3686
02-22 16:18:24.990  5667 12700 I BatteryMgr:DataCollectionService: stats => 1708615104990,-2002928,3686
02-22 16:18:25.500  5667 12700 I BatteryMgr:DataCollectionService: stats => 1708615105500,-2046385,3686
02-22 16:18:25.502  5667 12699 I BatteryMgr:DataCollectionService: stats => 1708615105502,-2046385,3686
02-22 16:18:25.993  5667 12699 I BatteryMgr:DataCollectionService: stats => 1708615105993,-2046385,3686
02-22 16:18:26.503  5667 12699 I BatteryMgr:DataCollectionService: stats => 1708615106503,-1967772,3686
02-22 16:18:26.504  5667 12700 I BatteryMgr:DataCollectionService: stats => 1708615106504,-1967772,3686
02-22 16:18:26.997  5667 12700 I BatteryMgr:DataCollectionService: stats => 1708615106997,-1967772,3686
02-22 16:18:27.506  5667 12700 I BatteryMgr:DataCollectionService: stats => 1708615107506,-1935545,3706
02-22 16:18:27.507  5667 12699 I BatteryMgr:DataCollectionService: stats => 1708615107506,-1935545,3706
02-22 16:18:28.001  5667 12699 I BatteryMgr:DataCollectionService: stats => 1708615108001,-1935545,3706
02-22 16:18:28.510  5667 12699 I BatteryMgr:DataCollectionService: stats => 1708615108510,-1900877,3706
02-22 16:18:28.510  5667 12700 I BatteryMgr:DataCollectionService: stats => 1708615108510,-1900877,3706
02-22 16:18:29.003  5667 12700 I BatteryMgr:DataCollectionService: stats => 1708615109003,-1900877,3706
02-22 16:18:29.519  5667 12699 I BatteryMgr:DataCollectionService: stats => 1708615109518,-2366698,3706
02-22 16:18:29.519  5667 12700 I BatteryMgr:DataCollectionService: stats => 1708615109519,-2366698,3706
02-22 16:18:30.006  5667 12700 I BatteryMgr:DataCollectionService: stats => 1708615110006,-2366698,3706
02-22 16:18:30.522  5667 12699 I BatteryMgr:DataCollectionService: stats => 1708615110522,-2449705,3706
02-22 16:18:30.522  5667 12700 I BatteryMgr:DataCollectionService: stats => 1708615110522,-2449705,3706
02-22 16:18:31.010  5667 12699 I BatteryMgr:DataCollectionService: stats => 1708615111010,-2449705,3706
02-22 16:18:31.525  5667 12699 I BatteryMgr:DataCollectionService: stats => 1708615111525,-2358397,3706
02-22 16:18:31.526  5667 12700 I BatteryMgr:DataCollectionService: stats => 1708615111525,-2358397,3706
02-22 16:18:32.015  5667 12700 I BatteryMgr:DataCollectionService: stats => 1708615112015,-2358397,3706
02-22 16:18:32.528  5667 12699 I BatteryMgr:DataCollectionService: stats => 1708615112528,-1936522,3706
02-22 16:18:32.528  5667 12700 I BatteryMgr:DataCollectionService: stats => 1708615112528,-1936522,3706
02-22 16:18:33.019  5667 12700 I BatteryMgr:DataCollectionService: stats => 1708615113019,-1936522,3706
02-22 16:18:33.530  5667 12700 I BatteryMgr:DataCollectionService: stats => 1708615113530,-2386717,3678
02-22 16:18:33.531  5667 12699 I BatteryMgr:DataCollectionService: stats => 1708615113531,-2386717,3678
02-22 16:18:34.024  5667 12700 I BatteryMgr:DataCollectionService: stats => 1708615114024,-2386717,3678
02-22 16:18:34.533  5667 12699 I BatteryMgr:DataCollectionService: stats => 1708615114533,-2420897,3678
02-22 16:18:34.534  5667 12700 I BatteryMgr:DataCollectionService: stats => 1708615114534,-2420897,3678
02-22 16:18:35.026  5667 12699 I BatteryMgr:DataCollectionService: stats => 1708615115026,-2420897,3678
02-22 16:18:35.539  5667 12699 I BatteryMgr:DataCollectionService: stats => 1708615115539,-2401365,3678
02-22 16:18:35.540  5667 12700 I BatteryMgr:DataCollectionService: stats => 1708615115540,-2401365,3678
02-22 16:18:36.029  5667 12700 I BatteryMgr:DataCollectionService: stats => 1708615116029,-2401365,3678
02-22 16:18:36.543  5667 12700 I BatteryMgr:DataCollectionService: stats => 1708615116543,-2443846,3678
02-22 16:18:36.546  5667 12699 I BatteryMgr:DataCollectionService: stats => 1708615116545,-2443846,3678
02-22 16:18:37.035  5667 12699 I BatteryMgr:DataCollectionService: stats => 1708615117035,-2443846,3678
02-22 16:18:37.548  5667 12699 I BatteryMgr:DataCollectionService: stats => 1708615117548,-2614744,3662
02-22 16:18:37.562  5667 12700 I BatteryMgr:DataCollectionService: stats => 1708615117562,-2614744,3662
02-22 16:18:38.038  5667 12700 I BatteryMgr:DataCollectionService: stats => 1708615118038,-2614744,3662
02-22 16:18:38.550  5667 12700 I BatteryMgr:DataCollectionService: stats => 1708615118550,-2528319,3662
02-22 16:18:38.565  5667 12700 I BatteryMgr:DataCollectionService: stats => 1708615118565,-2528319,3662
02-22 16:18:39.041  5667 12700 I BatteryMgr:DataCollectionService: stats => 1708615119041,-2528319,3662
02-22 16:18:39.555  5667 12700 I BatteryMgr:DataCollectionService: stats => 1708615119555,-2570311,3662
02-22 16:18:39.569  5667 12700 I BatteryMgr:DataCollectionService: stats => 1708615119569,-2570311,3662
02-22 16:18:40.043  5667 12700 I BatteryMgr:DataCollectionService: stats => 1708615120043,-2570311,3662
02-22 16:18:40.565  5667 12700 I BatteryMgr:DataCollectionService: stats => 1708615120565,-2627440,3662
02-22 16:18:40.574  5667 12700 I BatteryMgr:DataCollectionService: stats => 1708615120574,-2627440,3662
02-22 16:18:41.049  5667 12700 I BatteryMgr:DataCollectionService: stats => 1708615121049,-2627440,3662
02-22 16:18:41.570  5667 12700 I BatteryMgr:DataCollectionService: stats => 1708615121570,-2568358,3662
02-22 16:18:41.579  5667 12700 I BatteryMgr:DataCollectionService: stats => 1708615121579,-2568358,3662
02-22 16:18:42.054  5667 12700 I BatteryMgr:DataCollectionService: stats => 1708615122054,-2533201,3662
02-22 16:18:42.584  5667 12700 I BatteryMgr:DataCollectionService: stats => 1708615122584,-2533201,3662
02-22 16:18:42.585  5667 12699 I BatteryMgr:DataCollectionService: stats => 1708615122585,-2533201,3662
02-22 16:18:43.056  5667 12699 I BatteryMgr:DataCollectionService: stats => 1708615123056,-2600584,3662
02-22 16:18:43.586  5667 12700 I BatteryMgr:DataCollectionService: stats => 1708615123586,-2600584,3662
02-22 16:18:43.586  5667 12699 I BatteryMgr:DataCollectionService: stats => 1708615123586,-2600584,3662
02-22 16:18:44.060  5667 12699 I BatteryMgr:DataCollectionService: stats => 1708615124060,-2589842,3662
02-22 16:18:44.589  5667 12700 I BatteryMgr:DataCollectionService: stats => 1708615124589,-2589842,3662
02-22 16:18:44.589  5667 12699 I BatteryMgr:DataCollectionService: stats => 1708615124589,-2589842,3662
02-22 16:18:45.063  5667 12699 I BatteryMgr:DataCollectionService: stats => 1708615125063,-2568358,3662
02-22 16:18:45.599  5667 12699 I BatteryMgr:DataCollectionService: stats => 1708615125599,-2568358,3662
02-22 16:18:45.604  5667 12700 I BatteryMgr:DataCollectionService: stats => 1708615125604,-2568358,3662
02-22 16:18:46.066  5667 12700 I BatteryMgr:DataCollectionService: stats => 1708615126066,-2443358,3662
02-22 16:18:46.604  5667 12700 I BatteryMgr:DataCollectionService: stats => 1708615126604,-2443358,3662
02-22 16:18:46.606  5667 12699 I BatteryMgr:DataCollectionService: stats => 1708615126606,-2443358,3662
02-22 16:18:47.070  5667 12699 I BatteryMgr:DataCollectionService: stats => 1708615127070,-2024901,3662
02-22 16:18:47.611  5667 12699 I BatteryMgr:DataCollectionService: stats => 1708615127611,-2024901,3693
02-22 16:18:47.611  5667 12701 I BatteryMgr:DataCollectionService: stats => 1708615127611,-2024901,3693
02-22 16:18:48.088  5667 12701 I BatteryMgr:DataCollectionService: stats => 1708615128088,-2557127,3693
02-22 16:18:48.614  5667 12699 I BatteryMgr:DataCollectionService: stats => 1708615128614,-2557127,3693
02-22 16:18:48.614  5667 12701 I BatteryMgr:DataCollectionService: stats => 1708615128614,-2557127,3693
02-22 16:18:49.091  5667 12701 I BatteryMgr:DataCollectionService: stats => 1708615129091,-2499510,3693
02-22 16:18:49.617  5667 12699 I BatteryMgr:DataCollectionService: stats => 1708615129617,-2499510,3693
02-22 16:18:49.617  5667 12701 I BatteryMgr:DataCollectionService: stats => 1708615129617,-2499510,3693
02-22 16:18:50.093  5667 12699 I BatteryMgr:DataCollectionService: stats => 1708615130093,-2444334,3693
02-22 16:18:50.620  5667 12701 I BatteryMgr:DataCollectionService: stats => 1708615130620,-2444334,3693
02-22 16:18:50.620  5667 12699 I BatteryMgr:DataCollectionService: stats => 1708615130620,-2444334,3693
02-22 16:18:51.096  5667 12701 I BatteryMgr:DataCollectionService: stats => 1708615131096,-2441893,3693
02-22 16:18:51.622  5667 12699 I BatteryMgr:DataCollectionService: stats => 1708615131622,-2441893,3693
02-22 16:18:51.622  5667 12701 I BatteryMgr:DataCollectionService: stats => 1708615131622,-2441893,3693
02-22 16:18:52.099  5667 12701 I BatteryMgr:DataCollectionService: stats => 1708615132099,-2468260,3693
02-22 16:18:52.625  5667 12701 I BatteryMgr:DataCollectionService: stats => 1708615132625,-2468260,3693
02-22 16:18:52.625  5667 12699 I BatteryMgr:DataCollectionService: stats => 1708615132625,-2468260,3693
02-22 16:18:53.101  5667 12701 I BatteryMgr:DataCollectionService: stats => 1708615133101,-2465330,3693
02-22 16:18:53.627  5667 12699 I BatteryMgr:DataCollectionService: stats => 1708615133627,-2465330,3693
02-22 16:18:53.627  5667 12701 I BatteryMgr:DataCollectionService: stats => 1708615133627,-2465330,3693
02-22 16:18:54.104  5667 12699 I BatteryMgr:DataCollectionService: stats => 1708615134104,-2439451,3693
02-22 16:18:54.632  5667 12699 I BatteryMgr:DataCollectionService: stats => 1708615134632,-2439451,3693
02-22 16:18:54.632  5667 12701 I BatteryMgr:DataCollectionService: stats => 1708615134632,-2439451,3693
02-22 16:18:55.107  5667 12701 I BatteryMgr:DataCollectionService: stats => 1708615135107,-2444334,3693
02-22 16:18:55.635  5667 11056 I BatteryMgr:DataCollectionService: stats => 1708615135635,-2444334,3693
02-22 16:18:55.636  5667 12701 I BatteryMgr:DataCollectionService: stats => 1708615135636,-2444334,3693
02-22 16:18:56.110  5667 11056 I BatteryMgr:DataCollectionService: stats => 1708615136110,-2397947,3693
02-22 16:18:56.640  5667 11056 I BatteryMgr:DataCollectionService: stats => 1708615136640,-2397947,3693
02-22 16:18:56.641  5667 12701 I BatteryMgr:DataCollectionService: stats => 1708615136641,-2397947,3693
02-22 16:18:57.115  5667 12701 I BatteryMgr:DataCollectionService: stats => 1708615137115,-2448240,3693
02-22 16:18:57.644  5667 11056 I BatteryMgr:DataCollectionService: stats => 1708615137644,-2448240,3666
02-22 16:18:57.644  5667 12701 I BatteryMgr:DataCollectionService: stats => 1708615137644,-2448240,3666
02-22 16:18:58.118  5667 12701 I BatteryMgr:DataCollectionService: stats => 1708615138118,-2408690,3666
02-22 16:18:58.649  5667 12699 I BatteryMgr:DataCollectionService: stats => 1708615138649,-2408690,3666
02-22 16:18:58.650  5667 12701 I BatteryMgr:DataCollectionService: stats => 1708615138650,-2408690,3666
02-22 16:18:59.123  5667 12701 I BatteryMgr:DataCollectionService: stats => 1708615139123,-2472654,3666
02-22 16:18:59.652  5667 12701 I BatteryMgr:DataCollectionService: stats => 1708615139652,-2472654,3666
02-22 16:18:59.652  5667 12699 I BatteryMgr:DataCollectionService: stats => 1708615139652,-2472654,3666
02-22 16:19:00.126  5667 12701 I BatteryMgr:DataCollectionService: stats => 1708615140126,-2478514,3666
02-22 16:19:00.655  5667 12701 I BatteryMgr:DataCollectionService: stats => 1708615140655,-2478514,3666
02-22 16:19:00.657  5667 12699 I BatteryMgr:DataCollectionService: stats => 1708615140657,-2478514,3666
02-22 16:19:01.130  5667 12699 I BatteryMgr:DataCollectionService: stats => 1708615141130,-2426268,3666
02-22 16:19:01.658  5667 12701 I BatteryMgr:DataCollectionService: stats => 1708615141658,-2426268,3666
02-22 16:19:01.659  5667 12699 I BatteryMgr:DataCollectionService: stats => 1708615141658,-2426268,3666
02-22 16:19:02.133  5667 12701 I BatteryMgr:DataCollectionService: stats => 1708615142133,-2479979,3666
02-22 16:19:02.661  5667 12701 I BatteryMgr:DataCollectionService: stats => 1708615142661,-2479979,3666
02-22 16:19:02.661  5667 12699 I BatteryMgr:DataCollectionService: stats => 1708615142661,-2479979,3666
02-22 16:19:03.135  5667 12701 I BatteryMgr:DataCollectionService: stats => 1708615143135,-2514647,3666
02-22 16:19:03.664  5667 12699 I BatteryMgr:DataCollectionService: stats => 1708615143664,-2514647,3666
02-22 16:19:03.664  5667 12701 I BatteryMgr:DataCollectionService: stats => 1708615143664,-2514647,3666
02-22 16:19:04.138  5667 12701 I BatteryMgr:DataCollectionService: stats => 1708615144138,-2447752,3666
02-22 16:19:04.666  5667 12701 I BatteryMgr:DataCollectionService: stats => 1708615144666,-2447752,3666
02-22 16:19:04.666  5667 12699 I BatteryMgr:DataCollectionService: stats => 1708615144666,-2447752,3666
02-22 16:19:05.140  5667 12701 I BatteryMgr:DataCollectionService: stats => 1708615145140,-2456053,3666
02-22 16:19:05.679  5667 12700 I BatteryMgr:DataCollectionService: stats => 1708615145679,-2456053,3666
02-22 16:19:05.680  5667 12701 I BatteryMgr:DataCollectionService: stats => 1708615145679,-2456053,3666
02-22 16:19:06.144  5667 12701 I BatteryMgr:DataCollectionService: stats => 1708615146143,-2439940,3666
02-22 16:19:06.682  5667 12701 I BatteryMgr:DataCollectionService: stats => 1708615146682,-2439940,3666
02-22 16:19:06.682  5667 12700 I BatteryMgr:DataCollectionService: stats => 1708615146682,-2439940,3666
02-22 16:19:07.146  5667 12701 I BatteryMgr:DataCollectionService: stats => 1708615147146,-2453612,3666
02-22 16:19:07.685  5667 12701 I BatteryMgr:DataCollectionService: stats => 1708615147685,-2453612,3662
02-22 16:19:07.685  5667 12700 I BatteryMgr:DataCollectionService: stats => 1708615147685,-2453612,3662
02-22 16:19:08.148  5667 12700 I BatteryMgr:DataCollectionService: stats => 1708615148148,-2478514,3660
02-22 16:19:08.687  5667 12700 I BatteryMgr:DataCollectionService: stats => 1708615148687,-2478514,3660
02-22 16:19:08.687  5667 11056 I BatteryMgr:DataCollectionService: stats => 1708615148687,-2478514,3660
02-22 16:19:09.159  5667 12700 I BatteryMgr:DataCollectionService: stats => 1708615149159,-2449217,3660
02-22 16:19:09.691  5667 11056 I BatteryMgr:DataCollectionService: stats => 1708615149690,-2449217,3660
02-22 16:19:09.691  5667 12700 I BatteryMgr:DataCollectionService: stats => 1708615149691,-2449217,3660
02-22 16:19:10.165  5667 12700 I BatteryMgr:DataCollectionService: stats => 1708615150165,-2418455,3660
02-22 16:19:10.693  5667 11056 I BatteryMgr:DataCollectionService: stats => 1708615150693,-2418455,3660
02-22 16:19:10.693  5667 12700 I BatteryMgr:DataCollectionService: stats => 1708615150693,-2418455,3660
02-22 16:19:11.168  5667 11056 I BatteryMgr:DataCollectionService: stats => 1708615151168,-2402342,3660
02-22 16:19:11.696  5667 11056 I BatteryMgr:DataCollectionService: stats => 1708615151696,-2402342,3660
02-22 16:19:11.696  5667 12700 I BatteryMgr:DataCollectionService: stats => 1708615151696,-2402342,3660
02-22 16:19:12.171  5667 11056 I BatteryMgr:DataCollectionService: stats => 1708615152171,-2494139,3660
02-22 16:19:12.698  5667 11056 I BatteryMgr:DataCollectionService: stats => 1708615152698,-2494139,3660
02-22 16:19:12.699  5667 12699 I BatteryMgr:DataCollectionService: stats => 1708615152698,-2494139,3660
02-22 16:19:13.174  5667 11056 I BatteryMgr:DataCollectionService: stats => 1708615153174,-2421873,3660
02-22 16:19:13.701  5667 11056 I BatteryMgr:DataCollectionService: stats => 1708615153701,-2421873,3660
02-22 16:19:13.702  5667 12699 I BatteryMgr:DataCollectionService: stats => 1708615153701,-2421873,3660
02-22 16:19:14.177  5667 12699 I BatteryMgr:DataCollectionService: stats => 1708615154177,-2453612,3660
02-22 16:19:14.705  5667 12699 I BatteryMgr:DataCollectionService: stats => 1708615154705,-2453612,3660
02-22 16:19:14.705  5667 11056 I BatteryMgr:DataCollectionService: stats => 1708615154705,-2453612,3660
02-22 16:19:15.179  5667 11056 I BatteryMgr:DataCollectionService: stats => 1708615155179,-2444334,3660
02-22 16:19:15.707  5667 11056 I BatteryMgr:DataCollectionService: stats => 1708615155707,-2444334,3660
02-22 16:19:15.707  5667 12699 I BatteryMgr:DataCollectionService: stats => 1708615155707,-2444334,3660
02-22 16:19:16.181  5667 12699 I BatteryMgr:DataCollectionService: stats => 1708615156181,-2489256,3660
02-22 16:19:16.711  5667 12699 I BatteryMgr:DataCollectionService: stats => 1708615156711,-2489256,3660
02-22 16:19:16.711  5667 12701 I BatteryMgr:DataCollectionService: stats => 1708615156711,-2489256,3660
02-22 16:19:17.185  5667 12699 I BatteryMgr:DataCollectionService: stats => 1708615157184,-2404295,3660
02-22 16:19:17.717  5667 12699 I BatteryMgr:DataCollectionService: stats => 1708615157717,-2404295,3662
02-22 16:19:17.719  5667 12701 I BatteryMgr:DataCollectionService: stats => 1708615157718,-2404295,3662
02-22 16:19:18.188  5667 12701 I BatteryMgr:DataCollectionService: stats => 1708615158188,-2394041,3662
02-22 16:19:18.720  5667 12701 I BatteryMgr:DataCollectionService: stats => 1708615158720,-2394041,3662
02-22 16:19:18.720  5667 12699 I BatteryMgr:DataCollectionService: stats => 1708615158720,-2394041,3662
02-22 16:19:19.194  5667 12701 I BatteryMgr:DataCollectionService: stats => 1708615159194,-2437987,3662
02-22 16:19:19.723  5667 12701 I BatteryMgr:DataCollectionService: stats => 1708615159723,-2437987,3662
02-22 16:19:19.723  5667 11056 I BatteryMgr:DataCollectionService: stats => 1708615159723,-2437987,3662
02-22 16:19:20.197  5667 12701 I BatteryMgr:DataCollectionService: stats => 1708615160197,-2421873,3662
02-22 16:19:20.726  5667 12701 I BatteryMgr:DataCollectionService: stats => 1708615160726,-2421873,3662
02-22 16:19:20.728  5667 12700 I BatteryMgr:DataCollectionService: stats => 1708615160728,-2421873,3662
02-22 16:19:21.203  5667 12700 I BatteryMgr:DataCollectionService: stats => 1708615161203,-2448729,3662
02-22 16:19:21.728  5667 12700 I BatteryMgr:DataCollectionService: stats => 1708615161728,-2448729,3662
02-22 16:19:21.730  5667 12700 I BatteryMgr:DataCollectionService: stats => 1708615161730,-2448729,3662
02-22 16:19:22.206  5667 12700 I BatteryMgr:DataCollectionService: stats => 1708615162206,-2433592,3662
02-22 16:19:22.732  5667 12701 I BatteryMgr:DataCollectionService: stats => 1708615162732,-2433592,3662
02-22 16:19:22.732  5667 12700 I BatteryMgr:DataCollectionService: stats => 1708615162732,-2433592,3662
02-22 16:19:23.209  5667 12701 I BatteryMgr:DataCollectionService: stats => 1708615163209,-2472166,3662
02-22 16:19:23.734  5667 12700 I BatteryMgr:DataCollectionService: stats => 1708615163734,-2472166,3662
02-22 16:19:23.734  5667 12701 I BatteryMgr:DataCollectionService: stats => 1708615163734,-2472166,3662
02-22 16:19:24.212  5667 12701 I BatteryMgr:DataCollectionService: stats => 1708615164212,-2427244,3662
02-22 16:19:24.736  5667 12700 I BatteryMgr:DataCollectionService: stats => 1708615164736,-2427244,3662
02-22 16:19:24.737  5667 12701 I BatteryMgr:DataCollectionService: stats => 1708615164737,-2427244,3662
02-22 16:19:25.215  5667 12701 I BatteryMgr:DataCollectionService: stats => 1708615165215,-2430662,3662
02-22 16:19:25.739  5667 12700 I BatteryMgr:DataCollectionService: stats => 1708615165739,-2430662,3662
02-22 16:19:25.739  5667 12701 I BatteryMgr:DataCollectionService: stats => 1708615165739,-2430662,3662
02-22 16:19:26.217  5667 12701 I BatteryMgr:DataCollectionService: stats => 1708615166217,-2411619,3662
02-22 16:19:26.743  5667 12700 I BatteryMgr:DataCollectionService: stats => 1708615166743,-2411619,3662
02-22 16:19:26.743  5667 12701 I BatteryMgr:DataCollectionService: stats => 1708615166743,-2411619,3662
02-22 16:19:27.220  5667 12701 I BatteryMgr:DataCollectionService: stats => 1708615167219,-2417479,3662
02-22 16:19:27.746  5667 12701 I BatteryMgr:DataCollectionService: stats => 1708615167746,-2417479,3660
02-22 16:19:27.746  5667 12700 I BatteryMgr:DataCollectionService: stats => 1708615167746,-2417479,3660
02-22 16:19:28.222  5667 12701 I BatteryMgr:DataCollectionService: stats => 1708615168222,-2449217,3660
02-22 16:19:28.749  5667 12701 I BatteryMgr:DataCollectionService: stats => 1708615168749,-2449217,3660
02-22 16:19:28.755  5667 12700 I BatteryMgr:DataCollectionService: stats => 1708615168752,-2449217,3660
02-22 16:19:29.225  5667 12700 I BatteryMgr:DataCollectionService: stats => 1708615169225,-2387694,3660
02-22 16:19:29.753  5667 12700 I BatteryMgr:DataCollectionService: stats => 1708615169753,-2387694,3660
02-22 16:19:29.758  5667 12700 I BatteryMgr:DataCollectionService: stats => 1708615169758,-2387694,3660
02-22 16:19:30.237  5667 12700 I BatteryMgr:DataCollectionService: stats => 1708615170237,-2417479,3660
02-22 16:19:30.755  5667 12700 I BatteryMgr:DataCollectionService: stats => 1708615170755,-2417479,3660
02-22 16:19:30.761  5667 12700 I BatteryMgr:DataCollectionService: stats => 1708615170761,-2417479,3660
02-22 16:19:31.240  5667 12700 I BatteryMgr:DataCollectionService: stats => 1708615171240,-2382322,3660
02-22 16:19:31.761  5667 12700 I BatteryMgr:DataCollectionService: stats => 1708615171761,-2382322,3660
02-22 16:19:31.765  5667 12700 I BatteryMgr:DataCollectionService: stats => 1708615171765,-2382322,3660
02-22 16:19:32.244  5667 12700 I BatteryMgr:DataCollectionService: stats => 1708615172244,-2458494,3660
02-22 16:19:32.766  5667 12700 I BatteryMgr:DataCollectionService: stats => 1708615172766,-2458494,3660
02-22 16:19:32.767  5667 12700 I BatteryMgr:DataCollectionService: stats => 1708615172767,-2458494,3660
02-22 16:19:33.249  5667 12700 I BatteryMgr:DataCollectionService: stats => 1708615173249,-2413572,3659
02-22 16:19:33.770  5667 12701 I BatteryMgr:DataCollectionService: stats => 1708615173770,-2413572,3659
02-22 16:19:33.770  5667 12700 I BatteryMgr:DataCollectionService: stats => 1708615173770,-2413572,3659
02-22 16:19:34.256  5667 12701 I BatteryMgr:DataCollectionService: stats => 1708615174256,-2443846,3659
02-22 16:19:34.773  5667 12700 I BatteryMgr:DataCollectionService: stats => 1708615174773,-2443846,3659
02-22 16:19:34.774  5667 12701 I BatteryMgr:DataCollectionService: stats => 1708615174774,-2443846,3659
02-22 16:19:35.259  5667 12701 I BatteryMgr:DataCollectionService: stats => 1708615175259,-2490233,3659
02-22 16:19:35.777  5667 12700 I BatteryMgr:DataCollectionService: stats => 1708615175777,-2490233,3659
02-22 16:19:35.777  5667 12701 I BatteryMgr:DataCollectionService: stats => 1708615175777,-2490233,3659
02-22 16:19:36.262  5667 12701 I BatteryMgr:DataCollectionService: stats => 1708615176262,-2439451,3659
02-22 16:19:36.780  5667 11056 I BatteryMgr:DataCollectionService: stats => 1708615176780,-2439451,3659
02-22 16:19:36.780  5667 12701 I BatteryMgr:DataCollectionService: stats => 1708615176780,-2439451,3659
02-22 16:19:37.265  5667 12701 I BatteryMgr:DataCollectionService: stats => 1708615177265,-2450194,3659
02-22 16:19:37.783  5667 11056 I BatteryMgr:DataCollectionService: stats => 1708615177783,-2450194,3656
02-22 16:19:37.783  5667 12701 I BatteryMgr:DataCollectionService: stats => 1708615177783,-2450194,3656
02-22 16:19:38.269  5667 12701 I BatteryMgr:DataCollectionService: stats => 1708615178269,-2438963,3656
02-22 16:19:38.785  5667 11056 I BatteryMgr:DataCollectionService: stats => 1708615178785,-2438963,3656
02-22 16:19:38.786  5667 12701 I BatteryMgr:DataCollectionService: stats => 1708615178786,-2438963,3656
02-22 16:19:39.273  5667 11056 I BatteryMgr:DataCollectionService: stats => 1708615179273,-2432615,3656
02-22 16:19:39.788  5667 11056 I BatteryMgr:DataCollectionService: stats => 1708615179788,-2432615,3656
02-22 16:19:39.795  5667 11056 I BatteryMgr:DataCollectionService: stats => 1708615179795,-2432615,3656
02-22 16:19:40.276  5667 11056 I BatteryMgr:DataCollectionService: stats => 1708615180276,-2449217,3656
02-22 16:19:40.791  5667 11056 I BatteryMgr:DataCollectionService: stats => 1708615180791,-2449217,3656
02-22 16:19:40.799  5667 11056 I BatteryMgr:DataCollectionService: stats => 1708615180798,-2449217,3656
02-22 16:19:41.278  5667 11056 I BatteryMgr:DataCollectionService: stats => 1708615181278,-2426756,3656
02-22 16:19:41.794  5667 11056 I BatteryMgr:DataCollectionService: stats => 1708615181794,-2426756,3656
02-22 16:19:41.800  5667 11056 I BatteryMgr:DataCollectionService: stats => 1708615181800,-2426756,3656
02-22 16:19:42.281  5667 11056 I BatteryMgr:DataCollectionService: stats => 1708615182281,-2424803,3656
02-22 16:19:42.796  5667 11056 I BatteryMgr:DataCollectionService: stats => 1708615182796,-2424803,3656
02-22 16:19:42.805  5667 11056 I BatteryMgr:DataCollectionService: stats => 1708615182805,-2424803,3656
02-22 16:19:43.283  5667 11056 I BatteryMgr:DataCollectionService: stats => 1708615183283,-2464842,3656
02-22 16:19:43.798  5667 11056 I BatteryMgr:DataCollectionService: stats => 1708615183798,-2464842,3656
02-22 16:19:43.807  5667 11056 I BatteryMgr:DataCollectionService: stats => 1708615183807,-2464842,3656
02-22 16:19:44.286  5667 11056 I BatteryMgr:DataCollectionService: stats => 1708615184286,-2447752,3656
02-22 16:19:44.801  5667 11056 I BatteryMgr:DataCollectionService: stats => 1708615184801,-2447752,3656
02-22 16:19:44.810  5667 11056 I BatteryMgr:DataCollectionService: stats => 1708615184810,-2447752,3656
02-22 16:19:45.292  5667 11056 I BatteryMgr:DataCollectionService: stats => 1708615185292,-2407713,3656
02-22 16:19:45.814  5667 12701 I BatteryMgr:DataCollectionService: stats => 1708615185814,-2407713,3656
02-22 16:19:45.815  5667 11056 I BatteryMgr:DataCollectionService: stats => 1708615185815,-2407713,3656
02-22 16:19:46.295  5667 11056 I BatteryMgr:DataCollectionService: stats => 1708615186295,-2574217,3656
02-22 16:19:46.819  5667 12701 I BatteryMgr:DataCollectionService: stats => 1708615186819,-2574217,3656
02-22 16:19:46.819  5667 11056 I BatteryMgr:DataCollectionService: stats => 1708615186819,-2574217,3656
02-22 16:19:47.297  5667 11056 I BatteryMgr:DataCollectionService: stats => 1708615187297,-2557615,3648
02-22 16:19:47.821  5667 11056 I BatteryMgr:DataCollectionService: stats => 1708615187821,-2557615,3648
02-22 16:19:47.821  5667 12699 I BatteryMgr:DataCollectionService: stats => 1708615187821,-2557615,3648
02-22 16:19:48.300  5667 12699 I BatteryMgr:DataCollectionService: stats => 1708615188300,-2572264,3648
02-22 16:19:48.824  5667 11056 I BatteryMgr:DataCollectionService: stats => 1708615188824,-2572264,3648
02-22 16:19:48.824  5667 12699 I BatteryMgr:DataCollectionService: stats => 1708615188824,-2572264,3648
02-22 16:19:49.304  5667 12699 I BatteryMgr:DataCollectionService: stats => 1708615189304,-2518065,3648
02-22 16:19:49.827  5667 11056 I BatteryMgr:DataCollectionService: stats => 1708615189827,-2518065,3648
02-22 16:19:49.827  5667 12699 I BatteryMgr:DataCollectionService: stats => 1708615189827,-2518065,3648
02-22 16:19:50.312  5667 12699 I BatteryMgr:DataCollectionService: stats => 1708615190312,-2425780,3648
02-22 16:19:50.834  5667 12701 I BatteryMgr:DataCollectionService: stats => 1708615190834,-2425780,3648
02-22 16:19:50.834  5667 11056 I BatteryMgr:DataCollectionService: stats => 1708615190834,-2425780,3648
02-22 16:19:51.316  5667 12701 I BatteryMgr:DataCollectionService: stats => 1708615191316,-2457029,3648
02-22 16:19:51.839  5667 11056 I BatteryMgr:DataCollectionService: stats => 1708615191839,-2457029,3648
02-22 16:19:51.840  5667 12701 I BatteryMgr:DataCollectionService: stats => 1708615191840,-2457029,3648
02-22 16:19:52.318  5667 12701 I BatteryMgr:DataCollectionService: stats => 1708615192318,-2433104,3648
02-22 16:19:52.842  5667 12701 I BatteryMgr:DataCollectionService: stats => 1708615192841,-2433104,3648
02-22 16:19:52.842  5667 11056 I BatteryMgr:DataCollectionService: stats => 1708615192842,-2433104,3648
02-22 16:19:53.320  5667 11056 I BatteryMgr:DataCollectionService: stats => 1708615193320,-2439940,3648
02-22 16:19:53.844  5667 11056 I BatteryMgr:DataCollectionService: stats => 1708615193844,-2439940,3648
02-22 16:19:53.845  5667 12701 I BatteryMgr:DataCollectionService: stats => 1708615193844,-2439940,3648
02-22 16:19:54.324  5667 12701 I BatteryMgr:DataCollectionService: stats => 1708615194324,-2458006,3648
02-22 16:19:54.847  5667 11056 I BatteryMgr:DataCollectionService: stats => 1708615194847,-2458006,3648
02-22 16:19:54.848  5667 12701 I BatteryMgr:DataCollectionService: stats => 1708615194848,-2458006,3648
02-22 16:19:55.329  5667 12701 I BatteryMgr:DataCollectionService: stats => 1708615195329,-2369139,3648
02-22 16:19:55.850  5667 11056 I BatteryMgr:DataCollectionService: stats => 1708615195850,-2369139,3648
02-22 16:19:55.850  5667 12701 I BatteryMgr:DataCollectionService: stats => 1708615195850,-2369139,3648
02-22 16:19:56.336  5667 12701 I BatteryMgr:DataCollectionService: stats => 1708615196336,-2426268,3648
02-22 16:19:56.853  5667 11056 I BatteryMgr:DataCollectionService: stats => 1708615196853,-2426268,3648
02-22 16:19:56.853  5667 12701 I BatteryMgr:DataCollectionService: stats => 1708615196853,-2426268,3648
02-22 16:19:57.339  5667 11056 I BatteryMgr:DataCollectionService: stats => 1708615197339,-2417479,3648
02-22 16:19:57.855  5667 12701 I BatteryMgr:DataCollectionService: stats => 1708615197855,-2417479,3654
02-22 16:19:57.855  5667 11056 I BatteryMgr:DataCollectionService: stats => 1708615197855,-2417479,3654
02-22 16:19:58.342  5667 11056 I BatteryMgr:DataCollectionService: stats => 1708615198342,-2381346,3654
02-22 16:19:58.858  5667 12700 I BatteryMgr:DataCollectionService: stats => 1708615198858,-2381346,3654
02-22 16:19:58.858  5667 12701 I BatteryMgr:DataCollectionService: stats => 1708615198858,-2381346,3654
02-22 16:19:59.345  5667 12701 I BatteryMgr:DataCollectionService: stats => 1708615199345,-2360838,3654
02-22 16:19:59.860  5667 12700 I BatteryMgr:DataCollectionService: stats => 1708615199860,-2360838,3654
02-22 16:19:59.860  5667 12701 I BatteryMgr:DataCollectionService: stats => 1708615199860,-2360838,3654
02-22 16:20:00.349  5667 12700 I BatteryMgr:DataCollectionService: stats => 1708615200349,-2416014,3654
02-22 16:20:00.863  5667 11056 I BatteryMgr:DataCollectionService: stats => 1708615200863,-2416014,3654
02-22 16:20:00.863  5667 12700 I BatteryMgr:DataCollectionService: stats => 1708615200863,-2416014,3654
02-22 16:20:01.359  5667 12700 I BatteryMgr:DataCollectionService: stats => 1708615201358,-2483397,3654
02-22 16:20:01.886  5667 11056 I BatteryMgr:DataCollectionService: stats => 1708615201886,-2731932,3654
02-22 16:20:01.886  5667 12700 I BatteryMgr:DataCollectionService: stats => 1708615201886,-2731932,3654
02-22 16:20:02.362  5667 12700 I BatteryMgr:DataCollectionService: stats => 1708615202362,-2731932,3654
02-22 16:20:02.890  5667 12700 I BatteryMgr:DataCollectionService: stats => 1708615202890,-2492186,3654
02-22 16:20:02.891  5667 11056 I BatteryMgr:DataCollectionService: stats => 1708615202890,-2492186,3654
02-22 16:20:03.366  5667 11056 I BatteryMgr:DataCollectionService: stats => 1708615203366,-2492186,3654
02-22 16:20:03.893  5667 11056 I BatteryMgr:DataCollectionService: stats => 1708615203893,-2467772,3654
02-22 16:20:03.894  5667 12700 I BatteryMgr:DataCollectionService: stats => 1708615203893,-2467772,3654
02-22 16:20:04.370  5667 12700 I BatteryMgr:DataCollectionService: stats => 1708615204370,-2467772,3654
02-22 16:20:04.896  5667 11056 I BatteryMgr:DataCollectionService: stats => 1708615204896,-2428221,3654
02-22 16:20:04.896  5667 12700 I BatteryMgr:DataCollectionService: stats => 1708615204896,-2428221,3654
02-22 16:20:05.373  5667 12700 I BatteryMgr:DataCollectionService: stats => 1708615205373,-2428221,3654
02-22 16:20:05.899  5667 12700 I BatteryMgr:DataCollectionService: stats => 1708615205898,-2437498,3654
02-22 16:20:05.899  5667 11056 I BatteryMgr:DataCollectionService: stats => 1708615205899,-2437498,3654
02-22 16:20:06.375  5667 11056 I BatteryMgr:DataCollectionService: stats => 1708615206375,-2437498,3654
02-22 16:20:06.904  5667 11056 I BatteryMgr:DataCollectionService: stats => 1708615206904,-2435545,3654
02-22 16:20:06.907  5667 12700 I BatteryMgr:DataCollectionService: stats => 1708615206907,-2435545,3654
02-22 16:20:07.377  5667 12700 I BatteryMgr:DataCollectionService: stats => 1708615207377,-2435545,3654
02-22 16:20:07.916  5667 11056 I BatteryMgr:DataCollectionService: stats => 1708615207916,-2453612,3651
02-22 16:20:07.917  5667 12699 I BatteryMgr:DataCollectionService: stats => 1708615207917,-2453612,3651
02-22 16:20:08.380  5667 12699 I BatteryMgr:DataCollectionService: stats => 1708615208380,-2453612,3651
02-22 16:20:08.919  5667 12701 I BatteryMgr:DataCollectionService: stats => 1708615208919,-2407225,3651
02-22 16:20:08.919  5667 12699 I BatteryMgr:DataCollectionService: stats => 1708615208919,-2407225,3651
02-22 16:20:09.384  5667 12699 I BatteryMgr:DataCollectionService: stats => 1708615209384,-2407225,3651
02-22 16:20:09.924  5667 12700 I BatteryMgr:DataCollectionService: stats => 1708615209924,-2488279,3651
02-22 16:20:09.925  5667 12701 I BatteryMgr:DataCollectionService: stats => 1708615209925,-2488279,3651
02-22 16:20:10.390  5667 12701 I BatteryMgr:DataCollectionService: stats => 1708615210390,-2488279,3651
02-22 16:20:10.926  5667 12701 I BatteryMgr:DataCollectionService: stats => 1708615210926,-2479490,3651
02-22 16:20:10.926  5667 12700 I BatteryMgr:DataCollectionService: stats => 1708615210926,-2479490,3651
02-22 16:20:11.401  5667 12700 I BatteryMgr:DataCollectionService: stats => 1708615211401,-2479490,3651
02-22 16:20:11.930  5667 12701 I BatteryMgr:DataCollectionService: stats => 1708615211930,-2489256,3651
02-22 16:20:11.931  5667 12700 I BatteryMgr:DataCollectionService: stats => 1708615211931,-2489256,3651
02-22 16:20:12.405  5667 12700 I BatteryMgr:DataCollectionService: stats => 1708615212405,-2489256,3651
02-22 16:20:12.933  5667 12700 I BatteryMgr:DataCollectionService: stats => 1708615212933,-2520018,3651
02-22 16:20:12.933  5667 12701 I BatteryMgr:DataCollectionService: stats => 1708615212933,-2520018,3651
02-22 16:20:13.409  5667 12701 I BatteryMgr:DataCollectionService: stats => 1708615213409,-2520018,3651
02-22 16:20:13.935  5667 12700 I BatteryMgr:DataCollectionService: stats => 1708615213935,-2446776,3651
02-22 16:20:13.936  5667 12701 I BatteryMgr:DataCollectionService: stats => 1708615213935,-2446776,3651
02-22 16:20:14.414  5667 12701 I BatteryMgr:DataCollectionService: stats => 1708615214414,-2446776,3651
02-22 16:20:14.938  5667 12700 I BatteryMgr:DataCollectionService: stats => 1708615214938,-2489256,3651
02-22 16:20:14.938  5667 12701 I BatteryMgr:DataCollectionService: stats => 1708615214938,-2489256,3651
02-22 16:20:15.416  5667 12701 I BatteryMgr:DataCollectionService: stats => 1708615215416,-2489256,3651
02-22 16:20:15.940  5667 12701 I BatteryMgr:DataCollectionService: stats => 1708615215940,-2461424,3651
02-22 16:20:15.941  5667 12700 I BatteryMgr:DataCollectionService: stats => 1708615215941,-2461424,3651
02-22 16:20:16.419  5667 12700 I BatteryMgr:DataCollectionService: stats => 1708615216419,-2461424,3651
02-22 16:20:16.944  5667 12701 I BatteryMgr:DataCollectionService: stats => 1708615216943,-2445311,3651
02-22 16:20:16.946  5667 12700 I BatteryMgr:DataCollectionService: stats => 1708615216946,-2445311,3651
02-22 16:20:17.422  5667 12701 I BatteryMgr:DataCollectionService: stats => 1708615217422,-2445311,3651
02-22 16:20:17.955  5667 12701 I BatteryMgr:DataCollectionService: stats => 1708615217954,-2554197,3649
02-22 16:20:17.955  5667 12700 I BatteryMgr:DataCollectionService: stats => 1708615217954,-2554197,3649
02-22 16:20:18.426  5667 12701 I BatteryMgr:DataCollectionService: stats => 1708615218426,-2554197,3649
02-22 16:20:18.960  5667 12701 I BatteryMgr:DataCollectionService: stats => 1708615218959,-2534666,3649
02-22 16:20:18.960  5667 12700 I BatteryMgr:DataCollectionService: stats => 1708615218960,-2534666,3649
02-22 16:20:19.430  5667 12701 I BatteryMgr:DataCollectionService: stats => 1708615219430,-2534666,3649
02-22 16:20:19.963  5667 12701 I BatteryMgr:DataCollectionService: stats => 1708615219963,-2522459,3649
02-22 16:20:19.963  5667 12700 I BatteryMgr:DataCollectionService: stats => 1708615219963,-2522459,3649
02-22 16:20:20.433  5667 12700 I BatteryMgr:DataCollectionService: stats => 1708615220433,-2522459,3649
02-22 16:20:20.965  5667 12701 I BatteryMgr:DataCollectionService: stats => 1708615220965,-2529783,3649
02-22 16:20:20.966  5667 12700 I BatteryMgr:DataCollectionService: stats => 1708615220966,-2529783,3649
02-22 16:20:21.439  5667 12700 I BatteryMgr:DataCollectionService: stats => 1708615221439,-2529783,3649
02-22 16:20:21.968  5667 12701 I BatteryMgr:DataCollectionService: stats => 1708615221968,-2474608,3649
02-22 16:20:21.969  5667 12700 I BatteryMgr:DataCollectionService: stats => 1708615221969,-2474608,3649
02-22 16:20:22.441  5667 12700 I BatteryMgr:DataCollectionService: stats => 1708615222441,-2474608,3649
02-22 16:20:22.973  5667 12700 I BatteryMgr:DataCollectionService: stats => 1708615222973,-2524412,3649
02-22 16:20:22.974  5667 12701 I BatteryMgr:DataCollectionService: stats => 1708615222974,-2524412,3649
02-22 16:20:23.445  5667 12701 I BatteryMgr:DataCollectionService: stats => 1708615223445,-2524412,3649
02-22 16:20:23.976  5667 12701 I BatteryMgr:DataCollectionService: stats => 1708615223975,-2522459,3649
02-22 16:20:23.976  5667 12700 I BatteryMgr:DataCollectionService: stats => 1708615223975,-2522459,3649
02-22 16:20:24.450  5667 12700 I BatteryMgr:DataCollectionService: stats => 1708615224450,-2522459,3649
02-22 16:20:24.979  5667 12701 I BatteryMgr:DataCollectionService: stats => 1708615224979,-2495115,3649
02-22 16:20:24.980  5667 12700 I BatteryMgr:DataCollectionService: stats => 1708615224979,-2495115,3649
02-22 16:20:25.453  5667 12700 I BatteryMgr:DataCollectionService: stats => 1708615225453,-2495115,3649
02-22 16:20:25.982  5667 12700 I BatteryMgr:DataCollectionService: stats => 1708615225982,-2460936,3649
02-22 16:20:25.982  5667 11056 I BatteryMgr:DataCollectionService: stats => 1708615225982,-2460936,3649
02-22 16:20:26.456  5667 12700 I BatteryMgr:DataCollectionService: stats => 1708615226456,-2460936,3649
02-22 16:20:26.986  5667 12700 I BatteryMgr:DataCollectionService: stats => 1708615226986,-2474119,3647
02-22 16:20:26.988  5667 11056 I BatteryMgr:DataCollectionService: stats => 1708615226988,-2474119,3647
02-22 16:20:27.458  5667 11056 I BatteryMgr:DataCollectionService: stats => 1708615227458,-2474119,3647
02-22 16:20:27.991  5667 11056 I BatteryMgr:DataCollectionService: stats => 1708615227991,-2518065,3647
02-22 16:20:27.992  5667 12699 I BatteryMgr:DataCollectionService: stats => 1708615227991,-2518065,3647
02-22 16:20:28.462  5667 12699 I BatteryMgr:DataCollectionService: stats => 1708615228462,-2518065,3647
02-22 16:20:28.994  5667 11056 I BatteryMgr:DataCollectionService: stats => 1708615228994,-2486326,3647
02-22 16:20:28.995  5667 12699 I BatteryMgr:DataCollectionService: stats => 1708615228994,-2486326,3647
02-22 16:20:29.471  5667 11056 I BatteryMgr:DataCollectionService: stats => 1708615229471,-2486326,3647
02-22 16:20:29.998  5667 12701 I BatteryMgr:DataCollectionService: stats => 1708615229998,-2551268,3647
02-22 16:20:29.999  5667 11056 I BatteryMgr:DataCollectionService: stats => 1708615229999,-2551268,3647
02-22 16:20:30.479  5667 11056 I BatteryMgr:DataCollectionService: stats => 1708615230478,-2551268,3647
02-22 16:20:31.001  5667 11056 I BatteryMgr:DataCollectionService: stats => 1708615231001,-2520018,3647
02-22 16:20:31.001  5667 12701 I BatteryMgr:DataCollectionService: stats => 1708615231001,-2520018,3647
02-22 16:20:31.482  5667 12701 I BatteryMgr:DataCollectionService: stats => 1708615231482,-2520018,3647
02-22 16:20:32.006  5667 11056 I BatteryMgr:DataCollectionService: stats => 1708615232006,-2535643,3647
02-22 16:20:32.006  5667 12701 I BatteryMgr:DataCollectionService: stats => 1708615232006,-2535643,3647
02-22 16:20:32.486  5667 12701 I BatteryMgr:DataCollectionService: stats => 1708615232486,-2535643,3647
02-22 16:20:33.010  5667 12699 I BatteryMgr:DataCollectionService: stats => 1708615233010,-2512694,3647
02-22 16:20:33.010  5667 11056 I BatteryMgr:DataCollectionService: stats => 1708615233010,-2512694,3647
02-22 16:20:33.488  5667 11056 I BatteryMgr:DataCollectionService: stats => 1708615233488,-2512694,3647
02-22 16:20:34.013  5667 11056 I BatteryMgr:DataCollectionService: stats => 1708615234013,-2480467,3647
02-22 16:20:34.013  5667 12699 I BatteryMgr:DataCollectionService: stats => 1708615234013,-2480467,3647
02-22 16:20:34.490  5667 12699 I BatteryMgr:DataCollectionService: stats => 1708615234490,-2480467,3647
02-22 16:20:35.016  5667 11056 I BatteryMgr:DataCollectionService: stats => 1708615235016,-2456053,3647
02-22 16:20:35.016  5667 12699 I BatteryMgr:DataCollectionService: stats => 1708615235016,-2456053,3647
02-22 16:20:35.493  5667 12699 I BatteryMgr:DataCollectionService: stats => 1708615235493,-2456053,3647
02-22 16:20:36.018  5667 11056 I BatteryMgr:DataCollectionService: stats => 1708615236018,-2432127,3647
02-22 16:20:36.018  5667 12699 I BatteryMgr:DataCollectionService: stats => 1708615236018,-2432127,3647
02-22 16:20:36.497  5667 11056 I BatteryMgr:DataCollectionService: stats => 1708615236497,-2432127,3647
02-22 16:20:37.021  5667 11056 I BatteryMgr:DataCollectionService: stats => 1708615237021,-2193846,3648
02-22 16:20:37.029  5667 12699 I BatteryMgr:DataCollectionService: stats => 1708615237021,-2193846,3648
02-22 16:20:37.500  5667 12699 I BatteryMgr:DataCollectionService: stats => 1708615237499,-2193846,3648
02-22 16:20:38.031  5667 12699 I BatteryMgr:DataCollectionService: stats => 1708615238031,-2479490,3662
02-22 16:20:38.033  5667 11056 I BatteryMgr:DataCollectionService: stats => 1708615238033,-2479490,3662
02-22 16:20:38.504  5667 11056 I BatteryMgr:DataCollectionService: stats => 1708615238504,-2479490,3662
02-22 16:20:39.039  5667 12699 I BatteryMgr:DataCollectionService: stats => 1708615239038,-2564940,3662
02-22 16:20:39.039  5667 11056 I BatteryMgr:DataCollectionService: stats => 1708615239039,-2564940,3662
02-22 16:20:39.509  5667 11056 I BatteryMgr:DataCollectionService: stats => 1708615239509,-2564940,3662
02-22 16:20:40.042  5667 11056 I BatteryMgr:DataCollectionService: stats => 1708615240042,-2465819,3662
02-22 16:20:40.042  5667 12699 I BatteryMgr:DataCollectionService: stats => 1708615240042,-2465819,3662
02-22 16:20:40.514  5667 12699 I BatteryMgr:DataCollectionService: stats => 1708615240514,-2465819,3662
02-22 16:20:41.046  5667 12699 I BatteryMgr:DataCollectionService: stats => 1708615241045,-2527342,3662
02-22 16:20:41.048  5667 11056 I BatteryMgr:DataCollectionService: stats => 1708615241048,-2527342,3662
02-22 16:20:41.518  5667 11056 I BatteryMgr:DataCollectionService: stats => 1708615241518,-2527342,3662
02-22 16:20:42.048  5667 11056 I BatteryMgr:DataCollectionService: stats => 1708615242048,-2523436,3662
02-22 16:20:42.050  5667 11056 I BatteryMgr:DataCollectionService: stats => 1708615242050,-2523436,3662
02-22 16:20:42.520  5667 11056 I BatteryMgr:DataCollectionService: stats => 1708615242520,-2523436,3662
02-22 16:20:43.050  5667 11056 I BatteryMgr:DataCollectionService: stats => 1708615243050,-2451658,3662
02-22 16:20:43.052  5667 11056 I BatteryMgr:DataCollectionService: stats => 1708615243052,-2451658,3662
02-22 16:20:43.524  5667 11056 I BatteryMgr:DataCollectionService: stats => 1708615243524,-2451658,3662
02-22 16:20:44.052  5667 11056 I BatteryMgr:DataCollectionService: stats => 1708615244052,-2454588,3662
02-22 16:20:44.054  5667 11056 I BatteryMgr:DataCollectionService: stats => 1708615244054,-2454588,3662
02-22 16:20:44.527  5667 11056 I BatteryMgr:DataCollectionService: stats => 1708615244527,-2454588,3662
02-22 16:20:45.054  5667 11056 I BatteryMgr:DataCollectionService: stats => 1708615245054,-2485350,3662
02-22 16:20:45.056  5667 12699 I BatteryMgr:DataCollectionService: stats => 1708615245056,-2485350,3662
02-22 16:20:45.531  5667 12699 I BatteryMgr:DataCollectionService: stats => 1708615245531,-2485350,3662
02-22 16:20:46.057  5667 12699 I BatteryMgr:DataCollectionService: stats => 1708615246057,-2278807,3662
02-22 16:20:46.058  5667 12700 I BatteryMgr:DataCollectionService: stats => 1708615246058,-2278807,3662
02-22 16:20:46.534  5667 12700 I BatteryMgr:DataCollectionService: stats => 1708615246534,-2278807,3662
02-22 16:20:47.060  5667 12700 I BatteryMgr:DataCollectionService: stats => 1708615247059,-2345213,3662
02-22 16:20:47.060  5667 12699 I BatteryMgr:DataCollectionService: stats => 1708615247060,-2345213,3662
02-22 16:20:47.537  5667 12700 I BatteryMgr:DataCollectionService: stats => 1708615247537,-2345213,3662
02-22 16:20:48.063  5667 11056 I BatteryMgr:DataCollectionService: stats => 1708615248063,-2211912,3652
02-22 16:20:48.064  5667 12700 I BatteryMgr:DataCollectionService: stats => 1708615248063,-2211912,3652
02-22 16:20:48.556  5667 12700 I BatteryMgr:DataCollectionService: stats => 1708615248556,-2211912,3652
02-22 16:20:49.082  5667 11056 I BatteryMgr:DataCollectionService: stats => 1708615249081,-2415526,3652
02-22 16:20:49.082  5667 12700 I BatteryMgr:DataCollectionService: stats => 1708615249082,-2415526,3652
02-22 16:20:49.560  5667 12700 I BatteryMgr:DataCollectionService: stats => 1708615249560,-2415526,3652
02-22 16:20:50.084  5667 12700 I BatteryMgr:DataCollectionService: stats => 1708615250084,-2625486,3652
02-22 16:20:50.084  5667 11056 I BatteryMgr:DataCollectionService: stats => 1708615250084,-2625486,3652
02-22 16:20:50.564  5667 11056 I BatteryMgr:DataCollectionService: stats => 1708615250564,-2625486,3652
02-22 16:20:51.086  5667 12700 I BatteryMgr:DataCollectionService: stats => 1708615251086,-2494139,3652
02-22 16:20:51.087  5667 11056 I BatteryMgr:DataCollectionService: stats => 1708615251086,-2494139,3652
02-22 16:20:51.567  5667 12700 I BatteryMgr:DataCollectionService: stats => 1708615251567,-2494139,3652
02-22 16:20:52.089  5667 11056 I BatteryMgr:DataCollectionService: stats => 1708615252089,-2507811,3652
02-22 16:20:52.089  5667 12700 I BatteryMgr:DataCollectionService: stats => 1708615252089,-2507811,3652
02-22 16:20:52.570  5667 12700 I BatteryMgr:DataCollectionService: stats => 1708615252570,-2507811,3652
02-22 16:20:53.092  5667 11056 I BatteryMgr:DataCollectionService: stats => 1708615253092,-2441405,3652
02-22 16:20:53.092  5667 12700 I BatteryMgr:DataCollectionService: stats => 1708615253092,-2441405,3652
02-22 16:20:53.573  5667 11056 I BatteryMgr:DataCollectionService: stats => 1708615253572,-2441405,3652
02-22 16:20:54.095  5667 12700 I BatteryMgr:DataCollectionService: stats => 1708615254095,-2419432,3652
02-22 16:20:54.095  5667 11056 I BatteryMgr:DataCollectionService: stats => 1708615254095,-2419432,3652
02-22 16:20:54.575  5667 11056 I BatteryMgr:DataCollectionService: stats => 1708615254575,-2419432,3652
02-22 16:20:55.098  5667 11056 I BatteryMgr:DataCollectionService: stats => 1708615255098,-2460936,3652
02-22 16:20:55.098  5667 12700 I BatteryMgr:DataCollectionService: stats => 1708615255098,-2460936,3652
02-22 16:20:55.578  5667 12700 I BatteryMgr:DataCollectionService: stats => 1708615255577,-2460936,3652
02-22 16:20:56.101  5667 12700 I BatteryMgr:DataCollectionService: stats => 1708615256101,-2560057,3652
02-22 16:20:56.105  5667 12701 I BatteryMgr:DataCollectionService: stats => 1708615256105,-2560057,3652
02-22 16:20:56.580  5667 12701 I BatteryMgr:DataCollectionService: stats => 1708615256580,-2560057,3652
02-22 16:20:57.109  5667 12701 I BatteryMgr:DataCollectionService: stats => 1708615257109,-2428709,3652
02-22 16:20:57.111  5667 12700 I BatteryMgr:DataCollectionService: stats => 1708615257111,-2428709,3652
02-22 16:20:57.589  5667 12700 I BatteryMgr:DataCollectionService: stats => 1708615257589,-2428709,3652
02-22 16:20:58.112  5667 12700 I BatteryMgr:DataCollectionService: stats => 1708615258112,-2539549,3646
02-22 16:20:58.114  5667 12701 I BatteryMgr:DataCollectionService: stats => 1708615258114,-2539549,3646
02-22 16:20:58.593  5667 12701 I BatteryMgr:DataCollectionService: stats => 1708615258593,-2539549,3646
02-22 16:20:59.115  5667 12701 I BatteryMgr:DataCollectionService: stats => 1708615259115,-2496580,3646
02-22 16:20:59.121  5667 12701 I BatteryMgr:DataCollectionService: stats => 1708615259121,-2496580,3646
02-22 16:20:59.595  5667 12701 I BatteryMgr:DataCollectionService: stats => 1708615259595,-2496580,3646
02-22 16:21:00.118  5667 12701 I BatteryMgr:DataCollectionService: stats => 1708615260118,-2449217,3646
02-22 16:21:00.124  5667 12701 I BatteryMgr:DataCollectionService: stats => 1708615260123,-2449217,3646
02-22 16:21:00.598  5667 12701 I BatteryMgr:DataCollectionService: stats => 1708615260598,-2449217,3646
02-22 16:21:01.121  5667 12701 I BatteryMgr:DataCollectionService: stats => 1708615261121,-2437987,3646
02-22 16:21:01.128  5667 12701 I BatteryMgr:DataCollectionService: stats => 1708615261128,-2437987,3646
02-22 16:21:01.603  5667 12701 I BatteryMgr:DataCollectionService: stats => 1708615261603,-2437987,3646
02-22 16:21:02.125  5667 12701 I BatteryMgr:DataCollectionService: stats => 1708615262125,-2426756,3646
02-22 16:21:02.132  5667 12701 I BatteryMgr:DataCollectionService: stats => 1708615262132,-2426756,3646
02-22 16:21:02.606  5667 12701 I BatteryMgr:DataCollectionService: stats => 1708615262606,-2426756,3646
02-22 16:21:03.127  5667 12701 I BatteryMgr:DataCollectionService: stats => 1708615263127,-2452635,3646
02-22 16:21:03.135  5667 12701 I BatteryMgr:DataCollectionService: stats => 1708615263135,-2452635,3646
02-22 16:21:03.612  5667 12701 I BatteryMgr:DataCollectionService: stats => 1708615263612,-2452635,3646
02-22 16:21:04.129  5667 12701 I BatteryMgr:DataCollectionService: stats => 1708615264129,-2516111,3646
02-22 16:21:04.138  5667 12701 I BatteryMgr:DataCollectionService: stats => 1708615264138,-2516111,3646
02-22 16:21:04.614  5667 12701 I BatteryMgr:DataCollectionService: stats => 1708615264614,-2516111,3646
02-22 16:21:05.132  5667 12701 I BatteryMgr:DataCollectionService: stats => 1708615265132,-2470701,3646
02-22 16:21:05.143  5667 12701 I BatteryMgr:DataCollectionService: stats => 1708615265143,-2470701,3646
02-22 16:21:05.617  5667 12701 I BatteryMgr:DataCollectionService: stats => 1708615265617,-2470701,3646
02-22 16:21:06.134  5667 12701 I BatteryMgr:DataCollectionService: stats => 1708615266134,-2483885,3646
02-22 16:21:06.154  5667 12701 I BatteryMgr:DataCollectionService: stats => 1708615266154,-2483885,3646
02-22 16:21:06.623  5667 12701 I BatteryMgr:DataCollectionService: stats => 1708615266623,-2483885,3646
02-22 16:21:07.139  5667 12701 I BatteryMgr:DataCollectionService: stats => 1708615267139,-2483397,3646
02-22 16:21:07.159  5667 12701 I BatteryMgr:DataCollectionService: stats => 1708615267159,-2483397,3646
02-22 16:21:07.631  5667 12701 I BatteryMgr:DataCollectionService: stats => 1708615267631,-2483397,3641
02-22 16:21:08.149  5667 12701 I BatteryMgr:DataCollectionService: stats => 1708615268149,-2527342,3639
02-22 16:21:08.170  5667 12701 I BatteryMgr:DataCollectionService: stats => 1708615268170,-2527342,3639
02-22 16:21:08.634  5667 12701 I BatteryMgr:DataCollectionService: stats => 1708615268634,-2527342,3639
02-22 16:21:09.155  5667 12701 I BatteryMgr:DataCollectionService: stats => 1708615269155,-2446287,3639
02-22 16:21:09.177  5667 12701 I BatteryMgr:DataCollectionService: stats => 1708615269177,-2446287,3639
02-22 16:21:09.637  5667 12701 I BatteryMgr:DataCollectionService: stats => 1708615269637,-2446287,3639
02-22 16:21:10.158  5667 12701 I BatteryMgr:DataCollectionService: stats => 1708615270158,-2486815,3639
02-22 16:21:10.180  5667 12701 I BatteryMgr:DataCollectionService: stats => 1708615270180,-2486815,3639
02-22 16:21:10.640  5667 12701 I BatteryMgr:DataCollectionService: stats => 1708615270639,-2486815,3639
02-22 16:21:11.162  5667 12701 I BatteryMgr:DataCollectionService: stats => 1708615271162,-2439451,3639
02-22 16:21:11.188  5667 12701 I BatteryMgr:DataCollectionService: stats => 1708615271188,-2439451,3639
02-22 16:21:11.642  5667 12701 I BatteryMgr:DataCollectionService: stats => 1708615271642,-2439451,3639
02-22 16:21:12.171  5667 12701 I BatteryMgr:DataCollectionService: stats => 1708615272171,-2418455,3639
02-22 16:21:12.191  5667 12701 I BatteryMgr:DataCollectionService: stats => 1708615272191,-2418455,3639
02-22 16:21:12.645  5667 12701 I BatteryMgr:DataCollectionService: stats => 1708615272645,-2418455,3639
02-22 16:21:13.175  5667 12701 I BatteryMgr:DataCollectionService: stats => 1708615273174,-2425780,3639
02-22 16:21:13.194  5667 12701 I BatteryMgr:DataCollectionService: stats => 1708615273194,-2425780,3639
02-22 16:21:13.647  5667 12701 I BatteryMgr:DataCollectionService: stats => 1708615273646,-2425780,3639
02-22 16:21:14.179  5667 12701 I BatteryMgr:DataCollectionService: stats => 1708615274179,-2440916,3639
02-22 16:21:14.201  5667 12701 I BatteryMgr:DataCollectionService: stats => 1708615274201,-2440916,3639
02-22 16:21:14.649  5667 12701 I BatteryMgr:DataCollectionService: stats => 1708615274649,-2440916,3639
02-22 16:21:15.192  5667 12701 I BatteryMgr:DataCollectionService: stats => 1708615275191,-2502440,3639
02-22 16:21:15.208  5667 12701 I BatteryMgr:DataCollectionService: stats => 1708615275208,-2502440,3639
02-22 16:21:15.651  5667 12701 I BatteryMgr:DataCollectionService: stats => 1708615275651,-2502440,3639
02-22 16:21:16.195  5667 12701 I BatteryMgr:DataCollectionService: stats => 1708615276195,-2594236,3639
02-22 16:21:16.211  5667 12701 I BatteryMgr:DataCollectionService: stats => 1708615276211,-2594236,3639
02-22 16:21:16.654  5667 12701 I BatteryMgr:DataCollectionService: stats => 1708615276654,-2594236,3639
02-22 16:21:17.198  5667 12701 I BatteryMgr:DataCollectionService: stats => 1708615277198,-2490233,3639
02-22 16:21:17.215  5667 12701 I BatteryMgr:DataCollectionService: stats => 1708615277215,-2490233,3639
02-22 16:21:17.656  5667 12701 I BatteryMgr:DataCollectionService: stats => 1708615277656,-2490233,3641
02-22 16:21:18.201  5667 12701 I BatteryMgr:DataCollectionService: stats => 1708615278201,-2446776,3641
02-22 16:21:18.226  5667 12701 I BatteryMgr:DataCollectionService: stats => 1708615278226,-2446776,3641
02-22 16:21:18.660  5667 12701 I BatteryMgr:DataCollectionService: stats => 1708615278660,-2446776,3641
02-22 16:21:19.204  5667 12701 I BatteryMgr:DataCollectionService: stats => 1708615279204,-2551268,3641
02-22 16:21:19.232  5667 12701 I BatteryMgr:DataCollectionService: stats => 1708615279231,-2551268,3641
02-22 16:21:19.663  5667 12701 I BatteryMgr:DataCollectionService: stats => 1708615279663,-2551268,3641
02-22 16:21:20.206  5667 12701 I BatteryMgr:DataCollectionService: stats => 1708615280206,-2435545,3641
02-22 16:21:20.236  5667 12701 I BatteryMgr:DataCollectionService: stats => 1708615280236,-2435545,3641
02-22 16:21:20.667  5667 12701 I BatteryMgr:DataCollectionService: stats => 1708615280667,-2435545,3641
02-22 16:21:21.209  5667 12701 I BatteryMgr:DataCollectionService: stats => 1708615281209,-2487303,3641
02-22 16:21:21.240  5667 12701 I BatteryMgr:DataCollectionService: stats => 1708615281240,-2487303,3641
02-22 16:21:21.670  5667 12701 I BatteryMgr:DataCollectionService: stats => 1708615281670,-2487303,3641
02-22 16:21:22.213  5667 12701 I BatteryMgr:DataCollectionService: stats => 1708615282213,-2562498,3641
02-22 16:21:22.242  5667 12701 I BatteryMgr:DataCollectionService: stats => 1708615282242,-2562498,3641
02-22 16:21:22.672  5667 12701 I BatteryMgr:DataCollectionService: stats => 1708615282672,-2562498,3641
02-22 16:21:23.216  5667 12701 I BatteryMgr:DataCollectionService: stats => 1708615283216,-2419432,3641
02-22 16:21:23.244  5667 12701 I BatteryMgr:DataCollectionService: stats => 1708615283244,-2419432,3641
02-22 16:21:23.678  5667 12701 I BatteryMgr:DataCollectionService: stats => 1708615283678,-2419432,3641
02-22 16:21:24.228  5667 12701 I BatteryMgr:DataCollectionService: stats => 1708615284228,-2513670,3641
02-22 16:21:24.247  5667 12701 I BatteryMgr:DataCollectionService: stats => 1708615284247,-2513670,3641
02-22 16:21:24.682  5667 12701 I BatteryMgr:DataCollectionService: stats => 1708615284681,-2513670,3641
02-22 16:21:25.231  5667 12701 I BatteryMgr:DataCollectionService: stats => 1708615285231,-2570799,3641
02-22 16:21:25.250  5667 12701 I BatteryMgr:DataCollectionService: stats => 1708615285250,-2570799,3641
02-22 16:21:25.688  5667 12701 I BatteryMgr:DataCollectionService: stats => 1708615285688,-2570799,3641
02-22 16:21:26.234  5667 12701 I BatteryMgr:DataCollectionService: stats => 1708615286233,-2441893,3641
02-22 16:21:26.253  5667 12701 I BatteryMgr:DataCollectionService: stats => 1708615286253,-2441893,3641
02-22 16:21:26.691  5667 12701 I BatteryMgr:DataCollectionService: stats => 1708615286691,-2441893,3641
02-22 16:21:27.236  5667 12701 I BatteryMgr:DataCollectionService: stats => 1708615287236,-2387205,3641
02-22 16:21:27.255  5667 12701 I BatteryMgr:DataCollectionService: stats => 1708615287255,-2387205,3641
02-22 16:21:27.693  5667 12701 I BatteryMgr:DataCollectionService: stats => 1708615287693,-2387205,3645
02-22 16:21:28.241  5667 12701 I BatteryMgr:DataCollectionService: stats => 1708615288240,-2502440,3645
02-22 16:21:28.259  5667 12701 I BatteryMgr:DataCollectionService: stats => 1708615288259,-2502440,3645
02-22 16:21:28.696  5667 12701 I BatteryMgr:DataCollectionService: stats => 1708615288696,-2477537,3645
02-22 16:21:29.244  5667 12701 I BatteryMgr:DataCollectionService: stats => 1708615289244,-2477537,3645
02-22 16:21:29.266  5667 12701 I BatteryMgr:DataCollectionService: stats => 1708615289266,-2477537,3645
02-22 16:21:29.698  5667 12701 I BatteryMgr:DataCollectionService: stats => 1708615289698,-2459471,3645
02-22 16:21:30.246  5667 12701 I BatteryMgr:DataCollectionService: stats => 1708615290246,-2459471,3645
02-22 16:21:30.269  5667 12701 I BatteryMgr:DataCollectionService: stats => 1708615290269,-2459471,3645
02-22 16:21:30.705  5667 12701 I BatteryMgr:DataCollectionService: stats => 1708615290705,-2465330,3645
02-22 16:21:31.249  5667 12701 I BatteryMgr:DataCollectionService: stats => 1708615291249,-2465330,3645
02-22 16:21:31.272  5667 12701 I BatteryMgr:DataCollectionService: stats => 1708615291272,-2465330,3645
02-22 16:21:31.707  5667 12701 I BatteryMgr:DataCollectionService: stats => 1708615291707,-2414549,3645
02-22 16:21:32.251  5667 12701 I BatteryMgr:DataCollectionService: stats => 1708615292251,-2414549,3645
02-22 16:21:32.276  5667 12701 I BatteryMgr:DataCollectionService: stats => 1708615292276,-2414549,3645
02-22 16:21:32.711  5667 12701 I BatteryMgr:DataCollectionService: stats => 1708615292711,-2525877,3645
02-22 16:21:33.255  5667 12701 I BatteryMgr:DataCollectionService: stats => 1708615293255,-2525877,3645
02-22 16:21:33.278  5667 12701 I BatteryMgr:DataCollectionService: stats => 1708615293278,-2525877,3645
02-22 16:21:33.714  5667 12701 I BatteryMgr:DataCollectionService: stats => 1708615293714,-2491209,3645
02-22 16:21:34.258  5667 12701 I BatteryMgr:DataCollectionService: stats => 1708615294258,-2491209,3645
02-22 16:21:34.280  5667 12701 I BatteryMgr:DataCollectionService: stats => 1708615294280,-2491209,3645
02-22 16:21:34.717  5667 12701 I BatteryMgr:DataCollectionService: stats => 1708615294717,-2483397,3645
02-22 16:21:35.265  5667 12701 I BatteryMgr:DataCollectionService: stats => 1708615295265,-2483397,3645
02-22 16:21:35.283  5667 12701 I BatteryMgr:DataCollectionService: stats => 1708615295283,-2483397,3645
02-22 16:21:35.721  5667 12701 I BatteryMgr:DataCollectionService: stats => 1708615295721,-2434569,3645
02-22 16:21:36.268  5667 12701 I BatteryMgr:DataCollectionService: stats => 1708615296267,-2434569,3645
02-22 16:21:36.286  5667 12701 I BatteryMgr:DataCollectionService: stats => 1708615296286,-2434569,3645
02-22 16:21:36.725  5667 12701 I BatteryMgr:DataCollectionService: stats => 1708615296724,-2366209,3645
02-22 16:21:37.271  5667 12701 I BatteryMgr:DataCollectionService: stats => 1708615297271,-2366209,3645
02-22 16:21:37.288  5667 12701 I BatteryMgr:DataCollectionService: stats => 1708615297288,-2366209,3645
02-22 16:21:37.728  5667 12701 I BatteryMgr:DataCollectionService: stats => 1708615297728,-2437498,3646
02-22 16:21:38.274  5667 12701 I BatteryMgr:DataCollectionService: stats => 1708615298274,-2437498,3646
02-22 16:21:38.290  5667 12701 I BatteryMgr:DataCollectionService: stats => 1708615298290,-2437498,3646
02-22 16:21:38.731  5667 12701 I BatteryMgr:DataCollectionService: stats => 1708615298731,-2458983,3646
02-22 16:21:39.277  5667 12701 I BatteryMgr:DataCollectionService: stats => 1708615299277,-2458983,3646
02-22 16:21:39.293  5667 12701 I BatteryMgr:DataCollectionService: stats => 1708615299293,-2458983,3646
02-22 16:21:39.751  5667 12701 I BatteryMgr:DataCollectionService: stats => 1708615299749,-2646483,3646
02-22 16:21:40.281  5667 12701 I BatteryMgr:DataCollectionService: stats => 1708615300281,-2646483,3646
02-22 16:21:40.299  5667 12701 I BatteryMgr:DataCollectionService: stats => 1708615300299,-2646483,3646
02-22 16:21:40.757  5667 12701 I BatteryMgr:DataCollectionService: stats => 1708615300756,-2482908,3646
02-22 16:21:41.285  5667 12701 I BatteryMgr:DataCollectionService: stats => 1708615301285,-2482908,3646
02-22 16:21:41.305  5667 12701 I BatteryMgr:DataCollectionService: stats => 1708615301305,-2482908,3646
02-22 16:21:41.760  5667 12701 I BatteryMgr:DataCollectionService: stats => 1708615301760,-2490721,3646
02-22 16:21:42.289  5667 12701 I BatteryMgr:DataCollectionService: stats => 1708615302289,-2490721,3646
02-22 16:21:42.308  5667 12701 I BatteryMgr:DataCollectionService: stats => 1708615302308,-2490721,3646
02-22 16:21:42.763  5667 12701 I BatteryMgr:DataCollectionService: stats => 1708615302763,-2488768,3646
02-22 16:21:43.294  5667 12701 I BatteryMgr:DataCollectionService: stats => 1708615303294,-2488768,3646
02-22 16:21:43.311  5667 12701 I BatteryMgr:DataCollectionService: stats => 1708615303311,-2488768,3646
02-22 16:21:43.768  5667 12701 I BatteryMgr:DataCollectionService: stats => 1708615303768,-2495604,3646
02-22 16:21:44.298  5667 12701 I BatteryMgr:DataCollectionService: stats => 1708615304298,-2495604,3646
02-22 16:21:44.314  5667 12701 I BatteryMgr:DataCollectionService: stats => 1708615304314,-2495604,3646
02-22 16:21:44.770  5667 12701 I BatteryMgr:DataCollectionService: stats => 1708615304770,-2471190,3646
02-22 16:21:45.305  5667 12701 I BatteryMgr:DataCollectionService: stats => 1708615305305,-2471190,3646
02-22 16:21:45.318  5667 12701 I BatteryMgr:DataCollectionService: stats => 1708615305318,-2471190,3646
02-22 16:21:45.775  5667 12701 I BatteryMgr:DataCollectionService: stats => 1708615305775,-2550291,3646
02-22 16:21:46.308  5667 12701 I BatteryMgr:DataCollectionService: stats => 1708615306307,-2550291,3646
02-22 16:21:46.323  5667 12701 I BatteryMgr:DataCollectionService: stats => 1708615306323,-2550291,3646
02-22 16:21:46.781  5667 12701 I BatteryMgr:DataCollectionService: stats => 1708615306781,-2648924,3627
02-22 16:21:47.310  5667 12701 I BatteryMgr:DataCollectionService: stats => 1708615307310,-2648924,3627
02-22 16:21:47.327  5667 12701 I BatteryMgr:DataCollectionService: stats => 1708615307327,-2648924,3627
02-22 16:21:47.791  5667 12701 I BatteryMgr:DataCollectionService: stats => 1708615307791,-2625975,3627
02-22 16:21:48.316  5667 12701 I BatteryMgr:DataCollectionService: stats => 1708615308316,-2625975,3627
02-22 16:21:48.330  5667 12701 I BatteryMgr:DataCollectionService: stats => 1708615308330,-2625975,3627
02-22 16:21:48.796  5667 12701 I BatteryMgr:DataCollectionService: stats => 1708615308796,-2489256,3627
02-22 16:21:49.319  5667 12701 I BatteryMgr:DataCollectionService: stats => 1708615309319,-2489256,3627
02-22 16:21:49.336  5667 12701 I BatteryMgr:DataCollectionService: stats => 1708615309336,-2489256,3627
02-22 16:21:49.798  5667 12701 I BatteryMgr:DataCollectionService: stats => 1708615309798,-2549803,3627
02-22 16:21:50.323  5667 12701 I BatteryMgr:DataCollectionService: stats => 1708615310323,-2549803,3627
02-22 16:21:50.341  5667 12701 I BatteryMgr:DataCollectionService: stats => 1708615310341,-2549803,3627
02-22 16:21:50.801  5667 12701 I BatteryMgr:DataCollectionService: stats => 1708615310801,-2551756,3633
02-22 16:21:51.326  5667 12701 I BatteryMgr:DataCollectionService: stats => 1708615311326,-2551756,3633
02-22 16:21:51.344  5667 12701 I BatteryMgr:DataCollectionService: stats => 1708615311344,-2551756,3633
02-22 16:21:51.804  5667 12701 I BatteryMgr:DataCollectionService: stats => 1708615311804,-2489256,3633
02-22 16:21:52.329  5667 12701 I BatteryMgr:DataCollectionService: stats => 1708615312329,-2489256,3633
02-22 16:21:52.349  5667 12701 I BatteryMgr:DataCollectionService: stats => 1708615312349,-2489256,3633
02-22 16:21:52.808  5667 12701 I BatteryMgr:DataCollectionService: stats => 1708615312808,-2539061,3633
02-22 16:21:53.331  5667 12701 I BatteryMgr:DataCollectionService: stats => 1708615313331,-2539061,3633
02-22 16:21:53.354  5667 12701 I BatteryMgr:DataCollectionService: stats => 1708615313354,-2539061,3633
02-22 16:21:53.811  5667 12701 I BatteryMgr:DataCollectionService: stats => 1708615313811,-2539549,3633
02-22 16:21:54.336  5667 12701 I BatteryMgr:DataCollectionService: stats => 1708615314336,-2539549,3633
02-22 16:21:54.358  5667 12701 I BatteryMgr:DataCollectionService: stats => 1708615314358,-2539549,3633
02-22 16:21:54.817  5667 12701 I BatteryMgr:DataCollectionService: stats => 1708615314817,-2562986,3633
02-22 16:21:55.354  5667 12701 I BatteryMgr:DataCollectionService: stats => 1708615315354,-2562986,3633
02-22 16:21:55.360  5667 12701 I BatteryMgr:DataCollectionService: stats => 1708615315360,-2562986,3633
02-22 16:21:55.826  5667 12701 I BatteryMgr:DataCollectionService: stats => 1708615315826,-2601072,3633
02-22 16:21:56.358  5667 12701 I BatteryMgr:DataCollectionService: stats => 1708615316358,-2601072,3633
02-22 16:21:56.362  5667 12701 I BatteryMgr:DataCollectionService: stats => 1708615316362,-2601072,3633
02-22 16:21:56.829  5667 12701 I BatteryMgr:DataCollectionService: stats => 1708615316828,-2540526,3633
02-22 16:21:57.364  5667 12701 I BatteryMgr:DataCollectionService: stats => 1708615317364,-2540526,3633
02-22 16:21:57.365  5667 12700 I BatteryMgr:DataCollectionService: stats => 1708615317365,-2540526,3633
02-22 16:21:57.838  5667 12700 I BatteryMgr:DataCollectionService: stats => 1708615317838,-2124022,3657
02-22 16:21:58.366  5667 12700 I BatteryMgr:DataCollectionService: stats => 1708615318366,-2124022,3657
02-22 16:21:58.368  5667 12701 I BatteryMgr:DataCollectionService: stats => 1708615318367,-2124022,3657
02-22 16:21:58.842  5667 12701 I BatteryMgr:DataCollectionService: stats => 1708615318842,-2568358,3657
02-22 16:21:59.370  5667 12701 I BatteryMgr:DataCollectionService: stats => 1708615319370,-2568358,3657
02-22 16:21:59.370  5667 12700 I BatteryMgr:DataCollectionService: stats => 1708615319370,-2568358,3657
02-22 16:21:59.844  5667 12700 I BatteryMgr:DataCollectionService: stats => 1708615319844,-2603026,3657
02-22 16:22:00.374  5667 12700 I BatteryMgr:DataCollectionService: stats => 1708615320373,-2603026,3657
02-22 16:22:00.374  5667 12701 I BatteryMgr:DataCollectionService: stats => 1708615320374,-2603026,3657
02-22 16:22:00.846  5667 12701 I BatteryMgr:DataCollectionService: stats => 1708615320846,-2537108,3657
02-22 16:22:01.377  5667 12699 I BatteryMgr:DataCollectionService: stats => 1708615321377,-2537108,3657
02-22 16:22:01.377  5667 12700 I BatteryMgr:DataCollectionService: stats => 1708615321377,-2537108,3657
02-22 16:22:01.849  5667 12700 I BatteryMgr:DataCollectionService: stats => 1708615321849,-2618162,3657
02-22 16:22:02.381  5667 12700 I BatteryMgr:DataCollectionService: stats => 1708615322381,-2618162,3657
02-22 16:22:02.382  5667 12699 I BatteryMgr:DataCollectionService: stats => 1708615322382,-2618162,3657
02-22 16:22:02.851  5667 12699 I BatteryMgr:DataCollectionService: stats => 1708615322851,-2611815,3657
02-22 16:22:03.385  5667 11056 I BatteryMgr:DataCollectionService: stats => 1708615323385,-2611815,3657
02-22 16:22:03.387  5667 12699 I BatteryMgr:DataCollectionService: stats => 1708615323386,-2611815,3657
02-22 16:22:03.855  5667 12699 I BatteryMgr:DataCollectionService: stats => 1708615323855,-2516600,3657
02-22 16:22:04.391  5667 12699 I BatteryMgr:DataCollectionService: stats => 1708615324390,-2516600,3657
02-22 16:22:04.397  5667 12699 I BatteryMgr:DataCollectionService: stats => 1708615324397,-2516600,3657
02-22 16:22:04.863  5667 12699 I BatteryMgr:DataCollectionService: stats => 1708615324863,-2648924,3657
02-22 16:22:05.393  5667 12699 I BatteryMgr:DataCollectionService: stats => 1708615325393,-2648924,3657
02-22 16:22:05.400  5667 12699 I BatteryMgr:DataCollectionService: stats => 1708615325400,-2648924,3657
02-22 16:22:05.868  5667 12699 I BatteryMgr:DataCollectionService: stats => 1708615325868,-2659178,3657
02-22 16:22:06.396  5667 12699 I BatteryMgr:DataCollectionService: stats => 1708615326396,-2659178,3657
02-22 16:22:06.402  5667 12699 I BatteryMgr:DataCollectionService: stats => 1708615326402,-2659178,3657
02-22 16:22:06.872  5667 12699 I BatteryMgr:DataCollectionService: stats => 1708615326872,-2499510,3657
