timestamp,id,uuid,load,memoryUtil,memoryTotal,memoryFree,driver,name,serial,display_mode,display_active
1708616322.029979,0,GPU-a71d5fd4-b7db-93b7-1b7a-5a6e2a6a8c65,0.18,0.344921875,10240.0,6708.0,472.12,NVIDIA GeForce RTX 3080,[N/A],Enabled,Enabled
1708616323.033568,0,GPU-a71d5fd4-b7db-93b7-1b7a-5a6e2a6a8c65,0.15,0.505859375,10240.0,5060.0,472.12,NVIDIA GeForce RTX 3080,[N/A],Enabled,Enabled
1708616324.029334,0,GPU-a71d5fd4-b7db-93b7-1b7a-5a6e2a6a8c65,0.1,0.4484375,10240.0,5648.0,472.12,NVIDIA GeForce RTX 3080,[N/A],Enabled,Enabled
1708616325.031117,0,GPU-a71d5fd4-b7db-93b7-1b7a-5a6e2a6a8c65,0.1,0.4484375,10240.0,5648.0,472.12,NVIDIA GeForce RTX 3080,[N/A],Enabled,Enabled
1708616326.030239,0,GPU-a71d5fd4-b7db-93b7-1b7a-5a6e2a6a8c65,0.1,0.4494140625,10240.0,5638.0,472.12,NVIDIA GeForce RTX 3080,[N/A],Enabled,Enabled
1708616327.029599,0,GPU-a71d5fd4-b7db-93b7-1b7a-5a6e2a6a8c65,0.1,0.33798828125,10240.0,6779.0,472.12,NVIDIA GeForce RTX 3080,[N/A],Enabled,Enabled
1708616328.026136,0,GPU-a71d5fd4-b7db-93b7-1b7a-5a6e2a6a8c65,0.2,0.47099609375,10240.0,5417.0,472.12,NVIDIA GeForce RTX 3080,[N/A],Enabled,Enabled
1708616329.027291,0,GPU-a71d5fd4-b7db-93b7-1b7a-5a6e2a6a8c65,0.14,0.40283203125,10240.0,6115.0,472.12,NVIDIA GeForce RTX 3080,[N/A],Enabled,Enabled
1708616330.025027,0,GPU-a71d5fd4-b7db-93b7-1b7a-5a6e2a6a8c65,0.14,0.4029296875,10240.0,6114.0,472.12,NVIDIA GeForce RTX 3080,[N/A],Enabled,Enabled
1708616331.025139,0,GPU-a71d5fd4-b7db-93b7-1b7a-5a6e2a6a8c65,0.13,0.3990234375,10240.0,6154.0,472.12,NVIDIA GeForce RTX 3080,[N/A],Enabled,Enabled
1708616332.035475,0,GPU-a71d5fd4-b7db-93b7-1b7a-5a6e2a6a8c65,0.14,0.40302734375,10240.0,6113.0,472.12,NVIDIA GeForce RTX 3080,[N/A],Enabled,Enabled
1708616333.035373,0,GPU-a71d5fd4-b7db-93b7-1b7a-5a6e2a6a8c65,0.06,0.44755859375,10240.0,5657.0,472.12,NVIDIA GeForce RTX 3080,[N/A],Enabled,Enabled
1708616334.031934,0,GPU-a71d5fd4-b7db-93b7-1b7a-5a6e2a6a8c65,0.11,0.40419921875,10240.0,6101.0,472.12,NVIDIA GeForce RTX 3080,[N/A],Enabled,Enabled
1708616335.034757,0,GPU-a71d5fd4-b7db-93b7-1b7a-5a6e2a6a8c65,0.13,0.400390625,10240.0,6140.0,472.12,NVIDIA GeForce RTX 3080,[N/A],Enabled,Enabled
1708616336.030274,0,GPU-a71d5fd4-b7db-93b7-1b7a-5a6e2a6a8c65,0.13,0.400390625,10240.0,6140.0,472.12,NVIDIA GeForce RTX 3080,[N/A],Enabled,Enabled
1708616337.027542,0,GPU-a71d5fd4-b7db-93b7-1b7a-5a6e2a6a8c65,0.13,0.40009765625,10240.0,6143.0,472.12,NVIDIA GeForce RTX 3080,[N/A],Enabled,Enabled
1708616338.036301,0,GPU-a71d5fd4-b7db-93b7-1b7a-5a6e2a6a8c65,0.13,0.4001953125,10240.0,6142.0,472.12,NVIDIA GeForce RTX 3080,[N/A],Enabled,Enabled
1708616339.032322,0,GPU-a71d5fd4-b7db-93b7-1b7a-5a6e2a6a8c65,0.13,0.40390625,10240.0,6104.0,472.12,NVIDIA GeForce RTX 3080,[N/A],Enabled,Enabled
1708616340.025861,0,GPU-a71d5fd4-b7db-93b7-1b7a-5a6e2a6a8c65,0.14,0.40390625,10240.0,6104.0,472.12,NVIDIA GeForce RTX 3080,[N/A],Enabled,Enabled
1708616341.026299,0,GPU-a71d5fd4-b7db-93b7-1b7a-5a6e2a6a8c65,0.14,0.4029296875,10240.0,6114.0,472.12,NVIDIA GeForce RTX 3080,[N/A],Enabled,Enabled
1708616342.027869,0,GPU-a71d5fd4-b7db-93b7-1b7a-5a6e2a6a8c65,0.13,0.4029296875,10240.0,6114.0,472.12,NVIDIA GeForce RTX 3080,[N/A],Enabled,Enabled
1708616343.028861,0,GPU-a71d5fd4-b7db-93b7-1b7a-5a6e2a6a8c65,0.13,0.39921875,10240.0,6152.0,472.12,NVIDIA GeForce RTX 3080,[N/A],Enabled,Enabled
1708616344.028735,0,GPU-a71d5fd4-b7db-93b7-1b7a-5a6e2a6a8c65,0.12,0.39921875,10240.0,6152.0,472.12,NVIDIA GeForce RTX 3080,[N/A],Enabled,Enabled
1708616345.024872,0,GPU-a71d5fd4-b7db-93b7-1b7a-5a6e2a6a8c65,0.14,0.40302734375,10240.0,6113.0,472.12,NVIDIA GeForce RTX 3080,[N/A],Enabled,Enabled
1708616346.035659,0,GPU-a71d5fd4-b7db-93b7-1b7a-5a6e2a6a8c65,0.13,0.40302734375,10240.0,6113.0,472.12,NVIDIA GeForce RTX 3080,[N/A],Enabled,Enabled
1708616347.03361,0,GPU-a71d5fd4-b7db-93b7-1b7a-5a6e2a6a8c65,0.13,0.40166015625,10240.0,6127.0,472.12,NVIDIA GeForce RTX 3080,[N/A],Enabled,Enabled
1708616348.02605,0,GPU-a71d5fd4-b7db-93b7-1b7a-5a6e2a6a8c65,0.17,0.41240234375,10240.0,6017.0,472.12,NVIDIA GeForce RTX 3080,[N/A],Enabled,Enabled
1708616349.037131,0,GPU-a71d5fd4-b7db-93b7-1b7a-5a6e2a6a8c65,0.16,0.41240234375,10240.0,6017.0,472.12,NVIDIA GeForce RTX 3080,[N/A],Enabled,Enabled
1708616350.037274,0,GPU-a71d5fd4-b7db-93b7-1b7a-5a6e2a6a8c65,0.17,0.41240234375,10240.0,6017.0,472.12,NVIDIA GeForce RTX 3080,[N/A],Enabled,Enabled
1708616351.035292,0,GPU-a71d5fd4-b7db-93b7-1b7a-5a6e2a6a8c65,0.16,0.41240234375,10240.0,6017.0,472.12,NVIDIA GeForce RTX 3080,[N/A],Enabled,Enabled
1708616352.033333,0,GPU-a71d5fd4-b7db-93b7-1b7a-5a6e2a6a8c65,0.16,0.41240234375,10240.0,6017.0,472.12,NVIDIA GeForce RTX 3080,[N/A],Enabled,Enabled
1708616353.031194,0,GPU-a71d5fd4-b7db-93b7-1b7a-5a6e2a6a8c65,0.16,0.41240234375,10240.0,6017.0,472.12,NVIDIA GeForce RTX 3080,[N/A],Enabled,Enabled
1708616354.031074,0,GPU-a71d5fd4-b7db-93b7-1b7a-5a6e2a6a8c65,0.16,0.41240234375,10240.0,6017.0,472.12,NVIDIA GeForce RTX 3080,[N/A],Enabled,Enabled
1708616355.031016,0,GPU-a71d5fd4-b7db-93b7-1b7a-5a6e2a6a8c65,0.17,0.41240234375,10240.0,6017.0,472.12,NVIDIA GeForce RTX 3080,[N/A],Enabled,Enabled
1708616356.033276,0,GPU-a71d5fd4-b7db-93b7-1b7a-5a6e2a6a8c65,0.16,0.41240234375,10240.0,6017.0,472.12,NVIDIA GeForce RTX 3080,[N/A],Enabled,Enabled
1708616357.0314,0,GPU-a71d5fd4-b7db-93b7-1b7a-5a6e2a6a8c65,0.17,0.41240234375,10240.0,6017.0,472.12,NVIDIA GeForce RTX 3080,[N/A],Enabled,Enabled
1708616358.032957,0,GPU-a71d5fd4-b7db-93b7-1b7a-5a6e2a6a8c65,0.16,0.41240234375,10240.0,6017.0,472.12,NVIDIA GeForce RTX 3080,[N/A],Enabled,Enabled
1708616359.033667,0,GPU-a71d5fd4-b7db-93b7-1b7a-5a6e2a6a8c65,0.17,0.41240234375,10240.0,6017.0,472.12,NVIDIA GeForce RTX 3080,[N/A],Enabled,Enabled
1708616360.037186,0,GPU-a71d5fd4-b7db-93b7-1b7a-5a6e2a6a8c65,0.16,0.41240234375,10240.0,6017.0,472.12,NVIDIA GeForce RTX 3080,[N/A],Enabled,Enabled
1708616361.036953,0,GPU-a71d5fd4-b7db-93b7-1b7a-5a6e2a6a8c65,0.16,0.41240234375,10240.0,6017.0,472.12,NVIDIA GeForce RTX 3080,[N/A],Enabled,Enabled
1708616362.030139,0,GPU-a71d5fd4-b7db-93b7-1b7a-5a6e2a6a8c65,0.16,0.41240234375,10240.0,6017.0,472.12,NVIDIA GeForce RTX 3080,[N/A],Enabled,Enabled
1708616363.02589,0,GPU-a71d5fd4-b7db-93b7-1b7a-5a6e2a6a8c65,0.16,0.41240234375,10240.0,6017.0,472.12,NVIDIA GeForce RTX 3080,[N/A],Enabled,Enabled
1708616364.027297,0,GPU-a71d5fd4-b7db-93b7-1b7a-5a6e2a6a8c65,0.16,0.41240234375,10240.0,6017.0,472.12,NVIDIA GeForce RTX 3080,[N/A],Enabled,Enabled
1708616365.03629,0,GPU-a71d5fd4-b7db-93b7-1b7a-5a6e2a6a8c65,0.17,0.41328125,10240.0,6008.0,472.12,NVIDIA GeForce RTX 3080,[N/A],Enabled,Enabled
1708616366.035065,0,GPU-a71d5fd4-b7db-93b7-1b7a-5a6e2a6a8c65,0.17,0.41328125,10240.0,6008.0,472.12,NVIDIA GeForce RTX 3080,[N/A],Enabled,Enabled
1708616367.036812,0,GPU-a71d5fd4-b7db-93b7-1b7a-5a6e2a6a8c65,0.16,0.41328125,10240.0,6008.0,472.12,NVIDIA GeForce RTX 3080,[N/A],Enabled,Enabled
1708616368.036116,0,GPU-a71d5fd4-b7db-93b7-1b7a-5a6e2a6a8c65,0.16,0.41328125,10240.0,6008.0,472.12,NVIDIA GeForce RTX 3080,[N/A],Enabled,Enabled
1708616369.034859,0,GPU-a71d5fd4-b7db-93b7-1b7a-5a6e2a6a8c65,0.17,0.41328125,10240.0,6008.0,472.12,NVIDIA GeForce RTX 3080,[N/A],Enabled,Enabled
1708616370.033881,0,GPU-a71d5fd4-b7db-93b7-1b7a-5a6e2a6a8c65,0.17,0.41328125,10240.0,6008.0,472.12,NVIDIA GeForce RTX 3080,[N/A],Enabled,Enabled
1708616371.035869,0,GPU-a71d5fd4-b7db-93b7-1b7a-5a6e2a6a8c65,0.17,0.41328125,10240.0,6008.0,472.12,NVIDIA GeForce RTX 3080,[N/A],Enabled,Enabled
1708616372.023798,0,GPU-a71d5fd4-b7db-93b7-1b7a-5a6e2a6a8c65,0.16,0.41328125,10240.0,6008.0,472.12,NVIDIA GeForce RTX 3080,[N/A],Enabled,Enabled
1708616373.02334,0,GPU-a71d5fd4-b7db-93b7-1b7a-5a6e2a6a8c65,0.16,0.41328125,10240.0,6008.0,472.12,NVIDIA GeForce RTX 3080,[N/A],Enabled,Enabled
1708616374.026273,0,GPU-a71d5fd4-b7db-93b7-1b7a-5a6e2a6a8c65,0.16,0.412890625,10240.0,6012.0,472.12,NVIDIA GeForce RTX 3080,[N/A],Enabled,Enabled
1708616375.026419,0,GPU-a71d5fd4-b7db-93b7-1b7a-5a6e2a6a8c65,0.17,0.4126953125,10240.0,6014.0,472.12,NVIDIA GeForce RTX 3080,[N/A],Enabled,Enabled
1708616376.030483,0,GPU-a71d5fd4-b7db-93b7-1b7a-5a6e2a6a8c65,0.17,0.4126953125,10240.0,6014.0,472.12,NVIDIA GeForce RTX 3080,[N/A],Enabled,Enabled
1708616377.035841,0,GPU-a71d5fd4-b7db-93b7-1b7a-5a6e2a6a8c65,0.17,0.4126953125,10240.0,6014.0,472.12,NVIDIA GeForce RTX 3080,[N/A],Enabled,Enabled
1708616378.033048,0,GPU-a71d5fd4-b7db-93b7-1b7a-5a6e2a6a8c65,0.16,0.4126953125,10240.0,6014.0,472.12,NVIDIA GeForce RTX 3080,[N/A],Enabled,Enabled
1708616379.02371,0,GPU-a71d5fd4-b7db-93b7-1b7a-5a6e2a6a8c65,0.17,0.4126953125,10240.0,6014.0,472.12,NVIDIA GeForce RTX 3080,[N/A],Enabled,Enabled
1708616380.036954,0,GPU-a71d5fd4-b7db-93b7-1b7a-5a6e2a6a8c65,0.17,0.4126953125,10240.0,6014.0,472.12,NVIDIA GeForce RTX 3080,[N/A],Enabled,Enabled
1708616381.024032,0,GPU-a71d5fd4-b7db-93b7-1b7a-5a6e2a6a8c65,0.17,0.4126953125,10240.0,6014.0,472.12,NVIDIA GeForce RTX 3080,[N/A],Enabled,Enabled
1708616382.029237,0,GPU-a71d5fd4-b7db-93b7-1b7a-5a6e2a6a8c65,0.16,0.4126953125,10240.0,6014.0,472.12,NVIDIA GeForce RTX 3080,[N/A],Enabled,Enabled
1708616383.030054,0,GPU-a71d5fd4-b7db-93b7-1b7a-5a6e2a6a8c65,0.17,0.4126953125,10240.0,6014.0,472.12,NVIDIA GeForce RTX 3080,[N/A],Enabled,Enabled
1708616384.028216,0,GPU-a71d5fd4-b7db-93b7-1b7a-5a6e2a6a8c65,0.16,0.4126953125,10240.0,6014.0,472.12,NVIDIA GeForce RTX 3080,[N/A],Enabled,Enabled
1708616385.029084,0,GPU-a71d5fd4-b7db-93b7-1b7a-5a6e2a6a8c65,0.17,0.4126953125,10240.0,6014.0,472.12,NVIDIA GeForce RTX 3080,[N/A],Enabled,Enabled
1708616386.023396,0,GPU-a71d5fd4-b7db-93b7-1b7a-5a6e2a6a8c65,0.17,0.4126953125,10240.0,6014.0,472.12,NVIDIA GeForce RTX 3080,[N/A],Enabled,Enabled
1708616387.023579,0,GPU-a71d5fd4-b7db-93b7-1b7a-5a6e2a6a8c65,0.16,0.4126953125,10240.0,6014.0,472.12,NVIDIA GeForce RTX 3080,[N/A],Enabled,Enabled
1708616388.034128,0,GPU-a71d5fd4-b7db-93b7-1b7a-5a6e2a6a8c65,0.16,0.4126953125,10240.0,6014.0,472.12,NVIDIA GeForce RTX 3080,[N/A],Enabled,Enabled
1708616389.031168,0,GPU-a71d5fd4-b7db-93b7-1b7a-5a6e2a6a8c65,0.17,0.4126953125,10240.0,6014.0,472.12,NVIDIA GeForce RTX 3080,[N/A],Enabled,Enabled
1708616390.030087,0,GPU-a71d5fd4-b7db-93b7-1b7a-5a6e2a6a8c65,0.16,0.4126953125,10240.0,6014.0,472.12,NVIDIA GeForce RTX 3080,[N/A],Enabled,Enabled
1708616391.026303,0,GPU-a71d5fd4-b7db-93b7-1b7a-5a6e2a6a8c65,0.17,0.4126953125,10240.0,6014.0,472.12,NVIDIA GeForce RTX 3080,[N/A],Enabled,Enabled
1708616392.029044,0,GPU-a71d5fd4-b7db-93b7-1b7a-5a6e2a6a8c65,0.16,0.4126953125,10240.0,6014.0,472.12,NVIDIA GeForce RTX 3080,[N/A],Enabled,Enabled
1708616393.026866,0,GPU-a71d5fd4-b7db-93b7-1b7a-5a6e2a6a8c65,0.17,0.4126953125,10240.0,6014.0,472.12,NVIDIA GeForce RTX 3080,[N/A],Enabled,Enabled
1708616394.028891,0,GPU-a71d5fd4-b7db-93b7-1b7a-5a6e2a6a8c65,0.16,0.4126953125,10240.0,6014.0,472.12,NVIDIA GeForce RTX 3080,[N/A],Enabled,Enabled
1708616395.027116,0,GPU-a71d5fd4-b7db-93b7-1b7a-5a6e2a6a8c65,0.17,0.4126953125,10240.0,6014.0,472.12,NVIDIA GeForce RTX 3080,[N/A],Enabled,Enabled
1708616396.024992,0,GPU-a71d5fd4-b7db-93b7-1b7a-5a6e2a6a8c65,0.16,0.4126953125,10240.0,6014.0,472.12,NVIDIA GeForce RTX 3080,[N/A],Enabled,Enabled
1708616397.022566,0,GPU-a71d5fd4-b7db-93b7-1b7a-5a6e2a6a8c65,0.17,0.4126953125,10240.0,6014.0,472.12,NVIDIA GeForce RTX 3080,[N/A],Enabled,Enabled
1708616398.023361,0,GPU-a71d5fd4-b7db-93b7-1b7a-5a6e2a6a8c65,0.17,0.4126953125,10240.0,6014.0,472.12,NVIDIA GeForce RTX 3080,[N/A],Enabled,Enabled
1708616399.026315,0,GPU-a71d5fd4-b7db-93b7-1b7a-5a6e2a6a8c65,0.17,0.4126953125,10240.0,6014.0,472.12,NVIDIA GeForce RTX 3080,[N/A],Enabled,Enabled
1708616400.037853,0,GPU-a71d5fd4-b7db-93b7-1b7a-5a6e2a6a8c65,0.17,0.4126953125,10240.0,6014.0,472.12,NVIDIA GeForce RTX 3080,[N/A],Enabled,Enabled
1708616401.037989,0,GPU-a71d5fd4-b7db-93b7-1b7a-5a6e2a6a8c65,0.17,0.4126953125,10240.0,6014.0,472.12,NVIDIA GeForce RTX 3080,[N/A],Enabled,Enabled
1708616402.034883,0,GPU-a71d5fd4-b7db-93b7-1b7a-5a6e2a6a8c65,0.16,0.4126953125,10240.0,6014.0,472.12,NVIDIA GeForce RTX 3080,[N/A],Enabled,Enabled
1708616403.035906,0,GPU-a71d5fd4-b7db-93b7-1b7a-5a6e2a6a8c65,0.17,0.4126953125,10240.0,6014.0,472.12,NVIDIA GeForce RTX 3080,[N/A],Enabled,Enabled
1708616404.033837,0,GPU-a71d5fd4-b7db-93b7-1b7a-5a6e2a6a8c65,0.16,0.4126953125,10240.0,6014.0,472.12,NVIDIA GeForce RTX 3080,[N/A],Enabled,Enabled
1708616405.037112,0,GPU-a71d5fd4-b7db-93b7-1b7a-5a6e2a6a8c65,0.17,0.4126953125,10240.0,6014.0,472.12,NVIDIA GeForce RTX 3080,[N/A],Enabled,Enabled
1708616406.025272,0,GPU-a71d5fd4-b7db-93b7-1b7a-5a6e2a6a8c65,0.16,0.4126953125,10240.0,6014.0,472.12,NVIDIA GeForce RTX 3080,[N/A],Enabled,Enabled
1708616407.023449,0,GPU-a71d5fd4-b7db-93b7-1b7a-5a6e2a6a8c65,0.17,0.4126953125,10240.0,6014.0,472.12,NVIDIA GeForce RTX 3080,[N/A],Enabled,Enabled
1708616408.024082,0,GPU-a71d5fd4-b7db-93b7-1b7a-5a6e2a6a8c65,0.17,0.4126953125,10240.0,6014.0,472.12,NVIDIA GeForce RTX 3080,[N/A],Enabled,Enabled
1708616409.03604,0,GPU-a71d5fd4-b7db-93b7-1b7a-5a6e2a6a8c65,0.17,0.4126953125,10240.0,6014.0,472.12,NVIDIA GeForce RTX 3080,[N/A],Enabled,Enabled
1708616410.035188,0,GPU-a71d5fd4-b7db-93b7-1b7a-5a6e2a6a8c65,0.17,0.4126953125,10240.0,6014.0,472.12,NVIDIA GeForce RTX 3080,[N/A],Enabled,Enabled
1708616411.03007,0,GPU-a71d5fd4-b7db-93b7-1b7a-5a6e2a6a8c65,0.17,0.4126953125,10240.0,6014.0,472.12,NVIDIA GeForce RTX 3080,[N/A],Enabled,Enabled
1708616412.028236,0,GPU-a71d5fd4-b7db-93b7-1b7a-5a6e2a6a8c65,0.17,0.4126953125,10240.0,6014.0,472.12,NVIDIA GeForce RTX 3080,[N/A],Enabled,Enabled
1708616413.02371,0,GPU-a71d5fd4-b7db-93b7-1b7a-5a6e2a6a8c65,0.17,0.4126953125,10240.0,6014.0,472.12,NVIDIA GeForce RTX 3080,[N/A],Enabled,Enabled
1708616414.024927,0,GPU-a71d5fd4-b7db-93b7-1b7a-5a6e2a6a8c65,0.16,0.4126953125,10240.0,6014.0,472.12,NVIDIA GeForce RTX 3080,[N/A],Enabled,Enabled
1708616415.036724,0,GPU-a71d5fd4-b7db-93b7-1b7a-5a6e2a6a8c65,0.17,0.4126953125,10240.0,6014.0,472.12,NVIDIA GeForce RTX 3080,[N/A],Enabled,Enabled
1708616416.036261,0,GPU-a71d5fd4-b7db-93b7-1b7a-5a6e2a6a8c65,0.17,0.41259765625,10240.0,6015.0,472.12,NVIDIA GeForce RTX 3080,[N/A],Enabled,Enabled
1708616417.036164,0,GPU-a71d5fd4-b7db-93b7-1b7a-5a6e2a6a8c65,0.17,0.4125,10240.0,6016.0,472.12,NVIDIA GeForce RTX 3080,[N/A],Enabled,Enabled
1708616418.025052,0,GPU-a71d5fd4-b7db-93b7-1b7a-5a6e2a6a8c65,0.17,0.4125,10240.0,6016.0,472.12,NVIDIA GeForce RTX 3080,[N/A],Enabled,Enabled
1708616419.027967,0,GPU-a71d5fd4-b7db-93b7-1b7a-5a6e2a6a8c65,0.17,0.41240234375,10240.0,6017.0,472.12,NVIDIA GeForce RTX 3080,[N/A],Enabled,Enabled
1708616420.026703,0,GPU-a71d5fd4-b7db-93b7-1b7a-5a6e2a6a8c65,0.17,0.41259765625,10240.0,6015.0,472.12,NVIDIA GeForce RTX 3080,[N/A],Enabled,Enabled
1708616421.027599,0,GPU-a71d5fd4-b7db-93b7-1b7a-5a6e2a6a8c65,0.17,0.4126953125,10240.0,6014.0,472.12,NVIDIA GeForce RTX 3080,[N/A],Enabled,Enabled
1708616422.03055,0,GPU-a71d5fd4-b7db-93b7-1b7a-5a6e2a6a8c65,0.16,0.4126953125,10240.0,6014.0,472.12,NVIDIA GeForce RTX 3080,[N/A],Enabled,Enabled
1708616423.029004,0,GPU-a71d5fd4-b7db-93b7-1b7a-5a6e2a6a8c65,0.16,0.4126953125,10240.0,6014.0,472.12,NVIDIA GeForce RTX 3080,[N/A],Enabled,Enabled
1708616424.024865,0,GPU-a71d5fd4-b7db-93b7-1b7a-5a6e2a6a8c65,0.16,0.4126953125,10240.0,6014.0,472.12,NVIDIA GeForce RTX 3080,[N/A],Enabled,Enabled
1708616425.035172,0,GPU-a71d5fd4-b7db-93b7-1b7a-5a6e2a6a8c65,0.17,0.4126953125,10240.0,6014.0,472.12,NVIDIA GeForce RTX 3080,[N/A],Enabled,Enabled
1708616426.032213,0,GPU-a71d5fd4-b7db-93b7-1b7a-5a6e2a6a8c65,0.16,0.4126953125,10240.0,6014.0,472.12,NVIDIA GeForce RTX 3080,[N/A],Enabled,Enabled
1708616427.033276,0,GPU-a71d5fd4-b7db-93b7-1b7a-5a6e2a6a8c65,0.17,0.41259765625,10240.0,6015.0,472.12,NVIDIA GeForce RTX 3080,[N/A],Enabled,Enabled
1708616428.036363,0,GPU-a71d5fd4-b7db-93b7-1b7a-5a6e2a6a8c65,0.17,0.41259765625,10240.0,6015.0,472.12,NVIDIA GeForce RTX 3080,[N/A],Enabled,Enabled
1708616429.035163,0,GPU-a71d5fd4-b7db-93b7-1b7a-5a6e2a6a8c65,0.17,0.41259765625,10240.0,6015.0,472.12,NVIDIA GeForce RTX 3080,[N/A],Enabled,Enabled
1708616430.033877,0,GPU-a71d5fd4-b7db-93b7-1b7a-5a6e2a6a8c65,0.17,0.41181640625,10240.0,6023.0,472.12,NVIDIA GeForce RTX 3080,[N/A],Enabled,Enabled
1708616431.031773,0,GPU-a71d5fd4-b7db-93b7-1b7a-5a6e2a6a8c65,0.17,0.41181640625,10240.0,6023.0,472.12,NVIDIA GeForce RTX 3080,[N/A],Enabled,Enabled
1708616432.028949,0,GPU-a71d5fd4-b7db-93b7-1b7a-5a6e2a6a8c65,0.17,0.41181640625,10240.0,6023.0,472.12,NVIDIA GeForce RTX 3080,[N/A],Enabled,Enabled
1708616433.028993,0,GPU-a71d5fd4-b7db-93b7-1b7a-5a6e2a6a8c65,0.17,0.41181640625,10240.0,6023.0,472.12,NVIDIA GeForce RTX 3080,[N/A],Enabled,Enabled
1708616434.024851,0,GPU-a71d5fd4-b7db-93b7-1b7a-5a6e2a6a8c65,0.17,0.41181640625,10240.0,6023.0,472.12,NVIDIA GeForce RTX 3080,[N/A],Enabled,Enabled
1708616435.037331,0,GPU-a71d5fd4-b7db-93b7-1b7a-5a6e2a6a8c65,0.18,0.41181640625,10240.0,6023.0,472.12,NVIDIA GeForce RTX 3080,[N/A],Enabled,Enabled
1708616436.025294,0,GPU-a71d5fd4-b7db-93b7-1b7a-5a6e2a6a8c65,0.17,0.41181640625,10240.0,6023.0,472.12,NVIDIA GeForce RTX 3080,[N/A],Enabled,Enabled
1708616437.025033,0,GPU-a71d5fd4-b7db-93b7-1b7a-5a6e2a6a8c65,0.17,0.41181640625,10240.0,6023.0,472.12,NVIDIA GeForce RTX 3080,[N/A],Enabled,Enabled
1708616438.023536,0,GPU-a71d5fd4-b7db-93b7-1b7a-5a6e2a6a8c65,0.17,0.41181640625,10240.0,6023.0,472.12,NVIDIA GeForce RTX 3080,[N/A],Enabled,Enabled
1708616439.036951,0,GPU-a71d5fd4-b7db-93b7-1b7a-5a6e2a6a8c65,0.17,0.41181640625,10240.0,6023.0,472.12,NVIDIA GeForce RTX 3080,[N/A],Enabled,Enabled
1708616440.036245,0,GPU-a71d5fd4-b7db-93b7-1b7a-5a6e2a6a8c65,0.17,0.41181640625,10240.0,6023.0,472.12,NVIDIA GeForce RTX 3080,[N/A],Enabled,Enabled
1708616441.035033,0,GPU-a71d5fd4-b7db-93b7-1b7a-5a6e2a6a8c65,0.17,0.41181640625,10240.0,6023.0,472.12,NVIDIA GeForce RTX 3080,[N/A],Enabled,Enabled
1708616442.037256,0,GPU-a71d5fd4-b7db-93b7-1b7a-5a6e2a6a8c65,0.17,0.41181640625,10240.0,6023.0,472.12,NVIDIA GeForce RTX 3080,[N/A],Enabled,Enabled
1708616443.024188,0,GPU-a71d5fd4-b7db-93b7-1b7a-5a6e2a6a8c65,0.17,0.41181640625,10240.0,6023.0,472.12,NVIDIA GeForce RTX 3080,[N/A],Enabled,Enabled
1708616444.023724,0,GPU-a71d5fd4-b7db-93b7-1b7a-5a6e2a6a8c65,0.16,0.41181640625,10240.0,6023.0,472.12,NVIDIA GeForce RTX 3080,[N/A],Enabled,Enabled
1708616445.023559,0,GPU-a71d5fd4-b7db-93b7-1b7a-5a6e2a6a8c65,0.17,0.41181640625,10240.0,6023.0,472.12,NVIDIA GeForce RTX 3080,[N/A],Enabled,Enabled
1708616446.026011,0,GPU-a71d5fd4-b7db-93b7-1b7a-5a6e2a6a8c65,0.16,0.41181640625,10240.0,6023.0,472.12,NVIDIA GeForce RTX 3080,[N/A],Enabled,Enabled
1708616447.025989,0,GPU-a71d5fd4-b7db-93b7-1b7a-5a6e2a6a8c65,0.17,0.41181640625,10240.0,6023.0,472.12,NVIDIA GeForce RTX 3080,[N/A],Enabled,Enabled
1708616448.024988,0,GPU-a71d5fd4-b7db-93b7-1b7a-5a6e2a6a8c65,0.17,0.41181640625,10240.0,6023.0,472.12,NVIDIA GeForce RTX 3080,[N/A],Enabled,Enabled
1708616449.036923,0,GPU-a71d5fd4-b7db-93b7-1b7a-5a6e2a6a8c65,0.17,0.41181640625,10240.0,6023.0,472.12,NVIDIA GeForce RTX 3080,[N/A],Enabled,Enabled
1708616450.02576,0,GPU-a71d5fd4-b7db-93b7-1b7a-5a6e2a6a8c65,0.16,0.41181640625,10240.0,6023.0,472.12,NVIDIA GeForce RTX 3080,[N/A],Enabled,Enabled
1708616451.030186,0,GPU-a71d5fd4-b7db-93b7-1b7a-5a6e2a6a8c65,0.17,0.41181640625,10240.0,6023.0,472.12,NVIDIA GeForce RTX 3080,[N/A],Enabled,Enabled
1708616452.029017,0,GPU-a71d5fd4-b7db-93b7-1b7a-5a6e2a6a8c65,0.16,0.41181640625,10240.0,6023.0,472.12,NVIDIA GeForce RTX 3080,[N/A],Enabled,Enabled
1708616453.035307,0,GPU-a71d5fd4-b7db-93b7-1b7a-5a6e2a6a8c65,0.17,0.41181640625,10240.0,6023.0,472.12,NVIDIA GeForce RTX 3080,[N/A],Enabled,Enabled
1708616454.02362,0,GPU-a71d5fd4-b7db-93b7-1b7a-5a6e2a6a8c65,0.17,0.41181640625,10240.0,6023.0,472.12,NVIDIA GeForce RTX 3080,[N/A],Enabled,Enabled
1708616455.025961,0,GPU-a71d5fd4-b7db-93b7-1b7a-5a6e2a6a8c65,0.18,0.41181640625,10240.0,6023.0,472.12,NVIDIA GeForce RTX 3080,[N/A],Enabled,Enabled
1708616456.029153,0,GPU-a71d5fd4-b7db-93b7-1b7a-5a6e2a6a8c65,0.17,0.41181640625,10240.0,6023.0,472.12,NVIDIA GeForce RTX 3080,[N/A],Enabled,Enabled
1708616457.031034,0,GPU-a71d5fd4-b7db-93b7-1b7a-5a6e2a6a8c65,0.17,0.41181640625,10240.0,6023.0,472.12,NVIDIA GeForce RTX 3080,[N/A],Enabled,Enabled
1708616458.032132,0,GPU-a71d5fd4-b7db-93b7-1b7a-5a6e2a6a8c65,0.17,0.41181640625,10240.0,6023.0,472.12,NVIDIA GeForce RTX 3080,[N/A],Enabled,Enabled
1708616459.031203,0,GPU-a71d5fd4-b7db-93b7-1b7a-5a6e2a6a8c65,0.17,0.41181640625,10240.0,6023.0,472.12,NVIDIA GeForce RTX 3080,[N/A],Enabled,Enabled
1708616460.029905,0,GPU-a71d5fd4-b7db-93b7-1b7a-5a6e2a6a8c65,0.17,0.41181640625,10240.0,6023.0,472.12,NVIDIA GeForce RTX 3080,[N/A],Enabled,Enabled
1708616461.02958,0,GPU-a71d5fd4-b7db-93b7-1b7a-5a6e2a6a8c65,0.17,0.41181640625,10240.0,6023.0,472.12,NVIDIA GeForce RTX 3080,[N/A],Enabled,Enabled
1708616462.03375,0,GPU-a71d5fd4-b7db-93b7-1b7a-5a6e2a6a8c65,0.18,0.41181640625,10240.0,6023.0,472.12,NVIDIA GeForce RTX 3080,[N/A],Enabled,Enabled
1708616463.033599,0,GPU-a71d5fd4-b7db-93b7-1b7a-5a6e2a6a8c65,0.18,0.41181640625,10240.0,6023.0,472.12,NVIDIA GeForce RTX 3080,[N/A],Enabled,Enabled
1708616464.030504,0,GPU-a71d5fd4-b7db-93b7-1b7a-5a6e2a6a8c65,0.17,0.41181640625,10240.0,6023.0,472.12,NVIDIA GeForce RTX 3080,[N/A],Enabled,Enabled
1708616465.029115,0,GPU-a71d5fd4-b7db-93b7-1b7a-5a6e2a6a8c65,0.17,0.41181640625,10240.0,6023.0,472.12,NVIDIA GeForce RTX 3080,[N/A],Enabled,Enabled
1708616466.03122,0,GPU-a71d5fd4-b7db-93b7-1b7a-5a6e2a6a8c65,0.17,0.41181640625,10240.0,6023.0,472.12,NVIDIA GeForce RTX 3080,[N/A],Enabled,Enabled
1708616467.031938,0,GPU-a71d5fd4-b7db-93b7-1b7a-5a6e2a6a8c65,0.17,0.41181640625,10240.0,6023.0,472.12,NVIDIA GeForce RTX 3080,[N/A],Enabled,Enabled
1708616468.033862,0,GPU-a71d5fd4-b7db-93b7-1b7a-5a6e2a6a8c65,0.16,0.41181640625,10240.0,6023.0,472.12,NVIDIA GeForce RTX 3080,[N/A],Enabled,Enabled
1708616469.030055,0,GPU-a71d5fd4-b7db-93b7-1b7a-5a6e2a6a8c65,0.17,0.41181640625,10240.0,6023.0,472.12,NVIDIA GeForce RTX 3080,[N/A],Enabled,Enabled
1708616470.029232,0,GPU-a71d5fd4-b7db-93b7-1b7a-5a6e2a6a8c65,0.16,0.41181640625,10240.0,6023.0,472.12,NVIDIA GeForce RTX 3080,[N/A],Enabled,Enabled
1708616471.027256,0,GPU-a71d5fd4-b7db-93b7-1b7a-5a6e2a6a8c65,0.17,0.41181640625,10240.0,6023.0,472.12,NVIDIA GeForce RTX 3080,[N/A],Enabled,Enabled
1708616472.026698,0,GPU-a71d5fd4-b7db-93b7-1b7a-5a6e2a6a8c65,0.17,0.41181640625,10240.0,6023.0,472.12,NVIDIA GeForce RTX 3080,[N/A],Enabled,Enabled
1708616473.024513,0,GPU-a71d5fd4-b7db-93b7-1b7a-5a6e2a6a8c65,0.17,0.41181640625,10240.0,6023.0,472.12,NVIDIA GeForce RTX 3080,[N/A],Enabled,Enabled
1708616474.024109,0,GPU-a71d5fd4-b7db-93b7-1b7a-5a6e2a6a8c65,0.17,0.41181640625,10240.0,6023.0,472.12,NVIDIA GeForce RTX 3080,[N/A],Enabled,Enabled
1708616475.036199,0,GPU-a71d5fd4-b7db-93b7-1b7a-5a6e2a6a8c65,0.17,0.41181640625,10240.0,6023.0,472.12,NVIDIA GeForce RTX 3080,[N/A],Enabled,Enabled
1708616476.035985,0,GPU-a71d5fd4-b7db-93b7-1b7a-5a6e2a6a8c65,0.18,0.41181640625,10240.0,6023.0,472.12,NVIDIA GeForce RTX 3080,[N/A],Enabled,Enabled
1708616477.035019,0,GPU-a71d5fd4-b7db-93b7-1b7a-5a6e2a6a8c65,0.17,0.41181640625,10240.0,6023.0,472.12,NVIDIA GeForce RTX 3080,[N/A],Enabled,Enabled
1708616478.036854,0,GPU-a71d5fd4-b7db-93b7-1b7a-5a6e2a6a8c65,0.17,0.41181640625,10240.0,6023.0,472.12,NVIDIA GeForce RTX 3080,[N/A],Enabled,Enabled
1708616479.033839,0,GPU-a71d5fd4-b7db-93b7-1b7a-5a6e2a6a8c65,0.17,0.41181640625,10240.0,6023.0,472.12,NVIDIA GeForce RTX 3080,[N/A],Enabled,Enabled
1708616480.030303,0,GPU-a71d5fd4-b7db-93b7-1b7a-5a6e2a6a8c65,0.17,0.41181640625,10240.0,6023.0,472.12,NVIDIA GeForce RTX 3080,[N/A],Enabled,Enabled
1708616481.031989,0,GPU-a71d5fd4-b7db-93b7-1b7a-5a6e2a6a8c65,0.17,0.41181640625,10240.0,6023.0,472.12,NVIDIA GeForce RTX 3080,[N/A],Enabled,Enabled
1708616482.029243,0,GPU-a71d5fd4-b7db-93b7-1b7a-5a6e2a6a8c65,0.17,0.41181640625,10240.0,6023.0,472.12,NVIDIA GeForce RTX 3080,[N/A],Enabled,Enabled
1708616483.025413,0,GPU-a71d5fd4-b7db-93b7-1b7a-5a6e2a6a8c65,0.17,0.41181640625,10240.0,6023.0,472.12,NVIDIA GeForce RTX 3080,[N/A],Enabled,Enabled
1708616484.024953,0,GPU-a71d5fd4-b7db-93b7-1b7a-5a6e2a6a8c65,0.17,0.41181640625,10240.0,6023.0,472.12,NVIDIA GeForce RTX 3080,[N/A],Enabled,Enabled
1708616485.02605,0,GPU-a71d5fd4-b7db-93b7-1b7a-5a6e2a6a8c65,0.17,0.41181640625,10240.0,6023.0,472.12,NVIDIA GeForce RTX 3080,[N/A],Enabled,Enabled
1708616486.023916,0,GPU-a71d5fd4-b7db-93b7-1b7a-5a6e2a6a8c65,0.17,0.41181640625,10240.0,6023.0,472.12,NVIDIA GeForce RTX 3080,[N/A],Enabled,Enabled
1708616487.035232,0,GPU-a71d5fd4-b7db-93b7-1b7a-5a6e2a6a8c65,0.17,0.41181640625,10240.0,6023.0,472.12,NVIDIA GeForce RTX 3080,[N/A],Enabled,Enabled
1708616488.035925,0,GPU-a71d5fd4-b7db-93b7-1b7a-5a6e2a6a8c65,0.17,0.41181640625,10240.0,6023.0,472.12,NVIDIA GeForce RTX 3080,[N/A],Enabled,Enabled
1708616489.03511,0,GPU-a71d5fd4-b7db-93b7-1b7a-5a6e2a6a8c65,0.17,0.41181640625,10240.0,6023.0,472.12,NVIDIA GeForce RTX 3080,[N/A],Enabled,Enabled
1708616490.03747,0,GPU-a71d5fd4-b7db-93b7-1b7a-5a6e2a6a8c65,0.16,0.41181640625,10240.0,6023.0,472.12,NVIDIA GeForce RTX 3080,[N/A],Enabled,Enabled
1708616491.034915,0,GPU-a71d5fd4-b7db-93b7-1b7a-5a6e2a6a8c65,0.16,0.41181640625,10240.0,6023.0,472.12,NVIDIA GeForce RTX 3080,[N/A],Enabled,Enabled
1708616492.037315,0,GPU-a71d5fd4-b7db-93b7-1b7a-5a6e2a6a8c65,0.16,0.41181640625,10240.0,6023.0,472.12,NVIDIA GeForce RTX 3080,[N/A],Enabled,Enabled
1708616493.038082,0,GPU-a71d5fd4-b7db-93b7-1b7a-5a6e2a6a8c65,0.17,0.41181640625,10240.0,6023.0,472.12,NVIDIA GeForce RTX 3080,[N/A],Enabled,Enabled
1708616494.028249,0,GPU-a71d5fd4-b7db-93b7-1b7a-5a6e2a6a8c65,0.16,0.41181640625,10240.0,6023.0,472.12,NVIDIA GeForce RTX 3080,[N/A],Enabled,Enabled
1708616495.028231,0,GPU-a71d5fd4-b7db-93b7-1b7a-5a6e2a6a8c65,0.17,0.41181640625,10240.0,6023.0,472.12,NVIDIA GeForce RTX 3080,[N/A],Enabled,Enabled
1708616496.032062,0,GPU-a71d5fd4-b7db-93b7-1b7a-5a6e2a6a8c65,0.16,0.41181640625,10240.0,6023.0,472.12,NVIDIA GeForce RTX 3080,[N/A],Enabled,Enabled
1708616497.030252,0,GPU-a71d5fd4-b7db-93b7-1b7a-5a6e2a6a8c65,0.17,0.41181640625,10240.0,6023.0,472.12,NVIDIA GeForce RTX 3080,[N/A],Enabled,Enabled
1708616498.030181,0,GPU-a71d5fd4-b7db-93b7-1b7a-5a6e2a6a8c65,0.16,0.41181640625,10240.0,6023.0,472.12,NVIDIA GeForce RTX 3080,[N/A],Enabled,Enabled
1708616499.034785,0,GPU-a71d5fd4-b7db-93b7-1b7a-5a6e2a6a8c65,0.17,0.41181640625,10240.0,6023.0,472.12,NVIDIA GeForce RTX 3080,[N/A],Enabled,Enabled
1708616500.036426,0,GPU-a71d5fd4-b7db-93b7-1b7a-5a6e2a6a8c65,0.16,0.41181640625,10240.0,6023.0,472.12,NVIDIA GeForce RTX 3080,[N/A],Enabled,Enabled
1708616501.024872,0,GPU-a71d5fd4-b7db-93b7-1b7a-5a6e2a6a8c65,0.17,0.41181640625,10240.0,6023.0,472.12,NVIDIA GeForce RTX 3080,[N/A],Enabled,Enabled
1708616502.02309,0,GPU-a71d5fd4-b7db-93b7-1b7a-5a6e2a6a8c65,0.16,0.41181640625,10240.0,6023.0,472.12,NVIDIA GeForce RTX 3080,[N/A],Enabled,Enabled
1708616503.024072,0,GPU-a71d5fd4-b7db-93b7-1b7a-5a6e2a6a8c65,0.17,0.41181640625,10240.0,6023.0,472.12,NVIDIA GeForce RTX 3080,[N/A],Enabled,Enabled
1708616504.025206,0,GPU-a71d5fd4-b7db-93b7-1b7a-5a6e2a6a8c65,0.16,0.41181640625,10240.0,6023.0,472.12,NVIDIA GeForce RTX 3080,[N/A],Enabled,Enabled
1708616505.025403,0,GPU-a71d5fd4-b7db-93b7-1b7a-5a6e2a6a8c65,0.17,0.41181640625,10240.0,6023.0,472.12,NVIDIA GeForce RTX 3080,[N/A],Enabled,Enabled
1708616506.023862,0,GPU-a71d5fd4-b7db-93b7-1b7a-5a6e2a6a8c65,0.16,0.41181640625,10240.0,6023.0,472.12,NVIDIA GeForce RTX 3080,[N/A],Enabled,Enabled
1708616507.035253,0,GPU-a71d5fd4-b7db-93b7-1b7a-5a6e2a6a8c65,0.17,0.41181640625,10240.0,6023.0,472.12,NVIDIA GeForce RTX 3080,[N/A],Enabled,Enabled
1708616508.035062,0,GPU-a71d5fd4-b7db-93b7-1b7a-5a6e2a6a8c65,0.17,0.41181640625,10240.0,6023.0,472.12,NVIDIA GeForce RTX 3080,[N/A],Enabled,Enabled
1708616509.036199,0,GPU-a71d5fd4-b7db-93b7-1b7a-5a6e2a6a8c65,0.17,0.41181640625,10240.0,6023.0,472.12,NVIDIA GeForce RTX 3080,[N/A],Enabled,Enabled
1708616510.030267,0,GPU-a71d5fd4-b7db-93b7-1b7a-5a6e2a6a8c65,0.17,0.41181640625,10240.0,6023.0,472.12,NVIDIA GeForce RTX 3080,[N/A],Enabled,Enabled
1708616511.035202,0,GPU-a71d5fd4-b7db-93b7-1b7a-5a6e2a6a8c65,0.17,0.41181640625,10240.0,6023.0,472.12,NVIDIA GeForce RTX 3080,[N/A],Enabled,Enabled
1708616512.037008,0,GPU-a71d5fd4-b7db-93b7-1b7a-5a6e2a6a8c65,0.17,0.41181640625,10240.0,6023.0,472.12,NVIDIA GeForce RTX 3080,[N/A],Enabled,Enabled
1708616513.023621,0,GPU-a71d5fd4-b7db-93b7-1b7a-5a6e2a6a8c65,0.17,0.41181640625,10240.0,6023.0,472.12,NVIDIA GeForce RTX 3080,[N/A],Enabled,Enabled
1708616514.037209,0,GPU-a71d5fd4-b7db-93b7-1b7a-5a6e2a6a8c65,0.18,0.41181640625,10240.0,6023.0,472.12,NVIDIA GeForce RTX 3080,[N/A],Enabled,Enabled
1708616515.03109,0,GPU-a71d5fd4-b7db-93b7-1b7a-5a6e2a6a8c65,0.17,0.41181640625,10240.0,6023.0,472.12,NVIDIA GeForce RTX 3080,[N/A],Enabled,Enabled
1708616516.031156,0,GPU-a71d5fd4-b7db-93b7-1b7a-5a6e2a6a8c65,0.17,0.41181640625,10240.0,6023.0,472.12,NVIDIA GeForce RTX 3080,[N/A],Enabled,Enabled
1708616517.029381,0,GPU-a71d5fd4-b7db-93b7-1b7a-5a6e2a6a8c65,0.17,0.41181640625,10240.0,6023.0,472.12,NVIDIA GeForce RTX 3080,[N/A],Enabled,Enabled
1708616518.029974,0,GPU-a71d5fd4-b7db-93b7-1b7a-5a6e2a6a8c65,0.17,0.41181640625,10240.0,6023.0,472.12,NVIDIA GeForce RTX 3080,[N/A],Enabled,Enabled
1708616519.030196,0,GPU-a71d5fd4-b7db-93b7-1b7a-5a6e2a6a8c65,0.18,0.41181640625,10240.0,6023.0,472.12,NVIDIA GeForce RTX 3080,[N/A],Enabled,Enabled
1708616520.030165,0,GPU-a71d5fd4-b7db-93b7-1b7a-5a6e2a6a8c65,0.17,0.41181640625,10240.0,6023.0,472.12,NVIDIA GeForce RTX 3080,[N/A],Enabled,Enabled
1708616521.029007,0,GPU-a71d5fd4-b7db-93b7-1b7a-5a6e2a6a8c65,0.17,0.41181640625,10240.0,6023.0,472.12,NVIDIA GeForce RTX 3080,[N/A],Enabled,Enabled
1708616522.023565,0,GPU-a71d5fd4-b7db-93b7-1b7a-5a6e2a6a8c65,0.17,0.41181640625,10240.0,6023.0,472.12,NVIDIA GeForce RTX 3080,[N/A],Enabled,Enabled
1708616523.022392,0,GPU-a71d5fd4-b7db-93b7-1b7a-5a6e2a6a8c65,0.17,0.41181640625,10240.0,6023.0,472.12,NVIDIA GeForce RTX 3080,[N/A],Enabled,Enabled
1708616524.037086,0,GPU-a71d5fd4-b7db-93b7-1b7a-5a6e2a6a8c65,0.17,0.41181640625,10240.0,6023.0,472.12,NVIDIA GeForce RTX 3080,[N/A],Enabled,Enabled
1708616525.030029,0,GPU-a71d5fd4-b7db-93b7-1b7a-5a6e2a6a8c65,0.17,0.41181640625,10240.0,6023.0,472.12,NVIDIA GeForce RTX 3080,[N/A],Enabled,Enabled
1708616526.026216,0,GPU-a71d5fd4-b7db-93b7-1b7a-5a6e2a6a8c65,0.17,0.41181640625,10240.0,6023.0,472.12,NVIDIA GeForce RTX 3080,[N/A],Enabled,Enabled
1708616527.038242,0,GPU-a71d5fd4-b7db-93b7-1b7a-5a6e2a6a8c65,0.17,0.41181640625,10240.0,6023.0,472.12,NVIDIA GeForce RTX 3080,[N/A],Enabled,Enabled
1708616528.036075,0,GPU-a71d5fd4-b7db-93b7-1b7a-5a6e2a6a8c65,0.16,0.41494140625,10240.0,5991.0,472.12,NVIDIA GeForce RTX 3080,[N/A],Enabled,Enabled
1708616529.031988,0,GPU-a71d5fd4-b7db-93b7-1b7a-5a6e2a6a8c65,0.17,0.41494140625,10240.0,5991.0,472.12,NVIDIA GeForce RTX 3080,[N/A],Enabled,Enabled
1708616530.029136,0,GPU-a71d5fd4-b7db-93b7-1b7a-5a6e2a6a8c65,0.17,0.41494140625,10240.0,5991.0,472.12,NVIDIA GeForce RTX 3080,[N/A],Enabled,Enabled
1708616531.024831,0,GPU-a71d5fd4-b7db-93b7-1b7a-5a6e2a6a8c65,0.17,0.41494140625,10240.0,5991.0,472.12,NVIDIA GeForce RTX 3080,[N/A],Enabled,Enabled
1708616532.036852,0,GPU-a71d5fd4-b7db-93b7-1b7a-5a6e2a6a8c65,0.17,0.41494140625,10240.0,5991.0,472.12,NVIDIA GeForce RTX 3080,[N/A],Enabled,Enabled
1708616533.036332,0,GPU-a71d5fd4-b7db-93b7-1b7a-5a6e2a6a8c65,0.17,0.41474609375,10240.0,5993.0,472.12,NVIDIA GeForce RTX 3080,[N/A],Enabled,Enabled
1708616534.036048,0,GPU-a71d5fd4-b7db-93b7-1b7a-5a6e2a6a8c65,0.17,0.41357421875,10240.0,6005.0,472.12,NVIDIA GeForce RTX 3080,[N/A],Enabled,Enabled
1708616535.038061,0,GPU-a71d5fd4-b7db-93b7-1b7a-5a6e2a6a8c65,0.17,0.41357421875,10240.0,6005.0,472.12,NVIDIA GeForce RTX 3080,[N/A],Enabled,Enabled
1708616536.03584,0,GPU-a71d5fd4-b7db-93b7-1b7a-5a6e2a6a8c65,0.17,0.41240234375,10240.0,6017.0,472.12,NVIDIA GeForce RTX 3080,[N/A],Enabled,Enabled
1708616537.034897,0,GPU-a71d5fd4-b7db-93b7-1b7a-5a6e2a6a8c65,0.17,0.4130859375,10240.0,6010.0,472.12,NVIDIA GeForce RTX 3080,[N/A],Enabled,Enabled
1708616538.034188,0,GPU-a71d5fd4-b7db-93b7-1b7a-5a6e2a6a8c65,0.15,0.4126953125,10240.0,6014.0,472.12,NVIDIA GeForce RTX 3080,[N/A],Enabled,Enabled
1708616539.029273,0,GPU-a71d5fd4-b7db-93b7-1b7a-5a6e2a6a8c65,0.14,0.40419921875,10240.0,6101.0,472.12,NVIDIA GeForce RTX 3080,[N/A],Enabled,Enabled
1708616540.024806,0,GPU-a71d5fd4-b7db-93b7-1b7a-5a6e2a6a8c65,0.14,0.40419921875,10240.0,6101.0,472.12,NVIDIA GeForce RTX 3080,[N/A],Enabled,Enabled
1708616541.027194,0,GPU-a71d5fd4-b7db-93b7-1b7a-5a6e2a6a8c65,0.13,0.40029296875,10240.0,6141.0,472.12,NVIDIA GeForce RTX 3080,[N/A],Enabled,Enabled
1708616542.023935,0,GPU-a71d5fd4-b7db-93b7-1b7a-5a6e2a6a8c65,0.14,0.40400390625,10240.0,6103.0,472.12,NVIDIA GeForce RTX 3080,[N/A],Enabled,Enabled
1708616543.026005,0,GPU-a71d5fd4-b7db-93b7-1b7a-5a6e2a6a8c65,0.14,0.40400390625,10240.0,6103.0,472.12,NVIDIA GeForce RTX 3080,[N/A],Enabled,Enabled
1708616544.023658,0,GPU-a71d5fd4-b7db-93b7-1b7a-5a6e2a6a8c65,0.13,0.40029296875,10240.0,6141.0,472.12,NVIDIA GeForce RTX 3080,[N/A],Enabled,Enabled
1708616545.037017,0,GPU-a71d5fd4-b7db-93b7-1b7a-5a6e2a6a8c65,0.13,0.39970703125,10240.0,6147.0,472.12,NVIDIA GeForce RTX 3080,[N/A],Enabled,Enabled
1708616546.03483,0,GPU-a71d5fd4-b7db-93b7-1b7a-5a6e2a6a8c65,0.13,0.39970703125,10240.0,6147.0,472.12,NVIDIA GeForce RTX 3080,[N/A],Enabled,Enabled
1708616547.027064,0,GPU-a71d5fd4-b7db-93b7-1b7a-5a6e2a6a8c65,0.13,0.39970703125,10240.0,6147.0,472.12,NVIDIA GeForce RTX 3080,[N/A],Enabled,Enabled
