timestamp,id,uuid,load,memoryUtil,memoryTotal,memoryFree,driver,name,serial,display_mode,display_active
1709125322.336199,0,GPU-a71d5fd4-b7db-93b7-1b7a-5a6e2a6a8c65,0.19,0.38896484375,10240.0,6257.0,472.12,NVIDIA GeForce RTX 3080,[N/A],Enabled,Enabled
1709125323.331311,0,GPU-a71d5fd4-b7db-93b7-1b7a-5a6e2a6a8c65,0.17,0.54990234375,10240.0,4609.0,472.12,NVIDIA GeForce RTX 3080,[N/A],Enabled,Enabled
1709125324.330997,0,GPU-a71d5fd4-b7db-93b7-1b7a-5a6e2a6a8c65,0.12,0.49501953125,10240.0,5171.0,472.12,NVIDIA GeForce RTX 3080,[N/A],Enabled,Enabled
1709125325.342094,0,GPU-a71d5fd4-b7db-93b7-1b7a-5a6e2a6a8c65,0.11,0.49482421875,10240.0,5173.0,472.12,NVIDIA GeForce RTX 3080,[N/A],Enabled,Enabled
1709125326.340968,0,GPU-a71d5fd4-b7db-93b7-1b7a-5a6e2a6a8c65,0.11,0.49482421875,10240.0,5173.0,472.12,NVIDIA GeForce RTX 3080,[N/A],Enabled,Enabled
1709125327.337246,0,GPU-a71d5fd4-b7db-93b7-1b7a-5a6e2a6a8c65,0.13,0.382421875,10240.0,6324.0,472.12,NVIDIA GeForce RTX 3080,[N/A],Enabled,Enabled
1709125328.332078,0,GPU-a71d5fd4-b7db-93b7-1b7a-5a6e2a6a8c65,0.22,0.42890625,10240.0,5848.0,472.12,NVIDIA GeForce RTX 3080,[N/A],Enabled,Enabled
1709125329.341035,0,GPU-a71d5fd4-b7db-93b7-1b7a-5a6e2a6a8c65,0.15,0.447265625,10240.0,5660.0,472.12,NVIDIA GeForce RTX 3080,[N/A],Enabled,Enabled
1709125330.33396,0,GPU-a71d5fd4-b7db-93b7-1b7a-5a6e2a6a8c65,0.15,0.447265625,10240.0,5660.0,472.12,NVIDIA GeForce RTX 3080,[N/A],Enabled,Enabled
1709125331.341173,0,GPU-a71d5fd4-b7db-93b7-1b7a-5a6e2a6a8c65,0.14,0.44345703125,10240.0,5699.0,472.12,NVIDIA GeForce RTX 3080,[N/A],Enabled,Enabled
1709125332.336099,0,GPU-a71d5fd4-b7db-93b7-1b7a-5a6e2a6a8c65,0.15,0.44716796875,10240.0,5661.0,472.12,NVIDIA GeForce RTX 3080,[N/A],Enabled,Enabled
1709125333.328327,0,GPU-a71d5fd4-b7db-93b7-1b7a-5a6e2a6a8c65,0.12,0.43955078125,10240.0,5739.0,472.12,NVIDIA GeForce RTX 3080,[N/A],Enabled,Enabled
1709125334.340907,0,GPU-a71d5fd4-b7db-93b7-1b7a-5a6e2a6a8c65,0.15,0.4482421875,10240.0,5650.0,472.12,NVIDIA GeForce RTX 3080,[N/A],Enabled,Enabled
1709125335.335396,0,GPU-a71d5fd4-b7db-93b7-1b7a-5a6e2a6a8c65,0.15,0.4482421875,10240.0,5650.0,472.12,NVIDIA GeForce RTX 3080,[N/A],Enabled,Enabled
1709125336.340796,0,GPU-a71d5fd4-b7db-93b7-1b7a-5a6e2a6a8c65,0.14,0.44443359375,10240.0,5689.0,472.12,NVIDIA GeForce RTX 3080,[N/A],Enabled,Enabled
1709125337.336843,0,GPU-a71d5fd4-b7db-93b7-1b7a-5a6e2a6a8c65,0.16,0.4482421875,10240.0,5650.0,472.12,NVIDIA GeForce RTX 3080,[N/A],Enabled,Enabled
1709125338.337512,0,GPU-a71d5fd4-b7db-93b7-1b7a-5a6e2a6a8c65,0.14,0.44453125,10240.0,5688.0,472.12,NVIDIA GeForce RTX 3080,[N/A],Enabled,Enabled
1709125339.330871,0,GPU-a71d5fd4-b7db-93b7-1b7a-5a6e2a6a8c65,0.14,0.44453125,10240.0,5688.0,472.12,NVIDIA GeForce RTX 3080,[N/A],Enabled,Enabled
1709125340.342046,0,GPU-a71d5fd4-b7db-93b7-1b7a-5a6e2a6a8c65,0.13,0.4482421875,10240.0,5650.0,472.12,NVIDIA GeForce RTX 3080,[N/A],Enabled,Enabled
1709125341.336907,0,GPU-a71d5fd4-b7db-93b7-1b7a-5a6e2a6a8c65,0.14,0.44453125,10240.0,5688.0,472.12,NVIDIA GeForce RTX 3080,[N/A],Enabled,Enabled
1709125342.332999,0,GPU-a71d5fd4-b7db-93b7-1b7a-5a6e2a6a8c65,0.14,0.44453125,10240.0,5688.0,472.12,NVIDIA GeForce RTX 3080,[N/A],Enabled,Enabled
1709125343.343896,0,GPU-a71d5fd4-b7db-93b7-1b7a-5a6e2a6a8c65,0.15,0.4482421875,10240.0,5650.0,472.12,NVIDIA GeForce RTX 3080,[N/A],Enabled,Enabled
1709125344.33822,0,GPU-a71d5fd4-b7db-93b7-1b7a-5a6e2a6a8c65,0.14,0.44453125,10240.0,5688.0,472.12,NVIDIA GeForce RTX 3080,[N/A],Enabled,Enabled
1709125345.332159,0,GPU-a71d5fd4-b7db-93b7-1b7a-5a6e2a6a8c65,0.15,0.4482421875,10240.0,5650.0,472.12,NVIDIA GeForce RTX 3080,[N/A],Enabled,Enabled
1709125346.329935,0,GPU-a71d5fd4-b7db-93b7-1b7a-5a6e2a6a8c65,0.13,0.44453125,10240.0,5688.0,472.12,NVIDIA GeForce RTX 3080,[N/A],Enabled,Enabled
1709125347.339884,0,GPU-a71d5fd4-b7db-93b7-1b7a-5a6e2a6a8c65,0.14,0.4482421875,10240.0,5650.0,472.12,NVIDIA GeForce RTX 3080,[N/A],Enabled,Enabled
1709125348.335893,0,GPU-a71d5fd4-b7db-93b7-1b7a-5a6e2a6a8c65,0.14,0.44453125,10240.0,5688.0,472.12,NVIDIA GeForce RTX 3080,[N/A],Enabled,Enabled
1709125349.343158,0,GPU-a71d5fd4-b7db-93b7-1b7a-5a6e2a6a8c65,0.16,0.4482421875,10240.0,5650.0,472.12,NVIDIA GeForce RTX 3080,[N/A],Enabled,Enabled
1709125350.339946,0,GPU-a71d5fd4-b7db-93b7-1b7a-5a6e2a6a8c65,0.14,0.44453125,10240.0,5688.0,472.12,NVIDIA GeForce RTX 3080,[N/A],Enabled,Enabled
1709125351.335775,0,GPU-a71d5fd4-b7db-93b7-1b7a-5a6e2a6a8c65,0.15,0.44365234375,10240.0,5697.0,472.12,NVIDIA GeForce RTX 3080,[N/A],Enabled,Enabled
1709125352.33104,0,GPU-a71d5fd4-b7db-93b7-1b7a-5a6e2a6a8c65,0.14,0.44365234375,10240.0,5697.0,472.12,NVIDIA GeForce RTX 3080,[N/A],Enabled,Enabled
1709125353.340819,0,GPU-a71d5fd4-b7db-93b7-1b7a-5a6e2a6a8c65,0.15,0.44736328125,10240.0,5659.0,472.12,NVIDIA GeForce RTX 3080,[N/A],Enabled,Enabled
1709125354.333223,0,GPU-a71d5fd4-b7db-93b7-1b7a-5a6e2a6a8c65,0.14,0.44365234375,10240.0,5697.0,472.12,NVIDIA GeForce RTX 3080,[N/A],Enabled,Enabled
1709125355.32828,0,GPU-a71d5fd4-b7db-93b7-1b7a-5a6e2a6a8c65,0.17,0.44296875,10240.0,5704.0,472.12,NVIDIA GeForce RTX 3080,[N/A],Enabled,Enabled
1709125356.339917,0,GPU-a71d5fd4-b7db-93b7-1b7a-5a6e2a6a8c65,0.14,0.44296875,10240.0,5704.0,472.12,NVIDIA GeForce RTX 3080,[N/A],Enabled,Enabled
1709125357.330869,0,GPU-a71d5fd4-b7db-93b7-1b7a-5a6e2a6a8c65,0.14,0.44296875,10240.0,5704.0,472.12,NVIDIA GeForce RTX 3080,[N/A],Enabled,Enabled
1709125358.3392,0,GPU-a71d5fd4-b7db-93b7-1b7a-5a6e2a6a8c65,0.15,0.44541015625,10240.0,5679.0,472.12,NVIDIA GeForce RTX 3080,[N/A],Enabled,Enabled
1709125359.335483,0,GPU-a71d5fd4-b7db-93b7-1b7a-5a6e2a6a8c65,0.17,0.4560546875,10240.0,5570.0,472.12,NVIDIA GeForce RTX 3080,[N/A],Enabled,Enabled
1709125360.330969,0,GPU-a71d5fd4-b7db-93b7-1b7a-5a6e2a6a8c65,0.18,0.4560546875,10240.0,5570.0,472.12,NVIDIA GeForce RTX 3080,[N/A],Enabled,Enabled
1709125361.337909,0,GPU-a71d5fd4-b7db-93b7-1b7a-5a6e2a6a8c65,0.18,0.4560546875,10240.0,5570.0,472.12,NVIDIA GeForce RTX 3080,[N/A],Enabled,Enabled
1709125362.332556,0,GPU-a71d5fd4-b7db-93b7-1b7a-5a6e2a6a8c65,0.18,0.4560546875,10240.0,5570.0,472.12,NVIDIA GeForce RTX 3080,[N/A],Enabled,Enabled
1709125363.34127,0,GPU-a71d5fd4-b7db-93b7-1b7a-5a6e2a6a8c65,0.17,0.4560546875,10240.0,5570.0,472.12,NVIDIA GeForce RTX 3080,[N/A],Enabled,Enabled
1709125364.333394,0,GPU-a71d5fd4-b7db-93b7-1b7a-5a6e2a6a8c65,0.17,0.4560546875,10240.0,5570.0,472.12,NVIDIA GeForce RTX 3080,[N/A],Enabled,Enabled
1709125365.341961,0,GPU-a71d5fd4-b7db-93b7-1b7a-5a6e2a6a8c65,0.17,0.4560546875,10240.0,5570.0,472.12,NVIDIA GeForce RTX 3080,[N/A],Enabled,Enabled
1709125366.339853,0,GPU-a71d5fd4-b7db-93b7-1b7a-5a6e2a6a8c65,0.18,0.45595703125,10240.0,5571.0,472.12,NVIDIA GeForce RTX 3080,[N/A],Enabled,Enabled
1709125367.335413,0,GPU-a71d5fd4-b7db-93b7-1b7a-5a6e2a6a8c65,0.17,0.45595703125,10240.0,5571.0,472.12,NVIDIA GeForce RTX 3080,[N/A],Enabled,Enabled
1709125368.340814,0,GPU-a71d5fd4-b7db-93b7-1b7a-5a6e2a6a8c65,0.18,0.45595703125,10240.0,5571.0,472.12,NVIDIA GeForce RTX 3080,[N/A],Enabled,Enabled
1709125369.335372,0,GPU-a71d5fd4-b7db-93b7-1b7a-5a6e2a6a8c65,0.18,0.45595703125,10240.0,5571.0,472.12,NVIDIA GeForce RTX 3080,[N/A],Enabled,Enabled
1709125370.330671,0,GPU-a71d5fd4-b7db-93b7-1b7a-5a6e2a6a8c65,0.17,0.45595703125,10240.0,5571.0,472.12,NVIDIA GeForce RTX 3080,[N/A],Enabled,Enabled
1709125371.342875,0,GPU-a71d5fd4-b7db-93b7-1b7a-5a6e2a6a8c65,0.18,0.45595703125,10240.0,5571.0,472.12,NVIDIA GeForce RTX 3080,[N/A],Enabled,Enabled
1709125372.332743,0,GPU-a71d5fd4-b7db-93b7-1b7a-5a6e2a6a8c65,0.18,0.45595703125,10240.0,5571.0,472.12,NVIDIA GeForce RTX 3080,[N/A],Enabled,Enabled
1709125373.339843,0,GPU-a71d5fd4-b7db-93b7-1b7a-5a6e2a6a8c65,0.17,0.45595703125,10240.0,5571.0,472.12,NVIDIA GeForce RTX 3080,[N/A],Enabled,Enabled
1709125374.342175,0,GPU-a71d5fd4-b7db-93b7-1b7a-5a6e2a6a8c65,0.18,0.45595703125,10240.0,5571.0,472.12,NVIDIA GeForce RTX 3080,[N/A],Enabled,Enabled
1709125375.335562,0,GPU-a71d5fd4-b7db-93b7-1b7a-5a6e2a6a8c65,0.17,0.45595703125,10240.0,5571.0,472.12,NVIDIA GeForce RTX 3080,[N/A],Enabled,Enabled
1709125376.332119,0,GPU-a71d5fd4-b7db-93b7-1b7a-5a6e2a6a8c65,0.17,0.45595703125,10240.0,5571.0,472.12,NVIDIA GeForce RTX 3080,[N/A],Enabled,Enabled
1709125377.330957,0,GPU-a71d5fd4-b7db-93b7-1b7a-5a6e2a6a8c65,0.18,0.45595703125,10240.0,5571.0,472.12,NVIDIA GeForce RTX 3080,[N/A],Enabled,Enabled
1709125378.34107,0,GPU-a71d5fd4-b7db-93b7-1b7a-5a6e2a6a8c65,0.18,0.45595703125,10240.0,5571.0,472.12,NVIDIA GeForce RTX 3080,[N/A],Enabled,Enabled
1709125379.337045,0,GPU-a71d5fd4-b7db-93b7-1b7a-5a6e2a6a8c65,0.18,0.455859375,10240.0,5572.0,472.12,NVIDIA GeForce RTX 3080,[N/A],Enabled,Enabled
1709125380.331053,0,GPU-a71d5fd4-b7db-93b7-1b7a-5a6e2a6a8c65,0.18,0.4556640625,10240.0,5574.0,472.12,NVIDIA GeForce RTX 3080,[N/A],Enabled,Enabled
1709125381.338829,0,GPU-a71d5fd4-b7db-93b7-1b7a-5a6e2a6a8c65,0.18,0.4556640625,10240.0,5574.0,472.12,NVIDIA GeForce RTX 3080,[N/A],Enabled,Enabled
1709125382.331879,0,GPU-a71d5fd4-b7db-93b7-1b7a-5a6e2a6a8c65,0.18,0.45556640625,10240.0,5575.0,472.12,NVIDIA GeForce RTX 3080,[N/A],Enabled,Enabled
1709125383.342,0,GPU-a71d5fd4-b7db-93b7-1b7a-5a6e2a6a8c65,0.18,0.45556640625,10240.0,5575.0,472.12,NVIDIA GeForce RTX 3080,[N/A],Enabled,Enabled
1709125384.339313,0,GPU-a71d5fd4-b7db-93b7-1b7a-5a6e2a6a8c65,0.18,0.45556640625,10240.0,5575.0,472.12,NVIDIA GeForce RTX 3080,[N/A],Enabled,Enabled
1709125385.33457,0,GPU-a71d5fd4-b7db-93b7-1b7a-5a6e2a6a8c65,0.18,0.45556640625,10240.0,5575.0,472.12,NVIDIA GeForce RTX 3080,[N/A],Enabled,Enabled
1709125386.332053,0,GPU-a71d5fd4-b7db-93b7-1b7a-5a6e2a6a8c65,0.18,0.45556640625,10240.0,5575.0,472.12,NVIDIA GeForce RTX 3080,[N/A],Enabled,Enabled
1709125387.330108,0,GPU-a71d5fd4-b7db-93b7-1b7a-5a6e2a6a8c65,0.18,0.45556640625,10240.0,5575.0,472.12,NVIDIA GeForce RTX 3080,[N/A],Enabled,Enabled
1709125388.328344,0,GPU-a71d5fd4-b7db-93b7-1b7a-5a6e2a6a8c65,0.17,0.45556640625,10240.0,5575.0,472.12,NVIDIA GeForce RTX 3080,[N/A],Enabled,Enabled
1709125389.338005,0,GPU-a71d5fd4-b7db-93b7-1b7a-5a6e2a6a8c65,0.17,0.45556640625,10240.0,5575.0,472.12,NVIDIA GeForce RTX 3080,[N/A],Enabled,Enabled
1709125390.335537,0,GPU-a71d5fd4-b7db-93b7-1b7a-5a6e2a6a8c65,0.18,0.45556640625,10240.0,5575.0,472.12,NVIDIA GeForce RTX 3080,[N/A],Enabled,Enabled
1709125391.331222,0,GPU-a71d5fd4-b7db-93b7-1b7a-5a6e2a6a8c65,0.18,0.45556640625,10240.0,5575.0,472.12,NVIDIA GeForce RTX 3080,[N/A],Enabled,Enabled
1709125392.340785,0,GPU-a71d5fd4-b7db-93b7-1b7a-5a6e2a6a8c65,0.18,0.45556640625,10240.0,5575.0,472.12,NVIDIA GeForce RTX 3080,[N/A],Enabled,Enabled
1709125393.335861,0,GPU-a71d5fd4-b7db-93b7-1b7a-5a6e2a6a8c65,0.2,0.45654296875,10240.0,5565.0,472.12,NVIDIA GeForce RTX 3080,[N/A],Enabled,Enabled
1709125394.330079,0,GPU-a71d5fd4-b7db-93b7-1b7a-5a6e2a6a8c65,0.18,0.45654296875,10240.0,5565.0,472.12,NVIDIA GeForce RTX 3080,[N/A],Enabled,Enabled
1709125395.340274,0,GPU-a71d5fd4-b7db-93b7-1b7a-5a6e2a6a8c65,0.17,0.45654296875,10240.0,5565.0,472.12,NVIDIA GeForce RTX 3080,[N/A],Enabled,Enabled
1709125396.338781,0,GPU-a71d5fd4-b7db-93b7-1b7a-5a6e2a6a8c65,0.18,0.45654296875,10240.0,5565.0,472.12,NVIDIA GeForce RTX 3080,[N/A],Enabled,Enabled
1709125397.335522,0,GPU-a71d5fd4-b7db-93b7-1b7a-5a6e2a6a8c65,0.18,0.45654296875,10240.0,5565.0,472.12,NVIDIA GeForce RTX 3080,[N/A],Enabled,Enabled
1709125398.343974,0,GPU-a71d5fd4-b7db-93b7-1b7a-5a6e2a6a8c65,0.18,0.45654296875,10240.0,5565.0,472.12,NVIDIA GeForce RTX 3080,[N/A],Enabled,Enabled
1709125399.342303,0,GPU-a71d5fd4-b7db-93b7-1b7a-5a6e2a6a8c65,0.17,0.45654296875,10240.0,5565.0,472.12,NVIDIA GeForce RTX 3080,[N/A],Enabled,Enabled
1709125400.341074,0,GPU-a71d5fd4-b7db-93b7-1b7a-5a6e2a6a8c65,0.18,0.45654296875,10240.0,5565.0,472.12,NVIDIA GeForce RTX 3080,[N/A],Enabled,Enabled
1709125401.336842,0,GPU-a71d5fd4-b7db-93b7-1b7a-5a6e2a6a8c65,0.17,0.45654296875,10240.0,5565.0,472.12,NVIDIA GeForce RTX 3080,[N/A],Enabled,Enabled
1709125402.330931,0,GPU-a71d5fd4-b7db-93b7-1b7a-5a6e2a6a8c65,0.18,0.45654296875,10240.0,5565.0,472.12,NVIDIA GeForce RTX 3080,[N/A],Enabled,Enabled
1709125403.342502,0,GPU-a71d5fd4-b7db-93b7-1b7a-5a6e2a6a8c65,0.19,0.45654296875,10240.0,5565.0,472.12,NVIDIA GeForce RTX 3080,[N/A],Enabled,Enabled
1709125404.340332,0,GPU-a71d5fd4-b7db-93b7-1b7a-5a6e2a6a8c65,0.18,0.45654296875,10240.0,5565.0,472.12,NVIDIA GeForce RTX 3080,[N/A],Enabled,Enabled
1709125405.338164,0,GPU-a71d5fd4-b7db-93b7-1b7a-5a6e2a6a8c65,0.17,0.45654296875,10240.0,5565.0,472.12,NVIDIA GeForce RTX 3080,[N/A],Enabled,Enabled
1709125406.335424,0,GPU-a71d5fd4-b7db-93b7-1b7a-5a6e2a6a8c65,0.17,0.45654296875,10240.0,5565.0,472.12,NVIDIA GeForce RTX 3080,[N/A],Enabled,Enabled
1709125407.332137,0,GPU-a71d5fd4-b7db-93b7-1b7a-5a6e2a6a8c65,0.17,0.45654296875,10240.0,5565.0,472.12,NVIDIA GeForce RTX 3080,[N/A],Enabled,Enabled
1709125408.343034,0,GPU-a71d5fd4-b7db-93b7-1b7a-5a6e2a6a8c65,0.19,0.45654296875,10240.0,5565.0,472.12,NVIDIA GeForce RTX 3080,[N/A],Enabled,Enabled
1709125409.335575,0,GPU-a71d5fd4-b7db-93b7-1b7a-5a6e2a6a8c65,0.18,0.45654296875,10240.0,5565.0,472.12,NVIDIA GeForce RTX 3080,[N/A],Enabled,Enabled
1709125410.342142,0,GPU-a71d5fd4-b7db-93b7-1b7a-5a6e2a6a8c65,0.18,0.45654296875,10240.0,5565.0,472.12,NVIDIA GeForce RTX 3080,[N/A],Enabled,Enabled
1709125411.340194,0,GPU-a71d5fd4-b7db-93b7-1b7a-5a6e2a6a8c65,0.18,0.45654296875,10240.0,5565.0,472.12,NVIDIA GeForce RTX 3080,[N/A],Enabled,Enabled
1709125412.33556,0,GPU-a71d5fd4-b7db-93b7-1b7a-5a6e2a6a8c65,0.18,0.45654296875,10240.0,5565.0,472.12,NVIDIA GeForce RTX 3080,[N/A],Enabled,Enabled
1709125413.330872,0,GPU-a71d5fd4-b7db-93b7-1b7a-5a6e2a6a8c65,0.17,0.45654296875,10240.0,5565.0,472.12,NVIDIA GeForce RTX 3080,[N/A],Enabled,Enabled
1709125414.342191,0,GPU-a71d5fd4-b7db-93b7-1b7a-5a6e2a6a8c65,0.18,0.45654296875,10240.0,5565.0,472.12,NVIDIA GeForce RTX 3080,[N/A],Enabled,Enabled
1709125415.335699,0,GPU-a71d5fd4-b7db-93b7-1b7a-5a6e2a6a8c65,0.17,0.45654296875,10240.0,5565.0,472.12,NVIDIA GeForce RTX 3080,[N/A],Enabled,Enabled
1709125416.330116,0,GPU-a71d5fd4-b7db-93b7-1b7a-5a6e2a6a8c65,0.18,0.45654296875,10240.0,5565.0,472.12,NVIDIA GeForce RTX 3080,[N/A],Enabled,Enabled
1709125417.338936,0,GPU-a71d5fd4-b7db-93b7-1b7a-5a6e2a6a8c65,0.18,0.45654296875,10240.0,5565.0,472.12,NVIDIA GeForce RTX 3080,[N/A],Enabled,Enabled
1709125418.333913,0,GPU-a71d5fd4-b7db-93b7-1b7a-5a6e2a6a8c65,0.17,0.45654296875,10240.0,5565.0,472.12,NVIDIA GeForce RTX 3080,[N/A],Enabled,Enabled
1709125419.331087,0,GPU-a71d5fd4-b7db-93b7-1b7a-5a6e2a6a8c65,0.17,0.45654296875,10240.0,5565.0,472.12,NVIDIA GeForce RTX 3080,[N/A],Enabled,Enabled
1709125420.330811,0,GPU-a71d5fd4-b7db-93b7-1b7a-5a6e2a6a8c65,0.18,0.45654296875,10240.0,5565.0,472.12,NVIDIA GeForce RTX 3080,[N/A],Enabled,Enabled
1709125421.340975,0,GPU-a71d5fd4-b7db-93b7-1b7a-5a6e2a6a8c65,0.18,0.45654296875,10240.0,5565.0,472.12,NVIDIA GeForce RTX 3080,[N/A],Enabled,Enabled
1709125422.340411,0,GPU-a71d5fd4-b7db-93b7-1b7a-5a6e2a6a8c65,0.18,0.45654296875,10240.0,5565.0,472.12,NVIDIA GeForce RTX 3080,[N/A],Enabled,Enabled
1709125423.337905,0,GPU-a71d5fd4-b7db-93b7-1b7a-5a6e2a6a8c65,0.17,0.45654296875,10240.0,5565.0,472.12,NVIDIA GeForce RTX 3080,[N/A],Enabled,Enabled
1709125424.332327,0,GPU-a71d5fd4-b7db-93b7-1b7a-5a6e2a6a8c65,0.18,0.45654296875,10240.0,5565.0,472.12,NVIDIA GeForce RTX 3080,[N/A],Enabled,Enabled
1709125425.330028,0,GPU-a71d5fd4-b7db-93b7-1b7a-5a6e2a6a8c65,0.17,0.45654296875,10240.0,5565.0,472.12,NVIDIA GeForce RTX 3080,[N/A],Enabled,Enabled
1709125426.340824,0,GPU-a71d5fd4-b7db-93b7-1b7a-5a6e2a6a8c65,0.18,0.45654296875,10240.0,5565.0,472.12,NVIDIA GeForce RTX 3080,[N/A],Enabled,Enabled
1709125427.33403,0,GPU-a71d5fd4-b7db-93b7-1b7a-5a6e2a6a8c65,0.18,0.45654296875,10240.0,5565.0,472.12,NVIDIA GeForce RTX 3080,[N/A],Enabled,Enabled
1709125428.343125,0,GPU-a71d5fd4-b7db-93b7-1b7a-5a6e2a6a8c65,0.18,0.45654296875,10240.0,5565.0,472.12,NVIDIA GeForce RTX 3080,[N/A],Enabled,Enabled
1709125429.335536,0,GPU-a71d5fd4-b7db-93b7-1b7a-5a6e2a6a8c65,0.18,0.45654296875,10240.0,5565.0,472.12,NVIDIA GeForce RTX 3080,[N/A],Enabled,Enabled
1709125430.330192,0,GPU-a71d5fd4-b7db-93b7-1b7a-5a6e2a6a8c65,0.18,0.45654296875,10240.0,5565.0,472.12,NVIDIA GeForce RTX 3080,[N/A],Enabled,Enabled
1709125431.338032,0,GPU-a71d5fd4-b7db-93b7-1b7a-5a6e2a6a8c65,0.17,0.45654296875,10240.0,5565.0,472.12,NVIDIA GeForce RTX 3080,[N/A],Enabled,Enabled
1709125432.331221,0,GPU-a71d5fd4-b7db-93b7-1b7a-5a6e2a6a8c65,0.18,0.45654296875,10240.0,5565.0,472.12,NVIDIA GeForce RTX 3080,[N/A],Enabled,Enabled
1709125433.341167,0,GPU-a71d5fd4-b7db-93b7-1b7a-5a6e2a6a8c65,0.18,0.45654296875,10240.0,5565.0,472.12,NVIDIA GeForce RTX 3080,[N/A],Enabled,Enabled
1709125434.338242,0,GPU-a71d5fd4-b7db-93b7-1b7a-5a6e2a6a8c65,0.18,0.45654296875,10240.0,5565.0,472.12,NVIDIA GeForce RTX 3080,[N/A],Enabled,Enabled
1709125435.331258,0,GPU-a71d5fd4-b7db-93b7-1b7a-5a6e2a6a8c65,0.18,0.45654296875,10240.0,5565.0,472.12,NVIDIA GeForce RTX 3080,[N/A],Enabled,Enabled
1709125436.340336,0,GPU-a71d5fd4-b7db-93b7-1b7a-5a6e2a6a8c65,0.18,0.45654296875,10240.0,5565.0,472.12,NVIDIA GeForce RTX 3080,[N/A],Enabled,Enabled
1709125437.335491,0,GPU-a71d5fd4-b7db-93b7-1b7a-5a6e2a6a8c65,0.17,0.45654296875,10240.0,5565.0,472.12,NVIDIA GeForce RTX 3080,[N/A],Enabled,Enabled
1709125438.330935,0,GPU-a71d5fd4-b7db-93b7-1b7a-5a6e2a6a8c65,0.18,0.45654296875,10240.0,5565.0,472.12,NVIDIA GeForce RTX 3080,[N/A],Enabled,Enabled
1709125439.34043,0,GPU-a71d5fd4-b7db-93b7-1b7a-5a6e2a6a8c65,0.17,0.45654296875,10240.0,5565.0,472.12,NVIDIA GeForce RTX 3080,[N/A],Enabled,Enabled
1709125440.331337,0,GPU-a71d5fd4-b7db-93b7-1b7a-5a6e2a6a8c65,0.18,0.45654296875,10240.0,5565.0,472.12,NVIDIA GeForce RTX 3080,[N/A],Enabled,Enabled
1709125441.335668,0,GPU-a71d5fd4-b7db-93b7-1b7a-5a6e2a6a8c65,0.17,0.45654296875,10240.0,5565.0,472.12,NVIDIA GeForce RTX 3080,[N/A],Enabled,Enabled
1709125442.343197,0,GPU-a71d5fd4-b7db-93b7-1b7a-5a6e2a6a8c65,0.18,0.45654296875,10240.0,5565.0,472.12,NVIDIA GeForce RTX 3080,[N/A],Enabled,Enabled
1709125443.337931,0,GPU-a71d5fd4-b7db-93b7-1b7a-5a6e2a6a8c65,0.17,0.45654296875,10240.0,5565.0,472.12,NVIDIA GeForce RTX 3080,[N/A],Enabled,Enabled
1709125444.331216,0,GPU-a71d5fd4-b7db-93b7-1b7a-5a6e2a6a8c65,0.18,0.45654296875,10240.0,5565.0,472.12,NVIDIA GeForce RTX 3080,[N/A],Enabled,Enabled
1709125445.340392,0,GPU-a71d5fd4-b7db-93b7-1b7a-5a6e2a6a8c65,0.18,0.45654296875,10240.0,5565.0,472.12,NVIDIA GeForce RTX 3080,[N/A],Enabled,Enabled
1709125446.334042,0,GPU-a71d5fd4-b7db-93b7-1b7a-5a6e2a6a8c65,0.18,0.45654296875,10240.0,5565.0,472.12,NVIDIA GeForce RTX 3080,[N/A],Enabled,Enabled
1709125447.34012,0,GPU-a71d5fd4-b7db-93b7-1b7a-5a6e2a6a8c65,0.18,0.45654296875,10240.0,5565.0,472.12,NVIDIA GeForce RTX 3080,[N/A],Enabled,Enabled
1709125448.332126,0,GPU-a71d5fd4-b7db-93b7-1b7a-5a6e2a6a8c65,0.18,0.45654296875,10240.0,5565.0,472.12,NVIDIA GeForce RTX 3080,[N/A],Enabled,Enabled
1709125449.341428,0,GPU-a71d5fd4-b7db-93b7-1b7a-5a6e2a6a8c65,0.18,0.45654296875,10240.0,5565.0,472.12,NVIDIA GeForce RTX 3080,[N/A],Enabled,Enabled
1709125450.336063,0,GPU-a71d5fd4-b7db-93b7-1b7a-5a6e2a6a8c65,0.18,0.45654296875,10240.0,5565.0,472.12,NVIDIA GeForce RTX 3080,[N/A],Enabled,Enabled
1709125451.343924,0,GPU-a71d5fd4-b7db-93b7-1b7a-5a6e2a6a8c65,0.18,0.45654296875,10240.0,5565.0,472.12,NVIDIA GeForce RTX 3080,[N/A],Enabled,Enabled
1709125452.338142,0,GPU-a71d5fd4-b7db-93b7-1b7a-5a6e2a6a8c65,0.18,0.45537109375,10240.0,5577.0,472.12,NVIDIA GeForce RTX 3080,[N/A],Enabled,Enabled
1709125453.335542,0,GPU-a71d5fd4-b7db-93b7-1b7a-5a6e2a6a8c65,0.18,0.4552734375,10240.0,5578.0,472.12,NVIDIA GeForce RTX 3080,[N/A],Enabled,Enabled
1709125454.342504,0,GPU-a71d5fd4-b7db-93b7-1b7a-5a6e2a6a8c65,0.18,0.45517578125,10240.0,5579.0,472.12,NVIDIA GeForce RTX 3080,[N/A],Enabled,Enabled
1709125455.338145,0,GPU-a71d5fd4-b7db-93b7-1b7a-5a6e2a6a8c65,0.18,0.4541015625,10240.0,5590.0,472.12,NVIDIA GeForce RTX 3080,[N/A],Enabled,Enabled
1709125456.335456,0,GPU-a71d5fd4-b7db-93b7-1b7a-5a6e2a6a8c65,0.19,0.454296875,10240.0,5588.0,472.12,NVIDIA GeForce RTX 3080,[N/A],Enabled,Enabled
1709125457.331134,0,GPU-a71d5fd4-b7db-93b7-1b7a-5a6e2a6a8c65,0.17,0.454296875,10240.0,5588.0,472.12,NVIDIA GeForce RTX 3080,[N/A],Enabled,Enabled
1709125458.328232,0,GPU-a71d5fd4-b7db-93b7-1b7a-5a6e2a6a8c65,0.18,0.454296875,10240.0,5588.0,472.12,NVIDIA GeForce RTX 3080,[N/A],Enabled,Enabled
1709125459.341186,0,GPU-a71d5fd4-b7db-93b7-1b7a-5a6e2a6a8c65,0.18,0.454296875,10240.0,5588.0,472.12,NVIDIA GeForce RTX 3080,[N/A],Enabled,Enabled
1709125460.33294,0,GPU-a71d5fd4-b7db-93b7-1b7a-5a6e2a6a8c65,0.18,0.454296875,10240.0,5588.0,472.12,NVIDIA GeForce RTX 3080,[N/A],Enabled,Enabled
1709125461.341958,0,GPU-a71d5fd4-b7db-93b7-1b7a-5a6e2a6a8c65,0.18,0.454296875,10240.0,5588.0,472.12,NVIDIA GeForce RTX 3080,[N/A],Enabled,Enabled
1709125462.340302,0,GPU-a71d5fd4-b7db-93b7-1b7a-5a6e2a6a8c65,0.18,0.454296875,10240.0,5588.0,472.12,NVIDIA GeForce RTX 3080,[N/A],Enabled,Enabled
1709125463.334176,0,GPU-a71d5fd4-b7db-93b7-1b7a-5a6e2a6a8c65,0.17,0.454296875,10240.0,5588.0,472.12,NVIDIA GeForce RTX 3080,[N/A],Enabled,Enabled
1709125464.337524,0,GPU-a71d5fd4-b7db-93b7-1b7a-5a6e2a6a8c65,0.18,0.454296875,10240.0,5588.0,472.12,NVIDIA GeForce RTX 3080,[N/A],Enabled,Enabled
1709125465.329923,0,GPU-a71d5fd4-b7db-93b7-1b7a-5a6e2a6a8c65,0.18,0.454296875,10240.0,5588.0,472.12,NVIDIA GeForce RTX 3080,[N/A],Enabled,Enabled
1709125466.341181,0,GPU-a71d5fd4-b7db-93b7-1b7a-5a6e2a6a8c65,0.17,0.454296875,10240.0,5588.0,472.12,NVIDIA GeForce RTX 3080,[N/A],Enabled,Enabled
1709125467.339935,0,GPU-a71d5fd4-b7db-93b7-1b7a-5a6e2a6a8c65,0.18,0.454296875,10240.0,5588.0,472.12,NVIDIA GeForce RTX 3080,[N/A],Enabled,Enabled
1709125468.335858,0,GPU-a71d5fd4-b7db-93b7-1b7a-5a6e2a6a8c65,0.17,0.454296875,10240.0,5588.0,472.12,NVIDIA GeForce RTX 3080,[N/A],Enabled,Enabled
1709125469.333319,0,GPU-a71d5fd4-b7db-93b7-1b7a-5a6e2a6a8c65,0.17,0.454296875,10240.0,5588.0,472.12,NVIDIA GeForce RTX 3080,[N/A],Enabled,Enabled
1709125470.343091,0,GPU-a71d5fd4-b7db-93b7-1b7a-5a6e2a6a8c65,0.18,0.454296875,10240.0,5588.0,472.12,NVIDIA GeForce RTX 3080,[N/A],Enabled,Enabled
1709125471.342399,0,GPU-a71d5fd4-b7db-93b7-1b7a-5a6e2a6a8c65,0.17,0.454296875,10240.0,5588.0,472.12,NVIDIA GeForce RTX 3080,[N/A],Enabled,Enabled
1709125472.33546,0,GPU-a71d5fd4-b7db-93b7-1b7a-5a6e2a6a8c65,0.18,0.454296875,10240.0,5588.0,472.12,NVIDIA GeForce RTX 3080,[N/A],Enabled,Enabled
1709125473.332956,0,GPU-a71d5fd4-b7db-93b7-1b7a-5a6e2a6a8c65,0.18,0.454296875,10240.0,5588.0,472.12,NVIDIA GeForce RTX 3080,[N/A],Enabled,Enabled
1709125474.330193,0,GPU-a71d5fd4-b7db-93b7-1b7a-5a6e2a6a8c65,0.17,0.454296875,10240.0,5588.0,472.12,NVIDIA GeForce RTX 3080,[N/A],Enabled,Enabled
1709125475.329276,0,GPU-a71d5fd4-b7db-93b7-1b7a-5a6e2a6a8c65,0.18,0.454296875,10240.0,5588.0,472.12,NVIDIA GeForce RTX 3080,[N/A],Enabled,Enabled
1709125476.339907,0,GPU-a71d5fd4-b7db-93b7-1b7a-5a6e2a6a8c65,0.18,0.454296875,10240.0,5588.0,472.12,NVIDIA GeForce RTX 3080,[N/A],Enabled,Enabled
1709125477.337025,0,GPU-a71d5fd4-b7db-93b7-1b7a-5a6e2a6a8c65,0.18,0.454296875,10240.0,5588.0,472.12,NVIDIA GeForce RTX 3080,[N/A],Enabled,Enabled
1709125478.333021,0,GPU-a71d5fd4-b7db-93b7-1b7a-5a6e2a6a8c65,0.18,0.454296875,10240.0,5588.0,472.12,NVIDIA GeForce RTX 3080,[N/A],Enabled,Enabled
1709125479.34204,0,GPU-a71d5fd4-b7db-93b7-1b7a-5a6e2a6a8c65,0.18,0.454296875,10240.0,5588.0,472.12,NVIDIA GeForce RTX 3080,[N/A],Enabled,Enabled
1709125480.335654,0,GPU-a71d5fd4-b7db-93b7-1b7a-5a6e2a6a8c65,0.17,0.454296875,10240.0,5588.0,472.12,NVIDIA GeForce RTX 3080,[N/A],Enabled,Enabled
1709125481.332273,0,GPU-a71d5fd4-b7db-93b7-1b7a-5a6e2a6a8c65,0.18,0.454296875,10240.0,5588.0,472.12,NVIDIA GeForce RTX 3080,[N/A],Enabled,Enabled
1709125482.343322,0,GPU-a71d5fd4-b7db-93b7-1b7a-5a6e2a6a8c65,0.18,0.454296875,10240.0,5588.0,472.12,NVIDIA GeForce RTX 3080,[N/A],Enabled,Enabled
1709125483.335744,0,GPU-a71d5fd4-b7db-93b7-1b7a-5a6e2a6a8c65,0.18,0.454296875,10240.0,5588.0,472.12,NVIDIA GeForce RTX 3080,[N/A],Enabled,Enabled
1709125484.337203,0,GPU-a71d5fd4-b7db-93b7-1b7a-5a6e2a6a8c65,0.18,0.454296875,10240.0,5588.0,472.12,NVIDIA GeForce RTX 3080,[N/A],Enabled,Enabled
1709125485.333121,0,GPU-a71d5fd4-b7db-93b7-1b7a-5a6e2a6a8c65,0.17,0.454296875,10240.0,5588.0,472.12,NVIDIA GeForce RTX 3080,[N/A],Enabled,Enabled
1709125486.341103,0,GPU-a71d5fd4-b7db-93b7-1b7a-5a6e2a6a8c65,0.18,0.454296875,10240.0,5588.0,472.12,NVIDIA GeForce RTX 3080,[N/A],Enabled,Enabled
1709125487.338976,0,GPU-a71d5fd4-b7db-93b7-1b7a-5a6e2a6a8c65,0.17,0.454296875,10240.0,5588.0,472.12,NVIDIA GeForce RTX 3080,[N/A],Enabled,Enabled
1709125488.33318,0,GPU-a71d5fd4-b7db-93b7-1b7a-5a6e2a6a8c65,0.18,0.454296875,10240.0,5588.0,472.12,NVIDIA GeForce RTX 3080,[N/A],Enabled,Enabled
1709125489.329996,0,GPU-a71d5fd4-b7db-93b7-1b7a-5a6e2a6a8c65,0.18,0.454296875,10240.0,5588.0,472.12,NVIDIA GeForce RTX 3080,[N/A],Enabled,Enabled
1709125490.339886,0,GPU-a71d5fd4-b7db-93b7-1b7a-5a6e2a6a8c65,0.18,0.454296875,10240.0,5588.0,472.12,NVIDIA GeForce RTX 3080,[N/A],Enabled,Enabled
1709125491.337197,0,GPU-a71d5fd4-b7db-93b7-1b7a-5a6e2a6a8c65,0.17,0.454296875,10240.0,5588.0,472.12,NVIDIA GeForce RTX 3080,[N/A],Enabled,Enabled
1709125492.336746,0,GPU-a71d5fd4-b7db-93b7-1b7a-5a6e2a6a8c65,0.17,0.454296875,10240.0,5588.0,472.12,NVIDIA GeForce RTX 3080,[N/A],Enabled,Enabled
1709125493.33523,0,GPU-a71d5fd4-b7db-93b7-1b7a-5a6e2a6a8c65,0.17,0.454296875,10240.0,5588.0,472.12,NVIDIA GeForce RTX 3080,[N/A],Enabled,Enabled
1709125494.330049,0,GPU-a71d5fd4-b7db-93b7-1b7a-5a6e2a6a8c65,0.18,0.454296875,10240.0,5588.0,472.12,NVIDIA GeForce RTX 3080,[N/A],Enabled,Enabled
1709125495.342297,0,GPU-a71d5fd4-b7db-93b7-1b7a-5a6e2a6a8c65,0.18,0.454296875,10240.0,5588.0,472.12,NVIDIA GeForce RTX 3080,[N/A],Enabled,Enabled
1709125496.340281,0,GPU-a71d5fd4-b7db-93b7-1b7a-5a6e2a6a8c65,0.18,0.454296875,10240.0,5588.0,472.12,NVIDIA GeForce RTX 3080,[N/A],Enabled,Enabled
1709125497.335779,0,GPU-a71d5fd4-b7db-93b7-1b7a-5a6e2a6a8c65,0.17,0.454296875,10240.0,5588.0,472.12,NVIDIA GeForce RTX 3080,[N/A],Enabled,Enabled
1709125498.331169,0,GPU-a71d5fd4-b7db-93b7-1b7a-5a6e2a6a8c65,0.18,0.454296875,10240.0,5588.0,472.12,NVIDIA GeForce RTX 3080,[N/A],Enabled,Enabled
1709125499.331239,0,GPU-a71d5fd4-b7db-93b7-1b7a-5a6e2a6a8c65,0.17,0.454296875,10240.0,5588.0,472.12,NVIDIA GeForce RTX 3080,[N/A],Enabled,Enabled
1709125500.337812,0,GPU-a71d5fd4-b7db-93b7-1b7a-5a6e2a6a8c65,0.17,0.454296875,10240.0,5588.0,472.12,NVIDIA GeForce RTX 3080,[N/A],Enabled,Enabled
1709125501.332908,0,GPU-a71d5fd4-b7db-93b7-1b7a-5a6e2a6a8c65,0.18,0.454296875,10240.0,5588.0,472.12,NVIDIA GeForce RTX 3080,[N/A],Enabled,Enabled
1709125502.328989,0,GPU-a71d5fd4-b7db-93b7-1b7a-5a6e2a6a8c65,0.18,0.454296875,10240.0,5588.0,472.12,NVIDIA GeForce RTX 3080,[N/A],Enabled,Enabled
1709125503.337119,0,GPU-a71d5fd4-b7db-93b7-1b7a-5a6e2a6a8c65,0.17,0.454296875,10240.0,5588.0,472.12,NVIDIA GeForce RTX 3080,[N/A],Enabled,Enabled
1709125504.336173,0,GPU-a71d5fd4-b7db-93b7-1b7a-5a6e2a6a8c65,0.17,0.454296875,10240.0,5588.0,472.12,NVIDIA GeForce RTX 3080,[N/A],Enabled,Enabled
1709125505.329952,0,GPU-a71d5fd4-b7db-93b7-1b7a-5a6e2a6a8c65,0.17,0.454296875,10240.0,5588.0,472.12,NVIDIA GeForce RTX 3080,[N/A],Enabled,Enabled
1709125506.341055,0,GPU-a71d5fd4-b7db-93b7-1b7a-5a6e2a6a8c65,0.18,0.454296875,10240.0,5588.0,472.12,NVIDIA GeForce RTX 3080,[N/A],Enabled,Enabled
1709125507.337287,0,GPU-a71d5fd4-b7db-93b7-1b7a-5a6e2a6a8c65,0.17,0.454296875,10240.0,5588.0,472.12,NVIDIA GeForce RTX 3080,[N/A],Enabled,Enabled
1709125508.332115,0,GPU-a71d5fd4-b7db-93b7-1b7a-5a6e2a6a8c65,0.18,0.454296875,10240.0,5588.0,472.12,NVIDIA GeForce RTX 3080,[N/A],Enabled,Enabled
1709125509.331358,0,GPU-a71d5fd4-b7db-93b7-1b7a-5a6e2a6a8c65,0.17,0.454296875,10240.0,5588.0,472.12,NVIDIA GeForce RTX 3080,[N/A],Enabled,Enabled
1709125510.340958,0,GPU-a71d5fd4-b7db-93b7-1b7a-5a6e2a6a8c65,0.18,0.454296875,10240.0,5588.0,472.12,NVIDIA GeForce RTX 3080,[N/A],Enabled,Enabled
1709125511.333286,0,GPU-a71d5fd4-b7db-93b7-1b7a-5a6e2a6a8c65,0.17,0.454296875,10240.0,5588.0,472.12,NVIDIA GeForce RTX 3080,[N/A],Enabled,Enabled
1709125512.340373,0,GPU-a71d5fd4-b7db-93b7-1b7a-5a6e2a6a8c65,0.18,0.454296875,10240.0,5588.0,472.12,NVIDIA GeForce RTX 3080,[N/A],Enabled,Enabled
1709125513.333021,0,GPU-a71d5fd4-b7db-93b7-1b7a-5a6e2a6a8c65,0.18,0.454296875,10240.0,5588.0,472.12,NVIDIA GeForce RTX 3080,[N/A],Enabled,Enabled
1709125514.343284,0,GPU-a71d5fd4-b7db-93b7-1b7a-5a6e2a6a8c65,0.18,0.454296875,10240.0,5588.0,472.12,NVIDIA GeForce RTX 3080,[N/A],Enabled,Enabled
1709125515.339952,0,GPU-a71d5fd4-b7db-93b7-1b7a-5a6e2a6a8c65,0.18,0.454296875,10240.0,5588.0,472.12,NVIDIA GeForce RTX 3080,[N/A],Enabled,Enabled
1709125516.334842,0,GPU-a71d5fd4-b7db-93b7-1b7a-5a6e2a6a8c65,0.18,0.454296875,10240.0,5588.0,472.12,NVIDIA GeForce RTX 3080,[N/A],Enabled,Enabled
1709125517.33504,0,GPU-a71d5fd4-b7db-93b7-1b7a-5a6e2a6a8c65,0.17,0.454296875,10240.0,5588.0,472.12,NVIDIA GeForce RTX 3080,[N/A],Enabled,Enabled
1709125518.342261,0,GPU-a71d5fd4-b7db-93b7-1b7a-5a6e2a6a8c65,0.18,0.454296875,10240.0,5588.0,472.12,NVIDIA GeForce RTX 3080,[N/A],Enabled,Enabled
1709125519.339233,0,GPU-a71d5fd4-b7db-93b7-1b7a-5a6e2a6a8c65,0.18,0.454296875,10240.0,5588.0,472.12,NVIDIA GeForce RTX 3080,[N/A],Enabled,Enabled
1709125520.338159,0,GPU-a71d5fd4-b7db-93b7-1b7a-5a6e2a6a8c65,0.19,0.454296875,10240.0,5588.0,472.12,NVIDIA GeForce RTX 3080,[N/A],Enabled,Enabled
1709125521.33212,0,GPU-a71d5fd4-b7db-93b7-1b7a-5a6e2a6a8c65,0.18,0.454296875,10240.0,5588.0,472.12,NVIDIA GeForce RTX 3080,[N/A],Enabled,Enabled
1709125522.340897,0,GPU-a71d5fd4-b7db-93b7-1b7a-5a6e2a6a8c65,0.18,0.454296875,10240.0,5588.0,472.12,NVIDIA GeForce RTX 3080,[N/A],Enabled,Enabled
1709125523.33383,0,GPU-a71d5fd4-b7db-93b7-1b7a-5a6e2a6a8c65,0.17,0.454296875,10240.0,5588.0,472.12,NVIDIA GeForce RTX 3080,[N/A],Enabled,Enabled
1709125524.343101,0,GPU-a71d5fd4-b7db-93b7-1b7a-5a6e2a6a8c65,0.17,0.454296875,10240.0,5588.0,472.12,NVIDIA GeForce RTX 3080,[N/A],Enabled,Enabled
1709125525.336812,0,GPU-a71d5fd4-b7db-93b7-1b7a-5a6e2a6a8c65,0.18,0.454296875,10240.0,5588.0,472.12,NVIDIA GeForce RTX 3080,[N/A],Enabled,Enabled
1709125526.335652,0,GPU-a71d5fd4-b7db-93b7-1b7a-5a6e2a6a8c65,0.18,0.454296875,10240.0,5588.0,472.12,NVIDIA GeForce RTX 3080,[N/A],Enabled,Enabled
1709125527.329792,0,GPU-a71d5fd4-b7db-93b7-1b7a-5a6e2a6a8c65,0.18,0.454296875,10240.0,5588.0,472.12,NVIDIA GeForce RTX 3080,[N/A],Enabled,Enabled
1709125528.339847,0,GPU-a71d5fd4-b7db-93b7-1b7a-5a6e2a6a8c65,0.18,0.454296875,10240.0,5588.0,472.12,NVIDIA GeForce RTX 3080,[N/A],Enabled,Enabled
1709125529.333101,0,GPU-a71d5fd4-b7db-93b7-1b7a-5a6e2a6a8c65,0.18,0.454296875,10240.0,5588.0,472.12,NVIDIA GeForce RTX 3080,[N/A],Enabled,Enabled
1709125530.340843,0,GPU-a71d5fd4-b7db-93b7-1b7a-5a6e2a6a8c65,0.18,0.454296875,10240.0,5588.0,472.12,NVIDIA GeForce RTX 3080,[N/A],Enabled,Enabled
1709125531.331869,0,GPU-a71d5fd4-b7db-93b7-1b7a-5a6e2a6a8c65,0.18,0.454296875,10240.0,5588.0,472.12,NVIDIA GeForce RTX 3080,[N/A],Enabled,Enabled
1709125532.343205,0,GPU-a71d5fd4-b7db-93b7-1b7a-5a6e2a6a8c65,0.18,0.454296875,10240.0,5588.0,472.12,NVIDIA GeForce RTX 3080,[N/A],Enabled,Enabled
1709125533.338833,0,GPU-a71d5fd4-b7db-93b7-1b7a-5a6e2a6a8c65,0.17,0.454296875,10240.0,5588.0,472.12,NVIDIA GeForce RTX 3080,[N/A],Enabled,Enabled
1709125534.330944,0,GPU-a71d5fd4-b7db-93b7-1b7a-5a6e2a6a8c65,0.18,0.454296875,10240.0,5588.0,472.12,NVIDIA GeForce RTX 3080,[N/A],Enabled,Enabled
1709125535.338152,0,GPU-a71d5fd4-b7db-93b7-1b7a-5a6e2a6a8c65,0.18,0.454296875,10240.0,5588.0,472.12,NVIDIA GeForce RTX 3080,[N/A],Enabled,Enabled
1709125536.332201,0,GPU-a71d5fd4-b7db-93b7-1b7a-5a6e2a6a8c65,0.18,0.454296875,10240.0,5588.0,472.12,NVIDIA GeForce RTX 3080,[N/A],Enabled,Enabled
1709125537.340338,0,GPU-a71d5fd4-b7db-93b7-1b7a-5a6e2a6a8c65,0.18,0.454296875,10240.0,5588.0,472.12,NVIDIA GeForce RTX 3080,[N/A],Enabled,Enabled
1709125538.33117,0,GPU-a71d5fd4-b7db-93b7-1b7a-5a6e2a6a8c65,0.18,0.454296875,10240.0,5588.0,472.12,NVIDIA GeForce RTX 3080,[N/A],Enabled,Enabled
1709125539.343197,0,GPU-a71d5fd4-b7db-93b7-1b7a-5a6e2a6a8c65,0.18,0.454296875,10240.0,5588.0,472.12,NVIDIA GeForce RTX 3080,[N/A],Enabled,Enabled
1709125540.341269,0,GPU-a71d5fd4-b7db-93b7-1b7a-5a6e2a6a8c65,0.18,0.454296875,10240.0,5588.0,472.12,NVIDIA GeForce RTX 3080,[N/A],Enabled,Enabled
1709125541.336076,0,GPU-a71d5fd4-b7db-93b7-1b7a-5a6e2a6a8c65,0.18,0.454296875,10240.0,5588.0,472.12,NVIDIA GeForce RTX 3080,[N/A],Enabled,Enabled
1709125542.331088,0,GPU-a71d5fd4-b7db-93b7-1b7a-5a6e2a6a8c65,0.17,0.454296875,10240.0,5588.0,472.12,NVIDIA GeForce RTX 3080,[N/A],Enabled,Enabled
1709125543.328276,0,GPU-a71d5fd4-b7db-93b7-1b7a-5a6e2a6a8c65,0.17,0.454296875,10240.0,5588.0,472.12,NVIDIA GeForce RTX 3080,[N/A],Enabled,Enabled
1709125544.341111,0,GPU-a71d5fd4-b7db-93b7-1b7a-5a6e2a6a8c65,0.18,0.454296875,10240.0,5588.0,472.12,NVIDIA GeForce RTX 3080,[N/A],Enabled,Enabled
1709125545.339044,0,GPU-a71d5fd4-b7db-93b7-1b7a-5a6e2a6a8c65,0.18,0.454296875,10240.0,5588.0,472.12,NVIDIA GeForce RTX 3080,[N/A],Enabled,Enabled
1709125546.335777,0,GPU-a71d5fd4-b7db-93b7-1b7a-5a6e2a6a8c65,0.18,0.454296875,10240.0,5588.0,472.12,NVIDIA GeForce RTX 3080,[N/A],Enabled,Enabled
1709125547.333241,0,GPU-a71d5fd4-b7db-93b7-1b7a-5a6e2a6a8c65,0.18,0.454296875,10240.0,5588.0,472.12,NVIDIA GeForce RTX 3080,[N/A],Enabled,Enabled
1709125548.338972,0,GPU-a71d5fd4-b7db-93b7-1b7a-5a6e2a6a8c65,0.18,0.454296875,10240.0,5588.0,472.12,NVIDIA GeForce RTX 3080,[N/A],Enabled,Enabled
1709125549.3381,0,GPU-a71d5fd4-b7db-93b7-1b7a-5a6e2a6a8c65,0.16,0.454296875,10240.0,5588.0,472.12,NVIDIA GeForce RTX 3080,[N/A],Enabled,Enabled
1709125550.335173,0,GPU-a71d5fd4-b7db-93b7-1b7a-5a6e2a6a8c65,0.15,0.445703125,10240.0,5676.0,472.12,NVIDIA GeForce RTX 3080,[N/A],Enabled,Enabled
1709125551.335212,0,GPU-a71d5fd4-b7db-93b7-1b7a-5a6e2a6a8c65,0.15,0.445703125,10240.0,5676.0,472.12,NVIDIA GeForce RTX 3080,[N/A],Enabled,Enabled
1709125552.332308,0,GPU-a71d5fd4-b7db-93b7-1b7a-5a6e2a6a8c65,0.14,0.4419921875,10240.0,5714.0,472.12,NVIDIA GeForce RTX 3080,[N/A],Enabled,Enabled
1709125553.331148,0,GPU-a71d5fd4-b7db-93b7-1b7a-5a6e2a6a8c65,0.16,0.445703125,10240.0,5676.0,472.12,NVIDIA GeForce RTX 3080,[N/A],Enabled,Enabled
1709125554.341188,0,GPU-a71d5fd4-b7db-93b7-1b7a-5a6e2a6a8c65,0.14,0.4419921875,10240.0,5714.0,472.12,NVIDIA GeForce RTX 3080,[N/A],Enabled,Enabled
1709125555.337187,0,GPU-a71d5fd4-b7db-93b7-1b7a-5a6e2a6a8c65,0.14,0.4419921875,10240.0,5714.0,472.12,NVIDIA GeForce RTX 3080,[N/A],Enabled,Enabled
1709125556.332909,0,GPU-a71d5fd4-b7db-93b7-1b7a-5a6e2a6a8c65,0.14,0.4419921875,10240.0,5714.0,472.12,NVIDIA GeForce RTX 3080,[N/A],Enabled,Enabled
1709125557.328972,0,GPU-a71d5fd4-b7db-93b7-1b7a-5a6e2a6a8c65,0.14,0.4419921875,10240.0,5714.0,472.12,NVIDIA GeForce RTX 3080,[N/A],Enabled,Enabled
1709125558.337178,0,GPU-a71d5fd4-b7db-93b7-1b7a-5a6e2a6a8c65,0.14,0.44111328125,10240.0,5723.0,472.12,NVIDIA GeForce RTX 3080,[N/A],Enabled,Enabled
1709125559.330878,0,GPU-a71d5fd4-b7db-93b7-1b7a-5a6e2a6a8c65,0.14,0.44111328125,10240.0,5723.0,472.12,NVIDIA GeForce RTX 3080,[N/A],Enabled,Enabled
1709125560.343116,0,GPU-a71d5fd4-b7db-93b7-1b7a-5a6e2a6a8c65,0.14,0.44111328125,10240.0,5723.0,472.12,NVIDIA GeForce RTX 3080,[N/A],Enabled,Enabled
