7.69 7.53 8.28 2/2864 29652
7.69 7.53 8.28 1/2864 29679
7.69 7.53 8.28 1/2864 29706
7.95 7.59 8.30 4/2864 29733
7.95 7.59 8.30 2/2864 29760
7.95 7.59 8.30 3/2864 29787
7.95 7.59 8.30 1/2864 29814
7.95 7.59 8.30 3/2864 29841
7.80 7.56 8.28 4/2864 29868
7.80 7.56 8.28 9/2866 29897
7.80 7.56 8.28 3/2866 29943
7.80 7.56 8.28 2/2870 29974
7.80 7.56 8.28 3/2870 30001
7.97 7.60 8.29 3/2870 30028
7.97 7.60 8.29 3/2879 30077
7.97 7.60 8.29 4/2879 30104
7.97 7.60 8.29 3/2878 30132
7.97 7.60 8.29 5/2878 30165
7.81 7.57 8.28 5/2878 30192
7.81 7.57 8.28 4/2878 30220
7.81 7.57 8.28 4/2878 30247
7.81 7.57 8.28 6/2878 30275
7.81 7.57 8.28 1/2878 30302
7.75 7.56 8.27 1/2878 30329
7.75 7.56 8.27 3/2877 30362
7.75 7.56 8.27 5/2878 30393
7.75 7.56 8.27 4/2877 30420
7.75 7.56 8.27 6/2884 30454
7.93 7.61 8.28 1/2885 30488
7.93 7.61 8.28 3/2885 30515
7.93 7.61 8.28 6/2885 30542
7.93 7.61 8.28 3/2885 30569
7.93 7.61 8.28 1/2885 30597
8.10 7.65 8.29 9/2885 30624
8.10 7.65 8.29 4/2885 30657
8.10 7.65 8.29 2/2885 30684
8.10 7.65 8.29 3/2885 30711
8.10 7.65 8.29 3/2885 30738
8.09 7.65 8.29 5/2885 30765
8.09 7.65 8.29 4/2885 30792
8.09 7.65 8.29 3/2884 30819
8.09 7.65 8.29 4/2884 30852
8.09 7.65 8.29 2/2883 30880
8.00 7.64 8.28 3/2883 30907
8.00 7.64 8.28 3/2883 30934
8.00 7.64 8.28 3/2883 30961
8.00 7.64 8.28 4/2883 30988
8.00 7.64 8.28 5/2883 31015
7.76 7.60 8.27 3/2883 31042
7.76 7.60 8.27 6/2883 31069
7.76 7.60 8.27 8/2883 31096
7.76 7.60 8.27 2/2883 31123
7.76 7.60 8.27 1/2883 31150
7.94 7.64 8.27 3/2883 31178
7.94 7.64 8.27 1/2883 31205
7.94 7.64 8.27 3/2883 31238
7.94 7.64 8.27 1/2883 31265
7.94 7.64 8.27 4/2883 31292
7.78 7.61 8.26 1/2883 31325
7.78 7.61 8.26 6/2884 31353
7.78 7.61 8.26 3/2884 31380
7.78 7.61 8.26 5/2883 31413
7.78 7.61 8.26 1/2883 31440
7.88 7.63 8.27 7/2883 31468
7.88 7.63 8.27 2/2883 31495
7.88 7.63 8.27 4/2883 31522
7.88 7.63 8.27 3/2883 31549
7.88 7.63 8.27 4/2883 31576
7.97 7.66 8.27 8/2883 31609
7.97 7.66 8.27 4/2881 31637
7.97 7.66 8.27 5/2881 31676
7.97 7.66 8.27 2/2881 31703
7.97 7.66 8.27 8/2881 31730
7.81 7.63 8.26 5/2882 31762
7.81 7.63 8.26 3/2879 31792
7.81 7.63 8.26 4/2879 31819
7.81 7.63 8.26 3/2879 31854
7.81 7.63 8.26 2/2879 31881
7.91 7.65 8.26 6/2879 31908
7.91 7.65 8.26 3/2877 31936
7.91 7.65 8.26 6/2877 31963
7.91 7.65 8.26 2/2877 31996
7.91 7.65 8.26 5/2877 32023
7.68 7.61 8.25 2/2877 32050
7.68 7.61 8.25 4/2877 32078
7.68 7.61 8.25 7/2877 32111
7.68 7.61 8.25 3/2877 32144
7.68 7.61 8.25 2/2877 32171
7.46 7.56 8.23 3/2877 32198
7.46 7.56 8.23 6/2877 32225
7.46 7.56 8.23 3/2877 32254
7.46 7.56 8.23 3/2877 32281
7.46 7.56 8.23 3/2877 32308
7.58 7.59 8.23 3/2877 32341
7.58 7.59 8.23 3/2877 32368
7.58 7.59 8.23 2/2877 32402
7.58 7.59 8.23 4/2877 32429
7.58 7.59 8.23 8/2877 32456
7.70 7.61 8.24 2/2877 32483
7.70 7.61 8.24 6/2877 32516
7.70 7.61 8.24 2/2877 32543
7.70 7.61 8.24 6/2877 32570
7.70 7.61 8.24 5/2877 32597
7.56 7.58 8.22 1/2877 32624
7.56 7.58 8.22 3/2877 32657
7.56 7.58 8.22 4/2877 32684
7.56 7.58 8.22 2/2877 32712
7.56 7.58 8.22 3/2877 32745
7.52 7.57 8.22 2/2877 304
7.52 7.57 8.22 3/2877 432
7.52 7.57 8.22 3/2877 559
7.52 7.57 8.22 2/2877 631
7.52 7.57 8.22 3/2877 666
7.47 7.56 8.21 1/2877 705
7.47 7.56 8.21 5/2877 771
7.47 7.56 8.21 5/2877 798
7.47 7.56 8.21 6/2877 892
7.47 7.56 8.21 4/2877 1006
7.52 7.57 8.21 4/2873 1053
7.52 7.57 8.21 2/2877 1130
7.52 7.57 8.21 3/2877 1213
7.52 7.57 8.21 2/2877 1321
7.52 7.57 8.21 2/2873 1381
7.40 7.55 8.20 2/2877 1426
7.40 7.55 8.20 1/2877 1494
7.40 7.55 8.20 4/2877 1529
7.40 7.55 8.20 5/2877 1564
7.40 7.55 8.20 6/2877 1610
7.28 7.52 8.18 4/2877 1669
7.28 7.52 8.18 8/2877 1705
7.28 7.52 8.18 9/2877 1787
7.28 7.52 8.18 6/2877 1867
7.28 7.52 8.18 7/2877 1921
7.66 7.59 8.21 1/2877 1961
7.66 7.59 8.21 1/2877 2011
7.66 7.59 8.21 2/2877 2055
7.66 7.59 8.21 2/2877 2085
7.66 7.59 8.21 1/2877 2180
8.09 7.68 8.23 1/2877 2249
8.09 7.68 8.23 3/2877 2337
8.09 7.68 8.23 1/2873 2399
8.09 7.68 8.23 3/2877 2473
8.09 7.68 8.23 3/2877 2507
7.84 7.64 8.21 3/2877 2540
7.84 7.64 8.21 5/2877 2577
7.84 7.64 8.21 4/2877 2611
7.84 7.64 8.21 1/2877 2659
7.84 7.64 8.21 1/2877 2755
8.02 7.68 8.22 1/2877 2810
8.02 7.68 8.22 7/2877 2861
8.02 7.68 8.22 4/2877 2890
8.02 7.68 8.22 6/2877 2944
8.02 7.68 8.22 2/2877 3003
7.93 7.67 8.22 3/2877 3040
7.93 7.67 8.22 2/2877 3096
7.93 7.67 8.22 3/2877 3143
7.93 7.67 8.22 3/2877 3195
7.93 7.67 8.22 2/2877 3233
7.78 7.64 8.20 1/2877 3281
7.78 7.64 8.20 2/2877 3333
7.78 7.64 8.20 6/2877 3387
7.78 7.64 8.20 9/2877 3478
7.78 7.64 8.20 3/2877 3543
7.88 7.66 8.21 1/2877 3573
7.88 7.66 8.21 3/2877 3600
7.88 7.66 8.21 2/2877 3627
7.88 7.66 8.21 3/2877 3657
7.88 7.66 8.21 4/2877 3687
7.81 7.65 8.20 3/2877 3758
7.81 7.65 8.20 3/2877 3817
7.81 7.65 8.20 2/2877 3921
7.81 7.65 8.20 6/2877 3961
7.81 7.65 8.20 1/2877 4017
7.82 7.66 8.20 3/2877 4051
7.82 7.66 8.20 5/2879 4100
7.82 7.66 8.20 6/2877 4141
7.82 7.66 8.20 4/2877 4183
7.82 7.66 8.20 2/2877 4252
7.92 7.68 8.20 5/2880 4334
7.92 7.68 8.20 6/2882 4384
7.92 7.68 8.20 1/2882 4422
7.92 7.68 8.20 1/2882 4465
7.92 7.68 8.20 4/2882 4504
7.76 7.65 8.19 2/2882 4534
7.76 7.65 8.19 2/2882 4565
7.76 7.65 8.19 3/2882 4598
7.76 7.65 8.19 1/2882 4634
7.76 7.65 8.19 6/2882 4682
7.54 7.61 8.18 3/2882 4722
7.54 7.61 8.18 1/2882 4776
7.54 7.61 8.18 7/2882 4846
7.54 7.61 8.18 2/2882 4885
7.54 7.61 8.18 2/2882 4914
7.98 7.70 8.20 5/2882 4943
7.98 7.70 8.20 2/2882 4977
7.98 7.70 8.20 1/2882 5011
7.98 7.70 8.20 2/2881 5044
7.98 7.70 8.20 2/2881 5079
7.98 7.70 8.20 1/2882 5117
7.98 7.70 8.20 7/2882 5145
7.98 7.70 8.20 2/2882 5188
7.98 7.70 8.20 3/2882 5226
7.98 7.70 8.20 2/2882 5253
7.98 7.71 8.20 2/2878 5280
7.98 7.71 8.20 4/2878 5317
7.98 7.71 8.20 1/2882 5358
7.98 7.71 8.20 6/2882 5385
7.98 7.71 8.20 4/2882 5414
7.74 7.66 8.18 6/2882 5442
7.74 7.66 8.18 3/2878 5469
7.74 7.66 8.18 4/2882 5502
7.74 7.66 8.18 1/2882 5531
7.74 7.66 8.18 4/2882 5562
7.52 7.62 8.16 3/2882 5605
7.52 7.62 8.16 2/2882 5648
7.52 7.62 8.16 4/2882 5696
7.52 7.62 8.16 3/2882 5723
7.52 7.62 8.16 3/2882 5750
7.72 7.66 8.17 1/2882 5777
7.72 7.66 8.17 2/2882 5804
7.72 7.66 8.17 7/2882 5831
7.72 7.66 8.17 1/2882 5858
7.72 7.66 8.17 2/2882 5892
7.74 7.66 8.17 5/2882 5920
7.74 7.66 8.17 8/2882 5948
7.74 7.66 8.17 4/2882 5994
7.74 7.66 8.17 3/2882 6056
7.74 7.66 8.17 1/2882 6083
8.41 7.80 8.22 2/2882 6124
8.41 7.80 8.22 1/2882 6167
8.41 7.80 8.22 2/2882 6233
8.41 7.80 8.22 1/2882 6304
8.41 7.80 8.22 2/2882 6338
8.45 7.82 8.22 5/2882 6366
8.45 7.82 8.22 3/2882 6393
8.45 7.82 8.22 2/2882 6422
8.45 7.82 8.22 2/2882 6452
8.45 7.82 8.22 2/2882 6482
8.42 7.83 8.22 1/2882 6509
8.42 7.83 8.22 4/2879 6542
