6315.00 31648.62
6315.99 31654.95
6316.99 31661.25
6317.99 31667.53
6318.99 31673.85
6320.00 31680.24
6320.99 31686.50
6321.99 31692.81
6323.00 31698.78
6323.98 31704.39
6325.01 31710.11
6325.99 31715.84
6327.01 31721.68
6328.00 31727.61
6328.99 31733.02
6330.00 31738.55
6331.00 31744.28
6331.99 31749.68
6333.00 31755.65
6334.00 31761.79
6334.99 31767.85
6335.99 31773.89
6337.02 31780.15
6338.00 31785.98
6338.99 31791.89
6340.00 31797.54
6341.00 31803.08
6341.99 31808.85
6343.00 31814.45
6344.00 31820.10
6344.99 31825.49
6346.00 31831.17
6347.00 31836.91
6347.98 31842.30
6349.00 31847.59
6349.99 31852.69
6351.00 31858.36
6352.00 31863.57
6352.99 31868.67
6354.00 31874.43
6355.00 31880.19
6355.99 31885.93
6357.00 31891.80
6357.99 31897.62
6359.03 31903.69
6360.00 31909.56
6360.99 31915.16
6362.00 31921.18
6362.99 31927.04
6363.99 31932.92
6365.00 31938.68
6365.99 31944.40
6367.00 31950.21
6368.00 31956.04
6368.99 31961.73
6369.99 31967.71
6370.99 31973.61
6372.00 31979.61
6372.99 31985.49
6373.99 31991.29
6374.99 31997.10
6376.00 32002.86
6377.00 32008.95
6378.00 32015.12
6379.00 32020.14
6379.99 32026.06
6381.00 32031.76
6382.00 32037.01
6383.00 32042.34
6384.00 32047.87
6385.00 32053.14
6386.00 32058.69
6386.99 32064.57
6388.00 32070.54
6389.00 32076.52
6389.99 32082.51
6390.99 32088.59
6391.99 32094.84
6393.00 32101.00
6394.00 32106.94
6394.99 32112.89
6395.99 32119.01
6397.00 32125.28
6397.99 32131.26
6398.99 32137.20
6399.99 32143.12
6400.99 32148.91
6402.00 32154.88
6403.01 32160.85
6404.00 32166.97
6405.00 32173.06
6405.99 32179.09
6407.00 32185.17
6408.00 32191.28
6408.99 32197.24
6410.00 32203.47
6411.00 32209.68
6411.99 32215.74
6412.99 32221.66
6414.00 32227.28
6415.00 32232.75
6415.99 32238.28
6417.00 32244.04
6418.00 32250.26
6419.00 32256.39
6420.00 32262.61
6420.99 32268.79
6422.00 32275.08
6422.99 32280.95
6424.00 32286.95
6425.01 32292.73
6425.99 32298.53
6427.00 32304.48
6427.99 32310.54
6428.99 32316.70
6430.00 32323.01
6430.99 32328.67
6432.00 32334.51
6432.99 32340.23
6434.00 32346.00
6434.99 32351.85
6436.00 32357.94
6437.00 32364.07
6438.00 32370.16
6438.99 32376.12
6439.99 32382.04
6441.00 32388.19
6441.99 32394.10
6443.00 32400.00
6444.00 32406.07
6445.00 32411.21
6446.00 32416.51
6446.99 32422.00
6448.00 32427.54
6449.00 32433.46
6449.99 32439.51
6450.99 32445.63
6452.00 32451.58
6453.00 32457.57
6453.99 32463.39
6455.00 32469.32
6456.00 32475.04
6457.00 32481.18
6458.00 32487.08
6458.99 32492.87
6460.00 32498.60
6461.00 32504.54
6461.99 32510.15
6462.99 32515.48
6464.01 32521.08
6465.00 32526.76
6465.99 32532.25
6467.00 32537.44
6467.99 32543.08
6469.01 32548.67
6470.00 32554.04
6471.00 32559.38
6471.99 32564.87
6473.00 32570.58
6474.00 32576.13
6474.99 32581.83
6476.00 32587.49
6477.00 32592.76
6478.00 32597.59
6478.99 32602.73
6480.00 32608.18
6481.00 32613.95
6481.99 32619.74
6483.01 32625.70
6484.00 32631.47
6485.01 32637.36
6485.99 32643.07
6486.99 32648.85
6487.99 32654.70
6489.00 32660.75
6490.00 32666.47
6490.99 32672.19
6491.99 32677.96
6493.00 32683.73
6493.99 32689.30
6494.99 32695.08
6496.00 32701.02
6496.99 32706.88
6498.00 32712.82
6499.01 32718.85
6500.00 32724.60
6501.00 32730.66
6502.00 32736.71
6503.01 32742.66
6504.00 32748.40
6504.99 32753.77
6506.00 32759.34
6506.99 32764.96
6508.00 32770.27
6509.00 32775.70
6510.00 32781.02
6510.99 32786.25
6512.00 32792.06
6513.00 32798.06
6513.99 32803.92
6514.99 32809.95
6516.00 32816.09
6517.00 32822.26
6518.00 32828.13
6519.00 32833.98
6520.00 32840.00
6520.99 32846.08
6522.00 32852.28
6522.99 32857.87
6524.00 32863.99
6524.99 32869.98
6526.00 32875.85
6527.00 32882.01
6528.00 32887.91
6529.00 32893.71
6530.01 32899.57
6531.00 32905.45
6532.01 32911.73
6533.00 32917.77
6534.00 32923.91
6535.00 32929.95
6535.99 32935.82
6537.00 32942.17
6538.01 32948.42
6539.00 32954.39
6540.00 32959.95
6541.01 32964.96
6542.00 32970.43
6543.00 32975.96
6544.00 32982.09
6545.00 32988.03
6545.99 32993.91
6547.00 33000.04
6548.00 33006.12
6548.99 33012.00
6549.99 33018.07
6551.00 33023.93
6552.00 33029.98
6553.01 33036.04
6554.00 33041.34
