3133.56 16124.93
3134.57 16130.31
3135.56 16135.83
3136.56 16141.21
3137.57 16146.70
3138.57 16152.21
3139.56 16157.99
3140.56 16163.80
3141.56 16169.17
3142.57 16174.50
3143.57 16179.87
3144.56 16185.29
3145.57 16190.73
3146.55 16196.11
3147.57 16201.71
3148.57 16207.13
3149.57 16212.60
3150.55 16218.00
3151.56 16223.52
3152.56 16228.95
3153.56 16234.42
3154.57 16240.28
3155.57 16245.96
3156.56 16251.48
3157.56 16256.81
3158.55 16262.42
3159.57 16268.11
3160.56 16273.71
3161.57 16279.28
3162.57 16284.04
3163.57 16289.10
3164.57 16293.79
3165.57 16298.78
3166.57 16303.96
3167.58 16309.54
3168.56 16314.92
3169.56 16320.47
3170.55 16325.99
3171.57 16331.63
3172.56 16336.79
3173.56 16341.77
3174.58 16347.24
3175.58 16352.44
3176.58 16358.08
3177.57 16363.67
3178.57 16369.01
3179.57 16374.33
3180.57 16379.78
3181.56 16384.98
3182.56 16390.22
3183.56 16395.37
3184.57 16400.76
3185.57 16406.25
3186.57 16411.69
3187.57 16417.08
3188.57 16422.45
3189.57 16427.71
3190.57 16432.90
3191.58 16438.05
3192.58 16443.75
3193.57 16448.82
3194.58 16453.41
3195.58 16458.04
3196.58 16463.05
3197.57 16468.16
3198.57 16473.15
3199.56 16478.83
3200.58 16484.37
3201.58 16489.96
3202.57 16495.36
3203.57 16500.55
3204.57 16506.09
3205.56 16511.43
3206.58 16516.85
3207.58 16522.25
3208.57 16527.79
3209.57 16533.38
3210.57 16538.96
3211.56 16544.03
3212.58 16549.63
3213.57 16554.87
3214.57 16560.48
3215.57 16566.10
3216.58 16571.61
3217.57 16576.89
3218.57 16582.48
3219.57 16588.06
3220.57 16593.47
3221.57 16598.59
3222.57 16604.28
3223.58 16609.89
3224.58 16615.32
3225.57 16620.03
3226.58 16625.07
3227.57 16629.60
3228.57 16634.42
3229.57 16639.55
3230.57 16644.62
3231.57 16649.92
3232.56 16655.72
3233.57 16661.30
3234.57 16666.85
3235.57 16672.60
3236.57 16678.21
3237.57 16684.05
3238.57 16689.55
3239.57 16695.14
3240.57 16700.40
3241.58 16706.00
3242.57 16711.39
3243.57 16716.54
3244.57 16722.02
3245.58 16727.65
3246.57 16733.08
3247.57 16738.50
3248.58 16743.85
3249.58 16749.10
3250.57 16754.21
3251.57 16759.57
3252.56 16764.30
3253.58 16769.41
3254.57 16774.67
3255.57 16779.96
3256.58 16785.07
3257.56 16789.57
3258.57 16794.08
3259.57 16798.99
3260.57 16804.09
3261.58 16809.50
3262.58 16814.94
3263.57 16819.96
3264.56 16825.40
3265.57 16831.08
3266.58 16836.64
3267.57 16842.07
3268.57 16847.06
3269.58 16852.81
3270.58 16858.45
3271.58 16864.05
3272.58 16869.55
3273.58 16874.80
3274.58 16880.09
3275.57 16885.71
3276.57 16891.13
3277.57 16896.40
3278.57 16901.95
3279.57 16907.44
3280.58 16913.25
3281.57 16918.55
3282.57 16923.92
3283.57 16929.41
3284.57 16934.91
3285.56 16940.43
3286.57 16945.89
3287.58 16950.80
3288.57 16955.43
3289.57 16960.36
3290.57 16965.38
3291.58 16970.39
3292.57 16975.73
3293.57 16981.76
3294.58 16987.36
3295.57 16992.80
3296.58 16998.03
3297.58 17002.92
3298.58 17008.44
3299.58 17013.86
3300.57 17019.24
3301.57 17024.88
3302.57 17030.23
3303.57 17035.45
3304.58 17040.98
3305.58 17046.48
3306.58 17052.09
3307.57 17057.50
3308.57 17062.96
3309.57 17068.61
3310.58 17074.17
3311.58 17080.04
3312.57 17085.75
3313.58 17091.49
3314.58 17097.02
3315.59 17102.57
3316.58 17108.07
3317.58 17113.54
3318.58 17118.29
3319.58 17123.32
3320.58 17128.19
3321.58 17133.02
3322.57 17138.11
3323.57 17143.43
3324.57 17148.98
3325.58 17154.21
3326.57 17159.47
3327.58 17165.16
3328.57 17170.63
3329.57 17176.23
3330.58 17181.90
3331.58 17187.68
3332.58 17193.31
3333.58 17198.79
3334.57 17204.42
3335.57 17210.20
3336.57 17215.79
3337.57 17221.64
3338.57 17226.92
3339.58 17232.65
3340.57 17238.40
3341.57 17243.66
3342.58 17249.37
3343.58 17254.85
3344.58 17260.34
3345.58 17265.81
3346.58 17271.18
3347.58 17276.66
3348.58 17282.03
3349.57 17287.42
3350.57 17292.25
3351.57 17296.83
3352.58 17301.93
3353.58 17306.69
3354.58 17311.92
3355.57 17317.34
3356.57 17322.96
3357.57 17328.60
3358.57 17334.40
3359.58 17340.30
3360.58 17345.73
3361.58 17351.50
3362.58 17357.07
3363.57 17362.49
3364.57 17368.00
3365.57 17373.37
3366.58 17378.45
3367.58 17383.55
3368.58 17388.45
3369.58 17393.11
3370.57 17398.02
3371.57 17403.10
3372.58 17408.26
3373.57 17410.23
3374.58 17414.29
3375.56 17418.55
3376.58 17423.44
3377.56 17426.63
3378.57 17430.90
3379.57 17436.16
3380.57 17441.56
3381.57 17445.89
3382.57 17450.31
3383.56 17454.74
3384.57 17459.23
