12-16 16:04:42.382  5229  5229 I BatteryMgr:DataCollectionService: onStartCommand: begin
12-16 16:04:42.382  5229  5229 I BatteryMgr:DataCollectionService: onStartCommand: sampleRate => 1000
12-16 16:04:42.382  5229  5229 I BatteryMgr:DataCollectionService: onStartCommand: rawFields => Timestamp,BATTERY_PROPERTY_CURRENT_NOW,EXTRA_VOLTAGE
12-16 16:04:42.383  5229  5229 I BatteryMgr:DataCollectionService: onStartCommand: notification done
12-16 16:04:42.385  5229  5229 I BatteryMgr:DataCollectionService: started foreground
12-16 16:04:42.390  5229  5852 I BatteryMgr:DataCollectionService: collectData: begin
12-16 16:04:42.392  5229  5852 I BatteryMgr:DataCollectionService: stats => 1702739082392,-1528807,3711
12-16 16:04:43.397  5229  5852 I BatteryMgr:DataCollectionService: stats => 1702739083397,-1580565,3709
12-16 16:04:44.400  5229  5852 I BatteryMgr:DataCollectionService: stats => 1702739084400,-1494139,3709
12-16 16:04:45.403  5229  5852 I BatteryMgr:DataCollectionService: stats => 1702739085403,-1576659,3709
12-16 16:04:46.406  5229  5852 I BatteryMgr:DataCollectionService: stats => 1702739086406,-1541014,3709
12-16 16:04:47.409  5229  5852 I BatteryMgr:DataCollectionService: stats => 1702739087409,-1524413,3709
12-16 16:04:48.413  5229  5852 I BatteryMgr:DataCollectionService: stats => 1702739088413,-1601073,3709
12-16 16:04:49.416  5229  5852 I BatteryMgr:DataCollectionService: stats => 1702739089416,-1547850,3709
12-16 16:04:50.420  5229  5852 I BatteryMgr:DataCollectionService: stats => 1702739090420,-1574217,3709
12-16 16:04:51.424  5229  5852 I BatteryMgr:DataCollectionService: stats => 1702739091424,-1561522,3709
12-16 16:04:52.429  5229  5852 I BatteryMgr:DataCollectionService: stats => 1702739092428,-1596190,3709
12-16 16:04:53.437  5229  5852 I BatteryMgr:DataCollectionService: stats => 1702739093437,-1564940,3708
12-16 16:04:54.440  5229  5852 I BatteryMgr:DataCollectionService: stats => 1702739094440,-1604003,3708
12-16 16:04:55.443  5229  5852 I BatteryMgr:DataCollectionService: stats => 1702739095443,-1567382,3708
12-16 16:04:56.446  5229  5852 I BatteryMgr:DataCollectionService: stats => 1702739096446,-1570799,3708
12-16 16:04:57.449  5229  5852 I BatteryMgr:DataCollectionService: stats => 1702739097449,-1666014,3708
12-16 16:04:58.453  5229  5852 I BatteryMgr:DataCollectionService: stats => 1702739098453,-1576659,3708
12-16 16:04:59.457  5229  5852 I BatteryMgr:DataCollectionService: stats => 1702739099456,-1538573,3708
12-16 16:05:00.461  5229  5852 I BatteryMgr:DataCollectionService: stats => 1702739100461,-1577147,3708
12-16 16:05:01.465  5229  5852 I BatteryMgr:DataCollectionService: stats => 1702739101464,-1564940,3708
12-16 16:05:02.470  5229  5852 I BatteryMgr:DataCollectionService: stats => 1702739102470,-1555174,3708
12-16 16:05:03.475  5229  5852 I BatteryMgr:DataCollectionService: stats => 1702739103475,-1553221,3708
12-16 16:05:04.478  5229  5852 I BatteryMgr:DataCollectionService: stats => 1702739104478,-1574706,3708
12-16 16:05:05.480  5229  5852 I BatteryMgr:DataCollectionService: stats => 1702739105480,-1465819,3708
12-16 16:05:06.483  5229  5852 I BatteryMgr:DataCollectionService: stats => 1702739106483,-1402343,3708
12-16 16:05:07.486  5229  5852 I BatteryMgr:DataCollectionService: stats => 1702739107486,-1443358,3708
12-16 16:05:08.490  5229  5852 I BatteryMgr:DataCollectionService: stats => 1702739108489,-1418456,3708
12-16 16:05:09.493  5229  5852 I BatteryMgr:DataCollectionService: stats => 1702739109493,-1415038,3708
12-16 16:05:10.498  5229  5852 I BatteryMgr:DataCollectionService: stats => 1702739110498,-1560057,3708
12-16 16:05:11.501  5229  5852 I BatteryMgr:DataCollectionService: stats => 1702739111501,-1541014,3708
12-16 16:05:12.504  5229  5852 I BatteryMgr:DataCollectionService: stats => 1702739112504,-1504393,3708
12-16 16:05:13.510  5229  5852 I BatteryMgr:DataCollectionService: stats => 1702739113510,-1463378,3715
12-16 16:05:14.515  5229  5852 I BatteryMgr:DataCollectionService: stats => 1702739114515,-1511229,3715
12-16 16:05:15.518  5229  5852 I BatteryMgr:DataCollectionService: stats => 1702739115518,-1482421,3715
12-16 16:05:16.522  5229  5852 I BatteryMgr:DataCollectionService: stats => 1702739116522,-1470702,3715
12-16 16:05:17.525  5229  5852 I BatteryMgr:DataCollectionService: stats => 1702739117525,-1548339,3715
12-16 16:05:18.528  5229  5852 I BatteryMgr:DataCollectionService: stats => 1702739118528,-1568358,3715
12-16 16:05:19.531  5229  5852 I BatteryMgr:DataCollectionService: stats => 1702739119531,-1567382,3707
12-16 16:05:20.537  5229  5852 I BatteryMgr:DataCollectionService: stats => 1702739120537,-1626952,3707
12-16 16:05:21.541  5229  5852 I BatteryMgr:DataCollectionService: stats => 1702739121541,-1612792,3703
12-16 16:05:22.544  5229  5852 I BatteryMgr:DataCollectionService: stats => 1702739122544,-1593260,3703
12-16 16:05:23.549  5229  5852 I BatteryMgr:DataCollectionService: stats => 1702739123549,-1579589,3706
12-16 16:05:24.554  5229  5852 I BatteryMgr:DataCollectionService: stats => 1702739124554,-1591307,3706
12-16 16:05:25.557  5229  5852 I BatteryMgr:DataCollectionService: stats => 1702739125557,-1631835,3706
12-16 16:05:26.560  5229  5852 I BatteryMgr:DataCollectionService: stats => 1702739126560,-1609374,3706
12-16 16:05:27.564  5229  5852 I BatteryMgr:DataCollectionService: stats => 1702739127564,-1597167,3706
12-16 16:05:28.567  5229  5852 I BatteryMgr:DataCollectionService: stats => 1702739128567,-1565428,3706
12-16 16:05:29.570  5229  5852 I BatteryMgr:DataCollectionService: stats => 1702739129570,-1420897,3706
12-16 16:05:30.572  5229  5852 I BatteryMgr:DataCollectionService: stats => 1702739130572,-1603514,3706
12-16 16:05:31.578  5229  5852 I BatteryMgr:DataCollectionService: stats => 1702739131578,-1610350,3706
12-16 16:05:32.581  5229  5852 I BatteryMgr:DataCollectionService: stats => 1702739132581,-1584960,3706
12-16 16:05:33.584  5229  5852 I BatteryMgr:DataCollectionService: stats => 1702739133584,-1597167,3703
12-16 16:05:34.589  5229  5852 I BatteryMgr:DataCollectionService: stats => 1702739134589,-1594725,3703
12-16 16:05:35.594  5229  5852 I BatteryMgr:DataCollectionService: stats => 1702739135594,-1612303,3703
12-16 16:05:36.597  5229  5852 I BatteryMgr:DataCollectionService: stats => 1702739136597,-1595702,3703
12-16 16:05:37.601  5229  5852 I BatteryMgr:DataCollectionService: stats => 1702739137601,-1583983,3703
12-16 16:05:38.604  5229  5852 I BatteryMgr:DataCollectionService: stats => 1702739138604,-1575194,3703
12-16 16:05:39.607  5229  5852 I BatteryMgr:DataCollectionService: stats => 1702739139607,-1585936,3703
12-16 16:05:40.610  5229  5852 I BatteryMgr:DataCollectionService: stats => 1702739140610,-1599120,3703
12-16 16:05:41.617  5229  5852 I BatteryMgr:DataCollectionService: stats => 1702739141617,-1616210,3703
12-16 16:05:42.622  5229  5852 I BatteryMgr:DataCollectionService: stats => 1702739142622,-1526854,3703
12-16 16:05:43.625  5229  5852 I BatteryMgr:DataCollectionService: stats => 1702739143625,-1613768,3702
12-16 16:05:44.629  5229  5852 I BatteryMgr:DataCollectionService: stats => 1702739144629,-1603514,3702
12-16 16:05:45.633  5229  5852 I BatteryMgr:DataCollectionService: stats => 1702739145633,-1591796,3702
12-16 16:05:46.639  5229  5852 I BatteryMgr:DataCollectionService: stats => 1702739146639,-1606932,3702
12-16 16:05:47.642  5229  5852 I BatteryMgr:DataCollectionService: stats => 1702739147642,-1577147,3702
12-16 16:05:48.645  5229  5852 I BatteryMgr:DataCollectionService: stats => 1702739148645,-1583495,3702
12-16 16:05:49.648  5229  5852 I BatteryMgr:DataCollectionService: stats => 1702739149648,-1604003,3702
12-16 16:05:50.651  5229  5852 I BatteryMgr:DataCollectionService: stats => 1702739150651,-1606932,3702
12-16 16:05:51.654  5229  5852 I BatteryMgr:DataCollectionService: stats => 1702739151654,-1609374,3702
12-16 16:05:52.658  5229  5852 I BatteryMgr:DataCollectionService: stats => 1702739152658,-1604491,3702
12-16 16:05:53.662  5229  5852 I BatteryMgr:DataCollectionService: stats => 1702739153662,-1568358,3704
12-16 16:05:54.666  5229  5852 I BatteryMgr:DataCollectionService: stats => 1702739154666,-1587401,3704
12-16 16:05:55.670  5229  5852 I BatteryMgr:DataCollectionService: stats => 1702739155670,-1424803,3704
12-16 16:05:56.674  5229  5852 I BatteryMgr:DataCollectionService: stats => 1702739156674,-1604979,3704
12-16 16:05:57.681  5229  5852 I BatteryMgr:DataCollectionService: stats => 1702739157681,-1622069,3704
12-16 16:05:58.684  5229  5852 I BatteryMgr:DataCollectionService: stats => 1702739158684,-1591796,3700
12-16 16:05:59.687  5229  5852 I BatteryMgr:DataCollectionService: stats => 1702739159687,-1606444,3700
12-16 16:06:00.692  5229  5852 I BatteryMgr:DataCollectionService: stats => 1702739160692,-1604979,3700
12-16 16:06:01.696  5229  5852 I BatteryMgr:DataCollectionService: stats => 1702739161695,-1634764,3700
12-16 16:06:02.699  5229  5852 I BatteryMgr:DataCollectionService: stats => 1702739162699,-1567870,3700
12-16 16:06:03.702  5229  5852 I BatteryMgr:DataCollectionService: stats => 1702739163702,-1628417,3703
12-16 16:06:04.707  5229  5852 I BatteryMgr:DataCollectionService: stats => 1702739164707,-1628417,3703
12-16 16:06:05.711  5229  5852 I BatteryMgr:DataCollectionService: stats => 1702739165711,-1603026,3703
12-16 16:06:06.715  5229  5852 I BatteryMgr:DataCollectionService: stats => 1702739166715,-1587401,3703
12-16 16:06:07.721  5229  5852 I BatteryMgr:DataCollectionService: stats => 1702739167721,-1606444,3703
12-16 16:06:08.724  5229  5852 I BatteryMgr:DataCollectionService: stats => 1702739168724,-1619628,3703
12-16 16:06:09.728  5229  5852 I BatteryMgr:DataCollectionService: stats => 1702739169727,-1567382,3703
12-16 16:06:10.731  5229  5852 I BatteryMgr:DataCollectionService: stats => 1702739170731,-1616698,3703
12-16 16:06:11.735  5229  5852 I BatteryMgr:DataCollectionService: stats => 1702739171735,-1580565,3703
12-16 16:06:12.738  5229  5852 I BatteryMgr:DataCollectionService: stats => 1702739172738,-1575194,3703
12-16 16:06:13.742  5229  5852 I BatteryMgr:DataCollectionService: stats => 1702739173742,-1593260,3702
12-16 16:06:14.744  5229  5852 I BatteryMgr:DataCollectionService: stats => 1702739174744,-1591307,3702
12-16 16:06:15.748  5229  5852 I BatteryMgr:DataCollectionService: stats => 1702739175748,-1572264,3702
12-16 16:06:16.751  5229  5852 I BatteryMgr:DataCollectionService: stats => 1702739176751,-1593749,3702
12-16 16:06:17.758  5229  5852 I BatteryMgr:DataCollectionService: stats => 1702739177758,-1590819,3702
12-16 16:06:18.761  5229  5852 I BatteryMgr:DataCollectionService: stats => 1702739178761,-1616698,3702
12-16 16:06:19.764  5229  5852 I BatteryMgr:DataCollectionService: stats => 1702739179764,-1591796,3702
12-16 16:06:20.768  5229  5852 I BatteryMgr:DataCollectionService: stats => 1702739180768,-1549315,3702
12-16 16:06:21.770  5229  5852 I BatteryMgr:DataCollectionService: stats => 1702739181770,-1633788,3702
12-16 16:06:22.774  5229  5852 I BatteryMgr:DataCollectionService: stats => 1702739182774,-1576171,3702
12-16 16:06:23.777  5229  5852 I BatteryMgr:DataCollectionService: stats => 1702739183777,-1574706,3701
12-16 16:06:24.780  5229  5852 I BatteryMgr:DataCollectionService: stats => 1702739184780,-1602049,3701
12-16 16:06:25.783  5229  5852 I BatteryMgr:DataCollectionService: stats => 1702739185783,-1570311,3701
12-16 16:06:26.787  5229  5852 I BatteryMgr:DataCollectionService: stats => 1702739186787,-1653807,3701
12-16 16:06:27.790  5229  5852 I BatteryMgr:DataCollectionService: stats => 1702739187790,-1533690,3701
12-16 16:06:28.795  5229  5852 I BatteryMgr:DataCollectionService: stats => 1702739188795,-1595702,3701
12-16 16:06:29.799  5229  5852 I BatteryMgr:DataCollectionService: stats => 1702739189799,-1595702,3701
12-16 16:06:30.802  5229  5852 I BatteryMgr:DataCollectionService: stats => 1702739190802,-1609374,3701
12-16 16:06:31.806  5229  5852 I BatteryMgr:DataCollectionService: stats => 1702739191806,-1639647,3701
12-16 16:06:32.809  5229  5852 I BatteryMgr:DataCollectionService: stats => 1702739192808,-1666503,3701
12-16 16:06:33.811  5229  5852 I BatteryMgr:DataCollectionService: stats => 1702739193811,-1598631,3694
12-16 16:06:34.815  5229  5852 I BatteryMgr:DataCollectionService: stats => 1702739194814,-1623046,3694
12-16 16:06:35.821  5229  5852 I BatteryMgr:DataCollectionService: stats => 1702739195821,-1622557,3694
12-16 16:06:36.824  5229  5852 I BatteryMgr:DataCollectionService: stats => 1702739196824,-1599608,3698
12-16 16:06:37.827  5229  5852 I BatteryMgr:DataCollectionService: stats => 1702739197827,-1574706,3698
12-16 16:06:38.833  5229  5852 I BatteryMgr:DataCollectionService: stats => 1702739198833,-1609374,3698
12-16 16:06:39.837  5229  5852 I BatteryMgr:DataCollectionService: stats => 1702739199837,-1572753,3698
12-16 16:06:40.840  5229  5852 I BatteryMgr:DataCollectionService: stats => 1702739200840,-1578124,3698
12-16 16:06:41.846  5229  5852 I BatteryMgr:DataCollectionService: stats => 1702739201845,-1599120,3698
12-16 16:06:42.849  5229  5852 I BatteryMgr:DataCollectionService: stats => 1702739202848,-1621092,3698
12-16 16:06:43.852  5229  5852 I BatteryMgr:DataCollectionService: stats => 1702739203851,-1580077,3697
12-16 16:06:44.854  5229  5852 I BatteryMgr:DataCollectionService: stats => 1702739204854,-1589842,3697
12-16 16:06:45.860  5229  5852 I BatteryMgr:DataCollectionService: stats => 1702739205860,-1571776,3697
12-16 16:06:46.863  5229  5852 I BatteryMgr:DataCollectionService: stats => 1702739206863,-1579589,3697
12-16 16:06:47.867  5229  5852 I BatteryMgr:DataCollectionService: stats => 1702739207867,-1616210,3697
12-16 16:06:48.875  5229  5852 I BatteryMgr:DataCollectionService: stats => 1702739208873,-1582030,3697
12-16 16:06:49.878  5229  5852 I BatteryMgr:DataCollectionService: stats => 1702739209878,-1583007,3697
12-16 16:06:50.882  5229  5852 I BatteryMgr:DataCollectionService: stats => 1702739210882,-1584960,3697
12-16 16:06:51.885  5229  5852 I BatteryMgr:DataCollectionService: stats => 1702739211885,-1575194,3697
12-16 16:06:52.889  5229  5852 I BatteryMgr:DataCollectionService: stats => 1702739212889,-1595214,3697
12-16 16:06:53.892  5229  5852 I BatteryMgr:DataCollectionService: stats => 1702739213892,-1591796,3697
12-16 16:06:54.896  5229  5852 I BatteryMgr:DataCollectionService: stats => 1702739214896,-1601561,3697
12-16 16:06:55.902  5229  5852 I BatteryMgr:DataCollectionService: stats => 1702739215901,-1574706,3697
12-16 16:06:56.904  5229  5852 I BatteryMgr:DataCollectionService: stats => 1702739216904,-1581542,3697
12-16 16:06:57.912  5229  5852 I BatteryMgr:DataCollectionService: stats => 1702739217910,-1584960,3697
12-16 16:06:58.916  5229  5852 I BatteryMgr:DataCollectionService: stats => 1702739218916,-1628905,3697
12-16 16:06:59.919  5229  5852 I BatteryMgr:DataCollectionService: stats => 1702739219919,-1596678,3697
12-16 16:07:00.923  5229  5852 I BatteryMgr:DataCollectionService: stats => 1702739220923,-1628417,3697
12-16 16:07:01.926  5229  5852 I BatteryMgr:DataCollectionService: stats => 1702739221926,-1613280,3697
12-16 16:07:02.929  5229  5852 I BatteryMgr:DataCollectionService: stats => 1702739222929,-1594725,3697
12-16 16:07:03.932  5229  5852 I BatteryMgr:DataCollectionService: stats => 1702739223932,-1589354,3697
12-16 16:07:04.937  5229  5852 I BatteryMgr:DataCollectionService: stats => 1702739224937,-1622069,3697
12-16 16:07:05.940  5229  5852 I BatteryMgr:DataCollectionService: stats => 1702739225940,-1583495,3697
12-16 16:07:06.943  5229  5852 I BatteryMgr:DataCollectionService: stats => 1702739226943,-1549803,3697
12-16 16:07:07.947  5229  5852 I BatteryMgr:DataCollectionService: stats => 1702739227947,-1591796,3697
12-16 16:07:08.955  5229  5852 I BatteryMgr:DataCollectionService: stats => 1702739228954,-1616698,3697
12-16 16:07:09.960  5229  5852 I BatteryMgr:DataCollectionService: stats => 1702739229960,-1563964,3697
12-16 16:07:10.963  5229  5852 I BatteryMgr:DataCollectionService: stats => 1702739230963,-1581053,3697
12-16 16:07:11.966  5229  5852 I BatteryMgr:DataCollectionService: stats => 1702739231966,-1635741,3697
12-16 16:07:12.969  5229  5852 I BatteryMgr:DataCollectionService: stats => 1702739232969,-1612303,3697
12-16 16:07:13.973  5229  5852 I BatteryMgr:DataCollectionService: stats => 1702739233973,-1608885,3695
12-16 16:07:14.978  5229  5852 I BatteryMgr:DataCollectionService: stats => 1702739234978,-1650389,3695
12-16 16:07:15.981  5229  5852 I BatteryMgr:DataCollectionService: stats => 1702739235981,-1604491,3695
12-16 16:07:16.984  5229  5852 I BatteryMgr:DataCollectionService: stats => 1702739236984,-1561522,3698
12-16 16:07:17.988  5229  5852 I BatteryMgr:DataCollectionService: stats => 1702739237988,-1631346,3698
12-16 16:07:18.993  5229  5852 I BatteryMgr:DataCollectionService: stats => 1702739238993,-1581053,3698
12-16 16:07:19.999  5229  5852 I BatteryMgr:DataCollectionService: stats => 1702739239999,-1577147,3698
12-16 16:07:21.002  5229  5852 I BatteryMgr:DataCollectionService: stats => 1702739241002,-1637206,3698
12-16 16:07:22.006  5229  5852 I BatteryMgr:DataCollectionService: stats => 1702739242005,-1561522,3698
12-16 16:07:23.008  5229  5852 I BatteryMgr:DataCollectionService: stats => 1702739243008,-1615233,3698
12-16 16:07:24.012  5229  5852 I BatteryMgr:DataCollectionService: stats => 1702739244012,-1589842,3694
12-16 16:07:25.015  5229  5852 I BatteryMgr:DataCollectionService: stats => 1702739245015,-1591796,3694
12-16 16:07:26.019  5229  5852 I BatteryMgr:DataCollectionService: stats => 1702739246019,-1552733,3694
12-16 16:07:27.024  5229  5852 I BatteryMgr:DataCollectionService: stats => 1702739247024,-1587889,3694
12-16 16:07:28.027  5229  5852 I BatteryMgr:DataCollectionService: stats => 1702739248027,-1606444,3694
12-16 16:07:29.032  5229  5852 I BatteryMgr:DataCollectionService: stats => 1702739249032,-1569823,3694
12-16 16:07:30.037  5229  5852 I BatteryMgr:DataCollectionService: stats => 1702739250035,-1604491,3694
12-16 16:07:31.041  5229  5852 I BatteryMgr:DataCollectionService: stats => 1702739251041,-1583495,3694
12-16 16:07:32.043  5229  5852 I BatteryMgr:DataCollectionService: stats => 1702739252043,-1591796,3694
12-16 16:07:33.046  5229  5852 I BatteryMgr:DataCollectionService: stats => 1702739253046,-1503417,3694
12-16 16:07:34.052  5229  5852 I BatteryMgr:DataCollectionService: stats => 1702739254052,-1625975,3700
12-16 16:07:35.055  5229  5852 I BatteryMgr:DataCollectionService: stats => 1702739255055,-1577635,3700
12-16 16:07:36.059  5229  5852 I BatteryMgr:DataCollectionService: stats => 1702739256059,-1575194,3700
12-16 16:07:37.062  5229  5852 I BatteryMgr:DataCollectionService: stats => 1702739257062,-1569823,3700
12-16 16:07:38.066  5229  5852 I BatteryMgr:DataCollectionService: stats => 1702739258066,-1589354,3700
12-16 16:07:39.069  5229  5852 I BatteryMgr:DataCollectionService: stats => 1702739259069,-1594237,3700
12-16 16:07:40.075  5229  5852 I BatteryMgr:DataCollectionService: stats => 1702739260075,-1615233,3700
12-16 16:07:41.081  5229  5852 I BatteryMgr:DataCollectionService: stats => 1702739261081,-1564940,3700
12-16 16:07:42.084  5229  5852 I BatteryMgr:DataCollectionService: stats => 1702739262083,-1551757,3700
12-16 16:07:43.086  5229  5852 I BatteryMgr:DataCollectionService: stats => 1702739263086,-1593260,3700
12-16 16:07:44.090  5229  5852 I BatteryMgr:DataCollectionService: stats => 1702739264090,-1648436,3694
12-16 16:07:45.093  5229  5852 I BatteryMgr:DataCollectionService: stats => 1702739265093,-1563475,3694
12-16 16:07:46.096  5229  5852 I BatteryMgr:DataCollectionService: stats => 1702739266095,-1584960,3694
12-16 16:07:47.099  5229  5852 I BatteryMgr:DataCollectionService: stats => 1702739267099,-1611327,3694
12-16 16:07:48.103  5229  5852 I BatteryMgr:DataCollectionService: stats => 1702739268103,-1625487,3694
12-16 16:07:49.107  5229  5852 I BatteryMgr:DataCollectionService: stats => 1702739269106,-1618651,3694
12-16 16:07:50.109  5229  5852 I BatteryMgr:DataCollectionService: stats => 1702739270109,-1599608,3694
12-16 16:07:51.114  5229  5852 I BatteryMgr:DataCollectionService: stats => 1702739271114,-1585936,3694
12-16 16:07:52.117  5229  5852 I BatteryMgr:DataCollectionService: stats => 1702739272117,-1594237,3694
12-16 16:07:53.121  5229  5852 I BatteryMgr:DataCollectionService: stats => 1702739273121,-1617674,3694
12-16 16:07:54.123  5229  5852 I BatteryMgr:DataCollectionService: stats => 1702739274123,-1591307,3691
12-16 16:07:55.127  5229  5852 I BatteryMgr:DataCollectionService: stats => 1702739275127,-1589842,3691
12-16 16:07:56.130  5229  5852 I BatteryMgr:DataCollectionService: stats => 1702739276130,-1590819,3691
12-16 16:07:57.133  5229  5852 I BatteryMgr:DataCollectionService: stats => 1702739277133,-1603026,3692
12-16 16:07:58.136  5229  5852 I BatteryMgr:DataCollectionService: stats => 1702739278136,-1622557,3692
12-16 16:07:59.140  5229  5852 I BatteryMgr:DataCollectionService: stats => 1702739279140,-1635253,3692
12-16 16:08:00.143  5229  5852 I BatteryMgr:DataCollectionService: stats => 1702739280143,-1482421,3692
12-16 16:08:01.146  5229  5852 I BatteryMgr:DataCollectionService: stats => 1702739281146,-1588378,3692
12-16 16:08:02.153  5229  5852 I BatteryMgr:DataCollectionService: stats => 1702739282153,-1610350,3692
12-16 16:08:03.157  5229  5852 I BatteryMgr:DataCollectionService: stats => 1702739283157,-1557128,3692
12-16 16:08:04.160  5229  5852 I BatteryMgr:DataCollectionService: stats => 1702739284160,-1650878,3695
12-16 16:08:05.164  5229  5852 I BatteryMgr:DataCollectionService: stats => 1702739285163,-1608885,3695
12-16 16:08:06.166  5229  5852 I BatteryMgr:DataCollectionService: stats => 1702739286166,-1610350,3695
12-16 16:08:07.169  5229  5852 I BatteryMgr:DataCollectionService: stats => 1702739287169,-1563964,3695
12-16 16:08:08.171  5229  5852 I BatteryMgr:DataCollectionService: stats => 1702739288171,-1607909,3695
12-16 16:08:09.174  5229  5852 I BatteryMgr:DataCollectionService: stats => 1702739289174,-1647460,3695
12-16 16:08:10.180  5229  5852 I BatteryMgr:DataCollectionService: stats => 1702739290180,-1617674,3695
12-16 16:08:11.183  5229  5852 I BatteryMgr:DataCollectionService: stats => 1702739291183,-1610839,3695
12-16 16:08:12.186  5229  5852 I BatteryMgr:DataCollectionService: stats => 1702739292186,-1624022,3695
12-16 16:08:13.194  5229  5852 I BatteryMgr:DataCollectionService: stats => 1702739293194,-1594725,3695
12-16 16:08:14.197  5229  5852 I BatteryMgr:DataCollectionService: stats => 1702739294197,-1588378,3691
12-16 16:08:15.200  5229  5852 I BatteryMgr:DataCollectionService: stats => 1702739295200,-1594725,3691
12-16 16:08:16.205  5229  5852 I BatteryMgr:DataCollectionService: stats => 1702739296205,-1591796,3691
12-16 16:08:17.207  5229  5852 I BatteryMgr:DataCollectionService: stats => 1702739297207,-1632323,3691
12-16 16:08:18.210  5229  5852 I BatteryMgr:DataCollectionService: stats => 1702739298210,-1636229,3691
12-16 16:08:19.213  5229  5852 I BatteryMgr:DataCollectionService: stats => 1702739299212,-1613768,3691
12-16 16:08:20.216  5229  5852 I BatteryMgr:DataCollectionService: stats => 1702739300215,-1614256,3691
12-16 16:08:21.219  5229  5852 I BatteryMgr:DataCollectionService: stats => 1702739301219,-1567870,3691
12-16 16:08:22.223  5229  5852 I BatteryMgr:DataCollectionService: stats => 1702739302223,-1643065,3691
12-16 16:08:23.225  5229  5852 I BatteryMgr:DataCollectionService: stats => 1702739303225,-1621581,3691
12-16 16:08:24.230  5229  5852 I BatteryMgr:DataCollectionService: stats => 1702739304230,-1629881,3689
12-16 16:08:25.233  5229  5852 I BatteryMgr:DataCollectionService: stats => 1702739305233,-1639647,3689
12-16 16:08:26.236  5229  5852 I BatteryMgr:DataCollectionService: stats => 1702739306236,-1605467,3689
12-16 16:08:27.239  5229  5852 I BatteryMgr:DataCollectionService: stats => 1702739307239,-1620604,3689
12-16 16:08:28.244  5229  5852 I BatteryMgr:DataCollectionService: stats => 1702739308243,-1641112,3689
12-16 16:08:29.247  5229  5852 I BatteryMgr:DataCollectionService: stats => 1702739309247,-1610350,3689
12-16 16:08:30.250  5229  5852 I BatteryMgr:DataCollectionService: stats => 1702739310250,-1679686,3689
12-16 16:08:31.254  5229  5852 I BatteryMgr:DataCollectionService: stats => 1702739311253,-1622069,3689
12-16 16:08:32.256  5229  5852 I BatteryMgr:DataCollectionService: stats => 1702739312256,-1619139,3689
12-16 16:08:33.262  5229  5852 I BatteryMgr:DataCollectionService: stats => 1702739313262,-1614256,3689
12-16 16:08:34.265  5229  5852 I BatteryMgr:DataCollectionService: stats => 1702739314265,-1636229,3689
12-16 16:08:35.269  5229  5852 I BatteryMgr:DataCollectionService: stats => 1702739315269,-1495604,3696
12-16 16:08:36.272  5229  5852 I BatteryMgr:DataCollectionService: stats => 1702739316271,-1613280,3696
12-16 16:08:37.277  5229  5852 I BatteryMgr:DataCollectionService: stats => 1702739317277,-1591796,3696
12-16 16:08:38.283  5229  5852 I BatteryMgr:DataCollectionService: stats => 1702739318283,-1589354,3696
12-16 16:08:39.286  5229  5852 I BatteryMgr:DataCollectionService: stats => 1702739319286,-1567382,3696
12-16 16:08:40.289  5229  5852 I BatteryMgr:DataCollectionService: stats => 1702739320289,-1613768,3696
12-16 16:08:41.292  5229  5852 I BatteryMgr:DataCollectionService: stats => 1702739321292,-1607909,3696
12-16 16:08:42.294  5229  5852 I BatteryMgr:DataCollectionService: stats => 1702739322294,-1623046,3696
12-16 16:08:43.298  5229  5852 I BatteryMgr:DataCollectionService: stats => 1702739323298,-1661620,3685
12-16 16:08:44.302  5229  5852 I BatteryMgr:DataCollectionService: stats => 1702739324302,-1609862,3685
12-16 16:08:45.306  5229  5852 I BatteryMgr:DataCollectionService: stats => 1702739325306,-1643553,3685
12-16 16:08:46.310  5229  5852 I BatteryMgr:DataCollectionService: stats => 1702739326310,-1583007,3685
12-16 16:08:47.312  5229  5852 I BatteryMgr:DataCollectionService: stats => 1702739327312,-1611815,3685
12-16 16:08:48.317  5229  5852 I BatteryMgr:DataCollectionService: stats => 1702739328317,-1594725,3685
12-16 16:08:49.321  5229  5852 I BatteryMgr:DataCollectionService: stats => 1702739329321,-1577635,3685
12-16 16:08:50.325  5229  5852 I BatteryMgr:DataCollectionService: stats => 1702739330325,-1579100,3685
12-16 16:08:51.327  5229  5852 I BatteryMgr:DataCollectionService: stats => 1702739331327,-1645995,3685
12-16 16:08:52.331  5229  5852 I BatteryMgr:DataCollectionService: stats => 1702739332330,-1701171,3685
12-16 16:08:53.333  5229  5852 I BatteryMgr:DataCollectionService: stats => 1702739333333,-1701659,3682
12-16 16:08:54.336  5229  5852 I BatteryMgr:DataCollectionService: stats => 1702739334336,-1639647,3682
12-16 16:08:55.339  5229  5852 I BatteryMgr:DataCollectionService: stats => 1702739335339,-1645506,3682
12-16 16:08:56.343  5229  5852 I BatteryMgr:DataCollectionService: stats => 1702739336343,-1671385,3682
12-16 16:08:57.346  5229  5852 I BatteryMgr:DataCollectionService: stats => 1702739337346,-1683104,3682
12-16 16:08:58.349  5229  5852 I BatteryMgr:DataCollectionService: stats => 1702739338349,-1719237,3682
12-16 16:08:59.352  5229  5852 I BatteryMgr:DataCollectionService: stats => 1702739339352,-1664061,3682
12-16 16:09:00.358  5229  5852 I BatteryMgr:DataCollectionService: stats => 1702739340358,-1680174,3682
12-16 16:09:01.364  5229  5852 I BatteryMgr:DataCollectionService: stats => 1702739341364,-1670409,3682
12-16 16:09:02.367  5229  5852 I BatteryMgr:DataCollectionService: stats => 1702739342367,-1475096,3682
12-16 16:09:03.371  5229  5852 I BatteryMgr:DataCollectionService: stats => 1702739343371,-1521483,3693
12-16 16:09:04.374  5229  5852 I BatteryMgr:DataCollectionService: stats => 1702739344374,-1564452,3693
12-16 16:09:05.376  5229  5852 I BatteryMgr:DataCollectionService: stats => 1702739345376,-1658202,3693
12-16 16:09:06.383  5229  5852 I BatteryMgr:DataCollectionService: stats => 1702739346382,-1445311,3693
12-16 16:09:07.387  5229  5852 I BatteryMgr:DataCollectionService: stats => 1702739347387,-1382811,3693
12-16 16:09:08.390  5229  5852 I BatteryMgr:DataCollectionService: stats => 1702739348390,-1560057,3693
12-16 16:09:09.393  5229  5852 I BatteryMgr:DataCollectionService: stats => 1702739349393,-1511229,3693
12-16 16:09:10.398  5229  5852 I BatteryMgr:DataCollectionService: stats => 1702739350397,-1542967,3693
12-16 16:09:11.404  5229  5852 I BatteryMgr:DataCollectionService: stats => 1702739351403,-1554198,3693
12-16 16:09:12.406  5229  5852 I BatteryMgr:DataCollectionService: stats => 1702739352406,-1701659,3693
