2766.21 13297.39
2767.21 13302.36
2768.24 13307.59
2769.23 13312.68
2770.22 13317.72
2771.22 13322.65
2772.21 13327.52
2773.22 13332.64
2774.21 13337.72
2775.21 13342.98
2776.22 13347.89
2777.22 13352.78
2778.21 13357.62
2779.20 13362.42
2780.22 13367.69
2781.23 13373.05
2782.22 13378.09
2783.22 13383.06
2784.21 13388.14
2785.23 13393.01
2786.21 13397.94
2787.23 13403.04
2788.23 13408.10
2789.21 13412.81
2790.26 13417.85
2791.22 13422.68
2792.23 13427.88
2793.22 13432.76
2794.22 13437.54
2795.22 13442.52
2796.31 13447.90
2797.22 13452.32
2798.27 13457.29
2799.24 13462.20
2800.24 13467.02
2801.21 13471.76
2802.24 13476.71
2803.23 13481.63
2804.21 13486.41
2805.22 13491.35
2806.22 13496.26
2807.21 13501.03
2808.27 13505.86
2810.22 13515.20
2811.24 13520.09
2812.23 13524.74
2813.25 13529.61
2814.21 13534.17
2815.24 13539.07
2816.22 13543.70
2817.23 13548.36
2818.25 13553.01
2819.22 13557.77
2820.22 13562.74
2821.22 13567.62
2822.21 13572.36
2823.22 13577.34
2824.22 13582.21
2825.22 13587.12
2826.22 13592.10
2827.21 13596.97
2828.24 13601.91
2829.21 13606.75
2830.22 13611.91
2831.21 13616.71
2832.21 13621.67
2833.21 13626.47
2834.22 13631.13
2835.22 13635.46
2836.22 13639.65
2837.21 13644.07
2838.22 13648.56
2839.21 13652.96
2840.22 13657.28
2841.21 13661.76
2842.22 13666.40
2843.27 13671.19
2844.21 13675.31
2845.23 13680.00
2846.27 13684.84
2847.22 13689.39
2848.22 13693.95
2849.22 13698.58
2850.26 13703.46
2851.20 13707.86
2852.21 13712.76
2853.21 13717.50
2854.20 13722.29
2855.23 13727.16
2856.22 13731.83
2857.23 13736.56
2858.24 13741.41
2859.22 13745.95
2860.22 13750.84
2861.22 13755.69
2862.21 13760.33
2863.25 13765.30
2864.27 13770.30
2865.23 13774.79
2866.21 13779.56
2867.22 13784.39
2868.24 13789.18
2869.23 13793.96
2870.21 13798.51
2871.21 13803.21
2872.25 13808.13
2873.25 13812.79
2874.21 13817.48
2875.24 13822.31
2876.21 13827.01
2877.21 13831.75
2878.22 13836.57
2879.24 13841.55
2880.27 13846.42
2881.21 13851.05
2882.24 13855.82
2883.29 13860.86
2884.21 13865.28
2885.22 13870.20
2886.23 13875.11
2887.24 13879.68
2888.22 13884.23
2889.21 13889.06
2890.22 13894.00
2891.24 13898.73
2892.23 13903.56
2893.24 13908.37
2894.22 13913.28
2895.22 13918.09
2896.23 13922.80
2897.21 13927.42
2898.22 13932.31
2899.21 13936.89
2900.21 13941.82
2901.27 13947.00
2902.22 13951.74
2903.22 13956.81
2904.24 13961.76
2905.22 13966.80
2906.22 13971.70
2907.25 13976.86
2908.24 13981.89
2909.21 13986.70
2910.21 13991.70
2911.22 13996.79
2912.21 14001.82
2913.28 14007.05
2914.22 14011.57
2915.22 14016.35
2916.22 14021.06
2917.23 14026.06
2918.23 14030.86
2919.23 14035.62
2920.24 14040.62
2921.22 14045.40
2922.21 14050.20
2923.22 14054.98
2924.22 14060.06
2925.21 14064.96
2926.25 14069.97
2927.22 14074.84
2928.21 14079.48
2929.22 14084.53
2930.23 14089.46
2931.21 14094.18
2932.22 14099.04
2933.22 14103.99
2934.27 14108.88
2935.22 14113.57
2936.20 14118.31
2937.23 14123.47
2938.23 14128.23
2939.23 14133.31
2940.21 14138.00
2941.20 14142.61
2942.24 14147.76
2943.21 14152.39
2944.23 14157.39
2945.22 14161.94
2946.26 14167.08
2947.23 14171.81
2948.24 14176.69
2949.21 14181.47
2950.21 14186.43
2951.22 14191.40
2952.22 14196.17
2953.22 14200.79
2954.22 14205.42
2955.22 14210.26
2956.24 14215.32
2957.22 14219.86
2958.23 14224.93
2959.23 14229.77
2960.21 14234.56
2961.21 14239.54
2962.22 14244.40
2963.22 14249.01
2964.21 14253.81
2965.23 14258.79
2966.20 14263.57
2967.25 14268.81
2968.23 14273.54
2969.24 14278.38
2970.22 14283.22
2971.22 14287.91
2972.21 14292.55
2973.23 14297.21
2974.21 14301.61
2975.23 14306.23
2976.22 14310.63
2977.21 14315.31
2978.23 14320.00
2979.22 14324.50
2980.25 14329.35
2981.22 14333.78
2982.21 14338.49
2983.22 14343.20
2984.21 14347.83
2985.21 14352.42
2986.24 14357.23
2987.23 14361.70
2988.23 14366.40
2989.21 14370.86
2990.21 14375.57
2991.24 14380.36
2992.20 14385.01
2993.23 14389.60
2994.25 14394.53
2995.22 14399.10
2996.21 14403.74
2997.22 14408.37
2998.20 14412.82
2999.23 14417.63
3000.26 14422.70
3001.22 14427.49
3002.22 14432.31
3003.21 14437.06
3004.21 14441.69
3005.22 14446.49
3006.21 14451.27
3007.21 14456.13
3008.24 14460.84
3009.21 14465.43
