02-27 15:30:43.060  5725  5725 I BatteryMgr:DataCollectionService: onStartCommand: begin
02-27 15:30:43.060  5725  5725 I BatteryMgr:DataCollectionService: onStartCommand: sampleRate => 1000
02-27 15:30:43.060  5725  5725 I BatteryMgr:DataCollectionService: onStartCommand: rawFields => Timestamp,BATTERY_PROPERTY_CURRENT_NOW,EXTRA_VOLTAGE
02-27 15:30:43.061  5725  5725 I BatteryMgr:DataCollectionService: onStartCommand: notification done
02-27 15:30:43.064  5725  5725 I BatteryMgr:DataCollectionService: started foreground
02-27 15:30:43.067  5725  5828 I BatteryMgr:DataCollectionService: collectData: begin
02-27 15:30:43.068  5725  5828 I BatteryMgr:DataCollectionService: stats => 1709044243068,-1932616,3635
02-27 15:30:44.071  5725  5828 I BatteryMgr:DataCollectionService: stats => 1709044244071,-2020995,3635
02-27 15:30:45.073  5725  5828 I BatteryMgr:DataCollectionService: stats => 1709044245073,-1970213,3635
02-27 15:30:46.075  5725  5828 I BatteryMgr:DataCollectionService: stats => 1709044246075,-2034178,3630
02-27 15:30:47.077  5725  5828 I BatteryMgr:DataCollectionService: stats => 1709044247077,-1569823,3630
02-27 15:30:48.082  5725  5828 I BatteryMgr:DataCollectionService: stats => 1709044248082,-1604979,3630
02-27 15:30:49.084  5725  5828 I BatteryMgr:DataCollectionService: stats => 1709044249084,-1625487,3630
02-27 15:30:50.087  5725  5828 I BatteryMgr:DataCollectionService: stats => 1709044250087,-1715819,3630
02-27 15:30:51.089  5725  5828 I BatteryMgr:DataCollectionService: stats => 1709044251089,-1687010,3630
02-27 15:30:52.092  5725  5828 I BatteryMgr:DataCollectionService: stats => 1709044252092,-1554198,3630
02-27 15:30:53.094  5725  5828 I BatteryMgr:DataCollectionService: stats => 1709044253094,-2211912,3630
02-27 15:30:54.097  5725  5828 I BatteryMgr:DataCollectionService: stats => 1709044254097,-2396483,3630
02-27 15:30:55.099  5725  5828 I BatteryMgr:DataCollectionService: stats => 1709044255099,-2019041,3630
02-27 15:30:56.101  5725  5828 I BatteryMgr:DataCollectionService: stats => 1709044256101,-1542479,3657
02-27 15:30:57.103  5725  5828 I BatteryMgr:DataCollectionService: stats => 1709044257103,-2039061,3657
02-27 15:30:58.105  5725  5828 I BatteryMgr:DataCollectionService: stats => 1709044258105,-2052245,3657
02-27 15:30:59.108  5725  5828 I BatteryMgr:DataCollectionService: stats => 1709044259108,-2053709,3657
02-27 15:31:00.110  5725  5828 I BatteryMgr:DataCollectionService: stats => 1709044260110,-2054686,3657
02-27 15:31:01.113  5725  5828 I BatteryMgr:DataCollectionService: stats => 1709044261112,-2079100,3657
02-27 15:31:02.116  5725  5828 I BatteryMgr:DataCollectionService: stats => 1709044262115,-2118162,3657
02-27 15:31:03.118  5725  5828 I BatteryMgr:DataCollectionService: stats => 1709044263118,-2185057,3657
02-27 15:31:04.120  5725  5828 I BatteryMgr:DataCollectionService: stats => 1709044264120,-2238768,3657
02-27 15:31:05.122  5725  5828 I BatteryMgr:DataCollectionService: stats => 1709044265122,-2354490,3657
02-27 15:31:06.125  5725  5828 I BatteryMgr:DataCollectionService: stats => 1709044266125,-2185057,3621
02-27 15:31:07.128  5725  5828 I BatteryMgr:DataCollectionService: stats => 1709044267128,-2059080,3621
02-27 15:31:08.130  5725  5828 I BatteryMgr:DataCollectionService: stats => 1709044268130,-2038084,3621
02-27 15:31:09.132  5725  5828 I BatteryMgr:DataCollectionService: stats => 1709044269132,-2051268,3621
02-27 15:31:10.134  5725  5828 I BatteryMgr:DataCollectionService: stats => 1709044270134,-2149901,3621
02-27 15:31:11.137  5725  5828 I BatteryMgr:DataCollectionService: stats => 1709044271137,-2211424,3621
02-27 15:31:12.140  5725  5828 I BatteryMgr:DataCollectionService: stats => 1709044272140,-1568846,3621
02-27 15:31:13.142  5725  5828 I BatteryMgr:DataCollectionService: stats => 1709044273142,-2148436,3621
02-27 15:31:14.144  5725  5828 I BatteryMgr:DataCollectionService: stats => 1709044274144,-2056151,3621
02-27 15:31:15.150  5725  5828 I BatteryMgr:DataCollectionService: stats => 1709044275150,-2023436,3621
02-27 15:31:16.152  5725  5828 I BatteryMgr:DataCollectionService: stats => 1709044276152,-2082518,3630
02-27 15:31:17.154  5725  5828 I BatteryMgr:DataCollectionService: stats => 1709044277154,-2176268,3630
02-27 15:31:18.156  5725  5828 I BatteryMgr:DataCollectionService: stats => 1709044278156,-2094237,3630
02-27 15:31:19.159  5725  5828 I BatteryMgr:DataCollectionService: stats => 1709044279159,-2070311,3630
02-27 15:31:20.161  5725  5828 I BatteryMgr:DataCollectionService: stats => 1709044280161,-2089354,3630
02-27 15:31:21.163  5725  5828 I BatteryMgr:DataCollectionService: stats => 1709044281163,-2080077,3630
02-27 15:31:22.166  5725  5828 I BatteryMgr:DataCollectionService: stats => 1709044282166,-2047850,3630
02-27 15:31:23.168  5725  5828 I BatteryMgr:DataCollectionService: stats => 1709044283168,-2052245,3630
02-27 15:31:24.171  5725  5828 I BatteryMgr:DataCollectionService: stats => 1709044284171,-2032713,3629
02-27 15:31:25.173  5725  5828 I BatteryMgr:DataCollectionService: stats => 1709044285173,-2046873,3629
02-27 15:31:26.175  5725  5828 I BatteryMgr:DataCollectionService: stats => 1709044286175,-2058592,3628
02-27 15:31:27.178  5725  5828 I BatteryMgr:DataCollectionService: stats => 1709044287178,-2044920,3628
02-27 15:31:28.180  5725  5828 I BatteryMgr:DataCollectionService: stats => 1709044288180,-2061522,3628
02-27 15:31:29.182  5725  5828 I BatteryMgr:DataCollectionService: stats => 1709044289182,-2074705,3628
02-27 15:31:30.185  5725  5828 I BatteryMgr:DataCollectionService: stats => 1709044290185,-2091307,3628
02-27 15:31:31.187  5725  5828 I BatteryMgr:DataCollectionService: stats => 1709044291187,-2054198,3628
02-27 15:31:32.190  5725  5828 I BatteryMgr:DataCollectionService: stats => 1709044292190,-2145994,3628
02-27 15:31:33.192  5725  5828 I BatteryMgr:DataCollectionService: stats => 1709044293192,-2085936,3628
02-27 15:31:34.195  5725  5828 I BatteryMgr:DataCollectionService: stats => 1709044294194,-2048338,3628
02-27 15:31:35.197  5725  5828 I BatteryMgr:DataCollectionService: stats => 1709044295197,-2063963,3628
02-27 15:31:36.200  5725  5828 I BatteryMgr:DataCollectionService: stats => 1709044296200,-2122069,3627
02-27 15:31:37.202  5725  5828 I BatteryMgr:DataCollectionService: stats => 1709044297202,-2099608,3627
02-27 15:31:38.204  5725  5828 I BatteryMgr:DataCollectionService: stats => 1709044298204,-2137694,3627
02-27 15:31:39.206  5725  5828 I BatteryMgr:DataCollectionService: stats => 1709044299206,-2116209,3627
02-27 15:31:40.208  5725  5828 I BatteryMgr:DataCollectionService: stats => 1709044300208,-2168455,3627
02-27 15:31:41.212  5725  5828 I BatteryMgr:DataCollectionService: stats => 1709044301212,-2224119,3627
02-27 15:31:42.215  5725  5828 I BatteryMgr:DataCollectionService: stats => 1709044302215,-2249022,3627
02-27 15:31:43.218  5725  5828 I BatteryMgr:DataCollectionService: stats => 1709044303218,-2144041,3627
02-27 15:31:44.221  5725  5828 I BatteryMgr:DataCollectionService: stats => 1709044304221,-2236326,3627
02-27 15:31:45.223  5725  5828 I BatteryMgr:DataCollectionService: stats => 1709044305223,-2252440,3627
02-27 15:31:46.225  5725  5828 I BatteryMgr:DataCollectionService: stats => 1709044306225,-2259764,3615
02-27 15:31:47.227  5725  5828 I BatteryMgr:DataCollectionService: stats => 1709044307227,-2189940,3615
02-27 15:31:48.229  5725  5828 I BatteryMgr:DataCollectionService: stats => 1709044308229,-2070311,3615
02-27 15:31:49.231  5725  5828 I BatteryMgr:DataCollectionService: stats => 1709044309231,-2104979,3615
02-27 15:31:50.233  5725  5828 I BatteryMgr:DataCollectionService: stats => 1709044310233,-2017577,3615
02-27 15:31:51.236  5725  5828 I BatteryMgr:DataCollectionService: stats => 1709044311236,-2049315,3615
02-27 15:31:52.238  5725  5828 I BatteryMgr:DataCollectionService: stats => 1709044312238,-2046385,3615
02-27 15:31:53.240  5725  5828 I BatteryMgr:DataCollectionService: stats => 1709044313240,-2055174,3615
02-27 15:31:54.242  5725  5828 I BatteryMgr:DataCollectionService: stats => 1709044314242,-2047362,3615
02-27 15:31:55.244  5725  5828 I BatteryMgr:DataCollectionService: stats => 1709044315244,-2069334,3615
02-27 15:31:56.246  5725  5828 I BatteryMgr:DataCollectionService: stats => 1709044316246,-2023924,3625
02-27 15:31:57.250  5725  5828 I BatteryMgr:DataCollectionService: stats => 1709044317250,-2061034,3625
02-27 15:31:58.252  5725  5828 I BatteryMgr:DataCollectionService: stats => 1709044318252,-2050780,3625
02-27 15:31:59.254  5725  5828 I BatteryMgr:DataCollectionService: stats => 1709044319254,-2053221,3625
02-27 15:32:00.256  5725  5828 I BatteryMgr:DataCollectionService: stats => 1709044320256,-2096190,3625
02-27 15:32:01.258  5725  5828 I BatteryMgr:DataCollectionService: stats => 1709044321258,-2095702,3625
02-27 15:32:02.260  5725  5828 I BatteryMgr:DataCollectionService: stats => 1709044322260,-2069334,3625
02-27 15:32:03.262  5725  5828 I BatteryMgr:DataCollectionService: stats => 1709044323262,-2018065,3625
02-27 15:32:04.264  5725  5828 I BatteryMgr:DataCollectionService: stats => 1709044324264,-2036131,3625
02-27 15:32:05.266  5725  5828 I BatteryMgr:DataCollectionService: stats => 1709044325266,-2048338,3625
02-27 15:32:06.268  5725  5828 I BatteryMgr:DataCollectionService: stats => 1709044326268,-2027830,3625
02-27 15:32:07.270  5725  5828 I BatteryMgr:DataCollectionService: stats => 1709044327270,-2052245,3625
02-27 15:32:08.273  5725  5828 I BatteryMgr:DataCollectionService: stats => 1709044328273,-2047362,3625
02-27 15:32:09.278  5725  5828 I BatteryMgr:DataCollectionService: stats => 1709044329278,-2045409,3625
02-27 15:32:10.282  5725  5828 I BatteryMgr:DataCollectionService: stats => 1709044330281,-2062010,3625
02-27 15:32:11.284  5725  5828 I BatteryMgr:DataCollectionService: stats => 1709044331284,-2041014,3625
02-27 15:32:12.286  5725  5828 I BatteryMgr:DataCollectionService: stats => 1709044332286,-2023436,3626
02-27 15:32:13.289  5725  5828 I BatteryMgr:DataCollectionService: stats => 1709044333289,-2033202,3626
02-27 15:32:14.291  5725  5828 I BatteryMgr:DataCollectionService: stats => 1709044334291,-2175291,3626
02-27 15:32:15.294  5725  5828 I BatteryMgr:DataCollectionService: stats => 1709044335294,-2195311,3626
02-27 15:32:16.296  5725  5828 I BatteryMgr:DataCollectionService: stats => 1709044336296,-2113280,3617
02-27 15:32:17.298  5725  5828 I BatteryMgr:DataCollectionService: stats => 1709044337298,-2274412,3617
02-27 15:32:18.301  5725  5828 I BatteryMgr:DataCollectionService: stats => 1709044338301,-2217772,3617
02-27 15:32:19.303  5725  5828 I BatteryMgr:DataCollectionService: stats => 1709044339303,-2166991,3617
02-27 15:32:20.307  5725  5828 I BatteryMgr:DataCollectionService: stats => 1709044340307,-2041991,3617
02-27 15:32:21.309  5725  5828 I BatteryMgr:DataCollectionService: stats => 1709044341309,-2120116,3617
02-27 15:32:22.311  5725  5828 I BatteryMgr:DataCollectionService: stats => 1709044342311,-2126463,3617
02-27 15:32:23.313  5725  5828 I BatteryMgr:DataCollectionService: stats => 1709044343313,-2041502,3617
02-27 15:32:24.315  5725  5828 I BatteryMgr:DataCollectionService: stats => 1709044344315,-2145018,3617
02-27 15:32:25.317  5725  5828 I BatteryMgr:DataCollectionService: stats => 1709044345317,-2036131,3617
02-27 15:32:26.320  5725  5828 I BatteryMgr:DataCollectionService: stats => 1709044346320,-2079588,3625
02-27 15:32:27.322  5725  5828 I BatteryMgr:DataCollectionService: stats => 1709044347322,-2111815,3625
02-27 15:32:28.324  5725  5828 I BatteryMgr:DataCollectionService: stats => 1709044348324,-2031248,3625
02-27 15:32:29.328  5725  5828 I BatteryMgr:DataCollectionService: stats => 1709044349328,-2050780,3625
02-27 15:32:30.330  5725  5828 I BatteryMgr:DataCollectionService: stats => 1709044350330,-2058592,3625
02-27 15:32:31.332  5725  5828 I BatteryMgr:DataCollectionService: stats => 1709044351332,-2045897,3625
02-27 15:32:32.334  5725  5828 I BatteryMgr:DataCollectionService: stats => 1709044352334,-2066893,3625
02-27 15:32:33.336  5725  5828 I BatteryMgr:DataCollectionService: stats => 1709044353336,-2075194,3625
02-27 15:32:34.343  5725  5828 I BatteryMgr:DataCollectionService: stats => 1709044354343,-2041991,3625
02-27 15:32:35.346  5725  5828 I BatteryMgr:DataCollectionService: stats => 1709044355345,-2037596,3625
02-27 15:32:36.348  5725  5828 I BatteryMgr:DataCollectionService: stats => 1709044356348,-2034666,3624
02-27 15:32:37.349  5725  5828 I BatteryMgr:DataCollectionService: stats => 1709044357349,-2075682,3624
02-27 15:32:38.354  5725  5828 I BatteryMgr:DataCollectionService: stats => 1709044358354,-2041502,3624
02-27 15:32:39.356  5725  5828 I BatteryMgr:DataCollectionService: stats => 1709044359356,-2003416,3624
02-27 15:32:40.359  5725  5828 I BatteryMgr:DataCollectionService: stats => 1709044360359,-2020506,3624
02-27 15:32:41.361  5725  5828 I BatteryMgr:DataCollectionService: stats => 1709044361361,-2023924,3624
02-27 15:32:42.364  5725  5828 I BatteryMgr:DataCollectionService: stats => 1709044362364,-2051268,3624
02-27 15:32:43.367  5725  5828 I BatteryMgr:DataCollectionService: stats => 1709044363367,-2142577,3624
02-27 15:32:44.370  5725  5828 I BatteryMgr:DataCollectionService: stats => 1709044364370,-2256834,3624
02-27 15:32:45.373  5725  5828 I BatteryMgr:DataCollectionService: stats => 1709044365373,-2229979,3624
02-27 15:32:46.376  5725  5828 I BatteryMgr:DataCollectionService: stats => 1709044366376,-2031737,3614
02-27 15:32:47.378  5725  5828 I BatteryMgr:DataCollectionService: stats => 1709044367378,-2023924,3614
02-27 15:32:48.381  5725  5828 I BatteryMgr:DataCollectionService: stats => 1709044368381,-2038573,3614
02-27 15:32:49.383  5725  5828 I BatteryMgr:DataCollectionService: stats => 1709044369383,-2045897,3614
02-27 15:32:50.385  5725  5828 I BatteryMgr:DataCollectionService: stats => 1709044370385,-2025877,3614
02-27 15:32:51.387  5725  5828 I BatteryMgr:DataCollectionService: stats => 1709044371387,-2049803,3614
02-27 15:32:52.389  5725  5828 I BatteryMgr:DataCollectionService: stats => 1709044372389,-2058104,3623
02-27 15:32:53.391  5725  5828 I BatteryMgr:DataCollectionService: stats => 1709044373391,-2041014,3623
02-27 15:32:54.394  5725  5828 I BatteryMgr:DataCollectionService: stats => 1709044374394,-2041014,3623
02-27 15:32:55.396  5725  5828 I BatteryMgr:DataCollectionService: stats => 1709044375396,-2021483,3623
02-27 15:32:56.399  5725  5828 I BatteryMgr:DataCollectionService: stats => 1709044376399,-2068358,3624
02-27 15:32:57.401  5725  5828 I BatteryMgr:DataCollectionService: stats => 1709044377401,-2034178,3624
02-27 15:32:58.404  5725  5828 I BatteryMgr:DataCollectionService: stats => 1709044378404,-2046385,3624
02-27 15:32:59.406  5725  5828 I BatteryMgr:DataCollectionService: stats => 1709044379406,-2041502,3624
02-27 15:33:00.410  5725  5828 I BatteryMgr:DataCollectionService: stats => 1709044380410,-2056639,3623
02-27 15:33:01.412  5725  5828 I BatteryMgr:DataCollectionService: stats => 1709044381412,-2075194,3623
02-27 15:33:02.415  5725  5828 I BatteryMgr:DataCollectionService: stats => 1709044382415,-2038084,3623
02-27 15:33:03.417  5725  5828 I BatteryMgr:DataCollectionService: stats => 1709044383417,-2055663,3623
02-27 15:33:04.420  5725  5828 I BatteryMgr:DataCollectionService: stats => 1709044384419,-2072752,3623
02-27 15:33:05.421  5725  5828 I BatteryMgr:DataCollectionService: stats => 1709044385421,-2009764,3623
02-27 15:33:06.423  5725  5828 I BatteryMgr:DataCollectionService: stats => 1709044386423,-2036131,3624
02-27 15:33:07.425  5725  5828 I BatteryMgr:DataCollectionService: stats => 1709044387425,-2040526,3624
02-27 15:33:08.428  5725  5828 I BatteryMgr:DataCollectionService: stats => 1709044388428,-2023924,3624
02-27 15:33:09.430  5725  5828 I BatteryMgr:DataCollectionService: stats => 1709044389430,-2031248,3624
02-27 15:33:10.432  5725  5828 I BatteryMgr:DataCollectionService: stats => 1709044390432,-2051268,3624
02-27 15:33:11.439  5725  5828 I BatteryMgr:DataCollectionService: stats => 1709044391439,-2109373,3624
02-27 15:33:12.441  5725  5828 I BatteryMgr:DataCollectionService: stats => 1709044392441,-2140135,3624
02-27 15:33:13.445  5725  5828 I BatteryMgr:DataCollectionService: stats => 1709044393445,-2101073,3624
02-27 15:33:14.448  5725  5828 I BatteryMgr:DataCollectionService: stats => 1709044394448,-2207518,3624
02-27 15:33:15.450  5725  5828 I BatteryMgr:DataCollectionService: stats => 1709044395450,-2215819,3624
02-27 15:33:16.453  5725  5828 I BatteryMgr:DataCollectionService: stats => 1709044396453,-2321776,3613
02-27 15:33:17.455  5725  5828 I BatteryMgr:DataCollectionService: stats => 1709044397455,-2307616,3613
02-27 15:33:18.457  5725  5828 I BatteryMgr:DataCollectionService: stats => 1709044398457,-2208983,3613
02-27 15:33:19.460  5725  5828 I BatteryMgr:DataCollectionService: stats => 1709044399460,-2056151,3613
02-27 15:33:20.461  5725  5828 I BatteryMgr:DataCollectionService: stats => 1709044400461,-2066893,3613
02-27 15:33:21.464  5725  5828 I BatteryMgr:DataCollectionService: stats => 1709044401464,-2009764,3613
02-27 15:33:22.466  5725  5828 I BatteryMgr:DataCollectionService: stats => 1709044402466,-2004881,3613
02-27 15:33:23.469  5725  5828 I BatteryMgr:DataCollectionService: stats => 1709044403469,-2143553,3613
02-27 15:33:24.471  5725  5828 I BatteryMgr:DataCollectionService: stats => 1709044404471,-2042479,3613
02-27 15:33:25.473  5725  5828 I BatteryMgr:DataCollectionService: stats => 1709044405473,-2118162,3613
02-27 15:33:26.475  5725  5828 I BatteryMgr:DataCollectionService: stats => 1709044406475,-2050780,3618
02-27 15:33:27.477  5725  5828 I BatteryMgr:DataCollectionService: stats => 1709044407477,-2012694,3618
02-27 15:33:28.480  5725  5828 I BatteryMgr:DataCollectionService: stats => 1709044408480,-2025389,3618
02-27 15:33:29.482  5725  5828 I BatteryMgr:DataCollectionService: stats => 1709044409482,-2041502,3618
02-27 15:33:30.486  5725  5828 I BatteryMgr:DataCollectionService: stats => 1709044410486,-2069334,3618
02-27 15:33:31.488  5725  5828 I BatteryMgr:DataCollectionService: stats => 1709044411488,-2046385,3618
02-27 15:33:32.490  5725  5828 I BatteryMgr:DataCollectionService: stats => 1709044412490,-2040038,3618
02-27 15:33:33.492  5725  5828 I BatteryMgr:DataCollectionService: stats => 1709044413492,-2035155,3618
02-27 15:33:34.496  5725  5828 I BatteryMgr:DataCollectionService: stats => 1709044414496,-2062987,3618
02-27 15:33:35.498  5725  5828 I BatteryMgr:DataCollectionService: stats => 1709044415498,-2225096,3618
02-27 15:33:36.500  5725  5828 I BatteryMgr:DataCollectionService: stats => 1709044416500,-2241698,3612
02-27 15:33:37.502  5725  5828 I BatteryMgr:DataCollectionService: stats => 1709044417502,-2027830,3612
02-27 15:33:38.504  5725  5828 I BatteryMgr:DataCollectionService: stats => 1709044418504,-2033690,3612
02-27 15:33:39.506  5725  5828 I BatteryMgr:DataCollectionService: stats => 1709044419506,-2033690,3612
02-27 15:33:40.508  5725  5828 I BatteryMgr:DataCollectionService: stats => 1709044420508,-2036131,3612
02-27 15:33:42.513  5725  5828 I BatteryMgr:DataCollectionService: stats => 1709044422513,-2036131,3612
02-27 15:33:43.515  5725  5828 I BatteryMgr:DataCollectionService: stats => 1709044423514,-2036131,3612
02-27 15:33:44.517  5725  5828 I BatteryMgr:DataCollectionService: stats => 1709044424517,-2051268,3612
02-27 15:33:45.519  5725  5828 I BatteryMgr:DataCollectionService: stats => 1709044425519,-2038573,3612
02-27 15:33:46.521  5725  5828 I BatteryMgr:DataCollectionService: stats => 1709044426521,-1993651,3622
02-27 15:33:47.524  5725  5828 I BatteryMgr:DataCollectionService: stats => 1709044427524,-1999510,3622
02-27 15:33:48.527  5725  5828 I BatteryMgr:DataCollectionService: stats => 1709044428527,-2057127,3622
02-27 15:33:49.530  5725  5828 I BatteryMgr:DataCollectionService: stats => 1709044429530,-2032713,3622
02-27 15:33:50.532  5725  5828 I BatteryMgr:DataCollectionService: stats => 1709044430532,-2021971,3622
02-27 15:33:51.535  5725  5828 I BatteryMgr:DataCollectionService: stats => 1709044431534,-2056151,3622
02-27 15:33:52.537  5725  5828 I BatteryMgr:DataCollectionService: stats => 1709044432537,-2053709,3622
02-27 15:33:53.539  5725  5828 I BatteryMgr:DataCollectionService: stats => 1709044433539,-2017088,3622
02-27 15:33:54.542  5725  5828 I BatteryMgr:DataCollectionService: stats => 1709044434542,-2030760,3622
02-27 15:33:55.544  5725  5828 I BatteryMgr:DataCollectionService: stats => 1709044435544,-2055663,3622
02-27 15:33:56.546  5725  5828 I BatteryMgr:DataCollectionService: stats => 1709044436546,-1980956,3621
02-27 15:33:57.548  5725  5828 I BatteryMgr:DataCollectionService: stats => 1709044437548,-2000487,3621
02-27 15:33:58.550  5725  5828 I BatteryMgr:DataCollectionService: stats => 1709044438550,-2034666,3621
02-27 15:33:59.554  5725  5828 I BatteryMgr:DataCollectionService: stats => 1709044439554,-2098631,3621
02-27 15:34:00.556  5725  5828 I BatteryMgr:DataCollectionService: stats => 1709044440556,-2108397,3621
02-27 15:34:01.559  5725  5828 I BatteryMgr:DataCollectionService: stats => 1709044441559,-2078123,3621
02-27 15:34:02.561  5725  5828 I BatteryMgr:DataCollectionService: stats => 1709044442561,-2062498,3621
02-27 15:34:03.563  5725  5828 I BatteryMgr:DataCollectionService: stats => 1709044443563,-2065428,3621
02-27 15:34:04.570  5725  5828 I BatteryMgr:DataCollectionService: stats => 1709044444570,-2041502,3621
02-27 15:34:05.573  5725  5828 I BatteryMgr:DataCollectionService: stats => 1709044445572,-2246580,3621
02-27 15:34:06.575  5725  5828 I BatteryMgr:DataCollectionService: stats => 1709044446575,-2275389,3609
02-27 15:34:07.578  5725  5828 I BatteryMgr:DataCollectionService: stats => 1709044447578,-2221190,3609
02-27 15:34:08.580  5725  5828 I BatteryMgr:DataCollectionService: stats => 1709044448580,-2246580,3609
02-27 15:34:09.582  5725  5828 I BatteryMgr:DataCollectionService: stats => 1709044449582,-2188963,3609
02-27 15:34:10.584  5725  5828 I BatteryMgr:DataCollectionService: stats => 1709044450584,-2224608,3609
02-27 15:34:11.587  5725  5828 I BatteryMgr:DataCollectionService: stats => 1709044451586,-2054198,3609
02-27 15:34:12.589  5725  5828 I BatteryMgr:DataCollectionService: stats => 1709044452589,-2121580,3609
02-27 15:34:13.591  5725  5828 I BatteryMgr:DataCollectionService: stats => 1709044453591,-2057127,3609
02-27 15:34:14.593  5725  5828 I BatteryMgr:DataCollectionService: stats => 1709044454593,-2039549,3609
02-27 15:34:15.596  5725  5828 I BatteryMgr:DataCollectionService: stats => 1709044455596,-2053709,3609
02-27 15:34:16.598  5725  5828 I BatteryMgr:DataCollectionService: stats => 1709044456598,-2097655,3619
02-27 15:34:17.601  5725  5828 I BatteryMgr:DataCollectionService: stats => 1709044457601,-2058592,3617
02-27 15:34:18.604  5725  5828 I BatteryMgr:DataCollectionService: stats => 1709044458603,-2066405,3617
02-27 15:34:19.605  5725  5828 I BatteryMgr:DataCollectionService: stats => 1709044459605,-2057127,3617
02-27 15:34:20.607  5725  5828 I BatteryMgr:DataCollectionService: stats => 1709044460607,-2050291,3617
02-27 15:34:21.609  5725  5828 I BatteryMgr:DataCollectionService: stats => 1709044461609,-2060057,3617
02-27 15:34:22.612  5725  5828 I BatteryMgr:DataCollectionService: stats => 1709044462612,-2052245,3617
02-27 15:34:23.614  5725  5828 I BatteryMgr:DataCollectionService: stats => 1709044463613,-1956541,3617
02-27 15:34:24.616  5725  5828 I BatteryMgr:DataCollectionService: stats => 1709044464616,-1916991,3617
02-27 15:34:25.618  5725  5828 I BatteryMgr:DataCollectionService: stats => 1709044465618,-2001952,3617
02-27 15:34:26.620  5725  5828 I BatteryMgr:DataCollectionService: stats => 1709044466620,-2046873,3622
02-27 15:34:27.622  5725  5828 I BatteryMgr:DataCollectionService: stats => 1709044467622,-2046385,3622
02-27 15:34:28.625  5725  5828 I BatteryMgr:DataCollectionService: stats => 1709044468625,-2026854,3622
02-27 15:34:29.627  5725  5828 I BatteryMgr:DataCollectionService: stats => 1709044469627,-2038573,3622
02-27 15:34:30.629  5725  5828 I BatteryMgr:DataCollectionService: stats => 1709044470629,-2012694,3622
02-27 15:34:31.631  5725  5828 I BatteryMgr:DataCollectionService: stats => 1709044471631,-1860838,3622
02-27 15:34:32.638  5725  5828 I BatteryMgr:DataCollectionService: stats => 1709044472638,-1990721,3622
02-27 15:34:33.642  5725  5828 I BatteryMgr:DataCollectionService: stats => 1709044473642,-2034178,3622
02-27 15:34:34.666  5725  5828 I BatteryMgr:DataCollectionService: stats => 1709044474665,-2125487,3622
02-27 15:34:35.669  5725  5828 I BatteryMgr:DataCollectionService: stats => 1709044475669,-2597166,3590
02-27 15:34:36.672  5725  5828 I BatteryMgr:DataCollectionService: stats => 1709044476672,-2411131,3600
02-27 15:34:37.677  5725  5828 I BatteryMgr:DataCollectionService: stats => 1709044477677,-2350096,3600
02-27 15:34:38.680  5725  5828 I BatteryMgr:DataCollectionService: stats => 1709044478680,-2346678,3600
02-27 15:34:39.682  5725  5828 I BatteryMgr:DataCollectionService: stats => 1709044479682,-2146971,3600
02-27 15:34:40.684  5725  5828 I BatteryMgr:DataCollectionService: stats => 1709044480684,-2185057,3600
02-27 15:34:41.687  5725  5828 I BatteryMgr:DataCollectionService: stats => 1709044481687,-2168455,3600
02-27 15:34:42.689  5725  5828 I BatteryMgr:DataCollectionService: stats => 1709044482689,-2148924,3600
02-27 15:34:43.691  5725  5828 I BatteryMgr:DataCollectionService: stats => 1709044483691,-2146971,3600
