timestamp,id,uuid,load,memoryUtil,memoryTotal,memoryFree,driver,name,serial,display_mode,display_active
1709044244.497834,0,GPU-a71d5fd4-b7db-93b7-1b7a-5a6e2a6a8c65,0.17,0.3859375,10240.0,6288.0,472.12,NVIDIA GeForce RTX 3080,[N/A],Enabled,Enabled
1709044245.498457,0,GPU-a71d5fd4-b7db-93b7-1b7a-5a6e2a6a8c65,0.32,0.54736328125,10240.0,4635.0,472.12,NVIDIA GeForce RTX 3080,[N/A],Enabled,Enabled
1709044246.498396,0,GPU-a71d5fd4-b7db-93b7-1b7a-5a6e2a6a8c65,0.11,0.49296875,10240.0,5192.0,472.12,NVIDIA GeForce RTX 3080,[N/A],Enabled,Enabled
1709044247.491743,0,GPU-a71d5fd4-b7db-93b7-1b7a-5a6e2a6a8c65,0.11,0.4923828125,10240.0,5198.0,472.12,NVIDIA GeForce RTX 3080,[N/A],Enabled,Enabled
1709044248.491548,0,GPU-a71d5fd4-b7db-93b7-1b7a-5a6e2a6a8c65,0.11,0.4923828125,10240.0,5198.0,472.12,NVIDIA GeForce RTX 3080,[N/A],Enabled,Enabled
1709044249.503551,0,GPU-a71d5fd4-b7db-93b7-1b7a-5a6e2a6a8c65,0.12,0.37939453125,10240.0,6355.0,472.12,NVIDIA GeForce RTX 3080,[N/A],Enabled,Enabled
1709044250.504014,0,GPU-a71d5fd4-b7db-93b7-1b7a-5a6e2a6a8c65,0.07,0.51298828125,10240.0,4987.0,472.12,NVIDIA GeForce RTX 3080,[N/A],Enabled,Enabled
1709044251.497745,0,GPU-a71d5fd4-b7db-93b7-1b7a-5a6e2a6a8c65,0.15,0.44482421875,10240.0,5685.0,472.12,NVIDIA GeForce RTX 3080,[N/A],Enabled,Enabled
1709044252.499397,0,GPU-a71d5fd4-b7db-93b7-1b7a-5a6e2a6a8c65,0.15,0.44482421875,10240.0,5685.0,472.12,NVIDIA GeForce RTX 3080,[N/A],Enabled,Enabled
1709044253.496471,0,GPU-a71d5fd4-b7db-93b7-1b7a-5a6e2a6a8c65,0.13,0.441015625,10240.0,5724.0,472.12,NVIDIA GeForce RTX 3080,[N/A],Enabled,Enabled
1709044254.494886,0,GPU-a71d5fd4-b7db-93b7-1b7a-5a6e2a6a8c65,0.13,0.441015625,10240.0,5724.0,472.12,NVIDIA GeForce RTX 3080,[N/A],Enabled,Enabled
1709044255.492646,0,GPU-a71d5fd4-b7db-93b7-1b7a-5a6e2a6a8c65,0.18,0.44580078125,10240.0,5675.0,472.12,NVIDIA GeForce RTX 3080,[N/A],Enabled,Enabled
1709044256.504717,0,GPU-a71d5fd4-b7db-93b7-1b7a-5a6e2a6a8c65,0.12,0.44580078125,10240.0,5675.0,472.12,NVIDIA GeForce RTX 3080,[N/A],Enabled,Enabled
1709044257.503715,0,GPU-a71d5fd4-b7db-93b7-1b7a-5a6e2a6a8c65,0.14,0.44208984375,10240.0,5713.0,472.12,NVIDIA GeForce RTX 3080,[N/A],Enabled,Enabled
1709044258.501715,0,GPU-a71d5fd4-b7db-93b7-1b7a-5a6e2a6a8c65,0.14,0.44580078125,10240.0,5675.0,472.12,NVIDIA GeForce RTX 3080,[N/A],Enabled,Enabled
1709044259.500558,0,GPU-a71d5fd4-b7db-93b7-1b7a-5a6e2a6a8c65,0.14,0.44208984375,10240.0,5713.0,472.12,NVIDIA GeForce RTX 3080,[N/A],Enabled,Enabled
1709044260.500675,0,GPU-a71d5fd4-b7db-93b7-1b7a-5a6e2a6a8c65,0.16,0.44580078125,10240.0,5675.0,472.12,NVIDIA GeForce RTX 3080,[N/A],Enabled,Enabled
1709044261.49884,0,GPU-a71d5fd4-b7db-93b7-1b7a-5a6e2a6a8c65,0.14,0.44208984375,10240.0,5713.0,472.12,NVIDIA GeForce RTX 3080,[N/A],Enabled,Enabled
1709044262.49712,0,GPU-a71d5fd4-b7db-93b7-1b7a-5a6e2a6a8c65,0.16,0.44580078125,10240.0,5675.0,472.12,NVIDIA GeForce RTX 3080,[N/A],Enabled,Enabled
1709044263.492715,0,GPU-a71d5fd4-b7db-93b7-1b7a-5a6e2a6a8c65,0.14,0.44208984375,10240.0,5713.0,472.12,NVIDIA GeForce RTX 3080,[N/A],Enabled,Enabled
1709044264.503584,0,GPU-a71d5fd4-b7db-93b7-1b7a-5a6e2a6a8c65,0.14,0.44208984375,10240.0,5713.0,472.12,NVIDIA GeForce RTX 3080,[N/A],Enabled,Enabled
1709044265.503699,0,GPU-a71d5fd4-b7db-93b7-1b7a-5a6e2a6a8c65,0.15,0.44580078125,10240.0,5675.0,472.12,NVIDIA GeForce RTX 3080,[N/A],Enabled,Enabled
1709044266.499629,0,GPU-a71d5fd4-b7db-93b7-1b7a-5a6e2a6a8c65,0.14,0.44208984375,10240.0,5713.0,472.12,NVIDIA GeForce RTX 3080,[N/A],Enabled,Enabled
1709044267.498499,0,GPU-a71d5fd4-b7db-93b7-1b7a-5a6e2a6a8c65,0.14,0.44208984375,10240.0,5713.0,472.12,NVIDIA GeForce RTX 3080,[N/A],Enabled,Enabled
1709044268.495959,0,GPU-a71d5fd4-b7db-93b7-1b7a-5a6e2a6a8c65,0.15,0.44580078125,10240.0,5675.0,472.12,NVIDIA GeForce RTX 3080,[N/A],Enabled,Enabled
1709044269.493836,0,GPU-a71d5fd4-b7db-93b7-1b7a-5a6e2a6a8c65,0.14,0.44208984375,10240.0,5713.0,472.12,NVIDIA GeForce RTX 3080,[N/A],Enabled,Enabled
1709044270.506332,0,GPU-a71d5fd4-b7db-93b7-1b7a-5a6e2a6a8c65,0.14,0.44208984375,10240.0,5713.0,472.12,NVIDIA GeForce RTX 3080,[N/A],Enabled,Enabled
1709044271.501505,0,GPU-a71d5fd4-b7db-93b7-1b7a-5a6e2a6a8c65,0.15,0.44580078125,10240.0,5675.0,472.12,NVIDIA GeForce RTX 3080,[N/A],Enabled,Enabled
1709044272.498587,0,GPU-a71d5fd4-b7db-93b7-1b7a-5a6e2a6a8c65,0.09,0.45517578125,10240.0,5579.0,472.12,NVIDIA GeForce RTX 3080,[N/A],Enabled,Enabled
1709044273.498738,0,GPU-a71d5fd4-b7db-93b7-1b7a-5a6e2a6a8c65,0.17,0.45517578125,10240.0,5579.0,472.12,NVIDIA GeForce RTX 3080,[N/A],Enabled,Enabled
1709044274.494022,0,GPU-a71d5fd4-b7db-93b7-1b7a-5a6e2a6a8c65,0.18,0.45517578125,10240.0,5579.0,472.12,NVIDIA GeForce RTX 3080,[N/A],Enabled,Enabled
1709044275.495336,0,GPU-a71d5fd4-b7db-93b7-1b7a-5a6e2a6a8c65,0.19,0.45517578125,10240.0,5579.0,472.12,NVIDIA GeForce RTX 3080,[N/A],Enabled,Enabled
1709044276.491656,0,GPU-a71d5fd4-b7db-93b7-1b7a-5a6e2a6a8c65,0.18,0.45517578125,10240.0,5579.0,472.12,NVIDIA GeForce RTX 3080,[N/A],Enabled,Enabled
1709044277.50512,0,GPU-a71d5fd4-b7db-93b7-1b7a-5a6e2a6a8c65,0.17,0.45517578125,10240.0,5579.0,472.12,NVIDIA GeForce RTX 3080,[N/A],Enabled,Enabled
1709044278.502646,0,GPU-a71d5fd4-b7db-93b7-1b7a-5a6e2a6a8c65,0.17,0.45517578125,10240.0,5579.0,472.12,NVIDIA GeForce RTX 3080,[N/A],Enabled,Enabled
1709044279.497458,0,GPU-a71d5fd4-b7db-93b7-1b7a-5a6e2a6a8c65,0.18,0.45517578125,10240.0,5579.0,472.12,NVIDIA GeForce RTX 3080,[N/A],Enabled,Enabled
1709044280.491609,0,GPU-a71d5fd4-b7db-93b7-1b7a-5a6e2a6a8c65,0.18,0.45517578125,10240.0,5579.0,472.12,NVIDIA GeForce RTX 3080,[N/A],Enabled,Enabled
1709044281.504458,0,GPU-a71d5fd4-b7db-93b7-1b7a-5a6e2a6a8c65,0.18,0.45517578125,10240.0,5579.0,472.12,NVIDIA GeForce RTX 3080,[N/A],Enabled,Enabled
1709044282.502756,0,GPU-a71d5fd4-b7db-93b7-1b7a-5a6e2a6a8c65,0.17,0.45517578125,10240.0,5579.0,472.12,NVIDIA GeForce RTX 3080,[N/A],Enabled,Enabled
1709044283.496509,0,GPU-a71d5fd4-b7db-93b7-1b7a-5a6e2a6a8c65,0.19,0.45517578125,10240.0,5579.0,472.12,NVIDIA GeForce RTX 3080,[N/A],Enabled,Enabled
1709044284.495326,0,GPU-a71d5fd4-b7db-93b7-1b7a-5a6e2a6a8c65,0.17,0.45517578125,10240.0,5579.0,472.12,NVIDIA GeForce RTX 3080,[N/A],Enabled,Enabled
1709044285.492828,0,GPU-a71d5fd4-b7db-93b7-1b7a-5a6e2a6a8c65,0.17,0.45517578125,10240.0,5579.0,472.12,NVIDIA GeForce RTX 3080,[N/A],Enabled,Enabled
1709044286.501756,0,GPU-a71d5fd4-b7db-93b7-1b7a-5a6e2a6a8c65,0.18,0.45517578125,10240.0,5579.0,472.12,NVIDIA GeForce RTX 3080,[N/A],Enabled,Enabled
1709044287.50081,0,GPU-a71d5fd4-b7db-93b7-1b7a-5a6e2a6a8c65,0.18,0.45517578125,10240.0,5579.0,472.12,NVIDIA GeForce RTX 3080,[N/A],Enabled,Enabled
1709044288.497626,0,GPU-a71d5fd4-b7db-93b7-1b7a-5a6e2a6a8c65,0.18,0.45517578125,10240.0,5579.0,472.12,NVIDIA GeForce RTX 3080,[N/A],Enabled,Enabled
1709044289.496735,0,GPU-a71d5fd4-b7db-93b7-1b7a-5a6e2a6a8c65,0.18,0.45517578125,10240.0,5579.0,472.12,NVIDIA GeForce RTX 3080,[N/A],Enabled,Enabled
1709044290.506692,0,GPU-a71d5fd4-b7db-93b7-1b7a-5a6e2a6a8c65,0.17,0.45517578125,10240.0,5579.0,472.12,NVIDIA GeForce RTX 3080,[N/A],Enabled,Enabled
1709044291.502759,0,GPU-a71d5fd4-b7db-93b7-1b7a-5a6e2a6a8c65,0.18,0.45517578125,10240.0,5579.0,472.12,NVIDIA GeForce RTX 3080,[N/A],Enabled,Enabled
1709044292.502138,0,GPU-a71d5fd4-b7db-93b7-1b7a-5a6e2a6a8c65,0.18,0.45517578125,10240.0,5579.0,472.12,NVIDIA GeForce RTX 3080,[N/A],Enabled,Enabled
1709044293.501436,0,GPU-a71d5fd4-b7db-93b7-1b7a-5a6e2a6a8c65,0.18,0.45517578125,10240.0,5579.0,472.12,NVIDIA GeForce RTX 3080,[N/A],Enabled,Enabled
1709044294.503448,0,GPU-a71d5fd4-b7db-93b7-1b7a-5a6e2a6a8c65,0.18,0.45517578125,10240.0,5579.0,472.12,NVIDIA GeForce RTX 3080,[N/A],Enabled,Enabled
1709044295.498533,0,GPU-a71d5fd4-b7db-93b7-1b7a-5a6e2a6a8c65,0.17,0.45517578125,10240.0,5579.0,472.12,NVIDIA GeForce RTX 3080,[N/A],Enabled,Enabled
1709044296.494834,0,GPU-a71d5fd4-b7db-93b7-1b7a-5a6e2a6a8c65,0.17,0.45517578125,10240.0,5579.0,472.12,NVIDIA GeForce RTX 3080,[N/A],Enabled,Enabled
1709044297.496377,0,GPU-a71d5fd4-b7db-93b7-1b7a-5a6e2a6a8c65,0.18,0.45517578125,10240.0,5579.0,472.12,NVIDIA GeForce RTX 3080,[N/A],Enabled,Enabled
1709044298.496548,0,GPU-a71d5fd4-b7db-93b7-1b7a-5a6e2a6a8c65,0.18,0.45517578125,10240.0,5579.0,472.12,NVIDIA GeForce RTX 3080,[N/A],Enabled,Enabled
1709044299.493454,0,GPU-a71d5fd4-b7db-93b7-1b7a-5a6e2a6a8c65,0.18,0.45517578125,10240.0,5579.0,472.12,NVIDIA GeForce RTX 3080,[N/A],Enabled,Enabled
1709044300.505542,0,GPU-a71d5fd4-b7db-93b7-1b7a-5a6e2a6a8c65,0.18,0.45517578125,10240.0,5579.0,472.12,NVIDIA GeForce RTX 3080,[N/A],Enabled,Enabled
1709044301.502551,0,GPU-a71d5fd4-b7db-93b7-1b7a-5a6e2a6a8c65,0.18,0.45517578125,10240.0,5579.0,472.12,NVIDIA GeForce RTX 3080,[N/A],Enabled,Enabled
1709044302.503682,0,GPU-a71d5fd4-b7db-93b7-1b7a-5a6e2a6a8c65,0.17,0.45517578125,10240.0,5579.0,472.12,NVIDIA GeForce RTX 3080,[N/A],Enabled,Enabled
1709044303.502828,0,GPU-a71d5fd4-b7db-93b7-1b7a-5a6e2a6a8c65,0.17,0.45517578125,10240.0,5579.0,472.12,NVIDIA GeForce RTX 3080,[N/A],Enabled,Enabled
1709044304.498497,0,GPU-a71d5fd4-b7db-93b7-1b7a-5a6e2a6a8c65,0.18,0.45517578125,10240.0,5579.0,472.12,NVIDIA GeForce RTX 3080,[N/A],Enabled,Enabled
1709044305.496654,0,GPU-a71d5fd4-b7db-93b7-1b7a-5a6e2a6a8c65,0.18,0.45517578125,10240.0,5579.0,472.12,NVIDIA GeForce RTX 3080,[N/A],Enabled,Enabled
1709044306.493735,0,GPU-a71d5fd4-b7db-93b7-1b7a-5a6e2a6a8c65,0.18,0.45517578125,10240.0,5579.0,472.12,NVIDIA GeForce RTX 3080,[N/A],Enabled,Enabled
1709044307.505517,0,GPU-a71d5fd4-b7db-93b7-1b7a-5a6e2a6a8c65,0.18,0.45517578125,10240.0,5579.0,472.12,NVIDIA GeForce RTX 3080,[N/A],Enabled,Enabled
1709044308.502382,0,GPU-a71d5fd4-b7db-93b7-1b7a-5a6e2a6a8c65,0.17,0.45517578125,10240.0,5579.0,472.12,NVIDIA GeForce RTX 3080,[N/A],Enabled,Enabled
1709044309.498771,0,GPU-a71d5fd4-b7db-93b7-1b7a-5a6e2a6a8c65,0.18,0.45517578125,10240.0,5579.0,472.12,NVIDIA GeForce RTX 3080,[N/A],Enabled,Enabled
1709044310.498524,0,GPU-a71d5fd4-b7db-93b7-1b7a-5a6e2a6a8c65,0.18,0.45517578125,10240.0,5579.0,472.12,NVIDIA GeForce RTX 3080,[N/A],Enabled,Enabled
1709044311.495119,0,GPU-a71d5fd4-b7db-93b7-1b7a-5a6e2a6a8c65,0.17,0.45517578125,10240.0,5579.0,472.12,NVIDIA GeForce RTX 3080,[N/A],Enabled,Enabled
1709044312.49285,0,GPU-a71d5fd4-b7db-93b7-1b7a-5a6e2a6a8c65,0.18,0.45517578125,10240.0,5579.0,472.12,NVIDIA GeForce RTX 3080,[N/A],Enabled,Enabled
1709044313.504616,0,GPU-a71d5fd4-b7db-93b7-1b7a-5a6e2a6a8c65,0.17,0.45517578125,10240.0,5579.0,472.12,NVIDIA GeForce RTX 3080,[N/A],Enabled,Enabled
1709044314.503813,0,GPU-a71d5fd4-b7db-93b7-1b7a-5a6e2a6a8c65,0.17,0.45517578125,10240.0,5579.0,472.12,NVIDIA GeForce RTX 3080,[N/A],Enabled,Enabled
1709044315.501402,0,GPU-a71d5fd4-b7db-93b7-1b7a-5a6e2a6a8c65,0.18,0.45517578125,10240.0,5579.0,472.12,NVIDIA GeForce RTX 3080,[N/A],Enabled,Enabled
1709044316.500558,0,GPU-a71d5fd4-b7db-93b7-1b7a-5a6e2a6a8c65,0.18,0.45517578125,10240.0,5579.0,472.12,NVIDIA GeForce RTX 3080,[N/A],Enabled,Enabled
1709044317.502719,0,GPU-a71d5fd4-b7db-93b7-1b7a-5a6e2a6a8c65,0.18,0.45517578125,10240.0,5579.0,472.12,NVIDIA GeForce RTX 3080,[N/A],Enabled,Enabled
1709044318.50284,0,GPU-a71d5fd4-b7db-93b7-1b7a-5a6e2a6a8c65,0.18,0.45517578125,10240.0,5579.0,472.12,NVIDIA GeForce RTX 3080,[N/A],Enabled,Enabled
1709044319.500357,0,GPU-a71d5fd4-b7db-93b7-1b7a-5a6e2a6a8c65,0.18,0.45517578125,10240.0,5579.0,472.12,NVIDIA GeForce RTX 3080,[N/A],Enabled,Enabled
1709044320.497322,0,GPU-a71d5fd4-b7db-93b7-1b7a-5a6e2a6a8c65,0.19,0.45517578125,10240.0,5579.0,472.12,NVIDIA GeForce RTX 3080,[N/A],Enabled,Enabled
1709044321.49363,0,GPU-a71d5fd4-b7db-93b7-1b7a-5a6e2a6a8c65,0.18,0.45517578125,10240.0,5579.0,472.12,NVIDIA GeForce RTX 3080,[N/A],Enabled,Enabled
1709044322.491633,0,GPU-a71d5fd4-b7db-93b7-1b7a-5a6e2a6a8c65,0.18,0.45517578125,10240.0,5579.0,472.12,NVIDIA GeForce RTX 3080,[N/A],Enabled,Enabled
1709044323.503046,0,GPU-a71d5fd4-b7db-93b7-1b7a-5a6e2a6a8c65,0.18,0.45517578125,10240.0,5579.0,472.12,NVIDIA GeForce RTX 3080,[N/A],Enabled,Enabled
1709044324.499465,0,GPU-a71d5fd4-b7db-93b7-1b7a-5a6e2a6a8c65,0.18,0.45517578125,10240.0,5579.0,472.12,NVIDIA GeForce RTX 3080,[N/A],Enabled,Enabled
1709044325.496542,0,GPU-a71d5fd4-b7db-93b7-1b7a-5a6e2a6a8c65,0.18,0.45517578125,10240.0,5579.0,472.12,NVIDIA GeForce RTX 3080,[N/A],Enabled,Enabled
1709044326.493583,0,GPU-a71d5fd4-b7db-93b7-1b7a-5a6e2a6a8c65,0.18,0.45517578125,10240.0,5579.0,472.12,NVIDIA GeForce RTX 3080,[N/A],Enabled,Enabled
1709044327.502764,0,GPU-a71d5fd4-b7db-93b7-1b7a-5a6e2a6a8c65,0.18,0.45517578125,10240.0,5579.0,472.12,NVIDIA GeForce RTX 3080,[N/A],Enabled,Enabled
1709044328.500612,0,GPU-a71d5fd4-b7db-93b7-1b7a-5a6e2a6a8c65,0.18,0.45517578125,10240.0,5579.0,472.12,NVIDIA GeForce RTX 3080,[N/A],Enabled,Enabled
1709044329.497697,0,GPU-a71d5fd4-b7db-93b7-1b7a-5a6e2a6a8c65,0.18,0.45517578125,10240.0,5579.0,472.12,NVIDIA GeForce RTX 3080,[N/A],Enabled,Enabled
1709044330.499269,0,GPU-a71d5fd4-b7db-93b7-1b7a-5a6e2a6a8c65,0.17,0.45517578125,10240.0,5579.0,472.12,NVIDIA GeForce RTX 3080,[N/A],Enabled,Enabled
1709044331.497454,0,GPU-a71d5fd4-b7db-93b7-1b7a-5a6e2a6a8c65,0.18,0.45517578125,10240.0,5579.0,472.12,NVIDIA GeForce RTX 3080,[N/A],Enabled,Enabled
1709044332.49642,0,GPU-a71d5fd4-b7db-93b7-1b7a-5a6e2a6a8c65,0.18,0.45517578125,10240.0,5579.0,472.12,NVIDIA GeForce RTX 3080,[N/A],Enabled,Enabled
1709044333.492681,0,GPU-a71d5fd4-b7db-93b7-1b7a-5a6e2a6a8c65,0.18,0.45517578125,10240.0,5579.0,472.12,NVIDIA GeForce RTX 3080,[N/A],Enabled,Enabled
1709044334.503649,0,GPU-a71d5fd4-b7db-93b7-1b7a-5a6e2a6a8c65,0.18,0.45517578125,10240.0,5579.0,472.12,NVIDIA GeForce RTX 3080,[N/A],Enabled,Enabled
1709044335.498369,0,GPU-a71d5fd4-b7db-93b7-1b7a-5a6e2a6a8c65,0.18,0.45517578125,10240.0,5579.0,472.12,NVIDIA GeForce RTX 3080,[N/A],Enabled,Enabled
1709044336.506627,0,GPU-a71d5fd4-b7db-93b7-1b7a-5a6e2a6a8c65,0.18,0.45517578125,10240.0,5579.0,472.12,NVIDIA GeForce RTX 3080,[N/A],Enabled,Enabled
1709044337.504407,0,GPU-a71d5fd4-b7db-93b7-1b7a-5a6e2a6a8c65,0.18,0.45517578125,10240.0,5579.0,472.12,NVIDIA GeForce RTX 3080,[N/A],Enabled,Enabled
1709044338.503608,0,GPU-a71d5fd4-b7db-93b7-1b7a-5a6e2a6a8c65,0.18,0.45517578125,10240.0,5579.0,472.12,NVIDIA GeForce RTX 3080,[N/A],Enabled,Enabled
1709044339.501548,0,GPU-a71d5fd4-b7db-93b7-1b7a-5a6e2a6a8c65,0.18,0.45517578125,10240.0,5579.0,472.12,NVIDIA GeForce RTX 3080,[N/A],Enabled,Enabled
1709044340.498916,0,GPU-a71d5fd4-b7db-93b7-1b7a-5a6e2a6a8c65,0.18,0.45517578125,10240.0,5579.0,472.12,NVIDIA GeForce RTX 3080,[N/A],Enabled,Enabled
1709044341.49349,0,GPU-a71d5fd4-b7db-93b7-1b7a-5a6e2a6a8c65,0.18,0.45517578125,10240.0,5579.0,472.12,NVIDIA GeForce RTX 3080,[N/A],Enabled,Enabled
1709044342.493062,0,GPU-a71d5fd4-b7db-93b7-1b7a-5a6e2a6a8c65,0.17,0.45517578125,10240.0,5579.0,472.12,NVIDIA GeForce RTX 3080,[N/A],Enabled,Enabled
1709044343.494697,0,GPU-a71d5fd4-b7db-93b7-1b7a-5a6e2a6a8c65,0.19,0.45517578125,10240.0,5579.0,472.12,NVIDIA GeForce RTX 3080,[N/A],Enabled,Enabled
1709044344.504794,0,GPU-a71d5fd4-b7db-93b7-1b7a-5a6e2a6a8c65,0.18,0.45517578125,10240.0,5579.0,472.12,NVIDIA GeForce RTX 3080,[N/A],Enabled,Enabled
1709044345.491578,0,GPU-a71d5fd4-b7db-93b7-1b7a-5a6e2a6a8c65,0.18,0.45517578125,10240.0,5579.0,472.12,NVIDIA GeForce RTX 3080,[N/A],Enabled,Enabled
1709044346.505535,0,GPU-a71d5fd4-b7db-93b7-1b7a-5a6e2a6a8c65,0.18,0.45517578125,10240.0,5579.0,472.12,NVIDIA GeForce RTX 3080,[N/A],Enabled,Enabled
1709044347.501762,0,GPU-a71d5fd4-b7db-93b7-1b7a-5a6e2a6a8c65,0.17,0.45517578125,10240.0,5579.0,472.12,NVIDIA GeForce RTX 3080,[N/A],Enabled,Enabled
1709044348.505762,0,GPU-a71d5fd4-b7db-93b7-1b7a-5a6e2a6a8c65,0.18,0.45517578125,10240.0,5579.0,472.12,NVIDIA GeForce RTX 3080,[N/A],Enabled,Enabled
1709044349.505679,0,GPU-a71d5fd4-b7db-93b7-1b7a-5a6e2a6a8c65,0.17,0.45458984375,10240.0,5585.0,472.12,NVIDIA GeForce RTX 3080,[N/A],Enabled,Enabled
1709044350.506319,0,GPU-a71d5fd4-b7db-93b7-1b7a-5a6e2a6a8c65,0.18,0.45458984375,10240.0,5585.0,472.12,NVIDIA GeForce RTX 3080,[N/A],Enabled,Enabled
1709044351.505077,0,GPU-a71d5fd4-b7db-93b7-1b7a-5a6e2a6a8c65,0.18,0.45458984375,10240.0,5585.0,472.12,NVIDIA GeForce RTX 3080,[N/A],Enabled,Enabled
1709044352.503687,0,GPU-a71d5fd4-b7db-93b7-1b7a-5a6e2a6a8c65,0.18,0.45458984375,10240.0,5585.0,472.12,NVIDIA GeForce RTX 3080,[N/A],Enabled,Enabled
1709044353.498639,0,GPU-a71d5fd4-b7db-93b7-1b7a-5a6e2a6a8c65,0.18,0.45458984375,10240.0,5585.0,472.12,NVIDIA GeForce RTX 3080,[N/A],Enabled,Enabled
1709044354.500869,0,GPU-a71d5fd4-b7db-93b7-1b7a-5a6e2a6a8c65,0.17,0.45458984375,10240.0,5585.0,472.12,NVIDIA GeForce RTX 3080,[N/A],Enabled,Enabled
1709044355.494515,0,GPU-a71d5fd4-b7db-93b7-1b7a-5a6e2a6a8c65,0.18,0.45458984375,10240.0,5585.0,472.12,NVIDIA GeForce RTX 3080,[N/A],Enabled,Enabled
1709044356.493611,0,GPU-a71d5fd4-b7db-93b7-1b7a-5a6e2a6a8c65,0.18,0.45458984375,10240.0,5585.0,472.12,NVIDIA GeForce RTX 3080,[N/A],Enabled,Enabled
1709044357.492478,0,GPU-a71d5fd4-b7db-93b7-1b7a-5a6e2a6a8c65,0.18,0.45458984375,10240.0,5585.0,472.12,NVIDIA GeForce RTX 3080,[N/A],Enabled,Enabled
1709044358.501426,0,GPU-a71d5fd4-b7db-93b7-1b7a-5a6e2a6a8c65,0.18,0.45458984375,10240.0,5585.0,472.12,NVIDIA GeForce RTX 3080,[N/A],Enabled,Enabled
1709044359.500507,0,GPU-a71d5fd4-b7db-93b7-1b7a-5a6e2a6a8c65,0.17,0.45458984375,10240.0,5585.0,472.12,NVIDIA GeForce RTX 3080,[N/A],Enabled,Enabled
1709044360.499555,0,GPU-a71d5fd4-b7db-93b7-1b7a-5a6e2a6a8c65,0.17,0.45458984375,10240.0,5585.0,472.12,NVIDIA GeForce RTX 3080,[N/A],Enabled,Enabled
1709044361.500668,0,GPU-a71d5fd4-b7db-93b7-1b7a-5a6e2a6a8c65,0.18,0.45458984375,10240.0,5585.0,472.12,NVIDIA GeForce RTX 3080,[N/A],Enabled,Enabled
1709044362.497727,0,GPU-a71d5fd4-b7db-93b7-1b7a-5a6e2a6a8c65,0.19,0.45458984375,10240.0,5585.0,472.12,NVIDIA GeForce RTX 3080,[N/A],Enabled,Enabled
1709044363.492921,0,GPU-a71d5fd4-b7db-93b7-1b7a-5a6e2a6a8c65,0.18,0.45458984375,10240.0,5585.0,472.12,NVIDIA GeForce RTX 3080,[N/A],Enabled,Enabled
1709044364.505814,0,GPU-a71d5fd4-b7db-93b7-1b7a-5a6e2a6a8c65,0.18,0.45458984375,10240.0,5585.0,472.12,NVIDIA GeForce RTX 3080,[N/A],Enabled,Enabled
1709044365.500481,0,GPU-a71d5fd4-b7db-93b7-1b7a-5a6e2a6a8c65,0.17,0.45458984375,10240.0,5585.0,472.12,NVIDIA GeForce RTX 3080,[N/A],Enabled,Enabled
1709044366.497447,0,GPU-a71d5fd4-b7db-93b7-1b7a-5a6e2a6a8c65,0.17,0.45458984375,10240.0,5585.0,472.12,NVIDIA GeForce RTX 3080,[N/A],Enabled,Enabled
1709044367.49633,0,GPU-a71d5fd4-b7db-93b7-1b7a-5a6e2a6a8c65,0.18,0.45458984375,10240.0,5585.0,472.12,NVIDIA GeForce RTX 3080,[N/A],Enabled,Enabled
1709044368.504626,0,GPU-a71d5fd4-b7db-93b7-1b7a-5a6e2a6a8c65,0.18,0.45458984375,10240.0,5585.0,472.12,NVIDIA GeForce RTX 3080,[N/A],Enabled,Enabled
1709044369.497753,0,GPU-a71d5fd4-b7db-93b7-1b7a-5a6e2a6a8c65,0.18,0.45458984375,10240.0,5585.0,472.12,NVIDIA GeForce RTX 3080,[N/A],Enabled,Enabled
1709044370.493662,0,GPU-a71d5fd4-b7db-93b7-1b7a-5a6e2a6a8c65,0.18,0.45458984375,10240.0,5585.0,472.12,NVIDIA GeForce RTX 3080,[N/A],Enabled,Enabled
1709044371.503477,0,GPU-a71d5fd4-b7db-93b7-1b7a-5a6e2a6a8c65,0.17,0.45458984375,10240.0,5585.0,472.12,NVIDIA GeForce RTX 3080,[N/A],Enabled,Enabled
1709044372.499985,0,GPU-a71d5fd4-b7db-93b7-1b7a-5a6e2a6a8c65,0.18,0.45458984375,10240.0,5585.0,472.12,NVIDIA GeForce RTX 3080,[N/A],Enabled,Enabled
1709044373.496306,0,GPU-a71d5fd4-b7db-93b7-1b7a-5a6e2a6a8c65,0.18,0.45458984375,10240.0,5585.0,472.12,NVIDIA GeForce RTX 3080,[N/A],Enabled,Enabled
1709044374.495144,0,GPU-a71d5fd4-b7db-93b7-1b7a-5a6e2a6a8c65,0.18,0.45458984375,10240.0,5585.0,472.12,NVIDIA GeForce RTX 3080,[N/A],Enabled,Enabled
1709044375.497695,0,GPU-a71d5fd4-b7db-93b7-1b7a-5a6e2a6a8c65,0.18,0.45458984375,10240.0,5585.0,472.12,NVIDIA GeForce RTX 3080,[N/A],Enabled,Enabled
1709044376.493727,0,GPU-a71d5fd4-b7db-93b7-1b7a-5a6e2a6a8c65,0.17,0.45458984375,10240.0,5585.0,472.12,NVIDIA GeForce RTX 3080,[N/A],Enabled,Enabled
1709044377.491803,0,GPU-a71d5fd4-b7db-93b7-1b7a-5a6e2a6a8c65,0.17,0.45419921875,10240.0,5589.0,472.12,NVIDIA GeForce RTX 3080,[N/A],Enabled,Enabled
1709044378.503803,0,GPU-a71d5fd4-b7db-93b7-1b7a-5a6e2a6a8c65,0.18,0.45419921875,10240.0,5589.0,472.12,NVIDIA GeForce RTX 3080,[N/A],Enabled,Enabled
1709044379.502598,0,GPU-a71d5fd4-b7db-93b7-1b7a-5a6e2a6a8c65,0.18,0.45419921875,10240.0,5589.0,472.12,NVIDIA GeForce RTX 3080,[N/A],Enabled,Enabled
1709044380.500674,0,GPU-a71d5fd4-b7db-93b7-1b7a-5a6e2a6a8c65,0.18,0.45419921875,10240.0,5589.0,472.12,NVIDIA GeForce RTX 3080,[N/A],Enabled,Enabled
1709044381.495149,0,GPU-a71d5fd4-b7db-93b7-1b7a-5a6e2a6a8c65,0.18,0.45419921875,10240.0,5589.0,472.12,NVIDIA GeForce RTX 3080,[N/A],Enabled,Enabled
1709044382.49549,0,GPU-a71d5fd4-b7db-93b7-1b7a-5a6e2a6a8c65,0.16,0.45419921875,10240.0,5589.0,472.12,NVIDIA GeForce RTX 3080,[N/A],Enabled,Enabled
1709044383.505453,0,GPU-a71d5fd4-b7db-93b7-1b7a-5a6e2a6a8c65,0.17,0.45419921875,10240.0,5589.0,472.12,NVIDIA GeForce RTX 3080,[N/A],Enabled,Enabled
1709044384.504939,0,GPU-a71d5fd4-b7db-93b7-1b7a-5a6e2a6a8c65,0.17,0.45419921875,10240.0,5589.0,472.12,NVIDIA GeForce RTX 3080,[N/A],Enabled,Enabled
1709044385.501527,0,GPU-a71d5fd4-b7db-93b7-1b7a-5a6e2a6a8c65,0.18,0.45419921875,10240.0,5589.0,472.12,NVIDIA GeForce RTX 3080,[N/A],Enabled,Enabled
1709044386.49749,0,GPU-a71d5fd4-b7db-93b7-1b7a-5a6e2a6a8c65,0.18,0.45419921875,10240.0,5589.0,472.12,NVIDIA GeForce RTX 3080,[N/A],Enabled,Enabled
1709044387.496557,0,GPU-a71d5fd4-b7db-93b7-1b7a-5a6e2a6a8c65,0.18,0.45419921875,10240.0,5589.0,472.12,NVIDIA GeForce RTX 3080,[N/A],Enabled,Enabled
1709044388.49252,0,GPU-a71d5fd4-b7db-93b7-1b7a-5a6e2a6a8c65,0.17,0.45419921875,10240.0,5589.0,472.12,NVIDIA GeForce RTX 3080,[N/A],Enabled,Enabled
1709044389.503555,0,GPU-a71d5fd4-b7db-93b7-1b7a-5a6e2a6a8c65,0.18,0.45419921875,10240.0,5589.0,472.12,NVIDIA GeForce RTX 3080,[N/A],Enabled,Enabled
1709044390.503654,0,GPU-a71d5fd4-b7db-93b7-1b7a-5a6e2a6a8c65,0.18,0.45419921875,10240.0,5589.0,472.12,NVIDIA GeForce RTX 3080,[N/A],Enabled,Enabled
1709044391.500792,0,GPU-a71d5fd4-b7db-93b7-1b7a-5a6e2a6a8c65,0.18,0.45419921875,10240.0,5589.0,472.12,NVIDIA GeForce RTX 3080,[N/A],Enabled,Enabled
1709044392.497674,0,GPU-a71d5fd4-b7db-93b7-1b7a-5a6e2a6a8c65,0.18,0.45419921875,10240.0,5589.0,472.12,NVIDIA GeForce RTX 3080,[N/A],Enabled,Enabled
1709044393.497678,0,GPU-a71d5fd4-b7db-93b7-1b7a-5a6e2a6a8c65,0.17,0.45419921875,10240.0,5589.0,472.12,NVIDIA GeForce RTX 3080,[N/A],Enabled,Enabled
1709044394.495235,0,GPU-a71d5fd4-b7db-93b7-1b7a-5a6e2a6a8c65,0.17,0.45419921875,10240.0,5589.0,472.12,NVIDIA GeForce RTX 3080,[N/A],Enabled,Enabled
1709044395.493903,0,GPU-a71d5fd4-b7db-93b7-1b7a-5a6e2a6a8c65,0.18,0.45419921875,10240.0,5589.0,472.12,NVIDIA GeForce RTX 3080,[N/A],Enabled,Enabled
1709044396.504997,0,GPU-a71d5fd4-b7db-93b7-1b7a-5a6e2a6a8c65,0.18,0.45419921875,10240.0,5589.0,472.12,NVIDIA GeForce RTX 3080,[N/A],Enabled,Enabled
1709044397.503815,0,GPU-a71d5fd4-b7db-93b7-1b7a-5a6e2a6a8c65,0.18,0.45419921875,10240.0,5589.0,472.12,NVIDIA GeForce RTX 3080,[N/A],Enabled,Enabled
1709044398.50511,0,GPU-a71d5fd4-b7db-93b7-1b7a-5a6e2a6a8c65,0.18,0.45419921875,10240.0,5589.0,472.12,NVIDIA GeForce RTX 3080,[N/A],Enabled,Enabled
1709044399.500894,0,GPU-a71d5fd4-b7db-93b7-1b7a-5a6e2a6a8c65,0.18,0.45419921875,10240.0,5589.0,472.12,NVIDIA GeForce RTX 3080,[N/A],Enabled,Enabled
1709044400.500426,0,GPU-a71d5fd4-b7db-93b7-1b7a-5a6e2a6a8c65,0.18,0.45419921875,10240.0,5589.0,472.12,NVIDIA GeForce RTX 3080,[N/A],Enabled,Enabled
1709044401.497307,0,GPU-a71d5fd4-b7db-93b7-1b7a-5a6e2a6a8c65,0.17,0.45419921875,10240.0,5589.0,472.12,NVIDIA GeForce RTX 3080,[N/A],Enabled,Enabled
1709044402.494561,0,GPU-a71d5fd4-b7db-93b7-1b7a-5a6e2a6a8c65,0.18,0.45419921875,10240.0,5589.0,472.12,NVIDIA GeForce RTX 3080,[N/A],Enabled,Enabled
1709044403.491552,0,GPU-a71d5fd4-b7db-93b7-1b7a-5a6e2a6a8c65,0.18,0.45419921875,10240.0,5589.0,472.12,NVIDIA GeForce RTX 3080,[N/A],Enabled,Enabled
1709044404.502784,0,GPU-a71d5fd4-b7db-93b7-1b7a-5a6e2a6a8c65,0.18,0.45419921875,10240.0,5589.0,472.12,NVIDIA GeForce RTX 3080,[N/A],Enabled,Enabled
1709044405.49882,0,GPU-a71d5fd4-b7db-93b7-1b7a-5a6e2a6a8c65,0.18,0.45419921875,10240.0,5589.0,472.12,NVIDIA GeForce RTX 3080,[N/A],Enabled,Enabled
1709044406.499566,0,GPU-a71d5fd4-b7db-93b7-1b7a-5a6e2a6a8c65,0.17,0.45419921875,10240.0,5589.0,472.12,NVIDIA GeForce RTX 3080,[N/A],Enabled,Enabled
1709044407.49475,0,GPU-a71d5fd4-b7db-93b7-1b7a-5a6e2a6a8c65,0.18,0.45419921875,10240.0,5589.0,472.12,NVIDIA GeForce RTX 3080,[N/A],Enabled,Enabled
1709044408.495434,0,GPU-a71d5fd4-b7db-93b7-1b7a-5a6e2a6a8c65,0.17,0.45419921875,10240.0,5589.0,472.12,NVIDIA GeForce RTX 3080,[N/A],Enabled,Enabled
1709044409.493324,0,GPU-a71d5fd4-b7db-93b7-1b7a-5a6e2a6a8c65,0.18,0.45419921875,10240.0,5589.0,472.12,NVIDIA GeForce RTX 3080,[N/A],Enabled,Enabled
1709044410.505361,0,GPU-a71d5fd4-b7db-93b7-1b7a-5a6e2a6a8c65,0.18,0.45419921875,10240.0,5589.0,472.12,NVIDIA GeForce RTX 3080,[N/A],Enabled,Enabled
1709044411.501477,0,GPU-a71d5fd4-b7db-93b7-1b7a-5a6e2a6a8c65,0.17,0.45419921875,10240.0,5589.0,472.12,NVIDIA GeForce RTX 3080,[N/A],Enabled,Enabled
1709044412.500488,0,GPU-a71d5fd4-b7db-93b7-1b7a-5a6e2a6a8c65,0.18,0.45419921875,10240.0,5589.0,472.12,NVIDIA GeForce RTX 3080,[N/A],Enabled,Enabled
1709044413.501855,0,GPU-a71d5fd4-b7db-93b7-1b7a-5a6e2a6a8c65,0.18,0.45419921875,10240.0,5589.0,472.12,NVIDIA GeForce RTX 3080,[N/A],Enabled,Enabled
1709044414.501605,0,GPU-a71d5fd4-b7db-93b7-1b7a-5a6e2a6a8c65,0.17,0.45419921875,10240.0,5589.0,472.12,NVIDIA GeForce RTX 3080,[N/A],Enabled,Enabled
1709044415.500644,0,GPU-a71d5fd4-b7db-93b7-1b7a-5a6e2a6a8c65,0.17,0.45419921875,10240.0,5589.0,472.12,NVIDIA GeForce RTX 3080,[N/A],Enabled,Enabled
1709044416.497463,0,GPU-a71d5fd4-b7db-93b7-1b7a-5a6e2a6a8c65,0.17,0.45419921875,10240.0,5589.0,472.12,NVIDIA GeForce RTX 3080,[N/A],Enabled,Enabled
1709044417.496555,0,GPU-a71d5fd4-b7db-93b7-1b7a-5a6e2a6a8c65,0.17,0.45419921875,10240.0,5589.0,472.12,NVIDIA GeForce RTX 3080,[N/A],Enabled,Enabled
1709044418.491609,0,GPU-a71d5fd4-b7db-93b7-1b7a-5a6e2a6a8c65,0.17,0.45419921875,10240.0,5589.0,472.12,NVIDIA GeForce RTX 3080,[N/A],Enabled,Enabled
1709044419.50249,0,GPU-a71d5fd4-b7db-93b7-1b7a-5a6e2a6a8c65,0.17,0.45419921875,10240.0,5589.0,472.12,NVIDIA GeForce RTX 3080,[N/A],Enabled,Enabled
1709044420.503783,0,GPU-a71d5fd4-b7db-93b7-1b7a-5a6e2a6a8c65,0.17,0.45419921875,10240.0,5589.0,472.12,NVIDIA GeForce RTX 3080,[N/A],Enabled,Enabled
1709044421.498813,0,GPU-a71d5fd4-b7db-93b7-1b7a-5a6e2a6a8c65,0.17,0.45419921875,10240.0,5589.0,472.12,NVIDIA GeForce RTX 3080,[N/A],Enabled,Enabled
1709044422.49793,0,GPU-a71d5fd4-b7db-93b7-1b7a-5a6e2a6a8c65,0.17,0.45419921875,10240.0,5589.0,472.12,NVIDIA GeForce RTX 3080,[N/A],Enabled,Enabled
1709044423.496584,0,GPU-a71d5fd4-b7db-93b7-1b7a-5a6e2a6a8c65,0.18,0.45419921875,10240.0,5589.0,472.12,NVIDIA GeForce RTX 3080,[N/A],Enabled,Enabled
1709044424.49834,0,GPU-a71d5fd4-b7db-93b7-1b7a-5a6e2a6a8c65,0.17,0.45419921875,10240.0,5589.0,472.12,NVIDIA GeForce RTX 3080,[N/A],Enabled,Enabled
1709044425.495303,0,GPU-a71d5fd4-b7db-93b7-1b7a-5a6e2a6a8c65,0.17,0.45419921875,10240.0,5589.0,472.12,NVIDIA GeForce RTX 3080,[N/A],Enabled,Enabled
1709044426.494414,0,GPU-a71d5fd4-b7db-93b7-1b7a-5a6e2a6a8c65,0.17,0.45419921875,10240.0,5589.0,472.12,NVIDIA GeForce RTX 3080,[N/A],Enabled,Enabled
1709044427.496802,0,GPU-a71d5fd4-b7db-93b7-1b7a-5a6e2a6a8c65,0.18,0.45419921875,10240.0,5589.0,472.12,NVIDIA GeForce RTX 3080,[N/A],Enabled,Enabled
1709044428.491932,0,GPU-a71d5fd4-b7db-93b7-1b7a-5a6e2a6a8c65,0.17,0.45419921875,10240.0,5589.0,472.12,NVIDIA GeForce RTX 3080,[N/A],Enabled,Enabled
1709044429.491573,0,GPU-a71d5fd4-b7db-93b7-1b7a-5a6e2a6a8c65,0.18,0.45419921875,10240.0,5589.0,472.12,NVIDIA GeForce RTX 3080,[N/A],Enabled,Enabled
1709044430.504387,0,GPU-a71d5fd4-b7db-93b7-1b7a-5a6e2a6a8c65,0.18,0.45419921875,10240.0,5589.0,472.12,NVIDIA GeForce RTX 3080,[N/A],Enabled,Enabled
1709044431.503819,0,GPU-a71d5fd4-b7db-93b7-1b7a-5a6e2a6a8c65,0.17,0.45419921875,10240.0,5589.0,472.12,NVIDIA GeForce RTX 3080,[N/A],Enabled,Enabled
1709044432.501599,0,GPU-a71d5fd4-b7db-93b7-1b7a-5a6e2a6a8c65,0.17,0.45419921875,10240.0,5589.0,472.12,NVIDIA GeForce RTX 3080,[N/A],Enabled,Enabled
1709044433.498746,0,GPU-a71d5fd4-b7db-93b7-1b7a-5a6e2a6a8c65,0.18,0.45419921875,10240.0,5589.0,472.12,NVIDIA GeForce RTX 3080,[N/A],Enabled,Enabled
1709044434.498402,0,GPU-a71d5fd4-b7db-93b7-1b7a-5a6e2a6a8c65,0.18,0.45419921875,10240.0,5589.0,472.12,NVIDIA GeForce RTX 3080,[N/A],Enabled,Enabled
1709044435.492686,0,GPU-a71d5fd4-b7db-93b7-1b7a-5a6e2a6a8c65,0.18,0.45419921875,10240.0,5589.0,472.12,NVIDIA GeForce RTX 3080,[N/A],Enabled,Enabled
1709044436.503985,0,GPU-a71d5fd4-b7db-93b7-1b7a-5a6e2a6a8c65,0.18,0.45419921875,10240.0,5589.0,472.12,NVIDIA GeForce RTX 3080,[N/A],Enabled,Enabled
1709044437.501534,0,GPU-a71d5fd4-b7db-93b7-1b7a-5a6e2a6a8c65,0.18,0.45419921875,10240.0,5589.0,472.12,NVIDIA GeForce RTX 3080,[N/A],Enabled,Enabled
1709044438.498693,0,GPU-a71d5fd4-b7db-93b7-1b7a-5a6e2a6a8c65,0.18,0.45419921875,10240.0,5589.0,472.12,NVIDIA GeForce RTX 3080,[N/A],Enabled,Enabled
1709044439.497882,0,GPU-a71d5fd4-b7db-93b7-1b7a-5a6e2a6a8c65,0.18,0.45419921875,10240.0,5589.0,472.12,NVIDIA GeForce RTX 3080,[N/A],Enabled,Enabled
1709044440.491583,0,GPU-a71d5fd4-b7db-93b7-1b7a-5a6e2a6a8c65,0.18,0.45419921875,10240.0,5589.0,472.12,NVIDIA GeForce RTX 3080,[N/A],Enabled,Enabled
1709044441.502811,0,GPU-a71d5fd4-b7db-93b7-1b7a-5a6e2a6a8c65,0.18,0.45419921875,10240.0,5589.0,472.12,NVIDIA GeForce RTX 3080,[N/A],Enabled,Enabled
1709044442.500471,0,GPU-a71d5fd4-b7db-93b7-1b7a-5a6e2a6a8c65,0.18,0.45419921875,10240.0,5589.0,472.12,NVIDIA GeForce RTX 3080,[N/A],Enabled,Enabled
1709044443.496709,0,GPU-a71d5fd4-b7db-93b7-1b7a-5a6e2a6a8c65,0.17,0.45419921875,10240.0,5589.0,472.12,NVIDIA GeForce RTX 3080,[N/A],Enabled,Enabled
1709044444.494841,0,GPU-a71d5fd4-b7db-93b7-1b7a-5a6e2a6a8c65,0.19,0.45419921875,10240.0,5589.0,472.12,NVIDIA GeForce RTX 3080,[N/A],Enabled,Enabled
1709044445.494404,0,GPU-a71d5fd4-b7db-93b7-1b7a-5a6e2a6a8c65,0.18,0.45419921875,10240.0,5589.0,472.12,NVIDIA GeForce RTX 3080,[N/A],Enabled,Enabled
1709044446.492639,0,GPU-a71d5fd4-b7db-93b7-1b7a-5a6e2a6a8c65,0.18,0.45419921875,10240.0,5589.0,472.12,NVIDIA GeForce RTX 3080,[N/A],Enabled,Enabled
1709044447.505382,0,GPU-a71d5fd4-b7db-93b7-1b7a-5a6e2a6a8c65,0.17,0.45419921875,10240.0,5589.0,472.12,NVIDIA GeForce RTX 3080,[N/A],Enabled,Enabled
1709044448.501787,0,GPU-a71d5fd4-b7db-93b7-1b7a-5a6e2a6a8c65,0.18,0.45419921875,10240.0,5589.0,472.12,NVIDIA GeForce RTX 3080,[N/A],Enabled,Enabled
1709044449.503945,0,GPU-a71d5fd4-b7db-93b7-1b7a-5a6e2a6a8c65,0.17,0.45419921875,10240.0,5589.0,472.12,NVIDIA GeForce RTX 3080,[N/A],Enabled,Enabled
1709044450.501422,0,GPU-a71d5fd4-b7db-93b7-1b7a-5a6e2a6a8c65,0.19,0.45419921875,10240.0,5589.0,472.12,NVIDIA GeForce RTX 3080,[N/A],Enabled,Enabled
1709044451.500694,0,GPU-a71d5fd4-b7db-93b7-1b7a-5a6e2a6a8c65,0.17,0.45419921875,10240.0,5589.0,472.12,NVIDIA GeForce RTX 3080,[N/A],Enabled,Enabled
1709044452.496652,0,GPU-a71d5fd4-b7db-93b7-1b7a-5a6e2a6a8c65,0.18,0.45419921875,10240.0,5589.0,472.12,NVIDIA GeForce RTX 3080,[N/A],Enabled,Enabled
1709044453.491694,0,GPU-a71d5fd4-b7db-93b7-1b7a-5a6e2a6a8c65,0.18,0.45419921875,10240.0,5589.0,472.12,NVIDIA GeForce RTX 3080,[N/A],Enabled,Enabled
1709044454.491781,0,GPU-a71d5fd4-b7db-93b7-1b7a-5a6e2a6a8c65,0.17,0.45419921875,10240.0,5589.0,472.12,NVIDIA GeForce RTX 3080,[N/A],Enabled,Enabled
1709044455.504483,0,GPU-a71d5fd4-b7db-93b7-1b7a-5a6e2a6a8c65,0.18,0.45419921875,10240.0,5589.0,472.12,NVIDIA GeForce RTX 3080,[N/A],Enabled,Enabled
1709044456.500887,0,GPU-a71d5fd4-b7db-93b7-1b7a-5a6e2a6a8c65,0.17,0.45419921875,10240.0,5589.0,472.12,NVIDIA GeForce RTX 3080,[N/A],Enabled,Enabled
1709044457.498289,0,GPU-a71d5fd4-b7db-93b7-1b7a-5a6e2a6a8c65,0.18,0.45419921875,10240.0,5589.0,472.12,NVIDIA GeForce RTX 3080,[N/A],Enabled,Enabled
1709044458.49732,0,GPU-a71d5fd4-b7db-93b7-1b7a-5a6e2a6a8c65,0.17,0.45419921875,10240.0,5589.0,472.12,NVIDIA GeForce RTX 3080,[N/A],Enabled,Enabled
1709044459.497396,0,GPU-a71d5fd4-b7db-93b7-1b7a-5a6e2a6a8c65,0.17,0.45419921875,10240.0,5589.0,472.12,NVIDIA GeForce RTX 3080,[N/A],Enabled,Enabled
1709044460.496799,0,GPU-a71d5fd4-b7db-93b7-1b7a-5a6e2a6a8c65,0.18,0.45419921875,10240.0,5589.0,472.12,NVIDIA GeForce RTX 3080,[N/A],Enabled,Enabled
1709044461.493751,0,GPU-a71d5fd4-b7db-93b7-1b7a-5a6e2a6a8c65,0.17,0.45517578125,10240.0,5579.0,472.12,NVIDIA GeForce RTX 3080,[N/A],Enabled,Enabled
1709044462.505411,0,GPU-a71d5fd4-b7db-93b7-1b7a-5a6e2a6a8c65,0.17,0.45517578125,10240.0,5579.0,472.12,NVIDIA GeForce RTX 3080,[N/A],Enabled,Enabled
1709044463.502601,0,GPU-a71d5fd4-b7db-93b7-1b7a-5a6e2a6a8c65,0.15,0.4466796875,10240.0,5666.0,472.12,NVIDIA GeForce RTX 3080,[N/A],Enabled,Enabled
1709044464.498381,0,GPU-a71d5fd4-b7db-93b7-1b7a-5a6e2a6a8c65,0.16,0.4466796875,10240.0,5666.0,472.12,NVIDIA GeForce RTX 3080,[N/A],Enabled,Enabled
1709044465.499391,0,GPU-a71d5fd4-b7db-93b7-1b7a-5a6e2a6a8c65,0.14,0.44287109375,10240.0,5705.0,472.12,NVIDIA GeForce RTX 3080,[N/A],Enabled,Enabled
1709044466.50084,0,GPU-a71d5fd4-b7db-93b7-1b7a-5a6e2a6a8c65,0.14,0.44287109375,10240.0,5705.0,472.12,NVIDIA GeForce RTX 3080,[N/A],Enabled,Enabled
1709044467.500388,0,GPU-a71d5fd4-b7db-93b7-1b7a-5a6e2a6a8c65,0.15,0.44658203125,10240.0,5667.0,472.12,NVIDIA GeForce RTX 3080,[N/A],Enabled,Enabled
1709044468.501369,0,GPU-a71d5fd4-b7db-93b7-1b7a-5a6e2a6a8c65,0.14,0.44287109375,10240.0,5705.0,472.12,NVIDIA GeForce RTX 3080,[N/A],Enabled,Enabled
1709044469.499554,0,GPU-a71d5fd4-b7db-93b7-1b7a-5a6e2a6a8c65,0.15,0.44658203125,10240.0,5667.0,472.12,NVIDIA GeForce RTX 3080,[N/A],Enabled,Enabled
1709044470.497336,0,GPU-a71d5fd4-b7db-93b7-1b7a-5a6e2a6a8c65,0.14,0.42548828125,10240.0,5883.0,472.12,NVIDIA GeForce RTX 3080,[N/A],Enabled,Enabled
1709044471.491946,0,GPU-a71d5fd4-b7db-93b7-1b7a-5a6e2a6a8c65,0.17,0.38115234375,10240.0,6337.0,472.12,NVIDIA GeForce RTX 3080,[N/A],Enabled,Enabled
1709044472.4908,0,GPU-a71d5fd4-b7db-93b7-1b7a-5a6e2a6a8c65,0.15,0.38115234375,10240.0,6337.0,472.12,NVIDIA GeForce RTX 3080,[N/A],Enabled,Enabled
1709044473.501883,0,GPU-a71d5fd4-b7db-93b7-1b7a-5a6e2a6a8c65,0.14,0.38115234375,10240.0,6337.0,472.12,NVIDIA GeForce RTX 3080,[N/A],Enabled,Enabled
1709044474.501383,0,GPU-a71d5fd4-b7db-93b7-1b7a-5a6e2a6a8c65,0.0,0.38115234375,10240.0,6337.0,472.12,NVIDIA GeForce RTX 3080,[N/A],Enabled,Enabled
1709044475.503512,0,GPU-a71d5fd4-b7db-93b7-1b7a-5a6e2a6a8c65,0.0,0.38115234375,10240.0,6337.0,472.12,NVIDIA GeForce RTX 3080,[N/A],Enabled,Enabled
1709044476.498462,0,GPU-a71d5fd4-b7db-93b7-1b7a-5a6e2a6a8c65,0.0,0.38115234375,10240.0,6337.0,472.12,NVIDIA GeForce RTX 3080,[N/A],Enabled,Enabled
1709044477.502595,0,GPU-a71d5fd4-b7db-93b7-1b7a-5a6e2a6a8c65,0.0,0.38115234375,10240.0,6337.0,472.12,NVIDIA GeForce RTX 3080,[N/A],Enabled,Enabled
1709044478.491889,0,GPU-a71d5fd4-b7db-93b7-1b7a-5a6e2a6a8c65,0.0,0.38115234375,10240.0,6337.0,472.12,NVIDIA GeForce RTX 3080,[N/A],Enabled,Enabled
1709044479.498657,0,GPU-a71d5fd4-b7db-93b7-1b7a-5a6e2a6a8c65,0.0,0.38115234375,10240.0,6337.0,472.12,NVIDIA GeForce RTX 3080,[N/A],Enabled,Enabled
1709044480.505551,0,GPU-a71d5fd4-b7db-93b7-1b7a-5a6e2a6a8c65,0.0,0.38115234375,10240.0,6337.0,472.12,NVIDIA GeForce RTX 3080,[N/A],Enabled,Enabled
1709044481.497815,0,GPU-a71d5fd4-b7db-93b7-1b7a-5a6e2a6a8c65,0.0,0.38115234375,10240.0,6337.0,472.12,NVIDIA GeForce RTX 3080,[N/A],Enabled,Enabled
1709044482.502706,0,GPU-a71d5fd4-b7db-93b7-1b7a-5a6e2a6a8c65,0.01,0.38115234375,10240.0,6337.0,472.12,NVIDIA GeForce RTX 3080,[N/A],Enabled,Enabled
1709044483.491412,0,GPU-a71d5fd4-b7db-93b7-1b7a-5a6e2a6a8c65,0.0,0.38115234375,10240.0,6337.0,472.12,NVIDIA GeForce RTX 3080,[N/A],Enabled,Enabled
