8.08 8.56 7.52 6/2672 1071
8.08 8.56 7.52 3/2672 1097
8.08 8.56 7.52 8/2672 1150
7.91 8.52 7.51 6/2672 1219
7.91 8.52 7.51 5/2672 1261
7.91 8.52 7.51 6/2672 1320
7.91 8.52 7.51 3/2672 1346
7.91 8.52 7.51 1/2673 1399
7.84 8.49 7.51 4/2673 1449
7.84 8.49 7.51 4/2673 1470
7.84 8.49 7.51 5/2673 1499
7.84 8.49 7.51 5/2673 1524
7.84 8.49 7.51 1/2673 1550
7.84 8.49 7.51 7/2673 1581
7.77 8.47 7.50 5/2673 1607
7.77 8.47 7.50 4/2673 1639
7.77 8.47 7.50 5/2622 1713
7.77 8.47 7.50 3/2622 1738
7.77 8.47 7.50 3/2622 1797
7.87 8.47 7.51 2/2622 1837
7.87 8.47 7.51 3/2622 1870
7.87 8.47 7.51 6/2622 1898
7.87 8.47 7.51 3/2622 1939
7.87 8.47 7.51 1/2622 1966
8.28 8.55 7.54 4/2622 1991
8.28 8.55 7.54 6/2622 2012
8.28 8.55 7.54 2/2622 2052
8.28 8.55 7.54 7/2622 2085
8.28 8.55 7.54 3/2622 2117
8.66 8.62 7.57 3/2622 2168
8.66 8.62 7.57 1/2622 2219
8.66 8.62 7.57 3/2622 2267
8.66 8.62 7.57 3/2622 2326
8.66 8.62 7.57 1/2622 2363
8.69 8.63 7.58 2/2622 2400
8.69 8.63 7.58 1/2622 2436
8.69 8.63 7.58 3/2622 2468
8.69 8.63 7.58 2/2622 2489
8.69 8.63 7.58 4/2622 2540
8.79 8.65 7.59 6/2622 2563
8.79 8.65 7.59 1/2622 2598
8.79 8.65 7.59 8/2622 2696
8.79 8.65 7.59 7/2622 2777
8.79 8.65 7.59 5/2622 2805
8.81 8.66 7.60 9/2622 2841
8.81 8.66 7.60 6/2622 2885
8.81 8.66 7.60 3/2623 2916
8.81 8.66 7.60 16/2623 2973
8.81 8.66 7.60 7/2623 3052
8.66 8.63 7.60 4/2623 3084
8.66 8.63 7.60 4/2624 3113
8.66 8.63 7.60 11/2624 3179
8.66 8.63 7.60 8/2624 3221
8.66 8.63 7.60 4/2627 3271
8.85 8.67 7.62 4/2627 3306
8.85 8.67 7.62 6/2627 3368
8.85 8.67 7.62 4/2629 3433
8.85 8.67 7.62 2/2629 3456
8.85 8.67 7.62 4/2629 3481
8.86 8.68 7.62 4/2629 3507
8.86 8.68 7.62 12/2629 3526
8.86 8.68 7.62 6/2629 3560
8.86 8.68 7.62 6/2629 3623
8.86 8.68 7.62 5/2628 3663
8.79 8.67 7.63 8/2628 3735
8.79 8.67 7.63 6/2627 3765
8.79 8.67 7.63 5/2627 3796
8.79 8.67 7.63 7/2627 3819
8.79 8.67 7.63 3/2627 3848
8.81 8.67 7.63 4/2627 3869
8.81 8.67 7.63 6/2627 3897
8.81 8.67 7.63 4/2627 3922
8.81 8.67 7.63 1/2627 3944
8.81 8.67 7.63 1/2627 3974
8.75 8.66 7.64 2/2627 3998
8.75 8.66 7.64 4/2627 4025
8.75 8.66 7.64 4/2627 4049
8.75 8.66 7.64 6/2627 4071
8.75 8.66 7.64 3/2627 4092
8.85 8.68 7.65 7/2627 4111
8.85 8.68 7.65 3/2626 4132
8.85 8.68 7.65 4/2626 4153
8.85 8.68 7.65 2/2626 4211
8.85 8.68 7.65 5/2625 4232
8.94 8.70 7.66 4/2625 4270
8.94 8.70 7.66 6/2626 4292
8.94 8.70 7.66 3/2626 4341
8.94 8.70 7.66 1/2626 4362
8.94 8.70 7.66 2/2628 4387
8.62 8.64 7.65 5/2628 4406
8.62 8.64 7.65 6/2628 4431
8.62 8.64 7.65 4/2628 4451
8.62 8.64 7.65 2/2628 4484
8.62 8.64 7.65 7/2628 4503
8.97 8.72 7.68 6/2628 4525
8.97 8.72 7.68 3/2628 4547
8.97 8.72 7.68 6/2628 4566
8.97 8.72 7.68 2/2628 4591
8.97 8.72 7.68 3/2628 4610
8.82 8.69 7.67 5/2628 4629
8.82 8.69 7.67 6/2627 4652
8.82 8.69 7.67 9/2627 4674
8.82 8.69 7.67 4/2627 4693
8.82 8.69 7.67 6/2627 4713
8.75 8.68 7.67 3/2627 4733
8.75 8.68 7.67 5/2627 4752
8.75 8.68 7.67 4/2627 4775
8.75 8.68 7.67 5/2628 4795
8.75 8.68 7.67 5/2628 4833
8.69 8.66 7.68 4/2628 4852
8.69 8.66 7.68 3/2628 4874
8.69 8.66 7.68 2/2628 4921
8.69 8.66 7.68 4/2628 4944
8.69 8.66 7.68 10/2627 4981
8.71 8.67 7.68 5/2626 5017
8.71 8.67 7.68 4/2625 5072
8.71 8.67 7.68 6/2625 5120
8.71 8.67 7.68 2/2625 5139
8.71 8.67 7.68 6/2625 5167
8.82 8.69 7.70 7/2625 5187
8.82 8.69 7.70 3/2625 5207
8.82 8.69 7.70 4/2625 5228
8.82 8.69 7.70 11/2625 5263
8.82 8.69 7.70 1/2625 5286
8.83 8.70 7.70 2/2625 5306
8.83 8.70 7.70 3/2625 5331
8.83 8.70 7.70 8/2625 5350
8.83 8.70 7.70 4/2625 5369
8.83 8.70 7.70 5/2625 5388
8.77 8.69 7.71 11/2626 5410
8.77 8.69 7.71 6/2625 5429
8.77 8.69 7.71 1/2625 5448
8.77 8.69 7.71 3/2625 5467
8.77 8.69 7.71 7/2625 5486
8.86 8.71 7.72 4/2625 5505
8.86 8.71 7.72 4/2625 5524
8.86 8.71 7.72 2/2626 5545
8.86 8.71 7.72 7/2626 5564
8.86 8.71 7.72 11/2626 5583
8.72 8.68 7.71 4/2626 5602
8.72 8.68 7.71 4/2626 5621
8.72 8.68 7.71 4/2626 5640
8.72 8.68 7.71 6/2626 5659
8.72 8.68 7.71 3/2626 5679
8.50 8.63 7.70 4/2626 5698
8.50 8.63 7.70 2/2626 5717
8.50 8.63 7.70 5/2626 5736
8.50 8.63 7.70 1/2626 5755
8.50 8.63 7.70 1/2626 5774
8.54 8.64 7.71 1/2626 5793
8.54 8.64 7.71 1/2626 5812
8.54 8.64 7.71 3/2626 5831
8.54 8.64 7.71 6/2627 5851
8.54 8.64 7.71 3/2627 5870
8.41 8.61 7.71 2/2627 5889
8.41 8.61 7.71 4/2627 5908
8.41 8.61 7.71 4/2627 5927
8.41 8.61 7.71 6/2627 5946
8.41 8.61 7.71 3/2627 5965
8.86 8.70 7.74 7/2627 5984
8.86 8.70 7.74 1/2627 6003
8.86 8.70 7.74 3/2627 6022
8.86 8.70 7.74 1/2627 6041
8.86 8.70 7.74 5/2627 6060
8.95 8.72 7.75 2/2627 6079
8.95 8.72 7.75 2/2627 6098
8.95 8.72 7.75 5/2627 6117
8.95 8.72 7.75 5/2627 6136
8.95 8.72 7.75 4/2627 6155
8.80 8.70 7.75 7/2627 6174
8.80 8.70 7.75 6/2627 6193
8.80 8.70 7.75 10/2627 6212
8.80 8.70 7.75 2/2627 6231
8.80 8.70 7.75 1/2627 6254
8.73 8.68 7.75 4/2627 6273
8.73 8.68 7.75 6/2627 6292
8.73 8.68 7.75 5/2627 6311
8.73 8.68 7.75 2/2627 6330
8.73 8.68 7.75 8/2627 6349
8.67 8.67 7.75 5/2627 6368
8.67 8.67 7.75 3/2627 6387
8.67 8.67 7.75 3/2626 6406
8.67 8.67 7.75 1/2626 6425
8.67 8.67 7.75 4/2626 6444
8.62 8.66 7.75 3/2626 6463
8.62 8.66 7.75 3/2626 6482
8.62 8.66 7.75 2/2626 6501
8.62 8.66 7.75 9/2626 6520
8.62 8.66 7.75 5/2626 6539
8.57 8.65 7.76 4/2626 6558
8.57 8.65 7.76 4/2626 6577
8.57 8.65 7.76 5/2626 6596
8.57 8.65 7.76 7/2626 6615
8.57 8.65 7.76 4/2626 6634
8.52 8.64 7.76 4/2626 6653
8.52 8.64 7.76 6/2626 6672
8.52 8.64 7.76 2/2626 6691
8.52 8.64 7.76 2/2626 6710
8.52 8.64 7.76 5/2626 6729
8.40 8.61 7.75 3/2626 6748
8.40 8.61 7.75 6/2626 6767
8.40 8.61 7.75 6/2626 6786
8.40 8.61 7.75 3/2626 6805
8.40 8.61 7.75 5/2626 6824
8.21 8.57 7.74 2/2626 6843
8.21 8.57 7.74 4/2626 6862
8.21 8.57 7.74 5/2626 6881
8.21 8.57 7.74 6/2626 6900
8.21 8.57 7.74 3/2626 6919
8.51 8.63 7.77 6/2626 6938
8.51 8.63 7.77 7/2626 6957
8.51 8.63 7.77 4/2626 6976
8.51 8.63 7.77 10/2626 6995
8.51 8.63 7.77 6/2626 7014
8.87 8.70 7.79 3/2626 7033
8.87 8.70 7.79 5/2626 7052
8.87 8.70 7.79 3/2626 7072
8.87 8.70 7.79 13/2626 7091
8.87 8.70 7.79 9/2626 7110
8.96 8.72 7.81 1/2626 7129
8.96 8.72 7.81 1/2626 7148
8.96 8.72 7.81 6/2626 7167
8.96 8.72 7.81 10/2626 7186
8.96 8.72 7.81 10/2626 7205
8.81 8.69 7.80 2/2626 7224
8.81 8.69 7.80 10/2626 7243
8.81 8.69 7.80 3/2626 7262
8.81 8.69 7.80 3/2626 7281
8.81 8.69 7.80 5/2626 7300
8.82 8.70 7.81 8/2626 7319
8.82 8.70 7.81 2/2626 7338
8.82 8.70 7.81 7/2626 7357
8.82 8.70 7.81 4/2626 7376
8.82 8.70 7.81 10/2626 7399
9.00 8.74 7.83 4/2626 7418
9.00 8.74 7.83 2/2626 7437
9.00 8.74 7.83 4/2626 7456
9.00 8.74 7.83 3/2625 7475
9.00 8.74 7.83 7/2625 7494
8.76 8.69 7.82 6/2625 7513
8.76 8.69 7.82 2/2625 7532
8.76 8.69 7.82 4/2625 7551
8.76 8.69 7.82 2/2625 7570
8.76 8.69 7.82 8/2625 7589
8.54 8.64 7.81 4/2625 7608
8.54 8.64 7.81 4/2625 7627
8.54 8.64 7.81 2/2625 7646
8.54 8.64 7.81 6/2625 7665
8.54 8.64 7.81 11/2625 7684
8.73 8.68 7.82 5/2625 7703
8.73 8.68 7.82 4/2625 7722
8.73 8.68 7.82 2/2625 7741
8.73 8.68 7.82 3/2625 7760
8.73 8.68 7.82 5/2625 7779
8.75 8.69 7.83 2/2625 7799
8.75 8.69 7.83 5/2625 7818
8.75 8.69 7.83 1/2625 7837
8.75 8.69 7.83 7/2625 7856
8.75 8.69 7.83 3/2625 7875
