2366.52 13757.14
2367.52 13762.59
2368.53 13768.12
2369.52 13773.71
2370.52 13779.55
2371.52 13785.26
2372.53 13790.96
2373.52 13796.57
2374.53 13802.29
2375.52 13807.79
2376.52 13813.29
2377.52 13819.08
2378.52 13824.67
2379.52 13830.25
2380.52 13835.95
2381.53 13841.70
2382.53 13847.29
2383.53 13852.97
2384.53 13858.71
2385.53 13864.36
2386.53 13870.05
2387.51 13875.60
2388.51 13881.36
2389.51 13887.08
2390.51 13893.14
2391.51 13899.32
2392.51 13905.42
2393.51 13911.65
2394.51 13917.89
2395.51 13923.88
2396.51 13930.12
2397.52 13936.31
2398.52 13942.39
2399.52 13948.63
2400.53 13954.82
2401.52 13960.92
2402.52 13967.07
2403.52 13973.22
2404.51 13979.34
2405.52 13985.61
2406.53 13991.71
2407.52 13997.78
2408.52 14004.05
2409.52 14010.12
2410.53 14015.99
2411.52 14021.96
2412.51 14028.06
2413.52 14034.40
2414.52 14040.33
2415.52 14046.40
2416.52 14052.44
2417.53 14058.45
2418.52 14064.46
2419.52 14070.29
2420.52 14076.55
2421.52 14082.69
2422.52 14087.95
2423.52 14093.10
2424.52 14098.91
2425.52 14104.82
2426.53 14111.10
2427.51 14117.05
2428.52 14123.21
2429.51 14129.30
2430.53 14135.57
2431.53 14141.49
2432.51 14147.43
2433.51 14153.51
2434.53 14159.70
2435.53 14165.88
2436.51 14171.87
2437.51 14177.73
2438.53 14184.01
2439.51 14189.90
2440.51 14196.21
2441.51 14202.44
2442.52 14208.64
2443.51 14214.87
2444.51 14220.96
2445.52 14227.27
2446.51 14233.26
2447.51 14239.36
2448.52 14245.50
2449.52 14251.68
2450.52 14257.82
2451.52 14264.14
2452.52 14270.44
2453.51 14276.41
2454.52 14282.76
2455.52 14289.08
2456.51 14295.12
2457.52 14301.31
2458.52 14307.54
2459.52 14313.88
2460.53 14320.24
2461.52 14326.45
2462.53 14332.56
2463.53 14338.69
2464.52 14344.71
2465.53 14351.04
2466.53 14357.25
2467.52 14363.25
2468.52 14369.46
2469.53 14375.72
2470.53 14381.74
2471.51 14387.52
2472.52 14393.44
2473.52 14399.56
2474.52 14405.65
2475.51 14411.45
2476.52 14417.47
2477.52 14423.58
2478.51 14429.89
2479.53 14435.92
2480.51 14442.02
2481.52 14448.27
2482.52 14454.36
2483.51 14460.50
2484.53 14466.81
2485.52 14473.04
2486.53 14479.35
2487.52 14485.51
2488.51 14491.71
2489.51 14498.07
2490.53 14504.54
2491.51 14510.57
2492.51 14516.72
2493.52 14523.08
2494.52 14529.09
2495.52 14535.23
2496.52 14541.43
2497.52 14547.63
2498.52 14553.73
2499.52 14560.07
2500.52 14566.21
2501.52 14572.24
2502.52 14578.11
2503.52 14584.35
2504.52 14590.36
2505.52 14596.36
2506.52 14602.61
2507.53 14608.56
2508.52 14614.49
2509.52 14620.60
2510.52 14626.67
2511.52 14632.69
2512.53 14638.67
2513.51 14644.72
2514.51 14650.89
2515.53 14657.23
2516.52 14663.22
2517.51 14669.08
2518.51 14674.95
2519.51 14680.96
2520.51 14686.96
2521.51 14693.01
2522.51 14699.01
2523.51 14704.96
2524.51 14710.72
2525.53 14716.79
2526.53 14722.75
2527.51 14728.33
2528.52 14734.34
2529.53 14740.45
2530.53 14746.26
2531.52 14752.28
2532.51 14758.08
2533.51 14764.11
2534.53 14770.18
2535.52 14776.32
2536.51 14782.25
2537.52 14788.16
2538.52 14794.28
2539.52 14800.18
2540.52 14806.12
2541.51 14812.01
2542.51 14818.16
2543.52 14824.38
2544.52 14830.59
2545.52 14836.65
2546.52 14842.82
2547.52 14848.81
2548.52 14854.81
2549.52 14860.84
2550.52 14866.57
2551.52 14872.49
2552.52 14878.51
2553.52 14884.42
2554.52 14890.50
2555.52 14896.57
2556.53 14902.59
2557.53 14908.52
2558.52 14914.34
2559.52 14920.11
2560.52 14926.09
2561.53 14932.13
2562.52 14937.82
2563.53 14943.88
2564.53 14949.77
2565.51 14955.52
2566.51 14961.34
2567.51 14967.29
2568.51 14973.22
2569.51 14979.22
2570.51 14985.31
2571.53 14991.30
2572.51 14996.84
2573.51 15002.65
2574.53 15008.82
2575.51 15014.86
2576.53 15020.87
2577.51 15026.71
2578.51 15032.83
2579.51 15038.80
2580.51 15044.80
2581.52 15050.93
2582.51 15056.44
2583.52 15062.33
2584.52 15067.96
2585.52 15073.89
2586.52 15079.86
2587.52 15085.74
2588.51 15091.48
2589.51 15097.16
2590.52 15102.98
2591.52 15108.79
2592.52 15114.64
2593.52 15120.54
2594.52 15126.25
2595.52 15132.08
2596.52 15137.84
2597.53 15143.56
2598.50 15149.08
2599.52 15154.61
2600.52 15160.21
2601.52 15165.70
2602.52 15171.34
2603.53 15176.96
2604.52 15182.53
2605.51 15188.17
2606.51 15193.95
2607.53 15199.62
2608.51 15205.27
2609.53 15211.17
2610.53 15216.90
2611.51 15222.33
2612.51 15227.77
2613.51 15233.23
2614.51 15238.82
2615.51 15244.46
2616.51 15250.10
2617.51 15255.37
2618.51 15260.82
