Current Battery Service state:
  AC powered: false
  USB powered: false
  Wireless powered: false
  Max charging current: 0
  Max charging voltage: 0
  Charge counter: 4175657
  status: 3
  health: 2
  present: true
  level: 69
  scale: 100
  voltage: 3817
  temperature: 275
  technology: Li-ion
Current Battery Service state:
  AC powered: false
  USB powered: false
  Wireless powered: false
  Max charging current: 0
  Max charging voltage: 0
  Charge counter: 4175657
  status: 3
  health: 2
  present: true
  level: 69
  scale: 100
  voltage: 3817
  temperature: 275
  technology: Li-ion
Current Battery Service state:
  AC powered: false
  USB powered: false
  Wireless powered: false
  Max charging current: 0
  Max charging voltage: 0
  Charge counter: 4175657
  status: 3
  health: 2
  present: true
  level: 69
  scale: 100
  voltage: 3817
  temperature: 275
  technology: Li-ion
Current Battery Service state:
  AC powered: false
  USB powered: false
  Wireless powered: false
  Max charging current: 0
  Max charging voltage: 0
  Charge counter: 4175657
  status: 3
  health: 2
  present: true
  level: 69
  scale: 100
  voltage: 3817
  temperature: 275
  technology: Li-ion
Current Battery Service state:
  AC powered: false
  USB powered: false
  Wireless powered: false
  Max charging current: 0
  Max charging voltage: 0
  Charge counter: 4175657
  status: 3
  health: 2
  present: true
  level: 69
  scale: 100
  voltage: 3817
  temperature: 275
  technology: Li-ion
Current Battery Service state:
  AC powered: false
  USB powered: false
  Wireless powered: false
  Max charging current: 0
  Max charging voltage: 0
  Charge counter: 4175657
  status: 3
  health: 2
  present: true
  level: 69
  scale: 100
  voltage: 3817
  temperature: 275
  technology: Li-ion
Current Battery Service state:
  AC powered: false
  USB powered: false
  Wireless powered: false
  Max charging current: 0
  Max charging voltage: 0
  Charge counter: 4175657
  status: 3
  health: 2
  present: true
  level: 69
  scale: 100
  voltage: 3817
  temperature: 275
  technology: Li-ion
Current Battery Service state:
  AC powered: false
  USB powered: false
  Wireless powered: false
  Max charging current: 0
  Max charging voltage: 0
  Charge counter: 4175657
  status: 3
  health: 2
  present: true
  level: 69
  scale: 100
  voltage: 3817
  temperature: 275
  technology: Li-ion
Current Battery Service state:
  AC powered: false
  USB powered: false
  Wireless powered: false
  Max charging current: 0
  Max charging voltage: 0
  Charge counter: 4171354
  status: 3
  health: 2
  present: true
  level: 69
  scale: 100
  voltage: 3823
  temperature: 277
  technology: Li-ion
Current Battery Service state:
  AC powered: false
  USB powered: false
  Wireless powered: false
  Max charging current: 0
  Max charging voltage: 0
  Charge counter: 4171354
  status: 3
  health: 2
  present: true
  level: 69
  scale: 100
  voltage: 3823
  temperature: 277
  technology: Li-ion
Current Battery Service state:
  AC powered: false
  USB powered: false
  Wireless powered: false
  Max charging current: 0
  Max charging voltage: 0
  Charge counter: 4171354
  status: 3
  health: 2
  present: true
  level: 69
  scale: 100
  voltage: 3823
  temperature: 277
  technology: Li-ion
Current Battery Service state:
  AC powered: false
  USB powered: false
  Wireless powered: false
  Max charging current: 0
  Max charging voltage: 0
  Charge counter: 4171354
  status: 3
  health: 2
  present: true
  level: 69
  scale: 100
  voltage: 3823
  temperature: 277
  technology: Li-ion
Current Battery Service state:
  AC powered: false
  USB powered: false
  Wireless powered: false
  Max charging current: 0
  Max charging voltage: 0
  Charge counter: 4171354
  status: 3
  health: 2
  present: true
  level: 69
  scale: 100
  voltage: 3823
  temperature: 277
  technology: Li-ion
Current Battery Service state:
  AC powered: false
  USB powered: false
  Wireless powered: false
  Max charging current: 0
  Max charging voltage: 0
  Charge counter: 4171354
  status: 3
  health: 2
  present: true
  level: 69
  scale: 100
  voltage: 3823
  temperature: 277
  technology: Li-ion
Current Battery Service state:
  AC powered: false
  USB powered: false
  Wireless powered: false
  Max charging current: 0
  Max charging voltage: 0
  Charge counter: 4171354
  status: 3
  health: 2
  present: true
  level: 69
  scale: 100
  voltage: 3823
  temperature: 277
  technology: Li-ion
Current Battery Service state:
  AC powered: false
  USB powered: false
  Wireless powered: false
  Max charging current: 0
  Max charging voltage: 0
  Charge counter: 4171354
  status: 3
  health: 2
  present: true
  level: 69
  scale: 100
  voltage: 3823
  temperature: 277
  technology: Li-ion
Current Battery Service state:
  AC powered: false
  USB powered: false
  Wireless powered: false
  Max charging current: 0
  Max charging voltage: 0
  Charge counter: 4171354
  status: 3
  health: 2
  present: true
  level: 69
  scale: 100
  voltage: 3823
  temperature: 277
  technology: Li-ion
Current Battery Service state:
  AC powered: false
  USB powered: false
  Wireless powered: false
  Max charging current: 0
  Max charging voltage: 0
  Charge counter: 4171354
  status: 3
  health: 2
  present: true
  level: 69
  scale: 100
  voltage: 3823
  temperature: 277
  technology: Li-ion
Current Battery Service state:
  AC powered: false
  USB powered: false
  Wireless powered: false
  Max charging current: 0
  Max charging voltage: 0
  Charge counter: 4165862
  status: 3
  health: 2
  present: true
  level: 69
  scale: 100
  voltage: 3805
  temperature: 275
  technology: Li-ion
Current Battery Service state:
  AC powered: false
  USB powered: false
  Wireless powered: false
  Max charging current: 0
  Max charging voltage: 0
  Charge counter: 4165862
  status: 3
  health: 2
  present: true
  level: 69
  scale: 100
  voltage: 3805
  temperature: 275
  technology: Li-ion
Current Battery Service state:
  AC powered: false
  USB powered: false
  Wireless powered: false
  Max charging current: 0
  Max charging voltage: 0
  Charge counter: 4165862
  status: 3
  health: 2
  present: true
  level: 69
  scale: 100
  voltage: 3805
  temperature: 275
  technology: Li-ion
Current Battery Service state:
  AC powered: false
  USB powered: false
  Wireless powered: false
  Max charging current: 0
  Max charging voltage: 0
  Charge counter: 4165862
  status: 3
  health: 2
  present: true
  level: 69
  scale: 100
  voltage: 3805
  temperature: 275
  technology: Li-ion
Current Battery Service state:
  AC powered: false
  USB powered: false
  Wireless powered: false
  Max charging current: 0
  Max charging voltage: 0
  Charge counter: 4165862
  status: 3
  health: 2
  present: true
  level: 69
  scale: 100
  voltage: 3805
  temperature: 275
  technology: Li-ion
Current Battery Service state:
  AC powered: false
  USB powered: false
  Wireless powered: false
  Max charging current: 0
  Max charging voltage: 0
  Charge counter: 4165862
  status: 3
  health: 2
  present: true
  level: 69
  scale: 100
  voltage: 3805
  temperature: 275
  technology: Li-ion
Current Battery Service state:
  AC powered: false
  USB powered: false
  Wireless powered: false
  Max charging current: 0
  Max charging voltage: 0
  Charge counter: 4165862
  status: 3
  health: 2
  present: true
  level: 69
  scale: 100
  voltage: 3805
  temperature: 275
  technology: Li-ion
Current Battery Service state:
  AC powered: false
  USB powered: false
  Wireless powered: false
  Max charging current: 0
  Max charging voltage: 0
  Charge counter: 4165862
  status: 3
  health: 2
  present: true
  level: 69
  scale: 100
  voltage: 3805
  temperature: 275
  technology: Li-ion
Current Battery Service state:
  AC powered: false
  USB powered: false
  Wireless powered: false
  Max charging current: 0
  Max charging voltage: 0
  Charge counter: 4165862
  status: 3
  health: 2
  present: true
  level: 69
  scale: 100
  voltage: 3805
  temperature: 275
  technology: Li-ion
Current Battery Service state:
  AC powered: false
  USB powered: false
  Wireless powered: false
  Max charging current: 0
  Max charging voltage: 0
  Charge counter: 4165862
  status: 3
  health: 2
  present: true
  level: 69
  scale: 100
  voltage: 3805
  temperature: 275
  technology: Li-ion
Current Battery Service state:
  AC powered: false
  USB powered: false
  Wireless powered: false
  Max charging current: 0
  Max charging voltage: 0
  Charge counter: 4160145
  status: 3
  health: 2
  present: true
  level: 69
  scale: 100
  voltage: 3805
  temperature: 275
  technology: Li-ion
Current Battery Service state:
  AC powered: false
  USB powered: false
  Wireless powered: false
  Max charging current: 0
  Max charging voltage: 0
  Charge counter: 4160145
  status: 3
  health: 2
  present: true
  level: 69
  scale: 100
  voltage: 3805
  temperature: 275
  technology: Li-ion
Current Battery Service state:
  AC powered: false
  USB powered: false
  Wireless powered: false
  Max charging current: 0
  Max charging voltage: 0
  Charge counter: 4160145
  status: 3
  health: 2
  present: true
  level: 69
  scale: 100
  voltage: 3805
  temperature: 275
  technology: Li-ion
Current Battery Service state:
  AC powered: false
  USB powered: false
  Wireless powered: false
  Max charging current: 0
  Max charging voltage: 0
  Charge counter: 4160145
  status: 3
  health: 2
  present: true
  level: 69
  scale: 100
  voltage: 3805
  temperature: 275
  technology: Li-ion
Current Battery Service state:
  AC powered: false
  USB powered: false
  Wireless powered: false
  Max charging current: 0
  Max charging voltage: 0
  Charge counter: 4160145
  status: 3
  health: 2
  present: true
  level: 69
  scale: 100
  voltage: 3805
  temperature: 275
  technology: Li-ion
Current Battery Service state:
  AC powered: false
  USB powered: false
  Wireless powered: false
  Max charging current: 0
  Max charging voltage: 0
  Charge counter: 4157372
  status: 3
  health: 2
  present: true
  level: 69
  scale: 100
  voltage: 3809
  temperature: 275
  technology: Li-ion
Current Battery Service state:
  AC powered: false
  USB powered: false
  Wireless powered: false
  Max charging current: 0
  Max charging voltage: 0
  Charge counter: 4157372
  status: 3
  health: 2
  present: true
  level: 69
  scale: 100
  voltage: 3809
  temperature: 275
  technology: Li-ion
Current Battery Service state:
  AC powered: false
  USB powered: false
  Wireless powered: false
  Max charging current: 0
  Max charging voltage: 0
  Charge counter: 4156601
  status: 3
  health: 2
  present: true
  level: 69
  scale: 100
  voltage: 3809
  temperature: 275
  technology: Li-ion
Current Battery Service state:
  AC powered: false
  USB powered: false
  Wireless powered: false
  Max charging current: 0
  Max charging voltage: 0
  Charge counter: 4156601
  status: 3
  health: 2
  present: true
  level: 69
  scale: 100
  voltage: 3809
  temperature: 275
  technology: Li-ion
Current Battery Service state:
  AC powered: false
  USB powered: false
  Wireless powered: false
  Max charging current: 0
  Max charging voltage: 0
  Charge counter: 4156601
  status: 3
  health: 2
  present: true
  level: 69
  scale: 100
  voltage: 3809
  temperature: 275
  technology: Li-ion
Current Battery Service state:
  AC powered: false
  USB powered: false
  Wireless powered: false
  Max charging current: 0
  Max charging voltage: 0
  Charge counter: 4155083
  status: 3
  health: 2
  present: true
  level: 69
  scale: 100
  voltage: 3832
  temperature: 275
  technology: Li-ion
Current Battery Service state:
  AC powered: false
  USB powered: false
  Wireless powered: false
  Max charging current: 0
  Max charging voltage: 0
  Charge counter: 4155083
  status: 3
  health: 2
  present: true
  level: 69
  scale: 100
  voltage: 3832
  temperature: 275
  technology: Li-ion
Current Battery Service state:
  AC powered: false
  USB powered: false
  Wireless powered: false
  Max charging current: 0
  Max charging voltage: 0
  Charge counter: 4155083
  status: 3
  health: 2
  present: true
  level: 69
  scale: 100
  voltage: 3832
  temperature: 275
  technology: Li-ion
Current Battery Service state:
  AC powered: false
  USB powered: false
  Wireless powered: false
  Max charging current: 0
  Max charging voltage: 0
  Charge counter: 4155083
  status: 3
  health: 2
  present: true
  level: 69
  scale: 100
  voltage: 3832
  temperature: 275
  technology: Li-ion
Current Battery Service state:
  AC powered: false
  USB powered: false
  Wireless powered: false
  Max charging current: 0
  Max charging voltage: 0
  Charge counter: 4155083
  status: 3
  health: 2
  present: true
  level: 69
  scale: 100
  voltage: 3832
  temperature: 275
  technology: Li-ion
Current Battery Service state:
  AC powered: false
  USB powered: false
  Wireless powered: false
  Max charging current: 0
  Max charging voltage: 0
  Charge counter: 4155083
  status: 3
  health: 2
  present: true
  level: 69
  scale: 100
  voltage: 3832
  temperature: 275
  technology: Li-ion
Current Battery Service state:
  AC powered: false
  USB powered: false
  Wireless powered: false
  Max charging current: 0
  Max charging voltage: 0
  Charge counter: 4155083
  status: 3
  health: 2
  present: true
  level: 69
  scale: 100
  voltage: 3832
  temperature: 275
  technology: Li-ion
Current Battery Service state:
  AC powered: false
  USB powered: false
  Wireless powered: false
  Max charging current: 0
  Max charging voltage: 0
  Charge counter: 4155083
  status: 3
  health: 2
  present: true
  level: 69
  scale: 100
  voltage: 3832
  temperature: 275
  technology: Li-ion
Current Battery Service state:
  AC powered: false
  USB powered: false
  Wireless powered: false
  Max charging current: 0
  Max charging voltage: 0
  Charge counter: 4155083
  status: 3
  health: 2
  present: true
  level: 69
  scale: 100
  voltage: 3832
  temperature: 275
  technology: Li-ion
Current Battery Service state:
  AC powered: false
  USB powered: false
  Wireless powered: false
  Max charging current: 0
  Max charging voltage: 0
  Charge counter: 4155083
  status: 3
  health: 2
  present: true
  level: 69
  scale: 100
  voltage: 3832
  temperature: 275
  technology: Li-ion
Current Battery Service state:
  AC powered: false
  USB powered: false
  Wireless powered: false
  Max charging current: 0
  Max charging voltage: 0
  Charge counter: 4149208
  status: 3
  health: 2
  present: true
  level: 69
  scale: 100
  voltage: 3797
  temperature: 277
  technology: Li-ion
Current Battery Service state:
  AC powered: false
  USB powered: false
  Wireless powered: false
  Max charging current: 0
  Max charging voltage: 0
  Charge counter: 4149208
  status: 3
  health: 2
  present: true
  level: 69
  scale: 100
  voltage: 3797
  temperature: 277
  technology: Li-ion
Current Battery Service state:
  AC powered: false
  USB powered: false
  Wireless powered: false
  Max charging current: 0
  Max charging voltage: 0
  Charge counter: 4149208
  status: 3
  health: 2
  present: true
  level: 69
  scale: 100
  voltage: 3797
  temperature: 277
  technology: Li-ion
Current Battery Service state:
  AC powered: false
  USB powered: false
  Wireless powered: false
  Max charging current: 0
  Max charging voltage: 0
  Charge counter: 4149208
  status: 3
  health: 2
  present: true
  level: 69
  scale: 100
  voltage: 3797
  temperature: 277
  technology: Li-ion
Current Battery Service state:
  AC powered: false
  USB powered: false
  Wireless powered: false
  Max charging current: 0
  Max charging voltage: 0
  Charge counter: 4149208
  status: 3
  health: 2
  present: true
  level: 69
  scale: 100
  voltage: 3797
  temperature: 277
  technology: Li-ion
Current Battery Service state:
  AC powered: false
  USB powered: false
  Wireless powered: false
  Max charging current: 0
  Max charging voltage: 0
  Charge counter: 4149208
  status: 3
  health: 2
  present: true
  level: 69
  scale: 100
  voltage: 3797
  temperature: 277
  technology: Li-ion
Current Battery Service state:
  AC powered: false
  USB powered: false
  Wireless powered: false
  Max charging current: 0
  Max charging voltage: 0
  Charge counter: 4149208
  status: 3
  health: 2
  present: true
  level: 69
  scale: 100
  voltage: 3797
  temperature: 277
  technology: Li-ion
Current Battery Service state:
  AC powered: false
  USB powered: false
  Wireless powered: false
  Max charging current: 0
  Max charging voltage: 0
  Charge counter: 4149208
  status: 3
  health: 2
  present: true
  level: 69
  scale: 100
  voltage: 3797
  temperature: 277
  technology: Li-ion
Current Battery Service state:
  AC powered: false
  USB powered: false
  Wireless powered: false
  Max charging current: 0
  Max charging voltage: 0
  Charge counter: 4149208
  status: 3
  health: 2
  present: true
  level: 69
  scale: 100
  voltage: 3797
  temperature: 277
  technology: Li-ion
Current Battery Service state:
  AC powered: false
  USB powered: false
  Wireless powered: false
  Max charging current: 0
  Max charging voltage: 0
  Charge counter: 4149208
  status: 3
  health: 2
  present: true
  level: 69
  scale: 100
  voltage: 3797
  temperature: 277
  technology: Li-ion
Current Battery Service state:
  AC powered: false
  USB powered: false
  Wireless powered: false
  Max charging current: 0
  Max charging voltage: 0
  Charge counter: 4143279
  status: 3
  health: 2
  present: true
  level: 69
  scale: 100
  voltage: 3795
  temperature: 277
  technology: Li-ion
Current Battery Service state:
  AC powered: false
  USB powered: false
  Wireless powered: false
  Max charging current: 0
  Max charging voltage: 0
  Charge counter: 4143279
  status: 3
  health: 2
  present: true
  level: 69
  scale: 100
  voltage: 3795
  temperature: 277
  technology: Li-ion
Current Battery Service state:
  AC powered: false
  USB powered: false
  Wireless powered: false
  Max charging current: 0
  Max charging voltage: 0
  Charge counter: 4143279
  status: 3
  health: 2
  present: true
  level: 69
  scale: 100
  voltage: 3795
  temperature: 277
  technology: Li-ion
Current Battery Service state:
  AC powered: false
  USB powered: false
  Wireless powered: false
  Max charging current: 0
  Max charging voltage: 0
  Charge counter: 4143279
  status: 3
  health: 2
  present: true
  level: 69
  scale: 100
  voltage: 3795
  temperature: 277
  technology: Li-ion
Current Battery Service state:
  AC powered: false
  USB powered: false
  Wireless powered: false
  Max charging current: 0
  Max charging voltage: 0
  Charge counter: 4143279
  status: 3
  health: 2
  present: true
  level: 69
  scale: 100
  voltage: 3795
  temperature: 277
  technology: Li-ion
Current Battery Service state:
  AC powered: false
  USB powered: false
  Wireless powered: false
  Max charging current: 0
  Max charging voltage: 0
  Charge counter: 4143279
  status: 3
  health: 2
  present: true
  level: 69
  scale: 100
  voltage: 3795
  temperature: 277
  technology: Li-ion
Current Battery Service state:
  AC powered: false
  USB powered: false
  Wireless powered: false
  Max charging current: 0
  Max charging voltage: 0
  Charge counter: 4143279
  status: 3
  health: 2
  present: true
  level: 69
  scale: 100
  voltage: 3795
  temperature: 277
  technology: Li-ion
Current Battery Service state:
  AC powered: false
  USB powered: false
  Wireless powered: false
  Max charging current: 0
  Max charging voltage: 0
  Charge counter: 4143279
  status: 3
  health: 2
  present: true
  level: 69
  scale: 100
  voltage: 3795
  temperature: 277
  technology: Li-ion
Current Battery Service state:
  AC powered: false
  USB powered: false
  Wireless powered: false
  Max charging current: 0
  Max charging voltage: 0
  Charge counter: 4143279
  status: 3
  health: 2
  present: true
  level: 69
  scale: 100
  voltage: 3795
  temperature: 277
  technology: Li-ion
Current Battery Service state:
  AC powered: false
  USB powered: false
  Wireless powered: false
  Max charging current: 0
  Max charging voltage: 0
  Charge counter: 4143279
  status: 3
  health: 2
  present: true
  level: 69
  scale: 100
  voltage: 3795
  temperature: 277
  technology: Li-ion
Current Battery Service state:
  AC powered: false
  USB powered: false
  Wireless powered: false
  Max charging current: 0
  Max charging voltage: 0
  Charge counter: 4137313
  status: 3
  health: 2
  present: true
  level: 68
  scale: 100
  voltage: 3791
  temperature: 277
  technology: Li-ion
Current Battery Service state:
  AC powered: false
  USB powered: false
  Wireless powered: false
  Max charging current: 0
  Max charging voltage: 0
  Charge counter: 4137313
  status: 3
  health: 2
  present: true
  level: 68
  scale: 100
  voltage: 3791
  temperature: 277
  technology: Li-ion
Current Battery Service state:
  AC powered: false
  USB powered: false
  Wireless powered: false
  Max charging current: 0
  Max charging voltage: 0
  Charge counter: 4137313
  status: 3
  health: 2
  present: true
  level: 68
  scale: 100
  voltage: 3791
  temperature: 277
  technology: Li-ion
Current Battery Service state:
  AC powered: false
  USB powered: false
  Wireless powered: false
  Max charging current: 0
  Max charging voltage: 0
  Charge counter: 4137313
  status: 3
  health: 2
  present: true
  level: 68
  scale: 100
  voltage: 3791
  temperature: 277
  technology: Li-ion
Current Battery Service state:
  AC powered: false
  USB powered: false
  Wireless powered: false
  Max charging current: 0
  Max charging voltage: 0
  Charge counter: 4137313
  status: 3
  health: 2
  present: true
  level: 68
  scale: 100
  voltage: 3791
  temperature: 277
  technology: Li-ion
Current Battery Service state:
  AC powered: false
  USB powered: false
  Wireless powered: false
  Max charging current: 0
  Max charging voltage: 0
  Charge counter: 4137313
  status: 3
  health: 2
  present: true
  level: 68
  scale: 100
  voltage: 3791
  temperature: 277
  technology: Li-ion
Current Battery Service state:
  AC powered: false
  USB powered: false
  Wireless powered: false
  Max charging current: 0
  Max charging voltage: 0
  Charge counter: 4137313
  status: 3
  health: 2
  present: true
  level: 68
  scale: 100
  voltage: 3791
  temperature: 277
  technology: Li-ion
Current Battery Service state:
  AC powered: false
  USB powered: false
  Wireless powered: false
  Max charging current: 0
  Max charging voltage: 0
  Charge counter: 4137313
  status: 3
  health: 2
  present: true
  level: 68
  scale: 100
  voltage: 3791
  temperature: 277
  technology: Li-ion
Current Battery Service state:
  AC powered: false
  USB powered: false
  Wireless powered: false
  Max charging current: 0
  Max charging voltage: 0
  Charge counter: 4137313
  status: 3
  health: 2
  present: true
  level: 68
  scale: 100
  voltage: 3791
  temperature: 277
  technology: Li-ion
Current Battery Service state:
  AC powered: false
  USB powered: false
  Wireless powered: false
  Max charging current: 0
  Max charging voltage: 0
  Charge counter: 4137313
  status: 3
  health: 2
  present: true
  level: 68
  scale: 100
  voltage: 3791
  temperature: 277
  technology: Li-ion
Current Battery Service state:
  AC powered: false
  USB powered: false
  Wireless powered: false
  Max charging current: 0
  Max charging voltage: 0
  Charge counter: 4131271
  status: 3
  health: 2
  present: true
  level: 68
  scale: 100
  voltage: 3788
  temperature: 277
  technology: Li-ion
Current Battery Service state:
  AC powered: false
  USB powered: false
  Wireless powered: false
  Max charging current: 0
  Max charging voltage: 0
  Charge counter: 4129554
  status: 3
  health: 2
  present: true
  level: 68
  scale: 100
  voltage: 3789
  temperature: 275
  technology: Li-ion
Current Battery Service state:
  AC powered: false
  USB powered: false
  Wireless powered: false
  Max charging current: 0
  Max charging voltage: 0
  Charge counter: 4129554
  status: 3
  health: 2
  present: true
  level: 68
  scale: 100
  voltage: 3789
  temperature: 275
  technology: Li-ion
Current Battery Service state:
  AC powered: false
  USB powered: false
  Wireless powered: false
  Max charging current: 0
  Max charging voltage: 0
  Charge counter: 4129554
  status: 3
  health: 2
  present: true
  level: 68
  scale: 100
  voltage: 3789
  temperature: 275
  technology: Li-ion
Current Battery Service state:
  AC powered: false
  USB powered: false
  Wireless powered: false
  Max charging current: 0
  Max charging voltage: 0
  Charge counter: 4129554
  status: 3
  health: 2
  present: true
  level: 68
  scale: 100
  voltage: 3789
  temperature: 275
  technology: Li-ion
Current Battery Service state:
  AC powered: false
  USB powered: false
  Wireless powered: false
  Max charging current: 0
  Max charging voltage: 0
  Charge counter: 4129554
  status: 3
  health: 2
  present: true
  level: 68
  scale: 100
  voltage: 3789
  temperature: 275
  technology: Li-ion
Current Battery Service state:
  AC powered: false
  USB powered: false
  Wireless powered: false
  Max charging current: 0
  Max charging voltage: 0
  Charge counter: 4129554
  status: 3
  health: 2
  present: true
  level: 68
  scale: 100
  voltage: 3789
  temperature: 275
  technology: Li-ion
Current Battery Service state:
  AC powered: false
  USB powered: false
  Wireless powered: false
  Max charging current: 0
  Max charging voltage: 0
  Charge counter: 4129554
  status: 3
  health: 2
  present: true
  level: 68
  scale: 100
  voltage: 3789
  temperature: 275
  technology: Li-ion
Current Battery Service state:
  AC powered: false
  USB powered: false
  Wireless powered: false
  Max charging current: 0
  Max charging voltage: 0
  Charge counter: 4129554
  status: 3
  health: 2
  present: true
  level: 68
  scale: 100
  voltage: 3789
  temperature: 275
  technology: Li-ion
Current Battery Service state:
  AC powered: false
  USB powered: false
  Wireless powered: false
  Max charging current: 0
  Max charging voltage: 0
  Charge counter: 4129554
  status: 3
  health: 2
  present: true
  level: 68
  scale: 100
  voltage: 3789
  temperature: 275
  technology: Li-ion
Current Battery Service state:
  AC powered: false
  USB powered: false
  Wireless powered: false
  Max charging current: 0
  Max charging voltage: 0
  Charge counter: 4124696
  status: 3
  health: 2
  present: true
  level: 68
  scale: 100
  voltage: 3784
  temperature: 275
  technology: Li-ion
Current Battery Service state:
  AC powered: false
  USB powered: false
  Wireless powered: false
  Max charging current: 0
  Max charging voltage: 0
  Charge counter: 4124696
  status: 3
  health: 2
  present: true
  level: 68
  scale: 100
  voltage: 3784
  temperature: 275
  technology: Li-ion
Current Battery Service state:
  AC powered: false
  USB powered: false
  Wireless powered: false
  Max charging current: 0
  Max charging voltage: 0
  Charge counter: 4124696
  status: 3
  health: 2
  present: true
  level: 68
  scale: 100
  voltage: 3784
  temperature: 275
  technology: Li-ion
Current Battery Service state:
  AC powered: false
  USB powered: false
  Wireless powered: false
  Max charging current: 0
  Max charging voltage: 0
  Charge counter: 4124696
  status: 3
  health: 2
  present: true
  level: 68
  scale: 100
  voltage: 3784
  temperature: 275
  technology: Li-ion
Current Battery Service state:
  AC powered: false
  USB powered: false
  Wireless powered: false
  Max charging current: 0
  Max charging voltage: 0
  Charge counter: 4124696
  status: 3
  health: 2
  present: true
  level: 68
  scale: 100
  voltage: 3784
  temperature: 275
  technology: Li-ion
Current Battery Service state:
  AC powered: false
  USB powered: false
  Wireless powered: false
  Max charging current: 0
  Max charging voltage: 0
  Charge counter: 4124696
  status: 3
  health: 2
  present: true
  level: 68
  scale: 100
  voltage: 3784
  temperature: 275
  technology: Li-ion
Current Battery Service state:
  AC powered: false
  USB powered: false
  Wireless powered: false
  Max charging current: 0
  Max charging voltage: 0
  Charge counter: 4124696
  status: 3
  health: 2
  present: true
  level: 68
  scale: 100
  voltage: 3784
  temperature: 275
  technology: Li-ion
Current Battery Service state:
  AC powered: false
  USB powered: false
  Wireless powered: false
  Max charging current: 0
  Max charging voltage: 0
  Charge counter: 4124696
  status: 3
  health: 2
  present: true
  level: 68
  scale: 100
  voltage: 3784
  temperature: 275
  technology: Li-ion
Current Battery Service state:
  AC powered: false
  USB powered: false
  Wireless powered: false
  Max charging current: 0
  Max charging voltage: 0
  Charge counter: 4124696
  status: 3
  health: 2
  present: true
  level: 68
  scale: 100
  voltage: 3784
  temperature: 275
  technology: Li-ion
Current Battery Service state:
  AC powered: false
  USB powered: false
  Wireless powered: false
  Max charging current: 0
  Max charging voltage: 0
  Charge counter: 4124696
  status: 3
  health: 2
  present: true
  level: 68
  scale: 100
  voltage: 3784
  temperature: 275
  technology: Li-ion
Current Battery Service state:
  AC powered: false
  USB powered: false
  Wireless powered: false
  Max charging current: 0
  Max charging voltage: 0
  Charge counter: 4118603
  status: 3
  health: 2
  present: true
  level: 68
  scale: 100
  voltage: 3786
  temperature: 275
  technology: Li-ion
Current Battery Service state:
  AC powered: false
  USB powered: false
  Wireless powered: false
  Max charging current: 0
  Max charging voltage: 0
  Charge counter: 4118603
  status: 3
  health: 2
  present: true
  level: 68
  scale: 100
  voltage: 3786
  temperature: 275
  technology: Li-ion
Current Battery Service state:
  AC powered: false
  USB powered: false
  Wireless powered: false
  Max charging current: 0
  Max charging voltage: 0
  Charge counter: 4118603
  status: 3
  health: 2
  present: true
  level: 68
  scale: 100
  voltage: 3786
  temperature: 275
  technology: Li-ion
Current Battery Service state:
  AC powered: false
  USB powered: false
  Wireless powered: false
  Max charging current: 0
  Max charging voltage: 0
  Charge counter: 4118603
  status: 3
  health: 2
  present: true
  level: 68
  scale: 100
  voltage: 3786
  temperature: 275
  technology: Li-ion
Current Battery Service state:
  AC powered: false
  USB powered: false
  Wireless powered: false
  Max charging current: 0
  Max charging voltage: 0
  Charge counter: 4118603
  status: 3
  health: 2
  present: true
  level: 68
  scale: 100
  voltage: 3786
  temperature: 275
  technology: Li-ion
Current Battery Service state:
  AC powered: false
  USB powered: false
  Wireless powered: false
  Max charging current: 0
  Max charging voltage: 0
  Charge counter: 4118603
  status: 3
  health: 2
  present: true
  level: 68
  scale: 100
  voltage: 3786
  temperature: 275
  technology: Li-ion
Current Battery Service state:
  AC powered: false
  USB powered: false
  Wireless powered: false
  Max charging current: 0
  Max charging voltage: 0
  Charge counter: 4118603
  status: 3
  health: 2
  present: true
  level: 68
  scale: 100
  voltage: 3786
  temperature: 275
  technology: Li-ion
Current Battery Service state:
  AC powered: false
  USB powered: false
  Wireless powered: false
  Max charging current: 0
  Max charging voltage: 0
  Charge counter: 4118603
  status: 3
  health: 2
  present: true
  level: 68
  scale: 100
  voltage: 3786
  temperature: 275
  technology: Li-ion
Current Battery Service state:
  AC powered: false
  USB powered: false
  Wireless powered: false
  Max charging current: 0
  Max charging voltage: 0
  Charge counter: 4118603
  status: 3
  health: 2
  present: true
  level: 68
  scale: 100
  voltage: 3786
  temperature: 275
  technology: Li-ion
Current Battery Service state:
  AC powered: false
  USB powered: false
  Wireless powered: false
  Max charging current: 0
  Max charging voltage: 0
  Charge counter: 4118603
  status: 3
  health: 2
  present: true
  level: 68
  scale: 100
  voltage: 3786
  temperature: 275
  technology: Li-ion
Current Battery Service state:
  AC powered: false
  USB powered: false
  Wireless powered: false
  Max charging current: 0
  Max charging voltage: 0
  Charge counter: 4112571
  status: 3
  health: 2
  present: true
  level: 68
  scale: 100
  voltage: 3782
  temperature: 277
  technology: Li-ion
Current Battery Service state:
  AC powered: false
  USB powered: false
  Wireless powered: false
  Max charging current: 0
  Max charging voltage: 0
  Charge counter: 4112571
  status: 3
  health: 2
  present: true
  level: 68
  scale: 100
  voltage: 3782
  temperature: 277
  technology: Li-ion
Current Battery Service state:
  AC powered: false
  USB powered: false
  Wireless powered: false
  Max charging current: 0
  Max charging voltage: 0
  Charge counter: 4112571
  status: 3
  health: 2
  present: true
  level: 68
  scale: 100
  voltage: 3782
  temperature: 277
  technology: Li-ion
Current Battery Service state:
  AC powered: false
  USB powered: false
  Wireless powered: false
  Max charging current: 0
  Max charging voltage: 0
  Charge counter: 4112571
  status: 3
  health: 2
  present: true
  level: 68
  scale: 100
  voltage: 3782
  temperature: 277
  technology: Li-ion
Current Battery Service state:
  AC powered: false
  USB powered: false
  Wireless powered: false
  Max charging current: 0
  Max charging voltage: 0
  Charge counter: 4112571
  status: 3
  health: 2
  present: true
  level: 68
  scale: 100
  voltage: 3782
  temperature: 277
  technology: Li-ion
Current Battery Service state:
  AC powered: false
  USB powered: false
  Wireless powered: false
  Max charging current: 0
  Max charging voltage: 0
  Charge counter: 4112571
  status: 3
  health: 2
  present: true
  level: 68
  scale: 100
  voltage: 3782
  temperature: 277
  technology: Li-ion
Current Battery Service state:
  AC powered: false
  USB powered: false
  Wireless powered: false
  Max charging current: 0
  Max charging voltage: 0
  Charge counter: 4112571
  status: 3
  health: 2
  present: true
  level: 68
  scale: 100
  voltage: 3782
  temperature: 277
  technology: Li-ion
Current Battery Service state:
  AC powered: false
  USB powered: false
  Wireless powered: false
  Max charging current: 0
  Max charging voltage: 0
  Charge counter: 4112571
  status: 3
  health: 2
  present: true
  level: 68
  scale: 100
  voltage: 3782
  temperature: 277
  technology: Li-ion
Current Battery Service state:
  AC powered: false
  USB powered: false
  Wireless powered: false
  Max charging current: 0
  Max charging voltage: 0
  Charge counter: 4112571
  status: 3
  health: 2
  present: true
  level: 68
  scale: 100
  voltage: 3782
  temperature: 277
  technology: Li-ion
Current Battery Service state:
  AC powered: false
  USB powered: false
  Wireless powered: false
  Max charging current: 0
  Max charging voltage: 0
  Charge counter: 4112571
  status: 3
  health: 2
  present: true
  level: 68
  scale: 100
  voltage: 3782
  temperature: 277
  technology: Li-ion
Current Battery Service state:
  AC powered: false
  USB powered: false
  Wireless powered: false
  Max charging current: 0
  Max charging voltage: 0
  Charge counter: 4106566
  status: 3
  health: 2
  present: true
  level: 68
  scale: 100
  voltage: 3782
  temperature: 275
  technology: Li-ion
Current Battery Service state:
  AC powered: false
  USB powered: false
  Wireless powered: false
  Max charging current: 0
  Max charging voltage: 0
  Charge counter: 4106566
  status: 3
  health: 2
  present: true
  level: 68
  scale: 100
  voltage: 3782
  temperature: 275
  technology: Li-ion
Current Battery Service state:
  AC powered: false
  USB powered: false
  Wireless powered: false
  Max charging current: 0
  Max charging voltage: 0
  Charge counter: 4106566
  status: 3
  health: 2
  present: true
  level: 68
  scale: 100
  voltage: 3782
  temperature: 275
  technology: Li-ion
Current Battery Service state:
  AC powered: false
  USB powered: false
  Wireless powered: false
  Max charging current: 0
  Max charging voltage: 0
  Charge counter: 4106566
  status: 3
  health: 2
  present: true
  level: 68
  scale: 100
  voltage: 3782
  temperature: 275
  technology: Li-ion
Current Battery Service state:
  AC powered: false
  USB powered: false
  Wireless powered: false
  Max charging current: 0
  Max charging voltage: 0
  Charge counter: 4106566
  status: 3
  health: 2
  present: true
  level: 68
  scale: 100
  voltage: 3782
  temperature: 275
  technology: Li-ion
Current Battery Service state:
  AC powered: false
  USB powered: false
  Wireless powered: false
  Max charging current: 0
  Max charging voltage: 0
  Charge counter: 4106566
  status: 3
  health: 2
  present: true
  level: 68
  scale: 100
  voltage: 3782
  temperature: 275
  technology: Li-ion
Current Battery Service state:
  AC powered: false
  USB powered: false
  Wireless powered: false
  Max charging current: 0
  Max charging voltage: 0
  Charge counter: 4106566
  status: 3
  health: 2
  present: true
  level: 68
  scale: 100
  voltage: 3782
  temperature: 275
  technology: Li-ion
Current Battery Service state:
  AC powered: false
  USB powered: false
  Wireless powered: false
  Max charging current: 0
  Max charging voltage: 0
  Charge counter: 4101893
  status: 3
  health: 2
  present: true
  level: 68
  scale: 100
  voltage: 3780
  temperature: 280
  technology: Li-ion
Current Battery Service state:
  AC powered: false
  USB powered: false
  Wireless powered: false
  Max charging current: 0
  Max charging voltage: 0
  Charge counter: 4101893
  status: 3
  health: 2
  present: true
  level: 68
  scale: 100
  voltage: 3780
  temperature: 280
  technology: Li-ion
Current Battery Service state:
  AC powered: false
  USB powered: false
  Wireless powered: false
  Max charging current: 0
  Max charging voltage: 0
  Charge counter: 4101893
  status: 3
  health: 2
  present: true
  level: 68
  scale: 100
  voltage: 3780
  temperature: 280
  technology: Li-ion
Current Battery Service state:
  AC powered: false
  USB powered: false
  Wireless powered: false
  Max charging current: 0
  Max charging voltage: 0
  Charge counter: 4100704
  status: 3
  health: 2
  present: true
  level: 68
  scale: 100
  voltage: 3783
  temperature: 280
  technology: Li-ion
Current Battery Service state:
  AC powered: false
  USB powered: false
  Wireless powered: false
  Max charging current: 0
  Max charging voltage: 0
  Charge counter: 4100704
  status: 3
  health: 2
  present: true
  level: 68
  scale: 100
  voltage: 3783
  temperature: 280
  technology: Li-ion
Current Battery Service state:
  AC powered: false
  USB powered: false
  Wireless powered: false
  Max charging current: 0
  Max charging voltage: 0
  Charge counter: 4100704
  status: 3
  health: 2
  present: true
  level: 68
  scale: 100
  voltage: 3783
  temperature: 280
  technology: Li-ion
Current Battery Service state:
  AC powered: false
  USB powered: false
  Wireless powered: false
  Max charging current: 0
  Max charging voltage: 0
  Charge counter: 4100704
  status: 3
  health: 2
  present: true
  level: 68
  scale: 100
  voltage: 3783
  temperature: 280
  technology: Li-ion
Current Battery Service state:
  AC powered: false
  USB powered: false
  Wireless powered: false
  Max charging current: 0
  Max charging voltage: 0
  Charge counter: 4100704
  status: 3
  health: 2
  present: true
  level: 68
  scale: 100
  voltage: 3783
  temperature: 280
  technology: Li-ion
Current Battery Service state:
  AC powered: false
  USB powered: false
  Wireless powered: false
  Max charging current: 0
  Max charging voltage: 0
  Charge counter: 4100704
  status: 3
  health: 2
  present: true
  level: 68
  scale: 100
  voltage: 3783
  temperature: 280
  technology: Li-ion
Current Battery Service state:
  AC powered: false
  USB powered: false
  Wireless powered: false
  Max charging current: 0
  Max charging voltage: 0
  Charge counter: 4100704
  status: 3
  health: 2
  present: true
  level: 68
  scale: 100
  voltage: 3783
  temperature: 280
  technology: Li-ion
Current Battery Service state:
  AC powered: false
  USB powered: false
  Wireless powered: false
  Max charging current: 0
  Max charging voltage: 0
  Charge counter: 4100704
  status: 3
  health: 2
  present: true
  level: 68
  scale: 100
  voltage: 3783
  temperature: 280
  technology: Li-ion
Current Battery Service state:
  AC powered: false
  USB powered: false
  Wireless powered: false
  Max charging current: 0
  Max charging voltage: 0
  Charge counter: 4100704
  status: 3
  health: 2
  present: true
  level: 68
  scale: 100
  voltage: 3783
  temperature: 280
  technology: Li-ion
Current Battery Service state:
  AC powered: false
  USB powered: false
  Wireless powered: false
  Max charging current: 0
  Max charging voltage: 0
  Charge counter: 4100704
  status: 3
  health: 2
  present: true
  level: 68
  scale: 100
  voltage: 3783
  temperature: 280
  technology: Li-ion
Current Battery Service state:
  AC powered: false
  USB powered: false
  Wireless powered: false
  Max charging current: 0
  Max charging voltage: 0
  Charge counter: 4094723
  status: 3
  health: 2
  present: true
  level: 68
  scale: 100
  voltage: 3780
  temperature: 277
  technology: Li-ion
Current Battery Service state:
  AC powered: false
  USB powered: false
  Wireless powered: false
  Max charging current: 0
  Max charging voltage: 0
  Charge counter: 4094723
  status: 3
  health: 2
  present: true
  level: 68
  scale: 100
  voltage: 3780
  temperature: 277
  technology: Li-ion
Current Battery Service state:
  AC powered: false
  USB powered: false
  Wireless powered: false
  Max charging current: 0
  Max charging voltage: 0
  Charge counter: 4094723
  status: 3
  health: 2
  present: true
  level: 68
  scale: 100
  voltage: 3780
  temperature: 277
  technology: Li-ion
Current Battery Service state:
  AC powered: false
  USB powered: false
  Wireless powered: false
  Max charging current: 0
  Max charging voltage: 0
  Charge counter: 4094723
  status: 3
  health: 2
  present: true
  level: 68
  scale: 100
  voltage: 3780
  temperature: 277
  technology: Li-ion
Current Battery Service state:
  AC powered: false
  USB powered: false
  Wireless powered: false
  Max charging current: 0
  Max charging voltage: 0
  Charge counter: 4094723
  status: 3
  health: 2
  present: true
  level: 68
  scale: 100
  voltage: 3780
  temperature: 277
  technology: Li-ion
Current Battery Service state:
  AC powered: false
  USB powered: false
  Wireless powered: false
  Max charging current: 0
  Max charging voltage: 0
  Charge counter: 4094723
  status: 3
  health: 2
  present: true
  level: 68
  scale: 100
  voltage: 3780
  temperature: 277
  technology: Li-ion
Current Battery Service state:
  AC powered: false
  USB powered: false
  Wireless powered: false
  Max charging current: 0
  Max charging voltage: 0
  Charge counter: 4094723
  status: 3
  health: 2
  present: true
  level: 68
  scale: 100
  voltage: 3780
  temperature: 277
  technology: Li-ion
Current Battery Service state:
  AC powered: false
  USB powered: false
  Wireless powered: false
  Max charging current: 0
  Max charging voltage: 0
  Charge counter: 4094723
  status: 3
  health: 2
  present: true
  level: 68
  scale: 100
  voltage: 3780
  temperature: 277
  technology: Li-ion
Current Battery Service state:
  AC powered: false
  USB powered: false
  Wireless powered: false
  Max charging current: 0
  Max charging voltage: 0
  Charge counter: 4094723
  status: 3
  health: 2
  present: true
  level: 68
  scale: 100
  voltage: 3780
  temperature: 277
  technology: Li-ion
Current Battery Service state:
  AC powered: false
  USB powered: false
  Wireless powered: false
  Max charging current: 0
  Max charging voltage: 0
  Charge counter: 4094723
  status: 3
  health: 2
  present: true
  level: 68
  scale: 100
  voltage: 3780
  temperature: 277
  technology: Li-ion
Current Battery Service state:
  AC powered: false
  USB powered: false
  Wireless powered: false
  Max charging current: 0
  Max charging voltage: 0
  Charge counter: 4088745
  status: 3
  health: 2
  present: true
  level: 68
  scale: 100
  voltage: 3778
  temperature: 275
  technology: Li-ion
Current Battery Service state:
  AC powered: false
  USB powered: false
  Wireless powered: false
  Max charging current: 0
  Max charging voltage: 0
  Charge counter: 4088745
  status: 3
  health: 2
  present: true
  level: 68
  scale: 100
  voltage: 3778
  temperature: 275
  technology: Li-ion
Current Battery Service state:
  AC powered: false
  USB powered: false
  Wireless powered: false
  Max charging current: 0
  Max charging voltage: 0
  Charge counter: 4088745
  status: 3
  health: 2
  present: true
  level: 68
  scale: 100
  voltage: 3778
  temperature: 275
  technology: Li-ion
Current Battery Service state:
  AC powered: false
  USB powered: false
  Wireless powered: false
  Max charging current: 0
  Max charging voltage: 0
  Charge counter: 4088745
  status: 3
  health: 2
  present: true
  level: 68
  scale: 100
  voltage: 3778
  temperature: 275
  technology: Li-ion
Current Battery Service state:
  AC powered: false
  USB powered: false
  Wireless powered: false
  Max charging current: 0
  Max charging voltage: 0
  Charge counter: 4088745
  status: 3
  health: 2
  present: true
  level: 68
  scale: 100
  voltage: 3778
  temperature: 275
  technology: Li-ion
Current Battery Service state:
  AC powered: false
  USB powered: false
  Wireless powered: false
  Max charging current: 0
  Max charging voltage: 0
  Charge counter: 4088745
  status: 3
  health: 2
  present: true
  level: 68
  scale: 100
  voltage: 3778
  temperature: 275
  technology: Li-ion
Current Battery Service state:
  AC powered: false
  USB powered: false
  Wireless powered: false
  Max charging current: 0
  Max charging voltage: 0
  Charge counter: 4088745
  status: 3
  health: 2
  present: true
  level: 68
  scale: 100
  voltage: 3778
  temperature: 275
  technology: Li-ion
Current Battery Service state:
  AC powered: false
  USB powered: false
  Wireless powered: false
  Max charging current: 0
  Max charging voltage: 0
  Charge counter: 4088745
  status: 3
  health: 2
  present: true
  level: 68
  scale: 100
  voltage: 3778
  temperature: 275
  technology: Li-ion
Current Battery Service state:
  AC powered: false
  USB powered: false
  Wireless powered: false
  Max charging current: 0
  Max charging voltage: 0
  Charge counter: 4088745
  status: 3
  health: 2
  present: true
  level: 68
  scale: 100
  voltage: 3778
  temperature: 275
  technology: Li-ion
Current Battery Service state:
  AC powered: false
  USB powered: false
  Wireless powered: false
  Max charging current: 0
  Max charging voltage: 0
  Charge counter: 4088745
  status: 3
  health: 2
  present: true
  level: 68
  scale: 100
  voltage: 3778
  temperature: 275
  technology: Li-ion
Current Battery Service state:
  AC powered: false
  USB powered: false
  Wireless powered: false
  Max charging current: 0
  Max charging voltage: 0
  Charge counter: 4082174
  status: 3
  health: 2
  present: true
  level: 68
  scale: 100
  voltage: 3772
  temperature: 277
  technology: Li-ion
Current Battery Service state:
  AC powered: false
  USB powered: false
  Wireless powered: false
  Max charging current: 0
  Max charging voltage: 0
  Charge counter: 4082174
  status: 3
  health: 2
  present: true
  level: 68
  scale: 100
  voltage: 3772
  temperature: 277
  technology: Li-ion
Current Battery Service state:
  AC powered: false
  USB powered: false
  Wireless powered: false
  Max charging current: 0
  Max charging voltage: 0
  Charge counter: 4082174
  status: 3
  health: 2
  present: true
  level: 68
  scale: 100
  voltage: 3772
  temperature: 277
  technology: Li-ion
Current Battery Service state:
  AC powered: false
  USB powered: false
  Wireless powered: false
  Max charging current: 0
  Max charging voltage: 0
  Charge counter: 4082174
  status: 3
  health: 2
  present: true
  level: 68
  scale: 100
  voltage: 3772
  temperature: 277
  technology: Li-ion
Current Battery Service state:
  AC powered: false
  USB powered: false
  Wireless powered: false
  Max charging current: 0
  Max charging voltage: 0
  Charge counter: 4082174
  status: 3
  health: 2
  present: true
  level: 68
  scale: 100
  voltage: 3772
  temperature: 277
  technology: Li-ion
Current Battery Service state:
  AC powered: false
  USB powered: false
  Wireless powered: false
  Max charging current: 0
  Max charging voltage: 0
  Charge counter: 4082174
  status: 3
  health: 2
  present: true
  level: 68
  scale: 100
  voltage: 3772
  temperature: 277
  technology: Li-ion
Current Battery Service state:
  AC powered: false
  USB powered: false
  Wireless powered: false
  Max charging current: 0
  Max charging voltage: 0
  Charge counter: 4082174
  status: 3
  health: 2
  present: true
  level: 68
  scale: 100
  voltage: 3772
  temperature: 277
  technology: Li-ion
Current Battery Service state:
  AC powered: false
  USB powered: false
  Wireless powered: false
  Max charging current: 0
  Max charging voltage: 0
  Charge counter: 4082174
  status: 3
  health: 2
  present: true
  level: 68
  scale: 100
  voltage: 3772
  temperature: 277
  technology: Li-ion
Current Battery Service state:
  AC powered: false
  USB powered: false
  Wireless powered: false
  Max charging current: 0
  Max charging voltage: 0
  Charge counter: 4082174
  status: 3
  health: 2
  present: true
  level: 68
  scale: 100
  voltage: 3772
  temperature: 277
  technology: Li-ion
Current Battery Service state:
  AC powered: false
  USB powered: false
  Wireless powered: false
  Max charging current: 0
  Max charging voltage: 0
  Charge counter: 4082174
  status: 3
  health: 2
  present: true
  level: 68
  scale: 100
  voltage: 3772
  temperature: 277
  technology: Li-ion
Current Battery Service state:
  AC powered: false
  USB powered: false
  Wireless powered: false
  Max charging current: 0
  Max charging voltage: 0
  Charge counter: 4076218
  status: 3
  health: 2
  present: true
  level: 67
  scale: 100
  voltage: 3775
  temperature: 277
  technology: Li-ion
Current Battery Service state:
  AC powered: false
  USB powered: false
  Wireless powered: false
  Max charging current: 0
  Max charging voltage: 0
  Charge counter: 4076218
  status: 3
  health: 2
  present: true
  level: 67
  scale: 100
  voltage: 3775
  temperature: 277
  technology: Li-ion
Current Battery Service state:
  AC powered: false
  USB powered: false
  Wireless powered: false
  Max charging current: 0
  Max charging voltage: 0
  Charge counter: 4076218
  status: 3
  health: 2
  present: true
  level: 67
  scale: 100
  voltage: 3775
  temperature: 277
  technology: Li-ion
Current Battery Service state:
  AC powered: false
  USB powered: false
  Wireless powered: false
  Max charging current: 0
  Max charging voltage: 0
  Charge counter: 4076218
  status: 3
  health: 2
  present: true
  level: 67
  scale: 100
  voltage: 3775
  temperature: 277
  technology: Li-ion
Current Battery Service state:
  AC powered: false
  USB powered: false
  Wireless powered: false
  Max charging current: 0
  Max charging voltage: 0
  Charge counter: 4074231
  status: 3
  health: 2
  present: true
  level: 67
  scale: 100
  voltage: 3777
  temperature: 277
  technology: Li-ion
Current Battery Service state:
  AC powered: false
  USB powered: false
  Wireless powered: false
  Max charging current: 0
  Max charging voltage: 0
  Charge counter: 4074231
  status: 3
  health: 2
  present: true
  level: 67
  scale: 100
  voltage: 3777
  temperature: 277
  technology: Li-ion
Current Battery Service state:
  AC powered: false
  USB powered: false
  Wireless powered: false
  Max charging current: 0
  Max charging voltage: 0
  Charge counter: 4074231
  status: 3
  health: 2
  present: true
  level: 67
  scale: 100
  voltage: 3777
  temperature: 277
  technology: Li-ion
Current Battery Service state:
  AC powered: false
  USB powered: false
  Wireless powered: false
  Max charging current: 0
  Max charging voltage: 0
  Charge counter: 4074231
  status: 3
  health: 2
  present: true
  level: 67
  scale: 100
  voltage: 3777
  temperature: 277
  technology: Li-ion
Current Battery Service state:
  AC powered: false
  USB powered: false
  Wireless powered: false
  Max charging current: 0
  Max charging voltage: 0
  Charge counter: 4074231
  status: 3
  health: 2
  present: true
  level: 67
  scale: 100
  voltage: 3777
  temperature: 277
  technology: Li-ion
Current Battery Service state:
  AC powered: false
  USB powered: false
  Wireless powered: false
  Max charging current: 0
  Max charging voltage: 0
  Charge counter: 4074231
  status: 3
  health: 2
  present: true
  level: 67
  scale: 100
  voltage: 3777
  temperature: 277
  technology: Li-ion
Current Battery Service state:
  AC powered: false
  USB powered: false
  Wireless powered: false
  Max charging current: 0
  Max charging voltage: 0
  Charge counter: 4070660
  status: 3
  health: 2
  present: true
  level: 67
  scale: 100
  voltage: 3777
  temperature: 280
  technology: Li-ion
Current Battery Service state:
  AC powered: false
  USB powered: false
  Wireless powered: false
  Max charging current: 0
  Max charging voltage: 0
  Charge counter: 4070660
  status: 3
  health: 2
  present: true
  level: 67
  scale: 100
  voltage: 3777
  temperature: 280
  technology: Li-ion
Current Battery Service state:
  AC powered: false
  USB powered: false
  Wireless powered: false
  Max charging current: 0
  Max charging voltage: 0
  Charge counter: 4070660
  status: 3
  health: 2
  present: true
  level: 67
  scale: 100
  voltage: 3777
  temperature: 280
  technology: Li-ion
Current Battery Service state:
  AC powered: false
  USB powered: false
  Wireless powered: false
  Max charging current: 0
  Max charging voltage: 0
  Charge counter: 4070660
  status: 3
  health: 2
  present: true
  level: 67
  scale: 100
  voltage: 3777
  temperature: 280
  technology: Li-ion
Current Battery Service state:
  AC powered: false
  USB powered: false
  Wireless powered: false
  Max charging current: 0
  Max charging voltage: 0
  Charge counter: 4070660
  status: 3
  health: 2
  present: true
  level: 67
  scale: 100
  voltage: 3777
  temperature: 280
  technology: Li-ion
Current Battery Service state:
  AC powered: false
  USB powered: false
  Wireless powered: false
  Max charging current: 0
  Max charging voltage: 0
  Charge counter: 4070660
  status: 3
  health: 2
  present: true
  level: 67
  scale: 100
  voltage: 3777
  temperature: 280
  technology: Li-ion
Current Battery Service state:
  AC powered: false
  USB powered: false
  Wireless powered: false
  Max charging current: 0
  Max charging voltage: 0
  Charge counter: 4070660
  status: 3
  health: 2
  present: true
  level: 67
  scale: 100
  voltage: 3777
  temperature: 280
  technology: Li-ion
Current Battery Service state:
  AC powered: false
  USB powered: false
  Wireless powered: false
  Max charging current: 0
  Max charging voltage: 0
  Charge counter: 4070660
  status: 3
  health: 2
  present: true
  level: 67
  scale: 100
  voltage: 3777
  temperature: 280
  technology: Li-ion
Current Battery Service state:
  AC powered: false
  USB powered: false
  Wireless powered: false
  Max charging current: 0
  Max charging voltage: 0
  Charge counter: 4070660
  status: 3
  health: 2
  present: true
  level: 67
  scale: 100
  voltage: 3777
  temperature: 280
  technology: Li-ion
Current Battery Service state:
  AC powered: false
  USB powered: false
  Wireless powered: false
  Max charging current: 0
  Max charging voltage: 0
  Charge counter: 4070660
  status: 3
  health: 2
  present: true
  level: 67
  scale: 100
  voltage: 3777
  temperature: 280
  technology: Li-ion
Current Battery Service state:
  AC powered: false
  USB powered: false
  Wireless powered: false
  Max charging current: 0
  Max charging voltage: 0
  Charge counter: 4064742
  status: 3
  health: 2
  present: true
  level: 67
  scale: 100
  voltage: 3773
  temperature: 275
  technology: Li-ion
Current Battery Service state:
  AC powered: false
  USB powered: false
  Wireless powered: false
  Max charging current: 0
  Max charging voltage: 0
  Charge counter: 4064742
  status: 3
  health: 2
  present: true
  level: 67
  scale: 100
  voltage: 3773
  temperature: 275
  technology: Li-ion
Current Battery Service state:
  AC powered: false
  USB powered: false
  Wireless powered: false
  Max charging current: 0
  Max charging voltage: 0
  Charge counter: 4064742
  status: 3
  health: 2
  present: true
  level: 67
  scale: 100
  voltage: 3773
  temperature: 275
  technology: Li-ion
Current Battery Service state:
  AC powered: false
  USB powered: false
  Wireless powered: false
  Max charging current: 0
  Max charging voltage: 0
  Charge counter: 4064742
  status: 3
  health: 2
  present: true
  level: 67
  scale: 100
  voltage: 3773
  temperature: 275
  technology: Li-ion
Current Battery Service state:
  AC powered: false
  USB powered: false
  Wireless powered: false
  Max charging current: 0
  Max charging voltage: 0
  Charge counter: 4064742
  status: 3
  health: 2
  present: true
  level: 67
  scale: 100
  voltage: 3773
  temperature: 275
  technology: Li-ion
Current Battery Service state:
  AC powered: false
  USB powered: false
  Wireless powered: false
  Max charging current: 0
  Max charging voltage: 0
  Charge counter: 4064742
  status: 3
  health: 2
  present: true
  level: 67
  scale: 100
  voltage: 3773
  temperature: 275
  technology: Li-ion
Current Battery Service state:
  AC powered: false
  USB powered: false
  Wireless powered: false
  Max charging current: 0
  Max charging voltage: 0
  Charge counter: 4064742
  status: 3
  health: 2
  present: true
  level: 67
  scale: 100
  voltage: 3773
  temperature: 275
  technology: Li-ion
Current Battery Service state:
  AC powered: false
  USB powered: false
  Wireless powered: false
  Max charging current: 0
  Max charging voltage: 0
  Charge counter: 4064742
  status: 3
  health: 2
  present: true
  level: 67
  scale: 100
  voltage: 3773
  temperature: 275
  technology: Li-ion
Current Battery Service state:
  AC powered: false
  USB powered: false
  Wireless powered: false
  Max charging current: 0
  Max charging voltage: 0
  Charge counter: 4064742
  status: 3
  health: 2
  present: true
  level: 67
  scale: 100
  voltage: 3773
  temperature: 275
  technology: Li-ion
Current Battery Service state:
  AC powered: false
  USB powered: false
  Wireless powered: false
  Max charging current: 0
  Max charging voltage: 0
  Charge counter: 4064742
  status: 3
  health: 2
  present: true
  level: 67
  scale: 100
  voltage: 3773
  temperature: 275
  technology: Li-ion
Current Battery Service state:
  AC powered: false
  USB powered: false
  Wireless powered: false
  Max charging current: 0
  Max charging voltage: 0
  Charge counter: 4058790
  status: 3
  health: 2
  present: true
  level: 67
  scale: 100
  voltage: 3772
  temperature: 275
  technology: Li-ion
Current Battery Service state:
  AC powered: false
  USB powered: false
  Wireless powered: false
  Max charging current: 0
  Max charging voltage: 0
  Charge counter: 4058790
  status: 3
  health: 2
  present: true
  level: 67
  scale: 100
  voltage: 3772
  temperature: 275
  technology: Li-ion
Current Battery Service state:
  AC powered: false
  USB powered: false
  Wireless powered: false
  Max charging current: 0
  Max charging voltage: 0
  Charge counter: 4058790
  status: 3
  health: 2
  present: true
  level: 67
  scale: 100
  voltage: 3772
  temperature: 275
  technology: Li-ion
Current Battery Service state:
  AC powered: false
  USB powered: false
  Wireless powered: false
  Max charging current: 0
  Max charging voltage: 0
  Charge counter: 4058790
  status: 3
  health: 2
  present: true
  level: 67
  scale: 100
  voltage: 3772
  temperature: 275
  technology: Li-ion
Current Battery Service state:
  AC powered: false
  USB powered: false
  Wireless powered: false
  Max charging current: 0
  Max charging voltage: 0
  Charge counter: 4058790
  status: 3
  health: 2
  present: true
  level: 67
  scale: 100
  voltage: 3772
  temperature: 275
  technology: Li-ion
Current Battery Service state:
  AC powered: false
  USB powered: false
  Wireless powered: false
  Max charging current: 0
  Max charging voltage: 0
  Charge counter: 4058790
  status: 3
  health: 2
  present: true
  level: 67
  scale: 100
  voltage: 3772
  temperature: 275
  technology: Li-ion
Current Battery Service state:
  AC powered: false
  USB powered: false
  Wireless powered: false
  Max charging current: 0
  Max charging voltage: 0
  Charge counter: 4058790
  status: 3
  health: 2
  present: true
  level: 67
  scale: 100
  voltage: 3772
  temperature: 275
  technology: Li-ion
Current Battery Service state:
  AC powered: false
  USB powered: false
  Wireless powered: false
  Max charging current: 0
  Max charging voltage: 0
  Charge counter: 4058790
  status: 3
  health: 2
  present: true
  level: 67
  scale: 100
  voltage: 3772
  temperature: 275
  technology: Li-ion
Current Battery Service state:
  AC powered: false
  USB powered: false
  Wireless powered: false
  Max charging current: 0
  Max charging voltage: 0
  Charge counter: 4058790
  status: 3
  health: 2
  present: true
  level: 67
  scale: 100
  voltage: 3772
  temperature: 275
  technology: Li-ion
Current Battery Service state:
  AC powered: false
  USB powered: false
  Wireless powered: false
  Max charging current: 0
  Max charging voltage: 0
  Charge counter: 4054051
  status: 3
  health: 2
  present: true
  level: 67
  scale: 100
  voltage: 3770
  temperature: 275
  technology: Li-ion
Current Battery Service state:
  AC powered: false
  USB powered: false
  Wireless powered: false
  Max charging current: 0
  Max charging voltage: 0
  Charge counter: 4052865
  status: 3
  health: 2
  present: true
  level: 67
  scale: 100
  voltage: 3772
  temperature: 275
  technology: Li-ion
Current Battery Service state:
  AC powered: false
  USB powered: false
  Wireless powered: false
  Max charging current: 0
  Max charging voltage: 0
  Charge counter: 4052865
  status: 3
  health: 2
  present: true
  level: 67
  scale: 100
  voltage: 3772
  temperature: 275
  technology: Li-ion
Current Battery Service state:
  AC powered: false
  USB powered: false
  Wireless powered: false
  Max charging current: 0
  Max charging voltage: 0
  Charge counter: 4052865
  status: 3
  health: 2
  present: true
  level: 67
  scale: 100
  voltage: 3772
  temperature: 275
  technology: Li-ion
Current Battery Service state:
  AC powered: false
  USB powered: false
  Wireless powered: false
  Max charging current: 0
  Max charging voltage: 0
  Charge counter: 4052865
  status: 3
  health: 2
  present: true
  level: 67
  scale: 100
  voltage: 3772
  temperature: 275
  technology: Li-ion
Current Battery Service state:
  AC powered: false
  USB powered: false
  Wireless powered: false
  Max charging current: 0
  Max charging voltage: 0
  Charge counter: 4052865
  status: 3
  health: 2
  present: true
  level: 67
  scale: 100
  voltage: 3772
  temperature: 275
  technology: Li-ion
Current Battery Service state:
  AC powered: false
  USB powered: false
  Wireless powered: false
  Max charging current: 0
  Max charging voltage: 0
  Charge counter: 4052865
  status: 3
  health: 2
  present: true
  level: 67
  scale: 100
  voltage: 3772
  temperature: 275
  technology: Li-ion
Current Battery Service state:
  AC powered: false
  USB powered: false
  Wireless powered: false
  Max charging current: 0
  Max charging voltage: 0
  Charge counter: 4052865
  status: 3
  health: 2
  present: true
  level: 67
  scale: 100
  voltage: 3772
  temperature: 275
  technology: Li-ion
Current Battery Service state:
  AC powered: false
  USB powered: false
  Wireless powered: false
  Max charging current: 0
  Max charging voltage: 0
  Charge counter: 4052865
  status: 3
  health: 2
  present: true
  level: 67
  scale: 100
  voltage: 3772
  temperature: 275
  technology: Li-ion
Current Battery Service state:
  AC powered: false
  USB powered: false
  Wireless powered: false
  Max charging current: 0
  Max charging voltage: 0
  Charge counter: 4052865
  status: 3
  health: 2
  present: true
  level: 67
  scale: 100
  voltage: 3772
  temperature: 275
  technology: Li-ion
Current Battery Service state:
  AC powered: false
  USB powered: false
  Wireless powered: false
  Max charging current: 0
  Max charging voltage: 0
  Charge counter: 4052865
  status: 3
  health: 2
  present: true
  level: 67
  scale: 100
  voltage: 3772
  temperature: 275
  technology: Li-ion
Current Battery Service state:
  AC powered: false
  USB powered: false
  Wireless powered: false
  Max charging current: 0
  Max charging voltage: 0
  Charge counter: 4046936
  status: 3
  health: 2
  present: true
  level: 67
  scale: 100
  voltage: 3769
  temperature: 275
  technology: Li-ion
Current Battery Service state:
  AC powered: false
  USB powered: false
  Wireless powered: false
  Max charging current: 0
  Max charging voltage: 0
  Charge counter: 4045955
  status: 3
  health: 2
  present: true
  level: 67
  scale: 100
  voltage: 3766
  temperature: 275
  technology: Li-ion
Current Battery Service state:
  AC powered: false
  USB powered: false
  Wireless powered: false
  Max charging current: 0
  Max charging voltage: 0
  Charge counter: 4045955
  status: 3
  health: 2
  present: true
  level: 67
  scale: 100
  voltage: 3766
  temperature: 275
  technology: Li-ion
Current Battery Service state:
  AC powered: false
  USB powered: false
  Wireless powered: false
  Max charging current: 0
  Max charging voltage: 0
  Charge counter: 4045955
  status: 3
  health: 2
  present: true
  level: 67
  scale: 100
  voltage: 3766
  temperature: 275
  technology: Li-ion
Current Battery Service state:
  AC powered: false
  USB powered: false
  Wireless powered: false
  Max charging current: 0
  Max charging voltage: 0
  Charge counter: 4045955
  status: 3
  health: 2
  present: true
  level: 67
  scale: 100
  voltage: 3766
  temperature: 275
  technology: Li-ion
Current Battery Service state:
  AC powered: false
  USB powered: false
  Wireless powered: false
  Max charging current: 0
  Max charging voltage: 0
  Charge counter: 4045955
  status: 3
  health: 2
  present: true
  level: 67
  scale: 100
  voltage: 3766
  temperature: 275
  technology: Li-ion
Current Battery Service state:
  AC powered: false
  USB powered: false
  Wireless powered: false
  Max charging current: 0
  Max charging voltage: 0
  Charge counter: 4045955
  status: 3
  health: 2
  present: true
  level: 67
  scale: 100
  voltage: 3766
  temperature: 275
  technology: Li-ion
Current Battery Service state:
  AC powered: false
  USB powered: false
  Wireless powered: false
  Max charging current: 0
  Max charging voltage: 0
  Charge counter: 4045955
  status: 3
  health: 2
  present: true
  level: 67
  scale: 100
  voltage: 3766
  temperature: 275
  technology: Li-ion
Current Battery Service state:
  AC powered: false
  USB powered: false
  Wireless powered: false
  Max charging current: 0
  Max charging voltage: 0
  Charge counter: 4045955
  status: 3
  health: 2
  present: true
  level: 67
  scale: 100
  voltage: 3766
  temperature: 275
  technology: Li-ion
Current Battery Service state:
  AC powered: false
  USB powered: false
  Wireless powered: false
  Max charging current: 0
  Max charging voltage: 0
  Charge counter: 4045955
  status: 3
  health: 2
  present: true
  level: 67
  scale: 100
  voltage: 3766
  temperature: 275
  technology: Li-ion
Current Battery Service state:
  AC powered: false
  USB powered: false
  Wireless powered: false
  Max charging current: 0
  Max charging voltage: 0
  Charge counter: 4040697
  status: 3
  health: 2
  present: true
  level: 67
  scale: 100
  voltage: 3786
  temperature: 277
  technology: Li-ion
Current Battery Service state:
  AC powered: false
  USB powered: false
  Wireless powered: false
  Max charging current: 0
  Max charging voltage: 0
  Charge counter: 4040697
  status: 3
  health: 2
  present: true
  level: 67
  scale: 100
  voltage: 3786
  temperature: 277
  technology: Li-ion
Current Battery Service state:
  AC powered: false
  USB powered: false
  Wireless powered: false
  Max charging current: 0
  Max charging voltage: 0
  Charge counter: 4040697
  status: 3
  health: 2
  present: true
  level: 67
  scale: 100
  voltage: 3786
  temperature: 277
  technology: Li-ion
Current Battery Service state:
  AC powered: false
  USB powered: false
  Wireless powered: false
  Max charging current: 0
  Max charging voltage: 0
  Charge counter: 4040697
  status: 3
  health: 2
  present: true
  level: 67
  scale: 100
  voltage: 3786
  temperature: 277
  technology: Li-ion
Current Battery Service state:
  AC powered: false
  USB powered: false
  Wireless powered: false
  Max charging current: 0
  Max charging voltage: 0
  Charge counter: 4040697
  status: 3
  health: 2
  present: true
  level: 67
  scale: 100
  voltage: 3786
  temperature: 277
  technology: Li-ion
Current Battery Service state:
  AC powered: false
  USB powered: false
  Wireless powered: false
  Max charging current: 0
  Max charging voltage: 0
  Charge counter: 4040697
  status: 3
  health: 2
  present: true
  level: 67
  scale: 100
  voltage: 3786
  temperature: 277
  technology: Li-ion
Current Battery Service state:
  AC powered: false
  USB powered: false
  Wireless powered: false
  Max charging current: 0
  Max charging voltage: 0
  Charge counter: 4040697
  status: 3
  health: 2
  present: true
  level: 67
  scale: 100
  voltage: 3786
  temperature: 277
  technology: Li-ion
Current Battery Service state:
  AC powered: false
  USB powered: false
  Wireless powered: false
  Max charging current: 0
  Max charging voltage: 0
  Charge counter: 4040697
  status: 3
  health: 2
  present: true
  level: 67
  scale: 100
  voltage: 3786
  temperature: 277
  technology: Li-ion
Current Battery Service state:
  AC powered: false
  USB powered: false
  Wireless powered: false
  Max charging current: 0
  Max charging voltage: 0
  Charge counter: 4040697
  status: 3
  health: 2
  present: true
  level: 67
  scale: 100
  voltage: 3786
  temperature: 277
  technology: Li-ion
Current Battery Service state:
  AC powered: false
  USB powered: false
  Wireless powered: false
  Max charging current: 0
  Max charging voltage: 0
  Charge counter: 4040697
  status: 3
  health: 2
  present: true
  level: 67
  scale: 100
  voltage: 3786
  temperature: 277
  technology: Li-ion
Current Battery Service state:
  AC powered: false
  USB powered: false
  Wireless powered: false
  Max charging current: 0
  Max charging voltage: 0
  Charge counter: 4034854
  status: 3
  health: 2
  present: true
  level: 67
  scale: 100
  voltage: 3770
  temperature: 275
  technology: Li-ion
Current Battery Service state:
  AC powered: false
  USB powered: false
  Wireless powered: false
  Max charging current: 0
  Max charging voltage: 0
  Charge counter: 4034854
  status: 3
  health: 2
  present: true
  level: 67
  scale: 100
  voltage: 3770
  temperature: 275
  technology: Li-ion
