02-28 15:47:36.943  5384  5384 I BatteryMgr:DataCollectionService: onStartCommand: begin
02-28 15:47:36.944  5384  5384 I BatteryMgr:DataCollectionService: onStartCommand: sampleRate => 1000
02-28 15:47:36.944  5384  5384 I BatteryMgr:DataCollectionService: onStartCommand: rawFields => Timestamp,BATTERY_PROPERTY_CURRENT_NOW,EXTRA_VOLTAGE
02-28 15:47:36.945  5384  5384 I BatteryMgr:DataCollectionService: onStartCommand: notification done
02-28 15:47:36.948  5384  5384 I BatteryMgr:DataCollectionService: started foreground
02-28 15:47:36.951  5384  5826 I BatteryMgr:DataCollectionService: collectData: begin
02-28 15:47:36.953  5384  5826 I BatteryMgr:DataCollectionService: stats => 1709131656953,-1916991,3817
02-28 15:47:37.956  5384  5826 I BatteryMgr:DataCollectionService: stats => 1709131657956,-1915038,3817
02-28 15:47:38.960  5384  5826 I BatteryMgr:DataCollectionService: stats => 1709131658960,-1933592,3817
02-28 15:47:39.963  5384  5826 I BatteryMgr:DataCollectionService: stats => 1709131659963,-1595214,3817
02-28 15:47:40.966  5384  5826 I BatteryMgr:DataCollectionService: stats => 1709131660966,-1619139,3817
02-28 15:47:41.971  5384  5826 I BatteryMgr:DataCollectionService: stats => 1709131661971,-1615721,3817
02-28 15:47:42.974  5384  5826 I BatteryMgr:DataCollectionService: stats => 1709131662974,-1586424,3817
02-28 15:47:43.977  5384  5826 I BatteryMgr:DataCollectionService: stats => 1709131663977,-1434569,3817
02-28 15:47:44.981  5384  5826 I BatteryMgr:DataCollectionService: stats => 1709131664980,-1440917,3817
02-28 15:47:45.985  5384  5826 I BatteryMgr:DataCollectionService: stats => 1709131665985,-1824706,3823
02-28 15:47:46.988  5384  5826 I BatteryMgr:DataCollectionService: stats => 1709131666988,-2056151,3823
02-28 15:47:47.992  5384  5826 I BatteryMgr:DataCollectionService: stats => 1709131667991,-2062498,3823
02-28 15:47:48.995  5384  5826 I BatteryMgr:DataCollectionService: stats => 1709131668995,-1914549,3823
02-28 15:47:49.999  5384  5826 I BatteryMgr:DataCollectionService: stats => 1709131669999,-1547850,3823
02-28 15:47:51.003  5384  5826 I BatteryMgr:DataCollectionService: stats => 1709131671003,-2024413,3823
02-28 15:47:52.006  5384  5826 I BatteryMgr:DataCollectionService: stats => 1709131672006,-1966307,3823
02-28 15:47:53.012  5384  5826 I BatteryMgr:DataCollectionService: stats => 1709131673012,-2063475,3823
02-28 15:47:54.016  5384  5826 I BatteryMgr:DataCollectionService: stats => 1709131674016,-2073241,3823
02-28 15:47:55.022  5384  5826 I BatteryMgr:DataCollectionService: stats => 1709131675022,-1963866,3823
02-28 15:47:56.026  5384  5826 I BatteryMgr:DataCollectionService: stats => 1709131676026,-2107420,3805
02-28 15:47:57.029  5384  5826 I BatteryMgr:DataCollectionService: stats => 1709131677029,-2089354,3805
02-28 15:47:58.032  5384  5826 I BatteryMgr:DataCollectionService: stats => 1709131678032,-1958006,3805
02-28 15:47:59.036  5384  5826 I BatteryMgr:DataCollectionService: stats => 1709131679036,-2048827,3805
02-28 15:48:00.040  5384  5826 I BatteryMgr:DataCollectionService: stats => 1709131680040,-2164061,3805
02-28 15:48:01.044  5384  5826 I BatteryMgr:DataCollectionService: stats => 1709131681044,-2094725,3805
02-28 15:48:02.047  5384  5826 I BatteryMgr:DataCollectionService: stats => 1709131682047,-2099120,3805
02-28 15:48:03.050  5384  5826 I BatteryMgr:DataCollectionService: stats => 1709131683050,-2063475,3805
02-28 15:48:04.055  5384  5826 I BatteryMgr:DataCollectionService: stats => 1709131684055,-1985350,3805
02-28 15:48:05.058  5384  5826 I BatteryMgr:DataCollectionService: stats => 1709131685058,-2045897,3805
02-28 15:48:06.062  5384  5826 I BatteryMgr:DataCollectionService: stats => 1709131686062,-2036131,3805
02-28 15:48:07.066  5384  5826 I BatteryMgr:DataCollectionService: stats => 1709131687065,-1930174,3805
02-28 15:48:08.069  5384  5826 I BatteryMgr:DataCollectionService: stats => 1709131688069,-2113280,3805
02-28 15:48:09.073  5384  5826 I BatteryMgr:DataCollectionService: stats => 1709131689073,-2068358,3805
02-28 15:48:10.076  5384  5826 I BatteryMgr:DataCollectionService: stats => 1709131690076,-1934081,3805
02-28 15:48:11.080  5384  5826 I BatteryMgr:DataCollectionService: stats => 1709131691080,-1941405,3809
02-28 15:48:12.083  5384  5826 I BatteryMgr:DataCollectionService: stats => 1709131692083,-2050780,3809
02-28 15:48:13.087  5384  5826 I BatteryMgr:DataCollectionService: stats => 1709131693087,-1934569,3809
02-28 15:48:14.091  5384  5826 I BatteryMgr:DataCollectionService: stats => 1709131694091,-2047850,3809
02-28 15:48:15.094  5384  5826 I BatteryMgr:DataCollectionService: stats => 1709131695094,-1910643,3809
02-28 15:48:16.098  5384  5826 I BatteryMgr:DataCollectionService: stats => 1709131696098,-1509276,3832
02-28 15:48:17.104  5384  5826 I BatteryMgr:DataCollectionService: stats => 1709131697104,-2088866,3832
02-28 15:48:18.107  5384  5826 I BatteryMgr:DataCollectionService: stats => 1709131698107,-2119627,3832
02-28 15:48:19.110  5384  5826 I BatteryMgr:DataCollectionService: stats => 1709131699110,-2109373,3832
02-28 15:48:20.115  5384  5826 I BatteryMgr:DataCollectionService: stats => 1709131700115,-2125975,3832
02-28 15:48:21.120  5384  5826 I BatteryMgr:DataCollectionService: stats => 1709131701120,-2104979,3832
02-28 15:48:22.123  5384  5826 I BatteryMgr:DataCollectionService: stats => 1709131702123,-2127928,3832
02-28 15:48:23.127  5384  5826 I BatteryMgr:DataCollectionService: stats => 1709131703127,-2145018,3832
02-28 15:48:24.131  5384  5826 I BatteryMgr:DataCollectionService: stats => 1709131704131,-2147459,3832
02-28 15:48:25.135  5384  5826 I BatteryMgr:DataCollectionService: stats => 1709131705135,-2087889,3832
02-28 15:48:26.139  5384  5826 I BatteryMgr:DataCollectionService: stats => 1709131706139,-2100096,3797
02-28 15:48:27.142  5384  5826 I BatteryMgr:DataCollectionService: stats => 1709131707142,-2105955,3797
02-28 15:48:28.146  5384  5826 I BatteryMgr:DataCollectionService: stats => 1709131708146,-2108397,3797
02-28 15:48:29.149  5384  5826 I BatteryMgr:DataCollectionService: stats => 1709131709149,-2123045,3797
02-28 15:48:30.154  5384  5826 I BatteryMgr:DataCollectionService: stats => 1709131710153,-2112303,3797
02-28 15:48:31.157  5384  5826 I BatteryMgr:DataCollectionService: stats => 1709131711157,-2120116,3797
02-28 15:48:32.162  5384  5826 I BatteryMgr:DataCollectionService: stats => 1709131712161,-2164549,3797
02-28 15:48:33.166  5384  5826 I BatteryMgr:DataCollectionService: stats => 1709131713166,-2220701,3797
02-28 15:48:34.171  5384  5826 I BatteryMgr:DataCollectionService: stats => 1709131714171,-2135252,3797
02-28 15:48:35.174  5384  5826 I BatteryMgr:DataCollectionService: stats => 1709131715174,-2163084,3797
02-28 15:48:36.177  5384  5826 I BatteryMgr:DataCollectionService: stats => 1709131716177,-2096190,3795
02-28 15:48:37.180  5384  5826 I BatteryMgr:DataCollectionService: stats => 1709131717180,-2113280,3795
02-28 15:48:38.184  5384  5826 I BatteryMgr:DataCollectionService: stats => 1709131718184,-2132323,3795
02-28 15:48:39.187  5384  5826 I BatteryMgr:DataCollectionService: stats => 1709131719187,-2123045,3795
02-28 15:48:40.191  5384  5826 I BatteryMgr:DataCollectionService: stats => 1709131720191,-2147459,3795
02-28 15:48:41.196  5384  5826 I BatteryMgr:DataCollectionService: stats => 1709131721196,-2169432,3795
02-28 15:48:42.200  5384  5826 I BatteryMgr:DataCollectionService: stats => 1709131722200,-2214842,3795
02-28 15:48:43.204  5384  5826 I BatteryMgr:DataCollectionService: stats => 1709131723204,-2149412,3795
02-28 15:48:44.208  5384  5826 I BatteryMgr:DataCollectionService: stats => 1709131724208,-2145994,3795
02-28 15:48:45.212  5384  5826 I BatteryMgr:DataCollectionService: stats => 1709131725211,-2155272,3795
02-28 15:48:46.215  5384  5826 I BatteryMgr:DataCollectionService: stats => 1709131726215,-2195311,3791
02-28 15:48:47.219  5384  5826 I BatteryMgr:DataCollectionService: stats => 1709131727219,-2169920,3791
02-28 15:48:48.223  5384  5826 I BatteryMgr:DataCollectionService: stats => 1709131728223,-2186522,3791
02-28 15:48:49.228  5384  5826 I BatteryMgr:DataCollectionService: stats => 1709131729228,-2213866,3791
02-28 15:48:50.233  5384  5826 I BatteryMgr:DataCollectionService: stats => 1709131730233,-2191405,3791
02-28 15:48:51.237  5384  5826 I BatteryMgr:DataCollectionService: stats => 1709131731237,-2159178,3791
02-28 15:48:52.241  5384  5826 I BatteryMgr:DataCollectionService: stats => 1709131732240,-2170897,3791
02-28 15:48:53.244  5384  5826 I BatteryMgr:DataCollectionService: stats => 1709131733244,-2157225,3791
02-28 15:48:54.248  5384  5826 I BatteryMgr:DataCollectionService: stats => 1709131734248,-2157225,3791
02-28 15:48:55.252  5384  5826 I BatteryMgr:DataCollectionService: stats => 1709131735252,-2157713,3791
02-28 15:48:56.258  5384  5826 I BatteryMgr:DataCollectionService: stats => 1709131736257,-2162108,3788
02-28 15:48:57.261  5384  5826 I BatteryMgr:DataCollectionService: stats => 1709131737261,-2149412,3789
02-28 15:48:58.265  5384  5826 I BatteryMgr:DataCollectionService: stats => 1709131738265,-2191405,3789
02-28 15:48:59.272  5384  5826 I BatteryMgr:DataCollectionService: stats => 1709131739272,-2170897,3789
02-28 15:49:00.275  5384  5826 I BatteryMgr:DataCollectionService: stats => 1709131740275,-2187498,3789
02-28 15:49:01.279  5384  5826 I BatteryMgr:DataCollectionService: stats => 1709131741279,-2198729,3789
02-28 15:49:02.284  5384  5826 I BatteryMgr:DataCollectionService: stats => 1709131742284,-2187010,3789
02-28 15:49:03.288  5384  5826 I BatteryMgr:DataCollectionService: stats => 1709131743288,-2180174,3789
02-28 15:49:04.293  5384  5826 I BatteryMgr:DataCollectionService: stats => 1709131744293,-2182616,3789
02-28 15:49:05.297  5384  5826 I BatteryMgr:DataCollectionService: stats => 1709131745297,-2196287,3789
02-28 15:49:06.301  5384  5826 I BatteryMgr:DataCollectionService: stats => 1709131746301,-2156737,3784
02-28 15:49:07.306  5384  5826 I BatteryMgr:DataCollectionService: stats => 1709131747306,-2208494,3784
02-28 15:49:08.311  5384  5826 I BatteryMgr:DataCollectionService: stats => 1709131748310,-2245604,3784
02-28 15:49:09.314  5384  5826 I BatteryMgr:DataCollectionService: stats => 1709131749314,-2176756,3784
02-28 15:49:10.320  5384  5826 I BatteryMgr:DataCollectionService: stats => 1709131750320,-2198729,3784
02-28 15:49:11.326  5384  5826 I BatteryMgr:DataCollectionService: stats => 1709131751326,-2273436,3784
02-28 15:49:12.329  5384  5826 I BatteryMgr:DataCollectionService: stats => 1709131752329,-2191893,3784
02-28 15:49:13.333  5384  5826 I BatteryMgr:DataCollectionService: stats => 1709131753333,-2169920,3784
02-28 15:49:14.336  5384  5826 I BatteryMgr:DataCollectionService: stats => 1709131754336,-2170897,3784
02-28 15:49:15.339  5384  5826 I BatteryMgr:DataCollectionService: stats => 1709131755339,-2147948,3784
02-28 15:49:16.343  5384  5826 I BatteryMgr:DataCollectionService: stats => 1709131756343,-2217284,3786
02-28 15:49:17.347  5384  5826 I BatteryMgr:DataCollectionService: stats => 1709131757347,-2212889,3786
02-28 15:49:18.351  5384  5826 I BatteryMgr:DataCollectionService: stats => 1709131758351,-2158690,3786
02-28 15:49:19.354  5384  5826 I BatteryMgr:DataCollectionService: stats => 1709131759354,-2176756,3786
02-28 15:49:20.358  5384  5826 I BatteryMgr:DataCollectionService: stats => 1709131760358,-2163573,3786
02-28 15:49:21.362  5384  5826 I BatteryMgr:DataCollectionService: stats => 1709131761362,-2157225,3786
02-28 15:49:22.366  5384  5826 I BatteryMgr:DataCollectionService: stats => 1709131762366,-2201170,3786
02-28 15:49:23.371  5384  5826 I BatteryMgr:DataCollectionService: stats => 1709131763371,-2128416,3786
02-28 15:49:24.376  5384  5826 I BatteryMgr:DataCollectionService: stats => 1709131764376,-2122069,3786
02-28 15:49:25.379  5384  5826 I BatteryMgr:DataCollectionService: stats => 1709131765379,-2186034,3786
02-28 15:49:26.383  5384  5826 I BatteryMgr:DataCollectionService: stats => 1709131766382,-2144041,3782
02-28 15:49:27.387  5384  5826 I BatteryMgr:DataCollectionService: stats => 1709131767387,-2127928,3782
02-28 15:49:28.390  5384  5826 I BatteryMgr:DataCollectionService: stats => 1709131768390,-2171385,3782
02-28 15:49:29.393  5384  5826 I BatteryMgr:DataCollectionService: stats => 1709131769393,-2158202,3782
02-28 15:49:30.397  5384  5826 I BatteryMgr:DataCollectionService: stats => 1709131770397,-2145018,3782
02-28 15:49:31.400  5384  5826 I BatteryMgr:DataCollectionService: stats => 1709131771400,-2187498,3782
02-28 15:49:32.403  5384  5826 I BatteryMgr:DataCollectionService: stats => 1709131772403,-2190428,3782
02-28 15:49:33.407  5384  5826 I BatteryMgr:DataCollectionService: stats => 1709131773407,-2164549,3782
02-28 15:49:34.410  5384  5826 I BatteryMgr:DataCollectionService: stats => 1709131774410,-2179686,3782
02-28 15:49:35.413  5384  5826 I BatteryMgr:DataCollectionService: stats => 1709131775413,-2156248,3782
02-28 15:49:36.417  5384  5826 I BatteryMgr:DataCollectionService: stats => 1709131776417,-2164549,3782
02-28 15:49:37.420  5384  5826 I BatteryMgr:DataCollectionService: stats => 1709131777420,-2189940,3782
02-28 15:49:38.423  5384  5826 I BatteryMgr:DataCollectionService: stats => 1709131778423,-2107420,3782
02-28 15:49:39.428  5384  5826 I BatteryMgr:DataCollectionService: stats => 1709131779428,-2125487,3782
02-28 15:49:40.431  5384  5826 I BatteryMgr:DataCollectionService: stats => 1709131780431,-2221678,3782
02-28 15:49:41.435  5384  5826 I BatteryMgr:DataCollectionService: stats => 1709131781435,-2234373,3782
02-28 15:49:42.439  5384  5826 I BatteryMgr:DataCollectionService: stats => 1709131782439,-2157225,3782
02-28 15:49:43.443  5384  5826 I BatteryMgr:DataCollectionService: stats => 1709131783443,-2172850,3780
02-28 15:49:44.447  5384  5826 I BatteryMgr:DataCollectionService: stats => 1709131784447,-2167479,3780
02-28 15:49:45.450  5384  5826 I BatteryMgr:DataCollectionService: stats => 1709131785450,-2113768,3780
02-28 15:49:46.455  5384  5826 I BatteryMgr:DataCollectionService: stats => 1709131786455,-2164061,3783
02-28 15:49:47.458  5384  5826 I BatteryMgr:DataCollectionService: stats => 1709131787458,-2166991,3783
02-28 15:49:48.461  5384  5826 I BatteryMgr:DataCollectionService: stats => 1709131788461,-2116698,3783
02-28 15:49:49.465  5384  5826 I BatteryMgr:DataCollectionService: stats => 1709131789465,-2171873,3783
02-28 15:49:50.470  5384  5826 I BatteryMgr:DataCollectionService: stats => 1709131790470,-2192869,3783
02-28 15:49:51.473  5384  5826 I BatteryMgr:DataCollectionService: stats => 1709131791473,-2115233,3783
02-28 15:49:52.476  5384  5826 I BatteryMgr:DataCollectionService: stats => 1709131792476,-2158202,3783
02-28 15:49:53.480  5384  5826 I BatteryMgr:DataCollectionService: stats => 1709131793480,-2176268,3783
02-28 15:49:54.484  5384  5826 I BatteryMgr:DataCollectionService: stats => 1709131794484,-2133299,3783
02-28 15:49:55.487  5384  5826 I BatteryMgr:DataCollectionService: stats => 1709131795486,-2141112,3783
02-28 15:49:56.490  5384  5826 I BatteryMgr:DataCollectionService: stats => 1709131796490,-2157225,3780
02-28 15:49:57.493  5384  5826 I BatteryMgr:DataCollectionService: stats => 1709131797493,-2140135,3780
02-28 15:49:58.497  5384  5826 I BatteryMgr:DataCollectionService: stats => 1709131798497,-2169432,3780
02-28 15:49:59.499  5384  5826 I BatteryMgr:DataCollectionService: stats => 1709131799499,-2187010,3780
02-28 15:50:00.504  5384  5826 I BatteryMgr:DataCollectionService: stats => 1709131800504,-2137694,3780
02-28 15:50:01.508  5384  5826 I BatteryMgr:DataCollectionService: stats => 1709131801508,-2169920,3780
02-28 15:50:02.512  5384  5826 I BatteryMgr:DataCollectionService: stats => 1709131802512,-2129393,3780
02-28 15:50:03.517  5384  5826 I BatteryMgr:DataCollectionService: stats => 1709131803517,-2141600,3780
02-28 15:50:04.521  5384  5826 I BatteryMgr:DataCollectionService: stats => 1709131804521,-2142577,3780
02-28 15:50:05.525  5384  5826 I BatteryMgr:DataCollectionService: stats => 1709131805524,-2153319,3780
02-28 15:50:06.528  5384  5826 I BatteryMgr:DataCollectionService: stats => 1709131806528,-2112791,3778
02-28 15:50:07.532  5384  5826 I BatteryMgr:DataCollectionService: stats => 1709131807532,-2213866,3778
02-28 15:50:08.536  5384  5826 I BatteryMgr:DataCollectionService: stats => 1709131808536,-2175291,3778
02-28 15:50:09.540  5384  5826 I BatteryMgr:DataCollectionService: stats => 1709131809540,-2150389,3778
02-28 15:50:10.544  5384  5826 I BatteryMgr:DataCollectionService: stats => 1709131810544,-2126952,3778
02-28 15:50:11.548  5384  5826 I BatteryMgr:DataCollectionService: stats => 1709131811548,-2117674,3778
02-28 15:50:12.552  5384  5826 I BatteryMgr:DataCollectionService: stats => 1709131812552,-2122069,3778
02-28 15:50:13.556  5384  5826 I BatteryMgr:DataCollectionService: stats => 1709131813556,-2154784,3778
02-28 15:50:14.562  5384  5826 I BatteryMgr:DataCollectionService: stats => 1709131814562,-2118651,3778
02-28 15:50:15.566  5384  5826 I BatteryMgr:DataCollectionService: stats => 1709131815565,-2127928,3778
02-28 15:50:16.569  5384  5826 I BatteryMgr:DataCollectionService: stats => 1709131816569,-2242674,3772
02-28 15:50:17.573  5384  5826 I BatteryMgr:DataCollectionService: stats => 1709131817573,-2175291,3772
02-28 15:50:18.576  5384  5826 I BatteryMgr:DataCollectionService: stats => 1709131818576,-2104491,3772
02-28 15:50:19.579  5384  5826 I BatteryMgr:DataCollectionService: stats => 1709131819579,-2166014,3772
02-28 15:50:20.584  5384  5826 I BatteryMgr:DataCollectionService: stats => 1709131820584,-2158690,3772
02-28 15:50:21.589  5384  5826 I BatteryMgr:DataCollectionService: stats => 1709131821589,-2093748,3772
02-28 15:50:22.592  5384  5826 I BatteryMgr:DataCollectionService: stats => 1709131822592,-2175291,3772
02-28 15:50:23.596  5384  5826 I BatteryMgr:DataCollectionService: stats => 1709131823596,-2166991,3772
02-28 15:50:24.600  5384  5826 I BatteryMgr:DataCollectionService: stats => 1709131824600,-2075194,3772
02-28 15:50:25.604  5384  5826 I BatteryMgr:DataCollectionService: stats => 1709131825604,-2187987,3772
02-28 15:50:26.607  5384  5826 I BatteryMgr:DataCollectionService: stats => 1709131826607,-2144041,3775
02-28 15:50:27.611  5384  5826 I BatteryMgr:DataCollectionService: stats => 1709131827611,-2083983,3775
02-28 15:50:28.614  5384  5826 I BatteryMgr:DataCollectionService: stats => 1709131828614,-2187498,3775
02-28 15:50:29.617  5384  5826 I BatteryMgr:DataCollectionService: stats => 1709131829617,-2162108,3775
02-28 15:50:30.620  5384  5826 I BatteryMgr:DataCollectionService: stats => 1709131830620,-2104002,3777
02-28 15:50:31.624  5384  5826 I BatteryMgr:DataCollectionService: stats => 1709131831624,-2153319,3777
02-28 15:50:32.629  5384  5826 I BatteryMgr:DataCollectionService: stats => 1709131832629,-2161131,3777
02-28 15:50:33.632  5384  5826 I BatteryMgr:DataCollectionService: stats => 1709131833632,-2117186,3777
02-28 15:50:34.637  5384  5826 I BatteryMgr:DataCollectionService: stats => 1709131834637,-2185057,3777
02-28 15:50:35.642  5384  5826 I BatteryMgr:DataCollectionService: stats => 1709131835642,-2152830,3777
02-28 15:50:36.645  5384  5826 I BatteryMgr:DataCollectionService: stats => 1709131836645,-2090819,3777
02-28 15:50:37.649  5384  5826 I BatteryMgr:DataCollectionService: stats => 1709131837649,-2126463,3777
02-28 15:50:38.653  5384  5826 I BatteryMgr:DataCollectionService: stats => 1709131838653,-2150877,3777
02-28 15:50:39.657  5384  5826 I BatteryMgr:DataCollectionService: stats => 1709131839657,-2080565,3777
02-28 15:50:40.660  5384  5826 I BatteryMgr:DataCollectionService: stats => 1709131840660,-2139647,3777
02-28 15:50:41.664  5384  5826 I BatteryMgr:DataCollectionService: stats => 1709131841664,-2163084,3777
02-28 15:50:42.669  5384  5826 I BatteryMgr:DataCollectionService: stats => 1709131842669,-2104491,3777
02-28 15:50:43.673  5384  5826 I BatteryMgr:DataCollectionService: stats => 1709131843673,-2146483,3777
02-28 15:50:44.680  5384  5826 I BatteryMgr:DataCollectionService: stats => 1709131844680,-2154784,3777
02-28 15:50:45.683  5384  5826 I BatteryMgr:DataCollectionService: stats => 1709131845683,-2091307,3777
02-28 15:50:46.687  5384  5826 I BatteryMgr:DataCollectionService: stats => 1709131846687,-2151366,3773
02-28 15:50:47.690  5384  5826 I BatteryMgr:DataCollectionService: stats => 1709131847690,-2206053,3773
02-28 15:50:48.694  5384  5826 I BatteryMgr:DataCollectionService: stats => 1709131848694,-2064452,3773
02-28 15:50:49.698  5384  5826 I BatteryMgr:DataCollectionService: stats => 1709131849698,-2163084,3773
02-28 15:50:50.703  5384  5826 I BatteryMgr:DataCollectionService: stats => 1709131850703,-2137694,3773
02-28 15:50:51.707  5384  5826 I BatteryMgr:DataCollectionService: stats => 1709131851707,-2156248,3773
02-28 15:50:52.711  5384  5826 I BatteryMgr:DataCollectionService: stats => 1709131852711,-2147948,3773
02-28 15:50:53.715  5384  5826 I BatteryMgr:DataCollectionService: stats => 1709131853715,-2133299,3773
02-28 15:50:54.720  5384  5826 I BatteryMgr:DataCollectionService: stats => 1709131854720,-2124022,3773
02-28 15:50:55.723  5384  5826 I BatteryMgr:DataCollectionService: stats => 1709131855723,-2164061,3773
02-28 15:50:56.727  5384  5826 I BatteryMgr:DataCollectionService: stats => 1709131856726,-2136717,3772
02-28 15:50:57.734  5384  5826 I BatteryMgr:DataCollectionService: stats => 1709131857733,-2086424,3772
02-28 15:50:58.738  5384  5826 I BatteryMgr:DataCollectionService: stats => 1709131858738,-2143553,3772
02-28 15:50:59.745  5384  5826 I BatteryMgr:DataCollectionService: stats => 1709131859745,-2144041,3772
02-28 15:51:00.754  5384  5826 I BatteryMgr:DataCollectionService: stats => 1709131860753,-2137694,3772
02-28 15:51:01.758  5384  5826 I BatteryMgr:DataCollectionService: stats => 1709131861757,-2153319,3772
02-28 15:51:02.762  5384  5826 I BatteryMgr:DataCollectionService: stats => 1709131862761,-2153319,3772
02-28 15:51:03.767  5384  5826 I BatteryMgr:DataCollectionService: stats => 1709131863767,-2098143,3772
02-28 15:51:04.781  5384  5826 I BatteryMgr:DataCollectionService: stats => 1709131864780,-2149901,3770
02-28 15:51:05.785  5384  5826 I BatteryMgr:DataCollectionService: stats => 1709131865784,-2166991,3770
02-28 15:51:06.791  5384  5826 I BatteryMgr:DataCollectionService: stats => 1709131866791,-2104979,3772
02-28 15:51:07.797  5384  5826 I BatteryMgr:DataCollectionService: stats => 1709131867797,-2160643,3772
02-28 15:51:08.801  5384  5826 I BatteryMgr:DataCollectionService: stats => 1709131868801,-2145506,3772
02-28 15:51:09.804  5384  5826 I BatteryMgr:DataCollectionService: stats => 1709131869804,-2127440,3772
02-28 15:51:10.808  5384  5826 I BatteryMgr:DataCollectionService: stats => 1709131870808,-2148924,3772
02-28 15:51:11.812  5384  5826 I BatteryMgr:DataCollectionService: stats => 1709131871812,-2155760,3772
02-28 15:51:12.815  5384  5826 I BatteryMgr:DataCollectionService: stats => 1709131872815,-2097655,3772
02-28 15:51:13.819  5384  5826 I BatteryMgr:DataCollectionService: stats => 1709131873819,-2142088,3772
02-28 15:51:14.823  5384  5826 I BatteryMgr:DataCollectionService: stats => 1709131874822,-2070799,3772
02-28 15:51:15.826  5384  5826 I BatteryMgr:DataCollectionService: stats => 1709131875826,-2132811,3772
02-28 15:51:16.835  5384  5826 I BatteryMgr:DataCollectionService: stats => 1709131876834,-2185545,3769
02-28 15:51:17.838  5384  5826 I BatteryMgr:DataCollectionService: stats => 1709131877838,-2131346,3766
02-28 15:51:18.841  5384  5826 I BatteryMgr:DataCollectionService: stats => 1709131878841,-2149901,3766
02-28 15:51:19.845  5384  5826 I BatteryMgr:DataCollectionService: stats => 1709131879845,-2187498,3766
02-28 15:51:20.849  5384  5826 I BatteryMgr:DataCollectionService: stats => 1709131880849,-2104979,3766
02-28 15:51:21.853  5384  5826 I BatteryMgr:DataCollectionService: stats => 1709131881852,-2165037,3766
02-28 15:51:22.857  5384  5826 I BatteryMgr:DataCollectionService: stats => 1709131882857,-2173338,3766
02-28 15:51:23.862  5384  5826 I BatteryMgr:DataCollectionService: stats => 1709131883862,-2112303,3766
02-28 15:51:24.867  5384  5826 I BatteryMgr:DataCollectionService: stats => 1709131884867,-2120116,3766
02-28 15:51:25.872  5384  5826 I BatteryMgr:DataCollectionService: stats => 1709131885871,-1791502,3766
02-28 15:51:26.881  5384  5826 I BatteryMgr:DataCollectionService: stats => 1709131886881,-2086424,3786
02-28 15:51:27.884  5384  5826 I BatteryMgr:DataCollectionService: stats => 1709131887884,-2106932,3786
02-28 15:51:28.888  5384  5826 I BatteryMgr:DataCollectionService: stats => 1709131888888,-2139159,3786
02-28 15:51:29.893  5384  5826 I BatteryMgr:DataCollectionService: stats => 1709131889893,-2079588,3786
02-28 15:51:30.897  5384  5826 I BatteryMgr:DataCollectionService: stats => 1709131890897,-2099120,3786
02-28 15:51:31.901  5384  5826 I BatteryMgr:DataCollectionService: stats => 1709131891901,-2145018,3786
02-28 15:51:32.905  5384  5826 I BatteryMgr:DataCollectionService: stats => 1709131892905,-2094237,3786
02-28 15:51:33.909  5384  5826 I BatteryMgr:DataCollectionService: stats => 1709131893909,-2083006,3786
02-28 15:51:34.913  5384  5826 I BatteryMgr:DataCollectionService: stats => 1709131894913,-2126952,3786
02-28 15:51:35.916  5384  5826 I BatteryMgr:DataCollectionService: stats => 1709131895916,-2082030,3786
02-28 15:51:36.920  5384  5826 I BatteryMgr:DataCollectionService: stats => 1709131896920,-2095213,3770
