01-16 16:02:33.034  3849  3849 I BatteryMgr:DataCollectionService: onStartCommand: begin
01-16 16:02:33.035  3849  3849 I BatteryMgr:DataCollectionService: onStartCommand: sampleRate => 1000
01-16 16:02:33.035  3849  3849 I BatteryMgr:DataCollectionService: onStartCommand: rawFields => Timestamp,BATTERY_PROPERTY_CURRENT_NOW,EXTRA_VOLTAGE
01-16 16:02:33.036  3849  3849 I BatteryMgr:DataCollectionService: onStartCommand: notification done
01-16 16:02:33.038  3849  3849 I BatteryMgr:DataCollectionService: started foreground
01-16 16:02:33.042  3849  3877 I BatteryMgr:DataCollectionService: collectData: begin
01-16 16:02:33.044  3849  3877 I BatteryMgr:DataCollectionService: stats => 1705417353044,-1873045,3992
01-16 16:02:34.057  3849  3877 I BatteryMgr:DataCollectionService: stats => 1705417354057,-1714354,3992
01-16 16:02:35.149  3849  3877 I BatteryMgr:DataCollectionService: stats => 1705417355148,-2195799,3992
01-16 16:02:36.167  3849  3877 I BatteryMgr:DataCollectionService: stats => 1705417356167,-2063475,3992
01-16 16:02:37.177  3849  3877 I BatteryMgr:DataCollectionService: stats => 1705417357177,-1884764,3992
01-16 16:02:38.183  3849  3877 I BatteryMgr:DataCollectionService: stats => 1705417358183,-1831542,3992
01-16 16:02:39.187  3849  3877 I BatteryMgr:DataCollectionService: stats => 1705417359187,-1731444,3989
01-16 16:02:40.194  3849  3877 I BatteryMgr:DataCollectionService: stats => 1705417360194,-1837401,3989
01-16 16:02:41.198  3849  3877 I BatteryMgr:DataCollectionService: stats => 1705417361198,-1987791,3989
01-16 16:02:42.204  3849  3877 I BatteryMgr:DataCollectionService: stats => 1705417362204,-1996581,3989
01-16 16:02:43.207  3849  3877 I BatteryMgr:DataCollectionService: stats => 1705417363207,-2109373,3989
01-16 16:02:44.211  3849  3877 I BatteryMgr:DataCollectionService: stats => 1705417364211,-1815917,3989
01-16 16:02:45.215  3849  3877 I BatteryMgr:DataCollectionService: stats => 1705417365215,-1921385,3989
01-16 16:02:46.220  3849  3877 I BatteryMgr:DataCollectionService: stats => 1705417366220,-2414549,3989
01-16 16:02:47.225  3849  3877 I BatteryMgr:DataCollectionService: stats => 1705417367225,-2087401,3951
01-16 16:02:48.229  3849  3877 I BatteryMgr:DataCollectionService: stats => 1705417368229,-1924315,3951
01-16 16:02:49.232  3849  3877 I BatteryMgr:DataCollectionService: stats => 1705417369232,-1887206,3983
01-16 16:02:50.238  3849  3877 I BatteryMgr:DataCollectionService: stats => 1705417370238,-1918944,3983
01-16 16:02:51.243  3849  3877 I BatteryMgr:DataCollectionService: stats => 1705417371243,-1868163,3983
01-16 16:02:52.251  3849  3877 I BatteryMgr:DataCollectionService: stats => 1705417372251,-1806639,3983
01-16 16:02:53.254  3849  3877 I BatteryMgr:DataCollectionService: stats => 1705417373254,-1847167,3983
01-16 16:02:54.259  3849  3877 I BatteryMgr:DataCollectionService: stats => 1705417374259,-1868163,3983
01-16 16:02:55.264  3849  3877 I BatteryMgr:DataCollectionService: stats => 1705417375264,-1895506,3983
01-16 16:02:56.270  3849  3877 I BatteryMgr:DataCollectionService: stats => 1705417376269,-1875487,3983
01-16 16:02:57.273  3849  3877 I BatteryMgr:DataCollectionService: stats => 1705417377273,-1881346,3983
01-16 16:02:58.276  3849  3877 I BatteryMgr:DataCollectionService: stats => 1705417378276,-1892577,3983
01-16 16:02:59.281  3849  3877 I BatteryMgr:DataCollectionService: stats => 1705417379281,-1865721,3982
01-16 16:03:00.285  3849  3877 I BatteryMgr:DataCollectionService: stats => 1705417380285,-1873045,3982
01-16 16:03:01.290  3849  3877 I BatteryMgr:DataCollectionService: stats => 1705417381290,-1817381,3982
01-16 16:03:02.294  3849  3877 I BatteryMgr:DataCollectionService: stats => 1705417382294,-1844237,3982
01-16 16:03:03.297  3849  3877 I BatteryMgr:DataCollectionService: stats => 1705417383297,-1801756,3982
01-16 16:03:04.301  3849  3877 I BatteryMgr:DataCollectionService: stats => 1705417384301,-1745604,3982
01-16 16:03:05.304  3849  3877 I BatteryMgr:DataCollectionService: stats => 1705417385304,-1760741,3982
01-16 16:03:06.308  3849  3877 I BatteryMgr:DataCollectionService: stats => 1705417386308,-1789549,3982
01-16 16:03:07.312  3849  3877 I BatteryMgr:DataCollectionService: stats => 1705417387312,-1774413,3982
01-16 16:03:08.317  3849  3877 I BatteryMgr:DataCollectionService: stats => 1705417388317,-1740721,3982
01-16 16:03:09.322  3849  3877 I BatteryMgr:DataCollectionService: stats => 1705417389322,-1729979,3990
01-16 16:03:10.325  3849  3877 I BatteryMgr:DataCollectionService: stats => 1705417390325,-1735838,3990
01-16 16:03:11.329  3849  3877 I BatteryMgr:DataCollectionService: stats => 1705417391329,-1726073,3990
01-16 16:03:12.332  3849  3877 I BatteryMgr:DataCollectionService: stats => 1705417392332,-1800780,3990
01-16 16:03:13.336  3849  3877 I BatteryMgr:DataCollectionService: stats => 1705417393336,-1811522,3990
01-16 16:03:14.341  3849  3877 I BatteryMgr:DataCollectionService: stats => 1705417394341,-1900389,3990
01-16 16:03:15.345  3849  3877 I BatteryMgr:DataCollectionService: stats => 1705417395345,-1856932,3983
01-16 16:03:16.350  3849  3877 I BatteryMgr:DataCollectionService: stats => 1705417396350,-2010741,3983
01-16 16:03:17.354  3849  3877 I BatteryMgr:DataCollectionService: stats => 1705417397354,-2114256,3983
01-16 16:03:18.359  3849  3877 I BatteryMgr:DataCollectionService: stats => 1705417398359,-1996092,3983
01-16 16:03:19.363  3849  3877 I BatteryMgr:DataCollectionService: stats => 1705417399363,-2016600,3971
01-16 16:03:20.367  3849  3877 I BatteryMgr:DataCollectionService: stats => 1705417400367,-1937499,3971
01-16 16:03:21.373  3849  3877 I BatteryMgr:DataCollectionService: stats => 1705417401373,-1809569,3971
01-16 16:03:22.377  3849  3877 I BatteryMgr:DataCollectionService: stats => 1705417402377,-1791991,3971
01-16 16:03:23.380  3849  3877 I BatteryMgr:DataCollectionService: stats => 1705417403380,-1861327,3971
01-16 16:03:24.384  3849  3877 I BatteryMgr:DataCollectionService: stats => 1705417404384,-1814452,3971
01-16 16:03:25.387  3849  3877 I BatteryMgr:DataCollectionService: stats => 1705417405387,-1801756,3971
01-16 16:03:26.391  3849  3877 I BatteryMgr:DataCollectionService: stats => 1705417406391,-1838377,3971
01-16 16:03:27.397  3849  3877 I BatteryMgr:DataCollectionService: stats => 1705417407397,-1799803,3971
01-16 16:03:28.402  3849  3877 I BatteryMgr:DataCollectionService: stats => 1705417408401,-1863280,3971
01-16 16:03:29.405  3849  3877 I BatteryMgr:DataCollectionService: stats => 1705417409405,-1830077,3980
01-16 16:03:30.409  3849  3877 I BatteryMgr:DataCollectionService: stats => 1705417410409,-1861815,3980
01-16 16:03:31.413  3849  3877 I BatteryMgr:DataCollectionService: stats => 1705417411413,-1840331,3980
01-16 16:03:32.416  3849  3877 I BatteryMgr:DataCollectionService: stats => 1705417412416,-1812987,3980
01-16 16:03:33.420  3849  3877 I BatteryMgr:DataCollectionService: stats => 1705417413420,-1827635,3980
01-16 16:03:34.424  3849  3877 I BatteryMgr:DataCollectionService: stats => 1705417414424,-1812010,3980
01-16 16:03:35.428  3849  3877 I BatteryMgr:DataCollectionService: stats => 1705417415428,-1853514,3980
01-16 16:03:36.432  3849  3877 I BatteryMgr:DataCollectionService: stats => 1705417416432,-1834959,3980
01-16 16:03:37.437  3849  3877 I BatteryMgr:DataCollectionService: stats => 1705417417436,-1836424,3980
01-16 16:03:38.443  3849  3877 I BatteryMgr:DataCollectionService: stats => 1705417418443,-1834471,3980
01-16 16:03:39.447  3849  3877 I BatteryMgr:DataCollectionService: stats => 1705417419447,-1802245,3981
01-16 16:03:40.452  3849  3877 I BatteryMgr:DataCollectionService: stats => 1705417420452,-1821776,3981
01-16 16:03:41.455  3849  3877 I BatteryMgr:DataCollectionService: stats => 1705417421455,-1794920,3981
01-16 16:03:42.459  3849  3877 I BatteryMgr:DataCollectionService: stats => 1705417422459,-1797362,3981
01-16 16:03:43.463  3849  3877 I BatteryMgr:DataCollectionService: stats => 1705417423463,-1811034,3981
01-16 16:03:44.466  3849  3877 I BatteryMgr:DataCollectionService: stats => 1705417424466,-1787596,3981
01-16 16:03:45.470  3849  3877 I BatteryMgr:DataCollectionService: stats => 1705417425470,-1768553,3981
01-16 16:03:46.475  3849  3877 I BatteryMgr:DataCollectionService: stats => 1705417426475,-1732420,3981
01-16 16:03:47.480  3849  3877 I BatteryMgr:DataCollectionService: stats => 1705417427480,-1911620,3981
01-16 16:03:48.486  3849  3877 I BatteryMgr:DataCollectionService: stats => 1705417428486,-1918456,3974
01-16 16:03:49.491  3849  3877 I BatteryMgr:DataCollectionService: stats => 1705417429491,-1919920,3974
01-16 16:03:50.499  3849  3877 I BatteryMgr:DataCollectionService: stats => 1705417430498,-2006834,3974
01-16 16:03:51.505  3849  3877 I BatteryMgr:DataCollectionService: stats => 1705417431505,-2144041,3974
01-16 16:03:52.509  3849  3877 I BatteryMgr:DataCollectionService: stats => 1705417432509,-2077635,3974
01-16 16:03:53.518  3849  3877 I BatteryMgr:DataCollectionService: stats => 1705417433518,-2056151,3974
01-16 16:03:54.527  3849  3877 I BatteryMgr:DataCollectionService: stats => 1705417434527,-1970213,3974
01-16 16:03:55.531  3849  3877 I BatteryMgr:DataCollectionService: stats => 1705417435531,-1969725,3974
01-16 16:03:56.537  3849  3877 I BatteryMgr:DataCollectionService: stats => 1705417436537,-2043455,3974
01-16 16:03:57.541  3849  3877 I BatteryMgr:DataCollectionService: stats => 1705417437541,-2032225,3974
01-16 16:03:58.545  3849  3877 I BatteryMgr:DataCollectionService: stats => 1705417438545,-1957518,3968
01-16 16:03:59.549  3849  3877 I BatteryMgr:DataCollectionService: stats => 1705417439549,-2031248,3968
01-16 16:04:00.555  3849  3877 I BatteryMgr:DataCollectionService: stats => 1705417440555,-1821776,3968
01-16 16:04:01.562  3849  3877 I BatteryMgr:DataCollectionService: stats => 1705417441562,-2037108,3968
01-16 16:04:02.565  3849  3877 I BatteryMgr:DataCollectionService: stats => 1705417442565,-1851561,3968
01-16 16:04:03.569  3849  3877 I BatteryMgr:DataCollectionService: stats => 1705417443569,-1922850,3968
01-16 16:04:04.574  3849  3877 I BatteryMgr:DataCollectionService: stats => 1705417444574,-1873045,3968
01-16 16:04:05.580  3849  3877 I BatteryMgr:DataCollectionService: stats => 1705417445580,-1834471,3975
01-16 16:04:06.584  3849  3877 I BatteryMgr:DataCollectionService: stats => 1705417446584,-1858397,3975
01-16 16:04:07.588  3849  3877 I BatteryMgr:DataCollectionService: stats => 1705417447587,-1829100,3975
01-16 16:04:08.592  3849  3877 I BatteryMgr:DataCollectionService: stats => 1705417448592,-1882811,3973
01-16 16:04:09.596  3849  3877 I BatteryMgr:DataCollectionService: stats => 1705417449596,-1846190,3973
01-16 16:04:10.600  3849  3877 I BatteryMgr:DataCollectionService: stats => 1705417450600,-1891600,3973
01-16 16:04:11.606  3849  3877 I BatteryMgr:DataCollectionService: stats => 1705417451606,-1880858,3973
01-16 16:04:12.611  3849  3877 I BatteryMgr:DataCollectionService: stats => 1705417452611,-1871581,3973
01-16 16:04:13.615  3849  3877 I BatteryMgr:DataCollectionService: stats => 1705417453615,-1899413,3973
01-16 16:04:14.619  3849  3877 I BatteryMgr:DataCollectionService: stats => 1705417454619,-1910643,3973
01-16 16:04:15.623  3849  3877 I BatteryMgr:DataCollectionService: stats => 1705417455623,-1908202,3973
01-16 16:04:16.627  3849  3877 I BatteryMgr:DataCollectionService: stats => 1705417456627,-1900389,3973
01-16 16:04:17.634  3849  3877 I BatteryMgr:DataCollectionService: stats => 1705417457634,-1889647,3973
01-16 16:04:18.638  3849  3877 I BatteryMgr:DataCollectionService: stats => 1705417458638,-1985350,3965
01-16 16:04:19.642  3849  3877 I BatteryMgr:DataCollectionService: stats => 1705417459642,-1992186,3965
01-16 16:04:20.648  3849  3877 I BatteryMgr:DataCollectionService: stats => 1705417460647,-1991209,3965
01-16 16:04:21.655  3849  3877 I BatteryMgr:DataCollectionService: stats => 1705417461655,-1901854,3969
01-16 16:04:22.658  3849  3877 I BatteryMgr:DataCollectionService: stats => 1705417462658,-1960448,3969
01-16 16:04:23.662  3849  3877 I BatteryMgr:DataCollectionService: stats => 1705417463662,-2039549,3969
01-16 16:04:24.667  3849  3877 I BatteryMgr:DataCollectionService: stats => 1705417464667,-2125487,3969
01-16 16:04:25.677  3849  3877 I BatteryMgr:DataCollectionService: stats => 1705417465676,-2146483,3969
01-16 16:04:26.684  3849  3877 I BatteryMgr:DataCollectionService: stats => 1705417466684,-2025877,3969
01-16 16:04:27.691  3849  3877 I BatteryMgr:DataCollectionService: stats => 1705417467691,-1993163,3969
01-16 16:04:28.695  3849  3877 I BatteryMgr:DataCollectionService: stats => 1705417468694,-2042479,3958
01-16 16:04:29.699  3849  3877 I BatteryMgr:DataCollectionService: stats => 1705417469698,-2012206,3958
01-16 16:04:30.702  3849  3877 I BatteryMgr:DataCollectionService: stats => 1705417470702,-2014159,3958
01-16 16:04:31.706  3849  3877 I BatteryMgr:DataCollectionService: stats => 1705417471706,-2415037,3958
01-16 16:04:32.714  3849  3877 I BatteryMgr:DataCollectionService: stats => 1705417472714,-2083983,3958
01-16 16:04:33.735  3849  3877 I BatteryMgr:DataCollectionService: stats => 1705417473734,-2004881,3958
