8.28 8.05 6.15 3/2990 32082
8.28 8.05 6.15 7/2990 32109
8.28 8.05 6.15 4/2991 32138
8.28 8.05 6.15 5/2991 32167
8.10 8.02 6.15 4/2991 32207
8.10 8.02 6.15 2/2991 32234
8.10 8.02 6.15 7/2991 32261
8.10 8.02 6.15 10/2991 32289
8.10 8.02 6.15 8/2991 32316
7.85 7.97 6.14 3/2996 32351
7.85 7.97 6.14 9/2996 32379
7.85 7.97 6.14 1/2996 32407
7.85 7.97 6.14 6/2996 32434
7.85 7.97 6.14 4/2996 32463
7.86 7.97 6.15 3/2995 32492
7.86 7.97 6.15 3/2995 32520
7.86 7.97 6.15 4/2995 32547
7.86 7.97 6.15 2/2995 32575
7.86 7.97 6.15 7/2995 32603
7.79 7.95 6.16 1/2995 32631
7.79 7.95 6.16 1/2995 32659
7.79 7.95 6.16 2/2995 32686
7.79 7.95 6.16 1/2995 32714
7.79 7.95 6.16 1/2995 32742
7.89 7.97 6.17 3/2995 303
7.89 7.97 6.17 2/2995 435
7.89 7.97 6.17 1/2995 567
7.89 7.97 6.17 3/2995 640
7.89 7.97 6.17 4/2995 683
7.82 7.95 6.18 2/2995 753
7.82 7.95 6.18 6/2995 788
7.82 7.95 6.18 3/2995 821
7.82 7.95 6.18 4/2995 920
7.82 7.95 6.18 2/2995 1025
7.83 7.95 6.19 2/2997 1078
7.83 7.95 6.19 8/2997 1158
7.83 7.95 6.19 2/2997 1265
7.83 7.95 6.19 2/2997 1335
7.83 7.95 6.19 5/2997 1393
8.17 8.02 6.22 3/2997 1463
8.17 8.02 6.22 5/2997 1499
8.17 8.02 6.22 5/2997 1528
8.17 8.02 6.22 2/2997 1562
8.17 8.02 6.22 5/2997 1607
8.31 8.05 6.24 5/2997 1671
8.31 8.05 6.24 2/2997 1715
8.31 8.05 6.24 1/2997 1771
8.31 8.05 6.24 1/2997 1857
8.31 8.05 6.24 3/2997 1911
8.29 8.05 6.25 5/2997 1952
8.29 8.05 6.25 5/2997 2009
8.29 8.05 6.25 1/2997 2075
8.29 8.05 6.25 6/2997 2108
8.29 8.05 6.25 5/2996 2180
8.27 8.05 6.26 2/2994 2259
8.27 8.05 6.26 3/2993 2321
8.27 8.05 6.26 1/2993 2399
8.27 8.05 6.26 2/2993 2460
8.27 8.05 6.26 4/2992 2505
8.08 8.02 6.26 2/2996 2562
8.08 8.02 6.26 3/2996 2601
8.08 8.02 6.26 4/2996 2634
8.08 8.02 6.26 3/2996 2712
8.08 8.02 6.26 1/2996 2760
7.84 7.97 6.25 5/2996 2851
7.84 7.97 6.25 3/2996 2943
7.84 7.97 6.25 3/2996 2987
7.84 7.97 6.25 2/2996 3051
7.84 7.97 6.25 5/2996 3099
7.93 7.98 6.27 1/2992 3133
7.93 7.98 6.27 4/2992 3193
7.93 7.98 6.27 3/2992 3292
7.93 7.98 6.27 4/2992 3335
7.93 7.98 6.27 2/2992 3375
8.02 8.00 6.28 6/2990 3426
8.02 8.00 6.28 2/2990 3504
8.02 8.00 6.28 3/2990 3549
8.02 8.00 6.28 1/2990 3583
8.02 8.00 6.28 6/2990 3624
8.01 8.00 6.29 1/2990 3665
8.01 8.00 6.29 2/2987 3696
8.01 8.00 6.29 6/2987 3732
8.01 8.00 6.29 5/2987 3760
8.01 8.00 6.29 2/2987 3787
8.41 8.08 6.33 2/2987 3815
8.41 8.08 6.33 3/2987 3843
8.41 8.08 6.33 3/2987 3876
8.41 8.08 6.33 2/2987 3913
8.41 8.08 6.33 4/2987 3943
8.41 8.08 6.33 1/2987 4013
8.46 8.10 6.34 2/2987 4064
8.46 8.10 6.34 4/2987 4133
8.46 8.10 6.34 3/2987 4198
8.46 8.10 6.34 3/2987 4279
8.46 8.10 6.34 2/2988 4325
8.50 8.11 6.36 2/2988 4421
8.50 8.11 6.36 4/2988 4497
8.50 8.11 6.36 1/2988 4584
8.50 8.11 6.36 3/2988 4645
8.50 8.11 6.36 7/2988 4690
8.38 8.10 6.36 3/2988 4736
8.38 8.10 6.36 2/2988 4799
8.38 8.10 6.36 3/2988 4832
8.38 8.10 6.36 3/2988 4873
8.38 8.10 6.36 2/2992 4935
8.35 8.09 6.37 2/2992 4990
8.35 8.09 6.37 3/2992 5043
8.35 8.09 6.37 4/2992 5089
8.35 8.09 6.37 3/2992 5127
8.35 8.09 6.37 8/2992 5161
8.57 8.14 6.40 4/2992 5190
8.57 8.14 6.40 2/2992 5220
8.57 8.14 6.40 3/2992 5254
8.57 8.14 6.40 2/2992 5309
8.57 8.14 6.40 6/2992 5346
8.28 8.09 6.39 2/2992 5421
8.28 8.09 6.39 5/2992 5466
8.28 8.09 6.39 3/2992 5509
8.28 8.09 6.39 4/2992 5549
8.28 8.09 6.39 3/2989 5593
8.34 8.11 6.40 2/2989 5665
8.34 8.11 6.40 2/2989 5739
8.34 8.11 6.40 5/2989 5766
8.34 8.11 6.40 5/2989 5797
8.34 8.11 6.40 3/2987 5836
8.07 8.05 6.39 2/2987 5867
8.07 8.05 6.39 2/2987 5898
8.07 8.05 6.39 3/2987 5926
8.07 8.05 6.39 7/2987 5953
8.07 8.05 6.39 2/2992 5988
8.63 8.17 6.44 6/2993 6017
8.63 8.17 6.44 4/2993 6044
8.63 8.17 6.44 6/2993 6073
8.63 8.17 6.44 3/2993 6101
8.63 8.17 6.44 5/2993 6132
8.58 8.17 6.45 4/2993 6159
8.58 8.17 6.45 2/2993 6187
8.58 8.17 6.45 2/2993 6214
8.58 8.17 6.45 3/2993 6242
8.58 8.17 6.45 2/2993 6270
8.29 8.11 6.44 5/2993 6298
8.29 8.11 6.44 1/2993 6325
8.29 8.11 6.44 2/2993 6353
8.29 8.11 6.44 3/2993 6381
8.29 8.11 6.44 4/2993 6408
8.27 8.11 6.45 4/2993 6436
8.27 8.11 6.45 1/2993 6464
8.27 8.11 6.45 5/2991 6492
8.27 8.11 6.45 3/2991 6521
8.27 8.11 6.45 2/2991 6549
8.40 8.14 6.47 2/2991 6576
8.40 8.14 6.47 4/2991 6604
8.40 8.14 6.47 5/2991 6632
8.40 8.14 6.47 6/2991 6660
8.40 8.14 6.47 1/2991 6687
8.37 8.14 6.48 2/2991 6717
8.37 8.14 6.48 6/2991 6745
8.37 8.14 6.48 7/2991 6772
8.37 8.14 6.48 10/2991 6799
8.37 8.14 6.48 1/2991 6827
8.42 8.16 6.49 4/2991 6855
8.42 8.16 6.49 6/2990 6883
8.42 8.16 6.49 4/2990 6910
8.42 8.16 6.49 2/2990 6938
8.42 8.16 6.49 5/2990 6966
8.79 8.24 6.53 8/2990 6993
8.79 8.24 6.53 4/2990 7021
8.79 8.24 6.53 5/2990 7049
8.79 8.24 6.53 2/2990 7076
8.79 8.24 6.53 4/2990 7103
8.81 8.25 6.54 3/2990 7131
8.81 8.25 6.54 2/2990 7159
8.81 8.25 6.54 3/2990 7187
8.81 8.25 6.54 3/2990 7215
8.81 8.25 6.54 2/2990 7242
8.74 8.24 6.55 1/2990 7270
8.74 8.24 6.55 3/2990 7297
8.74 8.24 6.55 1/2990 7326
8.74 8.24 6.55 4/2990 7354
8.74 8.24 6.55 4/2990 7381
8.84 8.27 6.57 5/2990 7408
8.84 8.27 6.57 2/2990 7436
8.84 8.27 6.57 8/2990 7465
8.84 8.27 6.57 5/2990 7492
8.84 8.27 6.57 4/2990 7531
8.61 8.24 6.56 6/2990 7559
8.61 8.24 6.56 1/2991 7588
8.61 8.24 6.56 2/2991 7615
8.61 8.24 6.56 3/2991 7642
8.61 8.24 6.56 7/2987 7670
8.81 8.28 6.59 3/2987 7698
8.81 8.28 6.59 3/2987 7725
8.81 8.28 6.59 7/2987 7752
8.81 8.28 6.59 2/2987 7781
8.81 8.28 6.59 2/2985 7809
8.50 8.23 6.58 2/2985 7837
8.50 8.23 6.58 3/2985 7864
8.50 8.23 6.58 6/2985 7891
8.50 8.23 6.58 1/2985 7919
8.50 8.23 6.58 4/2985 7947
8.30 8.19 6.58 3/2985 7974
8.30 8.19 6.58 3/2985 8001
8.30 8.19 6.58 3/2985 8028
8.30 8.19 6.58 4/2985 8056
8.30 8.19 6.58 1/2985 8083
8.12 8.15 6.57 3/2985 8111
8.12 8.15 6.57 1/2985 8139
8.12 8.15 6.57 2/2985 8166
8.12 8.15 6.57 1/2985 8194
8.12 8.15 6.57 4/2985 8222
7.95 8.12 6.57 1/2985 8249
7.95 8.12 6.57 6/2985 8276
7.95 8.12 6.57 3/2985 8304
7.95 8.12 6.57 5/2985 8332
7.95 8.12 6.57 5/2985 8360
7.95 8.12 6.58 4/2985 8388
7.95 8.12 6.58 4/2985 8416
7.95 8.12 6.58 5/2986 8444
7.95 8.12 6.58 2/2986 8471
7.95 8.12 6.58 4/2986 8499
8.11 8.15 6.60 1/2986 8527
8.11 8.15 6.60 5/2986 8554
8.11 8.15 6.60 2/2986 8581
8.11 8.15 6.60 1/2986 8608
8.11 8.15 6.60 3/2986 8637
8.35 8.19 6.62 2/2986 8665
8.35 8.19 6.62 6/2986 8692
8.35 8.19 6.62 3/2986 8719
8.35 8.19 6.62 4/2986 8746
8.35 8.19 6.62 2/2986 8774
8.08 8.14 6.61 3/2986 8803
8.08 8.14 6.61 1/2986 8831
