6243.79 32662.54
6244.77 32668.30
6245.77 32674.20
6246.77 32679.91
6247.77 32685.46
6248.79 32691.26
6249.78 32696.92
6250.77 32702.70
6251.78 32708.51
6252.78 32714.15
6253.77 32719.96
6254.78 32726.02
6255.79 32731.72
6256.78 32737.44
6257.77 32743.04
6258.77 32748.80
6259.77 32754.65
6260.77 32760.29
6261.77 32765.72
6262.78 32771.25
6263.78 32776.47
6264.78 32782.00
6265.77 32787.35
6266.77 32791.94
6267.77 32797.09
6268.77 32802.19
6269.77 32807.49
6270.78 32813.08
6271.78 32818.71
6272.78 32824.45
6273.78 32829.91
6274.77 32835.85
6275.77 32841.61
6276.78 32847.35
6277.78 32852.82
6278.77 32858.67
6279.77 32864.52
6280.78 32870.47
6281.78 32876.22
6282.78 32881.65
6283.79 32887.22
6284.77 32893.01
6285.77 32898.60
6286.78 32904.09
6287.78 32909.83
6288.78 32915.41
6289.78 32921.09
6290.79 32926.42
6291.78 32932.29
6292.79 32938.10
6293.78 32943.49
6294.78 32948.90
6295.77 32954.90
6296.79 32959.75
6297.78 32965.17
6298.79 32970.55
6299.78 32975.88
6300.77 32981.44
6301.77 32987.44
6302.77 32993.33
6303.79 32999.19
6304.78 33004.66
6305.78 33010.12
6306.78 33015.34
6307.78 33020.74
6308.78 33026.08
6309.79 33032.10
6310.79 33037.78
6311.78 33043.47
6312.78 33049.20
6313.78 33055.01
6314.79 33060.77
6315.79 33066.49
6316.77 33072.15
6317.79 33077.86
6318.78 33083.59
6319.78 33089.19
6320.77 33094.57
6321.78 33100.53
6322.79 33106.21
6323.78 33111.87
6324.78 33117.60
6325.78 33123.17
6326.77 33128.48
6327.78 33133.94
6328.79 33139.32
6329.79 33143.91
6330.78 33149.16
6331.78 33153.87
6332.77 33159.14
6333.78 33164.91
6334.77 33170.77
6335.77 33176.37
6336.78 33181.93
6337.79 33187.31
6338.78 33192.52
6339.78 33197.73
6340.79 33203.15
6341.78 33208.56
6342.78 33213.83
6343.78 33219.13
6344.78 33224.53
6345.77 33230.03
6346.78 33235.32
6347.79 33240.65
6348.79 33246.29
6349.78 33251.62
6350.79 33257.01
6351.79 33262.59
6352.78 33268.00
6353.79 33273.67
6354.79 33279.53
6355.78 33285.22
6356.78 33291.01
6357.78 33296.53
6358.79 33301.90
6359.78 33306.83
6360.77 33311.40
6361.78 33316.27
6362.77 33321.53
6363.79 33326.98
6364.78 33332.45
6365.77 33338.03
6366.78 33343.65
6367.78 33349.43
6368.78 33354.98
6369.79 33360.75
6370.79 33366.39
6371.79 33371.90
6372.78 33377.43
6373.79 33383.05
6374.78 33388.79
6375.78 33394.42
6376.78 33400.09
6377.78 33405.82
6378.79 33411.61
6379.78 33417.42
6380.78 33423.44
6381.78 33428.88
6382.78 33434.46
6383.78 33439.74
6384.78 33445.13
6385.78 33450.63
6386.79 33456.24
6387.79 33461.67
6388.79 33467.21
6389.78 33472.29
6390.79 33477.56
6391.78 33482.62
6392.78 33487.47
6393.78 33492.67
6394.78 33498.22
6395.79 33503.78
6396.78 33509.36
6397.78 33515.52
6398.77 33521.40
6399.79 33527.08
6400.79 33532.48
6401.78 33538.44
6402.78 33544.15
6403.78 33549.60
6404.79 33555.38
6405.78 33561.11
6406.78 33567.06
6407.79 33572.90
6408.79 33578.85
6409.78 33584.60
6410.79 33590.50
6411.79 33596.22
6412.79 33601.75
6413.78 33607.45
6414.78 33613.18
6415.78 33619.21
6416.78 33624.94
6417.78 33630.49
6418.78 33636.03
6419.79 33641.97
6420.78 33648.16
6421.78 33654.05
6422.79 33658.47
6423.78 33663.35
6424.78 33668.90
6425.78 33673.78
6426.78 33678.82
6427.79 33684.20
6428.79 33689.77
6429.78 33694.94
6430.78 33700.35
6431.78 33705.91
6432.78 33711.52
6433.78 33716.90
6434.78 33722.69
6435.78 33728.21
6436.79 33733.76
6437.80 33739.15
6438.80 33744.37
6439.78 33750.04
6440.78 33755.62
6441.78 33761.19
6442.78 33766.63
6443.78 33771.82
6444.78 33777.56
6445.78 33783.10
6446.77 33788.39
6447.79 33794.11
6448.78 33799.76
6449.78 33805.49
6450.77 33811.11
6451.79 33816.79
6452.79 33822.27
6453.78 33827.52
6454.78 33833.07
6455.79 33837.80
6456.78 33842.98
6457.77 33848.50
6458.78 33853.89
6459.78 33859.39
6460.78 33864.66
6461.78 33870.37
6462.79 33875.62
6463.78 33881.01
6464.79 33886.66
6465.79 33892.09
6466.79 33897.59
6467.78 33903.04
6468.78 33908.61
6469.78 33914.34
6470.79 33919.82
6471.78 33925.39
6472.78 33930.71
6473.78 33935.95
6474.78 33941.58
6475.78 33946.99
6476.78 33952.29
6477.79 33957.74
6478.78 33963.16
6479.78 33968.91
6480.79 33974.48
6481.79 33979.98
6482.78 33985.55
6483.78 33991.22
6484.78 33996.59
6485.78 33999.45
6486.79 34003.02
6487.77 34007.71
6488.77 34012.59
6489.78 34017.88
6490.79 34023.17
6491.78 34028.63
6492.77 34034.14
6493.78 34039.81
6494.78 34045.14
6495.76 34050.04
