1822.77 10978.87
1826.49 11001.06
1829.78 11020.51
1832.03 11034.24
1834.78 11051.32
1837.78 11070.56
1838.78 11076.54
1841.08 11091.05
1842.41 11099.40
1843.77 11107.89
1846.77 11126.75
1848.78 11139.37
1849.78 11145.81
1852.03 11160.32
1854.78 11177.29
1857.77 11196.05
1860.77 11214.13
1865.08 11239.61
1866.77 11249.65
1868.53 11260.43
1869.77 11267.49
1871.77 11279.34
1872.77 11284.93
1875.78 11302.94
1877.93 11315.82
1879.77 11326.18
1884.07 11350.86
1886.87 11367.11
1888.78 11377.88
1890.77 11389.11
1892.78 11400.30
1896.08 11419.44
1899.20 11438.11
1902.82 11461.50
1905.81 11481.08
1907.77 11493.54
1913.05 11527.79
1916.99 11553.87
1920.95 11580.23
1925.05 11606.80
1926.78 11618.08
1928.18 11626.84
1930.77 11643.47
1933.78 11663.04
1935.88 11676.46
1937.78 11687.92
1940.78 11707.14
1941.77 11713.29
1944.01 11727.49
1945.78 11738.07
1949.10 11758.42
1951.78 11775.67
1955.96 11801.83
1959.78 11826.09
1961.82 11839.30
1965.08 11859.75
1967.76 11877.10
1969.78 11889.55
1971.77 11902.24
1973.78 11915.06
1976.81 11934.16
1978.08 11942.09
1980.77 11959.10
1982.77 11971.56
1983.76 11977.79
1986.78 11997.07
1992.79 12035.81
1996.08 12056.48
2000.97 12087.87
2003.77 12105.36
2004.77 12111.31
2007.78 12130.21
2009.77 12142.95
2011.77 12154.99
2013.77 12167.58
2017.97 12193.81
2018.76 12198.56
2021.61 12216.58
2022.78 12223.62
2024.78 12236.10
2027.92 12255.00
2029.77 12266.55
2030.79 12272.66
2032.76 12284.73
2034.77 12297.31
2037.77 12316.11
2040.78 12334.49
2041.78 12340.80
2042.89 12347.03
2043.77 12352.06
2044.77 12358.09
2047.07 12372.42
2049.98 12390.70
2050.77 12395.61
2052.77 12407.96
2053.76 12413.95
2055.77 12426.45
2060.77 12457.93
2067.77 12500.06
2070.04 12513.54
2071.77 12524.38
2074.99 12544.79
