1702.47 8923.37
1703.46 8929.03
1704.44 8934.55
1706.45 8945.90
1707.43 8951.32
1708.42 8956.58
1709.42 8962.06
1710.44 8967.43
1711.42 8972.80
1712.46 8978.46
1713.45 8983.71
1714.46 8988.77
1715.42 8993.75
1716.46 8999.08
1717.42 9004.31
1718.45 9010.15
1719.42 9015.42
1720.47 9021.28
1721.43 9026.63
1722.42 9032.24
1723.43 9037.93
1724.45 9043.56
1725.44 9049.01
1726.43 9054.50
1727.43 9060.16
1728.42 9065.65
1729.43 9071.36
1730.46 9077.17
1731.43 9082.40
1732.41 9087.80
1733.42 9093.29
1734.42 9098.85
1735.43 9104.53
1736.43 9110.00
1737.42 9115.65
1738.42 9120.90
1739.42 9126.42
1740.47 9132.15
1741.44 9137.45
1742.44 9143.09
1743.43 9148.49
1744.41 9153.95
1745.44 9159.58
1746.43 9165.11
1747.42 9170.61
1748.43 9176.44
1749.42 9181.83
1750.42 9187.46
1751.42 9193.04
1752.43 9198.62
1753.46 9204.51
1754.46 9210.26
1755.42 9215.77
1756.43 9221.45
1757.41 9226.91
1758.44 9232.32
1759.44 9237.63
1760.42 9243.07
1762.43 9254.65
1763.42 9260.16
1764.42 9265.57
1765.44 9270.99
1766.41 9276.15
1767.46 9281.62
1768.42 9286.61
1769.42 9291.89
1770.44 9297.68
1771.41 9303.29
1772.44 9309.34
1773.44 9315.03
1774.45 9320.70
1775.43 9326.05
1776.46 9331.50
1777.42 9336.93
1778.47 9343.11
1779.44 9348.66
1780.44 9354.26
1781.42 9359.90
1782.44 9365.73
1783.43 9371.35
1784.42 9376.87
1785.42 9382.49
1786.42 9387.96
1787.46 9393.75
1788.42 9399.16
1789.41 9404.70
1790.42 9410.45
1791.46 9416.37
1792.42 9421.85
1793.46 9427.73
1794.42 9433.15
1795.42 9438.91
1796.42 9444.48
1797.44 9450.03
1798.42 9455.66
1799.48 9461.58
1800.48 9466.82
1801.42 9472.30
1802.42 9478.01
1803.43 9483.81
1804.43 9489.35
1805.43 9495.06
1806.44 9500.87
1807.44 9506.64
1808.44 9512.37
1809.48 9518.40
1810.42 9523.82
1811.46 9529.68
1812.43 9534.47
1813.44 9540.25
1814.47 9546.22
1815.43 9551.89
1816.43 9557.51
1817.45 9563.40
1818.42 9568.59
1819.42 9574.07
1820.43 9579.63
1821.42 9585.05
1822.43 9590.60
1823.43 9596.21
1824.44 9602.10
1825.42 9607.75
1826.42 9613.30
1827.42 9619.14
1828.44 9624.92
1829.44 9630.84
1830.42 9636.26
1831.43 9642.08
1832.42 9647.39
1833.42 9653.02
1834.46 9658.95
1835.43 9664.58
1836.46 9670.24
1837.43 9675.89
1838.44 9681.55
1840.43 9692.84
1841.42 9697.96
1842.42 9703.48
1843.47 9709.11
1844.42 9714.26
1845.43 9719.92
1846.43 9725.32
1847.43 9730.80
1848.41 9735.80
1849.42 9741.42
1850.43 9746.76
1851.45 9752.27
1852.42 9757.69
1853.43 9763.03
1854.42 9768.40
1855.44 9774.11
1856.44 9779.82
1857.47 9785.80
1858.43 9791.29
1859.42 9796.77
1860.44 9802.41
1861.47 9808.09
1862.44 9813.53
1863.42 9819.09
1864.47 9825.06
1865.42 9830.20
1866.46 9836.01
1867.45 9841.43
1868.44 9847.00
1869.42 9852.52
1870.48 9858.45
1871.42 9863.61
1872.48 9869.24
1873.44 9874.54
1874.42 9879.92
1875.42 9885.50
1876.43 9891.17
1877.44 9896.75
1878.41 9902.44
1879.47 9908.53
1880.44 9914.02
1881.44 9919.71
1882.43 9925.24
1883.42 9930.91
1884.47 9937.08
1885.41 9942.32
1886.42 9948.12
1887.42 9953.84
1888.42 9959.45
1889.41 9965.38
1890.47 9971.09
1891.42 9976.43
1892.41 9982.09
1894.43 9993.61
1895.46 9999.32
1896.42 10004.63
1897.43 10010.14
1898.42 10015.80
1899.47 10021.56
1900.42 10026.90
1901.43 10032.33
1902.42 10037.69
1903.41 10043.21
1904.42 10048.99
1905.48 10054.80
1906.45 10060.09
1907.42 10065.84
1908.41 10071.44
1909.43 10077.29
1910.44 10083.22
1911.43 10088.88
1912.42 10094.43
1913.42 10100.04
1914.43 10105.78
1915.43 10111.47
1916.44 10117.13
1917.42 10122.92
1918.41 10128.61
1919.52 10134.83
1920.45 10139.94
1921.42 10145.38
1922.42 10150.94
1923.45 10156.53
1924.42 10161.84
1925.44 10167.37
1926.42 10172.79
1927.42 10178.27
1928.42 10183.82
1929.46 10189.77
1930.43 10195.18
1931.43 10200.83
1932.42 10206.32
1933.42 10211.89
1934.43 10217.42
1935.42 10223.04
1936.41 10228.84
1938.42 10240.12
1939.43 10245.62
1940.42 10251.40
1941.44 10257.09
1942.45 10262.99
1943.43 10268.80
1944.42 10274.32
