timestamp,id,uuid,load,memoryUtil,memoryTotal,memoryFree,driver,name,serial,display_mode,display_active
1709119398.832872,0,GPU-a71d5fd4-b7db-93b7-1b7a-5a6e2a6a8c65,0.19,0.2953125,10240.0,7216.0,472.12,NVIDIA GeForce RTX 3080,[N/A],Enabled,Enabled
1709119399.83584,0,GPU-a71d5fd4-b7db-93b7-1b7a-5a6e2a6a8c65,0.15,0.48134765625,10240.0,5311.0,472.12,NVIDIA GeForce RTX 3080,[N/A],Enabled,Enabled
1709119400.833841,0,GPU-a71d5fd4-b7db-93b7-1b7a-5a6e2a6a8c65,0.11,0.42763671875,10240.0,5861.0,472.12,NVIDIA GeForce RTX 3080,[N/A],Enabled,Enabled
1709119401.829915,0,GPU-a71d5fd4-b7db-93b7-1b7a-5a6e2a6a8c65,0.1,0.42763671875,10240.0,5861.0,472.12,NVIDIA GeForce RTX 3080,[N/A],Enabled,Enabled
1709119402.827974,0,GPU-a71d5fd4-b7db-93b7-1b7a-5a6e2a6a8c65,0.1,0.42744140625,10240.0,5863.0,472.12,NVIDIA GeForce RTX 3080,[N/A],Enabled,Enabled
1709119403.840822,0,GPU-a71d5fd4-b7db-93b7-1b7a-5a6e2a6a8c65,0.1,0.31611328125,10240.0,7003.0,472.12,NVIDIA GeForce RTX 3080,[N/A],Enabled,Enabled
1709119404.831178,0,GPU-a71d5fd4-b7db-93b7-1b7a-5a6e2a6a8c65,0.05,0.44833984375,10240.0,5649.0,472.12,NVIDIA GeForce RTX 3080,[N/A],Enabled,Enabled
1709119405.840809,0,GPU-a71d5fd4-b7db-93b7-1b7a-5a6e2a6a8c65,0.15,0.38017578125,10240.0,6347.0,472.12,NVIDIA GeForce RTX 3080,[N/A],Enabled,Enabled
1709119406.837986,0,GPU-a71d5fd4-b7db-93b7-1b7a-5a6e2a6a8c65,0.14,0.3802734375,10240.0,6346.0,472.12,NVIDIA GeForce RTX 3080,[N/A],Enabled,Enabled
1709119407.834954,0,GPU-a71d5fd4-b7db-93b7-1b7a-5a6e2a6a8c65,0.13,0.37646484375,10240.0,6385.0,472.12,NVIDIA GeForce RTX 3080,[N/A],Enabled,Enabled
1709119408.828125,0,GPU-a71d5fd4-b7db-93b7-1b7a-5a6e2a6a8c65,0.15,0.38017578125,10240.0,6347.0,472.12,NVIDIA GeForce RTX 3080,[N/A],Enabled,Enabled
1709119409.841033,0,GPU-a71d5fd4-b7db-93b7-1b7a-5a6e2a6a8c65,0.09,0.37255859375,10240.0,6425.0,472.12,NVIDIA GeForce RTX 3080,[N/A],Enabled,Enabled
1709119410.83302,0,GPU-a71d5fd4-b7db-93b7-1b7a-5a6e2a6a8c65,0.15,0.38115234375,10240.0,6337.0,472.12,NVIDIA GeForce RTX 3080,[N/A],Enabled,Enabled
1709119411.832323,0,GPU-a71d5fd4-b7db-93b7-1b7a-5a6e2a6a8c65,0.15,0.38115234375,10240.0,6337.0,472.12,NVIDIA GeForce RTX 3080,[N/A],Enabled,Enabled
1709119412.828808,0,GPU-a71d5fd4-b7db-93b7-1b7a-5a6e2a6a8c65,0.13,0.37734375,10240.0,6376.0,472.12,NVIDIA GeForce RTX 3080,[N/A],Enabled,Enabled
1709119413.825676,0,GPU-a71d5fd4-b7db-93b7-1b7a-5a6e2a6a8c65,0.15,0.38115234375,10240.0,6337.0,472.12,NVIDIA GeForce RTX 3080,[N/A],Enabled,Enabled
1709119414.839151,0,GPU-a71d5fd4-b7db-93b7-1b7a-5a6e2a6a8c65,0.14,0.37734375,10240.0,6376.0,472.12,NVIDIA GeForce RTX 3080,[N/A],Enabled,Enabled
1709119415.834033,0,GPU-a71d5fd4-b7db-93b7-1b7a-5a6e2a6a8c65,0.14,0.37734375,10240.0,6376.0,472.12,NVIDIA GeForce RTX 3080,[N/A],Enabled,Enabled
1709119416.833314,0,GPU-a71d5fd4-b7db-93b7-1b7a-5a6e2a6a8c65,0.13,0.3810546875,10240.0,6338.0,472.12,NVIDIA GeForce RTX 3080,[N/A],Enabled,Enabled
1709119417.832025,0,GPU-a71d5fd4-b7db-93b7-1b7a-5a6e2a6a8c65,0.13,0.37734375,10240.0,6376.0,472.12,NVIDIA GeForce RTX 3080,[N/A],Enabled,Enabled
1709119418.833054,0,GPU-a71d5fd4-b7db-93b7-1b7a-5a6e2a6a8c65,0.13,0.37734375,10240.0,6376.0,472.12,NVIDIA GeForce RTX 3080,[N/A],Enabled,Enabled
1709119419.827789,0,GPU-a71d5fd4-b7db-93b7-1b7a-5a6e2a6a8c65,0.15,0.3810546875,10240.0,6338.0,472.12,NVIDIA GeForce RTX 3080,[N/A],Enabled,Enabled
1709119420.838764,0,GPU-a71d5fd4-b7db-93b7-1b7a-5a6e2a6a8c65,0.14,0.37734375,10240.0,6376.0,472.12,NVIDIA GeForce RTX 3080,[N/A],Enabled,Enabled
1709119421.836951,0,GPU-a71d5fd4-b7db-93b7-1b7a-5a6e2a6a8c65,0.14,0.3810546875,10240.0,6338.0,472.12,NVIDIA GeForce RTX 3080,[N/A],Enabled,Enabled
1709119422.834902,0,GPU-a71d5fd4-b7db-93b7-1b7a-5a6e2a6a8c65,0.13,0.37734375,10240.0,6376.0,472.12,NVIDIA GeForce RTX 3080,[N/A],Enabled,Enabled
1709119423.831074,0,GPU-a71d5fd4-b7db-93b7-1b7a-5a6e2a6a8c65,0.14,0.3810546875,10240.0,6338.0,472.12,NVIDIA GeForce RTX 3080,[N/A],Enabled,Enabled
1709119424.830029,0,GPU-a71d5fd4-b7db-93b7-1b7a-5a6e2a6a8c65,0.13,0.37734375,10240.0,6376.0,472.12,NVIDIA GeForce RTX 3080,[N/A],Enabled,Enabled
1709119425.830096,0,GPU-a71d5fd4-b7db-93b7-1b7a-5a6e2a6a8c65,0.15,0.3810546875,10240.0,6338.0,472.12,NVIDIA GeForce RTX 3080,[N/A],Enabled,Enabled
1709119426.8379,0,GPU-a71d5fd4-b7db-93b7-1b7a-5a6e2a6a8c65,0.14,0.37734375,10240.0,6376.0,472.12,NVIDIA GeForce RTX 3080,[N/A],Enabled,Enabled
1709119427.835878,0,GPU-a71d5fd4-b7db-93b7-1b7a-5a6e2a6a8c65,0.13,0.37734375,10240.0,6376.0,472.12,NVIDIA GeForce RTX 3080,[N/A],Enabled,Enabled
1709119428.83573,0,GPU-a71d5fd4-b7db-93b7-1b7a-5a6e2a6a8c65,0.13,0.37734375,10240.0,6376.0,472.12,NVIDIA GeForce RTX 3080,[N/A],Enabled,Enabled
1709119429.833988,0,GPU-a71d5fd4-b7db-93b7-1b7a-5a6e2a6a8c65,0.14,0.3810546875,10240.0,6338.0,472.12,NVIDIA GeForce RTX 3080,[N/A],Enabled,Enabled
1709119430.83133,0,GPU-a71d5fd4-b7db-93b7-1b7a-5a6e2a6a8c65,0.13,0.37744140625,10240.0,6375.0,472.12,NVIDIA GeForce RTX 3080,[N/A],Enabled,Enabled
1709119431.831134,0,GPU-a71d5fd4-b7db-93b7-1b7a-5a6e2a6a8c65,0.14,0.37744140625,10240.0,6375.0,472.12,NVIDIA GeForce RTX 3080,[N/A],Enabled,Enabled
1709119432.837224,0,GPU-a71d5fd4-b7db-93b7-1b7a-5a6e2a6a8c65,0.14,0.37744140625,10240.0,6375.0,472.12,NVIDIA GeForce RTX 3080,[N/A],Enabled,Enabled
1709119433.834118,0,GPU-a71d5fd4-b7db-93b7-1b7a-5a6e2a6a8c65,0.14,0.37744140625,10240.0,6375.0,472.12,NVIDIA GeForce RTX 3080,[N/A],Enabled,Enabled
1709119434.831879,0,GPU-a71d5fd4-b7db-93b7-1b7a-5a6e2a6a8c65,0.14,0.37978515625,10240.0,6351.0,472.12,NVIDIA GeForce RTX 3080,[N/A],Enabled,Enabled
1709119435.829296,0,GPU-a71d5fd4-b7db-93b7-1b7a-5a6e2a6a8c65,0.16,0.39052734375,10240.0,6241.0,472.12,NVIDIA GeForce RTX 3080,[N/A],Enabled,Enabled
1709119436.837845,0,GPU-a71d5fd4-b7db-93b7-1b7a-5a6e2a6a8c65,0.17,0.39052734375,10240.0,6241.0,472.12,NVIDIA GeForce RTX 3080,[N/A],Enabled,Enabled
1709119437.83289,0,GPU-a71d5fd4-b7db-93b7-1b7a-5a6e2a6a8c65,0.16,0.39052734375,10240.0,6241.0,472.12,NVIDIA GeForce RTX 3080,[N/A],Enabled,Enabled
1709119438.83191,0,GPU-a71d5fd4-b7db-93b7-1b7a-5a6e2a6a8c65,0.17,0.39052734375,10240.0,6241.0,472.12,NVIDIA GeForce RTX 3080,[N/A],Enabled,Enabled
1709119439.826842,0,GPU-a71d5fd4-b7db-93b7-1b7a-5a6e2a6a8c65,0.16,0.39052734375,10240.0,6241.0,472.12,NVIDIA GeForce RTX 3080,[N/A],Enabled,Enabled
1709119440.838805,0,GPU-a71d5fd4-b7db-93b7-1b7a-5a6e2a6a8c65,0.17,0.39052734375,10240.0,6241.0,472.12,NVIDIA GeForce RTX 3080,[N/A],Enabled,Enabled
1709119441.836172,0,GPU-a71d5fd4-b7db-93b7-1b7a-5a6e2a6a8c65,0.16,0.39052734375,10240.0,6241.0,472.12,NVIDIA GeForce RTX 3080,[N/A],Enabled,Enabled
1709119442.833194,0,GPU-a71d5fd4-b7db-93b7-1b7a-5a6e2a6a8c65,0.18,0.39052734375,10240.0,6241.0,472.12,NVIDIA GeForce RTX 3080,[N/A],Enabled,Enabled
1709119443.827833,0,GPU-a71d5fd4-b7db-93b7-1b7a-5a6e2a6a8c65,0.17,0.39052734375,10240.0,6241.0,472.12,NVIDIA GeForce RTX 3080,[N/A],Enabled,Enabled
1709119444.836898,0,GPU-a71d5fd4-b7db-93b7-1b7a-5a6e2a6a8c65,0.19,0.3947265625,10240.0,6198.0,472.12,NVIDIA GeForce RTX 3080,[N/A],Enabled,Enabled
1709119445.83288,0,GPU-a71d5fd4-b7db-93b7-1b7a-5a6e2a6a8c65,0.17,0.3947265625,10240.0,6198.0,472.12,NVIDIA GeForce RTX 3080,[N/A],Enabled,Enabled
1709119446.831232,0,GPU-a71d5fd4-b7db-93b7-1b7a-5a6e2a6a8c65,0.17,0.3947265625,10240.0,6198.0,472.12,NVIDIA GeForce RTX 3080,[N/A],Enabled,Enabled
1709119447.839995,0,GPU-a71d5fd4-b7db-93b7-1b7a-5a6e2a6a8c65,0.17,0.3947265625,10240.0,6198.0,472.12,NVIDIA GeForce RTX 3080,[N/A],Enabled,Enabled
1709119448.837156,0,GPU-a71d5fd4-b7db-93b7-1b7a-5a6e2a6a8c65,0.17,0.3947265625,10240.0,6198.0,472.12,NVIDIA GeForce RTX 3080,[N/A],Enabled,Enabled
1709119449.833035,0,GPU-a71d5fd4-b7db-93b7-1b7a-5a6e2a6a8c65,0.17,0.3947265625,10240.0,6198.0,472.12,NVIDIA GeForce RTX 3080,[N/A],Enabled,Enabled
1709119450.83017,0,GPU-a71d5fd4-b7db-93b7-1b7a-5a6e2a6a8c65,0.17,0.3947265625,10240.0,6198.0,472.12,NVIDIA GeForce RTX 3080,[N/A],Enabled,Enabled
1709119451.835772,0,GPU-a71d5fd4-b7db-93b7-1b7a-5a6e2a6a8c65,0.17,0.3947265625,10240.0,6198.0,472.12,NVIDIA GeForce RTX 3080,[N/A],Enabled,Enabled
1709119452.830838,0,GPU-a71d5fd4-b7db-93b7-1b7a-5a6e2a6a8c65,0.17,0.3947265625,10240.0,6198.0,472.12,NVIDIA GeForce RTX 3080,[N/A],Enabled,Enabled
1709119453.840939,0,GPU-a71d5fd4-b7db-93b7-1b7a-5a6e2a6a8c65,0.17,0.3947265625,10240.0,6198.0,472.12,NVIDIA GeForce RTX 3080,[N/A],Enabled,Enabled
1709119454.837852,0,GPU-a71d5fd4-b7db-93b7-1b7a-5a6e2a6a8c65,0.18,0.3947265625,10240.0,6198.0,472.12,NVIDIA GeForce RTX 3080,[N/A],Enabled,Enabled
1709119455.831228,0,GPU-a71d5fd4-b7db-93b7-1b7a-5a6e2a6a8c65,0.18,0.3947265625,10240.0,6198.0,472.12,NVIDIA GeForce RTX 3080,[N/A],Enabled,Enabled
1709119456.835632,0,GPU-a71d5fd4-b7db-93b7-1b7a-5a6e2a6a8c65,0.18,0.3947265625,10240.0,6198.0,472.12,NVIDIA GeForce RTX 3080,[N/A],Enabled,Enabled
1709119457.841,0,GPU-a71d5fd4-b7db-93b7-1b7a-5a6e2a6a8c65,0.17,0.3947265625,10240.0,6198.0,472.12,NVIDIA GeForce RTX 3080,[N/A],Enabled,Enabled
1709119458.837884,0,GPU-a71d5fd4-b7db-93b7-1b7a-5a6e2a6a8c65,0.18,0.3947265625,10240.0,6198.0,472.12,NVIDIA GeForce RTX 3080,[N/A],Enabled,Enabled
1709119459.835354,0,GPU-a71d5fd4-b7db-93b7-1b7a-5a6e2a6a8c65,0.17,0.3947265625,10240.0,6198.0,472.12,NVIDIA GeForce RTX 3080,[N/A],Enabled,Enabled
1709119460.828232,0,GPU-a71d5fd4-b7db-93b7-1b7a-5a6e2a6a8c65,0.17,0.3947265625,10240.0,6198.0,472.12,NVIDIA GeForce RTX 3080,[N/A],Enabled,Enabled
1709119461.833854,0,GPU-a71d5fd4-b7db-93b7-1b7a-5a6e2a6a8c65,0.17,0.3947265625,10240.0,6198.0,472.12,NVIDIA GeForce RTX 3080,[N/A],Enabled,Enabled
1709119462.830126,0,GPU-a71d5fd4-b7db-93b7-1b7a-5a6e2a6a8c65,0.17,0.3947265625,10240.0,6198.0,472.12,NVIDIA GeForce RTX 3080,[N/A],Enabled,Enabled
1709119463.840963,0,GPU-a71d5fd4-b7db-93b7-1b7a-5a6e2a6a8c65,0.17,0.3947265625,10240.0,6198.0,472.12,NVIDIA GeForce RTX 3080,[N/A],Enabled,Enabled
1709119464.835064,0,GPU-a71d5fd4-b7db-93b7-1b7a-5a6e2a6a8c65,0.18,0.3947265625,10240.0,6198.0,472.12,NVIDIA GeForce RTX 3080,[N/A],Enabled,Enabled
1709119465.840814,0,GPU-a71d5fd4-b7db-93b7-1b7a-5a6e2a6a8c65,0.17,0.3947265625,10240.0,6198.0,472.12,NVIDIA GeForce RTX 3080,[N/A],Enabled,Enabled
1709119466.838237,0,GPU-a71d5fd4-b7db-93b7-1b7a-5a6e2a6a8c65,0.17,0.3947265625,10240.0,6198.0,472.12,NVIDIA GeForce RTX 3080,[N/A],Enabled,Enabled
1709119467.833021,0,GPU-a71d5fd4-b7db-93b7-1b7a-5a6e2a6a8c65,0.17,0.3947265625,10240.0,6198.0,472.12,NVIDIA GeForce RTX 3080,[N/A],Enabled,Enabled
1709119468.83091,0,GPU-a71d5fd4-b7db-93b7-1b7a-5a6e2a6a8c65,0.17,0.3947265625,10240.0,6198.0,472.12,NVIDIA GeForce RTX 3080,[N/A],Enabled,Enabled
1709119469.827141,0,GPU-a71d5fd4-b7db-93b7-1b7a-5a6e2a6a8c65,0.17,0.3947265625,10240.0,6198.0,472.12,NVIDIA GeForce RTX 3080,[N/A],Enabled,Enabled
1709119470.838932,0,GPU-a71d5fd4-b7db-93b7-1b7a-5a6e2a6a8c65,0.18,0.3947265625,10240.0,6198.0,472.12,NVIDIA GeForce RTX 3080,[N/A],Enabled,Enabled
1709119471.837067,0,GPU-a71d5fd4-b7db-93b7-1b7a-5a6e2a6a8c65,0.17,0.3947265625,10240.0,6198.0,472.12,NVIDIA GeForce RTX 3080,[N/A],Enabled,Enabled
1709119472.835515,0,GPU-a71d5fd4-b7db-93b7-1b7a-5a6e2a6a8c65,0.17,0.3947265625,10240.0,6198.0,472.12,NVIDIA GeForce RTX 3080,[N/A],Enabled,Enabled
1709119473.832242,0,GPU-a71d5fd4-b7db-93b7-1b7a-5a6e2a6a8c65,0.17,0.3947265625,10240.0,6198.0,472.12,NVIDIA GeForce RTX 3080,[N/A],Enabled,Enabled
1709119474.840884,0,GPU-a71d5fd4-b7db-93b7-1b7a-5a6e2a6a8c65,0.17,0.3947265625,10240.0,6198.0,472.12,NVIDIA GeForce RTX 3080,[N/A],Enabled,Enabled
1709119475.840057,0,GPU-a71d5fd4-b7db-93b7-1b7a-5a6e2a6a8c65,0.17,0.3947265625,10240.0,6198.0,472.12,NVIDIA GeForce RTX 3080,[N/A],Enabled,Enabled
1709119476.832953,0,GPU-a71d5fd4-b7db-93b7-1b7a-5a6e2a6a8c65,0.18,0.3947265625,10240.0,6198.0,472.12,NVIDIA GeForce RTX 3080,[N/A],Enabled,Enabled
1709119477.829214,0,GPU-a71d5fd4-b7db-93b7-1b7a-5a6e2a6a8c65,0.17,0.3947265625,10240.0,6198.0,472.12,NVIDIA GeForce RTX 3080,[N/A],Enabled,Enabled
1709119478.826998,0,GPU-a71d5fd4-b7db-93b7-1b7a-5a6e2a6a8c65,0.17,0.3947265625,10240.0,6198.0,472.12,NVIDIA GeForce RTX 3080,[N/A],Enabled,Enabled
1709119479.828031,0,GPU-a71d5fd4-b7db-93b7-1b7a-5a6e2a6a8c65,0.17,0.3947265625,10240.0,6198.0,472.12,NVIDIA GeForce RTX 3080,[N/A],Enabled,Enabled
1709119480.840888,0,GPU-a71d5fd4-b7db-93b7-1b7a-5a6e2a6a8c65,0.18,0.3947265625,10240.0,6198.0,472.12,NVIDIA GeForce RTX 3080,[N/A],Enabled,Enabled
1709119481.837173,0,GPU-a71d5fd4-b7db-93b7-1b7a-5a6e2a6a8c65,0.17,0.3947265625,10240.0,6198.0,472.12,NVIDIA GeForce RTX 3080,[N/A],Enabled,Enabled
1709119482.834181,0,GPU-a71d5fd4-b7db-93b7-1b7a-5a6e2a6a8c65,0.17,0.3947265625,10240.0,6198.0,472.12,NVIDIA GeForce RTX 3080,[N/A],Enabled,Enabled
1709119483.83198,0,GPU-a71d5fd4-b7db-93b7-1b7a-5a6e2a6a8c65,0.17,0.39189453125,10240.0,6227.0,472.12,NVIDIA GeForce RTX 3080,[N/A],Enabled,Enabled
1709119484.829223,0,GPU-a71d5fd4-b7db-93b7-1b7a-5a6e2a6a8c65,0.17,0.39189453125,10240.0,6227.0,472.12,NVIDIA GeForce RTX 3080,[N/A],Enabled,Enabled
1709119485.84085,0,GPU-a71d5fd4-b7db-93b7-1b7a-5a6e2a6a8c65,0.17,0.39189453125,10240.0,6227.0,472.12,NVIDIA GeForce RTX 3080,[N/A],Enabled,Enabled
1709119486.836069,0,GPU-a71d5fd4-b7db-93b7-1b7a-5a6e2a6a8c65,0.17,0.39189453125,10240.0,6227.0,472.12,NVIDIA GeForce RTX 3080,[N/A],Enabled,Enabled
1709119487.832233,0,GPU-a71d5fd4-b7db-93b7-1b7a-5a6e2a6a8c65,0.17,0.39189453125,10240.0,6227.0,472.12,NVIDIA GeForce RTX 3080,[N/A],Enabled,Enabled
1709119488.829855,0,GPU-a71d5fd4-b7db-93b7-1b7a-5a6e2a6a8c65,0.18,0.39189453125,10240.0,6227.0,472.12,NVIDIA GeForce RTX 3080,[N/A],Enabled,Enabled
1709119489.84097,0,GPU-a71d5fd4-b7db-93b7-1b7a-5a6e2a6a8c65,0.17,0.39189453125,10240.0,6227.0,472.12,NVIDIA GeForce RTX 3080,[N/A],Enabled,Enabled
1709119490.840958,0,GPU-a71d5fd4-b7db-93b7-1b7a-5a6e2a6a8c65,0.18,0.39189453125,10240.0,6227.0,472.12,NVIDIA GeForce RTX 3080,[N/A],Enabled,Enabled
1709119491.836805,0,GPU-a71d5fd4-b7db-93b7-1b7a-5a6e2a6a8c65,0.17,0.39189453125,10240.0,6227.0,472.12,NVIDIA GeForce RTX 3080,[N/A],Enabled,Enabled
1709119492.833947,0,GPU-a71d5fd4-b7db-93b7-1b7a-5a6e2a6a8c65,0.17,0.39189453125,10240.0,6227.0,472.12,NVIDIA GeForce RTX 3080,[N/A],Enabled,Enabled
1709119493.835161,0,GPU-a71d5fd4-b7db-93b7-1b7a-5a6e2a6a8c65,0.17,0.39189453125,10240.0,6227.0,472.12,NVIDIA GeForce RTX 3080,[N/A],Enabled,Enabled
1709119494.834149,0,GPU-a71d5fd4-b7db-93b7-1b7a-5a6e2a6a8c65,0.18,0.39189453125,10240.0,6227.0,472.12,NVIDIA GeForce RTX 3080,[N/A],Enabled,Enabled
1709119495.833079,0,GPU-a71d5fd4-b7db-93b7-1b7a-5a6e2a6a8c65,0.17,0.39189453125,10240.0,6227.0,472.12,NVIDIA GeForce RTX 3080,[N/A],Enabled,Enabled
1709119496.829011,0,GPU-a71d5fd4-b7db-93b7-1b7a-5a6e2a6a8c65,0.17,0.39189453125,10240.0,6227.0,472.12,NVIDIA GeForce RTX 3080,[N/A],Enabled,Enabled
1709119497.829129,0,GPU-a71d5fd4-b7db-93b7-1b7a-5a6e2a6a8c65,0.17,0.39189453125,10240.0,6227.0,472.12,NVIDIA GeForce RTX 3080,[N/A],Enabled,Enabled
1709119498.840227,0,GPU-a71d5fd4-b7db-93b7-1b7a-5a6e2a6a8c65,0.17,0.39189453125,10240.0,6227.0,472.12,NVIDIA GeForce RTX 3080,[N/A],Enabled,Enabled
1709119499.828206,0,GPU-a71d5fd4-b7db-93b7-1b7a-5a6e2a6a8c65,0.17,0.39189453125,10240.0,6227.0,472.12,NVIDIA GeForce RTX 3080,[N/A],Enabled,Enabled
1709119500.840829,0,GPU-a71d5fd4-b7db-93b7-1b7a-5a6e2a6a8c65,0.18,0.39189453125,10240.0,6227.0,472.12,NVIDIA GeForce RTX 3080,[N/A],Enabled,Enabled
1709119501.83284,0,GPU-a71d5fd4-b7db-93b7-1b7a-5a6e2a6a8c65,0.16,0.39189453125,10240.0,6227.0,472.12,NVIDIA GeForce RTX 3080,[N/A],Enabled,Enabled
1709119502.829092,0,GPU-a71d5fd4-b7db-93b7-1b7a-5a6e2a6a8c65,0.17,0.39189453125,10240.0,6227.0,472.12,NVIDIA GeForce RTX 3080,[N/A],Enabled,Enabled
1709119503.836885,0,GPU-a71d5fd4-b7db-93b7-1b7a-5a6e2a6a8c65,0.17,0.39189453125,10240.0,6227.0,472.12,NVIDIA GeForce RTX 3080,[N/A],Enabled,Enabled
1709119504.830975,0,GPU-a71d5fd4-b7db-93b7-1b7a-5a6e2a6a8c65,0.17,0.39189453125,10240.0,6227.0,472.12,NVIDIA GeForce RTX 3080,[N/A],Enabled,Enabled
1709119505.840061,0,GPU-a71d5fd4-b7db-93b7-1b7a-5a6e2a6a8c65,0.17,0.39189453125,10240.0,6227.0,472.12,NVIDIA GeForce RTX 3080,[N/A],Enabled,Enabled
1709119506.834043,0,GPU-a71d5fd4-b7db-93b7-1b7a-5a6e2a6a8c65,0.17,0.39189453125,10240.0,6227.0,472.12,NVIDIA GeForce RTX 3080,[N/A],Enabled,Enabled
1709119507.832192,0,GPU-a71d5fd4-b7db-93b7-1b7a-5a6e2a6a8c65,0.17,0.39189453125,10240.0,6227.0,472.12,NVIDIA GeForce RTX 3080,[N/A],Enabled,Enabled
1709119508.829886,0,GPU-a71d5fd4-b7db-93b7-1b7a-5a6e2a6a8c65,0.18,0.39189453125,10240.0,6227.0,472.12,NVIDIA GeForce RTX 3080,[N/A],Enabled,Enabled
1709119509.827215,0,GPU-a71d5fd4-b7db-93b7-1b7a-5a6e2a6a8c65,0.17,0.39189453125,10240.0,6227.0,472.12,NVIDIA GeForce RTX 3080,[N/A],Enabled,Enabled
1709119510.830932,0,GPU-a71d5fd4-b7db-93b7-1b7a-5a6e2a6a8c65,0.17,0.39189453125,10240.0,6227.0,472.12,NVIDIA GeForce RTX 3080,[N/A],Enabled,Enabled
1709119511.836875,0,GPU-a71d5fd4-b7db-93b7-1b7a-5a6e2a6a8c65,0.17,0.39189453125,10240.0,6227.0,472.12,NVIDIA GeForce RTX 3080,[N/A],Enabled,Enabled
1709119512.833972,0,GPU-a71d5fd4-b7db-93b7-1b7a-5a6e2a6a8c65,0.18,0.39189453125,10240.0,6227.0,472.12,NVIDIA GeForce RTX 3080,[N/A],Enabled,Enabled
1709119513.828114,0,GPU-a71d5fd4-b7db-93b7-1b7a-5a6e2a6a8c65,0.17,0.39189453125,10240.0,6227.0,472.12,NVIDIA GeForce RTX 3080,[N/A],Enabled,Enabled
1709119514.839012,0,GPU-a71d5fd4-b7db-93b7-1b7a-5a6e2a6a8c65,0.18,0.39189453125,10240.0,6227.0,472.12,NVIDIA GeForce RTX 3080,[N/A],Enabled,Enabled
1709119515.835634,0,GPU-a71d5fd4-b7db-93b7-1b7a-5a6e2a6a8c65,0.17,0.39189453125,10240.0,6227.0,472.12,NVIDIA GeForce RTX 3080,[N/A],Enabled,Enabled
1709119516.831225,0,GPU-a71d5fd4-b7db-93b7-1b7a-5a6e2a6a8c65,0.17,0.39189453125,10240.0,6227.0,472.12,NVIDIA GeForce RTX 3080,[N/A],Enabled,Enabled
1709119517.841234,0,GPU-a71d5fd4-b7db-93b7-1b7a-5a6e2a6a8c65,0.17,0.39189453125,10240.0,6227.0,472.12,NVIDIA GeForce RTX 3080,[N/A],Enabled,Enabled
1709119518.839892,0,GPU-a71d5fd4-b7db-93b7-1b7a-5a6e2a6a8c65,0.18,0.39189453125,10240.0,6227.0,472.12,NVIDIA GeForce RTX 3080,[N/A],Enabled,Enabled
1709119519.835701,0,GPU-a71d5fd4-b7db-93b7-1b7a-5a6e2a6a8c65,0.17,0.39189453125,10240.0,6227.0,472.12,NVIDIA GeForce RTX 3080,[N/A],Enabled,Enabled
1709119520.831165,0,GPU-a71d5fd4-b7db-93b7-1b7a-5a6e2a6a8c65,0.18,0.39189453125,10240.0,6227.0,472.12,NVIDIA GeForce RTX 3080,[N/A],Enabled,Enabled
1709119521.84096,0,GPU-a71d5fd4-b7db-93b7-1b7a-5a6e2a6a8c65,0.17,0.39189453125,10240.0,6227.0,472.12,NVIDIA GeForce RTX 3080,[N/A],Enabled,Enabled
1709119522.836833,0,GPU-a71d5fd4-b7db-93b7-1b7a-5a6e2a6a8c65,0.18,0.39189453125,10240.0,6227.0,472.12,NVIDIA GeForce RTX 3080,[N/A],Enabled,Enabled
1709119523.835799,0,GPU-a71d5fd4-b7db-93b7-1b7a-5a6e2a6a8c65,0.17,0.39189453125,10240.0,6227.0,472.12,NVIDIA GeForce RTX 3080,[N/A],Enabled,Enabled
1709119524.831888,0,GPU-a71d5fd4-b7db-93b7-1b7a-5a6e2a6a8c65,0.17,0.39189453125,10240.0,6227.0,472.12,NVIDIA GeForce RTX 3080,[N/A],Enabled,Enabled
1709119525.825903,0,GPU-a71d5fd4-b7db-93b7-1b7a-5a6e2a6a8c65,0.17,0.39189453125,10240.0,6227.0,472.12,NVIDIA GeForce RTX 3080,[N/A],Enabled,Enabled
1709119526.837127,0,GPU-a71d5fd4-b7db-93b7-1b7a-5a6e2a6a8c65,0.18,0.39189453125,10240.0,6227.0,472.12,NVIDIA GeForce RTX 3080,[N/A],Enabled,Enabled
1709119527.834219,0,GPU-a71d5fd4-b7db-93b7-1b7a-5a6e2a6a8c65,0.16,0.39189453125,10240.0,6227.0,472.12,NVIDIA GeForce RTX 3080,[N/A],Enabled,Enabled
1709119528.830986,0,GPU-a71d5fd4-b7db-93b7-1b7a-5a6e2a6a8c65,0.18,0.39189453125,10240.0,6227.0,472.12,NVIDIA GeForce RTX 3080,[N/A],Enabled,Enabled
1709119529.829222,0,GPU-a71d5fd4-b7db-93b7-1b7a-5a6e2a6a8c65,0.18,0.39189453125,10240.0,6227.0,472.12,NVIDIA GeForce RTX 3080,[N/A],Enabled,Enabled
1709119530.841158,0,GPU-a71d5fd4-b7db-93b7-1b7a-5a6e2a6a8c65,0.18,0.39189453125,10240.0,6227.0,472.12,NVIDIA GeForce RTX 3080,[N/A],Enabled,Enabled
1709119531.836919,0,GPU-a71d5fd4-b7db-93b7-1b7a-5a6e2a6a8c65,0.17,0.39189453125,10240.0,6227.0,472.12,NVIDIA GeForce RTX 3080,[N/A],Enabled,Enabled
1709119532.833258,0,GPU-a71d5fd4-b7db-93b7-1b7a-5a6e2a6a8c65,0.18,0.39189453125,10240.0,6227.0,472.12,NVIDIA GeForce RTX 3080,[N/A],Enabled,Enabled
1709119533.831185,0,GPU-a71d5fd4-b7db-93b7-1b7a-5a6e2a6a8c65,0.17,0.39189453125,10240.0,6227.0,472.12,NVIDIA GeForce RTX 3080,[N/A],Enabled,Enabled
1709119534.833202,0,GPU-a71d5fd4-b7db-93b7-1b7a-5a6e2a6a8c65,0.17,0.39189453125,10240.0,6227.0,472.12,NVIDIA GeForce RTX 3080,[N/A],Enabled,Enabled
1709119535.832299,0,GPU-a71d5fd4-b7db-93b7-1b7a-5a6e2a6a8c65,0.17,0.39189453125,10240.0,6227.0,472.12,NVIDIA GeForce RTX 3080,[N/A],Enabled,Enabled
1709119536.833051,0,GPU-a71d5fd4-b7db-93b7-1b7a-5a6e2a6a8c65,0.18,0.39189453125,10240.0,6227.0,472.12,NVIDIA GeForce RTX 3080,[N/A],Enabled,Enabled
1709119537.828253,0,GPU-a71d5fd4-b7db-93b7-1b7a-5a6e2a6a8c65,0.17,0.39189453125,10240.0,6227.0,472.12,NVIDIA GeForce RTX 3080,[N/A],Enabled,Enabled
1709119538.838177,0,GPU-a71d5fd4-b7db-93b7-1b7a-5a6e2a6a8c65,0.17,0.39189453125,10240.0,6227.0,472.12,NVIDIA GeForce RTX 3080,[N/A],Enabled,Enabled
1709119539.83302,0,GPU-a71d5fd4-b7db-93b7-1b7a-5a6e2a6a8c65,0.17,0.39189453125,10240.0,6227.0,472.12,NVIDIA GeForce RTX 3080,[N/A],Enabled,Enabled
1709119540.840876,0,GPU-a71d5fd4-b7db-93b7-1b7a-5a6e2a6a8c65,0.18,0.39189453125,10240.0,6227.0,472.12,NVIDIA GeForce RTX 3080,[N/A],Enabled,Enabled
1709119541.837095,0,GPU-a71d5fd4-b7db-93b7-1b7a-5a6e2a6a8c65,0.17,0.39189453125,10240.0,6227.0,472.12,NVIDIA GeForce RTX 3080,[N/A],Enabled,Enabled
1709119542.835283,0,GPU-a71d5fd4-b7db-93b7-1b7a-5a6e2a6a8c65,0.17,0.39189453125,10240.0,6227.0,472.12,NVIDIA GeForce RTX 3080,[N/A],Enabled,Enabled
1709119543.830266,0,GPU-a71d5fd4-b7db-93b7-1b7a-5a6e2a6a8c65,0.17,0.39189453125,10240.0,6227.0,472.12,NVIDIA GeForce RTX 3080,[N/A],Enabled,Enabled
1709119544.840494,0,GPU-a71d5fd4-b7db-93b7-1b7a-5a6e2a6a8c65,0.17,0.39189453125,10240.0,6227.0,472.12,NVIDIA GeForce RTX 3080,[N/A],Enabled,Enabled
1709119545.840798,0,GPU-a71d5fd4-b7db-93b7-1b7a-5a6e2a6a8c65,0.17,0.39189453125,10240.0,6227.0,472.12,NVIDIA GeForce RTX 3080,[N/A],Enabled,Enabled
1709119546.835475,0,GPU-a71d5fd4-b7db-93b7-1b7a-5a6e2a6a8c65,0.17,0.39189453125,10240.0,6227.0,472.12,NVIDIA GeForce RTX 3080,[N/A],Enabled,Enabled
1709119547.82809,0,GPU-a71d5fd4-b7db-93b7-1b7a-5a6e2a6a8c65,0.17,0.39189453125,10240.0,6227.0,472.12,NVIDIA GeForce RTX 3080,[N/A],Enabled,Enabled
1709119548.835517,0,GPU-a71d5fd4-b7db-93b7-1b7a-5a6e2a6a8c65,0.18,0.39189453125,10240.0,6227.0,472.12,NVIDIA GeForce RTX 3080,[N/A],Enabled,Enabled
1709119549.831111,0,GPU-a71d5fd4-b7db-93b7-1b7a-5a6e2a6a8c65,0.18,0.39189453125,10240.0,6227.0,472.12,NVIDIA GeForce RTX 3080,[N/A],Enabled,Enabled
1709119550.840315,0,GPU-a71d5fd4-b7db-93b7-1b7a-5a6e2a6a8c65,0.18,0.39189453125,10240.0,6227.0,472.12,NVIDIA GeForce RTX 3080,[N/A],Enabled,Enabled
1709119551.83556,0,GPU-a71d5fd4-b7db-93b7-1b7a-5a6e2a6a8c65,0.17,0.39189453125,10240.0,6227.0,472.12,NVIDIA GeForce RTX 3080,[N/A],Enabled,Enabled
1709119552.827868,0,GPU-a71d5fd4-b7db-93b7-1b7a-5a6e2a6a8c65,0.18,0.39189453125,10240.0,6227.0,472.12,NVIDIA GeForce RTX 3080,[N/A],Enabled,Enabled
1709119553.835823,0,GPU-a71d5fd4-b7db-93b7-1b7a-5a6e2a6a8c65,0.18,0.39189453125,10240.0,6227.0,472.12,NVIDIA GeForce RTX 3080,[N/A],Enabled,Enabled
1709119554.829083,0,GPU-a71d5fd4-b7db-93b7-1b7a-5a6e2a6a8c65,0.18,0.39189453125,10240.0,6227.0,472.12,NVIDIA GeForce RTX 3080,[N/A],Enabled,Enabled
1709119555.841263,0,GPU-a71d5fd4-b7db-93b7-1b7a-5a6e2a6a8c65,0.17,0.39189453125,10240.0,6227.0,472.12,NVIDIA GeForce RTX 3080,[N/A],Enabled,Enabled
1709119556.839371,0,GPU-a71d5fd4-b7db-93b7-1b7a-5a6e2a6a8c65,0.17,0.39189453125,10240.0,6227.0,472.12,NVIDIA GeForce RTX 3080,[N/A],Enabled,Enabled
1709119557.836935,0,GPU-a71d5fd4-b7db-93b7-1b7a-5a6e2a6a8c65,0.17,0.39189453125,10240.0,6227.0,472.12,NVIDIA GeForce RTX 3080,[N/A],Enabled,Enabled
1709119558.835869,0,GPU-a71d5fd4-b7db-93b7-1b7a-5a6e2a6a8c65,0.18,0.39189453125,10240.0,6227.0,472.12,NVIDIA GeForce RTX 3080,[N/A],Enabled,Enabled
1709119559.8312,0,GPU-a71d5fd4-b7db-93b7-1b7a-5a6e2a6a8c65,0.17,0.39189453125,10240.0,6227.0,472.12,NVIDIA GeForce RTX 3080,[N/A],Enabled,Enabled
1709119560.826773,0,GPU-a71d5fd4-b7db-93b7-1b7a-5a6e2a6a8c65,0.18,0.39189453125,10240.0,6227.0,472.12,NVIDIA GeForce RTX 3080,[N/A],Enabled,Enabled
1709119561.835859,0,GPU-a71d5fd4-b7db-93b7-1b7a-5a6e2a6a8c65,0.17,0.39189453125,10240.0,6227.0,472.12,NVIDIA GeForce RTX 3080,[N/A],Enabled,Enabled
1709119562.835078,0,GPU-a71d5fd4-b7db-93b7-1b7a-5a6e2a6a8c65,0.18,0.39189453125,10240.0,6227.0,472.12,NVIDIA GeForce RTX 3080,[N/A],Enabled,Enabled
1709119563.833862,0,GPU-a71d5fd4-b7db-93b7-1b7a-5a6e2a6a8c65,0.18,0.39189453125,10240.0,6227.0,472.12,NVIDIA GeForce RTX 3080,[N/A],Enabled,Enabled
1709119564.831165,0,GPU-a71d5fd4-b7db-93b7-1b7a-5a6e2a6a8c65,0.18,0.39189453125,10240.0,6227.0,472.12,NVIDIA GeForce RTX 3080,[N/A],Enabled,Enabled
1709119565.832003,0,GPU-a71d5fd4-b7db-93b7-1b7a-5a6e2a6a8c65,0.17,0.39189453125,10240.0,6227.0,472.12,NVIDIA GeForce RTX 3080,[N/A],Enabled,Enabled
1709119566.829993,0,GPU-a71d5fd4-b7db-93b7-1b7a-5a6e2a6a8c65,0.17,0.39189453125,10240.0,6227.0,472.12,NVIDIA GeForce RTX 3080,[N/A],Enabled,Enabled
1709119567.829295,0,GPU-a71d5fd4-b7db-93b7-1b7a-5a6e2a6a8c65,0.17,0.39189453125,10240.0,6227.0,472.12,NVIDIA GeForce RTX 3080,[N/A],Enabled,Enabled
1709119568.825562,0,GPU-a71d5fd4-b7db-93b7-1b7a-5a6e2a6a8c65,0.18,0.39189453125,10240.0,6227.0,472.12,NVIDIA GeForce RTX 3080,[N/A],Enabled,Enabled
1709119569.83685,0,GPU-a71d5fd4-b7db-93b7-1b7a-5a6e2a6a8c65,0.17,0.39189453125,10240.0,6227.0,472.12,NVIDIA GeForce RTX 3080,[N/A],Enabled,Enabled
1709119570.83322,0,GPU-a71d5fd4-b7db-93b7-1b7a-5a6e2a6a8c65,0.17,0.39189453125,10240.0,6227.0,472.12,NVIDIA GeForce RTX 3080,[N/A],Enabled,Enabled
1709119571.82931,0,GPU-a71d5fd4-b7db-93b7-1b7a-5a6e2a6a8c65,0.17,0.39189453125,10240.0,6227.0,472.12,NVIDIA GeForce RTX 3080,[N/A],Enabled,Enabled
1709119572.828164,0,GPU-a71d5fd4-b7db-93b7-1b7a-5a6e2a6a8c65,0.17,0.39189453125,10240.0,6227.0,472.12,NVIDIA GeForce RTX 3080,[N/A],Enabled,Enabled
1709119573.839944,0,GPU-a71d5fd4-b7db-93b7-1b7a-5a6e2a6a8c65,0.17,0.39189453125,10240.0,6227.0,472.12,NVIDIA GeForce RTX 3080,[N/A],Enabled,Enabled
1709119574.83289,0,GPU-a71d5fd4-b7db-93b7-1b7a-5a6e2a6a8c65,0.18,0.39189453125,10240.0,6227.0,472.12,NVIDIA GeForce RTX 3080,[N/A],Enabled,Enabled
1709119575.829084,0,GPU-a71d5fd4-b7db-93b7-1b7a-5a6e2a6a8c65,0.17,0.39189453125,10240.0,6227.0,472.12,NVIDIA GeForce RTX 3080,[N/A],Enabled,Enabled
1709119576.826874,0,GPU-a71d5fd4-b7db-93b7-1b7a-5a6e2a6a8c65,0.17,0.39189453125,10240.0,6227.0,472.12,NVIDIA GeForce RTX 3080,[N/A],Enabled,Enabled
1709119577.840841,0,GPU-a71d5fd4-b7db-93b7-1b7a-5a6e2a6a8c65,0.17,0.39189453125,10240.0,6227.0,472.12,NVIDIA GeForce RTX 3080,[N/A],Enabled,Enabled
1709119578.837842,0,GPU-a71d5fd4-b7db-93b7-1b7a-5a6e2a6a8c65,0.17,0.39189453125,10240.0,6227.0,472.12,NVIDIA GeForce RTX 3080,[N/A],Enabled,Enabled
1709119579.830836,0,GPU-a71d5fd4-b7db-93b7-1b7a-5a6e2a6a8c65,0.17,0.39189453125,10240.0,6227.0,472.12,NVIDIA GeForce RTX 3080,[N/A],Enabled,Enabled
1709119580.838955,0,GPU-a71d5fd4-b7db-93b7-1b7a-5a6e2a6a8c65,0.17,0.39189453125,10240.0,6227.0,472.12,NVIDIA GeForce RTX 3080,[N/A],Enabled,Enabled
1709119581.836057,0,GPU-a71d5fd4-b7db-93b7-1b7a-5a6e2a6a8c65,0.17,0.39189453125,10240.0,6227.0,472.12,NVIDIA GeForce RTX 3080,[N/A],Enabled,Enabled
1709119582.829103,0,GPU-a71d5fd4-b7db-93b7-1b7a-5a6e2a6a8c65,0.17,0.39189453125,10240.0,6227.0,472.12,NVIDIA GeForce RTX 3080,[N/A],Enabled,Enabled
1709119583.839856,0,GPU-a71d5fd4-b7db-93b7-1b7a-5a6e2a6a8c65,0.17,0.39189453125,10240.0,6227.0,472.12,NVIDIA GeForce RTX 3080,[N/A],Enabled,Enabled
1709119584.838004,0,GPU-a71d5fd4-b7db-93b7-1b7a-5a6e2a6a8c65,0.17,0.39189453125,10240.0,6227.0,472.12,NVIDIA GeForce RTX 3080,[N/A],Enabled,Enabled
1709119585.830923,0,GPU-a71d5fd4-b7db-93b7-1b7a-5a6e2a6a8c65,0.17,0.39189453125,10240.0,6227.0,472.12,NVIDIA GeForce RTX 3080,[N/A],Enabled,Enabled
1709119586.830899,0,GPU-a71d5fd4-b7db-93b7-1b7a-5a6e2a6a8c65,0.18,0.39189453125,10240.0,6227.0,472.12,NVIDIA GeForce RTX 3080,[N/A],Enabled,Enabled
1709119587.838922,0,GPU-a71d5fd4-b7db-93b7-1b7a-5a6e2a6a8c65,0.17,0.39189453125,10240.0,6227.0,472.12,NVIDIA GeForce RTX 3080,[N/A],Enabled,Enabled
1709119588.833163,0,GPU-a71d5fd4-b7db-93b7-1b7a-5a6e2a6a8c65,0.17,0.39189453125,10240.0,6227.0,472.12,NVIDIA GeForce RTX 3080,[N/A],Enabled,Enabled
1709119589.827855,0,GPU-a71d5fd4-b7db-93b7-1b7a-5a6e2a6a8c65,0.17,0.39189453125,10240.0,6227.0,472.12,NVIDIA GeForce RTX 3080,[N/A],Enabled,Enabled
1709119590.825876,0,GPU-a71d5fd4-b7db-93b7-1b7a-5a6e2a6a8c65,0.18,0.39189453125,10240.0,6227.0,472.12,NVIDIA GeForce RTX 3080,[N/A],Enabled,Enabled
1709119591.830795,0,GPU-a71d5fd4-b7db-93b7-1b7a-5a6e2a6a8c65,0.17,0.39189453125,10240.0,6227.0,472.12,NVIDIA GeForce RTX 3080,[N/A],Enabled,Enabled
1709119592.828908,0,GPU-a71d5fd4-b7db-93b7-1b7a-5a6e2a6a8c65,0.18,0.39189453125,10240.0,6227.0,472.12,NVIDIA GeForce RTX 3080,[N/A],Enabled,Enabled
1709119593.838309,0,GPU-a71d5fd4-b7db-93b7-1b7a-5a6e2a6a8c65,0.17,0.39189453125,10240.0,6227.0,472.12,NVIDIA GeForce RTX 3080,[N/A],Enabled,Enabled
1709119594.834258,0,GPU-a71d5fd4-b7db-93b7-1b7a-5a6e2a6a8c65,0.18,0.39189453125,10240.0,6227.0,472.12,NVIDIA GeForce RTX 3080,[N/A],Enabled,Enabled
1709119595.828893,0,GPU-a71d5fd4-b7db-93b7-1b7a-5a6e2a6a8c65,0.18,0.39189453125,10240.0,6227.0,472.12,NVIDIA GeForce RTX 3080,[N/A],Enabled,Enabled
1709119596.825988,0,GPU-a71d5fd4-b7db-93b7-1b7a-5a6e2a6a8c65,0.18,0.39189453125,10240.0,6227.0,472.12,NVIDIA GeForce RTX 3080,[N/A],Enabled,Enabled
1709119597.837419,0,GPU-a71d5fd4-b7db-93b7-1b7a-5a6e2a6a8c65,0.17,0.39189453125,10240.0,6227.0,472.12,NVIDIA GeForce RTX 3080,[N/A],Enabled,Enabled
1709119598.831911,0,GPU-a71d5fd4-b7db-93b7-1b7a-5a6e2a6a8c65,0.17,0.39189453125,10240.0,6227.0,472.12,NVIDIA GeForce RTX 3080,[N/A],Enabled,Enabled
1709119599.830192,0,GPU-a71d5fd4-b7db-93b7-1b7a-5a6e2a6a8c65,0.16,0.39189453125,10240.0,6227.0,472.12,NVIDIA GeForce RTX 3080,[N/A],Enabled,Enabled
1709119600.841261,0,GPU-a71d5fd4-b7db-93b7-1b7a-5a6e2a6a8c65,0.17,0.39189453125,10240.0,6227.0,472.12,NVIDIA GeForce RTX 3080,[N/A],Enabled,Enabled
1709119601.838362,0,GPU-a71d5fd4-b7db-93b7-1b7a-5a6e2a6a8c65,0.17,0.39189453125,10240.0,6227.0,472.12,NVIDIA GeForce RTX 3080,[N/A],Enabled,Enabled
1709119602.83227,0,GPU-a71d5fd4-b7db-93b7-1b7a-5a6e2a6a8c65,0.18,0.39189453125,10240.0,6227.0,472.12,NVIDIA GeForce RTX 3080,[N/A],Enabled,Enabled
1709119603.83215,0,GPU-a71d5fd4-b7db-93b7-1b7a-5a6e2a6a8c65,0.17,0.39189453125,10240.0,6227.0,472.12,NVIDIA GeForce RTX 3080,[N/A],Enabled,Enabled
1709119604.84031,0,GPU-a71d5fd4-b7db-93b7-1b7a-5a6e2a6a8c65,0.18,0.39189453125,10240.0,6227.0,472.12,NVIDIA GeForce RTX 3080,[N/A],Enabled,Enabled
1709119605.834263,0,GPU-a71d5fd4-b7db-93b7-1b7a-5a6e2a6a8c65,0.17,0.39189453125,10240.0,6227.0,472.12,NVIDIA GeForce RTX 3080,[N/A],Enabled,Enabled
1709119606.831242,0,GPU-a71d5fd4-b7db-93b7-1b7a-5a6e2a6a8c65,0.17,0.39189453125,10240.0,6227.0,472.12,NVIDIA GeForce RTX 3080,[N/A],Enabled,Enabled
1709119607.829882,0,GPU-a71d5fd4-b7db-93b7-1b7a-5a6e2a6a8c65,0.18,0.39189453125,10240.0,6227.0,472.12,NVIDIA GeForce RTX 3080,[N/A],Enabled,Enabled
1709119608.827273,0,GPU-a71d5fd4-b7db-93b7-1b7a-5a6e2a6a8c65,0.18,0.39189453125,10240.0,6227.0,472.12,NVIDIA GeForce RTX 3080,[N/A],Enabled,Enabled
1709119609.838424,0,GPU-a71d5fd4-b7db-93b7-1b7a-5a6e2a6a8c65,0.17,0.39189453125,10240.0,6227.0,472.12,NVIDIA GeForce RTX 3080,[N/A],Enabled,Enabled
1709119610.833019,0,GPU-a71d5fd4-b7db-93b7-1b7a-5a6e2a6a8c65,0.18,0.39189453125,10240.0,6227.0,472.12,NVIDIA GeForce RTX 3080,[N/A],Enabled,Enabled
1709119611.831261,0,GPU-a71d5fd4-b7db-93b7-1b7a-5a6e2a6a8c65,0.18,0.39189453125,10240.0,6227.0,472.12,NVIDIA GeForce RTX 3080,[N/A],Enabled,Enabled
1709119612.839853,0,GPU-a71d5fd4-b7db-93b7-1b7a-5a6e2a6a8c65,0.18,0.39189453125,10240.0,6227.0,472.12,NVIDIA GeForce RTX 3080,[N/A],Enabled,Enabled
1709119613.833232,0,GPU-a71d5fd4-b7db-93b7-1b7a-5a6e2a6a8c65,0.18,0.39189453125,10240.0,6227.0,472.12,NVIDIA GeForce RTX 3080,[N/A],Enabled,Enabled
1709119614.839583,0,GPU-a71d5fd4-b7db-93b7-1b7a-5a6e2a6a8c65,0.18,0.39189453125,10240.0,6227.0,472.12,NVIDIA GeForce RTX 3080,[N/A],Enabled,Enabled
1709119615.832946,0,GPU-a71d5fd4-b7db-93b7-1b7a-5a6e2a6a8c65,0.17,0.39189453125,10240.0,6227.0,472.12,NVIDIA GeForce RTX 3080,[N/A],Enabled,Enabled
1709119616.830256,0,GPU-a71d5fd4-b7db-93b7-1b7a-5a6e2a6a8c65,0.17,0.39189453125,10240.0,6227.0,472.12,NVIDIA GeForce RTX 3080,[N/A],Enabled,Enabled
1709119617.842294,0,GPU-a71d5fd4-b7db-93b7-1b7a-5a6e2a6a8c65,0.17,0.39189453125,10240.0,6227.0,472.12,NVIDIA GeForce RTX 3080,[N/A],Enabled,Enabled
1709119618.837043,0,GPU-a71d5fd4-b7db-93b7-1b7a-5a6e2a6a8c65,0.18,0.39189453125,10240.0,6227.0,472.12,NVIDIA GeForce RTX 3080,[N/A],Enabled,Enabled
1709119619.835961,0,GPU-a71d5fd4-b7db-93b7-1b7a-5a6e2a6a8c65,0.17,0.39189453125,10240.0,6227.0,472.12,NVIDIA GeForce RTX 3080,[N/A],Enabled,Enabled
1709119620.835981,0,GPU-a71d5fd4-b7db-93b7-1b7a-5a6e2a6a8c65,0.19,0.39189453125,10240.0,6227.0,472.12,NVIDIA GeForce RTX 3080,[N/A],Enabled,Enabled
1709119621.828907,0,GPU-a71d5fd4-b7db-93b7-1b7a-5a6e2a6a8c65,0.17,0.39189453125,10240.0,6227.0,472.12,NVIDIA GeForce RTX 3080,[N/A],Enabled,Enabled
1709119622.828237,0,GPU-a71d5fd4-b7db-93b7-1b7a-5a6e2a6a8c65,0.17,0.39189453125,10240.0,6227.0,472.12,NVIDIA GeForce RTX 3080,[N/A],Enabled,Enabled
1709119623.829017,0,GPU-a71d5fd4-b7db-93b7-1b7a-5a6e2a6a8c65,0.17,0.39189453125,10240.0,6227.0,472.12,NVIDIA GeForce RTX 3080,[N/A],Enabled,Enabled
1709119624.828844,0,GPU-a71d5fd4-b7db-93b7-1b7a-5a6e2a6a8c65,0.17,0.39189453125,10240.0,6227.0,472.12,NVIDIA GeForce RTX 3080,[N/A],Enabled,Enabled
1709119625.836954,0,GPU-a71d5fd4-b7db-93b7-1b7a-5a6e2a6a8c65,0.16,0.39189453125,10240.0,6227.0,472.12,NVIDIA GeForce RTX 3080,[N/A],Enabled,Enabled
1709119626.836149,0,GPU-a71d5fd4-b7db-93b7-1b7a-5a6e2a6a8c65,0.15,0.3833984375,10240.0,6314.0,472.12,NVIDIA GeForce RTX 3080,[N/A],Enabled,Enabled
1709119627.833835,0,GPU-a71d5fd4-b7db-93b7-1b7a-5a6e2a6a8c65,0.15,0.3833984375,10240.0,6314.0,472.12,NVIDIA GeForce RTX 3080,[N/A],Enabled,Enabled
1709119628.829861,0,GPU-a71d5fd4-b7db-93b7-1b7a-5a6e2a6a8c65,0.14,0.3796875,10240.0,6352.0,472.12,NVIDIA GeForce RTX 3080,[N/A],Enabled,Enabled
1709119629.826923,0,GPU-a71d5fd4-b7db-93b7-1b7a-5a6e2a6a8c65,0.15,0.3833984375,10240.0,6314.0,472.12,NVIDIA GeForce RTX 3080,[N/A],Enabled,Enabled
1709119630.840034,0,GPU-a71d5fd4-b7db-93b7-1b7a-5a6e2a6a8c65,0.14,0.3796875,10240.0,6352.0,472.12,NVIDIA GeForce RTX 3080,[N/A],Enabled,Enabled
1709119631.840855,0,GPU-a71d5fd4-b7db-93b7-1b7a-5a6e2a6a8c65,0.14,0.3796875,10240.0,6352.0,472.12,NVIDIA GeForce RTX 3080,[N/A],Enabled,Enabled
1709119632.839235,0,GPU-a71d5fd4-b7db-93b7-1b7a-5a6e2a6a8c65,0.14,0.3796875,10240.0,6352.0,472.12,NVIDIA GeForce RTX 3080,[N/A],Enabled,Enabled
1709119633.837715,0,GPU-a71d5fd4-b7db-93b7-1b7a-5a6e2a6a8c65,0.13,0.3796875,10240.0,6352.0,472.12,NVIDIA GeForce RTX 3080,[N/A],Enabled,Enabled
1709119634.837948,0,GPU-a71d5fd4-b7db-93b7-1b7a-5a6e2a6a8c65,0.14,0.3796875,10240.0,6352.0,472.12,NVIDIA GeForce RTX 3080,[N/A],Enabled,Enabled
1709119635.835713,0,GPU-a71d5fd4-b7db-93b7-1b7a-5a6e2a6a8c65,0.14,0.3796875,10240.0,6352.0,472.12,NVIDIA GeForce RTX 3080,[N/A],Enabled,Enabled
1709119636.836124,0,GPU-a71d5fd4-b7db-93b7-1b7a-5a6e2a6a8c65,0.14,0.3796875,10240.0,6352.0,472.12,NVIDIA GeForce RTX 3080,[N/A],Enabled,Enabled
