9.55 7.04 3.40 3/3082 6479
9.55 7.04 3.40 6/3077 6513
9.55 7.04 3.40 5/3069 6540
9.55 7.04 3.40 4/3061 6567
9.55 7.04 3.40 8/3061 6600
9.27 7.02 3.42 5/3060 6627
9.27 7.02 3.42 8/3060 6654
9.27 7.02 3.42 2/3060 6682
9.27 7.02 3.42 8/3061 6710
9.27 7.02 3.42 6/3058 6741
9.33 7.07 3.45 1/3057 6768
9.33 7.07 3.45 7/3056 6801
9.33 7.07 3.45 5/3055 6829
9.33 7.07 3.45 10/3055 6862
9.33 7.07 3.45 8/3053 6889
9.38 7.12 3.49 3/3053 6916
9.38 7.12 3.49 5/3053 6943
9.38 7.12 3.49 3/3050 6970
9.38 7.12 3.49 4/3050 6997
9.38 7.12 3.49 5/3049 7024
10.47 7.38 3.59 6/3049 7057
10.47 7.38 3.59 6/3049 7084
10.47 7.38 3.59 10/3049 7112
10.47 7.38 3.59 4/3049 7139
10.47 7.38 3.59 12/3049 7166
10.67 7.47 3.64 7/3049 7193
10.67 7.47 3.64 3/3049 7220
10.67 7.47 3.64 12/3049 7247
10.67 7.47 3.64 2/3049 7274
10.67 7.47 3.64 4/3049 7301
10.70 7.53 3.68 6/3049 7328
10.70 7.53 3.68 5/3049 7355
10.70 7.53 3.68 12/3049 7382
10.70 7.53 3.68 9/3049 7410
10.70 7.53 3.68 4/3049 7437
10.72 7.59 3.72 4/3049 7464
10.72 7.59 3.72 10/3049 7491
10.72 7.59 3.72 1/3049 7518
10.72 7.59 3.72 7/3049 7545
10.72 7.59 3.72 11/3049 7572
11.15 7.73 3.79 14/3049 7599
11.15 7.73 3.79 10/3049 7626
11.15 7.73 3.79 7/3049 7653
11.15 7.73 3.79 7/3049 7680
11.15 7.73 3.79 6/3049 7708
11.22 7.80 3.83 4/3049 7735
11.22 7.80 3.83 1/3049 7762
11.22 7.80 3.83 4/3049 7789
11.22 7.80 3.83 11/3049 7816
11.22 7.80 3.83 8/3049 7843
11.04 7.82 3.86 8/3049 7888
11.04 7.82 3.86 4/3049 7921
11.04 7.82 3.86 19/3049 7948
11.04 7.82 3.86 7/3049 7976
11.04 7.82 3.86 11/3049 8004
10.95 7.86 3.89 6/3049 8031
10.95 7.86 3.89 2/3049 8058
10.95 7.86 3.89 4/3049 8085
10.95 7.86 3.89 7/3048 8113
10.95 7.86 3.89 9/3048 8140
10.56 7.83 3.91 3/3048 8167
10.56 7.83 3.91 3/3048 8194
10.56 7.83 3.91 9/3048 8227
10.56 7.83 3.91 10/3048 8254
10.56 7.83 3.91 11/3048 8281
11.07 7.98 3.98 3/3048 8309
11.07 7.98 3.98 8/3048 8336
11.07 7.98 3.98 3/3048 8369
11.07 7.98 3.98 4/3048 8396
11.07 7.98 3.98 2/3048 8423
10.91 8.00 4.00 7/3048 8450
10.91 8.00 4.00 8/3048 8477
10.91 8.00 4.00 4/3048 8504
10.91 8.00 4.00 1/3048 8531
10.91 8.00 4.00 7/3048 8564
10.99 8.06 4.05 7/3048 8592
10.99 8.06 4.05 6/3048 8619
10.99 8.06 4.05 6/3048 8646
10.99 8.06 4.05 5/3048 8673
10.99 8.06 4.05 5/3048 8700
10.91 8.10 4.08 3/3048 8727
10.91 8.10 4.08 5/3048 8760
10.91 8.10 4.08 6/3048 8787
10.91 8.10 4.08 4/3047 8814
10.91 8.10 4.08 10/3047 8841
11.56 8.28 4.16 4/3047 8868
11.56 8.28 4.16 27/3047 8896
11.56 8.28 4.16 6/3047 8923
11.56 8.28 4.16 4/3047 8950
11.56 8.28 4.16 6/3047 8977
11.20 8.25 4.18 7/3047 9010
11.20 8.25 4.18 11/3047 9037
11.20 8.25 4.18 3/3047 9064
11.20 8.25 4.18 7/3049 9099
11.20 8.25 4.18 4/3045 9126
10.78 8.22 4.19 4/3049 9159
10.78 8.22 4.19 14/3045 9187
10.78 8.22 4.19 10/3049 9220
10.78 8.22 4.19 10/3049 9247
10.78 8.22 4.19 2/3049 9274
10.64 8.23 4.21 6/3049 9301
10.64 8.23 4.21 2/3049 9328
10.64 8.23 4.21 13/3049 9355
10.64 8.23 4.21 5/3054 9391
10.64 8.23 4.21 6/3054 9419
11.15 8.38 4.28 10/3054 9446
11.15 8.38 4.28 1/3055 9474
11.15 8.38 4.28 2/3055 9502
11.15 8.38 4.28 11/3055 9529
11.15 8.38 4.28 6/3055 9556
11.30 8.45 4.33 5/3056 9592
11.30 8.45 4.33 13/3055 9626
11.30 8.45 4.33 21/3055 9653
11.30 8.45 4.33 4/3056 9681
11.30 8.45 4.33 6/3056 9708
10.87 8.41 4.34 4/3056 9741
10.87 8.41 4.34 12/3056 9774
10.87 8.41 4.34 2/3056 9802
10.87 8.41 4.34 6/3056 9830
10.87 8.41 4.34 4/3056 9857
10.64 8.41 4.36 10/3056 9884
10.64 8.41 4.36 4/3056 9911
10.64 8.41 4.36 10/3056 9938
10.64 8.41 4.36 7/3056 9967
10.64 8.41 4.36 5/3054 9994
11.39 8.60 4.44 13/3054 10027
11.39 8.60 4.44 9/3054 10054
11.39 8.60 4.44 9/3054 10081
11.39 8.60 4.44 8/3054 10109
11.39 8.60 4.44 4/3054 10142
11.60 8.69 4.49 11/3054 10169
11.60 8.69 4.49 4/3054 10196
11.60 8.69 4.49 7/3054 10223
11.60 8.69 4.49 6/3054 10256
11.60 8.69 4.49 11/3054 10283
11.15 8.64 4.50 15/3054 10310
11.15 8.64 4.50 5/3054 10337
11.15 8.64 4.50 11/3054 10364
11.15 8.64 4.50 13/3054 10391
11.15 8.64 4.50 4/3054 10419
10.90 8.63 4.52 3/3054 10446
10.90 8.63 4.52 6/3054 10473
10.90 8.63 4.52 7/3054 10500
10.90 8.63 4.52 13/3054 10527
10.90 8.63 4.52 10/3054 10554
10.91 8.67 4.56 8/3054 10581
10.91 8.67 4.56 6/3054 10608
10.91 8.67 4.56 12/3054 10635
10.91 8.67 4.56 2/3054 10662
10.91 8.67 4.56 5/3054 10690
10.75 8.68 4.58 6/3054 10717
10.75 8.68 4.58 6/3054 10744
10.75 8.68 4.58 5/3054 10771
10.75 8.68 4.58 10/3054 10798
10.75 8.68 4.58 18/3054 10825
10.93 8.75 4.62 12/3054 10852
10.93 8.75 4.62 13/3054 10879
10.93 8.75 4.62 12/3054 10906
10.93 8.75 4.62 13/3054 10933
10.93 8.75 4.62 18/3054 10960
11.42 8.89 4.69 9/3054 10988
11.42 8.89 4.69 7/3054 11015
11.42 8.89 4.69 4/3054 11042
11.42 8.89 4.69 10/3051 11069
11.42 8.89 4.69 7/3051 11096
11.63 8.97 4.74 4/3051 11123
11.63 8.97 4.74 11/3051 11150
11.63 8.97 4.74 6/3051 11177
11.63 8.97 4.74 6/3049 11204
11.63 8.97 4.74 3/3049 11231
11.58 9.01 4.78 5/3049 11271
11.58 9.01 4.78 12/3049 11298
11.58 9.01 4.78 3/3049 11325
11.58 9.01 4.78 2/3049 11352
11.58 9.01 4.78 15/3049 11379
12.01 9.14 4.84 6/3049 11412
12.01 9.14 4.84 6/3049 11439
12.01 9.14 4.84 4/3049 11466
12.01 9.14 4.84 6/3049 11497
12.01 9.14 4.84 7/3049 11530
12.01 9.19 4.88 5/3049 11557
12.01 9.19 4.88 3/3049 11585
12.01 9.19 4.88 5/3049 11618
12.01 9.19 4.88 5/3045 11645
12.01 9.19 4.88 8/3049 11678
12.17 9.27 4.93 3/3049 11705
12.17 9.27 4.93 14/3049 11732
12.17 9.27 4.93 9/3049 11759
12.17 9.27 4.93 12/3049 11786
12.17 9.27 4.93 4/3049 11813
12.00 9.28 4.96 7/3049 11840
12.00 9.28 4.96 9/3049 11868
12.00 9.28 4.96 8/3049 11895
12.00 9.28 4.96 13/3049 11922
12.00 9.28 4.96 11/3049 11955
12.32 9.39 5.02 12/3049 11988
12.32 9.39 5.02 6/3049 12015
12.32 9.39 5.02 10/3045 12042
12.32 9.39 5.02 9/3049 12075
12.32 9.39 5.02 3/3049 12102
12.21 9.42 5.05 9/3049 12129
12.21 9.42 5.05 13/3049 12156
12.21 9.42 5.05 14/3049 12184
12.21 9.42 5.05 3/3049 12211
12.21 9.42 5.05 7/3049 12238
11.79 9.38 5.06 3/3049 12265
11.79 9.38 5.06 7/3049 12298
11.79 9.38 5.06 4/3049 12325
11.79 9.38 5.06 8/3049 12352
11.79 9.38 5.06 4/3049 12379
11.89 9.44 5.10 15/3049 12406
11.89 9.44 5.10 4/3049 12439
11.89 9.44 5.10 4/3049 12473
11.89 9.44 5.10 5/3045 12500
11.89 9.44 5.10 5/3049 12533
11.50 9.40 5.11 9/3049 12560
11.50 9.40 5.11 4/3049 12587
11.50 9.40 5.11 7/3049 12614
11.50 9.40 5.11 7/3049 12641
11.50 9.40 5.11 12/3049 12668
11.86 9.51 5.17 24/3049 12701
11.86 9.51 5.17 15/3055 12736
11.86 9.51 5.17 6/3056 12764
11.86 9.51 5.17 26/3056 12793
11.86 9.51 5.17 13/3056 12820
12.11 9.60 5.22 4/3056 12847
12.11 9.60 5.22 7/3046 12874
12.11 9.60 5.22 4/3046 12901
12.11 9.60 5.22 10/3047 12929
12.11 9.60 5.22 2/3047 12956
12.42 9.70 5.28 5/3047 12987
12.42 9.70 5.28 10/3046 13026
12.42 9.70 5.28 8/3046 13053
12.42 9.70 5.28 11/3046 13086
12.42 9.70 5.28 4/3046 13114
12.15 9.69 5.30 12/3046 13141
12.15 9.69 5.30 16/3046 13168
12.15 9.69 5.30 2/3046 13195
12.15 9.69 5.30 14/3046 13223
12.15 9.69 5.30 3/3045 13250
