9.23 9.66 9.63 6/2581 5658
9.13 9.64 9.62 9/2581 5678
9.13 9.64 9.62 6/2581 5697
9.13 9.64 9.62 3/2581 5716
9.13 9.64 9.62 3/2581 5735
9.13 9.64 9.62 5/2581 5754
9.28 9.66 9.63 1/2581 5774
9.28 9.66 9.63 7/2583 5795
9.28 9.66 9.63 6/2583 5814
9.28 9.66 9.63 5/2583 5833
9.28 9.66 9.63 7/2583 5852
9.42 9.68 9.63 4/2583 5871
9.42 9.68 9.63 8/2583 5890
9.42 9.68 9.63 8/2583 5909
9.42 9.68 9.63 3/2583 5928
9.42 9.68 9.63 6/2583 5947
9.22 9.64 9.62 3/2583 5966
9.22 9.64 9.62 9/2583 5989
9.22 9.64 9.62 3/2581 6008
9.22 9.64 9.62 2/2580 6027
9.22 9.64 9.62 5/2580 6046
9.29 9.64 9.62 10/2581 6066
9.29 9.64 9.62 5/2582 6086
9.29 9.64 9.62 6/2582 6105
9.29 9.64 9.62 1/2582 6124
9.29 9.64 9.62 3/2582 6143
9.26 9.63 9.62 2/2582 6162
9.26 9.63 9.62 4/2582 6181
9.26 9.63 9.62 3/2582 6200
9.26 9.63 9.62 4/2583 6220
9.26 9.63 9.62 6/2583 6239
9.08 9.59 9.60 6/2583 6258
9.08 9.59 9.60 3/2583 6277
9.08 9.59 9.60 7/2581 6296
9.08 9.59 9.60 6/2581 6315
9.08 9.59 9.60 9/2581 6334
9.87 9.75 9.66 10/2581 6353
9.87 9.75 9.66 8/2581 6372
9.87 9.75 9.66 2/2581 6391
9.87 9.75 9.66 2/2581 6410
9.87 9.75 9.66 1/2581 6429
9.80 9.73 9.65 4/2581 6448
9.80 9.73 9.65 3/2581 6467
9.80 9.73 9.65 9/2581 6486
9.80 9.73 9.65 4/2580 6505
9.80 9.73 9.65 5/2580 6524
9.90 9.75 9.66 12/2580 6543
9.90 9.75 9.66 2/2580 6562
9.90 9.75 9.66 7/2580 6581
9.90 9.75 9.66 3/2580 6600
9.90 9.75 9.66 4/2579 6619
9.67 9.71 9.64 3/2579 6638
9.67 9.71 9.64 13/2579 6657
9.67 9.71 9.64 10/2579 6676
9.67 9.71 9.64 7/2579 6695
9.67 9.71 9.64 6/2579 6714
10.10 9.80 9.67 3/2579 6733
10.10 9.80 9.67 8/2579 6752
10.10 9.80 9.67 6/2579 6771
10.10 9.80 9.67 10/2579 6790
10.10 9.80 9.67 4/2581 6811
9.85 9.75 9.66 1/2581 6830
9.85 9.75 9.66 5/2581 6849
9.85 9.75 9.66 2/2581 6871
9.85 9.75 9.66 3/2580 6890
9.85 9.75 9.66 4/2579 6909
9.46 9.67 9.63 9/2579 6928
9.46 9.67 9.63 9/2579 6947
9.46 9.67 9.63 3/2578 6966
9.46 9.67 9.63 2/2578 6985
9.46 9.67 9.63 4/2578 7004
9.42 9.66 9.63 13/2579 7024
9.42 9.66 9.63 3/2579 7043
9.42 9.66 9.63 3/2580 7063
9.42 9.66 9.63 2/2580 7082
9.42 9.66 9.63 2/2580 7101
9.55 9.68 9.64 10/2580 7120
9.55 9.68 9.64 4/2580 7143
9.55 9.68 9.64 4/2580 7162
9.55 9.68 9.64 2/2580 7181
9.55 9.68 9.64 3/2580 7200
9.75 9.72 9.65 3/2580 7219
9.75 9.72 9.65 6/2580 7238
9.75 9.72 9.65 3/2581 7258
9.75 9.72 9.65 1/2581 7277
9.75 9.72 9.65 2/2581 7296
9.44 9.66 9.63 8/2581 7315
9.44 9.66 9.63 10/2581 7334
9.44 9.66 9.63 6/2581 7353
9.44 9.66 9.63 1/2581 7372
9.44 9.66 9.63 2/2581 7391
9.33 9.63 9.62 5/2581 7410
9.33 9.63 9.62 11/2581 7429
9.33 9.63 9.62 8/2581 7448
9.33 9.63 9.62 2/2581 7467
9.33 9.63 9.62 7/2581 7486
8.98 9.55 9.60 10/2581 7505
8.98 9.55 9.60 1/2581 7524
8.98 9.55 9.60 10/2581 7543
8.98 9.55 9.60 4/2581 7562
8.98 9.55 9.60 5/2581 7581
9.94 9.74 9.66 4/2581 7600
9.94 9.74 9.66 6/2581 7619
9.94 9.74 9.66 8/2581 7638
9.94 9.74 9.66 2/2581 7657
9.94 9.74 9.66 5/2581 7676
9.87 9.73 9.65 5/2581 7695
9.87 9.73 9.65 7/2582 7715
9.87 9.73 9.65 3/2582 7734
9.87 9.73 9.65 4/2582 7753
9.87 9.73 9.65 3/2582 7772
9.72 9.70 9.64 12/2582 7791
9.72 9.70 9.64 3/2582 7810
9.72 9.70 9.64 6/2582 7829
9.72 9.70 9.64 3/2582 7848
9.72 9.70 9.64 12/2582 7867
9.74 9.71 9.65 6/2582 7886
9.74 9.71 9.65 3/2583 7906
9.74 9.71 9.65 6/2583 7925
9.74 9.71 9.65 3/2583 7944
9.74 9.71 9.65 3/2583 7963
10.00 9.76 9.66 3/2583 7982
10.00 9.76 9.66 3/2584 8002
10.00 9.76 9.66 7/2584 8021
10.00 9.76 9.66 8/2584 8040
10.00 9.76 9.66 6/2584 8059
10.08 9.78 9.67 4/2583 8078
10.08 9.78 9.67 1/2583 8097
10.08 9.78 9.67 8/2583 8116
10.08 9.78 9.67 5/2583 8135
10.00 9.77 9.67 3/2583 8154
10.00 9.77 9.67 2/2583 8173
10.00 9.77 9.67 6/2582 8192
10.00 9.77 9.67 4/2582 8211
10.00 9.77 9.67 5/2582 8230
9.92 9.76 9.66 11/2586 8253
9.92 9.76 9.66 7/2586 8276
9.92 9.76 9.66 2/2586 8295
9.92 9.76 9.66 7/2586 8314
9.92 9.76 9.66 3/2586 8333
9.76 9.73 9.65 2/2586 8352
9.76 9.73 9.65 13/2586 8371
9.76 9.73 9.65 3/2586 8390
9.76 9.73 9.65 11/2586 8409
9.76 9.73 9.65 1/2587 8429
9.78 9.73 9.66 6/2587 8448
9.78 9.73 9.66 5/2587 8467
9.78 9.73 9.66 4/2587 8486
9.78 9.73 9.66 5/2587 8505
9.78 9.73 9.66 1/2587 8524
9.56 9.69 9.64 4/2587 8543
9.56 9.69 9.64 4/2587 8562
9.56 9.69 9.64 1/2587 8581
9.56 9.69 9.64 1/2587 8600
9.56 9.69 9.64 4/2587 8619
9.59 9.69 9.64 3/2587 8638
9.59 9.69 9.64 5/2587 8657
9.59 9.69 9.64 2/2588 8677
9.59 9.69 9.64 8/2588 8696
9.59 9.69 9.64 3/2588 8715
9.63 9.70 9.65 6/2588 8735
9.63 9.70 9.65 8/2588 8754
9.63 9.70 9.65 5/2588 8773
9.63 9.70 9.65 4/2588 8792
9.63 9.70 9.65 7/2588 8811
9.58 9.69 9.64 5/2588 8830
9.58 9.69 9.64 7/2588 8849
9.58 9.69 9.64 1/2588 8868
9.58 9.69 9.64 6/2588 8887
9.58 9.69 9.64 6/2588 8906
9.93 9.76 9.67 7/2588 8925
9.93 9.76 9.67 2/2588 8944
9.93 9.76 9.67 6/2588 8963
9.93 9.76 9.67 7/2588 8982
9.93 9.76 9.67 4/2588 9001
9.62 9.70 9.65 3/2588 9020
9.62 9.70 9.65 1/2588 9039
9.62 9.70 9.65 5/2588 9058
9.62 9.70 9.65 1/2588 9077
9.62 9.70 9.65 3/2588 9096
9.49 9.67 9.64 9/2588 9115
9.49 9.67 9.64 6/2588 9134
9.49 9.67 9.64 4/2588 9153
9.49 9.67 9.64 3/2588 9172
9.49 9.67 9.64 3/2588 9191
9.29 9.62 9.62 3/2588 9210
9.29 9.62 9.62 2/2588 9229
9.29 9.62 9.62 3/2588 9248
9.29 9.62 9.62 6/2588 9267
9.29 9.62 9.62 4/2588 9286
9.42 9.65 9.63 5/2588 9305
9.42 9.65 9.63 12/2588 9324
9.42 9.65 9.63 5/2588 9343
9.42 9.65 9.63 2/2588 9362
9.31 9.62 9.62 2/2588 9381
9.31 9.62 9.62 1/2588 9404
9.31 9.62 9.62 4/2588 9423
9.31 9.62 9.62 3/2588 9442
9.31 9.62 9.62 6/2588 9461
9.37 9.62 9.62 3/2588 9480
9.37 9.62 9.62 10/2588 9499
9.37 9.62 9.62 9/2588 9518
9.37 9.62 9.62 6/2588 9537
9.18 9.58 9.61 7/2588 9556
9.18 9.58 9.61 1/2588 9575
9.18 9.58 9.61 8/2588 9594
9.18 9.58 9.61 5/2588 9613
9.18 9.58 9.61 4/2588 9632
9.80 9.70 9.65 5/2588 9651
9.80 9.70 9.65 2/2588 9670
9.80 9.70 9.65 6/2588 9689
9.80 9.70 9.65 4/2588 9708
9.80 9.70 9.65 9/2588 9727
9.42 9.63 9.62 3/2588 9746
9.42 9.63 9.62 8/2588 9765
9.42 9.63 9.62 5/2586 9784
9.42 9.63 9.62 2/2586 9803
9.42 9.63 9.62 9/2586 9822
9.38 9.62 9.62 8/2586 9841
9.38 9.62 9.62 10/2586 9860
9.38 9.62 9.62 10/2586 9879
9.38 9.62 9.62 4/2586 9898
9.38 9.62 9.62 6/2586 9917
9.59 9.66 9.63 6/2586 9936
9.59 9.66 9.63 10/2586 9955
9.59 9.66 9.63 7/2585 9974
9.59 9.66 9.63 3/2586 9994
9.59 9.66 9.63 2/2586 10013
9.71 9.68 9.64 2/2586 10032
9.71 9.68 9.64 4/2587 10052
9.71 9.68 9.64 12/2587 10071
9.71 9.68 9.64 4/2587 10090
9.71 9.68 9.64 1/2587 10110
9.73 9.68 9.64 4/2587 10129
9.73 9.68 9.64 2/2587 10148
9.73 9.68 9.64 5/2587 10167
9.73 9.68 9.64 7/2587 10186
9.73 9.68 9.64 3/2587 10205
9.75 9.69 9.65 9/2587 10224
9.75 9.69 9.65 4/2587 10243
9.75 9.69 9.65 9/2587 10266
