12-17 20:47:55.338  9369  9369 I BatteryMgr:DataCollectionService: onStartCommand: begin
12-17 20:47:55.338  9369  9369 I BatteryMgr:DataCollectionService: onStartCommand: sampleRate => 1000
12-17 20:47:55.338  9369  9369 I BatteryMgr:DataCollectionService: onStartCommand: rawFields => Timestamp,BATTERY_PROPERTY_CURRENT_NOW,EXTRA_VOLTAGE
12-17 20:47:55.340  9369  9369 I BatteryMgr:DataCollectionService: onStartCommand: notification done
12-17 20:47:55.342  9369  9369 I BatteryMgr:DataCollectionService: started foreground
12-17 20:47:55.345  9369  9389 I BatteryMgr:DataCollectionService: collectData: begin
12-17 20:47:55.346  9369  9389 I BatteryMgr:DataCollectionService: stats => 1702842475346,-1670409,3887
12-17 20:47:56.350  9369  9389 I BatteryMgr:DataCollectionService: stats => 1702842476350,-1673338,3887
12-17 20:47:57.353  9369  9389 I BatteryMgr:DataCollectionService: stats => 1702842477352,-1668944,3888
12-17 20:47:58.355  9369  9389 I BatteryMgr:DataCollectionService: stats => 1702842478355,-1641112,3888
12-17 20:47:59.357  9369  9389 I BatteryMgr:DataCollectionService: stats => 1702842479357,-1648924,3888
12-17 20:48:00.359  9369  9389 I BatteryMgr:DataCollectionService: stats => 1702842480359,-1662108,3888
12-17 20:48:01.363  9369  9389 I BatteryMgr:DataCollectionService: stats => 1702842481363,-1683592,3888
12-17 20:48:02.366  9369  9389 I BatteryMgr:DataCollectionService: stats => 1702842482366,-1656737,3888
12-17 20:48:03.369  9369  9389 I BatteryMgr:DataCollectionService: stats => 1702842483369,-1680174,3888
12-17 20:48:04.371  9369  9389 I BatteryMgr:DataCollectionService: stats => 1702842484371,-1655760,3888
12-17 20:48:05.374  9369  9389 I BatteryMgr:DataCollectionService: stats => 1702842485373,-1670409,3888
12-17 20:48:06.376  9369  9389 I BatteryMgr:DataCollectionService: stats => 1702842486376,-1658690,3888
12-17 20:48:07.379  9369  9389 I BatteryMgr:DataCollectionService: stats => 1702842487379,-1680174,3888
12-17 20:48:08.382  9369  9389 I BatteryMgr:DataCollectionService: stats => 1702842488382,-1670409,3888
12-17 20:48:09.385  9369  9389 I BatteryMgr:DataCollectionService: stats => 1702842489385,-1679686,3888
12-17 20:48:10.388  9369  9389 I BatteryMgr:DataCollectionService: stats => 1702842490388,-1663573,3888
12-17 20:48:11.391  9369  9389 I BatteryMgr:DataCollectionService: stats => 1702842491391,-1657225,3888
12-17 20:48:12.393  9369  9389 I BatteryMgr:DataCollectionService: stats => 1702842492393,-1667967,3888
12-17 20:48:13.395  9369  9389 I BatteryMgr:DataCollectionService: stats => 1702842493395,-1644042,3888
12-17 20:48:14.398  9369  9389 I BatteryMgr:DataCollectionService: stats => 1702842494398,-1674803,3888
12-17 20:48:15.401  9369  9389 I BatteryMgr:DataCollectionService: stats => 1702842495401,-1656249,3885
12-17 20:48:16.403  9369  9389 I BatteryMgr:DataCollectionService: stats => 1702842496403,-1689940,3885
12-17 20:48:17.406  9369  9389 I BatteryMgr:DataCollectionService: stats => 1702842497406,-1663085,3885
12-17 20:48:18.409  9369  9389 I BatteryMgr:DataCollectionService: stats => 1702842498409,-1643553,3885
12-17 20:48:19.414  9369  9389 I BatteryMgr:DataCollectionService: stats => 1702842499414,-1638671,3885
12-17 20:48:20.416  9369  9389 I BatteryMgr:DataCollectionService: stats => 1702842500416,-1690917,3885
12-17 20:48:21.418  9369  9389 I BatteryMgr:DataCollectionService: stats => 1702842501418,-1660643,3885
12-17 20:48:22.422  9369  9389 I BatteryMgr:DataCollectionService: stats => 1702842502422,-1668456,3885
12-17 20:48:23.426  9369  9389 I BatteryMgr:DataCollectionService: stats => 1702842503426,-1689452,3885
12-17 20:48:24.429  9369  9389 I BatteryMgr:DataCollectionService: stats => 1702842504429,-1678221,3885
12-17 20:48:25.431  9369  9389 I BatteryMgr:DataCollectionService: stats => 1702842505431,-1668944,3884
12-17 20:48:26.433  9369  9389 I BatteryMgr:DataCollectionService: stats => 1702842506433,-1668944,3884
12-17 20:48:27.437  9369  9389 I BatteryMgr:DataCollectionService: stats => 1702842507437,-1678710,3884
12-17 20:48:28.439  9369  9389 I BatteryMgr:DataCollectionService: stats => 1702842508439,-1671385,3884
12-17 20:48:29.442  9369  9389 I BatteryMgr:DataCollectionService: stats => 1702842509441,-1685057,3884
12-17 20:48:30.444  9369  9389 I BatteryMgr:DataCollectionService: stats => 1702842510444,-1656249,3884
12-17 20:48:31.449  9369  9389 I BatteryMgr:DataCollectionService: stats => 1702842511449,-1668944,3884
12-17 20:48:32.453  9369  9389 I BatteryMgr:DataCollectionService: stats => 1702842512453,-1681151,3884
12-17 20:48:33.456  9369  9389 I BatteryMgr:DataCollectionService: stats => 1702842513456,-1665038,3884
12-17 20:48:34.458  9369  9389 I BatteryMgr:DataCollectionService: stats => 1702842514458,-1646971,3884
12-17 20:48:35.463  9369  9389 I BatteryMgr:DataCollectionService: stats => 1702842515463,-1673827,3884
12-17 20:48:36.466  9369  9389 I BatteryMgr:DataCollectionService: stats => 1702842516466,-1660155,3884
12-17 20:48:37.468  9369  9389 I BatteryMgr:DataCollectionService: stats => 1702842517468,-1651854,3884
12-17 20:48:38.470  9369  9389 I BatteryMgr:DataCollectionService: stats => 1702842518470,-1658202,3884
12-17 20:48:39.472  9369  9389 I BatteryMgr:DataCollectionService: stats => 1702842519472,-1661620,3884
12-17 20:48:40.477  9369  9389 I BatteryMgr:DataCollectionService: stats => 1702842520477,-1649413,3884
12-17 20:48:41.479  9369  9389 I BatteryMgr:DataCollectionService: stats => 1702842521479,-1643553,3884
12-17 20:48:42.482  9369  9389 I BatteryMgr:DataCollectionService: stats => 1702842522481,-1670409,3884
12-17 20:48:43.484  9369  9389 I BatteryMgr:DataCollectionService: stats => 1702842523484,-1652831,3884
12-17 20:48:44.488  9369  9389 I BatteryMgr:DataCollectionService: stats => 1702842524487,-1645995,3884
12-17 20:48:45.492  9369  9389 I BatteryMgr:DataCollectionService: stats => 1702842525492,-1646483,3884
12-17 20:48:46.494  9369  9389 I BatteryMgr:DataCollectionService: stats => 1702842526494,-1649413,3884
12-17 20:48:47.496  9369  9389 I BatteryMgr:DataCollectionService: stats => 1702842527496,-1667967,3884
12-17 20:48:48.499  9369  9389 I BatteryMgr:DataCollectionService: stats => 1702842528499,-1657713,3884
12-17 20:48:49.503  9369  9389 I BatteryMgr:DataCollectionService: stats => 1702842529503,-1634276,3884
12-17 20:48:50.506  9369  9389 I BatteryMgr:DataCollectionService: stats => 1702842530506,-1652831,3884
12-17 20:48:51.508  9369  9389 I BatteryMgr:DataCollectionService: stats => 1702842531508,-1618163,3884
12-17 20:48:52.512  9369  9389 I BatteryMgr:DataCollectionService: stats => 1702842532512,-1656737,3884
12-17 20:48:53.515  9369  9389 I BatteryMgr:DataCollectionService: stats => 1702842533515,-1640624,3884
12-17 20:48:54.517  9369  9389 I BatteryMgr:DataCollectionService: stats => 1702842534517,-1648436,3882
12-17 20:48:55.520  9369  9389 I BatteryMgr:DataCollectionService: stats => 1702842535520,-1653807,3882
12-17 20:48:56.522  9369  9389 I BatteryMgr:DataCollectionService: stats => 1702842536522,-1668944,3882
12-17 20:48:57.525  9369  9389 I BatteryMgr:DataCollectionService: stats => 1702842537525,-1640624,3882
12-17 20:48:58.530  9369  9389 I BatteryMgr:DataCollectionService: stats => 1702842538530,-1667479,3882
12-17 20:48:59.532  9369  9389 I BatteryMgr:DataCollectionService: stats => 1702842539532,-1630858,3882
12-17 20:49:00.535  9369  9389 I BatteryMgr:DataCollectionService: stats => 1702842540535,-1645018,3882
12-17 20:49:01.538  9369  9389 I BatteryMgr:DataCollectionService: stats => 1702842541538,-1645018,3882
12-17 20:49:02.540  9369  9389 I BatteryMgr:DataCollectionService: stats => 1702842542540,-1633299,3882
12-17 20:49:03.543  9369  9389 I BatteryMgr:DataCollectionService: stats => 1702842543543,-1642089,3882
12-17 20:49:04.548  9369  9389 I BatteryMgr:DataCollectionService: stats => 1702842544548,-1670409,3880
12-17 20:49:05.551  9369  9389 I BatteryMgr:DataCollectionService: stats => 1702842545551,-1632323,3880
12-17 20:49:06.553  9369  9389 I BatteryMgr:DataCollectionService: stats => 1702842546553,-1649901,3880
12-17 20:49:07.556  9369  9389 I BatteryMgr:DataCollectionService: stats => 1702842547556,-1644530,3880
12-17 20:49:08.558  9369  9389 I BatteryMgr:DataCollectionService: stats => 1702842548558,-1648436,3880
12-17 20:49:09.560  9369  9389 I BatteryMgr:DataCollectionService: stats => 1702842549560,-1657713,3880
12-17 20:49:10.563  9369  9389 I BatteryMgr:DataCollectionService: stats => 1702842550563,-1654784,3880
12-17 20:49:11.566  9369  9389 I BatteryMgr:DataCollectionService: stats => 1702842551566,-1656737,3880
12-17 20:49:12.569  9369  9389 I BatteryMgr:DataCollectionService: stats => 1702842552569,-1660643,3880
12-17 20:49:13.571  9369  9389 I BatteryMgr:DataCollectionService: stats => 1702842553571,-1662596,3880
12-17 20:49:14.575  9369  9389 I BatteryMgr:DataCollectionService: stats => 1702842554575,-1623534,3881
12-17 20:49:15.578  9369  9389 I BatteryMgr:DataCollectionService: stats => 1702842555578,-1664061,3881
12-17 20:49:16.581  9369  9389 I BatteryMgr:DataCollectionService: stats => 1702842556580,-1659667,3881
12-17 20:49:17.583  9369  9389 I BatteryMgr:DataCollectionService: stats => 1702842557583,-1646971,3881
12-17 20:49:18.588  9369  9389 I BatteryMgr:DataCollectionService: stats => 1702842558588,-1641112,3881
12-17 20:49:19.590  9369  9389 I BatteryMgr:DataCollectionService: stats => 1702842559590,-1645018,3881
12-17 20:49:20.593  9369  9389 I BatteryMgr:DataCollectionService: stats => 1702842560593,-1634276,3881
12-17 20:49:21.595  9369  9389 I BatteryMgr:DataCollectionService: stats => 1702842561595,-1641112,3881
12-17 20:49:22.597  9369  9389 I BatteryMgr:DataCollectionService: stats => 1702842562597,-1656737,3881
12-17 20:49:23.602  9369  9389 I BatteryMgr:DataCollectionService: stats => 1702842563602,-1643065,3881
12-17 20:49:24.604  9369  9389 I BatteryMgr:DataCollectionService: stats => 1702842564604,-1657713,3878
12-17 20:49:25.606  9369  9389 I BatteryMgr:DataCollectionService: stats => 1702842565606,-1694823,3878
12-17 20:49:26.609  9369  9389 I BatteryMgr:DataCollectionService: stats => 1702842566609,-1637206,3878
12-17 20:49:27.613  9369  9389 I BatteryMgr:DataCollectionService: stats => 1702842567613,-1635741,3878
12-17 20:49:28.616  9369  9389 I BatteryMgr:DataCollectionService: stats => 1702842568616,-1668944,3878
12-17 20:49:29.619  9369  9389 I BatteryMgr:DataCollectionService: stats => 1702842569619,-1650389,3878
12-17 20:49:30.621  9369  9389 I BatteryMgr:DataCollectionService: stats => 1702842570621,-1665526,3878
12-17 20:49:31.626  9369  9389 I BatteryMgr:DataCollectionService: stats => 1702842571626,-1660643,3878
12-17 20:49:32.629  9369  9389 I BatteryMgr:DataCollectionService: stats => 1702842572629,-1700682,3878
12-17 20:49:33.631  9369  9389 I BatteryMgr:DataCollectionService: stats => 1702842573631,-1647948,3878
12-17 20:49:34.633  9369  9389 I BatteryMgr:DataCollectionService: stats => 1702842574633,-1676756,3876
12-17 20:49:35.636  9369  9389 I BatteryMgr:DataCollectionService: stats => 1702842575636,-1673827,3876
12-17 20:49:36.639  9369  9389 I BatteryMgr:DataCollectionService: stats => 1702842576639,-1629881,3876
12-17 20:49:37.641  9369  9389 I BatteryMgr:DataCollectionService: stats => 1702842577641,-1628417,3876
12-17 20:49:38.644  9369  9389 I BatteryMgr:DataCollectionService: stats => 1702842578644,-1645506,3876
12-17 20:49:39.646  9369  9389 I BatteryMgr:DataCollectionService: stats => 1702842579646,-1648436,3876
12-17 20:49:40.651  9369  9389 I BatteryMgr:DataCollectionService: stats => 1702842580651,-1652831,3876
12-17 20:49:41.654  9369  9389 I BatteryMgr:DataCollectionService: stats => 1702842581654,-1635741,3876
12-17 20:49:42.657  9369  9389 I BatteryMgr:DataCollectionService: stats => 1702842582657,-1644530,3876
12-17 20:49:43.659  9369  9389 I BatteryMgr:DataCollectionService: stats => 1702842583659,-1645018,3876
12-17 20:49:44.665  9369  9389 I BatteryMgr:DataCollectionService: stats => 1702842584665,-1666014,3876
12-17 20:49:45.667  9369  9389 I BatteryMgr:DataCollectionService: stats => 1702842585667,-1671874,3876
12-17 20:49:46.669  9369  9389 I BatteryMgr:DataCollectionService: stats => 1702842586669,-1668456,3876
12-17 20:49:47.672  9369  9389 I BatteryMgr:DataCollectionService: stats => 1702842587672,-1647948,3876
12-17 20:49:48.674  9369  9389 I BatteryMgr:DataCollectionService: stats => 1702842588674,-1645995,3876
12-17 20:49:49.677  9369  9389 I BatteryMgr:DataCollectionService: stats => 1702842589677,-1664061,3876
12-17 20:49:50.680  9369  9389 I BatteryMgr:DataCollectionService: stats => 1702842590680,-1651854,3876
12-17 20:49:51.682  9369  9389 I BatteryMgr:DataCollectionService: stats => 1702842591682,-1646483,3876
12-17 20:49:52.684  9369  9389 I BatteryMgr:DataCollectionService: stats => 1702842592684,-1650389,3876
12-17 20:49:53.687  9369  9389 I BatteryMgr:DataCollectionService: stats => 1702842593687,-1629393,3876
12-17 20:49:54.693  9369  9389 I BatteryMgr:DataCollectionService: stats => 1702842594693,-1641600,3875
12-17 20:49:55.695  9369  9389 I BatteryMgr:DataCollectionService: stats => 1702842595695,-1650878,3875
12-17 20:49:56.698  9369  9389 I BatteryMgr:DataCollectionService: stats => 1702842596698,-1659178,3875
12-17 20:49:57.702  9369  9389 I BatteryMgr:DataCollectionService: stats => 1702842597702,-1659178,3875
12-17 20:49:58.705  9369  9389 I BatteryMgr:DataCollectionService: stats => 1702842598705,-1653807,3875
12-17 20:49:59.708  9369  9389 I BatteryMgr:DataCollectionService: stats => 1702842599708,-1647460,3875
12-17 20:50:00.710  9369  9389 I BatteryMgr:DataCollectionService: stats => 1702842600710,-1657225,3875
12-17 20:50:01.713  9369  9389 I BatteryMgr:DataCollectionService: stats => 1702842601713,-1654784,3875
12-17 20:50:02.715  9369  9389 I BatteryMgr:DataCollectionService: stats => 1702842602715,-1647948,3875
12-17 20:50:03.718  9369  9389 I BatteryMgr:DataCollectionService: stats => 1702842603718,-1645995,3875
12-17 20:50:04.720  9369  9389 I BatteryMgr:DataCollectionService: stats => 1702842604720,-1634276,3874
12-17 20:50:05.722  9369  9389 I BatteryMgr:DataCollectionService: stats => 1702842605722,-1645995,3874
12-17 20:50:06.726  9369  9389 I BatteryMgr:DataCollectionService: stats => 1702842606726,-1660643,3874
12-17 20:50:07.729  9369  9389 I BatteryMgr:DataCollectionService: stats => 1702842607729,-1641600,3874
12-17 20:50:08.732  9369  9389 I BatteryMgr:DataCollectionService: stats => 1702842608732,-1643065,3874
12-17 20:50:09.734  9369  9389 I BatteryMgr:DataCollectionService: stats => 1702842609734,-1628905,3874
12-17 20:50:10.736  9369  9389 I BatteryMgr:DataCollectionService: stats => 1702842610736,-1657713,3874
12-17 20:50:11.741  9369  9389 I BatteryMgr:DataCollectionService: stats => 1702842611740,-1646971,3874
12-17 20:50:12.744  9369  9389 I BatteryMgr:DataCollectionService: stats => 1702842612744,-1666991,3874
12-17 20:50:13.746  9369  9389 I BatteryMgr:DataCollectionService: stats => 1702842613746,-1655272,3874
12-17 20:50:14.748  9369  9389 I BatteryMgr:DataCollectionService: stats => 1702842614748,-1662596,3872
12-17 20:50:15.752  9369  9389 I BatteryMgr:DataCollectionService: stats => 1702842615752,-1667967,3872
12-17 20:50:16.755  9369  9389 I BatteryMgr:DataCollectionService: stats => 1702842616755,-1663085,3872
12-17 20:50:17.757  9369  9389 I BatteryMgr:DataCollectionService: stats => 1702842617757,-1644530,3872
12-17 20:50:18.759  9369  9389 I BatteryMgr:DataCollectionService: stats => 1702842618759,-1645995,3872
12-17 20:50:19.761  9369  9389 I BatteryMgr:DataCollectionService: stats => 1702842619761,-1645506,3872
12-17 20:50:20.764  9369  9389 I BatteryMgr:DataCollectionService: stats => 1702842620764,-1665038,3872
12-17 20:50:21.767  9369  9389 I BatteryMgr:DataCollectionService: stats => 1702842621767,-1643065,3872
12-17 20:50:22.771  9369  9389 I BatteryMgr:DataCollectionService: stats => 1702842622770,-1661620,3872
12-17 20:50:23.773  9369  9389 I BatteryMgr:DataCollectionService: stats => 1702842623773,-1650878,3872
12-17 20:50:24.777  9369  9389 I BatteryMgr:DataCollectionService: stats => 1702842624777,-1644530,3872
12-17 20:50:25.782  9369  9389 I BatteryMgr:DataCollectionService: stats => 1702842625782,-1635253,3872
12-17 20:50:26.785  9369  9389 I BatteryMgr:DataCollectionService: stats => 1702842626785,-1667479,3872
12-17 20:50:27.788  9369  9389 I BatteryMgr:DataCollectionService: stats => 1702842627788,-1657713,3872
12-17 20:50:28.791  9369  9389 I BatteryMgr:DataCollectionService: stats => 1702842628791,-1670409,3872
12-17 20:50:29.793  9369  9389 I BatteryMgr:DataCollectionService: stats => 1702842629793,-1679198,3872
12-17 20:50:30.795  9369  9389 I BatteryMgr:DataCollectionService: stats => 1702842630795,-1648436,3872
12-17 20:50:31.798  9369  9389 I BatteryMgr:DataCollectionService: stats => 1702842631798,-1661131,3872
12-17 20:50:32.800  9369  9389 I BatteryMgr:DataCollectionService: stats => 1702842632800,-1664061,3872
12-17 20:50:33.803  9369  9389 I BatteryMgr:DataCollectionService: stats => 1702842633803,-1654296,3872
12-17 20:50:34.805  9369  9389 I BatteryMgr:DataCollectionService: stats => 1702842634805,-1684569,3868
12-17 20:50:35.807  9369  9389 I BatteryMgr:DataCollectionService: stats => 1702842635807,-1639647,3868
12-17 20:50:36.810  9369  9389 I BatteryMgr:DataCollectionService: stats => 1702842636810,-1660155,3868
12-17 20:50:37.816  9369  9389 I BatteryMgr:DataCollectionService: stats => 1702842637815,-1644530,3868
12-17 20:50:38.818  9369  9389 I BatteryMgr:DataCollectionService: stats => 1702842638818,-1621581,3868
12-17 20:50:39.821  9369  9389 I BatteryMgr:DataCollectionService: stats => 1702842639821,-1656249,3868
12-17 20:50:40.826  9369  9389 I BatteryMgr:DataCollectionService: stats => 1702842640826,-1673827,3868
12-17 20:50:41.829  9369  9389 I BatteryMgr:DataCollectionService: stats => 1702842641829,-1636717,3868
12-17 20:50:42.831  9369  9389 I BatteryMgr:DataCollectionService: stats => 1702842642831,-1647460,3868
12-17 20:50:43.833  9369  9389 I BatteryMgr:DataCollectionService: stats => 1702842643833,-1640624,3868
12-17 20:50:44.835  9369  9389 I BatteryMgr:DataCollectionService: stats => 1702842644835,-1655272,3869
12-17 20:50:45.840  9369  9389 I BatteryMgr:DataCollectionService: stats => 1702842645840,-1657713,3869
12-17 20:50:46.842  9369  9389 I BatteryMgr:DataCollectionService: stats => 1702842646842,-1682128,3869
12-17 20:50:47.844  9369  9389 I BatteryMgr:DataCollectionService: stats => 1702842647844,-1649901,3869
12-17 20:50:48.846  9369  9389 I BatteryMgr:DataCollectionService: stats => 1702842648846,-1643553,3869
12-17 20:50:49.849  9369  9389 I BatteryMgr:DataCollectionService: stats => 1702842649849,-1687499,3869
12-17 20:50:50.854  9369  9389 I BatteryMgr:DataCollectionService: stats => 1702842650854,-1660643,3869
12-17 20:50:51.857  9369  9389 I BatteryMgr:DataCollectionService: stats => 1702842651856,-1677733,3869
12-17 20:50:52.859  9369  9389 I BatteryMgr:DataCollectionService: stats => 1702842652859,-1667479,3869
12-17 20:50:53.861  9369  9389 I BatteryMgr:DataCollectionService: stats => 1702842653861,-1645506,3869
12-17 20:50:54.868  9369  9389 I BatteryMgr:DataCollectionService: stats => 1702842654868,-1625975,3869
12-17 20:50:55.870  9369  9389 I BatteryMgr:DataCollectionService: stats => 1702842655870,-1651366,3869
12-17 20:50:56.872  9369  9389 I BatteryMgr:DataCollectionService: stats => 1702842656872,-1654296,3869
12-17 20:50:57.874  9369  9389 I BatteryMgr:DataCollectionService: stats => 1702842657874,-1662596,3869
12-17 20:50:58.877  9369  9389 I BatteryMgr:DataCollectionService: stats => 1702842658877,-1674315,3869
12-17 20:50:59.879  9369  9389 I BatteryMgr:DataCollectionService: stats => 1702842659879,-1677245,3869
12-17 20:51:00.881  9369  9389 I BatteryMgr:DataCollectionService: stats => 1702842660881,-1643065,3869
12-17 20:51:01.884  9369  9389 I BatteryMgr:DataCollectionService: stats => 1702842661884,-1673827,3869
12-17 20:51:02.886  9369  9389 I BatteryMgr:DataCollectionService: stats => 1702842662886,-1691405,3864
12-17 20:51:03.889  9369  9389 I BatteryMgr:DataCollectionService: stats => 1702842663889,-1660155,3864
12-17 20:51:04.893  9369  9389 I BatteryMgr:DataCollectionService: stats => 1702842664893,-1667479,3865
12-17 20:51:05.896  9369  9389 I BatteryMgr:DataCollectionService: stats => 1702842665896,-1679198,3865
12-17 20:51:06.898  9369  9389 I BatteryMgr:DataCollectionService: stats => 1702842666898,-1652831,3865
12-17 20:51:07.902  9369  9389 I BatteryMgr:DataCollectionService: stats => 1702842667902,-1643553,3865
12-17 20:51:08.906  9369  9389 I BatteryMgr:DataCollectionService: stats => 1702842668906,-1665526,3865
12-17 20:51:09.908  9369  9389 I BatteryMgr:DataCollectionService: stats => 1702842669908,-1645506,3865
12-17 20:51:10.910  9369  9389 I BatteryMgr:DataCollectionService: stats => 1702842670910,-1646971,3865
12-17 20:51:11.914  9369  9389 I BatteryMgr:DataCollectionService: stats => 1702842671914,-1637206,3865
12-17 20:51:12.917  9369  9389 I BatteryMgr:DataCollectionService: stats => 1702842672917,-1632323,3865
12-17 20:51:13.920  9369  9389 I BatteryMgr:DataCollectionService: stats => 1702842673920,-1618651,3865
12-17 20:51:14.922  9369  9389 I BatteryMgr:DataCollectionService: stats => 1702842674922,-1645506,3865
12-17 20:51:15.924  9369  9389 I BatteryMgr:DataCollectionService: stats => 1702842675924,-1651854,3865
12-17 20:51:16.927  9369  9389 I BatteryMgr:DataCollectionService: stats => 1702842676927,-1660155,3865
12-17 20:51:17.930  9369  9389 I BatteryMgr:DataCollectionService: stats => 1702842677930,-1663573,3865
12-17 20:51:18.936  9369  9389 I BatteryMgr:DataCollectionService: stats => 1702842678936,-1655272,3865
12-17 20:51:19.939  9369  9389 I BatteryMgr:DataCollectionService: stats => 1702842679939,-1633299,3865
12-17 20:51:20.942  9369  9389 I BatteryMgr:DataCollectionService: stats => 1702842680942,-1679198,3865
12-17 20:51:21.945  9369  9389 I BatteryMgr:DataCollectionService: stats => 1702842681945,-1638182,3865
12-17 20:51:22.947  9369  9389 I BatteryMgr:DataCollectionService: stats => 1702842682947,-1643065,3865
12-17 20:51:23.950  9369  9389 I BatteryMgr:DataCollectionService: stats => 1702842683950,-1675292,3865
12-17 20:51:24.954  9369  9389 I BatteryMgr:DataCollectionService: stats => 1702842684954,-1672362,3863
12-17 20:51:25.956  9369  9389 I BatteryMgr:DataCollectionService: stats => 1702842685956,-1669432,3863
12-17 20:51:26.959  9369  9389 I BatteryMgr:DataCollectionService: stats => 1702842686959,-1687987,3863
12-17 20:51:27.961  9369  9389 I BatteryMgr:DataCollectionService: stats => 1702842687961,-1637206,3863
12-17 20:51:28.965  9369  9389 I BatteryMgr:DataCollectionService: stats => 1702842688965,-1653319,3863
12-17 20:51:29.967  9369  9389 I BatteryMgr:DataCollectionService: stats => 1702842689967,-1658202,3863
12-17 20:51:30.969  9369  9389 I BatteryMgr:DataCollectionService: stats => 1702842690969,-1678710,3863
12-17 20:51:31.972  9369  9389 I BatteryMgr:DataCollectionService: stats => 1702842691972,-1653319,3863
12-17 20:51:32.977  9369  9389 I BatteryMgr:DataCollectionService: stats => 1702842692976,-1694335,3863
12-17 20:51:33.980  9369  9389 I BatteryMgr:DataCollectionService: stats => 1702842693979,-1665038,3863
12-17 20:51:34.982  9369  9389 I BatteryMgr:DataCollectionService: stats => 1702842694982,-1667967,3862
12-17 20:51:35.985  9369  9389 I BatteryMgr:DataCollectionService: stats => 1702842695985,-1716307,3862
12-17 20:51:36.991  9369  9389 I BatteryMgr:DataCollectionService: stats => 1702842696991,-1688963,3862
12-17 20:51:37.993  9369  9389 I BatteryMgr:DataCollectionService: stats => 1702842697993,-1688963,3862
12-17 20:51:38.995  9369  9389 I BatteryMgr:DataCollectionService: stats => 1702842698995,-1663573,3862
12-17 20:51:39.997  9369  9389 I BatteryMgr:DataCollectionService: stats => 1702842699997,-1671874,3861
12-17 20:51:41.000  9369  9389 I BatteryMgr:DataCollectionService: stats => 1702842701000,-1676756,3861
12-17 20:51:42.003  9369  9389 I BatteryMgr:DataCollectionService: stats => 1702842702003,-1699217,3861
12-17 20:51:43.006  9369  9389 I BatteryMgr:DataCollectionService: stats => 1702842703005,-1663085,3861
12-17 20:51:44.008  9369  9389 I BatteryMgr:DataCollectionService: stats => 1702842704008,-1670409,3861
12-17 20:51:45.010  9369  9389 I BatteryMgr:DataCollectionService: stats => 1702842705010,-1685546,3860
12-17 20:51:46.015  9369  9389 I BatteryMgr:DataCollectionService: stats => 1702842706015,-1671874,3860
12-17 20:51:47.018  9369  9389 I BatteryMgr:DataCollectionService: stats => 1702842707018,-1694335,3860
12-17 20:51:48.021  9369  9389 I BatteryMgr:DataCollectionService: stats => 1702842708021,-1688963,3860
12-17 20:51:49.023  9369  9389 I BatteryMgr:DataCollectionService: stats => 1702842709023,-1688475,3860
12-17 20:51:50.027  9369  9389 I BatteryMgr:DataCollectionService: stats => 1702842710027,-1688963,3860
12-17 20:51:51.031  9369  9389 I BatteryMgr:DataCollectionService: stats => 1702842711031,-1673827,3860
12-17 20:51:52.033  9369  9389 I BatteryMgr:DataCollectionService: stats => 1702842712033,-1676756,3860
12-17 20:51:53.036  9369  9389 I BatteryMgr:DataCollectionService: stats => 1702842713036,-1691893,3860
12-17 20:51:54.039  9369  9389 I BatteryMgr:DataCollectionService: stats => 1702842714039,-1684569,3860
12-17 20:51:55.041  9369  9389 I BatteryMgr:DataCollectionService: stats => 1702842715041,-1702147,3857
12-17 20:51:56.044  9369  9389 I BatteryMgr:DataCollectionService: stats => 1702842716044,-1704588,3857
12-17 20:51:57.046  9369  9389 I BatteryMgr:DataCollectionService: stats => 1702842717046,-1685057,3857
12-17 20:51:58.049  9369  9389 I BatteryMgr:DataCollectionService: stats => 1702842718049,-1716795,3857
12-17 20:51:59.052  9369  9389 I BatteryMgr:DataCollectionService: stats => 1702842719052,-1679686,3857
12-17 20:52:00.056  9369  9389 I BatteryMgr:DataCollectionService: stats => 1702842720056,-1711913,3857
12-17 20:52:01.058  9369  9389 I BatteryMgr:DataCollectionService: stats => 1702842721058,-1759276,3857
12-17 20:52:02.061  9369  9389 I BatteryMgr:DataCollectionService: stats => 1702842722061,-1756835,3857
12-17 20:52:03.065  9369  9389 I BatteryMgr:DataCollectionService: stats => 1702842723065,-1765624,3857
12-17 20:52:04.069  9369  9389 I BatteryMgr:DataCollectionService: stats => 1702842724069,-1792967,3857
12-17 20:52:05.074  9369  9389 I BatteryMgr:DataCollectionService: stats => 1702842725074,-1756346,3852
12-17 20:52:06.078  9369  9389 I BatteryMgr:DataCollectionService: stats => 1702842726077,-1777342,3852
12-17 20:52:07.080  9369  9389 I BatteryMgr:DataCollectionService: stats => 1702842727080,-1765135,3852
12-17 20:52:08.082  9369  9389 I BatteryMgr:DataCollectionService: stats => 1702842728082,-1793456,3852
12-17 20:52:09.084  9369  9389 I BatteryMgr:DataCollectionService: stats => 1702842729084,-1628905,3852
12-17 20:52:10.086  9369  9389 I BatteryMgr:DataCollectionService: stats => 1702842730086,-1666503,3852
12-17 20:52:11.089  9369  9389 I BatteryMgr:DataCollectionService: stats => 1702842731089,-1690428,3852
12-17 20:52:12.092  9369  9389 I BatteryMgr:DataCollectionService: stats => 1702842732092,-1675292,3852
12-17 20:52:13.095  9369  9389 I BatteryMgr:DataCollectionService: stats => 1702842733095,-1676756,3852
12-17 20:52:14.098  9369  9389 I BatteryMgr:DataCollectionService: stats => 1702842734098,-1716307,3854
12-17 20:52:15.103  9369  9389 I BatteryMgr:DataCollectionService: stats => 1702842735103,-1710448,3853
12-17 20:52:16.106  9369  9389 I BatteryMgr:DataCollectionService: stats => 1702842736106,-1725096,3853
