8.11 7.43 6.75 3/2700 13939
8.50 7.53 6.78 3/2707 13967
8.50 7.53 6.78 4/2707 13986
8.50 7.53 6.78 1/2707 14005
8.30 7.50 6.78 2/2707 14025
8.30 7.50 6.78 2/2704 14044
8.20 7.49 6.78 4/2703 14063
8.02 7.47 6.77 4/2701 14098
8.02 7.47 6.77 4/2702 14127
8.02 7.47 6.77 3/2702 14174
8.10 7.49 6.79 2/2702 14193
8.10 7.49 6.79 3/2703 14237
8.09 7.50 6.79 3/2701 14256
8.09 7.50 6.79 3/2701 14276
8.00 7.49 6.79 1/2701 14295
8.00 7.49 6.79 4/2702 14315
8.00 7.49 6.79 5/2700 14334
7.76 7.45 6.78 3/2700 14353
7.76 7.45 6.78 1/2700 14372
7.70 7.45 6.79 4/2700 14392
7.70 7.45 6.79 3/2700 14411
7.70 7.45 6.79 1/2700 14430
7.48 7.40 6.78 6/2700 14449
7.48 7.40 6.78 4/2700 14468
7.53 7.41 6.78 11/2700 14488
7.53 7.41 6.78 4/2699 14507
7.64 7.44 6.79 4/2699 14526
7.64 7.44 6.79 6/2695 14545
7.67 7.45 6.80 4/2695 14565
7.67 7.45 6.80 1/2695 14587
7.67 7.45 6.80 9/2693 14606
7.62 7.44 6.80 4/2691 14625
7.62 7.44 6.80 1/2691 14644
7.62 7.44 6.80 6/2697 14671
7.41 7.40 6.79 1/2697 14691
7.41 7.40 6.79 6/2697 14715
7.54 7.43 6.81 3/2697 14754
7.54 7.43 6.81 2/2697 14805
7.89 7.50 6.83 5/2696 14832
7.89 7.50 6.83 8/2696 14851
7.89 7.50 6.83 8/2696 14871
7.66 7.46 6.82 3/2696 14890
7.66 7.46 6.82 2/2696 14909
7.69 7.47 6.83 3/2696 14928
7.69 7.47 6.83 2/2696 14948
7.87 7.51 6.85 4/2697 14968
7.87 7.51 6.85 2/2697 14987
7.96 7.54 6.86 3/2698 15007
7.96 7.54 6.86 4/2698 15026
7.81 7.51 6.85 7/2698 15046
7.81 7.51 6.85 10/2698 15065
7.90 7.54 6.87 2/2698 15084
7.75 7.51 6.86 1/2698 15104
7.75 7.51 6.86 1/2698 15123
7.77 7.53 6.87 5/2695 15143
7.77 7.53 6.87 3/2693 15162
7.87 7.55 6.88 5/2693 15181
7.96 7.58 6.90 3/2691 15248
7.80 7.55 6.89 1/2691 15285
7.80 7.55 6.89 18/2691 15304
7.58 7.51 6.88 1/2691 15323
7.58 7.51 6.88 3/2688 15343
7.58 7.51 6.88 2/2688 15362
7.53 7.50 6.88 2/2688 15381
7.53 7.50 6.88 4/2689 15401
7.41 7.47 6.88 4/2689 15420
7.37 7.47 6.88 3/2689 15440
7.37 7.47 6.88 3/2689 15459
7.26 7.44 6.87 10/2689 15478
7.26 7.44 6.87 5/2689 15497
7.08 7.40 6.86 2/2689 15517
7.24 7.43 6.87 4/2689 15536
7.24 7.43 6.87 3/2689 15555
7.22 7.42 6.88 1/2689 15574
7.22 7.42 6.88 10/2689 15594
7.04 7.38 6.87 3/2689 15613
7.04 7.38 6.87 2/2689 15632
7.04 7.38 6.87 3/2695 15659
7.12 7.39 6.87 6/2695 15678
7.12 7.39 6.87 6/2695 15698
7.11 7.38 6.87 8/2695 15765
7.11 7.38 6.87 4/2693 15800
6.94 7.34 6.86 1/2692 15820
6.94 7.34 6.86 4/2692 15839
6.94 7.34 6.86 7/2693 15859
6.95 7.33 6.86 2/2693 15878
7.03 7.34 6.87 3/2693 15898
7.03 7.34 6.87 1/2693 15917
6.95 7.32 6.87 1/2693 15936
6.87 7.30 6.86 5/2693 15956
6.87 7.30 6.86 1/2693 15975
6.72 7.26 6.85 3/2693 15994
6.72 7.26 6.85 3/2693 16013
6.75 7.26 6.85 6/2693 16033
6.69 7.23 6.85 2/2693 16052
6.69 7.23 6.85 2/2693 16074
6.69 7.23 6.85 4/2693 16093
