cpu  64286 1936 27402 183043 394 5788 4962 0 0 0
cpu0 8577 186 4276 19920 5 1823 341 0 0 0
cpu1 8685 203 3759 19825 7 1261 1481 0 0 0
cpu2 8792 260 4552 20251 10 986 1182 0 0 0
cpu3 8828 299 4307 19579 8 1114 1783 0 0 0
cpu4 6507 328 2670 27252 73 135 40 0 0 0
cpu5 6363 294 2565 27441 80 137 36 0 0 0
cpu6 7669 282 1774 26267 79 110 34 0 0 0
cpu7 8862 81 3496 22505 129 218 62 0 0 0
intr 9438354 0 0 0 1336009 0 0 0 0 0 0 0 6 6 0 0 0 3052 6753 5000 2 0 44225 258192 0 0 27648 12 0 0 65 1 0 0 0 3 0 0 0 0 0 0 0 0 0 0 0 0 0 0 0 0 0 0 0 0 0 0 0 0 0 0 0 0 0 0 0 0 0 0 0 0 0 0 0 208351 0 0 0 0 0 0 0 0 0 0 0 0 0 0 0 0 0 0 0 0 0 0 0 0 0 0 0 0 0 0 0 0 0 0 0 0 0 0 0 896 0 0 0 0 0 0 0 0 0 0 0 0 0 0 0 0 0 0 0 0 0 0 0 0 0 0 0 0 0 0 0 0 0 0 0 0 0 0 0 0 0 0 0 0 0 0 0 0 0 0 0 0 0 0 0 0 0 0 0 0 0 0 0 0 0 0 0 0 0 0 0 0 0 0 0 0 0 0 0 0 0 0 0 0 0 0 0 0 0 0 0 0 0 0 0 0 0 0 0 0 0 0 0 0 0 9 0 0 86264 0 0 0 0 0 0 1 0 0 17 0 2 58 30696 92 9863 16 62236 17 68692 17 68520 17 54821 3763 0 0 573 533 349147 29351 0 2402 0 8741 619 29351 299 25316 33 0 0 12 2 377910 0 0 0 0 0 0 0 0 0 0 0 0 7679 0 0 0 0 0 0 0 0 0 0 0 0 3 0 0 0 0 0 0 0 0 0 0 19857 0 0 0 0 0 0 0 0 0 0 0 2798 0 0 0 1 0 18 4 0 4 2 1 0 1 0 1 0 1 0 0 1 0 694 0 0 0 0 0 0 0 4 0 0 0 1 0 0 6 0 0 0 0 0 0 0 0 4310 2 6 0 29352 29352 0 2 29352 349 0 0 2 0 0 0 0 0 0 0 0 0 0 0 1 0 1 0 0 0 0 0 84 1 1 0 1 0 1 89 0 0 0 0 0 0 0 0 0 1 0 0 1 0 0 22 1 0 96 4 0 0 0 28456 28710 65 0 177783 83390 0 0 48
ctxt 13442620
btime 1702735995
processes 5925
procs_running 6
procs_blocked 0
softirq 1931924 145085 145665 9543 218069 46478 0 1065516 168932 529 132107
cpu  64540 1939 27528 184846 395 5828 5006 0 0 0
cpu0 8629 187 4303 20103 5 1835 349 0 0 0
cpu1 8731 204 3768 20015 7 1272 1494 0 0 0
cpu2 8837 261 4572 20450 10 992 1192 0 0 0
cpu3 8867 299 4324 19779 8 1122 1795 0 0 0
cpu4 6516 328 2675 27529 73 136 40 0 0 0
cpu5 6372 294 2572 27713 81 138 36 0 0 0
cpu6 7678 282 1784 26544 80 111 34 0 0 0
cpu7 8907 81 3527 22709 129 220 62 0 0 0
intr 9509113 0 0 0 1347739 0 0 0 0 0 0 0 6 6 0 0 0 3056 6778 5000 2 0 44252 260033 0 0 27755 12 0 0 65 1 0 0 0 3 0 0 0 0 0 0 0 0 0 0 0 0 0 0 0 0 0 0 0 0 0 0 0 0 0 0 0 0 0 0 0 0 0 0 0 0 0 0 0 210629 0 0 0 0 0 0 0 0 0 0 0 0 0 0 0 0 0 0 0 0 0 0 0 0 0 0 0 0 0 0 0 0 0 0 0 0 0 0 0 896 0 0 0 0 0 0 0 0 0 0 0 0 0 0 0 0 0 0 0 0 0 0 0 0 0 0 0 0 0 0 0 0 0 0 0 0 0 0 0 0 0 0 0 0 0 0 0 0 0 0 0 0 0 0 0 0 0 0 0 0 0 0 0 0 0 0 0 0 0 0 0 0 0 0 0 0 0 0 0 0 0 0 0 0 0 0 0 0 0 0 0 0 0 0 0 0 0 0 0 0 0 0 0 0 0 9 0 0 86913 0 0 0 0 0 0 1 0 0 17 0 2 58 30696 92 9863 16 62760 17 69285 17 69100 17 55281 3763 0 0 573 533 352077 29567 0 2402 0 8868 619 29567 299 25676 33 0 0 12 2 380420 0 0 0 0 0 0 0 0 0 0 0 0 7736 0 0 0 0 0 0 0 0 0 0 0 0 3 0 0 0 0 0 0 0 0 0 0 20000 0 0 0 0 0 0 0 0 0 0 0 2819 0 0 0 1 0 18 4 0 4 2 1 0 1 0 1 0 1 0 0 1 0 694 0 0 0 0 0 0 0 4 0 0 0 1 0 0 6 0 0 0 0 0 0 0 0 4343 2 6 0 29567 29567 0 2 29568 352 0 0 2 0 0 0 0 0 0 0 0 0 0 0 1 0 1 0 0 0 0 0 84 1 1 0 1 0 1 89 0 0 0 0 0 0 0 0 0 1 0 0 1 0 0 22 1 0 96 4 0 0 0 28695 28950 65 0 179279 83776 0 0 48
ctxt 13543390
btime 1702735995
processes 5944
procs_running 1
procs_blocked 0
softirq 1943648 146122 146479 9678 220266 46501 0 1071248 169901 642 132811
cpu  64978 1957 27766 187958 395 5899 5078 0 0 0
cpu0 8709 188 4341 20419 5 1857 367 0 0 0
cpu1 8816 209 3802 20337 7 1288 1514 0 0 0
cpu2 8907 263 4606 20794 10 1003 1206 0 0 0
cpu3 8943 304 4358 20121 8 1137 1814 0 0 0
cpu4 6538 330 2692 28000 73 137 40 0 0 0
cpu5 6385 296 2586 28190 81 139 36 0 0 0
cpu6 7700 284 1800 27020 80 112 34 0 0 0
cpu7 8978 81 3578 23073 129 223 63 0 0 0
intr 9633776 0 0 0 1368014 0 0 0 0 0 0 0 6 6 0 0 0 3060 6815 5000 2 0 44286 263288 0 0 27942 12 0 0 65 1 0 0 0 3 0 0 0 0 0 0 0 0 0 0 0 0 0 0 0 0 0 0 0 0 0 0 0 0 0 0 0 0 0 0 0 0 0 0 0 0 0 0 0 214132 0 0 0 0 0 0 0 0 0 0 0 0 0 0 0 0 0 0 0 0 0 0 0 0 0 0 0 0 0 0 0 0 0 0 0 0 0 0 0 896 0 0 0 0 0 0 0 0 0 0 0 0 0 0 0 0 0 0 0 0 0 0 0 0 0 0 0 0 0 0 0 0 0 0 0 0 0 0 0 0 0 0 0 0 0 0 0 0 0 0 0 0 0 0 0 0 0 0 0 0 0 0 0 0 0 0 0 0 0 0 0 0 0 0 0 0 0 0 0 0 0 0 0 0 0 0 0 0 0 0 0 0 0 0 0 0 0 0 0 0 0 0 0 0 0 9 0 0 88035 0 0 0 0 0 0 1 0 0 17 0 2 58 30696 92 9863 16 63669 17 70307 17 70106 17 56075 3763 0 0 573 533 357144 29939 0 2402 0 8995 619 29939 299 26610 33 0 0 12 2 385051 0 0 0 0 0 0 0 0 0 0 0 0 7845 0 0 0 0 0 0 0 0 0 0 0 0 3 0 0 0 0 0 0 0 0 0 0 20267 0 0 0 0 0 0 0 0 0 0 0 2859 0 0 0 1 0 18 4 0 4 2 1 0 1 0 1 0 1 0 0 1 0 694 0 0 0 0 0 0 0 4 0 0 0 1 0 0 6 0 0 0 0 0 0 0 0 4383 2 6 0 29939 29939 0 2 29940 356 0 0 2 0 0 0 0 0 0 0 0 0 0 0 1 0 1 0 0 0 0 0 84 1 1 0 1 0 1 89 0 0 0 0 0 0 0 0 0 1 0 0 1 0 0 22 1 0 96 4 0 0 0 29109 29367 65 0 181865 84448 0 0 48
ctxt 13720863
btime 1702735995
processes 5963
procs_running 1
procs_blocked 0
softirq 1961430 147903 147812 9895 223710 46527 0 1079238 171520 903 133922
cpu  66171 1976 28422 196403 397 6089 5259 0 0 0
cpu0 8943 190 4452 21275 5 1914 403 0 0 0
cpu1 9028 211 3893 21229 7 1335 1558 0 0 0
cpu2 9093 266 4725 21725 10 1031 1247 0 0 0
cpu3 9137 307 4474 21054 8 1177 1870 0 0 0
cpu4 6584 332 2729 29273 74 141 41 0 0 0
cpu5 6448 296 2625 29467 81 142 36 0 0 0
cpu6 7738 289 1827 28301 80 115 34 0 0 0
cpu7 9197 83 3693 24075 129 230 66 0 0 0
intr 9965780 0 0 0 1422817 0 0 0 0 0 0 0 6 6 0 0 0 3084 6936 5000 2 0 44386 271984 0 0 28461 12 0 0 65 1 0 0 0 3 0 0 0 0 0 0 0 0 0 0 0 0 0 0 0 0 0 0 0 0 0 0 0 0 0 0 0 0 0 0 0 0 0 0 0 0 0 0 0 224467 0 0 0 0 0 0 0 0 0 0 0 0 0 0 0 0 0 0 0 0 0 0 0 0 0 0 0 0 0 0 0 0 0 0 0 0 0 0 0 896 0 0 0 0 0 0 0 0 0 0 0 0 0 0 0 0 0 0 0 0 0 0 0 0 0 0 0 0 0 0 0 0 0 0 0 0 0 0 0 0 0 0 0 0 0 0 0 0 0 0 0 0 0 0 0 0 0 0 0 0 0 0 0 0 0 0 0 0 0 0 0 0 0 0 0 0 0 0 0 0 0 0 0 0 0 0 0 0 0 0 0 0 0 0 0 0 0 0 0 0 0 0 0 0 0 9 0 0 91054 0 0 0 0 0 0 1 0 0 17 0 2 58 30696 92 9863 16 66116 17 73049 17 72836 17 58194 3763 0 0 573 533 370773 30941 0 2402 0 9312 619 30941 299 28885 33 0 0 12 2 397349 0 0 0 0 0 0 0 0 0 0 0 0 8144 0 0 0 0 0 0 0 0 0 0 0 0 3 0 0 0 0 0 0 0 0 0 0 21002 0 0 0 0 0 0 0 0 0 0 0 2967 0 0 0 1 0 18 4 0 4 2 1 0 1 0 1 0 1 0 0 1 0 694 0 0 0 0 0 0 0 4 0 0 0 1 0 0 6 0 0 0 0 0 0 0 0 4508 2 6 0 30941 30941 0 2 30942 370 0 0 2 0 0 0 0 0 0 0 0 0 0 0 1 0 1 0 0 0 0 0 84 1 1 0 1 0 1 89 0 0 0 0 0 0 0 0 0 1 0 0 1 0 0 22 1 0 96 4 0 0 0 30229 30488 65 0 188821 86252 0 0 48
ctxt 14191393
btime 1702735995
processes 5988
procs_running 4
procs_blocked 0
softirq 2018434 152723 151365 10457 233760 46605 0 1109178 175821 1650 136875
cpu  66812 1987 28733 200989 398 6189 5344 0 0 0
cpu0 9057 192 4502 21737 5 1944 419 0 0 0
cpu1 9155 212 3935 21712 7 1360 1581 0 0 0
cpu2 9201 269 4775 22237 10 1046 1267 0 0 0
cpu3 9229 311 4532 21564 8 1198 1895 0 0 0
cpu4 6604 332 2746 29967 74 143 41 0 0 0
cpu5 6478 296 2643 30160 81 144 36 0 0 0
cpu6 7774 289 1845 28994 80 117 34 0 0 0
cpu7 9310 84 3752 24613 129 234 67 0 0 0
intr 10143476 0 0 0 1452051 0 0 0 0 0 0 0 6 6 0 0 0 3093 6999 5000 2 0 44452 276695 0 0 28749 12 0 0 65 1 0 0 0 3 0 0 0 0 0 0 0 0 0 0 0 0 0 0 0 0 0 0 0 0 0 0 0 0 0 0 0 0 0 0 0 0 0 0 0 0 0 0 0 229698 0 0 0 0 0 0 0 0 0 0 0 0 0 0 0 0 0 0 0 0 0 0 0 0 0 0 0 0 0 0 0 0 0 0 0 0 0 0 0 896 0 0 0 0 0 0 0 0 0 0 0 0 0 0 0 0 0 0 0 0 0 0 0 0 0 0 0 0 0 0 0 0 0 0 0 0 0 0 0 0 0 0 0 0 0 0 0 0 0 0 0 0 0 0 0 0 0 0 0 0 0 0 0 0 0 0 0 0 0 0 0 0 0 0 0 0 0 0 0 0 0 0 0 0 0 0 0 0 0 0 0 0 0 0 0 0 0 0 0 0 0 0 0 0 0 9 0 0 92682 0 0 0 0 0 0 1 0 0 17 0 2 58 30696 92 9863 16 67438 17 74532 17 74301 17 59338 3763 0 0 573 533 378125 31482 0 2402 0 9503 619 31482 299 29903 33 0 0 12 2 403665 0 0 0 0 0 0 0 0 0 0 0 0 8321 0 0 0 0 0 0 0 0 0 0 0 0 3 0 0 0 0 0 0 0 0 0 0 21426 0 0 0 0 0 0 0 0 0 0 0 3032 0 0 0 1 0 18 4 0 4 2 1 0 1 0 1 0 1 0 0 1 0 694 0 0 0 0 0 0 0 4 0 0 0 1 0 0 6 0 0 0 0 0 0 0 0 4582 2 6 0 31482 31482 0 2 31482 377 0 0 2 0 0 0 0 0 0 0 0 0 0 0 1 0 1 0 0 0 0 0 84 1 1 0 1 0 1 89 0 0 0 0 0 0 0 0 0 1 0 0 1 0 0 22 1 0 96 4 0 0 0 30834 31092 65 0 192573 87230 0 0 48
ctxt 14442154
btime 1702735995
processes 6013
procs_running 3
procs_blocked 0
softirq 2049790 155323 153251 10795 238818 46641 0 1126414 178066 1974 138508
cpu  67523 1993 29037 204743 398 6271 5425 0 0 0
cpu0 9210 193 4562 22116 5 1968 431 0 0 0
cpu1 9295 213 3990 22101 7 1381 1604 0 0 0
cpu2 9316 271 4837 22645 10 1058 1287 0 0 0
cpu3 9352 312 4588 21978 8 1215 1919 0 0 0
cpu4 6623 332 2753 30543 74 144 41 0 0 0
cpu5 6491 296 2651 30742 82 145 37 0 0 0
cpu6 7817 289 1852 29560 81 119 34 0 0 0
cpu7 9415 84 3800 25055 129 238 69 0 0 0
intr 10288142 0 0 0 1476179 0 0 0 0 0 0 0 6 6 0 0 0 3114 7063 5000 2 0 44484 280584 0 0 29006 12 0 0 65 1 0 0 0 3 0 0 0 0 0 0 0 0 0 0 0 0 0 0 0 0 0 0 0 0 0 0 0 0 0 0 0 0 0 0 0 0 0 0 0 0 0 0 0 234307 0 0 0 0 0 0 0 0 0 0 0 0 0 0 0 0 0 0 0 0 0 0 0 0 0 0 0 0 0 0 0 0 0 0 0 0 0 0 0 896 0 0 0 0 0 0 0 0 0 0 0 0 0 0 0 0 0 0 0 0 0 0 0 0 0 0 0 0 0 0 0 0 0 0 0 0 0 0 0 0 0 0 0 0 0 0 0 0 0 0 0 0 0 0 0 0 0 0 0 0 0 0 0 0 0 0 0 0 0 0 0 0 0 0 0 0 0 0 0 0 0 0 0 0 0 0 0 0 0 0 0 0 0 0 0 0 0 0 0 0 0 0 0 0 0 9 0 0 94023 0 0 0 0 0 0 1 0 0 17 0 2 58 30696 92 9863 16 68525 17 75748 17 75516 17 60276 3763 0 0 573 533 384176 31927 0 2402 0 9630 619 31927 299 30450 33 0 0 12 2 408560 0 0 0 0 0 0 0 0 0 0 0 0 8447 0 0 0 0 0 0 0 0 0 0 0 0 3 0 0 0 0 0 0 0 0 0 0 21737 0 0 0 0 0 0 0 0 0 0 0 3080 0 0 0 1 0 18 4 0 4 2 1 0 1 0 1 0 1 0 0 1 0 694 0 0 0 0 0 0 0 4 0 0 0 1 0 0 6 0 0 0 0 0 0 0 0 4642 2 6 0 31927 31927 0 2 31927 383 0 0 2 0 0 0 0 0 0 0 0 0 0 0 1 0 1 0 0 0 0 0 84 1 1 0 1 0 1 89 0 0 0 0 0 0 0 0 0 1 0 0 1 0 0 22 1 0 96 4 0 0 0 31331 31591 65 0 195663 88034 0 0 48
ctxt 14648393
btime 1702735995
processes 6032
procs_running 1
procs_blocked 0
softirq 2075636 157455 155008 11095 243236 46665 0 1139768 180226 2192 139991
cpu  68244 2005 29366 208928 399 6357 5509 0 0 0
cpu0 9359 194 4635 22539 5 1993 450 0 0 0
cpu1 9436 215 4047 22544 7 1403 1632 0 0 0
cpu2 9455 275 4897 23111 10 1072 1303 0 0 0
cpu3 9491 312 4632 22443 8 1232 1938 0 0 0
cpu4 6637 334 2772 31174 75 145 41 0 0 0
cpu5 6506 297 2661 31377 82 147 37 0 0 0
cpu6 7839 290 1860 30194 81 121 34 0 0 0
cpu7 9518 84 3858 25542 130 241 70 0 0 0
intr 10438616 0 0 0 1502283 0 0 0 0 0 0 0 6 6 0 0 0 3135 7130 5000 2 0 44526 284814 0 0 29266 12 0 0 65 1 0 0 0 3 0 0 0 0 0 0 0 0 0 0 0 0 0 0 0 0 0 0 0 0 0 0 0 0 0 0 0 0 0 0 0 0 0 0 0 0 0 0 0 238896 0 0 0 0 0 0 0 0 0 0 0 0 0 0 0 0 0 0 0 0 0 0 0 0 0 0 0 0 0 0 0 0 0 0 0 0 0 0 0 896 0 0 0 0 0 0 0 0 0 0 0 0 0 0 0 0 0 0 0 0 0 0 0 0 0 0 0 0 0 0 0 0 0 0 0 0 0 0 0 0 0 0 0 0 0 0 0 0 0 0 0 0 0 0 0 0 0 0 0 0 0 0 0 0 0 0 0 0 0 0 0 0 0 0 0 0 0 0 0 0 0 0 0 0 0 0 0 0 0 0 0 0 0 0 0 0 0 0 0 0 0 0 0 0 0 9 0 0 95484 0 0 0 0 0 0 1 0 0 17 0 2 58 30696 92 9863 16 69707 17 77088 17 76841 17 61301 3763 0 0 573 533 390777 32412 0 2402 0 9757 619 32412 299 30553 33 0 0 12 2 413399 0 0 0 0 0 0 0 0 0 0 0 0 8593 0 0 0 0 0 0 0 0 0 0 0 0 3 0 0 0 0 0 0 0 0 0 0 22096 0 0 0 0 0 0 0 0 0 0 0 3132 0 0 0 1 0 18 4 0 4 2 1 0 1 0 1 0 1 0 0 1 0 694 0 0 0 0 0 0 0 4 0 0 0 1 0 0 6 0 0 0 0 0 0 0 0 4698 2 6 0 32412 32412 0 2 32412 389 0 0 2 0 0 0 0 0 0 0 0 0 0 0 1 0 1 0 0 0 0 0 84 1 1 0 1 0 1 89 0 0 0 0 0 0 0 0 0 1 0 0 1 0 0 22 1 0 96 4 0 0 0 31873 32134 65 0 199031 88906 0 0 48
ctxt 14861141
btime 1702735995
processes 6051
procs_running 1
procs_blocked 0
softirq 2098247 159796 156865 11342 247692 46695 0 1149473 182486 2346 141552
cpu  69021 2019 29686 214130 400 6462 5602 0 0 0
cpu0 9540 197 4699 23066 5 2024 466 0 0 0
cpu1 9581 220 4093 23093 7 1428 1664 0 0 0
cpu2 9584 276 4954 23695 10 1088 1322 0 0 0
cpu3 9617 314 4677 23017 8 1254 1963 0 0 0
cpu4 6662 334 2785 31963 75 147 41 0 0 0
cpu5 6533 299 2680 32159 82 148 37 0 0 0
cpu6 7866 292 1869 30981 81 123 34 0 0 0
cpu7 9634 84 3926 26152 130 246 72 0 0 0
intr 10624506 0 0 0 1534538 0 0 0 0 0 0 0 6 6 0 0 0 3159 7199 5000 2 0 44585 290068 0 0 29583 12 0 0 65 1 0 0 0 3 0 0 0 0 0 0 0 0 0 0 0 0 0 0 0 0 0 0 0 0 0 0 0 0 0 0 0 0 0 0 0 0 0 0 0 0 0 0 0 244099 0 0 0 0 0 0 0 0 0 0 0 0 0 0 0 0 0 0 0 0 0 0 0 0 0 0 0 0 0 0 0 0 0 0 0 0 0 0 0 896 0 0 0 0 0 0 0 0 0 0 0 0 0 0 0 0 0 0 0 0 0 0 0 0 0 0 0 0 0 0 0 0 0 0 0 0 0 0 0 0 0 0 0 0 0 0 0 0 0 0 0 0 0 0 0 0 0 0 0 0 0 0 0 0 0 0 0 0 0 0 0 0 0 0 0 0 0 0 0 0 0 0 0 0 0 0 0 0 0 0 0 0 0 0 0 0 0 0 0 0 0 0 0 0 0 9 0 0 97303 0 0 0 0 0 0 1 0 0 17 0 2 58 30696 92 9863 16 71190 17 78736 17 78479 17 62580 3763 0 0 573 533 398987 33015 0 2402 0 10011 619 33015 299 30667 33 0 0 12 2 419425 0 0 0 0 0 0 0 0 0 0 0 0 8776 0 0 0 0 0 0 0 0 0 0 0 0 3 0 0 0 0 0 0 0 0 0 0 22543 0 0 0 0 0 0 0 0 0 0 0 3199 0 0 0 1 0 18 4 0 4 2 1 0 1 0 1 0 1 0 0 1 0 694 0 0 0 0 0 0 0 4 0 0 0 1 0 0 6 0 0 0 0 0 0 0 0 4777 2 6 0 33015 33015 0 2 33016 398 0 0 2 0 0 0 0 0 0 0 0 0 0 0 1 0 1 0 0 0 0 0 84 1 1 0 1 0 1 89 0 0 0 0 0 0 0 0 0 1 0 0 1 0 0 22 1 0 96 4 0 0 0 32546 32809 65 0 203221 89992 0 0 48
ctxt 15124766
btime 1702735995
processes 6074
procs_running 1
procs_blocked 0
softirq 2123579 162702 158993 11605 252724 46742 0 1159946 185038 2465 143364
cpu  69546 2027 29917 217545 401 6534 5664 0 0 0
cpu0 9659 199 4740 23414 5 2046 476 0 0 0
cpu1 9678 220 4120 23448 7 1446 1682 0 0 0
cpu2 9674 279 4992 24077 10 1100 1335 0 0 0
cpu3 9704 318 4715 23398 8 1269 1982 0 0 0
cpu4 6682 334 2798 32480 75 148 41 0 0 0
cpu5 6548 299 2692 32676 82 150 37 0 0 0
cpu6 7890 292 1881 31500 81 124 34 0 0 0
cpu7 9706 84 3975 26548 130 249 73 0 0 0
intr 10751895 0 0 0 1556092 0 0 0 0 0 0 0 6 6 0 0 0 3170 7240 5000 2 0 44628 293534 0 0 29806 12 0 0 65 1 0 0 0 3 0 0 0 0 0 0 0 0 0 0 0 0 0 0 0 0 0 0 0 0 0 0 0 0 0 0 0 0 0 0 0 0 0 0 0 0 0 0 0 248008 0 0 0 0 0 0 0 0 0 0 0 0 0 0 0 0 0 0 0 0 0 0 0 0 0 0 0 0 0 0 0 0 0 0 0 0 0 0 0 896 0 0 0 0 0 0 0 0 0 0 0 0 0 0 0 0 0 0 0 0 0 0 0 0 0 0 0 0 0 0 0 0 0 0 0 0 0 0 0 0 0 0 0 0 0 0 0 0 0 0 0 0 0 0 0 0 0 0 0 0 0 0 0 0 0 0 0 0 0 0 0 0 0 0 0 0 0 0 0 0 0 0 0 0 0 0 0 0 0 0 0 0 0 0 0 0 0 0 0 0 0 0 0 0 0 9 0 0 98508 0 0 0 0 0 0 1 0 0 17 0 2 58 30696 92 9863 16 72166 17 79839 17 79575 17 63426 3763 0 0 573 533 404427 33415 0 2402 0 10138 619 33415 299 31092 33 0 0 12 2 423761 0 0 0 0 0 0 0 0 0 0 0 0 8898 0 0 0 0 0 0 0 0 0 0 0 0 3 0 0 0 0 0 0 0 0 0 0 22840 0 0 0 0 0 0 0 0 0 0 0 3243 0 0 0 1 0 18 4 0 4 2 1 0 1 0 1 0 1 0 0 1 0 694 0 0 0 0 0 0 0 4 0 0 0 1 0 0 6 0 0 0 0 0 0 0 0 4832 2 6 0 33415 33415 0 2 33416 403 0 0 2 0 0 0 0 0 0 0 0 0 0 0 1 0 1 0 0 0 0 0 84 1 1 0 1 0 1 89 0 0 0 0 0 0 0 0 0 1 0 0 1 0 0 22 1 0 96 4 0 0 0 32992 33257 65 0 205997 90712 0 0 48
ctxt 15306293
btime 1702735995
processes 6093
procs_running 1
procs_blocked 0
softirq 2143365 164630 160418 11806 256687 46770 0 1169075 186745 2682 144552
cpu  70304 2036 30275 222455 402 6637 5766 0 0 0
cpu0 9828 201 4799 23908 5 2075 500 0 0 0
cpu1 9826 223 4177 23955 7 1472 1709 0 0 0
cpu2 9810 279 5061 24619 10 1116 1355 0 0 0
cpu3 9828 319 4775 23942 8 1289 2011 0 0 0
cpu4 6704 335 2807 33233 75 150 41 0 0 0
cpu5 6566 300 2709 33426 83 151 37 0 0 0
cpu6 7925 292 1895 32242 81 127 34 0 0 0
cpu7 9815 84 4049 27127 130 254 74 0 0 0
intr 10932148 0 0 0 1586992 0 0 0 0 0 0 0 6 6 0 0 0 3207 7316 5000 2 0 44688 298564 0 0 30147 12 0 0 65 1 0 0 0 3 0 0 0 0 0 0 0 0 0 0 0 0 0 0 0 0 0 0 0 0 0 0 0 0 0 0 0 0 0 0 0 0 0 0 0 0 0 0 0 253786 0 0 0 0 0 0 0 0 0 0 0 0 0 0 0 0 0 0 0 0 0 0 0 0 0 0 0 0 0 0 0 0 0 0 0 0 0 0 0 896 0 0 0 0 0 0 0 0 0 0 0 0 0 0 0 0 0 0 0 0 0 0 0 0 0 0 0 0 0 0 0 0 0 0 0 0 0 0 0 0 0 0 0 0 0 0 0 0 0 0 0 0 0 0 0 0 0 0 0 0 0 0 0 0 0 0 0 0 0 0 0 0 0 0 0 0 0 0 0 0 0 0 0 0 0 0 0 0 0 0 0 0 0 0 0 0 0 0 0 0 0 0 0 0 0 9 0 0 100240 0 0 0 0 0 0 1 0 0 17 0 2 58 30696 92 9863 16 73568 17 81417 17 81137 17 64643 3763 0 0 573 533 412249 33990 0 2402 0 10392 624 33990 299 31247 33 0 0 12 2 429522 0 0 0 0 0 0 0 0 0 0 0 0 9076 0 0 0 0 0 0 0 0 0 0 0 0 3 0 0 0 0 0 0 0 0 0 0 23273 0 0 0 0 0 0 0 0 0 0 0 3309 0 0 0 1 0 18 4 0 4 2 1 0 1 0 1 0 1 0 0 1 0 694 0 0 0 0 0 0 0 5 0 0 0 1 0 0 6 0 0 0 0 0 0 0 0 4934 2 6 0 33990 33990 0 2 33990 411 0 0 2 0 0 0 0 0 0 0 0 0 0 0 1 0 1 0 0 0 0 0 84 1 1 0 1 0 1 89 0 0 0 0 0 0 0 0 0 1 0 0 1 0 0 22 1 0 96 4 0 0 0 33632 33900 65 0 209987 91758 0 0 48
ctxt 15563651
btime 1702735995
processes 6112
procs_running 3
procs_blocked 0
softirq 2173235 167395 162534 12103 262237 46815 0 1183671 189291 2860 146329
cpu  71122 2045 30615 227818 403 6749 5877 0 0 0
cpu0 9987 202 4856 24445 5 2108 530 0 0 0
cpu1 9993 223 4226 24516 7 1500 1733 0 0 0
cpu2 9949 287 5126 25210 10 1133 1379 0 0 0
cpu3 9961 319 4832 24536 8 1312 2043 0 0 0
cpu4 6722 335 2824 34050 75 152 41 0 0 0
cpu5 6597 300 2727 34243 83 153 37 0 0 0
cpu6 7955 292 1902 33055 82 129 34 0 0 0
cpu7 9954 84 4119 27759 130 259 76 0 0 0
intr 11132964 0 0 0 1620728 0 0 0 0 0 0 0 6 6 0 0 0 3217 7397 5000 2 0 44751 304017 0 0 30467 12 0 0 65 1 0 0 0 3 0 0 0 0 0 0 0 0 0 0 0 0 0 0 0 0 0 0 0 0 0 0 0 0 0 0 0 0 0 0 0 0 0 0 0 0 0 0 0 260485 0 0 0 0 0 0 0 0 0 0 0 0 0 0 0 0 0 0 0 0 0 0 0 0 0 0 0 0 0 0 0 0 0 0 0 0 0 0 0 896 0 0 0 0 0 0 0 0 0 0 0 0 0 0 0 0 0 0 0 0 0 0 0 0 0 0 0 0 0 0 0 0 0 0 0 0 0 0 0 0 0 0 0 0 0 0 0 0 0 0 0 0 0 0 0 0 0 0 0 0 0 0 0 0 0 0 0 0 0 0 0 0 0 0 0 0 0 0 0 0 0 0 0 0 0 0 0 0 0 0 0 0 0 0 0 0 0 0 0 0 0 0 0 0 0 9 0 0 102131 0 0 0 0 0 0 1 0 0 17 0 2 58 30696 92 9863 16 75104 17 83136 17 82837 17 65977 3763 0 0 573 533 420792 34617 0 2402 0 10519 624 34617 299 31583 33 0 0 12 2 435995 0 0 0 0 0 0 0 0 0 0 0 0 9264 0 0 0 0 0 0 0 0 0 0 0 0 3 0 0 0 0 0 0 0 0 0 0 23733 0 0 0 0 0 0 0 0 0 0 0 3377 0 0 0 1 0 18 4 0 4 2 1 0 1 0 1 0 1 0 0 1 0 694 0 0 0 0 0 0 0 5 0 0 0 1 0 0 6 0 0 0 0 0 0 0 0 5013 2 6 0 34617 34617 0 2 34618 419 0 0 2 0 0 0 0 0 0 0 0 0 0 0 1 0 1 0 0 0 0 0 84 1 1 0 1 0 1 89 0 0 0 0 0 0 0 0 0 1 0 0 1 0 0 22 1 0 96 4 0 0 0 34332 34603 65 0 214345 92889 0 0 48
ctxt 15849709
btime 1702735995
processes 6131
procs_running 2
procs_blocked 0
softirq 2204280 170424 164732 12421 268729 46863 0 1197930 191937 3085 148159
cpu  71666 2052 30853 231327 404 6826 5960 0 0 0
cpu0 10088 203 4898 24799 5 2131 549 0 0 0
cpu1 10099 223 4254 24883 7 1520 1753 0 0 0
cpu2 10039 287 5166 25598 10 1145 1396 0 0 0
cpu3 10050 323 4874 24927 8 1328 2068 0 0 0
cpu4 6746 336 2838 34577 76 153 42 0 0 0
cpu5 6609 300 2737 34779 83 154 37 0 0 0
cpu6 7979 294 1912 33590 82 130 34 0 0 0
cpu7 10052 84 4171 28169 130 262 77 0 0 0
intr 11269757 0 0 0 1643158 0 0 0 0 0 0 0 6 6 0 0 0 3229 7443 5000 2 0 44785 307613 0 0 30704 12 0 0 65 1 0 0 0 3 0 0 0 0 0 0 0 0 0 0 0 0 0 0 0 0 0 0 0 0 0 0 0 0 0 0 0 0 0 0 0 0 0 0 0 0 0 0 0 264798 0 0 0 0 0 0 0 0 0 0 0 0 0 0 0 0 0 0 0 0 0 0 0 0 0 0 0 0 0 0 0 0 0 0 0 0 0 0 0 896 0 0 0 0 0 0 0 0 0 0 0 0 0 0 0 0 0 0 0 0 0 0 0 0 0 0 0 0 0 0 0 0 0 0 0 0 0 0 0 0 0 0 0 0 0 0 0 0 0 0 0 0 0 0 0 0 0 0 0 0 0 0 0 0 0 0 0 0 0 0 0 0 0 0 0 0 0 0 0 0 0 0 0 0 0 0 0 0 0 0 0 0 0 0 0 0 0 0 0 0 0 0 0 0 0 9 0 0 103380 0 0 0 0 0 0 1 0 0 17 0 2 58 30696 92 9863 16 76123 17 84264 17 83954 17 66851 3763 0 0 573 533 426435 35032 0 2402 0 10646 624 35032 299 32250 33 0 0 12 2 440692 0 0 0 0 0 0 0 0 0 0 0 0 9376 0 0 0 0 0 0 0 0 0 0 0 0 3 0 0 0 0 0 0 0 0 0 0 24016 0 0 0 0 0 0 0 0 0 0 0 3418 0 0 0 1 0 18 4 0 4 2 1 0 1 0 1 0 1 0 0 1 0 694 0 0 0 0 0 0 0 5 0 0 0 1 0 0 6 0 0 0 0 0 0 0 0 5055 2 6 0 35032 35032 0 2 35033 424 0 0 2 0 0 0 0 0 0 0 0 0 0 0 1 0 1 0 0 0 0 0 84 1 1 0 1 0 1 89 0 0 0 0 0 0 0 0 0 1 0 0 1 0 0 22 1 0 96 4 0 0 0 34794 35067 65 0 217225 93632 0 0 48
ctxt 16042954
btime 1702735995
processes 6150
procs_running 2
procs_blocked 0
softirq 2226861 172414 166209 12671 273041 46889 0 1209194 193737 3324 149382
cpu  72632 2070 31339 238026 405 6966 6093 0 0 0
cpu0 10272 206 4990 25480 5 2173 577 0 0 0
cpu1 10289 226 4329 25580 7 1554 1789 0 0 0
cpu2 10218 289 5248 26340 10 1166 1424 0 0 0
cpu3 10218 328 4951 25665 8 1356 2107 0 0 0
cpu4 6776 337 2861 35593 76 156 42 0 0 0
cpu5 6643 300 2758 35789 83 157 37 0 0 0
cpu6 8002 297 1930 34614 82 132 35 0 0 0
cpu7 10210 84 4269 28961 130 268 79 0 0 0
intr 11517199 0 0 0 1685442 0 0 0 0 0 0 0 6 6 0 0 0 3245 7541 5000 2 0 44856 314466 0 0 31125 12 0 0 65 1 0 0 0 3 0 0 0 0 0 0 0 0 0 0 0 0 0 0 0 0 0 0 0 0 0 0 0 0 0 0 0 0 0 0 0 0 0 0 0 0 0 0 0 272039 0 0 0 0 0 0 0 0 0 0 0 0 0 0 0 0 0 0 0 0 0 0 0 0 0 0 0 0 0 0 0 0 0 0 0 0 0 0 0 896 0 0 0 0 0 0 0 0 0 0 0 0 0 0 0 0 0 0 0 0 0 0 0 0 0 0 0 0 0 0 0 0 0 0 0 0 0 0 0 0 0 0 0 0 0 0 0 0 0 0 0 0 0 0 0 0 0 0 0 0 0 0 0 0 0 0 0 0 0 0 0 0 0 0 0 0 0 0 0 0 0 0 0 0 0 0 0 0 0 0 0 0 0 0 0 0 0 0 0 0 0 0 0 0 0 9 0 0 105745 0 0 0 0 0 0 1 0 0 17 0 2 58 30696 92 9863 16 78041 17 86414 17 86087 17 68511 3763 0 0 573 533 437110 35816 0 2402 0 10900 624 35816 299 32865 33 0 0 12 2 448985 0 0 0 0 0 0 0 0 0 0 0 0 9623 0 0 0 0 0 0 0 0 0 0 0 0 3 0 0 0 0 0 0 0 0 0 0 24613 0 0 0 0 0 0 0 0 0 0 0 3508 0 0 0 1 0 18 4 0 4 2 1 0 1 0 1 0 1 0 0 1 0 694 0 0 0 0 0 0 0 5 0 0 0 1 0 0 6 0 0 0 0 0 0 0 0 5156 2 6 0 35816 35816 0 2 35817 435 0 0 2 0 0 0 0 0 0 0 0 0 0 0 1 0 1 0 0 0 0 0 84 1 1 0 1 0 1 89 0 0 0 0 0 0 0 0 0 1 0 0 1 0 0 22 1 0 96 4 0 0 0 35668 35945 65 0 222671 95054 0 0 48
ctxt 16394713
btime 1702735995
processes 6178
procs_running 5
procs_blocked 0
softirq 2265356 176180 169066 13011 280005 46946 0 1227540 197205 3616 151787
cpu  73055 2072 31619 241304 411 7035 6166 0 0 0
cpu0 10354 206 5038 25808 7 2193 593 0 0 0
cpu1 10371 227 4371 25919 7 1571 1808 0 0 0
cpu2 10304 290 5305 26703 10 1177 1439 0 0 0
cpu3 10277 328 5005 26029 8 1371 2130 0 0 0
cpu4 6785 337 2868 36092 76 157 42 0 0 0
cpu5 6656 300 2769 36292 83 159 37 0 0 0
cpu6 8015 297 1942 35116 82 134 35 0 0 0
cpu7 10290 85 4317 29341 133 271 80 0 0 0
intr 11639581 0 0 0 1706171 0 0 0 0 0 0 0 6 6 0 0 0 3258 7591 5000 2 0 44972 317829 0 0 31350 12 0 0 65 1 0 0 0 3 0 0 0 0 0 0 0 0 0 0 0 0 0 0 0 0 0 0 0 0 0 0 0 0 0 0 0 0 0 0 0 0 0 0 0 0 0 0 0 275945 0 0 0 0 0 0 0 0 0 0 0 0 0 0 0 0 0 0 0 0 0 0 0 0 0 0 0 0 0 0 0 0 0 0 0 0 0 0 0 896 0 0 0 0 0 0 0 0 0 0 0 0 0 0 0 0 0 0 0 0 0 0 0 0 0 0 0 0 0 0 0 0 0 0 0 0 0 0 0 0 0 0 0 0 0 0 0 0 0 0 0 0 0 0 0 0 0 0 0 0 0 0 0 0 0 0 0 0 0 0 0 0 0 0 0 0 0 0 0 0 0 0 0 0 0 0 0 0 0 0 0 0 0 0 0 0 0 0 0 0 0 0 0 0 0 9 0 0 106908 0 0 0 0 0 0 1 0 0 17 0 2 58 30696 92 9863 16 78977 17 87466 17 87136 17 69330 3763 0 0 573 533 442363 36202 0 2402 0 11027 624 36202 299 33115 33 0 0 12 2 453004 0 0 0 0 0 0 0 0 0 0 0 0 9742 0 0 0 0 0 0 0 0 0 0 0 0 3 0 0 0 0 0 0 0 0 0 0 24904 0 0 0 0 0 0 0 0 0 0 0 3551 0 0 0 1 0 18 4 0 4 2 1 0 1 0 1 0 1 0 0 1 0 694 0 0 0 0 0 0 0 5 0 0 0 1 0 0 6 0 0 0 0 0 0 0 0 5211 2 6 0 36202 36202 0 2 36203 440 0 0 2 0 0 0 0 0 0 0 0 0 0 0 1 0 1 0 0 0 0 0 84 1 1 0 1 0 1 89 0 0 0 0 0 0 0 0 0 1 0 0 1 0 0 22 1 0 96 4 0 0 0 36097 36377 65 0 225351 95746 0 0 48
ctxt 16570748
btime 1702735995
processes 6197
procs_running 1
procs_blocked 0
softirq 2289279 178035 170429 13222 283849 47048 0 1241201 198857 3728 152910
cpu  73506 2084 31827 244482 412 7102 6236 0 0 0
cpu0 10440 206 5071 26134 7 2213 608 0 0 0
cpu1 10458 230 4396 26253 7 1588 1828 0 0 0
cpu2 10381 290 5337 27055 10 1188 1453 0 0 0
cpu3 10350 329 5039 26385 8 1384 2150 0 0 0
cpu4 6806 339 2883 36563 76 158 42 0 0 0
cpu5 6669 302 2777 36777 84 160 37 0 0 0
cpu6 8029 301 1951 35601 82 135 35 0 0 0
cpu7 10369 85 4370 29709 133 274 81 0 0 0
intr 11757080 0 0 0 1726181 0 0 0 0 0 0 0 6 6 0 0 0 3267 7650 5000 2 0 44999 321072 0 0 31564 12 0 0 65 1 0 0 0 3 0 0 0 0 0 0 0 0 0 0 0 0 0 0 0 0 0 0 0 0 0 0 0 0 0 0 0 0 0 0 0 0 0 0 0 0 0 0 0 279729 0 0 0 0 0 0 0 0 0 0 0 0 0 0 0 0 0 0 0 0 0 0 0 0 0 0 0 0 0 0 0 0 0 0 0 0 0 0 0 896 0 0 0 0 0 0 0 0 0 0 0 0 0 0 0 0 0 0 0 0 0 0 0 0 0 0 0 0 0 0 0 0 0 0 0 0 0 0 0 0 0 0 0 0 0 0 0 0 0 0 0 0 0 0 0 0 0 0 0 0 0 0 0 0 0 0 0 0 0 0 0 0 0 0 0 0 0 0 0 0 0 0 0 0 0 0 0 0 0 0 0 0 0 0 0 0 0 0 0 0 0 0 0 0 0 9 0 0 108029 0 0 0 0 0 0 1 0 0 17 0 2 58 30696 92 9863 16 79889 17 88485 17 88148 17 70120 3763 0 0 573 533 447430 36575 0 2402 0 11172 624 36575 299 33312 33 0 0 12 2 456838 0 0 0 0 0 0 0 0 0 0 0 0 9852 0 0 0 0 0 0 0 0 0 0 0 0 3 0 0 0 0 0 0 0 0 0 0 25175 0 0 0 0 0 0 0 0 0 0 0 3591 0 0 0 1 0 18 4 0 4 2 1 0 1 0 1 0 1 0 0 1 0 694 0 0 0 0 0 0 0 5 0 0 0 1 0 0 6 0 0 0 0 0 0 0 0 5261 2 6 0 36575 36575 0 2 36575 445 0 0 2 0 0 0 0 0 0 0 0 0 0 0 1 0 1 0 0 0 0 0 84 1 1 0 1 0 1 89 0 0 0 0 0 0 0 0 0 1 0 0 1 0 0 22 1 0 96 4 0 0 0 36511 36793 65 0 227937 96414 0 0 48
ctxt 16738207
btime 1702735995
processes 6216
procs_running 2
procs_blocked 0
softirq 2307888 179822 171711 13422 287610 47067 0 1249969 200409 3899 153979
cpu  74080 2092 32063 248525 413 7187 6314 0 0 0
cpu0 10546 207 5114 26545 8 2238 624 0 0 0
cpu1 10549 233 4434 26683 7 1609 1851 0 0 0
cpu2 10482 293 5376 27502 10 1201 1470 0 0 0
cpu3 10450 329 5073 26833 8 1401 2169 0 0 0
cpu4 6827 339 2892 37175 77 160 42 0 0 0
cpu5 6699 302 2790 37390 84 161 37 0 0 0
cpu6 8048 301 1965 36213 82 136 35 0 0 0
cpu7 10477 85 4417 30181 133 278 82 0 0 0
intr 11906591 0 0 0 1751572 0 0 0 0 0 0 0 6 6 0 0 0 3295 7718 5000 2 0 45043 325194 0 0 31860 12 0 0 65 1 0 0 0 3 0 0 0 0 0 0 0 0 0 0 0 0 0 0 0 0 0 0 0 0 0 0 0 0 0 0 0 0 0 0 0 0 0 0 0 0 0 0 0 284259 0 0 0 0 0 0 0 0 0 0 0 0 0 0 0 0 0 0 0 0 0 0 0 0 0 0 0 0 0 0 0 0 0 0 0 0 0 0 0 896 0 0 0 0 0 0 0 0 0 0 0 0 0 0 0 0 0 0 0 0 0 0 0 0 0 0 0 0 0 0 0 0 0 0 0 0 0 0 0 0 0 0 0 0 0 0 0 0 0 0 0 0 0 0 0 0 0 0 0 0 0 0 0 0 0 0 0 0 0 0 0 0 0 0 0 0 0 0 0 0 0 0 0 0 0 0 0 0 0 0 0 0 0 0 0 0 0 0 0 0 0 0 0 0 0 9 0 0 109453 0 0 0 0 0 0 1 0 0 17 0 2 58 30696 92 9863 16 81029 17 89789 17 89442 17 71114 3763 0 0 573 533 453863 37047 0 2402 0 11426 624 37047 299 33679 33 0 0 12 2 461849 0 0 0 0 0 0 0 0 0 0 0 0 9991 0 0 0 0 0 0 0 0 0 0 0 0 3 0 0 0 0 0 0 0 0 0 0 25516 0 0 0 0 0 0 0 0 0 0 0 3643 0 0 0 1 0 18 4 0 4 2 1 0 1 0 1 0 1 0 0 1 0 694 0 0 0 0 0 0 0 5 0 0 0 1 0 0 6 0 0 0 0 0 0 0 0 5329 2 6 0 37047 37047 0 2 37048 451 0 0 2 0 0 0 0 0 0 0 0 0 0 0 1 0 1 0 0 0 0 0 84 1 1 0 1 0 1 89 0 0 0 0 0 0 0 0 0 1 0 0 1 0 0 22 1 0 96 4 0 0 0 37037 37322 65 0 231218 97266 0 0 48
ctxt 16950710
btime 1702735995
processes 6235
procs_running 3
procs_blocked 0
softirq 2331233 182101 173330 13654 291997 47103 0 1261267 202362 4097 155322
cpu  75129 2108 32603 255983 414 7338 6459 0 0 0
cpu0 10752 208 5230 27305 8 2282 660 0 0 0
cpu1 10744 236 4517 27471 7 1647 1891 0 0 0
cpu2 10654 297 5478 28329 10 1224 1498 0 0 0
cpu3 10621 334 5144 27656 8 1432 2208 0 0 0
cpu4 6861 340 2911 38302 77 162 42 0 0 0
cpu5 6719 303 2814 38523 84 163 37 0 0 0
cpu6 8109 302 1986 37332 83 140 35 0 0 0
cpu7 10667 85 4520 31061 133 284 84 0 0 0
intr 12173540 0 0 0 1797884 0 0 0 0 0 0 0 6 6 0 0 0 3315 7818 5000 2 0 45126 332719 0 0 32299 12 0 0 65 1 0 0 0 3 0 0 0 0 0 0 0 0 0 0 0 0 0 0 0 0 0 0 0 0 0 0 0 0 0 0 0 0 0 0 0 0 0 0 0 0 0 0 0 292608 0 0 0 0 0 0 0 0 0 0 0 0 0 0 0 0 0 0 0 0 0 0 0 0 0 0 0 0 0 0 0 0 0 0 0 0 0 0 0 896 0 0 0 0 0 0 0 0 0 0 0 0 0 0 0 0 0 0 0 0 0 0 0 0 0 0 0 0 0 0 0 0 0 0 0 0 0 0 0 0 0 0 0 0 0 0 0 0 0 0 0 0 0 0 0 0 0 0 0 0 0 0 0 0 0 0 0 0 0 0 0 0 0 0 0 0 0 0 0 0 0 0 0 0 0 0 0 0 0 0 0 0 0 0 0 0 0 0 0 0 0 0 0 0 0 9 0 0 112060 0 0 0 0 0 0 1 0 0 17 0 2 58 30696 92 9863 16 83148 17 92156 17 91799 17 72945 3763 0 0 573 533 465635 37912 0 2402 0 11680 624 37912 299 33921 33 0 0 12 2 470564 0 0 0 0 0 0 0 0 0 0 0 0 10246 0 0 0 0 0 0 0 0 0 0 0 0 3 0 0 0 0 0 0 0 0 0 0 26143 0 0 0 0 0 0 0 0 0 0 0 3735 0 0 0 1 0 18 4 0 4 2 1 0 1 0 1 0 1 0 0 1 0 694 0 0 0 0 0 0 0 5 0 0 0 1 0 0 6 0 0 0 0 0 0 0 0 5432 2 6 0 37912 37912 0 2 37913 463 0 0 2 0 0 0 0 0 0 0 0 0 0 0 1 0 1 0 0 0 0 0 84 1 1 0 1 0 1 89 0 0 0 0 0 0 0 0 0 1 0 0 1 0 0 22 1 0 96 4 0 0 0 38000 38290 65 0 237225 98819 0 0 48
ctxt 17330271
btime 1702735995
processes 6254
procs_running 5
procs_blocked 0
softirq 2374546 186274 176433 14042 299942 47159 0 1282417 206074 4293 157912
cpu  75634 2116 32866 259197 415 7409 6530 0 0 0
cpu0 10854 210 5278 27626 8 2303 672 0 0 0
cpu1 10833 237 4552 27801 7 1665 1911 0 0 0
cpu2 10735 300 5534 28673 10 1235 1516 0 0 0
cpu3 10707 335 5185 28004 8 1446 2228 0 0 0
cpu4 6881 340 2919 38799 77 164 42 0 0 0
cpu5 6739 303 2830 39018 84 164 38 0 0 0
cpu6 8125 302 1994 37833 83 141 35 0 0 0
cpu7 10756 86 4570 31440 133 287 85 0 0 0
intr 12297601 0 0 0 1818579 0 0 0 0 0 0 0 6 6 0 0 0 3335 7867 5000 2 0 45153 336070 0 0 32510 12 0 0 65 1 0 0 0 3 0 0 0 0 0 0 0 0 0 0 0 0 0 0 0 0 0 0 0 0 0 0 0 0 0 0 0 0 0 0 0 0 0 0 0 0 0 0 0 296798 0 0 0 0 0 0 0 0 0 0 0 0 0 0 0 0 0 0 0 0 0 0 0 0 0 0 0 0 0 0 0 0 0 0 0 0 0 0 0 896 0 0 0 0 0 0 0 0 0 0 0 0 0 0 0 0 0 0 0 0 0 0 0 0 0 0 0 0 0 0 0 0 0 0 0 0 0 0 0 0 0 0 0 0 0 0 0 0 0 0 0 0 0 0 0 0 0 0 0 0 0 0 0 0 0 0 0 0 0 0 0 0 0 0 0 0 0 0 0 0 0 0 0 0 0 0 0 0 0 0 0 0 0 0 0 0 0 0 0 0 0 0 0 0 0 9 0 0 113218 0 0 0 0 0 0 1 0 0 17 0 2 58 30696 92 9863 16 84088 17 93213 17 92844 17 73763 3763 0 0 573 533 470860 38296 0 2402 0 11807 624 38296 299 34242 33 0 0 12 2 474679 0 0 0 0 0 0 0 0 0 0 0 0 10365 0 0 0 0 0 0 0 0 0 0 0 0 3 0 0 0 0 0 0 0 0 0 0 26434 0 0 0 0 0 0 0 0 0 0 0 3778 0 0 0 1 0 18 4 0 4 2 1 0 1 0 1 0 1 0 0 1 0 694 0 0 0 0 0 0 0 5 0 0 0 1 0 0 6 0 0 0 0 0 0 0 0 5487 2 6 0 38297 38297 0 2 38297 468 0 0 2 0 0 0 0 0 0 0 0 0 0 0 1 0 1 0 0 0 0 0 84 1 1 0 1 0 1 89 0 0 0 0 0 0 0 0 0 1 0 0 1 0 0 22 1 0 96 4 0 0 0 38428 38720 65 0 239893 99508 0 0 48
ctxt 17508644
btime 1702735995
processes 6273
procs_running 7
procs_blocked 0
softirq 2398436 188119 177826 14316 303855 47178 0 1295818 207779 4466 159079
cpu  76517 2128 33288 265737 416 7544 6650 0 0 0
cpu0 11014 212 5353 28290 8 2344 702 0 0 0
cpu1 10997 240 4610 28488 7 1697 1942 0 0 0
cpu2 10894 300 5598 29395 10 1256 1542 0 0 0
cpu3 10855 341 5258 28733 8 1474 2259 0 0 0
cpu4 6914 340 2937 39784 77 166 42 0 0 0
cpu5 6775 304 2860 40005 85 167 38 0 0 0
cpu6 8161 303 2002 38831 84 143 35 0 0 0
cpu7 10902 86 4668 32208 133 293 87 0 0 0
intr 12536603 0 0 0 1859374 0 0 0 0 0 0 0 6 6 0 0 0 3365 7971 5000 2 0 45260 342668 0 0 32911 12 0 0 65 1 0 0 0 3 0 0 0 0 0 0 0 0 0 0 0 0 0 0 0 0 0 0 0 0 0 0 0 0 0 0 0 0 0 0 0 0 0 0 0 0 0 0 0 303554 0 0 0 0 0 0 0 0 0 0 0 0 0 0 0 0 0 0 0 0 0 0 0 0 0 0 0 0 0 0 0 0 0 0 0 0 0 0 0 896 0 0 0 0 0 0 0 0 0 0 0 0 0 0 0 0 0 0 0 0 0 0 0 0 0 0 0 0 0 0 0 0 0 0 0 0 0 0 0 0 0 0 0 0 0 0 0 0 0 0 0 0 0 0 0 0 0 0 0 0 0 0 0 0 0 0 0 0 0 0 0 0 0 0 0 0 0 0 0 0 0 0 0 0 0 0 0 0 0 0 0 0 0 0 0 0 0 0 0 0 0 0 0 0 0 9 0 0 115512 0 0 0 0 0 0 1 0 0 17 0 2 58 30696 92 9863 16 85952 17 95297 17 94913 17 75373 3763 0 0 573 533 481228 39058 0 2402 0 12061 629 39058 299 34650 33 0 0 12 2 482529 0 0 0 0 0 0 0 0 0 0 0 0 10593 0 0 0 0 0 0 0 0 0 0 0 0 3 0 0 0 0 0 0 0 0 0 0 26991 0 0 0 0 0 0 0 0 0 0 0 3864 0 0 0 1 0 18 4 0 4 2 1 0 1 0 1 0 1 0 0 1 0 694 0 0 0 0 0 0 0 6 0 0 0 1 0 0 6 0 0 0 0 0 0 0 0 5611 2 6 0 39058 39058 0 2 39059 478 0 0 2 0 0 0 0 0 0 0 0 0 0 0 1 0 1 0 0 0 0 0 84 1 1 0 1 0 1 89 0 0 0 0 0 0 0 0 0 1 0 0 1 0 0 22 1 0 96 4 0 0 0 39276 39573 65 0 245181 100882 0 0 48
ctxt 17845620
btime 1702735995
processes 6292
procs_running 2
procs_blocked 0
softirq 2433161 191795 180426 14650 310483 47246 0 1311710 210894 4736 161221
cpu  76701 2130 33382 267144 416 7574 6673 0 0 0
cpu0 11041 212 5367 28435 8 2353 705 0 0 0
cpu1 11035 240 4627 28636 7 1705 1949 0 0 0
cpu2 10917 301 5613 29554 10 1260 1547 0 0 0
cpu3 10889 341 5273 28889 8 1480 2266 0 0 0
cpu4 6924 340 2940 39995 77 167 42 0 0 0
cpu5 6781 305 2863 40221 85 167 38 0 0 0
cpu6 8173 303 2006 39045 84 144 35 0 0 0
cpu7 10936 86 4690 32366 133 294 88 0 0 0
intr 12589174 0 0 0 1868355 0 0 0 0 0 0 0 6 6 0 0 0 3367 7988 5000 2 0 45268 344112 0 0 32980 12 0 0 65 1 0 0 0 3 0 0 0 0 0 0 0 0 0 0 0 0 0 0 0 0 0 0 0 0 0 0 0 0 0 0 0 0 0 0 0 0 0 0 0 0 0 0 0 305164 0 0 0 0 0 0 0 0 0 0 0 0 0 0 0 0 0 0 0 0 0 0 0 0 0 0 0 0 0 0 0 0 0 0 0 0 0 0 0 896 0 0 0 0 0 0 0 0 0 0 0 0 0 0 0 0 0 0 0 0 0 0 0 0 0 0 0 0 0 0 0 0 0 0 0 0 0 0 0 0 0 0 0 0 0 0 0 0 0 0 0 0 0 0 0 0 0 0 0 0 0 0 0 0 0 0 0 0 0 0 0 0 0 0 0 0 0 0 0 0 0 0 0 0 0 0 0 0 0 0 0 0 0 0 0 0 0 0 0 0 0 0 0 0 0 9 0 0 116011 0 0 0 0 0 0 1 0 0 17 0 2 58 30696 92 9863 16 86358 17 95750 17 95364 17 75724 3763 0 0 573 533 483478 39223 0 2402 0 12061 629 39223 299 34808 33 0 0 12 2 484299 0 0 0 0 0 0 0 0 0 0 0 0 10650 0 0 0 0 0 0 0 0 0 0 0 0 3 0 0 0 0 0 0 0 0 0 0 27125 0 0 0 0 0 0 0 0 0 0 0 3884 0 0 0 1 0 18 4 0 4 2 1 0 1 0 1 0 1 0 0 1 0 694 0 0 0 0 0 0 0 6 0 0 0 1 0 0 6 0 0 0 0 0 0 0 0 5632 2 6 0 39224 39224 0 2 39224 480 0 0 2 0 0 0 0 0 0 0 0 0 0 0 1 0 1 0 0 0 0 0 84 1 1 0 1 0 1 89 0 0 0 0 0 0 0 0 0 1 0 0 1 0 0 22 1 0 96 4 0 0 0 39460 39758 65 0 246329 101182 0 0 48
ctxt 17920443
btime 1702735995
processes 6311
procs_running 2
procs_blocked 0
softirq 2441261 192589 181066 14729 312122 47252 0 1315226 211650 4820 161807
cpu  77575 2145 33854 273605 418 7708 6807 0 0 0
cpu0 11223 215 5450 29090 8 2392 730 0 0 0
cpu1 11197 242 4687 29312 7 1739 1984 0 0 0
cpu2 11071 301 5696 30272 10 1281 1576 0 0 0
cpu3 11032 345 5364 29605 8 1507 2307 0 0 0
cpu4 6957 341 2965 40974 78 169 43 0 0 0
cpu5 6804 307 2877 41207 85 169 38 0 0 0
cpu6 8223 306 2016 40013 84 147 35 0 0 0
cpu7 11063 86 4796 33128 133 300 90 0 0 0
intr 12826229 0 0 0 1908865 0 0 0 0 0 0 0 6 6 0 0 0 3394 8091 5000 2 0 45344 350681 0 0 33419 12 0 0 65 1 0 0 0 3 0 0 0 0 0 0 0 0 0 0 0 0 0 0 0 0 0 0 0 0 0 0 0 0 0 0 0 0 0 0 0 0 0 0 0 0 0 0 0 313069 0 0 0 0 0 0 0 0 0 0 0 0 0 0 0 0 0 0 0 0 0 0 0 0 0 0 0 0 0 0 0 0 0 0 0 0 0 0 0 896 0 0 0 0 0 0 0 0 0 0 0 0 0 0 0 0 0 0 0 0 0 0 0 0 0 0 0 0 0 0 0 0 0 0 0 0 0 0 0 0 0 0 0 0 0 0 0 0 0 0 0 0 0 0 0 0 0 0 0 0 0 0 0 0 0 0 0 0 0 0 0 0 0 0 0 0 0 0 0 0 0 0 0 0 0 0 0 0 0 0 0 0 0 0 0 0 0 0 0 0 0 0 0 0 0 9 0 0 118282 0 0 0 0 0 0 1 0 0 17 0 2 58 30696 92 9863 16 88197 17 97811 17 97410 17 77317 3763 0 0 573 533 493735 39977 0 2402 0 12315 629 39977 299 35223 33 0 0 12 2 492087 0 0 0 0 0 0 0 0 0 0 0 0 10878 0 0 0 0 0 0 0 0 0 0 0 0 3 0 0 0 0 0 0 0 0 0 0 27685 0 0 0 0 0 0 0 0 0 0 0 3967 0 0 0 1 0 18 4 0 4 2 1 0 1 0 1 0 1 0 0 1 0 694 0 0 0 0 0 0 0 6 0 0 0 1 0 0 6 0 0 0 0 0 0 0 0 5727 2 6 0 39977 39977 0 2 39978 491 0 0 2 0 0 0 0 0 0 0 0 0 0 0 1 0 1 0 0 0 0 0 84 1 1 0 1 0 1 89 0 0 0 0 0 0 0 0 0 1 0 0 1 0 0 22 1 0 96 4 0 0 0 40299 40601 65 0 251561 102532 0 0 48
ctxt 18258877
btime 1702735995
processes 6334
procs_running 1
procs_blocked 0
softirq 2481259 196208 183703 15090 319832 47309 0 1335130 214869 5122 163996
cpu  78579 2165 34305 280007 419 7841 6927 0 0 0
cpu0 11382 219 5532 29735 8 2431 756 0 0 0
cpu1 11361 248 4754 29980 7 1772 2013 0 0 0
cpu2 11298 304 5791 30980 10 1302 1603 0 0 0
cpu3 11240 352 5437 30313 8 1534 2343 0 0 0
cpu4 6991 342 2987 41949 78 171 43 0 0 0
cpu5 6839 307 2898 42174 86 172 38 0 0 0
cpu6 8263 306 2030 40987 84 149 35 0 0 0
cpu7 11201 86 4872 33885 134 306 92 0 0 0
intr 13061011 0 0 0 1949018 0 0 0 0 0 0 0 6 6 0 0 0 3416 8188 5000 2 0 45413 357189 0 0 33826 12 0 0 65 1 0 0 0 3 0 0 0 0 0 0 0 0 0 0 0 0 0 0 0 0 0 0 0 0 0 0 0 0 0 0 0 0 0 0 0 0 0 0 0 0 0 0 0 320515 0 0 0 0 0 0 0 0 0 0 0 0 0 0 0 0 0 0 0 0 0 0 0 0 0 0 0 0 0 0 0 0 0 0 0 0 0 0 0 896 0 0 0 0 0 0 0 0 0 0 0 0 0 0 0 0 0 0 0 0 0 0 0 0 0 0 0 0 0 0 0 0 0 0 0 0 0 0 0 0 0 0 0 0 0 0 0 0 0 0 0 0 0 0 0 0 0 0 0 0 0 0 0 0 0 0 0 0 0 0 0 0 0 0 0 0 0 0 0 0 0 0 0 0 0 0 0 0 0 0 0 0 0 0 0 0 0 0 0 0 0 0 0 0 0 9 0 0 120534 0 0 0 0 0 0 1 0 0 17 0 2 58 30696 92 9863 16 90018 17 99864 17 99451 17 78904 3763 0 0 573 533 503904 40724 0 2402 0 12569 629 40724 299 35518 33 0 0 12 2 499727 0 0 0 0 0 0 0 0 0 0 0 0 11091 0 0 0 0 0 0 0 0 0 0 0 0 3 0 0 0 0 0 0 0 0 0 0 28214 0 0 0 0 0 0 0 0 0 0 0 4044 0 0 0 1 0 18 4 0 4 2 1 0 1 0 1 0 1 0 0 1 0 694 0 0 0 0 0 0 0 6 0 0 0 1 0 0 6 0 0 0 0 0 0 0 0 5819 2 6 0 40724 40724 0 2 40725 500 0 0 2 0 0 0 0 0 0 0 0 0 0 0 1 0 1 0 0 0 0 0 84 1 1 0 1 0 1 89 0 0 0 0 0 0 0 0 0 1 0 0 1 0 0 22 1 0 96 4 0 0 0 41130 41437 65 0 256749 103878 0 0 48
ctxt 18592530
btime 1702735995
processes 6356
procs_running 8
procs_blocked 0
softirq 2519847 199814 186487 15476 327259 47358 0 1353524 218264 5371 166294
cpu  79602 2173 34773 285818 421 7965 7026 0 0 0
cpu0 11573 220 5617 30320 8 2468 771 0 0 0
cpu1 11525 248 4837 30594 8 1803 2043 0 0 0
cpu2 11494 307 5874 31626 10 1321 1627 0 0 0
cpu3 11441 352 5514 30957 8 1560 2371 0 0 0
cpu4 7017 342 3003 42837 78 173 43 0 0 0
cpu5 6883 308 2916 43049 86 174 38 0 0 0
cpu6 8301 307 2053 41862 85 152 35 0 0 0
cpu7 11365 86 4955 34570 134 311 94 0 0 0
intr 13283060 0 0 0 1986027 0 0 0 0 0 0 0 6 6 0 0 0 3440 8283 5000 2 0 45474 363104 0 0 34196 12 0 0 65 1 0 0 0 3 0 0 0 0 0 0 0 0 0 0 0 0 0 0 0 0 0 0 0 0 0 0 0 0 0 0 0 0 0 0 0 0 0 0 0 0 0 0 0 327085 0 0 0 0 0 0 0 0 0 0 0 0 0 0 0 0 0 0 0 0 0 0 0 0 0 0 0 0 0 0 0 0 0 0 0 0 0 0 0 896 0 0 0 0 0 0 0 0 0 0 0 0 0 0 0 0 0 0 0 0 0 0 0 0 0 0 0 0 0 0 0 0 0 0 0 0 0 0 0 0 0 0 0 0 0 0 0 0 0 0 0 0 0 0 0 0 0 0 0 0 0 0 0 0 0 0 0 0 0 0 0 0 0 0 0 0 0 0 0 0 0 0 0 0 0 0 0 0 0 0 0 0 0 0 0 0 0 0 0 0 0 0 0 0 0 9 0 0 122587 0 0 0 0 0 0 1 0 0 17 0 2 58 30696 92 9863 16 91683 17 101735 17 101315 17 80341 3763 0 0 573 533 513173 41406 0 2402 0 12823 629 41406 299 36350 33 0 0 12 2 507216 0 0 0 0 0 0 0 0 0 0 0 0 11298 0 0 0 0 0 0 0 0 0 0 0 0 3 0 0 0 0 0 0 0 0 0 0 28722 0 0 0 0 0 0 0 0 0 0 0 4119 0 0 0 1 0 18 4 0 4 2 1 0 1 0 1 0 1 0 0 1 0 694 0 0 0 0 0 0 0 6 0 0 0 1 0 0 6 0 0 0 0 0 0 0 0 5909 2 6 0 41406 41406 0 2 41406 510 0 0 2 0 0 0 0 0 0 0 0 0 0 0 1 0 1 0 0 0 0 0 84 1 1 0 1 0 1 89 0 0 0 0 0 0 0 0 0 1 0 0 1 0 0 22 1 0 96 4 0 0 0 41888 42199 65 0 261479 105112 0 0 48
ctxt 18905900
btime 1702735995
processes 6375
procs_running 1
procs_blocked 0
softirq 2554168 203092 189112 15855 333781 47403 0 1369194 221498 5724 168509
cpu  80535 2188 35164 290777 421 8067 7109 0 0 0
cpu0 11765 221 5705 30823 8 2498 785 0 0 0
cpu1 11718 254 4911 31115 8 1827 2066 0 0 0
cpu2 11654 310 5940 32181 10 1337 1646 0 0 0
cpu3 11637 356 5574 31508 8 1581 2397 0 0 0
cpu4 7053 342 3024 43582 79 175 43 0 0 0
cpu5 6903 308 2927 43797 86 176 38 0 0 0
cpu6 8315 307 2063 42617 85 153 35 0 0 0
cpu7 11487 87 5016 35150 134 316 95 0 0 0
intr 13462649 0 0 0 2017236 0 0 0 0 0 0 0 6 6 0 0 0 3451 8360 5000 2 0 45519 368140 0 0 34510 12 0 0 65 1 0 0 0 3 0 0 0 0 0 0 0 0 0 0 0 0 0 0 0 0 0 0 0 0 0 0 0 0 0 0 0 0 0 0 0 0 0 0 0 0 0 0 0 332198 0 0 0 0 0 0 0 0 0 0 0 0 0 0 0 0 0 0 0 0 0 0 0 0 0 0 0 0 0 0 0 0 0 0 0 0 0 0 0 896 0 0 0 0 0 0 0 0 0 0 0 0 0 0 0 0 0 0 0 0 0 0 0 0 0 0 0 0 0 0 0 0 0 0 0 0 0 0 0 0 0 0 0 0 0 0 0 0 0 0 0 0 0 0 0 0 0 0 0 0 0 0 0 0 0 0 0 0 0 0 0 0 0 0 0 0 0 0 0 0 0 0 0 0 0 0 0 0 0 0 0 0 0 0 0 0 0 0 0 0 0 0 0 0 0 9 0 0 124324 0 0 0 0 0 0 1 0 0 17 0 2 58 30696 92 9863 16 93096 17 103317 17 102877 17 81571 3763 0 0 573 533 521022 41982 0 2402 0 13077 629 41982 299 36646 33 0 0 12 2 513163 0 0 0 0 0 0 0 0 0 0 0 0 11478 0 0 0 0 0 0 0 0 0 0 0 0 3 0 0 0 0 0 0 0 0 0 0 29155 0 0 0 0 0 0 0 0 0 0 0 4185 0 0 0 1 0 18 4 0 4 2 1 0 1 0 1 0 1 0 0 1 0 694 0 0 0 0 0 0 0 6 0 0 0 1 0 0 6 0 0 0 0 0 0 0 0 5986 2 6 0 41982 41982 0 2 41983 517 0 0 2 0 0 0 0 0 0 0 0 0 0 0 1 0 1 0 0 0 0 0 84 1 1 0 1 0 1 89 0 0 0 0 0 0 0 0 0 1 0 0 1 0 0 22 1 0 96 4 0 0 0 42530 42844 65 0 265483 106148 0 0 48
ctxt 19161431
btime 1702735995
processes 6394
procs_running 3
procs_blocked 0
softirq 2581631 205879 191415 16110 338952 47436 0 1381074 224301 6003 170461
cpu  81368 2203 35536 295722 423 8172 7219 0 0 0
cpu0 11927 222 5779 31321 8 2529 804 0 0 0
cpu1 11868 257 4966 31626 8 1853 2103 0 0 0
cpu2 11808 315 5997 32723 10 1353 1669 0 0 0
cpu3 11791 361 5653 32047 8 1602 2426 0 0 0
cpu4 7079 343 3049 44336 79 177 43 0 0 0
cpu5 6926 309 2943 44550 86 178 38 0 0 0
cpu6 8340 307 2068 43380 85 155 36 0 0 0
cpu7 11625 87 5077 35735 134 320 97 0 0 0
intr 13646405 0 0 0 2048665 0 0 0 0 0 0 0 6 6 0 0 0 3469 8432 5000 2 0 45562 373192 0 0 34821 12 0 0 65 1 0 0 0 3 0 0 0 0 0 0 0 0 0 0 0 0 0 0 0 0 0 0 0 0 0 0 0 0 0 0 0 0 0 0 0 0 0 0 0 0 0 0 0 338003 0 0 0 0 0 0 0 0 0 0 0 0 0 0 0 0 0 0 0 0 0 0 0 0 0 0 0 0 0 0 0 0 0 0 0 0 0 0 0 896 0 0 0 0 0 0 0 0 0 0 0 0 0 0 0 0 0 0 0 0 0 0 0 0 0 0 0 0 0 0 0 0 0 0 0 0 0 0 0 0 0 0 0 0 0 0 0 0 0 0 0 0 0 0 0 0 0 0 0 0 0 0 0 0 0 0 0 0 0 0 0 0 0 0 0 0 0 0 0 0 0 0 0 0 0 0 0 0 0 0 0 0 0 0 0 0 0 0 0 0 0 0 0 0 0 9 0 0 126080 0 0 0 0 0 0 1 0 0 17 0 2 58 30696 92 9863 16 94514 17 104918 17 104457 17 82819 3763 0 0 573 533 528952 42565 0 2402 0 13204 629 42565 299 36931 33 0 0 12 2 519136 0 0 0 0 0 0 0 0 0 0 0 0 11661 0 0 0 0 0 0 0 0 0 0 0 0 3 0 0 0 0 0 0 0 0 0 0 29599 0 0 0 0 0 0 0 0 0 0 0 4252 0 0 0 1 0 18 4 0 4 2 1 0 1 0 1 0 1 0 0 1 0 694 0 0 0 0 0 0 0 6 0 0 0 1 0 0 6 0 0 0 0 0 0 0 0 6065 2 6 0 42565 42565 0 2 42566 525 0 0 2 0 0 0 0 0 0 0 0 0 0 0 1 0 1 0 0 0 0 0 84 1 1 0 1 0 1 89 0 0 0 0 0 0 0 0 0 1 0 0 1 0 0 22 1 0 96 4 0 0 0 43179 43496 65 0 269529 107209 0 0 48
ctxt 19422984
btime 1702735995
processes 6415
procs_running 3
procs_blocked 0
softirq 2615530 208689 193612 16420 344479 47469 0 1399340 227010 6206 172305
cpu  82180 2212 35894 300810 423 8279 7324 0 0 0
cpu0 12091 223 5850 31833 8 2561 828 0 0 0
cpu1 12016 258 5025 32159 8 1879 2134 0 0 0
cpu2 11953 317 6055 33285 10 1370 1689 0 0 0
cpu3 11921 363 5710 32617 8 1625 2455 0 0 0
cpu4 7110 343 3060 45108 79 179 43 0 0 0
cpu5 6956 310 2960 45315 87 180 38 0 0 0
cpu6 8378 309 2083 44158 86 157 36 0 0 0
cpu7 11752 87 5147 36333 134 325 98 0 0 0
intr 13837765 0 0 0 2080923 0 0 0 0 0 0 0 6 6 0 0 0 3483 8495 5000 2 0 45631 378385 0 0 35121 12 0 0 65 1 0 0 0 3 0 0 0 0 0 0 0 0 0 0 0 0 0 0 0 0 0 0 0 0 0 0 0 0 0 0 0 0 0 0 0 0 0 0 0 0 0 0 0 343574 0 0 0 0 0 0 0 0 0 0 0 0 0 0 0 0 0 0 0 0 0 0 0 0 0 0 0 0 0 0 0 0 0 0 0 0 0 0 0 896 0 0 0 0 0 0 0 0 0 0 0 0 0 0 0 0 0 0 0 0 0 0 0 0 0 0 0 0 0 0 0 0 0 0 0 0 0 0 0 0 0 0 0 0 0 0 0 0 0 0 0 0 0 0 0 0 0 0 0 0 0 0 0 0 0 0 0 0 0 0 0 0 0 0 0 0 0 0 0 0 0 0 0 0 0 0 0 0 0 0 0 0 0 0 0 0 0 0 0 0 0 0 0 0 0 9 0 0 127878 0 0 0 0 0 0 1 0 0 17 0 2 58 30696 92 9863 16 95967 17 106558 17 106081 17 84083 3763 0 0 573 533 537071 43161 0 2402 0 13458 629 43161 299 37618 33 0 0 12 2 525661 0 0 0 0 0 0 0 0 0 0 0 0 11823 0 0 0 0 0 0 0 0 0 0 0 0 3 0 0 0 0 0 0 0 0 0 0 30007 0 0 0 0 0 0 0 0 0 0 0 4310 0 0 0 1 0 18 4 0 4 2 1 0 1 0 1 0 1 0 0 1 0 694 0 0 0 0 0 0 0 6 0 0 0 1 0 0 6 0 0 0 0 0 0 0 0 6123 2 6 0 43162 43162 0 2 43162 533 0 0 2 0 0 0 0 0 0 0 0 0 0 0 1 0 1 0 0 0 0 0 84 1 1 0 1 0 1 89 0 0 0 0 0 0 0 0 0 1 0 0 1 0 0 22 1 0 96 4 0 0 0 43844 44163 65 0 273671 108276 0 0 48
ctxt 19694424
btime 1702735995
processes 6434
procs_running 1
procs_blocked 0
softirq 2644440 211559 195823 16703 349943 47526 0 1412478 229678 6479 174251
cpu  83019 2221 36304 306442 425 8397 7435 0 0 0
cpu0 12268 225 5914 32405 8 2596 855 0 0 0
cpu1 12173 260 5082 32747 8 1908 2161 0 0 0
cpu2 12079 320 6141 33915 11 1388 1713 0 0 0
cpu3 12070 365 5769 33241 8 1649 2486 0 0 0
cpu4 7137 343 3089 45957 79 181 43 0 0 0
cpu5 6980 310 2979 46170 87 182 39 0 0 0
cpu6 8417 309 2102 45009 86 160 36 0 0 0
cpu7 11893 87 5224 36994 134 330 100 0 0 0
intr 14046587 0 0 0 2116330 0 0 0 0 0 0 0 6 6 0 0 0 3491 8582 5000 2 0 45699 384113 0 0 35468 12 0 0 65 1 0 0 0 3 0 0 0 0 0 0 0 0 0 0 0 0 0 0 0 0 0 0 0 0 0 0 0 0 0 0 0 0 0 0 0 0 0 0 0 0 0 0 0 350061 0 0 0 0 0 0 0 0 0 0 0 0 0 0 0 0 0 0 0 0 0 0 0 0 0 0 0 0 0 0 0 0 0 0 0 0 0 0 0 896 0 0 0 0 0 0 0 0 0 0 0 0 0 0 0 0 0 0 0 0 0 0 0 0 0 0 0 0 0 0 0 0 0 0 0 0 0 0 0 0 0 0 0 0 0 0 0 0 0 0 0 0 0 0 0 0 0 0 0 0 0 0 0 0 0 0 0 0 0 0 0 0 0 0 0 0 0 0 0 0 0 0 0 0 0 0 0 0 0 0 0 0 0 0 0 0 0 0 0 0 0 0 0 0 0 9 0 0 129861 0 0 0 0 0 0 1 0 0 17 0 2 58 30696 92 9863 16 97576 17 108363 17 107866 17 85481 3763 0 0 573 533 546023 43819 0 2402 0 13585 634 43819 299 38228 33 0 0 12 2 532686 0 0 0 0 0 0 0 0 0 0 0 0 12025 0 0 0 0 0 0 0 0 0 0 0 0 3 0 0 0 0 0 0 0 0 0 0 30497 0 0 0 0 0 0 0 0 0 0 0 4385 0 0 0 1 0 18 4 0 4 2 1 0 1 0 1 0 1 0 0 1 0 694 0 0 0 0 0 0 0 7 0 0 0 1 0 0 6 0 0 0 0 0 0 0 0 6233 2 6 0 43820 43820 0 2 43820 542 0 0 2 0 0 0 0 0 0 0 0 0 0 0 1 0 1 0 0 0 0 0 84 1 1 0 1 0 1 89 0 0 0 0 0 0 0 0 0 1 0 0 1 0 0 22 1 0 96 4 0 0 0 44577 44899 65 0 278241 109452 0 0 48
ctxt 19991350
btime 1702735995
processes 6453
procs_running 3
procs_blocked 0
softirq 2677562 214727 198145 17056 356316 47571 0 1428307 232508 6751 176181
cpu  83567 2228 36498 309835 425 8470 7493 0 0 0
cpu0 12384 225 5951 32751 8 2617 865 0 0 0
cpu1 12275 263 5109 33107 8 1926 2177 0 0 0
cpu2 12163 320 6172 34293 11 1399 1727 0 0 0
cpu3 12159 366 5795 33619 8 1664 2502 0 0 0
cpu4 7158 343 3099 46473 79 182 43 0 0 0
cpu5 7001 311 2992 46681 87 183 39 0 0 0
cpu6 8436 311 2110 45523 87 161 36 0 0 0
cpu7 11987 87 5267 37386 134 333 101 0 0 0
intr 14174211 0 0 0 2137915 0 0 0 0 0 0 0 6 6 0 0 0 3505 8643 5000 2 0 45747 387601 0 0 35702 12 0 0 65 1 0 0 0 3 0 0 0 0 0 0 0 0 0 0 0 0 0 0 0 0 0 0 0 0 0 0 0 0 0 0 0 0 0 0 0 0 0 0 0 0 0 0 0 353721 0 0 0 0 0 0 0 0 0 0 0 0 0 0 0 0 0 0 0 0 0 0 0 0 0 0 0 0 0 0 0 0 0 0 0 0 0 0 0 896 0 0 0 0 0 0 0 0 0 0 0 0 0 0 0 0 0 0 0 0 0 0 0 0 0 0 0 0 0 0 0 0 0 0 0 0 0 0 0 0 0 0 0 0 0 0 0 0 0 0 0 0 0 0 0 0 0 0 0 0 0 0 0 0 0 0 0 0 0 0 0 0 0 0 0 0 0 0 0 0 0 0 0 0 0 0 0 0 0 0 0 0 0 0 0 0 0 0 0 0 0 0 0 0 0 9 0 0 131064 0 0 0 0 0 0 1 0 0 17 0 2 58 30696 92 9863 16 98548 17 109452 17 108951 17 86329 3763 0 0 573 536 551455 44219 0 2402 0 13712 634 44219 299 38824 33 0 0 12 2 537125 0 0 0 0 0 0 0 0 0 0 0 0 12145 0 0 0 0 0 0 0 0 0 0 0 0 3 0 0 0 0 0 0 0 0 0 0 30793 0 0 0 0 0 0 0 0 0 0 0 4428 0 0 0 1 0 18 4 0 4 2 1 0 1 0 1 0 1 0 0 1 0 694 0 0 0 0 0 0 0 7 0 0 0 1 0 0 6 0 0 0 0 0 0 0 0 6288 2 7 0 44219 44219 0 2 44219 547 0 0 2 0 0 0 0 0 0 0 0 0 0 0 1 0 1 0 0 0 0 0 84 1 1 0 1 0 1 89 0 0 0 0 0 0 0 0 0 1 0 0 1 0 0 22 1 0 96 4 0 0 0 45022 45345 65 0 281013 110174 0 0 48
ctxt 20173402
btime 1702735995
processes 6476
procs_running 2
procs_blocked 0
softirq 2697848 216648 199543 17272 359889 47597 0 1438413 234201 6933 177352
cpu  83928 2234 36643 312084 426 8519 7550 0 0 0
cpu0 12442 225 5985 32975 8 2632 876 0 0 0
cpu1 12356 265 5123 33337 8 1939 2193 0 0 0
cpu2 12227 322 6200 34539 11 1407 1740 0 0 0
cpu3 12218 367 5809 33866 8 1674 2518 0 0 0
cpu4 7168 344 3104 46817 79 183 44 0 0 0
cpu5 7019 311 2997 47027 87 184 39 0 0 0
cpu6 8444 311 2118 45872 87 162 36 0 0 0
cpu7 12050 87 5302 37647 134 335 102 0 0 0
intr 14260882 0 0 0 2152349 0 0 0 0 0 0 0 6 6 0 0 0 3515 8679 5000 2 0 45773 389927 0 0 35845 12 0 0 65 1 0 0 0 3 0 0 0 0 0 0 0 0 0 0 0 0 0 0 0 0 0 0 0 0 0 0 0 0 0 0 0 0 0 0 0 0 0 0 0 0 0 0 0 356982 0 0 0 0 0 0 0 0 0 0 0 0 0 0 0 0 0 0 0 0 0 0 0 0 0 0 0 0 0 0 0 0 0 0 0 0 0 0 0 896 0 0 0 0 0 0 0 0 0 0 0 0 0 0 0 0 0 0 0 0 0 0 0 0 0 0 0 0 0 0 0 0 0 0 0 0 0 0 0 0 0 0 0 0 0 0 0 0 0 0 0 0 0 0 0 0 0 0 0 0 0 0 0 0 0 0 0 0 0 0 0 0 0 0 0 0 0 0 0 0 0 0 0 0 0 0 0 0 0 0 0 0 0 0 0 0 0 0 0 0 0 0 0 0 0 9 0 0 131872 0 0 0 0 0 0 1 0 0 17 0 2 58 30696 92 9863 16 99202 17 110187 17 109680 17 86893 3763 0 0 573 536 555103 44487 0 2402 0 13839 634 44487 299 39047 33 0 0 12 2 539979 0 0 0 0 0 0 0 0 0 0 0 0 12228 0 0 0 0 0 0 0 0 0 0 0 0 3 0 0 0 0 0 0 0 0 0 0 30996 0 0 0 0 0 0 0 0 0 0 0 4459 0 0 0 1 0 18 4 0 4 2 1 0 1 0 1 0 1 0 0 1 0 694 0 0 0 0 0 0 0 7 0 0 0 1 0 0 6 0 0 0 0 0 0 0 0 6320 2 7 0 44487 44487 0 2 44487 551 0 0 2 0 0 0 0 0 0 0 0 0 0 0 1 0 1 0 0 0 0 0 84 1 1 0 1 0 1 89 0 0 0 0 0 0 0 0 0 1 0 0 1 0 0 22 1 0 96 4 0 0 0 45321 45645 65 0 282873 110652 0 0 48
ctxt 20297091
btime 1702735995
processes 6495
procs_running 3
procs_blocked 0
softirq 2715014 217936 200500 17432 363126 47615 0 1447828 235364 7061 178152
cpu  84619 2242 36972 317326 427 8628 7667 0 0 0
cpu0 12581 226 6049 33511 8 2664 904 0 0 0
cpu1 12506 266 5158 33885 8 1967 2227 0 0 0
cpu2 12347 323 6251 35122 11 1423 1765 0 0 0
cpu3 12314 369 5868 34456 8 1697 2547 0 0 0
cpu4 7195 344 3120 47602 80 185 44 0 0 0
cpu5 7032 311 3014 47821 87 186 39 0 0 0
cpu6 8475 312 2133 46662 87 164 36 0 0 0
cpu7 12165 88 5376 38264 134 340 103 0 0 0
intr 14448191 0 0 0 2186205 0 0 0 0 0 0 0 6 6 0 0 0 3539 8759 5000 2 0 45817 395240 0 0 36166 12 0 0 65 1 0 0 0 3 0 0 0 0 0 0 0 0 0 0 0 0 0 0 0 0 0 0 0 0 0 0 0 0 0 0 0 0 0 0 0 0 0 0 0 0 0 0 0 363338 0 0 0 0 0 0 0 0 0 0 0 0 0 0 0 0 0 0 0 0 0 0 0 0 0 0 0 0 0 0 0 0 0 0 0 0 0 0 0 896 0 0 0 0 0 0 0 0 0 0 0 0 0 0 0 0 0 0 0 0 0 0 0 0 0 0 0 0 0 0 0 0 0 0 0 0 0 0 0 0 0 0 0 0 0 0 0 0 0 0 0 0 0 0 0 0 0 0 0 0 0 0 0 0 0 0 0 0 0 0 0 0 0 0 0 0 0 0 0 0 0 0 0 0 0 0 0 0 0 0 0 0 0 0 0 0 0 0 0 0 0 0 0 0 0 9 0 0 133706 0 0 0 0 0 0 1 0 0 17 0 2 58 30696 92 9863 16 100691 17 111862 17 111343 17 88182 3763 0 0 573 536 563393 45095 0 2402 0 14093 634 45095 299 39531 33 0 0 12 2 546406 0 0 0 0 0 0 0 0 0 0 0 0 12413 0 0 0 0 0 0 0 0 0 0 0 0 3 0 0 0 0 0 0 0 0 0 0 31443 0 0 0 0 0 0 0 0 0 0 0 4527 0 0 0 1 0 18 4 0 4 2 1 0 1 0 1 0 1 0 0 1 0 694 0 0 0 0 0 0 0 7 0 0 0 1 0 0 6 0 0 0 0 0 0 0 0 6399 2 7 0 45096 45096 0 2 45096 559 0 0 2 0 0 0 0 0 0 0 0 0 0 0 1 0 1 0 0 0 0 0 84 1 1 0 1 0 1 89 0 0 0 0 0 0 0 0 0 1 0 0 1 0 0 22 1 0 96 4 0 0 0 46000 46326 65 0 287101 111759 0 0 48
ctxt 20564855
btime 1702735995
processes 6514
procs_running 1
procs_blocked 0
softirq 2748237 220863 202655 17682 369423 47647 0 1464770 237924 7319 179954
cpu  85663 2256 37514 325450 429 8793 7839 0 0 0
cpu0 12789 230 6153 34336 8 2712 942 0 0 0
cpu1 12714 268 5229 34737 8 2007 2273 0 0 0
cpu2 12518 324 6366 36040 11 1449 1799 0 0 0
cpu3 12487 375 5949 35374 8 1731 2597 0 0 0
cpu4 7236 344 3145 48816 80 188 44 0 0 0
cpu5 7068 311 3045 49035 88 188 39 0 0 0
cpu6 8516 312 2151 47886 87 167 36 0 0 0
cpu7 12330 88 5471 39223 134 347 106 0 0 0
intr 14729989 0 0 0 2238651 0 0 0 0 0 0 0 6 6 0 0 0 3592 8901 5000 2 0 45907 403469 0 0 36709 12 0 0 65 1 0 0 0 3 0 0 0 0 0 0 0 0 0 0 0 0 0 0 0 0 0 0 0 0 0 0 0 0 0 0 0 0 0 0 0 0 0 0 0 0 0 0 0 372436 0 0 0 0 0 0 0 0 0 0 0 0 0 0 0 0 0 0 0 0 0 0 0 0 0 0 0 0 0 0 0 0 0 0 0 0 0 0 0 896 0 0 0 0 0 0 0 0 0 0 0 0 0 0 0 0 0 0 0 0 0 0 0 0 0 0 0 0 0 0 0 0 0 0 0 0 0 0 0 0 0 0 0 0 0 0 0 0 0 0 0 0 0 0 0 0 0 0 0 0 0 0 0 0 0 0 0 0 0 0 0 0 0 0 0 0 0 0 0 0 0 0 0 0 0 0 0 0 0 0 0 0 0 0 0 0 0 0 0 0 0 0 0 0 0 9 0 0 136531 0 0 0 0 0 0 1 0 0 17 0 2 58 30696 92 9863 16 102986 17 114426 17 113894 17 90175 3763 0 0 573 538 576156 46033 0 2402 0 14365 634 46033 299 40068 33 0 0 12 2 556178 0 0 0 0 0 0 0 0 0 0 0 0 12687 0 0 0 0 0 0 0 0 0 0 0 0 3 0 0 0 0 0 0 0 0 0 0 32122 0 0 0 0 0 0 0 0 0 0 0 4627 0 0 0 1 0 18 4 0 4 2 1 0 1 0 1 0 1 0 0 1 0 694 0 0 0 0 0 0 0 7 0 0 0 1 0 0 6 0 0 0 0 0 0 0 0 6525 2 7 0 46033 46033 0 2 46034 571 0 0 2 0 0 0 0 0 0 0 0 0 0 0 1 0 1 0 0 0 0 0 84 1 1 0 1 0 1 89 0 0 0 0 0 0 0 0 0 1 0 0 1 0 0 22 1 0 96 4 0 0 0 47048 47375 65 0 293611 113513 0 0 48
ctxt 20967582
btime 1702735995
processes 6536
procs_running 1
procs_blocked 0
softirq 2793831 225377 205858 18130 378350 47710 0 1486425 241778 7627 182576
