3392.01 19303.79
3393.01 19309.45
3394.01 19315.40
3394.99 19321.19
3396.01 19327.24
3397.01 19333.05
3398.01 19338.98
3399.01 19344.89
3400.01 19350.79
3401.01 19356.63
3401.99 19362.27
3403.01 19368.04
3404.00 19373.73
3405.00 19379.54
3405.99 19385.19
3407.00 19391.06
3408.00 19396.92
3409.00 19402.95
3410.00 19408.73
3411.02 19414.85
3412.00 19420.67
3413.00 19426.59
3414.00 19432.52
3415.00 19438.44
3416.00 19444.25
3417.00 19450.08
3418.00 19455.98
3419.01 19461.88
3420.01 19467.58
3421.00 19473.42
3422.00 19479.10
3423.00 19484.73
3424.00 19490.60
3425.01 19496.47
3426.00 19502.12
3427.01 19508.02
3428.00 19513.69
3429.01 19519.35
3430.01 19524.96
3431.01 19530.61
3432.01 19536.40
3433.01 19542.15
3434.01 19547.86
3435.01 19553.36
3436.01 19559.15
3437.01 19564.90
3438.01 19570.66
3439.01 19576.36
3439.99 19582.01
3440.99 19587.82
3441.99 19593.50
3443.00 19599.04
3444.01 19604.81
3445.01 19610.31
3446.01 19615.80
3446.99 19621.53
3447.99 19627.14
3449.00 19632.94
3450.00 19638.68
3451.00 19644.03
3451.99 19649.59
3453.00 19655.25
3454.00 19660.73
3455.00 19666.01
3456.00 19671.53
3457.00 19676.95
3458.00 19682.22
3459.00 19687.74
3460.00 19693.30
3461.00 19698.92
3462.00 19704.32
3463.00 19709.75
3464.00 19715.11
3465.00 19720.62
3466.00 19726.18
3467.00 19731.62
3468.01 19737.04
3469.01 19742.42
3470.01 19747.82
3471.01 19753.29
3472.01 19758.72
3473.01 19764.01
3474.01 19769.52
3475.01 19774.95
3476.00 19780.40
3477.00 19785.88
3478.00 19791.03
3479.00 19796.38
3480.01 19801.70
3480.99 19807.09
3481.99 19812.51
3482.99 19817.97
3484.01 19823.98
3485.01 19830.12
3485.99 19836.23
3486.99 19842.28
3487.99 19848.48
3488.99 19854.57
3489.99 19860.83
3491.01 19867.06
3492.00 19873.11
3493.00 19879.37
3494.00 19885.54
3495.00 19891.86
3495.99 19897.94
3497.00 19904.19
3498.00 19910.32
3499.00 19916.56
3500.00 19922.75
3501.00 19929.01
3502.00 19935.27
3502.99 19941.28
3504.00 19947.52
3505.01 19953.81
3506.01 19959.98
3507.00 19965.92
3508.00 19971.79
3509.01 19978.06
3510.00 19984.19
3511.00 19990.30
3512.00 19996.52
3513.00 20002.60
3514.01 20008.79
3515.01 20014.82
3516.01 20020.98
3517.00 20026.94
3518.00 20033.13
3519.00 20039.25
3520.01 20045.35
3521.01 20051.23
3522.01 20056.95
3522.99 20062.58
3523.99 20068.18
3524.99 20073.67
3525.99 20079.10
3526.99 20084.62
3527.99 20090.09
3529.01 20095.70
3529.99 20101.22
3530.99 20107.14
3531.99 20113.07
3533.01 20119.17
3534.01 20125.09
3535.00 20130.86
3536.00 20136.90
3536.99 20142.73
3538.00 20148.79
3539.00 20154.64
3540.00 20160.73
3541.00 20166.76
3542.00 20172.58
3543.00 20178.41
3543.99 20184.46
3545.00 20190.42
3546.00 20196.39
3547.00 20202.23
3548.00 20208.44
3549.00 20214.70
3550.00 20220.73
3551.00 20226.71
3552.00 20232.65
3553.00 20238.51
3554.00 20244.65
3555.00 20250.65
3556.00 20256.62
3557.00 20262.72
3558.00 20268.80
3559.00 20274.95
3559.99 20280.96
3560.99 20287.20
3561.99 20293.42
3563.00 20299.39
3564.00 20305.43
3565.00 20311.57
3566.00 20317.79
3567.00 20323.79
3568.00 20329.84
3568.99 20335.93
3570.00 20342.00
3570.99 20348.13
3571.99 20354.61
3572.99 20360.61
3574.01 20366.80
3575.01 20373.02
3576.01 20379.23
3576.99 20385.02
3577.99 20391.06
3578.99 20397.32
3580.00 20403.49
3581.00 20409.68
3582.00 20415.97
3583.00 20422.03
3584.00 20428.42
3585.00 20434.51
3586.00 20440.70
3587.00 20446.87
3588.00 20453.21
3589.00 20459.50
3590.00 20465.70
3591.00 20472.01
3592.00 20478.18
3593.00 20484.32
3594.00 20490.41
3595.00 20496.39
3596.00 20502.51
3597.00 20508.64
3598.00 20514.77
3599.00 20520.99
3599.99 20527.25
3601.00 20533.32
3601.99 20539.34
3603.00 20545.20
3604.00 20551.27
3605.00 20556.48
3606.00 20562.30
3606.99 20568.21
3608.00 20574.27
3608.99 20580.54
3610.00 20586.62
3611.00 20592.60
3612.01 20598.30
3613.01 20604.14
3614.01 20610.33
3614.99 20616.21
3615.99 20621.57
3617.01 20626.92
3618.01 20632.12
3619.00 20637.93
3619.99 20643.62
3620.99 20649.48
3622.01 20655.72
3623.01 20661.44
3624.01 20667.69
3625.00 20673.39
3626.00 20679.33
3627.02 20685.50
3628.01 20691.58
3628.99 20697.51
3630.00 20703.60
3631.00 20709.59
3632.00 20715.84
3632.99 20721.67
3633.99 20727.59
3634.99 20733.37
3636.00 20739.72
3637.00 20745.84
3638.00 20751.83
3639.00 20758.06
3640.00 20764.23
3641.00 20770.30
3641.99 20776.36
3643.00 20782.46
3644.00 20788.54
3645.00 20794.68
