11.11 11.84 10.09 3/2971 17037
11.11 11.84 10.09 10/2971 17064
11.11 11.84 10.09 1/2971 17091
11.11 11.84 10.09 11/2971 17118
11.26 11.86 10.10 3/2971 17151
11.26 11.86 10.10 3/2971 17179
11.26 11.86 10.10 2/2971 17206
11.26 11.86 10.10 8/2971 17234
11.26 11.86 10.10 10/2971 17261
10.84 11.76 10.08 6/2970 17288
10.84 11.76 10.08 6/2970 17315
10.84 11.76 10.08 17/2970 17342
10.84 11.76 10.08 7/2970 17370
10.84 11.76 10.08 7/2970 17403
10.53 11.68 10.06 13/2970 17430
10.53 11.68 10.06 4/2970 17457
10.53 11.68 10.06 5/2970 17484
10.53 11.68 10.06 12/2970 17512
10.53 11.68 10.06 7/2970 17539
10.73 11.70 10.08 7/2970 17566
10.73 11.70 10.08 10/2970 17599
10.73 11.70 10.08 10/2970 17626
10.73 11.70 10.08 14/2970 17653
10.73 11.70 10.08 8/2970 17680
11.31 11.81 10.12 19/2970 17707
11.31 11.81 10.12 4/2970 17734
11.31 11.81 10.12 8/2970 17761
11.31 11.81 10.12 11/2970 17794
11.31 11.81 10.12 4/2967 17828
11.37 11.81 10.13 12/2967 17855
11.37 11.81 10.13 2/2967 17882
11.37 11.81 10.13 8/2967 17909
11.37 11.81 10.13 15/2966 17942
11.37 11.81 10.13 3/2964 17975
11.10 11.75 10.12 8/2964 18002
11.10 11.75 10.12 2/2964 18029
11.10 11.75 10.12 6/2964 18056
11.10 11.75 10.12 3/2964 18083
11.10 11.75 10.12 9/2964 18117
11.01 11.72 10.12 6/2964 18157
11.01 11.72 10.12 2/2964 18184
11.01 11.72 10.12 8/2964 18211
11.01 11.72 10.12 5/2964 18244
11.01 11.72 10.12 5/2961 18271
11.65 11.84 10.17 5/2961 18298
11.65 11.84 10.17 3/2932 18326
11.65 11.84 10.17 2/2932 18353
11.65 11.84 10.17 7/2932 18380
11.65 11.84 10.17 6/2930 18407
11.20 11.74 10.15 8/2930 18441
11.20 11.74 10.15 5/2930 18468
11.20 11.74 10.15 8/2930 18495
11.20 11.74 10.15 12/2932 18528
11.20 11.74 10.15 11/2930 18555
11.58 11.81 10.18 7/2929 18588
11.58 11.81 10.18 17/2925 18615
11.58 11.81 10.18 6/2929 18648
11.58 11.81 10.18 2/2929 18675
11.58 11.81 10.18 2/2929 18702
11.37 11.77 10.17 7/2929 18729
11.37 11.77 10.17 8/2929 18757
11.37 11.77 10.17 3/2929 18790
11.37 11.77 10.17 6/2929 18823
11.37 11.77 10.17 3/2929 18850
11.42 11.77 10.18 7/2929 18877
11.42 11.77 10.18 2/2929 18904
11.42 11.77 10.18 4/2929 18931
11.42 11.77 10.18 9/2929 18964
11.42 11.77 10.18 4/2929 18991
10.99 11.67 10.16 7/2927 19024
10.99 11.67 10.16 7/2927 19052
10.99 11.67 10.16 9/2927 19079
10.99 11.67 10.16 5/2927 19106
10.99 11.67 10.16 7/2927 19133
11.07 11.68 10.17 15/2927 19161
11.07 11.68 10.17 6/2927 19188
11.07 11.68 10.17 4/2927 19215
11.07 11.68 10.17 8/2927 19242
11.07 11.68 10.17 10/2928 19270
10.90 11.63 10.16 4/2928 19303
10.90 11.63 10.16 2/2928 19330
10.90 11.63 10.16 10/2928 19359
10.90 11.63 10.16 6/2928 19386
10.90 11.63 10.16 8/2928 19413
11.23 11.69 10.19 2/2928 19440
11.23 11.69 10.19 2/2928 19467
11.23 11.69 10.19 8/2928 19500
11.23 11.69 10.19 8/2928 19527
11.23 11.69 10.19 11/2928 19554
11.13 11.66 10.19 3/2928 19581
11.13 11.66 10.19 11/2928 19608
11.13 11.66 10.19 4/2928 19635
11.13 11.66 10.19 11/2928 19663
11.13 11.66 10.19 8/2926 19690
10.88 11.60 10.18 7/2928 19723
10.88 11.60 10.18 4/2928 19750
10.88 11.60 10.18 9/2928 19777
10.88 11.60 10.18 3/2928 19810
10.88 11.60 10.18 6/2928 19837
11.37 11.69 10.21 5/2929 19881
11.37 11.69 10.21 11/2929 19908
11.37 11.69 10.21 7/2929 19935
11.37 11.69 10.21 1/2929 19964
11.37 11.69 10.21 3/2929 19991
11.74 11.76 10.24 11/2929 20018
11.74 11.76 10.24 5/2929 20046
11.74 11.76 10.24 3/2929 20073
11.74 11.76 10.24 9/2929 20100
11.74 11.76 10.24 9/2929 20127
11.68 11.75 10.25 7/2928 20154
11.68 11.75 10.25 3/2928 20181
11.68 11.75 10.25 8/2928 20214
11.68 11.75 10.25 12/2928 20247
11.68 11.75 10.25 4/2907 20275
11.87 11.79 10.27 3/2911 20308
11.87 11.79 10.27 3/2911 20335
11.87 11.79 10.27 4/2907 20362
11.87 11.79 10.27 12/2911 20395
11.87 11.79 10.27 7/2911 20422
12.04 11.82 10.29 6/2911 20449
12.04 11.82 10.29 8/2911 20476
12.04 11.82 10.29 5/2911 20503
12.04 11.82 10.29 1/2911 20530
12.04 11.82 10.29 3/2911 20564
12.60 11.94 10.34 13/2911 20591
12.60 11.94 10.34 8/2911 20624
12.60 11.94 10.34 2/2911 20651
12.60 11.94 10.34 8/2907 20678
12.60 11.94 10.34 10/2911 20711
12.55 11.94 10.35 4/2911 20738
12.55 11.94 10.35 6/2911 20765
12.55 11.94 10.35 8/2911 20792
12.55 11.94 10.35 3/2911 20819
12.55 11.94 10.35 6/2911 20846
12.59 11.96 10.36 5/2911 20874
12.59 11.96 10.36 10/2911 20901
12.59 11.96 10.36 5/2911 20928
12.59 11.96 10.36 5/2911 20955
12.59 11.96 10.36 5/2912 20983
12.94 12.05 10.40 9/2912 21010
12.94 12.05 10.40 19/2912 21043
12.94 12.05 10.40 10/2912 21070
12.94 12.05 10.40 11/2913 21098
12.94 12.05 10.40 10/2913 21125
12.70 12.01 10.39 7/2913 21159
12.70 12.01 10.39 12/2913 21186
12.70 12.01 10.39 7/2913 21213
12.70 12.01 10.39 9/2913 21241
12.70 12.01 10.39 14/2917 21280
12.49 11.98 10.39 6/2918 21311
12.49 11.98 10.39 26/2918 21338
12.49 11.98 10.39 11/2918 21383
12.49 11.98 10.39 5/2918 21410
12.49 11.98 10.39 9/2918 21443
12.45 11.98 10.40 3/2918 21470
12.45 11.98 10.40 4/2918 21504
12.45 11.98 10.40 4/2914 21531
12.45 11.98 10.40 11/2918 21564
12.45 11.98 10.40 11/2918 21591
11.93 11.88 10.38 2/2918 21630
11.93 11.88 10.38 1/2917 21663
11.93 11.88 10.38 4/2917 21690
11.93 11.88 10.38 13/2918 21718
11.93 11.88 10.38 5/2919 21746
11.54 11.80 10.36 3/2919 21779
11.54 11.80 10.36 8/2919 21813
11.54 11.80 10.36 8/2914 21841
11.54 11.80 10.36 5/2919 21878
11.54 11.80 10.36 2/2919 21905
11.41 11.77 10.36 9/2919 21932
11.41 11.77 10.36 7/2919 21959
11.41 11.77 10.36 10/2919 21986
11.41 11.77 10.36 6/2919 22013
11.41 11.77 10.36 8/2915 22040
11.54 11.79 10.37 5/2919 22079
11.54 11.79 10.37 21/2919 22106
11.54 11.79 10.37 3/2918 22134
11.54 11.79 10.37 8/2918 22161
11.54 11.79 10.37 12/2918 22188
11.26 11.72 10.36 9/2918 22215
11.26 11.72 10.36 5/2918 22242
11.26 11.72 10.36 7/2918 22270
11.26 11.72 10.36 11/2918 22297
11.26 11.72 10.36 4/2915 22324
12.28 11.93 10.43 11/2918 22363
12.28 11.93 10.43 11/2918 22390
12.28 11.93 10.43 6/2918 22417
12.28 11.93 10.43 4/2918 22445
12.28 11.93 10.43 10/2918 22472
12.25 11.93 10.44 9/2918 22499
12.25 11.93 10.44 14/2918 22526
12.25 11.93 10.44 11/2916 22553
12.25 11.93 10.44 11/2916 22586
12.25 11.93 10.44 4/2916 22619
12.47 11.98 10.46 5/2916 22646
12.47 11.98 10.46 7/2916 22673
12.47 11.98 10.46 6/2916 22700
12.47 11.98 10.46 7/2916 22728
12.47 11.98 10.46 3/2916 22755
12.20 11.93 10.46 6/2916 22782
12.20 11.93 10.46 13/2916 22809
12.20 11.93 10.46 10/2916 22836
12.20 11.93 10.46 6/2916 22863
12.20 11.93 10.46 7/2916 22890
11.70 11.83 10.43 7/2916 22917
11.70 11.83 10.43 9/2916 22944
11.70 11.83 10.43 7/2916 22971
11.70 11.83 10.43 7/2916 22998
11.70 11.83 10.43 13/2916 23026
11.64 11.82 10.43 10/2914 23054
11.64 11.82 10.43 20/2914 23081
11.64 11.82 10.43 4/2914 23108
11.64 11.82 10.43 7/2914 23141
11.64 11.82 10.43 4/2914 23168
11.75 11.84 10.45 16/2912 23195
11.75 11.84 10.45 8/2912 23222
11.75 11.84 10.45 22/2912 23249
11.75 11.84 10.45 8/2912 23276
11.75 11.84 10.45 8/2912 23310
11.75 11.84 10.45 13/2912 23341
11.61 11.81 10.45 8/2912 23368
11.61 11.81 10.45 7/2912 23399
11.61 11.81 10.45 8/2912 23430
11.61 11.81 10.45 4/2912 23457
11.61 11.81 10.45 6/2912 23484
11.64 11.81 10.46 8/2912 23512
11.64 11.81 10.46 9/2912 23539
11.64 11.81 10.46 3/2912 23572
