10.16 8.83 6.42 5/3348 13463
10.16 8.83 6.42 21/3372 13550
10.15 8.85 6.44 5/3377 13591
10.15 8.85 6.44 9/3375 13611
10.15 8.85 6.44 7/3375 13630
10.15 8.85 6.44 5/3371 13649
10.15 8.85 6.44 11/3388 13695
9.98 8.84 6.45 4/3406 13745
9.98 8.84 6.45 7/3405 13768
9.98 8.84 6.45 7/3406 13800
9.98 8.84 6.45 2/3406 13819
9.98 8.84 6.45 3/3409 13854
9.74 8.81 6.45 8/3405 13884
9.74 8.81 6.45 8/3405 13907
9.74 8.81 6.45 4/3406 13929
9.74 8.81 6.45 7/3420 13966
9.74 8.81 6.45 5/3420 13991
9.76 8.83 6.47 5/3415 14012
9.76 8.83 6.47 3/3415 14034
9.76 8.83 6.47 3/3415 14053
9.76 8.83 6.47 9/3415 14072
9.76 8.83 6.47 7/3415 14092
9.86 8.86 6.49 2/3415 14111
9.86 8.86 6.49 2/3415 14130
9.86 8.86 6.49 3/3416 14150
9.86 8.86 6.49 1/3421 14174
9.86 8.86 6.49 5/3421 14193
9.87 8.88 6.51 6/3421 14212
9.87 8.88 6.51 4/3420 14231
9.87 8.88 6.51 12/3420 14250
9.87 8.88 6.51 5/3420 14269
9.87 8.88 6.51 7/3420 14288
9.56 8.83 6.51 6/3420 14308
9.56 8.83 6.51 3/3420 14327
9.56 8.83 6.51 4/3420 14346
9.56 8.83 6.51 4/3420 14365
9.56 8.83 6.51 8/3420 14384
9.44 8.82 6.52 1/3420 14403
9.44 8.82 6.52 9/3420 14422
9.44 8.82 6.52 7/3420 14441
9.44 8.82 6.52 8/3420 14460
9.44 8.82 6.52 3/3420 14479
9.56 8.86 6.54 7/3420 14498
9.56 8.86 6.54 4/3420 14518
9.56 8.86 6.54 5/3420 14537
9.56 8.86 6.54 10/3419 14556
9.56 8.86 6.54 5/3418 14575
9.36 8.83 6.55 4/3418 14594
9.36 8.83 6.55 1/3418 14613
9.36 8.83 6.55 6/3418 14632
9.36 8.83 6.55 2/3417 14655
9.36 8.83 6.55 1/3413 14693
9.09 8.78 6.54 4/3421 14734
9.09 8.78 6.54 4/3421 14755
9.09 8.78 6.54 1/3421 14775
9.09 8.78 6.54 9/3419 14794
9.09 8.78 6.54 3/3409 14813
9.24 8.82 6.57 7/3409 14832
9.24 8.82 6.57 4/3409 14851
9.24 8.82 6.57 10/3409 14870
9.24 8.82 6.57 4/3409 14889
9.24 8.82 6.57 3/3409 14908
9.24 8.82 6.57 3/3402 14927
9.14 8.80 6.57 13/3402 14946
9.14 8.80 6.57 8/3400 14966
9.14 8.80 6.57 6/3400 14985
9.14 8.80 6.57 5/3399 15004
9.14 8.80 6.57 3/3395 15023
9.13 8.81 6.59 7/3391 15042
9.13 8.81 6.59 4/3390 15061
9.13 8.81 6.59 11/3390 15080
9.13 8.81 6.59 8/3390 15099
9.13 8.81 6.59 3/3390 15118
9.60 8.91 6.63 2/3390 15137
9.60 8.91 6.63 6/3390 15157
9.60 8.91 6.63 6/3389 15177
9.60 8.91 6.63 8/3389 15196
9.60 8.91 6.63 5/3389 15216
9.79 8.96 6.66 8/3387 15235
9.79 8.96 6.66 7/3387 15254
9.79 8.96 6.66 8/3373 15273
9.79 8.96 6.66 4/3373 15292
9.79 8.96 6.66 4/3373 15311
9.81 8.98 6.68 6/3371 15330
9.81 8.98 6.68 2/3371 15350
9.81 8.98 6.68 6/3371 15370
9.81 8.98 6.68 2/3371 15389
9.81 8.98 6.68 15/3371 15408
9.42 8.91 6.67 8/3371 15427
9.42 8.91 6.67 2/3371 15446
9.42 8.91 6.67 1/3366 15465
9.42 8.91 6.67 9/3366 15484
9.42 8.91 6.67 2/3366 15503
9.47 8.93 6.69 3/3366 15522
9.47 8.93 6.69 8/3370 15545
9.47 8.93 6.69 5/3370 15564
9.47 8.93 6.69 6/3370 15584
9.47 8.93 6.69 5/3370 15603
9.59 8.96 6.71 5/3370 15622
9.59 8.96 6.71 10/3370 15641
9.59 8.96 6.71 9/3370 15660
9.59 8.96 6.71 1/3370 15679
9.59 8.96 6.71 11/3367 15698
9.70 9.00 6.74 6/3367 15717
9.70 9.00 6.74 8/3367 15736
9.70 9.00 6.74 7/3367 15755
9.70 9.00 6.74 4/3367 15774
9.70 9.00 6.74 5/3367 15794
9.49 8.97 6.74 1/3367 15813
9.49 8.97 6.74 7/3366 15832
9.49 8.97 6.74 2/3366 15851
9.49 8.97 6.74 7/3369 15877
9.49 8.97 6.74 4/3369 15896
10.09 9.10 6.79 3/3369 15915
10.09 9.10 6.79 5/3367 15934
10.09 9.10 6.79 3/3367 15956
10.09 9.10 6.79 2/3367 15975
10.09 9.10 6.79 3/3367 15995
9.76 9.05 6.79 6/3368 16015
9.76 9.05 6.79 8/3368 16034
