9.95 9.03 8.88 2/2948 25939
9.95 9.03 8.88 3/2948 25966
9.79 9.01 8.88 2/2949 25994
9.79 9.01 8.88 3/2949 26021
9.79 9.01 8.88 2/2949 26048
9.79 9.01 8.88 4/2949 26076
9.79 9.01 8.88 4/2949 26103
9.73 9.01 8.88 6/2949 26130
9.73 9.01 8.88 4/2949 26157
9.73 9.01 8.88 4/2949 26184
9.73 9.01 8.88 6/2949 26211
9.73 9.01 8.88 5/2949 26238
9.35 8.94 8.86 4/2949 26265
9.35 8.94 8.86 13/2949 26292
9.35 8.94 8.86 5/2949 26319
9.35 8.94 8.86 2/2949 26350
9.35 8.94 8.86 3/2949 26390
9.08 8.89 8.84 4/2949 26417
9.08 8.89 8.84 4/2949 26444
9.08 8.89 8.84 5/2949 26471
9.08 8.89 8.84 4/2949 26498
9.08 8.89 8.84 4/2949 26525
8.91 8.86 8.83 2/2949 26552
8.91 8.86 8.83 1/2949 26579
8.91 8.86 8.83 6/2949 26606
8.91 8.86 8.83 2/2949 26633
8.91 8.86 8.83 1/2948 26660
9.00 8.88 8.84 7/2948 26689
9.00 8.88 8.84 7/2948 26716
9.00 8.88 8.84 3/2948 26743
9.00 8.88 8.84 3/2948 26784
9.00 8.88 8.84 8/2947 26811
9.16 8.91 8.85 6/2947 26839
9.16 8.91 8.85 3/2948 26868
9.16 8.91 8.85 4/2949 26897
9.16 8.91 8.85 13/2949 26925
9.16 8.91 8.85 8/2949 26954
9.39 8.97 8.87 5/2948 26982
9.39 8.97 8.87 4/2948 27009
9.39 8.97 8.87 8/2948 27036
9.39 8.97 8.87 2/2948 27063
9.39 8.97 8.87 4/2946 27092
9.12 8.92 8.85 3/2946 27120
9.12 8.92 8.85 3/2946 27147
9.12 8.92 8.85 5/2946 27174
9.12 8.92 8.85 5/2946 27201
9.12 8.92 8.85 9/2946 27228
8.87 8.87 8.83 2/2942 27256
8.87 8.87 8.83 3/2943 27286
8.87 8.87 8.83 1/2943 27313
8.87 8.87 8.83 5/2949 27346
8.87 8.87 8.83 3/2949 27375
8.64 8.82 8.82 2/2949 27402
8.64 8.82 8.82 1/2949 27429
8.64 8.82 8.82 3/2949 27457
8.64 8.82 8.82 2/2949 27484
8.64 8.82 8.82 4/2966 27530
8.99 8.89 8.84 2/2967 27560
8.99 8.89 8.84 5/2960 27589
8.99 8.89 8.84 11/2960 27617
8.99 8.89 8.84 1/2960 27644
8.99 8.89 8.84 4/2960 27673
8.75 8.84 8.83 9/2947 27702
8.75 8.84 8.83 2/2947 27731
8.75 8.84 8.83 3/2947 27758
8.75 8.84 8.83 8/2947 27787
8.75 8.84 8.83 4/2946 27817
8.53 8.79 8.81 4/2946 27845
8.53 8.79 8.81 13/2946 27874
8.53 8.79 8.81 4/2944 27903
8.53 8.79 8.81 2/2944 27931
8.53 8.79 8.81 1/2944 27959
8.56 8.80 8.81 2/2944 27987
8.56 8.80 8.81 2/2944 28015
8.56 8.80 8.81 2/2944 28043
8.56 8.80 8.81 7/2944 28076
8.56 8.80 8.81 3/2950 28120
9.00 8.88 8.84 5/2950 28148
9.00 8.88 8.84 2/2950 28175
9.00 8.88 8.84 4/2950 28203
9.00 8.88 8.84 1/2950 28232
9.00 8.88 8.84 2/2950 28260
8.76 8.84 8.82 4/2950 28289
8.76 8.84 8.82 5/2950 28317
8.76 8.84 8.82 2/2950 28344
8.76 8.84 8.82 4/2950 28372
8.76 8.84 8.82 6/2950 28409
8.46 8.77 8.80 2/2950 28439
8.46 8.77 8.80 6/2950 28467
8.46 8.77 8.80 8/2950 28495
8.46 8.77 8.80 5/2950 28524
8.46 8.77 8.80 2/2950 28551
8.34 8.74 8.79 3/2950 28578
8.34 8.74 8.79 5/2950 28605
8.34 8.74 8.79 2/2950 28632
8.34 8.74 8.79 7/2950 28659
8.34 8.74 8.79 1/2950 28686
8.39 8.75 8.79 4/2950 28713
8.39 8.75 8.79 11/2950 28740
8.39 8.75 8.79 4/2950 28768
8.39 8.75 8.79 4/2950 28796
8.39 8.75 8.79 5/2950 28825
8.36 8.73 8.79 5/2956 28861
8.36 8.73 8.79 1/2956 28889
8.36 8.73 8.79 9/2956 28918
8.36 8.73 8.79 5/2956 28947
8.36 8.73 8.79 9/2956 28974
8.25 8.70 8.78 1/2956 29002
8.25 8.70 8.78 5/2956 29031
8.25 8.70 8.78 2/2956 29060
8.25 8.70 8.78 6/2957 29088
8.25 8.70 8.78 1/2957 29117
8.23 8.69 8.78 5/2957 29145
8.23 8.69 8.78 1/2957 29174
8.23 8.69 8.78 1/2957 29201
8.23 8.69 8.78 6/2957 29229
8.23 8.69 8.78 4/2957 29257
8.21 8.68 8.77 8/2957 29289
8.21 8.68 8.77 4/2957 29321
8.21 8.68 8.77 1/2957 29348
8.21 8.68 8.77 8/2957 29375
8.21 8.68 8.77 2/2957 29402
8.60 8.75 8.79 4/2957 29430
8.60 8.75 8.79 2/2957 29457
8.60 8.75 8.79 3/2957 29484
8.60 8.75 8.79 8/2957 29512
8.60 8.75 8.79 4/2957 29541
8.55 8.74 8.79 5/2957 29569
8.55 8.74 8.79 3/2957 29596
8.55 8.74 8.79 3/2957 29624
8.55 8.74 8.79 9/2957 29653
8.55 8.74 8.79 6/2957 29680
8.59 8.75 8.79 5/2957 29708
8.59 8.75 8.79 2/2957 29737
8.59 8.75 8.79 5/2957 29765
8.59 8.75 8.79 7/2957 29796
8.59 8.75 8.79 1/2954 29829
8.54 8.73 8.79 3/2954 29858
8.54 8.73 8.79 5/2954 29885
8.54 8.73 8.79 1/2953 29913
8.54 8.73 8.79 2/2953 29941
8.54 8.73 8.79 1/2951 29970
8.41 8.70 8.78 1/2951 29997
8.41 8.70 8.78 7/2952 30029
8.41 8.70 8.78 1/2952 30060
8.41 8.70 8.78 5/2952 30089
8.41 8.70 8.78 1/2952 30117
8.06 8.63 8.75 6/2952 30146
8.06 8.63 8.75 3/2952 30174
8.06 8.63 8.75 1/2952 30202
8.06 8.63 8.75 2/2952 30229
8.06 8.63 8.75 11/2952 30260
8.30 8.66 8.76 6/2952 30287
8.30 8.66 8.76 3/2952 30315
8.30 8.66 8.76 2/2952 30344
8.30 8.66 8.76 2/2952 30372
8.30 8.66 8.76 1/2952 30399
8.51 8.70 8.78 10/2952 30426
8.51 8.70 8.78 1/2952 30453
8.51 8.70 8.78 6/2952 30481
8.51 8.70 8.78 6/2952 30508
8.51 8.70 8.78 4/2952 30536
8.23 8.64 8.76 6/2948 30564
8.23 8.64 8.76 3/2948 30591
8.23 8.64 8.76 4/2948 30619
8.23 8.64 8.76 3/2948 30646
8.23 8.64 8.76 5/2948 30673
8.21 8.63 8.75 8/2946 30700
8.21 8.63 8.75 3/2946 30728
8.21 8.63 8.75 2/2946 30755
8.21 8.63 8.75 7/2946 30783
8.21 8.63 8.75 2/2946 30811
8.36 8.65 8.76 2/2946 30839
8.36 8.65 8.76 2/2946 30868
8.36 8.65 8.76 3/2946 30897
8.36 8.65 8.76 4/2946 30925
8.36 8.65 8.76 4/2946 30952
8.33 8.64 8.75 3/2946 30979
8.33 8.64 8.75 5/2946 31009
8.33 8.64 8.75 1/2946 31038
8.33 8.64 8.75 3/2946 31066
8.33 8.64 8.75 7/2946 31095
8.30 8.63 8.75 3/2946 31124
8.30 8.63 8.75 3/2946 31152
8.30 8.63 8.75 4/2951 31191
8.30 8.63 8.75 2/2951 31219
8.30 8.63 8.75 2/2951 31250
8.68 8.71 8.77 9/2953 31280
8.68 8.71 8.77 2/2953 31308
8.68 8.71 8.77 1/2953 31337
8.68 8.71 8.77 1/2953 31365
8.68 8.71 8.77 1/2953 31394
8.62 8.69 8.77 3/2953 31422
8.62 8.69 8.77 5/2953 31450
8.62 8.69 8.77 6/2953 31479
8.62 8.69 8.77 3/2953 31510
8.62 8.69 8.77 2/2953 31546
8.89 8.75 8.79 8/2953 31573
8.89 8.75 8.79 1/2953 31602
8.89 8.75 8.79 3/2953 31631
8.89 8.75 8.79 1/2953 31658
8.89 8.75 8.79 2/2953 31685
8.66 8.70 8.77 8/2953 31713
8.66 8.70 8.77 10/2953 31740
8.66 8.70 8.77 5/2953 31768
8.66 8.70 8.77 2/2952 31797
8.66 8.70 8.77 13/2952 31826
9.17 8.81 8.80 3/2952 31856
9.17 8.81 8.80 4/2952 31885
9.17 8.81 8.80 7/2952 31914
9.17 8.81 8.80 3/2952 31942
9.17 8.81 8.80 1/2952 31970
9.00 8.78 8.79 4/2952 31998
9.00 8.78 8.79 9/2952 32026
9.00 8.78 8.79 8/2952 32053
9.00 8.78 8.79 7/2952 32080
9.00 8.78 8.79 2/2952 32108
9.00 8.78 8.79 9/2952 32137
8.68 8.71 8.77 5/2952 32164
8.68 8.71 8.77 3/2952 32192
8.68 8.71 8.77 1/2952 32220
8.68 8.71 8.77 8/2953 32250
8.68 8.71 8.77 3/2959 32287
8.46 8.67 8.76 2/2959 32316
8.46 8.67 8.76 1/2959 32343
8.46 8.67 8.76 4/2959 32370
8.46 8.67 8.76 4/2959 32397
8.46 8.67 8.76 5/2959 32424
8.74 8.72 8.78 8/2959 32452
8.74 8.72 8.78 7/2959 32479
8.74 8.72 8.78 5/2959 32506
8.74 8.72 8.78 1/2959 32533
8.74 8.72 8.78 3/2959 32560
8.77 8.73 8.78 11/2959 32588
8.77 8.73 8.78 3/2978 32636
8.77 8.73 8.78 3/2982 32680
8.77 8.73 8.78 5/2982 32710
8.77 8.73 8.78 11/2979 32738
8.46 8.67 8.76 1/2979 32765
8.46 8.67 8.76 5/2979 428
8.46 8.67 8.76 7/2979 562
8.46 8.67 8.76 10/2979 638
8.46 8.67 8.76 6/2979 676
8.27 8.62 8.74 4/2979 745
8.27 8.62 8.74 2/2977 776
