2643.64 15408.82
2644.66 15414.74
2645.65 15420.77
2646.64 15426.57
2647.64 15432.21
2648.64 15437.94
2649.64 15444.02
2650.65 15449.78
2651.64 15455.73
2652.64 15461.66
2653.66 15467.66
2654.64 15473.78
2655.66 15480.03
2656.64 15486.10
2657.64 15492.00
2658.65 15498.01
2659.65 15503.93
2660.64 15509.75
2661.64 15515.69
2662.63 15521.24
2663.63 15527.05
2664.63 15532.73
2665.64 15538.50
2666.63 15544.11
2667.63 15549.79
2668.63 15555.51
2669.64 15561.35
2670.64 15566.79
2671.63 15572.46
2672.65 15578.20
2673.65 15583.67
2674.65 15589.31
2675.65 15594.93
2676.64 15600.65
2677.65 15606.09
2678.63 15611.63
2679.65 15617.47
2680.64 15623.22
2681.63 15629.30
2682.63 15635.30
2683.63 15641.13
2684.64 15647.20
2685.64 15653.52
2686.64 15659.57
2687.64 15665.59
2688.64 15671.58
2689.65 15677.65
2690.64 15683.83
2691.64 15689.87
2692.64 15695.79
2693.64 15701.87
2694.64 15707.90
2695.64 15714.00
2696.64 15719.94
2697.64 15725.85
2698.64 15731.65
2699.64 15737.48
2700.64 15743.17
2701.64 15748.90
2702.64 15754.90
2703.65 15760.98
2704.65 15766.42
2705.64 15772.17
2706.64 15778.12
2707.64 15783.90
2708.64 15789.74
2709.63 15795.47
2710.64 15801.20
2711.65 15807.46
2712.64 15813.01
2713.64 15818.93
2714.63 15824.57
2715.65 15830.30
2716.65 15836.02
2717.66 15841.92
2718.63 15847.44
2719.63 15852.97
2720.65 15858.86
2721.65 15864.37
2722.64 15869.93
2723.64 15875.55
2724.63 15880.89
2725.63 15886.61
2726.63 15892.07
2727.63 15897.62
2728.63 15903.32
2729.64 15908.93
2730.64 15914.53
2731.64 15920.23
2732.63 15925.62
2733.63 15931.29
2734.63 15936.78
2735.64 15942.26
2736.64 15947.80
2737.64 15953.25
2738.64 15958.99
2739.64 15964.56
2740.64 15970.08
2741.64 15975.56
2742.64 15980.98
2743.64 15986.59
2744.64 15992.11
2745.64 15997.79
2746.64 16003.24
2747.64 16008.75
2748.64 16014.23
2749.64 16019.92
2750.64 16025.59
2751.64 16031.06
2752.65 16036.65
2753.65 16042.17
2754.65 16047.54
2755.65 16053.10
2756.65 16058.71
2757.63 16064.09
2758.65 16069.86
2759.65 16075.55
2760.65 16080.96
2761.65 16086.41
2762.65 16091.80
2763.63 16097.26
2764.63 16102.93
2765.63 16108.75
2766.65 16114.84
2767.64 16120.71
2768.63 16126.78
2769.63 16132.91
2770.64 16138.95
2771.64 16145.13
2772.63 16151.26
2773.63 16157.49
2774.63 16163.52
2775.63 16169.37
2776.64 16175.49
2777.64 16181.68
2778.64 16187.89
2779.64 16193.93
2780.64 16200.09
2781.64 16206.31
2782.63 16212.44
2783.63 16218.46
2784.64 16224.59
2785.64 16230.61
2786.64 16236.63
2787.64 16242.67
2788.64 16248.77
2789.66 16254.69
2790.64 16260.80
2791.64 16266.85
2792.64 16272.96
2793.64 16279.02
2794.65 16285.33
2795.64 16291.30
2796.64 16297.52
2797.65 16303.73
2798.63 16309.84
2799.63 16316.19
2800.64 16322.53
2801.63 16328.83
2802.64 16335.08
2803.64 16341.36
2804.65 16347.73
2805.64 16353.82
2806.63 16359.84
2807.63 16365.67
2808.63 16371.78
2809.63 16378.14
2810.63 16384.51
2811.63 16390.68
2812.65 16396.92
2813.63 16402.92
2814.63 16408.84
2815.64 16415.04
2816.64 16421.21
2817.65 16427.18
2818.63 16433.37
2819.64 16439.51
2820.64 16445.75
2821.63 16451.78
2822.64 16458.07
2823.63 16464.11
2824.63 16470.33
2825.63 16476.38
2826.64 16482.64
2827.64 16488.72
2828.64 16494.95
2829.64 16501.19
2830.64 16507.34
2831.64 16513.11
2832.64 16519.07
2833.64 16525.22
2834.64 16531.53
2835.64 16537.44
2836.64 16543.65
2837.64 16549.74
2838.64 16556.07
2839.64 16561.86
2840.64 16567.98
2841.64 16574.28
2842.63 16580.43
2843.63 16586.68
2844.64 16592.92
2845.63 16599.04
2846.64 16605.41
2847.64 16611.88
2848.65 16618.15
2849.64 16624.30
2850.63 16630.50
2851.63 16636.78
2852.63 16643.27
2853.63 16649.46
2854.63 16655.58
2855.63 16661.92
2856.65 16668.21
2857.63 16674.34
2858.65 16680.62
2859.65 16686.88
2860.63 16692.89
2861.63 16699.12
2862.64 16705.29
2863.65 16711.45
2864.63 16717.43
2865.64 16723.43
2866.63 16729.51
2867.64 16735.79
2868.63 16741.77
2869.64 16748.03
2870.64 16754.14
2871.64 16760.35
2872.63 16766.49
2873.64 16772.70
2874.64 16778.84
2875.64 16785.02
2876.64 16791.35
2877.64 16797.53
2878.64 16803.77
2879.64 16810.01
2880.64 16815.94
2881.64 16822.04
2882.64 16827.88
2883.64 16834.11
2884.64 16840.11
2885.64 16846.27
2886.64 16852.45
2887.64 16858.46
2888.65 16864.71
2889.65 16870.55
2890.65 16876.33
2891.65 16882.37
2892.63 16888.09
2893.64 16892.24
2894.65 16897.24
2895.63 16903.19
