2562.94 13738.37
2563.94 13743.99
2564.93 13749.81
2565.92 13755.54
2566.94 13761.49
2567.92 13767.05
2568.94 13772.95
2569.96 13778.81
2570.92 13784.31
2571.91 13789.65
2572.92 13795.44
2573.93 13801.33
2574.93 13807.18
2575.98 13813.32
2576.93 13818.86
2577.92 13824.36
2578.91 13829.79
2579.94 13835.58
2580.97 13841.26
2582.02 13847.20
2582.92 13852.36
2583.94 13858.13
2584.92 13863.67
2585.95 13869.54
2586.92 13875.29
2587.93 13880.93
2588.94 13886.75
2589.93 13892.56
2590.94 13898.30
2591.93 13903.85
2592.93 13909.62
2593.95 13915.39
2594.94 13921.13
2595.94 13926.70
2596.94 13932.36
2597.93 13937.97
2598.93 13943.23
2599.95 13948.99
2600.94 13954.46
2601.95 13960.03
2602.93 13965.37
2603.93 13970.92
2604.93 13976.72
2605.96 13982.61
2606.94 13988.01
2607.96 13993.98
2608.94 13999.46
2609.94 14005.13
2610.93 14010.63
2611.95 14016.49
2612.93 14022.15
2613.96 14028.04
2614.93 14033.54
2615.98 14039.70
2616.93 14045.34
2617.93 14051.00
2618.91 14056.47
2619.93 14062.35
2620.93 14068.14
2621.92 14073.72
2622.98 14079.84
2623.94 14085.40
2624.93 14090.96
2625.93 14096.61
2626.94 14102.47
2627.94 14108.05
2628.92 14113.67
2629.95 14119.61
2630.97 14125.38
2631.93 14130.60
2632.92 14135.95
2633.93 14141.49
2634.94 14147.12
2635.97 14152.86
2636.94 14158.26
2637.95 14164.06
2638.94 14169.61
2639.97 14175.57
2640.95 14181.08
2641.93 14186.81
2642.92 14192.36
2643.94 14198.25
2644.92 14203.96
2645.92 14209.81
2646.94 14215.79
2647.93 14221.50
2648.92 14227.21
2649.93 14232.95
2650.94 14238.89
2651.92 14244.54
2652.93 14250.07
2653.94 14255.35
2654.92 14260.69
2655.92 14266.04
2656.94 14271.66
2657.94 14276.95
2658.92 14282.26
2659.93 14287.54
2660.93 14293.06
2661.95 14298.63
2662.98 14304.16
2663.93 14309.34
2664.93 14315.00
2665.95 14320.48
2666.95 14325.94
2667.94 14331.42
2668.92 14336.99
2669.95 14342.64
2670.95 14348.09
2671.95 14353.63
2672.95 14359.38
2673.95 14364.88
2674.93 14370.58
2675.96 14376.14
2676.93 14381.92
2677.95 14387.58
2678.93 14393.13
2679.93 14398.66
2680.93 14404.31
2681.95 14409.87
2682.93 14415.54
2683.95 14421.12
2684.92 14426.57
2685.93 14432.28
2686.96 14438.22
2687.93 14443.70
2688.94 14449.44
2689.94 14455.04
2690.93 14460.78
2691.96 14466.60
2693.02 14472.48
2693.95 14477.73
2694.92 14483.17
2695.94 14488.93
2696.95 14494.64
2697.94 14500.33
2698.93 14506.05
2699.94 14511.97
2700.93 14517.40
2701.93 14523.19
2702.93 14529.04
2703.93 14534.87
2704.92 14540.50
2705.91 14546.16
2706.95 14552.05
2707.93 14557.26
2708.93 14562.62
2709.93 14568.07
2710.92 14573.26
2711.94 14579.10
2712.93 14584.47
2713.94 14589.75
2714.93 14595.30
2715.93 14600.83
2716.94 14606.35
2717.92 14611.83
2718.97 14618.04
2719.93 14623.47
2720.95 14629.20
2721.97 14635.10
2722.92 14640.55
2723.97 14646.47
2724.94 14652.10
2725.94 14657.87
2726.94 14663.37
2727.93 14668.85
2728.94 14674.61
2729.96 14680.41
2730.92 14685.72
2731.93 14691.42
2732.95 14697.17
2733.93 14702.58
2734.94 14708.14
2735.94 14713.69
2736.99 14719.68
2737.94 14724.87
2738.95 14730.69
2739.94 14736.20
2740.93 14741.69
2741.94 14747.34
2742.96 14752.98
2743.95 14758.63
2744.95 14764.51
2745.93 14769.95
2746.96 14775.87
2747.93 14781.26
2748.94 14787.16
2749.93 14792.86
2750.97 14798.85
2751.94 14804.76
2752.93 14810.25
2753.92 14815.83
2754.92 14821.49
2755.95 14827.13
2756.93 14832.66
2757.92 14838.41
2758.93 14844.31
2759.93 14850.11
2760.93 14855.74
2761.95 14861.30
2762.93 14866.93
2763.94 14872.75
2764.97 14878.61
2765.93 14884.21
2766.93 14889.80
2767.98 14895.52
2768.91 14900.60
2769.93 14906.27
2770.95 14911.78
2771.92 14917.30
2772.98 14923.37
2773.92 14928.54
2774.94 14934.36
2775.92 14939.79
2776.95 14945.74
2777.95 14951.61
2779.00 14957.74
2779.92 14963.14
2780.94 14969.11
2781.93 14974.67
2782.93 14980.50
2783.92 14986.12
2784.93 14992.07
2785.97 14998.18
2786.94 15003.90
2787.94 15009.61
2788.93 15015.11
2789.92 15020.33
2790.99 15026.16
2791.93 15031.41
2792.96 15037.00
2794.00 15042.50
2794.92 15047.50
2795.94 15053.00
2796.93 15058.38
2797.92 15063.52
2798.91 15068.73
2799.93 15074.37
2800.94 15079.85
2801.96 15085.16
2802.94 15090.54
2803.96 15096.16
2804.93 15101.50
